=== AWR Eval: country_attn_side_h256 ===
  model: country_attn_side, hidden_dim=256
  data: data/awr_eval/awr_panel_v6.parquet
  epochs: 60, lr: 0.0003, tau: 1.0

  Loaded 213,933 rows from data/awr_eval/awr_panel_v6.parquet
  Per-model advantage normalization: 28 models
  train: 192,540 rows, val: 21,393 rows
  params: 615,835
  epoch 1/60: pl=4.4245 vl=0.1718 card=0.483 mode=0.580 adv_card=0.476 | val_pl=4.0522 val_card=0.531 val_adv=0.518 (25.2s)
  epoch 2/60: pl=3.9296 vl=0.1163 card=0.536 mode=0.620 adv_card=0.529 | val_pl=3.7743 val_card=0.546 val_adv=0.537 (25.3s)
  epoch 3/60: pl=3.7202 vl=0.1000 card=0.551 mode=0.636 adv_card=0.543 | val_pl=3.6566 val_card=0.557 val_adv=0.547 (25.3s)
  epoch 4/60: pl=3.6068 vl=0.0923 card=0.560 mode=0.643 adv_card=0.555 | val_pl=3.5959 val_card=0.562 val_adv=0.551 (25.2s)
  epoch 5/60: pl=3.5310 vl=0.0893 card=0.565 mode=0.648 adv_card=0.562 | val_pl=3.5542 val_card=0.564 val_adv=0.556 (25.2s)
  epoch 6/60: pl=3.4693 vl=0.0872 card=0.570 mode=0.652 adv_card=0.567 | val_pl=3.5404 val_card=0.563 val_adv=0.554 (25.5s)
  epoch 7/60: pl=3.4181 vl=0.0844 card=0.571 mode=0.654 adv_card=0.570 | val_pl=3.5165 val_card=0.570 val_adv=0.564 (25.4s)
  epoch 8/60: pl=3.3729 vl=0.0813 card=0.575 mode=0.658 adv_card=0.574 | val_pl=3.5110 val_card=0.569 val_adv=0.559 (25.5s)
  epoch 9/60: pl=3.3324 vl=0.0790 card=0.577 mode=0.660 adv_card=0.579 | val_pl=3.4957 val_card=0.571 val_adv=0.561 (25.3s)
  epoch 10/60: pl=3.2961 vl=0.0779 card=0.580 mode=0.662 adv_card=0.583 | val_pl=3.4934 val_card=0.568 val_adv=0.560 (25.3s)
  epoch 11/60: pl=3.2618 vl=0.0760 card=0.582 mode=0.665 adv_card=0.586 | val_pl=3.4966 val_card=0.568 val_adv=0.561 (25.4s)
  epoch 12/60: pl=3.2302 vl=0.0737 card=0.583 mode=0.665 adv_card=0.589 | val_pl=3.4835 val_card=0.566 val_adv=0.557 (25.3s)
  epoch 13/60: pl=3.1978 vl=0.0721 card=0.586 mode=0.667 adv_card=0.592 | val_pl=3.4892 val_card=0.570 val_adv=0.560 (25.3s)
  epoch 14/60: pl=3.1669 vl=0.0708 card=0.587 mode=0.668 adv_card=0.595 | val_pl=3.4846 val_card=0.566 val_adv=0.556 (25.2s)
  epoch 15/60: pl=3.1390 vl=0.0699 card=0.590 mode=0.671 adv_card=0.600 | val_pl=3.4898 val_card=0.568 val_adv=0.559 (25.3s)
  epoch 16/60: pl=3.1119 vl=0.0691 card=0.592 mode=0.672 adv_card=0.602 | val_pl=3.4927 val_card=0.567 val_adv=0.559 (25.3s)
  epoch 17/60: pl=3.0868 vl=0.0668 card=0.593 mode=0.672 adv_card=0.604 | val_pl=3.5002 val_card=0.565 val_adv=0.556 (25.3s)
  epoch 18/60: pl=3.0617 vl=0.0654 card=0.595 mode=0.673 adv_card=0.609 | val_pl=3.5106 val_card=0.565 val_adv=0.555 (25.2s)
  epoch 19/60: pl=3.0377 vl=0.0644 card=0.596 mode=0.675 adv_card=0.612 | val_pl=3.5138 val_card=0.567 val_adv=0.557 (25.3s)
  epoch 20/60: pl=3.0161 vl=0.0646 card=0.598 mode=0.676 adv_card=0.613 | val_pl=3.5323 val_card=0.562 val_adv=0.553 (25.4s)
  epoch 21/60: pl=2.9926 vl=0.0637 card=0.600 mode=0.677 adv_card=0.618 | val_pl=3.5438 val_card=0.564 val_adv=0.554 (25.5s)
  epoch 22/60: pl=2.9720 vl=0.0621 card=0.600 mode=0.678 adv_card=0.618 | val_pl=3.5469 val_card=0.562 val_adv=0.552 (25.4s)
  epoch 23/60: pl=2.9491 vl=0.0612 card=0.603 mode=0.678 adv_card=0.622 | val_pl=3.5631 val_card=0.565 val_adv=0.555 (25.3s)
  epoch 24/60: pl=2.9300 vl=0.0606 card=0.604 mode=0.679 adv_card=0.624 | val_pl=3.5660 val_card=0.565 val_adv=0.555 (25.4s)
  epoch 25/60: pl=2.9075 vl=0.0600 card=0.605 mode=0.679 adv_card=0.626 | val_pl=3.5894 val_card=0.562 val_adv=0.552 (25.3s)
  epoch 26/60: pl=2.8916 vl=0.0600 card=0.607 mode=0.681 adv_card=0.630 | val_pl=3.5830 val_card=0.561 val_adv=0.549 (25.4s)
  epoch 27/60: pl=2.8730 vl=0.0589 card=0.607 mode=0.682 adv_card=0.631 | val_pl=3.5918 val_card=0.560 val_adv=0.549 (25.3s)
  epoch 28/60: pl=2.8529 vl=0.0582 card=0.609 mode=0.683 adv_card=0.634 | val_pl=3.6090 val_card=0.561 val_adv=0.551 (25.4s)
  epoch 29/60: pl=2.8390 vl=0.0577 card=0.611 mode=0.684 adv_card=0.636 | val_pl=3.6297 val_card=0.557 val_adv=0.549 (25.5s)
  epoch 30/60: pl=2.8184 vl=0.0572 card=0.613 mode=0.684 adv_card=0.639 | val_pl=3.6283 val_card=0.559 val_adv=0.548 (25.4s)
  epoch 31/60: pl=2.8024 vl=0.0566 card=0.614 mode=0.685 adv_card=0.642 | val_pl=3.6447 val_card=0.559 val_adv=0.546 (25.4s)
  epoch 32/60: pl=2.7872 vl=0.0569 card=0.616 mode=0.685 adv_card=0.645 | val_pl=3.6619 val_card=0.562 val_adv=0.552 (25.4s)
  epoch 33/60: pl=2.7715 vl=0.0564 card=0.617 mode=0.686 adv_card=0.647 | val_pl=3.6732 val_card=0.557 val_adv=0.546 (25.3s)
  epoch 34/60: pl=2.7552 vl=0.0561 card=0.618 mode=0.688 adv_card=0.648 | val_pl=3.6780 val_card=0.558 val_adv=0.549 (25.3s)
  epoch 35/60: pl=2.7406 vl=0.0551 card=0.619 mode=0.688 adv_card=0.649 | val_pl=3.6924 val_card=0.555 val_adv=0.544 (25.5s)
  epoch 36/60: pl=2.7238 vl=0.0548 card=0.620 mode=0.689 adv_card=0.652 | val_pl=3.7012 val_card=0.554 val_adv=0.543 (25.4s)
  epoch 37/60: pl=2.7123 vl=0.0549 card=0.622 mode=0.689 adv_card=0.654 | val_pl=3.7232 val_card=0.558 val_adv=0.547 (25.4s)
  epoch 38/60: pl=2.6972 vl=0.0541 card=0.622 mode=0.690 adv_card=0.656 | val_pl=3.7282 val_card=0.553 val_adv=0.543 (25.2s)
  epoch 39/60: pl=2.6817 vl=0.0539 card=0.623 mode=0.692 adv_card=0.657 | val_pl=3.7448 val_card=0.551 val_adv=0.540 (25.3s)
  epoch 40/60: pl=2.6679 vl=0.0534 card=0.625 mode=0.693 adv_card=0.660 | val_pl=3.7641 val_card=0.557 val_adv=0.543 (25.4s)
  epoch 41/60: pl=2.6556 vl=0.0531 card=0.626 mode=0.693 adv_card=0.662 | val_pl=3.7659 val_card=0.554 val_adv=0.542 (25.4s)
  epoch 42/60: pl=2.6411 vl=0.0529 card=0.628 mode=0.694 adv_card=0.665 | val_pl=3.7870 val_card=0.552 val_adv=0.539 (25.5s)
  epoch 43/60: pl=2.6293 vl=0.0530 card=0.628 mode=0.694 adv_card=0.666 | val_pl=3.7779 val_card=0.552 val_adv=0.539 (25.4s)
  epoch 44/60: pl=2.6179 vl=0.0525 card=0.629 mode=0.695 adv_card=0.668 | val_pl=3.7877 val_card=0.550 val_adv=0.540 (25.5s)
  epoch 45/60: pl=2.6050 vl=0.0524 card=0.631 mode=0.695 adv_card=0.670 | val_pl=3.8436 val_card=0.551 val_adv=0.540 (25.4s)
  epoch 46/60: pl=2.5969 vl=0.0523 card=0.632 mode=0.696 adv_card=0.672 | val_pl=3.8188 val_card=0.551 val_adv=0.538 (25.5s)
  epoch 47/60: pl=2.5820 vl=0.0518 card=0.633 mode=0.697 adv_card=0.674 | val_pl=3.8480 val_card=0.549 val_adv=0.537 (25.4s)
  epoch 48/60: pl=2.5723 vl=0.0511 card=0.635 mode=0.697 adv_card=0.677 | val_pl=3.8681 val_card=0.550 val_adv=0.538 (25.3s)
  epoch 49/60: pl=2.5598 vl=0.0513 card=0.636 mode=0.698 adv_card=0.677 | val_pl=3.8710 val_card=0.550 val_adv=0.540 (25.5s)
  epoch 50/60: pl=2.5483 vl=0.0511 card=0.636 mode=0.699 adv_card=0.679 | val_pl=3.8728 val_card=0.552 val_adv=0.541 (25.4s)
  epoch 51/60: pl=2.5396 vl=0.0510 card=0.636 mode=0.700 adv_card=0.680 | val_pl=3.9033 val_card=0.552 val_adv=0.539 (25.4s)
  epoch 52/60: pl=2.5289 vl=0.0504 card=0.639 mode=0.700 adv_card=0.683 | val_pl=3.8921 val_card=0.549 val_adv=0.536 (25.3s)
  epoch 53/60: pl=2.5179 vl=0.0504 card=0.640 mode=0.701 adv_card=0.686 | val_pl=3.9133 val_card=0.550 val_adv=0.538 (25.5s)
  epoch 54/60: pl=2.5053 vl=0.0499 card=0.640 mode=0.702 adv_card=0.686 | val_pl=3.9453 val_card=0.550 val_adv=0.537 (25.5s)
  epoch 55/60: pl=2.4959 vl=0.0504 card=0.642 mode=0.702 adv_card=0.689 | val_pl=3.9399 val_card=0.546 val_adv=0.533 (25.3s)
  epoch 56/60: pl=2.4883 vl=0.0496 card=0.642 mode=0.702 adv_card=0.690 | val_pl=3.9603 val_card=0.548 val_adv=0.536 (25.3s)
  epoch 57/60: pl=2.4794 vl=0.0498 card=0.643 mode=0.704 adv_card=0.692 | val_pl=3.9650 val_card=0.548 val_adv=0.536 (25.3s)
  epoch 58/60: pl=2.4671 vl=0.0490 card=0.644 mode=0.704 adv_card=0.693 | val_pl=3.9664 val_card=0.548 val_adv=0.536 (25.3s)
  epoch 59/60: pl=2.4615 vl=0.0487 card=0.645 mode=0.703 adv_card=0.695 | val_pl=3.9859 val_card=0.546 val_adv=0.533 (25.3s)
  epoch 60/60: pl=2.4502 vl=0.0489 card=0.646 mode=0.706 adv_card=0.697 | val_pl=3.9938 val_card=0.547 val_adv=0.536 (25.2s)

============================================================
AWR Results: country_attn_side_h256
============================================================
  model: country_attn_side (615,835 params)
  best epoch: 12
  train card_acc: 0.5834
  train adv_card_acc: 0.5887
  val card_acc: 0.5665
  val adv_card_acc: 0.5570
  val policy_loss: 3.4835
  val value_loss: 0.0710
  val card_acc_early: 0.5376
  val card_acc_mid: 0.5835
  val card_acc_late: 0.5786
  total time: 1521.2s (25.4 min)
============================================================
