Exporting checkpoints to TorchScript ...
  ppo_country_attn_v7_iter0020: already TorchScript, using directly
Loaded 5162 match results from SQL match_cache

Match schedule (15 total, 5 new, 10 reused from prior run):
  ppo_country_attn_v7_iter0020 vs v56
  ppo_country_attn_v7_iter0020 vs v54
  ppo_country_attn_v7_iter0020 vs v44
  ppo_country_attn_v7_iter0020 vs v20
  ppo_country_attn_v7_iter0020 vs v55
  v56 vs v54  [reuse]
  v56 vs v44  [reuse]
  v56 vs v20  [reuse]
  v56 vs v55  [reuse]
  v54 vs v44  [reuse]
  v54 vs v20  [reuse]
  v54 vs v55  [reuse]
  v44 vs v20  [reuse]
  v44 vs v55  [reuse]
  v20 vs v55  [reuse]

[new 1/5] ppo_country_attn_v7_iter0020 vs v56 (150 games = 75/side, seed=88000) ...
  ppo_country_attn_v7_iter0020: 87(66u/21s)  v56: 59(52u/7s)  draws: 4  WR(ppo_country_attn_v7_iter0020)=0.593  t=8.0s

[new 2/5] ppo_country_attn_v7_iter0020 vs v54 (150 games = 75/side, seed=88150) ...
  ppo_country_attn_v7_iter0020: 78(58u/20s)  v54: 70(54u/16s)  draws: 2  WR(ppo_country_attn_v7_iter0020)=0.527  t=8.1s

[new 3/5] ppo_country_attn_v7_iter0020 vs v44 (150 games = 75/side, seed=88300) ...
  ppo_country_attn_v7_iter0020: 81(56u/25s)  v44: 68(50u/18s)  draws: 1  WR(ppo_country_attn_v7_iter0020)=0.543  t=8.2s

[new 4/5] ppo_country_attn_v7_iter0020 vs v20 (150 games = 75/side, seed=88450) ...
  ppo_country_attn_v7_iter0020: 77(58u/19s)  v20: 73(56u/17s)  draws: 0  WR(ppo_country_attn_v7_iter0020)=0.513  t=8.1s

[new 5/5] ppo_country_attn_v7_iter0020 vs v55 (150 games = 75/side, seed=88600) ...
  ppo_country_attn_v7_iter0020: 77(54u/23s)  v55: 72(51u/21s)  draws: 1  WR(ppo_country_attn_v7_iter0020)=0.517  t=11.0s
  [reuse] v56 240(152u/88s) - 249(155u/94s) v54  draws=11  WR=0.491
  [reuse] v56 243(157u/86s) - 243(158u/85s) v44  draws=14  WR=0.500
  [reuse] v56 247(159u/88s) - 245(159u/86s) v20  draws=8  WR=0.502
  [reuse] v56 246(162u/84s) - 246(160u/86s) v55  draws=8  WR=0.500
  [reuse] v54 222(126u/96s) - 163(99u/64s) v44  draws=15  WR=0.574
  [reuse] v54 196(128u/68s) - 184(123u/61s) v20  draws=20  WR=0.515
  [reuse] v54 229(149u/80s) - 268(169u/99s) v55  draws=3  WR=0.461
  [reuse] v44 213(134u/79s) - 169(111u/58s) v20  draws=18  WR=0.555
  [reuse] v44 238(149u/89s) - 252(158u/94s) v55  draws=10  WR=0.486
  [reuse] v20 255(150u/105s) - 237(141u/96s) v55  draws=8  WR=0.518

Fitting BayesElo (bipartite per-side, anchor=v56_USSR=1900.0) ...
Fitting BayesElo (combined, for residual comparison) ...

Model                  USSR      US    Gap   Comb*                95% CI   vs anchor
  (bipartite per-side = PRIMARY, anchor: v56_USSR=1900)
  (* combined = derived from P(win) = 0.5·P_ussr + 0.5·P_us)
----------------------------------------------------------------------------------------
ppo_country_attn_v7_iter0020  2021   1733  +288    1929  [  1905,   1955]  +29
v54                   1893   1805  +89    1911  [  1894,   1926]  +11
v55                   1888   1807  +81    1909  [  1894,   1924]  +9
v56                   1900   1775  +125    1900  [  1900,   1900]  +0
v44                   1875   1797  +78    1899  [  1883,   1914]  -1
v20                   1884   1787  +96    1899  [  1883,   1914]  -1

Pair                              Obs WR   Bip WR   Comb WR   Bip err   Comb err
------------------------------------------------------------------------------------
ppo_country_attn_v7_iter0020 vs v56              0.593    0.541     0.544    +0.052     +0.050
ppo_country_attn_v7_iter0020 vs v54              0.527    0.531     0.529    -0.004     -0.002
ppo_country_attn_v7_iter0020 vs v44              0.543    0.546     0.546    -0.002     -0.002
ppo_country_attn_v7_iter0020 vs v20              0.513    0.545     0.546    -0.031     -0.033
ppo_country_attn_v7_iter0020 vs v55              0.517    0.533     0.531    -0.016     -0.014
v56            vs v54              0.491    0.485     0.485    +0.006     +0.006
v56            vs v44              0.500    0.502     0.502    -0.002     -0.002
v56            vs v20              0.502    0.502     0.502    -0.000     -0.000
v56            vs v55              0.500    0.487     0.487    +0.013     +0.013
v54            vs v44              0.574    0.518     0.516    +0.056     +0.057
v54            vs v20              0.515    0.518     0.517    -0.003     -0.002
v54            vs v55              0.461    0.503     0.502    -0.042     -0.041
v44            vs v20              0.555    0.500     0.500    +0.055     +0.055
v44            vs v55              0.486    0.485     0.486    +0.001     +0.000
v20            vs v55              0.518    0.485     0.485    +0.033     +0.033
------------------------------------------------------------------------------------
                                              RMSE    0.0296     0.0294
  (bipartite RMSE >= combined RMSE → bipartite model not better fit)

Saved to results/ppo_country_attn_v7/candidate_tournament.json
[sql] Tournament logged: round_robin_20260420T090455Z_ppo_country_attn_v7_iter0020_v20 → results/metadata.sqlite3

[candidate] Top-8 panel-eval candidates:
  iter 0020: avg_panel_wr=0.554  results/ppo_country_attn_v7/ppo_iter0020_scripted.pt
[candidate] Models in tournament: ['ppo_country_attn_v7_iter0020:results/ppo_country_attn_v7/ppo_iter0020_scripted.pt', 'v56:data/checkpoints/scripted_for_elo/v56_scripted.pt', 'v54:data/checkpoints/scripted_for_elo/v54_scripted.pt', 'v44:data/checkpoints/scripted_for_elo/v44_scripted.pt', 'v20:data/checkpoints/scripted_for_elo/v20_scripted.pt', 'v55:data/checkpoints/scripted_for_elo/v55_scripted.pt']
[candidate] Games per matchup: 150, anchor: v56=1900.0
[candidate] Running: /home/dkord/code/twilight-struggle-ai/.venv/bin/python3 scripts/run_elo_tournament.py --models ppo_country_attn_v7_iter0020:results/ppo_country_attn_v7/ppo_iter0020_scripted.pt v56:data/checkpoints/scripted_for_elo/v56_scripted.pt v54:data/checkpoints/scripted_for_elo/v54_scripted.pt v44:data/checkpoints/scripted_for_elo/v44_scripted.pt v20:data/checkpoints/scripted_for_elo/v20_scripted.pt v55:data/checkpoints/scripted_for_elo/v55_scripted.pt --games 150 --anchor v56 --anchor-elo 1900.0 --schedule round_robin --out results/ppo_country_attn_v7/candidate_tournament.json --script-dir data/checkpoints/scripted_for_elo

[candidate] Tournament results (candidates only):
  ppo_country_attn_v7_iter0020: Elo=1928.7 ← WINNER
[candidate] ppo_best.pt ← results/ppo_country_attn_v7/ppo_iter0020.pt
[candidate] ppo_best_scripted.pt ← results/ppo_country_attn_v7/ppo_iter0020_scripted.pt

[candidate] Done. Winner: ppo_country_attn_v7_iter0020 (Elo=1928.7)
[candidate] Full tournament results: results/ppo_country_attn_v7/candidate_tournament.json
=== ELO incremental placement: country_attn_v7 ===
Exporting checkpoints to TorchScript ...
Loaded 5167 match results from SQL match_cache

Match schedule (15 total, 0 new, 15 reused from prior run):
  v56 vs v54  [reuse]
  v56 vs v44  [reuse]
  v56 vs v20  [reuse]
  v56 vs v55  [reuse]
  v56 vs country_attn_v7  [reuse]
  v54 vs v44  [reuse]
  v54 vs v20  [reuse]
  v54 vs v55  [reuse]
  v54 vs country_attn_v7  [reuse]
  v44 vs v20  [reuse]
  v44 vs v55  [reuse]
  v44 vs country_attn_v7  [reuse]
  v20 vs v55  [reuse]
  v20 vs country_attn_v7  [reuse]
  v55 vs country_attn_v7  [reuse]
  [reuse] v56 240(152u/88s) - 249(155u/94s) v54  draws=11  WR=0.491
  [reuse] v56 243(157u/86s) - 243(158u/85s) v44  draws=14  WR=0.500
  [reuse] v56 247(159u/88s) - 245(159u/86s) v20  draws=8  WR=0.502
  [reuse] v56 246(162u/84s) - 246(160u/86s) v55  draws=8  WR=0.500
  [reuse] v56 103(73u/30s) - 96(69u/27s) country_attn_v7  draws=1  WR=0.517
  [reuse] v54 222(126u/96s) - 163(99u/64s) v44  draws=15  WR=0.574
  [reuse] v54 196(128u/68s) - 184(123u/61s) v20  draws=20  WR=0.515
  [reuse] v54 229(149u/80s) - 268(169u/99s) v55  draws=3  WR=0.461
  [reuse] v54 91(66u/25s) - 104(72u/32s) country_attn_v7  draws=5  WR=0.468
  [reuse] v44 213(134u/79s) - 169(111u/58s) v20  draws=18  WR=0.555
  [reuse] v44 238(149u/89s) - 252(158u/94s) v55  draws=10  WR=0.486
  [reuse] v44 99(64u/35s) - 100(64u/36s) country_attn_v7  draws=1  WR=0.497
  [reuse] v20 255(150u/105s) - 237(141u/96s) v55  draws=8  WR=0.518
  [reuse] v20 87(62u/25s) - 108(75u/33s) country_attn_v7  draws=5  WR=0.448
  [reuse] v55 94(61u/33s) - 102(64u/38s) country_attn_v7  draws=4  WR=0.480

Fitting BayesElo (bipartite per-side, anchor=v56_USSR=1900.0) ...
Fitting BayesElo (combined, for residual comparison) ...

Model                  USSR      US    Gap   Comb*                95% CI   vs anchor
  (bipartite per-side = PRIMARY, anchor: v56_USSR=1900)
  (* combined = derived from P(win) = 0.5·P_ussr + 0.5·P_us)
----------------------------------------------------------------------------------------
country_attn_v7       1938   1768  +170    1912  [  1890,   1933]  +12
v54                   1891   1798  +93    1905  [  1889,   1920]  +5
v55                   1883   1803  +80    1904  [  1889,   1918]  +4
v56                   1900   1778  +122    1900  [  1900,   1900]  +0
v44                   1873   1796  +77    1896  [  1880,   1911]  -4
v20                   1879   1781  +99    1892  [  1876,   1907]  -8

Pair                              Obs WR   Bip WR   Comb WR   Bip err   Comb err
------------------------------------------------------------------------------------
v56            vs v54              0.491    0.493     0.493    -0.002     -0.002
v56            vs v44              0.500    0.506     0.506    -0.006     -0.006
v56            vs v20              0.502    0.512     0.513    -0.010     -0.011
v56            vs v55              0.500    0.495     0.495    +0.005     +0.005
v56            vs country_attn_v7   0.517    0.483     0.483    +0.034     +0.034
v54            vs v44              0.574    0.514     0.512    +0.060     +0.061
v54            vs v20              0.515    0.520     0.519    -0.005     -0.004
v54            vs v55              0.461    0.502     0.501    -0.041     -0.040
v54            vs country_attn_v7   0.468    0.490     0.490    -0.022     -0.022
v44            vs v20              0.555    0.506     0.507    +0.049     +0.048
v44            vs v55              0.486    0.489     0.489    -0.003     -0.003
v44            vs country_attn_v7   0.497    0.477     0.477    +0.021     +0.020
v20            vs v55              0.518    0.482     0.482    +0.036     +0.036
v20            vs country_attn_v7   0.448    0.472     0.470    -0.024     -0.023
v55            vs country_attn_v7   0.480    0.487     0.488    -0.007     -0.008
------------------------------------------------------------------------------------
                                              RMSE    0.0281     0.0281
  (bipartite RMSE < combined RMSE → bipartite model better fit)

Saved to results/logs/elo/elo_country_attn_v7_incremental.json
[sql] Tournament logged: incremental_20260420T090457Z_country_attn_v7_v20 → results/metadata.sqlite3
[confirm] Merged $VERSION into results/elo/elo_full_ladder.json: elo=1912
Done. country_attn_v7: elo=1912 elo_ussr=1938 elo_us=1768
