[ppo_train_dynamic] starting at 2026-04-16T18:25:07Z
wandb: [wandb.login()] Loaded credentials for https://api.wandb.ai from WANDB_API_KEY.
wandb: Currently logged in as: dkorduban (korduban-ai) to https://api.wandb.ai. Use `wandb login --relogin` to force relogin
wandb: setting up run 98f73090
wandb: Tracking run with wandb version 0.25.1
wandb: Run data is saved locally in /home/dkord/code/twilight-struggle-ai/wandb/run-20260416_112510-98f73090
wandb: Run `wandb offline` to turn off syncing.
wandb: Syncing run ppo_v296_sc
wandb: ⭐️ View project at https://wandb.ai/korduban-ai/twilight-struggle-ai
wandb: 🚀 View run at https://wandb.ai/korduban-ai/twilight-struggle-ai/runs/98f73090
Loading checkpoint: data/checkpoints/ppo_v56_league/ppo_best_6mode.pt
  --reset-optimizer: skipping optimizer state restore, starting fresh Adam.

Starting PPO training: 30 iterations × 200 games/iter, side=both
Device: cuda, lr=5e-05, clip=0.12, ent=0.01, vf=0.5
League training enabled (pool: data/checkpoints/ppo_v296_sc_league, save-every=10)
  Saved to league pool: data/checkpoints/ppo_v296_sc_league/iter_0001.pt
  [league] self: self | ussr_pool: ['heuristic', 'v22_scripted'] | us_pool: ['iter_0001', 'v44_scripted']
  [diag] inf dtype=torch.float32 shape=torch.Size([2048, 172]) nan=0 inf_vals=0 range=[0.00,18.00]
  [diag] scalar dtype=torch.float32 nan=0 range=[-0.950,1.000]
  [diag] card_logits nan=0 range=[-13.11,11.46]
  [diag] values nan=0 range=[-0.5757,0.6723]
[iter   1/30] steps= 2863 rollout_wr=0.530 (ussr=0.220 us=0.840) pl=-0.0158 vl=0.6058 ent=4.524 clip=0.221 kl=0.0072 t=7.7s (rollout=5.5s update=2.2s)
  [league] self: self | ussr_pool: ['heuristic', 'iter_0001'] | us_pool: ['v55_scripted', 'v20_scripted']
  [pfsp]
    [ussr] heuristic: WR_ussr=0.00(n=40) WR_us=?(n=0) pfsp=0.010
    [ussr] iter_0001: WR_ussr=?(n=0) WR_us=0.88(n=40) pfsp=1.000
    [us] v55_scripted: WR_ussr=?(n=0) WR_us=?(n=0) pfsp=1.000
    [us] v20_scripted: WR_ussr=?(n=0) WR_us=?(n=0) pfsp=1.000
  [diag] inf dtype=torch.float32 shape=torch.Size([2048, 172]) nan=0 inf_vals=0 range=[0.00,31.00]
  [diag] scalar dtype=torch.float32 nan=0 range=[-1.050,1.000]
  [diag] card_logits nan=0 range=[-15.55,13.24]
  [diag] values nan=0 range=[-0.8658,0.5582]
[iter   2/30] steps= 3301 rollout_wr=0.530 (ussr=0.200 us=0.860) pl=-0.0092 vl=0.4832 ent=4.525 clip=0.110 kl=0.0037 t=7.4s (rollout=6.0s update=1.4s)
  [league] self: self | ussr_pool: ['iter_0001', 'v44_scripted'] | us_pool: ['v55_scripted', 'iter_0001']
  [pfsp]
    [ussr] iter_0001: WR_ussr=0.33(n=40) WR_us=0.88(n=40) pfsp=0.878
    [ussr] v44_scripted: WR_ussr=?(n=0) WR_us=0.82(n=40) pfsp=1.000
    [us] v55_scripted: WR_ussr=?(n=0) WR_us=0.78(n=40) pfsp=0.697
    [us] iter_0001: WR_ussr=0.33(n=40) WR_us=0.88(n=40) pfsp=0.438
  [diag] inf dtype=torch.float32 shape=torch.Size([2048, 172]) nan=0 inf_vals=0 range=[0.00,30.00]
  [diag] scalar dtype=torch.float32 nan=0 range=[-1.050,1.000]
  [diag] card_logits nan=0 range=[-14.36,11.79]
  [diag] values nan=0 range=[-0.7724,0.6802]
[iter   3/30] steps= 3132 rollout_wr=0.605 (ussr=0.400 us=0.810) pl=-0.0083 vl=0.4680 ent=4.391 clip=0.105 kl=0.0032 t=7.2s (rollout=5.8s update=1.4s)
  [league] self: self | ussr_pool: ['v55_scripted', 'v45_scripted'] | us_pool: ['iter_0001', 'v22_scripted']
  [pfsp]
    [ussr] v55_scripted: WR_ussr=?(n=0) WR_us=0.79(n=80) pfsp=1.000
    [ussr] v45_scripted: WR_ussr=?(n=0) WR_us=?(n=0) pfsp=1.000
    [us] iter_0001: WR_ussr=0.31(n=80) WR_us=0.85(n=80) pfsp=0.510
    [us] v22_scripted: WR_ussr=0.45(n=40) WR_us=?(n=0) pfsp=1.000
  [diag] inf dtype=torch.float32 shape=torch.Size([2048, 172]) nan=0 inf_vals=0 range=[0.00,21.00]
  [diag] scalar dtype=torch.float32 nan=0 range=[-0.900,1.000]
  [diag] card_logits nan=0 range=[-14.16,12.70]
  [diag] values nan=0 range=[-0.5639,0.3800]
[iter   4/30] steps= 2753 rollout_wr=0.660 (ussr=0.430 us=0.890) pl=-0.0003 vl=0.4736 ent=4.460 clip=0.076 kl=0.0022 t=6.6s (rollout=5.4s update=1.2s)
  [league] self: self | ussr_pool: ['v20_scripted', 'v22_scripted'] | us_pool: ['iter_0001', 'v44_scripted']
  [pfsp]
    [ussr] v20_scripted: WR_ussr=?(n=0) WR_us=0.95(n=40) pfsp=1.000
    [ussr] v22_scripted: WR_ussr=0.45(n=40) WR_us=0.88(n=40) pfsp=0.990
    [us] iter_0001: WR_ussr=0.31(n=80) WR_us=0.88(n=120) pfsp=0.438
    [us] v44_scripted: WR_ussr=0.57(n=40) WR_us=0.82(n=40) pfsp=0.578
  [diag] inf dtype=torch.float32 shape=torch.Size([2048, 172]) nan=0 inf_vals=0 range=[0.00,25.00]
  [diag] scalar dtype=torch.float32 nan=0 range=[-0.950,1.000]
  [diag] card_logits nan=0 range=[-14.65,11.53]
  [diag] values nan=0 range=[-0.9406,0.8600]
[iter   5/30] steps= 2942 rollout_wr=0.720 (ussr=0.560 us=0.880) pl=-0.0085 vl=0.4273 ent=4.417 clip=0.105 kl=0.0027 t=6.7s (rollout=5.3s update=1.4s)
  [league] self: self | ussr_pool: ['v45_scripted', 'iter_0001'] | us_pool: ['iter_0001', 'heuristic']
  [pfsp]
    [ussr] v45_scripted: WR_ussr=0.40(n=40) WR_us=?(n=0) pfsp=0.960
    [ussr] iter_0001: WR_ussr=0.31(n=80) WR_us=0.89(n=160) pfsp=0.859
    [us] iter_0001: WR_ussr=0.31(n=80) WR_us=0.89(n=160) pfsp=0.399
    [us] heuristic: WR_ussr=0.04(n=80) WR_us=?(n=0) pfsp=1.000
  [diag] inf dtype=torch.float32 shape=torch.Size([2048, 172]) nan=0 inf_vals=0 range=[0.00,31.00]
  [diag] scalar dtype=torch.float32 nan=0 range=[-0.950,1.000]
  [diag] card_logits nan=0 range=[-14.97,12.02]
  [diag] values nan=0 range=[-0.9178,0.7079]
[iter   6/30] steps= 4544 rollout_wr=0.525 (ussr=0.510 us=0.540) pl=-0.0096 vl=0.3564 ent=4.148 clip=0.170 kl=0.0060 t=9.7s (rollout=7.8s update=1.9s)
  [league] self: self | ussr_pool: ['v57_scripted', 'iter_0001'] | us_pool: ['iter_0001', 'iter_0001']
  [pfsp]
    [ussr] v57_scripted: WR_ussr=?(n=0) WR_us=?(n=0) pfsp=1.000
    [ussr] iter_0001: WR_ussr=0.36(n=120) WR_us=0.90(n=200) pfsp=0.920
    [us] iter_0001: WR_ussr=0.36(n=120) WR_us=0.90(n=200) pfsp=0.376
  [diag] inf dtype=torch.float32 shape=torch.Size([2048, 172]) nan=0 inf_vals=0 range=[0.00,29.00]
  [diag] scalar dtype=torch.float32 nan=0 range=[-1.300,1.000]
  [diag] card_logits nan=0 range=[-16.48,12.20]
  [diag] values nan=0 range=[-0.9377,0.6089]
[iter   7/30] steps= 3994 rollout_wr=0.665 (ussr=0.440 us=0.890) pl=-0.0077 vl=0.3224 ent=4.274 clip=0.075 kl=0.0024 t=8.8s (rollout=7.1s update=1.7s)
  [league] self: self | ussr_pool: ['v55_scripted', 'iter_0001'] | us_pool: ['iter_0001', 'v44_scripted']
  [pfsp]
    [ussr] v55_scripted: WR_ussr=0.50(n=40) WR_us=0.79(n=80) pfsp=1.000
    [ussr] iter_0001: WR_ussr=0.39(n=160) WR_us=0.90(n=280) pfsp=0.949
    [us] iter_0001: WR_ussr=0.39(n=160) WR_us=0.90(n=280) pfsp=0.371
    [us] v44_scripted: WR_ussr=0.57(n=40) WR_us=0.86(n=80) pfsp=0.474
  [diag] inf dtype=torch.float32 shape=torch.Size([2048, 172]) nan=0 inf_vals=0 range=[0.00,43.00]
  [diag] scalar dtype=torch.float32 nan=0 range=[-1.100,1.000]
  [diag] card_logits nan=0 range=[-16.35,11.33]
  [diag] values nan=0 range=[-0.9572,0.7055]
[iter   8/30] steps= 3782 rollout_wr=0.690 (ussr=0.490 us=0.890) pl=-0.0095 vl=0.3115 ent=4.216 clip=0.080 kl=0.0026 t=8.8s (rollout=7.2s update=1.6s)
  [league] self: self | ussr_pool: ['v55_scripted', 'v57_scripted'] | us_pool: ['v58_scripted', 'iter_0001']
  [pfsp]
    [ussr] v55_scripted: WR_ussr=0.54(n=80) WR_us=0.79(n=80) pfsp=0.994
    [ussr] v57_scripted: WR_ussr=0.45(n=40) WR_us=?(n=0) pfsp=0.990
    [us] v58_scripted: WR_ussr=?(n=0) WR_us=?(n=0) pfsp=1.000
    [us] iter_0001: WR_ussr=0.40(n=200) WR_us=0.89(n=320) pfsp=0.380
  [diag] inf dtype=torch.float32 shape=torch.Size([2048, 172]) nan=0 inf_vals=0 range=[0.00,29.00]
  [diag] scalar dtype=torch.float32 nan=0 range=[-0.850,1.000]
  [diag] card_logits nan=0 range=[-16.78,14.18]
  [diag] values nan=0 range=[-0.9670,0.5165]
[iter   9/30] steps= 4012 rollout_wr=0.680 (ussr=0.480 us=0.880) pl=-0.0106 vl=0.3292 ent=4.300 clip=0.107 kl=0.0030 t=8.4s (rollout=6.7s update=1.8s)
  Saved to league pool: data/checkpoints/ppo_v296_sc_league/iter_0010.pt
  [league] self: self | ussr_pool: ['iter_0010', 'v22_scripted'] | us_pool: ['iter_0010', 'iter_0010']
  [pfsp]
    [ussr] iter_0010: WR_ussr=?(n=0) WR_us=?(n=0) pfsp=1.000
    [ussr] v22_scripted: WR_ussr=0.46(n=80) WR_us=0.88(n=40) pfsp=0.994
    [us] iter_0010: WR_ussr=?(n=0) WR_us=?(n=0) pfsp=1.000
  [diag] inf dtype=torch.float32 shape=torch.Size([2048, 172]) nan=0 inf_vals=0 range=[0.00,48.00]
  [diag] scalar dtype=torch.float32 nan=0 range=[-1.050,1.000]
  [diag] card_logits nan=0 range=[-18.14,12.44]
  [diag] values nan=0 range=[-0.9623,0.8910]
[iter  10/30] steps= 5965 rollout_wr=0.590 (ussr=0.490 us=0.690) pl=-0.0130 vl=0.2755 ent=4.076 clip=0.132 kl=0.0042 t=13.2s (rollout=10.7s update=2.6s)
  [confirm] launched incremental Elo check for iter 10
  [panel eval] launched pid=216472 iter=10 panel=['v56', 'v54', 'v44', 'v20', 'v55']
  [league] self: self | ussr_pool: ['v20_scripted', 'iter_0010'] | us_pool: ['v46_scripted', 'v56_scripted']
  [pfsp]
    [ussr] v20_scripted: WR_ussr=0.80(n=40) WR_us=0.95(n=40) pfsp=0.640
    [ussr] iter_0010: WR_ussr=0.33(n=40) WR_us=0.66(n=80) pfsp=0.878
    [us] v46_scripted: WR_ussr=?(n=0) WR_us=?(n=0) pfsp=1.000
    [us] v56_scripted: WR_ussr=?(n=0) WR_us=?(n=0) pfsp=1.000
  [diag] inf dtype=torch.float32 shape=torch.Size([2048, 172]) nan=0 inf_vals=0 range=[0.00,36.00]
  [diag] scalar dtype=torch.float32 nan=0 range=[-1.000,1.000]
  [diag] card_logits nan=0 range=[-18.24,13.38]
  [diag] values nan=0 range=[-0.9055,0.9154]
[iter  11/30] steps= 4387 rollout_wr=0.670 (ussr=0.480 us=0.860) pl=-0.0228 vl=0.3013 ent=4.139 clip=0.132 kl=0.0044 t=10.8s (rollout=8.9s update=1.9s)
  [panel eval iter 10] avg=0.873 elapsed=11s: v56=0.850 | v54=0.850 | v44=0.967 | v20=0.900 | v55=0.833
  [panel eval] NEW HIGH-WATER MARK iter=10 avg_wr=0.8731 → ppo_running_best.pt (provenance: ppo_iter0010.pt)
  [league] self: self | ussr_pool: ['v44_scripted', 'v20_scripted'] | us_pool: ['iter_0001', 'v58_scripted']
  [pfsp]
    [ussr] v44_scripted: WR_ussr=0.57(n=40) WR_us=0.91(n=120) pfsp=0.978
    [ussr] v20_scripted: WR_ussr=0.80(n=80) WR_us=0.95(n=40) pfsp=0.640
    [us] iter_0001: WR_ussr=0.40(n=200) WR_us=0.90(n=360) pfsp=0.360
    [us] v58_scripted: WR_ussr=?(n=0) WR_us=0.90(n=40) pfsp=0.360
  [diag] inf dtype=torch.float32 shape=torch.Size([2048, 172]) nan=0 inf_vals=0 range=[0.00,33.00]
  [diag] scalar dtype=torch.float32 nan=0 range=[-1.350,1.000]
  [diag] card_logits nan=0 range=[-18.63,13.38]
  [diag] values nan=0 range=[-0.8307,0.8870]
[iter  12/30] steps= 3741 rollout_wr=0.785 (ussr=0.680 us=0.890) pl=-0.0117 vl=0.3133 ent=4.255 clip=0.137 kl=0.0037 t=8.8s (rollout=7.1s update=1.7s)
  [league] self: self | ussr_pool: ['v54_scripted', 'iter_0001'] | us_pool: ['iter_0010', 'iter_0010']
  [pfsp]
    [ussr] v54_scripted: WR_ussr=?(n=0) WR_us=?(n=0) pfsp=1.000
    [ussr] iter_0001: WR_ussr=0.40(n=200) WR_us=0.91(n=400) pfsp=0.960
    [us] iter_0010: WR_ussr=0.33(n=80) WR_us=0.66(n=80) pfsp=0.894
  [diag] inf dtype=torch.float32 shape=torch.Size([2048, 172]) nan=0 inf_vals=0 range=[0.00,43.00]
  [diag] scalar dtype=torch.float32 nan=0 range=[-1.000,1.100]
  [diag] card_logits nan=0 range=[-18.96,10.78]
  [diag] values nan=0 range=[-0.9156,0.9497]
[iter  13/30] steps= 5741 rollout_wr=0.620 (ussr=0.530 us=0.710) pl=-0.0136 vl=0.2580 ent=4.101 clip=0.120 kl=0.0037 t=12.7s (rollout=10.2s update=2.4s)
  [league] self: self | ussr_pool: ['iter_0010', 'iter_0001'] | us_pool: ['v56_scripted', 'heuristic']
  [pfsp]
    [ussr] iter_0010: WR_ussr=0.33(n=80) WR_us=0.69(n=160) pfsp=0.878
    [ussr] iter_0001: WR_ussr=0.41(n=240) WR_us=0.91(n=400) pfsp=0.966
    [us] v56_scripted: WR_ussr=?(n=0) WR_us=0.95(n=40) pfsp=0.190
    [us] heuristic: WR_ussr=0.04(n=80) WR_us=0.05(n=40) pfsp=0.190
  [diag] inf dtype=torch.float32 shape=torch.Size([2048, 172]) nan=0 inf_vals=0 range=[0.00,35.00]
  [diag] scalar dtype=torch.float32 nan=0 range=[-0.950,1.000]
  [diag] card_logits nan=0 range=[-18.41,10.90]
  [diag] values nan=0 range=[-0.9629,0.9170]
[iter  14/30] steps= 6624 rollout_wr=0.480 (ussr=0.390 us=0.570) pl=-0.0187 vl=0.2261 ent=4.022 clip=0.175 kl=0.0055 t=14.3s (rollout=11.6s update=2.7s)
  [league] self: self | ussr_pool: ['iter_0001', 'iter_0001'] | us_pool: ['iter_0001', 'iter_0010']
  [pfsp]
    [ussr] iter_0001: WR_ussr=0.44(n=280) WR_us=0.91(n=400) pfsp=0.985
    [us] iter_0001: WR_ussr=0.44(n=280) WR_us=0.91(n=400) pfsp=0.328
    [us] iter_0010: WR_ussr=0.28(n=120) WR_us=0.69(n=160) pfsp=0.859
  [diag] inf dtype=torch.float32 shape=torch.Size([2048, 172]) nan=0 inf_vals=0 range=[0.00,41.00]
  [diag] scalar dtype=torch.float32 nan=0 range=[-0.950,1.000]
  [diag] card_logits nan=0 range=[-18.03,13.50]
  [diag] values nan=0 range=[-0.9023,0.9076]
[iter  15/30] steps= 5374 rollout_wr=0.720 (ussr=0.530 us=0.910) pl=-0.0184 vl=0.2380 ent=4.124 clip=0.141 kl=0.0044 t=12.1s (rollout=9.9s update=2.2s)
  [league] self: self | ussr_pool: ['v55_scripted', 'iter_0001'] | us_pool: ['v55_scripted', 'iter_0001']
  [pfsp]
    [ussr] v55_scripted: WR_ussr=0.55(n=120) WR_us=0.79(n=80) pfsp=0.990
    [ussr] iter_0001: WR_ussr=0.47(n=360) WR_us=0.92(n=440) pfsp=0.997
    [us] v55_scripted: WR_ussr=0.55(n=120) WR_us=0.79(n=80) pfsp=0.669
    [us] iter_0001: WR_ussr=0.47(n=360) WR_us=0.92(n=440) pfsp=0.308
  [diag] inf dtype=torch.float32 shape=torch.Size([2048, 172]) nan=0 inf_vals=0 range=[0.00,39.00]
  [diag] scalar dtype=torch.float32 nan=0 range=[-1.250,1.000]
  [diag] card_logits nan=0 range=[-16.59,13.52]
  [diag] values nan=0 range=[-0.8411,0.9853]
[iter  16/30] steps= 4304 rollout_wr=0.795 (ussr=0.660 us=0.930) pl=-0.0215 vl=0.2577 ent=4.111 clip=0.131 kl=0.0034 t=10.0s (rollout=8.2s update=1.8s)
  [league] self: self | ussr_pool: ['iter_0010', 'v45_scripted'] | us_pool: ['v55_scripted', 'iter_0010']
  [pfsp]
    [ussr] iter_0010: WR_ussr=0.28(n=120) WR_us=0.71(n=200) pfsp=0.812
    [ussr] v45_scripted: WR_ussr=0.54(n=80) WR_us=?(n=0) pfsp=0.994
    [us] v55_scripted: WR_ussr=0.63(n=160) WR_us=0.86(n=120) pfsp=0.486
    [us] iter_0010: WR_ussr=0.28(n=120) WR_us=0.71(n=200) pfsp=0.815
  [diag] inf dtype=torch.float32 shape=torch.Size([2048, 172]) nan=0 inf_vals=0 range=[0.00,48.00]
  [diag] scalar dtype=torch.float32 nan=0 range=[-1.100,1.000]
  [diag] card_logits nan=0 range=[-19.62,12.55]
  [diag] values nan=0 range=[-0.9285,0.9474]
[iter  17/30] steps= 5679 rollout_wr=0.690 (ussr=0.570 us=0.810) pl=-0.0143 vl=0.2346 ent=4.013 clip=0.134 kl=0.0039 t=12.2s (rollout=9.8s update=2.4s)
  [league] self: self | ussr_pool: ['v45_scripted', 'iter_0010'] | us_pool: ['iter_0010', 'iter_0010']
  [pfsp]
    [ussr] v45_scripted: WR_ussr=0.57(n=120) WR_us=?(n=0) pfsp=0.978
    [ussr] iter_0010: WR_ussr=0.31(n=160) WR_us=0.72(n=240) pfsp=0.859
    [us] iter_0010: WR_ussr=0.31(n=160) WR_us=0.72(n=240) pfsp=0.805
  [diag] inf dtype=torch.float32 shape=torch.Size([2048, 172]) nan=0 inf_vals=0 range=[0.00,35.00]
  [diag] scalar dtype=torch.float32 nan=0 range=[-1.300,1.050]
  [diag] card_logits nan=0 range=[-18.53,12.73]
  [diag] values nan=0 range=[-0.9001,0.9520]
[iter  18/30] steps= 6676 rollout_wr=0.665 (ussr=0.620 us=0.710) pl=-0.0168 vl=0.2114 ent=3.984 clip=0.170 kl=0.0054 t=14.9s (rollout=12.0s update=2.8s)
  [league] self: self | ussr_pool: ['iter_0010', 'iter_0001'] | us_pool: ['iter_0010', 'iter_0001']
  [pfsp]
    [ussr] iter_0010: WR_ussr=0.35(n=200) WR_us=0.72(n=320) pfsp=0.910
    [ussr] iter_0001: WR_ussr=0.48(n=400) WR_us=0.92(n=480) pfsp=0.999
    [us] iter_0010: WR_ussr=0.35(n=200) WR_us=0.72(n=320) pfsp=0.803
    [us] iter_0001: WR_ussr=0.48(n=400) WR_us=0.92(n=480) pfsp=0.306
  [diag] inf dtype=torch.float32 shape=torch.Size([2048, 172]) nan=0 inf_vals=0 range=[0.00,42.00]
  [diag] scalar dtype=torch.float32 nan=0 range=[-0.950,1.000]
  [diag] card_logits nan=0 range=[-19.21,13.40]
  [diag] values nan=0 range=[-0.9601,0.9043]
[iter  19/30] steps= 5890 rollout_wr=0.655 (ussr=0.520 us=0.790) pl=-0.0147 vl=0.2393 ent=3.965 clip=0.122 kl=0.0039 t=13.0s (rollout=10.6s update=2.4s)
  Saved to league pool: data/checkpoints/ppo_v296_sc_league/iter_0020.pt
  [league] self: self | ussr_pool: ['v57_scripted', 'v55_scripted'] | us_pool: ['v22_scripted', 'v54_scripted']
  [pfsp]
    [ussr] v57_scripted: WR_ussr=0.46(n=80) WR_us=?(n=0) pfsp=0.994
    [ussr] v55_scripted: WR_ussr=0.63(n=160) WR_us=0.89(n=160) pfsp=0.931
    [us] v22_scripted: WR_ussr=0.57(n=120) WR_us=0.88(n=40) pfsp=0.438
    [us] v54_scripted: WR_ussr=0.68(n=40) WR_us=?(n=0) pfsp=1.000
  [diag] inf dtype=torch.float32 shape=torch.Size([2048, 172]) nan=0 inf_vals=0 range=[0.00,38.00]
  [diag] scalar dtype=torch.float32 nan=0 range=[-0.950,1.050]
  [diag] card_logits nan=0 range=[-18.93,11.61]
  [diag] values nan=0 range=[-0.9553,0.8625]
[iter  20/30] steps= 4573 rollout_wr=0.730 (ussr=0.550 us=0.910) pl=-0.0109 vl=0.2425 ent=3.998 clip=0.124 kl=0.0038 t=10.5s (rollout=8.5s update=2.0s)
  [jsd] iter=20 prev_iter=10 card_jsd=0.0152 top1=0.869 val_mae=0.0999
  [confirm] launched incremental Elo check for iter 20
  [panel eval] launched pid=217183 iter=20 panel=['v56', 'v54', 'v44', 'v20', 'v55']
  [league] self: self | ussr_pool: ['iter_0020', 'v20_scripted'] | us_pool: ['iter_0020', 'heuristic']
  [pfsp]
    [ussr] iter_0020: WR_ussr=?(n=0) WR_us=?(n=0) pfsp=1.000
    [ussr] v20_scripted: WR_ussr=0.78(n=120) WR_us=0.95(n=40) pfsp=0.679
    [us] iter_0020: WR_ussr=?(n=0) WR_us=?(n=0) pfsp=1.000
    [us] heuristic: WR_ussr=0.04(n=80) WR_us=0.06(n=80) pfsp=0.234
  [diag] inf dtype=torch.float32 shape=torch.Size([2048, 172]) nan=0 inf_vals=0 range=[0.00,42.00]
  [diag] scalar dtype=torch.float32 nan=0 range=[-1.050,1.000]
  [diag] card_logits nan=0 range=[-18.28,12.51]
  [diag] values nan=0 range=[-0.9832,0.9538]
[iter  21/30] steps= 7617 rollout_wr=0.535 (ussr=0.670 us=0.400) pl=-0.0155 vl=0.2011 ent=3.914 clip=0.146 kl=0.0044 t=25.9s (rollout=22.6s update=3.3s)
  [panel eval iter 20] avg=0.933 elapsed=27s: v56=0.867 | v54=0.983 | v44=0.967 | v20=0.967 | v55=0.900
  [panel eval] NEW HIGH-WATER MARK iter=20 avg_wr=0.9327 → ppo_running_best.pt (provenance: ppo_iter0020.pt)
  [league] self: self | ussr_pool: ['iter_0001', 'v57_scripted'] | us_pool: ['v56_scripted', 'v55_scripted']
  [pfsp]
    [ussr] iter_0001: WR_ussr=0.50(n=440) WR_us=0.92(n=520) pfsp=1.000
    [ussr] v57_scripted: WR_ussr=0.46(n=120) WR_us=?(n=0) pfsp=0.993
    [us] v56_scripted: WR_ussr=?(n=0) WR_us=0.95(n=80) pfsp=0.190
    [us] v55_scripted: WR_ussr=0.66(n=200) WR_us=0.89(n=160) pfsp=0.399
  [diag] inf dtype=torch.float32 shape=torch.Size([2048, 172]) nan=0 inf_vals=0 range=[0.00,43.00]
  [diag] scalar dtype=torch.float32 nan=0 range=[-0.950,1.000]
  [diag] card_logits nan=0 range=[-19.38,12.80]
  [diag] values nan=0 range=[-0.9790,0.9001]
[iter  22/30] steps= 5015 rollout_wr=0.750 (ussr=0.620 us=0.880) pl=-0.0163 vl=0.2549 ent=3.967 clip=0.128 kl=0.0038 t=18.5s (rollout=16.3s update=2.2s)
  [league] self: self | ussr_pool: ['iter_0020', 'v54_scripted'] | us_pool: ['iter_0001', 'iter_0010']
  [pfsp]
    [ussr] iter_0020: WR_ussr=0.50(n=40) WR_us=0.68(n=40) pfsp=1.000
    [ussr] v54_scripted: WR_ussr=0.68(n=40) WR_us=0.95(n=40) pfsp=0.877
    [us] iter_0001: WR_ussr=0.52(n=480) WR_us=0.92(n=520) pfsp=0.297
    [us] iter_0010: WR_ussr=0.37(n=240) WR_us=0.72(n=360) pfsp=0.807
  [diag] inf dtype=torch.float32 shape=torch.Size([2048, 172]) nan=0 inf_vals=0 range=[0.00,47.00]
  [diag] scalar dtype=torch.float32 nan=0 range=[-1.050,1.150]
  [diag] card_logits nan=0 range=[-19.13,14.47]
  [diag] values nan=0 range=[-0.9749,0.9552]
[iter  23/30] steps= 6348 rollout_wr=0.710 (ussr=0.580 us=0.840) pl=-0.0237 vl=0.1982 ent=3.901 clip=0.182 kl=0.0054 t=23.6s (rollout=20.9s update=2.7s)
  [league] self: self | ussr_pool: ['v45_scripted', 'v54_scripted'] | us_pool: ['v54_scripted', 'iter_0010']
  [pfsp]
    [ussr] v45_scripted: WR_ussr=0.64(n=160) WR_us=?(n=0) pfsp=0.917
    [ussr] v54_scripted: WR_ussr=0.72(n=80) WR_us=0.95(n=40) pfsp=0.797
    [us] v54_scripted: WR_ussr=0.72(n=80) WR_us=0.95(n=40) pfsp=0.190
    [us] iter_0010: WR_ussr=0.37(n=240) WR_us=0.73(n=400) pfsp=0.788
  [diag] inf dtype=torch.float32 shape=torch.Size([2048, 172]) nan=0 inf_vals=0 range=[0.00,40.00]
  [diag] scalar dtype=torch.float32 nan=0 range=[-1.200,1.000]
  [diag] card_logits nan=0 range=[-18.27,11.44]
  [diag] values nan=0 range=[-0.9851,0.9778]
[iter  24/30] steps= 5346 rollout_wr=0.755 (ussr=0.750 us=0.760) pl=-0.0166 vl=0.2424 ent=3.921 clip=0.130 kl=0.0038 t=13.4s (rollout=11.2s update=2.3s)
  [league] self: self | ussr_pool: ['v22_scripted', 'v54_scripted'] | us_pool: ['iter_0010', 'iter_0010']
  [pfsp]
    [ussr] v22_scripted: WR_ussr=0.57(n=120) WR_us=0.93(n=80) pfsp=0.982
    [ussr] v54_scripted: WR_ussr=0.78(n=120) WR_us=0.95(n=80) pfsp=0.697
    [us] iter_0010: WR_ussr=0.37(n=240) WR_us=0.73(n=440) pfsp=0.785
  [diag] inf dtype=torch.float32 shape=torch.Size([2048, 172]) nan=0 inf_vals=0 range=[0.00,55.00]
  [diag] scalar dtype=torch.float32 nan=0 range=[-1.050,1.000]
  [diag] card_logits nan=0 range=[-18.99,12.53]
  [diag] values nan=0 range=[-0.9701,0.9895]
[iter  25/30] steps= 6429 rollout_wr=0.725 (ussr=0.740 us=0.710) pl=-0.0165 vl=0.1928 ent=3.957 clip=0.163 kl=0.0049 t=16.9s (rollout=14.2s update=2.7s)
  [league] self: self | ussr_pool: ['v45_scripted', 'iter_0020'] | us_pool: ['v56_scripted', 'iter_0020']
  [pfsp]
    [ussr] v45_scripted: WR_ussr=0.67(n=200) WR_us=?(n=0) pfsp=0.891
    [ussr] iter_0020: WR_ussr=0.51(n=80) WR_us=0.68(n=40) pfsp=0.999
    [us] v56_scripted: WR_ussr=?(n=0) WR_us=0.96(n=120) pfsp=0.160
    [us] iter_0020: WR_ussr=0.51(n=80) WR_us=0.68(n=40) pfsp=0.877
  [diag] inf dtype=torch.float32 shape=torch.Size([2048, 172]) nan=0 inf_vals=0 range=[0.00,44.00]
  [diag] scalar dtype=torch.float32 nan=0 range=[-0.950,1.000]
  [diag] card_logits nan=0 range=[-18.59,11.37]
  [diag] values nan=0 range=[-0.9745,0.9839]
[iter  26/30] steps= 6721 rollout_wr=0.715 (ussr=0.660 us=0.770) pl=-0.0182 vl=0.2012 ent=3.836 clip=0.160 kl=0.0049 t=18.0s (rollout=14.9s update=3.0s)
  [league] self: self | ussr_pool: ['iter_0010', 'iter_0001'] | us_pool: ['v20_scripted', 'v58_scripted']
  [pfsp]
    [ussr] iter_0010: WR_ussr=0.37(n=240) WR_us=0.73(n=520) pfsp=0.929
    [ussr] iter_0001: WR_ussr=0.52(n=480) WR_us=0.92(n=560) pfsp=0.999
    [us] v20_scripted: WR_ussr=0.82(n=160) WR_us=0.95(n=40) pfsp=0.190
    [us] v58_scripted: WR_ussr=?(n=0) WR_us=0.90(n=80) pfsp=0.360
  [diag] inf dtype=torch.float32 shape=torch.Size([2048, 172]) nan=0 inf_vals=0 range=[0.00,37.00]
  [diag] scalar dtype=torch.float32 nan=0 range=[-1.200,1.000]
  [diag] card_logits nan=0 range=[-18.71,13.39]
  [diag] values nan=0 range=[-0.9766,0.9571]
[iter  27/30] steps= 5534 rollout_wr=0.740 (ussr=0.580 us=0.900) pl=-0.0180 vl=0.1968 ent=3.893 clip=0.118 kl=0.0038 t=14.6s (rollout=12.3s update=2.4s)
  [league] self: self | ussr_pool: ['iter_0020', 'v56_scripted'] | us_pool: ['v44_scripted', 'iter_0010']
  [pfsp]
    [ussr] iter_0020: WR_ussr=0.52(n=120) WR_us=0.65(n=80) pfsp=0.999
    [ussr] v56_scripted: WR_ussr=?(n=0) WR_us=0.96(n=160) pfsp=1.000
    [us] v44_scripted: WR_ussr=0.68(n=80) WR_us=0.91(n=120) pfsp=0.333
    [us] iter_0010: WR_ussr=0.39(n=280) WR_us=0.73(n=520) pfsp=0.791
  [diag] inf dtype=torch.float32 shape=torch.Size([2048, 172]) nan=0 inf_vals=0 range=[0.00,66.00]
  [diag] scalar dtype=torch.float32 nan=0 range=[-1.100,1.100]
  [diag] card_logits nan=0 range=[-18.66,14.20]
  [diag] values nan=0 range=[-0.9638,0.9764]
[iter  28/30] steps= 6918 rollout_wr=0.770 (ussr=0.640 us=0.900) pl=-0.0202 vl=0.1455 ent=3.919 clip=0.179 kl=0.0074 t=16.5s (rollout=13.7s update=2.8s)
  [league] self: self | ussr_pool: ['iter_0020', 'iter_0010'] | us_pool: ['iter_0010', 'v46_scripted']
  [pfsp]
    [ussr] iter_0020: WR_ussr=0.56(n=160) WR_us=0.65(n=80) pfsp=0.984
    [ussr] iter_0010: WR_ussr=0.39(n=280) WR_us=0.74(n=560) pfsp=0.954
    [us] iter_0010: WR_ussr=0.39(n=280) WR_us=0.74(n=560) pfsp=0.761
    [us] v46_scripted: WR_ussr=?(n=0) WR_us=0.93(n=40) pfsp=0.277
  [diag] inf dtype=torch.float32 shape=torch.Size([2048, 172]) nan=0 inf_vals=0 range=[0.00,45.00]
  [diag] scalar dtype=torch.float32 nan=0 range=[-1.050,1.000]
  [diag] card_logits nan=0 range=[-18.96,12.13]
  [diag] values nan=0 range=[-0.9701,0.9799]
[iter  29/30] steps= 8064 rollout_wr=0.640 (ussr=0.480 us=0.800) pl=-0.0176 vl=0.1732 ent=3.753 clip=0.161 kl=0.0051 t=19.4s (rollout=16.2s update=3.3s)
  Saved to league pool: data/checkpoints/ppo_v296_sc_league/iter_0030.pt
  [league] self: self | ussr_pool: ['heuristic', 'iter_0010'] | us_pool: ['iter_0020', 'v22_scripted']
  [pfsp]
    [ussr] heuristic: WR_ussr=0.04(n=80) WR_us=0.04(n=120) pfsp=0.144
    [ussr] iter_0010: WR_ussr=0.41(n=320) WR_us=0.75(n=600) pfsp=0.965
    [us] iter_0020: WR_ussr=0.55(n=200) WR_us=0.65(n=80) pfsp=0.910
    [us] v22_scripted: WR_ussr=0.64(n=160) WR_us=0.93(n=80) pfsp=0.277
  [diag] inf dtype=torch.float32 shape=torch.Size([2048, 172]) nan=0 inf_vals=0 range=[0.00,47.00]
  [diag] scalar dtype=torch.float32 nan=0 range=[-1.000,1.000]
  [diag] card_logits nan=0 range=[-18.68,13.84]
  [diag] values nan=0 range=[-0.9867,0.9780]
[iter  30/30] steps= 7645 rollout_wr=0.600 (ussr=0.470 us=0.730) pl=-0.0176 vl=0.1750 ent=3.893 clip=0.155 kl=0.0049 t=17.8s (rollout=14.6s update=3.2s)
  [jsd] iter=30 prev_iter=20 card_jsd=0.0102 top1=0.887 val_mae=0.0857
  [confirm] launched incremental Elo check for iter 30
  [panel eval] launched pid=218726 iter=30 panel=['v56', 'v54', 'v44', 'v20', 'v55']
wandb: updating run metadata; uploading artifact run-98f73090-chartsrollout_wr_table-_rmwEA
wandb: uploading artifact run-98f73090-chartsrollout_wr_table-_rmwEA
wandb: uploading media/table/charts/rollout_wr_table_29_9ec8186bdb89760130ec.table.json; uploading output.log; uploading wandb-summary.json; uploading config.yaml; uploading history steps 28-29, summary, console lines 333-343
wandb: uploading data
wandb: 
wandb: Run history:
wandb:               approx_kl █▃▂▁▂▆▁▂▂▄▄▃▃▅▄▃▃▅▃▃▄▃▅▃▅▅▃█▅▅
wandb:           clip_fraction █▃▂▁▂▆▁▁▃▄▄▄▃▆▄▄▄▆▃▃▄▄▆▄▅▅▃▆▅▅
wandb: core_scalar_weight_norm ▃▃▂▁▁▁▁▁▁▂▂▂▂▃▄▄▄▄▄▄▄▄▃▃▃▄▄▇▇█
wandb:                ent_coef ███▇▇▇▇▆▆▆▆▅▅▅▅▄▄▄▄▃▃▃▃▂▂▂▂▁▁▁
wandb:                 entropy ██▇▇▇▅▆▅▆▄▅▆▄▃▄▄▃▃▃▃▂▃▂▃▃▂▂▃▁▂
wandb:             iter_time_s ▁▁▁▁▁▂▂▂▂▃▃▂▃▄▃▂▃▄▃▂█▅▇▃▅▅▄▅▆▅
wandb:  jsd/card_early_vs_prev █▁
wandb:   jsd/card_late_vs_prev █▁
wandb:    jsd/card_mid_vs_prev █▁
wandb:        jsd/card_vs_prev █▁
wandb:                    +170 ...
wandb: 
wandb: Run summary:
wandb:               approx_kl 0.00493
wandb:           clip_fraction 0.15489
wandb: core_scalar_weight_norm 4.04356
wandb:                ent_coef 0.0093
wandb:                 entropy 3.89331
wandb:             iter_time_s 17.78241
wandb:  jsd/card_early_vs_prev 0.00762
wandb:   jsd/card_late_vs_prev 0.00976
wandb:    jsd/card_mid_vs_prev 0.01309
wandb:        jsd/card_vs_prev 0.01016
wandb:                    +170 ...
wandb: 
wandb: 🚀 View run ppo_v296_sc at: https://wandb.ai/korduban-ai/twilight-struggle-ai/runs/98f73090
wandb: ⭐️ View project at: https://wandb.ai/korduban-ai/twilight-struggle-ai
wandb: Synced 5 W&B file(s), 30 media file(s), 60 artifact file(s) and 0 other file(s)
wandb: Find logs at: ./wandb/run-20260416_112510-98f73090/logs

Training complete in 6.9 minutes
Checkpoints in: data/checkpoints/ppo_v296_sc_league
[ppo_train_dynamic] finished at 2026-04-16T18:32:14Z
