[ppo_train_dynamic] starting at 2026-04-14T20:22:16Z
wandb: [wandb.login()] Loaded credentials for https://api.wandb.ai from WANDB_API_KEY.
wandb: Currently logged in as: dkorduban (korduban-ai) to https://api.wandb.ai. Use `wandb login --relogin` to force relogin
wandb: setting up run cac083e6
wandb: Tracking run with wandb version 0.25.1
wandb: Run data is saved locally in /home/dkord/code/twilight-struggle-ai/wandb/run-20260414_132218-cac083e6
wandb: Run `wandb offline` to turn off syncing.
wandb: Syncing run ppo_v280_sc
wandb: ⭐️ View project at https://wandb.ai/korduban-ai/twilight-struggle-ai
wandb: 🚀 View run at https://wandb.ai/korduban-ai/twilight-struggle-ai/runs/cac083e6
Loading checkpoint: data/checkpoints/ppo_v279_sc_league/ppo_best.pt
  --reset-optimizer: skipping optimizer state restore, starting fresh Adam.

Starting PPO training: 30 iterations × 200 games/iter, side=both
Device: cuda, lr=5e-05, clip=0.12, ent=0.01, vf=0.5
League training enabled (pool: data/checkpoints/ppo_v280_sc_league, save-every=10)
  Saved to league pool: data/checkpoints/ppo_v280_sc_league/iter_0001.pt
  [league] self: self | ussr_pool: ['v264_sc_scripted', 'heuristic'] | us_pool: ['v266_sc_scripted', 'v210_sc_scripted']
  [pfsp]
    [ussr] v264_sc_scripted: WR_ussr=0.64(n=153) WR_us=0.60(n=208) pfsp=0.921
    [ussr] heuristic: WR_ussr=0.75(n=61) WR_us=0.58(n=85) pfsp=0.742
    [us] v266_sc_scripted: WR_ussr=0.62(n=224) WR_us=0.59(n=132) pfsp=0.967
    [us] v210_sc_scripted: WR_ussr=?(n=0) WR_us=0.67(n=108) pfsp=0.889
  [diag] inf dtype=torch.float32 shape=torch.Size([2048, 172]) nan=0 inf_vals=0 range=[0.00,37.00]
  [diag] scalar dtype=torch.float32 nan=0 range=[-0.850,1.200]
  [diag] card_logits nan=0 range=[-18.57,13.57]
  [diag] values nan=0 range=[-0.9587,0.9410]
[iter   1/30] steps= 2944 rollout_wr=0.651 (ussr=0.640 us=0.663) pl=-0.0232 vl=0.3775 ent=2.902 clip=0.234 kl=0.0110 t=20.3s (rollout=18.4s update=2.0s)
  [league] self: self | ussr_pool: ['v262_sc_scripted', 'v264_sc_scripted'] | us_pool: ['v209_sc_scripted', 'v209_sc_scripted']
  [pfsp]
    [ussr] v262_sc_scripted: WR_ussr=0.68(n=186) WR_us=0.67(n=166) pfsp=0.866
    [ussr] v264_sc_scripted: WR_ussr=0.63(n=193) WR_us=0.60(n=208) pfsp=0.936
    [us] v209_sc_scripted: WR_ussr=?(n=0) WR_us=0.68(n=106) pfsp=0.871
  [diag] inf dtype=torch.float32 shape=torch.Size([2048, 172]) nan=0 inf_vals=0 range=[0.00,40.00]
  [diag] scalar dtype=torch.float32 nan=0 range=[-0.900,1.200]
  [diag] card_logits nan=0 range=[-18.24,11.41]
  [diag] values nan=0 range=[-0.9643,0.9569]
[iter   2/30] steps= 2618 rollout_wr=0.634 (ussr=0.610 us=0.659) pl=-0.0128 vl=0.3964 ent=2.873 clip=0.127 kl=0.0039 t=19.1s (rollout=17.7s update=1.4s)
  [league] self: self | ussr_pool: ['iter_0001', 'v263_sc_scripted'] | us_pool: ['iter_0001', 'iter_0001']
  [pfsp]
    [ussr] iter_0001: WR_ussr=?(n=0) WR_us=?(n=0) pfsp=1.000
    [ussr] v263_sc_scripted: WR_ussr=0.60(n=168) WR_us=0.60(n=162) pfsp=0.964
    [us] iter_0001: WR_ussr=?(n=0) WR_us=?(n=0) pfsp=1.000
  [diag] inf dtype=torch.float32 shape=torch.Size([2048, 172]) nan=0 inf_vals=0 range=[0.00,48.00]
  [diag] scalar dtype=torch.float32 nan=0 range=[-1.250,1.000]
  [diag] card_logits nan=0 range=[-17.39,10.61]
  [diag] values nan=0 range=[-0.9677,0.9675]
[iter   3/30] steps= 3528 rollout_wr=0.505 (ussr=0.590 us=0.420) pl=-0.0149 vl=0.3780 ent=2.948 clip=0.086 kl=0.0025 t=23.0s (rollout=21.5s update=1.5s)
  [league] self: self | ussr_pool: ['v266_sc_scripted', 'iter_0001'] | us_pool: ['iter_0001', 'iter_0001']
  [pfsp]
    [ussr] v266_sc_scripted: WR_ussr=0.62(n=224) WR_us=0.61(n=171) pfsp=0.946
    [ussr] iter_0001: WR_ussr=0.53(n=40) WR_us=0.44(n=80) pfsp=0.997
    [us] iter_0001: WR_ussr=0.53(n=40) WR_us=0.44(n=80) pfsp=0.984
  [diag] inf dtype=torch.float32 shape=torch.Size([2048, 172]) nan=0 inf_vals=0 range=[0.00,37.00]
  [diag] scalar dtype=torch.float32 nan=0 range=[-0.650,1.000]
  [diag] card_logits nan=0 range=[-17.68,14.72]
  [diag] values nan=0 range=[-0.9565,0.8927]
[iter   4/30] steps= 3018 rollout_wr=0.579 (ussr=0.620 us=0.536) pl=-0.0164 vl=0.4012 ent=3.007 clip=0.133 kl=0.0042 t=21.9s (rollout=20.6s update=1.3s)
  [league] self: self | ussr_pool: ['v262_sc_scripted', 'v266_sc_scripted'] | us_pool: ['iter_0001', 'v266_sc_scripted']
  [pfsp]
    [ussr] v262_sc_scripted: WR_ussr=0.69(n=226) WR_us=0.67(n=166) pfsp=0.862
    [ussr] v266_sc_scripted: WR_ussr=0.62(n=264) WR_us=0.61(n=171) pfsp=0.941
    [us] iter_0001: WR_ussr=0.56(n=80) WR_us=0.48(n=157) pfsp=0.998
    [us] v266_sc_scripted: WR_ussr=0.62(n=264) WR_us=0.61(n=171) pfsp=0.948
  [diag] inf dtype=torch.float32 shape=torch.Size([2048, 172]) nan=0 inf_vals=0 range=[0.00,39.00]
  [diag] scalar dtype=torch.float32 nan=0 range=[-0.950,1.100]
  [diag] card_logits nan=0 range=[-17.47,12.77]
  [diag] values nan=0 range=[-0.9773,0.8839]
[iter   5/30] steps= 2996 rollout_wr=0.595 (ussr=0.650 us=0.537) pl=-0.0147 vl=0.4101 ent=3.010 clip=0.084 kl=0.0023 t=20.1s (rollout=18.8s update=1.3s)
  [league] self: self | ussr_pool: ['iter_0001', 'v264_sc_scripted'] | us_pool: ['v265_sc_scripted', 'iter_0001']
  [pfsp]
    [ussr] iter_0001: WR_ussr=0.56(n=80) WR_us=0.49(n=197) pfsp=0.984
    [ussr] v264_sc_scripted: WR_ussr=0.61(n=233) WR_us=0.60(n=208) pfsp=0.952
    [us] v265_sc_scripted: WR_ussr=0.65(n=129) WR_us=0.65(n=66) pfsp=0.908
    [us] iter_0001: WR_ussr=0.56(n=80) WR_us=0.49(n=197) pfsp=1.000
  [diag] inf dtype=torch.float32 shape=torch.Size([2048, 172]) nan=0 inf_vals=0 range=[0.00,41.00]
  [diag] scalar dtype=torch.float32 nan=0 range=[-0.750,1.000]
  [diag] card_logits nan=0 range=[-17.84,15.67]
  [diag] values nan=0 range=[-0.9767,0.9350]
[iter   6/30] steps= 3199 rollout_wr=0.528 (ussr=0.530 us=0.526) pl=-0.0096 vl=0.3855 ent=2.930 clip=0.087 kl=0.0027 t=21.4s (rollout=19.9s update=1.5s)
  [league] self: self | ussr_pool: ['v267_sc_scripted', 'v263_sc_scripted'] | us_pool: ['iter_0001', 'v264_sc_scripted']
  [pfsp]
    [ussr] v267_sc_scripted: WR_ussr=0.64(n=119) WR_us=0.57(n=96) pfsp=0.923
    [ussr] v263_sc_scripted: WR_ussr=0.61(n=208) WR_us=0.60(n=162) pfsp=0.955
    [us] iter_0001: WR_ussr=0.55(n=120) WR_us=0.49(n=236) pfsp=0.999
    [us] v264_sc_scripted: WR_ussr=0.59(n=273) WR_us=0.60(n=208) pfsp=0.959
  [diag] inf dtype=torch.float32 shape=torch.Size([2048, 172]) nan=0 inf_vals=0 range=[0.00,41.00]
  [diag] scalar dtype=torch.float32 nan=0 range=[-0.850,1.000]
  [diag] card_logits nan=0 range=[-18.19,12.83]
  [diag] values nan=0 range=[-0.9721,0.9058]
[iter   7/30] steps= 3285 rollout_wr=0.626 (ussr=0.690 us=0.561) pl=-0.0132 vl=0.3655 ent=2.975 clip=0.073 kl=0.0024 t=20.0s (rollout=18.5s update=1.5s)
  [league] self: self | ussr_pool: ['heuristic', 'v264_sc_scripted'] | us_pool: ['iter_0001', 'iter_0001']
  [pfsp]
    [ussr] heuristic: WR_ussr=0.77(n=101) WR_us=0.58(n=85) pfsp=0.703
    [ussr] v264_sc_scripted: WR_ussr=0.59(n=273) WR_us=0.63(n=248) pfsp=0.968
    [us] iter_0001: WR_ussr=0.55(n=120) WR_us=0.48(n=274) pfsp=0.999
  [diag] inf dtype=torch.float32 shape=torch.Size([2048, 172]) nan=0 inf_vals=0 range=[0.00,43.00]
  [diag] scalar dtype=torch.float32 nan=0 range=[-0.800,1.000]
  [diag] card_logits nan=0 range=[-18.12,13.06]
  [diag] values nan=0 range=[-0.9415,0.9103]
[iter   8/30] steps= 3417 rollout_wr=0.535 (ussr=0.560 us=0.510) pl=-0.0106 vl=0.3565 ent=2.962 clip=0.090 kl=0.0027 t=22.6s (rollout=21.1s update=1.5s)
  [league] self: self | ussr_pool: ['iter_0001', 'iter_0001'] | us_pool: ['v209_sc_scripted', 'iter_0001']
  [pfsp]
    [ussr] iter_0001: WR_ussr=0.55(n=120) WR_us=0.49(n=353) pfsp=0.990
    [us] v209_sc_scripted: WR_ussr=?(n=0) WR_us=0.67(n=178) pfsp=0.886
    [us] iter_0001: WR_ussr=0.55(n=120) WR_us=0.49(n=353) pfsp=1.000
  [diag] inf dtype=torch.float32 shape=torch.Size([2048, 172]) nan=0 inf_vals=0 range=[0.00,43.00]
  [diag] scalar dtype=torch.float32 nan=0 range=[-0.950,1.150]
  [diag] card_logits nan=0 range=[-17.68,12.67]
  [diag] values nan=0 range=[-0.9633,0.9077]
[iter   9/30] steps= 2998 rollout_wr=0.500 (ussr=0.470 us=0.532) pl=-0.0112 vl=0.3819 ent=3.092 clip=0.082 kl=0.0023 t=23.2s (rollout=21.8s update=1.5s)
  Saved to league pool: data/checkpoints/ppo_v280_sc_league/iter_0010.pt
  [league] self: self | ussr_pool: ['iter_0010', 'v267_sc_scripted'] | us_pool: ['iter_0010', 'iter_0001']
  [pfsp]
    [ussr] iter_0010: WR_ussr=?(n=0) WR_us=?(n=0) pfsp=1.000
    [ussr] v267_sc_scripted: WR_ussr=0.65(n=159) WR_us=0.57(n=96) pfsp=0.913
    [us] iter_0010: WR_ussr=?(n=0) WR_us=?(n=0) pfsp=1.000
    [us] iter_0001: WR_ussr=0.51(n=200) WR_us=0.49(n=390) pfsp=1.000
  [diag] inf dtype=torch.float32 shape=torch.Size([2048, 172]) nan=0 inf_vals=0 range=[0.00,44.00]
  [diag] scalar dtype=torch.float32 nan=0 range=[-0.950,1.450]
  [diag] card_logits nan=0 range=[-17.99,13.67]
  [diag] values nan=0 range=[-0.9608,0.8810]
[iter  10/30] steps= 3287 rollout_wr=0.559 (ussr=0.630 us=0.484) pl=-0.0181 vl=0.3550 ent=3.017 clip=0.093 kl=0.0027 t=22.2s (rollout=20.6s update=1.6s)
  [confirm] launched incremental Elo check for iter 10
  [league] self: self | ussr_pool: ['iter_0010', 'v262_sc_scripted'] | us_pool: ['v266_sc_scripted', 'iter_0001']
  [pfsp]
    [ussr] iter_0010: WR_ussr=0.57(n=40) WR_us=0.39(n=38) pfsp=0.978
    [ussr] v262_sc_scripted: WR_ussr=0.67(n=266) WR_us=0.67(n=166) pfsp=0.886
    [us] v266_sc_scripted: WR_ussr=0.64(n=304) WR_us=0.63(n=207) pfsp=0.934
    [us] iter_0001: WR_ussr=0.51(n=200) WR_us=0.50(n=429) pfsp=1.000
  [diag] inf dtype=torch.float32 shape=torch.Size([2048, 172]) nan=0 inf_vals=0 range=[0.00,38.00]
  [diag] scalar dtype=torch.float32 nan=0 range=[-0.600,1.000]
  [diag] card_logits nan=0 range=[-17.84,11.30]
  [diag] values nan=0 range=[-0.9561,0.9327]
[iter  11/30] steps= 3133 rollout_wr=0.576 (ussr=0.670 us=0.480) pl=-0.0134 vl=0.3920 ent=2.968 clip=0.073 kl=0.0021 t=21.5s (rollout=20.1s update=1.4s)
  [league] self: self | ussr_pool: ['v264_sc_scripted', 'v267_sc_scripted'] | us_pool: ['iter_0010', 'iter_0001']
  [pfsp]
    [ussr] v264_sc_scripted: WR_ussr=0.58(n=313) WR_us=0.63(n=248) pfsp=0.973
    [ussr] v267_sc_scripted: WR_ussr=0.66(n=199) WR_us=0.57(n=96) pfsp=0.900
    [us] iter_0010: WR_ussr=0.62(n=80) WR_us=0.39(n=38) pfsp=0.956
    [us] iter_0001: WR_ussr=0.51(n=200) WR_us=0.48(n=467) pfsp=0.999
  [diag] inf dtype=torch.float32 shape=torch.Size([2048, 172]) nan=0 inf_vals=0 range=[0.00,56.00]
  [diag] scalar dtype=torch.float32 nan=0 range=[-0.700,1.050]
  [diag] card_logits nan=0 range=[-17.58,10.56]
  [diag] values nan=0 range=[-0.9669,0.9482]
[iter  12/30] steps= 3238 rollout_wr=0.605 (ussr=0.720 us=0.490) pl=-0.0127 vl=0.3621 ent=2.897 clip=0.071 kl=0.0021 t=21.9s (rollout=20.4s update=1.6s)
  [league] self: self | ussr_pool: ['iter_0010', 'v266_sc_scripted'] | us_pool: ['iter_0001', 'v262_sc_scripted']
  [pfsp]
    [ussr] iter_0010: WR_ussr=0.62(n=80) WR_us=0.42(n=78) pfsp=0.938
    [ussr] v266_sc_scripted: WR_ussr=0.64(n=304) WR_us=0.62(n=247) pfsp=0.924
    [us] iter_0001: WR_ussr=0.51(n=200) WR_us=0.49(n=507) pfsp=1.000
    [us] v262_sc_scripted: WR_ussr=0.68(n=306) WR_us=0.67(n=166) pfsp=0.878
  [diag] inf dtype=torch.float32 shape=torch.Size([2048, 172]) nan=0 inf_vals=0 range=[0.00,42.00]
  [diag] scalar dtype=torch.float32 nan=0 range=[-0.900,1.050]
  [diag] card_logits nan=0 range=[-18.55,12.72]
  [diag] values nan=0 range=[-0.9492,0.9675]
[iter  13/30] steps= 2798 rollout_wr=0.568 (ussr=0.640 us=0.489) pl=-0.0098 vl=0.3843 ent=2.897 clip=0.103 kl=0.0037 t=21.6s (rollout=20.2s update=1.4s)
  [league] self: self | ussr_pool: ['iter_0010', 'iter_0001'] | us_pool: ['iter_0010', 'v265_sc_scripted']
  [pfsp]
    [ussr] iter_0010: WR_ussr=0.62(n=120) WR_us=0.42(n=78) pfsp=0.946
    [ussr] iter_0001: WR_ussr=0.51(n=200) WR_us=0.48(n=543) pfsp=1.000
    [us] iter_0010: WR_ussr=0.62(n=120) WR_us=0.42(n=78) pfsp=0.976
    [us] v265_sc_scripted: WR_ussr=0.65(n=129) WR_us=0.65(n=105) pfsp=0.913
  [diag] inf dtype=torch.float32 shape=torch.Size([2048, 172]) nan=0 inf_vals=0 range=[0.00,48.00]
  [diag] scalar dtype=torch.float32 nan=0 range=[-0.900,1.000]
  [diag] card_logits nan=0 range=[-17.79,12.54]
  [diag] values nan=0 range=[-0.9423,0.9725]
[iter  14/30] steps= 3091 rollout_wr=0.582 (ussr=0.650 us=0.510) pl=-0.0120 vl=0.3720 ent=2.897 clip=0.080 kl=0.0023 t=22.0s (rollout=20.6s update=1.4s)
  [league] self: self | ussr_pool: ['v267_sc_scripted', 'iter_0001'] | us_pool: ['v210_sc_scripted', 'iter_0001']
  [pfsp]
    [ussr] v267_sc_scripted: WR_ussr=0.67(n=239) WR_us=0.57(n=96) pfsp=0.891
    [ussr] iter_0001: WR_ussr=0.51(n=240) WR_us=0.48(n=543) pfsp=1.000
    [us] v210_sc_scripted: WR_ussr=?(n=0) WR_us=0.67(n=144) pfsp=0.879
    [us] iter_0001: WR_ussr=0.51(n=240) WR_us=0.48(n=543) pfsp=0.999
  [diag] inf dtype=torch.float32 shape=torch.Size([2048, 172]) nan=0 inf_vals=0 range=[0.00,43.00]
  [diag] scalar dtype=torch.float32 nan=0 range=[-1.000,1.000]
  [diag] card_logits nan=0 range=[-18.44,13.68]
  [diag] values nan=0 range=[-0.9375,0.8871]
[iter  15/30] steps= 3000 rollout_wr=0.559 (ussr=0.610 us=0.505) pl=-0.0167 vl=0.3952 ent=2.871 clip=0.097 kl=0.0032 t=22.1s (rollout=20.7s update=1.4s)
  [league] self: self | ussr_pool: ['iter_0010', 'iter_0001'] | us_pool: ['iter_0010', 'iter_0010']
  [pfsp]
    [ussr] iter_0010: WR_ussr=0.64(n=160) WR_us=0.41(n=117) pfsp=0.924
    [ussr] iter_0001: WR_ussr=0.52(n=280) WR_us=0.49(n=583) pfsp=0.999
    [us] iter_0010: WR_ussr=0.64(n=160) WR_us=0.41(n=117) pfsp=0.968
  [diag] inf dtype=torch.float32 shape=torch.Size([2048, 172]) nan=0 inf_vals=0 range=[0.00,47.00]
  [diag] scalar dtype=torch.float32 nan=0 range=[-0.650,1.200]
  [diag] card_logits nan=0 range=[-17.91,11.30]
  [diag] values nan=0 range=[-0.9631,0.9407]
[iter  16/30] steps= 3042 rollout_wr=0.492 (ussr=0.580 us=0.404) pl=-0.0177 vl=0.3757 ent=3.001 clip=0.087 kl=0.0026 t=23.4s (rollout=22.0s update=1.4s)
  [league] self: self | ussr_pool: ['iter_0001', 'heuristic'] | us_pool: ['v265_sc_scripted', 'iter_0010']
  [pfsp]
    [ussr] iter_0001: WR_ussr=0.53(n=320) WR_us=0.49(n=583) pfsp=0.996
    [ussr] heuristic: WR_ussr=0.76(n=141) WR_us=0.58(n=85) pfsp=0.732
    [us] v265_sc_scripted: WR_ussr=0.65(n=129) WR_us=0.64(n=143) pfsp=0.918
    [us] iter_0010: WR_ussr=0.60(n=200) WR_us=0.41(n=196) pfsp=0.970
  [diag] inf dtype=torch.float32 shape=torch.Size([2048, 172]) nan=0 inf_vals=0 range=[0.00,39.00]
  [diag] scalar dtype=torch.float32 nan=0 range=[-0.700,1.000]
  [diag] card_logits nan=0 range=[-17.83,14.15]
  [diag] values nan=0 range=[-0.9822,0.8959]
[iter  17/30] steps= 3112 rollout_wr=0.619 (ussr=0.660 us=0.577) pl=-0.0180 vl=0.3677 ent=2.931 clip=0.084 kl=0.0024 t=22.5s (rollout=21.0s update=1.5s)
  [league] self: self | ussr_pool: ['v266_sc_scripted', 'iter_0001'] | us_pool: ['iter_0010', 'v209_sc_scripted']
  [pfsp]
    [ussr] v266_sc_scripted: WR_ussr=0.65(n=344) WR_us=0.62(n=247) pfsp=0.915
    [ussr] iter_0001: WR_ussr=0.53(n=360) WR_us=0.49(n=583) pfsp=0.996
    [us] iter_0010: WR_ussr=0.60(n=200) WR_us=0.43(n=234) pfsp=0.979
    [us] v209_sc_scripted: WR_ussr=?(n=0) WR_us=0.67(n=215) pfsp=0.891
  [diag] inf dtype=torch.float32 shape=torch.Size([2048, 172]) nan=0 inf_vals=0 range=[0.00,36.00]
  [diag] scalar dtype=torch.float32 nan=0 range=[-0.700,1.000]
  [diag] card_logits nan=0 range=[-17.63,12.81]
  [diag] values nan=0 range=[-0.9516,0.8949]
[iter  18/30] steps= 2956 rollout_wr=0.549 (ussr=0.610 us=0.484) pl=-0.0149 vl=0.3976 ent=2.912 clip=0.091 kl=0.0027 t=21.6s (rollout=20.2s update=1.4s)
  [league] self: self | ussr_pool: ['v206_sc_scripted', 'v265_sc_scripted'] | us_pool: ['iter_0010', 'v263_sc_scripted']
  [pfsp]
    [ussr] v206_sc_scripted: WR_ussr=0.91(n=78) WR_us=?(n=0) pfsp=0.327
    [ussr] v265_sc_scripted: WR_ussr=0.65(n=129) WR_us=0.67(n=182) pfsp=0.909
    [us] iter_0010: WR_ussr=0.60(n=200) WR_us=0.44(n=274) pfsp=0.985
    [us] v263_sc_scripted: WR_ussr=0.63(n=248) WR_us=0.60(n=162) pfsp=0.956
  [diag] inf dtype=torch.float32 shape=torch.Size([2048, 172]) nan=0 inf_vals=0 range=[0.00,38.00]
  [diag] scalar dtype=torch.float32 nan=0 range=[-0.950,1.050]
  [diag] card_logits nan=0 range=[-17.69,11.64]
  [diag] values nan=0 range=[-0.9668,0.9045]
[iter  19/30] steps= 2713 rollout_wr=0.612 (ussr=0.710 us=0.510) pl=-0.0049 vl=0.3831 ent=2.862 clip=0.076 kl=0.0022 t=19.3s (rollout=17.9s update=1.4s)
  Saved to league pool: data/checkpoints/ppo_v280_sc_league/iter_0020.pt
  [league] self: self | ussr_pool: ['v263_sc_scripted', 'v267_sc_scripted'] | us_pool: ['iter_0010', 'iter_0010']
  [pfsp]
    [ussr] v263_sc_scripted: WR_ussr=0.63(n=248) WR_us=0.62(n=200) pfsp=0.933
    [ussr] v267_sc_scripted: WR_ussr=0.67(n=279) WR_us=0.57(n=96) pfsp=0.879
    [us] iter_0010: WR_ussr=0.60(n=200) WR_us=0.43(n=314) pfsp=0.979
  [diag] inf dtype=torch.float32 shape=torch.Size([2048, 172]) nan=0 inf_vals=0 range=[0.00,44.00]
  [diag] scalar dtype=torch.float32 nan=0 range=[-0.850,1.100]
  [diag] card_logits nan=0 range=[-17.26,15.36]
  [diag] values nan=0 range=[-0.9684,0.8323]
[iter  20/30] steps= 3288 rollout_wr=0.538 (ussr=0.620 us=0.455) pl=-0.0116 vl=0.3796 ent=2.893 clip=0.083 kl=0.0025 t=21.4s (rollout=19.9s update=1.5s)
  [jsd] iter=20 prev_iter=10 card_jsd=0.0052 top1=0.943 val_mae=0.1046
  [confirm] launched incremental Elo check for iter 20
  [league] self: self | ussr_pool: ['v265_sc_scripted', 'v264_sc_scripted'] | us_pool: ['iter_0020', 'iter_0020']
  [pfsp]
    [ussr] v265_sc_scripted: WR_ussr=0.65(n=169) WR_us=0.67(n=182) pfsp=0.909
    [ussr] v264_sc_scripted: WR_ussr=0.60(n=353) WR_us=0.63(n=248) pfsp=0.962
    [us] iter_0020: WR_ussr=?(n=0) WR_us=?(n=0) pfsp=1.000
  [diag] inf dtype=torch.float32 shape=torch.Size([2048, 172]) nan=0 inf_vals=0 range=[0.00,37.00]
  [diag] scalar dtype=torch.float32 nan=0 range=[-1.300,1.200]
  [diag] card_logits nan=0 range=[-18.26,13.85]
  [diag] values nan=0 range=[-0.9715,0.9457]
[iter  21/30] steps= 3185 rollout_wr=0.523 (ussr=0.580 us=0.465) pl=-0.0117 vl=0.3859 ent=2.900 clip=0.083 kl=0.0023 t=22.5s (rollout=21.1s update=1.4s)
  [league] self: self | ussr_pool: ['v262_sc_scripted', 'iter_0001'] | us_pool: ['iter_0001', 'v267_sc_scripted']
  [pfsp]
    [ussr] v262_sc_scripted: WR_ussr=0.68(n=306) WR_us=0.66(n=202) pfsp=0.871
    [ussr] iter_0001: WR_ussr=0.54(n=400) WR_us=0.49(n=583) pfsp=0.995
    [us] iter_0001: WR_ussr=0.54(n=400) WR_us=0.49(n=583) pfsp=0.999
    [us] v267_sc_scripted: WR_ussr=0.66(n=319) WR_us=0.57(n=96) pfsp=0.979
  [diag] inf dtype=torch.float32 shape=torch.Size([2048, 172]) nan=0 inf_vals=0 range=[0.00,38.00]
  [diag] scalar dtype=torch.float32 nan=0 range=[-0.900,1.100]
  [diag] card_logits nan=0 range=[-18.18,12.90]
  [diag] values nan=0 range=[-0.9588,0.8667]
[iter  22/30] steps= 2841 rollout_wr=0.539 (ussr=0.560 us=0.516) pl=-0.0165 vl=0.4039 ent=2.951 clip=0.083 kl=0.0026 t=21.6s (rollout=20.3s update=1.3s)
  [league] self: self | ussr_pool: ['iter_0001', 'v263_sc_scripted'] | us_pool: ['iter_0010', 'v266_sc_scripted']
  [pfsp]
    [ussr] iter_0001: WR_ussr=0.53(n=440) WR_us=0.49(n=622) pfsp=0.997
    [ussr] v263_sc_scripted: WR_ussr=0.64(n=288) WR_us=0.62(n=200) pfsp=0.927
    [us] iter_0010: WR_ussr=0.60(n=200) WR_us=0.44(n=393) pfsp=0.986
    [us] v266_sc_scripted: WR_ussr=0.65(n=384) WR_us=0.62(n=247) pfsp=0.943
  [diag] inf dtype=torch.float32 shape=torch.Size([2048, 172]) nan=0 inf_vals=0 range=[0.00,40.00]
  [diag] scalar dtype=torch.float32 nan=0 range=[-0.750,1.100]
  [diag] card_logits nan=0 range=[-17.85,12.71]
  [diag] values nan=0 range=[-0.9375,0.8867]
[iter  23/30] steps= 3049 rollout_wr=0.523 (ussr=0.590 us=0.454) pl=-0.0157 vl=0.3710 ent=2.982 clip=0.084 kl=0.0025 t=22.1s (rollout=20.7s update=1.4s)
  [league] self: self | ussr_pool: ['v262_sc_scripted', 'iter_0020'] | us_pool: ['iter_0010', 'v267_sc_scripted']
  [pfsp]
    [ussr] v262_sc_scripted: WR_ussr=0.67(n=346) WR_us=0.66(n=202) pfsp=0.884
    [ussr] iter_0020: WR_ussr=?(n=0) WR_us=0.47(n=79) pfsp=1.000
    [us] iter_0010: WR_ussr=0.60(n=200) WR_us=0.44(n=432) pfsp=0.984
    [us] v267_sc_scripted: WR_ussr=0.66(n=319) WR_us=0.56(n=130) pfsp=0.985
  [diag] inf dtype=torch.float32 shape=torch.Size([2048, 172]) nan=0 inf_vals=0 range=[0.00,37.00]
  [diag] scalar dtype=torch.float32 nan=0 range=[-0.550,1.000]
  [diag] card_logits nan=0 range=[-17.98,12.11]
  [diag] values nan=0 range=[-0.9338,0.8748]
[iter  24/30] steps= 3060 rollout_wr=0.621 (ussr=0.680 us=0.558) pl=-0.0129 vl=0.3809 ent=2.845 clip=0.083 kl=0.0023 t=22.7s (rollout=21.3s update=1.3s)
  [league] self: self | ussr_pool: ['v263_sc_scripted', 'iter_0020'] | us_pool: ['heuristic', 'iter_0010']
  [pfsp]
    [ussr] v263_sc_scripted: WR_ussr=0.64(n=328) WR_us=0.62(n=200) pfsp=0.918
    [ussr] iter_0020: WR_ussr=0.68(n=40) WR_us=0.47(n=79) pfsp=0.877
    [us] heuristic: WR_ussr=0.77(n=181) WR_us=0.58(n=85) pfsp=0.977
    [us] iter_0010: WR_ussr=0.60(n=200) WR_us=0.45(n=468) pfsp=0.990
  [diag] inf dtype=torch.float32 shape=torch.Size([2048, 172]) nan=0 inf_vals=0 range=[0.00,45.00]
  [diag] scalar dtype=torch.float32 nan=0 range=[-0.900,1.050]
  [diag] card_logits nan=0 range=[-17.61,10.96]
  [diag] values nan=0 range=[-0.9237,0.9178]
[iter  25/30] steps= 3160 rollout_wr=0.566 (ussr=0.630 us=0.500) pl=-0.0143 vl=0.3877 ent=2.955 clip=0.088 kl=0.0027 t=22.5s (rollout=21.2s update=1.4s)
  [league] self: self | ussr_pool: ['v264_sc_scripted', 'iter_0010'] | us_pool: ['iter_0001', 'v262_sc_scripted']
  [pfsp]
    [ussr] v264_sc_scripted: WR_ussr=0.59(n=393) WR_us=0.63(n=248) pfsp=0.967
    [ussr] iter_0010: WR_ussr=0.60(n=200) WR_us=0.45(n=508) pfsp=0.956
    [us] iter_0001: WR_ussr=0.53(n=480) WR_us=0.49(n=622) pfsp=0.999
    [us] v262_sc_scripted: WR_ussr=0.68(n=386) WR_us=0.66(n=202) pfsp=0.900
  [diag] inf dtype=torch.float32 shape=torch.Size([2048, 172]) nan=0 inf_vals=0 range=[0.00,41.00]
  [diag] scalar dtype=torch.float32 nan=0 range=[-0.950,1.000]
  [diag] card_logits nan=0 range=[-17.78,12.25]
  [diag] values nan=0 range=[-0.9338,0.9466]
[iter  26/30] steps= 2977 rollout_wr=0.605 (ussr=0.660 us=0.547) pl=-0.0147 vl=0.4163 ent=2.988 clip=0.120 kl=0.0043 t=22.3s (rollout=20.9s update=1.4s)
  [league] self: self | ussr_pool: ['v263_sc_scripted', 'iter_0010'] | us_pool: ['v210_sc_scripted', 'iter_0010']
  [pfsp]
    [ussr] v263_sc_scripted: WR_ussr=0.65(n=368) WR_us=0.62(n=200) pfsp=0.907
    [ussr] iter_0010: WR_ussr=0.60(n=240) WR_us=0.45(n=508) pfsp=0.957
    [us] v210_sc_scripted: WR_ussr=?(n=0) WR_us=0.66(n=179) pfsp=0.899
    [us] iter_0010: WR_ussr=0.60(n=240) WR_us=0.45(n=508) pfsp=0.989
  [diag] inf dtype=torch.float32 shape=torch.Size([2048, 172]) nan=0 inf_vals=0 range=[0.00,42.00]
  [diag] scalar dtype=torch.float32 nan=0 range=[-0.950,1.000]
  [diag] card_logits nan=0 range=[-18.17,12.61]
  [diag] values nan=0 range=[-0.9331,0.9328]
[iter  27/30] steps= 2879 rollout_wr=0.587 (ussr=0.670 us=0.500) pl=-0.0174 vl=0.3850 ent=2.903 clip=0.084 kl=0.0026 t=20.7s (rollout=19.4s update=1.3s)
  [league] self: self | ussr_pool: ['iter_0020', 'v205_sc_scripted'] | us_pool: ['v210_sc_scripted', 'v209_sc_scripted']
  [pfsp]
    [ussr] iter_0020: WR_ussr=0.62(n=80) WR_us=0.47(n=79) pfsp=0.938
    [ussr] v205_sc_scripted: WR_ussr=0.95(n=98) WR_us=?(n=0) pfsp=0.194
    [us] v210_sc_scripted: WR_ussr=?(n=0) WR_us=0.67(n=215) pfsp=0.885
    [us] v209_sc_scripted: WR_ussr=?(n=0) WR_us=0.65(n=250) pfsp=0.912
  [diag] inf dtype=torch.float32 shape=torch.Size([2048, 172]) nan=0 inf_vals=0 range=[0.00,36.00]
  [diag] scalar dtype=torch.float32 nan=0 range=[-0.600,1.150]
  [diag] card_logits nan=0 range=[-17.93,11.88]
  [diag] values nan=0 range=[-0.8788,0.9430]
[iter  28/30] steps= 2446 rollout_wr=0.693 (ussr=0.790 us=0.587) pl=-0.0369 vl=0.3910 ent=2.972 clip=0.137 kl=0.0044 t=19.0s (rollout=17.7s update=1.2s)
  [league] self: self | ussr_pool: ['v262_sc_scripted', 'iter_0020'] | us_pool: ['v210_sc_scripted', 'heuristic']
  [pfsp]
    [ussr] v262_sc_scripted: WR_ussr=0.68(n=386) WR_us=0.67(n=240) pfsp=0.876
    [ussr] iter_0020: WR_ussr=0.65(n=120) WR_us=0.47(n=79) pfsp=0.910
    [us] v210_sc_scripted: WR_ussr=?(n=0) WR_us=0.66(n=251) pfsp=0.901
    [us] heuristic: WR_ussr=0.77(n=181) WR_us=0.58(n=125) pfsp=0.972
  [diag] inf dtype=torch.float32 shape=torch.Size([2048, 172]) nan=0 inf_vals=0 range=[0.00,51.00]
  [diag] scalar dtype=torch.float32 nan=0 range=[-0.700,1.000]
  [diag] card_logits nan=0 range=[-18.13,12.19]
  [diag] values nan=0 range=[-0.8906,0.9022]
[iter  29/30] steps= 2767 rollout_wr=0.689 (ussr=0.750 us=0.625) pl=-0.0177 vl=0.3513 ent=2.888 clip=0.145 kl=0.0044 t=20.6s (rollout=19.2s update=1.4s)
  Saved to league pool: data/checkpoints/ppo_v280_sc_league/iter_0030.pt
  [league] self: self | ussr_pool: ['iter_0020', 'iter_0020'] | us_pool: ['iter_0001', 'v265_sc_scripted']
  [pfsp]
    [ussr] iter_0020: WR_ussr=0.66(n=160) WR_us=0.47(n=79) pfsp=0.902
    [us] iter_0001: WR_ussr=0.53(n=480) WR_us=0.49(n=660) pfsp=0.999
    [us] v265_sc_scripted: WR_ussr=0.65(n=209) WR_us=0.67(n=182) pfsp=0.884
  [diag] inf dtype=torch.float32 shape=torch.Size([2048, 172]) nan=0 inf_vals=0 range=[0.00,59.00]
  [diag] scalar dtype=torch.float32 nan=0 range=[-0.750,1.000]
  [diag] card_logits nan=0 range=[-17.97,12.99]
  [diag] values nan=0 range=[-0.9073,0.9595]
[iter  30/30] steps= 3198 rollout_wr=0.550 (ussr=0.620 us=0.480) pl=-0.0161 vl=0.3687 ent=3.028 clip=0.103 kl=0.0033 t=23.1s (rollout=21.6s update=1.4s)
  [jsd] iter=30 prev_iter=20 card_jsd=0.0051 top1=0.921 val_mae=0.1165
  [confirm] launched incremental Elo check for iter 30
ppo_best.pt ← ppo_final.pt (panel eval did not run; consider --eval-panel)
wandb: updating run metadata; uploading artifact run-cac083e6-chartsrollout_wr_table-LGQIkQ
wandb: uploading artifact run-cac083e6-chartsrollout_wr_table-LGQIkQ
wandb: uploading media/table/charts/rollout_wr_table_29_5f29d771cc79c3369c45.table.json; uploading output.log; uploading wandb-summary.json; uploading config.yaml
wandb: uploading history steps 28-29, summary, console lines 329-339
wandb: 
wandb: Run history:
wandb:               approx_kl █▂▁▃▁▁▁▁▁▁▁▁▂▁▂▁▁▁▁▁▁▁▁▁▁▃▁▃▃▂
wandb:           clip_fraction █▃▂▄▂▂▁▂▁▂▁▁▂▁▂▂▂▂▁▁▂▂▂▁▂▃▂▄▄▂
wandb: core_scalar_weight_norm ▁▂▂▂▁▁▁▂▂▁▂▂▃▄▄▅▅▅▅▅▆▆▆▇▇██▇▇█
wandb:                ent_coef ███▇▇▇▇▆▆▆▆▅▅▅▅▄▄▄▄▃▃▃▃▂▂▂▂▁▁▁
wandb:                 entropy ▃▂▄▆▆▃▅▄█▆▄▂▂▂▂▅▃▃▂▂▃▄▅▁▄▅▃▅▂▆
wandb:             iter_time_s ▃▁▇▆▃▅▃▇█▆▅▆▅▆▆█▇▅▁▅▇▅▆▇▇▆▄▁▄█
wandb:  jsd/card_early_vs_prev █▁
wandb:   jsd/card_late_vs_prev ▁█
wandb:    jsd/card_mid_vs_prev ▁█
wandb:        jsd/card_vs_prev █▁
wandb:                    +205 ...
wandb: 
wandb: Run summary:
wandb:               approx_kl 0.00327
wandb:           clip_fraction 0.10276
wandb: core_scalar_weight_norm 4.07402
wandb:                ent_coef 0.0093
wandb:                 entropy 3.02766
wandb:             iter_time_s 23.06386
wandb:  jsd/card_early_vs_prev 0.00747
wandb:   jsd/card_late_vs_prev 0.00244
wandb:    jsd/card_mid_vs_prev 0.00542
wandb:        jsd/card_vs_prev 0.00511
wandb:                    +205 ...
wandb: 
wandb: 🚀 View run ppo_v280_sc at: https://wandb.ai/korduban-ai/twilight-struggle-ai/runs/cac083e6
wandb: ⭐️ View project at: https://wandb.ai/korduban-ai/twilight-struggle-ai
wandb: Synced 5 W&B file(s), 30 media file(s), 60 artifact file(s) and 0 other file(s)
wandb: Find logs at: ./wandb/run-20260414_132218-cac083e6/logs

Training complete in 11.1 minutes
Checkpoints in: data/checkpoints/ppo_v280_sc_league
[ppo_train_dynamic] finished at 2026-04-14T20:33:32Z
