[ppo_train_dynamic] starting at 2026-04-14T04:28:40Z
wandb: [wandb.login()] Loaded credentials for https://api.wandb.ai from WANDB_API_KEY.
wandb: Currently logged in as: dkorduban (korduban-ai) to https://api.wandb.ai. Use `wandb login --relogin` to force relogin
wandb: setting up run 7914bf93
wandb: Tracking run with wandb version 0.25.1
wandb: Run data is saved locally in /home/dkord/code/twilight-struggle-ai/wandb/run-20260413_212842-7914bf93
wandb: Run `wandb offline` to turn off syncing.
wandb: Syncing run ppo_v197_sc
wandb: ⭐️ View project at https://wandb.ai/korduban-ai/twilight-struggle-ai
wandb: 🚀 View run at https://wandb.ai/korduban-ai/twilight-struggle-ai/runs/7914bf93
Loading checkpoint: data/checkpoints/ppo_v196_sc_league/ppo_best.pt
[smoke test] Smoke test passed: 10 games completed
  --reset-optimizer: skipping optimizer state restore, starting fresh Adam.

Starting PPO training: 30 iterations × 200 games/iter, side=both
Device: cuda, lr=5e-05, clip=0.12, ent=0.01, vf=0.5
League training enabled (pool: data/checkpoints/ppo_v197_sc_league, save-every=10)
  Saved to league pool: data/checkpoints/ppo_v197_sc_league/iter_0001.pt
  [league] self: self | ussr_pool: ['heuristic', 'iter_0001'] | us_pool: ['v19_scripted', 'v44_scripted']
  [pfsp]
    [ussr] heuristic: WR_ussr=0.18(n=226) WR_us=0.10(n=87) pfsp=0.583
    [ussr] iter_0001: WR_ussr=?(n=0) WR_us=?(n=0) pfsp=1.000
    [us] v19_scripted: WR_ussr=0.96(n=136) WR_us=0.93(n=114) pfsp=0.261
    [us] v44_scripted: WR_ussr=?(n=0) WR_us=0.93(n=133) pfsp=0.252
[Glasnost] resolving SALT bonus with random ops placeholder
  [diag] inf dtype=torch.float32 shape=torch.Size([2048, 172]) nan=0 inf_vals=0 range=[0.00,52.00]
  [diag] scalar dtype=torch.float32 nan=0 range=[-1.350,1.000]
  [diag] card_logits nan=0 range=[-20.81,18.45]
  [diag] values nan=0 range=[-0.9291,0.9127]
[iter   1/30] steps= 8690 rollout_wr=0.585 (ussr=0.320 us=0.850) pl=-0.0296 vl=0.1180 ent=3.648 clip=0.386 kl=0.0176 t=14.4s (rollout=10.2s update=4.2s)
  [league] self: self | ussr_pool: ['iter_0001', 'heuristic'] | us_pool: ['iter_0001', 'heuristic']
  [pfsp]
    [ussr] iter_0001: WR_ussr=0.42(n=40) WR_us=?(n=0) pfsp=0.977
    [ussr] heuristic: WR_ussr=0.17(n=266) WR_us=0.10(n=87) pfsp=0.562
    [us] iter_0001: WR_ussr=0.42(n=40) WR_us=?(n=0) pfsp=1.000
    [us] heuristic: WR_ussr=0.17(n=266) WR_us=0.10(n=87) pfsp=0.371
  [diag] inf dtype=torch.float32 shape=torch.Size([2048, 172]) nan=0 inf_vals=0 range=[0.00,50.00]
  [diag] scalar dtype=torch.float32 nan=0 range=[-1.250,1.000]
  [diag] card_logits nan=0 range=[-21.81,18.98]
  [diag] values nan=0 range=[-0.9552,0.8636]
[iter   2/30] steps=12582 rollout_wr=0.345 (ussr=0.340 us=0.350) pl=-0.0342 vl=0.1050 ent=3.599 clip=0.340 kl=0.0132 t=18.5s (rollout=13.5s update=5.0s)
  [league] self: self | ussr_pool: ['v45_scripted', 'v19_scripted'] | us_pool: ['v20_scripted', 'v44_scripted']
  [pfsp]
    [ussr] v45_scripted: WR_ussr=0.96(n=176) WR_us=?(n=0) pfsp=0.153
    [ussr] v19_scripted: WR_ussr=0.96(n=136) WR_us=0.92(n=154) pfsp=0.169
    [us] v20_scripted: WR_ussr=0.98(n=116) WR_us=0.92(n=118) pfsp=0.310
    [us] v44_scripted: WR_ussr=?(n=0) WR_us=0.94(n=173) pfsp=0.238
  [diag] inf dtype=torch.float32 shape=torch.Size([2048, 172]) nan=0 inf_vals=0 range=[0.00,41.00]
  [diag] scalar dtype=torch.float32 nan=0 range=[-0.950,1.000]
  [diag] card_logits nan=0 range=[-21.02,18.61]
  [diag] values nan=0 range=[-0.9083,0.8809]
[iter   3/30] steps= 5107 rollout_wr=0.840 (ussr=0.830 us=0.850) pl=-0.0212 vl=0.1630 ent=3.724 clip=0.205 kl=0.0057 t=7.7s (rollout=5.4s update=2.2s)
  [league] self: self | ussr_pool: ['heuristic', 'v22_scripted'] | us_pool: ['v55_scripted', 'v20_scripted']
  [pfsp]
    [ussr] heuristic: WR_ussr=0.16(n=306) WR_us=0.11(n=127) pfsp=0.538
    [ussr] v22_scripted: WR_ussr=0.96(n=222) WR_us=?(n=0) pfsp=0.139
    [us] v55_scripted: WR_ussr=0.95(n=112) WR_us=0.95(n=151) pfsp=0.201
    [us] v20_scripted: WR_ussr=0.98(n=116) WR_us=0.92(n=158) pfsp=0.281
  [diag] inf dtype=torch.float32 shape=torch.Size([2048, 172]) nan=0 inf_vals=0 range=[0.00,42.00]
  [diag] scalar dtype=torch.float32 nan=0 range=[-1.200,1.000]
  [diag] card_logits nan=0 range=[-19.97,17.86]
  [diag] values nan=0 range=[-0.8972,0.8813]
[iter   4/30] steps= 6429 rollout_wr=0.660 (ussr=0.500 us=0.820) pl=-0.0132 vl=0.1377 ent=3.690 clip=0.255 kl=0.0087 t=10.0s (rollout=7.5s update=2.5s)
  [league] self: self | ussr_pool: ['v57_scripted', 'v57_scripted'] | us_pool: ['heuristic', 'v54_scripted']
  [pfsp]
    [ussr] v57_scripted: WR_ussr=0.97(n=130) WR_us=0.94(n=158) pfsp=0.119
    [us] heuristic: WR_ussr=0.15(n=346) WR_us=0.11(n=127) pfsp=0.392
    [us] v54_scripted: WR_ussr=?(n=0) WR_us=0.92(n=132) pfsp=0.280
  [diag] inf dtype=torch.float32 shape=torch.Size([2048, 172]) nan=0 inf_vals=0 range=[0.00,47.00]
  [diag] scalar dtype=torch.float32 nan=0 range=[-0.850,1.200]
  [diag] card_logits nan=0 range=[-22.31,18.13]
  [diag] values nan=0 range=[-0.9375,0.8834]
[iter   5/30] steps= 6501 rollout_wr=0.660 (ussr=0.830 us=0.490) pl=-0.0302 vl=0.1324 ent=3.686 clip=0.253 kl=0.0081 t=9.9s (rollout=7.1s update=2.8s)
  [league] self: self | ussr_pool: ['iter_0001', 'v19_scripted'] | us_pool: ['iter_0001', 'iter_0001']
  [pfsp]
    [ussr] iter_0001: WR_ussr=0.45(n=80) WR_us=0.47(n=40) pfsp=0.990
    [ussr] v19_scripted: WR_ussr=0.96(n=176) WR_us=0.92(n=154) pfsp=0.153
    [us] iter_0001: WR_ussr=0.45(n=80) WR_us=0.47(n=40) pfsp=0.997
  [diag] inf dtype=torch.float32 shape=torch.Size([2048, 172]) nan=0 inf_vals=0 range=[0.00,64.00]
  [diag] scalar dtype=torch.float32 nan=0 range=[-1.000,1.000]
  [diag] card_logits nan=0 range=[-21.62,17.66]
  [diag] values nan=0 range=[-0.9324,0.8907]
[iter   6/30] steps=11053 rollout_wr=0.600 (ussr=0.590 us=0.610) pl=-0.0287 vl=0.1223 ent=3.627 clip=0.331 kl=0.0113 t=15.3s (rollout=10.9s update=4.4s)
  [league] self: self | ussr_pool: ['iter_0001', 'v19_scripted'] | us_pool: ['iter_0001', 'v54_scripted']
  [pfsp]
    [ussr] iter_0001: WR_ussr=0.44(n=120) WR_us=0.57(n=120) pfsp=0.986
    [ussr] v19_scripted: WR_ussr=0.95(n=216) WR_us=0.92(n=154) pfsp=0.177
    [us] iter_0001: WR_ussr=0.44(n=120) WR_us=0.57(n=120) pfsp=0.982
    [us] v54_scripted: WR_ussr=?(n=0) WR_us=0.93(n=172) pfsp=0.260
  [diag] inf dtype=torch.float32 shape=torch.Size([2048, 172]) nan=0 inf_vals=0 range=[0.00,54.00]
  [diag] scalar dtype=torch.float32 nan=0 range=[-0.900,1.000]
  [diag] card_logits nan=0 range=[-21.77,18.76]
  [diag] values nan=0 range=[-0.8903,0.9306]
[iter   7/30] steps= 9321 rollout_wr=0.655 (ussr=0.660 us=0.650) pl=-0.0281 vl=0.1233 ent=3.523 clip=0.266 kl=0.0101 t=13.1s (rollout=9.5s update=3.6s)
  [league] self: self | ussr_pool: ['v20_scripted', 'v20_scripted'] | us_pool: ['iter_0001', 'iter_0001']
  [pfsp]
    [ussr] v20_scripted: WR_ussr=0.98(n=116) WR_us=0.92(n=198) pfsp=0.068
    [us] iter_0001: WR_ussr=0.44(n=160) WR_us=0.54(n=160) pfsp=0.992
  [diag] inf dtype=torch.float32 shape=torch.Size([2048, 172]) nan=0 inf_vals=0 range=[0.00,44.00]
  [diag] scalar dtype=torch.float32 nan=0 range=[-0.950,1.000]
  [diag] card_logits nan=0 range=[-20.31,18.30]
  [diag] values nan=0 range=[-0.8801,0.9596]
[iter   8/30] steps= 8788 rollout_wr=0.750 (ussr=0.850 us=0.650) pl=-0.0290 vl=0.1147 ent=3.745 clip=0.296 kl=0.0113 t=12.3s (rollout=8.9s update=3.5s)
  [league] self: self | ussr_pool: ['v48_scripted', 'v55_scripted'] | us_pool: ['iter_0001', 'iter_0001']
  [pfsp]
    [ussr] v48_scripted: WR_ussr=0.97(n=126) WR_us=0.95(n=124) pfsp=0.123
    [ussr] v55_scripted: WR_ussr=0.95(n=112) WR_us=0.94(n=191) pfsp=0.203
    [us] iter_0001: WR_ussr=0.44(n=160) WR_us=0.58(n=240) pfsp=0.975
  [diag] inf dtype=torch.float32 shape=torch.Size([2048, 172]) nan=0 inf_vals=0 range=[0.00,47.00]
  [diag] scalar dtype=torch.float32 nan=0 range=[-1.000,1.000]
  [diag] card_logits nan=0 range=[-19.32,18.24]
  [diag] values nan=0 range=[-0.9205,0.9532]
[iter   9/30] steps= 9328 rollout_wr=0.695 (ussr=0.860 us=0.530) pl=-0.0258 vl=0.1169 ent=3.684 clip=0.244 kl=0.0083 t=13.1s (rollout=9.4s update=3.7s)
  Saved to league pool: data/checkpoints/ppo_v197_sc_league/iter_0010.pt
  [league] self: self | ussr_pool: ['v21_scripted', 'iter_0010'] | us_pool: ['iter_0001', 'v20_scripted']
  [pfsp]
    [ussr] v21_scripted: WR_ussr=0.96(n=131) WR_us=0.94(n=117) pfsp=0.147
    [ussr] iter_0010: WR_ussr=?(n=0) WR_us=?(n=0) pfsp=1.000
    [us] iter_0001: WR_ussr=0.44(n=160) WR_us=0.57(n=320) pfsp=0.979
    [us] v20_scripted: WR_ussr=0.97(n=196) WR_us=0.92(n=198) pfsp=0.297
  [diag] inf dtype=torch.float32 shape=torch.Size([2048, 172]) nan=0 inf_vals=0 range=[0.00,46.00]
  [diag] scalar dtype=torch.float32 nan=0 range=[-0.900,1.150]
  [diag] card_logits nan=0 range=[-22.76,18.96]
  [diag] values nan=0 range=[-0.9067,0.9457]
[iter  10/30] steps= 9376 rollout_wr=0.670 (ussr=0.670 us=0.670) pl=-0.0279 vl=0.1363 ent=3.710 clip=0.263 kl=0.0099 t=13.3s (rollout=9.6s update=3.6s)
  [probe] iter=10 card_jsd=0.0004 top1=0.984 val_mae=0.0679
  [confirm] launched incremental Elo check for iter 10
  [panel eval] launched pid=1043712 iter=10 panel=['v55', 'v54', 'v44', 'v45', 'v48']
  [league] self: self | ussr_pool: ['iter_0001', 'iter_0010'] | us_pool: ['v19_scripted', 'v57_scripted']
  [pfsp]
    [ussr] iter_0001: WR_ussr=0.44(n=160) WR_us=0.56(n=360) pfsp=0.987
    [ussr] iter_0010: WR_ussr=0.50(n=40) WR_us=?(n=0) pfsp=1.000
    [us] v19_scripted: WR_ussr=0.96(n=256) WR_us=0.92(n=154) pfsp=0.287
    [us] v57_scripted: WR_ussr=0.96(n=210) WR_us=0.94(n=158) pfsp=0.237
[Glasnost] resolving SALT bonus with random ops placeholder
  [diag] inf dtype=torch.float32 shape=torch.Size([2048, 172]) nan=0 inf_vals=0 range=[0.00,55.00]
  [diag] scalar dtype=torch.float32 nan=0 range=[-0.950,1.100]
  [diag] card_logits nan=0 range=[-22.37,19.95]
  [diag] values nan=0 range=[-0.9357,0.9465]
[iter  11/30] steps= 8825 rollout_wr=0.665 (ussr=0.460 us=0.870) pl=-0.0292 vl=0.1220 ent=3.597 clip=0.270 kl=0.0089 t=13.3s (rollout=9.8s update=3.5s)
  [panel eval iter 10] avg=0.950 elapsed=14s: v55=0.933 | v54=0.950 | v44=0.967 | v45=0.967 | v48=0.950
  [panel eval] NEW HIGH-WATER MARK iter=10 avg_wr=0.9500 → ppo_running_best.pt (provenance: ppo_iter0010.pt)
  [league] self: self | ussr_pool: ['v21_scripted', 'v19_scripted'] | us_pool: ['iter_0001', 'v55_scripted']
  [pfsp]
    [ussr] v21_scripted: WR_ussr=0.94(n=171) WR_us=0.94(n=117) pfsp=0.220
    [ussr] v19_scripted: WR_ussr=0.96(n=256) WR_us=0.93(n=194) pfsp=0.164
    [us] iter_0001: WR_ussr=0.47(n=200) WR_us=0.56(n=360) pfsp=0.984
    [us] v55_scripted: WR_ussr=0.95(n=152) WR_us=0.94(n=191) pfsp=0.236
  [diag] inf dtype=torch.float32 shape=torch.Size([2048, 172]) nan=0 inf_vals=0 range=[0.00,54.00]
  [diag] scalar dtype=torch.float32 nan=0 range=[-0.950,1.000]
  [diag] card_logits nan=0 range=[-21.65,18.41]
  [diag] values nan=0 range=[-0.9231,0.9315]
[iter  12/30] steps= 7315 rollout_wr=0.785 (ussr=0.850 us=0.720) pl=-0.0235 vl=0.1284 ent=3.632 clip=0.288 kl=0.0120 t=10.6s (rollout=7.6s update=3.0s)
  [league] self: self | ussr_pool: ['iter_0001', 'v20_scripted'] | us_pool: ['v20_scripted', 'iter_0001']
  [pfsp]
    [ussr] iter_0001: WR_ussr=0.47(n=200) WR_us=0.57(n=400) pfsp=0.995
    [ussr] v20_scripted: WR_ussr=0.97(n=196) WR_us=0.93(n=238) pfsp=0.119
    [us] v20_scripted: WR_ussr=0.97(n=196) WR_us=0.93(n=238) pfsp=0.265
    [us] iter_0001: WR_ussr=0.47(n=200) WR_us=0.57(n=400) pfsp=0.980
  [diag] inf dtype=torch.float32 shape=torch.Size([2048, 172]) nan=0 inf_vals=0 range=[0.00,49.00]
  [diag] scalar dtype=torch.float32 nan=0 range=[-0.950,1.000]
  [diag] card_logits nan=0 range=[-21.29,19.03]
  [diag] values nan=0 range=[-0.9634,0.9466]
[iter  13/30] steps= 9246 rollout_wr=0.725 (ussr=0.700 us=0.750) pl=-0.0237 vl=0.1146 ent=3.629 clip=0.269 kl=0.0094 t=13.1s (rollout=9.5s update=3.6s)
  [league] self: self | ussr_pool: ['iter_0001', 'iter_0001'] | us_pool: ['iter_0001', 'v54_scripted']
  [pfsp]
    [ussr] iter_0001: WR_ussr=0.48(n=240) WR_us=0.58(n=440) pfsp=0.999
    [us] iter_0001: WR_ussr=0.48(n=240) WR_us=0.58(n=440) pfsp=0.975
    [us] v54_scripted: WR_ussr=?(n=0) WR_us=0.93(n=212) pfsp=0.263
  [diag] inf dtype=torch.float32 shape=torch.Size([2048, 172]) nan=0 inf_vals=0 range=[0.00,61.00]
  [diag] scalar dtype=torch.float32 nan=0 range=[-1.000,1.000]
  [diag] card_logits nan=0 range=[-21.11,18.09]
  [diag] values nan=0 range=[-0.9050,0.9593]
[iter  14/30] steps=11211 rollout_wr=0.575 (ussr=0.430 us=0.720) pl=-0.0256 vl=0.1284 ent=3.598 clip=0.255 kl=0.0090 t=15.6s (rollout=11.2s update=4.4s)
  [league] self: self | ussr_pool: ['iter_0001', 'v48_scripted'] | us_pool: ['iter_0001', 'iter_0001']
  [pfsp]
    [ussr] iter_0001: WR_ussr=0.47(n=320) WR_us=0.58(n=480) pfsp=0.997
    [ussr] v48_scripted: WR_ussr=0.97(n=166) WR_us=0.95(n=124) pfsp=0.117
    [us] iter_0001: WR_ussr=0.47(n=320) WR_us=0.58(n=480) pfsp=0.974
  [diag] inf dtype=torch.float32 shape=torch.Size([2048, 172]) nan=0 inf_vals=0 range=[0.00,59.00]
  [diag] scalar dtype=torch.float32 nan=0 range=[-1.000,1.100]
  [diag] card_logits nan=0 range=[-21.41,19.88]
  [diag] values nan=0 range=[-0.8846,0.9294]
[iter  15/30] steps=11196 rollout_wr=0.595 (ussr=0.650 us=0.540) pl=-0.0270 vl=0.1107 ent=3.551 clip=0.246 kl=0.0096 t=15.5s (rollout=11.3s update=4.2s)
  [league] self: self | ussr_pool: ['iter_0010', 'iter_0001'] | us_pool: ['v57_scripted', 'v55_scripted']
  [pfsp]
    [ussr] iter_0010: WR_ussr=0.47(n=80) WR_us=?(n=0) pfsp=0.997
    [ussr] iter_0001: WR_ussr=0.46(n=360) WR_us=0.57(n=560) pfsp=0.995
    [us] v57_scripted: WR_ussr=0.96(n=210) WR_us=0.93(n=198) pfsp=0.245
    [us] v55_scripted: WR_ussr=0.95(n=152) WR_us=0.93(n=231) pfsp=0.258
  [diag] inf dtype=torch.float32 shape=torch.Size([2048, 172]) nan=0 inf_vals=0 range=[0.00,54.00]
  [diag] scalar dtype=torch.float32 nan=0 range=[-0.900,1.200]
  [diag] card_logits nan=0 range=[-20.44,19.25]
  [diag] values nan=0 range=[-0.9212,0.9239]
[iter  16/30] steps= 9156 rollout_wr=0.700 (ussr=0.520 us=0.880) pl=-0.0267 vl=0.1168 ent=3.670 clip=0.248 kl=0.0086 t=13.1s (rollout=9.7s update=3.4s)
  [league] self: self | ussr_pool: ['iter_0001', 'iter_0001'] | us_pool: ['iter_0001', 'iter_0001']
  [pfsp]
    [ussr] iter_0001: WR_ussr=0.47(n=400) WR_us=0.57(n=560) pfsp=0.997
    [us] iter_0001: WR_ussr=0.47(n=400) WR_us=0.57(n=560) pfsp=0.979
  [diag] inf dtype=torch.float32 shape=torch.Size([2048, 172]) nan=0 inf_vals=0 range=[0.00,46.00]
  [diag] scalar dtype=torch.float32 nan=0 range=[-0.950,1.050]
  [diag] card_logits nan=0 range=[-20.14,18.30]
  [diag] values nan=0 range=[-0.8939,0.9471]
[iter  17/30] steps=13096 rollout_wr=0.565 (ussr=0.510 us=0.620) pl=-0.0287 vl=0.1169 ent=3.602 clip=0.281 kl=0.0103 t=17.7s (rollout=12.7s update=4.9s)
  [league] self: self | ussr_pool: ['iter_0010', 'iter_0001'] | us_pool: ['iter_0010', 'v19_scripted']
  [pfsp]
    [ussr] iter_0010: WR_ussr=0.50(n=120) WR_us=?(n=0) pfsp=1.000
    [ussr] iter_0001: WR_ussr=0.49(n=480) WR_us=0.58(n=640) pfsp=0.999
    [us] iter_0010: WR_ussr=0.50(n=120) WR_us=?(n=0) pfsp=1.000
    [us] v19_scripted: WR_ussr=0.95(n=296) WR_us=0.93(n=194) pfsp=0.268
  [diag] inf dtype=torch.float32 shape=torch.Size([2048, 172]) nan=0 inf_vals=0 range=[0.00,53.00]
  [diag] scalar dtype=torch.float32 nan=0 range=[-1.000,1.000]
  [diag] card_logits nan=0 range=[-22.67,20.32]
  [diag] values nan=0 range=[-0.8900,0.9272]
[iter  18/30] steps=10901 rollout_wr=0.565 (ussr=0.480 us=0.650) pl=-0.0262 vl=0.1168 ent=3.503 clip=0.242 kl=0.0084 t=14.9s (rollout=10.7s update=4.2s)
  [league] self: self | ussr_pool: ['v48_scripted', 'heuristic'] | us_pool: ['iter_0001', 'heuristic']
  [pfsp]
    [ussr] v48_scripted: WR_ussr=0.98(n=206) WR_us=0.95(n=124) pfsp=0.095
    [ussr] heuristic: WR_ussr=0.15(n=346) WR_us=0.10(n=167) pfsp=0.519
    [us] iter_0001: WR_ussr=0.48(n=520) WR_us=0.58(n=640) pfsp=0.973
    [us] heuristic: WR_ussr=0.15(n=346) WR_us=0.10(n=167) pfsp=0.366
  [diag] inf dtype=torch.float32 shape=torch.Size([2048, 172]) nan=0 inf_vals=0 range=[0.00,54.00]
  [diag] scalar dtype=torch.float32 nan=0 range=[-1.300,1.000]
  [diag] card_logits nan=0 range=[-20.48,19.02]
  [diag] values nan=0 range=[-0.9456,0.9064]
[iter  19/30] steps=10667 rollout_wr=0.440 (ussr=0.550 us=0.330) pl=-0.0280 vl=0.1139 ent=3.652 clip=0.311 kl=0.0126 t=16.3s (rollout=12.2s update=4.1s)
  Saved to league pool: data/checkpoints/ppo_v197_sc_league/iter_0020.pt
  [league] self: self | ussr_pool: ['v19_scripted', 'heuristic'] | us_pool: ['v20_scripted', 'heuristic']
  [pfsp]
    [ussr] v19_scripted: WR_ussr=0.95(n=296) WR_us=0.94(n=234) pfsp=0.180
    [ussr] heuristic: WR_ussr=0.16(n=386) WR_us=0.08(n=207) pfsp=0.532
    [us] v20_scripted: WR_ussr=0.97(n=236) WR_us=0.94(n=278) pfsp=0.242
    [us] heuristic: WR_ussr=0.16(n=386) WR_us=0.08(n=207) pfsp=0.302
  [diag] inf dtype=torch.float32 shape=torch.Size([2048, 172]) nan=0 inf_vals=0 range=[0.00,49.00]
  [diag] scalar dtype=torch.float32 nan=0 range=[-1.000,1.000]
  [diag] card_logits nan=0 range=[-20.00,18.17]
  [diag] values nan=0 range=[-0.9676,0.9050]
[iter  20/30] steps= 7883 rollout_wr=0.515 (ussr=0.540 us=0.490) pl=-0.0279 vl=0.1383 ent=3.739 clip=0.258 kl=0.0085 t=12.9s (rollout=9.9s update=3.0s)
  [probe] iter=20 card_jsd=0.0003 top1=0.980 val_mae=0.0538
  [confirm] launched incremental Elo check for iter 20
  [panel eval] launched pid=1044086 iter=20 panel=['v55', 'v54', 'v44', 'v45', 'v48']
  [league] self: self | ussr_pool: ['iter_0020', 'heuristic'] | us_pool: ['iter_0001', 'iter_0010']
  [pfsp]
    [ussr] iter_0020: WR_ussr=?(n=0) WR_us=?(n=0) pfsp=1.000
    [ussr] heuristic: WR_ussr=0.16(n=426) WR_us=0.08(n=247) pfsp=0.543
    [us] iter_0001: WR_ussr=0.48(n=520) WR_us=0.58(n=680) pfsp=0.974
    [us] iter_0010: WR_ussr=0.51(n=160) WR_us=0.42(n=40) pfsp=0.977
  [diag] inf dtype=torch.float32 shape=torch.Size([2048, 172]) nan=0 inf_vals=0 range=[0.00,61.00]
  [diag] scalar dtype=torch.float32 nan=0 range=[-1.250,1.000]
  [diag] card_logits nan=0 range=[-21.25,18.99]
  [diag] values nan=0 range=[-0.9584,0.8305]
[iter  21/30] steps=12777 rollout_wr=0.450 (ussr=0.330 us=0.570) pl=-0.0288 vl=0.1091 ent=3.581 clip=0.260 kl=0.0087 t=20.3s (rollout=15.5s update=4.8s)
  [panel eval iter 20] avg=0.962 elapsed=21s: v55=0.950 | v54=0.933 | v44=0.967 | v45=0.967 | v48=1.000
  [panel eval] NEW HIGH-WATER MARK iter=20 avg_wr=0.9618 → ppo_running_best.pt (provenance: ppo_iter0020.pt)
  [league] self: self | ussr_pool: ['iter_0020', 'iter_0001'] | us_pool: ['iter_0001', 'iter_0001']
  [pfsp]
    [ussr] iter_0020: WR_ussr=0.45(n=40) WR_us=?(n=0) pfsp=0.990
    [ussr] iter_0001: WR_ussr=0.48(n=520) WR_us=0.58(n=720) pfsp=0.999
    [us] iter_0001: WR_ussr=0.48(n=520) WR_us=0.58(n=720) pfsp=0.974
  [diag] inf dtype=torch.float32 shape=torch.Size([2048, 172]) nan=0 inf_vals=0 range=[0.00,53.00]
  [diag] scalar dtype=torch.float32 nan=0 range=[-1.000,1.000]
  [diag] card_logits nan=0 range=[-22.30,18.25]
  [diag] values nan=0 range=[-0.9333,0.9117]
[iter  22/30] steps=13101 rollout_wr=0.490 (ussr=0.460 us=0.520) pl=-0.0295 vl=0.1116 ent=3.530 clip=0.272 kl=0.0101 t=19.2s (rollout=14.2s update=4.9s)
  [league] self: self | ussr_pool: ['v57_scripted', 'v48_scripted'] | us_pool: ['v55_scripted', 'iter_0020']
  [pfsp]
    [ussr] v57_scripted: WR_ussr=0.96(n=210) WR_us=0.94(n=238) pfsp=0.147
    [ussr] v48_scripted: WR_ussr=0.98(n=246) WR_us=0.95(n=124) pfsp=0.095
    [us] v55_scripted: WR_ussr=0.95(n=152) WR_us=0.94(n=271) pfsp=0.222
    [us] iter_0020: WR_ussr=0.42(n=80) WR_us=?(n=0) pfsp=1.000
  [diag] inf dtype=torch.float32 shape=torch.Size([2048, 172]) nan=0 inf_vals=0 range=[0.00,52.00]
  [diag] scalar dtype=torch.float32 nan=0 range=[-1.150,1.050]
  [diag] card_logits nan=0 range=[-21.55,16.39]
  [diag] values nan=0 range=[-0.9338,0.9027]
[iter  23/30] steps= 6966 rollout_wr=0.770 (ussr=0.870 us=0.670) pl=-0.0275 vl=0.1464 ent=3.671 clip=0.273 kl=0.0090 t=11.5s (rollout=8.7s update=2.8s)
  [league] self: self | ussr_pool: ['v55_scripted', 'v19_scripted'] | us_pool: ['v48_scripted', 'iter_0001']
  [pfsp]
    [ussr] v55_scripted: WR_ussr=0.95(n=152) WR_us=0.95(n=311) pfsp=0.176
    [ussr] v19_scripted: WR_ussr=0.95(n=336) WR_us=0.94(n=234) pfsp=0.192
    [us] v48_scripted: WR_ussr=0.98(n=286) WR_us=0.95(n=124) pfsp=0.184
    [us] iter_0001: WR_ussr=0.49(n=560) WR_us=0.58(n=800) pfsp=0.976
  [diag] inf dtype=torch.float32 shape=torch.Size([2048, 172]) nan=0 inf_vals=0 range=[0.00,53.00]
  [diag] scalar dtype=torch.float32 nan=0 range=[-0.950,1.000]
  [diag] card_logits nan=0 range=[-23.18,19.40]
  [diag] values nan=0 range=[-0.9494,0.9520]
[iter  24/30] steps= 7034 rollout_wr=0.815 (ussr=0.880 us=0.750) pl=-0.0230 vl=0.1304 ent=3.674 clip=0.302 kl=0.0120 t=12.2s (rollout=9.1s update=3.1s)
  [league] self: self | ussr_pool: ['v48_scripted', 'iter_0020'] | us_pool: ['heuristic', 'v48_scripted']
  [pfsp]
    [ussr] v48_scripted: WR_ussr=0.98(n=286) WR_us=0.94(n=164) pfsp=0.096
    [ussr] iter_0020: WR_ussr=0.42(n=80) WR_us=0.45(n=40) pfsp=0.977
    [us] heuristic: WR_ussr=0.16(n=466) WR_us=0.08(n=247) pfsp=0.284
    [us] v48_scripted: WR_ussr=0.98(n=286) WR_us=0.94(n=164) pfsp=0.229
  [diag] inf dtype=torch.float32 shape=torch.Size([2048, 172]) nan=0 inf_vals=0 range=[0.00,44.00]
  [diag] scalar dtype=torch.float32 nan=0 range=[-0.950,1.250]
  [diag] card_logits nan=0 range=[-22.92,19.87]
  [diag] values nan=0 range=[-0.9438,0.9650]
[iter  25/30] steps= 8012 rollout_wr=0.605 (ussr=0.710 us=0.500) pl=-0.0268 vl=0.1205 ent=3.695 clip=0.280 kl=0.0099 t=15.2s (rollout=11.8s update=3.5s)
  [league] self: self | ussr_pool: ['v45_scripted', 'v55_scripted'] | us_pool: ['v54_scripted', 'v19_scripted']
  [pfsp]
    [ussr] v45_scripted: WR_ussr=0.95(n=216) WR_us=?(n=0) pfsp=0.193
    [ussr] v55_scripted: WR_ussr=0.95(n=192) WR_us=0.95(n=311) pfsp=0.179
    [us] v54_scripted: WR_ussr=?(n=0) WR_us=0.93(n=252) pfsp=0.265
    [us] v19_scripted: WR_ussr=0.95(n=376) WR_us=0.94(n=234) pfsp=0.240
  [diag] inf dtype=torch.float32 shape=torch.Size([2048, 172]) nan=0 inf_vals=0 range=[0.00,49.00]
  [diag] scalar dtype=torch.float32 nan=0 range=[-0.950,1.000]
  [diag] card_logits nan=0 range=[-22.73,18.62]
  [diag] values nan=0 range=[-0.8213,0.9231]
[iter  26/30] steps= 5053 rollout_wr=0.885 (ussr=0.900 us=0.870) pl=-0.0286 vl=0.1631 ent=3.635 clip=0.268 kl=0.0092 t=9.3s (rollout=7.1s update=2.1s)
  [league] self: self | ussr_pool: ['v22_scripted', 'iter_0001'] | us_pool: ['iter_0001', 'v57_scripted']
  [pfsp]
    [ussr] v22_scripted: WR_ussr=0.96(n=262) WR_us=?(n=0) pfsp=0.147
    [ussr] iter_0001: WR_ussr=0.49(n=560) WR_us=0.58(n=840) pfsp=0.999
    [us] iter_0001: WR_ussr=0.49(n=560) WR_us=0.58(n=840) pfsp=0.972
    [us] v57_scripted: WR_ussr=0.96(n=250) WR_us=0.94(n=238) pfsp=0.221
  [diag] inf dtype=torch.float32 shape=torch.Size([2048, 172]) nan=0 inf_vals=0 range=[0.00,50.00]
  [diag] scalar dtype=torch.float32 nan=0 range=[-0.950,1.000]
  [diag] card_logits nan=0 range=[-21.72,20.32]
  [diag] values nan=0 range=[-0.9170,0.9516]
[iter  27/30] steps= 9089 rollout_wr=0.675 (ussr=0.630 us=0.720) pl=-0.0287 vl=0.1301 ent=3.645 clip=0.306 kl=0.0119 t=15.7s (rollout=12.1s update=3.7s)
  [league] self: self | ussr_pool: ['v20_scripted', 'iter_0020'] | us_pool: ['iter_0001', 'iter_0010']
  [pfsp]
    [ussr] v20_scripted: WR_ussr=0.97(n=236) WR_us=0.93(n=318) pfsp=0.099
    [ussr] iter_0020: WR_ussr=0.45(n=120) WR_us=0.45(n=40) pfsp=0.990
    [us] iter_0001: WR_ussr=0.48(n=600) WR_us=0.59(n=880) pfsp=0.970
    [us] iter_0010: WR_ussr=0.51(n=160) WR_us=0.50(n=80) pfsp=1.000
  [diag] inf dtype=torch.float32 shape=torch.Size([2048, 172]) nan=0 inf_vals=0 range=[0.00,49.00]
  [diag] scalar dtype=torch.float32 nan=0 range=[-0.950,1.000]
  [diag] card_logits nan=0 range=[-22.50,19.23]
  [diag] values nan=0 range=[-0.8633,0.9447]
[iter  28/30] steps=11293 rollout_wr=0.640 (ussr=0.720 us=0.560) pl=-0.0266 vl=0.1016 ent=3.627 clip=0.337 kl=0.0129 t=17.8s (rollout=13.4s update=4.4s)
  [league] self: self | ussr_pool: ['heuristic', 'iter_0020'] | us_pool: ['v19_scripted', 'iter_0010']
  [pfsp]
    [ussr] heuristic: WR_ussr=0.16(n=466) WR_us=0.07(n=287) pfsp=0.534
    [ussr] iter_0020: WR_ussr=0.47(n=160) WR_us=0.45(n=40) pfsp=0.996
    [us] v19_scripted: WR_ussr=0.95(n=376) WR_us=0.94(n=274) pfsp=0.220
    [us] iter_0010: WR_ussr=0.51(n=160) WR_us=0.53(n=120) pfsp=0.996
  [diag] inf dtype=torch.float32 shape=torch.Size([2048, 172]) nan=0 inf_vals=0 range=[0.00,41.00]
  [diag] scalar dtype=torch.float32 nan=0 range=[-1.100,1.000]
  [diag] card_logits nan=0 range=[-22.07,19.96]
  [diag] values nan=0 range=[-0.9122,0.9393]
[iter  29/30] steps=10084 rollout_wr=0.560 (ussr=0.380 us=0.740) pl=-0.0266 vl=0.1199 ent=3.551 clip=0.265 kl=0.0102 t=15.7s (rollout=11.9s update=3.8s)
  Saved to league pool: data/checkpoints/ppo_v197_sc_league/iter_0030.pt
  [league] self: self | ussr_pool: ['iter_0010', 'v22_scripted'] | us_pool: ['v21_scripted', 'iter_0001']
  [pfsp]
    [ussr] iter_0010: WR_ussr=0.51(n=160) WR_us=0.53(n=160) pfsp=1.000
    [ussr] v22_scripted: WR_ussr=0.96(n=302) WR_us=?(n=0) pfsp=0.153
    [us] v21_scripted: WR_ussr=0.95(n=211) WR_us=0.94(n=117) pfsp=0.225
    [us] iter_0001: WR_ussr=0.48(n=600) WR_us=0.58(n=920) pfsp=0.971
  [diag] inf dtype=torch.float32 shape=torch.Size([2048, 172]) nan=0 inf_vals=0 range=[0.00,43.00]
  [diag] scalar dtype=torch.float32 nan=0 range=[-1.050,1.000]
  [diag] card_logits nan=0 range=[-23.97,18.73]
  [diag] values nan=0 range=[-0.9072,0.9371]
[iter  30/30] steps= 8930 rollout_wr=0.675 (ussr=0.700 us=0.650) pl=-0.0289 vl=0.1199 ent=3.581 clip=0.252 kl=0.0089 t=13.3s (rollout=9.8s update=3.5s)
  [probe] iter=30 card_jsd=0.0004 top1=0.983 val_mae=0.0719
  [confirm] launched incremental Elo check for iter 30
  [panel eval] launched pid=1044780 iter=30 panel=['v55', 'v54', 'v44', 'v45', 'v48']
wandb: updating run metadata; uploading artifact run-7914bf93-chartsrollout_wr_table-IPTz7A
wandb: uploading artifact run-7914bf93-chartsrollout_wr_table-IPTz7A
wandb: uploading wandb-summary.json; uploading config.yaml; uploading media/table/charts/rollout_wr_table_29_8570ff72a7c85c0a4215.table.json; uploading output.log
wandb: 
wandb: Run history:
wandb:               approx_kl █▅▁▃▂▄▄▄▃▃▃▅▃▃▃▃▄▃▅▃▃▄▃▅▃▃▅▅▄▃
wandb:           clip_fraction █▆▁▃▃▆▃▅▃▃▄▄▃▃▃▃▄▂▅▃▃▄▄▅▄▃▅▆▃▃
wandb: core_scalar_weight_norm ▁▁▂▂▃▃▃▃▄▄▅▅▆▆▇▇▇▇▆▇▇▇▇▇▇▇▇▇▇█
wandb:                ent_coef ███▇▇▇▇▆▆▆▆▅▅▅▅▄▄▄▄▃▃▃▃▂▂▂▂▁▁▁
wandb:                 entropy ▅▄▇▆▆▅▂█▆▇▄▅▅▄▂▆▄▁▅█▃▂▆▆▇▅▅▅▂▃
wandb:             iter_time_s ▅▇▁▂▂▅▄▄▄▄▄▃▄▅▅▄▇▅▆▄█▇▃▄▅▂▅▇▅▄
wandb:        meta/iter_time_s ▅▇▁▂▂▅▄▄▄▄▄▃▄▅▅▄▇▅▆▄█▇▃▄▅▂▅▇▅▄
wandb:                 n_steps ▄█▁▂▂▆▅▄▅▅▄▃▅▆▆▅█▆▆▃██▃▃▄▁▅▆▅▄
wandb:  new_scalar_weight_norm ▃▆▇██▇▅▃▃▂▁▂▄▄▆▆▃▃▅▆▇▆▆▇▆▅▄▅▅▅
wandb:   panel/avg_combined_wr ▁█
wandb:                    +203 ...
wandb: 
wandb: Run summary:
wandb:               approx_kl 0.00893
wandb:           clip_fraction 0.25187
wandb: core_scalar_weight_norm 4.05812
wandb:                ent_coef 0.003
wandb:                 entropy 3.58098
wandb:             iter_time_s 13.26409
wandb:        meta/iter_time_s 13.26409
wandb:                 n_steps 8930
wandb:  new_scalar_weight_norm 2.71126
wandb:   panel/avg_combined_wr 0.96181
wandb:                    +203 ...
wandb: 
wandb: 🚀 View run ppo_v197_sc at: https://wandb.ai/korduban-ai/twilight-struggle-ai/runs/7914bf93
wandb: ⭐️ View project at: https://wandb.ai/korduban-ai/twilight-struggle-ai
wandb: Synced 5 W&B file(s), 30 media file(s), 60 artifact file(s) and 0 other file(s)
wandb: Find logs at: ./wandb/run-20260413_212842-7914bf93/logs

Training complete in 7.4 minutes
Checkpoints in: data/checkpoints/ppo_v197_sc_league
[ppo_train_dynamic] finished at 2026-04-14T04:36:11Z
