wandb: [wandb.login()] Loaded credentials for https://api.wandb.ai from WANDB_API_KEY.
wandb: Currently logged in as: dkorduban (korduban-ai) to https://api.wandb.ai. Use `wandb login --relogin` to force relogin
wandb: setting up run 3dee5fc7
wandb: Tracking run with wandb version 0.25.1
wandb: Run data is saved locally in /home/dkord/code/twilight-struggle-ai/wandb/run-20260412_102121-3dee5fc7
wandb: Run `wandb offline` to turn off syncing.
wandb: Syncing run ppo_v78_sc
wandb: ⭐️ View project at https://wandb.ai/korduban-ai/twilight-struggle-ai
wandb: 🚀 View run at https://wandb.ai/korduban-ai/twilight-struggle-ai/runs/3dee5fc7
[tracking] log_experiment_start failed: cannot access local variable 'sys' where it is not associated with a value
Loading checkpoint: data/checkpoints/ppo_v77_sc_league/ppo_best.pt
[smoke test] Smoke test passed: 10 games completed
  --reset-optimizer: skipping optimizer state restore, starting fresh Adam.

Starting PPO training: 30 iterations × 200 games/iter, side=both
Device: cuda, lr=2e-05, clip=0.12, ent=0.01, vf=0.5
League training enabled (pool: data/checkpoints/ppo_v78_sc_league, save-every=10)
  Saved to league pool: data/checkpoints/ppo_v78_sc_league/iter_0001.pt
  [league] self: self | ussr_pool: ['v45_scripted', 'iter_0001'] | us_pool: ['iter_0001', 'iter_0001']
  [pfsp]
    [ussr] v45_scripted: WR_ussr=0.44(n=1292) WR_us=?(n=0) pfsp=0.561
    [ussr] iter_0001: WR_ussr=?(n=0) WR_us=?(n=0) pfsp=1.000
    [us] iter_0001: WR_ussr=?(n=0) WR_us=?(n=0) pfsp=1.000
  [diag] inf dtype=torch.float32 shape=torch.Size([2048, 172]) nan=0 inf_vals=0 range=[0.00,37.00]
  [diag] scalar dtype=torch.float32 nan=0 range=[-0.750,1.125]
  [diag] card_logits nan=0 range=[-18.91,13.69]
  [diag] values nan=0 range=[-0.9719,0.9753]
[iter   1/30] steps=13282 rollout_wr=0.390 (ussr=0.410 us=0.370) pl=-0.0150 vl=0.1072 ent=3.877 clip=0.109 kl=0.0030 t=173.5s (rollout=166.7s update=6.8s)
  [league] self: self | ussr_pool: ['iter_0001', 'iter_0001'] | us_pool: ['iter_0001', 'iter_0001']
  [pfsp]
    [ussr] iter_0001: WR_ussr=0.35(n=40) WR_us=0.36(n=80) pfsp=0.650
    [us] iter_0001: WR_ussr=0.35(n=40) WR_us=0.36(n=80) pfsp=0.637
  [diag] inf dtype=torch.float32 shape=torch.Size([2048, 172]) nan=0 inf_vals=0 range=[0.00,33.00]
  [diag] scalar dtype=torch.float32 nan=0 range=[-1.000,1.250]
  [diag] card_logits nan=0 range=[-18.33,14.11]
  [diag] values nan=0 range=[-0.9639,0.9538]
[iter   2/30] steps=13088 rollout_wr=0.345 (ussr=0.360 us=0.330) pl=-0.0114 vl=0.0990 ent=3.919 clip=0.090 kl=0.0025 t=79.4s (rollout=73.8s update=5.6s)
  [league] self: self | ussr_pool: ['iter_0001', 'iter_0001'] | us_pool: ['iter_0001', 'iter_0001']
  [pfsp]
    [ussr] iter_0001: WR_ussr=0.36(n=120) WR_us=0.34(n=160) pfsp=0.642
    [us] iter_0001: WR_ussr=0.36(n=120) WR_us=0.34(n=160) pfsp=0.656
  [diag] inf dtype=torch.float32 shape=torch.Size([2048, 172]) nan=0 inf_vals=0 range=[0.00,34.00]
  [diag] scalar dtype=torch.float32 nan=0 range=[-0.950,1.125]
  [diag] card_logits nan=0 range=[-18.82,13.55]
  [diag] values nan=0 range=[-0.9677,0.9329]
[iter   3/30] steps=13229 rollout_wr=0.415 (ussr=0.450 us=0.380) pl=-0.0134 vl=0.1126 ent=3.866 clip=0.071 kl=0.0021 t=89.1s (rollout=83.9s update=5.2s)
  [league] self: self | ussr_pool: ['iter_0001', 'iter_0001'] | us_pool: ['iter_0001', 'iter_0001']
  [pfsp]
    [ussr] iter_0001: WR_ussr=0.39(n=200) WR_us=0.35(n=240) pfsp=0.610
    [us] iter_0001: WR_ussr=0.39(n=200) WR_us=0.35(n=240) pfsp=0.650
  [diag] inf dtype=torch.float32 shape=torch.Size([2048, 172]) nan=0 inf_vals=0 range=[0.00,38.00]
  [diag] scalar dtype=torch.float32 nan=0 range=[-0.850,1.125]
  [diag] card_logits nan=0 range=[-19.04,14.41]
  [diag] values nan=0 range=[-0.9705,0.9268]
[iter   4/30] steps=13300 rollout_wr=0.380 (ussr=0.370 us=0.390) pl=-0.0125 vl=0.1048 ent=3.894 clip=0.065 kl=0.0019 t=93.5s (rollout=88.1s update=5.4s)
  [league] self: self | ussr_pool: ['iter_0001', 'iter_0001'] | us_pool: ['heuristic', 'iter_0001']
  [pfsp]
    [ussr] iter_0001: WR_ussr=0.39(n=280) WR_us=0.35(n=320) pfsp=0.607
    [us] heuristic: WR_ussr=0.90(n=242) WR_us=0.71(n=384) pfsp=0.292
    [us] iter_0001: WR_ussr=0.39(n=280) WR_us=0.35(n=320) pfsp=0.647
  [diag] inf dtype=torch.float32 shape=torch.Size([2048, 172]) nan=0 inf_vals=0 range=[0.00,34.00]
  [diag] scalar dtype=torch.float32 nan=0 range=[-0.950,1.125]
  [diag] card_logits nan=0 range=[-19.50,14.33]
  [diag] values nan=0 range=[-0.9555,0.9664]
[iter   5/30] steps=13388 rollout_wr=0.485 (ussr=0.370 us=0.600) pl=-0.0148 vl=0.1010 ent=3.926 clip=0.105 kl=0.0029 t=72.7s (rollout=67.2s update=5.5s)
  [league] self: self | ussr_pool: ['iter_0001', 'iter_0001'] | us_pool: ['iter_0001', 'iter_0001']
  [pfsp]
    [ussr] iter_0001: WR_ussr=0.37(n=360) WR_us=0.37(n=360) pfsp=0.628
    [us] iter_0001: WR_ussr=0.37(n=360) WR_us=0.37(n=360) pfsp=0.633
  [diag] inf dtype=torch.float32 shape=torch.Size([2048, 172]) nan=0 inf_vals=0 range=[0.00,34.00]
  [diag] scalar dtype=torch.float32 nan=0 range=[-0.900,1.125]
  [diag] card_logits nan=0 range=[-18.09,15.21]
  [diag] values nan=0 range=[-0.9610,0.9538]
[iter   6/30] steps=13288 rollout_wr=0.425 (ussr=0.370 us=0.480) pl=-0.0138 vl=0.1072 ent=3.856 clip=0.075 kl=0.0023 t=31.7s (rollout=26.4s update=5.3s)
  [league] self: self | ussr_pool: ['iter_0001', 'iter_0001'] | us_pool: ['iter_0001', 'iter_0001']
  [pfsp]
    [ussr] iter_0001: WR_ussr=0.37(n=440) WR_us=0.39(n=440) pfsp=0.627
    [us] iter_0001: WR_ussr=0.37(n=440) WR_us=0.39(n=440) pfsp=0.614
  [diag] inf dtype=torch.float32 shape=torch.Size([2048, 172]) nan=0 inf_vals=0 range=[0.00,38.00]
  [diag] scalar dtype=torch.float32 nan=0 range=[-0.950,1.125]
  [diag] card_logits nan=0 range=[-19.06,12.98]
  [diag] values nan=0 range=[-0.9627,0.9492]
[iter   7/30] steps=13157 rollout_wr=0.350 (ussr=0.340 us=0.360) pl=-0.0137 vl=0.1071 ent=3.918 clip=0.070 kl=0.0020 t=31.2s (rollout=25.9s update=5.3s)
  [league] self: self | ussr_pool: ['iter_0001', 'iter_0001'] | us_pool: ['v55_scripted', 'iter_0001']
  [pfsp]
    [ussr] iter_0001: WR_ussr=0.37(n=520) WR_us=0.38(n=520) pfsp=0.631
    [us] v55_scripted: WR_ussr=?(n=0) WR_us=0.31(n=1389) pfsp=0.691
    [us] iter_0001: WR_ussr=0.37(n=520) WR_us=0.38(n=520) pfsp=0.623
  [diag] inf dtype=torch.float32 shape=torch.Size([2048, 172]) nan=0 inf_vals=0 range=[0.00,32.00]
  [diag] scalar dtype=torch.float32 nan=0 range=[-0.750,1.125]
  [diag] card_logits nan=0 range=[-19.56,15.68]
  [diag] values nan=0 range=[-0.9598,0.9544]
[iter   8/30] steps=12922 rollout_wr=0.405 (ussr=0.440 us=0.370) pl=-0.0091 vl=0.1114 ent=3.896 clip=0.084 kl=0.0024 t=31.3s (rollout=26.1s update=5.2s)
  [league] self: self | ussr_pool: ['iter_0001', 'iter_0001'] | us_pool: ['iter_0001', 'v55_scripted']
  [pfsp]
    [ussr] iter_0001: WR_ussr=0.38(n=600) WR_us=0.37(n=560) pfsp=0.620
    [us] iter_0001: WR_ussr=0.38(n=600) WR_us=0.37(n=560) pfsp=0.627
    [us] v55_scripted: WR_ussr=?(n=0) WR_us=0.31(n=1429) pfsp=0.690
  [diag] inf dtype=torch.float32 shape=torch.Size([2048, 172]) nan=0 inf_vals=0 range=[0.00,38.00]
  [diag] scalar dtype=torch.float32 nan=0 range=[-0.800,1.125]
  [diag] card_logits nan=0 range=[-18.63,14.34]
  [diag] values nan=0 range=[-0.9618,0.9271]
[iter   9/30] steps=13355 rollout_wr=0.480 (ussr=0.530 us=0.430) pl=-0.0122 vl=0.1236 ent=3.878 clip=0.070 kl=0.0020 t=31.8s (rollout=26.4s update=5.3s)
  Saved to league pool: data/checkpoints/ppo_v78_sc_league/iter_0010.pt
  [league] self: self | ussr_pool: ['iter_0010', 'iter_0010'] | us_pool: ['iter_0001', 'iter_0010']
  [pfsp]
    [ussr] iter_0010: WR_ussr=?(n=0) WR_us=?(n=0) pfsp=1.000
    [us] iter_0001: WR_ussr=0.40(n=680) WR_us=0.38(n=600) pfsp=0.623
    [us] iter_0010: WR_ussr=?(n=0) WR_us=?(n=0) pfsp=1.000
  [diag] inf dtype=torch.float32 shape=torch.Size([2048, 172]) nan=0 inf_vals=0 range=[0.00,39.00]
  [diag] scalar dtype=torch.float32 nan=0 range=[-0.850,1.125]
  [diag] card_logits nan=0 range=[-19.86,15.08]
  [diag] values nan=0 range=[-0.9419,0.9615]
[iter  10/30] steps=13020 rollout_wr=0.490 (ussr=0.500 us=0.480) pl=-0.0133 vl=0.1091 ent=3.912 clip=0.074 kl=0.0021 t=32.1s (rollout=26.9s update=5.2s)
  [confirm] launched incremental Elo check for iter 10
  [panel eval] launched pid=562255 iter=10 panel=['v55', 'v54', 'v44', 'v45', 'v14']
  [league] self: self | ussr_pool: ['iter_0010', 'iter_0010'] | us_pool: ['heuristic', 'iter_0010']
  [pfsp]
    [ussr] iter_0010: WR_ussr=0.53(n=80) WR_us=0.38(n=40) pfsp=0.475
    [us] heuristic: WR_ussr=0.90(n=242) WR_us=0.71(n=424) pfsp=0.285
    [us] iter_0010: WR_ussr=0.53(n=80) WR_us=0.38(n=40) pfsp=0.625
  [diag] inf dtype=torch.float32 shape=torch.Size([2048, 172]) nan=0 inf_vals=0 range=[0.00,42.00]
  [diag] scalar dtype=torch.float32 nan=0 range=[-0.950,1.125]
  [diag] card_logits nan=0 range=[-18.11,15.82]
  [diag] values nan=0 range=[-0.9574,0.9505]
[iter  11/30] steps=13359 rollout_wr=0.530 (ussr=0.420 us=0.640) pl=-0.0175 vl=0.0926 ent=3.981 clip=0.099 kl=0.0031 t=220.9s (rollout=214.8s update=6.1s)
  [league] self: self | ussr_pool: ['iter_0010', 'iter_0010'] | us_pool: ['iter_0010', 'iter_0010']
  [pfsp]
    [ussr] iter_0010: WR_ussr=0.49(n=160) WR_us=0.47(n=80) pfsp=0.512
    [us] iter_0010: WR_ussr=0.49(n=160) WR_us=0.47(n=80) pfsp=0.525
  [diag] inf dtype=torch.float32 shape=torch.Size([2048, 172]) nan=0 inf_vals=0 range=[0.00,33.00]
  [diag] scalar dtype=torch.float32 nan=0 range=[-0.900,1.125]
  [diag] card_logits nan=0 range=[-18.78,14.85]
  [diag] values nan=0 range=[-0.9615,0.9428]
[iter  12/30] steps=13364 rollout_wr=0.435 (ussr=0.370 us=0.500) pl=-0.0144 vl=0.1045 ent=3.883 clip=0.096 kl=0.0029 t=60.6s (rollout=55.2s update=5.4s)
  [panel eval iter 10] avg=0.488 elapsed=284s: v55=0.483 | v54=0.433 | v44=0.567 | v45=0.500 | v14=0.450
  [panel eval] NEW HIGH-WATER MARK iter=10 avg_wr=0.4883 → ppo_running_best.pt (provenance: ppo_iter0010.pt)
  [league] self: self | ussr_pool: ['iter_0001', 'iter_0001'] | us_pool: ['iter_0010', 'iter_0010']
  [pfsp]
    [ussr] iter_0001: WR_ussr=0.40(n=680) WR_us=0.39(n=640) pfsp=0.600
    [us] iter_0010: WR_ussr=0.45(n=240) WR_us=0.47(n=160) pfsp=0.531
wandb: WARNING Tried to log to step 10 that is less than the current step 11. Steps must be monotonically increasing, so this data will be ignored. See https://wandb.me/define-metric to log data out of order.
  [diag] inf dtype=torch.float32 shape=torch.Size([2048, 172]) nan=0 inf_vals=0 range=[0.00,29.00]
  [diag] scalar dtype=torch.float32 nan=0 range=[-0.900,1.125]
  [diag] card_logits nan=0 range=[-19.67,14.76]
  [diag] values nan=0 range=[-0.9583,0.9667]
[iter  13/30] steps=13445 rollout_wr=0.380 (ussr=0.370 us=0.390) pl=-0.0135 vl=0.1095 ent=3.867 clip=0.090 kl=0.0027 t=32.7s (rollout=27.3s update=5.4s)
  [league] self: self | ussr_pool: ['iter_0010', 'iter_0001'] | us_pool: ['iter_0001', 'iter_0010']
  [pfsp]
    [ussr] iter_0010: WR_ussr=0.45(n=240) WR_us=0.45(n=240) pfsp=0.550
    [ussr] iter_0001: WR_ussr=0.40(n=760) WR_us=0.39(n=640) pfsp=0.600
    [us] iter_0001: WR_ussr=0.40(n=760) WR_us=0.39(n=640) pfsp=0.613
    [us] iter_0010: WR_ussr=0.45(n=240) WR_us=0.45(n=240) pfsp=0.546
  [diag] inf dtype=torch.float32 shape=torch.Size([2048, 172]) nan=0 inf_vals=0 range=[0.00,39.00]
  [diag] scalar dtype=torch.float32 nan=0 range=[-0.750,1.125]
  [diag] card_logits nan=0 range=[-18.33,14.71]
  [diag] values nan=0 range=[-0.9541,0.9066]
[iter  14/30] steps=13153 rollout_wr=0.465 (ussr=0.390 us=0.540) pl=-0.0137 vl=0.1097 ent=3.873 clip=0.089 kl=0.0025 t=32.8s (rollout=27.6s update=5.2s)
  [league] self: self | ussr_pool: ['iter_0001', 'iter_0001'] | us_pool: ['iter_0010', 'iter_0001']
  [pfsp]
    [ussr] iter_0001: WR_ussr=0.40(n=800) WR_us=0.39(n=680) pfsp=0.599
    [us] iter_0010: WR_ussr=0.44(n=280) WR_us=0.47(n=280) pfsp=0.532
    [us] iter_0001: WR_ussr=0.40(n=800) WR_us=0.39(n=680) pfsp=0.609
  [diag] inf dtype=torch.float32 shape=torch.Size([2048, 172]) nan=0 inf_vals=0 range=[0.00,30.00]
  [diag] scalar dtype=torch.float32 nan=0 range=[-0.850,1.125]
  [diag] card_logits nan=0 range=[-18.99,15.03]
  [diag] values nan=0 range=[-0.9598,0.9340]
[iter  15/30] steps=12845 rollout_wr=0.425 (ussr=0.430 us=0.420) pl=-0.0126 vl=0.1040 ent=3.908 clip=0.086 kl=0.0025 t=31.4s (rollout=26.1s update=5.3s)
  [league] self: self | ussr_pool: ['iter_0001', 'iter_0010'] | us_pool: ['v55_scripted', 'v55_scripted']
  [pfsp]
    [ussr] iter_0001: WR_ussr=0.40(n=880) WR_us=0.40(n=720) pfsp=0.598
    [ussr] iter_0010: WR_ussr=0.44(n=280) WR_us=0.45(n=320) pfsp=0.564
    [us] v55_scripted: WR_ussr=?(n=0) WR_us=0.31(n=1469) pfsp=0.688
  [diag] inf dtype=torch.float32 shape=torch.Size([2048, 172]) nan=0 inf_vals=0 range=[0.00,32.00]
  [diag] scalar dtype=torch.float32 nan=0 range=[-0.800,1.125]
  [diag] card_logits nan=0 range=[-19.07,14.82]
  [diag] values nan=0 range=[-0.9626,0.9532]
[iter  16/30] steps=13411 rollout_wr=0.380 (ussr=0.380 us=0.380) pl=-0.0142 vl=0.1054 ent=3.878 clip=0.076 kl=0.0023 t=33.5s (rollout=28.0s update=5.5s)
  [league] self: self | ussr_pool: ['v45_scripted', 'iter_0001'] | us_pool: ['iter_0010', 'iter_0010']
  [pfsp]
    [ussr] v45_scripted: WR_ussr=0.44(n=1332) WR_us=?(n=0) pfsp=0.560
    [ussr] iter_0001: WR_ussr=0.40(n=920) WR_us=0.40(n=720) pfsp=0.599
    [us] iter_0010: WR_ussr=0.43(n=320) WR_us=0.45(n=320) pfsp=0.553
  [diag] inf dtype=torch.float32 shape=torch.Size([2048, 172]) nan=0 inf_vals=0 range=[0.00,46.00]
  [diag] scalar dtype=torch.float32 nan=0 range=[-0.750,1.125]
  [diag] card_logits nan=0 range=[-19.03,15.16]
  [diag] values nan=0 range=[-0.9707,0.9230]
[iter  17/30] steps=12945 rollout_wr=0.410 (ussr=0.520 us=0.300) pl=-0.0109 vl=0.1199 ent=3.820 clip=0.086 kl=0.0026 t=32.2s (rollout=27.0s update=5.2s)
  [league] self: self | ussr_pool: ['v45_scripted', 'iter_0001'] | us_pool: ['iter_0010', 'iter_0001']
  [pfsp]
    [ussr] v45_scripted: WR_ussr=0.44(n=1372) WR_us=?(n=0) pfsp=0.558
    [ussr] iter_0001: WR_ussr=0.40(n=960) WR_us=0.40(n=720) pfsp=0.596
    [us] iter_0010: WR_ussr=0.43(n=320) WR_us=0.41(n=400) pfsp=0.585
    [us] iter_0001: WR_ussr=0.40(n=960) WR_us=0.40(n=720) pfsp=0.604
  [diag] inf dtype=torch.float32 shape=torch.Size([2048, 172]) nan=0 inf_vals=0 range=[0.00,38.00]
  [diag] scalar dtype=torch.float32 nan=0 range=[-0.850,1.125]
  [diag] card_logits nan=0 range=[-20.51,15.68]
  [diag] values nan=0 range=[-0.9577,0.8824]
[iter  18/30] steps=13068 rollout_wr=0.410 (ussr=0.440 us=0.380) pl=-0.0121 vl=0.1151 ent=3.879 clip=0.088 kl=0.0024 t=33.1s (rollout=27.7s update=5.4s)
  [league] self: self | ussr_pool: ['v45_scripted', 'iter_0010'] | us_pool: ['v55_scripted', 'iter_0010']
  [pfsp]
    [ussr] v45_scripted: WR_ussr=0.44(n=1412) WR_us=?(n=0) pfsp=0.557
    [ussr] iter_0010: WR_ussr=0.43(n=320) WR_us=0.41(n=440) pfsp=0.569
    [us] v55_scripted: WR_ussr=?(n=0) WR_us=0.31(n=1549) pfsp=0.686
    [us] iter_0010: WR_ussr=0.43(n=320) WR_us=0.41(n=440) pfsp=0.586
  [diag] inf dtype=torch.float32 shape=torch.Size([2048, 172]) nan=0 inf_vals=0 range=[0.00,45.00]
  [diag] scalar dtype=torch.float32 nan=0 range=[-0.850,1.125]
  [diag] card_logits nan=0 range=[-19.96,14.93]
  [diag] values nan=0 range=[-0.9700,0.8626]
[iter  19/30] steps=13275 rollout_wr=0.455 (ussr=0.440 us=0.470) pl=-0.0138 vl=0.1030 ent=3.817 clip=0.071 kl=0.0020 t=32.3s (rollout=26.9s update=5.4s)
  Saved to league pool: data/checkpoints/ppo_v78_sc_league/iter_0020.pt
  [league] self: self | ussr_pool: ['v45_scripted', 'iter_0020'] | us_pool: ['iter_0010', 'v55_scripted']
  [pfsp]
    [ussr] v45_scripted: WR_ussr=0.44(n=1452) WR_us=?(n=0) pfsp=0.558
    [ussr] iter_0020: WR_ussr=?(n=0) WR_us=?(n=0) pfsp=1.000
    [us] iter_0010: WR_ussr=0.44(n=360) WR_us=0.41(n=480) pfsp=0.585
    [us] v55_scripted: WR_ussr=?(n=0) WR_us=0.32(n=1589) pfsp=0.681
  [diag] inf dtype=torch.float32 shape=torch.Size([2048, 172]) nan=0 inf_vals=0 range=[0.00,35.00]
  [diag] scalar dtype=torch.float32 nan=0 range=[-0.900,1.125]
  [diag] card_logits nan=0 range=[-19.34,14.24]
  [diag] values nan=0 range=[-0.9532,0.9107]
[iter  20/30] steps=13071 rollout_wr=0.490 (ussr=0.510 us=0.470) pl=-0.0112 vl=0.1167 ent=3.849 clip=0.079 kl=0.0022 t=32.5s (rollout=27.3s update=5.2s)
  [confirm] launched incremental Elo check for iter 20
  [panel eval] launched pid=563395 iter=20 panel=['v55', 'v54', 'v44', 'v45', 'v14']
  [league] self: self | ussr_pool: ['iter_0020', 'iter_0020'] | us_pool: ['heuristic', 'heuristic']
  [pfsp]
    [ussr] iter_0020: WR_ussr=0.55(n=40) WR_us=?(n=0) pfsp=0.450
    [us] heuristic: WR_ussr=0.90(n=242) WR_us=0.72(n=464) pfsp=0.276
  [diag] inf dtype=torch.float32 shape=torch.Size([2048, 172]) nan=0 inf_vals=0 range=[0.00,31.00]
  [diag] scalar dtype=torch.float32 nan=0 range=[-0.950,1.000]
  [diag] card_logits nan=0 range=[-19.04,15.27]
  [diag] values nan=0 range=[-0.9069,0.9486]
[iter  21/30] steps=13189 rollout_wr=0.625 (ussr=0.540 us=0.710) pl=-0.0145 vl=0.1063 ent=4.037 clip=0.125 kl=0.0035 t=463.6s (rollout=457.6s update=6.0s)
  [league] self: self | ussr_pool: ['iter_0020', 'iter_0001'] | us_pool: ['v55_scripted', 'iter_0010']
  [pfsp]
    [ussr] iter_0020: WR_ussr=0.54(n=120) WR_us=?(n=0) pfsp=0.458
    [ussr] iter_0001: WR_ussr=0.41(n=1000) WR_us=0.39(n=760) pfsp=0.595
    [us] v55_scripted: WR_ussr=?(n=0) WR_us=0.32(n=1629) pfsp=0.680
    [us] iter_0010: WR_ussr=0.44(n=360) WR_us=0.42(n=520) pfsp=0.575
  [diag] inf dtype=torch.float32 shape=torch.Size([2048, 172]) nan=0 inf_vals=0 range=[0.00,36.00]
  [diag] scalar dtype=torch.float32 nan=0 range=[-0.750,1.125]
  [diag] card_logits nan=0 range=[-20.44,15.83]
  [diag] values nan=0 range=[-0.9116,0.9136]
[iter  22/30] steps=13290 rollout_wr=0.470 (ussr=0.490 us=0.450) pl=-0.0117 vl=0.1162 ent=3.746 clip=0.078 kl=0.0023 t=418.4s (rollout=412.7s update=5.7s)
  [panel eval iter 20] avg=0.482 elapsed=885s: v55=0.517 | v54=0.483 | v44=0.467 | v45=0.433 | v14=0.433
  [league] self: self | ussr_pool: ['iter_0020', 'iter_0001'] | us_pool: ['iter_0001', 'iter_0010']
  [pfsp]
    [ussr] iter_0020: WR_ussr=0.53(n=160) WR_us=?(n=0) pfsp=0.475
    [ussr] iter_0001: WR_ussr=0.41(n=1040) WR_us=0.39(n=760) pfsp=0.593
    [us] iter_0001: WR_ussr=0.41(n=1040) WR_us=0.39(n=760) pfsp=0.607
    [us] iter_0010: WR_ussr=0.44(n=360) WR_us=0.43(n=560) pfsp=0.568
wandb: WARNING Tried to log to step 20 that is less than the current step 21. Steps must be monotonically increasing, so this data will be ignored. See https://wandb.me/define-metric to log data out of order.
  [diag] inf dtype=torch.float32 shape=torch.Size([2048, 172]) nan=0 inf_vals=0 range=[0.00,44.00]
  [diag] scalar dtype=torch.float32 nan=0 range=[-0.850,1.125]
  [diag] card_logits nan=0 range=[-19.55,14.91]
  [diag] values nan=0 range=[-0.9432,0.8628]
[iter  23/30] steps=13158 rollout_wr=0.435 (ussr=0.410 us=0.460) pl=-0.0120 vl=0.1136 ent=3.802 clip=0.089 kl=0.0025 t=93.7s (rollout=88.1s update=5.6s)
  [league] self: self | ussr_pool: ['iter_0020', 'iter_0010'] | us_pool: ['iter_0020', 'iter_0020']
  [pfsp]
    [ussr] iter_0020: WR_ussr=0.49(n=200) WR_us=?(n=0) pfsp=0.505
    [ussr] iter_0010: WR_ussr=0.44(n=360) WR_us=0.44(n=600) pfsp=0.564
    [us] iter_0020: WR_ussr=0.49(n=200) WR_us=?(n=0) pfsp=1.000
  [diag] inf dtype=torch.float32 shape=torch.Size([2048, 172]) nan=0 inf_vals=0 range=[0.00,50.00]
  [diag] scalar dtype=torch.float32 nan=0 range=[-0.950,1.000]
  [diag] card_logits nan=0 range=[-19.81,15.46]
  [diag] values nan=0 range=[-0.9542,0.9049]
[iter  24/30] steps=13327 rollout_wr=0.425 (ussr=0.400 us=0.450) pl=-0.0112 vl=0.1116 ent=3.752 clip=0.063 kl=0.0018 t=99.8s (rollout=94.1s update=5.7s)
  [league] self: self | ussr_pool: ['iter_0020', 'iter_0001'] | us_pool: ['iter_0010', 'v55_scripted']
  [pfsp]
    [ussr] iter_0020: WR_ussr=0.50(n=240) WR_us=0.44(n=80) pfsp=0.500
    [ussr] iter_0001: WR_ussr=0.41(n=1080) WR_us=0.40(n=800) pfsp=0.591
    [us] iter_0010: WR_ussr=0.43(n=400) WR_us=0.44(n=600) pfsp=0.560
    [us] v55_scripted: WR_ussr=?(n=0) WR_us=0.32(n=1669) pfsp=0.679
  [diag] inf dtype=torch.float32 shape=torch.Size([2048, 172]) nan=0 inf_vals=0 range=[0.00,31.00]
  [diag] scalar dtype=torch.float32 nan=0 range=[-0.750,1.125]
  [diag] card_logits nan=0 range=[-19.52,15.10]
  [diag] values nan=0 range=[-0.9599,0.9348]
[iter  25/30] steps=12981 rollout_wr=0.385 (ussr=0.390 us=0.380) pl=-0.0122 vl=0.1044 ent=3.828 clip=0.067 kl=0.0019 t=89.0s (rollout=83.5s update=5.5s)
  [league] self: self | ussr_pool: ['iter_0001', 'iter_0010'] | us_pool: ['heuristic', 'iter_0020']
  [pfsp]
    [ussr] iter_0001: WR_ussr=0.41(n=1120) WR_us=0.40(n=800) pfsp=0.593
    [ussr] iter_0010: WR_ussr=0.43(n=400) WR_us=0.43(n=640) pfsp=0.573
    [us] heuristic: WR_ussr=0.90(n=242) WR_us=0.72(n=544) pfsp=0.278
    [us] iter_0020: WR_ussr=0.48(n=280) WR_us=0.44(n=80) pfsp=0.562
  [diag] inf dtype=torch.float32 shape=torch.Size([2048, 172]) nan=0 inf_vals=0 range=[0.00,33.00]
  [diag] scalar dtype=torch.float32 nan=0 range=[-0.950,1.125]
  [diag] card_logits nan=0 range=[-18.99,16.45]
  [diag] values nan=0 range=[-0.9635,0.8268]
[iter  26/30] steps=13457 rollout_wr=0.490 (ussr=0.400 us=0.580) pl=-0.0152 vl=0.1125 ent=3.966 clip=0.115 kl=0.0031 t=98.7s (rollout=92.9s update=5.8s)
  [league] self: self | ussr_pool: ['iter_0020', 'v45_scripted'] | us_pool: ['iter_0020', 'iter_0001']
  [pfsp]
    [ussr] iter_0020: WR_ussr=0.48(n=280) WR_us=0.47(n=120) pfsp=0.521
    [ussr] v45_scripted: WR_ussr=0.44(n=1492) WR_us=?(n=0) pfsp=0.556
    [us] iter_0020: WR_ussr=0.48(n=280) WR_us=0.47(n=120) pfsp=0.533
    [us] iter_0001: WR_ussr=0.41(n=1160) WR_us=0.40(n=800) pfsp=0.604
  [diag] inf dtype=torch.float32 shape=torch.Size([2048, 172]) nan=0 inf_vals=0 range=[0.00,64.00]
  [diag] scalar dtype=torch.float32 nan=0 range=[-0.667,1.125]
  [diag] card_logits nan=0 range=[-20.09,15.75]
  [diag] values nan=0 range=[-0.9612,0.8697]
[iter  27/30] steps=13135 rollout_wr=0.420 (ussr=0.460 us=0.380) pl=-0.0140 vl=0.1076 ent=3.795 clip=0.083 kl=0.0023 t=100.6s (rollout=94.8s update=5.8s)
  [league] self: self | ussr_pool: ['iter_0010', 'iter_0010'] | us_pool: ['iter_0010', 'iter_0001']
  [pfsp]
    [ussr] iter_0010: WR_ussr=0.42(n=440) WR_us=0.43(n=640) pfsp=0.584
    [us] iter_0010: WR_ussr=0.42(n=440) WR_us=0.43(n=640) pfsp=0.567
    [us] iter_0001: WR_ussr=0.41(n=1160) WR_us=0.40(n=840) pfsp=0.605
  [diag] inf dtype=torch.float32 shape=torch.Size([2048, 172]) nan=0 inf_vals=0 range=[0.00,31.00]
  [diag] scalar dtype=torch.float32 nan=0 range=[-0.850,1.125]
  [diag] card_logits nan=0 range=[-19.69,14.97]
  [diag] values nan=0 range=[-0.9678,0.8706]
[iter  28/30] steps=13298 rollout_wr=0.440 (ussr=0.460 us=0.420) pl=-0.0127 vl=0.1118 ent=3.838 clip=0.076 kl=0.0021 t=91.2s (rollout=85.4s update=5.7s)
  [league] self: self | ussr_pool: ['v45_scripted', 'iter_0010'] | us_pool: ['iter_0020', 'heuristic']
  [pfsp]
    [ussr] v45_scripted: WR_ussr=0.44(n=1532) WR_us=?(n=0) pfsp=0.557
    [ussr] iter_0010: WR_ussr=0.42(n=520) WR_us=0.44(n=680) pfsp=0.585
    [us] iter_0020: WR_ussr=0.47(n=320) WR_us=0.42(n=160) pfsp=0.575
    [us] heuristic: WR_ussr=0.90(n=242) WR_us=0.72(n=584) pfsp=0.276
  [diag] inf dtype=torch.float32 shape=torch.Size([2048, 172]) nan=0 inf_vals=0 range=[0.00,38.00]
  [diag] scalar dtype=torch.float32 nan=0 range=[-0.950,1.000]
  [diag] card_logits nan=0 range=[-19.18,15.11]
  [diag] values nan=0 range=[-0.9394,0.8641]
[iter  29/30] steps=12939 rollout_wr=0.425 (ussr=0.440 us=0.410) pl=-0.0154 vl=0.1107 ent=3.852 clip=0.072 kl=0.0020 t=98.4s (rollout=92.7s update=5.6s)
  Saved to league pool: data/checkpoints/ppo_v78_sc_league/iter_0030.pt
  [league] self: self | ussr_pool: ['iter_0020', 'iter_0030'] | us_pool: ['iter_0020', 'iter_0030']
  [pfsp]
    [ussr] iter_0020: WR_ussr=0.47(n=320) WR_us=0.39(n=200) pfsp=0.531
    [ussr] iter_0030: WR_ussr=?(n=0) WR_us=?(n=0) pfsp=1.000
    [us] iter_0020: WR_ussr=0.47(n=320) WR_us=0.39(n=200) pfsp=0.610
    [us] iter_0030: WR_ussr=?(n=0) WR_us=?(n=0) pfsp=1.000
  [diag] inf dtype=torch.float32 shape=torch.Size([2048, 172]) nan=0 inf_vals=0 range=[0.00,32.00]
  [diag] scalar dtype=torch.float32 nan=0 range=[-0.750,1.000]
  [diag] card_logits nan=0 range=[-19.36,14.71]
  [diag] values nan=0 range=[-0.9761,0.8853]
[iter  30/30] steps=13165 rollout_wr=0.390 (ussr=0.430 us=0.350) pl=-0.0135 vl=0.1124 ent=3.718 clip=0.072 kl=0.0020 t=50.7s (rollout=45.4s update=5.3s)
  [confirm] launched incremental Elo check for iter 30
  [panel eval] launched pid=566910 iter=30 panel=['v55', 'v54', 'v44', 'v45', 'v14']
ppo_best.pt ← ppo_running_best.pt (panel HWM: ppo_iter0010.pt, avg_wr=0.4883)
wandb: updating run metadata
wandb: uploading output.log; uploading wandb-summary.json; uploading config.yaml
wandb: 
wandb: Run history:
wandb:                    approx_kl ▆▄▂▁▆▃▂▄▂▂▆▆▅▄▄▃▄▄▂▃█▃▄▁▁▇▃▂▂▂
wandb:                clip_fraction ▆▄▂▁▆▂▂▃▂▂▅▅▄▄▄▂▄▄▂▃█▃▄▁▁▇▃▂▂▂
wandb:      core_scalar_weight_norm ▁▁▂▂▂▂▁▁▂▂▂▂▂▂▃▄▅▄▄▅▅▅▆▆▇█▇▇██
wandb:                     ent_coef ███▇▇▇▇▆▆▆▆▅▅▅▅▄▄▄▄▃▃▃▃▂▂▂▂▁▁▁
wandb:                      entropy ▄▅▄▅▆▄▅▅▅▅▇▅▄▄▅▅▃▅▃▄█▂▃▂▃▆▃▄▄▁
wandb:                  iter_time_s ▃▂▂▂▂▁▁▁▁▁▄▁▁▁▁▁▁▁▁▁█▇▂▂▂▂▂▂▂▁
wandb:                      n_steps ▆▄▅▆▇▆▅▂▇▃▇▇█▅▁▇▂▄▆▄▅▆▅▇▃█▄▆▂▅
wandb:       new_scalar_weight_norm ▄▃▂▂▂▃▄▅▄▆▇█▇█▅▅▂▄▆▆▂▁▃▄▄▄▃▆▇▇
wandb:                  policy_loss ▃▆▄▅▃▄▄█▅▅▁▄▄▄▅▄▇▅▄▆▃▆▆▆▅▃▄▅▃▄
wandb: probe/card_jsd_early_vs_prev ▁▄█
wandb:                         +107 ...
wandb: 
wandb: Run summary:
wandb:                    approx_kl 0.00204
wandb:                clip_fraction 0.07249
wandb:      core_scalar_weight_norm 4.04415
wandb:                     ent_coef 0.003
wandb:                      entropy 3.71808
wandb:                  iter_time_s 50.69638
wandb:                      n_steps 13165
wandb:       new_scalar_weight_norm 2.70187
wandb:                  policy_loss -0.01353
wandb: probe/card_jsd_early_vs_prev 0.0
wandb:                         +107 ...
wandb: 
wandb: 🚀 View run ppo_v78_sc at: https://wandb.ai/korduban-ai/twilight-struggle-ai/runs/3dee5fc7
wandb: ⭐️ View project at: https://wandb.ai/korduban-ai/twilight-struggle-ai
wandb: Synced 5 W&B file(s), 0 media file(s), 0 artifact file(s) and 0 other file(s)
wandb: Find logs at: ./wandb/run-20260412_102121-3dee5fc7/logs

Training complete in 47.3 minutes
Checkpoints in: data/checkpoints/ppo_v78_sc_league
