wandb: [wandb.login()] Loaded credentials for https://api.wandb.ai from WANDB_API_KEY.
wandb: Currently logged in as: dkorduban (korduban-ai) to https://api.wandb.ai. Use `wandb login --relogin` to force relogin
wandb: setting up run 8cf8493e
wandb: Tracking run with wandb version 0.25.1
wandb: Run data is saved locally in /home/dkord/code/twilight-struggle-ai/wandb/run-20260410_213311-8cf8493e
wandb: Run `wandb offline` to turn off syncing.
wandb: Syncing run ppo_v51
wandb: ⭐️ View project at https://wandb.ai/korduban-ai/twilight-struggle-ai
wandb: 🚀 View run at https://wandb.ai/korduban-ai/twilight-struggle-ai/runs/8cf8493e
Loading checkpoint: data/checkpoints/ppo_v50_league/ppo_best.pt
  --reset-optimizer: skipping optimizer state restore, starting fresh Adam.

Starting PPO training: 80 iterations × 200 games/iter, side=both
Device: cuda, lr=2e-05, clip=0.12, ent=0.01, vf=0.5
League training enabled (pool: data/checkpoints/ppo_v51_league, save-every=10)
  Saved to league pool: data/checkpoints/ppo_v51_league/iter_0001.pt
  [league] opponents: ['self', 'iter_0001', 'iter_0001', 'iter_0001']
  [diag] inf dtype=torch.float32 shape=torch.Size([2048, 172]) nan=0 inf_vals=0 range=[0.00,41.00]
  [diag] scalar dtype=torch.float32 nan=0 range=[-0.900,1.125]
  [diag] card_logits nan=0 range=[-17.36,12.43]
  [diag] values nan=0 range=[-0.9731,0.9373]
[iter   1/80] steps=13241 rollout_wr=0.480 (ussr=0.520 us=0.440) pl=-0.0210 vl=0.1081 ent=3.950 clip=0.124 kl=0.0035 t=20.6s (rollout=14.8s update=5.8s)
  [league] opponents: ['self', 'iter_0001', 'v14_scripted', 'iter_0001']
  [pfsp]
    iter_0001: WR_ussr=0.48(n=75) WR_us=0.47(n=75) pfsp=0.527
    v14_scripted: WR_ussr=?(n=0) WR_us=?(n=0) pfsp=0.500
  [diag] inf dtype=torch.float32 shape=torch.Size([2048, 172]) nan=0 inf_vals=0 range=[0.00,51.00]
  [diag] scalar dtype=torch.float32 nan=0 range=[-0.850,1.125]
  [diag] card_logits nan=0 range=[-17.43,12.10]
  [diag] values nan=0 range=[-0.9791,0.9513]
[iter   2/80] steps=13326 rollout_wr=0.480 (ussr=0.510 us=0.450) pl=-0.0147 vl=0.1073 ent=3.917 clip=0.088 kl=0.0029 t=20.1s (rollout=14.9s update=5.2s)
  [league] opponents: ['self', 'iter_0001', 'v22_scripted', 'iter_0001']
  [pfsp]
    iter_0001: WR_ussr=0.49(n=125) WR_us=0.50(n=125) pfsp=0.508
    v22_scripted: WR_ussr=?(n=0) WR_us=?(n=0) pfsp=0.500
  [diag] inf dtype=torch.float32 shape=torch.Size([2048, 172]) nan=0 inf_vals=0 range=[0.00,43.00]
  [diag] scalar dtype=torch.float32 nan=0 range=[-0.950,1.125]
  [diag] card_logits nan=0 range=[-16.54,11.79]
  [diag] values nan=0 range=[-0.9682,0.9501]
[iter   3/80] steps=13163 rollout_wr=0.410 (ussr=0.470 us=0.350) pl=-0.0162 vl=0.1134 ent=3.916 clip=0.094 kl=0.0033 t=19.9s (rollout=15.0s update=5.0s)
  [league] opponents: ['self', 'iter_0001', 'v8_scripted', 'iter_0001']
  [pfsp]
    iter_0001: WR_ussr=0.47(n=175) WR_us=0.47(n=175) pfsp=0.529
    v8_scripted: WR_ussr=?(n=0) WR_us=?(n=0) pfsp=0.500
  [diag] inf dtype=torch.float32 shape=torch.Size([2048, 172]) nan=0 inf_vals=0 range=[0.00,48.00]
  [diag] scalar dtype=torch.float32 nan=0 range=[-0.950,1.000]
  [diag] card_logits nan=0 range=[-17.58,12.17]
  [diag] values nan=0 range=[-0.9827,0.9250]
[iter   4/80] steps=13436 rollout_wr=0.450 (ussr=0.460 us=0.440) pl=-0.0173 vl=0.1027 ent=3.939 clip=0.087 kl=0.0029 t=20.3s (rollout=15.2s update=5.1s)
  [league] opponents: ['self', 'iter_0001', 'iter_0001', 'v14_scripted']
  [pfsp]
    iter_0001: WR_ussr=0.44(n=225) WR_us=0.44(n=225) pfsp=0.560
    v14_scripted: WR_ussr=0.60(n=25) WR_us=0.44(n=25) pfsp=0.480
  [diag] inf dtype=torch.float32 shape=torch.Size([2048, 172]) nan=0 inf_vals=0 range=[0.00,44.00]
  [diag] scalar dtype=torch.float32 nan=0 range=[-0.950,1.250]
  [diag] card_logits nan=0 range=[-18.62,12.72]
  [diag] values nan=0 range=[-0.9742,0.9530]
[iter   5/80] steps=13415 rollout_wr=0.510 (ussr=0.550 us=0.470) pl=-0.0134 vl=0.1067 ent=3.940 clip=0.095 kl=0.0031 t=20.2s (rollout=15.1s update=5.1s)
  [league] opponents: ['self', 'iter_0001', 'iter_0001', 'iter_0001']
  [pfsp]
    iter_0001: WR_ussr=0.45(n=275) WR_us=0.45(n=275) pfsp=0.551
  [diag] inf dtype=torch.float32 shape=torch.Size([2048, 172]) nan=0 inf_vals=0 range=[0.00,54.00]
  [diag] scalar dtype=torch.float32 nan=0 range=[-0.800,1.125]
  [diag] card_logits nan=0 range=[-16.68,12.09]
  [diag] values nan=0 range=[-0.9734,0.9482]
[iter   6/80] steps=13169 rollout_wr=0.465 (ussr=0.490 us=0.440) pl=-0.0181 vl=0.1205 ent=3.948 clip=0.092 kl=0.0028 t=19.8s (rollout=14.7s update=5.0s)
  [league] opponents: ['self', 'iter_0001', 'iter_0001', 'iter_0001']
  [pfsp]
    iter_0001: WR_ussr=0.45(n=350) WR_us=0.45(n=350) pfsp=0.550
  [diag] inf dtype=torch.float32 shape=torch.Size([2048, 172]) nan=0 inf_vals=0 range=[0.00,48.00]
  [diag] scalar dtype=torch.float32 nan=0 range=[-0.850,1.125]
  [diag] card_logits nan=0 range=[-16.44,12.17]
  [diag] values nan=0 range=[-0.9844,0.9324]
[iter   7/80] steps=12977 rollout_wr=0.460 (ussr=0.480 us=0.440) pl=-0.0162 vl=0.1168 ent=3.973 clip=0.104 kl=0.0032 t=19.9s (rollout=15.0s update=4.9s)
  [league] opponents: ['self', 'iter_0001', 'iter_0001', 'iter_0001']
  [pfsp]
    iter_0001: WR_ussr=0.46(n=425) WR_us=0.45(n=425) pfsp=0.545
  [diag] inf dtype=torch.float32 shape=torch.Size([2048, 172]) nan=0 inf_vals=0 range=[0.00,54.00]
  [diag] scalar dtype=torch.float32 nan=0 range=[-0.900,1.000]
  [diag] card_logits nan=0 range=[-17.86,13.00]
  [diag] values nan=0 range=[-0.9799,0.9137]
[iter   8/80] steps=13706 rollout_wr=0.440 (ussr=0.430 us=0.450) pl=-0.0142 vl=0.0988 ent=3.946 clip=0.103 kl=0.0033 t=20.4s (rollout=15.3s update=5.1s)
  [league] opponents: ['self', 'iter_0001', 'iter_0001', 'iter_0001']
  [pfsp]
    iter_0001: WR_ussr=0.45(n=500) WR_us=0.44(n=500) pfsp=0.555
  [diag] inf dtype=torch.float32 shape=torch.Size([2048, 172]) nan=0 inf_vals=0 range=[0.00,55.00]
  [diag] scalar dtype=torch.float32 nan=0 range=[-0.750,1.000]
  [diag] card_logits nan=0 range=[-18.05,13.56]
  [diag] values nan=0 range=[-0.9749,0.9425]
[iter   9/80] steps=13188 rollout_wr=0.430 (ussr=0.520 us=0.340) pl=-0.0139 vl=0.1118 ent=3.952 clip=0.090 kl=0.0031 t=19.9s (rollout=14.9s update=5.0s)
  Saved to league pool: data/checkpoints/ppo_v51_league/iter_0010.pt
  [league] opponents: ['self', 'iter_0010', 'iter_0010', 'iter_0001']
  [pfsp]
    iter_0010: WR_ussr=?(n=0) WR_us=?(n=0) pfsp=0.500
    iter_0001: WR_ussr=0.47(n=575) WR_us=0.42(n=575) pfsp=0.555
  [diag] inf dtype=torch.float32 shape=torch.Size([2048, 172]) nan=0 inf_vals=0 range=[0.00,44.00]
  [diag] scalar dtype=torch.float32 nan=0 range=[-0.850,1.125]
  [diag] card_logits nan=0 range=[-18.23,13.18]
  [diag] values nan=0 range=[-0.9586,0.9399]
[iter  10/80] steps=12972 rollout_wr=0.515 (ussr=0.590 us=0.440) pl=-0.0162 vl=0.1067 ent=3.951 clip=0.111 kl=0.0035 t=19.8s (rollout=14.7s update=5.1s)
  [panel eval] launched pid=225434 iter=10 panel=['v8', 'v14', 'v22', 'heuristic']
  [league] opponents: ['self', 'iter_0010', 'v14_scripted', 'iter_0001']
  [pfsp]
    iter_0010: WR_ussr=0.58(n=50) WR_us=0.44(n=50) pfsp=0.490
    v14_scripted: WR_ussr=0.62(n=50) WR_us=0.44(n=50) pfsp=0.470
    iter_0001: WR_ussr=0.47(n=600) WR_us=0.42(n=600) pfsp=0.555
  [diag] inf dtype=torch.float32 shape=torch.Size([2048, 172]) nan=0 inf_vals=0 range=[0.00,55.00]
  [diag] scalar dtype=torch.float32 nan=0 range=[-0.800,1.000]
  [diag] card_logits nan=0 range=[-19.03,12.82]
  [diag] values nan=0 range=[-0.9605,0.9459]
[iter  11/80] steps=13538 rollout_wr=0.510 (ussr=0.580 us=0.440) pl=-0.0153 vl=0.1074 ent=3.911 clip=0.099 kl=0.0038 t=32.9s (rollout=27.6s update=5.3s)
  [league] opponents: ['self', 'iter_0010', 'iter_0010', 'iter_0010']
  [pfsp]
    iter_0010: WR_ussr=0.57(n=75) WR_us=0.45(n=75) pfsp=0.487
  [diag] inf dtype=torch.float32 shape=torch.Size([2048, 172]) nan=0 inf_vals=0 range=[0.00,45.00]
  [diag] scalar dtype=torch.float32 nan=0 range=[-0.950,1.000]
  [diag] card_logits nan=0 range=[-17.93,12.76]
  [diag] values nan=0 range=[-0.9728,0.9267]
[iter  12/80] steps=13437 rollout_wr=0.515 (ussr=0.490 us=0.540) pl=-0.0166 vl=0.1170 ent=3.949 clip=0.106 kl=0.0040 t=34.0s (rollout=28.7s update=5.3s)
  [league] opponents: ['self', 'iter_0010', 'iter_0001', 'iter_0001']
  [pfsp]
    iter_0010: WR_ussr=0.53(n=150) WR_us=0.51(n=150) pfsp=0.477
    iter_0001: WR_ussr=0.46(n=625) WR_us=0.43(n=625) pfsp=0.556
  [diag] inf dtype=torch.float32 shape=torch.Size([2048, 172]) nan=0 inf_vals=0 range=[0.00,54.00]
  [diag] scalar dtype=torch.float32 nan=0 range=[-0.800,1.125]
  [diag] card_logits nan=0 range=[-17.98,12.58]
  [diag] values nan=0 range=[-0.9636,0.9247]
[iter  13/80] steps=13591 rollout_wr=0.475 (ussr=0.520 us=0.430) pl=-0.0145 vl=0.1134 ent=3.918 clip=0.090 kl=0.0031 t=26.3s (rollout=21.1s update=5.2s)
  [panel eval iter 10] avg=0.546: v8=0.500 | v14=0.470 | v22=0.495 | heuristic=0.720
  [league] opponents: ['self', 'iter_0001', 'iter_0001', 'iter_0001']
  [pfsp]
    iter_0001: WR_ussr=0.46(n=675) WR_us=0.43(n=675) pfsp=0.558
wandb: WARNING Tried to log to step 10 that is less than the current step 12. Steps must be monotonically increasing, so this data will be ignored. See https://wandb.me/define-metric to log data out of order.
  [diag] inf dtype=torch.float32 shape=torch.Size([2048, 172]) nan=0 inf_vals=0 range=[0.00,42.00]
  [diag] scalar dtype=torch.float32 nan=0 range=[-0.950,1.125]
  [diag] card_logits nan=0 range=[-16.81,12.80]
  [diag] values nan=0 range=[-0.9488,0.9199]
[iter  14/80] steps=13258 rollout_wr=0.390 (ussr=0.410 us=0.370) pl=-0.0175 vl=0.1068 ent=4.008 clip=0.104 kl=0.0039 t=20.2s (rollout=15.3s update=4.9s)
  [league] opponents: ['self', 'iter_0001', 'iter_0010', 'iter_0001']
  [pfsp]
    iter_0001: WR_ussr=0.45(n=750) WR_us=0.42(n=750) pfsp=0.564
    iter_0010: WR_ussr=0.54(n=175) WR_us=0.50(n=175) pfsp=0.480
  [diag] inf dtype=torch.float32 shape=torch.Size([2048, 172]) nan=0 inf_vals=0 range=[0.00,53.00]
  [diag] scalar dtype=torch.float32 nan=0 range=[-0.900,1.000]
  [diag] card_logits nan=0 range=[-18.04,12.14]
  [diag] values nan=0 range=[-0.9698,0.9401]
[iter  15/80] steps=13579 rollout_wr=0.470 (ussr=0.510 us=0.430) pl=-0.0155 vl=0.1020 ent=3.928 clip=0.105 kl=0.0043 t=20.5s (rollout=15.3s update=5.2s)
  [league] opponents: ['self', 'iter_0010', 'iter_0010', 'iter_0001']
  [pfsp]
    iter_0010: WR_ussr=0.55(n=200) WR_us=0.50(n=200) pfsp=0.475
    iter_0001: WR_ussr=0.45(n=800) WR_us=0.42(n=800) pfsp=0.564
  [diag] inf dtype=torch.float32 shape=torch.Size([2048, 172]) nan=0 inf_vals=0 range=[0.00,50.00]
  [diag] scalar dtype=torch.float32 nan=0 range=[-0.950,1.125]
  [diag] card_logits nan=0 range=[-17.14,12.40]
  [diag] values nan=0 range=[-0.9602,0.9553]
[iter  16/80] steps=13389 rollout_wr=0.495 (ussr=0.550 us=0.440) pl=-0.0157 vl=0.1027 ent=3.893 clip=0.099 kl=0.0043 t=20.6s (rollout=15.5s update=5.1s)
  [league] opponents: ['self', 'iter_0010', 'iter_0010', 'iter_0010']
  [pfsp]
    iter_0010: WR_ussr=0.54(n=250) WR_us=0.48(n=250) pfsp=0.488
  [diag] inf dtype=torch.float32 shape=torch.Size([2048, 172]) nan=0 inf_vals=0 range=[0.00,58.00]
  [diag] scalar dtype=torch.float32 nan=0 range=[-0.950,1.125]
  [diag] card_logits nan=0 range=[-17.83,13.58]
  [diag] values nan=0 range=[-0.9657,0.9483]
[iter  17/80] steps=13127 rollout_wr=0.500 (ussr=0.550 us=0.450) pl=-0.0187 vl=0.1156 ent=3.889 clip=0.107 kl=0.0042 t=20.0s (rollout=15.0s update=5.0s)
  [league] opponents: ['self', 'iter_0001', 'v22_scripted', 'iter_0001']
  [pfsp]
    iter_0001: WR_ussr=0.46(n=825) WR_us=0.42(n=825) pfsp=0.564
    v22_scripted: WR_ussr=0.44(n=25) WR_us=0.28(n=25) pfsp=0.640
  [diag] inf dtype=torch.float32 shape=torch.Size([2048, 172]) nan=0 inf_vals=0 range=[0.00,49.00]
  [diag] scalar dtype=torch.float32 nan=0 range=[-0.950,1.125]
  [diag] card_logits nan=0 range=[-18.41,11.92]
  [diag] values nan=0 range=[-0.9603,0.9345]
[iter  18/80] steps=13427 rollout_wr=0.415 (ussr=0.440 us=0.390) pl=-0.0167 vl=0.1154 ent=3.949 clip=0.105 kl=0.0068 t=20.3s (rollout=15.1s update=5.2s)
  [league] opponents: ['self', 'iter_0010', 'iter_0001', 'iter_0010']
  [pfsp]
    iter_0010: WR_ussr=0.54(n=325) WR_us=0.47(n=325) pfsp=0.495
    iter_0001: WR_ussr=0.46(n=875) WR_us=0.42(n=875) pfsp=0.563
  [diag] inf dtype=torch.float32 shape=torch.Size([2048, 172]) nan=0 inf_vals=0 range=[0.00,53.00]
  [diag] scalar dtype=torch.float32 nan=0 range=[-0.900,1.125]
  [diag] card_logits nan=0 range=[-18.98,12.60]
  [diag] values nan=0 range=[-0.9674,0.9191]
[iter  19/80] steps=13333 rollout_wr=0.485 (ussr=0.570 us=0.400) pl=-0.0171 vl=0.1150 ent=3.908 clip=0.097 kl=0.0042 t=20.1s (rollout=15.2s update=4.9s)
  Saved to league pool: data/checkpoints/ppo_v51_league/iter_0020.pt
  [league] opponents: ['self', 'iter_0020', 'iter_0010', 'iter_0020']
  [pfsp]
    iter_0020: WR_ussr=?(n=0) WR_us=?(n=0) pfsp=0.500
    iter_0010: WR_ussr=0.54(n=375) WR_us=0.47(n=375) pfsp=0.496
  [diag] inf dtype=torch.float32 shape=torch.Size([2048, 172]) nan=0 inf_vals=0 range=[0.00,41.00]
  [diag] scalar dtype=torch.float32 nan=0 range=[-0.950,1.000]
  [diag] card_logits nan=0 range=[-17.97,12.71]
  [diag] values nan=0 range=[-0.9619,0.9090]
[iter  20/80] steps=13359 rollout_wr=0.545 (ussr=0.580 us=0.510) pl=-0.0157 vl=0.1048 ent=3.939 clip=0.102 kl=0.0044 t=20.7s (rollout=15.6s update=5.1s)
  [panel eval] launched pid=225944 iter=20 panel=['v8', 'v14', 'v22', 'heuristic']
  [league] opponents: ['self', 'iter_0001', 'iter_0010', 'iter_0010']
  [pfsp]
    iter_0001: WR_ussr=0.46(n=900) WR_us=0.41(n=900) pfsp=0.563
    iter_0010: WR_ussr=0.54(n=400) WR_us=0.46(n=400) pfsp=0.501
  [diag] inf dtype=torch.float32 shape=torch.Size([2048, 172]) nan=0 inf_vals=0 range=[0.00,44.00]
  [diag] scalar dtype=torch.float32 nan=0 range=[-0.950,1.000]
  [diag] card_logits nan=0 range=[-18.18,12.49]
  [diag] values nan=0 range=[-0.9532,0.9224]
[iter  21/80] steps=13284 rollout_wr=0.515 (ussr=0.530 us=0.500) pl=-0.0173 vl=0.1116 ent=3.937 clip=0.110 kl=0.0060 t=34.1s (rollout=28.7s update=5.4s)
  [league] opponents: ['self', 'iter_0010', 'iter_0020', 'iter_0010']
  [pfsp]
    iter_0010: WR_ussr=0.54(n=450) WR_us=0.47(n=450) pfsp=0.493
    iter_0020: WR_ussr=0.60(n=50) WR_us=0.50(n=50) pfsp=0.450
  [diag] inf dtype=torch.float32 shape=torch.Size([2048, 172]) nan=0 inf_vals=0 range=[0.00,46.00]
  [diag] scalar dtype=torch.float32 nan=0 range=[-0.800,1.125]
  [diag] card_logits nan=0 range=[-17.07,12.42]
  [diag] values nan=0 range=[-0.9592,0.9470]
[iter  22/80] steps=13633 rollout_wr=0.530 (ussr=0.530 us=0.530) pl=-0.0187 vl=0.1042 ent=3.931 clip=0.130 kl=0.0060 t=34.8s (rollout=29.5s update=5.3s)
  [league] opponents: ['self', 'iter_0001', 'iter_0020', 'v8_scripted']
  [pfsp]
    iter_0001: WR_ussr=0.46(n=925) WR_us=0.42(n=925) pfsp=0.564
    iter_0020: WR_ussr=0.59(n=75) WR_us=0.51(n=75) pfsp=0.453
    v8_scripted: WR_ussr=0.64(n=25) WR_us=0.64(n=25) pfsp=0.360
  [diag] inf dtype=torch.float32 shape=torch.Size([2048, 172]) nan=0 inf_vals=0 range=[0.00,44.00]
  [diag] scalar dtype=torch.float32 nan=0 range=[-0.950,1.125]
  [diag] card_logits nan=0 range=[-17.84,13.87]
  [diag] values nan=0 range=[-0.9537,0.9615]
[iter  23/80] steps=13569 rollout_wr=0.555 (ussr=0.570 us=0.540) pl=-0.0206 vl=0.1055 ent=3.928 clip=0.132 kl=0.0065 t=26.4s (rollout=21.5s update=5.0s)
  [panel eval iter 20] avg=0.557: v8=0.540 | v14=0.490 | v22=0.475 | heuristic=0.725
  [league] opponents: ['self', 'iter_0001', 'iter_0010', 'iter_0010']
  [pfsp]
    iter_0001: WR_ussr=0.46(n=950) WR_us=0.42(n=950) pfsp=0.564
    iter_0010: WR_ussr=0.54(n=500) WR_us=0.47(n=500) pfsp=0.493
wandb: WARNING Tried to log to step 20 that is less than the current step 22. Steps must be monotonically increasing, so this data will be ignored. See https://wandb.me/define-metric to log data out of order.
  [diag] inf dtype=torch.float32 shape=torch.Size([2048, 172]) nan=0 inf_vals=0 range=[0.00,50.00]
  [diag] scalar dtype=torch.float32 nan=0 range=[-0.900,1.000]
  [diag] card_logits nan=0 range=[-16.26,12.11]
  [diag] values nan=0 range=[-0.9519,0.9524]
[iter  24/80] steps=13094 rollout_wr=0.535 (ussr=0.610 us=0.460) pl=-0.0162 vl=0.1196 ent=3.995 clip=0.116 kl=0.0056 t=20.0s (rollout=15.0s update=5.0s)
  [league] opponents: ['self', 'iter_0020', 'iter_0010', 'iter_0001']
  [pfsp]
    iter_0020: WR_ussr=0.53(n=100) WR_us=0.52(n=100) pfsp=0.475
    iter_0010: WR_ussr=0.54(n=550) WR_us=0.47(n=550) pfsp=0.491
    iter_0001: WR_ussr=0.46(n=975) WR_us=0.41(n=975) pfsp=0.564
  [diag] inf dtype=torch.float32 shape=torch.Size([2048, 172]) nan=0 inf_vals=0 range=[0.00,43.00]
  [diag] scalar dtype=torch.float32 nan=0 range=[-0.800,1.000]
  [diag] card_logits nan=0 range=[-16.82,12.84]
  [diag] values nan=0 range=[-0.9368,0.9330]
[iter  25/80] steps=13504 rollout_wr=0.515 (ussr=0.570 us=0.460) pl=-0.0171 vl=0.1176 ent=3.876 clip=0.115 kl=0.0045 t=20.7s (rollout=15.4s update=5.3s)
  [league] opponents: ['self', 'iter_0020', 'iter_0010', 'iter_0001']
  [pfsp]
    iter_0020: WR_ussr=0.54(n=125) WR_us=0.51(n=125) pfsp=0.476
    iter_0010: WR_ussr=0.55(n=575) WR_us=0.47(n=575) pfsp=0.490
    iter_0001: WR_ussr=0.46(n=1000) WR_us=0.41(n=1000) pfsp=0.565
  [diag] inf dtype=torch.float32 shape=torch.Size([2048, 172]) nan=0 inf_vals=0 range=[0.00,44.00]
  [diag] scalar dtype=torch.float32 nan=0 range=[-0.800,1.125]
  [diag] card_logits nan=0 range=[-17.87,12.38]
  [diag] values nan=0 range=[-0.9343,0.9079]
[iter  26/80] steps=13560 rollout_wr=0.385 (ussr=0.440 us=0.330) pl=-0.0157 vl=0.1095 ent=3.891 clip=0.112 kl=0.0058 t=20.9s (rollout=15.8s update=5.1s)
  [league] opponents: ['self', 'heuristic', 'iter_0010', 'iter_0001']
  [pfsp]
    heuristic: WR_ussr=?(n=0) WR_us=?(n=0) pfsp=0.500
    iter_0010: WR_ussr=0.55(n=600) WR_us=0.46(n=600) pfsp=0.495
    iter_0001: WR_ussr=0.46(n=1025) WR_us=0.41(n=1025) pfsp=0.569
  [diag] inf dtype=torch.float32 shape=torch.Size([2048, 172]) nan=0 inf_vals=0 range=[0.00,42.00]
  [diag] scalar dtype=torch.float32 nan=0 range=[-0.900,1.000]
  [diag] card_logits nan=0 range=[-17.64,12.67]
  [diag] values nan=0 range=[-0.9576,0.8955]
[iter  27/80] steps=13307 rollout_wr=0.515 (ussr=0.570 us=0.460) pl=-0.0182 vl=0.1006 ent=4.020 clip=0.121 kl=0.0057 t=21.7s (rollout=16.7s update=5.0s)
  [league] opponents: ['self', 'iter_0001', 'iter_0010', 'iter_0001']
  [pfsp]
    iter_0001: WR_ussr=0.45(n=1050) WR_us=0.40(n=1050) pfsp=0.571
    iter_0010: WR_ussr=0.54(n=625) WR_us=0.46(n=625) pfsp=0.499
  [diag] inf dtype=torch.float32 shape=torch.Size([2048, 172]) nan=0 inf_vals=0 range=[0.00,44.00]
  [diag] scalar dtype=torch.float32 nan=0 range=[-0.850,1.125]
  [diag] card_logits nan=0 range=[-18.33,12.04]
  [diag] values nan=0 range=[-0.9356,0.9234]
[iter  28/80] steps=13776 rollout_wr=0.500 (ussr=0.490 us=0.510) pl=-0.0161 vl=0.1064 ent=3.956 clip=0.108 kl=0.0049 t=20.4s (rollout=15.2s update=5.2s)
  [league] opponents: ['self', 'iter_0001', 'iter_0001', 'iter_0010']
  [pfsp]
    iter_0001: WR_ussr=0.45(n=1100) WR_us=0.41(n=1100) pfsp=0.570
    iter_0010: WR_ussr=0.54(n=650) WR_us=0.46(n=650) pfsp=0.501
  [diag] inf dtype=torch.float32 shape=torch.Size([2048, 172]) nan=0 inf_vals=0 range=[0.00,38.00]
  [diag] scalar dtype=torch.float32 nan=0 range=[-0.950,1.125]
  [diag] card_logits nan=0 range=[-17.91,12.27]
  [diag] values nan=0 range=[-0.9577,0.9205]
[iter  29/80] steps=13305 rollout_wr=0.540 (ussr=0.610 us=0.470) pl=-0.0173 vl=0.1115 ent=3.900 clip=0.104 kl=0.0042 t=20.2s (rollout=15.1s update=5.1s)
  Saved to league pool: data/checkpoints/ppo_v51_league/iter_0030.pt
  [league] opponents: ['self', 'iter_0020', 'iter_0010', 'iter_0020']
  [pfsp]
    iter_0020: WR_ussr=0.53(n=150) WR_us=0.51(n=150) pfsp=0.480
    iter_0010: WR_ussr=0.55(n=675) WR_us=0.46(n=675) pfsp=0.497
  [diag] inf dtype=torch.float32 shape=torch.Size([2048, 172]) nan=0 inf_vals=0 range=[0.00,54.00]
  [diag] scalar dtype=torch.float32 nan=0 range=[-0.950,1.125]
  [diag] card_logits nan=0 range=[-19.07,12.66]
  [diag] values nan=0 range=[-0.9625,0.9447]
[iter  30/80] steps=13035 rollout_wr=0.555 (ussr=0.580 us=0.530) pl=-0.0218 vl=0.1111 ent=3.930 clip=0.125 kl=0.0063 t=21.0s (rollout=15.8s update=5.2s)
  [panel eval] launched pid=226466 iter=30 panel=['v8', 'v14', 'v22', 'heuristic']
  [league] opponents: ['self', 'iter_0010', 'iter_0001', 'iter_0010']
  [pfsp]
    iter_0010: WR_ussr=0.55(n=700) WR_us=0.46(n=700) pfsp=0.494
    iter_0001: WR_ussr=0.46(n=1150) WR_us=0.41(n=1150) pfsp=0.564
  [diag] inf dtype=torch.float32 shape=torch.Size([2048, 172]) nan=0 inf_vals=0 range=[0.00,45.00]
  [diag] scalar dtype=torch.float32 nan=0 range=[-0.950,1.125]
  [diag] card_logits nan=0 range=[-18.90,13.36]
  [diag] values nan=0 range=[-0.9551,0.9497]
[iter  31/80] steps=13293 rollout_wr=0.465 (ussr=0.530 us=0.400) pl=-0.0187 vl=0.1029 ent=3.930 clip=0.119 kl=0.0075 t=32.6s (rollout=27.2s update=5.4s)
  [league] opponents: ['self', 'iter_0010', 'iter_0010', 'iter_0010']
  [pfsp]
    iter_0010: WR_ussr=0.55(n=750) WR_us=0.46(n=750) pfsp=0.495
  [diag] inf dtype=torch.float32 shape=torch.Size([2048, 172]) nan=0 inf_vals=0 range=[0.00,45.00]
  [diag] scalar dtype=torch.float32 nan=0 range=[-0.750,1.125]
  [diag] card_logits nan=0 range=[-18.61,14.48]
  [diag] values nan=0 range=[-0.9479,0.9488]
[iter  32/80] steps=13514 rollout_wr=0.485 (ussr=0.500 us=0.470) pl=-0.0173 vl=0.1139 ent=3.912 clip=0.126 kl=0.0068 t=35.2s (rollout=29.8s update=5.4s)
  [league] opponents: ['self', 'v22_scripted', 'iter_0020', 'iter_0030']
  [pfsp]
    v22_scripted: WR_ussr=0.40(n=50) WR_us=0.26(n=50) pfsp=0.670
    iter_0020: WR_ussr=0.53(n=200) WR_us=0.52(n=200) pfsp=0.477
    iter_0030: WR_ussr=?(n=0) WR_us=?(n=0) pfsp=0.500
  [diag] inf dtype=torch.float32 shape=torch.Size([2048, 172]) nan=0 inf_vals=0 range=[0.00,42.00]
  [diag] scalar dtype=torch.float32 nan=0 range=[-0.800,1.250]
  [diag] card_logits nan=0 range=[-18.84,12.30]
  [diag] values nan=0 range=[-0.9748,0.9451]
[iter  33/80] steps=13474 rollout_wr=0.520 (ussr=0.550 us=0.490) pl=-0.0179 vl=0.1059 ent=3.928 clip=0.136 kl=0.0094 t=27.0s (rollout=21.8s update=5.2s)
  [panel eval iter 30] avg=0.526: v8=0.500 | v14=0.465 | v22=0.440 | heuristic=0.700
  [league] opponents: ['self', 'iter_0020', 'v14_scripted', 'iter_0030']
  [pfsp]
    iter_0020: WR_ussr=0.52(n=225) WR_us=0.52(n=225) pfsp=0.480
    v14_scripted: WR_ussr=0.65(n=75) WR_us=0.43(n=75) pfsp=0.460
    iter_0030: WR_ussr=0.72(n=25) WR_us=0.48(n=25) pfsp=0.400
wandb: WARNING Tried to log to step 30 that is less than the current step 32. Steps must be monotonically increasing, so this data will be ignored. See https://wandb.me/define-metric to log data out of order.
  [diag] inf dtype=torch.float32 shape=torch.Size([2048, 172]) nan=0 inf_vals=0 range=[0.00,53.00]
  [diag] scalar dtype=torch.float32 nan=0 range=[-0.800,1.125]
  [diag] card_logits nan=0 range=[-17.84,12.55]
  [diag] values nan=0 range=[-0.9706,0.9532]
[iter  34/80] steps=13663 rollout_wr=0.530 (ussr=0.560 us=0.500) pl=-0.0188 vl=0.1113 ent=3.837 clip=0.116 kl=0.0058 t=21.2s (rollout=15.9s update=5.3s)
  [league] opponents: ['self', 'iter_0001', 'iter_0001', 'iter_0010']
  [pfsp]
    iter_0001: WR_ussr=0.46(n=1175) WR_us=0.41(n=1175) pfsp=0.566
    iter_0010: WR_ussr=0.55(n=825) WR_us=0.46(n=825) pfsp=0.496
  [diag] inf dtype=torch.float32 shape=torch.Size([2048, 172]) nan=0 inf_vals=0 range=[0.00,54.00]
  [diag] scalar dtype=torch.float32 nan=0 range=[-0.850,1.125]
  [diag] card_logits nan=0 range=[-19.29,13.10]
  [diag] values nan=0 range=[-0.9785,0.9691]
[iter  35/80] steps=13289 rollout_wr=0.455 (ussr=0.520 us=0.390) pl=-0.0194 vl=0.1039 ent=3.908 clip=0.126 kl=0.0078 t=20.5s (rollout=15.5s update=5.0s)
  [league] opponents: ['self', 'iter_0030', 'iter_0001', 'iter_0030']
  [pfsp]
    iter_0030: WR_ussr=0.60(n=50) WR_us=0.42(n=50) pfsp=0.490
    iter_0001: WR_ussr=0.46(n=1225) WR_us=0.41(n=1225) pfsp=0.565
  [diag] inf dtype=torch.float32 shape=torch.Size([2048, 172]) nan=0 inf_vals=0 range=[0.00,50.00]
  [diag] scalar dtype=torch.float32 nan=0 range=[-0.900,1.125]
  [diag] card_logits nan=0 range=[-18.22,14.31]
  [diag] values nan=0 range=[-0.9696,0.9588]
[iter  36/80] steps=13697 rollout_wr=0.560 (ussr=0.550 us=0.570) pl=-0.0175 vl=0.1130 ent=3.876 clip=0.149 kl=0.0071 t=21.2s (rollout=16.0s update=5.2s)
  [league] opponents: ['self', 'iter_0001', 'iter_0030', 'iter_0020']
  [pfsp]
    iter_0001: WR_ussr=0.46(n=1250) WR_us=0.41(n=1250) pfsp=0.566
    iter_0030: WR_ussr=0.59(n=100) WR_us=0.54(n=100) pfsp=0.435
    iter_0020: WR_ussr=0.52(n=250) WR_us=0.53(n=250) pfsp=0.476
  [diag] inf dtype=torch.float32 shape=torch.Size([2048, 172]) nan=0 inf_vals=0 range=[0.00,61.00]
  [diag] scalar dtype=torch.float32 nan=0 range=[-0.850,1.000]
  [diag] card_logits nan=0 range=[-18.84,11.52]
  [diag] values nan=0 range=[-0.9670,0.9386]
[iter  37/80] steps=13629 rollout_wr=0.495 (ussr=0.520 us=0.470) pl=-0.0165 vl=0.1048 ent=3.891 clip=0.130 kl=0.0053 t=21.3s (rollout=16.2s update=5.2s)
  [league] opponents: ['self', 'iter_0001', 'iter_0030', 'iter_0001']
  [pfsp]
    iter_0001: WR_ussr=0.46(n=1275) WR_us=0.41(n=1275) pfsp=0.566
    iter_0030: WR_ussr=0.59(n=125) WR_us=0.52(n=125) pfsp=0.444
  [diag] inf dtype=torch.float32 shape=torch.Size([2048, 172]) nan=0 inf_vals=0 range=[0.00,47.00]
  [diag] scalar dtype=torch.float32 nan=0 range=[-0.950,1.000]
  [diag] card_logits nan=0 range=[-19.23,12.94]
  [diag] values nan=0 range=[-0.9704,0.9090]
[iter  38/80] steps=13172 rollout_wr=0.490 (ussr=0.540 us=0.440) pl=-0.0172 vl=0.1091 ent=3.926 clip=0.123 kl=0.0051 t=20.7s (rollout=15.6s update=5.1s)
  [league] opponents: ['self', 'iter_0010', 'iter_0020', 'iter_0030']
  [pfsp]
    iter_0010: WR_ussr=0.55(n=850) WR_us=0.46(n=850) pfsp=0.499
    iter_0020: WR_ussr=0.51(n=275) WR_us=0.52(n=275) pfsp=0.482
    iter_0030: WR_ussr=0.59(n=150) WR_us=0.52(n=150) pfsp=0.443
  [diag] inf dtype=torch.float32 shape=torch.Size([2048, 172]) nan=0 inf_vals=0 range=[0.00,48.00]
  [diag] scalar dtype=torch.float32 nan=0 range=[-0.900,1.125]
  [diag] card_logits nan=0 range=[-19.31,14.12]
  [diag] values nan=0 range=[-0.9598,0.9271]
[iter  39/80] steps=13418 rollout_wr=0.530 (ussr=0.580 us=0.480) pl=-0.0164 vl=0.1118 ent=3.828 clip=0.122 kl=0.0049 t=20.6s (rollout=15.6s update=5.0s)
  Saved to league pool: data/checkpoints/ppo_v51_league/iter_0040.pt
  [league] opponents: ['self', 'iter_0040', 'iter_0001', 'iter_0040']
  [pfsp]
    iter_0040: WR_ussr=?(n=0) WR_us=?(n=0) pfsp=0.500
    iter_0001: WR_ussr=0.46(n=1325) WR_us=0.41(n=1325) pfsp=0.568
  [diag] inf dtype=torch.float32 shape=torch.Size([2048, 172]) nan=0 inf_vals=0 range=[0.00,43.00]
  [diag] scalar dtype=torch.float32 nan=0 range=[-0.800,1.125]
  [diag] card_logits nan=0 range=[-18.24,12.07]
  [diag] values nan=0 range=[-0.9360,0.9051]
[iter  40/80] steps=13239 rollout_wr=0.490 (ussr=0.570 us=0.410) pl=-0.0151 vl=0.1068 ent=3.859 clip=0.113 kl=0.0044 t=21.0s (rollout=16.0s update=5.0s)
  [panel eval] launched pid=226989 iter=40 panel=['v8', 'v14', 'v22', 'heuristic']
  [league] opponents: ['self', 'iter_0010', 'iter_0020', 'iter_0020']
  [pfsp]
    iter_0010: WR_ussr=0.55(n=875) WR_us=0.46(n=875) pfsp=0.497
    iter_0020: WR_ussr=0.51(n=300) WR_us=0.51(n=300) pfsp=0.488
  [diag] inf dtype=torch.float32 shape=torch.Size([2048, 172]) nan=0 inf_vals=0 range=[0.00,54.00]
  [diag] scalar dtype=torch.float32 nan=0 range=[-0.900,1.125]
  [diag] card_logits nan=0 range=[-19.39,12.62]
  [diag] values nan=0 range=[-0.9648,0.9360]
[iter  41/80] steps=12980 rollout_wr=0.510 (ussr=0.560 us=0.460) pl=-0.0187 vl=0.1079 ent=3.869 clip=0.141 kl=0.0055 t=33.6s (rollout=28.4s update=5.2s)
  [league] opponents: ['self', 'v8_scripted', 'iter_0001', 'iter_0030']
  [pfsp]
    v8_scripted: WR_ussr=0.76(n=50) WR_us=0.64(n=50) pfsp=0.300
    iter_0001: WR_ussr=0.46(n=1350) WR_us=0.41(n=1350) pfsp=0.569
    iter_0030: WR_ussr=0.60(n=175) WR_us=0.51(n=175) pfsp=0.446
  [diag] inf dtype=torch.float32 shape=torch.Size([2048, 172]) nan=0 inf_vals=0 range=[0.00,48.00]
  [diag] scalar dtype=torch.float32 nan=0 range=[-0.800,1.125]
  [diag] card_logits nan=0 range=[-19.83,14.29]
  [diag] values nan=0 range=[-0.9826,0.8990]
[iter  42/80] steps=13667 rollout_wr=0.495 (ussr=0.610 us=0.380) pl=-0.0197 vl=0.0829 ent=3.878 clip=0.160 kl=0.0067 t=34.7s (rollout=29.5s update=5.2s)
  [league] opponents: ['self', 'iter_0010', 'iter_0010', 'iter_0010']
  [pfsp]
    iter_0010: WR_ussr=0.54(n=900) WR_us=0.46(n=900) pfsp=0.498
  [diag] inf dtype=torch.float32 shape=torch.Size([2048, 172]) nan=0 inf_vals=0 range=[0.00,49.00]
  [diag] scalar dtype=torch.float32 nan=0 range=[-0.950,1.000]
  [diag] card_logits nan=0 range=[-18.61,13.51]
  [diag] values nan=0 range=[-0.9736,0.9491]
[iter  43/80] steps=13389 rollout_wr=0.440 (ussr=0.450 us=0.430) pl=-0.0193 vl=0.1153 ent=3.871 clip=0.122 kl=0.0048 t=26.7s (rollout=21.6s update=5.1s)
  [panel eval iter 40] avg=0.521: v8=0.455 | v14=0.505 | v22=0.485 | heuristic=0.640
  [league] opponents: ['self', 'iter_0001', 'iter_0001', 'iter_0040']
  [pfsp]
    iter_0001: WR_ussr=0.45(n=1375) WR_us=0.41(n=1375) pfsp=0.571
    iter_0040: WR_ussr=0.66(n=50) WR_us=0.36(n=50) pfsp=0.490
wandb: WARNING Tried to log to step 40 that is less than the current step 42. Steps must be monotonically increasing, so this data will be ignored. See https://wandb.me/define-metric to log data out of order.
  [diag] inf dtype=torch.float32 shape=torch.Size([2048, 172]) nan=0 inf_vals=0 range=[0.00,52.00]
  [diag] scalar dtype=torch.float32 nan=0 range=[-0.750,1.125]
  [diag] card_logits nan=0 range=[-18.50,11.96]
  [diag] values nan=0 range=[-0.9692,0.9387]
[iter  44/80] steps=13625 rollout_wr=0.505 (ussr=0.600 us=0.410) pl=-0.0188 vl=0.1038 ent=3.868 clip=0.130 kl=0.0067 t=21.4s (rollout=16.2s update=5.2s)
  [league] opponents: ['self', 'iter_0040', 'iter_0001', 'iter_0001']
  [pfsp]
    iter_0040: WR_ussr=0.68(n=75) WR_us=0.43(n=75) pfsp=0.447
    iter_0001: WR_ussr=0.45(n=1425) WR_us=0.40(n=1425) pfsp=0.573
  [diag] inf dtype=torch.float32 shape=torch.Size([2048, 172]) nan=0 inf_vals=0 range=[0.00,48.00]
  [diag] scalar dtype=torch.float32 nan=0 range=[-0.950,1.125]
  [diag] card_logits nan=0 range=[-17.42,13.71]
  [diag] values nan=0 range=[-0.9827,0.9470]
[iter  45/80] steps=13567 rollout_wr=0.470 (ussr=0.460 us=0.480) pl=-0.0150 vl=0.1111 ent=3.847 clip=0.124 kl=0.0063 t=21.0s (rollout=15.8s update=5.2s)
  [league] opponents: ['self', 'iter_0020', 'iter_0001', 'iter_0030']
  [pfsp]
    iter_0020: WR_ussr=0.51(n=350) WR_us=0.50(n=350) pfsp=0.493
    iter_0001: WR_ussr=0.45(n=1475) WR_us=0.40(n=1475) pfsp=0.574
    iter_0030: WR_ussr=0.59(n=200) WR_us=0.49(n=200) pfsp=0.458
  [diag] inf dtype=torch.float32 shape=torch.Size([2048, 172]) nan=0 inf_vals=0 range=[0.00,52.00]
  [diag] scalar dtype=torch.float32 nan=0 range=[-0.800,1.000]
  [diag] card_logits nan=0 range=[-17.21,12.21]
  [diag] values nan=0 range=[-0.9719,0.9536]
[iter  46/80] steps=13249 rollout_wr=0.495 (ussr=0.510 us=0.480) pl=-0.0177 vl=0.1050 ent=3.888 clip=0.121 kl=0.0058 t=21.1s (rollout=16.0s update=5.1s)
  [league] opponents: ['self', 'iter_0040', 'iter_0040', 'iter_0020']
  [pfsp]
    iter_0040: WR_ussr=0.67(n=100) WR_us=0.45(n=100) pfsp=0.440
    iter_0020: WR_ussr=0.50(n=375) WR_us=0.50(n=375) pfsp=0.500
  [diag] inf dtype=torch.float32 shape=torch.Size([2048, 172]) nan=0 inf_vals=0 range=[0.00,50.00]
  [diag] scalar dtype=torch.float32 nan=0 range=[-0.900,1.000]
  [diag] card_logits nan=0 range=[-17.78,11.29]
  [diag] values nan=0 range=[-0.9447,0.9478]
[iter  47/80] steps=13318 rollout_wr=0.550 (ussr=0.550 us=0.550) pl=-0.0176 vl=0.1080 ent=3.849 clip=0.113 kl=0.0051 t=21.6s (rollout=16.5s update=5.1s)
  [league] opponents: ['self', 'iter_0010', 'iter_0030', 'iter_0030']
  [pfsp]
    iter_0010: WR_ussr=0.53(n=975) WR_us=0.46(n=975) pfsp=0.505
    iter_0030: WR_ussr=0.60(n=225) WR_us=0.48(n=225) pfsp=0.460
  [diag] inf dtype=torch.float32 shape=torch.Size([2048, 172]) nan=0 inf_vals=0 range=[0.00,45.00]
  [diag] scalar dtype=torch.float32 nan=0 range=[-0.900,1.125]
  [diag] card_logits nan=0 range=[-19.11,12.28]
  [diag] values nan=0 range=[-0.9418,0.9607]
[iter  48/80] steps=13205 rollout_wr=0.555 (ussr=0.630 us=0.480) pl=-0.0184 vl=0.1020 ent=3.914 clip=0.143 kl=0.0066 t=20.8s (rollout=15.8s update=4.9s)
  [league] opponents: ['self', 'iter_0020', 'iter_0020', 'iter_0030']
  [pfsp]
    iter_0020: WR_ussr=0.51(n=400) WR_us=0.51(n=400) pfsp=0.491
    iter_0030: WR_ussr=0.62(n=275) WR_us=0.47(n=275) pfsp=0.455
  [diag] inf dtype=torch.float32 shape=torch.Size([2048, 172]) nan=0 inf_vals=0 range=[0.00,45.00]
  [diag] scalar dtype=torch.float32 nan=0 range=[-0.750,1.125]
  [diag] card_logits nan=0 range=[-19.81,12.59]
  [diag] values nan=0 range=[-0.9664,0.9556]
[iter  49/80] steps=13480 rollout_wr=0.555 (ussr=0.600 us=0.510) pl=-0.0193 vl=0.1115 ent=3.872 clip=0.138 kl=0.0065 t=21.4s (rollout=16.4s update=5.0s)
  Saved to league pool: data/checkpoints/ppo_v51_league/iter_0050.pt
  [league] opponents: ['self', 'iter_0001', 'iter_0030', 'iter_0001']
  [pfsp]
    iter_0001: WR_ussr=0.45(n=1500) WR_us=0.40(n=1500) pfsp=0.574
    iter_0030: WR_ussr=0.61(n=300) WR_us=0.46(n=300) pfsp=0.467
  [diag] inf dtype=torch.float32 shape=torch.Size([2048, 172]) nan=0 inf_vals=0 range=[0.00,67.00]
  [diag] scalar dtype=torch.float32 nan=0 range=[-0.850,1.000]
  [diag] card_logits nan=0 range=[-18.95,12.58]
  [diag] values nan=0 range=[-0.9434,0.9624]
[iter  50/80] steps=13506 rollout_wr=0.465 (ussr=0.450 us=0.480) pl=-0.0218 vl=0.1114 ent=3.959 clip=0.165 kl=0.0076 t=21.1s (rollout=15.9s update=5.2s)
  [panel eval] launched pid=227499 iter=50 panel=['v8', 'v14', 'v22', 'heuristic']
  [league] opponents: ['self', 'iter_0040', 'iter_0001', 'iter_0050']
  [pfsp]
    iter_0040: WR_ussr=0.63(n=150) WR_us=0.47(n=150) pfsp=0.453
    iter_0001: WR_ussr=0.45(n=1550) WR_us=0.40(n=1550) pfsp=0.575
    iter_0050: WR_ussr=?(n=0) WR_us=?(n=0) pfsp=0.500
  [diag] inf dtype=torch.float32 shape=torch.Size([2048, 172]) nan=0 inf_vals=0 range=[0.00,55.00]
  [diag] scalar dtype=torch.float32 nan=0 range=[-0.850,1.125]
  [diag] card_logits nan=0 range=[-19.49,12.09]
  [diag] values nan=0 range=[-0.9622,0.9386]
[iter  51/80] steps=13461 rollout_wr=0.500 (ussr=0.500 us=0.500) pl=-0.0178 vl=0.1101 ent=3.881 clip=0.142 kl=0.0082 t=33.8s (rollout=28.6s update=5.2s)
  [league] opponents: ['self', 'v22_scripted', 'iter_0040', 'iter_0050']
  [pfsp]
    v22_scripted: WR_ussr=0.36(n=75) WR_us=0.29(n=75) pfsp=0.673
    iter_0040: WR_ussr=0.63(n=175) WR_us=0.49(n=175) pfsp=0.437
    iter_0050: WR_ussr=0.48(n=25) WR_us=0.60(n=25) pfsp=0.460
  [diag] inf dtype=torch.float32 shape=torch.Size([2048, 172]) nan=0 inf_vals=0 range=[0.00,51.00]
  [diag] scalar dtype=torch.float32 nan=0 range=[-0.900,1.125]
  [diag] card_logits nan=0 range=[-19.36,13.13]
  [diag] values nan=0 range=[-0.9693,0.9554]
[iter  52/80] steps=13543 rollout_wr=0.520 (ussr=0.620 us=0.420) pl=-0.0175 vl=0.1145 ent=3.794 clip=0.154 kl=0.0075 t=36.7s (rollout=31.3s update=5.4s)
  [league] opponents: ['self', 'iter_0050', 'iter_0050', 'iter_0010']
  [pfsp]
    iter_0050: WR_ussr=0.52(n=50) WR_us=0.50(n=50) pfsp=0.490
    iter_0010: WR_ussr=0.54(n=1000) WR_us=0.46(n=1000) pfsp=0.504
  [diag] inf dtype=torch.float32 shape=torch.Size([2048, 172]) nan=0 inf_vals=0 range=[0.00,52.00]
  [diag] scalar dtype=torch.float32 nan=0 range=[-0.900,1.125]
  [diag] card_logits nan=0 range=[-18.66,13.20]
  [diag] values nan=0 range=[-0.9620,0.9347]
[iter  53/80] steps=12961 rollout_wr=0.560 (ussr=0.640 us=0.480) pl=-0.0183 vl=0.1158 ent=3.841 clip=0.128 kl=0.0064 t=26.8s (rollout=21.8s update=5.0s)
  [panel eval iter 50] avg=0.502: v8=0.440 | v14=0.495 | v22=0.475 | heuristic=0.600
  [league] opponents: ['self', 'iter_0050', 'v8_scripted', 'iter_0050']
  [pfsp]
    iter_0050: WR_ussr=0.61(n=100) WR_us=0.50(n=100) pfsp=0.445
    v8_scripted: WR_ussr=0.77(n=75) WR_us=0.53(n=75) pfsp=0.347
wandb: WARNING Tried to log to step 50 that is less than the current step 52. Steps must be monotonically increasing, so this data will be ignored. See https://wandb.me/define-metric to log data out of order.
  [diag] inf dtype=torch.float32 shape=torch.Size([2048, 172]) nan=0 inf_vals=0 range=[0.00,59.00]
  [diag] scalar dtype=torch.float32 nan=0 range=[-0.950,1.125]
  [diag] card_logits nan=0 range=[-18.73,11.47]
  [diag] values nan=0 range=[-0.9767,0.9265]
[iter  54/80] steps=13526 rollout_wr=0.530 (ussr=0.510 us=0.550) pl=-0.0181 vl=0.0958 ent=3.909 clip=0.160 kl=0.0099 t=21.6s (rollout=16.5s update=5.1s)
  [league] opponents: ['self', 'iter_0040', 'iter_0040', 'v8_scripted']
  [pfsp]
    iter_0040: WR_ussr=0.64(n=200) WR_us=0.48(n=200) pfsp=0.440
    v8_scripted: WR_ussr=0.73(n=100) WR_us=0.55(n=100) pfsp=0.360
  [diag] inf dtype=torch.float32 shape=torch.Size([2048, 172]) nan=0 inf_vals=0 range=[0.00,51.00]
  [diag] scalar dtype=torch.float32 nan=0 range=[-0.750,1.000]
  [diag] card_logits nan=0 range=[-18.86,13.14]
  [diag] values nan=0 range=[-0.9600,0.9325]
[iter  55/80] steps=13523 rollout_wr=0.505 (ussr=0.560 us=0.450) pl=-0.0193 vl=0.1079 ent=3.784 clip=0.137 kl=0.0227 t=21.7s (rollout=16.5s update=5.2s)
  [league] opponents: ['self', 'iter_0001', 'iter_0010', 'iter_0010']
  [pfsp]
    iter_0001: WR_ussr=0.45(n=1575) WR_us=0.40(n=1575) pfsp=0.576
    iter_0010: WR_ussr=0.54(n=1025) WR_us=0.45(n=1025) pfsp=0.505
  [diag] inf dtype=torch.float32 shape=torch.Size([2048, 172]) nan=0 inf_vals=0 range=[0.00,64.00]
  [diag] scalar dtype=torch.float32 nan=0 range=[-0.700,1.125]
  [diag] card_logits nan=0 range=[-19.53,12.20]
  [diag] values nan=0 range=[-0.9806,0.9413]
[iter  56/80] steps=13621 rollout_wr=0.485 (ussr=0.500 us=0.470) pl=-0.0176 vl=0.1163 ent=3.822 clip=0.132 kl=0.0076 t=21.6s (rollout=16.4s update=5.2s)
  [league] opponents: ['self', 'iter_0030', 'iter_0050', 'iter_0050']
  [pfsp]
    iter_0030: WR_ussr=0.59(n=325) WR_us=0.47(n=325) pfsp=0.469
    iter_0050: WR_ussr=0.56(n=150) WR_us=0.49(n=150) pfsp=0.477
  [diag] inf dtype=torch.float32 shape=torch.Size([2048, 172]) nan=0 inf_vals=0 range=[0.00,59.00]
  [diag] scalar dtype=torch.float32 nan=0 range=[-0.900,1.125]
  [diag] card_logits nan=0 range=[-20.26,11.51]
  [diag] values nan=0 range=[-0.9683,0.9378]
[iter  57/80] steps=13259 rollout_wr=0.575 (ussr=0.630 us=0.520) pl=-0.0172 vl=0.1151 ent=3.823 clip=0.129 kl=0.0074 t=21.6s (rollout=16.5s update=5.1s)
  [league] opponents: ['self', 'iter_0050', 'iter_0030', 'iter_0010']
  [pfsp]
    iter_0050: WR_ussr=0.59(n=200) WR_us=0.48(n=200) pfsp=0.463
    iter_0030: WR_ussr=0.59(n=350) WR_us=0.48(n=350) pfsp=0.469
    iter_0010: WR_ussr=0.53(n=1075) WR_us=0.45(n=1075) pfsp=0.505
  [diag] inf dtype=torch.float32 shape=torch.Size([2048, 172]) nan=0 inf_vals=0 range=[0.00,58.00]
  [diag] scalar dtype=torch.float32 nan=0 range=[-0.800,1.125]
  [diag] card_logits nan=0 range=[-18.56,13.11]
  [diag] values nan=0 range=[-0.9714,0.9237]
[iter  58/80] steps=13407 rollout_wr=0.480 (ussr=0.510 us=0.450) pl=-0.0178 vl=0.1134 ent=3.828 clip=0.134 kl=0.0080 t=21.8s (rollout=16.6s update=5.2s)
  [league] opponents: ['self', 'iter_0010', 'iter_0020', 'iter_0010']
  [pfsp]
    iter_0010: WR_ussr=0.54(n=1100) WR_us=0.45(n=1100) pfsp=0.506
    iter_0020: WR_ussr=0.52(n=450) WR_us=0.51(n=450) pfsp=0.489
  [diag] inf dtype=torch.float32 shape=torch.Size([2048, 172]) nan=0 inf_vals=0 range=[0.00,66.00]
  [diag] scalar dtype=torch.float32 nan=0 range=[-0.800,1.000]
  [diag] card_logits nan=0 range=[-19.41,12.95]
  [diag] values nan=0 range=[-0.9590,0.9441]
[iter  59/80] steps=13965 rollout_wr=0.565 (ussr=0.580 us=0.550) pl=-0.0153 vl=0.1067 ent=3.783 clip=0.135 kl=0.0068 t=21.5s (rollout=16.3s update=5.2s)
  Saved to league pool: data/checkpoints/ppo_v51_league/iter_0060.pt
  [league] opponents: ['self', 'iter_0020', 'iter_0060', 'iter_0010']
  [pfsp]
    iter_0020: WR_ussr=0.52(n=475) WR_us=0.51(n=475) pfsp=0.485
    iter_0060: WR_ussr=?(n=0) WR_us=?(n=0) pfsp=0.500
    iter_0010: WR_ussr=0.54(n=1150) WR_us=0.46(n=1150) pfsp=0.502
  [diag] inf dtype=torch.float32 shape=torch.Size([2048, 172]) nan=0 inf_vals=0 range=[0.00,58.00]
  [diag] scalar dtype=torch.float32 nan=0 range=[-0.850,1.000]
  [diag] card_logits nan=0 range=[-19.98,14.22]
  [diag] values nan=0 range=[-0.9218,0.9236]
[iter  60/80] steps=13364 rollout_wr=0.540 (ussr=0.520 us=0.560) pl=-0.0179 vl=0.1154 ent=3.831 clip=0.127 kl=0.0061 t=21.1s (rollout=16.1s update=5.1s)
  [panel eval] launched pid=228041 iter=60 panel=['v8', 'v14', 'v22', 'heuristic']
  [league] opponents: ['self', 'iter_0040', 'iter_0010', 'iter_0060']
  [pfsp]
    iter_0040: WR_ussr=0.60(n=250) WR_us=0.48(n=250) pfsp=0.460
    iter_0010: WR_ussr=0.53(n=1175) WR_us=0.46(n=1175) pfsp=0.503
    iter_0060: WR_ussr=0.68(n=25) WR_us=0.52(n=25) pfsp=0.400
  [diag] inf dtype=torch.float32 shape=torch.Size([2048, 172]) nan=0 inf_vals=0 range=[0.00,55.00]
  [diag] scalar dtype=torch.float32 nan=0 range=[-0.850,1.125]
  [diag] card_logits nan=0 range=[-19.84,12.66]
  [diag] values nan=0 range=[-0.9655,0.9467]
[iter  61/80] steps=13147 rollout_wr=0.530 (ussr=0.640 us=0.420) pl=-0.0191 vl=0.1209 ent=3.851 clip=0.136 kl=0.0068 t=34.8s (rollout=29.5s update=5.4s)
  [league] opponents: ['self', 'v14_scripted', 'iter_0001', 'iter_0010']
  [pfsp]
    v14_scripted: WR_ussr=0.64(n=100) WR_us=0.44(n=100) pfsp=0.460
    iter_0001: WR_ussr=0.45(n=1600) WR_us=0.40(n=1600) pfsp=0.576
    iter_0010: WR_ussr=0.53(n=1200) WR_us=0.46(n=1200) pfsp=0.504
  [diag] inf dtype=torch.float32 shape=torch.Size([2048, 172]) nan=0 inf_vals=0 range=[0.00,50.00]
  [diag] scalar dtype=torch.float32 nan=0 range=[-0.950,1.125]
  [diag] card_logits nan=0 range=[-20.31,13.34]
  [diag] values nan=0 range=[-0.9664,0.9444]
[iter  62/80] steps=13657 rollout_wr=0.480 (ussr=0.550 us=0.410) pl=-0.0167 vl=0.1130 ent=3.834 clip=0.130 kl=0.0086 t=35.2s (rollout=29.9s update=5.3s)
  [league] opponents: ['self', 'iter_0020', 'iter_0001', 'iter_0030']
  [pfsp]
    iter_0020: WR_ussr=0.52(n=500) WR_us=0.50(n=500) pfsp=0.489
    iter_0001: WR_ussr=0.45(n=1625) WR_us=0.40(n=1625) pfsp=0.575
    iter_0030: WR_ussr=0.57(n=375) WR_us=0.48(n=375) pfsp=0.473
  [diag] inf dtype=torch.float32 shape=torch.Size([2048, 172]) nan=0 inf_vals=0 range=[0.00,47.00]
  [diag] scalar dtype=torch.float32 nan=0 range=[-0.800,1.000]
  [diag] card_logits nan=0 range=[-19.35,12.89]
  [diag] values nan=0 range=[-0.9425,0.9376]
[iter  63/80] steps=14148 rollout_wr=0.500 (ussr=0.450 us=0.550) pl=-0.0173 vl=0.1045 ent=3.823 clip=0.136 kl=0.0076 t=27.1s (rollout=21.8s update=5.3s)
  [panel eval iter 60] avg=0.522: v8=0.465 | v14=0.455 | v22=0.560 | heuristic=0.610
  [league] opponents: ['self', 'iter_0030', 'v14_scripted', 'iter_0030']
  [pfsp]
    iter_0030: WR_ussr=0.58(n=400) WR_us=0.49(n=400) pfsp=0.464
    v14_scripted: WR_ussr=0.61(n=125) WR_us=0.42(n=125) pfsp=0.484
wandb: WARNING Tried to log to step 60 that is less than the current step 62. Steps must be monotonically increasing, so this data will be ignored. See https://wandb.me/define-metric to log data out of order.
  [diag] inf dtype=torch.float32 shape=torch.Size([2048, 172]) nan=0 inf_vals=0 range=[0.00,54.00]
  [diag] scalar dtype=torch.float32 nan=0 range=[-0.900,1.125]
  [diag] card_logits nan=0 range=[-20.35,12.08]
  [diag] values nan=0 range=[-0.9512,0.9306]
[iter  64/80] steps=13538 rollout_wr=0.490 (ussr=0.570 us=0.410) pl=-0.0162 vl=0.1239 ent=3.840 clip=0.136 kl=0.0084 t=21.9s (rollout=16.8s update=5.2s)
  [league] opponents: ['self', 'iter_0001', 'iter_0030', 'iter_0010']
  [pfsp]
    iter_0001: WR_ussr=0.45(n=1650) WR_us=0.40(n=1650) pfsp=0.575
    iter_0030: WR_ussr=0.58(n=450) WR_us=0.48(n=450) pfsp=0.469
    iter_0010: WR_ussr=0.53(n=1225) WR_us=0.46(n=1225) pfsp=0.506
  [diag] inf dtype=torch.float32 shape=torch.Size([2048, 172]) nan=0 inf_vals=0 range=[0.00,54.00]
  [diag] scalar dtype=torch.float32 nan=0 range=[-0.950,1.125]
  [diag] card_logits nan=0 range=[-19.86,12.92]
  [diag] values nan=0 range=[-0.9554,0.9371]
[iter  65/80] steps=14016 rollout_wr=0.380 (ussr=0.330 us=0.430) pl=-0.0162 vl=0.0980 ent=3.818 clip=0.144 kl=0.0069 t=22.0s (rollout=16.7s update=5.3s)
  [league] opponents: ['self', 'iter_0010', 'iter_0010', 'v22_scripted']
  [pfsp]
    iter_0010: WR_ussr=0.53(n=1250) WR_us=0.46(n=1250) pfsp=0.509
    v22_scripted: WR_ussr=0.42(n=100) WR_us=0.30(n=100) pfsp=0.640
  [diag] inf dtype=torch.float32 shape=torch.Size([2048, 172]) nan=0 inf_vals=0 range=[0.00,50.00]
  [diag] scalar dtype=torch.float32 nan=0 range=[-0.900,1.125]
  [diag] card_logits nan=0 range=[-21.01,12.83]
  [diag] values nan=0 range=[-0.9746,0.8496]
[iter  66/80] steps=13655 rollout_wr=0.505 (ussr=0.530 us=0.480) pl=-0.0176 vl=0.1072 ent=3.842 clip=0.144 kl=0.0084 t=22.0s (rollout=16.8s update=5.2s)
  [league] opponents: ['self', 'iter_0020', 'iter_0060', 'v22_scripted']
  [pfsp]
    iter_0020: WR_ussr=0.51(n=525) WR_us=0.50(n=525) pfsp=0.496
    iter_0060: WR_ussr=0.74(n=50) WR_us=0.48(n=50) pfsp=0.390
    v22_scripted: WR_ussr=0.40(n=125) WR_us=0.31(n=125) pfsp=0.644
  [diag] inf dtype=torch.float32 shape=torch.Size([2048, 172]) nan=0 inf_vals=0 range=[0.00,52.00]
  [diag] scalar dtype=torch.float32 nan=0 range=[-0.950,1.125]
  [diag] card_logits nan=0 range=[-20.32,13.53]
  [diag] values nan=0 range=[-0.9713,0.9347]
[iter  67/80] steps=13476 rollout_wr=0.470 (ussr=0.530 us=0.410) pl=-0.0181 vl=0.1054 ent=3.800 clip=0.121 kl=0.0061 t=21.5s (rollout=16.3s update=5.3s)
  [league] opponents: ['self', 'iter_0030', 'iter_0050', 'iter_0020']
  [pfsp]
    iter_0030: WR_ussr=0.57(n=475) WR_us=0.47(n=475) pfsp=0.477
    iter_0050: WR_ussr=0.58(n=225) WR_us=0.49(n=225) pfsp=0.462
    iter_0020: WR_ussr=0.52(n=550) WR_us=0.49(n=550) pfsp=0.495
  [diag] inf dtype=torch.float32 shape=torch.Size([2048, 172]) nan=0 inf_vals=0 range=[0.00,66.00]
  [diag] scalar dtype=torch.float32 nan=0 range=[-0.850,1.000]
  [diag] card_logits nan=0 range=[-20.48,13.49]
  [diag] values nan=0 range=[-0.9624,0.9015]
[iter  68/80] steps=13398 rollout_wr=0.510 (ussr=0.450 us=0.570) pl=-0.0187 vl=0.1099 ent=3.880 clip=0.150 kl=0.0074 t=21.0s (rollout=16.1s update=5.0s)
  [league] opponents: ['self', 'iter_0040', 'v8_scripted', 'iter_0040']
  [pfsp]
    iter_0040: WR_ussr=0.60(n=275) WR_us=0.47(n=275) pfsp=0.464
    v8_scripted: WR_ussr=0.75(n=125) WR_us=0.50(n=125) pfsp=0.372
  [diag] inf dtype=torch.float32 shape=torch.Size([2048, 172]) nan=0 inf_vals=0 range=[0.00,56.00]
  [diag] scalar dtype=torch.float32 nan=0 range=[-0.850,1.000]
  [diag] card_logits nan=0 range=[-20.03,13.43]
  [diag] values nan=0 range=[-0.9732,0.9309]
[iter  69/80] steps=13235 rollout_wr=0.560 (ussr=0.600 us=0.520) pl=-0.0198 vl=0.1135 ent=3.812 clip=0.142 kl=0.0073 t=21.0s (rollout=15.9s update=5.1s)
  Saved to league pool: data/checkpoints/ppo_v51_league/iter_0070.pt
  [league] opponents: ['self', 'iter_0070', 'iter_0010', 'iter_0040']
  [pfsp]
    iter_0070: WR_ussr=?(n=0) WR_us=?(n=0) pfsp=0.500
    iter_0010: WR_ussr=0.53(n=1300) WR_us=0.45(n=1300) pfsp=0.509
    iter_0040: WR_ussr=0.60(n=325) WR_us=0.50(n=325) pfsp=0.452
  [diag] inf dtype=torch.float32 shape=torch.Size([2048, 172]) nan=0 inf_vals=0 range=[0.00,71.00]
  [diag] scalar dtype=torch.float32 nan=0 range=[-0.800,1.125]
  [diag] card_logits nan=0 range=[-19.41,13.18]
  [diag] values nan=0 range=[-0.9590,0.9534]
[iter  70/80] steps=13713 rollout_wr=0.495 (ussr=0.450 us=0.540) pl=-0.0178 vl=0.1034 ent=3.778 clip=0.161 kl=0.0078 t=22.6s (rollout=17.4s update=5.2s)
  [panel eval] launched pid=228600 iter=70 panel=['v8', 'v14', 'v22', 'heuristic']
  [league] opponents: ['self', 'v22_scripted', 'iter_0040', 'iter_0040']
  [pfsp]
    v22_scripted: WR_ussr=0.40(n=150) WR_us=0.31(n=150) pfsp=0.643
    iter_0040: WR_ussr=0.60(n=350) WR_us=0.49(n=350) pfsp=0.454
  [diag] inf dtype=torch.float32 shape=torch.Size([2048, 172]) nan=0 inf_vals=0 range=[0.00,51.00]
  [diag] scalar dtype=torch.float32 nan=0 range=[-0.800,1.125]
  [diag] card_logits nan=0 range=[-19.36,12.90]
  [diag] values nan=0 range=[-0.9700,0.9429]
[iter  71/80] steps=13406 rollout_wr=0.500 (ussr=0.520 us=0.480) pl=-0.0190 vl=0.1088 ent=3.891 clip=0.154 kl=0.0088 t=33.9s (rollout=28.7s update=5.2s)
  [league] opponents: ['self', 'iter_0060', 'iter_0060', 'iter_0001']
  [pfsp]
    iter_0060: WR_ussr=0.67(n=75) WR_us=0.51(n=75) pfsp=0.413
    iter_0001: WR_ussr=0.45(n=1675) WR_us=0.40(n=1675) pfsp=0.577
  [diag] inf dtype=torch.float32 shape=torch.Size([2048, 172]) nan=0 inf_vals=0 range=[0.00,61.00]
  [diag] scalar dtype=torch.float32 nan=0 range=[-0.800,1.125]
  [diag] card_logits nan=0 range=[-19.50,14.66]
  [diag] values nan=0 range=[-0.9724,0.9254]
[iter  72/80] steps=13240 rollout_wr=0.495 (ussr=0.460 us=0.530) pl=-0.0174 vl=0.1150 ent=3.797 clip=0.144 kl=0.0077 t=35.6s (rollout=30.2s update=5.3s)
  [league] opponents: ['self', 'iter_0030', 'v22_scripted', 'iter_0040']
  [pfsp]
    iter_0030: WR_ussr=0.57(n=500) WR_us=0.47(n=500) pfsp=0.478
    v22_scripted: WR_ussr=0.38(n=175) WR_us=0.30(n=175) pfsp=0.660
    iter_0040: WR_ussr=0.61(n=400) WR_us=0.50(n=400) pfsp=0.447
  [diag] inf dtype=torch.float32 shape=torch.Size([2048, 172]) nan=0 inf_vals=0 range=[0.00,60.00]
  [diag] scalar dtype=torch.float32 nan=0 range=[-0.900,1.250]
  [diag] card_logits nan=0 range=[-20.52,13.08]
  [diag] values nan=0 range=[-0.9727,0.9472]
[iter  73/80] steps=13740 rollout_wr=0.445 (ussr=0.420 us=0.470) pl=-0.0160 vl=0.1114 ent=3.820 clip=0.139 kl=0.0084 t=28.1s (rollout=22.8s update=5.3s)
  [panel eval iter 70] avg=0.490: v8=0.455 | v14=0.485 | v22=0.485 | heuristic=0.535
  [league] opponents: ['self', 'v14_scripted', 'iter_0070', 'iter_0030']
  [pfsp]
    v14_scripted: WR_ussr=0.59(n=150) WR_us=0.41(n=150) pfsp=0.500
    iter_0070: WR_ussr=0.56(n=25) WR_us=0.76(n=25) pfsp=0.340
    iter_0030: WR_ussr=0.57(n=525) WR_us=0.48(n=525) pfsp=0.477
wandb: WARNING Tried to log to step 70 that is less than the current step 72. Steps must be monotonically increasing, so this data will be ignored. See https://wandb.me/define-metric to log data out of order.
  [diag] inf dtype=torch.float32 shape=torch.Size([2048, 172]) nan=0 inf_vals=0 range=[0.00,62.00]
  [diag] scalar dtype=torch.float32 nan=0 range=[-0.900,1.000]
  [diag] card_logits nan=0 range=[-20.26,13.16]
  [diag] values nan=0 range=[-0.9573,0.9236]
[iter  74/80] steps=13136 rollout_wr=0.470 (ussr=0.480 us=0.460) pl=-0.0168 vl=0.1088 ent=3.887 clip=0.133 kl=0.0067 t=20.9s (rollout=15.9s update=5.0s)
  [league] opponents: ['self', 'iter_0070', 'iter_0001', 'v22_scripted']
  [pfsp]
    iter_0070: WR_ussr=0.58(n=50) WR_us=0.58(n=50) pfsp=0.420
    iter_0001: WR_ussr=0.45(n=1700) WR_us=0.40(n=1700) pfsp=0.578
    v22_scripted: WR_ussr=0.38(n=200) WR_us=0.29(n=200) pfsp=0.667
  [diag] inf dtype=torch.float32 shape=torch.Size([2048, 172]) nan=0 inf_vals=0 range=[0.00,55.00]
  [diag] scalar dtype=torch.float32 nan=0 range=[-0.900,1.000]
  [diag] card_logits nan=0 range=[-20.25,13.95]
  [diag] values nan=0 range=[-0.9495,0.9505]
[iter  75/80] steps=13125 rollout_wr=0.450 (ussr=0.390 us=0.510) pl=-0.0189 vl=0.1168 ent=3.982 clip=0.145 kl=0.0072 t=20.8s (rollout=15.8s update=5.0s)
  [league] opponents: ['self', 'iter_0030', 'iter_0040', 'iter_0050']
  [pfsp]
    iter_0030: WR_ussr=0.56(n=550) WR_us=0.48(n=550) pfsp=0.476
    iter_0040: WR_ussr=0.60(n=425) WR_us=0.50(n=425) pfsp=0.452
    iter_0050: WR_ussr=0.58(n=250) WR_us=0.51(n=250) pfsp=0.456
  [diag] inf dtype=torch.float32 shape=torch.Size([2048, 172]) nan=0 inf_vals=0 range=[0.00,59.00]
  [diag] scalar dtype=torch.float32 nan=0 range=[-0.850,1.000]
  [diag] card_logits nan=0 range=[-21.55,12.60]
  [diag] values nan=0 range=[-0.9313,0.9334]
[iter  76/80] steps=13675 rollout_wr=0.510 (ussr=0.520 us=0.500) pl=-0.0163 vl=0.1171 ent=3.772 clip=0.130 kl=0.0048 t=21.8s (rollout=16.7s update=5.1s)
  [league] opponents: ['self', 'iter_0020', 'iter_0010', 'iter_0010']
  [pfsp]
    iter_0020: WR_ussr=0.51(n=575) WR_us=0.49(n=575) pfsp=0.498
    iter_0010: WR_ussr=0.52(n=1325) WR_us=0.45(n=1325) pfsp=0.512
  [diag] inf dtype=torch.float32 shape=torch.Size([2048, 172]) nan=0 inf_vals=0 range=[0.00,58.00]
  [diag] scalar dtype=torch.float32 nan=0 range=[-0.900,1.125]
  [diag] card_logits nan=0 range=[-19.72,13.38]
  [diag] values nan=0 range=[-0.8906,0.9221]
[iter  77/80] steps=13136 rollout_wr=0.520 (ussr=0.600 us=0.440) pl=-0.0186 vl=0.1222 ent=3.830 clip=0.123 kl=0.0045 t=20.7s (rollout=15.8s update=4.9s)
  [league] opponents: ['self', 'iter_0050', 'iter_0001', 'iter_0060']
  [pfsp]
    iter_0050: WR_ussr=0.57(n=275) WR_us=0.52(n=275) pfsp=0.453
    iter_0001: WR_ussr=0.44(n=1725) WR_us=0.40(n=1725) pfsp=0.579
    iter_0060: WR_ussr=0.60(n=125) WR_us=0.51(n=125) pfsp=0.444
  [diag] inf dtype=torch.float32 shape=torch.Size([2048, 172]) nan=0 inf_vals=0 range=[0.00,77.00]
  [diag] scalar dtype=torch.float32 nan=0 range=[-0.750,1.125]
  [diag] card_logits nan=0 range=[-19.54,14.23]
  [diag] values nan=0 range=[-0.9383,0.9400]
[iter  78/80] steps=13582 rollout_wr=0.535 (ussr=0.510 us=0.560) pl=-0.0173 vl=0.1127 ent=3.810 clip=0.133 kl=0.0053 t=21.1s (rollout=16.0s update=5.1s)
  [league] opponents: ['self', 'iter_0040', 'iter_0040', 'iter_0050']
  [pfsp]
    iter_0040: WR_ussr=0.60(n=450) WR_us=0.50(n=450) pfsp=0.451
    iter_0050: WR_ussr=0.56(n=300) WR_us=0.53(n=300) pfsp=0.452
  [diag] inf dtype=torch.float32 shape=torch.Size([2048, 172]) nan=0 inf_vals=0 range=[0.00,69.00]
  [diag] scalar dtype=torch.float32 nan=0 range=[-0.800,1.125]
  [diag] card_logits nan=0 range=[-19.44,13.28]
  [diag] values nan=0 range=[-0.9261,0.9362]
[iter  79/80] steps=13631 rollout_wr=0.505 (ussr=0.510 us=0.500) pl=-0.0189 vl=0.1080 ent=3.793 clip=0.159 kl=0.0084 t=21.7s (rollout=16.5s update=5.2s)
  Saved to league pool: data/checkpoints/ppo_v51_league/iter_0080.pt
  [league] opponents: ['self', 'iter_0010', 'iter_0040', 'v22_scripted']
  [pfsp]
    iter_0010: WR_ussr=0.52(n=1375) WR_us=0.45(n=1375) pfsp=0.511
    iter_0040: WR_ussr=0.60(n=500) WR_us=0.49(n=500) pfsp=0.456
    v22_scripted: WR_ussr=0.37(n=225) WR_us=0.30(n=225) pfsp=0.667
  [diag] inf dtype=torch.float32 shape=torch.Size([2048, 172]) nan=0 inf_vals=0 range=[0.00,54.00]
  [diag] scalar dtype=torch.float32 nan=0 range=[-0.900,1.125]
  [diag] card_logits nan=0 range=[-20.50,12.71]
  [diag] values nan=0 range=[-0.9434,0.9293]
[iter  80/80] steps=13667 rollout_wr=0.430 (ussr=0.460 us=0.400) pl=-0.0165 vl=0.1091 ent=3.775 clip=0.127 kl=0.0062 t=21.9s (rollout=16.8s update=5.1s)
  [panel eval] launched pid=229133 iter=80 panel=['v8', 'v14', 'v22', 'heuristic']
wandb: updating run metadata
wandb: uploading output.log; uploading wandb-summary.json; uploading config.yaml
wandb: 
wandb: Run history:
wandb:                 approx_kl ▁▁▁▁▁▁▁▂▁▂▁▂▂▂▃▂▂▁▂▂▂▂▂▂▃█▃▃▂▂▃▃▃▃▃▃▂▂▁▂
wandb:             clip_fraction ▂▁▂▂▃▃▃▂▃▄▄▃▃▅▅▅▇▅▄▄█▅▄▃▆▅▅▅▆▆▆▆▇▆█▅▇▅▄▅
wandb:   core_scalar_weight_norm ▁▂▂▂▂▃▃▃▃▃▄▄▄▄▄▅▅▅▅▅▆▆▆▆▇▇▇▇▇██▇▇▇▇█████
wandb:                  ent_coef ▁▁▁▁▁▁▁▁▁▁▁▁▁▁▁▁▁▁▁▁▁▁▁▁▁▁▁▁▁▁▁▁▁▁▁▁▁▁▁▁
wandb:                   entropy ▆▅▆▇▆▆▆█▅▄▅▆▆█▅▆▆▄▆▄▄▄▃▃▅▄▂▃▅▁▂▁▃▃▂▅▂▁▂▁
wandb:               iter_time_s ▁▁▁▁▁▆▇▁▁▁▁▁▆▄▂▂▁▁▁▇▄▂▁▂▂▂▇█▂▂▇▇▄▂▁▁▁▂▁▂
wandb:                   n_steps ▃▂▁▂▅▃▄▂▄▃▃▅▅▆▁▃▆▅▄▃▆▄▅▃▄▄▅▅▅▃▄▂▅█▄▃▆▂▅▆
wandb:    new_scalar_weight_norm ▄▄▃▃▃▃▃▂▁▂▃▄▄▄▄▄▅▅▄▄▅▅▃▄▄▄▄▄▄▅▅▅▅▄▄▆███▆
wandb:               policy_loss ▂▆█▆▇▅▇▄▆▅▅▄▂▆▅▁▄▆▄▃▄▇▅▅▅▄▄▅▅▇▅▆▄▄▃▄▆▄▅▆
wandb: region_scalar_weight_norm ▃▄▁▁▁▃▃▃▃▃▆▆▆▅▄▆▆▆▇█▅▅▆▆▆▅▅▆▇▇█▇▆▄▄▃▄▃▄▆
wandb:                       +88 ...
wandb: 
wandb: Run summary:
wandb:                 approx_kl 0.00618
wandb:             clip_fraction 0.12657
wandb:   core_scalar_weight_norm 4.06014
wandb:                  ent_coef 0.003
wandb:                   entropy 3.77527
wandb:               iter_time_s 21.90131
wandb:                   n_steps 13667
wandb:    new_scalar_weight_norm 2.70267
wandb:               policy_loss -0.01653
wandb: region_scalar_weight_norm 3.4061
wandb:                       +88 ...
wandb: 
wandb: 🚀 View run ppo_v51 at: https://wandb.ai/korduban-ai/twilight-struggle-ai/runs/8cf8493e
wandb: ⭐️ View project at: https://wandb.ai/korduban-ai/twilight-struggle-ai
wandb: Synced 5 W&B file(s), 0 media file(s), 0 artifact file(s) and 0 other file(s)
wandb: Find logs at: ./wandb/run-20260410_213311-8cf8493e/logs

Training complete in 32.2 minutes
Checkpoints in: data/checkpoints/ppo_v51_league
