[ppo_train_dynamic] starting at 2026-04-14T13:55:54Z
wandb: [wandb.login()] Loaded credentials for https://api.wandb.ai from WANDB_API_KEY.
wandb: Currently logged in as: dkorduban (korduban-ai) to https://api.wandb.ai. Use `wandb login --relogin` to force relogin
wandb: setting up run d864e75c
wandb: Tracking run with wandb version 0.25.1
wandb: Run data is saved locally in /home/dkord/code/twilight-struggle-ai/wandb/run-20260414_065556-d864e75c
wandb: Run `wandb offline` to turn off syncing.
wandb: Syncing run ppo_v238_sc
wandb: ⭐️ View project at https://wandb.ai/korduban-ai/twilight-struggle-ai
wandb: 🚀 View run at https://wandb.ai/korduban-ai/twilight-struggle-ai/runs/d864e75c
Loading checkpoint: data/checkpoints/ppo_v237_sc_league/ppo_best.pt

Starting PPO training: 30 iterations × 200 games/iter, side=both
Device: cuda, lr=5e-05, clip=0.12, ent=0.003, vf=0.5
League training enabled (pool: data/checkpoints/ppo_v238_sc_league, save-every=10)
  Saved to league pool: data/checkpoints/ppo_v238_sc_league/iter_0001.pt
  [league] self: self | ussr_pool: ['v228_sc_scripted', 'v228_sc_scripted'] | us_pool: ['heuristic', 'iter_0001']
  [pfsp]
    [ussr] v228_sc_scripted: WR_ussr=0.46(n=170) WR_us=0.53(n=140) pfsp=0.993
    [us] heuristic: WR_ussr=0.57(n=190) WR_us=0.38(n=181) pfsp=0.938
    [us] iter_0001: WR_ussr=?(n=0) WR_us=?(n=0) pfsp=1.000
  [diag] inf dtype=torch.float32 shape=torch.Size([2048, 172]) nan=0 inf_vals=0 range=[0.00,32.00]
  [diag] scalar dtype=torch.float32 nan=0 range=[-1.300,1.000]
  [diag] card_logits nan=0 range=[-16.27,17.26]
  [diag] values nan=0 range=[-0.9515,0.8644]
[iter   1/30] steps= 5097 rollout_wr=0.440 (ussr=0.400 us=0.480) pl=-0.0206 vl=0.2716 ent=3.835 clip=0.216 kl=0.0064 t=18.8s (rollout=16.0s update=2.8s)
  [league] self: self | ussr_pool: ['v228_sc_scripted', 'v217_sc_scripted'] | us_pool: ['iter_0001', 'iter_0001']
  [pfsp]
    [ussr] v228_sc_scripted: WR_ussr=0.43(n=250) WR_us=0.53(n=140) pfsp=0.979
    [ussr] v217_sc_scripted: WR_ussr=0.55(n=190) WR_us=0.61(n=200) pfsp=0.991
    [us] iter_0001: WR_ussr=?(n=0) WR_us=0.47(n=40) pfsp=0.997
  [diag] inf dtype=torch.float32 shape=torch.Size([2048, 172]) nan=0 inf_vals=0 range=[0.00,30.00]
  [diag] scalar dtype=torch.float32 nan=0 range=[-0.950,1.000]
  [diag] card_logits nan=0 range=[-15.84,17.20]
  [diag] values nan=0 range=[-0.9191,0.8608]
[iter   2/30] steps= 5275 rollout_wr=0.500 (ussr=0.510 us=0.490) pl=-0.0169 vl=0.2650 ent=3.721 clip=0.132 kl=0.0037 t=16.1s (rollout=13.8s update=2.3s)
  [league] self: self | ussr_pool: ['v57_scripted', 'v55_scripted'] | us_pool: ['v228_sc_scripted', 'v55_scripted']
  [pfsp]
    [ussr] v57_scripted: WR_ussr=0.89(n=138) WR_us=0.95(n=82) pfsp=0.388
    [ussr] v55_scripted: WR_ussr=0.88(n=137) WR_us=0.96(n=112) pfsp=0.435
    [us] v228_sc_scripted: WR_ussr=0.44(n=290) WR_us=0.53(n=140) pfsp=0.997
    [us] v55_scripted: WR_ussr=0.88(n=137) WR_us=0.96(n=112) pfsp=0.138
  [diag] inf dtype=torch.float32 shape=torch.Size([2048, 172]) nan=0 inf_vals=0 range=[0.00,29.00]
  [diag] scalar dtype=torch.float32 nan=0 range=[-1.100,1.000]
  [diag] card_logits nan=0 range=[-16.34,14.85]
  [diag] values nan=0 range=[-0.9250,0.8902]
[iter   3/30] steps= 3122 rollout_wr=0.695 (ussr=0.740 us=0.650) pl=-0.0174 vl=0.3461 ent=3.758 clip=0.072 kl=0.0022 t=9.0s (rollout=7.5s update=1.5s)
  [league] self: self | ussr_pool: ['heuristic', 'v217_sc_scripted'] | us_pool: ['v55_scripted', 'v228_sc_scripted']
  [pfsp]
    [ussr] heuristic: WR_ussr=0.57(n=190) WR_us=0.40(n=221) pfsp=0.981
    [ussr] v217_sc_scripted: WR_ussr=0.53(n=230) WR_us=0.61(n=200) pfsp=0.997
    [us] v55_scripted: WR_ussr=0.87(n=177) WR_us=0.97(n=152) pfsp=0.127
    [us] v228_sc_scripted: WR_ussr=0.44(n=290) WR_us=0.50(n=180) pfsp=1.000
  [diag] inf dtype=torch.float32 shape=torch.Size([2048, 172]) nan=0 inf_vals=0 range=[0.00,37.00]
  [diag] scalar dtype=torch.float32 nan=0 range=[-1.050,1.050]
  [diag] card_logits nan=0 range=[-16.04,16.83]
  [diag] values nan=0 range=[-0.9034,0.9147]
[iter   4/30] steps= 4288 rollout_wr=0.623 (ussr=0.550 us=0.697) pl=-0.0177 vl=0.2702 ent=3.848 clip=0.142 kl=0.0039 t=13.9s (rollout=12.0s update=1.9s)
  [league] self: self | ussr_pool: ['iter_0001', 'iter_0001'] | us_pool: ['iter_0001', 'v228_sc_scripted']
  [pfsp]
    [ussr] iter_0001: WR_ussr=?(n=0) WR_us=0.47(n=120) pfsp=1.000
    [us] iter_0001: WR_ussr=?(n=0) WR_us=0.47(n=120) pfsp=0.997
    [us] v228_sc_scripted: WR_ussr=0.44(n=290) WR_us=0.50(n=220) pfsp=1.000
  [diag] inf dtype=torch.float32 shape=torch.Size([2048, 172]) nan=0 inf_vals=0 range=[0.00,30.00]
  [diag] scalar dtype=torch.float32 nan=0 range=[-1.100,1.000]
  [diag] card_logits nan=0 range=[-15.87,16.85]
  [diag] values nan=0 range=[-0.9354,0.9246]
[iter   5/30] steps= 5140 rollout_wr=0.470 (ussr=0.370 us=0.570) pl=-0.0108 vl=0.2762 ent=3.778 clip=0.125 kl=0.0036 t=17.0s (rollout=14.8s update=2.2s)
  [league] self: self | ussr_pool: ['iter_0001', 'iter_0001'] | us_pool: ['heuristic', 'v217_sc_scripted']
  [pfsp]
    [ussr] iter_0001: WR_ussr=0.35(n=80) WR_us=0.48(n=160) pfsp=0.910
    [us] heuristic: WR_ussr=0.58(n=230) WR_us=0.40(n=221) pfsp=0.959
    [us] v217_sc_scripted: WR_ussr=0.53(n=270) WR_us=0.61(n=200) pfsp=0.947
  [diag] inf dtype=torch.float32 shape=torch.Size([2048, 172]) nan=0 inf_vals=0 range=[0.00,36.00]
  [diag] scalar dtype=torch.float32 nan=0 range=[-1.200,1.000]
  [diag] card_logits nan=0 range=[-15.38,15.86]
  [diag] values nan=0 range=[-0.9560,0.8499]
[iter   6/30] steps= 5015 rollout_wr=0.455 (ussr=0.450 us=0.460) pl=-0.0143 vl=0.2808 ent=3.766 clip=0.104 kl=0.0030 t=16.3s (rollout=14.1s update=2.2s)
  [league] self: self | ussr_pool: ['iter_0001', 'iter_0001'] | us_pool: ['iter_0001', 'v228_sc_scripted']
  [pfsp]
    [ussr] iter_0001: WR_ussr=0.40(n=160) WR_us=0.48(n=160) pfsp=0.960
    [us] iter_0001: WR_ussr=0.40(n=160) WR_us=0.48(n=160) pfsp=0.999
    [us] v228_sc_scripted: WR_ussr=0.44(n=290) WR_us=0.51(n=260) pfsp=1.000
  [diag] inf dtype=torch.float32 shape=torch.Size([2048, 172]) nan=0 inf_vals=0 range=[0.00,26.00]
  [diag] scalar dtype=torch.float32 nan=0 range=[-1.250,1.400]
  [diag] card_logits nan=0 range=[-15.99,16.05]
  [diag] values nan=0 range=[-0.9745,0.8660]
[iter   7/30] steps= 5003 rollout_wr=0.500 (ussr=0.480 us=0.520) pl=-0.0145 vl=0.2764 ent=3.702 clip=0.098 kl=0.0026 t=15.7s (rollout=13.6s update=2.1s)
  [league] self: self | ussr_pool: ['iter_0001', 'v228_sc_scripted'] | us_pool: ['iter_0001', 'iter_0001']
  [pfsp]
    [ussr] iter_0001: WR_ussr=0.44(n=240) WR_us=0.51(n=200) pfsp=0.984
    [ussr] v228_sc_scripted: WR_ussr=0.44(n=290) WR_us=0.50(n=300) pfsp=0.985
    [us] iter_0001: WR_ussr=0.44(n=240) WR_us=0.51(n=200) pfsp=1.000
  [diag] inf dtype=torch.float32 shape=torch.Size([2048, 172]) nan=0 inf_vals=0 range=[0.00,29.00]
  [diag] scalar dtype=torch.float32 nan=0 range=[-0.950,1.050]
  [diag] card_logits nan=0 range=[-15.50,16.06]
  [diag] values nan=0 range=[-0.9684,0.8410]
[iter   8/30] steps= 4809 rollout_wr=0.540 (ussr=0.550 us=0.530) pl=-0.0183 vl=0.2942 ent=3.720 clip=0.107 kl=0.0029 t=16.0s (rollout=14.1s update=1.9s)
  [league] self: self | ussr_pool: ['iter_0001', 'iter_0001'] | us_pool: ['iter_0001', 'iter_0001']
  [pfsp]
    [ussr] iter_0001: WR_ussr=0.46(n=280) WR_us=0.51(n=280) pfsp=0.993
    [us] iter_0001: WR_ussr=0.46(n=280) WR_us=0.51(n=280) pfsp=1.000
  [diag] inf dtype=torch.float32 shape=torch.Size([2048, 172]) nan=0 inf_vals=0 range=[0.00,32.00]
  [diag] scalar dtype=torch.float32 nan=0 range=[-1.250,1.250]
  [diag] card_logits nan=0 range=[-15.85,16.85]
  [diag] values nan=0 range=[-0.9612,0.8602]
[iter   9/30] steps= 4876 rollout_wr=0.580 (ussr=0.550 us=0.610) pl=-0.0200 vl=0.2886 ent=3.738 clip=0.120 kl=0.0034 t=16.1s (rollout=14.1s update=2.0s)
  Saved to league pool: data/checkpoints/ppo_v238_sc_league/iter_0010.pt
  [league] self: self | ussr_pool: ['iter_0010', 'heuristic'] | us_pool: ['iter_0010', 'iter_0010']
  [pfsp]
    [ussr] iter_0010: WR_ussr=?(n=0) WR_us=?(n=0) pfsp=1.000
    [ussr] heuristic: WR_ussr=0.58(n=230) WR_us=0.39(n=261) pfsp=0.976
    [us] iter_0010: WR_ussr=?(n=0) WR_us=?(n=0) pfsp=1.000
  [diag] inf dtype=torch.float32 shape=torch.Size([2048, 172]) nan=0 inf_vals=0 range=[0.00,37.00]
  [diag] scalar dtype=torch.float32 nan=0 range=[-1.000,1.100]
  [diag] card_logits nan=0 range=[-15.79,15.48]
  [diag] values nan=0 range=[-0.9348,0.9023]
[iter  10/30] steps= 4997 rollout_wr=0.565 (ussr=0.510 us=0.620) pl=-0.0173 vl=0.2777 ent=3.720 clip=0.139 kl=0.0037 t=17.5s (rollout=15.3s update=2.2s)
  [confirm] launched incremental Elo check for iter 10
  [panel eval] launched pid=1310276 iter=10 panel=['v55', 'v54', 'v44', 'v45', 'v48']
  [league] self: self | ussr_pool: ['v228_sc_scripted', 'v48_scripted'] | us_pool: ['iter_0001', 'iter_0010']
  [pfsp]
    [ussr] v228_sc_scripted: WR_ussr=0.45(n=330) WR_us=0.50(n=300) pfsp=0.989
    [ussr] v48_scripted: WR_ussr=0.94(n=31) WR_us=0.97(n=86) pfsp=0.241
    [us] iter_0001: WR_ussr=0.48(n=360) WR_us=0.53(n=360) pfsp=0.996
    [us] iter_0010: WR_ussr=0.45(n=40) WR_us=0.60(n=80) pfsp=0.960
  [diag] inf dtype=torch.float32 shape=torch.Size([2048, 172]) nan=0 inf_vals=0 range=[0.00,35.00]
  [diag] scalar dtype=torch.float32 nan=0 range=[-1.100,1.000]
  [diag] card_logits nan=0 range=[-16.45,15.02]
  [diag] values nan=0 range=[-0.9246,0.9073]
[iter  11/30] steps= 4207 rollout_wr=0.520 (ussr=0.510 us=0.530) pl=0.0040 vl=0.3064 ent=3.692 clip=0.143 kl=0.0039 t=14.7s (rollout=12.7s update=1.9s)
  [panel eval iter 10] avg=0.887 elapsed=15s: v55=0.833 | v54=0.900 | v44=0.900 | v45=0.950 | v48=0.900
  [panel eval] NEW HIGH-WATER MARK iter=10 avg_wr=0.8868 → ppo_running_best.pt (provenance: ppo_iter0010.pt)
  [league] self: self | ussr_pool: ['iter_0010', 'v232_sc_scripted'] | us_pool: ['v54_scripted', 'iter_0010']
  [pfsp]
    [ussr] iter_0010: WR_ussr=0.45(n=40) WR_us=0.57(n=120) pfsp=0.990
    [ussr] v232_sc_scripted: WR_ussr=0.49(n=180) WR_us=0.54(n=180) pfsp=1.000
    [us] v54_scripted: WR_ussr=?(n=0) WR_us=0.95(n=74) pfsp=0.205
    [us] iter_0010: WR_ussr=0.45(n=40) WR_us=0.57(n=120) pfsp=0.978
  [diag] inf dtype=torch.float32 shape=torch.Size([2048, 172]) nan=0 inf_vals=0 range=[0.00,33.00]
  [diag] scalar dtype=torch.float32 nan=0 range=[-1.000,1.150]
  [diag] card_logits nan=0 range=[-15.53,17.26]
  [diag] values nan=0 range=[-0.9509,0.8704]
[iter  12/30] steps= 4206 rollout_wr=0.600 (ussr=0.460 us=0.740) pl=-0.0064 vl=0.2831 ent=3.693 clip=0.118 kl=0.0037 t=14.4s (rollout=12.5s update=1.9s)
  [league] self: self | ussr_pool: ['iter_0010', 'v45_scripted'] | us_pool: ['v217_sc_scripted', 'v217_sc_scripted']
  [pfsp]
    [ussr] iter_0010: WR_ussr=0.42(n=80) WR_us=0.57(n=160) pfsp=0.977
    [ussr] v45_scripted: WR_ussr=0.88(n=92) WR_us=?(n=0) pfsp=0.421
    [us] v217_sc_scripted: WR_ussr=0.53(n=270) WR_us=0.62(n=240) pfsp=0.942
  [diag] inf dtype=torch.float32 shape=torch.Size([2048, 172]) nan=0 inf_vals=0 range=[0.00,35.00]
  [diag] scalar dtype=torch.float32 nan=0 range=[-0.850,1.000]
  [diag] card_logits nan=0 range=[-15.59,15.25]
  [diag] values nan=0 range=[-0.9718,0.8711]
[iter  13/30] steps= 4277 rollout_wr=0.605 (ussr=0.640 us=0.570) pl=-0.0085 vl=0.3072 ent=3.675 clip=0.158 kl=0.0049 t=14.7s (rollout=12.8s update=1.9s)
  [league] self: self | ussr_pool: ['heuristic', 'iter_0010'] | us_pool: ['iter_0001', 'iter_0001']
  [pfsp]
    [ussr] heuristic: WR_ussr=0.57(n=270) WR_us=0.39(n=261) pfsp=0.978
    [ussr] iter_0010: WR_ussr=0.47(n=120) WR_us=0.57(n=160) pfsp=0.997
    [us] iter_0001: WR_ussr=0.48(n=360) WR_us=0.53(n=400) pfsp=0.996
  [diag] inf dtype=torch.float32 shape=torch.Size([2048, 172]) nan=0 inf_vals=0 range=[0.00,42.00]
  [diag] scalar dtype=torch.float32 nan=0 range=[-0.950,1.000]
  [diag] card_logits nan=0 range=[-16.05,15.62]
  [diag] values nan=0 range=[-0.9599,0.8237]
[iter  14/30] steps= 4749 rollout_wr=0.565 (ussr=0.510 us=0.620) pl=-0.0135 vl=0.2815 ent=3.670 clip=0.138 kl=0.0037 t=16.5s (rollout=14.5s update=2.0s)
  [league] self: self | ussr_pool: ['v217_sc_scripted', 'iter_0010'] | us_pool: ['v228_sc_scripted', 'v232_sc_scripted']
  [pfsp]
    [ussr] v217_sc_scripted: WR_ussr=0.53(n=270) WR_us=0.62(n=320) pfsp=0.996
    [ussr] iter_0010: WR_ussr=0.46(n=160) WR_us=0.57(n=160) pfsp=0.994
    [us] v228_sc_scripted: WR_ussr=0.43(n=370) WR_us=0.50(n=300) pfsp=1.000
    [us] v232_sc_scripted: WR_ussr=0.49(n=220) WR_us=0.54(n=180) pfsp=0.992
  [diag] inf dtype=torch.float32 shape=torch.Size([2048, 172]) nan=0 inf_vals=0 range=[0.00,32.00]
  [diag] scalar dtype=torch.float32 nan=0 range=[-1.050,1.050]
  [diag] card_logits nan=0 range=[-15.52,14.46]
  [diag] values nan=0 range=[-0.9741,0.8440]
[iter  15/30] steps= 4937 rollout_wr=0.520 (ussr=0.490 us=0.550) pl=-0.0140 vl=0.2793 ent=3.712 clip=0.112 kl=0.0034 t=16.8s (rollout=14.7s update=2.1s)
  [league] self: self | ussr_pool: ['iter_0001', 'iter_0010'] | us_pool: ['iter_0001', 'iter_0001']
  [pfsp]
    [ussr] iter_0001: WR_ussr=0.48(n=360) WR_us=0.55(n=480) pfsp=0.998
    [ussr] iter_0010: WR_ussr=0.47(n=200) WR_us=0.57(n=160) pfsp=0.995
    [us] iter_0001: WR_ussr=0.48(n=360) WR_us=0.55(n=480) pfsp=0.992
  [diag] inf dtype=torch.float32 shape=torch.Size([2048, 172]) nan=0 inf_vals=0 range=[0.00,28.00]
  [diag] scalar dtype=torch.float32 nan=0 range=[-0.950,1.200]
  [diag] card_logits nan=0 range=[-16.03,16.69]
  [diag] values nan=0 range=[-0.9628,0.8086]
[iter  16/30] steps= 4783 rollout_wr=0.600 (ussr=0.570 us=0.630) pl=-0.0080 vl=0.2842 ent=3.731 clip=0.101 kl=0.0028 t=16.8s (rollout=14.8s update=2.0s)
  [league] self: self | ussr_pool: ['iter_0010', 'iter_0001'] | us_pool: ['v54_scripted', 'v232_sc_scripted']
  [pfsp]
    [ussr] iter_0010: WR_ussr=0.49(n=240) WR_us=0.57(n=160) pfsp=0.999
    [ussr] iter_0001: WR_ussr=0.49(n=400) WR_us=0.56(n=560) pfsp=1.000
    [us] v54_scripted: WR_ussr=?(n=0) WR_us=0.95(n=114) pfsp=0.199
    [us] v232_sc_scripted: WR_ussr=0.49(n=220) WR_us=0.54(n=220) pfsp=0.993
  [diag] inf dtype=torch.float32 shape=torch.Size([2048, 172]) nan=0 inf_vals=0 range=[0.00,30.00]
  [diag] scalar dtype=torch.float32 nan=0 range=[-0.950,1.150]
  [diag] card_logits nan=0 range=[-15.33,16.71]
  [diag] values nan=0 range=[-0.9564,0.7796]
[iter  17/30] steps= 4407 rollout_wr=0.605 (ussr=0.580 us=0.630) pl=-0.0057 vl=0.2705 ent=3.685 clip=0.086 kl=0.0023 t=14.4s (rollout=12.5s update=1.9s)
  [league] self: self | ussr_pool: ['heuristic', 'iter_0010'] | us_pool: ['iter_0010', 'v232_sc_scripted']
  [pfsp]
    [ussr] heuristic: WR_ussr=0.58(n=310) WR_us=0.39(n=261) pfsp=0.976
    [ussr] iter_0010: WR_ussr=0.50(n=280) WR_us=0.57(n=160) pfsp=1.000
    [us] iter_0010: WR_ussr=0.50(n=280) WR_us=0.57(n=160) pfsp=0.978
    [us] v232_sc_scripted: WR_ussr=0.49(n=220) WR_us=0.53(n=260) pfsp=0.996
  [diag] inf dtype=torch.float32 shape=torch.Size([2048, 172]) nan=0 inf_vals=0 range=[0.00,47.00]
  [diag] scalar dtype=torch.float32 nan=0 range=[-0.950,1.100]
  [diag] card_logits nan=0 range=[-17.15,15.79]
  [diag] values nan=0 range=[-0.9396,0.8741]
[iter  18/30] steps= 5002 rollout_wr=0.580 (ussr=0.640 us=0.520) pl=-0.0174 vl=0.2763 ent=3.660 clip=0.093 kl=0.0026 t=16.5s (rollout=14.3s update=2.3s)
  [league] self: self | ussr_pool: ['iter_0010', 'iter_0001'] | us_pool: ['heuristic', 'iter_0010']
  [pfsp]
    [ussr] iter_0010: WR_ussr=0.51(n=320) WR_us=0.56(n=200) pfsp=1.000
    [ussr] iter_0001: WR_ussr=0.50(n=440) WR_us=0.56(n=560) pfsp=1.000
    [us] heuristic: WR_ussr=0.59(n=350) WR_us=0.39(n=261) pfsp=0.952
    [us] iter_0010: WR_ussr=0.51(n=320) WR_us=0.56(n=200) pfsp=0.983
  [diag] inf dtype=torch.float32 shape=torch.Size([2048, 172]) nan=0 inf_vals=0 range=[0.00,39.00]
  [diag] scalar dtype=torch.float32 nan=0 range=[-1.100,1.200]
  [diag] card_logits nan=0 range=[-16.39,14.35]
  [diag] values nan=0 range=[-0.9711,0.9048]
[iter  19/30] steps= 5141 rollout_wr=0.485 (ussr=0.460 us=0.510) pl=-0.0163 vl=0.2718 ent=3.749 clip=0.127 kl=0.0037 t=17.8s (rollout=15.6s update=2.2s)
  Saved to league pool: data/checkpoints/ppo_v238_sc_league/iter_0020.pt
  [league] self: self | ussr_pool: ['v228_sc_scripted', 'iter_0020'] | us_pool: ['iter_0001', 'iter_0001']
  [pfsp]
    [ussr] v228_sc_scripted: WR_ussr=0.43(n=370) WR_us=0.51(n=340) pfsp=0.982
    [ussr] iter_0020: WR_ussr=?(n=0) WR_us=?(n=0) pfsp=1.000
    [us] iter_0001: WR_ussr=0.50(n=480) WR_us=0.56(n=560) pfsp=0.985
  [diag] inf dtype=torch.float32 shape=torch.Size([2048, 172]) nan=0 inf_vals=0 range=[0.00,42.00]
  [diag] scalar dtype=torch.float32 nan=0 range=[-1.100,1.000]
  [diag] card_logits nan=0 range=[-15.30,16.10]
  [diag] values nan=0 range=[-0.9377,0.8825]
[iter  20/30] steps= 4807 rollout_wr=0.550 (ussr=0.470 us=0.630) pl=-0.0156 vl=0.2812 ent=3.780 clip=0.119 kl=0.0035 t=17.2s (rollout=15.2s update=2.0s)
  [jsd] iter=20 prev_iter=10 card_jsd=0.0070 top1=0.895 val_mae=0.1406
  [confirm] launched incremental Elo check for iter 20
  [panel eval] launched pid=1310593 iter=20 panel=['v55', 'v54', 'v44', 'v45', 'v48']
  [league] self: self | ussr_pool: ['heuristic', 'iter_0001'] | us_pool: ['iter_0010', 'iter_0001']
  [pfsp]
    [ussr] heuristic: WR_ussr=0.59(n=350) WR_us=0.39(n=301) pfsp=0.967
    [ussr] iter_0001: WR_ussr=0.50(n=480) WR_us=0.57(n=640) pfsp=1.000
    [us] iter_0010: WR_ussr=0.50(n=360) WR_us=0.57(n=240) pfsp=0.978
    [us] iter_0001: WR_ussr=0.50(n=480) WR_us=0.57(n=640) pfsp=0.980
  [diag] inf dtype=torch.float32 shape=torch.Size([2048, 172]) nan=0 inf_vals=0 range=[0.00,41.00]
  [diag] scalar dtype=torch.float32 nan=0 range=[-0.900,1.000]
  [diag] card_logits nan=0 range=[-15.89,14.20]
  [diag] values nan=0 range=[-0.9565,0.8781]
[iter  21/30] steps= 4691 rollout_wr=0.570 (ussr=0.580 us=0.560) pl=-0.0158 vl=0.2822 ent=3.676 clip=0.124 kl=0.0035 t=18.3s (rollout=16.3s update=2.0s)
  [panel eval iter 20] avg=0.956 elapsed=19s: v55=0.967 | v54=0.950 | v44=0.983 | v45=0.917 | v48=0.950
  [panel eval] NEW HIGH-WATER MARK iter=20 avg_wr=0.9563 → ppo_running_best.pt (provenance: ppo_iter0020.pt)
  [league] self: self | ussr_pool: ['iter_0001', 'v232_sc_scripted'] | us_pool: ['heuristic', 'v54_scripted']
  [pfsp]
    [ussr] iter_0001: WR_ussr=0.49(n=520) WR_us=0.57(n=680) pfsp=1.000
    [ussr] v232_sc_scripted: WR_ussr=0.49(n=220) WR_us=0.53(n=300) pfsp=0.999
    [us] heuristic: WR_ussr=0.61(n=390) WR_us=0.39(n=301) pfsp=0.947
    [us] v54_scripted: WR_ussr=?(n=0) WR_us=0.94(n=154) pfsp=0.220
  [diag] inf dtype=torch.float32 shape=torch.Size([2048, 172]) nan=0 inf_vals=0 range=[0.00,35.00]
  [diag] scalar dtype=torch.float32 nan=0 range=[-1.150,1.050]
  [diag] card_logits nan=0 range=[-15.71,14.36]
  [diag] values nan=0 range=[-0.9579,0.8733]
[iter  22/30] steps= 4187 rollout_wr=0.575 (ussr=0.540 us=0.610) pl=0.0128 vl=0.2997 ent=3.624 clip=0.093 kl=0.0029 t=15.3s (rollout=13.3s update=2.0s)
  [league] self: self | ussr_pool: ['v55_scripted', 'iter_0020'] | us_pool: ['v55_scripted', 'iter_0010']
  [pfsp]
    [ussr] v55_scripted: WR_ussr=0.87(n=177) WR_us=0.96(n=191) pfsp=0.452
    [ussr] iter_0020: WR_ussr=0.47(n=40) WR_us=?(n=0) pfsp=0.997
    [us] v55_scripted: WR_ussr=0.87(n=177) WR_us=0.96(n=191) pfsp=0.141
    [us] iter_0010: WR_ussr=0.50(n=360) WR_us=0.57(n=280) pfsp=0.980
  [diag] inf dtype=torch.float32 shape=torch.Size([2048, 172]) nan=0 inf_vals=0 range=[0.00,26.00]
  [diag] scalar dtype=torch.float32 nan=0 range=[-1.000,1.200]
  [diag] card_logits nan=0 range=[-17.30,15.46]
  [diag] values nan=0 range=[-0.9686,0.9030]
[iter  23/30] steps= 3516 rollout_wr=0.650 (ussr=0.610 us=0.690) pl=-0.0083 vl=0.3233 ent=3.541 clip=0.083 kl=0.0027 t=13.3s (rollout=11.7s update=1.6s)
  [league] self: self | ussr_pool: ['iter_0010', 'iter_0020'] | us_pool: ['iter_0001', 'v232_sc_scripted']
  [pfsp]
    [ussr] iter_0010: WR_ussr=0.50(n=360) WR_us=0.56(n=320) pfsp=1.000
    [ussr] iter_0020: WR_ussr=0.46(n=80) WR_us=?(n=0) pfsp=0.994
    [us] iter_0001: WR_ussr=0.48(n=560) WR_us=0.57(n=680) pfsp=0.978
    [us] v232_sc_scripted: WR_ussr=0.50(n=260) WR_us=0.53(n=300) pfsp=0.996
  [diag] inf dtype=torch.float32 shape=torch.Size([2048, 172]) nan=0 inf_vals=0 range=[0.00,32.00]
  [diag] scalar dtype=torch.float32 nan=0 range=[-1.000,1.000]
  [diag] card_logits nan=0 range=[-16.03,14.18]
  [diag] values nan=0 range=[-0.9527,0.9301]
[iter  24/30] steps= 4592 rollout_wr=0.585 (ussr=0.530 us=0.640) pl=-0.0073 vl=0.2765 ent=3.671 clip=0.121 kl=0.0034 t=18.4s (rollout=16.3s update=2.0s)
  [league] self: self | ussr_pool: ['iter_0010', 'iter_0010'] | us_pool: ['v228_sc_scripted', 'v232_sc_scripted']
  [pfsp]
    [ussr] iter_0010: WR_ussr=0.50(n=400) WR_us=0.56(n=320) pfsp=1.000
    [us] v228_sc_scripted: WR_ussr=0.44(n=410) WR_us=0.51(n=340) pfsp=1.000
    [us] v232_sc_scripted: WR_ussr=0.50(n=260) WR_us=0.55(n=340) pfsp=0.990
  [diag] inf dtype=torch.float32 shape=torch.Size([2048, 172]) nan=0 inf_vals=0 range=[0.00,27.00]
  [diag] scalar dtype=torch.float32 nan=0 range=[-1.150,1.000]
  [diag] card_logits nan=0 range=[-16.50,14.31]
  [diag] values nan=0 range=[-0.9368,0.8731]
[iter  25/30] steps= 4853 rollout_wr=0.550 (ussr=0.450 us=0.650) pl=-0.0110 vl=0.2821 ent=3.664 clip=0.146 kl=0.0048 t=18.6s (rollout=16.6s update=2.0s)
  [league] self: self | ussr_pool: ['v217_sc_scripted', 'v22_scripted'] | us_pool: ['iter_0010', 'iter_0001']
  [pfsp]
    [ussr] v217_sc_scripted: WR_ussr=0.53(n=310) WR_us=0.62(n=320) pfsp=0.997
    [ussr] v22_scripted: WR_ussr=0.91(n=86) WR_us=?(n=0) pfsp=0.337
    [us] iter_0010: WR_ussr=0.49(n=480) WR_us=0.56(n=320) pfsp=0.984
    [us] iter_0001: WR_ussr=0.48(n=560) WR_us=0.58(n=720) pfsp=0.975
  [diag] inf dtype=torch.float32 shape=torch.Size([2048, 172]) nan=0 inf_vals=0 range=[0.00,41.00]
  [diag] scalar dtype=torch.float32 nan=0 range=[-1.000,1.000]
  [diag] card_logits nan=0 range=[-17.00,15.00]
  [diag] values nan=0 range=[-0.9308,0.9203]
[iter  26/30] steps= 4121 rollout_wr=0.640 (ussr=0.700 us=0.580) pl=-0.0030 vl=0.2998 ent=3.636 clip=0.122 kl=0.0035 t=15.5s (rollout=13.7s update=1.8s)
  [league] self: self | ussr_pool: ['iter_0020', 'v228_sc_scripted'] | us_pool: ['v55_scripted', 'v228_sc_scripted']
  [pfsp]
    [ussr] iter_0020: WR_ussr=0.47(n=120) WR_us=?(n=0) pfsp=0.997
    [ussr] v228_sc_scripted: WR_ussr=0.44(n=410) WR_us=0.51(n=380) pfsp=0.985
    [us] v55_scripted: WR_ussr=0.87(n=217) WR_us=0.96(n=231) pfsp=0.150
    [us] v228_sc_scripted: WR_ussr=0.44(n=410) WR_us=0.51(n=380) pfsp=0.999
  [diag] inf dtype=torch.float32 shape=torch.Size([2048, 172]) nan=0 inf_vals=0 range=[0.00,31.00]
  [diag] scalar dtype=torch.float32 nan=0 range=[-1.050,1.050]
  [diag] card_logits nan=0 range=[-16.19,14.48]
  [diag] values nan=0 range=[-0.9450,0.9165]
[iter  27/30] steps= 4298 rollout_wr=0.615 (ussr=0.550 us=0.680) pl=-0.0188 vl=0.3081 ent=3.678 clip=0.101 kl=0.0031 t=16.6s (rollout=14.7s update=1.9s)
  [league] self: self | ussr_pool: ['v228_sc_scripted', 'v228_sc_scripted'] | us_pool: ['iter_0010', 'iter_0020']
  [pfsp]
    [ussr] v228_sc_scripted: WR_ussr=0.45(n=450) WR_us=0.51(n=420) pfsp=0.990
    [us] iter_0010: WR_ussr=0.49(n=480) WR_us=0.56(n=360) pfsp=0.986
    [us] iter_0020: WR_ussr=0.49(n=160) WR_us=?(n=0) pfsp=1.000
  [diag] inf dtype=torch.float32 shape=torch.Size([2048, 172]) nan=0 inf_vals=0 range=[0.00,30.00]
  [diag] scalar dtype=torch.float32 nan=0 range=[-1.150,1.000]
  [diag] card_logits nan=0 range=[-17.16,16.74]
  [diag] values nan=0 range=[-0.9300,0.9046]
[iter  28/30] steps= 4969 rollout_wr=0.495 (ussr=0.420 us=0.570) pl=-0.0117 vl=0.2465 ent=3.612 clip=0.147 kl=0.0041 t=18.6s (rollout=16.5s update=2.2s)
  [league] self: self | ussr_pool: ['iter_0020', 'iter_0020'] | us_pool: ['v228_sc_scripted', 'heuristic']
  [pfsp]
    [ussr] iter_0020: WR_ussr=0.49(n=160) WR_us=0.60(n=40) pfsp=1.000
    [us] v228_sc_scripted: WR_ussr=0.44(n=530) WR_us=0.51(n=420) pfsp=1.000
    [us] heuristic: WR_ussr=0.61(n=390) WR_us=0.38(n=341) pfsp=0.946
  [diag] inf dtype=torch.float32 shape=torch.Size([2048, 172]) nan=0 inf_vals=0 range=[0.00,38.00]
  [diag] scalar dtype=torch.float32 nan=0 range=[-0.950,1.000]
  [diag] card_logits nan=0 range=[-17.13,14.07]
  [diag] values nan=0 range=[-0.9334,0.8985]
[iter  29/30] steps= 5263 rollout_wr=0.525 (ussr=0.560 us=0.490) pl=-0.0116 vl=0.2522 ent=3.636 clip=0.091 kl=0.0026 t=18.5s (rollout=16.2s update=2.3s)
  Saved to league pool: data/checkpoints/ppo_v238_sc_league/iter_0030.pt
  [league] self: self | ussr_pool: ['iter_0030', 'iter_0010'] | us_pool: ['v44_scripted', 'iter_0010']
  [pfsp]
    [ussr] iter_0030: WR_ussr=?(n=0) WR_us=?(n=0) pfsp=1.000
    [ussr] iter_0010: WR_ussr=0.49(n=480) WR_us=0.56(n=400) pfsp=0.999
    [us] v44_scripted: WR_ussr=?(n=0) WR_us=0.95(n=114) pfsp=0.199
    [us] iter_0010: WR_ussr=0.49(n=480) WR_us=0.56(n=400) pfsp=0.986
  [diag] inf dtype=torch.float32 shape=torch.Size([2048, 172]) nan=0 inf_vals=0 range=[0.00,32.00]
  [diag] scalar dtype=torch.float32 nan=0 range=[-0.950,1.050]
  [diag] card_logits nan=0 range=[-16.71,14.33]
  [diag] values nan=0 range=[-0.9414,0.9078]
[iter  30/30] steps= 4351 rollout_wr=0.705 (ussr=0.650 us=0.760) pl=-0.0134 vl=0.2673 ent=3.660 clip=0.132 kl=0.0047 t=15.6s (rollout=13.7s update=1.9s)
  [jsd] iter=30 prev_iter=20 card_jsd=0.0058 top1=0.929 val_mae=0.0823
  [confirm] launched incremental Elo check for iter 30
  [panel eval] launched pid=1310948 iter=30 panel=['v55', 'v54', 'v44', 'v45', 'v48']
wandb: updating run metadata; uploading artifact run-d864e75c-chartsrollout_wr_table-MMeAUA
wandb: uploading artifact run-d864e75c-chartsrollout_wr_table-MMeAUA
wandb: uploading wandb-summary.json; uploading config.yaml; uploading media/table/charts/rollout_wr_table_29_8cd99c330a4d10e9247a.table.json; uploading output.log
wandb: uploading history steps 28-29, summary, console lines 327-337
wandb: 
wandb: Run history:
wandb:               approx_kl █▃▁▄▃▂▂▂▃▄▄▃▅▄▃▂▁▂▃▃▃▂▂▃▅▃▃▄▂▅
wandb:           clip_fraction █▄▁▄▄▃▂▃▃▄▄▃▅▄▃▂▂▂▄▃▄▂▂▃▅▃▂▅▂▄
wandb: core_scalar_weight_norm ▁▁▁▂▂▃▄▄▅▆▇▆▆▆▆▆▇▇▇▇███████▇▅▄
wandb:                ent_coef ▁▁▁▁▁▁▁▁▁▁▁▁▁▁▁▁▁▁▁▁▁▁▁▁▁▁▁▁▁▁
wandb:                 entropy █▅▆█▆▆▅▅▅▅▄▄▄▄▅▅▄▄▆▆▄▃▁▄▄▃▄▃▃▄
wandb:             iter_time_s █▆▁▄▇▆▆▆▆▇▅▅▅▆▇▇▅▆▇▇█▆▄██▆▆██▆
wandb:  jsd/card_early_vs_prev █▁
wandb:   jsd/card_late_vs_prev █▁
wandb:    jsd/card_mid_vs_prev █▁
wandb:        jsd/card_vs_prev █▁
wandb:                    +208 ...
wandb: 
wandb: Run summary:
wandb:               approx_kl 0.00474
wandb:           clip_fraction 0.13224
wandb: core_scalar_weight_norm 4.05501
wandb:                ent_coef 0.003
wandb:                 entropy 3.66028
wandb:             iter_time_s 15.61234
wandb:  jsd/card_early_vs_prev 0.00595
wandb:   jsd/card_late_vs_prev 0.00476
wandb:    jsd/card_mid_vs_prev 0.00667
wandb:        jsd/card_vs_prev 0.00579
wandb:                    +208 ...
wandb: 
wandb: 🚀 View run ppo_v238_sc at: https://wandb.ai/korduban-ai/twilight-struggle-ai/runs/d864e75c
wandb: ⭐️ View project at: https://wandb.ai/korduban-ai/twilight-struggle-ai
wandb: Synced 5 W&B file(s), 30 media file(s), 60 artifact file(s) and 0 other file(s)
wandb: Find logs at: ./wandb/run-20260414_065556-d864e75c/logs

Training complete in 8.4 minutes
Checkpoints in: data/checkpoints/ppo_v238_sc_league
[ppo_train_dynamic] finished at 2026-04-14T14:04:26Z
