[ppo_train_dynamic] starting at 2026-04-14T18:03:29Z
wandb: [wandb.login()] Loaded credentials for https://api.wandb.ai from WANDB_API_KEY.
wandb: Currently logged in as: dkorduban (korduban-ai) to https://api.wandb.ai. Use `wandb login --relogin` to force relogin
wandb: setting up run 91d26366
wandb: Tracking run with wandb version 0.25.1
wandb: Run data is saved locally in /home/dkord/code/twilight-struggle-ai/wandb/run-20260414_110331-91d26366
wandb: Run `wandb offline` to turn off syncing.
wandb: Syncing run ppo_v267_sc
wandb: ⭐️ View project at https://wandb.ai/korduban-ai/twilight-struggle-ai
wandb: 🚀 View run at https://wandb.ai/korduban-ai/twilight-struggle-ai/runs/91d26366
Loading checkpoint: data/checkpoints/ppo_v266_sc_league/ppo_best.pt
  --reset-optimizer: skipping optimizer state restore, starting fresh Adam.

Starting PPO training: 30 iterations × 200 games/iter, side=both
Device: cuda, lr=5e-05, clip=0.12, ent=0.01, vf=0.5
League training enabled (pool: data/checkpoints/ppo_v267_sc_league, save-every=10)
  Saved to league pool: data/checkpoints/ppo_v267_sc_league/iter_0001.pt
  [league] self: self | ussr_pool: ['iter_0001', 'iter_0001'] | us_pool: ['iter_0001', 'v55_scripted']
  [pfsp]
    [ussr] iter_0001: WR_ussr=?(n=0) WR_us=?(n=0) pfsp=1.000
    [us] iter_0001: WR_ussr=?(n=0) WR_us=?(n=0) pfsp=1.000
    [us] v55_scripted: WR_ussr=0.87(n=55) WR_us=0.96(n=67) pfsp=0.171
  [diag] inf dtype=torch.float32 shape=torch.Size([2048, 172]) nan=0 inf_vals=0 range=[0.00,33.00]
  [diag] scalar dtype=torch.float32 nan=0 range=[-0.950,1.100]
  [diag] card_logits nan=0 range=[-16.62,16.12]
  [diag] values nan=0 range=[-0.9378,0.8480]
[iter   1/30] steps= 4390 rollout_wr=0.580 (ussr=0.470 us=0.690) pl=-0.0388 vl=0.2900 ent=3.553 clip=0.238 kl=0.0079 t=17.6s (rollout=14.9s update=2.6s)
  [league] self: self | ussr_pool: ['iter_0001', 'v217_sc_scripted'] | us_pool: ['heuristic', 'v57_scripted']
  [pfsp]
    [ussr] iter_0001: WR_ussr=0.47(n=80) WR_us=0.53(n=40) pfsp=0.997
    [ussr] v217_sc_scripted: WR_ussr=0.53(n=90) WR_us=0.61(n=184) pfsp=0.996
    [us] heuristic: WR_ussr=0.56(n=164) WR_us=0.47(n=316) pfsp=0.996
    [us] v57_scripted: WR_ussr=0.88(n=121) WR_us=0.95(n=98) pfsp=0.194
  [diag] inf dtype=torch.float32 shape=torch.Size([2048, 172]) nan=0 inf_vals=0 range=[0.00,36.00]
  [diag] scalar dtype=torch.float32 nan=0 range=[-0.900,1.000]
  [diag] card_logits nan=0 range=[-15.68,14.25]
  [diag] values nan=0 range=[-0.9358,0.8740]
[iter   2/30] steps= 4288 rollout_wr=0.678 (ussr=0.600 us=0.758) pl=-0.0193 vl=0.2806 ent=3.633 clip=0.139 kl=0.0042 t=14.4s (rollout=12.5s update=1.8s)
  [league] self: self | ussr_pool: ['v228_sc_scripted', 'v217_sc_scripted'] | us_pool: ['v232_sc_scripted', 'v228_sc_scripted']
  [pfsp]
    [ussr] v228_sc_scripted: WR_ussr=0.49(n=266) WR_us=0.52(n=276) pfsp=1.000
    [ussr] v217_sc_scripted: WR_ussr=0.58(n=130) WR_us=0.61(n=184) pfsp=0.976
    [us] v232_sc_scripted: WR_ussr=0.51(n=205) WR_us=0.55(n=195) pfsp=0.988
    [us] v228_sc_scripted: WR_ussr=0.49(n=266) WR_us=0.52(n=276) pfsp=0.998
  [diag] inf dtype=torch.float32 shape=torch.Size([2048, 172]) nan=0 inf_vals=0 range=[0.00,29.00]
  [diag] scalar dtype=torch.float32 nan=0 range=[-1.150,1.000]
  [diag] card_logits nan=0 range=[-16.02,15.32]
  [diag] values nan=0 range=[-0.9224,0.8738]
[iter   3/30] steps= 4904 rollout_wr=0.535 (ussr=0.440 us=0.630) pl=-0.0141 vl=0.2820 ent=3.608 clip=0.128 kl=0.0037 t=16.5s (rollout=14.5s update=2.0s)
  [league] self: self | ussr_pool: ['v232_sc_scripted', 'iter_0001'] | us_pool: ['iter_0001', 'v228_sc_scripted']
  [pfsp]
    [ussr] v232_sc_scripted: WR_ussr=0.51(n=205) WR_us=0.57(n=235) pfsp=1.000
    [ussr] iter_0001: WR_ussr=0.51(n=120) WR_us=0.53(n=40) pfsp=1.000
    [us] iter_0001: WR_ussr=0.51(n=120) WR_us=0.53(n=40) pfsp=0.997
    [us] v228_sc_scripted: WR_ussr=0.47(n=306) WR_us=0.53(n=316) pfsp=0.997
  [diag] inf dtype=torch.float32 shape=torch.Size([2048, 172]) nan=0 inf_vals=0 range=[0.00,30.00]
  [diag] scalar dtype=torch.float32 nan=0 range=[-0.950,1.000]
  [diag] card_logits nan=0 range=[-16.10,15.27]
  [diag] values nan=0 range=[-0.9314,0.8683]
[iter   4/30] steps= 4968 rollout_wr=0.440 (ussr=0.480 us=0.400) pl=-0.0122 vl=0.2808 ent=3.546 clip=0.117 kl=0.0036 t=16.7s (rollout=14.5s update=2.2s)
  [league] self: self | ussr_pool: ['iter_0001', 'iter_0001'] | us_pool: ['iter_0001', 'iter_0001']
  [pfsp]
    [ussr] iter_0001: WR_ussr=0.50(n=160) WR_us=0.50(n=80) pfsp=1.000
    [us] iter_0001: WR_ussr=0.50(n=160) WR_us=0.50(n=80) pfsp=1.000
  [diag] inf dtype=torch.float32 shape=torch.Size([2048, 172]) nan=0 inf_vals=0 range=[0.00,30.00]
  [diag] scalar dtype=torch.float32 nan=0 range=[-1.000,1.000]
  [diag] card_logits nan=0 range=[-15.60,14.69]
  [diag] values nan=0 range=[-0.9515,0.8337]
[iter   5/30] steps= 4765 rollout_wr=0.560 (ussr=0.470 us=0.650) pl=-0.0203 vl=0.2699 ent=3.561 clip=0.140 kl=0.0042 t=17.4s (rollout=15.3s update=2.1s)
  [league] self: self | ussr_pool: ['iter_0001', 'iter_0001'] | us_pool: ['v217_sc_scripted', 'v48_scripted']
  [pfsp]
    [ussr] iter_0001: WR_ussr=0.49(n=240) WR_us=0.57(n=160) pfsp=1.000
    [us] v217_sc_scripted: WR_ussr=0.56(n=170) WR_us=0.61(n=184) pfsp=0.948
    [us] v48_scripted: WR_ussr=0.86(n=91) WR_us=0.98(n=55) pfsp=0.071
  [diag] inf dtype=torch.float32 shape=torch.Size([2048, 172]) nan=0 inf_vals=0 range=[0.00,30.00]
  [diag] scalar dtype=torch.float32 nan=0 range=[-1.650,1.200]
  [diag] card_logits nan=0 range=[-16.19,15.30]
  [diag] values nan=0 range=[-0.9513,0.8348]
[iter   6/30] steps= 4185 rollout_wr=0.605 (ussr=0.550 us=0.660) pl=0.0103 vl=0.3028 ent=3.486 clip=0.126 kl=0.0036 t=14.4s (rollout=12.6s update=1.9s)
  [league] self: self | ussr_pool: ['v232_sc_scripted', 'v217_sc_scripted'] | us_pool: ['iter_0001', 'heuristic']
  [pfsp]
    [ussr] v232_sc_scripted: WR_ussr=0.50(n=245) WR_us=0.57(n=235) pfsp=1.000
    [ussr] v217_sc_scripted: WR_ussr=0.56(n=170) WR_us=0.59(n=224) pfsp=0.983
    [us] iter_0001: WR_ussr=0.51(n=320) WR_us=0.57(n=160) pfsp=0.978
    [us] heuristic: WR_ussr=0.56(n=164) WR_us=0.49(n=356) pfsp=0.999
  [diag] inf dtype=torch.float32 shape=torch.Size([2048, 172]) nan=0 inf_vals=0 range=[0.00,35.00]
  [diag] scalar dtype=torch.float32 nan=0 range=[-0.900,1.250]
  [diag] card_logits nan=0 range=[-15.80,14.71]
  [diag] values nan=0 range=[-0.9539,0.9257]
[iter   7/30] steps= 4912 rollout_wr=0.535 (ussr=0.510 us=0.560) pl=-0.0185 vl=0.2879 ent=3.565 clip=0.122 kl=0.0037 t=17.1s (rollout=15.0s update=2.1s)
  [league] self: self | ussr_pool: ['v232_sc_scripted', 'heuristic'] | us_pool: ['iter_0001', 'v232_sc_scripted']
  [pfsp]
    [ussr] v232_sc_scripted: WR_ussr=0.51(n=285) WR_us=0.57(n=235) pfsp=1.000
    [ussr] heuristic: WR_ussr=0.56(n=164) WR_us=0.49(n=396) pfsp=0.985
    [us] iter_0001: WR_ussr=0.51(n=320) WR_us=0.59(n=200) pfsp=0.964
    [us] v232_sc_scripted: WR_ussr=0.51(n=285) WR_us=0.57(n=235) pfsp=0.978
  [diag] inf dtype=torch.float32 shape=torch.Size([2048, 172]) nan=0 inf_vals=0 range=[0.00,45.00]
  [diag] scalar dtype=torch.float32 nan=0 range=[-0.950,1.000]
  [diag] card_logits nan=0 range=[-15.79,14.62]
  [diag] values nan=0 range=[-0.9569,0.9273]
[iter   8/30] steps= 5054 rollout_wr=0.535 (ussr=0.470 us=0.600) pl=-0.0163 vl=0.2639 ent=3.615 clip=0.132 kl=0.0039 t=16.9s (rollout=14.9s update=2.0s)
  [league] self: self | ussr_pool: ['iter_0001', 'v57_scripted'] | us_pool: ['heuristic', 'iter_0001']
  [pfsp]
    [ussr] iter_0001: WR_ussr=0.51(n=320) WR_us=0.59(n=240) pfsp=1.000
    [ussr] v57_scripted: WR_ussr=0.88(n=121) WR_us=0.96(n=137) pfsp=0.434
    [us] heuristic: WR_ussr=0.52(n=204) WR_us=0.49(n=396) pfsp=0.999
    [us] iter_0001: WR_ussr=0.51(n=320) WR_us=0.59(n=240) pfsp=0.966
  [diag] inf dtype=torch.float32 shape=torch.Size([2048, 172]) nan=0 inf_vals=0 range=[0.00,37.00]
  [diag] scalar dtype=torch.float32 nan=0 range=[-1.200,1.000]
  [diag] card_logits nan=0 range=[-16.33,13.02]
  [diag] values nan=0 range=[-0.9612,0.8950]
[iter   9/30] steps= 4698 rollout_wr=0.550 (ussr=0.570 us=0.530) pl=-0.0119 vl=0.2702 ent=3.531 clip=0.129 kl=0.0040 t=14.4s (rollout=12.4s update=2.0s)
  Saved to league pool: data/checkpoints/ppo_v267_sc_league/iter_0010.pt
  [league] self: self | ussr_pool: ['iter_0010', 'heuristic'] | us_pool: ['heuristic', 'iter_0001']
  [pfsp]
    [ussr] iter_0010: WR_ussr=?(n=0) WR_us=?(n=0) pfsp=1.000
    [ussr] heuristic: WR_ussr=0.52(n=204) WR_us=0.49(n=436) pfsp=0.998
    [us] heuristic: WR_ussr=0.52(n=204) WR_us=0.49(n=436) pfsp=1.000
    [us] iter_0001: WR_ussr=0.50(n=360) WR_us=0.59(n=280) pfsp=0.971
  [diag] inf dtype=torch.float32 shape=torch.Size([2048, 172]) nan=0 inf_vals=0 range=[0.00,42.00]
  [diag] scalar dtype=torch.float32 nan=0 range=[-0.950,1.450]
  [diag] card_logits nan=0 range=[-16.11,14.87]
  [diag] values nan=0 range=[-0.9711,0.9170]
[iter  10/30] steps= 4843 rollout_wr=0.530 (ussr=0.560 us=0.500) pl=-0.0180 vl=0.2776 ent=3.548 clip=0.127 kl=0.0038 t=16.0s (rollout=14.0s update=2.0s)
  [confirm] launched incremental Elo check for iter 10
  [panel eval] launched pid=1378718 iter=10 panel=['v209_sc', 'v217_sc', 'v232_sc', 'v228_sc', 'v227_sc']
  [league] self: self | ussr_pool: ['iter_0010', 'v48_scripted'] | us_pool: ['iter_0001', 'v44_scripted']
  [pfsp]
    [ussr] iter_0010: WR_ussr=0.50(n=40) WR_us=?(n=0) pfsp=1.000
    [ussr] v48_scripted: WR_ussr=0.86(n=91) WR_us=0.96(n=95) pfsp=0.490
    [us] iter_0001: WR_ussr=0.50(n=360) WR_us=0.58(n=320) pfsp=0.976
    [us] v44_scripted: WR_ussr=?(n=0) WR_us=0.95(n=40) pfsp=0.190
  [diag] inf dtype=torch.float32 shape=torch.Size([2048, 172]) nan=0 inf_vals=0 range=[0.00,29.00]
  [diag] scalar dtype=torch.float32 nan=0 range=[-1.050,1.000]
  [diag] card_logits nan=0 range=[-16.29,13.92]
  [diag] values nan=0 range=[-0.9802,0.9160]
[iter  11/30] steps= 3708 rollout_wr=0.660 (ussr=0.630 us=0.690) pl=-0.0141 vl=0.2977 ent=3.442 clip=0.083 kl=0.0025 t=12.9s (rollout=11.2s update=1.8s)
  [league] self: self | ussr_pool: ['iter_0001', 'heuristic'] | us_pool: ['v232_sc_scripted', 'heuristic']
  [pfsp]
    [ussr] iter_0001: WR_ussr=0.50(n=360) WR_us=0.57(n=360) pfsp=1.000
    [ussr] heuristic: WR_ussr=0.55(n=244) WR_us=0.49(n=476) pfsp=0.989
    [us] v232_sc_scripted: WR_ussr=0.51(n=325) WR_us=0.59(n=275) pfsp=0.968
    [us] heuristic: WR_ussr=0.55(n=244) WR_us=0.49(n=476) pfsp=1.000
  [diag] inf dtype=torch.float32 shape=torch.Size([2048, 172]) nan=0 inf_vals=0 range=[0.00,38.00]
  [diag] scalar dtype=torch.float32 nan=0 range=[-0.950,1.000]
  [diag] card_logits nan=0 range=[-15.47,14.98]
  [diag] values nan=0 range=[-0.9719,0.9284]
[iter  12/30] steps= 5031 rollout_wr=0.475 (ussr=0.630 us=0.320) pl=-0.0124 vl=0.2598 ent=3.534 clip=0.112 kl=0.0031 t=17.1s (rollout=14.9s update=2.2s)
  [panel eval iter 10] avg=0.610 elapsed=31s: v209_sc=0.733 | v217_sc=0.733 | v232_sc=0.533 | v228_sc=0.500 | v227_sc=0.550
  [panel eval] NEW HIGH-WATER MARK iter=10 avg_wr=0.6100 → ppo_running_best.pt (provenance: ppo_iter0010.pt)
  [league] self: self | ussr_pool: ['v217_sc_scripted', 'iter_0001'] | us_pool: ['iter_0010', 'v217_sc_scripted']
  [pfsp]
    [ussr] v217_sc_scripted: WR_ussr=0.56(n=210) WR_us=0.59(n=224) pfsp=0.987
    [ussr] iter_0001: WR_ussr=0.51(n=400) WR_us=0.57(n=360) pfsp=1.000
    [us] iter_0010: WR_ussr=0.49(n=80) WR_us=?(n=0) pfsp=1.000
    [us] v217_sc_scripted: WR_ussr=0.56(n=210) WR_us=0.59(n=224) pfsp=0.968
wandb: WARNING Tried to log to step 10 that is less than the current step 11. Steps must be monotonically increasing, so this data will be ignored. See https://wandb.me/define-metric to log data out of order.
  [diag] inf dtype=torch.float32 shape=torch.Size([2048, 172]) nan=0 inf_vals=0 range=[0.00,29.00]
  [diag] scalar dtype=torch.float32 nan=0 range=[-1.050,1.000]
  [diag] card_logits nan=0 range=[-16.58,14.83]
  [diag] values nan=0 range=[-0.9644,0.8967]
[iter  13/30] steps= 4676 rollout_wr=0.650 (ussr=0.630 us=0.670) pl=-0.0096 vl=0.2823 ent=3.524 clip=0.116 kl=0.0035 t=15.5s (rollout=13.5s update=2.0s)
  [league] self: self | ussr_pool: ['iter_0010', 'iter_0010'] | us_pool: ['v228_sc_scripted', 'iter_0001']
  [pfsp]
    [ussr] iter_0010: WR_ussr=0.49(n=80) WR_us=0.68(n=40) pfsp=0.999
    [us] v228_sc_scripted: WR_ussr=0.47(n=306) WR_us=0.51(n=356) pfsp=1.000
    [us] iter_0001: WR_ussr=0.52(n=440) WR_us=0.57(n=360) pfsp=0.979
  [diag] inf dtype=torch.float32 shape=torch.Size([2048, 172]) nan=0 inf_vals=0 range=[0.00,32.00]
  [diag] scalar dtype=torch.float32 nan=0 range=[-0.950,1.050]
  [diag] card_logits nan=0 range=[-15.91,13.98]
  [diag] values nan=0 range=[-0.9572,0.9106]
[iter  14/30] steps= 4919 rollout_wr=0.510 (ussr=0.460 us=0.560) pl=-0.0129 vl=0.2811 ent=3.461 clip=0.123 kl=0.0036 t=16.6s (rollout=14.5s update=2.1s)
  [league] self: self | ussr_pool: ['iter_0010', 'iter_0001'] | us_pool: ['v228_sc_scripted', 'v232_sc_scripted']
  [pfsp]
    [ussr] iter_0010: WR_ussr=0.47(n=160) WR_us=0.68(n=40) pfsp=0.996
    [ussr] iter_0001: WR_ussr=0.52(n=440) WR_us=0.57(n=400) pfsp=0.999
    [us] v228_sc_scripted: WR_ussr=0.47(n=306) WR_us=0.51(n=396) pfsp=1.000
    [us] v232_sc_scripted: WR_ussr=0.51(n=325) WR_us=0.57(n=315) pfsp=0.983
  [diag] inf dtype=torch.float32 shape=torch.Size([2048, 172]) nan=0 inf_vals=0 range=[0.00,30.00]
  [diag] scalar dtype=torch.float32 nan=0 range=[-1.100,1.000]
  [diag] card_logits nan=0 range=[-15.70,14.99]
  [diag] values nan=0 range=[-0.9525,0.8728]
[iter  15/30] steps= 5185 rollout_wr=0.575 (ussr=0.520 us=0.630) pl=-0.0149 vl=0.2781 ent=3.487 clip=0.131 kl=0.0037 t=17.4s (rollout=15.2s update=2.2s)
  [league] self: self | ussr_pool: ['v217_sc_scripted', 'iter_0001'] | us_pool: ['iter_0001', 'v232_sc_scripted']
  [pfsp]
    [ussr] v217_sc_scripted: WR_ussr=0.58(n=250) WR_us=0.62(n=264) pfsp=0.972
    [ussr] iter_0001: WR_ussr=0.52(n=480) WR_us=0.57(n=400) pfsp=0.998
    [us] iter_0001: WR_ussr=0.52(n=480) WR_us=0.57(n=400) pfsp=0.982
    [us] v232_sc_scripted: WR_ussr=0.51(n=325) WR_us=0.57(n=355) pfsp=0.981
  [diag] inf dtype=torch.float32 shape=torch.Size([2048, 172]) nan=0 inf_vals=0 range=[0.00,30.00]
  [diag] scalar dtype=torch.float32 nan=0 range=[-1.000,1.000]
  [diag] card_logits nan=0 range=[-16.06,14.74]
  [diag] values nan=0 range=[-0.9457,0.9092]
[iter  16/30] steps= 5147 rollout_wr=0.535 (ussr=0.480 us=0.590) pl=-0.0152 vl=0.2795 ent=3.543 clip=0.125 kl=0.0036 t=17.4s (rollout=15.2s update=2.2s)
  [league] self: self | ussr_pool: ['iter_0010', 'iter_0010'] | us_pool: ['iter_0010', 'v217_sc_scripted']
  [pfsp]
    [ussr] iter_0010: WR_ussr=0.47(n=200) WR_us=0.68(n=40) pfsp=0.995
    [us] iter_0010: WR_ussr=0.47(n=200) WR_us=0.68(n=40) pfsp=0.877
    [us] v217_sc_scripted: WR_ussr=0.57(n=290) WR_us=0.62(n=264) pfsp=0.945
  [diag] inf dtype=torch.float32 shape=torch.Size([2048, 172]) nan=0 inf_vals=0 range=[0.00,35.00]
  [diag] scalar dtype=torch.float32 nan=0 range=[-1.350,1.000]
  [diag] card_logits nan=0 range=[-15.83,15.81]
  [diag] values nan=0 range=[-0.9257,0.9055]
[iter  17/30] steps= 4738 rollout_wr=0.540 (ussr=0.590 us=0.490) pl=-0.0221 vl=0.2951 ent=3.508 clip=0.105 kl=0.0029 t=15.4s (rollout=13.4s update=2.0s)
  [league] self: self | ussr_pool: ['v57_scripted', 'v232_sc_scripted'] | us_pool: ['iter_0001', 'v48_scripted']
  [pfsp]
    [ussr] v57_scripted: WR_ussr=0.88(n=161) WR_us=0.96(n=137) pfsp=0.435
    [ussr] v232_sc_scripted: WR_ussr=0.51(n=325) WR_us=0.58(n=395) pfsp=1.000
    [us] iter_0001: WR_ussr=0.51(n=520) WR_us=0.57(n=440) pfsp=0.983
    [us] v48_scripted: WR_ussr=0.83(n=131) WR_us=0.96(n=95) pfsp=0.161
  [diag] inf dtype=torch.float32 shape=torch.Size([2048, 172]) nan=0 inf_vals=0 range=[0.00,33.00]
  [diag] scalar dtype=torch.float32 nan=0 range=[-1.200,1.000]
  [diag] card_logits nan=0 range=[-15.95,15.70]
  [diag] values nan=0 range=[-0.9313,0.8718]
[iter  18/30] steps= 3784 rollout_wr=0.720 (ussr=0.740 us=0.700) pl=-0.0091 vl=0.2855 ent=3.470 clip=0.083 kl=0.0024 t=12.3s (rollout=10.7s update=1.6s)
  [league] self: self | ussr_pool: ['iter_0001', 'v228_sc_scripted'] | us_pool: ['heuristic', 'iter_0010']
  [pfsp]
    [ussr] iter_0001: WR_ussr=0.51(n=520) WR_us=0.56(n=480) pfsp=0.999
    [ussr] v228_sc_scripted: WR_ussr=0.47(n=306) WR_us=0.52(n=436) pfsp=0.997
    [us] heuristic: WR_ussr=0.57(n=284) WR_us=0.47(n=516) pfsp=0.997
    [us] iter_0010: WR_ussr=0.51(n=280) WR_us=0.59(n=80) pfsp=0.969
  [diag] inf dtype=torch.float32 shape=torch.Size([2048, 172]) nan=0 inf_vals=0 range=[0.00,37.00]
  [diag] scalar dtype=torch.float32 nan=0 range=[-1.000,1.000]
  [diag] card_logits nan=0 range=[-15.59,14.04]
  [diag] values nan=0 range=[-0.9253,0.8932]
[iter  19/30] steps= 5107 rollout_wr=0.495 (ussr=0.500 us=0.490) pl=-0.0120 vl=0.2725 ent=3.456 clip=0.118 kl=0.0037 t=17.2s (rollout=15.0s update=2.2s)
  Saved to league pool: data/checkpoints/ppo_v267_sc_league/iter_0020.pt
  [league] self: self | ussr_pool: ['iter_0001', 'v232_sc_scripted'] | us_pool: ['v217_sc_scripted', 'iter_0020']
  [pfsp]
    [ussr] iter_0001: WR_ussr=0.52(n=560) WR_us=0.56(n=480) pfsp=0.998
    [ussr] v232_sc_scripted: WR_ussr=0.52(n=365) WR_us=0.58(n=395) pfsp=0.999
    [us] v217_sc_scripted: WR_ussr=0.57(n=290) WR_us=0.61(n=304) pfsp=0.956
    [us] iter_0020: WR_ussr=?(n=0) WR_us=?(n=0) pfsp=1.000
  [diag] inf dtype=torch.float32 shape=torch.Size([2048, 172]) nan=0 inf_vals=0 range=[0.00,36.00]
  [diag] scalar dtype=torch.float32 nan=0 range=[-1.000,1.250]
  [diag] card_logits nan=0 range=[-15.73,15.58]
  [diag] values nan=0 range=[-0.9311,0.8609]
[iter  20/30] steps= 4750 rollout_wr=0.615 (ussr=0.610 us=0.620) pl=-0.0103 vl=0.2803 ent=3.481 clip=0.093 kl=0.0027 t=18.0s (rollout=16.0s update=2.0s)
  [jsd] iter=20 prev_iter=10 card_jsd=0.0056 top1=0.922 val_mae=0.1118
  [confirm] launched incremental Elo check for iter 20
  [panel eval] launched pid=1379074 iter=20 panel=['v209_sc', 'v217_sc', 'v232_sc', 'v228_sc', 'v227_sc']
  [league] self: self | ussr_pool: ['v55_scripted', 'iter_0020'] | us_pool: ['v232_sc_scripted', 'heuristic']
  [pfsp]
    [ussr] v55_scripted: WR_ussr=0.87(n=55) WR_us=0.96(n=107) pfsp=0.444
    [ussr] iter_0020: WR_ussr=?(n=0) WR_us=0.55(n=40) pfsp=1.000
    [us] v232_sc_scripted: WR_ussr=0.52(n=405) WR_us=0.58(n=395) pfsp=0.975
    [us] heuristic: WR_ussr=0.57(n=284) WR_us=0.47(n=556) pfsp=0.997
  [diag] inf dtype=torch.float32 shape=torch.Size([2048, 172]) nan=0 inf_vals=0 range=[0.00,35.00]
  [diag] scalar dtype=torch.float32 nan=0 range=[-0.900,1.000]
  [diag] card_logits nan=0 range=[-15.62,14.27]
  [diag] values nan=0 range=[-0.9399,0.9241]
[iter  21/30] steps= 4477 rollout_wr=0.615 (ussr=0.660 us=0.570) pl=-0.0128 vl=0.2804 ent=3.489 clip=0.127 kl=0.0036 t=18.2s (rollout=16.2s update=2.1s)
  [league] self: self | ussr_pool: ['v57_scripted', 'iter_0001'] | us_pool: ['v57_scripted', 'v57_scripted']
  [pfsp]
    [ussr] v57_scripted: WR_ussr=0.89(n=201) WR_us=0.96(n=137) pfsp=0.405
    [ussr] iter_0001: WR_ussr=0.54(n=600) WR_us=0.56(n=480) pfsp=0.995
    [us] v57_scripted: WR_ussr=0.89(n=201) WR_us=0.96(n=137) pfsp=0.141
  [diag] inf dtype=torch.float32 shape=torch.Size([2048, 172]) nan=0 inf_vals=0 range=[0.00,30.00]
  [diag] scalar dtype=torch.float32 nan=0 range=[-1.250,1.000]
  [diag] card_logits nan=0 range=[-15.85,15.38]
  [diag] values nan=0 range=[-0.9258,0.9096]
[iter  22/30] steps= 2861 rollout_wr=0.805 (ussr=0.680 us=0.930) pl=-0.0087 vl=0.3106 ent=3.487 clip=0.091 kl=0.0028 t=11.9s (rollout=10.5s update=1.3s)
  [panel eval iter 20] avg=0.597 elapsed=31s: v209_sc=0.533 | v217_sc=0.617 | v232_sc=0.617 | v228_sc=0.550 | v227_sc=0.667
  [league] self: self | ussr_pool: ['iter_0020', 'iter_0001'] | us_pool: ['v228_sc_scripted', 'iter_0010']
  [pfsp]
    [ussr] iter_0020: WR_ussr=0.50(n=40) WR_us=0.55(n=40) pfsp=1.000
    [ussr] iter_0001: WR_ussr=0.54(n=640) WR_us=0.56(n=480) pfsp=0.994
    [us] v228_sc_scripted: WR_ussr=0.47(n=346) WR_us=0.52(n=436) pfsp=0.998
    [us] iter_0010: WR_ussr=0.51(n=280) WR_us=0.58(n=120) pfsp=0.972
wandb: WARNING Tried to log to step 20 that is less than the current step 21. Steps must be monotonically increasing, so this data will be ignored. See https://wandb.me/define-metric to log data out of order.
  [diag] inf dtype=torch.float32 shape=torch.Size([2048, 172]) nan=0 inf_vals=0 range=[0.00,33.00]
  [diag] scalar dtype=torch.float32 nan=0 range=[-1.400,1.200]
  [diag] card_logits nan=0 range=[-15.36,14.27]
  [diag] values nan=0 range=[-0.9308,0.9292]
[iter  23/30] steps= 5008 rollout_wr=0.485 (ussr=0.470 us=0.500) pl=-0.0177 vl=0.2754 ent=3.537 clip=0.146 kl=0.0040 t=19.4s (rollout=17.2s update=2.2s)
  [league] self: self | ussr_pool: ['heuristic', 'v55_scripted'] | us_pool: ['iter_0020', 'iter_0001']
  [pfsp]
    [ussr] heuristic: WR_ussr=0.57(n=284) WR_us=0.48(n=596) pfsp=0.978
    [ussr] v55_scripted: WR_ussr=0.89(n=95) WR_us=0.96(n=107) pfsp=0.377
    [us] iter_0020: WR_ussr=0.47(n=80) WR_us=0.55(n=40) pfsp=0.990
    [us] iter_0001: WR_ussr=0.53(n=680) WR_us=0.56(n=480) pfsp=0.984
  [diag] inf dtype=torch.float32 shape=torch.Size([2048, 172]) nan=0 inf_vals=0 range=[0.00,37.00]
  [diag] scalar dtype=torch.float32 nan=0 range=[-1.100,1.050]
  [diag] card_logits nan=0 range=[-15.63,14.64]
  [diag] values nan=0 range=[-0.9238,0.9148]
[iter  24/30] steps= 4041 rollout_wr=0.635 (ussr=0.690 us=0.580) pl=-0.0136 vl=0.2914 ent=3.494 clip=0.109 kl=0.0032 t=15.9s (rollout=14.2s update=1.7s)
  [league] self: self | ussr_pool: ['iter_0020', 'iter_0020'] | us_pool: ['iter_0020', 'iter_0010']
  [pfsp]
    [ussr] iter_0020: WR_ussr=0.47(n=80) WR_us=0.55(n=80) pfsp=0.997
    [us] iter_0020: WR_ussr=0.47(n=80) WR_us=0.55(n=80) pfsp=0.990
    [us] iter_0010: WR_ussr=0.51(n=280) WR_us=0.57(n=160) pfsp=0.978
  [diag] inf dtype=torch.float32 shape=torch.Size([2048, 172]) nan=0 inf_vals=0 range=[0.00,34.00]
  [diag] scalar dtype=torch.float32 nan=0 range=[-0.950,1.300]
  [diag] card_logits nan=0 range=[-16.05,13.71]
  [diag] values nan=0 range=[-0.9500,0.8475]
[iter  25/30] steps= 4711 rollout_wr=0.618 (ussr=0.610 us=0.626) pl=-0.0190 vl=0.2854 ent=3.408 clip=0.134 kl=0.0040 t=18.4s (rollout=16.3s update=2.1s)
  [league] self: self | ussr_pool: ['iter_0001', 'v217_sc_scripted'] | us_pool: ['v217_sc_scripted', 'iter_0001']
  [pfsp]
    [ussr] iter_0001: WR_ussr=0.53(n=680) WR_us=0.57(n=520) pfsp=0.996
    [ussr] v217_sc_scripted: WR_ussr=0.57(n=290) WR_us=0.62(n=344) pfsp=0.981
    [us] v217_sc_scripted: WR_ussr=0.57(n=290) WR_us=0.62(n=344) pfsp=0.946
    [us] iter_0001: WR_ussr=0.53(n=680) WR_us=0.57(n=520) pfsp=0.981
  [diag] inf dtype=torch.float32 shape=torch.Size([2048, 172]) nan=0 inf_vals=0 range=[0.00,32.00]
  [diag] scalar dtype=torch.float32 nan=0 range=[-0.950,1.050]
  [diag] card_logits nan=0 range=[-15.63,13.16]
  [diag] values nan=0 range=[-0.9285,0.8644]
[iter  26/30] steps= 4647 rollout_wr=0.580 (ussr=0.590 us=0.570) pl=-0.0178 vl=0.2864 ent=3.506 clip=0.127 kl=0.0037 t=18.4s (rollout=16.5s update=2.0s)
  [league] self: self | ussr_pool: ['v232_sc_scripted', 'iter_0020'] | us_pool: ['v217_sc_scripted', 'v217_sc_scripted']
  [pfsp]
    [ussr] v232_sc_scripted: WR_ussr=0.52(n=405) WR_us=0.57(n=435) pfsp=0.999
    [ussr] iter_0020: WR_ussr=0.54(n=160) WR_us=0.57(n=119) pfsp=0.992
    [us] v217_sc_scripted: WR_ussr=0.57(n=330) WR_us=0.61(n=384) pfsp=0.947
  [diag] inf dtype=torch.float32 shape=torch.Size([2048, 172]) nan=0 inf_vals=0 range=[0.00,32.00]
  [diag] scalar dtype=torch.float32 nan=0 range=[-0.900,1.000]
  [diag] card_logits nan=0 range=[-15.42,14.14]
  [diag] values nan=0 range=[-0.9340,0.9031]
[iter  27/30] steps= 4536 rollout_wr=0.575 (ussr=0.560 us=0.590) pl=-0.0221 vl=0.2907 ent=3.480 clip=0.150 kl=0.0044 t=17.9s (rollout=15.8s update=2.1s)
  [league] self: self | ussr_pool: ['iter_0001', 'v22_scripted'] | us_pool: ['iter_0020', 'iter_0001']
  [pfsp]
    [ussr] iter_0001: WR_ussr=0.54(n=720) WR_us=0.57(n=560) pfsp=0.995
    [ussr] v22_scripted: WR_ussr=0.90(n=122) WR_us=?(n=0) pfsp=0.355
    [us] iter_0020: WR_ussr=0.53(n=200) WR_us=0.57(n=119) pfsp=0.980
    [us] iter_0001: WR_ussr=0.54(n=720) WR_us=0.57(n=560) pfsp=0.983
  [diag] inf dtype=torch.float32 shape=torch.Size([2048, 172]) nan=0 inf_vals=0 range=[0.00,36.00]
  [diag] scalar dtype=torch.float32 nan=0 range=[-1.000,1.150]
  [diag] card_logits nan=0 range=[-15.79,15.24]
  [diag] values nan=0 range=[-0.9299,0.9252]
[iter  28/30] steps= 4087 rollout_wr=0.590 (ussr=0.710 us=0.470) pl=-0.0105 vl=0.3044 ent=3.386 clip=0.072 kl=0.0022 t=14.5s (rollout=12.8s update=1.7s)
  [league] self: self | ussr_pool: ['v48_scripted', 'iter_0020'] | us_pool: ['iter_0010', 'v228_sc_scripted']
  [pfsp]
    [ussr] v48_scripted: WR_ussr=0.83(n=131) WR_us=0.97(n=135) pfsp=0.559
    [ussr] iter_0020: WR_ussr=0.53(n=200) WR_us=0.56(n=159) pfsp=0.996
    [us] iter_0010: WR_ussr=0.51(n=280) WR_us=0.58(n=200) pfsp=0.974
    [us] v228_sc_scripted: WR_ussr=0.47(n=346) WR_us=0.52(n=476) pfsp=0.998
  [diag] inf dtype=torch.float32 shape=torch.Size([2048, 172]) nan=0 inf_vals=0 range=[0.00,30.00]
  [diag] scalar dtype=torch.float32 nan=0 range=[-0.950,1.150]
  [diag] card_logits nan=0 range=[-16.14,14.19]
  [diag] values nan=0 range=[-0.9437,0.9271]
[iter  29/30] steps= 4133 rollout_wr=0.595 (ussr=0.680 us=0.510) pl=-0.0008 vl=0.2710 ent=3.402 clip=0.097 kl=0.0027 t=15.1s (rollout=13.2s update=1.9s)
  Saved to league pool: data/checkpoints/ppo_v267_sc_league/iter_0030.pt
  [league] self: self | ussr_pool: ['iter_0020', 'iter_0030'] | us_pool: ['iter_0001', 'iter_0001']
  [pfsp]
    [ussr] iter_0020: WR_ussr=0.54(n=240) WR_us=0.56(n=159) pfsp=0.994
    [ussr] iter_0030: WR_ussr=?(n=0) WR_us=?(n=0) pfsp=1.000
    [us] iter_0001: WR_ussr=0.54(n=760) WR_us=0.56(n=600) pfsp=0.985
  [diag] inf dtype=torch.float32 shape=torch.Size([2048, 172]) nan=0 inf_vals=0 range=[0.00,38.00]
  [diag] scalar dtype=torch.float32 nan=0 range=[-0.900,1.150]
  [diag] card_logits nan=0 range=[-17.02,13.35]
  [diag] values nan=0 range=[-0.9732,0.9313]
[iter  30/30] steps= 4636 rollout_wr=0.525 (ussr=0.580 us=0.470) pl=-0.0055 vl=0.2645 ent=3.441 clip=0.105 kl=0.0030 t=16.0s (rollout=14.1s update=2.0s)
  [jsd] iter=30 prev_iter=20 card_jsd=0.0066 top1=0.909 val_mae=0.0898
  [confirm] launched incremental Elo check for iter 30
  [panel eval] launched pid=1379637 iter=30 panel=['v209_sc', 'v217_sc', 'v232_sc', 'v228_sc', 'v227_sc']
wandb: updating run metadata; uploading artifact run-91d26366-chartsrollout_wr_table-mQ59Og
wandb: uploading artifact run-91d26366-chartsrollout_wr_table-mQ59Og
wandb: uploading wandb-summary.json; uploading config.yaml; uploading media/table/charts/rollout_wr_table_29_679962c5250769289641.table.json; uploading output.log
wandb: uploading history steps 28-29, summary, console lines 335-345
wandb: 
wandb: Run history:
wandb:               approx_kl █▃▃▃▃▃▃▃▃▃▁▂▃▃▃▃▂▁▃▂▃▂▃▂▃▃▄▁▂▂
wandb:           clip_fraction █▄▃▃▄▃▃▄▃▃▁▃▃▃▃▃▂▁▃▂▃▂▄▃▄▃▄▁▂▂
wandb: core_scalar_weight_norm ▄▁▁▃▄▃▃▃▄▃▄▄▃▃▅▇▇███▇▆▅▅▄▃▃▂▂▂
wandb:                ent_coef ███▇▇▇▇▆▆▆▆▅▅▅▅▄▄▄▄▃▃▃▃▂▂▂▂▁▁▁
wandb:                 entropy ▆█▇▆▆▄▆▇▅▆▃▅▅▃▄▅▄▃▃▄▄▄▅▄▂▄▄▁▁▃
wandb:             iter_time_s ▆▃▅▅▆▃▆▆▃▅▂▆▄▅▆▆▄▁▆▇▇▁█▅▇▇▇▃▄▅
wandb:  jsd/card_early_vs_prev ▁█
wandb:   jsd/card_late_vs_prev ▁█
wandb:    jsd/card_mid_vs_prev ▁█
wandb:        jsd/card_vs_prev ▁█
wandb:                    +185 ...
wandb: 
wandb: Run summary:
wandb:               approx_kl 0.00303
wandb:           clip_fraction 0.10533
wandb: core_scalar_weight_norm 4.04763
wandb:                ent_coef 0.0093
wandb:                 entropy 3.44055
wandb:             iter_time_s 16.03244
wandb:  jsd/card_early_vs_prev 0.00748
wandb:   jsd/card_late_vs_prev 0.00539
wandb:    jsd/card_mid_vs_prev 0.00708
wandb:        jsd/card_vs_prev 0.00665
wandb:                    +185 ...
wandb: 
wandb: 🚀 View run ppo_v267_sc at: https://wandb.ai/korduban-ai/twilight-struggle-ai/runs/91d26366
wandb: ⭐️ View project at: https://wandb.ai/korduban-ai/twilight-struggle-ai
wandb: Synced 5 W&B file(s), 30 media file(s), 60 artifact file(s) and 0 other file(s)
wandb: Find logs at: ./wandb/run-20260414_110331-91d26366/logs

Training complete in 8.4 minutes
Checkpoints in: data/checkpoints/ppo_v267_sc_league
[ppo_train_dynamic] finished at 2026-04-14T18:12:05Z
