[ppo_train_dynamic] starting at 2026-04-13T18:56:51Z
wandb: [wandb.login()] Loaded credentials for https://api.wandb.ai from WANDB_API_KEY.
wandb: Currently logged in as: dkorduban (korduban-ai) to https://api.wandb.ai. Use `wandb login --relogin` to force relogin
wandb: setting up run 4658ecff
wandb: Tracking run with wandb version 0.25.1
wandb: Run data is saved locally in /home/dkord/code/twilight-struggle-ai/wandb/run-20260413_115654-4658ecff
wandb: Run `wandb offline` to turn off syncing.
wandb: Syncing run ppo_v111_sc
wandb: ⭐️ View project at https://wandb.ai/korduban-ai/twilight-struggle-ai
wandb: 🚀 View run at https://wandb.ai/korduban-ai/twilight-struggle-ai/runs/4658ecff
Loading checkpoint: data/checkpoints/ppo_v110_sc_league/ppo_best.pt
[smoke test] Smoke test passed: 10 games completed
  --reset-optimizer: skipping optimizer state restore, starting fresh Adam.

Starting PPO training: 30 iterations × 200 games/iter, side=both
Device: cuda, lr=2e-05, clip=0.12, ent=0.01, vf=0.5
League training enabled (pool: data/checkpoints/ppo_v111_sc_league, save-every=10)
  Saved to league pool: data/checkpoints/ppo_v111_sc_league/iter_0001.pt
  [league] self: self | ussr_pool: ['bc_wide384_scripted', 'iter_0001'] | us_pool: ['bc_wide384_scripted', 'v45_scripted']
  [pfsp]
    [ussr] bc_wide384_scripted: WR_ussr=0.96(n=138) WR_us=0.94(n=128) pfsp=0.166
    [ussr] iter_0001: WR_ussr=?(n=0) WR_us=?(n=0) pfsp=1.000
    [us] bc_wide384_scripted: WR_ussr=0.96(n=138) WR_us=0.94(n=128) pfsp=0.234
    [us] v45_scripted: WR_ussr=?(n=0) WR_us=0.93(n=116) pfsp=0.257
  [diag] inf dtype=torch.float32 shape=torch.Size([2048, 172]) nan=0 inf_vals=0 range=[0.00,85.00]
  [diag] scalar dtype=torch.float32 nan=0 range=[-0.900,1.100]
  [diag] card_logits nan=0 range=[-62.03,29.60]
  [diag] values nan=0 range=[-0.5701,0.8040]
[iter   1/30] steps= 7020 rollout_wr=0.815 (ussr=0.850 us=0.780) pl=-0.0259 vl=0.1719 ent=2.626 clip=0.163 kl=0.0046 t=7.8s (rollout=6.3s update=1.5s)
  [league] self: self | ussr_pool: ['v73_sc_scripted', 'iter_0001'] | us_pool: ['iter_0001', 'heuristic']
  [pfsp]
    [ussr] v73_sc_scripted: WR_ussr=0.99(n=99) WR_us=?(n=0) pfsp=0.040
    [ussr] iter_0001: WR_ussr=0.78(n=40) WR_us=?(n=0) pfsp=0.697
    [us] iter_0001: WR_ussr=0.78(n=40) WR_us=?(n=0) pfsp=1.000
    [us] heuristic: WR_ussr=0.09(n=218) WR_us=0.02(n=48) pfsp=0.082
  [diag] inf dtype=torch.float32 shape=torch.Size([2048, 172]) nan=0 inf_vals=0 range=[0.00,62.00]
  [diag] scalar dtype=torch.float32 nan=0 range=[-0.950,1.125]
  [diag] card_logits nan=0 range=[-57.98,27.17]
  [diag] values nan=0 range=[-0.6453,0.7861]
[iter   2/30] steps=10542 rollout_wr=0.550 (ussr=0.930 us=0.170) pl=-0.0193 vl=0.1151 ent=2.678 clip=0.137 kl=0.0040 t=10.6s (rollout=9.9s update=0.7s)
  [league] self: self | ussr_pool: ['v78_sc_scripted', 'iter_0001'] | us_pool: ['iter_0001', 'bc_wide384_scripted']
  [pfsp]
    [ussr] v78_sc_scripted: WR_ussr=0.97(n=128) WR_us=0.91(n=181) pfsp=0.121
    [ussr] iter_0001: WR_ussr=0.81(n=80) WR_us=0.23(n=40) pfsp=0.609
    [us] iter_0001: WR_ussr=0.81(n=80) WR_us=0.23(n=40) pfsp=0.698
    [us] bc_wide384_scripted: WR_ussr=0.96(n=178) WR_us=0.95(n=168) pfsp=0.203
  [diag] inf dtype=torch.float32 shape=torch.Size([2048, 172]) nan=0 inf_vals=0 range=[0.00,94.00]
  [diag] scalar dtype=torch.float32 nan=0 range=[-1.000,1.100]
  [diag] card_logits nan=0 range=[-61.20,29.91]
  [diag] values nan=0 range=[-0.6440,0.7617]
[iter   3/30] steps= 8869 rollout_wr=0.705 (ussr=0.880 us=0.530) pl=-0.0150 vl=0.1360 ent=2.755 clip=0.100 kl=0.0028 t=7.8s (rollout=7.3s update=0.5s)
  [league] self: self | ussr_pool: ['v58_scripted', 'v73_sc_scripted'] | us_pool: ['v75_sc_scripted', 'v79_sc_scripted']
  [pfsp]
    [ussr] v58_scripted: WR_ussr=0.98(n=162) WR_us=?(n=0) pfsp=0.096
    [ussr] v73_sc_scripted: WR_ussr=0.99(n=139) WR_us=?(n=0) pfsp=0.029
    [us] v75_sc_scripted: WR_ussr=0.97(n=110) WR_us=0.95(n=139) pfsp=0.191
    [us] v79_sc_scripted: WR_ussr=0.96(n=102) WR_us=0.92(n=153) pfsp=0.289
  [diag] inf dtype=torch.float32 shape=torch.Size([2048, 172]) nan=0 inf_vals=0 range=[0.00,68.00]
  [diag] scalar dtype=torch.float32 nan=0 range=[-0.900,1.150]
  [diag] card_logits nan=0 range=[-57.21,25.95]
  [diag] values nan=0 range=[-0.6419,0.8085]
[iter   4/30] steps= 4647 rollout_wr=0.875 (ussr=0.940 us=0.810) pl=-0.0211 vl=0.1888 ent=2.598 clip=0.093 kl=0.0023 t=5.2s (rollout=4.8s update=0.4s)
  [league] self: self | ussr_pool: ['v79_sc_scripted', 'iter_0001'] | us_pool: ['iter_0001', 'iter_0001']
  [pfsp]
    [ussr] v79_sc_scripted: WR_ussr=0.96(n=102) WR_us=0.92(n=193) pfsp=0.151
    [ussr] iter_0001: WR_ussr=0.82(n=120) WR_us=0.21(n=80) pfsp=0.599
    [us] iter_0001: WR_ussr=0.82(n=120) WR_us=0.21(n=80) pfsp=0.669
  [diag] inf dtype=torch.float32 shape=torch.Size([2048, 172]) nan=0 inf_vals=0 range=[0.00,74.00]
  [diag] scalar dtype=torch.float32 nan=0 range=[-0.950,1.200]
  [diag] card_logits nan=0 range=[-65.61,28.61]
  [diag] values nan=0 range=[-0.6501,0.8033]
[iter   5/30] steps=10821 rollout_wr=0.595 (ussr=0.930 us=0.260) pl=-0.0175 vl=0.1168 ent=2.851 clip=0.139 kl=0.0039 t=9.2s (rollout=8.6s update=0.6s)
  [league] self: self | ussr_pool: ['iter_0001', 'iter_0001'] | us_pool: ['v22_scripted', 'v45_scripted']
  [pfsp]
    [ussr] iter_0001: WR_ussr=0.83(n=160) WR_us=0.24(n=160) pfsp=0.561
    [us] v22_scripted: WR_ussr=?(n=0) WR_us=0.92(n=125) pfsp=0.294
    [us] v45_scripted: WR_ussr=?(n=0) WR_us=0.92(n=156) pfsp=0.306
  [diag] inf dtype=torch.float32 shape=torch.Size([2048, 172]) nan=0 inf_vals=0 range=[0.00,76.00]
  [diag] scalar dtype=torch.float32 nan=0 range=[-0.950,1.100]
  [diag] card_logits nan=0 range=[-58.88,26.37]
  [diag] values nan=0 range=[-0.6250,0.8251]
[iter   6/30] steps= 8483 rollout_wr=0.835 (ussr=0.850 us=0.820) pl=-0.0192 vl=0.1253 ent=2.624 clip=0.107 kl=0.0030 t=7.5s (rollout=7.0s update=0.6s)
  [league] self: self | ussr_pool: ['v73_sc_scripted', 'bc_wide384_scripted'] | us_pool: ['iter_0001', 'iter_0001']
  [pfsp]
    [ussr] v73_sc_scripted: WR_ussr=0.99(n=179) WR_us=?(n=0) pfsp=0.022
    [ussr] bc_wide384_scripted: WR_ussr=0.96(n=178) WR_us=0.96(n=208) pfsp=0.151
    [us] iter_0001: WR_ussr=0.83(n=240) WR_us=0.24(n=160) pfsp=0.737
  [diag] inf dtype=torch.float32 shape=torch.Size([2048, 172]) nan=0 inf_vals=0 range=[0.00,64.00]
  [diag] scalar dtype=torch.float32 nan=0 range=[-0.950,1.200]
  [diag] card_logits nan=0 range=[-54.29,28.50]
  [diag] values nan=0 range=[-0.6378,0.8080]
[iter   7/30] steps= 8829 rollout_wr=0.620 (ussr=0.970 us=0.270) pl=-0.0187 vl=0.1285 ent=2.945 clip=0.173 kl=0.0053 t=8.1s (rollout=7.5s update=0.6s)
  [league] self: self | ussr_pool: ['iter_0001', 'v77_sc_scripted'] | us_pool: ['v72_sc_scripted', 'heuristic']
  [pfsp]
    [ussr] iter_0001: WR_ussr=0.83(n=240) WR_us=0.26(n=240) pfsp=0.556
    [ussr] v77_sc_scripted: WR_ussr=0.95(n=82) WR_us=?(n=0) pfsp=0.186
    [us] v72_sc_scripted: WR_ussr=?(n=0) WR_us=0.92(n=152) pfsp=0.291
    [us] heuristic: WR_ussr=0.09(n=218) WR_us=0.03(n=88) pfsp=0.132
  [diag] inf dtype=torch.float32 shape=torch.Size([2048, 172]) nan=0 inf_vals=0 range=[0.00,75.00]
  [diag] scalar dtype=torch.float32 nan=0 range=[-0.950,1.150]
  [diag] card_logits nan=0 range=[-56.59,29.73]
  [diag] values nan=0 range=[-0.6711,0.8429]
[iter   8/30] steps= 8565 rollout_wr=0.665 (ussr=0.890 us=0.440) pl=-0.0237 vl=0.1155 ent=2.672 clip=0.146 kl=0.0042 t=8.7s (rollout=8.0s update=0.6s)
  [league] self: self | ussr_pool: ['v55_scripted', 'iter_0001'] | us_pool: ['v76_sc_scripted', 'iter_0001']
  [pfsp]
    [ussr] v55_scripted: WR_ussr=0.94(n=197) WR_us=?(n=0) pfsp=0.211
    [ussr] iter_0001: WR_ussr=0.84(n=280) WR_us=0.26(n=240) pfsp=0.540
    [us] v76_sc_scripted: WR_ussr=?(n=0) WR_us=0.96(n=98) pfsp=0.157
    [us] iter_0001: WR_ussr=0.84(n=280) WR_us=0.26(n=240) pfsp=0.766
  [diag] inf dtype=torch.float32 shape=torch.Size([2048, 172]) nan=0 inf_vals=0 range=[0.00,78.00]
  [diag] scalar dtype=torch.float32 nan=0 range=[-0.900,1.450]
  [diag] card_logits nan=0 range=[-56.54,31.65]
  [diag] values nan=0 range=[-0.6162,0.8414]
[iter   9/30] steps= 8881 rollout_wr=0.725 (ussr=0.920 us=0.530) pl=-0.0205 vl=0.1291 ent=2.797 clip=0.101 kl=0.0028 t=7.8s (rollout=7.3s update=0.5s)
  Saved to league pool: data/checkpoints/ppo_v111_sc_league/iter_0010.pt
  [league] self: self | ussr_pool: ['iter_0010', 'v75_sc_scripted'] | us_pool: ['iter_0010', 'v22_scripted']
  [pfsp]
    [ussr] iter_0010: WR_ussr=?(n=0) WR_us=?(n=0) pfsp=1.000
    [ussr] v75_sc_scripted: WR_ussr=0.97(n=110) WR_us=0.94(n=179) pfsp=0.106
    [us] iter_0010: WR_ussr=?(n=0) WR_us=?(n=0) pfsp=1.000
    [us] v22_scripted: WR_ussr=?(n=0) WR_us=0.93(n=165) pfsp=0.249
  [diag] inf dtype=torch.float32 shape=torch.Size([2048, 172]) nan=0 inf_vals=0 range=[0.00,67.00]
  [diag] scalar dtype=torch.float32 nan=0 range=[-0.900,1.050]
  [diag] card_logits nan=0 range=[-59.68,28.61]
  [diag] values nan=0 range=[-0.7284,0.8520]
[iter  10/30] steps= 9077 rollout_wr=0.670 (ussr=0.840 us=0.500) pl=-0.0156 vl=0.1309 ent=2.852 clip=0.099 kl=0.0029 t=8.3s (rollout=7.8s update=0.6s)
  [probe] iter=10 card_jsd=0.0002 top1=0.995 val_mae=0.0265
  [confirm] launched incremental Elo check for iter 10
  [panel eval] launched pid=828319 iter=10 panel=['v55', 'v54', 'v44', 'v45', 'v14']
  [league] self: self | ussr_pool: ['v78_sc_scripted', 'v79_sc_scripted'] | us_pool: ['v79_sc_scripted', 'iter_0010']
  [pfsp]
    [ussr] v78_sc_scripted: WR_ussr=0.97(n=168) WR_us=0.91(n=181) pfsp=0.116
    [ussr] v79_sc_scripted: WR_ussr=0.97(n=142) WR_us=0.92(n=193) pfsp=0.110
    [us] v79_sc_scripted: WR_ussr=0.97(n=142) WR_us=0.92(n=193) pfsp=0.287
    [us] iter_0010: WR_ussr=0.72(n=40) WR_us=0.17(n=40) pfsp=0.577
  [diag] inf dtype=torch.float32 shape=torch.Size([2048, 172]) nan=0 inf_vals=0 range=[0.00,77.00]
  [diag] scalar dtype=torch.float32 nan=0 range=[-1.150,1.000]
  [diag] card_logits nan=0 range=[-60.44,30.24]
  [diag] values nan=0 range=[-0.6660,0.8031]
[iter  11/30] steps= 6953 rollout_wr=0.700 (ussr=0.900 us=0.500) pl=-0.0152 vl=0.1490 ent=2.752 clip=0.099 kl=0.0028 t=7.3s (rollout=6.8s update=0.5s)
  [panel eval iter 10] avg=0.512 elapsed=8s: v55=0.517 | v54=0.517 | v44=0.500 | v45=0.517 | v14=0.483
  [panel eval] NEW HIGH-WATER MARK iter=10 avg_wr=0.5117 → ppo_running_best.pt (provenance: ppo_iter0010.pt)
  [league] self: self | ussr_pool: ['bc_wide384_scripted', 'v73_sc_scripted'] | us_pool: ['iter_0010', 'iter_0010']
  [pfsp]
    [ussr] bc_wide384_scripted: WR_ussr=0.96(n=218) WR_us=0.96(n=208) pfsp=0.158
    [ussr] v73_sc_scripted: WR_ussr=1.00(n=219) WR_us=?(n=0) pfsp=0.018
    [us] iter_0010: WR_ussr=0.72(n=40) WR_us=0.20(n=80) pfsp=0.640
  [diag] inf dtype=torch.float32 shape=torch.Size([2048, 172]) nan=0 inf_vals=0 range=[0.00,78.00]
  [diag] scalar dtype=torch.float32 nan=0 range=[-0.900,1.300]
  [diag] card_logits nan=0 range=[-56.58,31.27]
  [diag] values nan=0 range=[-0.7452,0.8150]
[iter  12/30] steps= 9210 rollout_wr=0.570 (ussr=0.940 us=0.200) pl=-0.0163 vl=0.1136 ent=2.918 clip=0.152 kl=0.0047 t=8.4s (rollout=7.8s update=0.7s)
  [league] self: self | ussr_pool: ['iter_0010', 'iter_0001'] | us_pool: ['v79_sc_scripted', 'v22_scripted']
  [pfsp]
    [ussr] iter_0010: WR_ussr=0.72(n=40) WR_us=0.19(n=160) pfsp=0.797
    [ussr] iter_0001: WR_ussr=0.84(n=320) WR_us=0.26(n=280) pfsp=0.544
    [us] v79_sc_scripted: WR_ussr=0.97(n=182) WR_us=0.93(n=233) pfsp=0.271
    [us] v22_scripted: WR_ussr=?(n=0) WR_us=0.94(n=205) pfsp=0.220
  [diag] inf dtype=torch.float32 shape=torch.Size([2048, 172]) nan=0 inf_vals=0 range=[0.00,67.00]
  [diag] scalar dtype=torch.float32 nan=0 range=[-0.750,1.250]
  [diag] card_logits nan=0 range=[-61.46,29.80]
  [diag] values nan=0 range=[-0.7067,0.7873]
[iter  13/30] steps= 9012 rollout_wr=0.785 (ussr=0.840 us=0.730) pl=-0.0210 vl=0.1297 ent=2.610 clip=0.142 kl=0.0042 t=8.0s (rollout=7.5s update=0.6s)
  [league] self: self | ussr_pool: ['v79_sc_scripted', 'bc_wide384_scripted'] | us_pool: ['v76_sc_scripted', 'v79_sc_scripted']
  [pfsp]
    [ussr] v79_sc_scripted: WR_ussr=0.97(n=182) WR_us=0.92(n=273) pfsp=0.107
    [ussr] bc_wide384_scripted: WR_ussr=0.96(n=258) WR_us=0.96(n=208) pfsp=0.149
    [us] v76_sc_scripted: WR_ussr=?(n=0) WR_us=0.96(n=138) pfsp=0.166
    [us] v79_sc_scripted: WR_ussr=0.97(n=182) WR_us=0.92(n=273) pfsp=0.284
  [diag] inf dtype=torch.float32 shape=torch.Size([2048, 172]) nan=0 inf_vals=0 range=[0.00,71.00]
  [diag] scalar dtype=torch.float32 nan=0 range=[-0.950,1.300]
  [diag] card_logits nan=0 range=[-60.33,26.84]
  [diag] values nan=0 range=[-0.6482,0.8244]
[iter  14/30] steps= 4774 rollout_wr=0.875 (ussr=0.940 us=0.810) pl=-0.0105 vl=0.1669 ent=2.696 clip=0.073 kl=0.0022 t=5.6s (rollout=5.1s update=0.5s)
  [league] self: self | ussr_pool: ['iter_0010', 'v75_sc_scripted'] | us_pool: ['heuristic', 'v75_sc_scripted']
  [pfsp]
    [ussr] iter_0010: WR_ussr=0.80(n=80) WR_us=0.19(n=160) pfsp=0.640
    [ussr] v75_sc_scripted: WR_ussr=0.97(n=150) WR_us=0.94(n=179) pfsp=0.129
    [us] heuristic: WR_ussr=0.09(n=218) WR_us=0.03(n=128) pfsp=0.121
    [us] v75_sc_scripted: WR_ussr=0.97(n=150) WR_us=0.94(n=179) pfsp=0.211
  [diag] inf dtype=torch.float32 shape=torch.Size([2048, 172]) nan=0 inf_vals=0 range=[0.00,70.00]
  [diag] scalar dtype=torch.float32 nan=0 range=[-0.950,1.125]
  [diag] card_logits nan=0 range=[-55.87,29.78]
  [diag] values nan=0 range=[-0.7096,0.8788]
[iter  15/30] steps= 8410 rollout_wr=0.630 (ussr=0.900 us=0.360) pl=-0.0209 vl=0.1295 ent=2.707 clip=0.109 kl=0.0035 t=9.0s (rollout=8.4s update=0.6s)
  [league] self: self | ussr_pool: ['iter_0001', 'v73_sc_scripted'] | us_pool: ['heuristic', 'iter_0010']
  [pfsp]
    [ussr] iter_0001: WR_ussr=0.84(n=360) WR_us=0.26(n=280) pfsp=0.533
    [ussr] v73_sc_scripted: WR_ussr=0.99(n=259) WR_us=?(n=0) pfsp=0.046
    [us] heuristic: WR_ussr=0.09(n=218) WR_us=0.02(n=168) pfsp=0.093
    [us] iter_0010: WR_ussr=0.81(n=120) WR_us=0.19(n=160) pfsp=0.625
  [diag] inf dtype=torch.float32 shape=torch.Size([2048, 172]) nan=0 inf_vals=0 range=[0.00,66.00]
  [diag] scalar dtype=torch.float32 nan=0 range=[-0.900,1.300]
  [diag] card_logits nan=0 range=[-59.09,28.80]
  [diag] values nan=0 range=[-0.7134,0.7934]
[iter  16/30] steps=10358 rollout_wr=0.535 (ussr=0.940 us=0.130) pl=-0.0317 vl=0.0984 ent=2.833 clip=0.161 kl=0.0052 t=10.3s (rollout=9.6s update=0.7s)
  [league] self: self | ussr_pool: ['iter_0010', 'iter_0010'] | us_pool: ['iter_0010', 'iter_0001']
  [pfsp]
    [ussr] iter_0010: WR_ussr=0.81(n=120) WR_us=0.20(n=200) pfsp=0.620
    [us] iter_0010: WR_ussr=0.81(n=120) WR_us=0.20(n=200) pfsp=0.628
    [us] iter_0001: WR_ussr=0.84(n=400) WR_us=0.26(n=280) pfsp=0.778
  [diag] inf dtype=torch.float32 shape=torch.Size([2048, 172]) nan=0 inf_vals=0 range=[0.00,68.00]
  [diag] scalar dtype=torch.float32 nan=0 range=[-0.950,1.150]
  [diag] card_logits nan=0 range=[-61.22,29.54]
  [diag] values nan=0 range=[-0.7499,0.7467]
[iter  17/30] steps=12935 rollout_wr=0.540 (ussr=0.890 us=0.190) pl=-0.0192 vl=0.1010 ent=2.873 clip=0.162 kl=0.0049 t=11.0s (rollout=10.2s update=0.8s)
  [league] self: self | ussr_pool: ['v58_scripted', 'heuristic'] | us_pool: ['iter_0010', 'v22_scripted']
  [pfsp]
    [ussr] v58_scripted: WR_ussr=0.98(n=202) WR_us=?(n=0) pfsp=0.097
    [ussr] heuristic: WR_ussr=0.09(n=218) WR_us=0.02(n=208) pfsp=0.333
    [us] iter_0010: WR_ussr=0.84(n=200) WR_us=0.20(n=240) pfsp=0.650
    [us] v22_scripted: WR_ussr=?(n=0) WR_us=0.94(n=245) pfsp=0.230
  [diag] inf dtype=torch.float32 shape=torch.Size([2048, 172]) nan=0 inf_vals=0 range=[0.00,54.00]
  [diag] scalar dtype=torch.float32 nan=0 range=[-1.200,1.125]
  [diag] card_logits nan=0 range=[-66.06,29.20]
  [diag] values nan=0 range=[-0.7196,0.8321]
[iter  18/30] steps= 8948 rollout_wr=0.525 (ussr=0.600 us=0.450) pl=-0.0178 vl=0.1481 ent=2.861 clip=0.097 kl=0.0030 t=10.3s (rollout=9.7s update=0.6s)
  [league] self: self | ussr_pool: ['v78_sc_scripted', 'iter_0001'] | us_pool: ['v79_sc_scripted', 'v45_scripted']
  [pfsp]
    [ussr] v78_sc_scripted: WR_ussr=0.95(n=208) WR_us=0.91(n=181) pfsp=0.183
    [ussr] iter_0001: WR_ussr=0.84(n=400) WR_us=0.25(n=320) pfsp=0.524
    [us] v79_sc_scripted: WR_ussr=0.97(n=222) WR_us=0.92(n=313) pfsp=0.283
    [us] v45_scripted: WR_ussr=?(n=0) WR_us=0.93(n=196) pfsp=0.265
  [diag] inf dtype=torch.float32 shape=torch.Size([2048, 172]) nan=0 inf_vals=0 range=[0.00,75.00]
  [diag] scalar dtype=torch.float32 nan=0 range=[-0.900,1.150]
  [diag] card_logits nan=0 range=[-51.96,27.34]
  [diag] values nan=0 range=[-0.7207,0.8283]
[iter  19/30] steps= 6743 rollout_wr=0.830 (ussr=0.900 us=0.760) pl=-0.0177 vl=0.1702 ent=2.592 clip=0.091 kl=0.0026 t=6.6s (rollout=6.1s update=0.5s)
  Saved to league pool: data/checkpoints/ppo_v111_sc_league/iter_0020.pt
  [league] self: self | ussr_pool: ['bc_wide384_scripted', 'heuristic'] | us_pool: ['v75_sc_scripted', 'v79_sc_scripted']
  [pfsp]
    [ussr] bc_wide384_scripted: WR_ussr=0.96(n=298) WR_us=0.96(n=208) pfsp=0.155
    [ussr] heuristic: WR_ussr=0.09(n=258) WR_us=0.02(n=208) pfsp=0.325
    [us] v75_sc_scripted: WR_ussr=0.97(n=190) WR_us=0.92(n=219) pfsp=0.302
    [us] v79_sc_scripted: WR_ussr=0.97(n=222) WR_us=0.92(n=353) pfsp=0.292
  [diag] inf dtype=torch.float32 shape=torch.Size([2048, 172]) nan=0 inf_vals=0 range=[0.00,59.00]
  [diag] scalar dtype=torch.float32 nan=0 range=[-1.250,1.050]
  [diag] card_logits nan=0 range=[-63.65,28.97]
  [diag] values nan=0 range=[-0.7115,0.7537]
[iter  20/30] steps= 6642 rollout_wr=0.670 (ussr=0.570 us=0.770) pl=-0.0211 vl=0.1983 ent=2.737 clip=0.111 kl=0.0032 t=8.1s (rollout=7.6s update=0.5s)
  [probe] iter=20 card_jsd=0.0002 top1=0.992 val_mae=0.0169
  [confirm] launched incremental Elo check for iter 20
  [panel eval] launched pid=828603 iter=20 panel=['v55', 'v54', 'v44', 'v45', 'v14']
  [league] self: self | ussr_pool: ['iter_0020', 'v78_sc_scripted'] | us_pool: ['iter_0010', 'v78_sc_scripted']
  [pfsp]
    [ussr] iter_0020: WR_ussr=?(n=0) WR_us=?(n=0) pfsp=1.000
    [ussr] v78_sc_scripted: WR_ussr=0.95(n=248) WR_us=0.91(n=181) pfsp=0.184
    [us] iter_0010: WR_ussr=0.84(n=200) WR_us=0.19(n=280) pfsp=0.614
    [us] v78_sc_scripted: WR_ussr=0.95(n=248) WR_us=0.91(n=181) pfsp=0.340
  [diag] inf dtype=torch.float32 shape=torch.Size([2048, 172]) nan=0 inf_vals=0 range=[0.00,71.00]
  [diag] scalar dtype=torch.float32 nan=0 range=[-1.050,1.100]
  [diag] card_logits nan=0 range=[-53.45,31.06]
  [diag] values nan=0 range=[-0.7081,0.7988]
[iter  21/30] steps= 8843 rollout_wr=0.675 (ussr=0.900 us=0.450) pl=-0.0116 vl=0.1191 ent=2.773 clip=0.097 kl=0.0028 t=9.2s (rollout=8.5s update=0.7s)
  [panel eval iter 20] avg=0.525 elapsed=10s: v55=0.533 | v54=0.550 | v44=0.517 | v45=0.483 | v14=0.500
  [panel eval] NEW HIGH-WATER MARK iter=20 avg_wr=0.5250 → ppo_running_best.pt (provenance: ppo_iter0020.pt)
  [league] self: self | ussr_pool: ['iter_0020', 'iter_0010'] | us_pool: ['v72_sc_scripted', 'v72_sc_scripted']
  [pfsp]
    [ussr] iter_0020: WR_ussr=0.85(n=40) WR_us=?(n=0) pfsp=0.510
    [ussr] iter_0010: WR_ussr=0.84(n=200) WR_us=0.18(n=320) pfsp=0.538
    [us] v72_sc_scripted: WR_ussr=?(n=0) WR_us=0.92(n=192) pfsp=0.306
  [diag] inf dtype=torch.float32 shape=torch.Size([2048, 172]) nan=0 inf_vals=0 range=[0.00,83.00]
  [diag] scalar dtype=torch.float32 nan=0 range=[-0.950,1.150]
  [diag] card_logits nan=0 range=[-63.57,28.33]
  [diag] values nan=0 range=[-0.7584,0.7907]
[iter  22/30] steps= 8843 rollout_wr=0.790 (ussr=0.800 us=0.780) pl=-0.0153 vl=0.1395 ent=2.625 clip=0.110 kl=0.0032 t=8.9s (rollout=8.2s update=0.6s)
  [league] self: self | ussr_pool: ['v75_sc_scripted', 'iter_0010'] | us_pool: ['iter_0020', 'iter_0001']
  [pfsp]
    [ussr] v75_sc_scripted: WR_ussr=0.97(n=190) WR_us=0.92(n=259) pfsp=0.122
    [ussr] iter_0010: WR_ussr=0.84(n=240) WR_us=0.18(n=320) pfsp=0.544
    [us] iter_0020: WR_ussr=0.84(n=80) WR_us=?(n=0) pfsp=1.000
    [us] iter_0001: WR_ussr=0.85(n=440) WR_us=0.25(n=320) pfsp=0.750
  [diag] inf dtype=torch.float32 shape=torch.Size([2048, 172]) nan=0 inf_vals=0 range=[0.00,82.00]
  [diag] scalar dtype=torch.float32 nan=0 range=[-0.900,1.450]
  [diag] card_logits nan=0 range=[-59.01,27.79]
  [diag] values nan=0 range=[-0.6970,0.7606]
[iter  23/30] steps=11143 rollout_wr=0.600 (ussr=0.910 us=0.290) pl=-0.0167 vl=0.1278 ent=2.835 clip=0.151 kl=0.0052 t=10.3s (rollout=9.5s update=0.8s)
  [league] self: self | ussr_pool: ['iter_0010', 'iter_0020'] | us_pool: ['v76_sc_scripted', 'iter_0010']
  [pfsp]
    [ussr] iter_0010: WR_ussr=0.85(n=280) WR_us=0.18(n=320) pfsp=0.520
    [ussr] iter_0020: WR_ussr=0.84(n=80) WR_us=0.33(n=40) pfsp=0.544
    [us] v76_sc_scripted: WR_ussr=?(n=0) WR_us=0.97(n=178) pfsp=0.130
    [us] iter_0010: WR_ussr=0.85(n=280) WR_us=0.18(n=320) pfsp=0.586
  [diag] inf dtype=torch.float32 shape=torch.Size([2048, 172]) nan=0 inf_vals=0 range=[0.00,91.00]
  [diag] scalar dtype=torch.float32 nan=0 range=[-0.950,1.150]
  [diag] card_logits nan=0 range=[-57.64,29.68]
  [diag] values nan=0 range=[-0.6692,0.7926]
[iter  24/30] steps=10910 rollout_wr=0.670 (ussr=0.810 us=0.530) pl=-0.0159 vl=0.1283 ent=2.720 clip=0.104 kl=0.0030 t=11.2s (rollout=10.4s update=0.8s)
  [league] self: self | ussr_pool: ['iter_0001', 'iter_0020'] | us_pool: ['v72_sc_scripted', 'iter_0010']
  [pfsp]
    [ussr] iter_0001: WR_ussr=0.85(n=440) WR_us=0.25(n=360) pfsp=0.516
    [ussr] iter_0020: WR_ussr=0.85(n=120) WR_us=0.33(n=40) pfsp=0.510
    [us] v72_sc_scripted: WR_ussr=?(n=0) WR_us=0.92(n=272) pfsp=0.285
    [us] iter_0010: WR_ussr=0.84(n=320) WR_us=0.19(n=360) pfsp=0.613
  [diag] inf dtype=torch.float32 shape=torch.Size([2048, 172]) nan=0 inf_vals=0 range=[0.00,81.00]
  [diag] scalar dtype=torch.float32 nan=0 range=[-1.150,1.150]
  [diag] card_logits nan=0 range=[-58.49,28.90]
  [diag] values nan=0 range=[-0.6876,0.8089]
[iter  25/30] steps=10881 rollout_wr=0.675 (ussr=0.800 us=0.550) pl=-0.0168 vl=0.1347 ent=2.705 clip=0.103 kl=0.0031 t=11.6s (rollout=10.9s update=0.7s)
  [league] self: self | ussr_pool: ['v79_sc_scripted', 'heuristic'] | us_pool: ['v76_sc_scripted', 'iter_0001']
  [pfsp]
    [ussr] v79_sc_scripted: WR_ussr=0.97(n=222) WR_us=0.92(n=393) pfsp=0.122
    [ussr] heuristic: WR_ussr=0.08(n=298) WR_us=0.02(n=208) pfsp=0.307
    [us] v76_sc_scripted: WR_ussr=?(n=0) WR_us=0.96(n=218) pfsp=0.141
    [us] iter_0001: WR_ussr=0.84(n=480) WR_us=0.25(n=360) pfsp=0.750
  [diag] inf dtype=torch.float32 shape=torch.Size([2048, 172]) nan=0 inf_vals=0 range=[0.00,66.00]
  [diag] scalar dtype=torch.float32 nan=0 range=[-1.100,1.050]
  [diag] card_logits nan=0 range=[-60.74,30.57]
  [diag] values nan=0 range=[-0.6128,0.7968]
[iter  26/30] steps= 8853 rollout_wr=0.550 (ussr=0.600 us=0.500) pl=-0.0195 vl=0.1594 ent=2.811 clip=0.119 kl=0.0034 t=12.5s (rollout=11.8s update=0.7s)
  [league] self: self | ussr_pool: ['iter_0020', 'v77_sc_scripted'] | us_pool: ['bc_wide384_scripted', 'iter_0020']
  [pfsp]
    [ussr] iter_0020: WR_ussr=0.83(n=160) WR_us=0.33(n=40) pfsp=0.561
    [ussr] v77_sc_scripted: WR_ussr=0.95(n=122) WR_us=?(n=0) pfsp=0.187
    [us] bc_wide384_scripted: WR_ussr=0.96(n=338) WR_us=0.96(n=208) pfsp=0.166
    [us] iter_0020: WR_ussr=0.83(n=160) WR_us=0.33(n=40) pfsp=0.878
  [diag] inf dtype=torch.float32 shape=torch.Size([2048, 172]) nan=0 inf_vals=0 range=[0.00,75.00]
  [diag] scalar dtype=torch.float32 nan=0 range=[-0.950,1.250]
  [diag] card_logits nan=0 range=[-61.61,27.09]
  [diag] values nan=0 range=[-0.6809,0.7632]
[iter  27/30] steps= 9155 rollout_wr=0.700 (ussr=0.900 us=0.500) pl=-0.0208 vl=0.1406 ent=2.700 clip=0.122 kl=0.0041 t=10.2s (rollout=9.5s update=0.8s)
  [league] self: self | ussr_pool: ['v77_sc_scripted', 'v55_scripted'] | us_pool: ['iter_0020', 'bc_wide384_scripted']
  [pfsp]
    [ussr] v77_sc_scripted: WR_ussr=0.93(n=162) WR_us=?(n=0) pfsp=0.253
    [ussr] v55_scripted: WR_ussr=0.95(n=237) WR_us=?(n=0) pfsp=0.177
    [us] iter_0020: WR_ussr=0.85(n=200) WR_us=0.26(n=80) pfsp=0.774
    [us] bc_wide384_scripted: WR_ussr=0.96(n=338) WR_us=0.96(n=248) pfsp=0.170
  [diag] inf dtype=torch.float32 shape=torch.Size([2048, 172]) nan=0 inf_vals=0 range=[0.00,55.00]
  [diag] scalar dtype=torch.float32 nan=0 range=[-0.950,1.000]
  [diag] card_logits nan=0 range=[-57.46,24.59]
  [diag] values nan=0 range=[-0.6160,0.8472]
[iter  28/30] steps= 7121 rollout_wr=0.770 (ussr=0.940 us=0.600) pl=-0.0176 vl=0.1595 ent=2.790 clip=0.129 kl=0.0040 t=8.9s (rollout=8.2s update=0.6s)
  [league] self: self | ussr_pool: ['bc_wide384_scripted', 'heuristic'] | us_pool: ['iter_0001', 'v79_sc_scripted']
  [pfsp]
    [ussr] bc_wide384_scripted: WR_ussr=0.96(n=338) WR_us=0.95(n=288) pfsp=0.170
    [ussr] heuristic: WR_ussr=0.08(n=338) WR_us=0.02(n=208) pfsp=0.304
    [us] iter_0001: WR_ussr=0.84(n=480) WR_us=0.25(n=400) pfsp=0.750
    [us] v79_sc_scripted: WR_ussr=0.97(n=262) WR_us=0.92(n=393) pfsp=0.299
  [diag] inf dtype=torch.float32 shape=torch.Size([2048, 172]) nan=0 inf_vals=0 range=[0.00,80.00]
  [diag] scalar dtype=torch.float32 nan=0 range=[-1.350,1.100]
  [diag] card_logits nan=0 range=[-59.96,28.60]
  [diag] values nan=0 range=[-0.6174,0.8085]
[iter  29/30] steps= 9044 rollout_wr=0.550 (ussr=0.570 us=0.530) pl=-0.0156 vl=0.1666 ent=2.860 clip=0.093 kl=0.0028 t=12.7s (rollout=12.1s update=0.7s)
  Saved to league pool: data/checkpoints/ppo_v111_sc_league/iter_0030.pt
  [league] self: self | ussr_pool: ['v77_sc_scripted', 'v55_scripted'] | us_pool: ['iter_0020', 'v79_sc_scripted']
  [pfsp]
    [ussr] v77_sc_scripted: WR_ussr=0.94(n=202) WR_us=?(n=0) pfsp=0.224
    [ussr] v55_scripted: WR_ussr=0.96(n=277) WR_us=?(n=0) pfsp=0.166
    [us] iter_0020: WR_ussr=0.85(n=200) WR_us=0.29(n=120) pfsp=0.826
    [us] v79_sc_scripted: WR_ussr=0.97(n=262) WR_us=0.92(n=433) pfsp=0.289
  [diag] inf dtype=torch.float32 shape=torch.Size([2048, 172]) nan=0 inf_vals=0 range=[0.00,56.00]
  [diag] scalar dtype=torch.float32 nan=0 range=[-0.950,1.000]
  [diag] card_logits nan=0 range=[-52.61,31.19]
  [diag] values nan=0 range=[-0.6508,0.8140]
[iter  30/30] steps= 6951 rollout_wr=0.735 (ussr=0.910 us=0.560) pl=-0.0166 vl=0.1673 ent=2.804 clip=0.107 kl=0.0030 t=8.8s (rollout=8.3s update=0.6s)
  [probe] iter=30 card_jsd=0.0002 top1=0.992 val_mae=0.0148
  [confirm] launched incremental Elo check for iter 30
  [panel eval] launched pid=828988 iter=30 panel=['v55', 'v54', 'v44', 'v45', 'v14']
wandb: updating run metadata
wandb: uploading output.log; uploading wandb-summary.json; uploading config.yaml
wandb: uploading output.log
wandb: 
wandb: Run history:
wandb:               approx_kl ▆▅▂▁▅▃█▅▂▂▂▇▅▁▄█▇▃▂▃▂▃█▃▃▄▅▅▂▃
wandb:           clip_fraction ▇▅▃▂▆▃█▆▃▃▃▇▆▁▃▇▇▃▂▄▃▄▆▃▃▄▄▅▂▃
wandb: core_scalar_weight_norm ▁▂▂▂▃▃▃▃▄▄▄▄▅▅▅▆▆▆▆▆▆▆▇▇▇█████
wandb:                ent_coef ███▇▇▇▇▆▆▆▆▅▅▅▅▄▄▄▄▃▃▃▃▂▂▂▂▁▁▁
wandb:                 entropy ▂▃▄▁▆▂█▃▅▆▄▇▁▃▃▆▇▆▁▄▅▂▆▄▃▅▃▅▆▅
wandb:             iter_time_s ▃▆▃▁▅▃▄▄▃▄▃▄▄▁▅▆▆▆▂▄▅▄▆▇▇█▆▄█▄
wandb:                 n_steps ▃▆▅▁▆▄▅▄▅▅▃▅▅▁▄▆█▅▃▃▅▅▆▆▆▅▅▃▅▃
wandb:  new_scalar_weight_norm █▇▇▆▆▆▆▅▄▄▄▃▂▂▂▃▃▂▃▄▃▂▃▂▂▂▁▁▁▁
wandb:   panel/avg_combined_wr ▁█
wandb:     panel/eval_time_sec ▁█
wandb:                    +173 ...
wandb: 
wandb: Run summary:
wandb:               approx_kl 0.00305
wandb:           clip_fraction 0.10673
wandb: core_scalar_weight_norm 4.3084
wandb:                ent_coef 0.003
wandb:                 entropy 2.80411
wandb:             iter_time_s 8.83004
wandb:                 n_steps 6951
wandb:  new_scalar_weight_norm 3.61624
wandb:   panel/avg_combined_wr 0.525
wandb:     panel/eval_time_sec 9.57559
wandb:                    +173 ...
wandb: 
wandb: 🚀 View run ppo_v111_sc at: https://wandb.ai/korduban-ai/twilight-struggle-ai/runs/4658ecff
wandb: ⭐️ View project at: https://wandb.ai/korduban-ai/twilight-struggle-ai
wandb: Synced 5 W&B file(s), 0 media file(s), 0 artifact file(s) and 0 other file(s)
wandb: Find logs at: ./wandb/run-20260413_115654-4658ecff/logs

Training complete in 4.7 minutes
Checkpoints in: data/checkpoints/ppo_v111_sc_league
[ppo_train_dynamic] finished at 2026-04-13T19:01:40Z
