[ppo_train_dynamic] starting at 2026-04-13T18:11:40Z
wandb: [wandb.login()] Loaded credentials for https://api.wandb.ai from WANDB_API_KEY.
wandb: Currently logged in as: dkorduban (korduban-ai) to https://api.wandb.ai. Use `wandb login --relogin` to force relogin
wandb: setting up run 57dceb74
wandb: Tracking run with wandb version 0.25.1
wandb: Run data is saved locally in /home/dkord/code/twilight-struggle-ai/wandb/run-20260413_111143-57dceb74
wandb: Run `wandb offline` to turn off syncing.
wandb: Syncing run ppo_v102_sc
wandb: ⭐️ View project at https://wandb.ai/korduban-ai/twilight-struggle-ai
wandb: 🚀 View run at https://wandb.ai/korduban-ai/twilight-struggle-ai/runs/57dceb74
Loading checkpoint: data/checkpoints/ppo_v101_sc_league/ppo_best.pt
[smoke test] Smoke test passed: 10 games completed
  --reset-optimizer: skipping optimizer state restore, starting fresh Adam.

Starting PPO training: 30 iterations × 200 games/iter, side=both
Device: cuda, lr=2e-05, clip=0.12, ent=0.01, vf=0.5
League training enabled (pool: data/checkpoints/ppo_v102_sc_league, save-every=10)
  Saved to league pool: data/checkpoints/ppo_v102_sc_league/iter_0001.pt
  [league] self: self | ussr_pool: ['v79_sc_scripted', 'v58_scripted'] | us_pool: ['v72_sc_scripted', 'v75_sc_scripted']
  [pfsp]
    [ussr] v79_sc_scripted: WR_ussr=0.97(n=120) WR_us=0.88(n=50) pfsp=0.129
    [ussr] v58_scripted: WR_ussr=0.96(n=50) WR_us=0.95(n=38) pfsp=0.154
    [us] v72_sc_scripted: WR_ussr=?(n=0) WR_us=0.94(n=100) pfsp=0.226
    [us] v75_sc_scripted: WR_ussr=0.98(n=50) WR_us=0.95(n=110) pfsp=0.206
  [diag] inf dtype=torch.float32 shape=torch.Size([2048, 172]) nan=0 inf_vals=0 range=[0.00,75.00]
  [diag] scalar dtype=torch.float32 nan=0 range=[-0.850,1.000]
  [diag] card_logits nan=0 range=[-66.46,30.77]
  [diag] values nan=0 range=[-0.9999,0.7946]
[iter   1/30] steps= 4980 rollout_wr=0.845 (ussr=0.950 us=0.740) pl=-0.0226 vl=0.2876 ent=1.687 clip=0.135 kl=0.0042 t=7.1s (rollout=5.8s update=1.2s)
  [league] self: self | ussr_pool: ['v75_sc_scripted', 'v73_sc_scripted'] | us_pool: ['v22_scripted', 'v75_sc_scripted']
  [pfsp]
    [ussr] v75_sc_scripted: WR_ussr=0.98(n=50) WR_us=0.91(n=150) pfsp=0.078
    [ussr] v73_sc_scripted: WR_ussr=0.99(n=80) WR_us=?(n=0) pfsp=0.049
    [us] v22_scripted: WR_ussr=0.97(n=37) WR_us=0.97(n=70) pfsp=0.111
    [us] v75_sc_scripted: WR_ussr=0.98(n=50) WR_us=0.91(n=150) pfsp=0.338
  [diag] inf dtype=torch.float32 shape=torch.Size([2048, 172]) nan=0 inf_vals=0 range=[0.00,59.00]
  [diag] scalar dtype=torch.float32 nan=0 range=[-1.150,1.100]
  [diag] card_logits nan=0 range=[-66.62,32.19]
  [diag] values nan=0 range=[-0.9918,0.9845]
[iter   2/30] steps= 5026 rollout_wr=0.865 (ussr=0.930 us=0.800) pl=-0.0104 vl=0.2569 ent=1.659 clip=0.053 kl=0.0017 t=6.7s (rollout=6.1s update=0.6s)
  [league] self: self | ussr_pool: ['iter_0001', 'v73_sc_scripted'] | us_pool: ['iter_0001', 'v78_sc_scripted']
  [pfsp]
    [ussr] iter_0001: WR_ussr=?(n=0) WR_us=?(n=0) pfsp=1.000
    [ussr] v73_sc_scripted: WR_ussr=0.98(n=120) WR_us=?(n=0) pfsp=0.066
    [us] iter_0001: WR_ussr=?(n=0) WR_us=?(n=0) pfsp=1.000
    [us] v78_sc_scripted: WR_ussr=0.98(n=130) WR_us=0.95(n=80) pfsp=0.190
  [diag] inf dtype=torch.float32 shape=torch.Size([2048, 172]) nan=0 inf_vals=0 range=[0.00,67.00]
  [diag] scalar dtype=torch.float32 nan=0 range=[-1.150,1.050]
  [diag] card_logits nan=0 range=[-68.70,34.30]
  [diag] values nan=0 range=[-0.9949,0.9966]
[iter   3/30] steps= 9192 rollout_wr=0.715 (ussr=0.890 us=0.540) pl=-0.0172 vl=0.1667 ent=1.696 clip=0.125 kl=0.0037 t=9.8s (rollout=9.2s update=0.6s)
  [league] self: self | ussr_pool: ['iter_0001', 'v73_sc_scripted'] | us_pool: ['v75_sc_scripted', 'iter_0001']
  [pfsp]
    [ussr] iter_0001: WR_ussr=0.88(n=40) WR_us=0.25(n=40) pfsp=0.438
    [ussr] v73_sc_scripted: WR_ussr=0.97(n=160) WR_us=?(n=0) pfsp=0.098
    [us] v75_sc_scripted: WR_ussr=0.99(n=90) WR_us=0.92(n=190) pfsp=0.308
    [us] iter_0001: WR_ussr=0.88(n=40) WR_us=0.25(n=40) pfsp=0.750
  [diag] inf dtype=torch.float32 shape=torch.Size([2048, 172]) nan=0 inf_vals=0 range=[0.00,53.00]
  [diag] scalar dtype=torch.float32 nan=0 range=[-0.950,1.200]
  [diag] card_logits nan=0 range=[-63.08,32.42]
  [diag] values nan=0 range=[-0.9653,0.9408]
[iter   4/30] steps= 8597 rollout_wr=0.705 (ussr=0.950 us=0.460) pl=-0.0230 vl=0.1608 ent=1.677 clip=0.101 kl=0.0029 t=8.8s (rollout=8.1s update=0.7s)
  [league] self: self | ussr_pool: ['iter_0001', 'v58_scripted'] | us_pool: ['v76_sc_scripted', 'iter_0001']
  [pfsp]
    [ussr] iter_0001: WR_ussr=0.91(n=80) WR_us=0.17(n=80) pfsp=0.319
    [ussr] v58_scripted: WR_ussr=0.97(n=90) WR_us=0.95(n=38) pfsp=0.129
    [us] v76_sc_scripted: WR_ussr=?(n=0) WR_us=0.93(n=60) pfsp=0.249
    [us] iter_0001: WR_ussr=0.91(n=80) WR_us=0.17(n=80) pfsp=0.577
  [diag] inf dtype=torch.float32 shape=torch.Size([2048, 172]) nan=0 inf_vals=0 range=[0.00,58.00]
  [diag] scalar dtype=torch.float32 nan=0 range=[-1.250,1.250]
  [diag] card_logits nan=0 range=[-64.12,32.35]
  [diag] values nan=0 range=[-0.8019,0.9324]
[iter   5/30] steps= 8619 rollout_wr=0.735 (ussr=0.890 us=0.580) pl=-0.0220 vl=0.1672 ent=1.710 clip=0.106 kl=0.0029 t=6.6s (rollout=6.0s update=0.7s)
  [league] self: self | ussr_pool: ['iter_0001', 'bc_wide384_scripted'] | us_pool: ['iter_0001', 'iter_0001']
  [pfsp]
    [ussr] iter_0001: WR_ussr=0.87(n=120) WR_us=0.24(n=120) pfsp=0.462
    [ussr] bc_wide384_scripted: WR_ussr=0.98(n=50) WR_us=0.99(n=80) pfsp=0.078
    [us] iter_0001: WR_ussr=0.87(n=120) WR_us=0.24(n=120) pfsp=0.733
  [diag] inf dtype=torch.float32 shape=torch.Size([2048, 172]) nan=0 inf_vals=0 range=[0.00,64.00]
  [diag] scalar dtype=torch.float32 nan=0 range=[-0.950,1.250]
  [diag] card_logits nan=0 range=[-69.70,32.00]
  [diag] values nan=0 range=[-0.9956,0.9299]
[iter   6/30] steps=10643 rollout_wr=0.570 (ussr=0.900 us=0.240) pl=-0.0207 vl=0.1512 ent=1.735 clip=0.119 kl=0.0033 t=8.3s (rollout=7.6s update=0.7s)
  [league] self: self | ussr_pool: ['v55_scripted', 'v75_sc_scripted'] | us_pool: ['v72_sc_scripted', 'iter_0001']
  [pfsp]
    [ussr] v55_scripted: WR_ussr=0.98(n=128) WR_us=?(n=0) pfsp=0.062
    [ussr] v75_sc_scripted: WR_ussr=0.99(n=90) WR_us=0.91(n=230) pfsp=0.044
    [us] v72_sc_scripted: WR_ussr=?(n=0) WR_us=0.94(n=140) pfsp=0.216
    [us] iter_0001: WR_ussr=0.87(n=160) WR_us=0.26(n=200) pfsp=0.770
  [diag] inf dtype=torch.float32 shape=torch.Size([2048, 172]) nan=0 inf_vals=0 range=[0.00,78.00]
  [diag] scalar dtype=torch.float32 nan=0 range=[-0.900,1.000]
  [diag] card_logits nan=0 range=[-67.00,31.85]
  [diag] values nan=0 range=[-0.9634,0.9733]
[iter   7/30] steps= 6833 rollout_wr=0.745 (ussr=0.950 us=0.540) pl=-0.0098 vl=0.1962 ent=1.732 clip=0.092 kl=0.0026 t=5.7s (rollout=5.2s update=0.5s)
  [league] self: self | ussr_pool: ['heuristic', 'iter_0001'] | us_pool: ['v78_sc_scripted', 'iter_0001']
  [pfsp]
    [ussr] heuristic: WR_ussr=0.15(n=199) WR_us=0.01(n=92) pfsp=0.512
    [ussr] iter_0001: WR_ussr=0.87(n=160) WR_us=0.26(n=240) pfsp=0.456
    [us] v78_sc_scripted: WR_ussr=0.98(n=130) WR_us=0.94(n=120) pfsp=0.220
    [us] iter_0001: WR_ussr=0.87(n=160) WR_us=0.26(n=240) pfsp=0.766
  [diag] inf dtype=torch.float32 shape=torch.Size([2048, 172]) nan=0 inf_vals=0 range=[0.00,73.00]
  [diag] scalar dtype=torch.float32 nan=0 range=[-0.950,1.200]
  [diag] card_logits nan=0 range=[-68.67,33.27]
  [diag] values nan=0 range=[-0.6689,0.8541]
[iter   8/30] steps=10356 rollout_wr=0.535 (ussr=0.570 us=0.500) pl=-0.0182 vl=0.1664 ent=1.748 clip=0.093 kl=0.0027 t=9.1s (rollout=8.4s update=0.7s)
  [league] self: self | ussr_pool: ['bc_wide384_scripted', 'v77_sc_scripted'] | us_pool: ['iter_0001', 'v22_scripted']
  [pfsp]
    [ussr] bc_wide384_scripted: WR_ussr=0.98(n=90) WR_us=0.99(n=80) pfsp=0.087
    [ussr] v77_sc_scripted: WR_ussr=0.96(n=240) WR_us=?(n=0) pfsp=0.144
    [us] iter_0001: WR_ussr=0.86(n=200) WR_us=0.25(n=280) pfsp=0.750
    [us] v22_scripted: WR_ussr=0.97(n=37) WR_us=0.95(n=110) pfsp=0.174
  [diag] inf dtype=torch.float32 shape=torch.Size([2048, 172]) nan=0 inf_vals=0 range=[0.00,49.00]
  [diag] scalar dtype=torch.float32 nan=0 range=[-0.950,1.050]
  [diag] card_logits nan=0 range=[-63.24,31.73]
  [diag] values nan=0 range=[-0.8117,0.8849]
[iter   9/30] steps= 6224 rollout_wr=0.725 (ussr=0.960 us=0.490) pl=-0.0320 vl=0.1921 ent=1.841 clip=0.077 kl=0.0023 t=5.1s (rollout=4.6s update=0.5s)
  Saved to league pool: data/checkpoints/ppo_v102_sc_league/iter_0010.pt
  [league] self: self | ussr_pool: ['iter_0010', 'iter_0010'] | us_pool: ['v76_sc_scripted', 'iter_0001']
  [pfsp]
    [ussr] iter_0010: WR_ussr=?(n=0) WR_us=?(n=0) pfsp=1.000
    [us] v76_sc_scripted: WR_ussr=?(n=0) WR_us=0.95(n=100) pfsp=0.190
    [us] iter_0001: WR_ussr=0.86(n=200) WR_us=0.25(n=320) pfsp=0.744
  [diag] inf dtype=torch.float32 shape=torch.Size([2048, 172]) nan=0 inf_vals=0 range=[0.00,76.00]
  [diag] scalar dtype=torch.float32 nan=0 range=[-0.950,1.300]
  [diag] card_logits nan=0 range=[-65.74,30.32]
  [diag] values nan=0 range=[-0.8063,0.8375]
[iter  10/30] steps=10037 rollout_wr=0.685 (ussr=0.830 us=0.540) pl=-0.0165 vl=0.1619 ent=1.828 clip=0.128 kl=0.0036 t=7.5s (rollout=6.9s update=0.6s)
  [probe] iter=10 card_jsd=0.0002 top1=0.997 val_mae=0.0147
  [confirm] launched incremental Elo check for iter 10
  [panel eval] launched pid=815091 iter=10 panel=['v55', 'v54', 'v44', 'v45', 'v14']
  [league] self: self | ussr_pool: ['iter_0001', 'v77_sc_scripted'] | us_pool: ['iter_0010', 'iter_0010']
  [pfsp]
    [ussr] iter_0001: WR_ussr=0.86(n=200) WR_us=0.25(n=360) pfsp=0.482
    [ussr] v77_sc_scripted: WR_ussr=0.96(n=280) WR_us=?(n=0) pfsp=0.138
    [us] iter_0010: WR_ussr=0.85(n=80) WR_us=?(n=0) pfsp=1.000
  [diag] inf dtype=torch.float32 shape=torch.Size([2048, 172]) nan=0 inf_vals=0 range=[0.00,64.00]
  [diag] scalar dtype=torch.float32 nan=0 range=[-0.900,1.400]
  [diag] card_logits nan=0 range=[-66.82,32.30]
  [diag] values nan=0 range=[-0.9989,0.8975]
[iter  11/30] steps=10438 rollout_wr=0.550 (ussr=0.910 us=0.190) pl=-0.0188 vl=0.1410 ent=1.816 clip=0.104 kl=0.0030 t=8.2s (rollout=7.6s update=0.6s)
  [panel eval iter 10] avg=0.503 elapsed=8s: v55=0.500 | v54=0.483 | v44=0.517 | v45=0.533 | v14=0.467
  [panel eval] NEW HIGH-WATER MARK iter=10 avg_wr=0.5025 → ppo_running_best.pt (provenance: ppo_iter0010.pt)
  [league] self: self | ussr_pool: ['v75_sc_scripted', 'v73_sc_scripted'] | us_pool: ['iter_0010', 'iter_0001']
  [pfsp]
    [ussr] v75_sc_scripted: WR_ussr=0.99(n=130) WR_us=0.91(n=230) pfsp=0.031
    [ussr] v73_sc_scripted: WR_ussr=0.98(n=200) WR_us=?(n=0) pfsp=0.078
    [us] iter_0010: WR_ussr=0.85(n=80) WR_us=0.20(n=80) pfsp=0.640
    [us] iter_0001: WR_ussr=0.86(n=240) WR_us=0.25(n=360) pfsp=0.750
  [diag] inf dtype=torch.float32 shape=torch.Size([2048, 172]) nan=0 inf_vals=0 range=[0.00,66.00]
  [diag] scalar dtype=torch.float32 nan=0 range=[-0.950,1.150]
  [diag] card_logits nan=0 range=[-60.88,34.90]
  [diag] values nan=0 range=[-0.9991,0.9633]
[iter  12/30] steps= 8577 rollout_wr=0.595 (ussr=0.940 us=0.250) pl=-0.0136 vl=0.1547 ent=1.808 clip=0.116 kl=0.0033 t=6.8s (rollout=6.2s update=0.6s)
  [league] self: self | ussr_pool: ['iter_0010', 'heuristic'] | us_pool: ['v45_scripted', 'v75_sc_scripted']
  [pfsp]
    [ussr] iter_0010: WR_ussr=0.85(n=80) WR_us=0.22(n=120) pfsp=0.510
    [ussr] heuristic: WR_ussr=0.15(n=239) WR_us=0.01(n=92) pfsp=0.523
    [us] v45_scripted: WR_ussr=0.97(n=37) WR_us=0.93(n=97) pfsp=0.268
    [us] v75_sc_scripted: WR_ussr=0.99(n=170) WR_us=0.91(n=230) pfsp=0.318
  [diag] inf dtype=torch.float32 shape=torch.Size([2048, 172]) nan=0 inf_vals=0 range=[0.00,75.00]
  [diag] scalar dtype=torch.float32 nan=0 range=[-1.150,1.350]
  [diag] card_logits nan=0 range=[-65.97,30.96]
  [diag] values nan=0 range=[-0.8987,0.8458]
[iter  13/30] steps= 8750 rollout_wr=0.680 (ussr=0.550 us=0.810) pl=-0.0123 vl=0.2011 ent=1.752 clip=0.093 kl=0.0026 t=8.1s (rollout=7.6s update=0.5s)
  [league] self: self | ussr_pool: ['iter_0010', 'heuristic'] | us_pool: ['v79_sc_scripted', 'v76_sc_scripted']
  [pfsp]
    [ussr] iter_0010: WR_ussr=0.82(n=120) WR_us=0.22(n=120) pfsp=0.578
    [ussr] heuristic: WR_ussr=0.15(n=279) WR_us=0.01(n=92) pfsp=0.501
    [us] v79_sc_scripted: WR_ussr=0.97(n=160) WR_us=0.88(n=50) pfsp=0.422
    [us] v76_sc_scripted: WR_ussr=?(n=0) WR_us=0.96(n=140) pfsp=0.164
  [diag] inf dtype=torch.float32 shape=torch.Size([2048, 172]) nan=0 inf_vals=0 range=[0.00,68.00]
  [diag] scalar dtype=torch.float32 nan=0 range=[-1.150,1.350]
  [diag] card_logits nan=0 range=[-69.70,31.74]
  [diag] values nan=0 range=[-0.9716,0.7499]
[iter  14/30] steps= 8446 rollout_wr=0.695 (ussr=0.570 us=0.820) pl=-0.0134 vl=0.2016 ent=1.795 clip=0.089 kl=0.0025 t=8.2s (rollout=7.7s update=0.6s)
  [league] self: self | ussr_pool: ['iter_0010', 'iter_0010'] | us_pool: ['iter_0001', 'bc_wide384_scripted']
  [pfsp]
    [ussr] iter_0010: WR_ussr=0.82(n=160) WR_us=0.22(n=120) pfsp=0.594
    [us] iter_0001: WR_ussr=0.86(n=240) WR_us=0.25(n=400) pfsp=0.755
    [us] bc_wide384_scripted: WR_ussr=0.98(n=130) WR_us=0.99(n=80) pfsp=0.049
  [diag] inf dtype=torch.float32 shape=torch.Size([2048, 172]) nan=0 inf_vals=0 range=[0.00,62.00]
  [diag] scalar dtype=torch.float32 nan=0 range=[-0.900,1.150]
  [diag] card_logits nan=0 range=[-60.25,29.39]
  [diag] values nan=0 range=[-0.9808,0.7148]
[iter  15/30] steps=10374 rollout_wr=0.670 (ussr=0.850 us=0.490) pl=-0.0066 vl=0.1506 ent=1.835 clip=0.101 kl=0.0028 t=7.5s (rollout=6.9s update=0.6s)
  [league] self: self | ussr_pool: ['heuristic', 'iter_0010'] | us_pool: ['v76_sc_scripted', 'iter_0001']
  [pfsp]
    [ussr] heuristic: WR_ussr=0.15(n=319) WR_us=0.01(n=92) pfsp=0.503
    [ussr] iter_0010: WR_ussr=0.82(n=240) WR_us=0.22(n=120) pfsp=0.578
    [us] v76_sc_scripted: WR_ussr=?(n=0) WR_us=0.96(n=180) pfsp=0.150
    [us] iter_0001: WR_ussr=0.86(n=240) WR_us=0.25(n=440) pfsp=0.755
  [diag] inf dtype=torch.float32 shape=torch.Size([2048, 172]) nan=0 inf_vals=0 range=[0.00,78.00]
  [diag] scalar dtype=torch.float32 nan=0 range=[-1.050,1.250]
  [diag] card_logits nan=0 range=[-63.58,32.63]
  [diag] values nan=0 range=[-0.5260,0.8059]
[iter  16/30] steps=10724 rollout_wr=0.540 (ussr=0.600 us=0.480) pl=-0.0213 vl=0.1597 ent=1.815 clip=0.105 kl=0.0029 t=9.7s (rollout=9.0s update=0.6s)
  [league] self: self | ussr_pool: ['iter_0010', 'v73_sc_scripted'] | us_pool: ['v22_scripted', 'iter_0001']
  [pfsp]
    [ussr] iter_0010: WR_ussr=0.84(n=280) WR_us=0.22(n=120) pfsp=0.549
    [ussr] v73_sc_scripted: WR_ussr=0.98(n=240) WR_us=?(n=0) pfsp=0.082
    [us] v22_scripted: WR_ussr=0.97(n=37) WR_us=0.95(n=150) pfsp=0.202
    [us] iter_0001: WR_ussr=0.86(n=240) WR_us=0.25(n=480) pfsp=0.754
  [diag] inf dtype=torch.float32 shape=torch.Size([2048, 172]) nan=0 inf_vals=0 range=[0.00,72.00]
  [diag] scalar dtype=torch.float32 nan=0 range=[-0.800,1.100]
  [diag] card_logits nan=0 range=[-61.76,31.98]
  [diag] values nan=0 range=[-0.9873,0.8197]
[iter  17/30] steps= 8607 rollout_wr=0.675 (ussr=0.870 us=0.480) pl=-0.0154 vl=0.1642 ent=1.797 clip=0.090 kl=0.0025 t=6.7s (rollout=6.2s update=0.5s)
  [league] self: self | ussr_pool: ['iter_0010', 'heuristic'] | us_pool: ['v75_sc_scripted', 'iter_0001']
  [pfsp]
    [ussr] iter_0010: WR_ussr=0.84(n=320) WR_us=0.22(n=120) pfsp=0.544
    [ussr] heuristic: WR_ussr=0.14(n=359) WR_us=0.01(n=92) pfsp=0.488
    [us] v75_sc_scripted: WR_ussr=0.99(n=170) WR_us=0.92(n=270) pfsp=0.287
    [us] iter_0001: WR_ussr=0.86(n=240) WR_us=0.25(n=520) pfsp=0.754
  [diag] inf dtype=torch.float32 shape=torch.Size([2048, 172]) nan=0 inf_vals=0 range=[0.00,63.00]
  [diag] scalar dtype=torch.float32 nan=0 range=[-1.200,1.200]
  [diag] card_logits nan=0 range=[-62.72,30.59]
  [diag] values nan=0 range=[-0.9885,0.8754]
[iter  18/30] steps=10695 rollout_wr=0.520 (ussr=0.540 us=0.500) pl=-0.0161 vl=0.1549 ent=1.822 clip=0.095 kl=0.0028 t=9.4s (rollout=8.8s update=0.7s)
  [league] self: self | ussr_pool: ['iter_0001', 'iter_0001'] | us_pool: ['v45_scripted', 'v72_sc_scripted']
  [pfsp]
    [ussr] iter_0001: WR_ussr=0.86(n=240) WR_us=0.25(n=560) pfsp=0.474
    [us] v45_scripted: WR_ussr=0.97(n=37) WR_us=0.93(n=137) pfsp=0.246
    [us] v72_sc_scripted: WR_ussr=?(n=0) WR_us=0.94(n=180) pfsp=0.210
  [diag] inf dtype=torch.float32 shape=torch.Size([2048, 172]) nan=0 inf_vals=0 range=[0.00,78.00]
  [diag] scalar dtype=torch.float32 nan=0 range=[-0.900,1.400]
  [diag] card_logits nan=0 range=[-61.31,33.18]
  [diag] values nan=0 range=[-0.8457,0.6984]
[iter  19/30] steps= 8371 rollout_wr=0.800 (ussr=0.830 us=0.770) pl=-0.0153 vl=0.1850 ent=1.801 clip=0.108 kl=0.0029 t=6.8s (rollout=6.3s update=0.6s)
  Saved to league pool: data/checkpoints/ppo_v102_sc_league/iter_0020.pt
  [league] self: self | ussr_pool: ['v73_sc_scripted', 'heuristic'] | us_pool: ['iter_0020', 'heuristic']
  [pfsp]
    [ussr] v73_sc_scripted: WR_ussr=0.98(n=280) WR_us=?(n=0) pfsp=0.084
    [ussr] heuristic: WR_ussr=0.14(n=399) WR_us=0.01(n=92) pfsp=0.483
    [us] iter_0020: WR_ussr=?(n=0) WR_us=?(n=0) pfsp=1.000
    [us] heuristic: WR_ussr=0.14(n=399) WR_us=0.01(n=92) pfsp=0.043
  [diag] inf dtype=torch.float32 shape=torch.Size([2048, 172]) nan=0 inf_vals=0 range=[0.00,74.00]
  [diag] scalar dtype=torch.float32 nan=0 range=[-1.150,1.100]
  [diag] card_logits nan=0 range=[-64.46,33.34]
  [diag] values nan=0 range=[-0.6899,0.8759]
[iter  20/30] steps=10374 rollout_wr=0.330 (ussr=0.560 us=0.100) pl=-0.0085 vl=0.1479 ent=1.919 clip=0.095 kl=0.0028 t=10.5s (rollout=9.9s update=0.6s)
  [probe] iter=20 card_jsd=0.0002 top1=0.992 val_mae=0.0499
  [confirm] launched incremental Elo check for iter 20
  [panel eval] launched pid=815270 iter=20 panel=['v55', 'v54', 'v44', 'v45', 'v14']
  [league] self: self | ussr_pool: ['iter_0001', 'v79_sc_scripted'] | us_pool: ['iter_0020', 'iter_0020']
  [pfsp]
    [ussr] iter_0001: WR_ussr=0.85(n=320) WR_us=0.25(n=560) pfsp=0.501
    [ussr] v79_sc_scripted: WR_ussr=0.97(n=160) WR_us=0.91(n=90) pfsp=0.121
    [us] iter_0020: WR_ussr=?(n=0) WR_us=0.12(n=40) pfsp=0.438
  [diag] inf dtype=torch.float32 shape=torch.Size([2048, 172]) nan=0 inf_vals=0 range=[0.00,67.00]
  [diag] scalar dtype=torch.float32 nan=0 range=[-0.950,1.250]
  [diag] card_logits nan=0 range=[-65.12,33.35]
  [diag] values nan=0 range=[-0.5614,0.6078]
[iter  21/30] steps=10346 rollout_wr=0.510 (ussr=0.900 us=0.120) pl=-0.0250 vl=0.1345 ent=1.835 clip=0.131 kl=0.0035 t=8.5s (rollout=7.8s update=0.6s)
  [panel eval iter 20] avg=0.523 elapsed=9s: v55=0.517 | v54=0.533 | v44=0.517 | v45=0.533 | v14=0.500
  [panel eval] NEW HIGH-WATER MARK iter=20 avg_wr=0.5225 → ppo_running_best.pt (provenance: ppo_iter0020.pt)
  [league] self: self | ussr_pool: ['iter_0020', 'iter_0001'] | us_pool: ['v76_sc_scripted', 'v22_scripted']
  [pfsp]
    [ussr] iter_0020: WR_ussr=?(n=0) WR_us=0.12(n=120) pfsp=1.000
    [ussr] iter_0001: WR_ussr=0.85(n=360) WR_us=0.25(n=560) pfsp=0.510
    [us] v76_sc_scripted: WR_ussr=?(n=0) WR_us=0.95(n=220) pfsp=0.206
    [us] v22_scripted: WR_ussr=0.97(n=37) WR_us=0.93(n=190) pfsp=0.255
  [diag] inf dtype=torch.float32 shape=torch.Size([2048, 172]) nan=0 inf_vals=0 range=[0.00,60.00]
  [diag] scalar dtype=torch.float32 nan=0 range=[-0.950,1.200]
  [diag] card_logits nan=0 range=[-62.95,31.53]
  [diag] values nan=0 range=[-0.9771,0.6640]
[iter  22/30] steps= 8226 rollout_wr=0.835 (ussr=0.870 us=0.800) pl=-0.0210 vl=0.1973 ent=1.741 clip=0.102 kl=0.0028 t=7.1s (rollout=6.5s update=0.6s)
  [league] self: self | ussr_pool: ['iter_0010', 'v78_sc_scripted'] | us_pool: ['iter_0001', 'iter_0001']
  [pfsp]
    [ussr] iter_0010: WR_ussr=0.84(n=360) WR_us=0.22(n=120) pfsp=0.548
    [ussr] v78_sc_scripted: WR_ussr=0.98(n=130) WR_us=0.94(n=160) pfsp=0.090
    [us] iter_0001: WR_ussr=0.85(n=400) WR_us=0.25(n=560) pfsp=0.746
  [diag] inf dtype=torch.float32 shape=torch.Size([2048, 172]) nan=0 inf_vals=0 range=[0.00,65.00]
  [diag] scalar dtype=torch.float32 nan=0 range=[-0.900,1.125]
  [diag] card_logits nan=0 range=[-65.40,35.76]
  [diag] values nan=0 range=[-0.9883,0.6907]
[iter  23/30] steps=10651 rollout_wr=0.540 (ussr=0.900 us=0.180) pl=-0.0184 vl=0.1392 ent=1.883 clip=0.113 kl=0.0031 t=8.3s (rollout=7.7s update=0.6s)
  [league] self: self | ussr_pool: ['iter_0020', 'iter_0001'] | us_pool: ['iter_0010', 'iter_0010']
  [pfsp]
    [ussr] iter_0020: WR_ussr=0.88(n=40) WR_us=0.12(n=120) pfsp=0.438
    [ussr] iter_0001: WR_ussr=0.85(n=400) WR_us=0.24(n=640) pfsp=0.503
    [us] iter_0010: WR_ussr=0.83(n=400) WR_us=0.22(n=120) pfsp=0.679
  [diag] inf dtype=torch.float32 shape=torch.Size([2048, 172]) nan=0 inf_vals=0 range=[0.00,70.00]
  [diag] scalar dtype=torch.float32 nan=0 range=[-0.950,1.300]
  [diag] card_logits nan=0 range=[-64.56,31.48]
  [diag] values nan=0 range=[-0.7070,0.5741]
[iter  24/30] steps=12006 rollout_wr=0.500 (ussr=0.840 us=0.160) pl=-0.0153 vl=0.1340 ent=1.901 clip=0.130 kl=0.0037 t=9.4s (rollout=8.7s update=0.7s)
  [league] self: self | ussr_pool: ['v58_scripted', 'iter_0020'] | us_pool: ['iter_0001', 'iter_0001']
  [pfsp]
    [ussr] v58_scripted: WR_ussr=0.98(n=130) WR_us=0.95(n=38) pfsp=0.090
    [ussr] iter_0020: WR_ussr=0.88(n=80) WR_us=0.12(n=120) pfsp=0.438
    [us] iter_0001: WR_ussr=0.86(n=440) WR_us=0.24(n=640) pfsp=0.734
  [diag] inf dtype=torch.float32 shape=torch.Size([2048, 172]) nan=0 inf_vals=0 range=[0.00,66.00]
  [diag] scalar dtype=torch.float32 nan=0 range=[-0.950,1.150]
  [diag] card_logits nan=0 range=[-64.32,31.11]
  [diag] values nan=0 range=[-0.6077,0.6585]
[iter  25/30] steps=10888 rollout_wr=0.535 (ussr=0.830 us=0.240) pl=-0.0146 vl=0.1449 ent=1.886 clip=0.116 kl=0.0032 t=8.8s (rollout=8.0s update=0.7s)
  [league] self: self | ussr_pool: ['iter_0020', 'v55_scripted'] | us_pool: ['iter_0001', 'heuristic']
  [pfsp]
    [ussr] iter_0020: WR_ussr=0.83(n=120) WR_us=0.12(n=120) pfsp=0.556
    [ussr] v55_scripted: WR_ussr=0.98(n=168) WR_us=?(n=0) pfsp=0.070
    [us] iter_0001: WR_ussr=0.86(n=440) WR_us=0.24(n=720) pfsp=0.730
    [us] heuristic: WR_ussr=0.14(n=439) WR_us=0.02(n=132) pfsp=0.089
  [diag] inf dtype=torch.float32 shape=torch.Size([2048, 172]) nan=0 inf_vals=0 range=[0.00,75.00]
  [diag] scalar dtype=torch.float32 nan=0 range=[-0.950,1.450]
  [diag] card_logits nan=0 range=[-66.35,30.67]
  [diag] values nan=0 range=[-0.8352,0.6096]
[iter  26/30] steps= 9981 rollout_wr=0.540 (ussr=0.930 us=0.150) pl=-0.0147 vl=0.1374 ent=1.984 clip=0.109 kl=0.0030 t=9.4s (rollout=8.8s update=0.6s)
  [league] self: self | ussr_pool: ['v79_sc_scripted', 'iter_0001'] | us_pool: ['iter_0010', 'iter_0001']
  [pfsp]
    [ussr] v79_sc_scripted: WR_ussr=0.97(n=200) WR_us=0.91(n=90) pfsp=0.116
    [ussr] iter_0001: WR_ussr=0.86(n=440) WR_us=0.24(n=760) pfsp=0.491
    [us] iter_0010: WR_ussr=0.83(n=400) WR_us=0.20(n=200) pfsp=0.652
    [us] iter_0001: WR_ussr=0.86(n=440) WR_us=0.24(n=760) pfsp=0.729
  [diag] inf dtype=torch.float32 shape=torch.Size([2048, 172]) nan=0 inf_vals=0 range=[0.00,121.00]
  [diag] scalar dtype=torch.float32 nan=0 range=[-0.950,1.400]
  [diag] card_logits nan=0 range=[-65.26,33.79]
  [diag] values nan=0 range=[-0.6892,0.6486]
[iter  27/30] steps=10477 rollout_wr=0.570 (ussr=0.940 us=0.200) pl=-0.0120 vl=0.1267 ent=1.954 clip=0.112 kl=0.0032 t=8.9s (rollout=8.2s update=0.7s)
  [league] self: self | ussr_pool: ['iter_0010', 'iter_0020'] | us_pool: ['iter_0001', 'iter_0020']
  [pfsp]
    [ussr] iter_0010: WR_ussr=0.83(n=400) WR_us=0.21(n=240) pfsp=0.551
    [ussr] iter_0020: WR_ussr=0.86(n=160) WR_us=0.12(n=120) pfsp=0.474
    [us] iter_0001: WR_ussr=0.86(n=480) WR_us=0.24(n=800) pfsp=0.730
    [us] iter_0020: WR_ussr=0.86(n=160) WR_us=0.12(n=120) pfsp=0.438
  [diag] inf dtype=torch.float32 shape=torch.Size([2048, 172]) nan=0 inf_vals=0 range=[0.00,71.00]
  [diag] scalar dtype=torch.float32 nan=0 range=[-0.900,1.250]
  [diag] card_logits nan=0 range=[-65.99,34.51]
  [diag] values nan=0 range=[-0.7136,0.6195]
[iter  28/30] steps=12141 rollout_wr=0.510 (ussr=0.850 us=0.170) pl=-0.0142 vl=0.1293 ent=1.967 clip=0.113 kl=0.0031 t=9.9s (rollout=9.1s update=0.8s)
  [league] self: self | ussr_pool: ['iter_0010', 'iter_0020'] | us_pool: ['iter_0020', 'v76_sc_scripted']
  [pfsp]
    [ussr] iter_0010: WR_ussr=0.84(n=440) WR_us=0.21(n=240) pfsp=0.535
    [ussr] iter_0020: WR_ussr=0.85(n=200) WR_us=0.14(n=160) pfsp=0.496
    [us] iter_0020: WR_ussr=0.85(n=200) WR_us=0.14(n=160) pfsp=0.492
    [us] v76_sc_scripted: WR_ussr=?(n=0) WR_us=0.94(n=260) pfsp=0.231
  [diag] inf dtype=torch.float32 shape=torch.Size([2048, 172]) nan=0 inf_vals=0 range=[0.00,69.00]
  [diag] scalar dtype=torch.float32 nan=0 range=[-0.950,1.250]
  [diag] card_logits nan=0 range=[-69.99,31.34]
  [diag] values nan=0 range=[-0.7512,0.6488]
[iter  29/30] steps=10578 rollout_wr=0.675 (ussr=0.820 us=0.530) pl=-0.0151 vl=0.1381 ent=1.879 clip=0.109 kl=0.0029 t=8.8s (rollout=8.1s update=0.7s)
  Saved to league pool: data/checkpoints/ppo_v102_sc_league/iter_0030.pt
  [league] self: self | ussr_pool: ['v73_sc_scripted', 'bc_wide384_scripted'] | us_pool: ['iter_0020', 'iter_0030']
  [pfsp]
    [ussr] v73_sc_scripted: WR_ussr=0.98(n=320) WR_us=?(n=0) pfsp=0.086
    [ussr] bc_wide384_scripted: WR_ussr=0.98(n=130) WR_us=0.97(n=120) pfsp=0.090
    [us] iter_0020: WR_ussr=0.86(n=240) WR_us=0.17(n=200) pfsp=0.551
    [us] iter_0030: WR_ussr=?(n=0) WR_us=?(n=0) pfsp=1.000
  [diag] inf dtype=torch.float32 shape=torch.Size([2048, 172]) nan=0 inf_vals=0 range=[0.00,84.00]
  [diag] scalar dtype=torch.float32 nan=0 range=[-0.950,1.050]
  [diag] card_logits nan=0 range=[-63.81,32.80]
  [diag] values nan=0 range=[-0.9568,0.7777]
[iter  30/30] steps= 8470 rollout_wr=0.555 (ussr=0.940 us=0.170) pl=-0.0178 vl=0.1319 ent=1.970 clip=0.105 kl=0.0030 t=7.6s (rollout=6.9s update=0.7s)
  [probe] iter=30 card_jsd=0.0003 top1=0.992 val_mae=0.0191
  [confirm] launched incremental Elo check for iter 30
  [panel eval] launched pid=815487 iter=30 panel=['v55', 'v54', 'v44', 'v45', 'v14']
wandb: updating run metadata
wandb: uploading output.log; uploading wandb-summary.json; uploading config.yaml
wandb: uploading history steps 27-29, summary, console lines 325-347
wandb: 
wandb: Run history:
wandb:               approx_kl █▁▇▄▄▅▃▄▃▆▅▅▄▃▄▄▃▄▄▄▆▄▅▇▅▅▅▅▄▅
wandb:           clip_fraction █▁▇▅▆▇▄▄▃▇▅▆▄▄▅▅▄▅▆▅█▅▆█▆▆▆▆▆▅
wandb: core_scalar_weight_norm ▁▁▁▂▃▄▄▅▆▆▇▇▇▆▇▆▅▅▄▄▄▄▄▄▄▅▆▇██
wandb:                ent_coef ███▇▇▇▇▆▆▆▆▅▅▅▅▄▄▄▄▃▃▃▃▂▂▂▂▁▁▁
wandb:                 entropy ▂▁▂▁▂▃▃▃▅▅▄▄▃▄▅▄▄▅▄▇▅▃▆▆▆█▇█▆█
wandb:             iter_time_s ▄▃▇▆▃▅▂▆▁▄▅▃▅▅▄▇▃▇▃█▅▄▅▇▆▇▆▇▆▄
wandb:                 n_steps ▁▁▅▅▅▇▃▆▂▆▆▅▅▄▆▇▅▇▄▆▆▄▇█▇▆▆█▆▄
wandb:  new_scalar_weight_norm █▇▆▅▅▄▄▃▄▃▂▂▁▂▂▁▁▂▃▃▃▄▄▅▄▄▄▄▂▁
wandb:   panel/avg_combined_wr ▁█
wandb:     panel/eval_time_sec ▁█
wandb:                    +186 ...
wandb: 
wandb: Run summary:
wandb:               approx_kl 0.00305
wandb:           clip_fraction 0.10494
wandb: core_scalar_weight_norm 4.29965
wandb:                ent_coef 0.003
wandb:                 entropy 1.96955
wandb:             iter_time_s 7.56038
wandb:                 n_steps 8470
wandb:  new_scalar_weight_norm 3.62015
wandb:   panel/avg_combined_wr 0.5225
wandb:     panel/eval_time_sec 8.69042
wandb:                    +186 ...
wandb: 
wandb: 🚀 View run ppo_v102_sc at: https://wandb.ai/korduban-ai/twilight-struggle-ai/runs/57dceb74
wandb: ⭐️ View project at: https://wandb.ai/korduban-ai/twilight-struggle-ai
wandb: Synced 5 W&B file(s), 0 media file(s), 0 artifact file(s) and 0 other file(s)
wandb: Find logs at: ./wandb/run-20260413_111143-57dceb74/logs

Training complete in 4.2 minutes
Checkpoints in: data/checkpoints/ppo_v102_sc_league
[ppo_train_dynamic] finished at 2026-04-13T18:15:58Z
