wandb: [wandb.login()] Loaded credentials for https://api.wandb.ai from WANDB_API_KEY.
wandb: Currently logged in as: dkorduban (korduban-ai) to https://api.wandb.ai. Use `wandb login --relogin` to force relogin
wandb: setting up run 3320a07c
wandb: Tracking run with wandb version 0.25.1
wandb: Run data is saved locally in /home/dkord/code/twilight-struggle-ai/wandb/run-20260410_225606-3320a07c
wandb: Run `wandb offline` to turn off syncing.
wandb: Syncing run ppo_v53
wandb: ⭐️ View project at https://wandb.ai/korduban-ai/twilight-struggle-ai
wandb: 🚀 View run at https://wandb.ai/korduban-ai/twilight-struggle-ai/runs/3320a07c
Loading checkpoint: data/checkpoints/ppo_v52_league/ppo_best.pt
  --reset-optimizer: skipping optimizer state restore, starting fresh Adam.

Starting PPO training: 80 iterations × 200 games/iter, side=both
Device: cuda, lr=2e-05, clip=0.12, ent=0.01, vf=0.5
League training enabled (pool: data/checkpoints/ppo_v53_league, save-every=10)
  Saved to league pool: data/checkpoints/ppo_v53_league/iter_0001.pt
  [league] opponents: ['self', 'iter_0001', 'iter_0001', 'iter_0001']
  [diag] inf dtype=torch.float32 shape=torch.Size([2048, 172]) nan=0 inf_vals=0 range=[0.00,46.00]
  [diag] scalar dtype=torch.float32 nan=0 range=[-0.950,1.125]
  [diag] card_logits nan=0 range=[-17.66,14.09]
  [diag] values nan=0 range=[-0.9509,0.9455]
[iter   1/80] steps=13412 rollout_wr=0.515 (ussr=0.550 us=0.480) pl=-0.0211 vl=0.1096 ent=3.946 clip=0.133 kl=0.0041 t=21.6s (rollout=15.4s update=6.3s)
  [league] opponents: ['self', 'iter_0001', 'iter_0001', 'iter_0001']
  [pfsp]
    iter_0001: WR_ussr=0.57(n=75) WR_us=0.41(n=75) pfsp=0.507
  [diag] inf dtype=torch.float32 shape=torch.Size([2048, 172]) nan=0 inf_vals=0 range=[0.00,42.00]
  [diag] scalar dtype=torch.float32 nan=0 range=[-0.950,1.125]
  [diag] card_logits nan=0 range=[-17.96,12.44]
  [diag] values nan=0 range=[-0.9541,0.9527]
[iter   2/80] steps=13718 rollout_wr=0.500 (ussr=0.550 us=0.450) pl=-0.0167 vl=0.1191 ent=3.879 clip=0.111 kl=0.0039 t=21.2s (rollout=16.0s update=5.3s)
  [league] opponents: ['self', 'iter_0001', 'iter_0001', 'iter_0001']
  [pfsp]
    iter_0001: WR_ussr=0.57(n=150) WR_us=0.45(n=150) pfsp=0.490
  [diag] inf dtype=torch.float32 shape=torch.Size([2048, 172]) nan=0 inf_vals=0 range=[0.00,49.00]
  [diag] scalar dtype=torch.float32 nan=0 range=[-0.900,1.125]
  [diag] card_logits nan=0 range=[-18.13,13.28]
  [diag] values nan=0 range=[-0.9665,0.9489]
[iter   3/80] steps=12664 rollout_wr=0.520 (ussr=0.650 us=0.390) pl=-0.0168 vl=0.1254 ent=3.879 clip=0.094 kl=0.0032 t=20.5s (rollout=15.4s update=5.1s)
  [league] opponents: ['self', 'iter_0001', 'v8_scripted', 'iter_0001']
  [pfsp]
    iter_0001: WR_ussr=0.60(n=225) WR_us=0.44(n=225) pfsp=0.482
    v8_scripted: WR_ussr=?(n=0) WR_us=?(n=0) pfsp=0.500
  [diag] inf dtype=torch.float32 shape=torch.Size([2048, 172]) nan=0 inf_vals=0 range=[0.00,53.00]
  [diag] scalar dtype=torch.float32 nan=0 range=[-0.850,1.125]
  [diag] card_logits nan=0 range=[-17.53,13.03]
  [diag] values nan=0 range=[-0.9130,0.9530]
[iter   4/80] steps=13191 rollout_wr=0.550 (ussr=0.590 us=0.510) pl=-0.0193 vl=0.1053 ent=3.928 clip=0.118 kl=0.0041 t=19.8s (rollout=14.8s update=5.0s)
  [league] opponents: ['self', 'iter_0001', 'iter_0001', 'iter_0001']
  [pfsp]
    iter_0001: WR_ussr=0.57(n=275) WR_us=0.44(n=275) pfsp=0.495
  [diag] inf dtype=torch.float32 shape=torch.Size([2048, 172]) nan=0 inf_vals=0 range=[0.00,40.00]
  [diag] scalar dtype=torch.float32 nan=0 range=[-0.900,1.000]
  [diag] card_logits nan=0 range=[-17.74,12.95]
  [diag] values nan=0 range=[-0.9657,0.9491]
[iter   5/80] steps=13093 rollout_wr=0.525 (ussr=0.500 us=0.550) pl=-0.0197 vl=0.1066 ent=3.953 clip=0.112 kl=0.0040 t=20.0s (rollout=15.0s update=5.0s)
  [league] opponents: ['self', 'v14_scripted', 'iter_0001', 'iter_0001']
  [pfsp]
    v14_scripted: WR_ussr=?(n=0) WR_us=?(n=0) pfsp=0.500
    iter_0001: WR_ussr=0.54(n=350) WR_us=0.46(n=350) pfsp=0.497
  [diag] inf dtype=torch.float32 shape=torch.Size([2048, 172]) nan=0 inf_vals=0 range=[0.00,54.00]
  [diag] scalar dtype=torch.float32 nan=0 range=[-0.850,1.125]
  [diag] card_logits nan=0 range=[-19.03,13.93]
  [diag] values nan=0 range=[-0.9483,0.9301]
[iter   6/80] steps=13400 rollout_wr=0.500 (ussr=0.570 us=0.430) pl=-0.0160 vl=0.1111 ent=3.874 clip=0.118 kl=0.0057 t=20.7s (rollout=15.5s update=5.1s)
  [league] opponents: ['self', 'iter_0001', 'iter_0001', 'iter_0001']
  [pfsp]
    iter_0001: WR_ussr=0.56(n=400) WR_us=0.46(n=400) pfsp=0.495
  [diag] inf dtype=torch.float32 shape=torch.Size([2048, 172]) nan=0 inf_vals=0 range=[0.00,47.00]
  [diag] scalar dtype=torch.float32 nan=0 range=[-0.850,1.125]
  [diag] card_logits nan=0 range=[-18.32,12.11]
  [diag] values nan=0 range=[-0.9664,0.9293]
[iter   7/80] steps=13249 rollout_wr=0.540 (ussr=0.620 us=0.460) pl=-0.0175 vl=0.1043 ent=3.893 clip=0.110 kl=0.0038 t=20.2s (rollout=15.0s update=5.2s)
  [league] opponents: ['self', 'iter_0001', 'iter_0001', 'iter_0001']
  [pfsp]
    iter_0001: WR_ussr=0.57(n=475) WR_us=0.46(n=475) pfsp=0.486
  [diag] inf dtype=torch.float32 shape=torch.Size([2048, 172]) nan=0 inf_vals=0 range=[0.00,41.00]
  [diag] scalar dtype=torch.float32 nan=0 range=[-0.950,1.125]
  [diag] card_logits nan=0 range=[-18.48,12.24]
  [diag] values nan=0 range=[-0.9609,0.9465]
[iter   8/80] steps=13444 rollout_wr=0.550 (ussr=0.560 us=0.540) pl=-0.0179 vl=0.1082 ent=3.914 clip=0.106 kl=0.0045 t=20.9s (rollout=15.6s update=5.3s)
  [league] opponents: ['self', 'iter_0001', 'iter_0001', 'iter_0001']
  [pfsp]
    iter_0001: WR_ussr=0.57(n=550) WR_us=0.47(n=550) pfsp=0.485
  [diag] inf dtype=torch.float32 shape=torch.Size([2048, 172]) nan=0 inf_vals=0 range=[0.00,51.00]
  [diag] scalar dtype=torch.float32 nan=0 range=[-0.950,1.000]
  [diag] card_logits nan=0 range=[-17.35,11.68]
  [diag] values nan=0 range=[-0.9520,0.9592]
[iter   9/80] steps=13345 rollout_wr=0.515 (ussr=0.600 us=0.430) pl=-0.0169 vl=0.1165 ent=3.939 clip=0.118 kl=0.0049 t=21.2s (rollout=16.1s update=5.1s)
  Saved to league pool: data/checkpoints/ppo_v53_league/iter_0010.pt
  [league] opponents: ['self', 'iter_0010', 'iter_0010', 'iter_0001']
  [pfsp]
    iter_0010: WR_ussr=?(n=0) WR_us=?(n=0) pfsp=0.500
    iter_0001: WR_ussr=0.56(n=625) WR_us=0.45(n=625) pfsp=0.490
  [diag] inf dtype=torch.float32 shape=torch.Size([2048, 172]) nan=0 inf_vals=0 range=[0.00,47.00]
  [diag] scalar dtype=torch.float32 nan=0 range=[-0.900,1.125]
  [diag] card_logits nan=0 range=[-17.50,12.32]
  [diag] values nan=0 range=[-0.9757,0.9520]
[iter  10/80] steps=13747 rollout_wr=0.515 (ussr=0.600 us=0.430) pl=-0.0156 vl=0.1064 ent=3.840 clip=0.106 kl=0.0050 t=25.7s (rollout=20.0s update=5.7s)
  [panel eval] launched pid=235990 iter=10 panel=['v8', 'v14', 'v22', 'heuristic']
  [league] opponents: ['self', 'iter_0001', 'iter_0001', 'iter_0010']
  [pfsp]
    iter_0001: WR_ussr=0.57(n=650) WR_us=0.46(n=650) pfsp=0.488
    iter_0010: WR_ussr=0.56(n=50) WR_us=0.40(n=50) pfsp=0.520
  [diag] inf dtype=torch.float32 shape=torch.Size([2048, 172]) nan=0 inf_vals=0 range=[0.00,50.00]
  [diag] scalar dtype=torch.float32 nan=0 range=[-0.850,1.000]
  [diag] card_logits nan=0 range=[-18.41,14.54]
  [diag] values nan=0 range=[-0.9688,0.9419]
[iter  11/80] steps=13332 rollout_wr=0.540 (ussr=0.620 us=0.460) pl=-0.0159 vl=0.1081 ent=3.871 clip=0.121 kl=0.0049 t=68.8s (rollout=63.2s update=5.6s)
  [league] opponents: ['self', 'iter_0010', 'v8_scripted', 'iter_0010']
  [pfsp]
    iter_0010: WR_ussr=0.56(n=75) WR_us=0.40(n=75) pfsp=0.520
    v8_scripted: WR_ussr=0.76(n=25) WR_us=0.68(n=25) pfsp=0.280
  [diag] inf dtype=torch.float32 shape=torch.Size([2048, 172]) nan=0 inf_vals=0 range=[0.00,47.00]
  [diag] scalar dtype=torch.float32 nan=0 range=[-0.900,1.000]
  [diag] card_logits nan=0 range=[-18.18,14.14]
  [diag] values nan=0 range=[-0.9801,0.9641]
[iter  12/80] steps=13322 rollout_wr=0.510 (ussr=0.640 us=0.380) pl=-0.0165 vl=0.1062 ent=3.874 clip=0.116 kl=0.0050 t=58.0s (rollout=52.5s update=5.5s)
  [league] opponents: ['self', 'v8_scripted', 'iter_0001', 'iter_0010']
  [pfsp]
    v8_scripted: WR_ussr=0.76(n=50) WR_us=0.48(n=50) pfsp=0.380
    iter_0001: WR_ussr=0.58(n=700) WR_us=0.46(n=700) pfsp=0.484
    iter_0010: WR_ussr=0.58(n=125) WR_us=0.39(n=125) pfsp=0.512
  [diag] inf dtype=torch.float32 shape=torch.Size([2048, 172]) nan=0 inf_vals=0 range=[0.00,54.00]
  [diag] scalar dtype=torch.float32 nan=0 range=[-0.850,1.125]
  [diag] card_logits nan=0 range=[-17.38,12.95]
  [diag] values nan=0 range=[-0.9796,0.9600]
[iter  13/80] steps=13518 rollout_wr=0.535 (ussr=0.570 us=0.500) pl=-0.0169 vl=0.1011 ent=3.878 clip=0.120 kl=0.0049 t=48.3s (rollout=43.0s update=5.3s)
  [panel eval iter 10] avg=0.545: v8=0.485 | v14=0.460 | v22=0.490 | heuristic=0.745
  [league] opponents: ['self', 'iter_0010', 'iter_0001', 'heuristic']
  [pfsp]
    iter_0010: WR_ussr=0.60(n=150) WR_us=0.44(n=150) pfsp=0.480
    iter_0001: WR_ussr=0.57(n=725) WR_us=0.46(n=725) pfsp=0.483
    heuristic: WR_ussr=?(n=0) WR_us=?(n=0) pfsp=0.500
wandb: WARNING Tried to log to step 10 that is less than the current step 12. Steps must be monotonically increasing, so this data will be ignored. See https://wandb.me/define-metric to log data out of order.
  [diag] inf dtype=torch.float32 shape=torch.Size([2048, 172]) nan=0 inf_vals=0 range=[0.00,53.00]
  [diag] scalar dtype=torch.float32 nan=0 range=[-0.850,1.125]
  [diag] card_logits nan=0 range=[-17.95,13.14]
  [diag] values nan=0 range=[-0.9616,0.9421]
[iter  14/80] steps=13264 rollout_wr=0.695 (ussr=0.690 us=0.700) pl=-0.0221 vl=0.1064 ent=3.971 clip=0.169 kl=0.0060 t=28.0s (rollout=22.6s update=5.4s)
  [league] opponents: ['self', 'v8_scripted', 'iter_0010', 'iter_0001']
  [pfsp]
    v8_scripted: WR_ussr=0.71(n=75) WR_us=0.40(n=75) pfsp=0.447
    iter_0010: WR_ussr=0.62(n=175) WR_us=0.45(n=175) pfsp=0.466
    iter_0001: WR_ussr=0.57(n=750) WR_us=0.47(n=750) pfsp=0.479
  [diag] inf dtype=torch.float32 shape=torch.Size([2048, 172]) nan=0 inf_vals=0 range=[0.00,62.00]
  [diag] scalar dtype=torch.float32 nan=0 range=[-0.900,1.125]
  [diag] card_logits nan=0 range=[-17.70,13.31]
  [diag] values nan=0 range=[-0.9362,0.9649]
[iter  15/80] steps=13339 rollout_wr=0.575 (ussr=0.680 us=0.470) pl=-0.0200 vl=0.1139 ent=3.863 clip=0.145 kl=0.0062 t=23.9s (rollout=18.7s update=5.1s)
  [league] opponents: ['self', 'iter_0001', 'v14_scripted', 'iter_0010']
  [pfsp]
    iter_0001: WR_ussr=0.58(n=775) WR_us=0.47(n=775) pfsp=0.476
    v14_scripted: WR_ussr=0.40(n=25) WR_us=0.40(n=25) pfsp=0.600
    iter_0010: WR_ussr=0.61(n=200) WR_us=0.46(n=200) pfsp=0.465
  [diag] inf dtype=torch.float32 shape=torch.Size([2048, 172]) nan=0 inf_vals=0 range=[0.00,50.00]
  [diag] scalar dtype=torch.float32 nan=0 range=[-0.950,1.000]
  [diag] card_logits nan=0 range=[-19.02,14.08]
  [diag] values nan=0 range=[-0.9574,0.9556]
[iter  16/80] steps=13591 rollout_wr=0.590 (ussr=0.670 us=0.510) pl=-0.0191 vl=0.1096 ent=3.842 clip=0.141 kl=0.0065 t=24.2s (rollout=19.0s update=5.2s)
  [league] opponents: ['self', 'iter_0001', 'iter_0010', 'iter_0001']
  [pfsp]
    iter_0001: WR_ussr=0.58(n=800) WR_us=0.47(n=800) pfsp=0.475
    iter_0010: WR_ussr=0.62(n=225) WR_us=0.46(n=225) pfsp=0.460
  [diag] inf dtype=torch.float32 shape=torch.Size([2048, 172]) nan=0 inf_vals=0 range=[0.00,49.00]
  [diag] scalar dtype=torch.float32 nan=0 range=[-0.950,1.000]
  [diag] card_logits nan=0 range=[-19.29,12.29]
  [diag] values nan=0 range=[-0.9067,0.9578]
[iter  17/80] steps=13601 rollout_wr=0.590 (ussr=0.650 us=0.530) pl=-0.0201 vl=0.1094 ent=3.904 clip=0.138 kl=0.0066 t=24.7s (rollout=19.5s update=5.2s)
  [league] opponents: ['self', 'iter_0001', 'iter_0001', 'iter_0001']
  [pfsp]
    iter_0001: WR_ussr=0.58(n=850) WR_us=0.48(n=850) pfsp=0.471
  [diag] inf dtype=torch.float32 shape=torch.Size([2048, 172]) nan=0 inf_vals=0 range=[0.00,50.00]
  [diag] scalar dtype=torch.float32 nan=0 range=[-0.900,1.000]
  [diag] card_logits nan=0 range=[-18.02,14.53]
  [diag] values nan=0 range=[-0.9154,0.9665]
[iter  18/80] steps=13335 rollout_wr=0.460 (ussr=0.520 us=0.400) pl=-0.0158 vl=0.1173 ent=3.853 clip=0.116 kl=0.0239 t=23.8s (rollout=18.7s update=5.1s)
  [league] opponents: ['self', 'iter_0001', 'iter_0010', 'iter_0001']
  [pfsp]
    iter_0001: WR_ussr=0.58(n=925) WR_us=0.47(n=925) pfsp=0.478
    iter_0010: WR_ussr=0.62(n=250) WR_us=0.46(n=250) pfsp=0.458
  [diag] inf dtype=torch.float32 shape=torch.Size([2048, 172]) nan=0 inf_vals=0 range=[0.00,48.00]
  [diag] scalar dtype=torch.float32 nan=0 range=[-0.800,1.000]
  [diag] card_logits nan=0 range=[-17.95,14.36]
  [diag] values nan=0 range=[-0.9495,0.9628]
[iter  19/80] steps=13968 rollout_wr=0.465 (ussr=0.510 us=0.420) pl=-0.0168 vl=0.1036 ent=3.911 clip=0.123 kl=0.0054 t=24.6s (rollout=19.3s update=5.3s)
  Saved to league pool: data/checkpoints/ppo_v53_league/iter_0020.pt
  [league] opponents: ['self', 'iter_0020', 'iter_0020', 'v14_scripted']
  [pfsp]
    iter_0020: WR_ussr=?(n=0) WR_us=?(n=0) pfsp=0.500
    v14_scripted: WR_ussr=0.52(n=50) WR_us=0.48(n=50) pfsp=0.500
  [diag] inf dtype=torch.float32 shape=torch.Size([2048, 172]) nan=0 inf_vals=0 range=[0.00,54.00]
  [diag] scalar dtype=torch.float32 nan=0 range=[-0.900,1.000]
  [diag] card_logits nan=0 range=[-18.02,12.84]
  [diag] values nan=0 range=[-0.9433,0.9421]
[iter  20/80] steps=13724 rollout_wr=0.505 (ussr=0.620 us=0.390) pl=-0.0161 vl=0.1203 ent=3.840 clip=0.126 kl=0.0053 t=27.5s (rollout=22.1s update=5.4s)
  [panel eval] launched pid=236726 iter=20 panel=['v8', 'v14', 'v22', 'heuristic']
  [league] opponents: ['self', 'iter_0020', 'v14_scripted', 'iter_0020']
  [pfsp]
    iter_0020: WR_ussr=0.58(n=50) WR_us=0.46(n=50) pfsp=0.480
    v14_scripted: WR_ussr=0.57(n=75) WR_us=0.44(n=75) pfsp=0.493
  [diag] inf dtype=torch.float32 shape=torch.Size([2048, 172]) nan=0 inf_vals=0 range=[0.00,57.00]
  [diag] scalar dtype=torch.float32 nan=0 range=[-0.900,1.125]
  [diag] card_logits nan=0 range=[-18.68,13.40]
  [diag] values nan=0 range=[-0.9472,0.9500]
[iter  21/80] steps=12917 rollout_wr=0.565 (ussr=0.670 us=0.460) pl=-0.0128 vl=0.1167 ent=3.886 clip=0.129 kl=0.0052 t=53.6s (rollout=48.0s update=5.6s)
  [league] opponents: ['self', 'iter_0010', 'iter_0010', 'iter_0001']
  [pfsp]
    iter_0010: WR_ussr=0.60(n=275) WR_us=0.45(n=275) pfsp=0.473
    iter_0001: WR_ussr=0.57(n=975) WR_us=0.47(n=975) pfsp=0.481
  [diag] inf dtype=torch.float32 shape=torch.Size([2048, 172]) nan=0 inf_vals=0 range=[0.00,50.00]
  [diag] scalar dtype=torch.float32 nan=0 range=[-0.950,1.125]
  [diag] card_logits nan=0 range=[-17.91,14.30]
  [diag] values nan=0 range=[-0.9312,0.9234]
[iter  22/80] steps=13599 rollout_wr=0.575 (ussr=0.620 us=0.530) pl=-0.0165 vl=0.1160 ent=3.853 clip=0.130 kl=0.0050 t=49.8s (rollout=44.3s update=5.6s)
  [league] opponents: ['self', 'iter_0010', 'iter_0010', 'iter_0020']
  [pfsp]
    iter_0010: WR_ussr=0.60(n=325) WR_us=0.47(n=325) pfsp=0.465
    iter_0020: WR_ussr=0.61(n=100) WR_us=0.51(n=100) pfsp=0.440
  [diag] inf dtype=torch.float32 shape=torch.Size([2048, 172]) nan=0 inf_vals=0 range=[0.00,51.00]
  [diag] scalar dtype=torch.float32 nan=0 range=[-0.750,1.125]
  [diag] card_logits nan=0 range=[-18.15,12.10]
  [diag] values nan=0 range=[-0.9237,0.9264]
[iter  23/80] steps=13623 rollout_wr=0.520 (ussr=0.590 us=0.450) pl=-0.0146 vl=0.1085 ent=3.864 clip=0.116 kl=0.0058 t=35.2s (rollout=30.0s update=5.3s)
  [panel eval iter 20] avg=0.529: v8=0.545 | v14=0.510 | v22=0.455 | heuristic=0.605
  [league] opponents: ['self', 'iter_0020', 'v14_scripted', 'iter_0020']
  [pfsp]
    iter_0020: WR_ussr=0.60(n=125) WR_us=0.49(n=125) pfsp=0.456
    v14_scripted: WR_ussr=0.60(n=100) WR_us=0.44(n=100) pfsp=0.480
wandb: WARNING Tried to log to step 20 that is less than the current step 22. Steps must be monotonically increasing, so this data will be ignored. See https://wandb.me/define-metric to log data out of order.
  [diag] inf dtype=torch.float32 shape=torch.Size([2048, 172]) nan=0 inf_vals=0 range=[0.00,46.00]
  [diag] scalar dtype=torch.float32 nan=0 range=[-0.850,1.125]
  [diag] card_logits nan=0 range=[-18.91,13.01]
  [diag] values nan=0 range=[-0.9665,0.9122]
[iter  24/80] steps=13444 rollout_wr=0.500 (ussr=0.530 us=0.470) pl=-0.0156 vl=0.1108 ent=3.835 clip=0.127 kl=0.0055 t=26.0s (rollout=20.5s update=5.5s)
  [league] opponents: ['self', 'iter_0001', 'iter_0010', 'iter_0020']
  [pfsp]
    iter_0001: WR_ussr=0.57(n=1000) WR_us=0.47(n=1000) pfsp=0.480
    iter_0010: WR_ussr=0.59(n=375) WR_us=0.47(n=375) pfsp=0.465
    iter_0020: WR_ussr=0.59(n=175) WR_us=0.49(n=175) pfsp=0.460
  [diag] inf dtype=torch.float32 shape=torch.Size([2048, 172]) nan=0 inf_vals=0 range=[0.00,45.00]
  [diag] scalar dtype=torch.float32 nan=0 range=[-0.850,1.125]
  [diag] card_logits nan=0 range=[-20.00,14.87]
  [diag] values nan=0 range=[-0.9605,0.9366]
[iter  25/80] steps=13722 rollout_wr=0.565 (ussr=0.570 us=0.560) pl=-0.0170 vl=0.1163 ent=3.832 clip=0.125 kl=0.0051 t=25.6s (rollout=20.2s update=5.4s)
  [league] opponents: ['self', 'iter_0010', 'v8_scripted', 'iter_0020']
  [pfsp]
    iter_0010: WR_ussr=0.59(n=400) WR_us=0.47(n=400) pfsp=0.468
    v8_scripted: WR_ussr=0.71(n=100) WR_us=0.45(n=100) pfsp=0.420
    iter_0020: WR_ussr=0.60(n=200) WR_us=0.50(n=200) pfsp=0.448
  [diag] inf dtype=torch.float32 shape=torch.Size([2048, 172]) nan=0 inf_vals=0 range=[0.00,44.00]
  [diag] scalar dtype=torch.float32 nan=0 range=[-0.750,1.125]
  [diag] card_logits nan=0 range=[-19.83,14.20]
  [diag] values nan=0 range=[-0.9459,0.9217]
[iter  26/80] steps=13800 rollout_wr=0.525 (ussr=0.550 us=0.500) pl=-0.0167 vl=0.1069 ent=3.818 clip=0.125 kl=0.0045 t=26.0s (rollout=20.6s update=5.4s)
  [league] opponents: ['self', 'iter_0010', 'iter_0020', 'iter_0010']
  [pfsp]
    iter_0010: WR_ussr=0.58(n=425) WR_us=0.48(n=425) pfsp=0.467
    iter_0020: WR_ussr=0.61(n=225) WR_us=0.49(n=225) pfsp=0.451
  [diag] inf dtype=torch.float32 shape=torch.Size([2048, 172]) nan=0 inf_vals=0 range=[0.00,51.00]
  [diag] scalar dtype=torch.float32 nan=0 range=[-0.950,1.000]
  [diag] card_logits nan=0 range=[-19.58,13.76]
  [diag] values nan=0 range=[-0.9797,0.9083]
[iter  27/80] steps=13514 rollout_wr=0.465 (ussr=0.530 us=0.400) pl=-0.0147 vl=0.1113 ent=3.836 clip=0.111 kl=0.0040 t=27.4s (rollout=22.1s update=5.3s)
  [league] opponents: ['self', 'iter_0010', 'iter_0020', 'iter_0020']
  [pfsp]
    iter_0010: WR_ussr=0.58(n=475) WR_us=0.47(n=475) pfsp=0.473
    iter_0020: WR_ussr=0.60(n=250) WR_us=0.48(n=250) pfsp=0.458
  [diag] inf dtype=torch.float32 shape=torch.Size([2048, 172]) nan=0 inf_vals=0 range=[0.00,43.00]
  [diag] scalar dtype=torch.float32 nan=0 range=[-0.950,1.125]
  [diag] card_logits nan=0 range=[-20.36,12.37]
  [diag] values nan=0 range=[-0.9671,0.9398]
[iter  28/80] steps=13983 rollout_wr=0.540 (ussr=0.590 us=0.490) pl=-0.0165 vl=0.1125 ent=3.786 clip=0.122 kl=0.0055 t=27.3s (rollout=21.7s update=5.6s)
  [league] opponents: ['self', 'iter_0001', 'iter_0020', 'iter_0010']
  [pfsp]
    iter_0001: WR_ussr=0.57(n=1025) WR_us=0.47(n=1025) pfsp=0.478
    iter_0020: WR_ussr=0.59(n=300) WR_us=0.48(n=300) pfsp=0.463
    iter_0010: WR_ussr=0.58(n=500) WR_us=0.47(n=500) pfsp=0.473
  [diag] inf dtype=torch.float32 shape=torch.Size([2048, 172]) nan=0 inf_vals=0 range=[0.00,51.00]
  [diag] scalar dtype=torch.float32 nan=0 range=[-0.800,1.125]
  [diag] card_logits nan=0 range=[-19.19,13.96]
  [diag] values nan=0 range=[-0.9409,0.9444]
[iter  29/80] steps=13826 rollout_wr=0.545 (ussr=0.660 us=0.430) pl=-0.0158 vl=0.1064 ent=3.766 clip=0.106 kl=0.0037 t=28.5s (rollout=23.2s update=5.3s)
  Saved to league pool: data/checkpoints/ppo_v53_league/iter_0030.pt
  [league] opponents: ['self', 'iter_0030', 'iter_0020', 'iter_0030']
  [pfsp]
    iter_0030: WR_ussr=?(n=0) WR_us=?(n=0) pfsp=0.500
    iter_0020: WR_ussr=0.60(n=325) WR_us=0.49(n=325) pfsp=0.457
  [diag] inf dtype=torch.float32 shape=torch.Size([2048, 172]) nan=0 inf_vals=0 range=[0.00,45.00]
  [diag] scalar dtype=torch.float32 nan=0 range=[-0.850,1.125]
  [diag] card_logits nan=0 range=[-18.95,13.48]
  [diag] values nan=0 range=[-0.9047,0.9377]
[iter  30/80] steps=13622 rollout_wr=0.540 (ussr=0.610 us=0.470) pl=-0.0165 vl=0.1100 ent=3.854 clip=0.112 kl=0.0040 t=26.0s (rollout=20.6s update=5.3s)
  [panel eval] launched pid=237515 iter=30 panel=['v8', 'v14', 'v22', 'heuristic']
  [league] opponents: ['self', 'iter_0001', 'iter_0020', 'iter_0010']
  [pfsp]
    iter_0001: WR_ussr=0.58(n=1050) WR_us=0.47(n=1050) pfsp=0.479
    iter_0020: WR_ussr=0.59(n=350) WR_us=0.48(n=350) pfsp=0.463
    iter_0010: WR_ussr=0.58(n=525) WR_us=0.47(n=525) pfsp=0.470
  [diag] inf dtype=torch.float32 shape=torch.Size([2048, 172]) nan=0 inf_vals=0 range=[0.00,55.00]
  [diag] scalar dtype=torch.float32 nan=0 range=[-0.800,1.125]
  [diag] card_logits nan=0 range=[-20.34,11.78]
  [diag] values nan=0 range=[-0.9318,0.9551]
[iter  31/80] steps=13732 rollout_wr=0.565 (ussr=0.600 us=0.530) pl=-0.0171 vl=0.1088 ent=3.827 clip=0.131 kl=0.0048 t=52.7s (rollout=47.2s update=5.6s)
  [league] opponents: ['self', 'iter_0030', 'iter_0010', 'iter_0001']
  [pfsp]
    iter_0030: WR_ussr=0.66(n=50) WR_us=0.50(n=50) pfsp=0.420
    iter_0010: WR_ussr=0.58(n=550) WR_us=0.47(n=550) pfsp=0.474
    iter_0001: WR_ussr=0.58(n=1075) WR_us=0.47(n=1075) pfsp=0.477
  [diag] inf dtype=torch.float32 shape=torch.Size([2048, 172]) nan=0 inf_vals=0 range=[0.00,53.00]
  [diag] scalar dtype=torch.float32 nan=0 range=[-0.800,1.000]
  [diag] card_logits nan=0 range=[-18.76,14.49]
  [diag] values nan=0 range=[-0.9184,0.9449]
[iter  32/80] steps=13328 rollout_wr=0.540 (ussr=0.620 us=0.460) pl=-0.0160 vl=0.1127 ent=3.866 clip=0.126 kl=0.0052 t=55.6s (rollout=50.1s update=5.5s)
  [league] opponents: ['self', 'iter_0030', 'iter_0001', 'v22_scripted']
  [pfsp]
    iter_0030: WR_ussr=0.68(n=75) WR_us=0.53(n=75) pfsp=0.393
    iter_0001: WR_ussr=0.57(n=1100) WR_us=0.47(n=1100) pfsp=0.479
    v22_scripted: WR_ussr=?(n=0) WR_us=?(n=0) pfsp=0.500
  [diag] inf dtype=torch.float32 shape=torch.Size([2048, 172]) nan=0 inf_vals=0 range=[0.00,53.00]
  [diag] scalar dtype=torch.float32 nan=0 range=[-0.850,1.125]
  [diag] card_logits nan=0 range=[-18.87,15.00]
  [diag] values nan=0 range=[-0.9625,0.9611]
[iter  33/80] steps=13827 rollout_wr=0.415 (ussr=0.510 us=0.320) pl=-0.0167 vl=0.1075 ent=3.775 clip=0.127 kl=0.0052 t=39.8s (rollout=34.6s update=5.2s)
  [panel eval iter 30] avg=0.522: v8=0.435 | v14=0.485 | v22=0.565 | heuristic=0.605
  [league] opponents: ['self', 'iter_0001', 'iter_0030', 'iter_0010']
  [pfsp]
    iter_0001: WR_ussr=0.57(n=1125) WR_us=0.47(n=1125) pfsp=0.483
    iter_0030: WR_ussr=0.69(n=100) WR_us=0.51(n=100) pfsp=0.400
    iter_0010: WR_ussr=0.58(n=575) WR_us=0.47(n=575) pfsp=0.473
wandb: WARNING Tried to log to step 30 that is less than the current step 32. Steps must be monotonically increasing, so this data will be ignored. See https://wandb.me/define-metric to log data out of order.
  [diag] inf dtype=torch.float32 shape=torch.Size([2048, 172]) nan=0 inf_vals=0 range=[0.00,71.00]
  [diag] scalar dtype=torch.float32 nan=0 range=[-0.900,1.000]
  [diag] card_logits nan=0 range=[-19.46,13.69]
  [diag] values nan=0 range=[-0.9553,0.9364]
[iter  34/80] steps=13981 rollout_wr=0.480 (ussr=0.570 us=0.390) pl=-0.0155 vl=0.1100 ent=3.758 clip=0.104 kl=0.0055 t=24.1s (rollout=18.8s update=5.3s)
  [league] opponents: ['self', 'iter_0020', 'iter_0030', 'iter_0030']
  [pfsp]
    iter_0020: WR_ussr=0.59(n=375) WR_us=0.49(n=375) pfsp=0.459
    iter_0030: WR_ussr=0.66(n=125) WR_us=0.48(n=125) pfsp=0.428
  [diag] inf dtype=torch.float32 shape=torch.Size([2048, 172]) nan=0 inf_vals=0 range=[0.00,52.00]
  [diag] scalar dtype=torch.float32 nan=0 range=[-0.800,1.125]
  [diag] card_logits nan=0 range=[-17.70,12.46]
  [diag] values nan=0 range=[-0.9637,0.8987]
[iter  35/80] steps=13904 rollout_wr=0.485 (ussr=0.530 us=0.440) pl=-0.0155 vl=0.0955 ent=3.796 clip=0.151 kl=0.0069 t=26.6s (rollout=21.2s update=5.4s)
  [league] opponents: ['self', 'iter_0001', 'iter_0010', 'iter_0001']
  [pfsp]
    iter_0001: WR_ussr=0.56(n=1150) WR_us=0.47(n=1150) pfsp=0.486
    iter_0010: WR_ussr=0.59(n=600) WR_us=0.47(n=600) pfsp=0.473
  [diag] inf dtype=torch.float32 shape=torch.Size([2048, 172]) nan=0 inf_vals=0 range=[0.00,51.00]
  [diag] scalar dtype=torch.float32 nan=0 range=[-0.850,1.125]
  [diag] card_logits nan=0 range=[-17.65,14.26]
  [diag] values nan=0 range=[-0.9752,0.9244]
[iter  36/80] steps=13536 rollout_wr=0.540 (ussr=0.660 us=0.420) pl=-0.0165 vl=0.1128 ent=3.803 clip=0.121 kl=0.0043 t=26.9s (rollout=21.5s update=5.4s)
  [league] opponents: ['self', 'iter_0020', 'iter_0010', 'iter_0010']
  [pfsp]
    iter_0020: WR_ussr=0.58(n=400) WR_us=0.49(n=400) pfsp=0.464
    iter_0010: WR_ussr=0.59(n=625) WR_us=0.47(n=625) pfsp=0.471
  [diag] inf dtype=torch.float32 shape=torch.Size([2048, 172]) nan=0 inf_vals=0 range=[0.00,65.00]
  [diag] scalar dtype=torch.float32 nan=0 range=[-0.750,1.125]
  [diag] card_logits nan=0 range=[-20.16,13.54]
  [diag] values nan=0 range=[-0.9530,0.9534]
[iter  37/80] steps=13404 rollout_wr=0.495 (ussr=0.560 us=0.430) pl=-0.0171 vl=0.1154 ent=3.811 clip=0.113 kl=0.0056 t=28.2s (rollout=23.0s update=5.2s)
  [league] opponents: ['self', 'iter_0030', 'iter_0030', 'iter_0010']
  [pfsp]
    iter_0030: WR_ussr=0.63(n=175) WR_us=0.46(n=175) pfsp=0.457
    iter_0010: WR_ussr=0.58(n=675) WR_us=0.46(n=675) pfsp=0.479
  [diag] inf dtype=torch.float32 shape=torch.Size([2048, 172]) nan=0 inf_vals=0 range=[0.00,54.00]
  [diag] scalar dtype=torch.float32 nan=0 range=[-0.850,1.000]
  [diag] card_logits nan=0 range=[-20.36,13.87]
  [diag] values nan=0 range=[-0.9646,0.9471]
[iter  38/80] steps=13634 rollout_wr=0.570 (ussr=0.650 us=0.490) pl=-0.0205 vl=0.1084 ent=3.809 clip=0.154 kl=0.0086 t=25.9s (rollout=20.6s update=5.3s)
  [league] opponents: ['self', 'iter_0001', 'iter_0020', 'iter_0010']
  [pfsp]
    iter_0001: WR_ussr=0.56(n=1200) WR_us=0.46(n=1200) pfsp=0.485
    iter_0020: WR_ussr=0.58(n=425) WR_us=0.49(n=425) pfsp=0.466
    iter_0010: WR_ussr=0.59(n=700) WR_us=0.46(n=700) pfsp=0.476
  [diag] inf dtype=torch.float32 shape=torch.Size([2048, 172]) nan=0 inf_vals=0 range=[0.00,65.00]
  [diag] scalar dtype=torch.float32 nan=0 range=[-0.800,1.000]
  [diag] card_logits nan=0 range=[-18.48,13.93]
  [diag] values nan=0 range=[-0.9737,0.9555]
[iter  39/80] steps=13680 rollout_wr=0.495 (ussr=0.510 us=0.480) pl=-0.0154 vl=0.1100 ent=3.801 clip=0.135 kl=0.0070 t=27.7s (rollout=22.2s update=5.4s)
  Saved to league pool: data/checkpoints/ppo_v53_league/iter_0040.pt
  [league] opponents: ['self', 'iter_0020', 'iter_0040', 'iter_0040']
  [pfsp]
    iter_0020: WR_ussr=0.58(n=450) WR_us=0.49(n=450) pfsp=0.469
    iter_0040: WR_ussr=?(n=0) WR_us=?(n=0) pfsp=0.500
  [diag] inf dtype=torch.float32 shape=torch.Size([2048, 172]) nan=0 inf_vals=0 range=[0.00,72.00]
  [diag] scalar dtype=torch.float32 nan=0 range=[-0.900,1.000]
  [diag] card_logits nan=0 range=[-19.60,13.82]
  [diag] values nan=0 range=[-0.9558,0.9305]
[iter  40/80] steps=13495 rollout_wr=0.510 (ussr=0.600 us=0.420) pl=-0.0182 vl=0.1239 ent=3.760 clip=0.159 kl=0.0061 t=25.4s (rollout=20.1s update=5.3s)
  [panel eval] launched pid=238180 iter=40 panel=['v8', 'v14', 'v22', 'heuristic']
  [league] opponents: ['self', 'iter_0001', 'iter_0030', 'iter_0001']
  [pfsp]
    iter_0001: WR_ussr=0.56(n=1225) WR_us=0.46(n=1225) pfsp=0.487
    iter_0030: WR_ussr=0.64(n=225) WR_us=0.47(n=225) pfsp=0.442
  [diag] inf dtype=torch.float32 shape=torch.Size([2048, 172]) nan=0 inf_vals=0 range=[0.00,53.00]
  [diag] scalar dtype=torch.float32 nan=0 range=[-0.750,1.125]
  [diag] card_logits nan=0 range=[-18.84,14.88]
  [diag] values nan=0 range=[-0.9540,0.9275]
[iter  41/80] steps=13747 rollout_wr=0.535 (ussr=0.620 us=0.450) pl=-0.0170 vl=0.1155 ent=3.727 clip=0.142 kl=0.0061 t=49.6s (rollout=43.9s update=5.7s)
  [league] opponents: ['self', 'iter_0010', 'iter_0010', 'iter_0001']
  [pfsp]
    iter_0010: WR_ussr=0.58(n=725) WR_us=0.46(n=725) pfsp=0.479
    iter_0001: WR_ussr=0.56(n=1275) WR_us=0.47(n=1275) pfsp=0.486
  [diag] inf dtype=torch.float32 shape=torch.Size([2048, 172]) nan=0 inf_vals=0 range=[0.00,51.00]
  [diag] scalar dtype=torch.float32 nan=0 range=[-0.700,1.125]
  [diag] card_logits nan=0 range=[-20.56,12.32]
  [diag] values nan=0 range=[-0.9587,0.9590]
[iter  42/80] steps=13636 rollout_wr=0.490 (ussr=0.550 us=0.430) pl=-0.0166 vl=0.1107 ent=3.713 clip=0.115 kl=0.0047 t=49.1s (rollout=43.4s update=5.7s)
  [league] opponents: ['self', 'iter_0020', 'iter_0001', 'iter_0040']
  [pfsp]
    iter_0020: WR_ussr=0.57(n=475) WR_us=0.49(n=475) pfsp=0.468
    iter_0001: WR_ussr=0.56(n=1300) WR_us=0.47(n=1300) pfsp=0.486
    iter_0040: WR_ussr=0.56(n=50) WR_us=0.36(n=50) pfsp=0.540
  [diag] inf dtype=torch.float32 shape=torch.Size([2048, 172]) nan=0 inf_vals=0 range=[0.00,55.00]
  [diag] scalar dtype=torch.float32 nan=0 range=[-0.900,1.000]
  [diag] card_logits nan=0 range=[-19.49,12.98]
  [diag] values nan=0 range=[-0.9475,0.9103]
[iter  43/80] steps=13531 rollout_wr=0.530 (ussr=0.590 us=0.470) pl=-0.0169 vl=0.1128 ent=3.778 clip=0.123 kl=0.0050 t=36.0s (rollout=30.8s update=5.2s)
  [panel eval iter 40] avg=0.508: v8=0.530 | v14=0.490 | v22=0.505 | heuristic=0.505
  [league] opponents: ['self', 'iter_0040', 'iter_0020', 'iter_0030']
  [pfsp]
    iter_0040: WR_ussr=0.63(n=75) WR_us=0.35(n=75) pfsp=0.513
    iter_0020: WR_ussr=0.57(n=500) WR_us=0.49(n=500) pfsp=0.469
    iter_0030: WR_ussr=0.64(n=250) WR_us=0.46(n=250) pfsp=0.450
wandb: WARNING Tried to log to step 40 that is less than the current step 42. Steps must be monotonically increasing, so this data will be ignored. See https://wandb.me/define-metric to log data out of order.
  [diag] inf dtype=torch.float32 shape=torch.Size([2048, 172]) nan=0 inf_vals=0 range=[0.00,67.00]
  [diag] scalar dtype=torch.float32 nan=0 range=[-0.850,1.000]
  [diag] card_logits nan=0 range=[-19.02,13.31]
  [diag] values nan=0 range=[-0.9353,0.9250]
[iter  44/80] steps=13742 rollout_wr=0.510 (ussr=0.560 us=0.460) pl=-0.0144 vl=0.1061 ent=3.734 clip=0.121 kl=0.0047 t=22.9s (rollout=17.7s update=5.3s)
  [league] opponents: ['self', 'iter_0010', 'iter_0040', 'iter_0010']
  [pfsp]
    iter_0010: WR_ussr=0.58(n=775) WR_us=0.46(n=775) pfsp=0.481
    iter_0040: WR_ussr=0.62(n=100) WR_us=0.34(n=100) pfsp=0.520
  [diag] inf dtype=torch.float32 shape=torch.Size([2048, 172]) nan=0 inf_vals=0 range=[0.00,54.00]
  [diag] scalar dtype=torch.float32 nan=0 range=[-0.950,1.125]
  [diag] card_logits nan=0 range=[-20.70,12.52]
  [diag] values nan=0 range=[-0.9613,0.9326]
[iter  45/80] steps=13881 rollout_wr=0.500 (ussr=0.590 us=0.410) pl=-0.0171 vl=0.1146 ent=3.732 clip=0.124 kl=0.0051 t=22.5s (rollout=17.3s update=5.2s)
  [league] opponents: ['self', 'iter_0010', 'iter_0040', 'v8_scripted']
  [pfsp]
    iter_0010: WR_ussr=0.58(n=825) WR_us=0.46(n=825) pfsp=0.481
    iter_0040: WR_ussr=0.59(n=125) WR_us=0.36(n=125) pfsp=0.524
    v8_scripted: WR_ussr=0.68(n=125) WR_us=0.46(n=125) pfsp=0.428
  [diag] inf dtype=torch.float32 shape=torch.Size([2048, 172]) nan=0 inf_vals=0 range=[0.00,73.00]
  [diag] scalar dtype=torch.float32 nan=0 range=[-0.900,1.125]
  [diag] card_logits nan=0 range=[-20.56,15.16]
  [diag] values nan=0 range=[-0.9569,0.9733]
[iter  46/80] steps=13615 rollout_wr=0.535 (ussr=0.620 us=0.450) pl=-0.0181 vl=0.1159 ent=3.768 clip=0.143 kl=0.0065 t=22.3s (rollout=17.0s update=5.3s)
  [league] opponents: ['self', 'v14_scripted', 'v22_scripted', 'iter_0040']
  [pfsp]
    v14_scripted: WR_ussr=0.58(n=125) WR_us=0.44(n=125) pfsp=0.488
    v22_scripted: WR_ussr=0.36(n=25) WR_us=0.24(n=25) pfsp=0.700
    iter_0040: WR_ussr=0.58(n=150) WR_us=0.39(n=150) pfsp=0.513
  [diag] inf dtype=torch.float32 shape=torch.Size([2048, 172]) nan=0 inf_vals=0 range=[0.00,58.00]
  [diag] scalar dtype=torch.float32 nan=0 range=[-0.900,1.000]
  [diag] card_logits nan=0 range=[-18.79,12.43]
  [diag] values nan=0 range=[-0.9663,0.8914]
[iter  47/80] steps=13114 rollout_wr=0.390 (ussr=0.540 us=0.240) pl=-0.0138 vl=0.1133 ent=3.768 clip=0.123 kl=0.0043 t=26.8s (rollout=21.4s update=5.4s)
  [league] opponents: ['self', 'iter_0030', 'iter_0010', 'iter_0001']
  [pfsp]
    iter_0030: WR_ussr=0.64(n=275) WR_us=0.45(n=275) pfsp=0.458
    iter_0010: WR_ussr=0.58(n=850) WR_us=0.46(n=850) pfsp=0.482
    iter_0001: WR_ussr=0.56(n=1325) WR_us=0.47(n=1325) pfsp=0.487
  [diag] inf dtype=torch.float32 shape=torch.Size([2048, 172]) nan=0 inf_vals=0 range=[0.00,64.00]
  [diag] scalar dtype=torch.float32 nan=0 range=[-0.800,1.000]
  [diag] card_logits nan=0 range=[-20.75,13.62]
  [diag] values nan=0 range=[-0.9304,0.8876]
[iter  48/80] steps=13765 rollout_wr=0.470 (ussr=0.510 us=0.430) pl=-0.0166 vl=0.1088 ent=3.726 clip=0.114 kl=0.0041 t=25.3s (rollout=20.0s update=5.3s)
  [league] opponents: ['self', 'iter_0020', 'iter_0040', 'iter_0001']
  [pfsp]
    iter_0020: WR_ussr=0.57(n=525) WR_us=0.49(n=525) pfsp=0.471
    iter_0040: WR_ussr=0.60(n=175) WR_us=0.39(n=175) pfsp=0.506
    iter_0001: WR_ussr=0.56(n=1350) WR_us=0.47(n=1350) pfsp=0.489
  [diag] inf dtype=torch.float32 shape=torch.Size([2048, 172]) nan=0 inf_vals=0 range=[0.00,70.00]
  [diag] scalar dtype=torch.float32 nan=0 range=[-0.950,1.000]
  [diag] card_logits nan=0 range=[-19.84,13.36]
  [diag] values nan=0 range=[-0.9547,0.8831]
[iter  49/80] steps=13798 rollout_wr=0.570 (ussr=0.660 us=0.480) pl=-0.0159 vl=0.1166 ent=3.668 clip=0.124 kl=0.0042 t=25.5s (rollout=20.0s update=5.5s)
  Saved to league pool: data/checkpoints/ppo_v53_league/iter_0050.pt
  [league] opponents: ['self', 'iter_0010', 'v14_scripted', 'iter_0030']
  [pfsp]
    iter_0010: WR_ussr=0.58(n=875) WR_us=0.45(n=875) pfsp=0.483
    v14_scripted: WR_ussr=0.58(n=150) WR_us=0.40(n=150) pfsp=0.510
    iter_0030: WR_ussr=0.63(n=300) WR_us=0.45(n=300) pfsp=0.463
  [diag] inf dtype=torch.float32 shape=torch.Size([2048, 172]) nan=0 inf_vals=0 range=[0.00,59.00]
  [diag] scalar dtype=torch.float32 nan=0 range=[-0.850,1.125]
  [diag] card_logits nan=0 range=[-20.16,13.26]
  [diag] values nan=0 range=[-0.9437,0.9285]
[iter  50/80] steps=13730 rollout_wr=0.470 (ussr=0.470 us=0.470) pl=-0.0167 vl=0.1163 ent=3.737 clip=0.108 kl=0.0041 t=25.7s (rollout=20.5s update=5.2s)
  [panel eval] launched pid=238818 iter=50 panel=['v8', 'v14', 'v22', 'heuristic']
  [league] opponents: ['self', 'iter_0001', 'iter_0040', 'iter_0020']
  [pfsp]
    iter_0001: WR_ussr=0.56(n=1375) WR_us=0.46(n=1375) pfsp=0.490
    iter_0040: WR_ussr=0.61(n=200) WR_us=0.40(n=200) pfsp=0.495
    iter_0020: WR_ussr=0.58(n=550) WR_us=0.49(n=550) pfsp=0.465
  [diag] inf dtype=torch.float32 shape=torch.Size([2048, 172]) nan=0 inf_vals=0 range=[0.00,56.00]
  [diag] scalar dtype=torch.float32 nan=0 range=[-0.900,1.000]
  [diag] card_logits nan=0 range=[-19.01,13.33]
  [diag] values nan=0 range=[-0.9236,0.8836]
[iter  51/80] steps=13438 rollout_wr=0.515 (ussr=0.540 us=0.490) pl=-0.0160 vl=0.1104 ent=3.765 clip=0.124 kl=0.0043 t=58.5s (rollout=52.8s update=5.7s)
  [league] opponents: ['self', 'iter_0050', 'iter_0040', 'iter_0050']
  [pfsp]
    iter_0050: WR_ussr=?(n=0) WR_us=?(n=0) pfsp=0.500
    iter_0040: WR_ussr=0.60(n=225) WR_us=0.40(n=225) pfsp=0.498
  [diag] inf dtype=torch.float32 shape=torch.Size([2048, 172]) nan=0 inf_vals=0 range=[0.00,72.00]
  [diag] scalar dtype=torch.float32 nan=0 range=[-0.800,1.125]
  [diag] card_logits nan=0 range=[-19.69,13.43]
  [diag] values nan=0 range=[-0.9417,0.9010]
[iter  52/80] steps=13823 rollout_wr=0.550 (ussr=0.660 us=0.440) pl=-0.0158 vl=0.1058 ent=3.734 clip=0.131 kl=0.0047 t=56.8s (rollout=51.2s update=5.6s)
  [league] opponents: ['self', 'iter_0010', 'iter_0010', 'v14_scripted']
  [pfsp]
    iter_0010: WR_ussr=0.58(n=900) WR_us=0.45(n=900) pfsp=0.484
    v14_scripted: WR_ussr=0.54(n=175) WR_us=0.40(n=175) pfsp=0.529
  [diag] inf dtype=torch.float32 shape=torch.Size([2048, 172]) nan=0 inf_vals=0 range=[0.00,63.00]
  [diag] scalar dtype=torch.float32 nan=0 range=[-0.950,1.000]
  [diag] card_logits nan=0 range=[-19.64,15.03]
  [diag] values nan=0 range=[-0.9571,0.9338]
[iter  53/80] steps=13592 rollout_wr=0.485 (ussr=0.620 us=0.350) pl=-0.0199 vl=0.1047 ent=3.725 clip=0.149 kl=0.0056 t=36.2s (rollout=30.7s update=5.5s)
  [panel eval iter 50] avg=0.495: v8=0.520 | v14=0.450 | v22=0.460 | heuristic=0.550
  [league] opponents: ['self', 'iter_0010', 'iter_0010', 'iter_0001']
  [pfsp]
    iter_0010: WR_ussr=0.58(n=950) WR_us=0.45(n=950) pfsp=0.484
    iter_0001: WR_ussr=0.55(n=1400) WR_us=0.47(n=1400) pfsp=0.490
wandb: WARNING Tried to log to step 50 that is less than the current step 52. Steps must be monotonically increasing, so this data will be ignored. See https://wandb.me/define-metric to log data out of order.
  [diag] inf dtype=torch.float32 shape=torch.Size([2048, 172]) nan=0 inf_vals=0 range=[0.00,69.00]
  [diag] scalar dtype=torch.float32 nan=0 range=[-0.900,1.125]
  [diag] card_logits nan=0 range=[-20.82,13.01]
  [diag] values nan=0 range=[-0.9523,0.9594]
[iter  54/80] steps=13655 rollout_wr=0.405 (ussr=0.400 us=0.410) pl=-0.0159 vl=0.1132 ent=3.699 clip=0.123 kl=0.0046 t=27.8s (rollout=22.2s update=5.5s)
  [league] opponents: ['self', 'iter_0010', 'iter_0030', 'iter_0030']
  [pfsp]
    iter_0010: WR_ussr=0.57(n=1000) WR_us=0.45(n=1000) pfsp=0.490
    iter_0030: WR_ussr=0.62(n=325) WR_us=0.45(n=325) pfsp=0.463
  [diag] inf dtype=torch.float32 shape=torch.Size([2048, 172]) nan=0 inf_vals=0 range=[0.00,56.00]
  [diag] scalar dtype=torch.float32 nan=0 range=[-0.850,1.000]
  [diag] card_logits nan=0 range=[-21.08,13.81]
  [diag] values nan=0 range=[-0.9435,0.8752]
[iter  55/80] steps=14032 rollout_wr=0.430 (ussr=0.470 us=0.390) pl=-0.0147 vl=0.1104 ent=3.707 clip=0.106 kl=0.0035 t=28.0s (rollout=22.5s update=5.5s)
  [league] opponents: ['self', 'iter_0010', 'iter_0040', 'iter_0030']
  [pfsp]
    iter_0010: WR_ussr=0.57(n=1025) WR_us=0.44(n=1025) pfsp=0.495
    iter_0040: WR_ussr=0.61(n=250) WR_us=0.42(n=250) pfsp=0.486
    iter_0030: WR_ussr=0.60(n=375) WR_us=0.45(n=375) pfsp=0.473
  [diag] inf dtype=torch.float32 shape=torch.Size([2048, 172]) nan=0 inf_vals=0 range=[0.00,67.00]
  [diag] scalar dtype=torch.float32 nan=0 range=[-0.700,1.000]
  [diag] card_logits nan=0 range=[-20.34,15.05]
  [diag] values nan=0 range=[-0.9661,0.9357]
[iter  56/80] steps=13754 rollout_wr=0.545 (ussr=0.600 us=0.490) pl=-0.0172 vl=0.1025 ent=3.727 clip=0.141 kl=0.0064 t=29.7s (rollout=24.1s update=5.5s)
  [league] opponents: ['self', 'iter_0001', 'iter_0001', 'iter_0010']
  [pfsp]
    iter_0001: WR_ussr=0.55(n=1425) WR_us=0.46(n=1425) pfsp=0.493
    iter_0010: WR_ussr=0.57(n=1050) WR_us=0.44(n=1050) pfsp=0.494
  [diag] inf dtype=torch.float32 shape=torch.Size([2048, 172]) nan=0 inf_vals=0 range=[0.00,66.00]
  [diag] scalar dtype=torch.float32 nan=0 range=[-0.800,1.125]
  [diag] card_logits nan=0 range=[-21.17,14.96]
  [diag] values nan=0 range=[-0.9581,0.9140]
[iter  57/80] steps=13731 rollout_wr=0.490 (ussr=0.550 us=0.430) pl=-0.0166 vl=0.1136 ent=3.740 clip=0.125 kl=0.0046 t=27.9s (rollout=22.2s update=5.8s)
  [league] opponents: ['self', 'iter_0030', 'iter_0020', 'iter_0030']
  [pfsp]
    iter_0030: WR_ussr=0.60(n=400) WR_us=0.45(n=400) pfsp=0.476
    iter_0020: WR_ussr=0.58(n=575) WR_us=0.49(n=575) pfsp=0.468
  [diag] inf dtype=torch.float32 shape=torch.Size([2048, 172]) nan=0 inf_vals=0 range=[0.00,58.00]
  [diag] scalar dtype=torch.float32 nan=0 range=[-0.800,1.000]
  [diag] card_logits nan=0 range=[-21.81,13.61]
  [diag] values nan=0 range=[-0.9544,0.9206]
[iter  58/80] steps=13780 rollout_wr=0.495 (ussr=0.540 us=0.450) pl=-0.0182 vl=0.1140 ent=3.723 clip=0.118 kl=0.0057 t=27.0s (rollout=21.5s update=5.5s)
  [league] opponents: ['self', 'iter_0010', 'iter_0010', 'iter_0010']
  [pfsp]
    iter_0010: WR_ussr=0.57(n=1075) WR_us=0.44(n=1075) pfsp=0.493
  [diag] inf dtype=torch.float32 shape=torch.Size([2048, 172]) nan=0 inf_vals=0 range=[0.00,68.00]
  [diag] scalar dtype=torch.float32 nan=0 range=[-0.800,1.125]
  [diag] card_logits nan=0 range=[-20.52,13.52]
  [diag] values nan=0 range=[-0.9522,0.9249]
[iter  59/80] steps=13847 rollout_wr=0.400 (ussr=0.450 us=0.350) pl=-0.0165 vl=0.0985 ent=3.697 clip=0.144 kl=0.0055 t=26.4s (rollout=21.0s update=5.4s)
  Saved to league pool: data/checkpoints/ppo_v53_league/iter_0060.pt
  [league] opponents: ['self', 'iter_0010', 'iter_0010', 'v22_scripted']
  [pfsp]
    iter_0010: WR_ussr=0.56(n=1150) WR_us=0.44(n=1150) pfsp=0.500
    v22_scripted: WR_ussr=0.34(n=50) WR_us=0.16(n=50) pfsp=0.750
  [diag] inf dtype=torch.float32 shape=torch.Size([2048, 172]) nan=0 inf_vals=0 range=[0.00,58.00]
  [diag] scalar dtype=torch.float32 nan=0 range=[-0.950,1.000]
  [diag] card_logits nan=0 range=[-21.99,13.74]
  [diag] values nan=0 range=[-0.9802,0.9235]
[iter  60/80] steps=13256 rollout_wr=0.460 (ussr=0.590 us=0.330) pl=-0.0185 vl=0.1198 ent=3.785 clip=0.142 kl=0.0058 t=29.1s (rollout=23.7s update=5.4s)
  [panel eval] launched pid=239606 iter=60 panel=['v8', 'v14', 'v22', 'heuristic']
  [league] opponents: ['self', 'iter_0001', 'iter_0060', 'iter_0050']
  [pfsp]
    iter_0001: WR_ussr=0.55(n=1475) WR_us=0.46(n=1475) pfsp=0.496
    iter_0060: WR_ussr=?(n=0) WR_us=?(n=0) pfsp=0.500
    iter_0050: WR_ussr=0.70(n=50) WR_us=0.40(n=50) pfsp=0.450
  [diag] inf dtype=torch.float32 shape=torch.Size([2048, 172]) nan=0 inf_vals=0 range=[0.00,70.00]
  [diag] scalar dtype=torch.float32 nan=0 range=[-0.700,1.125]
  [diag] card_logits nan=0 range=[-20.89,13.72]
  [diag] values nan=0 range=[-0.9706,0.9006]
[iter  61/80] steps=13820 rollout_wr=0.505 (ussr=0.590 us=0.420) pl=-0.0167 vl=0.1123 ent=3.668 clip=0.126 kl=0.0052 t=54.1s (rollout=48.5s update=5.6s)
  [league] opponents: ['self', 'iter_0020', 'iter_0020', 'iter_0020']
  [pfsp]
    iter_0020: WR_ussr=0.57(n=600) WR_us=0.49(n=600) pfsp=0.470
  [diag] inf dtype=torch.float32 shape=torch.Size([2048, 172]) nan=0 inf_vals=0 range=[0.00,83.00]
  [diag] scalar dtype=torch.float32 nan=0 range=[-0.750,1.125]
  [diag] card_logits nan=0 range=[-20.72,14.04]
  [diag] values nan=0 range=[-0.9525,0.9300]
[iter  62/80] steps=13880 rollout_wr=0.530 (ussr=0.620 us=0.440) pl=-0.0167 vl=0.1049 ent=3.627 clip=0.134 kl=0.0050 t=57.3s (rollout=51.7s update=5.6s)
  [league] opponents: ['self', 'iter_0001', 'iter_0020', 'iter_0060']
  [pfsp]
    iter_0001: WR_ussr=0.55(n=1500) WR_us=0.46(n=1500) pfsp=0.498
    iter_0020: WR_ussr=0.57(n=675) WR_us=0.49(n=675) pfsp=0.470
    iter_0060: WR_ussr=0.52(n=25) WR_us=0.44(n=25) pfsp=0.520
  [diag] inf dtype=torch.float32 shape=torch.Size([2048, 172]) nan=0 inf_vals=0 range=[0.00,58.00]
  [diag] scalar dtype=torch.float32 nan=0 range=[-0.700,1.125]
  [diag] card_logits nan=0 range=[-21.19,14.38]
  [diag] values nan=0 range=[-0.9656,0.9451]
[iter  63/80] steps=14050 rollout_wr=0.500 (ussr=0.480 us=0.520) pl=-0.0154 vl=0.1117 ent=3.655 clip=0.129 kl=0.0053 t=33.6s (rollout=28.3s update=5.4s)
  [panel eval iter 60] avg=0.524: v8=0.550 | v14=0.530 | v22=0.520 | heuristic=0.495
  [league] opponents: ['self', 'iter_0040', 'iter_0030', 'iter_0040']
  [pfsp]
    iter_0040: WR_ussr=0.62(n=275) WR_us=0.41(n=275) pfsp=0.482
    iter_0030: WR_ussr=0.60(n=450) WR_us=0.45(n=450) pfsp=0.476
wandb: WARNING Tried to log to step 60 that is less than the current step 62. Steps must be monotonically increasing, so this data will be ignored. See https://wandb.me/define-metric to log data out of order.
  [diag] inf dtype=torch.float32 shape=torch.Size([2048, 172]) nan=0 inf_vals=0 range=[0.00,63.00]
  [diag] scalar dtype=torch.float32 nan=0 range=[-0.900,1.125]
  [diag] card_logits nan=0 range=[-20.18,13.35]
  [diag] values nan=0 range=[-0.9497,0.9602]
[iter  64/80] steps=13904 rollout_wr=0.565 (ussr=0.640 us=0.490) pl=-0.0179 vl=0.1104 ent=3.650 clip=0.135 kl=0.0060 t=27.9s (rollout=22.4s update=5.5s)
  [league] opponents: ['self', 'iter_0010', 'iter_0050', 'iter_0040']
  [pfsp]
    iter_0010: WR_ussr=0.57(n=1200) WR_us=0.44(n=1200) pfsp=0.498
    iter_0050: WR_ussr=0.71(n=75) WR_us=0.41(n=75) pfsp=0.440
    iter_0040: WR_ussr=0.63(n=325) WR_us=0.43(n=325) pfsp=0.468
  [diag] inf dtype=torch.float32 shape=torch.Size([2048, 172]) nan=0 inf_vals=0 range=[0.00,62.00]
  [diag] scalar dtype=torch.float32 nan=0 range=[-0.850,1.125]
  [diag] card_logits nan=0 range=[-20.42,13.78]
  [diag] values nan=0 range=[-0.9394,0.9369]
[iter  65/80] steps=13845 rollout_wr=0.515 (ussr=0.590 us=0.440) pl=-0.0182 vl=0.1130 ent=3.589 clip=0.160 kl=0.0060 t=27.2s (rollout=21.8s update=5.5s)
  [league] opponents: ['self', 'iter_0020', 'iter_0001', 'iter_0030']
  [pfsp]
    iter_0020: WR_ussr=0.57(n=700) WR_us=0.49(n=700) pfsp=0.471
    iter_0001: WR_ussr=0.54(n=1525) WR_us=0.46(n=1525) pfsp=0.500
    iter_0030: WR_ussr=0.60(n=475) WR_us=0.45(n=475) pfsp=0.475
  [diag] inf dtype=torch.float32 shape=torch.Size([2048, 172]) nan=0 inf_vals=0 range=[0.00,61.00]
  [diag] scalar dtype=torch.float32 nan=0 range=[-0.800,1.000]
  [diag] card_logits nan=0 range=[-20.44,13.15]
  [diag] values nan=0 range=[-0.9417,0.9253]
[iter  66/80] steps=14004 rollout_wr=0.490 (ussr=0.530 us=0.450) pl=-0.0159 vl=0.1090 ent=3.607 clip=0.132 kl=0.0052 t=30.4s (rollout=24.9s update=5.4s)
  [league] opponents: ['self', 'iter_0020', 'iter_0050', 'iter_0010']
  [pfsp]
    iter_0020: WR_ussr=0.57(n=725) WR_us=0.49(n=725) pfsp=0.468
    iter_0050: WR_ussr=0.65(n=100) WR_us=0.44(n=100) pfsp=0.455
    iter_0010: WR_ussr=0.57(n=1225) WR_us=0.44(n=1225) pfsp=0.496
  [diag] inf dtype=torch.float32 shape=torch.Size([2048, 172]) nan=0 inf_vals=0 range=[0.00,64.00]
  [diag] scalar dtype=torch.float32 nan=0 range=[-0.750,1.125]
  [diag] card_logits nan=0 range=[-21.03,13.50]
  [diag] values nan=0 range=[-0.9706,0.9166]
[iter  67/80] steps=13848 rollout_wr=0.495 (ussr=0.550 us=0.440) pl=-0.0172 vl=0.1069 ent=3.620 clip=0.128 kl=0.0062 t=26.4s (rollout=20.8s update=5.7s)
  [league] opponents: ['self', 'iter_0001', 'iter_0030', 'iter_0030']
  [pfsp]
    iter_0001: WR_ussr=0.54(n=1550) WR_us=0.46(n=1550) pfsp=0.500
    iter_0030: WR_ussr=0.59(n=500) WR_us=0.44(n=500) pfsp=0.481
  [diag] inf dtype=torch.float32 shape=torch.Size([2048, 172]) nan=0 inf_vals=0 range=[0.00,65.00]
  [diag] scalar dtype=torch.float32 nan=0 range=[-0.800,1.000]
  [diag] card_logits nan=0 range=[-21.33,15.16]
  [diag] values nan=0 range=[-0.9362,0.9290]
[iter  68/80] steps=13986 rollout_wr=0.520 (ussr=0.500 us=0.540) pl=-0.0168 vl=0.1060 ent=3.589 clip=0.153 kl=0.0058 t=27.4s (rollout=22.0s update=5.4s)
  [league] opponents: ['self', 'iter_0040', 'iter_0040', 'iter_0001']
  [pfsp]
    iter_0040: WR_ussr=0.63(n=350) WR_us=0.43(n=350) pfsp=0.469
    iter_0001: WR_ussr=0.54(n=1575) WR_us=0.46(n=1575) pfsp=0.501
  [diag] inf dtype=torch.float32 shape=torch.Size([2048, 172]) nan=0 inf_vals=0 range=[0.00,63.00]
  [diag] scalar dtype=torch.float32 nan=0 range=[-0.750,1.125]
  [diag] card_logits nan=0 range=[-20.67,15.54]
  [diag] values nan=0 range=[-0.9286,0.9551]
[iter  69/80] steps=14102 rollout_wr=0.540 (ussr=0.550 us=0.530) pl=-0.0169 vl=0.1179 ent=3.584 clip=0.130 kl=0.0058 t=26.3s (rollout=20.8s update=5.5s)
  Saved to league pool: data/checkpoints/ppo_v53_league/iter_0070.pt
  [league] opponents: ['self', 'iter_0030', 'iter_0020', 'iter_0040']
  [pfsp]
    iter_0030: WR_ussr=0.59(n=550) WR_us=0.46(n=550) pfsp=0.472
    iter_0020: WR_ussr=0.57(n=750) WR_us=0.49(n=750) pfsp=0.467
    iter_0040: WR_ussr=0.62(n=400) WR_us=0.44(n=400) pfsp=0.470
  [diag] inf dtype=torch.float32 shape=torch.Size([2048, 172]) nan=0 inf_vals=0 range=[0.00,73.00]
  [diag] scalar dtype=torch.float32 nan=0 range=[-0.900,1.125]
  [diag] card_logits nan=0 range=[-20.88,13.62]
  [diag] values nan=0 range=[-0.9354,0.9163]
[iter  70/80] steps=14261 rollout_wr=0.510 (ussr=0.450 us=0.570) pl=-0.0162 vl=0.1025 ent=3.602 clip=0.138 kl=0.0047 t=27.5s (rollout=22.0s update=5.5s)
  [panel eval] launched pid=240711 iter=70 panel=['v8', 'v14', 'v22', 'heuristic']
  [league] opponents: ['self', 'iter_0040', 'iter_0070', 'iter_0040']
  [pfsp]
    iter_0040: WR_ussr=0.61(n=425) WR_us=0.45(n=425) pfsp=0.472
    iter_0070: WR_ussr=?(n=0) WR_us=?(n=0) pfsp=0.500
  [diag] inf dtype=torch.float32 shape=torch.Size([2048, 172]) nan=0 inf_vals=0 range=[0.00,70.00]
  [diag] scalar dtype=torch.float32 nan=0 range=[-0.850,1.125]
  [diag] card_logits nan=0 range=[-21.54,13.55]
  [diag] values nan=0 range=[-0.8866,0.9391]
[iter  71/80] steps=14104 rollout_wr=0.565 (ussr=0.640 us=0.490) pl=-0.0184 vl=0.1191 ent=3.618 clip=0.140 kl=0.0058 t=51.0s (rollout=44.9s update=6.1s)
  [league] opponents: ['self', 'iter_0030', 'iter_0070', 'iter_0020']
  [pfsp]
    iter_0030: WR_ussr=0.59(n=575) WR_us=0.47(n=575) pfsp=0.471
    iter_0070: WR_ussr=0.76(n=25) WR_us=0.36(n=25) pfsp=0.440
    iter_0020: WR_ussr=0.57(n=775) WR_us=0.49(n=775) pfsp=0.469
  [diag] inf dtype=torch.float32 shape=torch.Size([2048, 172]) nan=0 inf_vals=0 range=[0.00,56.00]
  [diag] scalar dtype=torch.float32 nan=0 range=[-0.700,1.125]
  [diag] card_logits nan=0 range=[-20.05,13.76]
  [diag] values nan=0 range=[-0.9054,0.8962]
[iter  72/80] steps=14089 rollout_wr=0.460 (ussr=0.450 us=0.470) pl=-0.0158 vl=0.1171 ent=3.630 clip=0.136 kl=0.0061 t=60.7s (rollout=54.9s update=5.8s)
  [league] opponents: ['self', 'iter_0060', 'iter_0050', 'v22_scripted']
  [pfsp]
    iter_0060: WR_ussr=0.48(n=50) WR_us=0.48(n=50) pfsp=0.520
    iter_0050: WR_ussr=0.63(n=125) WR_us=0.42(n=125) pfsp=0.476
    v22_scripted: WR_ussr=0.35(n=75) WR_us=0.17(n=75) pfsp=0.740
  [diag] inf dtype=torch.float32 shape=torch.Size([2048, 172]) nan=0 inf_vals=0 range=[0.00,58.00]
  [diag] scalar dtype=torch.float32 nan=0 range=[-0.700,1.125]
  [diag] card_logits nan=0 range=[-22.12,12.94]
  [diag] values nan=0 range=[-0.9537,0.8675]
[iter  73/80] steps=13628 rollout_wr=0.480 (ussr=0.480 us=0.480) pl=-0.0173 vl=0.1126 ent=3.647 clip=0.141 kl=0.0069 t=34.8s (rollout=29.5s update=5.3s)
  [panel eval iter 70] avg=0.463: v8=0.505 | v14=0.430 | v22=0.455 | heuristic=0.460
  [league] opponents: ['self', 'iter_0001', 'iter_0001', 'v22_scripted']
  [pfsp]
    iter_0001: WR_ussr=0.54(n=1600) WR_us=0.46(n=1600) pfsp=0.502
    v22_scripted: WR_ussr=0.33(n=100) WR_us=0.22(n=100) pfsp=0.725
wandb: WARNING Tried to log to step 70 that is less than the current step 72. Steps must be monotonically increasing, so this data will be ignored. See https://wandb.me/define-metric to log data out of order.
  [diag] inf dtype=torch.float32 shape=torch.Size([2048, 172]) nan=0 inf_vals=0 range=[0.00,56.00]
  [diag] scalar dtype=torch.float32 nan=0 range=[-0.850,1.125]
  [diag] card_logits nan=0 range=[-21.00,14.33]
  [diag] values nan=0 range=[-0.9614,0.9153]
[iter  74/80] steps=13760 rollout_wr=0.385 (ussr=0.460 us=0.310) pl=-0.0166 vl=0.1064 ent=3.676 clip=0.129 kl=0.0051 t=29.3s (rollout=24.0s update=5.3s)
  [league] opponents: ['self', 'iter_0001', 'iter_0040', 'iter_0020']
  [pfsp]
    iter_0001: WR_ussr=0.54(n=1650) WR_us=0.45(n=1650) pfsp=0.507
    iter_0040: WR_ussr=0.61(n=475) WR_us=0.46(n=475) pfsp=0.467
    iter_0020: WR_ussr=0.56(n=800) WR_us=0.49(n=800) pfsp=0.471
  [diag] inf dtype=torch.float32 shape=torch.Size([2048, 172]) nan=0 inf_vals=0 range=[0.00,62.00]
  [diag] scalar dtype=torch.float32 nan=0 range=[-0.650,1.000]
  [diag] card_logits nan=0 range=[-20.96,14.10]
  [diag] values nan=0 range=[-0.9731,0.8617]
[iter  75/80] steps=13597 rollout_wr=0.475 (ussr=0.590 us=0.360) pl=-0.0155 vl=0.1177 ent=3.620 clip=0.116 kl=0.0039 t=25.0s (rollout=19.6s update=5.4s)
  [league] opponents: ['self', 'heuristic', 'iter_0050', 'iter_0010']
  [pfsp]
    heuristic: WR_ussr=0.84(n=25) WR_us=0.80(n=25) pfsp=0.180
    iter_0050: WR_ussr=0.60(n=150) WR_us=0.45(n=150) pfsp=0.477
    iter_0010: WR_ussr=0.57(n=1250) WR_us=0.44(n=1250) pfsp=0.496
  [diag] inf dtype=torch.float32 shape=torch.Size([2048, 172]) nan=0 inf_vals=0 range=[0.00,68.00]
  [diag] scalar dtype=torch.float32 nan=0 range=[-0.900,1.125]
  [diag] card_logits nan=0 range=[-21.41,13.82]
  [diag] values nan=0 range=[-0.9559,0.9189]
[iter  76/80] steps=14015 rollout_wr=0.525 (ussr=0.530 us=0.520) pl=-0.0171 vl=0.1048 ent=3.762 clip=0.131 kl=0.0061 t=30.4s (rollout=24.9s update=5.5s)
  [league] opponents: ['self', 'iter_0050', 'iter_0040', 'iter_0040']
  [pfsp]
    iter_0050: WR_ussr=0.59(n=175) WR_us=0.46(n=175) pfsp=0.471
    iter_0040: WR_ussr=0.61(n=500) WR_us=0.46(n=500) pfsp=0.462
  [diag] inf dtype=torch.float32 shape=torch.Size([2048, 172]) nan=0 inf_vals=0 range=[0.00,64.00]
  [diag] scalar dtype=torch.float32 nan=0 range=[-0.800,1.125]
  [diag] card_logits nan=0 range=[-21.68,14.05]
  [diag] values nan=0 range=[-0.8609,0.9347]
[iter  77/80] steps=14096 rollout_wr=0.550 (ussr=0.610 us=0.490) pl=-0.0177 vl=0.1114 ent=3.594 clip=0.149 kl=0.0053 t=27.0s (rollout=21.5s update=5.5s)
  [league] opponents: ['self', 'iter_0050', 'iter_0060', 'iter_0070']
  [pfsp]
    iter_0050: WR_ussr=0.58(n=200) WR_us=0.46(n=200) pfsp=0.480
    iter_0060: WR_ussr=0.55(n=75) WR_us=0.51(n=75) pfsp=0.473
    iter_0070: WR_ussr=0.60(n=50) WR_us=0.46(n=50) pfsp=0.470
  [diag] inf dtype=torch.float32 shape=torch.Size([2048, 172]) nan=0 inf_vals=0 range=[0.00,65.00]
  [diag] scalar dtype=torch.float32 nan=0 range=[-0.750,1.125]
  [diag] card_logits nan=0 range=[-22.65,14.80]
  [diag] values nan=0 range=[-0.9808,0.9443]
[iter  78/80] steps=14149 rollout_wr=0.490 (ussr=0.510 us=0.470) pl=-0.0161 vl=0.1077 ent=3.552 clip=0.127 kl=0.0054 t=26.1s (rollout=20.8s update=5.3s)
  [league] opponents: ['self', 'iter_0020', 'iter_0060', 'iter_0050']
  [pfsp]
    iter_0020: WR_ussr=0.56(n=825) WR_us=0.49(n=825) pfsp=0.475
    iter_0060: WR_ussr=0.54(n=100) WR_us=0.49(n=100) pfsp=0.485
    iter_0050: WR_ussr=0.57(n=225) WR_us=0.45(n=225) pfsp=0.489
  [diag] inf dtype=torch.float32 shape=torch.Size([2048, 172]) nan=0 inf_vals=0 range=[0.00,65.00]
  [diag] scalar dtype=torch.float32 nan=0 range=[-0.850,1.125]
  [diag] card_logits nan=0 range=[-21.31,14.99]
  [diag] values nan=0 range=[-0.9390,0.8962]
[iter  79/80] steps=13789 rollout_wr=0.515 (ussr=0.590 us=0.440) pl=-0.0154 vl=0.1082 ent=3.526 clip=0.129 kl=0.0057 t=28.2s (rollout=22.7s update=5.6s)
  Saved to league pool: data/checkpoints/ppo_v53_league/iter_0080.pt
  [league] opponents: ['self', 'iter_0001', 'iter_0070', 'iter_0080']
  [pfsp]
    iter_0001: WR_ussr=0.54(n=1675) WR_us=0.45(n=1675) pfsp=0.507
    iter_0070: WR_ussr=0.57(n=75) WR_us=0.51(n=75) pfsp=0.460
    iter_0080: WR_ussr=?(n=0) WR_us=?(n=0) pfsp=0.500
  [diag] inf dtype=torch.float32 shape=torch.Size([2048, 172]) nan=0 inf_vals=0 range=[0.00,65.00]
  [diag] scalar dtype=torch.float32 nan=0 range=[-0.800,1.000]
  [diag] card_logits nan=0 range=[-20.15,14.89]
  [diag] values nan=0 range=[-0.9440,0.9096]
[iter  80/80] steps=13862 rollout_wr=0.530 (ussr=0.610 us=0.450) pl=-0.0173 vl=0.1006 ent=3.569 clip=0.134 kl=0.0066 t=26.7s (rollout=21.2s update=5.5s)
  [panel eval] launched pid=241438 iter=80 panel=['v8', 'v14', 'v22', 'heuristic']
wandb: updating run metadata
wandb: uploading wandb-summary.json; uploading config.yaml; uploading output.log
wandb: 
wandb: Run history:
wandb:                 approx_kl ▃▁▃▂▆▄▄▆▇▇▅▅▅▄▅▅▂▃▄▅█▅█▆▆▄▇▃▃▃▄▂▆▆▆▄▆█▂▇
wandb:             clip_fraction ▅▁▄▃▄▂▄▄▃▇▄▄▅▅▃▄▃▃▅▇▇▅█▆▃▆▃▃▇▄▆▄▅▅▅▆▆▆▅▅
wandb:   core_scalar_weight_norm ▁▁▁▁▁▂▂▂▂▂▃▃▃▃▃▃▃▄▄▄▅▅▅▅▅▆▆▆▆▆▆▆▇▆▇█████
wandb:                  ent_coef ▁▁▁▁▁▁▁▁▁▁▁▁▁▁▁▁▁▁▁▁▁▁▁▁▁▁▁▁▁▁▁▁▁▁▁▁▁▁▁▁
wandb:                   entropy ██▇▇▇▇▆▇▆▇▇▆▇▆▆▅▆▆▇▅▆▆▆▅▅▅▄▄▄▄▃▃▃▃▂▃▂▂▅▁
wandb:               iter_time_s ▁▁▁▁▁▁█▆▂▂▂▆▅▃▂▆▆▄▂▂▂▅▅▂▂▆▃▂▂▂▃▂▂▃▂▅▇▃▂▂
wandb:                   n_steps ▃▂▃▅▂▂▃▄▄▅▅▇▆▃▄▅▅▄▅▄▆▅▁▆▆▆▅▆▅▆▂▆▆▆█▅▆▄▇▆
wandb:    new_scalar_weight_norm ▇██▇█▆▇█▆▅▆▆▆▆▇▅▅▆▅▅▅▃▄▆▇▇▆▅▆▇▃▂▂▂▁▆▄▃▄▅
wandb:               policy_loss ▄▄▂▅▃▅▅▄▅▄█▅▆▄▄▅▅▅▁▃▄▃▄▅▅▆▄▃▅▃▆▃▃▅▄▃▅▄▆▄
wandb: region_scalar_weight_norm ▂▁▂▂▃▃▂▂▂▂▂▂▃▂▃▃▃▃▃▄▄▄▅▅▅▅▅▅▅▅▆▆▆▆▇▇▇▇▇█
wandb:                       +88 ...
wandb: 
wandb: Run summary:
wandb:                 approx_kl 0.00662
wandb:             clip_fraction 0.13406
wandb:   core_scalar_weight_norm 4.06451
wandb:                  ent_coef 0.003
wandb:                   entropy 3.56933
wandb:               iter_time_s 26.68869
wandb:                   n_steps 13862
wandb:    new_scalar_weight_norm 2.70211
wandb:               policy_loss -0.01731
wandb: region_scalar_weight_norm 3.41041
wandb:                       +88 ...
wandb: 
wandb: 🚀 View run ppo_v53 at: https://wandb.ai/korduban-ai/twilight-struggle-ai/runs/3320a07c
wandb: ⭐️ View project at: https://wandb.ai/korduban-ai/twilight-struggle-ai
wandb: Synced 5 W&B file(s), 0 media file(s), 0 artifact file(s) and 0 other file(s)
wandb: Find logs at: ./wandb/run-20260410_225606-3320a07c/logs

Training complete in 43.1 minutes
Checkpoints in: data/checkpoints/ppo_v53_league
