wandb: [wandb.login()] Loaded credentials for https://api.wandb.ai from WANDB_API_KEY.
wandb: Currently logged in as: dkorduban (korduban-ai) to https://api.wandb.ai. Use `wandb login --relogin` to force relogin
wandb: setting up run x9flqniy
wandb: Tracking run with wandb version 0.25.1
wandb: Run data is saved locally in /home/dkord/code/twilight-struggle-ai/wandb/run-20260408_202134-x9flqniy
wandb: Run `wandb offline` to turn off syncing.
wandb: Syncing run ppo_v13
wandb: ⭐️ View project at https://wandb.ai/korduban-ai/twilight-struggle-ai
wandb: 🚀 View run at https://wandb.ai/korduban-ai/twilight-struggle-ai/runs/x9flqniy
Loading checkpoint: data/checkpoints/ppo_v12_league/ppo_best.pt

Starting PPO training: 200 iterations × 200 games/iter, side=both
Device: cuda, lr=2e-05, clip=0.12, ent=0.03, vf=0.5
League training enabled (pool: data/checkpoints/ppo_v13_league, save-every=20)
  Saved to league pool: data/checkpoints/ppo_v13_league/iter_0001.pt
  [diag] inf dtype=torch.float32 shape=torch.Size([2048, 172]) nan=0 inf_vals=0 range=[0.00,67.00]
  [diag] scalar dtype=torch.float32 nan=0 range=[-0.800,1.125]
  [diag] card_logits nan=0 range=[-11.94,11.21]
  [diag] values nan=0 range=[-0.9769,0.9498]
[iter   1/200] steps=12766 rollout_wr=0.350 (ussr=0.510 us=0.190) pl=-0.0112 vl=0.0782 ent=4.238 clip=0.082 kl=0.0024 t=27.6s (rollout=18.9s update=8.6s)
  [diag] inf dtype=torch.float32 shape=torch.Size([2048, 172]) nan=0 inf_vals=0 range=[0.00,49.00]
  [diag] scalar dtype=torch.float32 nan=0 range=[-0.750,1.125]
  [diag] card_logits nan=0 range=[-13.02,10.08]
  [diag] values nan=0 range=[-0.9725,0.9843]
[iter   2/200] steps=13118 rollout_wr=0.370 (ussr=0.550 us=0.190) pl=-0.0109 vl=0.0899 ent=4.186 clip=0.048 kl=0.0016 t=30.5s (rollout=22.1s update=8.4s)
  [diag] inf dtype=torch.float32 shape=torch.Size([2048, 172]) nan=0 inf_vals=0 range=[0.00,62.00]
  [diag] scalar dtype=torch.float32 nan=0 range=[-0.850,1.000]
  [diag] card_logits nan=0 range=[-11.72,10.98]
  [diag] values nan=0 range=[-0.9792,0.9763]
[iter   3/200] steps=12873 rollout_wr=0.380 (ussr=0.500 us=0.260) pl=-0.0086 vl=0.0992 ent=4.247 clip=0.094 kl=0.0026 t=31.6s (rollout=23.8s update=7.9s)
  [diag] inf dtype=torch.float32 shape=torch.Size([2048, 172]) nan=0 inf_vals=0 range=[0.00,55.00]
  [diag] scalar dtype=torch.float32 nan=0 range=[-0.800,1.000]
  [diag] card_logits nan=0 range=[-14.33,12.63]
  [diag] values nan=0 range=[-0.9662,0.9653]
[iter   4/200] steps=13219 rollout_wr=0.435 (ussr=0.610 us=0.260) pl=-0.0115 vl=0.0962 ent=4.198 clip=0.081 kl=0.0022 t=21.2s (rollout=13.6s update=7.5s)
  [diag] inf dtype=torch.float32 shape=torch.Size([2048, 172]) nan=0 inf_vals=0 range=[0.00,50.00]
  [diag] scalar dtype=torch.float32 nan=0 range=[-0.900,1.125]
  [diag] card_logits nan=0 range=[-13.22,11.57]
  [diag] values nan=0 range=[-0.9663,0.9708]
[iter   5/200] steps=12722 rollout_wr=0.385 (ussr=0.540 us=0.230) pl=-0.0105 vl=0.0961 ent=4.218 clip=0.059 kl=0.0019 t=19.9s (rollout=12.7s update=7.2s)
  [diag] inf dtype=torch.float32 shape=torch.Size([2048, 172]) nan=0 inf_vals=0 range=[0.00,50.00]
  [diag] scalar dtype=torch.float32 nan=0 range=[-0.800,1.125]
  [diag] card_logits nan=0 range=[-13.37,11.39]
  [diag] values nan=0 range=[-0.9687,0.9553]
[iter   6/200] steps=12585 rollout_wr=0.390 (ussr=0.580 us=0.200) pl=-0.0185 vl=0.0975 ent=4.231 clip=0.055 kl=0.0020 t=19.3s (rollout=12.6s update=6.7s)
  [diag] inf dtype=torch.float32 shape=torch.Size([2048, 172]) nan=0 inf_vals=0 range=[0.00,66.00]
  [diag] scalar dtype=torch.float32 nan=0 range=[-0.850,1.125]
  [diag] card_logits nan=0 range=[-13.70,10.47]
  [diag] values nan=0 range=[-0.9697,0.9542]
[iter   7/200] steps=13056 rollout_wr=0.390 (ussr=0.550 us=0.230) pl=-0.0098 vl=0.0994 ent=4.230 clip=0.051 kl=0.0016 t=20.1s (rollout=12.7s update=7.4s)
  [diag] inf dtype=torch.float32 shape=torch.Size([2048, 172]) nan=0 inf_vals=0 range=[0.00,70.00]
  [diag] scalar dtype=torch.float32 nan=0 range=[-0.700,1.000]
  [diag] card_logits nan=0 range=[-12.62,11.13]
  [diag] values nan=0 range=[-0.9692,0.9626]
[iter   8/200] steps=13153 rollout_wr=0.415 (ussr=0.660 us=0.170) pl=-0.0107 vl=0.0920 ent=4.254 clip=0.089 kl=0.0025 t=19.8s (rollout=12.4s update=7.4s)
  [diag] inf dtype=torch.float32 shape=torch.Size([2048, 172]) nan=0 inf_vals=0 range=[0.00,58.00]
  [diag] scalar dtype=torch.float32 nan=0 range=[-0.950,1.000]
  [diag] card_logits nan=0 range=[-11.53,11.53]
  [diag] values nan=0 range=[-0.9736,0.9663]
[iter   9/200] steps=12874 rollout_wr=0.350 (ussr=0.600 us=0.100) pl=-0.0157 vl=0.0767 ent=4.250 clip=0.053 kl=0.0017 t=19.6s (rollout=12.5s update=7.1s)
  [diag] inf dtype=torch.float32 shape=torch.Size([2048, 172]) nan=0 inf_vals=0 range=[0.00,47.00]
  [diag] scalar dtype=torch.float32 nan=0 range=[-0.750,1.000]
  [diag] card_logits nan=0 range=[-13.26,10.29]
  [diag] values nan=0 range=[-0.9779,0.9630]
[iter  10/200] steps=12907 rollout_wr=0.400 (ussr=0.570 us=0.230) pl=-0.0086 vl=0.0953 ent=4.271 clip=0.063 kl=0.0018 t=20.8s (rollout=13.5s update=7.4s)
  [diag] inf dtype=torch.float32 shape=torch.Size([2048, 172]) nan=0 inf_vals=0 range=[0.00,54.00]
  [diag] scalar dtype=torch.float32 nan=0 range=[-0.850,1.250]
  [diag] card_logits nan=0 range=[-12.99,11.57]
  [diag] values nan=0 range=[-0.9758,0.9698]
[iter  11/200] steps=12624 rollout_wr=0.360 (ussr=0.530 us=0.190) pl=-0.0148 vl=0.0908 ent=4.288 clip=0.073 kl=0.0024 t=19.9s (rollout=12.7s update=7.2s)
  [diag] inf dtype=torch.float32 shape=torch.Size([2048, 172]) nan=0 inf_vals=0 range=[0.00,58.00]
  [diag] scalar dtype=torch.float32 nan=0 range=[-0.850,1.125]
  [diag] card_logits nan=0 range=[-13.10,9.97]
  [diag] values nan=0 range=[-0.9741,0.9586]
[iter  12/200] steps=12702 rollout_wr=0.450 (ussr=0.580 us=0.320) pl=-0.0146 vl=0.1032 ent=4.293 clip=0.074 kl=0.0021 t=19.9s (rollout=12.8s update=7.1s)
  [diag] inf dtype=torch.float32 shape=torch.Size([2048, 172]) nan=0 inf_vals=0 range=[0.00,53.00]
  [diag] scalar dtype=torch.float32 nan=0 range=[-0.800,1.000]
  [diag] card_logits nan=0 range=[-12.54,10.81]
  [diag] values nan=0 range=[-0.9622,0.9619]
[iter  13/200] steps=13031 rollout_wr=0.370 (ussr=0.510 us=0.230) pl=-0.0107 vl=0.0826 ent=4.261 clip=0.060 kl=0.0020 t=20.3s (rollout=13.1s update=7.3s)
  [diag] inf dtype=torch.float32 shape=torch.Size([2048, 172]) nan=0 inf_vals=0 range=[0.00,55.00]
  [diag] scalar dtype=torch.float32 nan=0 range=[-0.850,1.000]
  [diag] card_logits nan=0 range=[-12.98,10.71]
  [diag] values nan=0 range=[-0.9606,0.9727]
[iter  14/200] steps=12603 rollout_wr=0.385 (ussr=0.560 us=0.210) pl=-0.0140 vl=0.0869 ent=4.281 clip=0.077 kl=0.0022 t=19.2s (rollout=12.2s update=7.0s)
  [diag] inf dtype=torch.float32 shape=torch.Size([2048, 172]) nan=0 inf_vals=0 range=[0.00,43.00]
  [diag] scalar dtype=torch.float32 nan=0 range=[-0.800,1.125]
  [diag] card_logits nan=0 range=[-11.77,12.07]
  [diag] values nan=0 range=[-0.9636,0.9583]
[iter  15/200] steps=12475 rollout_wr=0.395 (ussr=0.550 us=0.240) pl=-0.0123 vl=0.1038 ent=4.308 clip=0.092 kl=0.0026 t=19.5s (rollout=12.7s update=6.9s)
  [diag] inf dtype=torch.float32 shape=torch.Size([2048, 172]) nan=0 inf_vals=0 range=[0.00,51.00]
  [diag] scalar dtype=torch.float32 nan=0 range=[-0.950,1.125]
  [diag] card_logits nan=0 range=[-11.94,11.53]
  [diag] values nan=0 range=[-0.9643,0.9718]
[iter  16/200] steps=12894 rollout_wr=0.385 (ussr=0.560 us=0.210) pl=-0.0116 vl=0.0944 ent=4.313 clip=0.052 kl=0.0016 t=20.3s (rollout=12.6s update=7.7s)
  [diag] inf dtype=torch.float32 shape=torch.Size([2048, 172]) nan=0 inf_vals=0 range=[0.00,69.00]
  [diag] scalar dtype=torch.float32 nan=0 range=[-0.950,1.000]
  [diag] card_logits nan=0 range=[-15.01,10.55]
  [diag] values nan=0 range=[-0.7474,0.9155]
[iter  17/200] steps=11432 rollout_wr=0.780 (ussr=0.940 us=0.620) pl=-0.0133 vl=0.0966 ent=4.372 clip=0.100 kl=0.0029 t=24.3s (rollout=17.7s update=6.5s)
  [diag] inf dtype=torch.float32 shape=torch.Size([2048, 172]) nan=0 inf_vals=0 range=[0.00,67.00]
  [diag] scalar dtype=torch.float32 nan=0 range=[-0.850,1.125]
  [diag] card_logits nan=0 range=[-11.49,11.08]
  [diag] values nan=0 range=[-0.9747,0.9817]
[iter  18/200] steps=12589 rollout_wr=0.415 (ussr=0.630 us=0.200) pl=-0.0179 vl=0.0802 ent=4.307 clip=0.084 kl=0.0022 t=18.8s (rollout=12.3s update=6.5s)
  [diag] inf dtype=torch.float32 shape=torch.Size([2048, 172]) nan=0 inf_vals=0 range=[0.00,51.00]
  [diag] scalar dtype=torch.float32 nan=0 range=[-0.950,1.000]
  [diag] card_logits nan=0 range=[-15.99,10.94]
  [diag] values nan=0 range=[-0.9135,0.9638]
[iter  19/200] steps=11320 rollout_wr=0.770 (ussr=0.890 us=0.650) pl=-0.0119 vl=0.0956 ent=4.327 clip=0.096 kl=0.0027 t=24.6s (rollout=17.8s update=6.7s)
  Saved to league pool: data/checkpoints/ppo_v13_league/iter_0020.pt
  [diag] inf dtype=torch.float32 shape=torch.Size([2048, 172]) nan=0 inf_vals=0 range=[0.00,62.00]
  [diag] scalar dtype=torch.float32 nan=0 range=[-0.900,1.000]
  [diag] card_logits nan=0 range=[-13.59,10.97]
  [diag] values nan=0 range=[-0.9636,0.9850]
[iter  20/200] steps=12632 rollout_wr=0.385 (ussr=0.490 us=0.280) pl=-0.0067 vl=0.1090 ent=4.263 clip=0.099 kl=0.0029 t=19.0s (rollout=12.0s update=7.1s)
  [diag] inf dtype=torch.float32 shape=torch.Size([2048, 172]) nan=0 inf_vals=0 range=[0.00,78.00]
  [diag] scalar dtype=torch.float32 nan=0 range=[-0.950,1.125]
  [diag] card_logits nan=0 range=[-12.16,10.96]
  [diag] values nan=0 range=[-0.9729,0.9684]
[iter  21/200] steps=12908 rollout_wr=0.430 (ussr=0.590 us=0.270) pl=-0.0102 vl=0.1023 ent=4.318 clip=0.072 kl=0.0023 t=19.6s (rollout=12.8s update=6.8s)
  [diag] inf dtype=torch.float32 shape=torch.Size([2048, 172]) nan=0 inf_vals=0 range=[0.00,62.00]
  [diag] scalar dtype=torch.float32 nan=0 range=[-0.950,1.000]
  [diag] card_logits nan=0 range=[-12.25,11.45]
  [diag] values nan=0 range=[-0.9625,0.9443]
[iter  22/200] steps=12539 rollout_wr=0.445 (ussr=0.590 us=0.300) pl=-0.0110 vl=0.1018 ent=4.326 clip=0.055 kl=0.0016 t=19.4s (rollout=12.3s update=7.1s)
  [diag] inf dtype=torch.float32 shape=torch.Size([2048, 172]) nan=0 inf_vals=0 range=[0.00,50.00]
  [diag] scalar dtype=torch.float32 nan=0 range=[-0.900,1.125]
  [diag] card_logits nan=0 range=[-11.93,11.22]
  [diag] values nan=0 range=[-0.9542,0.9755]
[iter  23/200] steps=12593 rollout_wr=0.415 (ussr=0.600 us=0.230) pl=-0.0086 vl=0.0973 ent=4.265 clip=0.065 kl=0.0020 t=18.9s (rollout=11.6s update=7.3s)
  [diag] inf dtype=torch.float32 shape=torch.Size([2048, 172]) nan=0 inf_vals=0 range=[0.00,78.00]
  [diag] scalar dtype=torch.float32 nan=0 range=[-0.900,1.000]
  [diag] card_logits nan=0 range=[-13.24,12.16]
  [diag] values nan=0 range=[-0.9683,0.9722]
[iter  24/200] steps=12604 rollout_wr=0.365 (ussr=0.520 us=0.210) pl=-0.0143 vl=0.1050 ent=4.289 clip=0.064 kl=0.0022 t=19.7s (rollout=12.5s update=7.2s)
  [diag] inf dtype=torch.float32 shape=torch.Size([2048, 172]) nan=0 inf_vals=0 range=[0.00,53.00]
  [diag] scalar dtype=torch.float32 nan=0 range=[-0.800,1.125]
  [diag] card_logits nan=0 range=[-14.22,10.57]
  [diag] values nan=0 range=[-0.9713,0.9502]
[iter  25/200] steps=12860 rollout_wr=0.395 (ussr=0.550 us=0.240) pl=-0.0093 vl=0.0947 ent=4.338 clip=0.089 kl=0.0024 t=18.9s (rollout=11.8s update=7.1s)
  [diag] inf dtype=torch.float32 shape=torch.Size([2048, 172]) nan=0 inf_vals=0 range=[0.00,54.00]
  [diag] scalar dtype=torch.float32 nan=0 range=[-0.900,1.125]
  [diag] card_logits nan=0 range=[-12.66,11.43]
  [diag] values nan=0 range=[-0.9561,0.9651]
[iter  26/200] steps=12775 rollout_wr=0.395 (ussr=0.550 us=0.240) pl=-0.0111 vl=0.0969 ent=4.293 clip=0.059 kl=0.0019 t=18.7s (rollout=12.1s update=6.6s)
  [diag] inf dtype=torch.float32 shape=torch.Size([2048, 172]) nan=0 inf_vals=0 range=[0.00,58.00]
  [diag] scalar dtype=torch.float32 nan=0 range=[-0.750,1.125]
  [diag] card_logits nan=0 range=[-12.15,12.02]
  [diag] values nan=0 range=[-0.9461,0.9488]
[iter  27/200] steps=12705 rollout_wr=0.390 (ussr=0.510 us=0.270) pl=-0.0117 vl=0.1018 ent=4.325 clip=0.060 kl=0.0019 t=18.9s (rollout=12.1s update=6.8s)
  [diag] inf dtype=torch.float32 shape=torch.Size([2048, 172]) nan=0 inf_vals=0 range=[0.00,53.00]
  [diag] scalar dtype=torch.float32 nan=0 range=[-0.900,1.125]
  [diag] card_logits nan=0 range=[-12.31,10.55]
  [diag] values nan=0 range=[-0.9478,0.9608]
[iter  28/200] steps=12558 rollout_wr=0.405 (ussr=0.590 us=0.220) pl=-0.0093 vl=0.0932 ent=4.385 clip=0.057 kl=0.0017 t=19.2s (rollout=11.5s update=7.7s)
  [diag] inf dtype=torch.float32 shape=torch.Size([2048, 172]) nan=0 inf_vals=0 range=[0.00,59.00]
  [diag] scalar dtype=torch.float32 nan=0 range=[-0.900,1.125]
  [diag] card_logits nan=0 range=[-11.71,10.43]
  [diag] values nan=0 range=[-0.9701,0.9684]
[iter  29/200] steps=12999 rollout_wr=0.395 (ussr=0.520 us=0.270) pl=-0.0089 vl=0.0975 ent=4.340 clip=0.051 kl=0.0017 t=19.7s (rollout=12.5s update=7.2s)
  [diag] inf dtype=torch.float32 shape=torch.Size([2048, 172]) nan=0 inf_vals=0 range=[0.00,56.00]
  [diag] scalar dtype=torch.float32 nan=0 range=[-0.950,1.125]
  [diag] card_logits nan=0 range=[-11.64,11.75]
  [diag] values nan=0 range=[-0.9427,0.9432]
[iter  30/200] steps=12988 rollout_wr=0.370 (ussr=0.470 us=0.270) pl=-0.0125 vl=0.0891 ent=4.394 clip=0.066 kl=0.0020 t=19.2s (rollout=12.0s update=7.2s)
  [diag] inf dtype=torch.float32 shape=torch.Size([2048, 172]) nan=0 inf_vals=0 range=[0.00,51.00]
  [diag] scalar dtype=torch.float32 nan=0 range=[-0.750,1.000]
  [diag] card_logits nan=0 range=[-13.36,11.30]
  [diag] values nan=0 range=[-0.9460,0.9680]
[iter  31/200] steps=12920 rollout_wr=0.420 (ussr=0.520 us=0.320) pl=-0.0077 vl=0.1080 ent=4.330 clip=0.051 kl=0.0017 t=19.3s (rollout=12.1s update=7.2s)
  [diag] inf dtype=torch.float32 shape=torch.Size([2048, 172]) nan=0 inf_vals=0 range=[0.00,68.00]
  [diag] scalar dtype=torch.float32 nan=0 range=[-0.900,1.125]
  [diag] card_logits nan=0 range=[-15.31,11.08]
  [diag] values nan=0 range=[-0.9580,0.9656]
[iter  32/200] steps=12897 rollout_wr=0.395 (ussr=0.520 us=0.270) pl=-0.0110 vl=0.0954 ent=4.323 clip=0.050 kl=0.0016 t=20.0s (rollout=12.8s update=7.2s)
  [diag] inf dtype=torch.float32 shape=torch.Size([2048, 172]) nan=0 inf_vals=0 range=[0.00,61.00]
  [diag] scalar dtype=torch.float32 nan=0 range=[-0.800,1.000]
  [diag] card_logits nan=0 range=[-11.64,10.75]
  [diag] values nan=0 range=[-0.9619,0.9574]
[iter  33/200] steps=13163 rollout_wr=0.355 (ussr=0.470 us=0.240) pl=-0.0132 vl=0.0909 ent=4.306 clip=0.062 kl=0.0018 t=19.1s (rollout=11.8s update=7.3s)
  [diag] inf dtype=torch.float32 shape=torch.Size([2048, 172]) nan=0 inf_vals=0 range=[0.00,68.00]
  [diag] scalar dtype=torch.float32 nan=0 range=[-0.900,1.000]
  [diag] card_logits nan=0 range=[-12.15,10.88]
  [diag] values nan=0 range=[-0.9784,0.9475]
[iter  34/200] steps=12717 rollout_wr=0.375 (ussr=0.520 us=0.230) pl=-0.0114 vl=0.0996 ent=4.329 clip=0.056 kl=0.0019 t=19.1s (rollout=12.4s update=6.7s)
  [diag] inf dtype=torch.float32 shape=torch.Size([2048, 172]) nan=0 inf_vals=0 range=[0.00,56.00]
  [diag] scalar dtype=torch.float32 nan=0 range=[-0.850,1.125]
  [diag] card_logits nan=0 range=[-13.30,11.41]
  [diag] values nan=0 range=[-0.9721,0.9432]
[iter  35/200] steps=13082 rollout_wr=0.405 (ussr=0.510 us=0.300) pl=-0.0089 vl=0.0991 ent=4.349 clip=0.085 kl=0.0024 t=20.2s (rollout=12.8s update=7.4s)
  [diag] inf dtype=torch.float32 shape=torch.Size([2048, 172]) nan=0 inf_vals=0 range=[0.00,59.00]
  [diag] scalar dtype=torch.float32 nan=0 range=[-0.950,1.000]
  [diag] card_logits nan=0 range=[-15.18,11.20]
  [diag] values nan=0 range=[-0.9312,0.9462]
[iter  36/200] steps=11369 rollout_wr=0.775 (ussr=0.890 us=0.660) pl=-0.0111 vl=0.0980 ent=4.449 clip=0.094 kl=0.0028 t=24.1s (rollout=17.4s update=6.6s)
  [diag] inf dtype=torch.float32 shape=torch.Size([2048, 172]) nan=0 inf_vals=0 range=[0.00,57.00]
  [diag] scalar dtype=torch.float32 nan=0 range=[-0.950,1.125]
  [diag] card_logits nan=0 range=[-11.39,10.53]
  [diag] values nan=0 range=[-0.9271,0.9658]
[iter  37/200] steps=12768 rollout_wr=0.330 (ussr=0.450 us=0.210) pl=-0.0085 vl=0.1086 ent=4.350 clip=0.055 kl=0.0016 t=19.0s (rollout=12.3s update=6.7s)
  [diag] inf dtype=torch.float32 shape=torch.Size([2048, 172]) nan=0 inf_vals=0 range=[0.00,52.00]
  [diag] scalar dtype=torch.float32 nan=0 range=[-0.900,1.125]
  [diag] card_logits nan=0 range=[-13.62,10.77]
  [diag] values nan=0 range=[-0.9643,0.9651]
[iter  38/200] steps=12796 rollout_wr=0.350 (ussr=0.460 us=0.240) pl=-0.0139 vl=0.0995 ent=4.354 clip=0.057 kl=0.0027 t=19.2s (rollout=12.3s update=6.9s)
  [diag] inf dtype=torch.float32 shape=torch.Size([2048, 172]) nan=0 inf_vals=0 range=[0.00,56.00]
  [diag] scalar dtype=torch.float32 nan=0 range=[-0.850,1.125]
  [diag] card_logits nan=0 range=[-12.45,9.98]
  [diag] values nan=0 range=[-0.9682,0.9277]
[iter  39/200] steps=13171 rollout_wr=0.400 (ussr=0.520 us=0.280) pl=-0.0104 vl=0.0991 ent=4.282 clip=0.062 kl=0.0019 t=19.6s (rollout=12.3s update=7.3s)
  Saved to league pool: data/checkpoints/ppo_v13_league/iter_0040.pt
  [diag] inf dtype=torch.float32 shape=torch.Size([2048, 172]) nan=0 inf_vals=0 range=[0.00,62.00]
  [diag] scalar dtype=torch.float32 nan=0 range=[-0.800,1.125]
  [diag] card_logits nan=0 range=[-11.76,12.12]
  [diag] values nan=0 range=[-0.9608,0.9252]
[iter  40/200] steps=12823 rollout_wr=0.340 (ussr=0.460 us=0.220) pl=-0.0158 vl=0.1032 ent=4.325 clip=0.072 kl=0.0021 t=20.5s (rollout=12.9s update=7.6s)
  [diag] inf dtype=torch.float32 shape=torch.Size([2048, 172]) nan=0 inf_vals=0 range=[0.00,77.00]
  [diag] scalar dtype=torch.float32 nan=0 range=[-0.800,1.125]
  [diag] card_logits nan=0 range=[-12.17,9.86]
  [diag] values nan=0 range=[-0.9660,0.9716]
[iter  41/200] steps=13013 rollout_wr=0.365 (ussr=0.530 us=0.200) pl=-0.0090 vl=0.0897 ent=4.316 clip=0.060 kl=0.0018 t=19.1s (rollout=12.1s update=7.0s)
  [diag] inf dtype=torch.float32 shape=torch.Size([2048, 172]) nan=0 inf_vals=0 range=[0.00,53.00]
  [diag] scalar dtype=torch.float32 nan=0 range=[-0.800,1.125]
  [diag] card_logits nan=0 range=[-11.72,11.46]
  [diag] values nan=0 range=[-0.9641,0.9553]
[iter  42/200] steps=12578 rollout_wr=0.410 (ussr=0.600 us=0.220) pl=-0.0108 vl=0.0963 ent=4.310 clip=0.076 kl=0.0022 t=18.7s (rollout=12.4s update=6.3s)
  [diag] inf dtype=torch.float32 shape=torch.Size([2048, 172]) nan=0 inf_vals=0 range=[0.00,52.00]
  [diag] scalar dtype=torch.float32 nan=0 range=[-0.900,1.125]
  [diag] card_logits nan=0 range=[-14.24,10.09]
  [diag] values nan=0 range=[-0.9473,0.9650]
[iter  43/200] steps=12758 rollout_wr=0.385 (ussr=0.550 us=0.220) pl=-0.0131 vl=0.0991 ent=4.359 clip=0.063 kl=0.0020 t=19.4s (rollout=12.1s update=7.3s)
  [diag] inf dtype=torch.float32 shape=torch.Size([2048, 172]) nan=0 inf_vals=0 range=[0.00,68.00]
  [diag] scalar dtype=torch.float32 nan=0 range=[-0.950,1.000]
  [diag] card_logits nan=0 range=[-12.01,10.71]
  [diag] values nan=0 range=[-0.9633,0.9757]
[iter  44/200] steps=13081 rollout_wr=0.380 (ussr=0.490 us=0.270) pl=-0.0103 vl=0.1031 ent=4.352 clip=0.051 kl=0.0016 t=19.5s (rollout=12.1s update=7.3s)
  [diag] inf dtype=torch.float32 shape=torch.Size([2048, 172]) nan=0 inf_vals=0 range=[0.00,74.00]
  [diag] scalar dtype=torch.float32 nan=0 range=[-0.800,1.000]
  [diag] card_logits nan=0 range=[-11.25,9.95]
  [diag] values nan=0 range=[-0.9615,0.9685]
[iter  45/200] steps=12996 rollout_wr=0.375 (ussr=0.480 us=0.270) pl=-0.0124 vl=0.0947 ent=4.417 clip=0.072 kl=0.0020 t=19.7s (rollout=13.0s update=6.7s)
  [diag] inf dtype=torch.float32 shape=torch.Size([2048, 172]) nan=0 inf_vals=0 range=[0.00,59.00]
  [diag] scalar dtype=torch.float32 nan=0 range=[-0.850,1.000]
  [diag] card_logits nan=0 range=[-13.22,11.35]
  [diag] values nan=0 range=[-0.9347,0.9148]
[iter  46/200] steps=12871 rollout_wr=0.395 (ussr=0.490 us=0.300) pl=-0.0141 vl=0.1102 ent=4.385 clip=0.069 kl=0.0021 t=19.9s (rollout=12.6s update=7.3s)
  [diag] inf dtype=torch.float32 shape=torch.Size([2048, 172]) nan=0 inf_vals=0 range=[0.00,65.00]
  [diag] scalar dtype=torch.float32 nan=0 range=[-0.850,1.125]
  [diag] card_logits nan=0 range=[-12.22,12.32]
  [diag] values nan=0 range=[-0.9709,0.9423]
[iter  47/200] steps=13005 rollout_wr=0.470 (ussr=0.610 us=0.330) pl=-0.0103 vl=0.1057 ent=4.384 clip=0.078 kl=0.0024 t=19.3s (rollout=12.0s update=7.3s)
  [diag] inf dtype=torch.float32 shape=torch.Size([2048, 172]) nan=0 inf_vals=0 range=[0.00,88.00]
  [diag] scalar dtype=torch.float32 nan=0 range=[-0.900,1.125]
  [diag] card_logits nan=0 range=[-14.06,10.25]
  [diag] values nan=0 range=[-0.9564,0.9755]
[iter  48/200] steps=12749 rollout_wr=0.370 (ussr=0.480 us=0.260) pl=-0.0137 vl=0.0930 ent=4.347 clip=0.072 kl=0.0021 t=19.7s (rollout=12.5s update=7.2s)
  [diag] inf dtype=torch.float32 shape=torch.Size([2048, 172]) nan=0 inf_vals=0 range=[0.00,69.00]
  [diag] scalar dtype=torch.float32 nan=0 range=[-0.900,1.125]
  [diag] card_logits nan=0 range=[-12.00,10.36]
  [diag] values nan=0 range=[-0.9716,0.9690]
[iter  49/200] steps=12797 rollout_wr=0.375 (ussr=0.540 us=0.210) pl=-0.0121 vl=0.0930 ent=4.423 clip=0.043 kl=0.0015 t=19.3s (rollout=12.1s update=7.2s)
  [diag] inf dtype=torch.float32 shape=torch.Size([2048, 172]) nan=0 inf_vals=0 range=[0.00,56.00]
  [diag] scalar dtype=torch.float32 nan=0 range=[-0.950,1.000]
  [diag] card_logits nan=0 range=[-13.94,10.12]
  [diag] values nan=0 range=[-0.9482,0.9574]
[iter  50/200] steps=11944 rollout_wr=0.770 (ussr=0.890 us=0.650) pl=-0.0125 vl=0.0950 ent=4.425 clip=0.088 kl=0.0025 t=25.2s (rollout=18.5s update=6.7s)
  [diag] inf dtype=torch.float32 shape=torch.Size([2048, 172]) nan=0 inf_vals=0 range=[0.00,56.00]
  [diag] scalar dtype=torch.float32 nan=0 range=[-0.950,1.000]
  [diag] card_logits nan=0 range=[-11.69,10.10]
  [diag] values nan=0 range=[-0.9657,0.9641]
[iter  51/200] steps=13154 rollout_wr=0.435 (ussr=0.530 us=0.340) pl=-0.0095 vl=0.1008 ent=4.384 clip=0.061 kl=0.0019 t=20.4s (rollout=12.8s update=7.6s)
  [diag] inf dtype=torch.float32 shape=torch.Size([2048, 172]) nan=0 inf_vals=0 range=[0.00,52.00]
  [diag] scalar dtype=torch.float32 nan=0 range=[-0.667,1.125]
  [diag] card_logits nan=0 range=[-12.79,11.03]
  [diag] values nan=0 range=[-0.9655,0.9679]
[iter  52/200] steps=13202 rollout_wr=0.390 (ussr=0.540 us=0.240) pl=-0.0104 vl=0.1045 ent=4.385 clip=0.061 kl=0.0019 t=20.4s (rollout=12.5s update=7.9s)
  [diag] inf dtype=torch.float32 shape=torch.Size([2048, 172]) nan=0 inf_vals=0 range=[0.00,72.00]
  [diag] scalar dtype=torch.float32 nan=0 range=[-0.900,1.000]
  [diag] card_logits nan=0 range=[-12.38,9.86]
  [diag] values nan=0 range=[-0.9481,0.9502]
[iter  53/200] steps=13065 rollout_wr=0.355 (ussr=0.480 us=0.230) pl=-0.0110 vl=0.0925 ent=4.390 clip=0.052 kl=0.0020 t=19.3s (rollout=11.9s update=7.4s)
  [diag] inf dtype=torch.float32 shape=torch.Size([2048, 172]) nan=0 inf_vals=0 range=[0.00,82.00]
  [diag] scalar dtype=torch.float32 nan=0 range=[-0.950,1.000]
  [diag] card_logits nan=0 range=[-15.28,10.05]
  [diag] values nan=0 range=[-0.9150,0.9310]
[iter  54/200] steps=11686 rollout_wr=0.805 (ussr=0.930 us=0.680) pl=-0.0132 vl=0.0840 ent=4.484 clip=0.088 kl=0.0026 t=25.3s (rollout=18.6s update=6.7s)
  [diag] inf dtype=torch.float32 shape=torch.Size([2048, 172]) nan=0 inf_vals=0 range=[0.00,63.00]
  [diag] scalar dtype=torch.float32 nan=0 range=[-0.900,1.000]
  [diag] card_logits nan=0 range=[-11.69,9.43]
  [diag] values nan=0 range=[-0.9708,0.9401]
[iter  55/200] steps=13070 rollout_wr=0.415 (ussr=0.500 us=0.330) pl=-0.0115 vl=0.0936 ent=4.438 clip=0.089 kl=0.0025 t=20.3s (rollout=12.5s update=7.8s)
  [diag] inf dtype=torch.float32 shape=torch.Size([2048, 172]) nan=0 inf_vals=0 range=[0.00,59.00]
  [diag] scalar dtype=torch.float32 nan=0 range=[-0.950,1.000]
  [diag] card_logits nan=0 range=[-12.94,9.75]
  [diag] values nan=0 range=[-0.9636,0.9529]
[iter  56/200] steps=13086 rollout_wr=0.330 (ussr=0.410 us=0.250) pl=-0.0109 vl=0.1041 ent=4.385 clip=0.071 kl=0.0023 t=19.9s (rollout=12.7s update=7.2s)
  [diag] inf dtype=torch.float32 shape=torch.Size([2048, 172]) nan=0 inf_vals=0 range=[0.00,57.00]
  [diag] scalar dtype=torch.float32 nan=0 range=[-0.900,1.000]
  [diag] card_logits nan=0 range=[-13.21,11.45]
  [diag] values nan=0 range=[-0.9559,0.9494]
[iter  57/200] steps=12948 rollout_wr=0.385 (ussr=0.540 us=0.230) pl=-0.0132 vl=0.0988 ent=4.486 clip=0.065 kl=0.0019 t=20.4s (rollout=12.8s update=7.6s)
  [diag] inf dtype=torch.float32 shape=torch.Size([2048, 172]) nan=0 inf_vals=0 range=[0.00,60.00]
  [diag] scalar dtype=torch.float32 nan=0 range=[-0.900,1.000]
  [diag] card_logits nan=0 range=[-12.19,11.19]
  [diag] values nan=0 range=[-0.9603,0.9497]
[iter  58/200] steps=12426 rollout_wr=0.420 (ussr=0.570 us=0.270) pl=-0.0196 vl=0.1057 ent=4.445 clip=0.058 kl=0.0017 t=19.2s (rollout=11.9s update=7.3s)
  [diag] inf dtype=torch.float32 shape=torch.Size([2048, 172]) nan=0 inf_vals=0 range=[0.00,58.00]
  [diag] scalar dtype=torch.float32 nan=0 range=[-0.800,1.000]
  [diag] card_logits nan=0 range=[-13.60,9.99]
  [diag] values nan=0 range=[-0.9570,0.9552]
[iter  59/200] steps=13379 rollout_wr=0.360 (ussr=0.440 us=0.280) pl=-0.0104 vl=0.0933 ent=4.424 clip=0.062 kl=0.0020 t=20.6s (rollout=12.8s update=7.8s)
  Saved to league pool: data/checkpoints/ppo_v13_league/iter_0060.pt
  [diag] inf dtype=torch.float32 shape=torch.Size([2048, 172]) nan=0 inf_vals=0 range=[0.00,49.00]
  [diag] scalar dtype=torch.float32 nan=0 range=[-0.950,1.000]
  [diag] card_logits nan=0 range=[-15.21,10.36]
  [diag] values nan=0 range=[-0.8708,0.9431]
[iter  60/200] steps=11857 rollout_wr=0.765 (ussr=0.910 us=0.620) pl=-0.0124 vl=0.0864 ent=4.562 clip=0.087 kl=0.0026 t=25.0s (rollout=18.6s update=6.4s)
  [diag] inf dtype=torch.float32 shape=torch.Size([2048, 172]) nan=0 inf_vals=0 range=[0.00,69.00]
  [diag] scalar dtype=torch.float32 nan=0 range=[-0.850,1.000]
  [diag] card_logits nan=0 range=[-12.52,10.96]
  [diag] values nan=0 range=[-0.9556,0.8902]
[iter  61/200] steps=12879 rollout_wr=0.375 (ussr=0.510 us=0.240) pl=-0.0118 vl=0.1074 ent=4.404 clip=0.048 kl=0.0016 t=20.2s (rollout=12.9s update=7.2s)
  [diag] inf dtype=torch.float32 shape=torch.Size([2048, 172]) nan=0 inf_vals=0 range=[0.00,52.00]
  [diag] scalar dtype=torch.float32 nan=0 range=[-0.950,1.125]
  [diag] card_logits nan=0 range=[-12.08,10.03]
  [diag] values nan=0 range=[-0.9586,0.9562]
[iter  62/200] steps=12876 rollout_wr=0.335 (ussr=0.440 us=0.230) pl=-0.0144 vl=0.0952 ent=4.453 clip=0.070 kl=0.0020 t=19.3s (rollout=12.3s update=7.0s)
  [diag] inf dtype=torch.float32 shape=torch.Size([2048, 172]) nan=0 inf_vals=0 range=[0.00,57.00]
  [diag] scalar dtype=torch.float32 nan=0 range=[-0.950,1.000]
  [diag] card_logits nan=0 range=[-14.33,9.82]
  [diag] values nan=0 range=[-0.8780,0.9480]
[iter  63/200] steps=12131 rollout_wr=0.820 (ussr=0.880 us=0.760) pl=-0.0124 vl=0.0886 ent=4.479 clip=0.084 kl=0.0025 t=26.8s (rollout=19.4s update=7.4s)
  [diag] inf dtype=torch.float32 shape=torch.Size([2048, 172]) nan=0 inf_vals=0 range=[0.00,47.00]
  [diag] scalar dtype=torch.float32 nan=0 range=[-0.950,1.000]
  [diag] card_logits nan=0 range=[-14.62,10.86]
  [diag] values nan=0 range=[-0.9401,0.9519]
[iter  64/200] steps=11922 rollout_wr=0.775 (ussr=0.900 us=0.650) pl=-0.0122 vl=0.0883 ent=4.565 clip=0.093 kl=0.0030 t=26.0s (rollout=19.3s update=6.7s)
  [diag] inf dtype=torch.float32 shape=torch.Size([2048, 172]) nan=0 inf_vals=0 range=[0.00,72.00]
  [diag] scalar dtype=torch.float32 nan=0 range=[-0.850,1.125]
  [diag] card_logits nan=0 range=[-12.78,11.18]
  [diag] values nan=0 range=[-0.9452,0.9854]
[iter  65/200] steps=12962 rollout_wr=0.330 (ussr=0.480 us=0.180) pl=-0.0133 vl=0.0849 ent=4.423 clip=0.060 kl=0.0017 t=20.0s (rollout=12.3s update=7.7s)
  [diag] inf dtype=torch.float32 shape=torch.Size([2048, 172]) nan=0 inf_vals=0 range=[0.00,62.00]
  [diag] scalar dtype=torch.float32 nan=0 range=[-0.800,1.125]
  [diag] card_logits nan=0 range=[-12.67,11.03]
  [diag] values nan=0 range=[-0.9754,0.9802]
[iter  66/200] steps=12996 rollout_wr=0.395 (ussr=0.510 us=0.280) pl=-0.0135 vl=0.0974 ent=4.453 clip=0.084 kl=0.0027 t=19.7s (rollout=12.3s update=7.4s)
  [diag] inf dtype=torch.float32 shape=torch.Size([2048, 172]) nan=0 inf_vals=0 range=[0.00,62.00]
  [diag] scalar dtype=torch.float32 nan=0 range=[-0.800,1.125]
  [diag] card_logits nan=0 range=[-13.10,9.83]
  [diag] values nan=0 range=[-0.9705,0.9693]
[iter  67/200] steps=13431 rollout_wr=0.350 (ussr=0.400 us=0.300) pl=-0.0101 vl=0.0962 ent=4.430 clip=0.064 kl=0.0018 t=20.8s (rollout=13.1s update=7.7s)
  [diag] inf dtype=torch.float32 shape=torch.Size([2048, 172]) nan=0 inf_vals=0 range=[0.00,75.00]
  [diag] scalar dtype=torch.float32 nan=0 range=[-0.900,1.125]
  [diag] card_logits nan=0 range=[-12.41,10.29]
  [diag] values nan=0 range=[-0.9666,0.9520]
[iter  68/200] steps=12673 rollout_wr=0.455 (ussr=0.580 us=0.330) pl=-0.0070 vl=0.1092 ent=4.462 clip=0.061 kl=0.0020 t=19.7s (rollout=12.3s update=7.4s)
  [diag] inf dtype=torch.float32 shape=torch.Size([2048, 172]) nan=0 inf_vals=0 range=[0.00,59.00]
  [diag] scalar dtype=torch.float32 nan=0 range=[-0.800,1.125]
  [diag] card_logits nan=0 range=[-13.35,10.30]
  [diag] values nan=0 range=[-0.9646,0.9313]
[iter  69/200] steps=12709 rollout_wr=0.355 (ussr=0.470 us=0.240) pl=-0.0101 vl=0.1009 ent=4.467 clip=0.086 kl=0.0023 t=19.7s (rollout=12.8s update=6.9s)
  [diag] inf dtype=torch.float32 shape=torch.Size([2048, 172]) nan=0 inf_vals=0 range=[0.00,56.00]
  [diag] scalar dtype=torch.float32 nan=0 range=[-0.850,1.125]
  [diag] card_logits nan=0 range=[-12.71,10.41]
  [diag] values nan=0 range=[-0.9766,0.9361]
[iter  70/200] steps=13162 rollout_wr=0.330 (ussr=0.420 us=0.240) pl=-0.0095 vl=0.0978 ent=4.466 clip=0.056 kl=0.0019 t=20.8s (rollout=13.1s update=7.7s)
  [diag] inf dtype=torch.float32 shape=torch.Size([2048, 172]) nan=0 inf_vals=0 range=[0.00,64.00]
  [diag] scalar dtype=torch.float32 nan=0 range=[-0.850,1.000]
  [diag] card_logits nan=0 range=[-12.16,10.00]
  [diag] values nan=0 range=[-0.9681,0.9647]
[iter  71/200] steps=13125 rollout_wr=0.415 (ussr=0.470 us=0.360) pl=-0.0107 vl=0.1028 ent=4.451 clip=0.062 kl=0.0019 t=19.9s (rollout=12.4s update=7.5s)
  [diag] inf dtype=torch.float32 shape=torch.Size([2048, 172]) nan=0 inf_vals=0 range=[0.00,57.00]
  [diag] scalar dtype=torch.float32 nan=0 range=[-0.850,1.125]
  [diag] card_logits nan=0 range=[-12.02,10.70]
  [diag] values nan=0 range=[-0.9524,0.9489]
[iter  72/200] steps=12410 rollout_wr=0.395 (ussr=0.600 us=0.190) pl=-0.0026 vl=0.0976 ent=4.489 clip=0.074 kl=0.0022 t=18.9s (rollout=12.4s update=6.5s)
  [diag] inf dtype=torch.float32 shape=torch.Size([2048, 172]) nan=0 inf_vals=0 range=[0.00,63.00]
  [diag] scalar dtype=torch.float32 nan=0 range=[-0.950,1.000]
  [diag] card_logits nan=0 range=[-15.17,10.81]
  [diag] values nan=0 range=[-0.9127,0.9590]
[iter  73/200] steps=11375 rollout_wr=0.800 (ussr=0.910 us=0.690) pl=-0.0110 vl=0.0919 ent=4.510 clip=0.096 kl=0.0028 t=24.8s (rollout=18.3s update=6.4s)
  [diag] inf dtype=torch.float32 shape=torch.Size([2048, 172]) nan=0 inf_vals=0 range=[0.00,52.00]
  [diag] scalar dtype=torch.float32 nan=0 range=[-0.800,1.125]
  [diag] card_logits nan=0 range=[-13.28,10.82]
  [diag] values nan=0 range=[-0.9703,0.9610]
[iter  74/200] steps=13092 rollout_wr=0.390 (ussr=0.490 us=0.290) pl=-0.0100 vl=0.0980 ent=4.440 clip=0.078 kl=0.0022 t=20.6s (rollout=12.5s update=8.0s)
  [diag] inf dtype=torch.float32 shape=torch.Size([2048, 172]) nan=0 inf_vals=0 range=[0.00,56.00]
  [diag] scalar dtype=torch.float32 nan=0 range=[-0.950,1.000]
  [diag] card_logits nan=0 range=[-14.71,10.54]
  [diag] values nan=0 range=[-0.9171,0.9687]
[iter  75/200] steps=11757 rollout_wr=0.755 (ussr=0.870 us=0.640) pl=-0.0124 vl=0.0970 ent=4.516 clip=0.105 kl=0.0030 t=24.9s (rollout=18.1s update=6.8s)
  [diag] inf dtype=torch.float32 shape=torch.Size([2048, 172]) nan=0 inf_vals=0 range=[0.00,51.00]
  [diag] scalar dtype=torch.float32 nan=0 range=[-0.850,1.125]
  [diag] card_logits nan=0 range=[-12.22,11.21]
  [diag] values nan=0 range=[-0.9617,0.9873]
[iter  76/200] steps=13129 rollout_wr=0.390 (ussr=0.500 us=0.280) pl=-0.0091 vl=0.1127 ent=4.431 clip=0.067 kl=0.0024 t=20.7s (rollout=13.1s update=7.6s)
  [diag] inf dtype=torch.float32 shape=torch.Size([2048, 172]) nan=0 inf_vals=0 range=[0.00,59.00]
  [diag] scalar dtype=torch.float32 nan=0 range=[-0.750,1.000]
  [diag] card_logits nan=0 range=[-12.91,12.11]
  [diag] values nan=0 range=[-0.9611,0.9680]
[iter  77/200] steps=13085 rollout_wr=0.400 (ussr=0.510 us=0.290) pl=-0.0130 vl=0.1017 ent=4.430 clip=0.077 kl=0.0022 t=20.1s (rollout=12.4s update=7.8s)
  [diag] inf dtype=torch.float32 shape=torch.Size([2048, 172]) nan=0 inf_vals=0 range=[0.00,58.00]
  [diag] scalar dtype=torch.float32 nan=0 range=[-0.900,1.125]
  [diag] card_logits nan=0 range=[-12.50,11.09]
  [diag] values nan=0 range=[-0.9664,0.9604]
[iter  78/200] steps=12432 rollout_wr=0.380 (ussr=0.490 us=0.270) pl=-0.0161 vl=0.1059 ent=4.475 clip=0.060 kl=0.0018 t=19.2s (rollout=12.2s update=7.0s)
  [diag] inf dtype=torch.float32 shape=torch.Size([2048, 172]) nan=0 inf_vals=0 range=[0.00,79.00]
  [diag] scalar dtype=torch.float32 nan=0 range=[-0.950,1.000]
  [diag] card_logits nan=0 range=[-13.09,10.31]
  [diag] values nan=0 range=[-0.9509,0.9437]
[iter  79/200] steps=13132 rollout_wr=0.320 (ussr=0.440 us=0.200) pl=-0.0107 vl=0.0864 ent=4.521 clip=0.054 kl=0.0017 t=21.0s (rollout=13.5s update=7.6s)
  Saved to league pool: data/checkpoints/ppo_v13_league/iter_0080.pt
  [diag] inf dtype=torch.float32 shape=torch.Size([2048, 172]) nan=0 inf_vals=0 range=[0.00,69.00]
  [diag] scalar dtype=torch.float32 nan=0 range=[-0.950,1.125]
  [diag] card_logits nan=0 range=[-13.57,9.80]
  [diag] values nan=0 range=[-0.9601,0.9608]
[iter  80/200] steps=13421 rollout_wr=0.370 (ussr=0.460 us=0.280) pl=-0.0107 vl=0.0951 ent=4.467 clip=0.049 kl=0.0016 t=21.0s (rollout=13.2s update=7.8s)
  [diag] inf dtype=torch.float32 shape=torch.Size([2048, 172]) nan=0 inf_vals=0 range=[0.00,50.00]
  [diag] scalar dtype=torch.float32 nan=0 range=[-0.800,1.125]
  [diag] card_logits nan=0 range=[-13.46,10.05]
  [diag] values nan=0 range=[-0.9625,0.9543]
[iter  81/200] steps=12654 rollout_wr=0.380 (ussr=0.530 us=0.230) pl=-0.0104 vl=0.0973 ent=4.499 clip=0.051 kl=0.0015 t=19.5s (rollout=12.8s update=6.7s)
  [diag] inf dtype=torch.float32 shape=torch.Size([2048, 172]) nan=0 inf_vals=0 range=[0.00,71.00]
  [diag] scalar dtype=torch.float32 nan=0 range=[-0.950,1.125]
  [diag] card_logits nan=0 range=[-14.17,9.79]
  [diag] values nan=0 range=[-0.9732,0.9551]
[iter  82/200] steps=13116 rollout_wr=0.370 (ussr=0.410 us=0.330) pl=-0.0124 vl=0.0983 ent=4.478 clip=0.071 kl=0.0020 t=20.9s (rollout=13.2s update=7.7s)
  [diag] inf dtype=torch.float32 shape=torch.Size([2048, 172]) nan=0 inf_vals=0 range=[0.00,52.00]
  [diag] scalar dtype=torch.float32 nan=0 range=[-0.800,1.125]
  [diag] card_logits nan=0 range=[-12.34,11.09]
  [diag] values nan=0 range=[-0.9746,0.9411]
[iter  83/200] steps=13252 rollout_wr=0.415 (ussr=0.470 us=0.360) pl=-0.0137 vl=0.0983 ent=4.473 clip=0.104 kl=0.0028 t=20.4s (rollout=12.9s update=7.5s)
  [diag] inf dtype=torch.float32 shape=torch.Size([2048, 172]) nan=0 inf_vals=0 range=[0.00,51.00]
  [diag] scalar dtype=torch.float32 nan=0 range=[-0.900,1.125]
  [diag] card_logits nan=0 range=[-12.70,9.90]
  [diag] values nan=0 range=[-0.9599,0.9656]
[iter  84/200] steps=13532 rollout_wr=0.405 (ussr=0.550 us=0.260) pl=-0.0126 vl=0.0923 ent=4.470 clip=0.077 kl=0.0022 t=20.9s (rollout=14.0s update=6.9s)
  [diag] inf dtype=torch.float32 shape=torch.Size([2048, 172]) nan=0 inf_vals=0 range=[0.00,46.00]
  [diag] scalar dtype=torch.float32 nan=0 range=[-0.900,1.125]
  [diag] card_logits nan=0 range=[-12.13,9.52]
  [diag] values nan=0 range=[-0.9553,0.9691]
[iter  85/200] steps=12975 rollout_wr=0.375 (ussr=0.500 us=0.250) pl=-0.0133 vl=0.0986 ent=4.512 clip=0.077 kl=0.0023 t=21.6s (rollout=13.7s update=7.9s)
  [diag] inf dtype=torch.float32 shape=torch.Size([2048, 172]) nan=0 inf_vals=0 range=[0.00,69.00]
  [diag] scalar dtype=torch.float32 nan=0 range=[-0.850,1.125]
  [diag] card_logits nan=0 range=[-13.13,10.58]
  [diag] values nan=0 range=[-0.9588,0.9589]
[iter  86/200] steps=13135 rollout_wr=0.390 (ussr=0.480 us=0.300) pl=-0.0116 vl=0.1031 ent=4.465 clip=0.050 kl=0.0018 t=21.2s (rollout=13.0s update=8.1s)
  [diag] inf dtype=torch.float32 shape=torch.Size([2048, 172]) nan=0 inf_vals=0 range=[0.00,53.00]
  [diag] scalar dtype=torch.float32 nan=0 range=[-0.950,1.000]
  [diag] card_logits nan=0 range=[-14.84,9.70]
  [diag] values nan=0 range=[-0.9099,0.9169]
[iter  87/200] steps=12112 rollout_wr=0.695 (ussr=0.760 us=0.630) pl=-0.0133 vl=0.1037 ent=4.562 clip=0.108 kl=0.0031 t=26.1s (rollout=19.1s update=7.0s)
  [diag] inf dtype=torch.float32 shape=torch.Size([2048, 172]) nan=0 inf_vals=0 range=[0.00,62.00]
  [diag] scalar dtype=torch.float32 nan=0 range=[-0.800,1.000]
  [diag] card_logits nan=0 range=[-13.85,10.19]
  [diag] values nan=0 range=[-0.9525,0.9608]
[iter  88/200] steps=12837 rollout_wr=0.340 (ussr=0.470 us=0.210) pl=-0.0082 vl=0.0981 ent=4.494 clip=0.052 kl=0.0017 t=20.1s (rollout=13.0s update=7.1s)
  [diag] inf dtype=torch.float32 shape=torch.Size([2048, 172]) nan=0 inf_vals=0 range=[0.00,56.00]
  [diag] scalar dtype=torch.float32 nan=0 range=[-0.900,1.125]
  [diag] card_logits nan=0 range=[-14.67,9.92]
  [diag] values nan=0 range=[-0.9593,0.9450]
[iter  89/200] steps=13022 rollout_wr=0.405 (ussr=0.550 us=0.260) pl=-0.0118 vl=0.0979 ent=4.461 clip=0.071 kl=0.0022 t=20.8s (rollout=13.4s update=7.4s)
  [diag] inf dtype=torch.float32 shape=torch.Size([2048, 172]) nan=0 inf_vals=0 range=[0.00,66.00]
  [diag] scalar dtype=torch.float32 nan=0 range=[-0.950,1.000]
  [diag] card_logits nan=0 range=[-14.05,10.54]
  [diag] values nan=0 range=[-0.9464,0.9311]
[iter  90/200] steps=12121 rollout_wr=0.750 (ussr=0.860 us=0.640) pl=-0.0125 vl=0.0939 ent=4.582 clip=0.060 kl=0.0019 t=26.1s (rollout=19.1s update=7.0s)
  [diag] inf dtype=torch.float32 shape=torch.Size([2048, 172]) nan=0 inf_vals=0 range=[0.00,50.00]
  [diag] scalar dtype=torch.float32 nan=0 range=[-0.950,1.125]
  [diag] card_logits nan=0 range=[-12.36,10.03]
  [diag] values nan=0 range=[-0.9608,0.9491]
[iter  91/200] steps=13132 rollout_wr=0.425 (ussr=0.520 us=0.330) pl=-0.0113 vl=0.0939 ent=4.490 clip=0.083 kl=0.0025 t=20.6s (rollout=13.7s update=7.0s)
  [diag] inf dtype=torch.float32 shape=torch.Size([2048, 172]) nan=0 inf_vals=0 range=[0.00,55.00]
  [diag] scalar dtype=torch.float32 nan=0 range=[-0.800,1.000]
  [diag] card_logits nan=0 range=[-12.44,9.57]
  [diag] values nan=0 range=[-0.9530,0.9570]
[iter  92/200] steps=12913 rollout_wr=0.400 (ussr=0.510 us=0.290) pl=-0.0117 vl=0.0993 ent=4.536 clip=0.063 kl=0.0020 t=20.7s (rollout=13.2s update=7.5s)
  [diag] inf dtype=torch.float32 shape=torch.Size([2048, 172]) nan=0 inf_vals=0 range=[0.00,81.00]
  [diag] scalar dtype=torch.float32 nan=0 range=[-0.950,1.125]
  [diag] card_logits nan=0 range=[-12.00,11.15]
  [diag] values nan=0 range=[-0.9778,0.9592]
[iter  93/200] steps=12718 rollout_wr=0.345 (ussr=0.430 us=0.260) pl=-0.0122 vl=0.0982 ent=4.532 clip=0.074 kl=0.0022 t=19.9s (rollout=12.5s update=7.4s)
  [diag] inf dtype=torch.float32 shape=torch.Size([2048, 172]) nan=0 inf_vals=0 range=[0.00,46.00]
  [diag] scalar dtype=torch.float32 nan=0 range=[-0.950,1.000]
  [diag] card_logits nan=0 range=[-13.96,10.10]
  [diag] values nan=0 range=[-0.9649,0.9461]
[iter  94/200] steps=11954 rollout_wr=0.770 (ussr=0.850 us=0.690) pl=-0.0121 vl=0.0982 ent=4.568 clip=0.087 kl=0.0026 t=25.4s (rollout=18.5s update=6.9s)
  [diag] inf dtype=torch.float32 shape=torch.Size([2048, 172]) nan=0 inf_vals=0 range=[0.00,63.00]
  [diag] scalar dtype=torch.float32 nan=0 range=[-0.850,1.125]
  [diag] card_logits nan=0 range=[-12.09,11.21]
  [diag] values nan=0 range=[-0.9685,0.9604]
[iter  95/200] steps=13238 rollout_wr=0.380 (ussr=0.500 us=0.260) pl=-0.0126 vl=0.1036 ent=4.473 clip=0.060 kl=0.0019 t=20.5s (rollout=13.2s update=7.3s)
  [diag] inf dtype=torch.float32 shape=torch.Size([2048, 172]) nan=0 inf_vals=0 range=[0.00,48.00]
  [diag] scalar dtype=torch.float32 nan=0 range=[-0.850,1.000]
  [diag] card_logits nan=0 range=[-11.95,10.33]
  [diag] values nan=0 range=[-0.9709,0.9483]
[iter  96/200] steps=12942 rollout_wr=0.440 (ussr=0.590 us=0.290) pl=-0.0113 vl=0.1064 ent=4.462 clip=0.101 kl=0.0029 t=20.9s (rollout=13.1s update=7.8s)
  [diag] inf dtype=torch.float32 shape=torch.Size([2048, 172]) nan=0 inf_vals=0 range=[0.00,57.00]
  [diag] scalar dtype=torch.float32 nan=0 range=[-0.750,1.125]
  [diag] card_logits nan=0 range=[-12.67,9.79]
  [diag] values nan=0 range=[-0.9650,0.9587]
[iter  97/200] steps=13511 rollout_wr=0.415 (ussr=0.460 us=0.370) pl=-0.0122 vl=0.0995 ent=4.470 clip=0.084 kl=0.0024 t=20.6s (rollout=13.1s update=7.5s)
  [diag] inf dtype=torch.float32 shape=torch.Size([2048, 172]) nan=0 inf_vals=0 range=[0.00,45.00]
  [diag] scalar dtype=torch.float32 nan=0 range=[-0.800,1.125]
  [diag] card_logits nan=0 range=[-12.66,11.13]
  [diag] values nan=0 range=[-0.9542,0.9652]
[iter  98/200] steps=13090 rollout_wr=0.380 (ussr=0.460 us=0.300) pl=-0.0101 vl=0.0967 ent=4.402 clip=0.050 kl=0.0016 t=20.4s (rollout=13.2s update=7.2s)
  [diag] inf dtype=torch.float32 shape=torch.Size([2048, 172]) nan=0 inf_vals=0 range=[0.00,49.00]
  [diag] scalar dtype=torch.float32 nan=0 range=[-0.900,1.125]
  [diag] card_logits nan=0 range=[-12.25,10.53]
  [diag] values nan=0 range=[-0.9678,0.9293]
[iter  99/200] steps=12652 rollout_wr=0.395 (ussr=0.560 us=0.230) pl=-0.0092 vl=0.0943 ent=4.516 clip=0.055 kl=0.0017 t=20.0s (rollout=12.4s update=7.6s)
  Saved to league pool: data/checkpoints/ppo_v13_league/iter_0100.pt
  [diag] inf dtype=torch.float32 shape=torch.Size([2048, 172]) nan=0 inf_vals=0 range=[0.00,66.00]
  [diag] scalar dtype=torch.float32 nan=0 range=[-0.900,1.125]
  [diag] card_logits nan=0 range=[-13.82,9.82]
  [diag] values nan=0 range=[-0.9600,0.9597]
[iter 100/200] steps=13551 rollout_wr=0.375 (ussr=0.460 us=0.290) pl=-0.0113 vl=0.0974 ent=4.507 clip=0.042 kl=0.0016 t=20.7s (rollout=13.7s update=7.0s)
  [diag] inf dtype=torch.float32 shape=torch.Size([2048, 172]) nan=0 inf_vals=0 range=[0.00,60.00]
  [diag] scalar dtype=torch.float32 nan=0 range=[-0.950,1.125]
  [diag] card_logits nan=0 range=[-12.26,11.02]
  [diag] values nan=0 range=[-0.9692,0.9772]
[iter 101/200] steps=13237 rollout_wr=0.385 (ussr=0.490 us=0.280) pl=-0.0118 vl=0.0982 ent=4.468 clip=0.078 kl=0.0022 t=21.4s (rollout=13.9s update=7.5s)
  [diag] inf dtype=torch.float32 shape=torch.Size([2048, 172]) nan=0 inf_vals=0 range=[0.00,59.00]
  [diag] scalar dtype=torch.float32 nan=0 range=[-0.950,1.125]
  [diag] card_logits nan=0 range=[-13.12,10.82]
  [diag] values nan=0 range=[-0.9648,0.9651]
[iter 102/200] steps=12721 rollout_wr=0.410 (ussr=0.490 us=0.330) pl=-0.0129 vl=0.0959 ent=4.458 clip=0.067 kl=0.0020 t=19.7s (rollout=12.2s update=7.5s)
  [diag] inf dtype=torch.float32 shape=torch.Size([2048, 172]) nan=0 inf_vals=0 range=[0.00,59.00]
  [diag] scalar dtype=torch.float32 nan=0 range=[-0.800,1.125]
  [diag] card_logits nan=0 range=[-12.78,10.53]
  [diag] values nan=0 range=[-0.9657,0.9442]
[iter 103/200] steps=13048 rollout_wr=0.350 (ussr=0.440 us=0.260) pl=-0.0109 vl=0.1081 ent=4.475 clip=0.067 kl=0.0021 t=20.1s (rollout=13.1s update=6.9s)
  [diag] inf dtype=torch.float32 shape=torch.Size([2048, 172]) nan=0 inf_vals=0 range=[0.00,60.00]
  [diag] scalar dtype=torch.float32 nan=0 range=[-0.950,1.000]
  [diag] card_logits nan=0 range=[-12.55,10.79]
  [diag] values nan=0 range=[-0.9750,0.9777]
[iter 104/200] steps=12703 rollout_wr=0.355 (ussr=0.420 us=0.290) pl=-0.0131 vl=0.0959 ent=4.447 clip=0.052 kl=0.0018 t=20.2s (rollout=12.9s update=7.3s)
  [diag] inf dtype=torch.float32 shape=torch.Size([2048, 172]) nan=0 inf_vals=0 range=[0.00,58.00]
  [diag] scalar dtype=torch.float32 nan=0 range=[-0.900,1.000]
  [diag] card_logits nan=0 range=[-12.30,9.47]
  [diag] values nan=0 range=[-0.9663,0.9336]
[iter 105/200] steps=12627 rollout_wr=0.355 (ussr=0.450 us=0.260) pl=-0.0114 vl=0.0942 ent=4.458 clip=0.057 kl=0.0018 t=19.5s (rollout=12.4s update=7.1s)
  [diag] inf dtype=torch.float32 shape=torch.Size([2048, 172]) nan=0 inf_vals=0 range=[0.00,61.00]
  [diag] scalar dtype=torch.float32 nan=0 range=[-0.750,1.125]
  [diag] card_logits nan=0 range=[-12.86,9.40]
  [diag] values nan=0 range=[-0.9520,0.9686]
[iter 106/200] steps=12885 rollout_wr=0.375 (ussr=0.510 us=0.240) pl=-0.0117 vl=0.0990 ent=4.464 clip=0.072 kl=0.0021 t=20.5s (rollout=13.3s update=7.2s)
  [diag] inf dtype=torch.float32 shape=torch.Size([2048, 172]) nan=0 inf_vals=0 range=[0.00,52.00]
  [diag] scalar dtype=torch.float32 nan=0 range=[-0.900,1.125]
  [diag] card_logits nan=0 range=[-13.09,10.07]
  [diag] values nan=0 range=[-0.9717,0.9748]
[iter 107/200] steps=13431 rollout_wr=0.340 (ussr=0.420 us=0.260) pl=-0.0116 vl=0.0929 ent=4.431 clip=0.059 kl=0.0019 t=20.7s (rollout=13.2s update=7.5s)
  [diag] inf dtype=torch.float32 shape=torch.Size([2048, 172]) nan=0 inf_vals=0 range=[0.00,46.00]
  [diag] scalar dtype=torch.float32 nan=0 range=[-0.900,1.250]
  [diag] card_logits nan=0 range=[-12.45,10.46]
  [diag] values nan=0 range=[-0.9573,0.9626]
[iter 108/200] steps=12914 rollout_wr=0.435 (ussr=0.570 us=0.300) pl=-0.0131 vl=0.1033 ent=4.447 clip=0.068 kl=0.0020 t=21.1s (rollout=13.3s update=7.8s)
  [diag] inf dtype=torch.float32 shape=torch.Size([2048, 172]) nan=0 inf_vals=0 range=[0.00,62.00]
  [diag] scalar dtype=torch.float32 nan=0 range=[-0.900,1.125]
  [diag] card_logits nan=0 range=[-11.93,9.22]
  [diag] values nan=0 range=[-0.9732,0.9610]
[iter 109/200] steps=13133 rollout_wr=0.335 (ussr=0.480 us=0.190) pl=-0.0099 vl=0.1009 ent=4.375 clip=0.077 kl=0.0022 t=19.8s (rollout=12.5s update=7.2s)
  [diag] inf dtype=torch.float32 shape=torch.Size([2048, 172]) nan=0 inf_vals=0 range=[0.00,63.00]
  [diag] scalar dtype=torch.float32 nan=0 range=[-0.900,1.125]
  [diag] card_logits nan=0 range=[-11.76,9.96]
  [diag] values nan=0 range=[-0.9754,0.9684]
[iter 110/200] steps=13056 rollout_wr=0.455 (ussr=0.590 us=0.320) pl=-0.0101 vl=0.0998 ent=4.342 clip=0.065 kl=0.0018 t=19.9s (rollout=12.5s update=7.4s)
  [diag] inf dtype=torch.float32 shape=torch.Size([2048, 172]) nan=0 inf_vals=0 range=[0.00,57.00]
  [diag] scalar dtype=torch.float32 nan=0 range=[-0.800,1.125]
  [diag] card_logits nan=0 range=[-12.31,9.86]
  [diag] values nan=0 range=[-0.9652,0.9607]
[iter 111/200] steps=13143 rollout_wr=0.430 (ussr=0.510 us=0.350) pl=-0.0120 vl=0.1084 ent=4.370 clip=0.066 kl=0.0020 t=21.2s (rollout=13.2s update=8.0s)
  [diag] inf dtype=torch.float32 shape=torch.Size([2048, 172]) nan=0 inf_vals=0 range=[0.00,50.00]
  [diag] scalar dtype=torch.float32 nan=0 range=[-0.950,1.125]
  [diag] card_logits nan=0 range=[-13.81,10.24]
  [diag] values nan=0 range=[-0.9032,0.9148]
[iter 112/200] steps=11951 rollout_wr=0.750 (ussr=0.840 us=0.660) pl=-0.0127 vl=0.0925 ent=4.493 clip=0.074 kl=0.0023 t=25.7s (rollout=18.8s update=6.8s)
  [diag] inf dtype=torch.float32 shape=torch.Size([2048, 172]) nan=0 inf_vals=0 range=[0.00,59.00]
  [diag] scalar dtype=torch.float32 nan=0 range=[-0.950,1.000]
  [diag] card_logits nan=0 range=[-14.99,11.46]
  [diag] values nan=0 range=[-0.9084,0.9216]
[iter 113/200] steps=12123 rollout_wr=0.750 (ussr=0.830 us=0.670) pl=-0.0142 vl=0.0881 ent=4.470 clip=0.110 kl=0.0034 t=26.4s (rollout=19.0s update=7.3s)
  [diag] inf dtype=torch.float32 shape=torch.Size([2048, 172]) nan=0 inf_vals=0 range=[0.00,60.00]
  [diag] scalar dtype=torch.float32 nan=0 range=[-0.850,1.000]
  [diag] card_logits nan=0 range=[-11.70,10.07]
  [diag] values nan=0 range=[-0.9579,0.9714]
[iter 114/200] steps=13066 rollout_wr=0.375 (ussr=0.480 us=0.270) pl=-0.0135 vl=0.1097 ent=4.351 clip=0.064 kl=0.0019 t=19.8s (rollout=12.8s update=7.0s)
  [diag] inf dtype=torch.float32 shape=torch.Size([2048, 172]) nan=0 inf_vals=0 range=[0.00,72.00]
  [diag] scalar dtype=torch.float32 nan=0 range=[-0.800,1.000]
  [diag] card_logits nan=0 range=[-12.65,11.11]
  [diag] values nan=0 range=[-0.9642,0.9789]
[iter 115/200] steps=12891 rollout_wr=0.340 (ussr=0.520 us=0.160) pl=-0.0100 vl=0.0912 ent=4.374 clip=0.064 kl=0.0020 t=20.2s (rollout=12.8s update=7.4s)
  [diag] inf dtype=torch.float32 shape=torch.Size([2048, 172]) nan=0 inf_vals=0 range=[0.00,52.00]
  [diag] scalar dtype=torch.float32 nan=0 range=[-0.950,1.125]
  [diag] card_logits nan=0 range=[-13.94,10.54]
  [diag] values nan=0 range=[-0.9858,0.9493]
[iter 116/200] steps=12920 rollout_wr=0.360 (ussr=0.400 us=0.320) pl=-0.0101 vl=0.0994 ent=4.349 clip=0.078 kl=0.0023 t=19.7s (rollout=12.6s update=7.2s)
  [diag] inf dtype=torch.float32 shape=torch.Size([2048, 172]) nan=0 inf_vals=0 range=[0.00,53.00]
  [diag] scalar dtype=torch.float32 nan=0 range=[-0.850,1.125]
  [diag] card_logits nan=0 range=[-12.46,10.60]
  [diag] values nan=0 range=[-0.9656,0.9675]
[iter 117/200] steps=13039 rollout_wr=0.390 (ussr=0.440 us=0.340) pl=-0.0108 vl=0.1082 ent=4.396 clip=0.081 kl=0.0023 t=19.8s (rollout=13.3s update=6.5s)
  [diag] inf dtype=torch.float32 shape=torch.Size([2048, 172]) nan=0 inf_vals=0 range=[0.00,70.00]
  [diag] scalar dtype=torch.float32 nan=0 range=[-0.900,1.125]
  [diag] card_logits nan=0 range=[-12.03,10.08]
  [diag] values nan=0 range=[-0.9611,0.9515]
[iter 118/200] steps=13046 rollout_wr=0.435 (ussr=0.570 us=0.300) pl=-0.0129 vl=0.1008 ent=4.399 clip=0.059 kl=0.0018 t=20.5s (rollout=13.4s update=7.2s)
  [diag] inf dtype=torch.float32 shape=torch.Size([2048, 172]) nan=0 inf_vals=0 range=[0.00,52.00]
  [diag] scalar dtype=torch.float32 nan=0 range=[-0.850,1.125]
  [diag] card_logits nan=0 range=[-12.95,9.57]
  [diag] values nan=0 range=[-0.9443,0.9702]
[iter 119/200] steps=13041 rollout_wr=0.445 (ussr=0.560 us=0.330) pl=-0.0118 vl=0.1027 ent=4.319 clip=0.055 kl=0.0018 t=20.3s (rollout=12.6s update=7.7s)
  Saved to league pool: data/checkpoints/ppo_v13_league/iter_0120.pt
  [diag] inf dtype=torch.float32 shape=torch.Size([2048, 172]) nan=0 inf_vals=0 range=[0.00,47.00]
  [diag] scalar dtype=torch.float32 nan=0 range=[-0.950,1.125]
  [diag] card_logits nan=0 range=[-12.14,11.13]
  [diag] values nan=0 range=[-0.9573,0.9704]
[iter 120/200] steps=13002 rollout_wr=0.345 (ussr=0.380 us=0.310) pl=-0.0108 vl=0.0964 ent=4.293 clip=0.083 kl=0.0024 t=19.1s (rollout=12.6s update=6.5s)
  [diag] inf dtype=torch.float32 shape=torch.Size([2048, 172]) nan=0 inf_vals=0 range=[0.00,50.00]
  [diag] scalar dtype=torch.float32 nan=0 range=[-0.950,1.125]
  [diag] card_logits nan=0 range=[-13.98,10.40]
  [diag] values nan=0 range=[-0.9639,0.9557]
[iter 121/200] steps=12969 rollout_wr=0.385 (ussr=0.490 us=0.280) pl=-0.0118 vl=0.1050 ent=4.340 clip=0.068 kl=0.0021 t=20.1s (rollout=13.0s update=7.1s)
  [diag] inf dtype=torch.float32 shape=torch.Size([2048, 172]) nan=0 inf_vals=0 range=[0.00,58.00]
  [diag] scalar dtype=torch.float32 nan=0 range=[-0.950,1.125]
  [diag] card_logits nan=0 range=[-12.37,10.90]
  [diag] values nan=0 range=[-0.9625,0.9566]
[iter 122/200] steps=12641 rollout_wr=0.300 (ussr=0.410 us=0.190) pl=-0.0147 vl=0.1006 ent=4.331 clip=0.066 kl=0.0024 t=18.9s (rollout=11.5s update=7.4s)
  [diag] inf dtype=torch.float32 shape=torch.Size([2048, 172]) nan=0 inf_vals=0 range=[0.00,60.00]
  [diag] scalar dtype=torch.float32 nan=0 range=[-0.800,1.000]
  [diag] card_logits nan=0 range=[-12.31,10.30]
  [diag] values nan=0 range=[-0.9674,0.9475]
[iter 123/200] steps=12954 rollout_wr=0.375 (ussr=0.500 us=0.250) pl=-0.0117 vl=0.0984 ent=4.386 clip=0.049 kl=0.0017 t=20.1s (rollout=12.7s update=7.4s)
  [diag] inf dtype=torch.float32 shape=torch.Size([2048, 172]) nan=0 inf_vals=0 range=[0.00,47.00]
  [diag] scalar dtype=torch.float32 nan=0 range=[-0.950,1.125]
  [diag] card_logits nan=0 range=[-13.02,10.94]
  [diag] values nan=0 range=[-0.9579,0.9711]
[iter 124/200] steps=12463 rollout_wr=0.450 (ussr=0.570 us=0.330) pl=-0.0137 vl=0.1075 ent=4.420 clip=0.061 kl=0.0018 t=18.9s (rollout=11.8s update=7.1s)
  [diag] inf dtype=torch.float32 shape=torch.Size([2048, 172]) nan=0 inf_vals=0 range=[0.00,48.00]
  [diag] scalar dtype=torch.float32 nan=0 range=[-0.900,1.000]
  [diag] card_logits nan=0 range=[-12.45,11.56]
  [diag] values nan=0 range=[-0.9440,0.9746]
[iter 125/200] steps=13121 rollout_wr=0.425 (ussr=0.460 us=0.390) pl=-0.0105 vl=0.0974 ent=4.320 clip=0.071 kl=0.0020 t=20.2s (rollout=13.1s update=7.1s)
  [diag] inf dtype=torch.float32 shape=torch.Size([2048, 172]) nan=0 inf_vals=0 range=[0.00,52.00]
  [diag] scalar dtype=torch.float32 nan=0 range=[-0.850,1.125]
  [diag] card_logits nan=0 range=[-12.72,9.82]
  [diag] values nan=0 range=[-0.9599,0.9745]
[iter 126/200] steps=12933 rollout_wr=0.340 (ussr=0.420 us=0.260) pl=-0.0114 vl=0.0987 ent=4.334 clip=0.079 kl=0.0022 t=20.4s (rollout=12.8s update=7.6s)
  [diag] inf dtype=torch.float32 shape=torch.Size([2048, 172]) nan=0 inf_vals=0 range=[0.00,48.00]
  [diag] scalar dtype=torch.float32 nan=0 range=[-0.950,1.000]
  [diag] card_logits nan=0 range=[-13.19,11.57]
  [diag] values nan=0 range=[-0.9643,0.9483]
[iter 127/200] steps=13166 rollout_wr=0.400 (ussr=0.540 us=0.260) pl=-0.0124 vl=0.0995 ent=4.377 clip=0.078 kl=0.0022 t=20.3s (rollout=12.3s update=8.0s)
  [diag] inf dtype=torch.float32 shape=torch.Size([2048, 172]) nan=0 inf_vals=0 range=[0.00,52.00]
  [diag] scalar dtype=torch.float32 nan=0 range=[-0.800,1.125]
  [diag] card_logits nan=0 range=[-13.00,9.81]
  [diag] values nan=0 range=[-0.9567,0.9626]
[iter 128/200] steps=13012 rollout_wr=0.395 (ussr=0.540 us=0.250) pl=-0.0113 vl=0.0985 ent=4.368 clip=0.072 kl=0.0021 t=19.8s (rollout=13.0s update=6.8s)
  [diag] inf dtype=torch.float32 shape=torch.Size([2048, 172]) nan=0 inf_vals=0 range=[0.00,67.00]
  [diag] scalar dtype=torch.float32 nan=0 range=[-0.800,1.125]
  [diag] card_logits nan=0 range=[-12.48,12.17]
  [diag] values nan=0 range=[-0.9571,0.9463]
[iter 129/200] steps=12829 rollout_wr=0.370 (ussr=0.470 us=0.270) pl=-0.0131 vl=0.1001 ent=4.341 clip=0.064 kl=0.0021 t=20.2s (rollout=13.0s update=7.2s)
  [diag] inf dtype=torch.float32 shape=torch.Size([2048, 172]) nan=0 inf_vals=0 range=[0.00,57.00]
  [diag] scalar dtype=torch.float32 nan=0 range=[-0.850,1.000]
  [diag] card_logits nan=0 range=[-12.25,10.69]
  [diag] values nan=0 range=[-0.9679,0.9565]
[iter 130/200] steps=12479 rollout_wr=0.385 (ussr=0.540 us=0.230) pl=-0.0221 vl=0.0983 ent=4.405 clip=0.070 kl=0.0021 t=18.9s (rollout=11.9s update=7.0s)
  [diag] inf dtype=torch.float32 shape=torch.Size([2048, 172]) nan=0 inf_vals=0 range=[0.00,48.00]
  [diag] scalar dtype=torch.float32 nan=0 range=[-0.950,1.125]
  [diag] card_logits nan=0 range=[-12.73,10.38]
  [diag] values nan=0 range=[-0.9709,0.9257]
[iter 131/200] steps=13043 rollout_wr=0.375 (ussr=0.470 us=0.280) pl=-0.0140 vl=0.0994 ent=4.390 clip=0.051 kl=0.0016 t=19.9s (rollout=12.6s update=7.3s)
  [diag] inf dtype=torch.float32 shape=torch.Size([2048, 172]) nan=0 inf_vals=0 range=[0.00,64.00]
  [diag] scalar dtype=torch.float32 nan=0 range=[-0.950,1.125]
  [diag] card_logits nan=0 range=[-12.14,12.32]
  [diag] values nan=0 range=[-0.9684,0.9426]
[iter 132/200] steps=13170 rollout_wr=0.430 (ussr=0.470 us=0.390) pl=-0.0100 vl=0.1036 ent=4.350 clip=0.061 kl=0.0018 t=20.1s (rollout=12.8s update=7.3s)
  [diag] inf dtype=torch.float32 shape=torch.Size([2048, 172]) nan=0 inf_vals=0 range=[0.00,51.00]
  [diag] scalar dtype=torch.float32 nan=0 range=[-0.900,1.125]
  [diag] card_logits nan=0 range=[-12.91,10.07]
  [diag] values nan=0 range=[-0.9580,0.9557]
[iter 133/200] steps=12546 rollout_wr=0.445 (ussr=0.590 us=0.300) pl=-0.0096 vl=0.1090 ent=4.400 clip=0.069 kl=0.0020 t=18.9s (rollout=12.0s update=6.9s)
  [diag] inf dtype=torch.float32 shape=torch.Size([2048, 172]) nan=0 inf_vals=0 range=[0.00,56.00]
  [diag] scalar dtype=torch.float32 nan=0 range=[-0.950,1.125]
  [diag] card_logits nan=0 range=[-13.05,12.11]
  [diag] values nan=0 range=[-0.9600,0.9764]
[iter 134/200] steps=13135 rollout_wr=0.460 (ussr=0.570 us=0.350) pl=-0.0114 vl=0.0974 ent=4.314 clip=0.045 kl=0.0014 t=20.5s (rollout=12.7s update=7.8s)
  [diag] inf dtype=torch.float32 shape=torch.Size([2048, 172]) nan=0 inf_vals=0 range=[0.00,58.00]
  [diag] scalar dtype=torch.float32 nan=0 range=[-0.850,1.125]
  [diag] card_logits nan=0 range=[-12.36,11.91]
  [diag] values nan=0 range=[-0.9551,0.9679]
[iter 135/200] steps=12791 rollout_wr=0.435 (ussr=0.540 us=0.330) pl=-0.0189 vl=0.1048 ent=4.332 clip=0.058 kl=0.0018 t=18.9s (rollout=11.7s update=7.2s)
  [diag] inf dtype=torch.float32 shape=torch.Size([2048, 172]) nan=0 inf_vals=0 range=[0.00,57.00]
  [diag] scalar dtype=torch.float32 nan=0 range=[-0.950,1.125]
  [diag] card_logits nan=0 range=[-14.78,11.51]
  [diag] values nan=0 range=[-0.9570,0.9787]
[iter 136/200] steps=12456 rollout_wr=0.370 (ussr=0.520 us=0.220) pl=-0.0103 vl=0.0993 ent=4.355 clip=0.099 kl=0.0026 t=19.0s (rollout=12.5s update=6.4s)
  [diag] inf dtype=torch.float32 shape=torch.Size([2048, 172]) nan=0 inf_vals=0 range=[0.00,63.00]
  [diag] scalar dtype=torch.float32 nan=0 range=[-0.950,1.125]
  [diag] card_logits nan=0 range=[-14.34,12.18]
  [diag] values nan=0 range=[-0.9777,0.9814]
[iter 137/200] steps=12926 rollout_wr=0.340 (ussr=0.420 us=0.260) pl=-0.0112 vl=0.0967 ent=4.295 clip=0.066 kl=0.0021 t=20.1s (rollout=12.7s update=7.4s)
  [diag] inf dtype=torch.float32 shape=torch.Size([2048, 172]) nan=0 inf_vals=0 range=[0.00,47.00]
  [diag] scalar dtype=torch.float32 nan=0 range=[-0.800,1.125]
  [diag] card_logits nan=0 range=[-13.01,11.64]
  [diag] values nan=0 range=[-0.9656,0.9801]
[iter 138/200] steps=12931 rollout_wr=0.425 (ussr=0.540 us=0.310) pl=-0.0145 vl=0.0969 ent=4.298 clip=0.071 kl=0.0019 t=19.4s (rollout=12.1s update=7.3s)
  [diag] inf dtype=torch.float32 shape=torch.Size([2048, 172]) nan=0 inf_vals=0 range=[0.00,65.00]
  [diag] scalar dtype=torch.float32 nan=0 range=[-0.750,1.000]
  [diag] card_logits nan=0 range=[-13.16,10.93]
  [diag] values nan=0 range=[-0.9699,0.9566]
[iter 139/200] steps=12815 rollout_wr=0.390 (ussr=0.500 us=0.280) pl=-0.0069 vl=0.1050 ent=4.266 clip=0.077 kl=0.0022 t=19.3s (rollout=12.6s update=6.7s)
  Saved to league pool: data/checkpoints/ppo_v13_league/iter_0140.pt
  [diag] inf dtype=torch.float32 shape=torch.Size([2048, 172]) nan=0 inf_vals=0 range=[0.00,55.00]
  [diag] scalar dtype=torch.float32 nan=0 range=[-0.850,1.000]
  [diag] card_logits nan=0 range=[-15.12,11.23]
  [diag] values nan=0 range=[-0.9814,0.9827]
[iter 140/200] steps=13138 rollout_wr=0.400 (ussr=0.540 us=0.260) pl=-0.0125 vl=0.1088 ent=4.300 clip=0.055 kl=0.0018 t=20.6s (rollout=13.0s update=7.6s)
  [diag] inf dtype=torch.float32 shape=torch.Size([2048, 172]) nan=0 inf_vals=0 range=[0.00,55.00]
  [diag] scalar dtype=torch.float32 nan=0 range=[-0.950,1.000]
  [diag] card_logits nan=0 range=[-14.69,10.35]
  [diag] values nan=0 range=[-0.9399,0.9366]
[iter 141/200] steps=11837 rollout_wr=0.715 (ussr=0.840 us=0.590) pl=-0.0131 vl=0.0992 ent=4.398 clip=0.092 kl=0.0027 t=24.8s (rollout=18.1s update=6.7s)
  [diag] inf dtype=torch.float32 shape=torch.Size([2048, 172]) nan=0 inf_vals=0 range=[0.00,59.00]
  [diag] scalar dtype=torch.float32 nan=0 range=[-0.850,1.000]
  [diag] card_logits nan=0 range=[-14.15,11.70]
  [diag] values nan=0 range=[-0.9839,0.9758]
[iter 142/200] steps=13069 rollout_wr=0.360 (ussr=0.410 us=0.310) pl=-0.0102 vl=0.0891 ent=4.294 clip=0.060 kl=0.0019 t=19.7s (rollout=12.9s update=6.7s)
  [diag] inf dtype=torch.float32 shape=torch.Size([2048, 172]) nan=0 inf_vals=0 range=[0.00,46.00]
  [diag] scalar dtype=torch.float32 nan=0 range=[-0.800,1.000]
  [diag] card_logits nan=0 range=[-14.63,11.38]
  [diag] values nan=0 range=[-0.9799,0.9657]
[iter 143/200] steps=12983 rollout_wr=0.370 (ussr=0.480 us=0.260) pl=-0.0087 vl=0.1012 ent=4.245 clip=0.075 kl=0.0023 t=20.7s (rollout=12.7s update=8.0s)
  [diag] inf dtype=torch.float32 shape=torch.Size([2048, 172]) nan=0 inf_vals=0 range=[0.00,61.00]
  [diag] scalar dtype=torch.float32 nan=0 range=[-0.850,1.000]
  [diag] card_logits nan=0 range=[-13.31,11.74]
  [diag] values nan=0 range=[-0.9784,0.9687]
[iter 144/200] steps=12802 rollout_wr=0.305 (ussr=0.390 us=0.220) pl=-0.0127 vl=0.0893 ent=4.299 clip=0.056 kl=0.0019 t=19.0s (rollout=12.0s update=7.0s)
  [diag] inf dtype=torch.float32 shape=torch.Size([2048, 172]) nan=0 inf_vals=0 range=[0.00,46.00]
  [diag] scalar dtype=torch.float32 nan=0 range=[-0.800,1.000]
  [diag] card_logits nan=0 range=[-13.38,12.02]
  [diag] values nan=0 range=[-0.9766,0.9461]
[iter 145/200] steps=13341 rollout_wr=0.340 (ussr=0.490 us=0.190) pl=-0.0122 vl=0.0924 ent=4.308 clip=0.061 kl=0.0019 t=20.2s (rollout=13.3s update=6.9s)
  [diag] inf dtype=torch.float32 shape=torch.Size([2048, 172]) nan=0 inf_vals=0 range=[0.00,61.00]
  [diag] scalar dtype=torch.float32 nan=0 range=[-0.800,1.000]
  [diag] card_logits nan=0 range=[-12.29,11.06]
  [diag] values nan=0 range=[-0.9872,0.9650]
[iter 146/200] steps=13046 rollout_wr=0.380 (ussr=0.440 us=0.320) pl=-0.0120 vl=0.0944 ent=4.279 clip=0.079 kl=0.0023 t=20.9s (rollout=13.1s update=7.8s)
  [diag] inf dtype=torch.float32 shape=torch.Size([2048, 172]) nan=0 inf_vals=0 range=[0.00,51.00]
  [diag] scalar dtype=torch.float32 nan=0 range=[-0.900,1.125]
  [diag] card_logits nan=0 range=[-14.98,11.95]
  [diag] values nan=0 range=[-0.9752,0.9709]
[iter 147/200] steps=13093 rollout_wr=0.345 (ussr=0.450 us=0.240) pl=-0.0133 vl=0.0919 ent=4.269 clip=0.078 kl=0.0022 t=20.0s (rollout=12.7s update=7.3s)
  [diag] inf dtype=torch.float32 shape=torch.Size([2048, 172]) nan=0 inf_vals=0 range=[0.00,47.00]
  [diag] scalar dtype=torch.float32 nan=0 range=[-0.850,1.000]
  [diag] card_logits nan=0 range=[-13.75,11.06]
  [diag] values nan=0 range=[-0.9811,0.9644]
[iter 148/200] steps=12795 rollout_wr=0.375 (ussr=0.480 us=0.270) pl=-0.0114 vl=0.1080 ent=4.251 clip=0.075 kl=0.0023 t=20.0s (rollout=12.6s update=7.4s)
  [diag] inf dtype=torch.float32 shape=torch.Size([2048, 172]) nan=0 inf_vals=0 range=[0.00,47.00]
  [diag] scalar dtype=torch.float32 nan=0 range=[-0.850,1.125]
  [diag] card_logits nan=0 range=[-13.24,10.51]
  [diag] values nan=0 range=[-0.9668,0.9498]
[iter 149/200] steps=12907 rollout_wr=0.425 (ussr=0.580 us=0.270) pl=-0.0125 vl=0.0999 ent=4.307 clip=0.070 kl=0.0022 t=19.8s (rollout=12.3s update=7.5s)
  [diag] inf dtype=torch.float32 shape=torch.Size([2048, 172]) nan=0 inf_vals=0 range=[0.00,49.00]
  [diag] scalar dtype=torch.float32 nan=0 range=[-0.850,1.125]
  [diag] card_logits nan=0 range=[-12.81,11.96]
  [diag] values nan=0 range=[-0.9641,0.9667]
[iter 150/200] steps=12890 rollout_wr=0.455 (ussr=0.520 us=0.390) pl=-0.0132 vl=0.1042 ent=4.265 clip=0.068 kl=0.0020 t=19.9s (rollout=13.0s update=6.9s)
  [diag] inf dtype=torch.float32 shape=torch.Size([2048, 172]) nan=0 inf_vals=0 range=[0.00,57.00]
  [diag] scalar dtype=torch.float32 nan=0 range=[-0.700,1.125]
  [diag] card_logits nan=0 range=[-13.35,11.73]
  [diag] values nan=0 range=[-0.9556,0.9711]
[iter 151/200] steps=13004 rollout_wr=0.395 (ussr=0.500 us=0.290) pl=-0.0086 vl=0.1069 ent=4.284 clip=0.075 kl=0.0022 t=20.6s (rollout=13.3s update=7.3s)
  [diag] inf dtype=torch.float32 shape=torch.Size([2048, 172]) nan=0 inf_vals=0 range=[0.00,67.00]
  [diag] scalar dtype=torch.float32 nan=0 range=[-0.900,1.000]
  [diag] card_logits nan=0 range=[-12.88,11.05]
  [diag] values nan=0 range=[-0.9701,0.9716]
[iter 152/200] steps=13002 rollout_wr=0.375 (ussr=0.490 us=0.260) pl=-0.0116 vl=0.0959 ent=4.245 clip=0.058 kl=0.0018 t=19.1s (rollout=11.7s update=7.4s)
  [diag] inf dtype=torch.float32 shape=torch.Size([2048, 172]) nan=0 inf_vals=0 range=[0.00,44.00]
  [diag] scalar dtype=torch.float32 nan=0 range=[-0.950,1.125]
  [diag] card_logits nan=0 range=[-13.88,10.80]
  [diag] values nan=0 range=[-0.9747,0.9693]
[iter 153/200] steps=12898 rollout_wr=0.440 (ussr=0.570 us=0.310) pl=-0.0135 vl=0.0927 ent=4.276 clip=0.066 kl=0.0019 t=19.4s (rollout=13.0s update=6.5s)
  [diag] inf dtype=torch.float32 shape=torch.Size([2048, 172]) nan=0 inf_vals=0 range=[0.00,57.00]
  [diag] scalar dtype=torch.float32 nan=0 range=[-0.700,1.125]
  [diag] card_logits nan=0 range=[-12.92,11.35]
  [diag] values nan=0 range=[-0.9835,0.9804]
[iter 154/200] steps=12489 rollout_wr=0.455 (ussr=0.570 us=0.340) pl=-0.0129 vl=0.1072 ent=4.256 clip=0.076 kl=0.0022 t=20.5s (rollout=12.9s update=7.6s)
  [diag] inf dtype=torch.float32 shape=torch.Size([2048, 172]) nan=0 inf_vals=0 range=[0.00,47.00]
  [diag] scalar dtype=torch.float32 nan=0 range=[-0.800,1.125]
  [diag] card_logits nan=0 range=[-13.88,10.01]
  [diag] values nan=0 range=[-0.9804,0.9850]
[iter 155/200] steps=12922 rollout_wr=0.470 (ussr=0.590 us=0.350) pl=-0.0131 vl=0.1015 ent=4.244 clip=0.055 kl=0.0017 t=20.0s (rollout=12.2s update=7.7s)
  [diag] inf dtype=torch.float32 shape=torch.Size([2048, 172]) nan=0 inf_vals=0 range=[0.00,46.00]
  [diag] scalar dtype=torch.float32 nan=0 range=[-0.750,1.125]
  [diag] card_logits nan=0 range=[-14.06,10.99]
  [diag] values nan=0 range=[-0.9781,0.9834]
[iter 156/200] steps=13045 rollout_wr=0.410 (ussr=0.490 us=0.330) pl=-0.0125 vl=0.1030 ent=4.258 clip=0.073 kl=0.0022 t=19.5s (rollout=13.0s update=6.5s)
  [diag] inf dtype=torch.float32 shape=torch.Size([2048, 172]) nan=0 inf_vals=0 range=[0.00,59.00]
  [diag] scalar dtype=torch.float32 nan=0 range=[-0.850,1.000]
  [diag] card_logits nan=0 range=[-13.76,10.99]
  [diag] values nan=0 range=[-0.9512,0.9787]
[iter 157/200] steps=12707 rollout_wr=0.435 (ussr=0.580 us=0.290) pl=-0.0136 vl=0.0993 ent=4.214 clip=0.068 kl=0.0019 t=20.5s (rollout=13.1s update=7.3s)
  [diag] inf dtype=torch.float32 shape=torch.Size([2048, 172]) nan=0 inf_vals=0 range=[0.00,77.00]
  [diag] scalar dtype=torch.float32 nan=0 range=[-0.850,1.125]
  [diag] card_logits nan=0 range=[-14.16,11.87]
  [diag] values nan=0 range=[-0.9671,0.9746]
[iter 158/200] steps=12953 rollout_wr=0.435 (ussr=0.560 us=0.310) pl=-0.0140 vl=0.1059 ent=4.267 clip=0.075 kl=0.0022 t=19.9s (rollout=12.3s update=7.7s)
  [diag] inf dtype=torch.float32 shape=torch.Size([2048, 172]) nan=0 inf_vals=0 range=[0.00,64.00]
  [diag] scalar dtype=torch.float32 nan=0 range=[-0.900,1.125]
  [diag] card_logits nan=0 range=[-13.63,10.05]
  [diag] values nan=0 range=[-0.9661,0.9656]
[iter 159/200] steps=12887 rollout_wr=0.425 (ussr=0.500 us=0.350) pl=-0.0123 vl=0.1026 ent=4.208 clip=0.060 kl=0.0021 t=19.9s (rollout=12.7s update=7.2s)
  Saved to league pool: data/checkpoints/ppo_v13_league/iter_0160.pt
  [diag] inf dtype=torch.float32 shape=torch.Size([2048, 172]) nan=0 inf_vals=0 range=[0.00,67.00]
  [diag] scalar dtype=torch.float32 nan=0 range=[-0.900,1.125]
  [diag] card_logits nan=0 range=[-12.80,10.33]
  [diag] values nan=0 range=[-0.9547,0.9811]
[iter 160/200] steps=12655 rollout_wr=0.335 (ussr=0.400 us=0.270) pl=-0.0198 vl=0.0988 ent=4.226 clip=0.080 kl=0.0022 t=19.6s (rollout=12.4s update=7.3s)
  [diag] inf dtype=torch.float32 shape=torch.Size([2048, 172]) nan=0 inf_vals=0 range=[0.00,59.00]
  [diag] scalar dtype=torch.float32 nan=0 range=[-0.667,1.125]
  [diag] card_logits nan=0 range=[-13.13,12.28]
  [diag] values nan=0 range=[-0.9553,0.9751]
[iter 161/200] steps=12934 rollout_wr=0.410 (ussr=0.600 us=0.220) pl=-0.0138 vl=0.1019 ent=4.285 clip=0.125 kl=0.0035 t=19.9s (rollout=12.3s update=7.6s)
  [diag] inf dtype=torch.float32 shape=torch.Size([2048, 172]) nan=0 inf_vals=0 range=[0.00,56.00]
  [diag] scalar dtype=torch.float32 nan=0 range=[-0.850,1.000]
  [diag] card_logits nan=0 range=[-13.61,11.33]
  [diag] values nan=0 range=[-0.9798,0.9890]
[iter 162/200] steps=12814 rollout_wr=0.395 (ussr=0.540 us=0.250) pl=-0.0118 vl=0.0935 ent=4.252 clip=0.056 kl=0.0018 t=19.9s (rollout=12.6s update=7.3s)
  [diag] inf dtype=torch.float32 shape=torch.Size([2048, 172]) nan=0 inf_vals=0 range=[0.00,60.00]
  [diag] scalar dtype=torch.float32 nan=0 range=[-0.950,1.000]
  [diag] card_logits nan=0 range=[-13.83,10.56]
  [diag] values nan=0 range=[-0.9802,0.9728]
[iter 163/200] steps=12882 rollout_wr=0.375 (ussr=0.510 us=0.240) pl=-0.0135 vl=0.1076 ent=4.303 clip=0.049 kl=0.0017 t=20.0s (rollout=12.7s update=7.3s)
  [diag] inf dtype=torch.float32 shape=torch.Size([2048, 172]) nan=0 inf_vals=0 range=[0.00,46.00]
  [diag] scalar dtype=torch.float32 nan=0 range=[-0.900,1.125]
  [diag] card_logits nan=0 range=[-15.61,10.98]
  [diag] values nan=0 range=[-0.9829,0.9771]
[iter 164/200] steps=13097 rollout_wr=0.380 (ussr=0.410 us=0.350) pl=-0.0128 vl=0.0963 ent=4.230 clip=0.082 kl=0.0025 t=19.7s (rollout=12.9s update=6.9s)
  [diag] inf dtype=torch.float32 shape=torch.Size([2048, 172]) nan=0 inf_vals=0 range=[0.00,55.00]
  [diag] scalar dtype=torch.float32 nan=0 range=[-0.750,1.125]
  [diag] card_logits nan=0 range=[-14.19,11.65]
  [diag] values nan=0 range=[-0.9717,0.9718]
[iter 165/200] steps=13091 rollout_wr=0.375 (ussr=0.460 us=0.290) pl=-0.0108 vl=0.0869 ent=4.206 clip=0.067 kl=0.0020 t=20.1s (rollout=12.9s update=7.2s)
  [diag] inf dtype=torch.float32 shape=torch.Size([2048, 172]) nan=0 inf_vals=0 range=[0.00,48.00]
  [diag] scalar dtype=torch.float32 nan=0 range=[-0.900,1.000]
  [diag] card_logits nan=0 range=[-14.24,11.17]
  [diag] values nan=0 range=[-0.9741,0.9585]
[iter 166/200] steps=13224 rollout_wr=0.415 (ussr=0.540 us=0.290) pl=-0.0153 vl=0.1025 ent=4.188 clip=0.062 kl=0.0020 t=20.7s (rollout=12.5s update=8.2s)
  [diag] inf dtype=torch.float32 shape=torch.Size([2048, 172]) nan=0 inf_vals=0 range=[0.00,51.00]
  [diag] scalar dtype=torch.float32 nan=0 range=[-0.950,1.000]
  [diag] card_logits nan=0 range=[-14.40,10.36]
  [diag] values nan=0 range=[-0.8991,0.9723]
[iter 167/200] steps=12338 rollout_wr=0.770 (ussr=0.890 us=0.650) pl=-0.0359 vl=0.0824 ent=4.300 clip=0.095 kl=0.0031 t=26.7s (rollout=19.6s update=7.1s)
  [diag] inf dtype=torch.float32 shape=torch.Size([2048, 172]) nan=0 inf_vals=0 range=[0.00,65.00]
  [diag] scalar dtype=torch.float32 nan=0 range=[-0.850,1.125]
  [diag] card_logits nan=0 range=[-13.22,10.56]
  [diag] values nan=0 range=[-0.9703,0.9826]
[iter 168/200] steps=13130 rollout_wr=0.455 (ussr=0.540 us=0.370) pl=-0.0127 vl=0.1086 ent=4.211 clip=0.060 kl=0.0019 t=20.5s (rollout=13.2s update=7.3s)
  [diag] inf dtype=torch.float32 shape=torch.Size([2048, 172]) nan=0 inf_vals=0 range=[0.00,58.00]
  [diag] scalar dtype=torch.float32 nan=0 range=[-0.850,1.125]
  [diag] card_logits nan=0 range=[-13.32,10.06]
  [diag] values nan=0 range=[-0.9642,0.9804]
[iter 169/200] steps=12899 rollout_wr=0.385 (ussr=0.530 us=0.240) pl=-0.0115 vl=0.0962 ent=4.201 clip=0.054 kl=0.0017 t=20.1s (rollout=12.3s update=7.8s)
  [diag] inf dtype=torch.float32 shape=torch.Size([2048, 172]) nan=0 inf_vals=0 range=[0.00,48.00]
  [diag] scalar dtype=torch.float32 nan=0 range=[-0.900,1.125]
  [diag] card_logits nan=0 range=[-14.00,12.63]
  [diag] values nan=0 range=[-0.9562,0.9744]
[iter 170/200] steps=12948 rollout_wr=0.425 (ussr=0.510 us=0.340) pl=-0.0102 vl=0.1050 ent=4.176 clip=0.062 kl=0.0019 t=19.0s (rollout=12.2s update=6.8s)
  [diag] inf dtype=torch.float32 shape=torch.Size([2048, 172]) nan=0 inf_vals=0 range=[0.00,51.00]
  [diag] scalar dtype=torch.float32 nan=0 range=[-0.950,1.125]
  [diag] card_logits nan=0 range=[-14.14,10.88]
  [diag] values nan=0 range=[-0.9604,0.9698]
[iter 171/200] steps=12780 rollout_wr=0.480 (ussr=0.610 us=0.350) pl=-0.0095 vl=0.1079 ent=4.246 clip=0.079 kl=0.0024 t=20.2s (rollout=12.7s update=7.5s)
  [diag] inf dtype=torch.float32 shape=torch.Size([2048, 172]) nan=0 inf_vals=0 range=[0.00,75.00]
  [diag] scalar dtype=torch.float32 nan=0 range=[-0.950,1.125]
  [diag] card_logits nan=0 range=[-12.97,10.98]
  [diag] values nan=0 range=[-0.9528,0.9903]
[iter 172/200] steps=12615 rollout_wr=0.390 (ussr=0.530 us=0.250) pl=-0.0116 vl=0.1024 ent=4.236 clip=0.077 kl=0.0021 t=25.5s (rollout=17.0s update=8.5s)
  [diag] inf dtype=torch.float32 shape=torch.Size([2048, 172]) nan=0 inf_vals=0 range=[0.00,50.00]
  [diag] scalar dtype=torch.float32 nan=0 range=[-0.800,1.125]
  [diag] card_logits nan=0 range=[-14.56,10.85]
  [diag] values nan=0 range=[-0.9709,0.9717]
[iter 173/200] steps=13048 rollout_wr=0.410 (ussr=0.510 us=0.310) pl=-0.0116 vl=0.0947 ent=4.200 clip=0.069 kl=0.0021 t=23.4s (rollout=15.0s update=8.4s)
  [diag] inf dtype=torch.float32 shape=torch.Size([2048, 172]) nan=0 inf_vals=0 range=[0.00,53.00]
  [diag] scalar dtype=torch.float32 nan=0 range=[-0.750,1.000]
  [diag] card_logits nan=0 range=[-13.46,12.31]
  [diag] values nan=0 range=[-0.9848,0.9728]
[iter 174/200] steps=12980 rollout_wr=0.415 (ussr=0.510 us=0.320) pl=-0.0123 vl=0.1061 ent=4.261 clip=0.072 kl=0.0023 t=24.7s (rollout=16.8s update=7.9s)
  [diag] inf dtype=torch.float32 shape=torch.Size([2048, 172]) nan=0 inf_vals=0 range=[0.00,54.00]
  [diag] scalar dtype=torch.float32 nan=0 range=[-0.950,1.000]
  [diag] card_logits nan=0 range=[-13.87,11.68]
  [diag] values nan=0 range=[-0.9575,0.9543]
[iter 175/200] steps=12104 rollout_wr=0.780 (ussr=0.840 us=0.720) pl=-0.0124 vl=0.0967 ent=4.340 clip=0.069 kl=0.0042 t=28.3s (rollout=21.8s update=6.6s)
  [diag] inf dtype=torch.float32 shape=torch.Size([2048, 172]) nan=0 inf_vals=0 range=[0.00,61.00]
  [diag] scalar dtype=torch.float32 nan=0 range=[-0.850,1.125]
  [diag] card_logits nan=0 range=[-13.96,10.91]
  [diag] values nan=0 range=[-0.9624,0.9870]
[iter 176/200] steps=12795 rollout_wr=0.415 (ussr=0.550 us=0.280) pl=-0.0143 vl=0.1050 ent=4.192 clip=0.085 kl=0.0022 t=21.6s (rollout=14.0s update=7.6s)
  [diag] inf dtype=torch.float32 shape=torch.Size([2048, 172]) nan=0 inf_vals=0 range=[0.00,52.00]
  [diag] scalar dtype=torch.float32 nan=0 range=[-0.950,1.000]
  [diag] card_logits nan=0 range=[-17.29,11.42]
  [diag] values nan=0 range=[-0.9172,0.9633]
[iter 177/200] steps=11805 rollout_wr=0.760 (ussr=0.900 us=0.620) pl=-0.0119 vl=0.0924 ent=4.342 clip=0.088 kl=0.0026 t=27.8s (rollout=20.1s update=7.7s)
  [diag] inf dtype=torch.float32 shape=torch.Size([2048, 172]) nan=0 inf_vals=0 range=[0.00,54.00]
  [diag] scalar dtype=torch.float32 nan=0 range=[-0.850,1.125]
  [diag] card_logits nan=0 range=[-13.06,12.29]
  [diag] values nan=0 range=[-0.9807,0.9859]
[iter 178/200] steps=13040 rollout_wr=0.450 (ussr=0.570 us=0.330) pl=-0.0131 vl=0.0976 ent=4.182 clip=0.081 kl=0.0023 t=21.3s (rollout=13.5s update=7.8s)
  [diag] inf dtype=torch.float32 shape=torch.Size([2048, 172]) nan=0 inf_vals=0 range=[0.00,54.00]
  [diag] scalar dtype=torch.float32 nan=0 range=[-0.750,1.125]
  [diag] card_logits nan=0 range=[-13.61,10.89]
  [diag] values nan=0 range=[-0.9769,0.9922]
[iter 179/200] steps=13080 rollout_wr=0.355 (ussr=0.470 us=0.240) pl=-0.0107 vl=0.1010 ent=4.162 clip=0.082 kl=0.0023 t=21.8s (rollout=14.6s update=7.2s)
  Saved to league pool: data/checkpoints/ppo_v13_league/iter_0180.pt
  [diag] inf dtype=torch.float32 shape=torch.Size([2048, 172]) nan=0 inf_vals=0 range=[0.00,46.00]
  [diag] scalar dtype=torch.float32 nan=0 range=[-0.950,1.125]
  [diag] card_logits nan=0 range=[-13.04,10.99]
  [diag] values nan=0 range=[-0.9792,0.9711]
[iter 180/200] steps=13024 rollout_wr=0.470 (ussr=0.590 us=0.350) pl=-0.0101 vl=0.0945 ent=4.092 clip=0.075 kl=0.0021 t=21.7s (rollout=13.9s update=7.8s)
  [diag] inf dtype=torch.float32 shape=torch.Size([2048, 172]) nan=0 inf_vals=0 range=[0.00,53.00]
  [diag] scalar dtype=torch.float32 nan=0 range=[-0.900,1.250]
  [diag] card_logits nan=0 range=[-13.19,13.32]
  [diag] values nan=0 range=[-0.9828,0.9834]
[iter 181/200] steps=12913 rollout_wr=0.510 (ussr=0.590 us=0.430) pl=-0.0114 vl=0.1067 ent=4.186 clip=0.088 kl=0.0026 t=21.6s (rollout=13.6s update=8.0s)
  [diag] inf dtype=torch.float32 shape=torch.Size([2048, 172]) nan=0 inf_vals=0 range=[0.00,54.00]
  [diag] scalar dtype=torch.float32 nan=0 range=[-0.950,1.000]
  [diag] card_logits nan=0 range=[-14.89,10.64]
  [diag] values nan=0 range=[-0.9175,0.9755]
[iter 182/200] steps=11530 rollout_wr=0.745 (ussr=0.880 us=0.610) pl=-0.0148 vl=0.0928 ent=4.316 clip=0.096 kl=0.0030 t=26.1s (rollout=19.2s update=6.9s)
  [diag] inf dtype=torch.float32 shape=torch.Size([2048, 172]) nan=0 inf_vals=0 range=[0.00,57.00]
  [diag] scalar dtype=torch.float32 nan=0 range=[-0.950,1.000]
  [diag] card_logits nan=0 range=[-13.97,11.68]
  [diag] values nan=0 range=[-0.9595,0.9732]
[iter 183/200] steps=12046 rollout_wr=0.770 (ussr=0.870 us=0.670) pl=-0.0120 vl=0.0860 ent=4.287 clip=0.090 kl=0.0026 t=25.7s (rollout=19.3s update=6.5s)
  [diag] inf dtype=torch.float32 shape=torch.Size([2048, 172]) nan=0 inf_vals=0 range=[0.00,57.00]
  [diag] scalar dtype=torch.float32 nan=0 range=[-0.950,1.125]
  [diag] card_logits nan=0 range=[-13.67,11.22]
  [diag] values nan=0 range=[-0.9681,0.9768]
[iter 184/200] steps=12994 rollout_wr=0.455 (ussr=0.560 us=0.350) pl=-0.0108 vl=0.1099 ent=4.159 clip=0.100 kl=0.0030 t=20.2s (rollout=12.9s update=7.3s)
  [diag] inf dtype=torch.float32 shape=torch.Size([2048, 172]) nan=0 inf_vals=0 range=[0.00,54.00]
  [diag] scalar dtype=torch.float32 nan=0 range=[-0.700,1.000]
  [diag] card_logits nan=0 range=[-14.21,10.42]
  [diag] values nan=0 range=[-0.9685,0.9771]
[iter 185/200] steps=12959 rollout_wr=0.435 (ussr=0.580 us=0.290) pl=-0.0105 vl=0.1062 ent=4.179 clip=0.060 kl=0.0018 t=20.3s (rollout=13.0s update=7.3s)
  [diag] inf dtype=torch.float32 shape=torch.Size([2048, 172]) nan=0 inf_vals=0 range=[0.00,67.00]
  [diag] scalar dtype=torch.float32 nan=0 range=[-0.950,1.000]
  [diag] card_logits nan=0 range=[-14.64,11.92]
  [diag] values nan=0 range=[-0.8469,0.9559]
[iter 186/200] steps=11948 rollout_wr=0.735 (ussr=0.880 us=0.590) pl=-0.0128 vl=0.0893 ent=4.304 clip=0.078 kl=0.0023 t=25.4s (rollout=18.6s update=6.8s)
  [diag] inf dtype=torch.float32 shape=torch.Size([2048, 172]) nan=0 inf_vals=0 range=[0.00,43.00]
  [diag] scalar dtype=torch.float32 nan=0 range=[-0.800,1.125]
  [diag] card_logits nan=0 range=[-13.28,10.63]
  [diag] values nan=0 range=[-0.9788,0.9790]
[iter 187/200] steps=12763 rollout_wr=0.480 (ussr=0.570 us=0.390) pl=-0.0164 vl=0.1026 ent=4.173 clip=0.093 kl=0.0027 t=19.8s (rollout=12.1s update=7.7s)
  [diag] inf dtype=torch.float32 shape=torch.Size([2048, 172]) nan=0 inf_vals=0 range=[0.00,74.00]
  [diag] scalar dtype=torch.float32 nan=0 range=[-0.650,1.000]
  [diag] card_logits nan=0 range=[-15.41,10.30]
  [diag] values nan=0 range=[-0.9651,0.9691]
[iter 188/200] steps=13190 rollout_wr=0.415 (ussr=0.550 us=0.280) pl=-0.0115 vl=0.0972 ent=4.132 clip=0.053 kl=0.0017 t=19.7s (rollout=13.1s update=6.6s)
  [diag] inf dtype=torch.float32 shape=torch.Size([2048, 172]) nan=0 inf_vals=0 range=[0.00,54.00]
  [diag] scalar dtype=torch.float32 nan=0 range=[-0.700,1.125]
  [diag] card_logits nan=0 range=[-12.86,12.21]
  [diag] values nan=0 range=[-0.9757,0.9829]
[iter 189/200] steps=12827 rollout_wr=0.420 (ussr=0.580 us=0.260) pl=-0.0116 vl=0.1029 ent=4.137 clip=0.071 kl=0.0021 t=19.9s (rollout=12.8s update=7.1s)
  [diag] inf dtype=torch.float32 shape=torch.Size([2048, 172]) nan=0 inf_vals=0 range=[0.00,50.00]
  [diag] scalar dtype=torch.float32 nan=0 range=[-0.750,1.125]
  [diag] card_logits nan=0 range=[-15.25,11.37]
  [diag] values nan=0 range=[-0.9615,0.9688]
[iter 190/200] steps=12759 rollout_wr=0.400 (ussr=0.560 us=0.240) pl=-0.0136 vl=0.1036 ent=4.145 clip=0.075 kl=0.0022 t=19.4s (rollout=11.9s update=7.4s)
  [diag] inf dtype=torch.float32 shape=torch.Size([2048, 172]) nan=0 inf_vals=0 range=[0.00,67.00]
  [diag] scalar dtype=torch.float32 nan=0 range=[-0.650,1.125]
  [diag] card_logits nan=0 range=[-13.38,12.42]
  [diag] values nan=0 range=[-0.9731,0.9659]
[iter 191/200] steps=12970 rollout_wr=0.425 (ussr=0.610 us=0.240) pl=-0.0126 vl=0.0971 ent=4.159 clip=0.062 kl=0.0020 t=20.1s (rollout=12.9s update=7.2s)
  [diag] inf dtype=torch.float32 shape=torch.Size([2048, 172]) nan=0 inf_vals=0 range=[0.00,51.00]
  [diag] scalar dtype=torch.float32 nan=0 range=[-0.900,1.125]
  [diag] card_logits nan=0 range=[-13.70,12.83]
  [diag] values nan=0 range=[-0.9647,0.9572]
[iter 192/200] steps=13209 rollout_wr=0.440 (ussr=0.600 us=0.280) pl=-0.0128 vl=0.0946 ent=4.132 clip=0.062 kl=0.0020 t=19.6s (rollout=12.2s update=7.4s)
  [diag] inf dtype=torch.float32 shape=torch.Size([2048, 172]) nan=0 inf_vals=0 range=[0.00,65.00]
  [diag] scalar dtype=torch.float32 nan=0 range=[-0.750,1.125]
  [diag] card_logits nan=0 range=[-14.90,11.65]
  [diag] values nan=0 range=[-0.9572,0.9547]
[iter 193/200] steps=12709 rollout_wr=0.415 (ussr=0.580 us=0.250) pl=-0.0121 vl=0.1061 ent=4.159 clip=0.073 kl=0.0021 t=19.4s (rollout=12.5s update=7.0s)
  [diag] inf dtype=torch.float32 shape=torch.Size([2048, 172]) nan=0 inf_vals=0 range=[0.00,60.00]
  [diag] scalar dtype=torch.float32 nan=0 range=[-0.900,1.125]
  [diag] card_logits nan=0 range=[-14.19,11.02]
  [diag] values nan=0 range=[-0.9754,0.9572]
[iter 194/200] steps=12772 rollout_wr=0.435 (ussr=0.570 us=0.300) pl=-0.0167 vl=0.0899 ent=4.164 clip=0.102 kl=0.0026 t=20.3s (rollout=12.8s update=7.4s)
  [diag] inf dtype=torch.float32 shape=torch.Size([2048, 172]) nan=0 inf_vals=0 range=[0.00,62.00]
  [diag] scalar dtype=torch.float32 nan=0 range=[-0.950,1.125]
  [diag] card_logits nan=0 range=[-13.65,11.92]
  [diag] values nan=0 range=[-0.9746,0.9701]
[iter 195/200] steps=12568 rollout_wr=0.415 (ussr=0.550 us=0.280) pl=-0.0032 vl=0.0983 ent=4.168 clip=0.068 kl=0.0021 t=19.6s (rollout=12.2s update=7.3s)
  [diag] inf dtype=torch.float32 shape=torch.Size([2048, 172]) nan=0 inf_vals=0 range=[0.00,51.00]
  [diag] scalar dtype=torch.float32 nan=0 range=[-0.800,1.125]
  [diag] card_logits nan=0 range=[-14.93,12.61]
  [diag] values nan=0 range=[-0.9768,0.9664]
[iter 196/200] steps=12434 rollout_wr=0.405 (ussr=0.540 us=0.270) pl=-0.0153 vl=0.1025 ent=4.124 clip=0.072 kl=0.0022 t=18.7s (rollout=12.5s update=6.2s)
  [diag] inf dtype=torch.float32 shape=torch.Size([2048, 172]) nan=0 inf_vals=0 range=[0.00,61.00]
  [diag] scalar dtype=torch.float32 nan=0 range=[-0.900,1.125]
  [diag] card_logits nan=0 range=[-14.15,10.78]
  [diag] values nan=0 range=[-0.9650,0.9654]
[iter 197/200] steps=12792 rollout_wr=0.490 (ussr=0.600 us=0.380) pl=-0.0111 vl=0.1010 ent=4.150 clip=0.070 kl=0.0021 t=20.4s (rollout=13.1s update=7.3s)
  [diag] inf dtype=torch.float32 shape=torch.Size([2048, 172]) nan=0 inf_vals=0 range=[0.00,60.00]
  [diag] scalar dtype=torch.float32 nan=0 range=[-0.900,1.125]
  [diag] card_logits nan=0 range=[-14.76,10.82]
  [diag] values nan=0 range=[-0.9586,0.9687]
[iter 198/200] steps=12669 rollout_wr=0.465 (ussr=0.620 us=0.310) pl=-0.0117 vl=0.0957 ent=4.108 clip=0.057 kl=0.0018 t=18.6s (rollout=11.6s update=7.0s)
  [diag] inf dtype=torch.float32 shape=torch.Size([2048, 172]) nan=0 inf_vals=0 range=[0.00,58.00]
  [diag] scalar dtype=torch.float32 nan=0 range=[-0.950,1.125]
  [diag] card_logits nan=0 range=[-15.26,11.08]
  [diag] values nan=0 range=[-0.9199,0.9385]
[iter 199/200] steps=11836 rollout_wr=0.730 (ussr=0.810 us=0.650) pl=-0.0149 vl=0.0995 ent=4.213 clip=0.106 kl=0.0034 t=25.8s (rollout=18.9s update=6.8s)
  Saved to league pool: data/checkpoints/ppo_v13_league/iter_0200.pt
  [diag] inf dtype=torch.float32 shape=torch.Size([2048, 172]) nan=0 inf_vals=0 range=[0.00,78.00]
  [diag] scalar dtype=torch.float32 nan=0 range=[-0.800,1.000]
  [diag] card_logits nan=0 range=[-14.30,13.22]
  [diag] values nan=0 range=[-0.9739,0.9680]
[iter 200/200] steps=12795 rollout_wr=0.435 (ussr=0.630 us=0.240) pl=-0.0155 vl=0.1022 ent=4.110 clip=0.112 kl=0.0035 t=20.5s (rollout=13.1s update=7.5s)
wandb: updating run metadata
wandb: uploading output.log; uploading wandb-summary.json; uploading config.yaml
wandb: uploading history steps 198-199, summary, console lines 1017-1022
wandb: 
wandb: Run history:
wandb:               approx_kl ▄▅▃▅▆▂▂▂▂▃▂▁▃▂▆▂▃▆▄▁▅▆▄▁▃▄▃▃▃▁▃▂▃█▃▄▅▄▃▅
wandb:           clip_fraction ▅▄▁▁▅▃▂▂▁▄▄▃▂▅▅▂▅▄▃▄▂▂▁▃▃▃▁▂▂▃▃▃█▃▂▄▃▆▁▂
wandb:             combined_wr ▁
wandb: core_scalar_weight_norm ▁▁▁▁▁▁▁▁▂▂▃▃▃▄▄▅▅▅▅▅▅▅▅▅▅▅▅▆▆▆▆▆▇▇▇▇▇▇██
wandb:                ent_coef █████▇▇▇▇▇▇▇▇▆▆▆▆▆▅▅▅▅▅▅▄▄▄▄▃▃▂▂▂▂▂▂▂▁▁▁
wandb:                 entropy ▂▃▃▄▄▄▃▅▅▄▅▆▇▇▇▇▆▆█▇▆▇▇▇▄▄▅▅▄▄▃▄▄▃▅▄▄▂▁▁
wandb:             iter_time_s █▂▁▂▁▄▁▁▂▂▂▅▄▂▂▂▂▂▅▂▂▂▁▂▂▂▂▂▁▂▂▁▂▂▁▁▁▂▁▅
wandb:                 n_steps ▇▆▅▆▁▅▆▆▆▇▇▇▆▃▅▃▆▇▆▆▅▆█▃▇▇▇▆▇▆▇▆▇▇▆▂▁▆▇▅
wandb:  new_scalar_weight_norm ▁▁▁▁▃▃▃▄▄▄▃▃▃▃▃▅▆▆▆▆▆▇▇▆▆▆▆▆▆▆▇▇████▇▇▅▆
wandb:             policy_loss ▆▆▆▃▆▄▁█▆▆▆▆▇▆▅▄▆▅▄▇▅▆█▅▆▅▅▇▄▆▅▇▆▅▄▆▆▅▆▅
wandb:                    +103 ...
wandb: 
wandb: Run summary:
wandb:               approx_kl 0.00347
wandb:           clip_fraction 0.11189
wandb:             combined_wr 0.794
wandb: core_scalar_weight_norm 3.88771
wandb:                ent_coef 0.00513
wandb:                 entropy 4.11018
wandb:             iter_time_s 20.5375
wandb:                 n_steps 12795
wandb:  new_scalar_weight_norm 2.71274
wandb:             policy_loss -0.01553
wandb:                    +103 ...
wandb: 
wandb: 🚀 View run ppo_v13 at: https://wandb.ai/korduban-ai/twilight-struggle-ai/runs/x9flqniy
wandb: ⭐️ View project at: https://wandb.ai/korduban-ai/twilight-struggle-ai
wandb: Synced 5 W&B file(s), 0 media file(s), 0 artifact file(s) and 0 other file(s)
wandb: Find logs at: ./wandb/run-20260408_202134-x9flqniy/logs
  Running benchmark (500 games each side)...
  Benchmark: USSR=0.948 US=0.640 combined=0.794 (88s)
  New best: combined=0.794

Training complete in 71.8 minutes
Best combined WR: 0.794
Checkpoints in: data/checkpoints/ppo_v13_league
