[ppo_train_dynamic] starting at 2026-04-14T15:03:10Z
wandb: [wandb.login()] Loaded credentials for https://api.wandb.ai from WANDB_API_KEY.
wandb: Currently logged in as: dkorduban (korduban-ai) to https://api.wandb.ai. Use `wandb login --relogin` to force relogin
wandb: setting up run 0bc3a3e7
wandb: Tracking run with wandb version 0.25.1
wandb: Run data is saved locally in /home/dkord/code/twilight-struggle-ai/wandb/run-20260414_080312-0bc3a3e7
wandb: Run `wandb offline` to turn off syncing.
wandb: Syncing run ppo_v246_sc
wandb: ⭐️ View project at https://wandb.ai/korduban-ai/twilight-struggle-ai
wandb: 🚀 View run at https://wandb.ai/korduban-ai/twilight-struggle-ai/runs/0bc3a3e7
Loading checkpoint: data/checkpoints/ppo_v245_sc_league/ppo_best.pt

Starting PPO training: 30 iterations × 200 games/iter, side=both
Device: cuda, lr=5e-05, clip=0.12, ent=0.003, vf=0.5
League training enabled (pool: data/checkpoints/ppo_v246_sc_league, save-every=10)
  Saved to league pool: data/checkpoints/ppo_v246_sc_league/iter_0001.pt
  [league] self: self | ussr_pool: ['v228_sc_scripted', 'v217_sc_scripted'] | us_pool: ['iter_0001', 'iter_0001']
  [pfsp]
    [ussr] v228_sc_scripted: WR_ussr=0.56(n=120) WR_us=0.50(n=300) pfsp=0.986
    [ussr] v217_sc_scripted: WR_ussr=0.56(n=225) WR_us=0.57(n=138) pfsp=0.986
    [us] iter_0001: WR_ussr=?(n=0) WR_us=?(n=0) pfsp=1.000
  [diag] inf dtype=torch.float32 shape=torch.Size([2048, 172]) nan=0 inf_vals=0 range=[0.00,31.00]
  [diag] scalar dtype=torch.float32 nan=0 range=[-1.150,1.000]
  [diag] card_logits nan=0 range=[-16.62,15.45]
  [diag] values nan=0 range=[-0.9502,0.8657]
[iter   1/30] steps= 5083 rollout_wr=0.545 (ussr=0.540 us=0.550) pl=-0.0245 vl=0.2681 ent=3.681 clip=0.219 kl=0.0069 t=18.7s (rollout=15.9s update=2.8s)
  [league] self: self | ussr_pool: ['iter_0001', 'v55_scripted'] | us_pool: ['v228_sc_scripted', 'iter_0001']
  [pfsp]
    [ussr] iter_0001: WR_ussr=?(n=0) WR_us=0.50(n=80) pfsp=1.000
    [ussr] v55_scripted: WR_ussr=0.91(n=87) WR_us=0.94(n=98) pfsp=0.334
    [us] v228_sc_scripted: WR_ussr=0.55(n=160) WR_us=0.50(n=300) pfsp=1.000
    [us] iter_0001: WR_ussr=?(n=0) WR_us=0.50(n=80) pfsp=1.000
  [diag] inf dtype=torch.float32 shape=torch.Size([2048, 172]) nan=0 inf_vals=0 range=[0.00,29.00]
  [diag] scalar dtype=torch.float32 nan=0 range=[-1.100,1.200]
  [diag] card_logits nan=0 range=[-15.96,14.39]
  [diag] values nan=0 range=[-0.9386,0.8450]
[iter   2/30] steps= 4092 rollout_wr=0.630 (ussr=0.690 us=0.570) pl=-0.0121 vl=0.2949 ent=3.603 clip=0.103 kl=0.0033 t=14.1s (rollout=12.3s update=1.8s)
  [league] self: self | ussr_pool: ['v57_scripted', 'v55_scripted'] | us_pool: ['iter_0001', 'v57_scripted']
  [pfsp]
    [ussr] v57_scripted: WR_ussr=0.87(n=110) WR_us=0.97(n=98) pfsp=0.444
    [ussr] v55_scripted: WR_ussr=0.91(n=127) WR_us=0.94(n=98) pfsp=0.342
    [us] iter_0001: WR_ussr=0.50(n=40) WR_us=0.54(n=120) pfsp=0.993
    [us] v57_scripted: WR_ussr=0.87(n=110) WR_us=0.97(n=98) pfsp=0.119
  [diag] inf dtype=torch.float32 shape=torch.Size([2048, 172]) nan=0 inf_vals=0 range=[0.00,38.00]
  [diag] scalar dtype=torch.float32 nan=0 range=[-0.950,1.000]
  [diag] card_logits nan=0 range=[-16.53,15.30]
  [diag] values nan=0 range=[-0.9381,0.8456]
[iter   3/30] steps= 3046 rollout_wr=0.750 (ussr=0.840 us=0.660) pl=-0.0126 vl=0.3230 ent=3.475 clip=0.119 kl=0.0039 t=9.4s (rollout=8.1s update=1.3s)
  [league] self: self | ussr_pool: ['iter_0001', 'v55_scripted'] | us_pool: ['v48_scripted', 'v232_sc_scripted']
  [pfsp]
    [ussr] iter_0001: WR_ussr=0.50(n=40) WR_us=0.53(n=160) pfsp=1.000
    [ussr] v55_scripted: WR_ussr=0.90(n=167) WR_us=0.94(n=98) pfsp=0.347
    [us] v48_scripted: WR_ussr=0.91(n=118) WR_us=0.98(n=96) pfsp=0.082
    [us] v232_sc_scripted: WR_ussr=0.55(n=298) WR_us=0.57(n=202) pfsp=0.978
  [diag] inf dtype=torch.float32 shape=torch.Size([2048, 172]) nan=0 inf_vals=0 range=[0.00,32.00]
  [diag] scalar dtype=torch.float32 nan=0 range=[-1.150,1.000]
  [diag] card_logits nan=0 range=[-15.93,15.22]
  [diag] values nan=0 range=[-0.9445,0.8711]
[iter   4/30] steps= 3584 rollout_wr=0.710 (ussr=0.670 us=0.750) pl=-0.0077 vl=0.3084 ent=3.610 clip=0.172 kl=0.0057 t=12.1s (rollout=10.5s update=1.6s)
  [league] self: self | ussr_pool: ['iter_0001', 'v217_sc_scripted'] | us_pool: ['v232_sc_scripted', 'iter_0001']
  [pfsp]
    [ussr] iter_0001: WR_ussr=0.50(n=80) WR_us=0.53(n=160) pfsp=1.000
    [ussr] v217_sc_scripted: WR_ussr=0.55(n=265) WR_us=0.57(n=138) pfsp=0.988
    [us] v232_sc_scripted: WR_ussr=0.55(n=298) WR_us=0.58(n=242) pfsp=0.975
    [us] iter_0001: WR_ussr=0.50(n=80) WR_us=0.53(n=160) pfsp=0.996
  [diag] inf dtype=torch.float32 shape=torch.Size([2048, 172]) nan=0 inf_vals=0 range=[0.00,32.00]
  [diag] scalar dtype=torch.float32 nan=0 range=[-1.050,1.050]
  [diag] card_logits nan=0 range=[-16.61,15.24]
  [diag] values nan=0 range=[-0.9296,0.8882]
[iter   5/30] steps= 4550 rollout_wr=0.565 (ussr=0.600 us=0.530) pl=-0.0187 vl=0.2869 ent=3.683 clip=0.145 kl=0.0042 t=16.1s (rollout=14.2s update=1.9s)
  [league] self: self | ussr_pool: ['iter_0001', 'v45_scripted'] | us_pool: ['iter_0001', 'v232_sc_scripted']
  [pfsp]
    [ussr] iter_0001: WR_ussr=0.53(n=120) WR_us=0.53(n=200) pfsp=0.996
    [ussr] v45_scripted: WR_ussr=0.91(n=76) WR_us=?(n=0) pfsp=0.334
    [us] iter_0001: WR_ussr=0.53(n=120) WR_us=0.53(n=200) pfsp=0.996
    [us] v232_sc_scripted: WR_ussr=0.55(n=298) WR_us=0.57(n=282) pfsp=0.980
  [diag] inf dtype=torch.float32 shape=torch.Size([2048, 172]) nan=0 inf_vals=0 range=[0.00,27.00]
  [diag] scalar dtype=torch.float32 nan=0 range=[-0.950,1.000]
  [diag] card_logits nan=0 range=[-16.63,15.32]
  [diag] values nan=0 range=[-0.9285,0.9155]
[iter   6/30] steps= 4311 rollout_wr=0.690 (ussr=0.780 us=0.600) pl=-0.0156 vl=0.2592 ent=3.597 clip=0.118 kl=0.0035 t=14.8s (rollout=12.8s update=1.9s)
  [league] self: self | ussr_pool: ['heuristic', 'iter_0001'] | us_pool: ['iter_0001', 'v228_sc_scripted']
  [pfsp]
    [ussr] heuristic: WR_ussr=0.52(n=205) WR_us=0.39(n=213) pfsp=0.999
    [ussr] iter_0001: WR_ussr=0.60(n=160) WR_us=0.55(n=240) pfsp=0.960
    [us] iter_0001: WR_ussr=0.60(n=160) WR_us=0.55(n=240) pfsp=0.990
    [us] v228_sc_scripted: WR_ussr=0.55(n=160) WR_us=0.50(n=340) pfsp=1.000
  [diag] inf dtype=torch.float32 shape=torch.Size([2048, 172]) nan=0 inf_vals=0 range=[0.00,40.00]
  [diag] scalar dtype=torch.float32 nan=0 range=[-1.450,1.100]
  [diag] card_logits nan=0 range=[-16.91,13.65]
  [diag] values nan=0 range=[-0.9388,0.9209]
[iter   7/30] steps= 4593 rollout_wr=0.600 (ussr=0.630 us=0.570) pl=-0.0138 vl=0.2571 ent=3.642 clip=0.125 kl=0.0036 t=17.0s (rollout=15.0s update=2.0s)
  [league] self: self | ussr_pool: ['v232_sc_scripted', 'iter_0001'] | us_pool: ['iter_0001', 'heuristic']
  [pfsp]
    [ussr] v232_sc_scripted: WR_ussr=0.55(n=298) WR_us=0.57(n=322) pfsp=0.990
    [ussr] iter_0001: WR_ussr=0.61(n=200) WR_us=0.56(n=280) pfsp=0.952
    [us] iter_0001: WR_ussr=0.61(n=200) WR_us=0.56(n=280) pfsp=0.987
    [us] heuristic: WR_ussr=0.53(n=245) WR_us=0.39(n=213) pfsp=0.955
  [diag] inf dtype=torch.float32 shape=torch.Size([2048, 172]) nan=0 inf_vals=0 range=[0.00,37.00]
  [diag] scalar dtype=torch.float32 nan=0 range=[-0.950,1.050]
  [diag] card_logits nan=0 range=[-16.71,15.12]
  [diag] values nan=0 range=[-0.9458,0.9374]
[iter   8/30] steps= 5196 rollout_wr=0.545 (ussr=0.590 us=0.500) pl=-0.0109 vl=0.2675 ent=3.589 clip=0.144 kl=0.0040 t=16.9s (rollout=14.8s update=2.1s)
  [league] self: self | ussr_pool: ['v228_sc_scripted', 'iter_0001'] | us_pool: ['heuristic', 'v217_sc_scripted']
  [pfsp]
    [ussr] v228_sc_scripted: WR_ussr=0.55(n=160) WR_us=0.50(n=380) pfsp=0.990
    [ussr] iter_0001: WR_ussr=0.60(n=240) WR_us=0.56(n=320) pfsp=0.957
    [us] heuristic: WR_ussr=0.53(n=245) WR_us=0.41(n=253) pfsp=0.965
    [us] v217_sc_scripted: WR_ussr=0.55(n=305) WR_us=0.57(n=138) pfsp=0.983
  [diag] inf dtype=torch.float32 shape=torch.Size([2048, 172]) nan=0 inf_vals=0 range=[0.00,36.00]
  [diag] scalar dtype=torch.float32 nan=0 range=[-1.000,1.350]
  [diag] card_logits nan=0 range=[-16.60,15.41]
  [diag] values nan=0 range=[-0.9686,0.9250]
[iter   9/30] steps= 4980 rollout_wr=0.540 (ussr=0.580 us=0.500) pl=-0.0127 vl=0.2725 ent=3.608 clip=0.103 kl=0.0032 t=16.9s (rollout=14.7s update=2.1s)
  Saved to league pool: data/checkpoints/ppo_v246_sc_league/iter_0010.pt
  [league] self: self | ussr_pool: ['v228_sc_scripted', 'iter_0001'] | us_pool: ['v228_sc_scripted', 'v228_sc_scripted']
  [pfsp]
    [ussr] v228_sc_scripted: WR_ussr=0.54(n=200) WR_us=0.50(n=380) pfsp=0.994
    [ussr] iter_0001: WR_ussr=0.61(n=280) WR_us=0.56(n=320) pfsp=0.951
    [us] v228_sc_scripted: WR_ussr=0.54(n=200) WR_us=0.50(n=380) pfsp=1.000
  [diag] inf dtype=torch.float32 shape=torch.Size([2048, 172]) nan=0 inf_vals=0 range=[0.00,33.00]
  [diag] scalar dtype=torch.float32 nan=0 range=[-0.950,1.000]
  [diag] card_logits nan=0 range=[-16.38,16.42]
  [diag] values nan=0 range=[-0.9627,0.9166]
[iter  10/30] steps= 4644 rollout_wr=0.560 (ussr=0.600 us=0.520) pl=-0.0111 vl=0.2647 ent=3.611 clip=0.126 kl=0.0043 t=17.0s (rollout=15.0s update=2.1s)
  [confirm] launched incremental Elo check for iter 10
  [panel eval] launched pid=1326022 iter=10 panel=['v55', 'v54', 'v44', 'v45', 'v48']
  [league] self: self | ussr_pool: ['v232_sc_scripted', 'v232_sc_scripted'] | us_pool: ['v228_sc_scripted', 'iter_0001']
  [pfsp]
    [ussr] v232_sc_scripted: WR_ussr=0.56(n=338) WR_us=0.57(n=322) pfsp=0.987
    [us] v228_sc_scripted: WR_ussr=0.55(n=240) WR_us=0.51(n=460) pfsp=1.000
    [us] iter_0001: WR_ussr=0.62(n=320) WR_us=0.56(n=320) pfsp=0.984
  [diag] inf dtype=torch.float32 shape=torch.Size([2048, 172]) nan=0 inf_vals=0 range=[0.00,31.00]
  [diag] scalar dtype=torch.float32 nan=0 range=[-0.950,1.000]
  [diag] card_logits nan=0 range=[-17.27,16.25]
  [diag] values nan=0 range=[-0.9568,0.9185]
[iter  11/30] steps= 4771 rollout_wr=0.535 (ussr=0.560 us=0.510) pl=-0.0095 vl=0.2927 ent=3.607 clip=0.107 kl=0.0030 t=17.1s (rollout=15.0s update=2.1s)
  [panel eval iter 10] avg=0.948 elapsed=18s: v55=0.950 | v54=0.933 | v44=0.967 | v45=0.967 | v48=0.933
  [panel eval] NEW HIGH-WATER MARK iter=10 avg_wr=0.9479 → ppo_running_best.pt (provenance: ppo_iter0010.pt)
  [league] self: self | ussr_pool: ['iter_0001', 'iter_0001'] | us_pool: ['heuristic', 'v54_scripted']
  [pfsp]
    [ussr] iter_0001: WR_ussr=0.62(n=320) WR_us=0.55(n=360) pfsp=0.944
    [us] heuristic: WR_ussr=0.53(n=245) WR_us=0.40(n=293) pfsp=0.959
    [us] v54_scripted: WR_ussr=?(n=0) WR_us=0.95(n=79) pfsp=0.192
  [diag] inf dtype=torch.float32 shape=torch.Size([2048, 172]) nan=0 inf_vals=0 range=[0.00,35.00]
  [diag] scalar dtype=torch.float32 nan=0 range=[-0.950,1.000]
  [diag] card_logits nan=0 range=[-16.34,15.35]
  [diag] values nan=0 range=[-0.9546,0.8905]
[iter  12/30] steps= 4420 rollout_wr=0.590 (ussr=0.520 us=0.660) pl=-0.0088 vl=0.2759 ent=3.675 clip=0.118 kl=0.0035 t=15.5s (rollout=13.5s update=1.9s)
  [league] self: self | ussr_pool: ['iter_0001', 'v217_sc_scripted'] | us_pool: ['iter_0001', 'iter_0010']
  [pfsp]
    [ussr] iter_0001: WR_ussr=0.60(n=400) WR_us=0.55(n=360) pfsp=0.958
    [ussr] v217_sc_scripted: WR_ussr=0.55(n=305) WR_us=0.58(n=178) pfsp=0.988
    [us] iter_0001: WR_ussr=0.60(n=400) WR_us=0.55(n=360) pfsp=0.990
    [us] iter_0010: WR_ussr=?(n=0) WR_us=?(n=0) pfsp=1.000
  [diag] inf dtype=torch.float32 shape=torch.Size([2048, 172]) nan=0 inf_vals=0 range=[0.00,31.00]
  [diag] scalar dtype=torch.float32 nan=0 range=[-0.950,1.050]
  [diag] card_logits nan=0 range=[-17.75,14.81]
  [diag] values nan=0 range=[-0.9540,0.9133]
[iter  13/30] steps= 4842 rollout_wr=0.535 (ussr=0.560 us=0.510) pl=-0.0175 vl=0.2679 ent=3.565 clip=0.110 kl=0.0032 t=16.9s (rollout=14.8s update=2.0s)
  [league] self: self | ussr_pool: ['v55_scripted', 'heuristic'] | us_pool: ['v232_sc_scripted', 'v232_sc_scripted']
  [pfsp]
    [ussr] v55_scripted: WR_ussr=0.91(n=207) WR_us=0.94(n=98) pfsp=0.333
    [ussr] heuristic: WR_ussr=0.53(n=245) WR_us=0.41(n=333) pfsp=0.995
    [us] v232_sc_scripted: WR_ussr=0.56(n=418) WR_us=0.57(n=322) pfsp=0.980
  [diag] inf dtype=torch.float32 shape=torch.Size([2048, 172]) nan=0 inf_vals=0 range=[0.00,40.00]
  [diag] scalar dtype=torch.float32 nan=0 range=[-1.100,1.300]
  [diag] card_logits nan=0 range=[-17.26,15.11]
  [diag] values nan=0 range=[-0.9551,0.9342]
[iter  14/30] steps= 4017 rollout_wr=0.685 (ussr=0.730 us=0.640) pl=-0.0099 vl=0.3113 ent=3.521 clip=0.093 kl=0.0030 t=14.6s (rollout=12.9s update=1.7s)
  [league] self: self | ussr_pool: ['v232_sc_scripted', 'v228_sc_scripted'] | us_pool: ['v217_sc_scripted', 'v217_sc_scripted']
  [pfsp]
    [ussr] v232_sc_scripted: WR_ussr=0.56(n=418) WR_us=0.58(n=402) pfsp=0.986
    [ussr] v228_sc_scripted: WR_ussr=0.55(n=240) WR_us=0.51(n=500) pfsp=0.992
    [us] v217_sc_scripted: WR_ussr=0.56(n=345) WR_us=0.58(n=178) pfsp=0.975
  [diag] inf dtype=torch.float32 shape=torch.Size([2048, 172]) nan=0 inf_vals=0 range=[0.00,38.00]
  [diag] scalar dtype=torch.float32 nan=0 range=[-0.950,1.050]
  [diag] card_logits nan=0 range=[-16.74,16.09]
  [diag] values nan=0 range=[-0.9515,0.9313]
[iter  15/30] steps= 4834 rollout_wr=0.535 (ussr=0.510 us=0.560) pl=-0.0192 vl=0.2769 ent=3.612 clip=0.147 kl=0.0041 t=17.6s (rollout=15.4s update=2.2s)
  [league] self: self | ussr_pool: ['iter_0001', 'iter_0010'] | us_pool: ['iter_0001', 'v228_sc_scripted']
  [pfsp]
    [ussr] iter_0001: WR_ussr=0.60(n=440) WR_us=0.55(n=400) pfsp=0.962
    [ussr] iter_0010: WR_ussr=?(n=0) WR_us=0.45(n=40) pfsp=1.000
    [us] iter_0001: WR_ussr=0.60(n=440) WR_us=0.55(n=400) pfsp=0.991
    [us] v228_sc_scripted: WR_ussr=0.55(n=280) WR_us=0.51(n=500) pfsp=1.000
  [diag] inf dtype=torch.float32 shape=torch.Size([2048, 172]) nan=0 inf_vals=0 range=[0.00,35.00]
  [diag] scalar dtype=torch.float32 nan=0 range=[-0.950,1.000]
  [diag] card_logits nan=0 range=[-17.15,15.15]
  [diag] values nan=0 range=[-0.9574,0.9009]
[iter  16/30] steps= 4986 rollout_wr=0.505 (ussr=0.530 us=0.480) pl=-0.0117 vl=0.2769 ent=3.505 clip=0.128 kl=0.0038 t=18.1s (rollout=16.0s update=2.2s)
  [league] self: self | ussr_pool: ['iter_0001', 'iter_0010'] | us_pool: ['iter_0010', 'iter_0001']
  [pfsp]
    [ussr] iter_0001: WR_ussr=0.59(n=480) WR_us=0.55(n=440) pfsp=0.965
    [ussr] iter_0010: WR_ussr=0.55(n=40) WR_us=0.45(n=40) pfsp=0.990
    [us] iter_0010: WR_ussr=0.55(n=40) WR_us=0.45(n=40) pfsp=0.990
    [us] iter_0001: WR_ussr=0.59(n=480) WR_us=0.55(n=440) pfsp=0.992
  [diag] inf dtype=torch.float32 shape=torch.Size([2048, 172]) nan=0 inf_vals=0 range=[0.00,34.00]
  [diag] scalar dtype=torch.float32 nan=0 range=[-1.100,1.000]
  [diag] card_logits nan=0 range=[-17.58,16.00]
  [diag] values nan=0 range=[-0.9582,0.8968]
[iter  17/30] steps= 4527 rollout_wr=0.565 (ussr=0.620 us=0.510) pl=-0.0117 vl=0.3010 ent=3.503 clip=0.136 kl=0.0039 t=16.4s (rollout=14.5s update=1.9s)
  [league] self: self | ussr_pool: ['iter_0010', 'heuristic'] | us_pool: ['heuristic', 'v57_scripted']
  [pfsp]
    [ussr] iter_0010: WR_ussr=0.56(n=80) WR_us=0.55(n=80) pfsp=0.984
    [ussr] heuristic: WR_ussr=0.56(n=285) WR_us=0.41(n=333) pfsp=0.987
    [us] heuristic: WR_ussr=0.56(n=285) WR_us=0.41(n=333) pfsp=0.966
    [us] v57_scripted: WR_ussr=0.88(n=150) WR_us=0.97(n=138) pfsp=0.113
  [diag] inf dtype=torch.float32 shape=torch.Size([2048, 172]) nan=0 inf_vals=0 range=[0.00,41.00]
  [diag] scalar dtype=torch.float32 nan=0 range=[-1.150,1.250]
  [diag] card_logits nan=0 range=[-18.05,14.87]
  [diag] values nan=0 range=[-0.9695,0.8930]
[iter  18/30] steps= 4317 rollout_wr=0.615 (ussr=0.580 us=0.650) pl=-0.0258 vl=0.2797 ent=3.574 clip=0.161 kl=0.0051 t=16.0s (rollout=14.1s update=1.9s)
  [league] self: self | ussr_pool: ['iter_0001', 'iter_0010'] | us_pool: ['iter_0010', 'heuristic']
  [pfsp]
    [ussr] iter_0001: WR_ussr=0.60(n=520) WR_us=0.53(n=480) pfsp=0.962
    [ussr] iter_0010: WR_ussr=0.58(n=120) WR_us=0.55(n=80) pfsp=0.972
    [us] iter_0010: WR_ussr=0.58(n=120) WR_us=0.55(n=80) pfsp=0.990
    [us] heuristic: WR_ussr=0.57(n=325) WR_us=0.41(n=373) pfsp=0.966
  [diag] inf dtype=torch.float32 shape=torch.Size([2048, 172]) nan=0 inf_vals=0 range=[0.00,36.00]
  [diag] scalar dtype=torch.float32 nan=0 range=[-1.000,1.150]
  [diag] card_logits nan=0 range=[-17.12,15.39]
  [diag] values nan=0 range=[-0.9552,0.9351]
[iter  19/30] steps= 4765 rollout_wr=0.570 (ussr=0.590 us=0.550) pl=-0.0109 vl=0.2555 ent=3.528 clip=0.107 kl=0.0031 t=17.3s (rollout=15.2s update=2.1s)
  Saved to league pool: data/checkpoints/ppo_v246_sc_league/iter_0020.pt
  [league] self: self | ussr_pool: ['v217_sc_scripted', 'iter_0001'] | us_pool: ['v57_scripted', 'iter_0001']
  [pfsp]
    [ussr] v217_sc_scripted: WR_ussr=0.56(n=345) WR_us=0.58(n=258) pfsp=0.984
    [ussr] iter_0001: WR_ussr=0.61(n=560) WR_us=0.53(n=480) pfsp=0.956
    [us] v57_scripted: WR_ussr=0.88(n=150) WR_us=0.98(n=178) pfsp=0.088
    [us] iter_0001: WR_ussr=0.61(n=560) WR_us=0.53(n=480) pfsp=0.996
  [diag] inf dtype=torch.float32 shape=torch.Size([2048, 172]) nan=0 inf_vals=0 range=[0.00,31.00]
  [diag] scalar dtype=torch.float32 nan=0 range=[-1.000,1.000]
  [diag] card_logits nan=0 range=[-17.01,14.78]
  [diag] values nan=0 range=[-0.9670,0.9123]
[iter  20/30] steps= 3936 rollout_wr=0.635 (ussr=0.580 us=0.690) pl=-0.0118 vl=0.3010 ent=3.554 clip=0.066 kl=0.0019 t=14.6s (rollout=13.0s update=1.6s)
  [jsd] iter=20 prev_iter=10 card_jsd=0.0051 top1=0.934 val_mae=0.0664
  [confirm] launched incremental Elo check for iter 20
  [panel eval] launched pid=1326323 iter=20 panel=['v55', 'v54', 'v44', 'v45', 'v48']
  [league] self: self | ussr_pool: ['v45_scripted', 'v217_sc_scripted'] | us_pool: ['iter_0001', 'v228_sc_scripted']
  [pfsp]
    [ussr] v45_scripted: WR_ussr=0.91(n=116) WR_us=?(n=0) pfsp=0.315
    [ussr] v217_sc_scripted: WR_ussr=0.57(n=385) WR_us=0.58(n=258) pfsp=0.982
    [us] iter_0001: WR_ussr=0.60(n=600) WR_us=0.53(n=520) pfsp=0.997
    [us] v228_sc_scripted: WR_ussr=0.55(n=280) WR_us=0.51(n=540) pfsp=1.000
  [diag] inf dtype=torch.float32 shape=torch.Size([2048, 172]) nan=0 inf_vals=0 range=[0.00,34.00]
  [diag] scalar dtype=torch.float32 nan=0 range=[-0.950,1.000]
  [diag] card_logits nan=0 range=[-17.47,16.28]
  [diag] values nan=0 range=[-0.9682,0.9593]
[iter  21/30] steps= 4230 rollout_wr=0.675 (ussr=0.770 us=0.580) pl=0.0180 vl=0.2739 ent=3.482 clip=0.124 kl=0.0037 t=16.9s (rollout=15.0s update=1.9s)
  [panel eval iter 20] avg=0.969 elapsed=18s: v55=0.967 | v54=0.950 | v44=0.983 | v45=0.967 | v48=0.983
  [panel eval] NEW HIGH-WATER MARK iter=20 avg_wr=0.9694 → ppo_running_best.pt (provenance: ppo_iter0020.pt)
  [league] self: self | ussr_pool: ['iter_0010', 'iter_0010'] | us_pool: ['iter_0020', 'v217_sc_scripted']
  [pfsp]
    [ussr] iter_0010: WR_ussr=0.59(n=160) WR_us=0.57(n=120) pfsp=0.965
    [us] iter_0020: WR_ussr=?(n=0) WR_us=?(n=0) pfsp=1.000
    [us] v217_sc_scripted: WR_ussr=0.57(n=425) WR_us=0.58(n=258) pfsp=0.973
  [diag] inf dtype=torch.float32 shape=torch.Size([2048, 172]) nan=0 inf_vals=0 range=[0.00,29.00]
  [diag] scalar dtype=torch.float32 nan=0 range=[-1.200,1.000]
  [diag] card_logits nan=0 range=[-17.59,15.57]
  [diag] values nan=0 range=[-0.9767,0.9487]
[iter  22/30] steps= 4555 rollout_wr=0.565 (ussr=0.600 us=0.530) pl=-0.0210 vl=0.3015 ent=3.500 clip=0.095 kl=0.0027 t=18.2s (rollout=16.1s update=2.0s)
  [league] self: self | ussr_pool: ['v228_sc_scripted', 'iter_0010'] | us_pool: ['v217_sc_scripted', 'v44_scripted']
  [pfsp]
    [ussr] v228_sc_scripted: WR_ussr=0.55(n=280) WR_us=0.52(n=580) pfsp=0.991
    [ussr] iter_0010: WR_ussr=0.60(n=240) WR_us=0.57(n=120) pfsp=0.963
    [us] v217_sc_scripted: WR_ussr=0.57(n=425) WR_us=0.59(n=298) pfsp=0.965
    [us] v44_scripted: WR_ussr=?(n=0) WR_us=0.98(n=90) pfsp=0.087
  [diag] inf dtype=torch.float32 shape=torch.Size([2048, 172]) nan=0 inf_vals=0 range=[0.00,35.00]
  [diag] scalar dtype=torch.float32 nan=0 range=[-1.000,1.250]
  [diag] card_logits nan=0 range=[-17.55,15.76]
  [diag] values nan=0 range=[-0.9513,0.9265]
[iter  23/30] steps= 4178 rollout_wr=0.650 (ussr=0.590 us=0.710) pl=-0.0244 vl=0.2724 ent=3.551 clip=0.146 kl=0.0041 t=16.4s (rollout=14.6s update=1.8s)
  [league] self: self | ussr_pool: ['heuristic', 'v232_sc_scripted'] | us_pool: ['iter_0020', 'iter_0001']
  [pfsp]
    [ussr] heuristic: WR_ussr=0.57(n=325) WR_us=0.42(n=413) pfsp=0.982
    [ussr] v232_sc_scripted: WR_ussr=0.55(n=458) WR_us=0.58(n=402) pfsp=0.990
    [us] iter_0020: WR_ussr=?(n=0) WR_us=0.47(n=40) pfsp=0.997
    [us] iter_0001: WR_ussr=0.60(n=600) WR_us=0.53(n=560) pfsp=0.997
  [diag] inf dtype=torch.float32 shape=torch.Size([2048, 172]) nan=0 inf_vals=0 range=[0.00,39.00]
  [diag] scalar dtype=torch.float32 nan=0 range=[-0.850,1.000]
  [diag] card_logits nan=0 range=[-17.60,15.46]
  [diag] values nan=0 range=[-0.9747,0.9022]
[iter  24/30] steps= 4782 rollout_wr=0.595 (ussr=0.580 us=0.610) pl=-0.0086 vl=0.2921 ent=3.583 clip=0.149 kl=0.0043 t=19.4s (rollout=17.3s update=2.0s)
  [league] self: self | ussr_pool: ['v45_scripted', 'v57_scripted'] | us_pool: ['iter_0001', 'iter_0020']
  [pfsp]
    [ussr] v45_scripted: WR_ussr=0.93(n=156) WR_us=?(n=0) pfsp=0.262
    [ussr] v57_scripted: WR_ussr=0.88(n=150) WR_us=0.98(n=218) pfsp=0.422
    [us] iter_0001: WR_ussr=0.60(n=600) WR_us=0.53(n=600) pfsp=0.997
    [us] iter_0020: WR_ussr=?(n=0) WR_us=0.57(n=80) pfsp=0.978
  [diag] inf dtype=torch.float32 shape=torch.Size([2048, 172]) nan=0 inf_vals=0 range=[0.00,29.00]
  [diag] scalar dtype=torch.float32 nan=0 range=[-0.850,1.000]
  [diag] card_logits nan=0 range=[-16.48,15.84]
  [diag] values nan=0 range=[-0.9479,0.9362]
[iter  25/30] steps= 3626 rollout_wr=0.740 (ussr=0.860 us=0.620) pl=-0.0123 vl=0.2963 ent=3.517 clip=0.057 kl=0.0017 t=14.0s (rollout=12.4s update=1.6s)
  [league] self: self | ussr_pool: ['v228_sc_scripted', 'iter_0010'] | us_pool: ['v228_sc_scripted', 'iter_0010']
  [pfsp]
    [ussr] v228_sc_scripted: WR_ussr=0.55(n=320) WR_us=0.52(n=580) pfsp=0.989
    [ussr] iter_0010: WR_ussr=0.60(n=280) WR_us=0.57(n=120) pfsp=0.960
    [us] v228_sc_scripted: WR_ussr=0.55(n=320) WR_us=0.52(n=580) pfsp=0.999
    [us] iter_0010: WR_ussr=0.60(n=280) WR_us=0.57(n=120) pfsp=0.982
  [diag] inf dtype=torch.float32 shape=torch.Size([2048, 172]) nan=0 inf_vals=0 range=[0.00,32.00]
  [diag] scalar dtype=torch.float32 nan=0 range=[-0.950,1.250]
  [diag] card_logits nan=0 range=[-17.98,15.25]
  [diag] values nan=0 range=[-0.9314,0.9349]
[iter  26/30] steps= 4635 rollout_wr=0.605 (ussr=0.580 us=0.630) pl=-0.0023 vl=0.2669 ent=3.540 clip=0.182 kl=0.0080 t=18.8s (rollout=16.9s update=2.0s)
  [league] self: self | ussr_pool: ['iter_0020', 'v22_scripted'] | us_pool: ['iter_0010', 'iter_0020']
  [pfsp]
    [ussr] iter_0020: WR_ussr=?(n=0) WR_us=0.59(n=120) pfsp=1.000
    [ussr] v22_scripted: WR_ussr=0.92(n=114) WR_us=?(n=0) pfsp=0.291
    [us] iter_0010: WR_ussr=0.60(n=320) WR_us=0.58(n=160) pfsp=0.974
    [us] iter_0020: WR_ussr=?(n=0) WR_us=0.59(n=120) pfsp=0.966
  [diag] inf dtype=torch.float32 shape=torch.Size([2048, 172]) nan=0 inf_vals=0 range=[0.00,35.00]
  [diag] scalar dtype=torch.float32 nan=0 range=[-0.950,1.100]
  [diag] card_logits nan=0 range=[-17.07,14.12]
  [diag] values nan=0 range=[-0.9231,0.9249]
[iter  27/30] steps= 3988 rollout_wr=0.620 (ussr=0.650 us=0.590) pl=-0.0114 vl=0.2846 ent=3.465 clip=0.084 kl=0.0024 t=16.7s (rollout=15.0s update=1.7s)
  [league] self: self | ussr_pool: ['iter_0020', 'heuristic'] | us_pool: ['iter_0020', 'v228_sc_scripted']
  [pfsp]
    [ussr] iter_0020: WR_ussr=0.38(n=40) WR_us=0.61(n=160) pfsp=0.938
    [ussr] heuristic: WR_ussr=0.57(n=365) WR_us=0.42(n=413) pfsp=0.980
    [us] iter_0020: WR_ussr=0.38(n=40) WR_us=0.61(n=160) pfsp=0.955
    [us] v228_sc_scripted: WR_ussr=0.56(n=360) WR_us=0.52(n=620) pfsp=0.998
  [diag] inf dtype=torch.float32 shape=torch.Size([2048, 172]) nan=0 inf_vals=0 range=[0.00,42.00]
  [diag] scalar dtype=torch.float32 nan=0 range=[-1.100,1.100]
  [diag] card_logits nan=0 range=[-17.70,13.30]
  [diag] values nan=0 range=[-0.9494,0.9257]
[iter  28/30] steps= 4828 rollout_wr=0.640 (ussr=0.690 us=0.590) pl=-0.0171 vl=0.2690 ent=3.620 clip=0.161 kl=0.0048 t=19.7s (rollout=17.6s update=2.2s)
  [league] self: self | ussr_pool: ['v45_scripted', 'iter_0020'] | us_pool: ['v228_sc_scripted', 'v232_sc_scripted']
  [pfsp]
    [ussr] v45_scripted: WR_ussr=0.92(n=196) WR_us=?(n=0) pfsp=0.300
    [ussr] iter_0020: WR_ussr=0.50(n=80) WR_us=0.60(n=200) pfsp=1.000
    [us] v228_sc_scripted: WR_ussr=0.56(n=360) WR_us=0.53(n=660) pfsp=0.996
    [us] v232_sc_scripted: WR_ussr=0.55(n=498) WR_us=0.58(n=402) pfsp=0.975
  [diag] inf dtype=torch.float32 shape=torch.Size([2048, 172]) nan=0 inf_vals=0 range=[0.00,42.00]
  [diag] scalar dtype=torch.float32 nan=0 range=[-0.950,1.000]
  [diag] card_logits nan=0 range=[-17.51,15.33]
  [diag] values nan=0 range=[-0.9525,0.9133]
[iter  29/30] steps= 4004 rollout_wr=0.655 (ussr=0.710 us=0.600) pl=-0.0113 vl=0.3124 ent=3.469 clip=0.070 kl=0.0021 t=15.4s (rollout=13.6s update=1.8s)
  Saved to league pool: data/checkpoints/ppo_v246_sc_league/iter_0030.pt
  [league] self: self | ussr_pool: ['iter_0030', 'v228_sc_scripted'] | us_pool: ['v228_sc_scripted', 'v44_scripted']
  [pfsp]
    [ussr] iter_0030: WR_ussr=?(n=0) WR_us=?(n=0) pfsp=1.000
    [ussr] v228_sc_scripted: WR_ussr=0.56(n=360) WR_us=0.54(n=700) pfsp=0.985
    [us] v228_sc_scripted: WR_ussr=0.56(n=360) WR_us=0.54(n=700) pfsp=0.994
    [us] v44_scripted: WR_ussr=?(n=0) WR_us=0.98(n=130) pfsp=0.090
  [diag] inf dtype=torch.float32 shape=torch.Size([2048, 172]) nan=0 inf_vals=0 range=[0.00,34.00]
  [diag] scalar dtype=torch.float32 nan=0 range=[-1.150,1.050]
  [diag] card_logits nan=0 range=[-17.68,15.60]
  [diag] values nan=0 range=[-0.9599,0.9060]
[iter  30/30] steps= 3872 rollout_wr=0.650 (ussr=0.560 us=0.740) pl=-0.0085 vl=0.2779 ent=3.532 clip=0.103 kl=0.0034 t=15.8s (rollout=14.1s update=1.7s)
  [jsd] iter=30 prev_iter=20 card_jsd=0.0070 top1=0.935 val_mae=0.0733
  [confirm] launched incremental Elo check for iter 30
  [panel eval] launched pid=1326665 iter=30 panel=['v55', 'v54', 'v44', 'v45', 'v48']
wandb: updating run metadata; uploading artifact run-0bc3a3e7-chartsrollout_wr_table-5NaUFw
wandb: uploading artifact run-0bc3a3e7-chartsrollout_wr_table-5NaUFw
wandb: uploading wandb-summary.json; uploading config.yaml; uploading media/table/charts/rollout_wr_table_29_bf0eabb1870d6863984d.table.json; uploading output.log
wandb: uploading history steps 28-29, summary, console lines 336-346
wandb: 
wandb: Run history:
wandb:               approx_kl ▇▃▃▅▄▃▃▄▃▄▂▃▃▂▄▃▃▅▃▁▃▂▄▄▁█▂▄▁▃
wandb:           clip_fraction █▃▄▆▅▄▄▅▃▄▃▄▃▃▅▄▄▅▃▁▄▃▅▅▁▆▂▆▂▃
wandb: core_scalar_weight_norm ▁▁▁▁▁▂▂▂▁▂▃▃▃▃▄▄▄▃▃▃▃▄▅▆▆▆▆███
wandb:                ent_coef ▁▁▁▁▁▁▁▁▁▁▁▁▁▁▁▁▁▁▁▁▁▁▁▁▁▁▁▁▁▁
wandb:                 entropy █▅▁▆█▅▇▅▆▆▆█▄▃▆▂▂▅▃▄▂▂▄▅▃▃▁▆▁▃
wandb:             iter_time_s ▇▄▁▃▆▅▆▆▆▆▆▅▆▅▇▇▆▅▆▅▆▇▆█▄▇▆█▅▅
wandb:  jsd/card_early_vs_prev ▁█
wandb:   jsd/card_late_vs_prev ▁█
wandb:    jsd/card_mid_vs_prev ▁█
wandb:        jsd/card_vs_prev ▁█
wandb:                    +207 ...
wandb: 
wandb: Run summary:
wandb:               approx_kl 0.00339
wandb:           clip_fraction 0.10291
wandb: core_scalar_weight_norm 4.05169
wandb:                ent_coef 0.003
wandb:                 entropy 3.53155
wandb:             iter_time_s 15.82845
wandb:  jsd/card_early_vs_prev 0.00948
wandb:   jsd/card_late_vs_prev 0.004
wandb:    jsd/card_mid_vs_prev 0.00745
wandb:        jsd/card_vs_prev 0.00698
wandb:                    +207 ...
wandb: 
wandb: 🚀 View run ppo_v246_sc at: https://wandb.ai/korduban-ai/twilight-struggle-ai/runs/0bc3a3e7
wandb: ⭐️ View project at: https://wandb.ai/korduban-ai/twilight-struggle-ai
wandb: Synced 5 W&B file(s), 30 media file(s), 60 artifact file(s) and 0 other file(s)
wandb: Find logs at: ./wandb/run-20260414_080312-0bc3a3e7/logs

Training complete in 8.4 minutes
Checkpoints in: data/checkpoints/ppo_v246_sc_league
[ppo_train_dynamic] finished at 2026-04-14T15:11:45Z
