[ppo_train_dynamic] starting at 2026-04-13T16:39:03Z
wandb: [wandb.login()] Loaded credentials for https://api.wandb.ai from WANDB_API_KEY.
wandb: Currently logged in as: dkorduban (korduban-ai) to https://api.wandb.ai. Use `wandb login --relogin` to force relogin
wandb: setting up run eb87ed81
wandb: Tracking run with wandb version 0.25.1
wandb: Run data is saved locally in /home/dkord/code/twilight-struggle-ai/wandb/run-20260413_093905-eb87ed81
wandb: Run `wandb offline` to turn off syncing.
wandb: Syncing run ppo_v92_sc
wandb: ⭐️ View project at https://wandb.ai/korduban-ai/twilight-struggle-ai
wandb: 🚀 View run at https://wandb.ai/korduban-ai/twilight-struggle-ai/runs/eb87ed81
[tracking] log_experiment_start failed: cannot access local variable 'sys' where it is not associated with a value
Loading checkpoint: data/checkpoints/ppo_v91_sc_league/ppo_best.pt
[smoke test] Smoke test passed: 10 games completed
  --reset-optimizer: skipping optimizer state restore, starting fresh Adam.

Starting PPO training: 30 iterations × 200 games/iter, side=both
Device: cuda, lr=2e-05, clip=0.12, ent=0.01, vf=0.5
League training enabled (pool: data/checkpoints/ppo_v92_sc_league, save-every=10)
  Saved to league pool: data/checkpoints/ppo_v92_sc_league/iter_0001.pt
  [league] self: self | ussr_pool: ['iter_0001', 'v45_scripted'] | us_pool: ['v21_scripted', 'v58_scripted']
  [pfsp]
    [ussr] iter_0001: WR_ussr=?(n=0) WR_us=?(n=0) pfsp=1.000
    [ussr] v45_scripted: WR_ussr=0.49(n=134) WR_us=0.64(n=171) pfsp=1.000
    [us] v21_scripted: WR_ussr=0.49(n=73) WR_us=0.66(n=130) pfsp=0.896
    [us] v58_scripted: WR_ussr=0.50(n=170) WR_us=0.68(n=162) pfsp=0.872
  [diag] inf dtype=torch.float32 shape=torch.Size([2048, 172]) nan=0 inf_vals=0 range=[0.00,26.00]
  [diag] scalar dtype=torch.float32 nan=0 range=[-0.550,1.000]
  [diag] card_logits nan=0 range=[-15.51,12.14]
  [diag] values nan=0 range=[-0.4783,0.5562]
[iter   1/30] steps= 2256 rollout_wr=0.580 (ussr=0.480 us=0.680) pl=0.0013 vl=0.4627 ent=3.963 clip=0.047 kl=0.0015 t=6.5s (rollout=4.7s update=1.7s)
  [league] self: self | ussr_pool: ['v22_scripted', 'v20_scripted'] | us_pool: ['v15_scripted', 'iter_0001']
  [pfsp]
    [ussr] v22_scripted: WR_ussr=0.51(n=156) WR_us=?(n=0) pfsp=1.000
    [ussr] v20_scripted: WR_ussr=0.46(n=97) WR_us=0.69(n=174) pfsp=0.995
    [us] v15_scripted: WR_ussr=?(n=0) WR_us=0.66(n=142) pfsp=0.895
    [us] iter_0001: WR_ussr=0.40(n=40) WR_us=?(n=0) pfsp=1.000
  [diag] inf dtype=torch.float32 shape=torch.Size([2048, 172]) nan=0 inf_vals=0 range=[0.00,24.00]
  [diag] scalar dtype=torch.float32 nan=0 range=[-0.500,1.000]
  [diag] card_logits nan=0 range=[-15.18,14.28]
  [diag] values nan=0 range=[-0.6269,0.5863]
[iter   2/30] steps= 2296 rollout_wr=0.595 (ussr=0.490 us=0.700) pl=-0.0044 vl=0.4515 ent=3.793 clip=0.037 kl=0.0010 t=5.7s (rollout=4.5s update=1.3s)
  [league] self: self | ussr_pool: ['v55_scripted', 'v21_scripted'] | us_pool: ['v58_scripted', 'v45_scripted']
  [pfsp]
    [ussr] v55_scripted: WR_ussr=0.54(n=130) WR_us=?(n=0) pfsp=0.994
    [ussr] v21_scripted: WR_ussr=0.49(n=73) WR_us=0.69(n=170) pfsp=1.000
    [us] v58_scripted: WR_ussr=0.50(n=170) WR_us=0.66(n=202) pfsp=0.893
    [us] v45_scripted: WR_ussr=0.52(n=174) WR_us=0.64(n=171) pfsp=0.918
  [diag] inf dtype=torch.float32 shape=torch.Size([2048, 172]) nan=0 inf_vals=0 range=[0.00,23.00]
  [diag] scalar dtype=torch.float32 nan=0 range=[-0.800,1.000]
  [diag] card_logits nan=0 range=[-15.09,12.58]
  [diag] values nan=0 range=[-0.6702,0.6181]
[iter   3/30] steps= 2195 rollout_wr=0.505 (ussr=0.360 us=0.650) pl=-0.0160 vl=0.4816 ent=3.941 clip=0.042 kl=0.0012 t=5.4s (rollout=4.3s update=1.1s)
  [league] self: self | ussr_pool: ['iter_0001', 'v19_scripted'] | us_pool: ['v45_scripted', 'iter_0001']
  [pfsp]
    [ussr] iter_0001: WR_ussr=0.40(n=40) WR_us=0.70(n=40) pfsp=0.960
    [ussr] v19_scripted: WR_ussr=0.48(n=174) WR_us=?(n=0) pfsp=0.999
    [us] v45_scripted: WR_ussr=0.52(n=174) WR_us=0.68(n=211) pfsp=0.874
    [us] iter_0001: WR_ussr=0.40(n=40) WR_us=0.70(n=40) pfsp=0.840
  [diag] inf dtype=torch.float32 shape=torch.Size([2048, 172]) nan=0 inf_vals=0 range=[0.00,23.00]
  [diag] scalar dtype=torch.float32 nan=0 range=[-0.850,1.000]
  [diag] card_logits nan=0 range=[-15.28,15.94]
  [diag] values nan=0 range=[-0.6050,0.6008]
[iter   4/30] steps= 2335 rollout_wr=0.585 (ussr=0.500 us=0.670) pl=-0.0276 vl=0.4636 ent=3.747 clip=0.078 kl=0.0018 t=5.8s (rollout=4.7s update=1.1s)
  [league] self: self | ussr_pool: ['iter_0001', 'iter_0001'] | us_pool: ['heuristic', 'iter_0001']
  [pfsp]
    [ussr] iter_0001: WR_ussr=0.45(n=80) WR_us=0.69(n=80) pfsp=0.990
    [us] heuristic: WR_ussr=0.06(n=80) WR_us=0.00(n=28) pfsp=0.010
    [us] iter_0001: WR_ussr=0.45(n=80) WR_us=0.69(n=80) pfsp=0.859
  [diag] inf dtype=torch.float32 shape=torch.Size([2048, 172]) nan=0 inf_vals=0 range=[0.00,22.00]
  [diag] scalar dtype=torch.float32 nan=0 range=[-0.850,1.000]
  [diag] card_logits nan=0 range=[-15.72,13.58]
  [diag] values nan=0 range=[-0.9082,0.6251]
[iter   5/30] steps= 2619 rollout_wr=0.415 (ussr=0.490 us=0.340) pl=-0.0060 vl=0.4948 ent=4.013 clip=0.013 kl=0.0006 t=6.7s (rollout=5.3s update=1.4s)
  [league] self: self | ussr_pool: ['v48_scripted', 'v48_scripted'] | us_pool: ['v45_scripted', 'iter_0001']
  [pfsp]
    [ussr] v48_scripted: WR_ussr=0.50(n=184) WR_us=?(n=0) pfsp=1.000
    [us] v45_scripted: WR_ussr=0.52(n=174) WR_us=0.68(n=251) pfsp=0.869
    [us] iter_0001: WR_ussr=0.47(n=160) WR_us=0.63(n=120) pfsp=0.929
  [diag] inf dtype=torch.float32 shape=torch.Size([2048, 172]) nan=0 inf_vals=0 range=[0.00,21.00]
  [diag] scalar dtype=torch.float32 nan=0 range=[-0.700,1.000]
  [diag] card_logits nan=0 range=[-14.89,11.54]
  [diag] values nan=0 range=[-0.5167,0.5825]
[iter   6/30] steps= 2174 rollout_wr=0.585 (ussr=0.550 us=0.620) pl=0.0138 vl=0.5134 ent=3.814 clip=0.050 kl=0.0012 t=5.5s (rollout=4.3s update=1.2s)
  [league] self: self | ussr_pool: ['iter_0001', 'iter_0001'] | us_pool: ['iter_0001', 'iter_0001']
  [pfsp]
    [ussr] iter_0001: WR_ussr=0.47(n=160) WR_us=0.61(n=160) pfsp=0.996
    [us] iter_0001: WR_ussr=0.47(n=160) WR_us=0.61(n=160) pfsp=0.949
  [diag] inf dtype=torch.float32 shape=torch.Size([2048, 172]) nan=0 inf_vals=0 range=[0.00,20.00]
  [diag] scalar dtype=torch.float32 nan=0 range=[-0.750,1.000]
  [diag] card_logits nan=0 range=[-14.79,13.28]
  [diag] values nan=0 range=[-0.5413,0.6104]
[iter   7/30] steps= 2411 rollout_wr=0.475 (ussr=0.380 us=0.570) pl=-0.0162 vl=0.4546 ent=3.771 clip=0.026 kl=0.0009 t=6.1s (rollout=4.8s update=1.3s)
  [league] self: self | ussr_pool: ['iter_0001', 'iter_0001'] | us_pool: ['iter_0001', 'iter_0001']
  [pfsp]
    [ussr] iter_0001: WR_ussr=0.44(n=240) WR_us=0.60(n=240) pfsp=0.986
    [us] iter_0001: WR_ussr=0.44(n=240) WR_us=0.60(n=240) pfsp=0.963
  [diag] inf dtype=torch.float32 shape=torch.Size([2048, 172]) nan=0 inf_vals=0 range=[0.00,24.00]
  [diag] scalar dtype=torch.float32 nan=0 range=[-0.600,1.000]
  [diag] card_logits nan=0 range=[-15.58,12.01]
  [diag] values nan=0 range=[-0.4437,0.6092]
[iter   8/30] steps= 2600 rollout_wr=0.510 (ussr=0.380 us=0.640) pl=-0.0020 vl=0.4493 ent=3.740 clip=0.033 kl=0.0010 t=6.4s (rollout=5.0s update=1.3s)
  [league] self: self | ussr_pool: ['iter_0001', 'v55_scripted'] | us_pool: ['v45_scripted', 'iter_0001']
  [pfsp]
    [ussr] iter_0001: WR_ussr=0.44(n=320) WR_us=0.61(n=320) pfsp=0.984
    [ussr] v55_scripted: WR_ussr=0.52(n=170) WR_us=?(n=0) pfsp=0.999
    [us] v45_scripted: WR_ussr=0.52(n=174) WR_us=0.69(n=291) pfsp=0.860
    [us] iter_0001: WR_ussr=0.44(n=320) WR_us=0.61(n=320) pfsp=0.949
  [diag] inf dtype=torch.float32 shape=torch.Size([2048, 172]) nan=0 inf_vals=0 range=[0.00,23.00]
  [diag] scalar dtype=torch.float32 nan=0 range=[-0.700,1.000]
  [diag] card_logits nan=0 range=[-15.01,12.76]
  [diag] values nan=0 range=[-0.5293,0.5527]
[iter   9/30] steps= 2357 rollout_wr=0.560 (ussr=0.470 us=0.650) pl=0.0112 vl=0.4840 ent=3.832 clip=0.019 kl=0.0007 t=5.9s (rollout=4.6s update=1.3s)
  Saved to league pool: data/checkpoints/ppo_v92_sc_league/iter_0010.pt
  [league] self: self | ussr_pool: ['iter_0001', 'iter_0010'] | us_pool: ['v21_scripted', 'v21_scripted']
  [pfsp]
    [ussr] iter_0001: WR_ussr=0.42(n=360) WR_us=0.61(n=360) pfsp=0.976
    [ussr] iter_0010: WR_ussr=?(n=0) WR_us=?(n=0) pfsp=1.000
    [us] v21_scripted: WR_ussr=0.42(n=113) WR_us=0.69(n=170) pfsp=0.858
  [diag] inf dtype=torch.float32 shape=torch.Size([2048, 172]) nan=0 inf_vals=0 range=[0.00,24.00]
  [diag] scalar dtype=torch.float32 nan=0 range=[-0.650,1.000]
  [diag] card_logits nan=0 range=[-14.36,13.58]
  [diag] values nan=0 range=[-0.5389,0.5851]
[iter  10/30] steps= 2378 rollout_wr=0.550 (ussr=0.440 us=0.660) pl=-0.0100 vl=0.4495 ent=3.774 clip=0.033 kl=0.0010 t=5.9s (rollout=4.8s update=1.1s)
  [probe] iter=10 card_jsd=0.0001 top1=0.994 val_mae=0.0072
  [confirm] launched incremental Elo check for iter 10
  [panel eval] launched pid=790900 iter=10 panel=['v55', 'v54', 'v44', 'v45', 'v14']
  [league] self: self | ussr_pool: ['iter_0001', 'v22_scripted'] | us_pool: ['iter_0010', 'iter_0001']
  [pfsp]
    [ussr] iter_0001: WR_ussr=0.42(n=400) WR_us=0.61(n=360) pfsp=0.973
    [ussr] v22_scripted: WR_ussr=0.51(n=196) WR_us=?(n=0) pfsp=1.000
    [us] iter_0010: WR_ussr=0.47(n=40) WR_us=?(n=0) pfsp=1.000
    [us] iter_0001: WR_ussr=0.42(n=400) WR_us=0.61(n=360) pfsp=0.953
  [diag] inf dtype=torch.float32 shape=torch.Size([2048, 172]) nan=0 inf_vals=0 range=[0.00,20.00]
  [diag] scalar dtype=torch.float32 nan=0 range=[-0.450,1.000]
  [diag] card_logits nan=0 range=[-15.59,14.72]
  [diag] values nan=0 range=[-0.6784,0.5936]
[iter  11/30] steps= 2443 rollout_wr=0.510 (ussr=0.430 us=0.590) pl=0.0112 vl=0.4839 ent=3.744 clip=0.017 kl=0.0006 t=6.2s (rollout=5.1s update=1.2s)
  [league] self: self | ussr_pool: ['iter_0010', 'iter_0001'] | us_pool: ['iter_0010', 'v18_scripted']
  [pfsp]
    [ussr] iter_0010: WR_ussr=0.47(n=40) WR_us=0.57(n=40) pfsp=0.997
    [ussr] iter_0001: WR_ussr=0.42(n=440) WR_us=0.61(n=400) pfsp=0.972
    [us] iter_0010: WR_ussr=0.47(n=40) WR_us=0.57(n=40) pfsp=0.978
    [us] v18_scripted: WR_ussr=?(n=0) WR_us=0.66(n=106) pfsp=0.897
  [diag] inf dtype=torch.float32 shape=torch.Size([2048, 172]) nan=0 inf_vals=0 range=[0.00,21.00]
  [diag] scalar dtype=torch.float32 nan=0 range=[-0.900,1.000]
  [diag] card_logits nan=0 range=[-15.65,11.99]
  [diag] values nan=0 range=[-0.5406,0.5799]
[iter  12/30] steps= 2495 rollout_wr=0.585 (ussr=0.470 us=0.700) pl=-0.0098 vl=0.4445 ent=3.774 clip=0.018 kl=0.0007 t=5.8s (rollout=4.6s update=1.2s)
  [panel eval iter 10] avg=0.516 elapsed=13s: v55=0.533 | v54=0.517 | v44=0.500 | v45=0.500 | v14=0.500
  [panel eval] NEW HIGH-WATER MARK iter=10 avg_wr=0.5158 → ppo_running_best.pt (provenance: ppo_iter0010.pt)
  [league] self: self | ussr_pool: ['iter_0010', 'v20_scripted'] | us_pool: ['v20_scripted', 'v49_scripted']
  [pfsp]
    [ussr] iter_0010: WR_ussr=0.49(n=80) WR_us=0.64(n=80) pfsp=0.999
    [ussr] v20_scripted: WR_ussr=0.45(n=137) WR_us=0.69(n=174) pfsp=0.991
    [us] v20_scripted: WR_ussr=0.45(n=137) WR_us=0.69(n=174) pfsp=0.856
    [us] v49_scripted: WR_ussr=?(n=0) WR_us=0.65(n=178) pfsp=0.915
wandb: WARNING Tried to log to step 10 that is less than the current step 11. Steps must be monotonically increasing, so this data will be ignored. See https://wandb.me/define-metric to log data out of order.
  [diag] inf dtype=torch.float32 shape=torch.Size([2048, 172]) nan=0 inf_vals=0 range=[0.00,22.00]
  [diag] scalar dtype=torch.float32 nan=0 range=[-0.500,1.000]
  [diag] card_logits nan=0 range=[-14.57,11.56]
  [diag] values nan=0 range=[-0.5216,0.5547]
[iter  13/30] steps= 2234 rollout_wr=0.585 (ussr=0.450 us=0.720) pl=-0.0143 vl=0.4535 ent=3.839 clip=0.019 kl=0.0007 t=5.2s (rollout=4.2s update=1.0s)
  [league] self: self | ussr_pool: ['iter_0010', 'v21_scripted'] | us_pool: ['v58_scripted', 'iter_0010']
  [pfsp]
    [ussr] iter_0010: WR_ussr=0.45(n=120) WR_us=0.64(n=80) pfsp=0.990
    [ussr] v21_scripted: WR_ussr=0.42(n=113) WR_us=0.68(n=250) pfsp=0.977
    [us] v58_scripted: WR_ussr=0.50(n=170) WR_us=0.64(n=242) pfsp=0.921
    [us] iter_0010: WR_ussr=0.45(n=120) WR_us=0.64(n=80) pfsp=0.924
  [diag] inf dtype=torch.float32 shape=torch.Size([2048, 172]) nan=0 inf_vals=0 range=[0.00,22.00]
  [diag] scalar dtype=torch.float32 nan=0 range=[-0.600,1.000]
  [diag] card_logits nan=0 range=[-15.83,12.70]
  [diag] values nan=0 range=[-0.8093,0.6038]
[iter  14/30] steps= 2354 rollout_wr=0.540 (ussr=0.430 us=0.650) pl=-0.0169 vl=0.4661 ent=3.737 clip=0.026 kl=0.0009 t=5.6s (rollout=4.5s update=1.1s)
  [league] self: self | ussr_pool: ['iter_0010', 'v21_scripted'] | us_pool: ['v20_scripted', 'v20_scripted']
  [pfsp]
    [ussr] iter_0010: WR_ussr=0.41(n=160) WR_us=0.63(n=120) pfsp=0.969
    [ussr] v21_scripted: WR_ussr=0.46(n=153) WR_us=0.68(n=250) pfsp=0.993
    [us] v20_scripted: WR_ussr=0.47(n=177) WR_us=0.71(n=214) pfsp=0.815
  [diag] inf dtype=torch.float32 shape=torch.Size([2048, 172]) nan=0 inf_vals=0 range=[0.00,20.00]
  [diag] scalar dtype=torch.float32 nan=0 range=[-0.600,1.000]
  [diag] card_logits nan=0 range=[-14.88,13.78]
  [diag] values nan=0 range=[-0.5632,0.5908]
[iter  15/30] steps= 2360 rollout_wr=0.505 (ussr=0.390 us=0.620) pl=0.0024 vl=0.4339 ent=3.625 clip=0.032 kl=0.0009 t=5.4s (rollout=4.3s update=1.2s)
  [league] self: self | ussr_pool: ['v45_scripted', 'iter_0010'] | us_pool: ['iter_0010', 'iter_0010']
  [pfsp]
    [ussr] v45_scripted: WR_ussr=0.52(n=174) WR_us=0.69(n=331) pfsp=0.999
    [ussr] iter_0010: WR_ussr=0.39(n=200) WR_us=0.63(n=120) pfsp=0.952
    [us] iter_0010: WR_ussr=0.39(n=200) WR_us=0.63(n=120) pfsp=0.929
  [diag] inf dtype=torch.float32 shape=torch.Size([2048, 172]) nan=0 inf_vals=0 range=[0.00,20.00]
  [diag] scalar dtype=torch.float32 nan=0 range=[-0.750,1.000]
  [diag] card_logits nan=0 range=[-16.17,13.58]
  [diag] values nan=0 range=[-0.6096,0.5962]
[iter  16/30] steps= 2473 rollout_wr=0.535 (ussr=0.490 us=0.580) pl=-0.0002 vl=0.4665 ent=3.744 clip=0.022 kl=0.0007 t=5.8s (rollout=4.5s update=1.3s)
  [league] self: self | ussr_pool: ['v55_scripted', 'iter_0001'] | us_pool: ['iter_0010', 'v15_scripted']
  [pfsp]
    [ussr] v55_scripted: WR_ussr=0.54(n=210) WR_us=?(n=0) pfsp=0.993
    [ussr] iter_0001: WR_ussr=0.42(n=480) WR_us=0.61(n=400) pfsp=0.974
    [us] iter_0010: WR_ussr=0.38(n=240) WR_us=0.61(n=200) pfsp=0.947
    [us] v15_scripted: WR_ussr=?(n=0) WR_us=0.68(n=182) pfsp=0.868
  [diag] inf dtype=torch.float32 shape=torch.Size([2048, 172]) nan=0 inf_vals=0 range=[0.00,25.00]
  [diag] scalar dtype=torch.float32 nan=0 range=[-0.600,1.000]
  [diag] card_logits nan=0 range=[-16.84,12.54]
  [diag] values nan=0 range=[-0.5560,0.5678]
[iter  17/30] steps= 2257 rollout_wr=0.590 (ussr=0.520 us=0.660) pl=-0.0081 vl=0.4482 ent=3.632 clip=0.005 kl=0.0004 t=4.6s (rollout=3.5s update=1.1s)
  [league] self: self | ussr_pool: ['v55_scripted', 'iter_0010'] | us_pool: ['v45_scripted', 'v21_scripted']
  [pfsp]
    [ussr] v55_scripted: WR_ussr=0.56(n=250) WR_us=?(n=0) pfsp=0.984
    [ussr] iter_0010: WR_ussr=0.38(n=240) WR_us=0.62(n=240) pfsp=0.946
    [us] v45_scripted: WR_ussr=0.54(n=214) WR_us=0.69(n=331) pfsp=0.853
    [us] v21_scripted: WR_ussr=0.47(n=193) WR_us=0.68(n=250) pfsp=0.865
  [diag] inf dtype=torch.float32 shape=torch.Size([2048, 172]) nan=0 inf_vals=0 range=[0.00,22.00]
  [diag] scalar dtype=torch.float32 nan=0 range=[-0.750,1.000]
  [diag] card_logits nan=0 range=[-14.98,14.82]
  [diag] values nan=0 range=[-0.5747,0.5880]
[iter  18/30] steps= 2308 rollout_wr=0.560 (ussr=0.460 us=0.660) pl=0.0014 vl=0.4568 ent=3.724 clip=0.047 kl=0.0014 t=4.6s (rollout=3.5s update=1.1s)
  [league] self: self | ussr_pool: ['iter_0010', 'heuristic'] | us_pool: ['heuristic', 'v21_scripted']
  [pfsp]
    [ussr] iter_0010: WR_ussr=0.40(n=280) WR_us=0.62(n=240) pfsp=0.957
    [ussr] heuristic: WR_ussr=0.06(n=80) WR_us=0.01(n=68) pfsp=0.234
    [us] heuristic: WR_ussr=0.06(n=80) WR_us=0.01(n=68) pfsp=0.058
    [us] v21_scripted: WR_ussr=0.47(n=193) WR_us=0.70(n=290) pfsp=0.845
  [diag] inf dtype=torch.float32 shape=torch.Size([2048, 172]) nan=0 inf_vals=0 range=[0.00,30.00]
  [diag] scalar dtype=torch.float32 nan=0 range=[-0.750,1.000]
  [diag] card_logits nan=0 range=[-15.82,13.88]
  [diag] values nan=0 range=[-0.9600,0.6009]
[iter  19/30] steps= 2915 rollout_wr=0.340 (ussr=0.270 us=0.410) pl=-0.0163 vl=0.4244 ent=3.787 clip=0.096 kl=0.0025 t=5.7s (rollout=4.4s update=1.3s)
  Saved to league pool: data/checkpoints/ppo_v92_sc_league/iter_0020.pt
  [league] self: self | ussr_pool: ['v45_scripted', 'v48_scripted'] | us_pool: ['v58_scripted', 'v49_scripted']
  [pfsp]
    [ussr] v45_scripted: WR_ussr=0.54(n=214) WR_us=0.69(n=371) pfsp=0.994
    [ussr] v48_scripted: WR_ussr=0.52(n=264) WR_us=?(n=0) pfsp=0.998
    [us] v58_scripted: WR_ussr=0.50(n=170) WR_us=0.65(n=282) pfsp=0.915
    [us] v49_scripted: WR_ussr=?(n=0) WR_us=0.65(n=218) pfsp=0.908
  [diag] inf dtype=torch.float32 shape=torch.Size([2048, 172]) nan=0 inf_vals=0 range=[0.00,20.00]
  [diag] scalar dtype=torch.float32 nan=0 range=[-0.650,1.000]
  [diag] card_logits nan=0 range=[-14.59,12.87]
  [diag] values nan=0 range=[-0.5493,0.5867]
[iter  20/30] steps= 2184 rollout_wr=0.560 (ussr=0.460 us=0.660) pl=-0.0011 vl=0.4807 ent=3.843 clip=0.031 kl=0.0011 t=4.5s (rollout=3.5s update=1.0s)
  [probe] iter=20 card_jsd=0.0001 top1=0.989 val_mae=0.0159
  [confirm] launched incremental Elo check for iter 20
  [panel eval] launched pid=791214 iter=20 panel=['v55', 'v54', 'v44', 'v45', 'v14']
  [league] self: self | ussr_pool: ['iter_0020', 'iter_0010'] | us_pool: ['iter_0001', 'v21_scripted']
  [pfsp]
    [ussr] iter_0020: WR_ussr=?(n=0) WR_us=?(n=0) pfsp=1.000
    [ussr] iter_0010: WR_ussr=0.39(n=320) WR_us=0.62(n=240) pfsp=0.955
    [us] iter_0001: WR_ussr=0.42(n=520) WR_us=0.61(n=400) pfsp=0.949
    [us] v21_scripted: WR_ussr=0.47(n=193) WR_us=0.70(n=330) pfsp=0.840
  [diag] inf dtype=torch.float32 shape=torch.Size([2048, 172]) nan=0 inf_vals=0 range=[0.00,25.00]
  [diag] scalar dtype=torch.float32 nan=0 range=[-0.900,1.000]
  [diag] card_logits nan=0 range=[-15.77,13.32]
  [diag] values nan=0 range=[-0.5772,0.5883]
[iter  21/30] steps= 2637 rollout_wr=0.560 (ussr=0.430 us=0.690) pl=-0.0110 vl=0.4186 ent=3.583 clip=0.013 kl=0.0006 t=5.5s (rollout=4.3s update=1.2s)
  [league] self: self | ussr_pool: ['iter_0001', 'v21_scripted'] | us_pool: ['iter_0020', 'iter_0010']
  [pfsp]
    [ussr] iter_0001: WR_ussr=0.42(n=520) WR_us=0.61(n=440) pfsp=0.973
    [ussr] v21_scripted: WR_ussr=0.47(n=193) WR_us=0.71(n=370) pfsp=0.995
    [us] iter_0020: WR_ussr=0.45(n=40) WR_us=?(n=0) pfsp=1.000
    [us] iter_0010: WR_ussr=0.40(n=360) WR_us=0.62(n=240) pfsp=0.946
  [diag] inf dtype=torch.float32 shape=torch.Size([2048, 172]) nan=0 inf_vals=0 range=[0.00,25.00]
  [diag] scalar dtype=torch.float32 nan=0 range=[-0.550,1.000]
  [diag] card_logits nan=0 range=[-15.88,14.42]
  [diag] values nan=0 range=[-0.6437,0.6069]
[iter  22/30] steps= 2467 rollout_wr=0.540 (ussr=0.440 us=0.640) pl=-0.0005 vl=0.4552 ent=3.674 clip=0.008 kl=0.0005 t=5.4s (rollout=4.0s update=1.4s)
  [panel eval iter 20] avg=0.518 elapsed=13s: v55=0.517 | v54=0.517 | v44=0.500 | v45=0.533 | v14=0.550
  [panel eval] NEW HIGH-WATER MARK iter=20 avg_wr=0.5175 → ppo_running_best.pt (provenance: ppo_iter0020.pt)
  [league] self: self | ussr_pool: ['iter_0001', 'v22_scripted'] | us_pool: ['iter_0010', 'iter_0020']
  [pfsp]
    [ussr] iter_0001: WR_ussr=0.41(n=560) WR_us=0.61(n=440) pfsp=0.971
    [ussr] v22_scripted: WR_ussr=0.50(n=236) WR_us=?(n=0) pfsp=1.000
    [us] iter_0010: WR_ussr=0.40(n=360) WR_us=0.62(n=280) pfsp=0.941
    [us] iter_0020: WR_ussr=0.45(n=40) WR_us=0.62(n=40) pfsp=0.938
wandb: WARNING Tried to log to step 20 that is less than the current step 21. Steps must be monotonically increasing, so this data will be ignored. See https://wandb.me/define-metric to log data out of order.
  [diag] inf dtype=torch.float32 shape=torch.Size([2048, 172]) nan=0 inf_vals=0 range=[0.00,29.00]
  [diag] scalar dtype=torch.float32 nan=0 range=[-0.500,1.000]
  [diag] card_logits nan=0 range=[-15.81,12.53]
  [diag] values nan=0 range=[-0.7536,0.6237]
[iter  23/30] steps= 2371 rollout_wr=0.505 (ussr=0.450 us=0.560) pl=-0.0147 vl=0.4718 ent=3.678 clip=0.028 kl=0.0009 t=8.4s (rollout=7.2s update=1.2s)
  [league] self: self | ussr_pool: ['v45_scripted', 'iter_0020'] | us_pool: ['iter_0010', 'v15_scripted']
  [pfsp]
    [ussr] v45_scripted: WR_ussr=0.53(n=254) WR_us=0.69(n=371) pfsp=0.997
    [ussr] iter_0020: WR_ussr=0.45(n=40) WR_us=0.60(n=80) pfsp=0.990
    [us] iter_0010: WR_ussr=0.40(n=360) WR_us=0.62(n=320) pfsp=0.947
    [us] v15_scripted: WR_ussr=?(n=0) WR_us=0.69(n=222) pfsp=0.857
  [diag] inf dtype=torch.float32 shape=torch.Size([2048, 172]) nan=0 inf_vals=0 range=[0.00,32.00]
  [diag] scalar dtype=torch.float32 nan=0 range=[-0.650,1.150]
  [diag] card_logits nan=0 range=[-15.87,13.51]
  [diag] values nan=0 range=[-0.7505,0.5902]
[iter  24/30] steps= 2483 rollout_wr=0.555 (ussr=0.500 us=0.610) pl=-0.0096 vl=0.4589 ent=3.656 clip=0.039 kl=0.0012 t=5.3s (rollout=4.2s update=1.1s)
  [league] self: self | ussr_pool: ['v48_scripted', 'v48_scripted'] | us_pool: ['heuristic', 'iter_0010']
  [pfsp]
    [ussr] v48_scripted: WR_ussr=0.53(n=304) WR_us=?(n=0) pfsp=0.997
    [us] heuristic: WR_ussr=0.05(n=120) WR_us=0.01(n=108) pfsp=0.037
    [us] iter_0010: WR_ussr=0.40(n=360) WR_us=0.62(n=360) pfsp=0.943
  [diag] inf dtype=torch.float32 shape=torch.Size([2048, 172]) nan=0 inf_vals=0 range=[0.00,22.00]
  [diag] scalar dtype=torch.float32 nan=0 range=[-0.800,1.000]
  [diag] card_logits nan=0 range=[-15.97,12.96]
  [diag] values nan=0 range=[-0.5824,0.5375]
[iter  25/30] steps= 2553 rollout_wr=0.420 (ussr=0.450 us=0.390) pl=-0.0004 vl=0.4790 ent=3.824 clip=0.065 kl=0.0018 t=5.4s (rollout=4.3s update=1.1s)
  [league] self: self | ussr_pool: ['v55_scripted', 'v48_scripted'] | us_pool: ['iter_0001', 'iter_0020']
  [pfsp]
    [ussr] v55_scripted: WR_ussr=0.56(n=290) WR_us=?(n=0) pfsp=0.986
    [ussr] v48_scripted: WR_ussr=0.52(n=384) WR_us=?(n=0) pfsp=0.998
    [us] iter_0001: WR_ussr=0.42(n=600) WR_us=0.61(n=440) pfsp=0.948
    [us] iter_0020: WR_ussr=0.46(n=80) WR_us=0.60(n=80) pfsp=0.960
  [diag] inf dtype=torch.float32 shape=torch.Size([2048, 172]) nan=0 inf_vals=0 range=[0.00,24.00]
  [diag] scalar dtype=torch.float32 nan=0 range=[-0.650,1.000]
  [diag] card_logits nan=0 range=[-15.97,15.21]
  [diag] values nan=0 range=[-0.5937,0.5747]
[iter  26/30] steps= 2304 rollout_wr=0.580 (ussr=0.510 us=0.650) pl=0.0058 vl=0.4733 ent=3.692 clip=0.058 kl=0.0018 t=4.9s (rollout=3.8s update=1.1s)
  [league] self: self | ussr_pool: ['iter_0020', 'v48_scripted'] | us_pool: ['v45_scripted', 'v15_scripted']
  [pfsp]
    [ussr] iter_0020: WR_ussr=0.46(n=80) WR_us=0.62(n=120) pfsp=0.994
    [ussr] v48_scripted: WR_ussr=0.52(n=424) WR_us=?(n=0) pfsp=0.998
    [us] v45_scripted: WR_ussr=0.54(n=294) WR_us=0.69(n=371) pfsp=0.860
    [us] v15_scripted: WR_ussr=?(n=0) WR_us=0.68(n=262) pfsp=0.866
  [diag] inf dtype=torch.float32 shape=torch.Size([2048, 172]) nan=0 inf_vals=0 range=[0.00,21.00]
  [diag] scalar dtype=torch.float32 nan=0 range=[-0.850,1.000]
  [diag] card_logits nan=0 range=[-14.98,14.38]
  [diag] values nan=0 range=[-0.5777,0.5427]
[iter  27/30] steps= 2396 rollout_wr=0.535 (ussr=0.410 us=0.660) pl=0.0144 vl=0.4353 ent=3.529 clip=0.024 kl=0.0008 t=4.8s (rollout=3.7s update=1.1s)
  [league] self: self | ussr_pool: ['v19_scripted', 'iter_0010'] | us_pool: ['v45_scripted', 'iter_0001']
  [pfsp]
    [ussr] v19_scripted: WR_ussr=0.50(n=214) WR_us=?(n=0) pfsp=1.000
    [ussr] iter_0010: WR_ussr=0.40(n=360) WR_us=0.62(n=400) pfsp=0.958
    [us] v45_scripted: WR_ussr=0.54(n=294) WR_us=0.68(n=411) pfsp=0.869
    [us] iter_0001: WR_ussr=0.42(n=600) WR_us=0.61(n=480) pfsp=0.955
  [diag] inf dtype=torch.float32 shape=torch.Size([2048, 172]) nan=0 inf_vals=0 range=[0.00,28.00]
  [diag] scalar dtype=torch.float32 nan=0 range=[-0.600,1.000]
  [diag] card_logits nan=0 range=[-15.52,11.68]
  [diag] values nan=0 range=[-0.5564,0.5913]
[iter  28/30] steps= 2369 rollout_wr=0.535 (ussr=0.480 us=0.590) pl=-0.0075 vl=0.4655 ent=3.626 clip=0.029 kl=0.0009 t=5.3s (rollout=4.2s update=1.1s)
  [league] self: self | ussr_pool: ['v22_scripted', 'v45_scripted'] | us_pool: ['v16_scripted', 'v20_scripted']
  [pfsp]
    [ussr] v22_scripted: WR_ussr=0.50(n=276) WR_us=?(n=0) pfsp=1.000
    [ussr] v45_scripted: WR_ussr=0.54(n=294) WR_us=0.67(n=451) pfsp=0.994
    [us] v16_scripted: WR_ussr=?(n=0) WR_us=0.68(n=180) pfsp=0.874
    [us] v20_scripted: WR_ussr=0.47(n=177) WR_us=0.69(n=294) pfsp=0.855
  [diag] inf dtype=torch.float32 shape=torch.Size([2048, 172]) nan=0 inf_vals=0 range=[0.00,28.00]
  [diag] scalar dtype=torch.float32 nan=0 range=[-0.750,1.000]
  [diag] card_logits nan=0 range=[-15.66,13.52]
  [diag] values nan=0 range=[-0.6715,0.5455]
[iter  29/30] steps= 2312 rollout_wr=0.615 (ussr=0.520 us=0.710) pl=-0.0064 vl=0.4501 ent=3.478 clip=0.023 kl=0.0008 t=5.2s (rollout=4.0s update=1.1s)
  Saved to league pool: data/checkpoints/ppo_v92_sc_league/iter_0030.pt
  [league] self: self | ussr_pool: ['iter_0010', 'heuristic'] | us_pool: ['v49_scripted', 'iter_0020']
  [pfsp]
    [ussr] iter_0010: WR_ussr=0.41(n=400) WR_us=0.62(n=400) pfsp=0.968
    [ussr] heuristic: WR_ussr=0.05(n=120) WR_us=0.01(n=148) pfsp=0.190
    [us] v49_scripted: WR_ussr=?(n=0) WR_us=0.65(n=258) pfsp=0.913
    [us] iter_0020: WR_ussr=0.43(n=120) WR_us=0.62(n=120) pfsp=0.946
  [diag] inf dtype=torch.float32 shape=torch.Size([2048, 172]) nan=0 inf_vals=0 range=[0.00,25.00]
  [diag] scalar dtype=torch.float32 nan=0 range=[-0.950,1.000]
  [diag] card_logits nan=0 range=[-15.28,13.55]
  [diag] values nan=0 range=[-0.9583,0.6348]
[iter  30/30] steps= 3045 rollout_wr=0.410 (ussr=0.250 us=0.570) pl=-0.0056 vl=0.3759 ent=3.680 clip=0.022 kl=0.0009 t=6.5s (rollout=5.1s update=1.4s)
  [probe] iter=30 card_jsd=0.0001 top1=0.991 val_mae=0.0188
  [confirm] launched incremental Elo check for iter 30
  [panel eval] launched pid=791445 iter=30 panel=['v55', 'v54', 'v44', 'v45', 'v14']
wandb: updating run metadata
wandb: uploading config.yaml; uploading output.log; uploading wandb-summary.json
wandb: uploading history steps 28-29, summary, console lines 339-349
wandb: 
wandb: Run history:
wandb:                    approx_kl ▅▃▄▆▂▄▃▃▂▃▂▂▂▃▃▂▁▄█▃▂▁▃▄▆▆▂▃▂▂
wandb:                clip_fraction ▄▃▄▇▂▄▃▃▂▃▂▂▂▃▃▂▁▄█▃▂▁▃▄▆▅▃▃▂▂
wandb:      core_scalar_weight_norm ██▇▇▇▆▆▆▆▅▅▅▅▅▄▄▄▃▃▃▃▂▂▁▁▁▁▁▁▁
wandb:                     ent_coef ███▇▇▇▇▆▆▆▆▅▅▅▅▄▄▄▄▃▃▃▃▂▂▂▂▁▁▁
wandb:                      entropy ▇▅▇▅█▅▅▄▆▅▄▅▆▄▃▄▃▄▅▆▂▄▄▃▆▄▂▃▁▄
wandb:                  iter_time_s ▄▃▃▃▅▃▄▄▃▃▄▃▂▃▃▃▁▁▃▁▃▃█▂▃▂▁▂▂▅
wandb:                      n_steps ▂▂▁▂▅▁▃▄▂▃▃▄▁▂▂▃▂▂▇▁▅▃▃▃▄▂▃▃▂█
wandb:       new_scalar_weight_norm ▅▅▅▅▅▄▃▂▁▁▂▂▂▂▂▃▄▅▅▅▄▄▅▆▆▇▇▆▆█
wandb:                  policy_loss ▆▅▃▁▅█▃▅▇▄▇▄▃▃▆▆▄▆▃▅▄▆▃▄▆▇█▄▅▅
wandb: probe/card_jsd_early_vs_prev █▁▂
wandb:                         +141 ...
wandb: 
wandb: Run summary:
wandb:                    approx_kl 0.00085
wandb:                clip_fraction 0.02192
wandb:      core_scalar_weight_norm 4.02976
wandb:                     ent_coef 0.003
wandb:                      entropy 3.68021
wandb:                  iter_time_s 6.49451
wandb:                      n_steps 3045
wandb:       new_scalar_weight_norm 2.70051
wandb:                  policy_loss -0.00557
wandb: probe/card_jsd_early_vs_prev 6e-05
wandb:                         +141 ...
wandb: 
wandb: 🚀 View run ppo_v92_sc at: https://wandb.ai/korduban-ai/twilight-struggle-ai/runs/eb87ed81
wandb: ⭐️ View project at: https://wandb.ai/korduban-ai/twilight-struggle-ai
wandb: Synced 5 W&B file(s), 0 media file(s), 0 artifact file(s) and 0 other file(s)
wandb: Find logs at: ./wandb/run-20260413_093905-eb87ed81/logs

Training complete in 3.1 minutes
Checkpoints in: data/checkpoints/ppo_v92_sc_league
[ppo_train_dynamic] finished at 2026-04-13T16:42:16Z
