wandb: [wandb.login()] Loaded credentials for https://api.wandb.ai from WANDB_API_KEY.
wandb: Currently logged in as: dkorduban (korduban-ai) to https://api.wandb.ai. Use `wandb login --relogin` to force relogin
wandb: setting up run 15183d1c
wandb: Tracking run with wandb version 0.25.1
wandb: Run data is saved locally in /home/dkord/code/twilight-struggle-ai/wandb/run-20260412_040251-15183d1c
wandb: Run `wandb offline` to turn off syncing.
wandb: Syncing run ppo_v69_sc
wandb: ⭐️ View project at https://wandb.ai/korduban-ai/twilight-struggle-ai
wandb: 🚀 View run at https://wandb.ai/korduban-ai/twilight-struggle-ai/runs/15183d1c
[tracking] log_experiment_start failed: cannot access local variable 'sys' where it is not associated with a value
Loading checkpoint: data/checkpoints/ppo_v68_sc_league/ppo_best.pt
[smoke test] Smoke test passed: 10 games completed
  --reset-optimizer: skipping optimizer state restore, starting fresh Adam.

Starting PPO training: 80 iterations × 200 games/iter, side=both
Device: cuda, lr=2e-05, clip=0.12, ent=0.01, vf=0.5
League training enabled (pool: data/checkpoints/ppo_v69_sc_league, save-every=10)
  Saved to league pool: data/checkpoints/ppo_v69_sc_league/iter_0001.pt
  [league] self: self | ussr_pool: ['v45_scripted', 'iter_0001'] | us_pool: ['iter_0001', 'iter_0001']
  [pfsp]
    [ussr] v45_scripted: WR_ussr=0.43(n=2710) WR_us=?(n=0) pfsp=0.574
    [ussr] iter_0001: WR_ussr=?(n=0) WR_us=?(n=0) pfsp=1.000
    [us] iter_0001: WR_ussr=?(n=0) WR_us=?(n=0) pfsp=1.000
  [diag] inf dtype=torch.float32 shape=torch.Size([2048, 172]) nan=0 inf_vals=0 range=[0.00,48.00]
  [diag] scalar dtype=torch.float32 nan=0 range=[-0.850,1.000]
  [diag] card_logits nan=0 range=[-22.25,15.07]
  [diag] values nan=0 range=[-0.8912,0.9562]
[iter   1/80] steps=13497 rollout_wr=0.480 (ussr=0.490 us=0.470) pl=-0.0188 vl=0.1080 ent=3.520 clip=0.127 kl=0.0035 t=367.8s (rollout=360.6s update=7.1s)
  [league] self: self | ussr_pool: ['iter_0001', 'iter_0001'] | us_pool: ['v55_scripted', 'iter_0001']
  [pfsp]
    [ussr] iter_0001: WR_ussr=0.60(n=40) WR_us=0.44(n=80) pfsp=0.400
    [us] v55_scripted: WR_ussr=?(n=0) WR_us=0.30(n=2579) pfsp=0.705
    [us] iter_0001: WR_ussr=0.60(n=40) WR_us=0.44(n=80) pfsp=0.562
  [diag] inf dtype=torch.float32 shape=torch.Size([2048, 172]) nan=0 inf_vals=0 range=[0.00,44.00]
  [diag] scalar dtype=torch.float32 nan=0 range=[-0.950,1.125]
  [diag] card_logits nan=0 range=[-20.99,14.98]
  [diag] values nan=0 range=[-0.9314,0.9459]
[iter   2/80] steps=13797 rollout_wr=0.495 (ussr=0.520 us=0.470) pl=-0.0148 vl=0.1103 ent=3.557 clip=0.105 kl=0.0029 t=149.2s (rollout=142.9s update=6.2s)
  [league] self: self | ussr_pool: ['v45_scripted', 'iter_0001'] | us_pool: ['v55_scripted', 'iter_0001']
  [pfsp]
    [ussr] v45_scripted: WR_ussr=0.43(n=2750) WR_us=?(n=0) pfsp=0.575
    [ussr] iter_0001: WR_ussr=0.55(n=120) WR_us=0.47(n=120) pfsp=0.450
    [us] v55_scripted: WR_ussr=?(n=0) WR_us=0.30(n=2619) pfsp=0.704
    [us] iter_0001: WR_ussr=0.55(n=120) WR_us=0.47(n=120) pfsp=0.525
  [diag] inf dtype=torch.float32 shape=torch.Size([2048, 172]) nan=0 inf_vals=0 range=[0.00,57.00]
  [diag] scalar dtype=torch.float32 nan=0 range=[-0.950,1.125]
  [diag] card_logits nan=0 range=[-21.06,16.17]
  [diag] values nan=0 range=[-0.9435,0.9305]
[iter   3/80] steps=13363 rollout_wr=0.470 (ussr=0.540 us=0.400) pl=-0.0145 vl=0.1086 ent=3.585 clip=0.083 kl=0.0023 t=155.2s (rollout=149.5s update=5.7s)
  [league] self: self | ussr_pool: ['iter_0001', 'v45_scripted'] | us_pool: ['iter_0001', 'iter_0001']
  [pfsp]
    [ussr] iter_0001: WR_ussr=0.55(n=160) WR_us=0.47(n=160) pfsp=0.450
    [ussr] v45_scripted: WR_ussr=0.43(n=2790) WR_us=?(n=0) pfsp=0.574
    [us] iter_0001: WR_ussr=0.55(n=160) WR_us=0.47(n=160) pfsp=0.525
  [diag] inf dtype=torch.float32 shape=torch.Size([2048, 172]) nan=0 inf_vals=0 range=[0.00,49.00]
  [diag] scalar dtype=torch.float32 nan=0 range=[-0.900,1.125]
  [diag] card_logits nan=0 range=[-20.82,15.15]
  [diag] values nan=0 range=[-0.9319,0.9263]
[iter   4/80] steps=13595 rollout_wr=0.585 (ussr=0.550 us=0.620) pl=-0.0157 vl=0.1079 ent=3.574 clip=0.108 kl=0.0030 t=156.8s (rollout=150.6s update=6.2s)
  [league] self: self | ussr_pool: ['iter_0001', 'iter_0001'] | us_pool: ['v55_scripted', 'v55_scripted']
  [pfsp]
    [ussr] iter_0001: WR_ussr=0.55(n=200) WR_us=0.52(n=240) pfsp=0.450
    [us] v55_scripted: WR_ussr=?(n=0) WR_us=0.30(n=2659) pfsp=0.704
  [diag] inf dtype=torch.float32 shape=torch.Size([2048, 172]) nan=0 inf_vals=0 range=[0.00,43.00]
  [diag] scalar dtype=torch.float32 nan=0 range=[-0.700,1.125]
  [diag] card_logits nan=0 range=[-19.13,13.85]
  [diag] values nan=0 range=[-0.9014,0.9266]
[iter   5/80] steps=12986 rollout_wr=0.460 (ussr=0.640 us=0.280) pl=-0.0169 vl=0.1045 ent=3.674 clip=0.091 kl=0.0025 t=146.3s (rollout=140.7s update=5.5s)
  [league] self: self | ussr_pool: ['iter_0001', 'iter_0001'] | us_pool: ['v55_scripted', 'iter_0001']
  [pfsp]
    [ussr] iter_0001: WR_ussr=0.57(n=280) WR_us=0.52(n=240) pfsp=0.425
    [us] v55_scripted: WR_ussr=?(n=0) WR_us=0.29(n=2739) pfsp=0.707
    [us] iter_0001: WR_ussr=0.57(n=280) WR_us=0.52(n=240) pfsp=0.479
  [diag] inf dtype=torch.float32 shape=torch.Size([2048, 172]) nan=0 inf_vals=0 range=[0.00,48.00]
  [diag] scalar dtype=torch.float32 nan=0 range=[-0.900,1.125]
  [diag] card_logits nan=0 range=[-21.84,14.27]
  [diag] values nan=0 range=[-0.9202,0.9368]
[iter   6/80] steps=13784 rollout_wr=0.510 (ussr=0.600 us=0.420) pl=-0.0155 vl=0.0973 ent=3.650 clip=0.112 kl=0.0032 t=86.4s (rollout=80.3s update=6.1s)
  [league] self: self | ussr_pool: ['v45_scripted', 'iter_0001'] | us_pool: ['iter_0001', 'iter_0001']
  [pfsp]
    [ussr] v45_scripted: WR_ussr=0.43(n=2830) WR_us=?(n=0) pfsp=0.573
    [ussr] iter_0001: WR_ussr=0.57(n=360) WR_us=0.53(n=280) pfsp=0.428
    [us] iter_0001: WR_ussr=0.57(n=360) WR_us=0.53(n=280) pfsp=0.471
  [diag] inf dtype=torch.float32 shape=torch.Size([2048, 172]) nan=0 inf_vals=0 range=[0.00,49.00]
  [diag] scalar dtype=torch.float32 nan=0 range=[-0.950,1.125]
  [diag] card_logits nan=0 range=[-21.62,14.59]
  [diag] values nan=0 range=[-0.9275,0.9311]
[iter   7/80] steps=13595 rollout_wr=0.480 (ussr=0.480 us=0.480) pl=-0.0143 vl=0.1110 ent=3.538 clip=0.103 kl=0.0029 t=82.7s (rollout=78.1s update=4.6s)
  [league] self: self | ussr_pool: ['iter_0001', 'iter_0001'] | us_pool: ['iter_0001', 'iter_0001']
  [pfsp]
    [ussr] iter_0001: WR_ussr=0.57(n=400) WR_us=0.52(n=360) pfsp=0.425
    [us] iter_0001: WR_ussr=0.57(n=400) WR_us=0.52(n=360) pfsp=0.478
  [diag] inf dtype=torch.float32 shape=torch.Size([2048, 172]) nan=0 inf_vals=0 range=[0.00,60.00]
  [diag] scalar dtype=torch.float32 nan=0 range=[-0.800,1.125]
  [diag] card_logits nan=0 range=[-20.27,14.70]
  [diag] values nan=0 range=[-0.9229,0.9304]
[iter   8/80] steps=13788 rollout_wr=0.495 (ussr=0.500 us=0.490) pl=-0.0122 vl=0.1167 ent=3.551 clip=0.099 kl=0.0032 t=113.2s (rollout=107.2s update=6.0s)
  [league] self: self | ussr_pool: ['iter_0001', 'iter_0001'] | us_pool: ['iter_0001', 'iter_0001']
  [pfsp]
    [ussr] iter_0001: WR_ussr=0.56(n=480) WR_us=0.51(n=440) pfsp=0.438
    [us] iter_0001: WR_ussr=0.56(n=480) WR_us=0.51(n=440) pfsp=0.493
  [diag] inf dtype=torch.float32 shape=torch.Size([2048, 172]) nan=0 inf_vals=0 range=[0.00,45.00]
  [diag] scalar dtype=torch.float32 nan=0 range=[-0.850,1.000]
  [diag] card_logits nan=0 range=[-19.74,15.92]
  [diag] values nan=0 range=[-0.9190,0.9065]
[iter   9/80] steps=13374 rollout_wr=0.565 (ussr=0.610 us=0.520) pl=-0.0133 vl=0.1136 ent=3.633 clip=0.102 kl=0.0027 t=86.9s (rollout=81.2s update=5.7s)
  Saved to league pool: data/checkpoints/ppo_v69_sc_league/iter_0010.pt
  [league] self: self | ussr_pool: ['iter_0010', 'iter_0010'] | us_pool: ['iter_0010', 'iter_0001']
  [pfsp]
    [ussr] iter_0010: WR_ussr=?(n=0) WR_us=?(n=0) pfsp=1.000
    [us] iter_0010: WR_ussr=?(n=0) WR_us=?(n=0) pfsp=1.000
    [us] iter_0001: WR_ussr=0.57(n=560) WR_us=0.50(n=520) pfsp=0.498
  [diag] inf dtype=torch.float32 shape=torch.Size([2048, 172]) nan=0 inf_vals=0 range=[0.00,40.00]
  [diag] scalar dtype=torch.float32 nan=0 range=[-0.950,1.125]
  [diag] card_logits nan=0 range=[-19.93,14.88]
  [diag] values nan=0 range=[-0.8567,0.9283]
[iter  10/80] steps=13523 rollout_wr=0.635 (ussr=0.660 us=0.610) pl=-0.0144 vl=0.0949 ent=3.607 clip=0.113 kl=0.0030 t=86.8s (rollout=80.9s update=5.9s)
  [confirm] launched incremental Elo check for iter 10
  [panel eval] launched pid=501400 iter=10 panel=['v55', 'v54', 'v44', 'v45', 'v14']
  [league] self: self | ussr_pool: ['iter_0010', 'iter_0010'] | us_pool: ['iter_0001', 'v55_scripted']
  [pfsp]
    [ussr] iter_0010: WR_ussr=0.64(n=80) WR_us=0.62(n=40) pfsp=0.363
    [us] iter_0001: WR_ussr=0.57(n=560) WR_us=0.51(n=560) pfsp=0.495
    [us] v55_scripted: WR_ussr=?(n=0) WR_us=0.29(n=2779) pfsp=0.708
  [diag] inf dtype=torch.float32 shape=torch.Size([2048, 172]) nan=0 inf_vals=0 range=[0.00,45.00]
  [diag] scalar dtype=torch.float32 nan=0 range=[-0.850,1.125]
  [diag] card_logits nan=0 range=[-21.36,14.56]
  [diag] values nan=0 range=[-0.9304,0.9466]
[iter  11/80] steps=13538 rollout_wr=0.570 (ussr=0.630 us=0.510) pl=-0.0141 vl=0.1016 ent=3.699 clip=0.106 kl=0.0031 t=346.1s (rollout=340.3s update=5.8s)
  [league] self: self | ussr_pool: ['iter_0010', 'iter_0010'] | us_pool: ['iter_0001', 'v55_scripted']
  [pfsp]
    [ussr] iter_0010: WR_ussr=0.63(n=160) WR_us=0.62(n=40) pfsp=0.369
    [us] iter_0001: WR_ussr=0.57(n=560) WR_us=0.52(n=600) pfsp=0.485
    [us] v55_scripted: WR_ussr=?(n=0) WR_us=0.29(n=2819) pfsp=0.707
  [diag] inf dtype=torch.float32 shape=torch.Size([2048, 172]) nan=0 inf_vals=0 range=[0.00,48.00]
  [diag] scalar dtype=torch.float32 nan=0 range=[-0.750,1.000]
  [diag] card_logits nan=0 range=[-20.98,15.12]
  [diag] values nan=0 range=[-0.9295,0.9558]
[iter  12/80] steps=13109 rollout_wr=0.500 (ussr=0.550 us=0.450) pl=-0.0155 vl=0.1075 ent=3.663 clip=0.126 kl=0.0035 t=34.9s (rollout=29.6s update=5.3s)
  [panel eval iter 10] avg=0.465 elapsed=383s: v55=0.550 | v54=0.417 | v44=0.433 | v45=0.383 | v14=0.483
  [panel eval] NEW HIGH-WATER MARK iter=10 avg_wr=0.4650 → ppo_running_best.pt (provenance: ppo_iter0010.pt)
  [league] self: self | ussr_pool: ['iter_0010', 'iter_0010'] | us_pool: ['v55_scripted', 'iter_0001']
  [pfsp]
    [ussr] iter_0010: WR_ussr=0.61(n=240) WR_us=0.62(n=40) pfsp=0.392
    [us] v55_scripted: WR_ussr=?(n=0) WR_us=0.29(n=2859) pfsp=0.707
    [us] iter_0001: WR_ussr=0.57(n=560) WR_us=0.52(n=640) pfsp=0.483
wandb: WARNING Tried to log to step 10 that is less than the current step 11. Steps must be monotonically increasing, so this data will be ignored. See https://wandb.me/define-metric to log data out of order.
  [diag] inf dtype=torch.float32 shape=torch.Size([2048, 172]) nan=0 inf_vals=0 range=[0.00,48.00]
  [diag] scalar dtype=torch.float32 nan=0 range=[-0.850,1.125]
  [diag] card_logits nan=0 range=[-20.57,13.78]
  [diag] values nan=0 range=[-0.9444,0.9417]
[iter  13/80] steps=13308 rollout_wr=0.540 (ussr=0.620 us=0.460) pl=-0.0169 vl=0.1060 ent=3.756 clip=0.131 kl=0.0036 t=23.9s (rollout=18.6s update=5.2s)
  [league] self: self | ussr_pool: ['iter_0010', 'iter_0010'] | us_pool: ['iter_0010', 'iter_0010']
  [pfsp]
    [ussr] iter_0010: WR_ussr=0.61(n=320) WR_us=0.62(n=40) pfsp=0.391
    [us] iter_0010: WR_ussr=0.61(n=320) WR_us=0.62(n=40) pfsp=0.375
  [diag] inf dtype=torch.float32 shape=torch.Size([2048, 172]) nan=0 inf_vals=0 range=[0.00,43.00]
  [diag] scalar dtype=torch.float32 nan=0 range=[-0.800,1.125]
  [diag] card_logits nan=0 range=[-22.28,14.93]
  [diag] values nan=0 range=[-0.9409,0.9369]
[iter  14/80] steps=13239 rollout_wr=0.570 (ussr=0.610 us=0.530) pl=-0.0167 vl=0.1135 ent=3.682 clip=0.119 kl=0.0033 t=20.5s (rollout=16.2s update=4.3s)
  [league] self: self | ussr_pool: ['iter_0001', 'iter_0001'] | us_pool: ['v55_scripted', 'iter_0001']
  [pfsp]
    [ussr] iter_0001: WR_ussr=0.57(n=560) WR_us=0.52(n=680) pfsp=0.427
    [us] v55_scripted: WR_ussr=?(n=0) WR_us=0.29(n=2899) pfsp=0.706
    [us] iter_0001: WR_ussr=0.57(n=560) WR_us=0.52(n=680) pfsp=0.484
  [diag] inf dtype=torch.float32 shape=torch.Size([2048, 172]) nan=0 inf_vals=0 range=[0.00,39.00]
  [diag] scalar dtype=torch.float32 nan=0 range=[-0.800,1.125]
  [diag] card_logits nan=0 range=[-19.76,14.03]
  [diag] values nan=0 range=[-0.9487,0.9432]
[iter  15/80] steps=13767 rollout_wr=0.475 (ussr=0.600 us=0.350) pl=-0.0149 vl=0.1046 ent=3.638 clip=0.100 kl=0.0026 t=21.8s (rollout=16.3s update=5.5s)
  [league] self: self | ussr_pool: ['iter_0001', 'v45_scripted'] | us_pool: ['iter_0010', 'iter_0010']
  [pfsp]
    [ussr] iter_0001: WR_ussr=0.57(n=640) WR_us=0.52(n=720) pfsp=0.428
    [ussr] v45_scripted: WR_ussr=0.42(n=2870) WR_us=?(n=0) pfsp=0.575
    [us] iter_0010: WR_ussr=0.61(n=400) WR_us=0.54(n=120) pfsp=0.458
  [diag] inf dtype=torch.float32 shape=torch.Size([2048, 172]) nan=0 inf_vals=0 range=[0.00,42.00]
  [diag] scalar dtype=torch.float32 nan=0 range=[-0.900,1.125]
  [diag] card_logits nan=0 range=[-20.17,15.06]
  [diag] values nan=0 range=[-0.9487,0.9455]
[iter  16/80] steps=13207 rollout_wr=0.515 (ussr=0.440 us=0.590) pl=-0.0126 vl=0.1100 ent=3.632 clip=0.101 kl=0.0030 t=20.3s (rollout=15.0s update=5.3s)
  [league] self: self | ussr_pool: ['iter_0010', 'iter_0010'] | us_pool: ['iter_0010', 'iter_0010']
  [pfsp]
    [ussr] iter_0010: WR_ussr=0.61(n=400) WR_us=0.55(n=200) pfsp=0.390
    [us] iter_0010: WR_ussr=0.61(n=400) WR_us=0.55(n=200) pfsp=0.450
  [diag] inf dtype=torch.float32 shape=torch.Size([2048, 172]) nan=0 inf_vals=0 range=[0.00,49.00]
  [diag] scalar dtype=torch.float32 nan=0 range=[-0.950,1.125]
  [diag] card_logits nan=0 range=[-21.27,14.42]
  [diag] values nan=0 range=[-0.9289,0.9509]
[iter  17/80] steps=13425 rollout_wr=0.555 (ussr=0.640 us=0.470) pl=-0.0167 vl=0.1117 ent=3.735 clip=0.130 kl=0.0039 t=20.9s (rollout=16.5s update=4.4s)
  [league] self: self | ussr_pool: ['iter_0001', 'iter_0001'] | us_pool: ['iter_0010', 'v55_scripted']
  [pfsp]
    [ussr] iter_0001: WR_ussr=0.57(n=680) WR_us=0.52(n=720) pfsp=0.431
    [us] iter_0010: WR_ussr=0.62(n=480) WR_us=0.52(n=280) pfsp=0.482
    [us] v55_scripted: WR_ussr=?(n=0) WR_us=0.29(n=2939) pfsp=0.708
  [diag] inf dtype=torch.float32 shape=torch.Size([2048, 172]) nan=0 inf_vals=0 range=[0.00,47.00]
  [diag] scalar dtype=torch.float32 nan=0 range=[-0.800,1.000]
  [diag] card_logits nan=0 range=[-22.25,14.46]
  [diag] values nan=0 range=[-0.9571,0.9086]
[iter  18/80] steps=13791 rollout_wr=0.565 (ussr=0.610 us=0.520) pl=-0.0165 vl=0.1151 ent=3.674 clip=0.125 kl=0.0034 t=22.1s (rollout=16.8s update=5.3s)
  [league] self: self | ussr_pool: ['v45_scripted', 'iter_0001'] | us_pool: ['iter_0010', 'v55_scripted']
  [pfsp]
    [ussr] v45_scripted: WR_ussr=0.42(n=2910) WR_us=?(n=0) pfsp=0.577
    [ussr] iter_0001: WR_ussr=0.58(n=760) WR_us=0.52(n=720) pfsp=0.421
    [us] iter_0010: WR_ussr=0.62(n=480) WR_us=0.52(n=320) pfsp=0.478
    [us] v55_scripted: WR_ussr=?(n=0) WR_us=0.29(n=2979) pfsp=0.707
  [diag] inf dtype=torch.float32 shape=torch.Size([2048, 172]) nan=0 inf_vals=0 range=[0.00,48.00]
  [diag] scalar dtype=torch.float32 nan=0 range=[-0.900,1.125]
  [diag] card_logits nan=0 range=[-21.85,16.01]
  [diag] values nan=0 range=[-0.9198,0.9411]
[iter  19/80] steps=13432 rollout_wr=0.480 (ussr=0.450 us=0.510) pl=-0.0149 vl=0.1136 ent=3.531 clip=0.104 kl=0.0030 t=20.5s (rollout=15.3s update=5.1s)
  Saved to league pool: data/checkpoints/ppo_v69_sc_league/iter_0020.pt
  [league] self: self | ussr_pool: ['iter_0010', 'v45_scripted'] | us_pool: ['v55_scripted', 'iter_0010']
  [pfsp]
    [ussr] iter_0010: WR_ussr=0.62(n=480) WR_us=0.53(n=360) pfsp=0.383
    [ussr] v45_scripted: WR_ussr=0.42(n=2950) WR_us=?(n=0) pfsp=0.579
    [us] v55_scripted: WR_ussr=?(n=0) WR_us=0.29(n=3019) pfsp=0.707
    [us] iter_0010: WR_ussr=0.62(n=480) WR_us=0.53(n=360) pfsp=0.475
  [diag] inf dtype=torch.float32 shape=torch.Size([2048, 172]) nan=0 inf_vals=0 range=[0.00,45.00]
  [diag] scalar dtype=torch.float32 nan=0 range=[-0.950,1.250]
  [diag] card_logits nan=0 range=[-21.56,15.07]
  [diag] values nan=0 range=[-0.9040,0.9318]
[iter  20/80] steps=13329 rollout_wr=0.475 (ussr=0.500 us=0.450) pl=-0.0158 vl=0.1078 ent=3.584 clip=0.098 kl=0.0027 t=21.0s (rollout=16.0s update=5.1s)
  [confirm] launched incremental Elo check for iter 20
  [panel eval] launched pid=502559 iter=20 panel=['v55', 'v54', 'v44', 'v45', 'v14']
  [league] self: self | ussr_pool: ['v45_scripted', 'iter_0020'] | us_pool: ['iter_0020', 'v55_scripted']
  [pfsp]
    [ussr] v45_scripted: WR_ussr=0.42(n=2990) WR_us=?(n=0) pfsp=0.579
    [ussr] iter_0020: WR_ussr=?(n=0) WR_us=?(n=0) pfsp=1.000
    [us] iter_0020: WR_ussr=?(n=0) WR_us=?(n=0) pfsp=1.000
    [us] v55_scripted: WR_ussr=?(n=0) WR_us=0.29(n=3059) pfsp=0.707
  [diag] inf dtype=torch.float32 shape=torch.Size([2048, 172]) nan=0 inf_vals=0 range=[0.00,48.00]
  [diag] scalar dtype=torch.float32 nan=0 range=[-0.800,1.125]
  [diag] card_logits nan=0 range=[-20.67,15.68]
  [diag] values nan=0 range=[-0.9227,0.9302]
[iter  21/80] steps=13534 rollout_wr=0.470 (ussr=0.570 us=0.370) pl=-0.0150 vl=0.1046 ent=3.630 clip=0.097 kl=0.0026 t=58.7s (rollout=53.9s update=4.8s)
  [panel eval iter 20] avg=0.508 elapsed=60s: v55=0.517 | v54=0.550 | v44=0.450 | v45=0.467 | v14=0.600
  [panel eval] NEW HIGH-WATER MARK iter=20 avg_wr=0.5083 → ppo_running_best.pt (provenance: ppo_iter0020.pt)
  [league] self: self | ussr_pool: ['v45_scripted', 'v45_scripted'] | us_pool: ['iter_0001', 'iter_0020']
  [pfsp]
    [ussr] v45_scripted: WR_ussr=0.42(n=3030) WR_us=?(n=0) pfsp=0.576
    [us] iter_0001: WR_ussr=0.58(n=800) WR_us=0.52(n=720) pfsp=0.483
    [us] iter_0020: WR_ussr=0.47(n=40) WR_us=0.50(n=40) pfsp=0.500
  [diag] inf dtype=torch.float32 shape=torch.Size([2048, 172]) nan=0 inf_vals=0 range=[0.00,53.00]
  [diag] scalar dtype=torch.float32 nan=0 range=[-0.850,1.125]
  [diag] card_logits nan=0 range=[-22.65,15.15]
  [diag] values nan=0 range=[-0.9298,0.9149]
[iter  22/80] steps=13307 rollout_wr=0.505 (ussr=0.470 us=0.540) pl=-0.0163 vl=0.1056 ent=3.543 clip=0.108 kl=0.0031 t=31.6s (rollout=26.1s update=5.5s)
  [league] self: self | ussr_pool: ['iter_0020', 'v45_scripted'] | us_pool: ['v55_scripted', 'iter_0020']
  [pfsp]
    [ussr] iter_0020: WR_ussr=0.47(n=40) WR_us=0.51(n=80) pfsp=0.525
    [ussr] v45_scripted: WR_ussr=0.42(n=3110) WR_us=?(n=0) pfsp=0.576
    [us] v55_scripted: WR_ussr=?(n=0) WR_us=0.29(n=3099) pfsp=0.709
    [us] iter_0020: WR_ussr=0.47(n=40) WR_us=0.51(n=80) pfsp=0.488
  [diag] inf dtype=torch.float32 shape=torch.Size([2048, 172]) nan=0 inf_vals=0 range=[0.00,40.00]
  [diag] scalar dtype=torch.float32 nan=0 range=[-0.900,1.125]
  [diag] card_logits nan=0 range=[-20.77,15.75]
  [diag] values nan=0 range=[-0.9639,0.9336]
[iter  23/80] steps=13706 rollout_wr=0.445 (ussr=0.420 us=0.470) pl=-0.0135 vl=0.0971 ent=3.545 clip=0.087 kl=0.0025 t=31.5s (rollout=25.8s update=5.7s)
  [league] self: self | ussr_pool: ['iter_0001', 'v45_scripted'] | us_pool: ['v55_scripted', 'iter_0020']
  [pfsp]
    [ussr] iter_0001: WR_ussr=0.58(n=800) WR_us=0.52(n=760) pfsp=0.420
    [ussr] v45_scripted: WR_ussr=0.42(n=3150) WR_us=?(n=0) pfsp=0.578
    [us] v55_scripted: WR_ussr=?(n=0) WR_us=0.29(n=3139) pfsp=0.709
    [us] iter_0020: WR_ussr=0.47(n=80) WR_us=0.55(n=120) pfsp=0.450
  [diag] inf dtype=torch.float32 shape=torch.Size([2048, 172]) nan=0 inf_vals=0 range=[0.00,48.00]
  [diag] scalar dtype=torch.float32 nan=0 range=[-1.000,1.125]
  [diag] card_logits nan=0 range=[-21.00,15.70]
  [diag] values nan=0 range=[-0.9540,0.9496]
[iter  24/80] steps=13802 rollout_wr=0.490 (ussr=0.520 us=0.460) pl=-0.0153 vl=0.1100 ent=3.562 clip=0.095 kl=0.0029 t=31.4s (rollout=25.8s update=5.7s)
  [league] self: self | ussr_pool: ['iter_0010', 'iter_0001'] | us_pool: ['iter_0001', 'iter_0020']
  [pfsp]
    [ussr] iter_0010: WR_ussr=0.61(n=520) WR_us=0.53(n=400) pfsp=0.388
    [ussr] iter_0001: WR_ussr=0.58(n=840) WR_us=0.52(n=760) pfsp=0.419
    [us] iter_0001: WR_ussr=0.58(n=840) WR_us=0.52(n=760) pfsp=0.484
    [us] iter_0020: WR_ussr=0.47(n=80) WR_us=0.57(n=160) pfsp=0.425
  [diag] inf dtype=torch.float32 shape=torch.Size([2048, 172]) nan=0 inf_vals=0 range=[0.00,46.00]
  [diag] scalar dtype=torch.float32 nan=0 range=[-0.900,1.125]
  [diag] card_logits nan=0 range=[-19.75,14.68]
  [diag] values nan=0 range=[-0.9309,0.9467]
[iter  25/80] steps=13800 rollout_wr=0.540 (ussr=0.620 us=0.460) pl=-0.0160 vl=0.1013 ent=3.569 clip=0.120 kl=0.0035 t=28.3s (rollout=22.9s update=5.4s)
  [league] self: self | ussr_pool: ['iter_0010', 'iter_0020'] | us_pool: ['iter_0010', 'iter_0020']
  [pfsp]
    [ussr] iter_0010: WR_ussr=0.61(n=560) WR_us=0.53(n=400) pfsp=0.387
    [ussr] iter_0020: WR_ussr=0.47(n=80) WR_us=0.56(n=200) pfsp=0.525
    [us] iter_0010: WR_ussr=0.61(n=560) WR_us=0.53(n=400) pfsp=0.468
    [us] iter_0020: WR_ussr=0.47(n=80) WR_us=0.56(n=200) pfsp=0.440
  [diag] inf dtype=torch.float32 shape=torch.Size([2048, 172]) nan=0 inf_vals=0 range=[0.00,49.00]
  [diag] scalar dtype=torch.float32 nan=0 range=[-0.850,1.125]
  [diag] card_logits nan=0 range=[-20.18,14.65]
  [diag] values nan=0 range=[-0.9307,0.9363]
[iter  26/80] steps=13461 rollout_wr=0.535 (ussr=0.560 us=0.510) pl=-0.0144 vl=0.1161 ent=3.498 clip=0.085 kl=0.0025 t=22.5s (rollout=17.1s update=5.4s)
  [league] self: self | ussr_pool: ['iter_0020', 'iter_0010'] | us_pool: ['iter_0001', 'v55_scripted']
  [pfsp]
    [ussr] iter_0020: WR_ussr=0.50(n=120) WR_us=0.57(n=240) pfsp=0.500
    [ussr] iter_0010: WR_ussr=0.61(n=600) WR_us=0.52(n=440) pfsp=0.388
    [us] iter_0001: WR_ussr=0.58(n=880) WR_us=0.51(n=800) pfsp=0.489
    [us] v55_scripted: WR_ussr=?(n=0) WR_us=0.29(n=3179) pfsp=0.710
  [diag] inf dtype=torch.float32 shape=torch.Size([2048, 172]) nan=0 inf_vals=0 range=[0.00,46.00]
  [diag] scalar dtype=torch.float32 nan=0 range=[-0.750,1.125]
  [diag] card_logits nan=0 range=[-20.53,14.63]
  [diag] values nan=0 range=[-0.9530,0.9443]
[iter  27/80] steps=13224 rollout_wr=0.485 (ussr=0.560 us=0.410) pl=-0.0156 vl=0.1035 ent=3.615 clip=0.095 kl=0.0026 t=21.2s (rollout=15.8s update=5.3s)
  [league] self: self | ussr_pool: ['iter_0001', 'iter_0020'] | us_pool: ['v55_scripted', 'v55_scripted']
  [pfsp]
    [ussr] iter_0001: WR_ussr=0.58(n=880) WR_us=0.51(n=840) pfsp=0.418
    [ussr] iter_0020: WR_ussr=0.51(n=160) WR_us=0.57(n=240) pfsp=0.488
    [us] v55_scripted: WR_ussr=?(n=0) WR_us=0.29(n=3219) pfsp=0.711
  [diag] inf dtype=torch.float32 shape=torch.Size([2048, 172]) nan=0 inf_vals=0 range=[0.00,46.00]
  [diag] scalar dtype=torch.float32 nan=0 range=[-0.850,1.125]
  [diag] card_logits nan=0 range=[-20.07,15.83]
  [diag] values nan=0 range=[-0.9616,0.9281]
[iter  28/80] steps=13397 rollout_wr=0.490 (ussr=0.610 us=0.370) pl=-0.0143 vl=0.1058 ent=3.718 clip=0.111 kl=0.0030 t=21.6s (rollout=16.3s update=5.2s)
  [league] self: self | ussr_pool: ['v45_scripted', 'iter_0020'] | us_pool: ['iter_0010', 'iter_0020']
  [pfsp]
    [ussr] v45_scripted: WR_ussr=0.42(n=3190) WR_us=?(n=0) pfsp=0.579
    [ussr] iter_0020: WR_ussr=0.53(n=200) WR_us=0.57(n=240) pfsp=0.470
    [us] iter_0010: WR_ussr=0.61(n=640) WR_us=0.52(n=440) pfsp=0.480
    [us] iter_0020: WR_ussr=0.53(n=200) WR_us=0.57(n=240) pfsp=0.425
  [diag] inf dtype=torch.float32 shape=torch.Size([2048, 172]) nan=0 inf_vals=0 range=[0.00,45.00]
  [diag] scalar dtype=torch.float32 nan=0 range=[-0.800,1.000]
  [diag] card_logits nan=0 range=[-20.70,14.00]
  [diag] values nan=0 range=[-0.9256,0.9394]
[iter  29/80] steps=13598 rollout_wr=0.600 (ussr=0.530 us=0.670) pl=-0.0148 vl=0.1010 ent=3.527 clip=0.106 kl=0.0032 t=21.3s (rollout=17.0s update=4.3s)
  Saved to league pool: data/checkpoints/ppo_v69_sc_league/iter_0030.pt
  [league] self: self | ussr_pool: ['iter_0030', 'iter_0001'] | us_pool: ['iter_0030', 'iter_0001']
  [pfsp]
    [ussr] iter_0030: WR_ussr=?(n=0) WR_us=?(n=0) pfsp=1.000
    [ussr] iter_0001: WR_ussr=0.58(n=920) WR_us=0.51(n=840) pfsp=0.418
    [us] iter_0030: WR_ussr=?(n=0) WR_us=?(n=0) pfsp=1.000
    [us] iter_0001: WR_ussr=0.58(n=920) WR_us=0.51(n=840) pfsp=0.487
  [diag] inf dtype=torch.float32 shape=torch.Size([2048, 172]) nan=0 inf_vals=0 range=[0.00,48.00]
  [diag] scalar dtype=torch.float32 nan=0 range=[-0.900,1.000]
  [diag] card_logits nan=0 range=[-20.81,15.92]
  [diag] values nan=0 range=[-0.9134,0.9594]
[iter  30/80] steps=13710 rollout_wr=0.515 (ussr=0.490 us=0.540) pl=-0.0158 vl=0.1227 ent=3.604 clip=0.175 kl=0.0074 t=22.9s (rollout=17.6s update=5.3s)
  [confirm] launched incremental Elo check for iter 30
  [panel eval] launched pid=503282 iter=30 panel=['v55', 'v54', 'v44', 'v45', 'v14']
  [league] self: self | ussr_pool: ['v45_scripted', 'iter_0030'] | us_pool: ['v55_scripted', 'iter_0020']
  [pfsp]
    [ussr] v45_scripted: WR_ussr=0.42(n=3230) WR_us=?(n=0) pfsp=0.579
    [ussr] iter_0030: WR_ussr=0.55(n=40) WR_us=0.60(n=40) pfsp=0.450
    [us] v55_scripted: WR_ussr=?(n=0) WR_us=0.29(n=3299) pfsp=0.711
    [us] iter_0020: WR_ussr=0.56(n=240) WR_us=0.60(n=280) pfsp=0.404
  [diag] inf dtype=torch.float32 shape=torch.Size([2048, 172]) nan=0 inf_vals=0 range=[0.00,41.00]
  [diag] scalar dtype=torch.float32 nan=0 range=[-0.850,1.125]
  [diag] card_logits nan=0 range=[-18.85,13.92]
  [diag] values nan=0 range=[-0.9431,0.9189]
[iter  31/80] steps=13172 rollout_wr=0.515 (ussr=0.600 us=0.430) pl=-0.0177 vl=0.1154 ent=3.597 clip=0.111 kl=0.0030 t=54.8s (rollout=48.9s update=5.8s)
  [league] self: self | ussr_pool: ['v45_scripted', 'v45_scripted'] | us_pool: ['v55_scripted', 'v55_scripted']
  [pfsp]
    [ussr] v45_scripted: WR_ussr=0.42(n=3270) WR_us=?(n=0) pfsp=0.578
    [us] v55_scripted: WR_ussr=?(n=0) WR_us=0.29(n=3339) pfsp=0.710
  [diag] inf dtype=torch.float32 shape=torch.Size([2048, 172]) nan=0 inf_vals=0 range=[0.00,53.00]
  [diag] scalar dtype=torch.float32 nan=0 range=[-0.850,1.125]
  [diag] card_logits nan=0 range=[-20.49,13.71]
  [diag] values nan=0 range=[-0.9273,0.8752]
[iter  32/80] steps=13378 rollout_wr=0.315 (ussr=0.370 us=0.260) pl=-0.0150 vl=0.0955 ent=3.572 clip=0.096 kl=0.0027 t=32.8s (rollout=27.3s update=5.5s)
  [panel eval iter 30] avg=0.496 elapsed=89s: v55=0.517 | v54=0.517 | v44=0.483 | v45=0.417 | v14=0.533
  [league] self: self | ussr_pool: ['v45_scripted', 'iter_0010'] | us_pool: ['iter_0010', 'v55_scripted']
  [pfsp]
    [ussr] v45_scripted: WR_ussr=0.42(n=3350) WR_us=?(n=0) pfsp=0.580
    [ussr] iter_0010: WR_ussr=0.61(n=640) WR_us=0.53(n=480) pfsp=0.391
    [us] iter_0010: WR_ussr=0.61(n=640) WR_us=0.53(n=480) pfsp=0.471
    [us] v55_scripted: WR_ussr=?(n=0) WR_us=0.29(n=3419) pfsp=0.713
wandb: WARNING Tried to log to step 30 that is less than the current step 31. Steps must be monotonically increasing, so this data will be ignored. See https://wandb.me/define-metric to log data out of order.
  [diag] inf dtype=torch.float32 shape=torch.Size([2048, 172]) nan=0 inf_vals=0 range=[0.00,59.00]
  [diag] scalar dtype=torch.float32 nan=0 range=[-0.900,1.125]
  [diag] card_logits nan=0 range=[-22.97,14.64]
  [diag] values nan=0 range=[-0.9480,0.8619]
[iter  33/80] steps=13733 rollout_wr=0.430 (ussr=0.490 us=0.370) pl=-0.0130 vl=0.1066 ent=3.558 clip=0.096 kl=0.0027 t=32.0s (rollout=26.6s update=5.4s)
  [league] self: self | ussr_pool: ['iter_0030', 'iter_0020'] | us_pool: ['iter_0030', 'iter_0010']
  [pfsp]
    [ussr] iter_0030: WR_ussr=0.64(n=80) WR_us=0.60(n=40) pfsp=0.363
    [ussr] iter_0020: WR_ussr=0.56(n=240) WR_us=0.59(n=320) pfsp=0.442
    [us] iter_0030: WR_ussr=0.64(n=80) WR_us=0.60(n=40) pfsp=0.400
    [us] iter_0010: WR_ussr=0.60(n=680) WR_us=0.53(n=520) pfsp=0.475
  [diag] inf dtype=torch.float32 shape=torch.Size([2048, 172]) nan=0 inf_vals=0 range=[0.00,53.00]
  [diag] scalar dtype=torch.float32 nan=0 range=[-0.800,1.125]
  [diag] card_logits nan=0 range=[-21.11,14.03]
  [diag] values nan=0 range=[-0.9504,0.9165]
[iter  34/80] steps=13667 rollout_wr=0.520 (ussr=0.550 us=0.490) pl=-0.0122 vl=0.1073 ent=3.558 clip=0.085 kl=0.0024 t=21.7s (rollout=16.3s update=5.4s)
  [league] self: self | ussr_pool: ['iter_0030', 'iter_0010'] | us_pool: ['iter_0001', 'iter_0030']
  [pfsp]
    [ussr] iter_0030: WR_ussr=0.62(n=120) WR_us=0.60(n=80) pfsp=0.375
    [ussr] iter_0010: WR_ussr=0.60(n=680) WR_us=0.52(n=560) pfsp=0.396
    [us] iter_0001: WR_ussr=0.57(n=960) WR_us=0.51(n=880) pfsp=0.489
    [us] iter_0030: WR_ussr=0.62(n=120) WR_us=0.60(n=80) pfsp=0.400
  [diag] inf dtype=torch.float32 shape=torch.Size([2048, 172]) nan=0 inf_vals=0 range=[0.00,45.00]
  [diag] scalar dtype=torch.float32 nan=0 range=[-0.900,1.125]
  [diag] card_logits nan=0 range=[-22.42,14.34]
  [diag] values nan=0 range=[-0.9448,0.9222]
[iter  35/80] steps=14175 rollout_wr=0.580 (ussr=0.550 us=0.610) pl=-0.0142 vl=0.1041 ent=3.522 clip=0.108 kl=0.0030 t=21.9s (rollout=17.5s update=4.4s)
  [league] self: self | ussr_pool: ['iter_0030', 'iter_0030'] | us_pool: ['iter_0030', 'v55_scripted']
  [pfsp]
    [ussr] iter_0030: WR_ussr=0.62(n=160) WR_us=0.65(n=120) pfsp=0.375
    [us] iter_0030: WR_ussr=0.62(n=160) WR_us=0.65(n=120) pfsp=0.350
    [us] v55_scripted: WR_ussr=?(n=0) WR_us=0.29(n=3459) pfsp=0.714
  [diag] inf dtype=torch.float32 shape=torch.Size([2048, 172]) nan=0 inf_vals=0 range=[0.00,45.00]
  [diag] scalar dtype=torch.float32 nan=0 range=[-0.850,1.000]
  [diag] card_logits nan=0 range=[-21.91,14.93]
  [diag] values nan=0 range=[-0.9336,0.9167]
[iter  36/80] steps=13328 rollout_wr=0.505 (ussr=0.620 us=0.390) pl=-0.0145 vl=0.1079 ent=3.597 clip=0.098 kl=0.0028 t=22.5s (rollout=17.2s update=5.3s)
  [league] self: self | ussr_pool: ['v45_scripted', 'iter_0020'] | us_pool: ['v55_scripted', 'iter_0020']
  [pfsp]
    [ussr] v45_scripted: WR_ussr=0.42(n=3390) WR_us=?(n=0) pfsp=0.581
    [ussr] iter_0020: WR_ussr=0.55(n=280) WR_us=0.59(n=320) pfsp=0.454
    [us] v55_scripted: WR_ussr=?(n=0) WR_us=0.28(n=3499) pfsp=0.716
    [us] iter_0020: WR_ussr=0.55(n=280) WR_us=0.59(n=320) pfsp=0.412
  [diag] inf dtype=torch.float32 shape=torch.Size([2048, 172]) nan=0 inf_vals=0 range=[0.00,52.00]
  [diag] scalar dtype=torch.float32 nan=0 range=[-0.850,1.125]
  [diag] card_logits nan=0 range=[-22.07,15.47]
  [diag] values nan=0 range=[-0.9377,0.9364]
[iter  37/80] steps=13510 rollout_wr=0.480 (ussr=0.550 us=0.410) pl=-0.0154 vl=0.1113 ent=3.578 clip=0.094 kl=0.0026 t=21.5s (rollout=16.1s update=5.4s)
  [league] self: self | ussr_pool: ['iter_0010', 'iter_0020'] | us_pool: ['iter_0030', 'iter_0020']
  [pfsp]
    [ussr] iter_0010: WR_ussr=0.60(n=720) WR_us=0.52(n=560) pfsp=0.401
    [ussr] iter_0020: WR_ussr=0.55(n=320) WR_us=0.57(n=360) pfsp=0.447
    [us] iter_0030: WR_ussr=0.63(n=240) WR_us=0.62(n=160) pfsp=0.381
    [us] iter_0020: WR_ussr=0.55(n=320) WR_us=0.57(n=360) pfsp=0.431
  [diag] inf dtype=torch.float32 shape=torch.Size([2048, 172]) nan=0 inf_vals=0 range=[0.00,56.00]
  [diag] scalar dtype=torch.float32 nan=0 range=[-0.900,1.125]
  [diag] card_logits nan=0 range=[-19.85,15.06]
  [diag] values nan=0 range=[-0.9224,0.9339]
[iter  38/80] steps=13781 rollout_wr=0.575 (ussr=0.570 us=0.580) pl=-0.0150 vl=0.0996 ent=3.608 clip=0.101 kl=0.0029 t=22.3s (rollout=17.0s update=5.3s)
  [league] self: self | ussr_pool: ['iter_0030', 'iter_0020'] | us_pool: ['v55_scripted', 'iter_0020']
  [pfsp]
    [ussr] iter_0030: WR_ussr=0.63(n=240) WR_us=0.58(n=200) pfsp=0.371
    [ussr] iter_0020: WR_ussr=0.55(n=360) WR_us=0.58(n=400) pfsp=0.450
    [us] v55_scripted: WR_ussr=?(n=0) WR_us=0.28(n=3539) pfsp=0.715
    [us] iter_0020: WR_ussr=0.55(n=360) WR_us=0.58(n=400) pfsp=0.417
  [diag] inf dtype=torch.float32 shape=torch.Size([2048, 172]) nan=0 inf_vals=0 range=[0.00,49.00]
  [diag] scalar dtype=torch.float32 nan=0 range=[-0.950,1.125]
  [diag] card_logits nan=0 range=[-21.95,15.31]
  [diag] values nan=0 range=[-0.9451,0.9244]
[iter  39/80] steps=13121 rollout_wr=0.500 (ussr=0.610 us=0.390) pl=-0.0146 vl=0.1086 ent=3.586 clip=0.096 kl=0.0025 t=22.6s (rollout=17.3s update=5.3s)
  Saved to league pool: data/checkpoints/ppo_v69_sc_league/iter_0040.pt
  [league] self: self | ussr_pool: ['iter_0020', 'iter_0010'] | us_pool: ['iter_0020', 'iter_0040']
  [pfsp]
    [ussr] iter_0020: WR_ussr=0.55(n=400) WR_us=0.58(n=440) pfsp=0.453
    [ussr] iter_0010: WR_ussr=0.59(n=760) WR_us=0.52(n=560) pfsp=0.405
    [us] iter_0020: WR_ussr=0.55(n=400) WR_us=0.58(n=440) pfsp=0.418
    [us] iter_0040: WR_ussr=?(n=0) WR_us=?(n=0) pfsp=1.000
  [diag] inf dtype=torch.float32 shape=torch.Size([2048, 172]) nan=0 inf_vals=0 range=[0.00,44.00]
  [diag] scalar dtype=torch.float32 nan=0 range=[-0.900,1.125]
  [diag] card_logits nan=0 range=[-20.00,15.19]
  [diag] values nan=0 range=[-0.9301,0.9370]
[iter  40/80] steps=13683 rollout_wr=0.565 (ussr=0.500 us=0.630) pl=-0.0156 vl=0.1058 ent=3.611 clip=0.124 kl=0.0039 t=21.9s (rollout=16.5s update=5.4s)
  [confirm] launched incremental Elo check for iter 40
  [panel eval] launched pid=503957 iter=40 panel=['v55', 'v54', 'v44', 'v45', 'v14']
  [league] self: self | ussr_pool: ['iter_0001', 'v45_scripted'] | us_pool: ['iter_0010', 'iter_0030']
  [pfsp]
    [ussr] iter_0001: WR_ussr=0.57(n=960) WR_us=0.51(n=920) pfsp=0.426
    [ussr] v45_scripted: WR_ussr=0.42(n=3430) WR_us=?(n=0) pfsp=0.580
    [us] iter_0010: WR_ussr=0.58(n=800) WR_us=0.52(n=560) pfsp=0.480
    [us] iter_0030: WR_ussr=0.64(n=280) WR_us=0.58(n=200) pfsp=0.420
  [diag] inf dtype=torch.float32 shape=torch.Size([2048, 172]) nan=0 inf_vals=0 range=[0.00,56.00]
  [diag] scalar dtype=torch.float32 nan=0 range=[-0.900,1.125]
  [diag] card_logits nan=0 range=[-21.46,13.77]
  [diag] values nan=0 range=[-0.9551,0.9554]
[iter  41/80] steps=13959 rollout_wr=0.520 (ussr=0.500 us=0.540) pl=-0.0141 vl=0.1073 ent=3.617 clip=0.113 kl=0.0033 t=61.4s (rollout=55.5s update=5.9s)
  [panel eval iter 40] avg=0.523 elapsed=62s: v55=0.567 | v54=0.417 | v44=0.650 | v45=0.467 | v14=0.417
  [panel eval] NEW HIGH-WATER MARK iter=40 avg_wr=0.5233 → ppo_running_best.pt (provenance: ppo_iter0040.pt)
  [league] self: self | ussr_pool: ['iter_0010', 'v45_scripted'] | us_pool: ['v55_scripted', 'iter_0040']
  [pfsp]
    [ussr] iter_0010: WR_ussr=0.58(n=800) WR_us=0.53(n=600) pfsp=0.415
    [ussr] v45_scripted: WR_ussr=0.42(n=3470) WR_us=?(n=0) pfsp=0.580
    [us] v55_scripted: WR_ussr=?(n=0) WR_us=0.28(n=3579) pfsp=0.718
    [us] iter_0040: WR_ussr=?(n=0) WR_us=0.72(n=40) pfsp=0.275
  [diag] inf dtype=torch.float32 shape=torch.Size([2048, 172]) nan=0 inf_vals=0 range=[0.00,45.00]
  [diag] scalar dtype=torch.float32 nan=0 range=[-0.950,1.125]
  [diag] card_logits nan=0 range=[-20.17,15.78]
  [diag] values nan=0 range=[-0.9530,0.9505]
[iter  42/80] steps=13367 rollout_wr=0.555 (ussr=0.630 us=0.480) pl=-0.0138 vl=0.1104 ent=3.614 clip=0.099 kl=0.0027 t=31.9s (rollout=26.3s update=5.6s)
  [league] self: self | ussr_pool: ['iter_0010', 'iter_0040'] | us_pool: ['iter_0030', 'iter_0001']
  [pfsp]
    [ussr] iter_0010: WR_ussr=0.59(n=840) WR_us=0.53(n=600) pfsp=0.410
    [ussr] iter_0040: WR_ussr=?(n=0) WR_us=0.69(n=80) pfsp=1.000
    [us] iter_0030: WR_ussr=0.64(n=280) WR_us=0.55(n=240) pfsp=0.450
    [us] iter_0001: WR_ussr=0.57(n=1000) WR_us=0.51(n=920) pfsp=0.488
  [diag] inf dtype=torch.float32 shape=torch.Size([2048, 172]) nan=0 inf_vals=0 range=[0.00,46.00]
  [diag] scalar dtype=torch.float32 nan=0 range=[-0.800,1.125]
  [diag] card_logits nan=0 range=[-22.03,13.71]
  [diag] values nan=0 range=[-0.9239,0.9458]
[iter  43/80] steps=13883 rollout_wr=0.575 (ussr=0.630 us=0.520) pl=-0.0126 vl=0.1010 ent=3.580 clip=0.094 kl=0.0029 t=33.1s (rollout=27.5s update=5.6s)
  [league] self: self | ussr_pool: ['iter_0040', 'iter_0020'] | us_pool: ['v55_scripted', 'iter_0010']
  [pfsp]
    [ussr] iter_0040: WR_ussr=0.68(n=40) WR_us=0.69(n=80) pfsp=0.325
    [ussr] iter_0020: WR_ussr=0.55(n=440) WR_us=0.58(n=480) pfsp=0.448
    [us] v55_scripted: WR_ussr=?(n=0) WR_us=0.28(n=3619) pfsp=0.718
    [us] iter_0010: WR_ussr=0.59(n=880) WR_us=0.53(n=600) pfsp=0.473
  [diag] inf dtype=torch.float32 shape=torch.Size([2048, 172]) nan=0 inf_vals=0 range=[0.00,64.00]
  [diag] scalar dtype=torch.float32 nan=0 range=[-0.950,1.125]
  [diag] card_logits nan=0 range=[-21.00,16.19]
  [diag] values nan=0 range=[-0.9372,0.9379]
[iter  44/80] steps=13690 rollout_wr=0.425 (ussr=0.450 us=0.400) pl=-0.0132 vl=0.1024 ent=3.543 clip=0.087 kl=0.0024 t=22.3s (rollout=17.0s update=5.3s)
  [league] self: self | ussr_pool: ['iter_0001', 'iter_0010'] | us_pool: ['iter_0030', 'iter_0040']
  [pfsp]
    [ussr] iter_0001: WR_ussr=0.57(n=1000) WR_us=0.51(n=960) pfsp=0.425
    [ussr] iter_0010: WR_ussr=0.59(n=880) WR_us=0.53(n=640) pfsp=0.409
    [us] iter_0030: WR_ussr=0.64(n=280) WR_us=0.56(n=280) pfsp=0.443
    [us] iter_0040: WR_ussr=0.50(n=80) WR_us=0.69(n=80) pfsp=0.312
  [diag] inf dtype=torch.float32 shape=torch.Size([2048, 172]) nan=0 inf_vals=0 range=[0.00,44.00]
  [diag] scalar dtype=torch.float32 nan=0 range=[-0.800,1.125]
  [diag] card_logits nan=0 range=[-21.40,14.28]
  [diag] values nan=0 range=[-0.9566,0.9368]
[iter  45/80] steps=13696 rollout_wr=0.555 (ussr=0.530 us=0.580) pl=-0.0148 vl=0.1139 ent=3.484 clip=0.120 kl=0.0035 t=21.8s (rollout=16.3s update=5.5s)
  [league] self: self | ussr_pool: ['v45_scripted', 'iter_0020'] | us_pool: ['v55_scripted', 'iter_0030']
  [pfsp]
    [ussr] v45_scripted: WR_ussr=0.42(n=3510) WR_us=?(n=0) pfsp=0.579
    [ussr] iter_0020: WR_ussr=0.55(n=480) WR_us=0.58(n=480) pfsp=0.452
    [us] v55_scripted: WR_ussr=?(n=0) WR_us=0.28(n=3659) pfsp=0.718
    [us] iter_0030: WR_ussr=0.64(n=280) WR_us=0.57(n=320) pfsp=0.434
  [diag] inf dtype=torch.float32 shape=torch.Size([2048, 172]) nan=0 inf_vals=0 range=[0.00,49.00]
  [diag] scalar dtype=torch.float32 nan=0 range=[-0.850,1.250]
  [diag] card_logits nan=0 range=[-19.63,14.75]
  [diag] values nan=0 range=[-0.9356,0.9292]
[iter  46/80] steps=13565 rollout_wr=0.440 (ussr=0.400 us=0.480) pl=-0.0141 vl=0.1005 ent=3.591 clip=0.102 kl=0.0029 t=21.6s (rollout=17.4s update=4.2s)
  [league] self: self | ussr_pool: ['v45_scripted', 'iter_0040'] | us_pool: ['iter_0030', 'v55_scripted']
  [pfsp]
    [ussr] v45_scripted: WR_ussr=0.42(n=3550) WR_us=?(n=0) pfsp=0.579
    [ussr] iter_0040: WR_ussr=0.50(n=80) WR_us=0.66(n=120) pfsp=0.500
    [us] iter_0030: WR_ussr=0.64(n=280) WR_us=0.57(n=360) pfsp=0.425
    [us] v55_scripted: WR_ussr=?(n=0) WR_us=0.28(n=3699) pfsp=0.719
  [diag] inf dtype=torch.float32 shape=torch.Size([2048, 172]) nan=0 inf_vals=0 range=[0.00,54.00]
  [diag] scalar dtype=torch.float32 nan=0 range=[-0.750,1.000]
  [diag] card_logits nan=0 range=[-21.84,14.31]
  [diag] values nan=0 range=[-0.9541,0.9382]
[iter  47/80] steps=13766 rollout_wr=0.425 (ussr=0.470 us=0.380) pl=-0.0137 vl=0.1032 ent=3.552 clip=0.091 kl=0.0025 t=22.6s (rollout=17.2s update=5.4s)
  [league] self: self | ussr_pool: ['iter_0030', 'iter_0001'] | us_pool: ['iter_0020', 'iter_0040']
  [pfsp]
    [ussr] iter_0030: WR_ussr=0.64(n=280) WR_us=0.57(n=400) pfsp=0.357
    [ussr] iter_0001: WR_ussr=0.57(n=1040) WR_us=0.51(n=960) pfsp=0.427
    [us] iter_0020: WR_ussr=0.54(n=520) WR_us=0.58(n=480) pfsp=0.421
    [us] iter_0040: WR_ussr=0.50(n=120) WR_us=0.66(n=120) pfsp=0.342
  [diag] inf dtype=torch.float32 shape=torch.Size([2048, 172]) nan=0 inf_vals=0 range=[0.00,47.00]
  [diag] scalar dtype=torch.float32 nan=0 range=[-0.800,1.125]
  [diag] card_logits nan=0 range=[-21.80,14.94]
  [diag] values nan=0 range=[-0.9411,0.9205]
[iter  48/80] steps=13410 rollout_wr=0.540 (ussr=0.640 us=0.440) pl=-0.0123 vl=0.1158 ent=3.624 clip=0.098 kl=0.0028 t=21.2s (rollout=16.0s update=5.2s)
  [league] self: self | ussr_pool: ['v45_scripted', 'iter_0010'] | us_pool: ['iter_0020', 'iter_0001']
  [pfsp]
    [ussr] v45_scripted: WR_ussr=0.42(n=3590) WR_us=?(n=0) pfsp=0.579
    [ussr] iter_0010: WR_ussr=0.59(n=920) WR_us=0.53(n=640) pfsp=0.412
    [us] iter_0020: WR_ussr=0.54(n=520) WR_us=0.57(n=520) pfsp=0.425
    [us] iter_0001: WR_ussr=0.58(n=1080) WR_us=0.51(n=960) pfsp=0.491
  [diag] inf dtype=torch.float32 shape=torch.Size([2048, 172]) nan=0 inf_vals=0 range=[0.00,48.00]
  [diag] scalar dtype=torch.float32 nan=0 range=[-0.900,1.125]
  [diag] card_logits nan=0 range=[-20.49,14.30]
  [diag] values nan=0 range=[-0.9323,0.9544]
[iter  49/80] steps=13904 rollout_wr=0.580 (ussr=0.510 us=0.650) pl=-0.0146 vl=0.1069 ent=3.585 clip=0.121 kl=0.0033 t=20.7s (rollout=16.4s update=4.4s)
  Saved to league pool: data/checkpoints/ppo_v69_sc_league/iter_0050.pt
  [league] self: self | ussr_pool: ['iter_0050', 'iter_0010'] | us_pool: ['iter_0050', 'iter_0030']
  [pfsp]
    [ussr] iter_0050: WR_ussr=?(n=0) WR_us=?(n=0) pfsp=1.000
    [ussr] iter_0010: WR_ussr=0.58(n=960) WR_us=0.53(n=640) pfsp=0.416
    [us] iter_0050: WR_ussr=?(n=0) WR_us=?(n=0) pfsp=1.000
    [us] iter_0030: WR_ussr=0.65(n=320) WR_us=0.57(n=400) pfsp=0.432
  [diag] inf dtype=torch.float32 shape=torch.Size([2048, 172]) nan=0 inf_vals=0 range=[0.00,44.00]
  [diag] scalar dtype=torch.float32 nan=0 range=[-0.850,1.000]
  [diag] card_logits nan=0 range=[-20.64,13.66]
  [diag] values nan=0 range=[-0.9066,0.9458]
[iter  50/80] steps=13888 rollout_wr=0.565 (ussr=0.560 us=0.570) pl=-0.0146 vl=0.1017 ent=3.685 clip=0.106 kl=0.0033 t=21.7s (rollout=16.3s update=5.4s)
  [confirm] launched incremental Elo check for iter 50
  [panel eval] launched pid=504651 iter=50 panel=['v55', 'v54', 'v44', 'v45', 'v14']
  [league] self: self | ussr_pool: ['v45_scripted', 'iter_0010'] | us_pool: ['v55_scripted', 'v55_scripted']
  [pfsp]
    [ussr] v45_scripted: WR_ussr=0.42(n=3630) WR_us=?(n=0) pfsp=0.579
    [ussr] iter_0010: WR_ussr=0.58(n=1000) WR_us=0.53(n=640) pfsp=0.416
    [us] v55_scripted: WR_ussr=?(n=0) WR_us=0.28(n=3739) pfsp=0.720
  [diag] inf dtype=torch.float32 shape=torch.Size([2048, 172]) nan=0 inf_vals=0 range=[0.00,42.00]
  [diag] scalar dtype=torch.float32 nan=0 range=[-0.700,1.000]
  [diag] card_logits nan=0 range=[-22.46,14.45]
  [diag] values nan=0 range=[-0.9380,0.9436]
[iter  51/80] steps=13568 rollout_wr=0.500 (ussr=0.620 us=0.380) pl=-0.0163 vl=0.1129 ent=3.655 clip=0.140 kl=0.0038 t=60.7s (rollout=55.1s update=5.6s)
  [panel eval iter 50] avg=0.498 elapsed=61s: v55=0.550 | v54=0.433 | v44=0.450 | v45=0.567 | v14=0.450
  [league] self: self | ussr_pool: ['iter_0040', 'iter_0050'] | us_pool: ['v55_scripted', 'v55_scripted']
  [pfsp]
    [ussr] iter_0040: WR_ussr=0.50(n=120) WR_us=0.58(n=160) pfsp=0.500
    [ussr] iter_0050: WR_ussr=0.47(n=40) WR_us=0.55(n=40) pfsp=0.525
    [us] v55_scripted: WR_ussr=?(n=0) WR_us=0.28(n=3819) pfsp=0.719
  [diag] inf dtype=torch.float32 shape=torch.Size([2048, 172]) nan=0 inf_vals=0 range=[0.00,60.00]
  [diag] scalar dtype=torch.float32 nan=0 range=[-0.800,1.125]
  [diag] card_logits nan=0 range=[-21.88,13.67]
  [diag] values nan=0 range=[-0.9117,0.9512]
[iter  52/80] steps=13571 rollout_wr=0.465 (ussr=0.620 us=0.310) pl=-0.0144 vl=0.1019 ent=3.713 clip=0.117 kl=0.0032 t=30.5s (rollout=24.8s update=5.7s)
  [league] self: self | ussr_pool: ['iter_0010', 'iter_0020'] | us_pool: ['v55_scripted', 'iter_0040']
  [pfsp]
    [ussr] iter_0010: WR_ussr=0.59(n=1040) WR_us=0.53(n=640) pfsp=0.412
    [ussr] iter_0020: WR_ussr=0.54(n=520) WR_us=0.58(n=560) pfsp=0.462
    [us] v55_scripted: WR_ussr=?(n=0) WR_us=0.28(n=3899) pfsp=0.719
    [us] iter_0040: WR_ussr=0.53(n=160) WR_us=0.58(n=160) pfsp=0.419
  [diag] inf dtype=torch.float32 shape=torch.Size([2048, 172]) nan=0 inf_vals=0 range=[0.00,40.00]
  [diag] scalar dtype=torch.float32 nan=0 range=[-0.800,1.000]
  [diag] card_logits nan=0 range=[-22.72,13.72]
  [diag] values nan=0 range=[-0.9357,0.9546]
[iter  53/80] steps=13813 rollout_wr=0.535 (ussr=0.630 us=0.440) pl=-0.0167 vl=0.0996 ent=3.683 clip=0.147 kl=0.0041 t=31.0s (rollout=25.4s update=5.6s)
  [league] self: self | ussr_pool: ['iter_0010', 'iter_0050'] | us_pool: ['iter_0050', 'iter_0050']
  [pfsp]
    [ussr] iter_0010: WR_ussr=0.59(n=1080) WR_us=0.53(n=640) pfsp=0.409
    [ussr] iter_0050: WR_ussr=0.54(n=80) WR_us=0.55(n=40) pfsp=0.463
    [us] iter_0050: WR_ussr=0.54(n=80) WR_us=0.55(n=40) pfsp=0.450
  [diag] inf dtype=torch.float32 shape=torch.Size([2048, 172]) nan=0 inf_vals=0 range=[0.00,43.00]
  [diag] scalar dtype=torch.float32 nan=0 range=[-0.900,1.125]
  [diag] card_logits nan=0 range=[-21.75,12.76]
  [diag] values nan=0 range=[-0.9089,0.9611]
[iter  54/80] steps=13408 rollout_wr=0.540 (ussr=0.560 us=0.520) pl=-0.0142 vl=0.1062 ent=3.609 clip=0.115 kl=0.0035 t=25.7s (rollout=20.3s update=5.4s)
  [league] self: self | ussr_pool: ['iter_0030', 'v45_scripted'] | us_pool: ['iter_0030', 'iter_0020']
  [pfsp]
    [ussr] iter_0030: WR_ussr=0.65(n=320) WR_us=0.57(n=440) pfsp=0.353
    [ussr] v45_scripted: WR_ussr=0.42(n=3670) WR_us=?(n=0) pfsp=0.579
    [us] iter_0030: WR_ussr=0.65(n=320) WR_us=0.57(n=440) pfsp=0.430
    [us] iter_0020: WR_ussr=0.54(n=560) WR_us=0.58(n=560) pfsp=0.423
  [diag] inf dtype=torch.float32 shape=torch.Size([2048, 172]) nan=0 inf_vals=0 range=[0.00,50.00]
  [diag] scalar dtype=torch.float32 nan=0 range=[-0.800,1.000]
  [diag] card_logits nan=0 range=[-22.23,14.50]
  [diag] values nan=0 range=[-0.9238,0.9338]
[iter  55/80] steps=13237 rollout_wr=0.520 (ussr=0.500 us=0.540) pl=-0.0135 vl=0.1156 ent=3.532 clip=0.114 kl=0.0036 t=20.3s (rollout=15.0s update=5.3s)
  [league] self: self | ussr_pool: ['iter_0040', 'v45_scripted'] | us_pool: ['v55_scripted', 'iter_0050']
  [pfsp]
    [ussr] iter_0040: WR_ussr=0.53(n=160) WR_us=0.57(n=200) pfsp=0.475
    [ussr] v45_scripted: WR_ussr=0.42(n=3710) WR_us=?(n=0) pfsp=0.579
    [us] v55_scripted: WR_ussr=?(n=0) WR_us=0.28(n=3939) pfsp=0.719
    [us] iter_0050: WR_ussr=0.53(n=120) WR_us=0.52(n=120) pfsp=0.483
  [diag] inf dtype=torch.float32 shape=torch.Size([2048, 172]) nan=0 inf_vals=0 range=[0.00,40.00]
  [diag] scalar dtype=torch.float32 nan=0 range=[-0.900,1.125]
  [diag] card_logits nan=0 range=[-21.50,14.68]
  [diag] values nan=0 range=[-0.9492,0.9388]
[iter  56/80] steps=13656 rollout_wr=0.440 (ussr=0.480 us=0.400) pl=-0.0167 vl=0.1021 ent=3.607 clip=0.127 kl=0.0036 t=21.5s (rollout=16.2s update=5.3s)
  [league] self: self | ussr_pool: ['iter_0001', 'iter_0001'] | us_pool: ['v55_scripted', 'iter_0010']
  [pfsp]
    [ussr] iter_0001: WR_ussr=0.58(n=1080) WR_us=0.52(n=1000) pfsp=0.424
    [us] v55_scripted: WR_ussr=?(n=0) WR_us=0.28(n=3979) pfsp=0.720
    [us] iter_0010: WR_ussr=0.59(n=1120) WR_us=0.53(n=640) pfsp=0.473
  [diag] inf dtype=torch.float32 shape=torch.Size([2048, 172]) nan=0 inf_vals=0 range=[0.00,46.00]
  [diag] scalar dtype=torch.float32 nan=0 range=[-0.850,1.125]
  [diag] card_logits nan=0 range=[-22.73,14.16]
  [diag] values nan=0 range=[-0.9347,0.9220]
[iter  57/80] steps=13803 rollout_wr=0.480 (ussr=0.530 us=0.430) pl=-0.0143 vl=0.1132 ent=3.612 clip=0.108 kl=0.0030 t=22.6s (rollout=17.1s update=5.4s)
  [league] self: self | ussr_pool: ['iter_0020', 'iter_0001'] | us_pool: ['iter_0001', 'iter_0010']
  [pfsp]
    [ussr] iter_0020: WR_ussr=0.54(n=560) WR_us=0.56(n=600) pfsp=0.459
    [ussr] iter_0001: WR_ussr=0.57(n=1160) WR_us=0.52(n=1000) pfsp=0.427
    [us] iter_0001: WR_ussr=0.57(n=1160) WR_us=0.52(n=1000) pfsp=0.484
    [us] iter_0010: WR_ussr=0.59(n=1120) WR_us=0.53(n=680) pfsp=0.472
  [diag] inf dtype=torch.float32 shape=torch.Size([2048, 172]) nan=0 inf_vals=0 range=[0.00,43.00]
  [diag] scalar dtype=torch.float32 nan=0 range=[-0.950,1.125]
  [diag] card_logits nan=0 range=[-21.85,12.71]
  [diag] values nan=0 range=[-0.9386,0.9228]
[iter  58/80] steps=13636 rollout_wr=0.590 (ussr=0.610 us=0.570) pl=-0.0153 vl=0.1098 ent=3.654 clip=0.104 kl=0.0028 t=21.4s (rollout=16.1s update=5.4s)
  [league] self: self | ussr_pool: ['iter_0030', 'iter_0050'] | us_pool: ['iter_0030', 'iter_0050']
  [pfsp]
    [ussr] iter_0030: WR_ussr=0.64(n=360) WR_us=0.59(n=480) pfsp=0.356
    [ussr] iter_0050: WR_ussr=0.53(n=120) WR_us=0.53(n=160) pfsp=0.467
    [us] iter_0030: WR_ussr=0.64(n=360) WR_us=0.59(n=480) pfsp=0.412
    [us] iter_0050: WR_ussr=0.53(n=120) WR_us=0.53(n=160) pfsp=0.475
  [diag] inf dtype=torch.float32 shape=torch.Size([2048, 172]) nan=0 inf_vals=0 range=[0.00,44.00]
  [diag] scalar dtype=torch.float32 nan=0 range=[-0.850,1.125]
  [diag] card_logits nan=0 range=[-22.05,13.63]
  [diag] values nan=0 range=[-0.8765,0.9215]
[iter  59/80] steps=13475 rollout_wr=0.565 (ussr=0.570 us=0.560) pl=-0.0163 vl=0.1149 ent=3.636 clip=0.116 kl=0.0035 t=21.0s (rollout=16.6s update=4.4s)
  Saved to league pool: data/checkpoints/ppo_v69_sc_league/iter_0060.pt
  [league] self: self | ussr_pool: ['iter_0040', 'v45_scripted'] | us_pool: ['v55_scripted', 'v55_scripted']
  [pfsp]
    [ussr] iter_0040: WR_ussr=0.54(n=200) WR_us=0.57(n=200) pfsp=0.465
    [ussr] v45_scripted: WR_ussr=0.42(n=3750) WR_us=?(n=0) pfsp=0.579
    [us] v55_scripted: WR_ussr=?(n=0) WR_us=0.28(n=4019) pfsp=0.720
  [diag] inf dtype=torch.float32 shape=torch.Size([2048, 172]) nan=0 inf_vals=0 range=[0.00,46.00]
  [diag] scalar dtype=torch.float32 nan=0 range=[-0.950,1.125]
  [diag] card_logits nan=0 range=[-21.96,14.77]
  [diag] values nan=0 range=[-0.9464,0.9273]
[iter  60/80] steps=13277 rollout_wr=0.415 (ussr=0.510 us=0.320) pl=-0.0147 vl=0.1038 ent=3.612 clip=0.124 kl=0.0032 t=22.2s (rollout=16.9s update=5.3s)
  [confirm] launched incremental Elo check for iter 60
  [panel eval] launched pid=505336 iter=60 panel=['v55', 'v54', 'v44', 'v45', 'v14']
  [league] self: self | ussr_pool: ['iter_0030', 'v45_scripted'] | us_pool: ['iter_0010', 'iter_0010']
  [pfsp]
    [ussr] iter_0030: WR_ussr=0.64(n=400) WR_us=0.59(n=520) pfsp=0.358
    [ussr] v45_scripted: WR_ussr=0.42(n=3790) WR_us=?(n=0) pfsp=0.578
    [us] iter_0010: WR_ussr=0.59(n=1120) WR_us=0.53(n=720) pfsp=0.467
  [diag] inf dtype=torch.float32 shape=torch.Size([2048, 172]) nan=0 inf_vals=0 range=[0.00,41.00]
  [diag] scalar dtype=torch.float32 nan=0 range=[-0.950,1.125]
  [diag] card_logits nan=0 range=[-21.40,13.32]
  [diag] values nan=0 range=[-0.9367,0.8988]
[iter  61/80] steps=14047 rollout_wr=0.540 (ussr=0.470 us=0.610) pl=-0.0144 vl=0.1007 ent=3.612 clip=0.102 kl=0.0033 t=60.0s (rollout=54.2s update=5.7s)
  [panel eval iter 60] avg=0.463 elapsed=61s: v55=0.500 | v54=0.433 | v44=0.450 | v45=0.417 | v14=0.550
  [league] self: self | ussr_pool: ['iter_0020', 'v45_scripted'] | us_pool: ['v55_scripted', 'v55_scripted']
  [pfsp]
    [ussr] iter_0020: WR_ussr=0.55(n=600) WR_us=0.56(n=600) pfsp=0.453
    [ussr] v45_scripted: WR_ussr=0.42(n=3830) WR_us=?(n=0) pfsp=0.579
    [us] v55_scripted: WR_ussr=?(n=0) WR_us=0.28(n=4099) pfsp=0.721
  [diag] inf dtype=torch.float32 shape=torch.Size([2048, 172]) nan=0 inf_vals=0 range=[0.00,44.00]
  [diag] scalar dtype=torch.float32 nan=0 range=[-0.800,1.125]
  [diag] card_logits nan=0 range=[-20.62,13.25]
  [diag] values nan=0 range=[-0.9436,0.9007]
[iter  62/80] steps=13308 rollout_wr=0.365 (ussr=0.410 us=0.320) pl=-0.0159 vl=0.1049 ent=3.651 clip=0.117 kl=0.0033 t=31.7s (rollout=26.3s update=5.4s)
  [league] self: self | ussr_pool: ['iter_0001', 'iter_0040'] | us_pool: ['v55_scripted', 'v55_scripted']
  [pfsp]
    [ussr] iter_0001: WR_ussr=0.57(n=1200) WR_us=0.52(n=1040) pfsp=0.426
    [ussr] iter_0040: WR_ussr=0.53(n=240) WR_us=0.57(n=200) pfsp=0.475
    [us] v55_scripted: WR_ussr=?(n=0) WR_us=0.28(n=4179) pfsp=0.722
  [diag] inf dtype=torch.float32 shape=torch.Size([2048, 172]) nan=0 inf_vals=0 range=[0.00,44.00]
  [diag] scalar dtype=torch.float32 nan=0 range=[-0.750,1.125]
  [diag] card_logits nan=0 range=[-22.23,12.94]
  [diag] values nan=0 range=[-0.9401,0.9090]
[iter  63/80] steps=13485 rollout_wr=0.450 (ussr=0.600 us=0.300) pl=-0.0122 vl=0.1060 ent=3.695 clip=0.106 kl=0.0031 t=32.2s (rollout=26.6s update=5.6s)
  [league] self: self | ussr_pool: ['v45_scripted', 'iter_0060'] | us_pool: ['iter_0030', 'iter_0030']
  [pfsp]
    [ussr] v45_scripted: WR_ussr=0.42(n=3870) WR_us=?(n=0) pfsp=0.581
    [ussr] iter_0060: WR_ussr=?(n=0) WR_us=?(n=0) pfsp=1.000
    [us] iter_0030: WR_ussr=0.63(n=440) WR_us=0.59(n=520) pfsp=0.412
  [diag] inf dtype=torch.float32 shape=torch.Size([2048, 172]) nan=0 inf_vals=0 range=[0.00,49.00]
  [diag] scalar dtype=torch.float32 nan=0 range=[-0.900,1.125]
  [diag] card_logits nan=0 range=[-22.35,14.53]
  [diag] values nan=0 range=[-0.9473,0.8954]
[iter  64/80] steps=14144 rollout_wr=0.530 (ussr=0.490 us=0.570) pl=-0.0157 vl=0.1052 ent=3.541 clip=0.151 kl=0.0051 t=31.4s (rollout=25.9s update=5.5s)
  [league] self: self | ussr_pool: ['iter_0040', 'iter_0020'] | us_pool: ['iter_0020', 'iter_0040']
  [pfsp]
    [ussr] iter_0040: WR_ussr=0.52(n=280) WR_us=0.57(n=200) pfsp=0.479
    [ussr] iter_0020: WR_ussr=0.54(n=640) WR_us=0.56(n=600) pfsp=0.456
    [us] iter_0020: WR_ussr=0.54(n=640) WR_us=0.56(n=600) pfsp=0.437
    [us] iter_0040: WR_ussr=0.52(n=280) WR_us=0.57(n=200) pfsp=0.425
  [diag] inf dtype=torch.float32 shape=torch.Size([2048, 172]) nan=0 inf_vals=0 range=[0.00,46.00]
  [diag] scalar dtype=torch.float32 nan=0 range=[-0.900,1.125]
  [diag] card_logits nan=0 range=[-22.20,13.74]
  [diag] values nan=0 range=[-0.8831,0.9245]
[iter  65/80] steps=13703 rollout_wr=0.640 (ussr=0.710 us=0.570) pl=-0.0154 vl=0.1095 ent=3.627 clip=0.124 kl=0.0039 t=22.0s (rollout=16.4s update=5.6s)
  [league] self: self | ussr_pool: ['iter_0060', 'iter_0030'] | us_pool: ['iter_0040', 'v55_scripted']
  [pfsp]
    [ussr] iter_0060: WR_ussr=0.45(n=40) WR_us=?(n=0) pfsp=0.550
    [ussr] iter_0030: WR_ussr=0.63(n=440) WR_us=0.59(n=600) pfsp=0.366
    [us] iter_0040: WR_ussr=0.55(n=320) WR_us=0.57(n=240) pfsp=0.425
    [us] v55_scripted: WR_ussr=?(n=0) WR_us=0.28(n=4259) pfsp=0.722
  [diag] inf dtype=torch.float32 shape=torch.Size([2048, 172]) nan=0 inf_vals=0 range=[0.00,47.00]
  [diag] scalar dtype=torch.float32 nan=0 range=[-0.850,1.125]
  [diag] card_logits nan=0 range=[-22.19,13.38]
  [diag] values nan=0 range=[-0.9137,0.9150]
[iter  66/80] steps=13551 rollout_wr=0.520 (ussr=0.600 us=0.440) pl=-0.0144 vl=0.1076 ent=3.640 clip=0.149 kl=0.0042 t=21.3s (rollout=16.0s update=5.3s)
  [league] self: self | ussr_pool: ['iter_0030', 'iter_0020'] | us_pool: ['v55_scripted', 'iter_0060']
  [pfsp]
    [ussr] iter_0030: WR_ussr=0.62(n=480) WR_us=0.59(n=600) pfsp=0.375
    [ussr] iter_0020: WR_ussr=0.55(n=680) WR_us=0.56(n=640) pfsp=0.447
    [us] v55_scripted: WR_ussr=?(n=0) WR_us=0.28(n=4299) pfsp=0.723
    [us] iter_0060: WR_ussr=0.56(n=80) WR_us=?(n=0) pfsp=1.000
  [diag] inf dtype=torch.float32 shape=torch.Size([2048, 172]) nan=0 inf_vals=0 range=[0.00,44.00]
  [diag] scalar dtype=torch.float32 nan=0 range=[-0.950,1.000]
  [diag] card_logits nan=0 range=[-23.34,14.16]
  [diag] values nan=0 range=[-0.8802,0.9408]
[iter  67/80] steps=13577 rollout_wr=0.550 (ussr=0.670 us=0.430) pl=-0.0147 vl=0.0988 ent=3.600 clip=0.097 kl=0.0028 t=22.1s (rollout=17.6s update=4.4s)
  [league] self: self | ussr_pool: ['v45_scripted', 'iter_0040'] | us_pool: ['iter_0060', 'v55_scripted']
  [pfsp]
    [ussr] v45_scripted: WR_ussr=0.42(n=3910) WR_us=?(n=0) pfsp=0.581
    [ussr] iter_0040: WR_ussr=0.55(n=320) WR_us=0.59(n=280) pfsp=0.447
    [us] iter_0060: WR_ussr=0.56(n=80) WR_us=0.50(n=40) pfsp=0.500
    [us] v55_scripted: WR_ussr=?(n=0) WR_us=0.28(n=4339) pfsp=0.723
  [diag] inf dtype=torch.float32 shape=torch.Size([2048, 172]) nan=0 inf_vals=0 range=[0.00,45.00]
  [diag] scalar dtype=torch.float32 nan=0 range=[-0.900,1.125]
  [diag] card_logits nan=0 range=[-20.91,13.25]
  [diag] values nan=0 range=[-0.9239,0.9514]
[iter  68/80] steps=13424 rollout_wr=0.515 (ussr=0.590 us=0.440) pl=-0.0168 vl=0.1118 ent=3.611 clip=0.101 kl=0.0028 t=22.4s (rollout=17.1s update=5.3s)
  [league] self: self | ussr_pool: ['iter_0050', 'v45_scripted'] | us_pool: ['iter_0040', 'v55_scripted']
  [pfsp]
    [ussr] iter_0050: WR_ussr=0.54(n=160) WR_us=0.52(n=200) pfsp=0.463
    [ussr] v45_scripted: WR_ussr=0.42(n=3950) WR_us=?(n=0) pfsp=0.581
    [us] iter_0040: WR_ussr=0.57(n=360) WR_us=0.59(n=280) pfsp=0.411
    [us] v55_scripted: WR_ussr=?(n=0) WR_us=0.28(n=4379) pfsp=0.722
  [diag] inf dtype=torch.float32 shape=torch.Size([2048, 172]) nan=0 inf_vals=0 range=[0.00,43.00]
  [diag] scalar dtype=torch.float32 nan=0 range=[-0.950,1.125]
  [diag] card_logits nan=0 range=[-22.87,14.62]
  [diag] values nan=0 range=[-0.9356,0.9203]
[iter  69/80] steps=13650 rollout_wr=0.515 (ussr=0.480 us=0.550) pl=-0.0151 vl=0.1040 ent=3.643 clip=0.114 kl=0.0032 t=22.3s (rollout=16.8s update=5.5s)
  Saved to league pool: data/checkpoints/ppo_v69_sc_league/iter_0070.pt
  [league] self: self | ussr_pool: ['v45_scripted', 'iter_0060'] | us_pool: ['iter_0001', 'iter_0050']
  [pfsp]
    [ussr] v45_scripted: WR_ussr=0.42(n=3990) WR_us=?(n=0) pfsp=0.581
    [ussr] iter_0060: WR_ussr=0.56(n=80) WR_us=0.51(n=80) pfsp=0.438
    [us] iter_0001: WR_ussr=0.58(n=1240) WR_us=0.52(n=1040) pfsp=0.482
    [us] iter_0050: WR_ussr=0.53(n=200) WR_us=0.52(n=200) pfsp=0.485
  [diag] inf dtype=torch.float32 shape=torch.Size([2048, 172]) nan=0 inf_vals=0 range=[0.00,44.00]
  [diag] scalar dtype=torch.float32 nan=0 range=[-0.950,1.125]
  [diag] card_logits nan=0 range=[-21.65,13.49]
  [diag] values nan=0 range=[-0.9405,0.9345]
[iter  70/80] steps=13565 rollout_wr=0.485 (ussr=0.520 us=0.450) pl=-0.0146 vl=0.1141 ent=3.590 clip=0.124 kl=0.0036 t=21.5s (rollout=16.3s update=5.2s)
  [confirm] launched incremental Elo check for iter 70
  [panel eval] launched pid=506420 iter=70 panel=['v55', 'v54', 'v44', 'v45', 'v14']
  [league] self: self | ussr_pool: ['v45_scripted', 'iter_0030'] | us_pool: ['v55_scripted', 'iter_0001']
  [pfsp]
    [ussr] v45_scripted: WR_ussr=0.42(n=4030) WR_us=?(n=0) pfsp=0.582
    [ussr] iter_0030: WR_ussr=0.62(n=520) WR_us=0.59(n=600) pfsp=0.375
    [us] v55_scripted: WR_ussr=?(n=0) WR_us=0.28(n=4419) pfsp=0.722
    [us] iter_0001: WR_ussr=0.58(n=1240) WR_us=0.51(n=1080) pfsp=0.486
  [diag] inf dtype=torch.float32 shape=torch.Size([2048, 172]) nan=0 inf_vals=0 range=[0.00,45.00]
  [diag] scalar dtype=torch.float32 nan=0 range=[-0.950,1.000]
  [diag] card_logits nan=0 range=[-23.04,13.75]
  [diag] values nan=0 range=[-0.9481,0.9199]
[iter  71/80] steps=13709 rollout_wr=0.475 (ussr=0.520 us=0.430) pl=-0.0139 vl=0.1123 ent=3.601 clip=0.106 kl=0.0029 t=61.7s (rollout=56.0s update=5.7s)
  [panel eval iter 70] avg=0.562 elapsed=63s: v55=0.617 | v54=0.467 | v44=0.650 | v45=0.500 | v14=0.483
  [panel eval] NEW HIGH-WATER MARK iter=70 avg_wr=0.5617 → ppo_running_best.pt (provenance: ppo_iter0070.pt)
  [league] self: self | ussr_pool: ['v45_scripted', 'iter_0050'] | us_pool: ['v55_scripted', 'iter_0001']
  [pfsp]
    [ussr] v45_scripted: WR_ussr=0.42(n=4070) WR_us=?(n=0) pfsp=0.583
    [ussr] iter_0050: WR_ussr=0.53(n=200) WR_us=0.50(n=240) pfsp=0.470
    [us] v55_scripted: WR_ussr=?(n=0) WR_us=0.28(n=4459) pfsp=0.722
    [us] iter_0001: WR_ussr=0.58(n=1240) WR_us=0.52(n=1120) pfsp=0.482
  [diag] inf dtype=torch.float32 shape=torch.Size([2048, 172]) nan=0 inf_vals=0 range=[0.00,44.00]
  [diag] scalar dtype=torch.float32 nan=0 range=[-0.800,1.125]
  [diag] card_logits nan=0 range=[-23.02,13.74]
  [diag] values nan=0 range=[-0.9563,0.9066]
[iter  72/80] steps=13623 rollout_wr=0.445 (ussr=0.460 us=0.430) pl=-0.0148 vl=0.1104 ent=3.615 clip=0.096 kl=0.0028 t=32.7s (rollout=27.2s update=5.5s)
  [league] self: self | ussr_pool: ['iter_0030', 'v45_scripted'] | us_pool: ['iter_0010', 'iter_0060']
  [pfsp]
    [ussr] iter_0030: WR_ussr=0.63(n=560) WR_us=0.59(n=600) pfsp=0.373
    [ussr] v45_scripted: WR_ussr=0.42(n=4110) WR_us=?(n=0) pfsp=0.583
    [us] iter_0010: WR_ussr=0.59(n=1120) WR_us=0.55(n=800) pfsp=0.454
    [us] iter_0060: WR_ussr=0.61(n=120) WR_us=0.51(n=80) pfsp=0.488
  [diag] inf dtype=torch.float32 shape=torch.Size([2048, 172]) nan=0 inf_vals=0 range=[0.00,45.00]
  [diag] scalar dtype=torch.float32 nan=0 range=[-0.800,1.125]
  [diag] card_logits nan=0 range=[-21.50,14.66]
  [diag] values nan=0 range=[-0.9683,0.9082]
[iter  73/80] steps=13600 rollout_wr=0.495 (ussr=0.410 us=0.580) pl=-0.0131 vl=0.1054 ent=3.589 clip=0.099 kl=0.0028 t=33.5s (rollout=27.9s update=5.6s)
  [league] self: self | ussr_pool: ['v45_scripted', 'iter_0020'] | us_pool: ['v55_scripted', 'iter_0001']
  [pfsp]
    [ussr] v45_scripted: WR_ussr=0.42(n=4150) WR_us=?(n=0) pfsp=0.585
    [ussr] iter_0020: WR_ussr=0.56(n=720) WR_us=0.56(n=640) pfsp=0.440
    [us] v55_scripted: WR_ussr=?(n=0) WR_us=0.28(n=4499) pfsp=0.721
    [us] iter_0001: WR_ussr=0.58(n=1240) WR_us=0.52(n=1160) pfsp=0.484
  [diag] inf dtype=torch.float32 shape=torch.Size([2048, 172]) nan=0 inf_vals=0 range=[0.00,44.00]
  [diag] scalar dtype=torch.float32 nan=0 range=[-0.800,1.125]
  [diag] card_logits nan=0 range=[-21.79,14.23]
  [diag] values nan=0 range=[-0.9742,0.9283]
[iter  74/80] steps=13511 rollout_wr=0.460 (ussr=0.470 us=0.450) pl=-0.0145 vl=0.1102 ent=3.608 clip=0.103 kl=0.0028 t=32.1s (rollout=26.5s update=5.6s)
  [league] self: self | ussr_pool: ['v45_scripted', 'v45_scripted'] | us_pool: ['v55_scripted', 'v55_scripted']
  [pfsp]
    [ussr] v45_scripted: WR_ussr=0.42(n=4190) WR_us=?(n=0) pfsp=0.585
    [us] v55_scripted: WR_ussr=?(n=0) WR_us=0.28(n=4539) pfsp=0.721
  [diag] inf dtype=torch.float32 shape=torch.Size([2048, 172]) nan=0 inf_vals=0 range=[0.00,53.00]
  [diag] scalar dtype=torch.float32 nan=0 range=[-0.900,1.000]
  [diag] card_logits nan=0 range=[-22.49,13.13]
  [diag] values nan=0 range=[-0.9799,0.9516]
[iter  75/80] steps=13537 rollout_wr=0.375 (ussr=0.420 us=0.330) pl=-0.0152 vl=0.1030 ent=3.640 clip=0.111 kl=0.0029 t=21.5s (rollout=17.2s update=4.3s)
  [league] self: self | ussr_pool: ['v45_scripted', 'iter_0060'] | us_pool: ['v55_scripted', 'iter_0020']
  [pfsp]
    [ussr] v45_scripted: WR_ussr=0.41(n=4270) WR_us=?(n=0) pfsp=0.585
    [ussr] iter_0060: WR_ussr=0.61(n=120) WR_us=0.54(n=120) pfsp=0.392
    [us] v55_scripted: WR_ussr=?(n=0) WR_us=0.28(n=4619) pfsp=0.721
    [us] iter_0020: WR_ussr=0.56(n=760) WR_us=0.56(n=640) pfsp=0.438
  [diag] inf dtype=torch.float32 shape=torch.Size([2048, 172]) nan=0 inf_vals=0 range=[0.00,48.00]
  [diag] scalar dtype=torch.float32 nan=0 range=[-0.850,1.125]
  [diag] card_logits nan=0 range=[-21.37,13.95]
  [diag] values nan=0 range=[-0.9679,0.9386]
[iter  76/80] steps=13777 rollout_wr=0.485 (ussr=0.470 us=0.500) pl=-0.0145 vl=0.1049 ent=3.611 clip=0.093 kl=0.0027 t=23.8s (rollout=18.4s update=5.4s)
  [league] self: self | ussr_pool: ['iter_0030', 'iter_0040'] | us_pool: ['iter_0050', 'v55_scripted']
  [pfsp]
    [ussr] iter_0030: WR_ussr=0.62(n=600) WR_us=0.59(n=600) pfsp=0.377
    [ussr] iter_0040: WR_ussr=0.57(n=360) WR_us=0.60(n=320) pfsp=0.425
    [us] iter_0050: WR_ussr=0.53(n=240) WR_us=0.50(n=240) pfsp=0.496
    [us] v55_scripted: WR_ussr=?(n=0) WR_us=0.28(n=4659) pfsp=0.720
  [diag] inf dtype=torch.float32 shape=torch.Size([2048, 172]) nan=0 inf_vals=0 range=[0.00,43.00]
  [diag] scalar dtype=torch.float32 nan=0 range=[-0.750,1.000]
  [diag] card_logits nan=0 range=[-22.32,14.63]
  [diag] values nan=0 range=[-0.9500,0.9258]
[iter  77/80] steps=13436 rollout_wr=0.535 (ussr=0.600 us=0.470) pl=-0.0164 vl=0.1117 ent=3.699 clip=0.124 kl=0.0034 t=21.5s (rollout=16.3s update=5.2s)
  [league] self: self | ussr_pool: ['iter_0001', 'iter_0030'] | us_pool: ['v55_scripted', 'iter_0050']
  [pfsp]
    [ussr] iter_0001: WR_ussr=0.58(n=1240) WR_us=0.52(n=1200) pfsp=0.423
    [ussr] iter_0030: WR_ussr=0.61(n=640) WR_us=0.59(n=600) pfsp=0.387
    [us] v55_scripted: WR_ussr=?(n=0) WR_us=0.28(n=4699) pfsp=0.720
    [us] iter_0050: WR_ussr=0.53(n=240) WR_us=0.51(n=280) pfsp=0.486
  [diag] inf dtype=torch.float32 shape=torch.Size([2048, 172]) nan=0 inf_vals=0 range=[0.00,44.00]
  [diag] scalar dtype=torch.float32 nan=0 range=[-0.700,1.125]
  [diag] card_logits nan=0 range=[-22.60,13.64]
  [diag] values nan=0 range=[-0.9537,0.9367]
[iter  78/80] steps=13670 rollout_wr=0.445 (ussr=0.480 us=0.410) pl=-0.0145 vl=0.0989 ent=3.666 clip=0.102 kl=0.0030 t=21.9s (rollout=16.4s update=5.5s)
  [league] self: self | ussr_pool: ['iter_0020', 'v45_scripted'] | us_pool: ['iter_0060', 'iter_0001']
  [pfsp]
    [ussr] iter_0020: WR_ussr=0.56(n=760) WR_us=0.56(n=680) pfsp=0.443
    [ussr] v45_scripted: WR_ussr=0.41(n=4310) WR_us=?(n=0) pfsp=0.586
    [us] iter_0060: WR_ussr=0.57(n=160) WR_us=0.54(n=120) pfsp=0.458
    [us] iter_0001: WR_ussr=0.57(n=1280) WR_us=0.52(n=1200) pfsp=0.484
  [diag] inf dtype=torch.float32 shape=torch.Size([2048, 172]) nan=0 inf_vals=0 range=[0.00,43.00]
  [diag] scalar dtype=torch.float32 nan=0 range=[-0.850,1.125]
  [diag] card_logits nan=0 range=[-23.67,13.26]
  [diag] values nan=0 range=[-0.9686,0.9252]
[iter  79/80] steps=13828 rollout_wr=0.550 (ussr=0.570 us=0.530) pl=-0.0159 vl=0.1202 ent=3.568 clip=0.122 kl=0.0035 t=22.0s (rollout=17.7s update=4.3s)
  Saved to league pool: data/checkpoints/ppo_v69_sc_league/iter_0080.pt
  [league] self: self | ussr_pool: ['iter_0080', 'iter_0070'] | us_pool: ['v55_scripted', 'iter_0050']
  [pfsp]
    [ussr] iter_0080: WR_ussr=?(n=0) WR_us=?(n=0) pfsp=1.000
    [ussr] iter_0070: WR_ussr=?(n=0) WR_us=?(n=0) pfsp=1.000
    [us] v55_scripted: WR_ussr=?(n=0) WR_us=0.28(n=4739) pfsp=0.720
    [us] iter_0050: WR_ussr=0.53(n=240) WR_us=0.51(n=320) pfsp=0.491
  [diag] inf dtype=torch.float32 shape=torch.Size([2048, 172]) nan=0 inf_vals=0 range=[0.00,43.00]
  [diag] scalar dtype=torch.float32 nan=0 range=[-0.850,1.125]
  [diag] card_logits nan=0 range=[-21.43,13.10]
  [diag] values nan=0 range=[-0.8871,0.9349]
[iter  80/80] steps=13315 rollout_wr=0.540 (ussr=0.670 us=0.410) pl=-0.0177 vl=0.1155 ent=3.763 clip=0.119 kl=0.0036 t=23.4s (rollout=18.1s update=5.3s)
  [confirm] launched incremental Elo check for iter 80
  [panel eval] launched pid=507590 iter=80 panel=['v55', 'v54', 'v44', 'v45', 'v14']
ppo_best.pt ← ppo_running_best.pt (panel HWM: ppo_iter0070.pt, avg_wr=0.5617)
wandb: updating run metadata
wandb: uploading output.log; uploading wandb-summary.json; uploading config.yaml
wandb: uploading history steps 78-79, summary, console lines 881-891
wandb: 
wandb: Run history:
wandb:               approx_kl ▃▂▂▁▂▁▂▃▂▁▃▂▂▁▁█▂▁▁▁▂▁▃▁▂▂▃▂▂▂▂▅▃▄▂▂▂▂▂▃
wandb:           clip_fraction ▄▁▂▃▂▄▅▄▂▅▂▃▂▄▁▃█▃▂▂▂▂▂▄▂▂▄▃▅▆▄▃▃▄▂▂▂▂▃▂
wandb: core_scalar_weight_norm ▁▁▂▂▂▂▂▂▂▂▂▂▂▂▂▂▃▄▄▄▆▆▆▆▅▆▆▆▇▇▇▇▇▆▇█████
wandb:                ent_coef █████▇▇▇▇▇▇▆▆▆▆▅▅▅▅▅▄▄▄▄▄▃▃▃▃▂▂▂▂▂▂▂▁▁▁▁
wandb:                 entropy ▂▆▆▃▅▅▅█▆▂▃▃▃▃█▃▃▃▂▄▄▃▁▄▅▇▆▇▄▂▅▆▅▆▇▅▄▅▄▆
wandb:             iter_time_s ▄▄▂▂▃█▁▁▁▁▂▁▁▁▁▁▁▁▁▁▁▁▁▁▁▁▁▁▁▁▁▁▁▁▁▁▁▁▁▁
wandb:                 n_steps ▄▅▁▅▃▄▃▆▂▄▄▃▃▆▄▃▅▅▃▅▂▅▇▆▅▄▇▆▅▆▅▆▅▇█▄▅▅▄▃
wandb:  new_scalar_weight_norm ▄▄▃▄▅▅▅▅▆▇▇▇▇▇██▇██▆▅▄▄▃▃▄▄▅▅▅▅▄▃▃▃▅▄▃▃▁
wandb:   panel/avg_combined_wr ▄▅▃▁█
wandb:     panel/eval_time_sec ▁▇▅▄█
wandb:                    +112 ...
wandb: 
wandb: Run summary:
wandb:               approx_kl 0.00356
wandb:           clip_fraction 0.11871
wandb: core_scalar_weight_norm 4.12229
wandb:                ent_coef 0.003
wandb:                 entropy 3.76321
wandb:             iter_time_s 23.41023
wandb:                 n_steps 13315
wandb:  new_scalar_weight_norm 2.71048
wandb:   panel/avg_combined_wr 0.56167
wandb:     panel/eval_time_sec 62.54728
wandb:                    +112 ...
wandb: 
wandb: 🚀 View run ppo_v69_sc at: https://wandb.ai/korduban-ai/twilight-struggle-ai/runs/15183d1c
wandb: ⭐️ View project at: https://wandb.ai/korduban-ai/twilight-struggle-ai
wandb: Synced 5 W&B file(s), 0 media file(s), 0 artifact file(s) and 0 other file(s)
wandb: Find logs at: ./wandb/run-20260412_040251-15183d1c/logs

Training complete in 62.2 minutes
Checkpoints in: data/checkpoints/ppo_v69_sc_league
