[ppo_train_dynamic] starting at 2026-04-16T20:40:56Z
wandb: [wandb.login()] Loaded credentials for https://api.wandb.ai from WANDB_API_KEY.
wandb: Currently logged in as: dkorduban (korduban-ai) to https://api.wandb.ai. Use `wandb login --relogin` to force relogin
wandb: setting up run 1c1cb92a
wandb: Tracking run with wandb version 0.25.1
wandb: Run data is saved locally in /home/dkord/code/twilight-struggle-ai/wandb/run-20260416_134058-1c1cb92a
wandb: Run `wandb offline` to turn off syncing.
wandb: Syncing run ppo_v304_sc
wandb: ⭐️ View project at https://wandb.ai/korduban-ai/twilight-struggle-ai
wandb: 🚀 View run at https://wandb.ai/korduban-ai/twilight-struggle-ai/runs/1c1cb92a
Loading checkpoint: data/checkpoints/ppo_v303_sc_league/ppo_best.pt
  --reset-optimizer: skipping optimizer state restore, starting fresh Adam.

Starting PPO training: 50 iterations × 200 games/iter, side=both
Device: cuda, lr=5e-05, clip=0.12, ent=0.01, vf=0.5
League training enabled (pool: data/checkpoints/ppo_v304_sc_league, save-every=10)
  Saved to league pool: data/checkpoints/ppo_v304_sc_league/iter_0001.pt
  [league] self: self | ussr_pool: ['iter_0001', 'v22_scripted'] | us_pool: ['iter_0001', 'iter_0001']
  [pfsp]
    [ussr] iter_0001: WR_ussr=?(n=0) WR_us=?(n=0) pfsp=1.000
    [ussr] v22_scripted: WR_ussr=0.65(n=216) WR_us=0.53(n=198) pfsp=0.912
    [us] iter_0001: WR_ussr=?(n=0) WR_us=?(n=0) pfsp=1.000
  [diag] inf dtype=torch.float32 shape=torch.Size([2048, 172]) nan=0 inf_vals=0 range=[0.00,45.00]
  [diag] scalar dtype=torch.float32 nan=0 range=[-1.050,1.050]
  [diag] card_logits nan=0 range=[-20.87,14.47]
  [diag] values nan=0 range=[-0.9678,0.9445]
[iter   1/50] steps=13155 rollout_wr=0.545 (ussr=0.570 us=0.520) pl=-0.0284 vl=0.1000 ent=3.544 clip=0.277 kl=0.0099 t=29.1s (rollout=23.3s update=5.8s)
  [league] self: self | ussr_pool: ['heuristic', 'v45_scripted'] | us_pool: ['v46_scripted', 'iter_0001']
  [pfsp]
    [ussr] heuristic: WR_ussr=0.29(n=221) WR_us=0.17(n=168) pfsp=0.823
    [ussr] v45_scripted: WR_ussr=0.70(n=244) WR_us=?(n=0) pfsp=0.832
    [us] v46_scripted: WR_ussr=?(n=0) WR_us=0.58(n=192) pfsp=0.972
    [us] iter_0001: WR_ussr=0.47(n=40) WR_us=0.54(n=80) pfsp=0.994
  [diag] inf dtype=torch.float32 shape=torch.Size([2048, 172]) nan=0 inf_vals=0 range=[0.00,50.00]
  [diag] scalar dtype=torch.float32 nan=0 range=[-0.950,1.000]
  [diag] card_logits nan=0 range=[-18.66,15.13]
  [diag] values nan=0 range=[-0.9526,0.9515]
[iter   2/50] steps=12935 rollout_wr=0.455 (ussr=0.430 us=0.480) pl=-0.0247 vl=0.1030 ent=3.641 clip=0.249 kl=0.0105 t=26.3s (rollout=21.3s update=5.0s)
  [league] self: self | ussr_pool: ['v45_scripted', 'heuristic'] | us_pool: ['iter_0001', 'v58_scripted']
  [pfsp]
    [ussr] v45_scripted: WR_ussr=0.69(n=284) WR_us=?(n=0) pfsp=0.850
    [ussr] heuristic: WR_ussr=0.28(n=261) WR_us=0.17(n=168) pfsp=0.806
    [us] iter_0001: WR_ussr=0.47(n=40) WR_us=0.47(n=120) pfsp=0.997
    [us] v58_scripted: WR_ussr=?(n=0) WR_us=0.48(n=145) pfsp=0.999
  [diag] inf dtype=torch.float32 shape=torch.Size([2048, 172]) nan=0 inf_vals=0 range=[0.00,51.00]
  [diag] scalar dtype=torch.float32 nan=0 range=[-1.050,1.050]
  [diag] card_logits nan=0 range=[-20.34,15.38]
  [diag] values nan=0 range=[-0.9668,0.9471]
[iter   3/50] steps=12505 rollout_wr=0.500 (ussr=0.500 us=0.500) pl=-0.0264 vl=0.1094 ent=3.599 clip=0.219 kl=0.0089 t=25.8s (rollout=21.0s update=4.8s)
  [league] self: self | ussr_pool: ['iter_0001', 'v56_scripted'] | us_pool: ['iter_0001', 'v22_scripted']
  [pfsp]
    [ussr] iter_0001: WR_ussr=0.47(n=40) WR_us=0.46(n=160) pfsp=0.997
    [ussr] v56_scripted: WR_ussr=0.66(n=159) WR_us=0.51(n=335) pfsp=0.897
    [us] iter_0001: WR_ussr=0.47(n=40) WR_us=0.46(n=160) pfsp=0.994
    [us] v22_scripted: WR_ussr=0.65(n=256) WR_us=0.53(n=198) pfsp=0.996
  [diag] inf dtype=torch.float32 shape=torch.Size([2048, 172]) nan=0 inf_vals=0 range=[0.00,35.00]
  [diag] scalar dtype=torch.float32 nan=0 range=[-1.050,1.250]
  [diag] card_logits nan=0 range=[-20.32,13.89]
  [diag] values nan=0 range=[-0.9610,0.9641]
[iter   4/50] steps=13350 rollout_wr=0.570 (ussr=0.630 us=0.510) pl=-0.0227 vl=0.1056 ent=3.517 clip=0.231 kl=0.0083 t=28.3s (rollout=23.0s update=5.3s)
  [league] self: self | ussr_pool: ['iter_0001', 'iter_0001'] | us_pool: ['iter_0001', 'v58_scripted']
  [pfsp]
    [ussr] iter_0001: WR_ussr=0.56(n=80) WR_us=0.45(n=200) pfsp=0.984
    [us] iter_0001: WR_ussr=0.56(n=80) WR_us=0.45(n=200) pfsp=0.990
    [us] v58_scripted: WR_ussr=?(n=0) WR_us=0.49(n=185) pfsp=1.000
  [diag] inf dtype=torch.float32 shape=torch.Size([2048, 172]) nan=0 inf_vals=0 range=[0.00,41.00]
  [diag] scalar dtype=torch.float32 nan=0 range=[-0.950,1.000]
  [diag] card_logits nan=0 range=[-22.09,13.97]
  [diag] values nan=0 range=[-0.9414,0.9400]
[iter   5/50] steps=13118 rollout_wr=0.500 (ussr=0.520 us=0.480) pl=-0.0219 vl=0.1081 ent=3.448 clip=0.205 kl=0.0076 t=28.8s (rollout=23.5s update=5.3s)
  [league] self: self | ussr_pool: ['v44_scripted', 'v22_scripted'] | us_pool: ['iter_0001', 'v54_scripted']
  [pfsp]
    [ussr] v44_scripted: WR_ussr=0.60(n=150) WR_us=0.61(n=214) pfsp=0.960
    [ussr] v22_scripted: WR_ussr=0.65(n=256) WR_us=0.53(n=238) pfsp=0.912
    [us] iter_0001: WR_ussr=0.54(n=160) WR_us=0.46(n=240) pfsp=0.994
    [us] v54_scripted: WR_ussr=0.65(n=186) WR_us=0.52(n=246) pfsp=0.998
  [diag] inf dtype=torch.float32 shape=torch.Size([2048, 172]) nan=0 inf_vals=0 range=[0.00,35.00]
  [diag] scalar dtype=torch.float32 nan=0 range=[-1.200,1.050]
  [diag] card_logits nan=0 range=[-20.17,15.16]
  [diag] values nan=0 range=[-0.9629,0.9432]
[iter   6/50] steps=12968 rollout_wr=0.555 (ussr=0.640 us=0.470) pl=-0.0240 vl=0.1046 ent=3.607 clip=0.230 kl=0.0088 t=26.4s (rollout=21.2s update=5.2s)
  [league] self: self | ussr_pool: ['iter_0001', 'iter_0001'] | us_pool: ['iter_0001', 'v44_scripted']
  [pfsp]
    [ussr] iter_0001: WR_ussr=0.54(n=160) WR_us=0.46(n=280) pfsp=0.992
    [us] iter_0001: WR_ussr=0.54(n=160) WR_us=0.46(n=280) pfsp=0.995
    [us] v44_scripted: WR_ussr=0.63(n=190) WR_us=0.61(n=214) pfsp=0.954
  [diag] inf dtype=torch.float32 shape=torch.Size([2048, 172]) nan=0 inf_vals=0 range=[0.00,38.00]
  [diag] scalar dtype=torch.float32 nan=0 range=[-0.950,1.100]
  [diag] card_logits nan=0 range=[-19.40,14.52]
  [diag] values nan=0 range=[-0.9565,0.9302]
[iter   7/50] steps=13196 rollout_wr=0.545 (ussr=0.560 us=0.530) pl=-0.0243 vl=0.1023 ent=3.414 clip=0.227 kl=0.0087 t=29.7s (rollout=24.5s update=5.2s)
  [league] self: self | ussr_pool: ['v55_scripted', 'iter_0001'] | us_pool: ['iter_0001', 'iter_0001']
  [pfsp]
    [ussr] v55_scripted: WR_ussr=0.62(n=324) WR_us=0.57(n=253) pfsp=0.945
    [ussr] iter_0001: WR_ussr=0.55(n=240) WR_us=0.46(n=320) pfsp=0.988
    [us] iter_0001: WR_ussr=0.55(n=240) WR_us=0.46(n=320) pfsp=0.992
  [diag] inf dtype=torch.float32 shape=torch.Size([2048, 172]) nan=0 inf_vals=0 range=[0.00,34.00]
  [diag] scalar dtype=torch.float32 nan=0 range=[-1.000,1.300]
  [diag] card_logits nan=0 range=[-21.02,14.25]
  [diag] values nan=0 range=[-0.9735,0.9698]
[iter   8/50] steps=13362 rollout_wr=0.540 (ussr=0.580 us=0.500) pl=-0.0278 vl=0.1046 ent=3.529 clip=0.231 kl=0.0093 t=28.9s (rollout=23.7s update=5.3s)
  [league] self: self | ussr_pool: ['iter_0001', 'iter_0001'] | us_pool: ['iter_0001', 'iter_0001']
  [pfsp]
    [ussr] iter_0001: WR_ussr=0.56(n=280) WR_us=0.47(n=400) pfsp=0.987
    [us] iter_0001: WR_ussr=0.56(n=280) WR_us=0.47(n=400) pfsp=0.995
  [diag] inf dtype=torch.float32 shape=torch.Size([2048, 172]) nan=0 inf_vals=0 range=[0.00,33.00]
  [diag] scalar dtype=torch.float32 nan=0 range=[-0.950,1.000]
  [diag] card_logits nan=0 range=[-20.46,13.51]
  [diag] values nan=0 range=[-0.9553,0.9495]
[iter   9/50] steps=13435 rollout_wr=0.545 (ussr=0.560 us=0.530) pl=-0.0249 vl=0.1106 ent=3.438 clip=0.235 kl=0.0089 t=28.7s (rollout=23.5s update=5.2s)
  Saved to league pool: data/checkpoints/ppo_v304_sc_league/iter_0010.pt
  [league] self: self | ussr_pool: ['v54_scripted', 'iter_0010'] | us_pool: ['v54_scripted', 'iter_0001']
  [pfsp]
    [ussr] v54_scripted: WR_ussr=0.65(n=186) WR_us=0.51(n=286) pfsp=0.916
    [ussr] iter_0010: WR_ussr=?(n=0) WR_us=?(n=0) pfsp=1.000
    [us] v54_scripted: WR_ussr=0.65(n=186) WR_us=0.51(n=286) pfsp=0.999
    [us] iter_0001: WR_ussr=0.56(n=360) WR_us=0.47(n=480) pfsp=0.997
  [diag] inf dtype=torch.float32 shape=torch.Size([2048, 172]) nan=0 inf_vals=0 range=[0.00,38.00]
  [diag] scalar dtype=torch.float32 nan=0 range=[-1.100,1.000]
  [diag] card_logits nan=0 range=[-20.66,14.30]
  [diag] values nan=0 range=[-0.9432,0.9552]
[iter  10/50] steps=13054 rollout_wr=0.530 (ussr=0.530 us=0.530) pl=-0.0273 vl=0.1043 ent=3.567 clip=0.227 kl=0.0084 t=26.5s (rollout=21.3s update=5.2s)
  [confirm] launched incremental Elo check for iter 10
  [panel eval] launched pid=241967 iter=10 panel=['v56', 'v54', 'v44', 'v20', 'v55']
  [league] self: self | ussr_pool: ['iter_0001', 'v45_scripted'] | us_pool: ['v22_scripted', 'iter_0010']
  [pfsp]
    [ussr] iter_0001: WR_ussr=0.56(n=360) WR_us=0.48(n=520) pfsp=0.988
    [ussr] v45_scripted: WR_ussr=0.69(n=324) WR_us=?(n=0) pfsp=0.858
    [us] v22_scripted: WR_ussr=0.64(n=296) WR_us=0.53(n=238) pfsp=0.995
    [us] iter_0010: WR_ussr=0.42(n=40) WR_us=?(n=0) pfsp=1.000
  [diag] inf dtype=torch.float32 shape=torch.Size([2048, 172]) nan=0 inf_vals=0 range=[0.00,46.00]
  [diag] scalar dtype=torch.float32 nan=0 range=[-1.200,1.000]
  [diag] card_logits nan=0 range=[-18.16,12.65]
  [diag] values nan=0 range=[-0.9625,0.9539]
[iter  11/50] steps=12750 rollout_wr=0.545 (ussr=0.570 us=0.520) pl=-0.0269 vl=0.1160 ent=3.496 clip=0.215 kl=0.0086 t=28.2s (rollout=23.1s update=5.0s)
  [panel eval iter 10] avg=0.606 elapsed=29s: v56=0.683 | v54=0.567 | v44=0.600 | v20=0.533 | v55=0.633
  [panel eval] NEW HIGH-WATER MARK iter=10 avg_wr=0.6058 → ppo_running_best.pt (provenance: ppo_iter0010.pt)
  [league] self: self | ussr_pool: ['v57_scripted', 'iter_0001'] | us_pool: ['iter_0001', 'iter_0001']
  [pfsp]
    [ussr] v57_scripted: WR_ussr=0.63(n=266) WR_us=?(n=0) pfsp=0.935
    [ussr] iter_0001: WR_ussr=0.56(n=400) WR_us=0.48(n=520) pfsp=0.988
    [us] iter_0001: WR_ussr=0.56(n=400) WR_us=0.48(n=520) pfsp=0.998
  [diag] inf dtype=torch.float32 shape=torch.Size([2048, 172]) nan=0 inf_vals=0 range=[0.00,37.00]
  [diag] scalar dtype=torch.float32 nan=0 range=[-0.900,1.250]
  [diag] card_logits nan=0 range=[-20.02,16.61]
  [diag] values nan=0 range=[-0.9274,0.9183]
[iter  12/50] steps=12953 rollout_wr=0.495 (ussr=0.610 us=0.380) pl=-0.0226 vl=0.0969 ent=3.529 clip=0.226 kl=0.0081 t=26.6s (rollout=21.6s update=5.0s)
  [league] self: self | ussr_pool: ['v45_scripted', 'v55_scripted'] | us_pool: ['v20_scripted', 'v55_scripted']
  [pfsp]
    [ussr] v45_scripted: WR_ussr=0.68(n=364) WR_us=?(n=0) pfsp=0.868
    [ussr] v55_scripted: WR_ussr=0.61(n=364) WR_us=0.57(n=253) pfsp=0.954
    [us] v20_scripted: WR_ussr=0.63(n=246) WR_us=0.56(n=262) pfsp=0.987
    [us] v55_scripted: WR_ussr=0.61(n=364) WR_us=0.57(n=253) pfsp=0.981
  [diag] inf dtype=torch.float32 shape=torch.Size([2048, 172]) nan=0 inf_vals=0 range=[0.00,44.00]
  [diag] scalar dtype=torch.float32 nan=0 range=[-0.950,1.200]
  [diag] card_logits nan=0 range=[-19.15,13.68]
  [diag] values nan=0 range=[-0.9519,0.9283]
[iter  13/50] steps=12590 rollout_wr=0.575 (ussr=0.660 us=0.490) pl=-0.0230 vl=0.1020 ent=3.660 clip=0.271 kl=0.0109 t=25.1s (rollout=20.1s update=5.0s)
  [league] self: self | ussr_pool: ['v45_scripted', 'v55_scripted'] | us_pool: ['v44_scripted', 'iter_0001']
  [pfsp]
    [ussr] v45_scripted: WR_ussr=0.70(n=404) WR_us=?(n=0) pfsp=0.843
    [ussr] v55_scripted: WR_ussr=0.60(n=404) WR_us=0.55(n=293) pfsp=0.957
    [us] v44_scripted: WR_ussr=0.63(n=190) WR_us=0.62(n=254) pfsp=0.944
    [us] iter_0001: WR_ussr=0.55(n=440) WR_us=0.46(n=600) pfsp=0.994
  [diag] inf dtype=torch.float32 shape=torch.Size([2048, 172]) nan=0 inf_vals=0 range=[0.00,42.00]
  [diag] scalar dtype=torch.float32 nan=0 range=[-1.000,1.000]
  [diag] card_logits nan=0 range=[-20.51,15.52]
  [diag] values nan=0 range=[-0.9629,0.9342]
[iter  14/50] steps=12128 rollout_wr=0.585 (ussr=0.600 us=0.570) pl=-0.0250 vl=0.1143 ent=3.589 clip=0.235 kl=0.0129 t=30.8s (rollout=26.0s update=4.8s)
  [league] self: self | ussr_pool: ['v57_scripted', 'v20_scripted'] | us_pool: ['v44_scripted', 'v20_scripted']
  [pfsp]
    [ussr] v57_scripted: WR_ussr=0.63(n=306) WR_us=?(n=0) pfsp=0.928
    [ussr] v20_scripted: WR_ussr=0.63(n=246) WR_us=0.56(n=302) pfsp=0.936
    [us] v44_scripted: WR_ussr=0.63(n=190) WR_us=0.62(n=294) pfsp=0.943
    [us] v20_scripted: WR_ussr=0.63(n=246) WR_us=0.56(n=302) pfsp=0.987
  [diag] inf dtype=torch.float32 shape=torch.Size([2048, 172]) nan=0 inf_vals=0 range=[0.00,31.00]
  [diag] scalar dtype=torch.float32 nan=0 range=[-1.150,1.250]
  [diag] card_logits nan=0 range=[-20.53,14.47]
  [diag] values nan=0 range=[-0.9617,0.9316]
[iter  15/50] steps=12041 rollout_wr=0.535 (ussr=0.610 us=0.460) pl=-0.0227 vl=0.1100 ent=3.549 clip=0.218 kl=0.0073 t=24.1s (rollout=19.5s update=4.6s)
  [league] self: self | ussr_pool: ['v22_scripted', 'heuristic'] | us_pool: ['iter_0001', 'v58_scripted']
  [pfsp]
    [ussr] v22_scripted: WR_ussr=0.64(n=296) WR_us=0.55(n=278) pfsp=0.927
    [ussr] heuristic: WR_ussr=0.28(n=301) WR_us=0.17(n=168) pfsp=0.811
    [us] iter_0001: WR_ussr=0.55(n=440) WR_us=0.46(n=640) pfsp=0.995
    [us] v58_scripted: WR_ussr=?(n=0) WR_us=0.48(n=225) pfsp=0.998
  [diag] inf dtype=torch.float32 shape=torch.Size([2048, 172]) nan=0 inf_vals=0 range=[0.00,37.00]
  [diag] scalar dtype=torch.float32 nan=0 range=[-0.950,1.200]
  [diag] card_logits nan=0 range=[-18.48,14.39]
  [diag] values nan=0 range=[-0.9552,0.9555]
[iter  16/50] steps=12925 rollout_wr=0.490 (ussr=0.500 us=0.480) pl=-0.0289 vl=0.1145 ent=3.568 clip=0.229 kl=0.0079 t=25.8s (rollout=20.9s update=5.0s)
  [league] self: self | ussr_pool: ['v45_scripted', 'iter_0010'] | us_pool: ['v22_scripted', 'iter_0010']
  [pfsp]
    [ussr] v45_scripted: WR_ussr=0.69(n=444) WR_us=?(n=0) pfsp=0.857
    [ussr] iter_0010: WR_ussr=0.42(n=40) WR_us=0.35(n=40) pfsp=0.977
    [us] v22_scripted: WR_ussr=0.63(n=336) WR_us=0.55(n=278) pfsp=0.991
    [us] iter_0010: WR_ussr=0.42(n=40) WR_us=0.35(n=40) pfsp=0.910
  [diag] inf dtype=torch.float32 shape=torch.Size([2048, 172]) nan=0 inf_vals=0 range=[0.00,37.00]
  [diag] scalar dtype=torch.float32 nan=0 range=[-1.000,1.050]
  [diag] card_logits nan=0 range=[-17.42,15.01]
  [diag] values nan=0 range=[-0.9377,0.9507]
[iter  17/50] steps=12441 rollout_wr=0.580 (ussr=0.630 us=0.530) pl=-0.0196 vl=0.1021 ent=3.610 clip=0.249 kl=0.0111 t=24.5s (rollout=19.7s update=4.8s)
  [league] self: self | ussr_pool: ['iter_0001', 'v22_scripted'] | us_pool: ['v20_scripted', 'v22_scripted']
  [pfsp]
    [ussr] iter_0001: WR_ussr=0.55(n=440) WR_us=0.47(n=680) pfsp=0.988
    [ussr] v22_scripted: WR_ussr=0.63(n=336) WR_us=0.57(n=318) pfsp=0.928
    [us] v20_scripted: WR_ussr=0.62(n=286) WR_us=0.54(n=342) pfsp=0.995
    [us] v22_scripted: WR_ussr=0.63(n=336) WR_us=0.57(n=318) pfsp=0.981
  [diag] inf dtype=torch.float32 shape=torch.Size([2048, 172]) nan=0 inf_vals=0 range=[0.00,45.00]
  [diag] scalar dtype=torch.float32 nan=0 range=[-1.300,1.300]
  [diag] card_logits nan=0 range=[-20.69,14.23]
  [diag] values nan=0 range=[-0.9374,0.9391]
[iter  18/50] steps=12785 rollout_wr=0.550 (ussr=0.540 us=0.560) pl=-0.0283 vl=0.1138 ent=3.518 clip=0.245 kl=0.0107 t=25.1s (rollout=20.0s update=5.2s)
  [league] self: self | ussr_pool: ['iter_0010', 'heuristic'] | us_pool: ['v56_scripted', 'iter_0010']
  [pfsp]
    [ussr] iter_0010: WR_ussr=0.54(n=80) WR_us=0.39(n=80) pfsp=0.994
    [ussr] heuristic: WR_ussr=0.29(n=341) WR_us=0.17(n=168) pfsp=0.824
    [us] v56_scripted: WR_ussr=0.68(n=199) WR_us=0.51(n=335) pfsp=1.000
    [us] iter_0010: WR_ussr=0.54(n=80) WR_us=0.39(n=80) pfsp=0.949
  [diag] inf dtype=torch.float32 shape=torch.Size([2048, 172]) nan=0 inf_vals=0 range=[0.00,48.00]
  [diag] scalar dtype=torch.float32 nan=0 range=[-1.150,1.100]
  [diag] card_logits nan=0 range=[-20.20,13.76]
  [diag] values nan=0 range=[-0.9711,0.9664]
[iter  19/50] steps=13141 rollout_wr=0.410 (ussr=0.340 us=0.480) pl=-0.0276 vl=0.1021 ent=3.494 clip=0.235 kl=0.0105 t=26.6s (rollout=21.5s update=5.1s)
  Saved to league pool: data/checkpoints/ppo_v304_sc_league/iter_0020.pt
  [league] self: self | ussr_pool: ['iter_0001', 'heuristic'] | us_pool: ['iter_0020', 'v46_scripted']
  [pfsp]
    [ussr] iter_0001: WR_ussr=0.55(n=480) WR_us=0.47(n=680) pfsp=0.989
    [ussr] heuristic: WR_ussr=0.28(n=381) WR_us=0.17(n=168) pfsp=0.803
    [us] iter_0020: WR_ussr=?(n=0) WR_us=?(n=0) pfsp=1.000
    [us] v46_scripted: WR_ussr=?(n=0) WR_us=0.58(n=232) pfsp=0.973
  [diag] inf dtype=torch.float32 shape=torch.Size([2048, 172]) nan=0 inf_vals=0 range=[0.00,35.00]
  [diag] scalar dtype=torch.float32 nan=0 range=[-0.950,1.050]
  [diag] card_logits nan=0 range=[-20.96,14.70]
  [diag] values nan=0 range=[-0.9829,0.9385]
[iter  20/50] steps=12781 rollout_wr=0.470 (ussr=0.400 us=0.540) pl=-0.0268 vl=0.1118 ent=3.578 clip=0.223 kl=0.0077 t=26.4s (rollout=21.4s update=5.0s)
  [jsd] iter=20 prev_iter=10 card_jsd=0.0051 top1=0.930 val_mae=0.1095
  [confirm] launched incremental Elo check for iter 20
  [panel eval] launched pid=242517 iter=20 panel=['v56', 'v54', 'v44', 'v20', 'v55']
  [league] self: self | ussr_pool: ['v54_scripted', 'iter_0020'] | us_pool: ['v54_scripted', 'iter_0020']
  [pfsp]
    [ussr] v54_scripted: WR_ussr=0.65(n=226) WR_us=0.51(n=326) pfsp=0.915
    [ussr] iter_0020: WR_ussr=?(n=0) WR_us=0.55(n=40) pfsp=1.000
    [us] v54_scripted: WR_ussr=0.65(n=226) WR_us=0.51(n=326) pfsp=0.999
    [us] iter_0020: WR_ussr=?(n=0) WR_us=0.55(n=40) pfsp=0.990
  [diag] inf dtype=torch.float32 shape=torch.Size([2048, 172]) nan=0 inf_vals=0 range=[0.00,42.00]
  [diag] scalar dtype=torch.float32 nan=0 range=[-0.950,1.250]
  [diag] card_logits nan=0 range=[-21.62,16.25]
  [diag] values nan=0 range=[-0.9622,0.9501]
[iter  21/50] steps=12432 rollout_wr=0.530 (ussr=0.530 us=0.530) pl=-0.0269 vl=0.1127 ent=3.551 clip=0.245 kl=0.0102 t=28.9s (rollout=24.0s update=4.8s)
  [panel eval iter 20] avg=0.555 elapsed=30s: v56=0.600 | v54=0.550 | v44=0.633 | v20=0.600 | v55=0.450
  [league] self: self | ussr_pool: ['iter_0020', 'v22_scripted'] | us_pool: ['v54_scripted', 'v58_scripted']
  [pfsp]
    [ussr] iter_0020: WR_ussr=0.38(n=40) WR_us=0.55(n=80) pfsp=0.938
    [ussr] v22_scripted: WR_ussr=0.63(n=376) WR_us=0.57(n=358) pfsp=0.935
    [us] v54_scripted: WR_ussr=0.65(n=266) WR_us=0.51(n=366) pfsp=1.000
    [us] v58_scripted: WR_ussr=?(n=0) WR_us=0.48(n=265) pfsp=0.998
  [diag] inf dtype=torch.float32 shape=torch.Size([2048, 172]) nan=0 inf_vals=0 range=[0.00,37.00]
  [diag] scalar dtype=torch.float32 nan=0 range=[-1.000,1.100]
  [diag] card_logits nan=0 range=[-19.62,15.89]
  [diag] values nan=0 range=[-0.9439,0.9717]
[iter  22/50] steps=12386 rollout_wr=0.560 (ussr=0.610 us=0.510) pl=-0.0257 vl=0.1143 ent=3.547 clip=0.247 kl=0.0129 t=26.4s (rollout=21.6s update=4.9s)
  [league] self: self | ussr_pool: ['v56_scripted', 'v44_scripted'] | us_pool: ['v58_scripted', 'iter_0020']
  [pfsp]
    [ussr] v56_scripted: WR_ussr=0.68(n=199) WR_us=0.50(n=375) pfsp=0.873
    [ussr] v44_scripted: WR_ussr=0.63(n=190) WR_us=0.60(n=334) pfsp=0.936
    [us] v58_scripted: WR_ussr=?(n=0) WR_us=0.49(n=305) pfsp=0.999
    [us] iter_0020: WR_ussr=0.44(n=80) WR_us=0.55(n=80) pfsp=0.990
  [diag] inf dtype=torch.float32 shape=torch.Size([2048, 172]) nan=0 inf_vals=0 range=[0.00,43.00]
  [diag] scalar dtype=torch.float32 nan=0 range=[-1.200,1.150]
  [diag] card_logits nan=0 range=[-20.35,15.80]
  [diag] values nan=0 range=[-0.9684,0.9307]
[iter  23/50] steps=12836 rollout_wr=0.510 (ussr=0.600 us=0.420) pl=-0.0256 vl=0.1026 ent=3.524 clip=0.236 kl=0.0093 t=26.7s (rollout=21.7s update=5.1s)
  [league] self: self | ussr_pool: ['iter_0010', 'v22_scripted'] | us_pool: ['v55_scripted', 'v44_scripted']
  [pfsp]
    [ussr] iter_0010: WR_ussr=0.53(n=120) WR_us=0.42(n=120) pfsp=0.997
    [ussr] v22_scripted: WR_ussr=0.63(n=416) WR_us=0.57(n=358) pfsp=0.928
    [us] v55_scripted: WR_ussr=0.61(n=444) WR_us=0.55(n=293) pfsp=0.989
    [us] v44_scripted: WR_ussr=0.62(n=230) WR_us=0.60(n=334) pfsp=0.956
  [diag] inf dtype=torch.float32 shape=torch.Size([2048, 172]) nan=0 inf_vals=0 range=[0.00,53.00]
  [diag] scalar dtype=torch.float32 nan=0 range=[-1.050,1.000]
  [diag] card_logits nan=0 range=[-19.75,14.24]
  [diag] values nan=0 range=[-0.9667,0.9209]
[iter  24/50] steps=12799 rollout_wr=0.540 (ussr=0.490 us=0.590) pl=-0.0271 vl=0.1037 ent=3.470 clip=0.217 kl=0.0076 t=27.9s (rollout=22.9s update=5.0s)
  [league] self: self | ussr_pool: ['v54_scripted', 'v45_scripted'] | us_pool: ['v22_scripted', 'iter_0010']
  [pfsp]
    [ussr] v54_scripted: WR_ussr=0.65(n=266) WR_us=0.50(n=406) pfsp=0.910
    [ussr] v45_scripted: WR_ussr=0.70(n=484) WR_us=?(n=0) pfsp=0.846
    [us] v22_scripted: WR_ussr=0.63(n=456) WR_us=0.57(n=358) pfsp=0.980
    [us] iter_0010: WR_ussr=0.49(n=160) WR_us=0.42(n=120) pfsp=0.977
  [diag] inf dtype=torch.float32 shape=torch.Size([2048, 172]) nan=0 inf_vals=0 range=[0.00,37.00]
  [diag] scalar dtype=torch.float32 nan=0 range=[-0.950,1.100]
  [diag] card_logits nan=0 range=[-19.91,15.36]
  [diag] values nan=0 range=[-0.9670,0.9539]
[iter  25/50] steps=12883 rollout_wr=0.640 (ussr=0.660 us=0.620) pl=-0.0264 vl=0.1060 ent=3.592 clip=0.256 kl=0.0106 t=26.8s (rollout=21.8s update=5.1s)
  [league] self: self | ussr_pool: ['heuristic', 'iter_0020'] | us_pool: ['iter_0010', 'iter_0001']
  [pfsp]
    [ussr] heuristic: WR_ussr=0.27(n=421) WR_us=0.17(n=168) pfsp=0.794
    [ussr] iter_0020: WR_ussr=0.44(n=80) WR_us=0.53(n=120) pfsp=0.984
    [us] iter_0010: WR_ussr=0.49(n=160) WR_us=0.46(n=160) pfsp=0.994
    [us] iter_0001: WR_ussr=0.55(n=520) WR_us=0.47(n=680) pfsp=0.996
  [diag] inf dtype=torch.float32 shape=torch.Size([2048, 172]) nan=0 inf_vals=0 range=[0.00,40.00]
  [diag] scalar dtype=torch.float32 nan=0 range=[-0.950,1.100]
  [diag] card_logits nan=0 range=[-20.96,13.40]
  [diag] values nan=0 range=[-0.9582,0.9445]
[iter  26/50] steps=13352 rollout_wr=0.470 (ussr=0.440 us=0.500) pl=-0.0253 vl=0.1074 ent=3.430 clip=0.233 kl=0.0103 t=31.4s (rollout=26.2s update=5.2s)
  [league] self: self | ussr_pool: ['iter_0010', 'iter_0001'] | us_pool: ['v56_scripted', 'iter_0020']
  [pfsp]
    [ussr] iter_0010: WR_ussr=0.49(n=160) WR_us=0.47(n=200) pfsp=1.000
    [ussr] iter_0001: WR_ussr=0.55(n=520) WR_us=0.47(n=720) pfsp=0.991
    [us] v56_scripted: WR_ussr=0.67(n=239) WR_us=0.50(n=375) pfsp=1.000
    [us] iter_0020: WR_ussr=0.45(n=120) WR_us=0.53(n=120) pfsp=0.997
  [diag] inf dtype=torch.float32 shape=torch.Size([2048, 172]) nan=0 inf_vals=0 range=[0.00,35.00]
  [diag] scalar dtype=torch.float32 nan=0 range=[-1.200,1.000]
  [diag] card_logits nan=0 range=[-20.63,13.68]
  [diag] values nan=0 range=[-0.9467,0.9428]
[iter  27/50] steps=12905 rollout_wr=0.500 (ussr=0.550 us=0.450) pl=-0.0272 vl=0.1164 ent=3.438 clip=0.218 kl=0.0083 t=29.7s (rollout=24.6s update=5.1s)
  [league] self: self | ussr_pool: ['iter_0001', 'heuristic'] | us_pool: ['iter_0010', 'iter_0001']
  [pfsp]
    [ussr] iter_0001: WR_ussr=0.55(n=560) WR_us=0.47(n=720) pfsp=0.991
    [ussr] heuristic: WR_ussr=0.28(n=461) WR_us=0.17(n=168) pfsp=0.806
    [us] iter_0010: WR_ussr=0.52(n=200) WR_us=0.47(n=200) pfsp=0.997
    [us] iter_0001: WR_ussr=0.55(n=560) WR_us=0.47(n=720) pfsp=0.996
  [diag] inf dtype=torch.float32 shape=torch.Size([2048, 172]) nan=0 inf_vals=0 range=[0.00,41.00]
  [diag] scalar dtype=torch.float32 nan=0 range=[-1.050,1.050]
  [diag] card_logits nan=0 range=[-20.57,17.14]
  [diag] values nan=0 range=[-0.9592,0.9248]
[iter  28/50] steps=13457 rollout_wr=0.525 (ussr=0.460 us=0.590) pl=-0.0248 vl=0.0953 ent=3.531 clip=0.223 kl=0.0083 t=31.6s (rollout=26.5s update=5.2s)
  [league] self: self | ussr_pool: ['iter_0001', 'iter_0001'] | us_pool: ['iter_0020', 'iter_0020']
  [pfsp]
    [ussr] iter_0001: WR_ussr=0.55(n=600) WR_us=0.47(n=760) pfsp=0.991
    [us] iter_0020: WR_ussr=0.45(n=120) WR_us=0.51(n=160) pfsp=1.000
  [diag] inf dtype=torch.float32 shape=torch.Size([2048, 172]) nan=0 inf_vals=0 range=[0.00,39.00]
  [diag] scalar dtype=torch.float32 nan=0 range=[-0.900,1.000]
  [diag] card_logits nan=0 range=[-20.62,15.31]
  [diag] values nan=0 range=[-0.9661,0.9556]
[iter  29/50] steps=13123 rollout_wr=0.590 (ussr=0.630 us=0.550) pl=-0.0237 vl=0.1061 ent=3.426 clip=0.223 kl=0.0086 t=30.2s (rollout=24.9s update=5.3s)
  Saved to league pool: data/checkpoints/ppo_v304_sc_league/iter_0030.pt
  [league] self: self | ussr_pool: ['v20_scripted', 'iter_0020'] | us_pool: ['iter_0010', 'v55_scripted']
  [pfsp]
    [ussr] v20_scripted: WR_ussr=0.62(n=286) WR_us=0.54(n=382) pfsp=0.940
    [ussr] iter_0020: WR_ussr=0.45(n=120) WR_us=0.52(n=240) pfsp=0.990
    [us] iter_0010: WR_ussr=0.52(n=200) WR_us=0.50(n=240) pfsp=1.000
    [us] v55_scripted: WR_ussr=0.61(n=444) WR_us=0.56(n=333) pfsp=0.983
  [diag] inf dtype=torch.float32 shape=torch.Size([2048, 172]) nan=0 inf_vals=0 range=[0.00,43.00]
  [diag] scalar dtype=torch.float32 nan=0 range=[-0.900,1.200]
  [diag] card_logits nan=0 range=[-20.60,15.49]
  [diag] values nan=0 range=[-0.9196,0.9579]
[iter  30/50] steps=13128 rollout_wr=0.550 (ussr=0.560 us=0.540) pl=-0.0257 vl=0.1161 ent=3.509 clip=0.259 kl=0.0096 t=27.4s (rollout=22.2s update=5.1s)
  [jsd] iter=30 prev_iter=20 card_jsd=0.0054 top1=0.924 val_mae=0.1047
  [confirm] launched incremental Elo check for iter 30
  [panel eval] launched pid=242826 iter=30 panel=['v56', 'v54', 'v44', 'v20', 'v55']
  [league] self: self | ussr_pool: ['iter_0020', 'v57_scripted'] | us_pool: ['iter_0030', 'v55_scripted']
  [pfsp]
    [ussr] iter_0020: WR_ussr=0.45(n=160) WR_us=0.52(n=240) pfsp=0.990
    [ussr] v57_scripted: WR_ussr=0.64(n=346) WR_us=?(n=0) pfsp=0.923
    [us] iter_0030: WR_ussr=?(n=0) WR_us=?(n=0) pfsp=1.000
    [us] v55_scripted: WR_ussr=0.61(n=444) WR_us=0.55(n=373) pfsp=0.988
  [diag] inf dtype=torch.float32 shape=torch.Size([2048, 172]) nan=0 inf_vals=0 range=[0.00,51.00]
  [diag] scalar dtype=torch.float32 nan=0 range=[-0.950,1.150]
  [diag] card_logits nan=0 range=[-19.55,13.98]
  [diag] values nan=0 range=[-0.9438,0.9532]
[iter  31/50] steps=12802 rollout_wr=0.550 (ussr=0.600 us=0.500) pl=-0.0255 vl=0.1087 ent=3.538 clip=0.258 kl=0.0122 t=31.3s (rollout=26.2s update=5.1s)
  [panel eval iter 30] avg=0.578 elapsed=32s: v56=0.550 | v54=0.600 | v44=0.633 | v20=0.600 | v55=0.533
  [league] self: self | ussr_pool: ['iter_0010', 'iter_0010'] | us_pool: ['v44_scripted', 'v54_scripted']
  [pfsp]
    [ussr] iter_0010: WR_ussr=0.52(n=200) WR_us=0.51(n=280) pfsp=0.998
    [us] v44_scripted: WR_ussr=0.62(n=230) WR_us=0.60(n=374) pfsp=0.959
    [us] v54_scripted: WR_ussr=0.67(n=306) WR_us=0.50(n=406) pfsp=1.000
  [diag] inf dtype=torch.float32 shape=torch.Size([2048, 172]) nan=0 inf_vals=0 range=[0.00,41.00]
  [diag] scalar dtype=torch.float32 nan=0 range=[-1.200,1.000]
  [diag] card_logits nan=0 range=[-20.03,14.59]
  [diag] values nan=0 range=[-0.9393,0.9672]
[iter  32/50] steps=13147 rollout_wr=0.560 (ussr=0.600 us=0.520) pl=-0.0246 vl=0.1106 ent=3.424 clip=0.228 kl=0.0078 t=29.7s (rollout=24.5s update=5.2s)
  [league] self: self | ussr_pool: ['iter_0020', 'iter_0020'] | us_pool: ['v44_scripted', 'iter_0020']
  [pfsp]
    [ussr] iter_0020: WR_ussr=0.47(n=200) WR_us=0.52(n=240) pfsp=0.995
    [us] v44_scripted: WR_ussr=0.62(n=230) WR_us=0.60(n=414) pfsp=0.961
    [us] iter_0020: WR_ussr=0.47(n=200) WR_us=0.52(n=240) pfsp=0.998
  [diag] inf dtype=torch.float32 shape=torch.Size([2048, 172]) nan=0 inf_vals=0 range=[0.00,35.00]
  [diag] scalar dtype=torch.float32 nan=0 range=[-0.950,1.000]
  [diag] card_logits nan=0 range=[-20.60,15.14]
  [diag] values nan=0 range=[-0.9608,0.9278]
[iter  33/50] steps=13135 rollout_wr=0.545 (ussr=0.460 us=0.630) pl=-0.0247 vl=0.0951 ent=3.467 clip=0.228 kl=0.0079 t=28.5s (rollout=23.4s update=5.1s)
  [league] self: self | ussr_pool: ['iter_0001', 'v45_scripted'] | us_pool: ['iter_0020', 'iter_0030']
  [pfsp]
    [ussr] iter_0001: WR_ussr=0.55(n=680) WR_us=0.47(n=760) pfsp=0.988
    [ussr] v45_scripted: WR_ussr=0.69(n=524) WR_us=?(n=0) pfsp=0.857
    [us] iter_0020: WR_ussr=0.47(n=280) WR_us=0.53(n=280) pfsp=0.997
    [us] iter_0030: WR_ussr=?(n=0) WR_us=0.57(n=40) pfsp=0.978
  [diag] inf dtype=torch.float32 shape=torch.Size([2048, 172]) nan=0 inf_vals=0 range=[0.00,49.00]
  [diag] scalar dtype=torch.float32 nan=0 range=[-0.950,1.100]
  [diag] card_logits nan=0 range=[-21.03,14.52]
  [diag] values nan=0 range=[-0.9722,0.9240]
[iter  34/50] steps=12718 rollout_wr=0.560 (ussr=0.630 us=0.490) pl=-0.0288 vl=0.0997 ent=3.504 clip=0.217 kl=0.0079 t=26.3s (rollout=21.4s update=4.9s)
  [league] self: self | ussr_pool: ['v56_scripted', 'v55_scripted'] | us_pool: ['v54_scripted', 'heuristic']
  [pfsp]
    [ussr] v56_scripted: WR_ussr=0.67(n=239) WR_us=0.49(n=415) pfsp=0.879
    [ussr] v55_scripted: WR_ussr=0.61(n=444) WR_us=0.54(n=413) pfsp=0.955
    [us] v54_scripted: WR_ussr=0.67(n=306) WR_us=0.50(n=446) pfsp=1.000
    [us] heuristic: WR_ussr=0.28(n=501) WR_us=0.17(n=168) pfsp=0.556
  [diag] inf dtype=torch.float32 shape=torch.Size([2048, 172]) nan=0 inf_vals=0 range=[0.00,43.00]
  [diag] scalar dtype=torch.float32 nan=0 range=[-0.950,1.150]
  [diag] card_logits nan=0 range=[-19.40,14.68]
  [diag] values nan=0 range=[-0.9759,0.9567]
[iter  35/50] steps=12128 rollout_wr=0.445 (ussr=0.530 us=0.360) pl=-0.0228 vl=0.1193 ent=3.522 clip=0.220 kl=0.0078 t=24.0s (rollout=19.3s update=4.6s)
  [league] self: self | ussr_pool: ['v45_scripted', 'iter_0001'] | us_pool: ['v55_scripted', 'iter_0020']
  [pfsp]
    [ussr] v45_scripted: WR_ussr=0.70(n=564) WR_us=?(n=0) pfsp=0.842
    [ussr] iter_0001: WR_ussr=0.55(n=720) WR_us=0.47(n=760) pfsp=0.991
    [us] v55_scripted: WR_ussr=0.61(n=484) WR_us=0.54(n=413) pfsp=0.993
    [us] iter_0020: WR_ussr=0.47(n=280) WR_us=0.53(n=320) pfsp=0.997
  [diag] inf dtype=torch.float32 shape=torch.Size([2048, 172]) nan=0 inf_vals=0 range=[0.00,40.00]
  [diag] scalar dtype=torch.float32 nan=0 range=[-0.950,1.250]
  [diag] card_logits nan=0 range=[-20.49,17.39]
  [diag] values nan=0 range=[-0.9765,0.9228]
[iter  36/50] steps=12023 rollout_wr=0.640 (ussr=0.750 us=0.530) pl=-0.0237 vl=0.1090 ent=3.510 clip=0.234 kl=0.0087 t=24.9s (rollout=20.3s update=4.6s)
  [league] self: self | ussr_pool: ['iter_0001', 'v45_scripted'] | us_pool: ['v58_scripted', 'heuristic']
  [pfsp]
    [ussr] iter_0001: WR_ussr=0.56(n=760) WR_us=0.47(n=760) pfsp=0.988
    [ussr] v45_scripted: WR_ussr=0.71(n=604) WR_us=?(n=0) pfsp=0.818
    [us] v58_scripted: WR_ussr=?(n=0) WR_us=0.47(n=345) pfsp=0.996
    [us] heuristic: WR_ussr=0.28(n=501) WR_us=0.17(n=208) pfsp=0.560
  [diag] inf dtype=torch.float32 shape=torch.Size([2048, 172]) nan=0 inf_vals=0 range=[0.00,38.00]
  [diag] scalar dtype=torch.float32 nan=0 range=[-1.050,1.000]
  [diag] card_logits nan=0 range=[-21.50,13.98]
  [diag] values nan=0 range=[-0.9731,0.9541]
[iter  37/50] steps=12710 rollout_wr=0.465 (ussr=0.560 us=0.370) pl=-0.0293 vl=0.0977 ent=3.559 clip=0.227 kl=0.0091 t=25.2s (rollout=20.2s update=4.9s)
  [league] self: self | ussr_pool: ['v22_scripted', 'v54_scripted'] | us_pool: ['v54_scripted', 'iter_0030']
  [pfsp]
    [ussr] v22_scripted: WR_ussr=0.63(n=456) WR_us=0.58(n=398) pfsp=0.931
    [ussr] v54_scripted: WR_ussr=0.67(n=306) WR_us=0.51(n=486) pfsp=0.884
    [us] v54_scripted: WR_ussr=0.67(n=306) WR_us=0.51(n=486) pfsp=1.000
    [us] iter_0030: WR_ussr=?(n=0) WR_us=0.55(n=80) pfsp=0.990
  [diag] inf dtype=torch.float32 shape=torch.Size([2048, 172]) nan=0 inf_vals=0 range=[0.00,41.00]
  [diag] scalar dtype=torch.float32 nan=0 range=[-0.950,1.150]
  [diag] card_logits nan=0 range=[-21.66,16.50]
  [diag] values nan=0 range=[-0.9801,0.9663]
[iter  38/50] steps=12768 rollout_wr=0.580 (ussr=0.630 us=0.530) pl=-0.0295 vl=0.1089 ent=3.509 clip=0.228 kl=0.0088 t=24.7s (rollout=19.7s update=5.0s)
  [league] self: self | ussr_pool: ['iter_0001', 'iter_0010'] | us_pool: ['iter_0010', 'iter_0030']
  [pfsp]
    [ussr] iter_0001: WR_ussr=0.56(n=800) WR_us=0.47(n=760) pfsp=0.987
    [ussr] iter_0010: WR_ussr=0.55(n=280) WR_us=0.51(n=280) pfsp=0.990
    [us] iter_0010: WR_ussr=0.55(n=280) WR_us=0.51(n=280) pfsp=1.000
    [us] iter_0030: WR_ussr=?(n=0) WR_us=0.53(n=120) pfsp=0.996
  [diag] inf dtype=torch.float32 shape=torch.Size([2048, 172]) nan=0 inf_vals=0 range=[0.00,39.00]
  [diag] scalar dtype=torch.float32 nan=0 range=[-1.200,1.000]
  [diag] card_logits nan=0 range=[-20.82,13.32]
  [diag] values nan=0 range=[-0.9772,0.9761]
[iter  39/50] steps=13425 rollout_wr=0.505 (ussr=0.440 us=0.570) pl=-0.0258 vl=0.0993 ent=3.380 clip=0.246 kl=0.0096 t=29.0s (rollout=23.7s update=5.2s)
  Saved to league pool: data/checkpoints/ppo_v304_sc_league/iter_0040.pt
  [league] self: self | ussr_pool: ['v44_scripted', 'v44_scripted'] | us_pool: ['v56_scripted', 'v54_scripted']
  [pfsp]
    [ussr] v44_scripted: WR_ussr=0.62(n=230) WR_us=0.61(n=454) pfsp=0.941
    [us] v56_scripted: WR_ussr=0.66(n=279) WR_us=0.49(n=415) pfsp=0.999
    [us] v54_scripted: WR_ussr=0.66(n=346) WR_us=0.51(n=526) pfsp=0.999
  [diag] inf dtype=torch.float32 shape=torch.Size([2048, 172]) nan=0 inf_vals=0 range=[0.00,44.00]
  [diag] scalar dtype=torch.float32 nan=0 range=[-0.900,1.000]
  [diag] card_logits nan=0 range=[-20.28,14.38]
  [diag] values nan=0 range=[-0.9796,0.9566]
[iter  40/50] steps=12560 rollout_wr=0.535 (ussr=0.500 us=0.570) pl=-0.0240 vl=0.1175 ent=3.493 clip=0.289 kl=0.0153 t=23.7s (rollout=18.8s update=4.9s)
  [jsd] iter=40 prev_iter=30 card_jsd=0.0058 top1=0.916 val_mae=0.1019
  [confirm] launched incremental Elo check for iter 40
  [panel eval] launched pid=243219 iter=40 panel=['v56', 'v54', 'v44', 'v20', 'v55']
  [league] self: self | ussr_pool: ['iter_0010', 'iter_0040'] | us_pool: ['v20_scripted', 'iter_0020']
  [pfsp]
    [ussr] iter_0010: WR_ussr=0.53(n=320) WR_us=0.53(n=320) pfsp=0.995
    [ussr] iter_0040: WR_ussr=?(n=0) WR_us=?(n=0) pfsp=1.000
    [us] v20_scripted: WR_ussr=0.63(n=326) WR_us=0.54(n=382) pfsp=0.994
    [us] iter_0020: WR_ussr=0.47(n=280) WR_us=0.53(n=360) pfsp=0.997
  [diag] inf dtype=torch.float32 shape=torch.Size([2048, 172]) nan=0 inf_vals=0 range=[0.00,39.00]
  [diag] scalar dtype=torch.float32 nan=0 range=[-0.950,1.000]
  [diag] card_logits nan=0 range=[-19.48,14.62]
  [diag] values nan=0 range=[-0.9693,0.9540]
[iter  41/50] steps=13207 rollout_wr=0.545 (ussr=0.540 us=0.550) pl=-0.0276 vl=0.1036 ent=3.369 clip=0.227 kl=0.0092 t=32.5s (rollout=27.4s update=5.1s)
  [panel eval iter 40] avg=0.603 elapsed=33s: v56=0.533 | v54=0.633 | v44=0.650 | v20=0.583 | v55=0.617
  [league] self: self | ussr_pool: ['heuristic', 'v20_scripted'] | us_pool: ['iter_0030', 'iter_0020']
  [pfsp]
    [ussr] heuristic: WR_ussr=0.28(n=501) WR_us=0.17(n=248) pfsp=0.805
    [ussr] v20_scripted: WR_ussr=0.63(n=326) WR_us=0.54(n=422) pfsp=0.934
    [us] iter_0030: WR_ussr=?(n=0) WR_us=0.53(n=160) pfsp=0.996
    [us] iter_0020: WR_ussr=0.47(n=280) WR_us=0.53(n=400) pfsp=0.997
  [diag] inf dtype=torch.float32 shape=torch.Size([2048, 172]) nan=0 inf_vals=0 range=[0.00,43.00]
  [diag] scalar dtype=torch.float32 nan=0 range=[-0.950,1.200]
  [diag] card_logits nan=0 range=[-20.95,14.10]
  [diag] values nan=0 range=[-0.9733,0.9671]
[iter  42/50] steps=13228 rollout_wr=0.400 (ussr=0.340 us=0.460) pl=-0.0259 vl=0.1058 ent=3.551 clip=0.252 kl=0.0101 t=29.2s (rollout=23.9s update=5.3s)
  [league] self: self | ussr_pool: ['iter_0010', 'v54_scripted'] | us_pool: ['v46_scripted', 'iter_0040']
  [pfsp]
    [ussr] iter_0010: WR_ussr=0.53(n=360) WR_us=0.53(n=320) pfsp=0.996
    [ussr] v54_scripted: WR_ussr=0.66(n=346) WR_us=0.52(n=566) pfsp=0.895
    [us] v46_scripted: WR_ussr=?(n=0) WR_us=0.58(n=272) pfsp=0.974
    [us] iter_0040: WR_ussr=0.55(n=40) WR_us=?(n=0) pfsp=1.000
  [diag] inf dtype=torch.float32 shape=torch.Size([2048, 172]) nan=0 inf_vals=0 range=[0.00,48.00]
  [diag] scalar dtype=torch.float32 nan=0 range=[-1.050,1.000]
  [diag] card_logits nan=0 range=[-22.49,15.43]
  [diag] values nan=0 range=[-0.9520,0.9384]
[iter  43/50] steps=13547 rollout_wr=0.590 (ussr=0.510 us=0.670) pl=-0.0294 vl=0.1063 ent=3.504 clip=0.279 kl=0.0153 t=29.7s (rollout=24.5s update=5.2s)
  [league] self: self | ussr_pool: ['v20_scripted', 'iter_0040'] | us_pool: ['heuristic', 'iter_0001']
  [pfsp]
    [ussr] v20_scripted: WR_ussr=0.61(n=366) WR_us=0.54(n=422) pfsp=0.952
    [ussr] iter_0040: WR_ussr=0.55(n=40) WR_us=0.62(n=40) pfsp=0.990
    [us] heuristic: WR_ussr=0.27(n=541) WR_us=0.17(n=248) pfsp=0.563
    [us] iter_0001: WR_ussr=0.55(n=840) WR_us=0.47(n=760) pfsp=0.997
  [diag] inf dtype=torch.float32 shape=torch.Size([2048, 172]) nan=0 inf_vals=0 range=[0.00,37.00]
  [diag] scalar dtype=torch.float32 nan=0 range=[-1.150,1.200]
  [diag] card_logits nan=0 range=[-21.08,14.50]
  [diag] values nan=0 range=[-0.9693,0.9299]
[iter  44/50] steps=13143 rollout_wr=0.530 (ussr=0.640 us=0.420) pl=-0.0256 vl=0.1064 ent=3.566 clip=0.244 kl=0.0109 t=27.3s (rollout=22.2s update=5.1s)
  [league] self: self | ussr_pool: ['v56_scripted', 'v57_scripted'] | us_pool: ['heuristic', 'iter_0040']
  [pfsp]
    [ussr] v56_scripted: WR_ussr=0.66(n=279) WR_us=0.50(n=455) pfsp=0.903
    [ussr] v57_scripted: WR_ussr=0.64(n=386) WR_us=?(n=0) pfsp=0.919
    [us] heuristic: WR_ussr=0.27(n=541) WR_us=0.18(n=288) pfsp=0.583
    [us] iter_0040: WR_ussr=0.60(n=80) WR_us=0.62(n=40) pfsp=0.938
  [diag] inf dtype=torch.float32 shape=torch.Size([2048, 172]) nan=0 inf_vals=0 range=[0.00,43.00]
  [diag] scalar dtype=torch.float32 nan=0 range=[-0.950,1.100]
  [diag] card_logits nan=0 range=[-19.62,13.67]
  [diag] values nan=0 range=[-0.9626,0.9392]
[iter  45/50] steps=12410 rollout_wr=0.565 (ussr=0.720 us=0.410) pl=-0.0302 vl=0.0950 ent=3.569 clip=0.234 kl=0.0084 t=25.0s (rollout=20.2s update=4.8s)
  [league] self: self | ussr_pool: ['iter_0010', 'v44_scripted'] | us_pool: ['v56_scripted', 'iter_0040']
  [pfsp]
    [ussr] iter_0010: WR_ussr=0.53(n=400) WR_us=0.53(n=320) pfsp=0.997
    [ussr] v44_scripted: WR_ussr=0.60(n=310) WR_us=0.61(n=454) pfsp=0.963
    [us] v56_scripted: WR_ussr=0.67(n=319) WR_us=0.50(n=455) pfsp=1.000
    [us] iter_0040: WR_ussr=0.60(n=80) WR_us=0.56(n=80) pfsp=0.984
  [diag] inf dtype=torch.float32 shape=torch.Size([2048, 172]) nan=0 inf_vals=0 range=[0.00,50.00]
  [diag] scalar dtype=torch.float32 nan=0 range=[-0.950,1.000]
  [diag] card_logits nan=0 range=[-21.16,15.86]
  [diag] values nan=0 range=[-0.9472,0.9502]
[iter  46/50] steps=12627 rollout_wr=0.575 (ussr=0.550 us=0.600) pl=-0.0206 vl=0.1042 ent=3.444 clip=0.248 kl=0.0122 t=25.3s (rollout=20.4s update=4.9s)
  [league] self: self | ussr_pool: ['iter_0010', 'iter_0030'] | us_pool: ['iter_0020', 'v56_scripted']
  [pfsp]
    [ussr] iter_0010: WR_ussr=0.52(n=440) WR_us=0.53(n=320) pfsp=0.999
    [ussr] iter_0030: WR_ussr=?(n=0) WR_us=0.52(n=200) pfsp=1.000
    [us] iter_0020: WR_ussr=0.47(n=280) WR_us=0.51(n=440) pfsp=1.000
    [us] v56_scripted: WR_ussr=0.67(n=319) WR_us=0.52(n=495) pfsp=0.999
  [diag] inf dtype=torch.float32 shape=torch.Size([2048, 172]) nan=0 inf_vals=0 range=[0.00,41.00]
  [diag] scalar dtype=torch.float32 nan=0 range=[-0.950,1.050]
  [diag] card_logits nan=0 range=[-21.49,16.73]
  [diag] values nan=0 range=[-0.9659,0.9607]
[iter  47/50] steps=12854 rollout_wr=0.505 (ussr=0.510 us=0.500) pl=-0.0230 vl=0.1110 ent=3.387 clip=0.240 kl=0.0105 t=27.0s (rollout=21.8s update=5.2s)
  [league] self: self | ussr_pool: ['iter_0040', 'v45_scripted'] | us_pool: ['iter_0010', 'v56_scripted']
  [pfsp]
    [ussr] iter_0040: WR_ussr=0.60(n=80) WR_us=0.59(n=120) pfsp=0.960
    [ussr] v45_scripted: WR_ussr=0.70(n=644) WR_us=?(n=0) pfsp=0.834
    [us] iter_0010: WR_ussr=0.52(n=480) WR_us=0.53(n=320) pfsp=0.995
    [us] v56_scripted: WR_ussr=0.67(n=319) WR_us=0.52(n=535) pfsp=0.999
  [diag] inf dtype=torch.float32 shape=torch.Size([2048, 172]) nan=0 inf_vals=0 range=[0.00,39.00]
  [diag] scalar dtype=torch.float32 nan=0 range=[-0.900,1.100]
  [diag] card_logits nan=0 range=[-20.73,14.62]
  [diag] values nan=0 range=[-0.9540,0.9402]
[iter  48/50] steps=12873 rollout_wr=0.655 (ussr=0.640 us=0.670) pl=-0.0270 vl=0.1049 ent=3.475 clip=0.264 kl=0.0118 t=26.5s (rollout=21.5s update=5.0s)
  [league] self: self | ussr_pool: ['v22_scripted', 'iter_0040'] | us_pool: ['iter_0030', 'iter_0030']
  [pfsp]
    [ussr] v22_scripted: WR_ussr=0.64(n=496) WR_us=0.58(n=398) pfsp=0.927
    [ussr] iter_0040: WR_ussr=0.60(n=120) WR_us=0.59(n=120) pfsp=0.960
    [us] iter_0030: WR_ussr=0.47(n=40) WR_us=0.52(n=200) pfsp=0.999
  [diag] inf dtype=torch.float32 shape=torch.Size([2048, 172]) nan=0 inf_vals=0 range=[0.00,46.00]
  [diag] scalar dtype=torch.float32 nan=0 range=[-0.850,1.300]
  [diag] card_logits nan=0 range=[-22.05,15.46]
  [diag] values nan=0 range=[-0.9392,0.9583]
[iter  49/50] steps=13042 rollout_wr=0.550 (ussr=0.580 us=0.520) pl=-0.0257 vl=0.0994 ent=3.492 clip=0.261 kl=0.0098 t=27.3s (rollout=22.2s update=5.1s)
  Saved to league pool: data/checkpoints/ppo_v304_sc_league/iter_0050.pt
  [league] self: self | ussr_pool: ['v20_scripted', 'iter_0040'] | us_pool: ['v55_scripted', 'iter_0020']
  [pfsp]
    [ussr] v20_scripted: WR_ussr=0.61(n=406) WR_us=0.54(n=422) pfsp=0.949
    [ussr] iter_0040: WR_ussr=0.61(n=160) WR_us=0.59(n=120) pfsp=0.955
    [us] v55_scripted: WR_ussr=0.61(n=484) WR_us=0.54(n=453) pfsp=0.993
    [us] iter_0020: WR_ussr=0.47(n=280) WR_us=0.51(n=480) pfsp=1.000
  [diag] inf dtype=torch.float32 shape=torch.Size([2048, 172]) nan=0 inf_vals=0 range=[0.00,45.00]
  [diag] scalar dtype=torch.float32 nan=0 range=[-0.900,1.450]
  [diag] card_logits nan=0 range=[-20.25,15.32]
  [diag] values nan=0 range=[-0.9710,0.9568]
[iter  50/50] steps=13541 rollout_wr=0.530 (ussr=0.500 us=0.560) pl=-0.0240 vl=0.1016 ent=3.371 clip=0.243 kl=0.0115 t=28.6s (rollout=23.4s update=5.2s)
  [jsd] iter=50 prev_iter=40 card_jsd=0.0045 top1=0.939 val_mae=0.0760
  [confirm] launched incremental Elo check for iter 50
  [panel eval] launched pid=243539 iter=50 panel=['v56', 'v54', 'v44', 'v20', 'v55']
  [panel eval] waiting for final panel eval to complete (up to 120s)...
  [panel eval iter 50] avg=0.570 elapsed=23s: v56=0.517 | v54=0.517 | v44=0.567 | v20=0.567 | v55=0.650
wandb: updating run metadata
wandb: uploading output.log; uploading wandb-summary.json; uploading config.yaml
wandb: uploading history steps 49-49, summary, console lines 569-572
wandb: 
wandb: Run history:
wandb:               approx_kl ▃▄▂▂▁▃▂▂▂▂▆▁▂▄▄▁▄▆▃▁▄▂▂▂▃▁▂▂▁▂▂▃█▃▃▄▂▅▄▃
wandb:           clip_fraction ▇▅▂▃▁▃▃▃▃▂▇▃▂▅▄▃▄▅▄▂▃▂▃▃▅▃▃▂▂▃▃▄█▅▇▃▅▄▆▄
wandb: core_scalar_weight_norm ▂▂▁▁▁▁▁▁▂▃▃▃▃▃▃▃▃▃▄▄▄▄▅▆▆▆▆▇▇▇▇▇██████▇▇
wandb:                ent_coef ████▇▇▇▇▇▆▆▆▆▆▆▅▅▅▅▅▄▄▄▄▄▃▃▃▃▃▃▂▂▂▂▂▂▁▁▁
wandb:                 entropy ▅█▇▅▃▂▅▃▆▄█▆▅▆▅▆▅▅▅▃▂▃▅▂▄▂▃▄▅▄▄▁▄▁▅▆▆▃▄▁
wandb:             iter_time_s ▅▃▃▅▅▅▅▃▅▃▇▁▃▂▂▃▅▃▃▄▇▆▇▆▄▆▅▃▁▂▂▅▁█▅▄▂▂▄▄
wandb:  jsd/card_early_vs_prev ▅▆█▁
wandb:   jsd/card_late_vs_prev ▅▆█▁
wandb:    jsd/card_mid_vs_prev ▂▁▂█
wandb:        jsd/card_vs_prev ▄▅█▁
wandb:                    +171 ...
wandb: 
wandb: Run summary:
wandb:               approx_kl 0.01153
wandb:           clip_fraction 0.24271
wandb: core_scalar_weight_norm 4.06035
wandb:                ent_coef 0.00883
wandb:                 entropy 3.37146
wandb:             iter_time_s 28.59343
wandb:  jsd/card_early_vs_prev 0.00303
wandb:   jsd/card_late_vs_prev 0.00429
wandb:    jsd/card_mid_vs_prev 0.00632
wandb:        jsd/card_vs_prev 0.00455
wandb:                    +171 ...
wandb: 
wandb: 🚀 View run ppo_v304_sc at: https://wandb.ai/korduban-ai/twilight-struggle-ai/runs/1c1cb92a
wandb: ⭐️ View project at: https://wandb.ai/korduban-ai/twilight-struggle-ai
wandb: Synced 5 W&B file(s), 50 media file(s), 100 artifact file(s) and 0 other file(s)
wandb: Find logs at: ./wandb/run-20260416_134058-1c1cb92a/logs

Training complete in 23.8 minutes
Checkpoints in: data/checkpoints/ppo_v304_sc_league
[ppo_train_dynamic] finished at 2026-04-16T21:04:51Z
