[ppo_train_dynamic] starting at 2026-04-14T17:38:21Z
wandb: [wandb.login()] Loaded credentials for https://api.wandb.ai from WANDB_API_KEY.
wandb: Currently logged in as: dkorduban (korduban-ai) to https://api.wandb.ai. Use `wandb login --relogin` to force relogin
wandb: setting up run 296b3dd7
wandb: Tracking run with wandb version 0.25.1
wandb: Run data is saved locally in /home/dkord/code/twilight-struggle-ai/wandb/run-20260414_103823-296b3dd7
wandb: Run `wandb offline` to turn off syncing.
wandb: Syncing run ppo_v264_sc
wandb: ⭐️ View project at https://wandb.ai/korduban-ai/twilight-struggle-ai
wandb: 🚀 View run at https://wandb.ai/korduban-ai/twilight-struggle-ai/runs/296b3dd7
Loading checkpoint: data/checkpoints/ppo_v263_sc_league/ppo_best.pt
  --reset-optimizer: skipping optimizer state restore, starting fresh Adam.

Starting PPO training: 30 iterations × 200 games/iter, side=both
Device: cuda, lr=5e-05, clip=0.12, ent=0.01, vf=0.5
League training enabled (pool: data/checkpoints/ppo_v264_sc_league, save-every=10)
  Saved to league pool: data/checkpoints/ppo_v264_sc_league/iter_0001.pt
  [league] self: self | ussr_pool: ['v232_sc_scripted', 'v217_sc_scripted'] | us_pool: ['v228_sc_scripted', 'v232_sc_scripted']
  [pfsp]
    [ussr] v232_sc_scripted: WR_ussr=0.47(n=160) WR_us=0.53(n=280) pfsp=0.997
    [ussr] v217_sc_scripted: WR_ussr=0.46(n=155) WR_us=0.59(n=155) pfsp=0.995
    [us] v228_sc_scripted: WR_ussr=0.45(n=285) WR_us=0.51(n=285) pfsp=0.999
    [us] v232_sc_scripted: WR_ussr=0.47(n=160) WR_us=0.53(n=280) pfsp=0.997
  [diag] inf dtype=torch.float32 shape=torch.Size([2048, 172]) nan=0 inf_vals=0 range=[0.00,26.00]
  [diag] scalar dtype=torch.float32 nan=0 range=[-1.200,1.150]
  [diag] card_logits nan=0 range=[-16.07,15.96]
  [diag] values nan=0 range=[-0.9552,0.9003]
[iter   1/30] steps= 5075 rollout_wr=0.445 (ussr=0.430 us=0.460) pl=-0.0246 vl=0.2638 ent=3.777 clip=0.194 kl=0.0059 t=15.8s (rollout=13.3s update=2.5s)
  [league] self: self | ussr_pool: ['v232_sc_scripted', 'v232_sc_scripted'] | us_pool: ['v228_sc_scripted', 'iter_0001']
  [pfsp]
    [ussr] v232_sc_scripted: WR_ussr=0.48(n=200) WR_us=0.53(n=320) pfsp=0.998
    [us] v228_sc_scripted: WR_ussr=0.45(n=285) WR_us=0.50(n=325) pfsp=1.000
    [us] iter_0001: WR_ussr=?(n=0) WR_us=?(n=0) pfsp=1.000
  [diag] inf dtype=torch.float32 shape=torch.Size([2048, 172]) nan=0 inf_vals=0 range=[0.00,30.00]
  [diag] scalar dtype=torch.float32 nan=0 range=[-1.000,1.000]
  [diag] card_logits nan=0 range=[-16.18,15.65]
  [diag] values nan=0 range=[-0.9553,0.9252]
[iter   2/30] steps= 4769 rollout_wr=0.520 (ussr=0.540 us=0.500) pl=-0.0165 vl=0.2751 ent=3.802 clip=0.111 kl=0.0030 t=14.3s (rollout=12.3s update=2.0s)
  [league] self: self | ussr_pool: ['v48_scripted', 'iter_0001'] | us_pool: ['iter_0001', 'v54_scripted']
  [pfsp]
    [ussr] v48_scripted: WR_ussr=0.88(n=50) WR_us=0.96(n=78) pfsp=0.422
    [ussr] iter_0001: WR_ussr=?(n=0) WR_us=0.42(n=40) pfsp=1.000
    [us] iter_0001: WR_ussr=?(n=0) WR_us=0.42(n=40) pfsp=0.977
    [us] v54_scripted: WR_ussr=?(n=0) WR_us=0.96(n=52) pfsp=0.148
  [diag] inf dtype=torch.float32 shape=torch.Size([2048, 172]) nan=0 inf_vals=0 range=[0.00,29.00]
  [diag] scalar dtype=torch.float32 nan=0 range=[-1.150,1.000]
  [diag] card_logits nan=0 range=[-16.31,15.60]
  [diag] values nan=0 range=[-0.9627,0.8768]
[iter   3/30] steps= 3827 rollout_wr=0.675 (ussr=0.660 us=0.690) pl=-0.0120 vl=0.2994 ent=3.780 clip=0.073 kl=0.0021 t=11.0s (rollout=9.4s update=1.6s)
  [league] self: self | ussr_pool: ['v22_scripted', 'heuristic'] | us_pool: ['v228_sc_scripted', 'iter_0001']
  [pfsp]
    [ussr] v22_scripted: WR_ussr=0.88(n=98) WR_us=?(n=0) pfsp=0.430
    [ussr] heuristic: WR_ussr=0.56(n=235) WR_us=0.38(n=170) pfsp=0.985
    [us] v228_sc_scripted: WR_ussr=0.45(n=285) WR_us=0.50(n=365) pfsp=1.000
    [us] iter_0001: WR_ussr=0.53(n=40) WR_us=0.46(n=80) pfsp=0.994
  [diag] inf dtype=torch.float32 shape=torch.Size([2048, 172]) nan=0 inf_vals=0 range=[0.00,46.00]
  [diag] scalar dtype=torch.float32 nan=0 range=[-0.950,1.000]
  [diag] card_logits nan=0 range=[-15.43,15.55]
  [diag] values nan=0 range=[-0.9309,0.9321]
[iter   4/30] steps= 4442 rollout_wr=0.575 (ussr=0.690 us=0.460) pl=-0.0163 vl=0.2846 ent=3.843 clip=0.110 kl=0.0033 t=13.8s (rollout=11.9s update=1.9s)
  [league] self: self | ussr_pool: ['iter_0001', 'v228_sc_scripted'] | us_pool: ['v217_sc_scripted', 'v232_sc_scripted']
  [pfsp]
    [ussr] iter_0001: WR_ussr=0.53(n=40) WR_us=0.47(n=120) pfsp=0.997
    [ussr] v228_sc_scripted: WR_ussr=0.45(n=285) WR_us=0.49(n=405) pfsp=0.988
    [us] v217_sc_scripted: WR_ussr=0.47(n=195) WR_us=0.59(n=155) pfsp=0.970
    [us] v232_sc_scripted: WR_ussr=0.50(n=280) WR_us=0.53(n=320) pfsp=0.997
  [diag] inf dtype=torch.float32 shape=torch.Size([2048, 172]) nan=0 inf_vals=0 range=[0.00,30.00]
  [diag] scalar dtype=torch.float32 nan=0 range=[-1.050,1.000]
  [diag] card_logits nan=0 range=[-16.04,16.32]
  [diag] values nan=0 range=[-0.9294,0.9358]
[iter   5/30] steps= 5024 rollout_wr=0.575 (ussr=0.530 us=0.620) pl=-0.0160 vl=0.2863 ent=3.782 clip=0.103 kl=0.0030 t=15.3s (rollout=13.2s update=2.0s)
  [league] self: self | ussr_pool: ['iter_0001', 'iter_0001'] | us_pool: ['iter_0001', 'v57_scripted']
  [pfsp]
    [ussr] iter_0001: WR_ussr=0.56(n=80) WR_us=0.47(n=120) pfsp=0.984
    [us] iter_0001: WR_ussr=0.56(n=80) WR_us=0.47(n=120) pfsp=0.996
    [us] v57_scripted: WR_ussr=0.85(n=89) WR_us=0.97(n=60) pfsp=0.129
  [diag] inf dtype=torch.float32 shape=torch.Size([2048, 172]) nan=0 inf_vals=0 range=[0.00,27.00]
  [diag] scalar dtype=torch.float32 nan=0 range=[-1.200,1.000]
  [diag] card_logits nan=0 range=[-15.61,16.58]
  [diag] values nan=0 range=[-0.9108,0.9371]
[iter   6/30] steps= 4483 rollout_wr=0.640 (ussr=0.510 us=0.770) pl=-0.0202 vl=0.2731 ent=3.747 clip=0.095 kl=0.0026 t=13.5s (rollout=11.6s update=2.0s)
  [league] self: self | ussr_pool: ['v22_scripted', 'v48_scripted'] | us_pool: ['iter_0001', 'iter_0001']
  [pfsp]
    [ussr] v22_scripted: WR_ussr=0.88(n=138) WR_us=?(n=0) pfsp=0.410
    [ussr] v48_scripted: WR_ussr=0.88(n=90) WR_us=0.96(n=78) pfsp=0.429
    [us] iter_0001: WR_ussr=0.54(n=160) WR_us=0.52(n=160) pfsp=0.999
  [diag] inf dtype=torch.float32 shape=torch.Size([2048, 172]) nan=0 inf_vals=0 range=[0.00,27.00]
  [diag] scalar dtype=torch.float32 nan=0 range=[-0.950,1.000]
  [diag] card_logits nan=0 range=[-15.88,15.62]
  [diag] values nan=0 range=[-0.9526,0.9249]
[iter   7/30] steps= 3533 rollout_wr=0.715 (ussr=0.810 us=0.620) pl=-0.0119 vl=0.3052 ent=3.805 clip=0.075 kl=0.0022 t=11.0s (rollout=9.4s update=1.6s)
  [league] self: self | ussr_pool: ['iter_0001', 'iter_0001'] | us_pool: ['heuristic', 'v48_scripted']
  [pfsp]
    [ussr] iter_0001: WR_ussr=0.54(n=160) WR_us=0.53(n=240) pfsp=0.992
    [us] heuristic: WR_ussr=0.57(n=275) WR_us=0.38(n=170) pfsp=0.945
    [us] v48_scripted: WR_ussr=0.87(n=130) WR_us=0.96(n=78) pfsp=0.148
  [diag] inf dtype=torch.float32 shape=torch.Size([2048, 172]) nan=0 inf_vals=0 range=[0.00,39.00]
  [diag] scalar dtype=torch.float32 nan=0 range=[-0.950,1.000]
  [diag] card_logits nan=0 range=[-15.51,16.67]
  [diag] values nan=0 range=[-0.9404,0.9146]
[iter   8/30] steps= 4883 rollout_wr=0.565 (ussr=0.400 us=0.730) pl=-0.0139 vl=0.2588 ent=3.849 clip=0.133 kl=0.0043 t=15.0s (rollout=13.0s update=2.0s)
  [league] self: self | ussr_pool: ['heuristic', 'iter_0001'] | us_pool: ['heuristic', 'v217_sc_scripted']
  [pfsp]
    [ussr] heuristic: WR_ussr=0.57(n=275) WR_us=0.41(n=210) pfsp=0.982
    [ussr] iter_0001: WR_ussr=0.51(n=240) WR_us=0.53(n=240) pfsp=1.000
    [us] heuristic: WR_ussr=0.57(n=275) WR_us=0.41(n=210) pfsp=0.967
    [us] v217_sc_scripted: WR_ussr=0.47(n=195) WR_us=0.59(n=195) pfsp=0.968
  [diag] inf dtype=torch.float32 shape=torch.Size([2048, 172]) nan=0 inf_vals=0 range=[0.00,47.00]
  [diag] scalar dtype=torch.float32 nan=0 range=[-1.150,1.150]
  [diag] card_logits nan=0 range=[-15.73,15.56]
  [diag] values nan=0 range=[-0.9391,0.9447]
[iter   9/30] steps= 5252 rollout_wr=0.460 (ussr=0.390 us=0.530) pl=-0.0102 vl=0.2390 ent=3.823 clip=0.097 kl=0.0027 t=17.0s (rollout=14.9s update=2.1s)
  Saved to league pool: data/checkpoints/ppo_v264_sc_league/iter_0010.pt
  [league] self: self | ussr_pool: ['iter_0001', 'v228_sc_scripted'] | us_pool: ['v232_sc_scripted', 'heuristic']
  [pfsp]
    [ussr] iter_0001: WR_ussr=0.50(n=280) WR_us=0.53(n=240) pfsp=1.000
    [ussr] v228_sc_scripted: WR_ussr=0.45(n=325) WR_us=0.49(n=405) pfsp=0.988
    [us] v232_sc_scripted: WR_ussr=0.50(n=280) WR_us=0.54(n=360) pfsp=0.994
    [us] heuristic: WR_ussr=0.54(n=315) WR_us=0.41(n=250) pfsp=0.966
  [diag] inf dtype=torch.float32 shape=torch.Size([2048, 172]) nan=0 inf_vals=0 range=[0.00,38.00]
  [diag] scalar dtype=torch.float32 nan=0 range=[-1.050,1.150]
  [diag] card_logits nan=0 range=[-15.30,15.30]
  [diag] values nan=0 range=[-0.9664,0.9582]
[iter  10/30] steps= 4968 rollout_wr=0.510 (ussr=0.480 us=0.540) pl=-0.0133 vl=0.2866 ent=3.758 clip=0.082 kl=0.0025 t=16.3s (rollout=14.2s update=2.1s)
  [confirm] launched incremental Elo check for iter 10
  [panel eval] launched pid=1371340 iter=10 panel=['v209_sc', 'v217_sc', 'v232_sc', 'v228_sc', 'v227_sc']
  [league] self: self | ussr_pool: ['v217_sc_scripted', 'heuristic'] | us_pool: ['v232_sc_scripted', 'iter_0001']
  [pfsp]
    [ussr] v217_sc_scripted: WR_ussr=0.47(n=195) WR_us=0.60(n=235) pfsp=0.997
    [ussr] heuristic: WR_ussr=0.54(n=315) WR_us=0.41(n=290) pfsp=0.993
    [us] v232_sc_scripted: WR_ussr=0.50(n=280) WR_us=0.55(n=400) pfsp=0.991
    [us] iter_0001: WR_ussr=0.49(n=320) WR_us=0.53(n=240) pfsp=0.996
  [diag] inf dtype=torch.float32 shape=torch.Size([2048, 172]) nan=0 inf_vals=0 range=[0.00,32.00]
  [diag] scalar dtype=torch.float32 nan=0 range=[-1.000,1.000]
  [diag] card_logits nan=0 range=[-16.50,14.86]
  [diag] values nan=0 range=[-0.9669,0.9610]
[iter  11/30] steps= 4600 rollout_wr=0.540 (ussr=0.530 us=0.550) pl=-0.0171 vl=0.2794 ent=3.803 clip=0.131 kl=0.0038 t=17.3s (rollout=15.3s update=1.9s)
  [league] self: self | ussr_pool: ['iter_0010', 'heuristic'] | us_pool: ['v228_sc_scripted', 'v217_sc_scripted']
  [pfsp]
    [ussr] iter_0010: WR_ussr=?(n=0) WR_us=?(n=0) pfsp=1.000
    [ussr] heuristic: WR_ussr=0.54(n=355) WR_us=0.41(n=290) pfsp=0.993
    [us] v228_sc_scripted: WR_ussr=0.45(n=365) WR_us=0.49(n=405) pfsp=1.000
    [us] v217_sc_scripted: WR_ussr=0.47(n=235) WR_us=0.60(n=235) pfsp=0.960
  [diag] inf dtype=torch.float32 shape=torch.Size([2048, 172]) nan=0 inf_vals=0 range=[0.00,40.00]
  [diag] scalar dtype=torch.float32 nan=0 range=[-0.900,1.000]
  [diag] card_logits nan=0 range=[-15.73,14.55]
  [diag] values nan=0 range=[-0.9681,0.9393]
[iter  12/30] steps= 5105 rollout_wr=0.525 (ussr=0.540 us=0.510) pl=-0.0172 vl=0.2727 ent=3.772 clip=0.100 kl=0.0028 t=18.2s (rollout=16.0s update=2.2s)
  [panel eval iter 10] avg=0.550 elapsed=37s: v209_sc=0.583 | v217_sc=0.483 | v232_sc=0.583 | v228_sc=0.567 | v227_sc=0.533
  [panel eval] NEW HIGH-WATER MARK iter=10 avg_wr=0.5500 → ppo_running_best.pt (provenance: ppo_iter0010.pt)
  [league] self: self | ussr_pool: ['iter_0001', 'iter_0001'] | us_pool: ['heuristic', 'iter_0001']
  [pfsp]
    [ussr] iter_0001: WR_ussr=0.49(n=320) WR_us=0.53(n=280) pfsp=1.000
    [us] heuristic: WR_ussr=0.55(n=395) WR_us=0.41(n=290) pfsp=0.965
    [us] iter_0001: WR_ussr=0.49(n=320) WR_us=0.53(n=280) pfsp=0.996
wandb: WARNING Tried to log to step 10 that is less than the current step 11. Steps must be monotonically increasing, so this data will be ignored. See https://wandb.me/define-metric to log data out of order.
  [diag] inf dtype=torch.float32 shape=torch.Size([2048, 172]) nan=0 inf_vals=0 range=[0.00,32.00]
  [diag] scalar dtype=torch.float32 nan=0 range=[-1.100,1.000]
  [diag] card_logits nan=0 range=[-15.14,14.97]
  [diag] values nan=0 range=[-0.9614,0.9045]
[iter  13/30] steps= 4990 rollout_wr=0.480 (ussr=0.420 us=0.540) pl=-0.0152 vl=0.2657 ent=3.706 clip=0.122 kl=0.0035 t=16.7s (rollout=14.6s update=2.0s)
  [league] self: self | ussr_pool: ['v48_scripted', 'iter_0001'] | us_pool: ['iter_0010', 'v217_sc_scripted']
  [pfsp]
    [ussr] v48_scripted: WR_ussr=0.87(n=130) WR_us=0.97(n=118) pfsp=0.455
    [ussr] iter_0001: WR_ussr=0.49(n=400) WR_us=0.55(n=320) pfsp=0.999
    [us] iter_0010: WR_ussr=0.42(n=40) WR_us=?(n=0) pfsp=1.000
    [us] v217_sc_scripted: WR_ussr=0.47(n=235) WR_us=0.59(n=275) pfsp=0.968
  [diag] inf dtype=torch.float32 shape=torch.Size([2048, 172]) nan=0 inf_vals=0 range=[0.00,28.00]
  [diag] scalar dtype=torch.float32 nan=0 range=[-0.900,1.000]
  [diag] card_logits nan=0 range=[-15.80,15.09]
  [diag] values nan=0 range=[-0.9547,0.8954]
[iter  14/30] steps= 4253 rollout_wr=0.580 (ussr=0.570 us=0.590) pl=0.0009 vl=0.2919 ent=3.687 clip=0.096 kl=0.0028 t=14.5s (rollout=12.7s update=1.8s)
  [league] self: self | ussr_pool: ['v22_scripted', 'heuristic'] | us_pool: ['v232_sc_scripted', 'iter_0001']
  [pfsp]
    [ussr] v22_scripted: WR_ussr=0.89(n=178) WR_us=?(n=0) pfsp=0.399
    [ussr] heuristic: WR_ussr=0.55(n=395) WR_us=0.41(n=330) pfsp=0.988
    [us] v232_sc_scripted: WR_ussr=0.50(n=280) WR_us=0.54(n=440) pfsp=0.993
    [us] iter_0001: WR_ussr=0.49(n=440) WR_us=0.55(n=320) pfsp=0.990
  [diag] inf dtype=torch.float32 shape=torch.Size([2048, 172]) nan=0 inf_vals=0 range=[0.00,48.00]
  [diag] scalar dtype=torch.float32 nan=0 range=[-0.950,1.000]
  [diag] card_logits nan=0 range=[-16.41,16.11]
  [diag] values nan=0 range=[-0.9717,0.8736]
[iter  15/30] steps= 4155 rollout_wr=0.660 (ussr=0.730 us=0.590) pl=-0.0806 vl=0.3222 ent=3.736 clip=0.128 kl=0.0038 t=15.3s (rollout=13.5s update=1.8s)
  [league] self: self | ussr_pool: ['v232_sc_scripted', 'v48_scripted'] | us_pool: ['v44_scripted', 'iter_0010']
  [pfsp]
    [ussr] v232_sc_scripted: WR_ussr=0.50(n=280) WR_us=0.55(n=480) pfsp=1.000
    [ussr] v48_scripted: WR_ussr=0.84(n=170) WR_us=0.97(n=118) pfsp=0.550
    [us] v44_scripted: WR_ussr=?(n=0) WR_us=0.96(n=78) pfsp=0.148
    [us] iter_0010: WR_ussr=0.42(n=40) WR_us=0.62(n=40) pfsp=0.938
  [diag] inf dtype=torch.float32 shape=torch.Size([2048, 172]) nan=0 inf_vals=0 range=[0.00,29.00]
  [diag] scalar dtype=torch.float32 nan=0 range=[-0.950,1.000]
  [diag] card_logits nan=0 range=[-15.61,16.17]
  [diag] values nan=0 range=[-0.9544,0.8967]
[iter  16/30] steps= 3805 rollout_wr=0.740 (ussr=0.710 us=0.770) pl=-0.0112 vl=0.2774 ent=3.701 clip=0.068 kl=0.0020 t=12.9s (rollout=11.3s update=1.6s)
  [league] self: self | ussr_pool: ['heuristic', 'iter_0010'] | us_pool: ['v217_sc_scripted', 'v217_sc_scripted']
  [pfsp]
    [ussr] heuristic: WR_ussr=0.57(n=435) WR_us=0.41(n=330) pfsp=0.979
    [ussr] iter_0010: WR_ussr=0.42(n=40) WR_us=0.62(n=80) pfsp=0.977
    [us] v217_sc_scripted: WR_ussr=0.47(n=235) WR_us=0.59(n=315) pfsp=0.970
  [diag] inf dtype=torch.float32 shape=torch.Size([2048, 172]) nan=0 inf_vals=0 range=[0.00,37.00]
  [diag] scalar dtype=torch.float32 nan=0 range=[-1.000,1.000]
  [diag] card_logits nan=0 range=[-15.75,14.06]
  [diag] values nan=0 range=[-0.9385,0.9387]
[iter  17/30] steps= 4616 rollout_wr=0.565 (ussr=0.480 us=0.650) pl=-0.0152 vl=0.2900 ent=3.704 clip=0.128 kl=0.0034 t=16.0s (rollout=13.9s update=2.1s)
  [league] self: self | ussr_pool: ['iter_0001', 'iter_0010'] | us_pool: ['iter_0010', 'v232_sc_scripted']
  [pfsp]
    [ussr] iter_0001: WR_ussr=0.49(n=440) WR_us=0.56(n=360) pfsp=0.999
    [ussr] iter_0010: WR_ussr=0.45(n=80) WR_us=0.62(n=80) pfsp=0.990
    [us] iter_0010: WR_ussr=0.45(n=80) WR_us=0.62(n=80) pfsp=0.938
    [us] v232_sc_scripted: WR_ussr=0.50(n=320) WR_us=0.55(n=480) pfsp=0.991
  [diag] inf dtype=torch.float32 shape=torch.Size([2048, 172]) nan=0 inf_vals=0 range=[0.00,27.00]
  [diag] scalar dtype=torch.float32 nan=0 range=[-1.050,1.200]
  [diag] card_logits nan=0 range=[-15.33,13.93]
  [diag] values nan=0 range=[-0.9440,0.9690]
[iter  18/30] steps= 4927 rollout_wr=0.575 (ussr=0.480 us=0.670) pl=-0.0126 vl=0.2639 ent=3.759 clip=0.115 kl=0.0032 t=18.0s (rollout=15.8s update=2.2s)
  [league] self: self | ussr_pool: ['v48_scripted', 'v48_scripted'] | us_pool: ['v228_sc_scripted', 'v228_sc_scripted']
  [pfsp]
    [ussr] v48_scripted: WR_ussr=0.86(n=210) WR_us=0.97(n=118) pfsp=0.490
    [us] v228_sc_scripted: WR_ussr=0.45(n=365) WR_us=0.49(n=445) pfsp=1.000
  [diag] inf dtype=torch.float32 shape=torch.Size([2048, 172]) nan=0 inf_vals=0 range=[0.00,32.00]
  [diag] scalar dtype=torch.float32 nan=0 range=[-0.950,1.000]
  [diag] card_logits nan=0 range=[-15.86,13.47]
  [diag] values nan=0 range=[-0.9381,0.9593]
[iter  19/30] steps= 3859 rollout_wr=0.655 (ussr=0.790 us=0.520) pl=-0.0112 vl=0.3111 ent=3.743 clip=0.096 kl=0.0032 t=13.2s (rollout=11.6s update=1.6s)
  Saved to league pool: data/checkpoints/ppo_v264_sc_league/iter_0020.pt
  [league] self: self | ussr_pool: ['v232_sc_scripted', 'iter_0001'] | us_pool: ['v232_sc_scripted', 'iter_0001']
  [pfsp]
    [ussr] v232_sc_scripted: WR_ussr=0.50(n=320) WR_us=0.56(n=520) pfsp=1.000
    [ussr] iter_0001: WR_ussr=0.49(n=480) WR_us=0.56(n=360) pfsp=0.999
    [us] v232_sc_scripted: WR_ussr=0.50(n=320) WR_us=0.56(n=520) pfsp=0.985
    [us] iter_0001: WR_ussr=0.49(n=480) WR_us=0.56(n=360) pfsp=0.985
  [diag] inf dtype=torch.float32 shape=torch.Size([2048, 172]) nan=0 inf_vals=0 range=[0.00,32.00]
  [diag] scalar dtype=torch.float32 nan=0 range=[-1.150,1.200]
  [diag] card_logits nan=0 range=[-15.79,16.09]
  [diag] values nan=0 range=[-0.9516,0.9117]
[iter  20/30] steps= 4626 rollout_wr=0.590 (ussr=0.520 us=0.660) pl=-0.0199 vl=0.2802 ent=3.720 clip=0.134 kl=0.0039 t=16.4s (rollout=14.5s update=2.0s)
  [jsd] iter=20 prev_iter=10 card_jsd=0.0085 top1=0.907 val_mae=0.1249
  [confirm] launched incremental Elo check for iter 20
  [panel eval] launched pid=1372377 iter=20 panel=['v209_sc', 'v217_sc', 'v232_sc', 'v228_sc', 'v227_sc']
  [league] self: self | ussr_pool: ['v22_scripted', 'iter_0010'] | us_pool: ['v217_sc_scripted', 'heuristic']
  [pfsp]
    [ussr] v22_scripted: WR_ussr=0.89(n=218) WR_us=?(n=0) pfsp=0.392
    [ussr] iter_0010: WR_ussr=0.46(n=120) WR_us=0.62(n=120) pfsp=0.993
    [us] v217_sc_scripted: WR_ussr=0.47(n=235) WR_us=0.60(n=395) pfsp=0.958
    [us] heuristic: WR_ussr=0.56(n=475) WR_us=0.41(n=330) pfsp=0.967
  [diag] inf dtype=torch.float32 shape=torch.Size([2048, 172]) nan=0 inf_vals=0 range=[0.00,31.00]
  [diag] scalar dtype=torch.float32 nan=0 range=[-1.000,1.200]
  [diag] card_logits nan=0 range=[-14.79,15.01]
  [diag] values nan=0 range=[-0.9516,0.9236]
[iter  21/30] steps= 4666 rollout_wr=0.555 (ussr=0.600 us=0.510) pl=-0.0067 vl=0.2679 ent=3.729 clip=0.104 kl=0.0030 t=18.4s (rollout=16.3s update=2.1s)
  [league] self: self | ussr_pool: ['v45_scripted', 'heuristic'] | us_pool: ['v217_sc_scripted', 'iter_0010']
  [pfsp]
    [ussr] v45_scripted: WR_ussr=0.85(n=156) WR_us=?(n=0) pfsp=0.503
    [ussr] heuristic: WR_ussr=0.56(n=475) WR_us=0.41(n=370) pfsp=0.984
    [us] v217_sc_scripted: WR_ussr=0.47(n=235) WR_us=0.60(n=435) pfsp=0.962
    [us] iter_0010: WR_ussr=0.44(n=160) WR_us=0.62(n=120) pfsp=0.946
  [diag] inf dtype=torch.float32 shape=torch.Size([2048, 172]) nan=0 inf_vals=0 range=[0.00,41.00]
  [diag] scalar dtype=torch.float32 nan=0 range=[-1.100,1.000]
  [diag] card_logits nan=0 range=[-15.57,14.54]
  [diag] values nan=0 range=[-0.9485,0.9413]
[iter  22/30] steps= 4368 rollout_wr=0.605 (ussr=0.640 us=0.570) pl=-0.0379 vl=0.2905 ent=3.676 clip=0.124 kl=0.0036 t=17.0s (rollout=15.1s update=1.9s)
  [panel eval iter 20] avg=0.510 elapsed=37s: v209_sc=0.600 | v217_sc=0.567 | v232_sc=0.500 | v228_sc=0.400 | v227_sc=0.483
  [league] self: self | ussr_pool: ['heuristic', 'v55_scripted'] | us_pool: ['v232_sc_scripted', 'iter_0001']
  [pfsp]
    [ussr] heuristic: WR_ussr=0.57(n=515) WR_us=0.41(n=370) pfsp=0.981
    [ussr] v55_scripted: WR_ussr=0.90(n=78) WR_us=0.96(n=56) pfsp=0.368
    [us] v232_sc_scripted: WR_ussr=0.50(n=360) WR_us=0.57(n=560) pfsp=0.980
    [us] iter_0001: WR_ussr=0.49(n=520) WR_us=0.57(n=400) pfsp=0.982
wandb: WARNING Tried to log to step 20 that is less than the current step 21. Steps must be monotonically increasing, so this data will be ignored. See https://wandb.me/define-metric to log data out of order.
  [diag] inf dtype=torch.float32 shape=torch.Size([2048, 172]) nan=0 inf_vals=0 range=[0.00,35.00]
  [diag] scalar dtype=torch.float32 nan=0 range=[-0.900,1.100]
  [diag] card_logits nan=0 range=[-15.08,14.21]
  [diag] values nan=0 range=[-0.9453,0.8991]
[iter  23/30] steps= 4010 rollout_wr=0.620 (ussr=0.720 us=0.520) pl=-0.0083 vl=0.2872 ent=3.745 clip=0.080 kl=0.0024 t=15.3s (rollout=13.5s update=1.8s)
  [league] self: self | ussr_pool: ['iter_0020', 'iter_0001'] | us_pool: ['v228_sc_scripted', 'v217_sc_scripted']
  [pfsp]
    [ussr] iter_0020: WR_ussr=?(n=0) WR_us=?(n=0) pfsp=1.000
    [ussr] iter_0001: WR_ussr=0.49(n=520) WR_us=0.56(n=440) pfsp=1.000
    [us] v228_sc_scripted: WR_ussr=0.45(n=365) WR_us=0.50(n=525) pfsp=1.000
    [us] v217_sc_scripted: WR_ussr=0.47(n=235) WR_us=0.60(n=475) pfsp=0.963
  [diag] inf dtype=torch.float32 shape=torch.Size([2048, 172]) nan=0 inf_vals=0 range=[0.00,25.00]
  [diag] scalar dtype=torch.float32 nan=0 range=[-0.950,1.100]
  [diag] card_logits nan=0 range=[-16.06,14.94]
  [diag] values nan=0 range=[-0.9593,0.9215]
[iter  24/30] steps= 4710 rollout_wr=0.575 (ussr=0.530 us=0.620) pl=-0.0078 vl=0.2944 ent=3.698 clip=0.124 kl=0.0037 t=18.2s (rollout=16.1s update=2.1s)
  [league] self: self | ussr_pool: ['v228_sc_scripted', 'iter_0020'] | us_pool: ['v57_scripted', 'v228_sc_scripted']
  [pfsp]
    [ussr] v228_sc_scripted: WR_ussr=0.45(n=365) WR_us=0.51(n=565) pfsp=0.990
    [ussr] iter_0020: WR_ussr=0.50(n=40) WR_us=?(n=0) pfsp=1.000
    [us] v57_scripted: WR_ussr=0.85(n=89) WR_us=0.98(n=100) pfsp=0.078
    [us] v228_sc_scripted: WR_ussr=0.45(n=365) WR_us=0.51(n=565) pfsp=1.000
  [diag] inf dtype=torch.float32 shape=torch.Size([2048, 172]) nan=0 inf_vals=0 range=[0.00,29.00]
  [diag] scalar dtype=torch.float32 nan=0 range=[-1.000,1.050]
  [diag] card_logits nan=0 range=[-14.90,15.52]
  [diag] values nan=0 range=[-0.9313,0.9021]
[iter  25/30] steps= 4258 rollout_wr=0.615 (ussr=0.570 us=0.660) pl=-0.0255 vl=0.2964 ent=3.705 clip=0.112 kl=0.0032 t=15.7s (rollout=13.9s update=1.8s)
  [league] self: self | ussr_pool: ['iter_0001', 'iter_0020'] | us_pool: ['v44_scripted', 'iter_0010']
  [pfsp]
    [ussr] iter_0001: WR_ussr=0.50(n=560) WR_us=0.56(n=440) pfsp=1.000
    [ussr] iter_0020: WR_ussr=0.53(n=80) WR_us=?(n=0) pfsp=0.997
    [us] v44_scripted: WR_ussr=?(n=0) WR_us=0.97(n=118) pfsp=0.131
    [us] iter_0010: WR_ussr=0.44(n=160) WR_us=0.61(n=160) pfsp=0.949
  [diag] inf dtype=torch.float32 shape=torch.Size([2048, 172]) nan=0 inf_vals=0 range=[0.00,31.00]
  [diag] scalar dtype=torch.float32 nan=0 range=[-1.250,1.000]
  [diag] card_logits nan=0 range=[-15.24,16.23]
  [diag] values nan=0 range=[-0.9356,0.9100]
[iter  26/30] steps= 4235 rollout_wr=0.600 (ussr=0.440 us=0.760) pl=-0.0069 vl=0.2593 ent=3.781 clip=0.114 kl=0.0032 t=15.5s (rollout=13.6s update=1.9s)
  [league] self: self | ussr_pool: ['iter_0001', 'v228_sc_scripted'] | us_pool: ['iter_0010', 'iter_0020']
  [pfsp]
    [ussr] iter_0001: WR_ussr=0.50(n=600) WR_us=0.56(n=440) pfsp=1.000
    [ussr] v228_sc_scripted: WR_ussr=0.46(n=405) WR_us=0.50(n=605) pfsp=0.993
    [us] iter_0010: WR_ussr=0.44(n=160) WR_us=0.60(n=200) pfsp=0.956
    [us] iter_0020: WR_ussr=0.47(n=120) WR_us=?(n=0) pfsp=1.000
  [diag] inf dtype=torch.float32 shape=torch.Size([2048, 172]) nan=0 inf_vals=0 range=[0.00,33.00]
  [diag] scalar dtype=torch.float32 nan=0 range=[-0.950,1.150]
  [diag] card_logits nan=0 range=[-16.30,14.65]
  [diag] values nan=0 range=[-0.9449,0.8981]
[iter  27/30] steps= 4712 rollout_wr=0.520 (ussr=0.540 us=0.500) pl=-0.0187 vl=0.2638 ent=3.699 clip=0.151 kl=0.0046 t=17.2s (rollout=15.1s update=2.1s)
  [league] self: self | ussr_pool: ['iter_0001', 'heuristic'] | us_pool: ['iter_0020', 'iter_0020']
  [pfsp]
    [ussr] iter_0001: WR_ussr=0.50(n=640) WR_us=0.56(n=440) pfsp=1.000
    [ussr] heuristic: WR_ussr=0.58(n=555) WR_us=0.41(n=370) pfsp=0.977
    [us] iter_0020: WR_ussr=0.47(n=120) WR_us=0.57(n=40) pfsp=0.978
  [diag] inf dtype=torch.float32 shape=torch.Size([2048, 172]) nan=0 inf_vals=0 range=[0.00,43.00]
  [diag] scalar dtype=torch.float32 nan=0 range=[-1.150,1.250]
  [diag] card_logits nan=0 range=[-15.86,14.57]
  [diag] values nan=0 range=[-0.9444,0.8834]
[iter  28/30] steps= 4833 rollout_wr=0.535 (ussr=0.500 us=0.570) pl=-0.0156 vl=0.2698 ent=3.727 clip=0.105 kl=0.0030 t=18.3s (rollout=16.3s update=2.0s)
  [league] self: self | ussr_pool: ['iter_0010', 'iter_0020'] | us_pool: ['v217_sc_scripted', 'iter_0010']
  [pfsp]
    [ussr] iter_0010: WR_ussr=0.44(n=160) WR_us=0.58(n=240) pfsp=0.987
    [ussr] iter_0020: WR_ussr=0.47(n=120) WR_us=0.56(n=120) pfsp=0.996
    [us] v217_sc_scripted: WR_ussr=0.47(n=235) WR_us=0.60(n=515) pfsp=0.958
    [us] iter_0010: WR_ussr=0.44(n=160) WR_us=0.58(n=240) pfsp=0.972
  [diag] inf dtype=torch.float32 shape=torch.Size([2048, 172]) nan=0 inf_vals=0 range=[0.00,34.00]
  [diag] scalar dtype=torch.float32 nan=0 range=[-1.100,1.000]
  [diag] card_logits nan=0 range=[-15.45,16.35]
  [diag] values nan=0 range=[-0.9606,0.9054]
[iter  29/30] steps= 4796 rollout_wr=0.525 (ussr=0.430 us=0.620) pl=-0.0179 vl=0.2627 ent=3.792 clip=0.109 kl=0.0031 t=18.5s (rollout=16.4s update=2.1s)
  Saved to league pool: data/checkpoints/ppo_v264_sc_league/iter_0030.pt
  [league] self: self | ussr_pool: ['iter_0020', 'v48_scripted'] | us_pool: ['v217_sc_scripted', 'iter_0020']
  [pfsp]
    [ussr] iter_0020: WR_ussr=0.47(n=160) WR_us=0.56(n=120) pfsp=0.996
    [ussr] v48_scripted: WR_ussr=0.86(n=290) WR_us=0.97(n=118) pfsp=0.476
    [us] v217_sc_scripted: WR_ussr=0.47(n=235) WR_us=0.59(n=555) pfsp=0.964
    [us] iter_0020: WR_ussr=0.47(n=160) WR_us=0.56(n=120) pfsp=0.986
  [diag] inf dtype=torch.float32 shape=torch.Size([2048, 172]) nan=0 inf_vals=0 range=[0.00,31.00]
  [diag] scalar dtype=torch.float32 nan=0 range=[-1.150,1.000]
  [diag] card_logits nan=0 range=[-15.80,16.07]
  [diag] values nan=0 range=[-0.9619,0.8480]
[iter  30/30] steps= 4019 rollout_wr=0.640 (ussr=0.720 us=0.560) pl=-0.0116 vl=0.3273 ent=3.682 clip=0.086 kl=0.0028 t=15.5s (rollout=13.8s update=1.8s)
  [jsd] iter=30 prev_iter=20 card_jsd=0.0083 top1=0.923 val_mae=0.0787
  [confirm] launched incremental Elo check for iter 30
  [panel eval] launched pid=1373109 iter=30 panel=['v209_sc', 'v217_sc', 'v232_sc', 'v228_sc', 'v227_sc']
wandb: updating run metadata; uploading artifact run-296b3dd7-chartsrollout_wr_table-04YQRQ
wandb: uploading artifact run-296b3dd7-chartsrollout_wr_table-04YQRQ
wandb: uploading output.log
wandb: uploading history steps 28-29, summary, console lines 336-346
wandb: 
wandb: Run history:
wandb:               approx_kl █▃▁▃▃▂▁▅▂▂▄▂▄▃▄▁▄▃▃▄▃▄▂▄▃▃▆▃▃▃
wandb:           clip_fraction █▃▁▃▃▂▁▅▃▂▅▃▄▃▄▁▄▄▃▅▃▄▂▄▃▄▆▃▃▂
wandb: core_scalar_weight_norm ▄▄▄▅▇███▇▅▄▃▁▁▃▄▄▃▃▃▄▅▅▄▃▃▄▃▃▃
wandb:                ent_coef ███▇▇▇▇▆▆▆▆▅▅▅▅▄▄▄▄▃▃▃▃▂▂▂▂▁▁▁
wandb:                 entropy ▅▆▅█▅▄▆█▇▄▆▅▂▁▃▂▂▄▄▃▃▁▄▂▂▅▂▃▆▁
wandb:             iter_time_s ▆▄▁▄▅▃▁▅▇▆▇█▆▄▅▃▆█▃▆█▇▅█▅▅▇██▅
wandb:  jsd/card_early_vs_prev █▁
wandb:   jsd/card_late_vs_prev ▁█
wandb:    jsd/card_mid_vs_prev ▁█
wandb:        jsd/card_vs_prev █▁
wandb:                    +191 ...
wandb: 
wandb: Run summary:
wandb:               approx_kl 0.00283
wandb:           clip_fraction 0.08629
wandb: core_scalar_weight_norm 4.04737
wandb:                ent_coef 0.0093
wandb:                 entropy 3.68188
wandb:             iter_time_s 15.54373
wandb:  jsd/card_early_vs_prev 0.00897
wandb:   jsd/card_late_vs_prev 0.00682
wandb:    jsd/card_mid_vs_prev 0.00916
wandb:        jsd/card_vs_prev 0.00832
wandb:                    +191 ...
wandb: 
wandb: 🚀 View run ppo_v264_sc at: https://wandb.ai/korduban-ai/twilight-struggle-ai/runs/296b3dd7
wandb: ⭐️ View project at: https://wandb.ai/korduban-ai/twilight-struggle-ai
wandb: Synced 5 W&B file(s), 30 media file(s), 60 artifact file(s) and 0 other file(s)
wandb: Find logs at: ./wandb/run-20260414_103823-296b3dd7/logs

Training complete in 8.1 minutes
Checkpoints in: data/checkpoints/ppo_v264_sc_league
[ppo_train_dynamic] finished at 2026-04-14T17:46:45Z
