[ppo_train_dynamic] starting at 2026-04-14T03:13:23Z
wandb: [wandb.login()] Loaded credentials for https://api.wandb.ai from WANDB_API_KEY.
wandb: Currently logged in as: dkorduban (korduban-ai) to https://api.wandb.ai. Use `wandb login --relogin` to force relogin
wandb: setting up run 09a368be
wandb: Tracking run with wandb version 0.25.1
wandb: Run data is saved locally in /home/dkord/code/twilight-struggle-ai/wandb/run-20260413_201325-09a368be
wandb: Run `wandb offline` to turn off syncing.
wandb: Syncing run ppo_v188_sc
wandb: ⭐️ View project at https://wandb.ai/korduban-ai/twilight-struggle-ai
wandb: 🚀 View run at https://wandb.ai/korduban-ai/twilight-struggle-ai/runs/09a368be
Loading checkpoint: data/checkpoints/ppo_v187_sc_league/ppo_best.pt
[smoke test] Smoke test passed: 10 games completed
  --reset-optimizer: skipping optimizer state restore, starting fresh Adam.

Starting PPO training: 30 iterations × 200 games/iter, side=both
Device: cuda, lr=5e-05, clip=0.12, ent=0.01, vf=0.5
League training enabled (pool: data/checkpoints/ppo_v188_sc_league, save-every=10)
  Saved to league pool: data/checkpoints/ppo_v188_sc_league/iter_0001.pt
  [league] self: self | ussr_pool: ['iter_0001', 'v20_scripted'] | us_pool: ['iter_0001', 'v48_scripted']
  [pfsp]
    [ussr] iter_0001: WR_ussr=?(n=0) WR_us=?(n=0) pfsp=1.000
    [ussr] v20_scripted: WR_ussr=0.96(n=162) WR_us=0.94(n=108) pfsp=0.165
    [us] iter_0001: WR_ussr=?(n=0) WR_us=?(n=0) pfsp=1.000
    [us] v48_scripted: WR_ussr=0.96(n=167) WR_us=0.93(n=140) pfsp=0.265
[Glasnost] resolving SALT bonus with random ops placeholder
  [diag] inf dtype=torch.float32 shape=torch.Size([2048, 172]) nan=0 inf_vals=0 range=[0.00,47.00]
  [diag] scalar dtype=torch.float32 nan=0 range=[-1.100,1.050]
  [diag] card_logits nan=0 range=[-18.95,14.76]
  [diag] values nan=0 range=[-0.9481,0.9363]
[iter   1/30] steps= 8760 rollout_wr=0.715 (ussr=0.750 us=0.680) pl=-0.0348 vl=0.1362 ent=3.895 clip=0.309 kl=0.0126 t=14.7s (rollout=10.6s update=4.1s)
  [league] self: self | ussr_pool: ['v21_scripted', 'v45_scripted'] | us_pool: ['v57_scripted', 'heuristic']
  [pfsp]
    [ussr] v21_scripted: WR_ussr=0.97(n=142) WR_us=0.92(n=132) pfsp=0.110
    [ussr] v45_scripted: WR_ussr=0.94(n=120) WR_us=?(n=0) pfsp=0.220
    [us] v57_scripted: WR_ussr=0.95(n=139) WR_us=0.92(n=131) pfsp=0.308
    [us] heuristic: WR_ussr=0.26(n=140) WR_us=0.11(n=123) pfsp=0.403
  [diag] inf dtype=torch.float32 shape=torch.Size([2048, 172]) nan=0 inf_vals=0 range=[0.00,55.00]
  [diag] scalar dtype=torch.float32 nan=0 range=[-0.950,1.000]
  [diag] card_logits nan=0 range=[-19.69,13.31]
  [diag] values nan=0 range=[-0.9482,0.9001]
[iter   2/30] steps= 6212 rollout_wr=0.695 (ussr=0.830 us=0.560) pl=-0.0071 vl=0.1330 ent=4.107 clip=0.226 kl=0.0066 t=11.0s (rollout=8.4s update=2.6s)
  [league] self: self | ussr_pool: ['v57_scripted', 'v22_scripted'] | us_pool: ['iter_0001', 'v55_scripted']
  [pfsp]
    [ussr] v57_scripted: WR_ussr=0.95(n=139) WR_us=0.93(n=171) pfsp=0.191
    [ussr] v22_scripted: WR_ussr=0.94(n=144) WR_us=?(n=0) pfsp=0.210
    [us] iter_0001: WR_ussr=0.60(n=40) WR_us=0.47(n=40) pfsp=0.997
    [us] v55_scripted: WR_ussr=0.93(n=105) WR_us=0.94(n=200) pfsp=0.226
  [diag] inf dtype=torch.float32 shape=torch.Size([2048, 172]) nan=0 inf_vals=0 range=[0.00,55.00]
  [diag] scalar dtype=torch.float32 nan=0 range=[-0.950,1.000]
  [diag] card_logits nan=0 range=[-19.56,15.17]
  [diag] values nan=0 range=[-0.9003,0.9336]
[iter   3/30] steps= 6938 rollout_wr=0.755 (ussr=0.840 us=0.670) pl=-0.0233 vl=0.1539 ent=3.902 clip=0.266 kl=0.0104 t=10.7s (rollout=8.0s update=2.7s)
  [league] self: self | ussr_pool: ['heuristic', 'iter_0001'] | us_pool: ['heuristic', 'iter_0001']
  [pfsp]
    [ussr] heuristic: WR_ussr=0.26(n=140) WR_us=0.12(n=163) pfsp=0.764
    [ussr] iter_0001: WR_ussr=0.60(n=40) WR_us=0.44(n=80) pfsp=0.960
    [us] heuristic: WR_ussr=0.26(n=140) WR_us=0.12(n=163) pfsp=0.412
    [us] iter_0001: WR_ussr=0.60(n=40) WR_us=0.44(n=80) pfsp=0.984
  [diag] inf dtype=torch.float32 shape=torch.Size([2048, 172]) nan=0 inf_vals=0 range=[0.00,52.00]
  [diag] scalar dtype=torch.float32 nan=0 range=[-1.150,1.000]
  [diag] card_logits nan=0 range=[-18.27,15.27]
  [diag] values nan=0 range=[-0.9171,0.8935]
[iter   4/30] steps=11560 rollout_wr=0.370 (ussr=0.450 us=0.290) pl=-0.0272 vl=0.1126 ent=3.859 clip=0.287 kl=0.0097 t=18.3s (rollout=13.9s update=4.4s)
  [league] self: self | ussr_pool: ['v22_scripted', 'iter_0001'] | us_pool: ['iter_0001', 'iter_0001']
  [pfsp]
    [ussr] v22_scripted: WR_ussr=0.94(n=184) WR_us=?(n=0) pfsp=0.225
    [ussr] iter_0001: WR_ussr=0.66(n=80) WR_us=0.43(n=120) pfsp=0.894
    [us] iter_0001: WR_ussr=0.66(n=80) WR_us=0.43(n=120) pfsp=0.982
  [diag] inf dtype=torch.float32 shape=torch.Size([2048, 172]) nan=0 inf_vals=0 range=[0.00,58.00]
  [diag] scalar dtype=torch.float32 nan=0 range=[-0.950,1.000]
  [diag] card_logits nan=0 range=[-19.94,15.36]
  [diag] values nan=0 range=[-0.9084,0.9353]
[iter   5/30] steps=10453 rollout_wr=0.605 (ussr=0.740 us=0.470) pl=-0.0223 vl=0.1326 ent=3.826 clip=0.228 kl=0.0077 t=15.5s (rollout=11.3s update=4.2s)
  [league] self: self | ussr_pool: ['heuristic', 'iter_0001'] | us_pool: ['iter_0001', 'iter_0001']
  [pfsp]
    [ussr] heuristic: WR_ussr=0.24(n=180) WR_us=0.13(n=203) pfsp=0.727
    [ussr] iter_0001: WR_ussr=0.65(n=120) WR_us=0.45(n=200) pfsp=0.910
    [us] iter_0001: WR_ussr=0.65(n=120) WR_us=0.45(n=200) pfsp=0.990
  [diag] inf dtype=torch.float32 shape=torch.Size([2048, 172]) nan=0 inf_vals=0 range=[0.00,56.00]
  [diag] scalar dtype=torch.float32 nan=0 range=[-1.000,1.050]
  [diag] card_logits nan=0 range=[-19.83,15.70]
  [diag] values nan=0 range=[-0.9163,0.9118]
[iter   6/30] steps=12046 rollout_wr=0.470 (ussr=0.430 us=0.510) pl=-0.0247 vl=0.1213 ent=3.733 clip=0.254 kl=0.0081 t=18.7s (rollout=14.1s update=4.6s)
  [league] self: self | ussr_pool: ['iter_0001', 'v22_scripted'] | us_pool: ['v48_scripted', 'iter_0001']
  [pfsp]
    [ussr] iter_0001: WR_ussr=0.62(n=160) WR_us=0.48(n=280) pfsp=0.938
    [ussr] v22_scripted: WR_ussr=0.94(n=224) WR_us=?(n=0) pfsp=0.234
    [us] v48_scripted: WR_ussr=0.96(n=167) WR_us=0.93(n=180) pfsp=0.268
    [us] iter_0001: WR_ussr=0.62(n=160) WR_us=0.48(n=280) pfsp=0.998
  [diag] inf dtype=torch.float32 shape=torch.Size([2048, 172]) nan=0 inf_vals=0 range=[0.00,50.00]
  [diag] scalar dtype=torch.float32 nan=0 range=[-0.900,1.000]
  [diag] card_logits nan=0 range=[-19.75,14.90]
  [diag] values nan=0 range=[-0.8146,0.8999]
[iter   7/30] steps= 8690 rollout_wr=0.635 (ussr=0.690 us=0.580) pl=-0.0243 vl=0.1416 ent=3.841 clip=0.268 kl=0.0082 t=13.4s (rollout=10.0s update=3.4s)
  [league] self: self | ussr_pool: ['iter_0001', 'heuristic'] | us_pool: ['v48_scripted', 'iter_0001']
  [pfsp]
    [ussr] iter_0001: WR_ussr=0.60(n=200) WR_us=0.47(n=320) pfsp=0.960
    [ussr] heuristic: WR_ussr=0.24(n=220) WR_us=0.13(n=203) pfsp=0.731
    [us] v48_scripted: WR_ussr=0.96(n=167) WR_us=0.91(n=220) pfsp=0.316
    [us] iter_0001: WR_ussr=0.60(n=200) WR_us=0.47(n=320) pfsp=0.997
  [diag] inf dtype=torch.float32 shape=torch.Size([2048, 172]) nan=0 inf_vals=0 range=[0.00,45.00]
  [diag] scalar dtype=torch.float32 nan=0 range=[-1.000,1.000]
  [diag] card_logits nan=0 range=[-19.09,16.12]
  [diag] values nan=0 range=[-0.9459,0.8868]
[iter   8/30] steps=10245 rollout_wr=0.530 (ussr=0.420 us=0.640) pl=0.0275 vl=0.1157 ent=3.797 clip=0.299 kl=0.0157 t=16.5s (rollout=12.5s update=4.0s)
  [league] self: self | ussr_pool: ['iter_0001', 'v57_scripted'] | us_pool: ['v48_scripted', 'iter_0001']
  [pfsp]
    [ussr] iter_0001: WR_ussr=0.62(n=240) WR_us=0.47(n=360) pfsp=0.942
    [ussr] v57_scripted: WR_ussr=0.94(n=179) WR_us=0.93(n=171) pfsp=0.231
    [us] v48_scripted: WR_ussr=0.96(n=167) WR_us=0.92(n=260) pfsp=0.297
    [us] iter_0001: WR_ussr=0.62(n=240) WR_us=0.47(n=360) pfsp=0.997
  [diag] inf dtype=torch.float32 shape=torch.Size([2048, 172]) nan=0 inf_vals=0 range=[0.00,55.00]
  [diag] scalar dtype=torch.float32 nan=0 range=[-0.900,1.050]
  [diag] card_logits nan=0 range=[-19.97,14.81]
  [diag] values nan=0 range=[-0.9473,0.9013]
[iter   9/30] steps= 8673 rollout_wr=0.725 (ussr=0.780 us=0.670) pl=-0.0253 vl=0.1318 ent=3.884 clip=0.240 kl=0.0087 t=13.5s (rollout=10.1s update=3.4s)
  Saved to league pool: data/checkpoints/ppo_v188_sc_league/iter_0010.pt
  [league] self: self | ussr_pool: ['iter_0001', 'iter_0010'] | us_pool: ['v48_scripted', 'v55_scripted']
  [pfsp]
    [ussr] iter_0001: WR_ussr=0.62(n=280) WR_us=0.47(n=400) pfsp=0.944
    [ussr] iter_0010: WR_ussr=?(n=0) WR_us=?(n=0) pfsp=1.000
    [us] v48_scripted: WR_ussr=0.96(n=167) WR_us=0.93(n=300) pfsp=0.272
    [us] v55_scripted: WR_ussr=0.93(n=105) WR_us=0.95(n=240) pfsp=0.190
  [diag] inf dtype=torch.float32 shape=torch.Size([2048, 172]) nan=0 inf_vals=0 range=[0.00,52.00]
  [diag] scalar dtype=torch.float32 nan=0 range=[-0.900,1.000]
  [diag] card_logits nan=0 range=[-19.21,15.58]
  [diag] values nan=0 range=[-0.8535,0.9553]
[iter  10/30] steps= 9246 rollout_wr=0.695 (ussr=0.460 us=0.930) pl=-0.0247 vl=0.1096 ent=3.645 clip=0.293 kl=0.0116 t=14.6s (rollout=11.0s update=3.6s)
  [probe] iter=10 card_jsd=0.0003 top1=0.988 val_mae=0.1254
  [confirm] launched incremental Elo check for iter 10
  [panel eval] launched pid=1018888 iter=10 panel=['v55', 'v54', 'v44', 'v45', 'v48']
  [league] self: self | ussr_pool: ['heuristic', 'iter_0001'] | us_pool: ['heuristic', 'iter_0010']
  [pfsp]
    [ussr] heuristic: WR_ussr=0.22(n=260) WR_us=0.13(n=203) pfsp=0.685
    [ussr] iter_0001: WR_ussr=0.61(n=320) WR_us=0.47(n=400) pfsp=0.949
    [us] heuristic: WR_ussr=0.22(n=260) WR_us=0.13(n=203) pfsp=0.447
    [us] iter_0010: WR_ussr=0.45(n=40) WR_us=?(n=0) pfsp=1.000
  [diag] inf dtype=torch.float32 shape=torch.Size([2048, 172]) nan=0 inf_vals=0 range=[0.00,54.00]
  [diag] scalar dtype=torch.float32 nan=0 range=[-0.950,1.000]
  [diag] card_logits nan=0 range=[-19.09,15.34]
  [diag] values nan=0 range=[-0.9509,0.9136]
[iter  11/30] steps=12141 rollout_wr=0.360 (ussr=0.410 us=0.310) pl=-0.0260 vl=0.1060 ent=3.838 clip=0.270 kl=0.0104 t=20.3s (rollout=15.8s update=4.5s)
  [panel eval iter 10] avg=0.919 elapsed=21s: v55=0.900 | v54=0.917 | v44=0.917 | v45=0.917 | v48=0.950
  [panel eval] NEW HIGH-WATER MARK iter=10 avg_wr=0.9188 → ppo_running_best.pt (provenance: ppo_iter0010.pt)
  [league] self: self | ussr_pool: ['heuristic', 'iter_0010'] | us_pool: ['v57_scripted', 'v48_scripted']
  [pfsp]
    [ussr] heuristic: WR_ussr=0.21(n=300) WR_us=0.12(n=243) pfsp=0.671
    [ussr] iter_0010: WR_ussr=0.45(n=40) WR_us=0.47(n=40) pfsp=0.990
    [us] v57_scripted: WR_ussr=0.95(n=219) WR_us=0.93(n=171) pfsp=0.261
    [us] v48_scripted: WR_ussr=0.96(n=167) WR_us=0.93(n=340) pfsp=0.252
  [diag] inf dtype=torch.float32 shape=torch.Size([2048, 172]) nan=0 inf_vals=0 range=[0.00,43.00]
  [diag] scalar dtype=torch.float32 nan=0 range=[-1.050,1.000]
  [diag] card_logits nan=0 range=[-18.15,15.33]
  [diag] values nan=0 range=[-0.9652,0.9206]
[iter  12/30] steps= 8476 rollout_wr=0.665 (ussr=0.460 us=0.870) pl=-0.0241 vl=0.1308 ent=3.676 clip=0.219 kl=0.0080 t=14.4s (rollout=11.0s update=3.4s)
  [league] self: self | ussr_pool: ['iter_0010', 'v22_scripted'] | us_pool: ['v20_scripted', 'iter_0010']
  [pfsp]
    [ussr] iter_0010: WR_ussr=0.49(n=80) WR_us=0.47(n=40) pfsp=0.999
    [ussr] v22_scripted: WR_ussr=0.94(n=264) WR_us=?(n=0) pfsp=0.214
    [us] v20_scripted: WR_ussr=0.97(n=202) WR_us=0.94(n=108) pfsp=0.242
    [us] iter_0010: WR_ussr=0.49(n=80) WR_us=0.47(n=40) pfsp=0.997
  [diag] inf dtype=torch.float32 shape=torch.Size([2048, 172]) nan=0 inf_vals=0 range=[0.00,52.00]
  [diag] scalar dtype=torch.float32 nan=0 range=[-0.950,1.000]
  [diag] card_logits nan=0 range=[-20.12,15.25]
  [diag] values nan=0 range=[-0.8998,0.9091]
[iter  13/30] steps= 8351 rollout_wr=0.600 (ussr=0.640 us=0.560) pl=-0.0272 vl=0.1498 ent=3.663 clip=0.244 kl=0.0083 t=13.5s (rollout=10.1s update=3.4s)
  [league] self: self | ussr_pool: ['iter_0010', 'v21_scripted'] | us_pool: ['iter_0001', 'v44_scripted']
  [pfsp]
    [ussr] iter_0010: WR_ussr=0.47(n=120) WR_us=0.42(n=80) pfsp=0.997
    [ussr] v21_scripted: WR_ussr=0.97(n=182) WR_us=0.92(n=132) pfsp=0.128
    [us] iter_0001: WR_ussr=0.62(n=360) WR_us=0.47(n=400) pfsp=0.997
    [us] v44_scripted: WR_ussr=?(n=0) WR_us=0.91(n=136) pfsp=0.322
  [diag] inf dtype=torch.float32 shape=torch.Size([2048, 172]) nan=0 inf_vals=0 range=[0.00,47.00]
  [diag] scalar dtype=torch.float32 nan=0 range=[-0.900,1.000]
  [diag] card_logits nan=0 range=[-19.27,15.24]
  [diag] values nan=0 range=[-0.9461,0.9155]
[iter  14/30] steps= 8915 rollout_wr=0.665 (ussr=0.730 us=0.600) pl=-0.0255 vl=0.1334 ent=3.823 clip=0.234 kl=0.0084 t=14.1s (rollout=10.5s update=3.6s)
  [league] self: self | ussr_pool: ['iter_0001', 'iter_0010'] | us_pool: ['v44_scripted', 'v54_scripted']
  [pfsp]
    [ussr] iter_0001: WR_ussr=0.62(n=360) WR_us=0.47(n=440) pfsp=0.946
    [ussr] iter_0010: WR_ussr=0.49(n=160) WR_us=0.42(n=80) pfsp=1.000
    [us] v44_scripted: WR_ussr=?(n=0) WR_us=0.90(n=176) pfsp=0.367
    [us] v54_scripted: WR_ussr=?(n=0) WR_us=0.94(n=133) pfsp=0.226
  [diag] inf dtype=torch.float32 shape=torch.Size([2048, 172]) nan=0 inf_vals=0 range=[0.00,61.00]
  [diag] scalar dtype=torch.float32 nan=0 range=[-0.950,1.050]
  [diag] card_logits nan=0 range=[-20.81,15.31]
  [diag] values nan=0 range=[-0.9128,0.9347]
[iter  15/30] steps= 8876 rollout_wr=0.705 (ussr=0.550 us=0.860) pl=-0.0287 vl=0.1483 ent=3.732 clip=0.309 kl=0.0109 t=14.0s (rollout=10.4s update=3.6s)
  [league] self: self | ussr_pool: ['iter_0010', 'v57_scripted'] | us_pool: ['iter_0010', 'v54_scripted']
  [pfsp]
    [ussr] iter_0010: WR_ussr=0.50(n=200) WR_us=0.42(n=80) pfsp=1.000
    [ussr] v57_scripted: WR_ussr=0.95(n=219) WR_us=0.93(n=211) pfsp=0.191
    [us] iter_0010: WR_ussr=0.50(n=200) WR_us=0.42(n=80) pfsp=0.977
    [us] v54_scripted: WR_ussr=?(n=0) WR_us=0.94(n=173) pfsp=0.218
  [diag] inf dtype=torch.float32 shape=torch.Size([2048, 172]) nan=0 inf_vals=0 range=[0.00,55.00]
  [diag] scalar dtype=torch.float32 nan=0 range=[-0.950,1.000]
  [diag] card_logits nan=0 range=[-19.69,14.84]
  [diag] values nan=0 range=[-0.9504,0.9297]
[iter  16/30] steps= 8541 rollout_wr=0.670 (ussr=0.660 us=0.680) pl=-0.0251 vl=0.1381 ent=3.645 clip=0.217 kl=0.0073 t=13.4s (rollout=10.0s update=3.3s)
  [league] self: self | ussr_pool: ['iter_0010', 'v48_scripted'] | us_pool: ['heuristic', 'v19_scripted']
  [pfsp]
    [ussr] iter_0010: WR_ussr=0.49(n=240) WR_us=0.45(n=120) pfsp=0.999
    [ussr] v48_scripted: WR_ussr=0.96(n=167) WR_us=0.94(n=380) pfsp=0.161
    [us] heuristic: WR_ussr=0.23(n=340) WR_us=0.12(n=243) pfsp=0.408
    [us] v19_scripted: WR_ussr=0.94(n=139) WR_us=0.94(n=170) pfsp=0.221
  [diag] inf dtype=torch.float32 shape=torch.Size([2048, 172]) nan=0 inf_vals=0 range=[0.00,56.00]
  [diag] scalar dtype=torch.float32 nan=0 range=[-0.900,1.350]
  [diag] card_logits nan=0 range=[-20.02,14.08]
  [diag] values nan=0 range=[-0.9509,0.9248]
[iter  17/30] steps= 8116 rollout_wr=0.620 (ussr=0.720 us=0.520) pl=-0.0222 vl=0.1195 ent=3.846 clip=0.220 kl=0.0071 t=13.7s (rollout=10.5s update=3.1s)
  [league] self: self | ussr_pool: ['iter_0010', 'iter_0010'] | us_pool: ['v21_scripted', 'iter_0010']
  [pfsp]
    [ussr] iter_0010: WR_ussr=0.50(n=280) WR_us=0.45(n=120) pfsp=1.000
    [us] v21_scripted: WR_ussr=0.97(n=222) WR_us=0.92(n=132) pfsp=0.280
    [us] iter_0010: WR_ussr=0.50(n=280) WR_us=0.45(n=120) pfsp=0.990
  [diag] inf dtype=torch.float32 shape=torch.Size([2048, 172]) nan=0 inf_vals=0 range=[0.00,55.00]
  [diag] scalar dtype=torch.float32 nan=0 range=[-0.900,1.000]
  [diag] card_logits nan=0 range=[-20.02,14.87]
  [diag] values nan=0 range=[-0.8980,0.8658]
[iter  18/30] steps=10743 rollout_wr=0.595 (ussr=0.550 us=0.640) pl=-0.0306 vl=0.1305 ent=3.587 clip=0.273 kl=0.0101 t=16.2s (rollout=12.2s update=4.1s)
  [league] self: self | ussr_pool: ['iter_0010', 'v20_scripted'] | us_pool: ['v54_scripted', 'iter_0010']
  [pfsp]
    [ussr] iter_0010: WR_ussr=0.51(n=360) WR_us=0.46(n=160) pfsp=0.999
    [ussr] v20_scripted: WR_ussr=0.97(n=202) WR_us=0.91(n=148) pfsp=0.134
    [us] v54_scripted: WR_ussr=?(n=0) WR_us=0.93(n=213) pfsp=0.246
    [us] iter_0010: WR_ussr=0.51(n=360) WR_us=0.46(n=160) pfsp=0.992
  [diag] inf dtype=torch.float32 shape=torch.Size([2048, 172]) nan=0 inf_vals=0 range=[0.00,51.00]
  [diag] scalar dtype=torch.float32 nan=0 range=[-1.050,1.150]
  [diag] card_logits nan=0 range=[-20.07,15.27]
  [diag] values nan=0 range=[-0.9487,0.9261]
[iter  19/30] steps= 8687 rollout_wr=0.690 (ussr=0.700 us=0.680) pl=-0.0224 vl=0.1319 ent=3.831 clip=0.252 kl=0.0090 t=13.7s (rollout=10.3s update=3.4s)
  Saved to league pool: data/checkpoints/ppo_v188_sc_league/iter_0020.pt
  [league] self: self | ussr_pool: ['iter_0010', 'iter_0020'] | us_pool: ['v44_scripted', 'v55_scripted']
  [pfsp]
    [ussr] iter_0010: WR_ussr=0.52(n=400) WR_us=0.45(n=200) pfsp=0.999
    [ussr] iter_0020: WR_ussr=?(n=0) WR_us=?(n=0) pfsp=1.000
    [us] v44_scripted: WR_ussr=?(n=0) WR_us=0.90(n=216) pfsp=0.366
    [us] v55_scripted: WR_ussr=0.93(n=105) WR_us=0.95(n=280) pfsp=0.177
  [diag] inf dtype=torch.float32 shape=torch.Size([2048, 172]) nan=0 inf_vals=0 range=[0.00,61.00]
  [diag] scalar dtype=torch.float32 nan=0 range=[-0.950,1.000]
  [diag] card_logits nan=0 range=[-19.19,15.09]
  [diag] values nan=0 range=[-0.9178,0.8890]
[iter  20/30] steps= 8979 rollout_wr=0.645 (ussr=0.530 us=0.760) pl=-0.0284 vl=0.1204 ent=3.617 clip=0.268 kl=0.0092 t=14.3s (rollout=10.8s update=3.5s)
  [probe] iter=20 card_jsd=0.0004 top1=0.983 val_mae=0.0667
  [confirm] launched incremental Elo check for iter 20
  [panel eval] launched pid=1019154 iter=20 panel=['v55', 'v54', 'v44', 'v45', 'v48']
  [league] self: self | ussr_pool: ['iter_0020', 'v19_scripted'] | us_pool: ['iter_0010', 'iter_0020']
  [pfsp]
    [ussr] iter_0020: WR_ussr=0.47(n=40) WR_us=?(n=0) pfsp=0.997
    [ussr] v19_scripted: WR_ussr=0.94(n=139) WR_us=0.94(n=210) pfsp=0.217
    [us] iter_0010: WR_ussr=0.52(n=440) WR_us=0.45(n=200) pfsp=0.990
    [us] iter_0020: WR_ussr=0.47(n=40) WR_us=?(n=0) pfsp=1.000
  [diag] inf dtype=torch.float32 shape=torch.Size([2048, 172]) nan=0 inf_vals=0 range=[0.00,58.00]
  [diag] scalar dtype=torch.float32 nan=0 range=[-0.950,1.100]
  [diag] card_logits nan=0 range=[-18.92,14.44]
  [diag] values nan=0 range=[-0.9570,0.9410]
[iter  21/30] steps=10442 rollout_wr=0.650 (ussr=0.770 us=0.530) pl=-0.0305 vl=0.1217 ent=3.756 clip=0.296 kl=0.0129 t=18.2s (rollout=14.0s update=4.2s)
  [panel eval iter 20] avg=0.965 elapsed=19s: v55=0.967 | v54=0.967 | v44=0.967 | v45=0.950 | v48=0.967
  [panel eval] NEW HIGH-WATER MARK iter=20 avg_wr=0.9646 → ppo_running_best.pt (provenance: ppo_iter0020.pt)
  [league] self: self | ussr_pool: ['v22_scripted', 'iter_0010'] | us_pool: ['iter_0020', 'v20_scripted']
  [pfsp]
    [ussr] v22_scripted: WR_ussr=0.94(n=304) WR_us=?(n=0) pfsp=0.223
    [ussr] iter_0010: WR_ussr=0.52(n=440) WR_us=0.44(n=240) pfsp=0.999
    [us] iter_0020: WR_ussr=0.54(n=80) WR_us=0.60(n=40) pfsp=0.960
    [us] v20_scripted: WR_ussr=0.96(n=242) WR_us=0.91(n=148) pfsp=0.320
  [diag] inf dtype=torch.float32 shape=torch.Size([2048, 172]) nan=0 inf_vals=0 range=[0.00,60.00]
  [diag] scalar dtype=torch.float32 nan=0 range=[-0.950,1.100]
  [diag] card_logits nan=0 range=[-19.48,15.07]
  [diag] values nan=0 range=[-0.9580,0.9109]
[iter  22/30] steps= 8890 rollout_wr=0.635 (ussr=0.670 us=0.600) pl=-0.0217 vl=0.1237 ent=3.749 clip=0.238 kl=0.0088 t=15.2s (rollout=11.6s update=3.6s)
  [league] self: self | ussr_pool: ['v21_scripted', 'v22_scripted'] | us_pool: ['v55_scripted', 'iter_0001']
  [pfsp]
    [ussr] v21_scripted: WR_ussr=0.97(n=222) WR_us=0.92(n=172) pfsp=0.122
    [ussr] v22_scripted: WR_ussr=0.94(n=344) WR_us=?(n=0) pfsp=0.229
    [us] v55_scripted: WR_ussr=0.93(n=105) WR_us=0.95(n=320) pfsp=0.179
    [us] iter_0001: WR_ussr=0.61(n=400) WR_us=0.47(n=440) pfsp=0.996
  [diag] inf dtype=torch.float32 shape=torch.Size([2048, 172]) nan=0 inf_vals=0 range=[0.00,45.00]
  [diag] scalar dtype=torch.float32 nan=0 range=[-1.000,1.000]
  [diag] card_logits nan=0 range=[-20.19,14.58]
  [diag] values nan=0 range=[-0.9707,0.9337]
[iter  23/30] steps= 6324 rollout_wr=0.765 (ussr=0.880 us=0.650) pl=-0.0193 vl=0.1441 ent=3.949 clip=0.197 kl=0.0062 t=11.7s (rollout=9.0s update=2.7s)
  [league] self: self | ussr_pool: ['iter_0001', 'iter_0020'] | us_pool: ['iter_0020', 'iter_0010']
  [pfsp]
    [ussr] iter_0001: WR_ussr=0.61(n=400) WR_us=0.47(n=480) pfsp=0.952
    [ussr] iter_0020: WR_ussr=0.54(n=80) WR_us=0.47(n=80) pfsp=0.994
    [us] iter_0020: WR_ussr=0.54(n=80) WR_us=0.47(n=80) pfsp=0.997
    [us] iter_0010: WR_ussr=0.51(n=480) WR_us=0.44(n=240) pfsp=0.986
  [diag] inf dtype=torch.float32 shape=torch.Size([2048, 172]) nan=0 inf_vals=0 range=[0.00,52.00]
  [diag] scalar dtype=torch.float32 nan=0 range=[-0.950,1.000]
  [diag] card_logits nan=0 range=[-19.41,14.76]
  [diag] values nan=0 range=[-0.9644,0.9371]
[iter  24/30] steps=12844 rollout_wr=0.490 (ussr=0.540 us=0.440) pl=-0.0277 vl=0.1259 ent=3.625 clip=0.309 kl=0.0139 t=20.8s (rollout=15.9s update=4.9s)
  [league] self: self | ussr_pool: ['iter_0001', 'iter_0020'] | us_pool: ['heuristic', 'iter_0001']
  [pfsp]
    [ussr] iter_0001: WR_ussr=0.60(n=440) WR_us=0.47(n=480) pfsp=0.958
    [ussr] iter_0020: WR_ussr=0.55(n=120) WR_us=0.47(n=120) pfsp=0.990
    [us] heuristic: WR_ussr=0.23(n=340) WR_us=0.12(n=283) pfsp=0.412
    [us] iter_0001: WR_ussr=0.60(n=440) WR_us=0.47(n=480) pfsp=0.996
  [diag] inf dtype=torch.float32 shape=torch.Size([2048, 172]) nan=0 inf_vals=0 range=[0.00,50.00]
  [diag] scalar dtype=torch.float32 nan=0 range=[-0.950,1.000]
  [diag] card_logits nan=0 range=[-19.17,15.03]
  [diag] values nan=0 range=[-0.9798,0.9266]
[iter  25/30] steps=11845 rollout_wr=0.365 (ussr=0.450 us=0.280) pl=-0.0271 vl=0.1090 ent=3.747 clip=0.267 kl=0.0093 t=20.1s (rollout=15.6s update=4.6s)
  [league] self: self | ussr_pool: ['iter_0010', 'iter_0020'] | us_pool: ['iter_0010', 'v20_scripted']
  [pfsp]
    [ussr] iter_0010: WR_ussr=0.51(n=480) WR_us=0.44(n=280) pfsp=0.999
    [ussr] iter_0020: WR_ussr=0.53(n=160) WR_us=0.47(n=120) pfsp=0.997
    [us] iter_0010: WR_ussr=0.51(n=480) WR_us=0.44(n=280) pfsp=0.983
    [us] v20_scripted: WR_ussr=0.96(n=242) WR_us=0.92(n=188) pfsp=0.294
  [diag] inf dtype=torch.float32 shape=torch.Size([2048, 172]) nan=0 inf_vals=0 range=[0.00,53.00]
  [diag] scalar dtype=torch.float32 nan=0 range=[-0.950,1.000]
  [diag] card_logits nan=0 range=[-19.70,14.59]
  [diag] values nan=0 range=[-0.9623,0.8753]
[iter  26/30] steps=10627 rollout_wr=0.595 (ussr=0.540 us=0.650) pl=-0.0251 vl=0.1280 ent=3.759 clip=0.254 kl=0.0091 t=17.7s (rollout=13.6s update=4.1s)
  [league] self: self | ussr_pool: ['v20_scripted', 'v45_scripted'] | us_pool: ['v21_scripted', 'v21_scripted']
  [pfsp]
    [ussr] v20_scripted: WR_ussr=0.96(n=242) WR_us=0.92(n=228) pfsp=0.143
    [ussr] v45_scripted: WR_ussr=0.94(n=160) WR_us=?(n=0) pfsp=0.212
    [us] v21_scripted: WR_ussr=0.97(n=262) WR_us=0.92(n=172) pfsp=0.279
  [diag] inf dtype=torch.float32 shape=torch.Size([2048, 172]) nan=0 inf_vals=0 range=[0.00,52.00]
  [diag] scalar dtype=torch.float32 nan=0 range=[-0.950,1.000]
  [diag] card_logits nan=0 range=[-19.86,14.85]
  [diag] values nan=0 range=[-0.8841,0.8376]
[iter  27/30] steps= 4795 rollout_wr=0.815 (ussr=0.830 us=0.800) pl=-0.0301 vl=0.1760 ent=3.937 clip=0.202 kl=0.0065 t=9.6s (rollout=7.5s update=2.1s)
  [league] self: self | ussr_pool: ['iter_0020', 'iter_0001'] | us_pool: ['iter_0020', 'v57_scripted']
  [pfsp]
    [ussr] iter_0020: WR_ussr=0.55(n=200) WR_us=0.47(n=120) pfsp=0.990
    [ussr] iter_0001: WR_ussr=0.59(n=480) WR_us=0.46(n=520) pfsp=0.969
    [us] iter_0020: WR_ussr=0.55(n=200) WR_us=0.47(n=120) pfsp=0.997
    [us] v57_scripted: WR_ussr=0.96(n=259) WR_us=0.93(n=211) pfsp=0.248
  [diag] inf dtype=torch.float32 shape=torch.Size([2048, 172]) nan=0 inf_vals=0 range=[0.00,55.00]
  [diag] scalar dtype=torch.float32 nan=0 range=[-0.950,1.000]
  [diag] card_logits nan=0 range=[-20.20,15.82]
  [diag] values nan=0 range=[-0.9341,0.9086]
[iter  28/30] steps=10922 rollout_wr=0.580 (ussr=0.600 us=0.560) pl=-0.0272 vl=0.1295 ent=3.682 clip=0.326 kl=0.0152 t=17.1s (rollout=13.0s update=4.1s)
  [league] self: self | ussr_pool: ['v55_scripted', 'iter_0020'] | us_pool: ['v44_scripted', 'iter_0010']
  [pfsp]
    [ussr] v55_scripted: WR_ussr=0.93(n=105) WR_us=0.95(n=360) pfsp=0.249
    [ussr] iter_0020: WR_ussr=0.56(n=240) WR_us=0.43(n=160) pfsp=0.986
    [us] v44_scripted: WR_ussr=?(n=0) WR_us=0.89(n=256) pfsp=0.377
    [us] iter_0010: WR_ussr=0.50(n=520) WR_us=0.44(n=320) pfsp=0.987
  [diag] inf dtype=torch.float32 shape=torch.Size([2048, 172]) nan=0 inf_vals=0 range=[0.00,56.00]
  [diag] scalar dtype=torch.float32 nan=0 range=[-1.050,1.150]
  [diag] card_logits nan=0 range=[-18.58,14.56]
  [diag] values nan=0 range=[-0.9396,0.9253]
[iter  29/30] steps= 8816 rollout_wr=0.665 (ussr=0.730 us=0.600) pl=-0.0273 vl=0.1381 ent=3.723 clip=0.206 kl=0.0068 t=14.2s (rollout=10.7s update=3.6s)
  Saved to league pool: data/checkpoints/ppo_v188_sc_league/iter_0030.pt
  [league] self: self | ussr_pool: ['v21_scripted', 'iter_0010'] | us_pool: ['iter_0001', 'v44_scripted']
  [pfsp]
    [ussr] v21_scripted: WR_ussr=0.97(n=262) WR_us=0.92(n=252) pfsp=0.133
    [ussr] iter_0010: WR_ussr=0.50(n=520) WR_us=0.44(n=360) pfsp=1.000
    [us] iter_0001: WR_ussr=0.58(n=520) WR_us=0.46(n=520) pfsp=0.993
    [us] v44_scripted: WR_ussr=?(n=0) WR_us=0.89(n=296) pfsp=0.386
  [diag] inf dtype=torch.float32 shape=torch.Size([2048, 172]) nan=0 inf_vals=0 range=[0.00,52.00]
  [diag] scalar dtype=torch.float32 nan=0 range=[-0.950,1.150]
  [diag] card_logits nan=0 range=[-20.02,15.45]
  [diag] values nan=0 range=[-0.9449,0.9298]
[iter  30/30] steps= 8843 rollout_wr=0.675 (ussr=0.660 us=0.690) pl=-0.0221 vl=0.1274 ent=3.807 clip=0.248 kl=0.0085 t=14.3s (rollout=10.8s update=3.5s)
  [probe] iter=30 card_jsd=0.0003 top1=0.989 val_mae=0.0735
  [confirm] launched incremental Elo check for iter 30
  [panel eval] launched pid=1019488 iter=30 panel=['v55', 'v54', 'v44', 'v45', 'v48']
wandb: updating run metadata; uploading artifact run-09a368be-chartsrollout_wr_table-scbnSA
wandb: uploading artifact run-09a368be-chartsrollout_wr_table-scbnSA
wandb: uploading output.log; uploading wandb-summary.json; uploading config.yaml; uploading media/table/charts/rollout_wr_table_29_c0fab80a3f364637e1ea.table.json
wandb: uploading history steps 28-29, summary, console lines 342-352
wandb: 
wandb: Run history:
wandb:               approx_kl ▆▁▄▄▂▂▂█▃▅▄▂▃▃▄▂▂▄▃▃▆▃▁▇▃▃▁█▁▃
wandb:           clip_fraction ▇▃▅▆▃▄▅▇▃▆▅▂▄▃▇▂▂▅▄▅▆▃▁▇▅▄▁█▁▄
wandb: core_scalar_weight_norm ▃▃▃▃▂▁▂▁▁▁▁▁▂▃▃▃▂▃▃▃▄▄▅▆▇▇██▇█
wandb:                ent_coef ███▇▇▇▇▆▆▆▆▅▅▅▅▄▄▄▄▃▃▃▃▂▂▂▂▁▁▁
wandb:                 entropy ▅█▅▅▄▃▄▄▅▂▄▂▂▄▃▂▄▁▄▁▃▃▆▂▃▃▆▂▃▄
wandb:             iter_time_s ▄▂▂▆▅▇▃▅▃▄█▄▃▄▄▃▄▅▄▄▆▄▂██▆▁▆▄▄
wandb:        meta/iter_time_s ▄▂▂▆▅▇▃▅▃▄█▄▃▄▄▃▄▅▄▄▆▄▂██▆▁▆▄▄
wandb:                 n_steps ▄▂▃▇▆▇▄▆▄▅▇▄▄▅▅▄▄▆▄▅▆▅▂█▇▆▁▆▄▅
wandb:  new_scalar_weight_norm ▆▆▆▇▇███▇▇▇▆▆▆▅▆▆▆▆▆▆▅▅▄▃▃▃▃▂▁
wandb:   panel/avg_combined_wr ▁█
wandb:                    +203 ...
wandb: 
wandb: Run summary:
wandb:               approx_kl 0.00851
wandb:           clip_fraction 0.24799
wandb: core_scalar_weight_norm 4.0566
wandb:                ent_coef 0.003
wandb:                 entropy 3.80701
wandb:             iter_time_s 14.29181
wandb:        meta/iter_time_s 14.29181
wandb:                 n_steps 8843
wandb:  new_scalar_weight_norm 2.70911
wandb:   panel/avg_combined_wr 0.96458
wandb:                    +203 ...
wandb: 
wandb: 🚀 View run ppo_v188_sc at: https://wandb.ai/korduban-ai/twilight-struggle-ai/runs/09a368be
wandb: ⭐️ View project at: https://wandb.ai/korduban-ai/twilight-struggle-ai
wandb: Synced 5 W&B file(s), 30 media file(s), 60 artifact file(s) and 0 other file(s)
wandb: Find logs at: ./wandb/run-20260413_201325-09a368be/logs

Training complete in 7.8 minutes
Checkpoints in: data/checkpoints/ppo_v188_sc_league
[ppo_train_dynamic] finished at 2026-04-14T03:21:24Z
