[ppo_train_dynamic] starting at 2026-04-14T13:47:20Z
wandb: [wandb.login()] Loaded credentials for https://api.wandb.ai from WANDB_API_KEY.
wandb: Currently logged in as: dkorduban (korduban-ai) to https://api.wandb.ai. Use `wandb login --relogin` to force relogin
wandb: setting up run 0cc04a78
wandb: Tracking run with wandb version 0.25.1
wandb: Run data is saved locally in /home/dkord/code/twilight-struggle-ai/wandb/run-20260414_064722-0cc04a78
wandb: Run `wandb offline` to turn off syncing.
wandb: Syncing run ppo_v237_sc
wandb: ⭐️ View project at https://wandb.ai/korduban-ai/twilight-struggle-ai
wandb: 🚀 View run at https://wandb.ai/korduban-ai/twilight-struggle-ai/runs/0cc04a78
Loading checkpoint: data/checkpoints/ppo_v236_sc_league/ppo_best.pt

Starting PPO training: 30 iterations × 200 games/iter, side=both
Device: cuda, lr=5e-05, clip=0.12, ent=0.003, vf=0.5
League training enabled (pool: data/checkpoints/ppo_v237_sc_league, save-every=10)
  Saved to league pool: data/checkpoints/ppo_v237_sc_league/iter_0001.pt
  [league] self: self | ussr_pool: ['iter_0001', 'v57_scripted'] | us_pool: ['v217_sc_scripted', 'v232_sc_scripted']
  [pfsp]
    [ussr] iter_0001: WR_ussr=?(n=0) WR_us=?(n=0) pfsp=1.000
    [ussr] v57_scripted: WR_ussr=0.88(n=196) WR_us=0.95(n=123) pfsp=0.414
    [us] v217_sc_scripted: WR_ussr=0.52(n=100) WR_us=0.61(n=120) pfsp=0.953
    [us] v232_sc_scripted: WR_ussr=0.45(n=80) WR_us=0.50(n=120) pfsp=1.000
  [diag] inf dtype=torch.float32 shape=torch.Size([2048, 172]) nan=0 inf_vals=0 range=[0.00,28.00]
  [diag] scalar dtype=torch.float32 nan=0 range=[-0.950,1.000]
  [diag] card_logits nan=0 range=[-16.42,16.24]
  [diag] values nan=0 range=[-0.9724,0.9315]
[iter   1/30] steps= 4153 rollout_wr=0.600 (ussr=0.670 us=0.530) pl=-0.0384 vl=0.2974 ent=3.833 clip=0.252 kl=0.0073 t=15.2s (rollout=12.4s update=2.8s)
  [league] self: self | ussr_pool: ['iter_0001', 'v217_sc_scripted'] | us_pool: ['v217_sc_scripted', 'v217_sc_scripted']
  [pfsp]
    [ussr] iter_0001: WR_ussr=0.50(n=40) WR_us=?(n=0) pfsp=1.000
    [ussr] v217_sc_scripted: WR_ussr=0.52(n=100) WR_us=0.60(n=160) pfsp=0.998
    [us] v217_sc_scripted: WR_ussr=0.52(n=100) WR_us=0.60(n=160) pfsp=0.960
  [diag] inf dtype=torch.float32 shape=torch.Size([2048, 172]) nan=0 inf_vals=0 range=[0.00,27.00]
  [diag] scalar dtype=torch.float32 nan=0 range=[-1.150,1.100]
  [diag] card_logits nan=0 range=[-16.74,16.78]
  [diag] values nan=0 range=[-0.9499,0.9265]
[iter   2/30] steps= 4916 rollout_wr=0.555 (ussr=0.500 us=0.610) pl=-0.0136 vl=0.2678 ent=3.842 clip=0.156 kl=0.0044 t=16.0s (rollout=13.8s update=2.2s)
  [league] self: self | ussr_pool: ['iter_0001', 'v228_sc_scripted'] | us_pool: ['iter_0001', 'iter_0001']
  [pfsp]
    [ussr] iter_0001: WR_ussr=0.46(n=80) WR_us=?(n=0) pfsp=0.994
    [ussr] v228_sc_scripted: WR_ussr=0.41(n=100) WR_us=0.47(n=120) pfsp=0.968
    [us] iter_0001: WR_ussr=0.46(n=80) WR_us=?(n=0) pfsp=1.000
  [diag] inf dtype=torch.float32 shape=torch.Size([2048, 172]) nan=0 inf_vals=0 range=[0.00,27.00]
  [diag] scalar dtype=torch.float32 nan=0 range=[-1.300,1.000]
  [diag] card_logits nan=0 range=[-16.83,16.78]
  [diag] values nan=0 range=[-0.9572,0.9255]
[iter   3/30] steps= 5113 rollout_wr=0.525 (ussr=0.430 us=0.620) pl=-0.0212 vl=0.2653 ent=3.780 clip=0.116 kl=0.0032 t=16.4s (rollout=14.2s update=2.2s)
  [league] self: self | ussr_pool: ['v228_sc_scripted', 'v217_sc_scripted'] | us_pool: ['v48_scripted', 'v217_sc_scripted']
  [pfsp]
    [ussr] v228_sc_scripted: WR_ussr=0.40(n=140) WR_us=0.47(n=120) pfsp=0.960
    [ussr] v217_sc_scripted: WR_ussr=0.51(n=140) WR_us=0.60(n=240) pfsp=0.999
    [us] v48_scripted: WR_ussr=0.94(n=62) WR_us=0.94(n=94) pfsp=0.239
    [us] v217_sc_scripted: WR_ussr=0.51(n=140) WR_us=0.60(n=240) pfsp=0.957
  [diag] inf dtype=torch.float32 shape=torch.Size([2048, 172]) nan=0 inf_vals=0 range=[0.00,32.00]
  [diag] scalar dtype=torch.float32 nan=0 range=[-1.150,1.000]
  [diag] card_logits nan=0 range=[-15.93,16.14]
  [diag] values nan=0 range=[-0.9586,0.9483]
[iter   4/30] steps= 4452 rollout_wr=0.630 (ussr=0.530 us=0.730) pl=-0.0224 vl=0.2855 ent=3.843 clip=0.122 kl=0.0039 t=14.0s (rollout=12.0s update=2.0s)
  [league] self: self | ussr_pool: ['v22_scripted', 'iter_0001'] | us_pool: ['iter_0001', 'v44_scripted']
  [pfsp]
    [ussr] v22_scripted: WR_ussr=0.91(n=132) WR_us=?(n=0) pfsp=0.331
    [ussr] iter_0001: WR_ussr=0.49(n=120) WR_us=0.66(n=80) pfsp=1.000
    [us] iter_0001: WR_ussr=0.49(n=120) WR_us=0.66(n=80) pfsp=0.894
    [us] v44_scripted: WR_ussr=?(n=0) WR_us=0.93(n=110) pfsp=0.270
  [diag] inf dtype=torch.float32 shape=torch.Size([2048, 172]) nan=0 inf_vals=0 range=[0.00,25.00]
  [diag] scalar dtype=torch.float32 nan=0 range=[-0.950,1.250]
  [diag] card_logits nan=0 range=[-16.10,16.54]
  [diag] values nan=0 range=[-0.9206,0.9374]
[iter   5/30] steps= 3695 rollout_wr=0.705 (ussr=0.710 us=0.700) pl=-0.0132 vl=0.3102 ent=3.778 clip=0.089 kl=0.0036 t=11.6s (rollout=9.9s update=1.7s)
  [league] self: self | ussr_pool: ['heuristic', 'iter_0001'] | us_pool: ['iter_0001', 'heuristic']
  [pfsp]
    [ussr] heuristic: WR_ussr=0.55(n=260) WR_us=0.40(n=242) pfsp=0.991
    [ussr] iter_0001: WR_ussr=0.51(n=160) WR_us=0.62(n=120) pfsp=0.999
    [us] iter_0001: WR_ussr=0.51(n=160) WR_us=0.62(n=120) pfsp=0.946
    [us] heuristic: WR_ussr=0.55(n=260) WR_us=0.40(n=242) pfsp=0.957
  [diag] inf dtype=torch.float32 shape=torch.Size([2048, 172]) nan=0 inf_vals=0 range=[0.00,39.00]
  [diag] scalar dtype=torch.float32 nan=0 range=[-0.950,1.050]
  [diag] card_logits nan=0 range=[-15.66,15.92]
  [diag] values nan=0 range=[-0.9318,0.9281]
[iter   6/30] steps= 5055 rollout_wr=0.470 (ussr=0.520 us=0.420) pl=-0.0139 vl=0.2745 ent=3.747 clip=0.111 kl=0.0031 t=15.6s (rollout=13.5s update=2.1s)
  [league] self: self | ussr_pool: ['iter_0001', 'v217_sc_scripted'] | us_pool: ['iter_0001', 'v57_scripted']
  [pfsp]
    [ussr] iter_0001: WR_ussr=0.49(n=200) WR_us=0.58(n=160) pfsp=1.000
    [ussr] v217_sc_scripted: WR_ussr=0.54(n=180) WR_us=0.60(n=280) pfsp=0.992
    [us] iter_0001: WR_ussr=0.49(n=200) WR_us=0.58(n=160) pfsp=0.974
    [us] v57_scripted: WR_ussr=0.89(n=236) WR_us=0.95(n=123) pfsp=0.186
  [diag] inf dtype=torch.float32 shape=torch.Size([2048, 172]) nan=0 inf_vals=0 range=[0.00,32.00]
  [diag] scalar dtype=torch.float32 nan=0 range=[-1.200,1.100]
  [diag] card_logits nan=0 range=[-15.91,16.90]
  [diag] values nan=0 range=[-0.9223,0.9077]
[iter   7/30] steps= 4588 rollout_wr=0.600 (ussr=0.440 us=0.760) pl=-0.0103 vl=0.2521 ent=3.784 clip=0.132 kl=0.0037 t=13.9s (rollout=11.9s update=1.9s)
  [league] self: self | ussr_pool: ['iter_0001', 'iter_0001'] | us_pool: ['v55_scripted', 'iter_0001']
  [pfsp]
    [ussr] iter_0001: WR_ussr=0.48(n=240) WR_us=0.58(n=200) pfsp=0.999
    [us] v55_scripted: WR_ussr=0.90(n=194) WR_us=0.96(n=104) pfsp=0.148
    [us] iter_0001: WR_ussr=0.48(n=240) WR_us=0.58(n=200) pfsp=0.971
  [diag] inf dtype=torch.float32 shape=torch.Size([2048, 172]) nan=0 inf_vals=0 range=[0.00,41.00]
  [diag] scalar dtype=torch.float32 nan=0 range=[-0.950,1.000]
  [diag] card_logits nan=0 range=[-15.11,15.57]
  [diag] values nan=0 range=[-0.9590,0.8765]
[iter   8/30] steps= 4257 rollout_wr=0.585 (ussr=0.440 us=0.730) pl=-0.0011 vl=0.2861 ent=3.790 clip=0.102 kl=0.0029 t=13.7s (rollout=11.9s update=1.8s)
  [league] self: self | ussr_pool: ['v232_sc_scripted', 'iter_0001'] | us_pool: ['v44_scripted', 'v228_sc_scripted']
  [pfsp]
    [ussr] v232_sc_scripted: WR_ussr=0.45(n=80) WR_us=0.51(n=160) pfsp=0.990
    [ussr] iter_0001: WR_ussr=0.47(n=320) WR_us=0.58(n=240) pfsp=0.996
    [us] v44_scripted: WR_ussr=?(n=0) WR_us=0.93(n=150) pfsp=0.249
    [us] v228_sc_scripted: WR_ussr=0.42(n=180) WR_us=0.47(n=120) pfsp=0.996
  [diag] inf dtype=torch.float32 shape=torch.Size([2048, 172]) nan=0 inf_vals=0 range=[0.00,28.00]
  [diag] scalar dtype=torch.float32 nan=0 range=[-1.300,1.100]
  [diag] card_logits nan=0 range=[-15.39,15.99]
  [diag] values nan=0 range=[-0.9645,0.8534]
[iter   9/30] steps= 4546 rollout_wr=0.545 (ussr=0.420 us=0.670) pl=-0.0063 vl=0.2680 ent=3.739 clip=0.135 kl=0.0042 t=14.4s (rollout=12.3s update=2.0s)
  Saved to league pool: data/checkpoints/ppo_v237_sc_league/iter_0010.pt
  [league] self: self | ussr_pool: ['v228_sc_scripted', 'iter_0010'] | us_pool: ['iter_0010', 'iter_0001']
  [pfsp]
    [ussr] v228_sc_scripted: WR_ussr=0.42(n=180) WR_us=0.46(n=160) pfsp=0.972
    [ussr] iter_0010: WR_ussr=?(n=0) WR_us=?(n=0) pfsp=1.000
    [us] iter_0010: WR_ussr=?(n=0) WR_us=?(n=0) pfsp=1.000
    [us] iter_0001: WR_ussr=0.46(n=360) WR_us=0.58(n=240) pfsp=0.972
  [diag] inf dtype=torch.float32 shape=torch.Size([2048, 172]) nan=0 inf_vals=0 range=[0.00,29.00]
  [diag] scalar dtype=torch.float32 nan=0 range=[-0.900,1.050]
  [diag] card_logits nan=0 range=[-16.30,15.96]
  [diag] values nan=0 range=[-0.9498,0.8372]
[iter  10/30] steps= 4814 rollout_wr=0.515 (ussr=0.440 us=0.590) pl=-0.0091 vl=0.2871 ent=3.818 clip=0.152 kl=0.0043 t=16.4s (rollout=14.4s update=2.0s)
  [confirm] launched incremental Elo check for iter 10
  [panel eval] launched pid=1308330 iter=10 panel=['v55', 'v54', 'v44', 'v45', 'v48']
  [league] self: self | ussr_pool: ['iter_0001', 'v232_sc_scripted'] | us_pool: ['iter_0001', 'iter_0010']
  [pfsp]
    [ussr] iter_0001: WR_ussr=0.46(n=360) WR_us=0.59(n=280) pfsp=0.995
    [ussr] v232_sc_scripted: WR_ussr=0.44(n=120) WR_us=0.51(n=160) pfsp=0.986
    [us] iter_0001: WR_ussr=0.46(n=360) WR_us=0.59(n=280) pfsp=0.968
    [us] iter_0010: WR_ussr=0.53(n=40) WR_us=0.60(n=40) pfsp=0.960
  [diag] inf dtype=torch.float32 shape=torch.Size([2048, 172]) nan=0 inf_vals=0 range=[0.00,29.00]
  [diag] scalar dtype=torch.float32 nan=0 range=[-1.000,1.050]
  [diag] card_logits nan=0 range=[-16.08,16.34]
  [diag] values nan=0 range=[-0.9515,0.8384]
[iter  11/30] steps= 4941 rollout_wr=0.500 (ussr=0.410 us=0.590) pl=-0.0126 vl=0.2712 ent=3.741 clip=0.107 kl=0.0030 t=17.1s (rollout=15.1s update=2.0s)
  [panel eval iter 10] avg=0.910 elapsed=18s: v55=0.867 | v54=0.933 | v44=0.900 | v45=0.950 | v48=0.933
  [panel eval] NEW HIGH-WATER MARK iter=10 avg_wr=0.9104 → ppo_running_best.pt (provenance: ppo_iter0010.pt)
  [league] self: self | ussr_pool: ['v228_sc_scripted', 'iter_0001'] | us_pool: ['heuristic', 'v217_sc_scripted']
  [pfsp]
    [ussr] v228_sc_scripted: WR_ussr=0.41(n=220) WR_us=0.46(n=160) pfsp=0.967
    [ussr] iter_0001: WR_ussr=0.46(n=400) WR_us=0.58(n=320) pfsp=0.994
    [us] heuristic: WR_ussr=0.56(n=300) WR_us=0.39(n=282) pfsp=0.952
    [us] v217_sc_scripted: WR_ussr=0.53(n=220) WR_us=0.60(n=280) pfsp=0.960
  [diag] inf dtype=torch.float32 shape=torch.Size([2048, 172]) nan=0 inf_vals=0 range=[0.00,42.00]
  [diag] scalar dtype=torch.float32 nan=0 range=[-0.950,1.000]
  [diag] card_logits nan=0 range=[-16.34,16.35]
  [diag] values nan=0 range=[-0.9576,0.8425]
[iter  12/30] steps= 5095 rollout_wr=0.490 (ussr=0.500 us=0.480) pl=-0.0158 vl=0.2570 ent=3.831 clip=0.132 kl=0.0036 t=16.6s (rollout=14.4s update=2.3s)
  [league] self: self | ussr_pool: ['v217_sc_scripted', 'iter_0001'] | us_pool: ['v217_sc_scripted', 'v54_scripted']
  [pfsp]
    [ussr] v217_sc_scripted: WR_ussr=0.53(n=220) WR_us=0.61(n=320) pfsp=0.996
    [ussr] iter_0001: WR_ussr=0.46(n=440) WR_us=0.58(n=320) pfsp=0.994
    [us] v217_sc_scripted: WR_ussr=0.53(n=220) WR_us=0.61(n=320) pfsp=0.955
    [us] v54_scripted: WR_ussr=?(n=0) WR_us=0.93(n=110) pfsp=0.270
  [diag] inf dtype=torch.float32 shape=torch.Size([2048, 172]) nan=0 inf_vals=0 range=[0.00,27.00]
  [diag] scalar dtype=torch.float32 nan=0 range=[-1.300,1.000]
  [diag] card_logits nan=0 range=[-16.52,16.31]
  [diag] values nan=0 range=[-0.9189,0.8266]
[iter  13/30] steps= 4317 rollout_wr=0.613 (ussr=0.460 us=0.768) pl=-0.0122 vl=0.2643 ent=3.760 clip=0.120 kl=0.0037 t=14.5s (rollout=12.7s update=1.8s)
  [league] self: self | ussr_pool: ['v217_sc_scripted', 'v55_scripted'] | us_pool: ['iter_0001', 'iter_0010']
  [pfsp]
    [ussr] v217_sc_scripted: WR_ussr=0.55(n=260) WR_us=0.62(n=360) pfsp=0.991
    [ussr] v55_scripted: WR_ussr=0.90(n=194) WR_us=0.97(n=144) pfsp=0.370
    [us] iter_0001: WR_ussr=0.45(n=480) WR_us=0.58(n=320) pfsp=0.974
    [us] iter_0010: WR_ussr=0.53(n=40) WR_us=0.59(n=80) pfsp=0.969
  [diag] inf dtype=torch.float32 shape=torch.Size([2048, 172]) nan=0 inf_vals=0 range=[0.00,31.00]
  [diag] scalar dtype=torch.float32 nan=0 range=[-1.150,1.150]
  [diag] card_logits nan=0 range=[-16.70,14.51]
  [diag] values nan=0 range=[-0.9361,0.8939]
[iter  14/30] steps= 4120 rollout_wr=0.585 (ussr=0.610 us=0.560) pl=0.0041 vl=0.3208 ent=3.627 clip=0.118 kl=0.0043 t=14.1s (rollout=12.3s update=1.9s)
  [league] self: self | ussr_pool: ['iter_0010', 'v217_sc_scripted'] | us_pool: ['iter_0001', 'heuristic']
  [pfsp]
    [ussr] iter_0010: WR_ussr=0.53(n=40) WR_us=0.58(n=120) pfsp=0.997
    [ussr] v217_sc_scripted: WR_ussr=0.54(n=300) WR_us=0.62(n=360) pfsp=0.995
    [us] iter_0001: WR_ussr=0.45(n=480) WR_us=0.57(n=360) pfsp=0.978
    [us] heuristic: WR_ussr=0.56(n=300) WR_us=0.39(n=322) pfsp=0.950
  [diag] inf dtype=torch.float32 shape=torch.Size([2048, 172]) nan=0 inf_vals=0 range=[0.00,29.00]
  [diag] scalar dtype=torch.float32 nan=0 range=[-1.100,1.100]
  [diag] card_logits nan=0 range=[-16.16,16.02]
  [diag] values nan=0 range=[-0.9212,0.9165]
[iter  15/30] steps= 5142 rollout_wr=0.490 (ussr=0.560 us=0.420) pl=-0.0130 vl=0.2583 ent=3.737 clip=0.154 kl=0.0043 t=16.0s (rollout=13.8s update=2.2s)
  [league] self: self | ussr_pool: ['v232_sc_scripted', 'iter_0001'] | us_pool: ['iter_0001', 'v48_scripted']
  [pfsp]
    [ussr] v232_sc_scripted: WR_ussr=0.42(n=160) WR_us=0.51(n=160) pfsp=0.974
    [ussr] iter_0001: WR_ussr=0.45(n=480) WR_us=0.58(n=400) pfsp=0.992
    [us] iter_0001: WR_ussr=0.45(n=480) WR_us=0.58(n=400) pfsp=0.976
    [us] v48_scripted: WR_ussr=0.94(n=62) WR_us=0.95(n=134) pfsp=0.198
  [diag] inf dtype=torch.float32 shape=torch.Size([2048, 172]) nan=0 inf_vals=0 range=[0.00,28.00]
  [diag] scalar dtype=torch.float32 nan=0 range=[-1.200,1.100]
  [diag] card_logits nan=0 range=[-16.58,17.03]
  [diag] values nan=0 range=[-0.9611,0.9392]
[iter  16/30] steps= 4420 rollout_wr=0.653 (ussr=0.500 us=0.808) pl=-0.0137 vl=0.2652 ent=3.792 clip=0.129 kl=0.0034 t=15.0s (rollout=13.1s update=1.9s)
  [league] self: self | ussr_pool: ['iter_0010', 'heuristic'] | us_pool: ['iter_0001', 'v232_sc_scripted']
  [pfsp]
    [ussr] iter_0010: WR_ussr=0.51(n=80) WR_us=0.58(n=120) pfsp=0.999
    [ussr] heuristic: WR_ussr=0.56(n=300) WR_us=0.38(n=362) pfsp=0.986
    [us] iter_0001: WR_ussr=0.46(n=520) WR_us=0.59(n=440) pfsp=0.965
    [us] v232_sc_scripted: WR_ussr=0.46(n=200) WR_us=0.51(n=160) pfsp=1.000
  [diag] inf dtype=torch.float32 shape=torch.Size([2048, 172]) nan=0 inf_vals=0 range=[0.00,39.00]
  [diag] scalar dtype=torch.float32 nan=0 range=[-0.950,1.200]
  [diag] card_logits nan=0 range=[-16.28,16.58]
  [diag] values nan=0 range=[-0.9717,0.9018]
[iter  17/30] steps= 4962 rollout_wr=0.555 (ussr=0.550 us=0.560) pl=-0.0179 vl=0.3012 ent=3.689 clip=0.122 kl=0.0036 t=16.2s (rollout=14.2s update=2.0s)
  [league] self: self | ussr_pool: ['iter_0001', 'iter_0001'] | us_pool: ['iter_0010', 'v55_scripted']
  [pfsp]
    [ussr] iter_0001: WR_ussr=0.46(n=520) WR_us=0.59(n=480) pfsp=0.993
    [us] iter_0010: WR_ussr=0.50(n=120) WR_us=0.58(n=120) pfsp=0.972
    [us] v55_scripted: WR_ussr=0.88(n=234) WR_us=0.97(n=144) pfsp=0.134
  [diag] inf dtype=torch.float32 shape=torch.Size([2048, 172]) nan=0 inf_vals=0 range=[0.00,33.00]
  [diag] scalar dtype=torch.float32 nan=0 range=[-0.950,1.000]
  [diag] card_logits nan=0 range=[-16.76,15.85]
  [diag] values nan=0 range=[-0.8953,0.8973]
[iter  18/30] steps= 4482 rollout_wr=0.680 (ussr=0.580 us=0.780) pl=-0.0063 vl=0.2783 ent=3.692 clip=0.138 kl=0.0042 t=15.1s (rollout=13.1s update=1.9s)
  [league] self: self | ussr_pool: ['iter_0010', 'iter_0001'] | us_pool: ['iter_0001', 'iter_0001']
  [pfsp]
    [ussr] iter_0010: WR_ussr=0.50(n=120) WR_us=0.62(n=160) pfsp=1.000
    [ussr] iter_0001: WR_ussr=0.48(n=600) WR_us=0.59(n=480) pfsp=0.998
    [us] iter_0001: WR_ussr=0.48(n=600) WR_us=0.59(n=480) pfsp=0.965
  [diag] inf dtype=torch.float32 shape=torch.Size([2048, 172]) nan=0 inf_vals=0 range=[0.00,27.00]
  [diag] scalar dtype=torch.float32 nan=0 range=[-1.150,1.000]
  [diag] card_logits nan=0 range=[-16.42,15.35]
  [diag] values nan=0 range=[-0.9265,0.8505]
[iter  19/30] steps= 4702 rollout_wr=0.560 (ussr=0.450 us=0.670) pl=-0.0183 vl=0.2609 ent=3.670 clip=0.102 kl=0.0032 t=16.0s (rollout=14.0s update=2.0s)
  Saved to league pool: data/checkpoints/ppo_v237_sc_league/iter_0020.pt
  [league] self: self | ussr_pool: ['iter_0020', 'v232_sc_scripted'] | us_pool: ['v232_sc_scripted', 'v44_scripted']
  [pfsp]
    [ussr] iter_0020: WR_ussr=?(n=0) WR_us=?(n=0) pfsp=1.000
    [ussr] v232_sc_scripted: WR_ussr=0.46(n=200) WR_us=0.53(n=200) pfsp=0.992
    [us] v232_sc_scripted: WR_ussr=0.46(n=200) WR_us=0.53(n=200) pfsp=0.996
    [us] v44_scripted: WR_ussr=?(n=0) WR_us=0.94(n=190) pfsp=0.237
  [diag] inf dtype=torch.float32 shape=torch.Size([2048, 172]) nan=0 inf_vals=0 range=[0.00,28.00]
  [diag] scalar dtype=torch.float32 nan=0 range=[-1.100,1.100]
  [diag] card_logits nan=0 range=[-16.03,16.36]
  [diag] values nan=0 range=[-0.9000,0.8381]
[iter  20/30] steps= 4108 rollout_wr=0.618 (ussr=0.510 us=0.727) pl=-0.0489 vl=0.2912 ent=3.624 clip=0.150 kl=0.0040 t=13.8s (rollout=11.9s update=1.8s)
  [jsd] iter=20 prev_iter=10 card_jsd=0.0070 top1=0.906 val_mae=0.1247
  [confirm] launched incremental Elo check for iter 20
  [panel eval] launched pid=1308610 iter=20 panel=['v55', 'v54', 'v44', 'v45', 'v48']
  [league] self: self | ussr_pool: ['iter_0020', 'iter_0020'] | us_pool: ['v232_sc_scripted', 'iter_0010']
  [pfsp]
    [ussr] iter_0020: WR_ussr=0.47(n=40) WR_us=?(n=0) pfsp=0.997
    [us] v232_sc_scripted: WR_ussr=0.46(n=240) WR_us=0.55(n=240) pfsp=0.990
    [us] iter_0010: WR_ussr=0.48(n=160) WR_us=0.62(n=160) pfsp=0.938
  [diag] inf dtype=torch.float32 shape=torch.Size([2048, 172]) nan=0 inf_vals=0 range=[0.00,31.00]
  [diag] scalar dtype=torch.float32 nan=0 range=[-1.050,1.100]
  [diag] card_logits nan=0 range=[-16.49,15.83]
  [diag] values nan=0 range=[-0.9368,0.8869]
[iter  21/30] steps= 4861 rollout_wr=0.450 (ussr=0.360 us=0.540) pl=-0.0129 vl=0.2771 ent=3.600 clip=0.111 kl=0.0031 t=18.9s (rollout=16.8s update=2.1s)
  [panel eval iter 20] avg=0.963 elapsed=20s: v55=0.933 | v54=0.967 | v44=0.983 | v45=0.967 | v48=0.983
  [panel eval] NEW HIGH-WATER MARK iter=20 avg_wr=0.9632 → ppo_running_best.pt (provenance: ppo_iter0020.pt)
  [league] self: self | ussr_pool: ['v232_sc_scripted', 'iter_0010'] | us_pool: ['iter_0001', 'iter_0010']
  [pfsp]
    [ussr] v232_sc_scripted: WR_ussr=0.46(n=240) WR_us=0.54(n=280) pfsp=0.994
    [ussr] iter_0010: WR_ussr=0.48(n=160) WR_us=0.62(n=200) pfsp=0.999
    [us] iter_0001: WR_ussr=0.48(n=640) WR_us=0.61(n=560) pfsp=0.953
    [us] iter_0010: WR_ussr=0.48(n=160) WR_us=0.62(n=200) pfsp=0.942
  [diag] inf dtype=torch.float32 shape=torch.Size([2048, 172]) nan=0 inf_vals=0 range=[0.00,31.00]
  [diag] scalar dtype=torch.float32 nan=0 range=[-1.000,1.050]
  [diag] card_logits nan=0 range=[-16.21,16.52]
  [diag] values nan=0 range=[-0.9478,0.8646]
[iter  22/30] steps= 4692 rollout_wr=0.560 (ussr=0.540 us=0.580) pl=-0.0132 vl=0.2844 ent=3.651 clip=0.107 kl=0.0029 t=17.3s (rollout=15.2s update=2.1s)
  [league] self: self | ussr_pool: ['iter_0001', 'iter_0001'] | us_pool: ['v232_sc_scripted', 'iter_0020']
  [pfsp]
    [ussr] iter_0001: WR_ussr=0.48(n=640) WR_us=0.61(n=600) pfsp=0.998
    [us] v232_sc_scripted: WR_ussr=0.45(n=280) WR_us=0.54(n=280) pfsp=0.993
    [us] iter_0020: WR_ussr=0.41(n=120) WR_us=?(n=0) pfsp=1.000
  [diag] inf dtype=torch.float32 shape=torch.Size([2048, 172]) nan=0 inf_vals=0 range=[0.00,32.00]
  [diag] scalar dtype=torch.float32 nan=0 range=[-0.950,1.000]
  [diag] card_logits nan=0 range=[-16.42,17.26]
  [diag] values nan=0 range=[-0.9496,0.8165]
[iter  23/30] steps= 5181 rollout_wr=0.505 (ussr=0.450 us=0.560) pl=-0.0149 vl=0.2618 ent=3.655 clip=0.117 kl=0.0034 t=18.9s (rollout=16.7s update=2.2s)
  [league] self: self | ussr_pool: ['v228_sc_scripted', 'v232_sc_scripted'] | us_pool: ['v228_sc_scripted', 'iter_0010']
  [pfsp]
    [ussr] v228_sc_scripted: WR_ussr=0.43(n=260) WR_us=0.46(n=160) pfsp=0.983
    [ussr] v232_sc_scripted: WR_ussr=0.45(n=280) WR_us=0.55(n=320) pfsp=0.991
    [us] v228_sc_scripted: WR_ussr=0.43(n=260) WR_us=0.46(n=160) pfsp=0.992
    [us] iter_0010: WR_ussr=0.51(n=200) WR_us=0.62(n=240) pfsp=0.942
  [diag] inf dtype=torch.float32 shape=torch.Size([2048, 172]) nan=0 inf_vals=0 range=[0.00,33.00]
  [diag] scalar dtype=torch.float32 nan=0 range=[-1.400,1.000]
  [diag] card_logits nan=0 range=[-16.91,16.57]
  [diag] values nan=0 range=[-0.9726,0.9021]
[iter  24/30] steps= 4744 rollout_wr=0.510 (ussr=0.460 us=0.560) pl=-0.0111 vl=0.2760 ent=3.556 clip=0.119 kl=0.0033 t=17.4s (rollout=15.3s update=2.1s)
  [league] self: self | ussr_pool: ['v57_scripted', 'heuristic'] | us_pool: ['v55_scripted', 'iter_0010']
  [pfsp]
    [ussr] v57_scripted: WR_ussr=0.89(n=236) WR_us=0.95(n=163) pfsp=0.405
    [ussr] heuristic: WR_ussr=0.56(n=340) WR_us=0.38(n=362) pfsp=0.983
    [us] v55_scripted: WR_ussr=0.88(n=234) WR_us=0.96(n=184) pfsp=0.146
    [us] iter_0010: WR_ussr=0.51(n=200) WR_us=0.60(n=280) pfsp=0.957
  [diag] inf dtype=torch.float32 shape=torch.Size([2048, 172]) nan=0 inf_vals=0 range=[0.00,36.00]
  [diag] scalar dtype=torch.float32 nan=0 range=[-1.100,1.050]
  [diag] card_logits nan=0 range=[-16.18,14.01]
  [diag] values nan=0 range=[-0.9568,0.9132]
[iter  25/30] steps= 3803 rollout_wr=0.720 (ussr=0.690 us=0.750) pl=-0.0123 vl=0.2998 ent=3.595 clip=0.094 kl=0.0027 t=14.0s (rollout=12.3s update=1.7s)
  [league] self: self | ussr_pool: ['iter_0001', 'iter_0001'] | us_pool: ['v228_sc_scripted', 'iter_0001']
  [pfsp]
    [ussr] iter_0001: WR_ussr=0.47(n=720) WR_us=0.61(n=600) pfsp=0.997
    [us] v228_sc_scripted: WR_ussr=0.45(n=300) WR_us=0.49(n=200) pfsp=1.000
    [us] iter_0001: WR_ussr=0.47(n=720) WR_us=0.61(n=600) pfsp=0.954
  [diag] inf dtype=torch.float32 shape=torch.Size([2048, 172]) nan=0 inf_vals=0 range=[0.00,35.00]
  [diag] scalar dtype=torch.float32 nan=0 range=[-1.000,1.050]
  [diag] card_logits nan=0 range=[-16.12,16.42]
  [diag] values nan=0 range=[-0.9556,0.9294]
[iter  26/30] steps= 4735 rollout_wr=0.565 (ussr=0.530 us=0.600) pl=-0.0160 vl=0.2991 ent=3.629 clip=0.146 kl=0.0045 t=17.9s (rollout=15.8s update=2.1s)
  [league] self: self | ussr_pool: ['iter_0020', 'v228_sc_scripted'] | us_pool: ['v232_sc_scripted', 'iter_0010']
  [pfsp]
    [ussr] iter_0020: WR_ussr=0.41(n=120) WR_us=0.53(n=40) pfsp=0.966
    [ussr] v228_sc_scripted: WR_ussr=0.45(n=300) WR_us=0.51(n=240) pfsp=0.990
    [us] v232_sc_scripted: WR_ussr=0.46(n=320) WR_us=0.55(n=320) pfsp=0.991
    [us] iter_0010: WR_ussr=0.51(n=200) WR_us=0.61(n=320) pfsp=0.949
  [diag] inf dtype=torch.float32 shape=torch.Size([2048, 172]) nan=0 inf_vals=0 range=[0.00,33.00]
  [diag] scalar dtype=torch.float32 nan=0 range=[-1.100,1.050]
  [diag] card_logits nan=0 range=[-16.79,16.83]
  [diag] values nan=0 range=[-0.9526,0.9208]
[iter  27/30] steps= 5095 rollout_wr=0.480 (ussr=0.500 us=0.460) pl=-0.0135 vl=0.2843 ent=3.647 clip=0.107 kl=0.0030 t=18.2s (rollout=16.2s update=2.1s)
  [league] self: self | ussr_pool: ['v55_scripted', 'iter_0020'] | us_pool: ['iter_0020', 'v217_sc_scripted']
  [pfsp]
    [ussr] v55_scripted: WR_ussr=0.88(n=234) WR_us=0.96(n=224) pfsp=0.408
    [ussr] iter_0020: WR_ussr=0.43(n=160) WR_us=0.53(n=40) pfsp=0.981
    [us] iter_0020: WR_ussr=0.43(n=160) WR_us=0.53(n=40) pfsp=0.997
    [us] v217_sc_scripted: WR_ussr=0.54(n=340) WR_us=0.62(n=360) pfsp=0.946
  [diag] inf dtype=torch.float32 shape=torch.Size([2048, 172]) nan=0 inf_vals=0 range=[0.00,31.00]
  [diag] scalar dtype=torch.float32 nan=0 range=[-0.950,1.000]
  [diag] card_logits nan=0 range=[-16.52,14.03]
  [diag] values nan=0 range=[-0.9497,0.8989]
[iter  28/30] steps= 4337 rollout_wr=0.580 (ussr=0.610 us=0.550) pl=-0.0061 vl=0.2919 ent=3.620 clip=0.099 kl=0.0029 t=15.2s (rollout=13.3s update=2.0s)
  [league] self: self | ussr_pool: ['iter_0010', 'iter_0001'] | us_pool: ['iter_0020', 'v228_sc_scripted']
  [pfsp]
    [ussr] iter_0010: WR_ussr=0.51(n=200) WR_us=0.59(n=360) pfsp=1.000
    [ussr] iter_0001: WR_ussr=0.47(n=800) WR_us=0.61(n=640) pfsp=0.997
    [us] iter_0020: WR_ussr=0.41(n=200) WR_us=0.54(n=80) pfsp=0.994
    [us] v228_sc_scripted: WR_ussr=0.46(n=340) WR_us=0.51(n=240) pfsp=0.999
  [diag] inf dtype=torch.float32 shape=torch.Size([2048, 172]) nan=0 inf_vals=0 range=[0.00,29.00]
  [diag] scalar dtype=torch.float32 nan=0 range=[-1.100,1.500]
  [diag] card_logits nan=0 range=[-16.07,15.19]
  [diag] values nan=0 range=[-0.9564,0.8283]
[iter  29/30] steps= 4808 rollout_wr=0.525 (ussr=0.510 us=0.540) pl=-0.0138 vl=0.2662 ent=3.728 clip=0.130 kl=0.0038 t=16.0s (rollout=13.9s update=2.1s)
  Saved to league pool: data/checkpoints/ppo_v237_sc_league/iter_0030.pt
  [league] self: self | ussr_pool: ['v232_sc_scripted', 'v217_sc_scripted'] | us_pool: ['iter_0001', 'iter_0001']
  [pfsp]
    [ussr] v232_sc_scripted: WR_ussr=0.46(n=320) WR_us=0.54(n=360) pfsp=0.992
    [ussr] v217_sc_scripted: WR_ussr=0.54(n=340) WR_us=0.61(n=400) pfsp=0.993
    [us] iter_0001: WR_ussr=0.47(n=840) WR_us=0.61(n=640) pfsp=0.952
  [diag] inf dtype=torch.float32 shape=torch.Size([2048, 172]) nan=0 inf_vals=0 range=[0.00,30.00]
  [diag] scalar dtype=torch.float32 nan=0 range=[-1.300,1.150]
  [diag] card_logits nan=0 range=[-16.21,16.45]
  [diag] values nan=0 range=[-0.9372,0.9016]
[iter  30/30] steps= 4705 rollout_wr=0.590 (ussr=0.630 us=0.550) pl=-0.0212 vl=0.2951 ent=3.672 clip=0.141 kl=0.0040 t=16.5s (rollout=14.4s update=2.1s)
  [jsd] iter=30 prev_iter=20 card_jsd=0.0067 top1=0.914 val_mae=0.0863
  [confirm] launched incremental Elo check for iter 30
  [panel eval] launched pid=1308949 iter=30 panel=['v55', 'v54', 'v44', 'v45', 'v48']
wandb: updating run metadata; uploading artifact run-0cc04a78-chartsrollout_wr_table-hi2mug
wandb: uploading artifact run-0cc04a78-chartsrollout_wr_table-hi2mug
wandb: uploading output.log; uploading wandb-summary.json; uploading config.yaml; uploading media/table/charts/rollout_wr_table_29_d4d1e18789b951ff75c6.table.json
wandb: uploading history steps 28-29, summary, console lines 334-344
wandb: 
wandb: Run history:
wandb:               approx_kl █▄▂▃▂▂▃▁▃▄▂▂▃▃▃▂▂▃▂▃▂▁▂▂▁▄▂▁▃▃
wandb:           clip_fraction █▄▂▂▁▂▃▂▃▄▂▃▂▂▄▃▂▃▂▄▂▂▂▂▁▃▂▁▃▃
wandb: core_scalar_weight_norm ▁▂▃▄▅▆▆▇███▇▇▆▅▅▄▄▄▄▅▅▆▅▆▆▄▃▄▅
wandb:                ent_coef ▁▁▁▁▁▁▁▁▁▁▁▁▁▁▁▁▁▁▁▁▁▁▁▁▁▁▁▁▁▁
wandb:                 entropy ██▆█▆▆▇▇▅▇▆█▆▃▅▇▄▄▄▃▂▃▃▁▂▃▃▃▅▄
wandb:             iter_time_s ▄▅▆▃▁▅▃▃▄▆▆▆▄▃▅▄▅▄▅▃█▆█▆▃▇▇▄▅▆
wandb:  jsd/card_early_vs_prev █▁
wandb:   jsd/card_late_vs_prev ▁█
wandb:    jsd/card_mid_vs_prev █▁
wandb:        jsd/card_vs_prev █▁
wandb:                    +208 ...
wandb: 
wandb: Run summary:
wandb:               approx_kl 0.00402
wandb:           clip_fraction 0.14131
wandb: core_scalar_weight_norm 4.05173
wandb:                ent_coef 0.003
wandb:                 entropy 3.67219
wandb:             iter_time_s 16.51274
wandb:  jsd/card_early_vs_prev 0.00719
wandb:   jsd/card_late_vs_prev 0.00534
wandb:    jsd/card_mid_vs_prev 0.00764
wandb:        jsd/card_vs_prev 0.00672
wandb:                    +208 ...
wandb: 
wandb: 🚀 View run ppo_v237_sc at: https://wandb.ai/korduban-ai/twilight-struggle-ai/runs/0cc04a78
wandb: ⭐️ View project at: https://wandb.ai/korduban-ai/twilight-struggle-ai
wandb: Synced 5 W&B file(s), 30 media file(s), 60 artifact file(s) and 0 other file(s)
wandb: Find logs at: ./wandb/run-20260414_064722-0cc04a78/logs

Training complete in 8.2 minutes
Checkpoints in: data/checkpoints/ppo_v237_sc_league
[ppo_train_dynamic] finished at 2026-04-14T13:55:39Z
