wandb: [wandb.login()] Loaded credentials for https://api.wandb.ai from WANDB_API_KEY.
wandb: Currently logged in as: dkorduban (korduban-ai) to https://api.wandb.ai. Use `wandb login --relogin` to force relogin
wandb: setting up run tesqshqc
wandb: Tracking run with wandb version 0.25.1
wandb: Run data is saved locally in /home/dkord/code/twilight-struggle-ai/wandb/run-20260408_112726-tesqshqc
wandb: Run `wandb offline` to turn off syncing.
wandb: Syncing run ppo_v8_scoring_tiers
wandb: ⭐️ View project at https://wandb.ai/korduban-ai/twilight-struggle-ai
wandb: 🚀 View run at https://wandb.ai/korduban-ai/twilight-struggle-ai/runs/tesqshqc
Loading checkpoint: data/checkpoints/ppo_v7_league/ppo_best.pt
  [load_model] partial warm-start scalar_encoder.weight: torch.Size([64, 60]) → torch.Size([64, 74])

Starting PPO training: 200 iterations × 200 games/iter, side=both
Device: cuda, lr=3e-05, clip=0.15, ent=0.05, vf=0.5
League training enabled (pool: data/checkpoints/ppo_v8_league, save-every=20)
  Saved to league pool: data/checkpoints/ppo_v8_league/iter_0001.pt
  [diag] inf dtype=torch.float32 shape=torch.Size([2048, 172]) nan=0 inf_vals=0 range=[0.00,40.00]
  [diag] scalar dtype=torch.float32 nan=0 range=[-0.950,1.000]
  [diag] card_logits nan=0 range=[-20.92,12.13]
  [diag] values nan=0 range=[-0.9319,0.8760]
[iter   1/200] steps=12386 rollout_wr=0.660 (ussr=0.820 us=0.500) pl=-0.0246 vl=0.0997 ent=3.995 clip=0.159 kl=0.0072 t=27.5s (rollout=19.5s update=8.0s)
  [diag] inf dtype=torch.float32 shape=torch.Size([2048, 172]) nan=0 inf_vals=0 range=[0.00,53.00]
  [diag] scalar dtype=torch.float32 nan=0 range=[-0.950,1.125]
  [diag] card_logits nan=0 range=[-20.58,12.11]
  [diag] values nan=0 range=[-0.9338,0.9506]
[iter   2/200] steps=13468 rollout_wr=0.395 (ussr=0.520 us=0.270) pl=-0.0202 vl=0.1052 ent=3.809 clip=0.171 kl=0.0076 t=23.1s (rollout=15.0s update=8.2s)
  [diag] inf dtype=torch.float32 shape=torch.Size([2048, 172]) nan=0 inf_vals=0 range=[0.00,58.00]
  [diag] scalar dtype=torch.float32 nan=0 range=[-0.950,1.000]
  [diag] card_logits nan=0 range=[-22.60,11.51]
  [diag] values nan=0 range=[-0.9586,0.9022]
[iter   3/200] steps=13117 rollout_wr=0.455 (ussr=0.620 us=0.290) pl=-0.0188 vl=0.0999 ent=3.760 clip=0.137 kl=0.0063 t=22.5s (rollout=14.6s update=7.9s)
  [diag] inf dtype=torch.float32 shape=torch.Size([2048, 172]) nan=0 inf_vals=0 range=[0.00,59.00]
  [diag] scalar dtype=torch.float32 nan=0 range=[-0.950,1.000]
  [diag] card_logits nan=0 range=[-20.29,11.95]
  [diag] values nan=0 range=[-0.9741,0.8913]
[iter   4/200] steps=13550 rollout_wr=0.465 (ussr=0.590 us=0.340) pl=-0.0166 vl=0.0993 ent=3.762 clip=0.104 kl=0.0045 t=22.6s (rollout=14.5s update=8.1s)
  [diag] inf dtype=torch.float32 shape=torch.Size([2048, 172]) nan=0 inf_vals=0 range=[0.00,54.00]
  [diag] scalar dtype=torch.float32 nan=0 range=[-0.950,1.125]
  [diag] card_logits nan=0 range=[-20.09,13.25]
  [diag] values nan=0 range=[-0.9807,0.9080]
[iter   5/200] steps=13134 rollout_wr=0.420 (ussr=0.620 us=0.220) pl=-0.0149 vl=0.0969 ent=3.847 clip=0.102 kl=0.0046 t=22.3s (rollout=14.5s update=7.8s)
  [diag] inf dtype=torch.float32 shape=torch.Size([2048, 172]) nan=0 inf_vals=0 range=[0.00,56.00]
  [diag] scalar dtype=torch.float32 nan=0 range=[-0.950,1.125]
  [diag] card_logits nan=0 range=[-18.98,12.52]
  [diag] values nan=0 range=[-0.9847,0.8510]
[iter   6/200] steps=13401 rollout_wr=0.470 (ussr=0.660 us=0.280) pl=-0.0147 vl=0.0952 ent=3.832 clip=0.120 kl=0.0054 t=22.3s (rollout=14.5s update=7.9s)
  [diag] inf dtype=torch.float32 shape=torch.Size([2048, 172]) nan=0 inf_vals=0 range=[0.00,57.00]
  [diag] scalar dtype=torch.float32 nan=0 range=[-0.950,1.000]
  [diag] card_logits nan=0 range=[-22.21,12.34]
  [diag] values nan=0 range=[-0.9752,0.9065]
[iter   7/200] steps=12981 rollout_wr=0.355 (ussr=0.540 us=0.170) pl=-0.0161 vl=0.0867 ent=3.894 clip=0.112 kl=0.0051 t=22.1s (rollout=14.2s update=7.9s)
  [diag] inf dtype=torch.float32 shape=torch.Size([2048, 172]) nan=0 inf_vals=0 range=[0.00,61.00]
  [diag] scalar dtype=torch.float32 nan=0 range=[-0.950,1.000]
  [diag] card_logits nan=0 range=[-19.93,11.04]
  [diag] values nan=0 range=[-0.9787,0.8917]
[iter   8/200] steps=13275 rollout_wr=0.440 (ussr=0.680 us=0.200) pl=-0.0160 vl=0.0921 ent=3.954 clip=0.119 kl=0.0052 t=22.3s (rollout=14.3s update=7.9s)
  [diag] inf dtype=torch.float32 shape=torch.Size([2048, 172]) nan=0 inf_vals=0 range=[0.00,52.00]
  [diag] scalar dtype=torch.float32 nan=0 range=[-0.950,1.000]
  [diag] card_logits nan=0 range=[-18.17,11.45]
  [diag] values nan=0 range=[-0.9853,0.8719]
[iter   9/200] steps=13469 rollout_wr=0.340 (ussr=0.460 us=0.220) pl=-0.0152 vl=0.0880 ent=3.972 clip=0.111 kl=0.0050 t=21.3s (rollout=13.9s update=7.3s)
  [diag] inf dtype=torch.float32 shape=torch.Size([2048, 172]) nan=0 inf_vals=0 range=[0.00,48.00]
  [diag] scalar dtype=torch.float32 nan=0 range=[-0.950,1.000]
  [diag] card_logits nan=0 range=[-18.37,11.01]
  [diag] values nan=0 range=[-0.9828,0.8460]
[iter  10/200] steps=13188 rollout_wr=0.425 (ussr=0.550 us=0.300) pl=-0.0146 vl=0.0941 ent=4.054 clip=0.125 kl=0.0056 t=21.3s (rollout=13.6s update=7.7s)
  [diag] inf dtype=torch.float32 shape=torch.Size([2048, 172]) nan=0 inf_vals=0 range=[0.00,51.00]
  [diag] scalar dtype=torch.float32 nan=0 range=[-0.950,1.125]
  [diag] card_logits nan=0 range=[-18.18,11.38]
  [diag] values nan=0 range=[-0.9704,0.8610]
[iter  11/200] steps=13490 rollout_wr=0.350 (ussr=0.550 us=0.150) pl=-0.0168 vl=0.0888 ent=4.066 clip=0.137 kl=0.0062 t=21.6s (rollout=13.6s update=7.9s)
  [diag] inf dtype=torch.float32 shape=torch.Size([2048, 172]) nan=0 inf_vals=0 range=[0.00,63.00]
  [diag] scalar dtype=torch.float32 nan=0 range=[-0.800,1.125]
  [diag] card_logits nan=0 range=[-19.97,12.88]
  [diag] values nan=0 range=[-0.9703,0.8975]
[iter  12/200] steps=13527 rollout_wr=0.440 (ussr=0.610 us=0.270) pl=-0.0158 vl=0.0900 ent=4.105 clip=0.097 kl=0.0047 t=20.9s (rollout=13.4s update=7.4s)
  [diag] inf dtype=torch.float32 shape=torch.Size([2048, 172]) nan=0 inf_vals=0 range=[0.00,67.00]
  [diag] scalar dtype=torch.float32 nan=0 range=[-0.950,1.125]
  [diag] card_logits nan=0 range=[-19.08,11.30]
  [diag] values nan=0 range=[-0.9638,0.8924]
[iter  13/200] steps=13165 rollout_wr=0.460 (ussr=0.630 us=0.290) pl=-0.0159 vl=0.0954 ent=4.101 clip=0.092 kl=0.0044 t=21.1s (rollout=13.5s update=7.6s)
  [diag] inf dtype=torch.float32 shape=torch.Size([2048, 172]) nan=0 inf_vals=0 range=[0.00,73.00]
  [diag] scalar dtype=torch.float32 nan=0 range=[-0.950,1.000]
  [diag] card_logits nan=0 range=[-17.52,11.55]
  [diag] values nan=0 range=[-0.9674,0.9410]
[iter  14/200] steps=13807 rollout_wr=0.495 (ussr=0.610 us=0.380) pl=-0.0167 vl=0.0990 ent=4.123 clip=0.109 kl=0.0053 t=21.6s (rollout=13.7s update=7.9s)
  [diag] inf dtype=torch.float32 shape=torch.Size([2048, 172]) nan=0 inf_vals=0 range=[0.00,63.00]
  [diag] scalar dtype=torch.float32 nan=0 range=[-0.950,1.000]
  [diag] card_logits nan=0 range=[-18.77,10.19]
  [diag] values nan=0 range=[-0.9598,0.8744]
[iter  15/200] steps=13302 rollout_wr=0.430 (ussr=0.560 us=0.300) pl=-0.0149 vl=0.0894 ent=4.204 clip=0.107 kl=0.0053 t=20.9s (rollout=13.3s update=7.6s)
  [diag] inf dtype=torch.float32 shape=torch.Size([2048, 172]) nan=0 inf_vals=0 range=[0.00,63.00]
  [diag] scalar dtype=torch.float32 nan=0 range=[-0.950,1.125]
  [diag] card_logits nan=0 range=[-19.28,9.86]
  [diag] values nan=0 range=[-0.9594,0.8343]
[iter  16/200] steps=13341 rollout_wr=0.480 (ussr=0.600 us=0.360) pl=-0.0158 vl=0.0911 ent=4.218 clip=0.088 kl=0.0049 t=21.0s (rollout=13.2s update=7.8s)
  [diag] inf dtype=torch.float32 shape=torch.Size([2048, 172]) nan=0 inf_vals=0 range=[0.00,41.00]
  [diag] scalar dtype=torch.float32 nan=0 range=[-0.950,1.125]
  [diag] card_logits nan=0 range=[-18.20,10.72]
  [diag] values nan=0 range=[-0.9796,0.9034]
[iter  17/200] steps=12745 rollout_wr=0.585 (ussr=0.750 us=0.420) pl=-0.0166 vl=0.1174 ent=4.333 clip=0.119 kl=0.0053 t=27.5s (rollout=20.2s update=7.3s)
  [diag] inf dtype=torch.float32 shape=torch.Size([2048, 172]) nan=0 inf_vals=0 range=[0.00,71.00]
  [diag] scalar dtype=torch.float32 nan=0 range=[-0.950,1.000]
  [diag] card_logits nan=0 range=[-18.29,11.55]
  [diag] values nan=0 range=[-0.9288,0.9360]
[iter  18/200] steps=13671 rollout_wr=0.420 (ussr=0.590 us=0.250) pl=-0.0160 vl=0.1001 ent=4.234 clip=0.111 kl=0.0051 t=21.6s (rollout=13.9s update=7.7s)
  [diag] inf dtype=torch.float32 shape=torch.Size([2048, 172]) nan=0 inf_vals=0 range=[0.00,84.00]
  [diag] scalar dtype=torch.float32 nan=0 range=[-0.950,1.125]
  [diag] card_logits nan=0 range=[-17.34,10.86]
  [diag] values nan=0 range=[-0.9397,0.9063]
[iter  19/200] steps=13465 rollout_wr=0.355 (ussr=0.510 us=0.200) pl=-0.0179 vl=0.0864 ent=4.243 clip=0.107 kl=0.0050 t=21.3s (rollout=13.5s update=7.8s)
  Saved to league pool: data/checkpoints/ppo_v8_league/iter_0020.pt
  [diag] inf dtype=torch.float32 shape=torch.Size([2048, 172]) nan=0 inf_vals=0 range=[0.00,54.00]
  [diag] scalar dtype=torch.float32 nan=0 range=[-0.950,1.000]
  [diag] card_logits nan=0 range=[-18.68,10.69]
  [diag] values nan=0 range=[-0.9763,0.8292]
[iter  20/200] steps=12554 rollout_wr=0.610 (ussr=0.770 us=0.450) pl=-0.0176 vl=0.1096 ent=4.234 clip=0.146 kl=0.0070 t=26.1s (rollout=19.2s update=6.9s)
  Running benchmark (500 games each side)...
  Benchmark: USSR=0.810 US=0.582 combined=0.696 (98s)
  New best: combined=0.696
  [diag] inf dtype=torch.float32 shape=torch.Size([2048, 172]) nan=0 inf_vals=0 range=[0.00,76.00]
  [diag] scalar dtype=torch.float32 nan=0 range=[-0.900,1.125]
  [diag] card_logits nan=0 range=[-19.38,11.27]
  [diag] values nan=0 range=[-0.9723,0.9341]
[iter  21/200] steps=13447 rollout_wr=0.445 (ussr=0.670 us=0.220) pl=-0.0183 vl=0.0786 ent=4.225 clip=0.110 kl=0.0047 t=20.7s (rollout=13.2s update=7.5s)
  [diag] inf dtype=torch.float32 shape=torch.Size([2048, 172]) nan=0 inf_vals=0 range=[0.00,65.00]
  [diag] scalar dtype=torch.float32 nan=0 range=[-0.900,1.125]
  [diag] card_logits nan=0 range=[-18.46,11.17]
  [diag] values nan=0 range=[-0.9581,0.9214]
[iter  22/200] steps=13471 rollout_wr=0.370 (ussr=0.550 us=0.190) pl=-0.0165 vl=0.0764 ent=4.298 clip=0.105 kl=0.0049 t=21.1s (rollout=13.3s update=7.8s)
  [diag] inf dtype=torch.float32 shape=torch.Size([2048, 172]) nan=0 inf_vals=0 range=[0.00,123.00]
  [diag] scalar dtype=torch.float32 nan=0 range=[-0.950,1.125]
  [diag] card_logits nan=0 range=[-19.32,11.75]
  [diag] values nan=0 range=[-0.9626,0.9323]
[iter  23/200] steps=13597 rollout_wr=0.410 (ussr=0.620 us=0.200) pl=-0.0148 vl=0.0773 ent=4.319 clip=0.096 kl=0.0043 t=21.7s (rollout=13.8s update=7.9s)
  [diag] inf dtype=torch.float32 shape=torch.Size([2048, 172]) nan=0 inf_vals=0 range=[0.00,62.00]
  [diag] scalar dtype=torch.float32 nan=0 range=[-0.950,1.125]
  [diag] card_logits nan=0 range=[-17.23,11.55]
  [diag] values nan=0 range=[-0.9708,0.9565]
[iter  24/200] steps=13873 rollout_wr=0.410 (ussr=0.550 us=0.270) pl=-0.0178 vl=0.0828 ent=4.306 clip=0.120 kl=0.0051 t=21.8s (rollout=14.0s update=7.9s)
  [diag] inf dtype=torch.float32 shape=torch.Size([2048, 172]) nan=0 inf_vals=0 range=[0.00,70.00]
  [diag] scalar dtype=torch.float32 nan=0 range=[-0.950,1.125]
  [diag] card_logits nan=0 range=[-18.80,11.15]
  [diag] values nan=0 range=[-0.9620,0.9671]
[iter  25/200] steps=13245 rollout_wr=0.520 (ussr=0.750 us=0.290) pl=-0.0179 vl=0.0789 ent=4.377 clip=0.134 kl=0.0061 t=20.9s (rollout=13.4s update=7.4s)
  [diag] inf dtype=torch.float32 shape=torch.Size([2048, 172]) nan=0 inf_vals=0 range=[0.00,82.00]
  [diag] scalar dtype=torch.float32 nan=0 range=[-0.950,1.125]
  [diag] card_logits nan=0 range=[-16.70,11.35]
  [diag] values nan=0 range=[-0.9548,0.9435]
[iter  26/200] steps=13573 rollout_wr=0.460 (ussr=0.650 us=0.270) pl=-0.0159 vl=0.0876 ent=4.379 clip=0.093 kl=0.0043 t=21.0s (rollout=13.6s update=7.5s)
  [diag] inf dtype=torch.float32 shape=torch.Size([2048, 172]) nan=0 inf_vals=0 range=[0.00,75.00]
  [diag] scalar dtype=torch.float32 nan=0 range=[-0.950,1.125]
  [diag] card_logits nan=0 range=[-18.97,11.22]
  [diag] values nan=0 range=[-0.9617,0.9655]
[iter  27/200] steps=13515 rollout_wr=0.470 (ussr=0.640 us=0.300) pl=-0.0175 vl=0.0834 ent=4.374 clip=0.081 kl=0.0040 t=21.3s (rollout=13.7s update=7.6s)
  [diag] inf dtype=torch.float32 shape=torch.Size([2048, 172]) nan=0 inf_vals=0 range=[0.00,75.00]
  [diag] scalar dtype=torch.float32 nan=0 range=[-0.950,1.125]
  [diag] card_logits nan=0 range=[-18.00,9.91]
  [diag] values nan=0 range=[-0.9602,0.9544]
[iter  28/200] steps=13602 rollout_wr=0.450 (ussr=0.620 us=0.280) pl=-0.0161 vl=0.0905 ent=4.438 clip=0.085 kl=0.0040 t=21.9s (rollout=13.7s update=8.2s)
  [diag] inf dtype=torch.float32 shape=torch.Size([2048, 172]) nan=0 inf_vals=0 range=[0.00,117.00]
  [diag] scalar dtype=torch.float32 nan=0 range=[-0.900,1.125]
  [diag] card_logits nan=0 range=[-19.43,12.18]
  [diag] values nan=0 range=[-0.9585,0.9717]
[iter  29/200] steps=13358 rollout_wr=0.340 (ussr=0.560 us=0.120) pl=-0.0198 vl=0.0714 ent=4.499 clip=0.119 kl=0.0053 t=21.0s (rollout=13.7s update=7.3s)
  [diag] inf dtype=torch.float32 shape=torch.Size([2048, 172]) nan=0 inf_vals=0 range=[0.00,59.00]
  [diag] scalar dtype=torch.float32 nan=0 range=[-0.950,1.125]
  [diag] card_logits nan=0 range=[-18.55,11.34]
  [diag] values nan=0 range=[-0.9406,0.9703]
[iter  30/200] steps=12661 rollout_wr=0.575 (ussr=0.770 us=0.380) pl=-0.0157 vl=0.0931 ent=4.465 clip=0.118 kl=0.0051 t=27.4s (rollout=19.9s update=7.5s)
  [diag] inf dtype=torch.float32 shape=torch.Size([2048, 172]) nan=0 inf_vals=0 range=[0.00,45.00]
  [diag] scalar dtype=torch.float32 nan=0 range=[-0.950,1.000]
  [diag] card_logits nan=0 range=[-17.25,9.54]
  [diag] values nan=0 range=[-0.9389,0.9602]
[iter  31/200] steps=12852 rollout_wr=0.570 (ussr=0.770 us=0.370) pl=-0.0191 vl=0.0984 ent=4.519 clip=0.106 kl=0.0047 t=27.6s (rollout=20.4s update=7.3s)
  [diag] inf dtype=torch.float32 shape=torch.Size([2048, 172]) nan=0 inf_vals=0 range=[0.00,68.00]
  [diag] scalar dtype=torch.float32 nan=0 range=[-0.950,1.125]
  [diag] card_logits nan=0 range=[-18.12,10.91]
  [diag] values nan=0 range=[-0.9454,0.9635]
[iter  32/200] steps=13357 rollout_wr=0.425 (ussr=0.590 us=0.260) pl=-0.0179 vl=0.0938 ent=4.364 clip=0.092 kl=0.0040 t=20.7s (rollout=13.3s update=7.4s)
  [diag] inf dtype=torch.float32 shape=torch.Size([2048, 172]) nan=0 inf_vals=0 range=[0.00,70.00]
  [diag] scalar dtype=torch.float32 nan=0 range=[-0.950,1.125]
  [diag] card_logits nan=0 range=[-19.37,10.30]
  [diag] values nan=0 range=[-0.9467,0.9520]
[iter  33/200] steps=13879 rollout_wr=0.405 (ussr=0.540 us=0.270) pl=-0.0168 vl=0.0890 ent=4.391 clip=0.095 kl=0.0042 t=21.6s (rollout=13.7s update=7.9s)
  [diag] inf dtype=torch.float32 shape=torch.Size([2048, 172]) nan=0 inf_vals=0 range=[0.00,48.00]
  [diag] scalar dtype=torch.float32 nan=0 range=[-0.950,1.000]
  [diag] card_logits nan=0 range=[-17.78,10.69]
  [diag] values nan=0 range=[-0.9501,0.9410]
[iter  34/200] steps=12682 rollout_wr=0.625 (ussr=0.790 us=0.460) pl=-0.0166 vl=0.1017 ent=4.494 clip=0.113 kl=0.0050 t=26.8s (rollout=19.6s update=7.2s)
  [diag] inf dtype=torch.float32 shape=torch.Size([2048, 172]) nan=0 inf_vals=0 range=[0.00,62.00]
  [diag] scalar dtype=torch.float32 nan=0 range=[-0.950,1.125]
  [diag] card_logits nan=0 range=[-16.94,11.29]
  [diag] values nan=0 range=[-0.9168,0.9341]
[iter  35/200] steps=13183 rollout_wr=0.465 (ussr=0.670 us=0.260) pl=-0.0163 vl=0.0829 ent=4.422 clip=0.082 kl=0.0038 t=21.1s (rollout=13.6s update=7.5s)
  [diag] inf dtype=torch.float32 shape=torch.Size([2048, 172]) nan=0 inf_vals=0 range=[0.00,69.00]
  [diag] scalar dtype=torch.float32 nan=0 range=[-0.950,1.000]
  [diag] card_logits nan=0 range=[-16.94,12.09]
  [diag] values nan=0 range=[-0.9379,0.9578]
[iter  36/200] steps=13381 rollout_wr=0.465 (ussr=0.690 us=0.240) pl=-0.0137 vl=0.0742 ent=4.400 clip=0.075 kl=0.0037 t=20.7s (rollout=13.4s update=7.3s)
  [diag] inf dtype=torch.float32 shape=torch.Size([2048, 172]) nan=0 inf_vals=0 range=[0.00,127.00]
  [diag] scalar dtype=torch.float32 nan=0 range=[-0.950,1.000]
  [diag] card_logits nan=0 range=[-16.90,9.58]
  [diag] values nan=0 range=[-0.9494,0.9637]
[iter  37/200] steps=13457 rollout_wr=0.475 (ussr=0.710 us=0.240) pl=-0.0175 vl=0.0812 ent=4.396 clip=0.111 kl=0.0049 t=21.0s (rollout=13.6s update=7.4s)
  [diag] inf dtype=torch.float32 shape=torch.Size([2048, 172]) nan=0 inf_vals=0 range=[0.00,62.00]
  [diag] scalar dtype=torch.float32 nan=0 range=[-0.950,1.000]
  [diag] card_logits nan=0 range=[-19.28,10.85]
  [diag] values nan=0 range=[-0.9495,0.9413]
[iter  38/200] steps=13910 rollout_wr=0.480 (ussr=0.640 us=0.320) pl=-0.0165 vl=0.0805 ent=4.434 clip=0.086 kl=0.0041 t=22.0s (rollout=13.8s update=8.2s)
  [diag] inf dtype=torch.float32 shape=torch.Size([2048, 172]) nan=0 inf_vals=0 range=[0.00,76.00]
  [diag] scalar dtype=torch.float32 nan=0 range=[-0.950,1.125]
  [diag] card_logits nan=0 range=[-18.90,9.90]
  [diag] values nan=0 range=[-0.9471,0.9613]
[iter  39/200] steps=13245 rollout_wr=0.525 (ussr=0.660 us=0.390) pl=-0.0170 vl=0.0982 ent=4.415 clip=0.095 kl=0.0042 t=20.9s (rollout=13.3s update=7.5s)
  Saved to league pool: data/checkpoints/ppo_v8_league/iter_0040.pt
  [diag] inf dtype=torch.float32 shape=torch.Size([2048, 172]) nan=0 inf_vals=0 range=[0.00,70.00]
  [diag] scalar dtype=torch.float32 nan=0 range=[-0.900,1.125]
  [diag] card_logits nan=0 range=[-16.68,9.92]
  [diag] values nan=0 range=[-0.9179,0.9770]
[iter  40/200] steps=13300 rollout_wr=0.500 (ussr=0.720 us=0.280) pl=-0.0156 vl=0.0833 ent=4.384 clip=0.077 kl=0.0035 t=21.2s (rollout=13.9s update=7.3s)
  Running benchmark (500 games each side)...
  Benchmark: USSR=0.874 US=0.530 combined=0.702 (97s)
  New best: combined=0.702
  [diag] inf dtype=torch.float32 shape=torch.Size([2048, 172]) nan=0 inf_vals=0 range=[0.00,60.00]
  [diag] scalar dtype=torch.float32 nan=0 range=[-0.900,1.125]
  [diag] card_logits nan=0 range=[-17.49,11.49]
  [diag] values nan=0 range=[-0.9356,0.9787]
[iter  41/200] steps=13160 rollout_wr=0.500 (ussr=0.690 us=0.310) pl=-0.0145 vl=0.0880 ent=4.403 clip=0.074 kl=0.0035 t=20.5s (rollout=13.0s update=7.5s)
  [diag] inf dtype=torch.float32 shape=torch.Size([2048, 172]) nan=0 inf_vals=0 range=[0.00,70.00]
  [diag] scalar dtype=torch.float32 nan=0 range=[-0.950,1.000]
  [diag] card_logits nan=0 range=[-16.62,10.88]
  [diag] values nan=0 range=[-0.9420,0.9674]
[iter  42/200] steps=13485 rollout_wr=0.415 (ussr=0.600 us=0.230) pl=-0.0161 vl=0.0824 ent=4.460 clip=0.093 kl=0.0042 t=20.9s (rollout=13.4s update=7.6s)
  [diag] inf dtype=torch.float32 shape=torch.Size([2048, 172]) nan=0 inf_vals=0 range=[0.00,70.00]
  [diag] scalar dtype=torch.float32 nan=0 range=[-0.950,1.000]
  [diag] card_logits nan=0 range=[-17.41,9.96]
  [diag] values nan=0 range=[-0.9236,0.9520]
[iter  43/200] steps=13428 rollout_wr=0.450 (ussr=0.670 us=0.230) pl=-0.0152 vl=0.0824 ent=4.374 clip=0.074 kl=0.0036 t=20.7s (rollout=13.2s update=7.5s)
  [diag] inf dtype=torch.float32 shape=torch.Size([2048, 172]) nan=0 inf_vals=0 range=[0.00,108.00]
  [diag] scalar dtype=torch.float32 nan=0 range=[-0.950,1.000]
  [diag] card_logits nan=0 range=[-16.46,11.37]
  [diag] values nan=0 range=[-0.9471,0.9628]
[iter  44/200] steps=13505 rollout_wr=0.410 (ussr=0.640 us=0.180) pl=-0.0156 vl=0.0848 ent=4.426 clip=0.069 kl=0.0033 t=20.6s (rollout=13.4s update=7.3s)
  [diag] inf dtype=torch.float32 shape=torch.Size([2048, 172]) nan=0 inf_vals=0 range=[0.00,69.00]
  [diag] scalar dtype=torch.float32 nan=0 range=[-0.950,1.000]
  [diag] card_logits nan=0 range=[-16.84,11.55]
  [diag] values nan=0 range=[-0.9492,0.9663]
[iter  45/200] steps=13447 rollout_wr=0.450 (ussr=0.660 us=0.240) pl=-0.0168 vl=0.0807 ent=4.397 clip=0.082 kl=0.0037 t=21.4s (rollout=13.6s update=7.8s)
  [diag] inf dtype=torch.float32 shape=torch.Size([2048, 172]) nan=0 inf_vals=0 range=[0.00,58.00]
  [diag] scalar dtype=torch.float32 nan=0 range=[-0.950,1.125]
  [diag] card_logits nan=0 range=[-19.44,10.78]
  [diag] values nan=0 range=[-0.9236,0.9601]
[iter  46/200] steps=13008 rollout_wr=0.430 (ussr=0.680 us=0.180) pl=-0.0212 vl=0.0728 ent=4.531 clip=0.109 kl=0.0046 t=20.2s (rollout=13.1s update=7.1s)
  [diag] inf dtype=torch.float32 shape=torch.Size([2048, 172]) nan=0 inf_vals=0 range=[0.00,65.00]
  [diag] scalar dtype=torch.float32 nan=0 range=[-0.950,1.125]
  [diag] card_logits nan=0 range=[-16.38,11.41]
  [diag] values nan=0 range=[-0.9416,0.9730]
[iter  47/200] steps=13054 rollout_wr=0.475 (ussr=0.720 us=0.230) pl=-0.0169 vl=0.0821 ent=4.488 clip=0.081 kl=0.0037 t=20.3s (rollout=13.2s update=7.1s)
  [diag] inf dtype=torch.float32 shape=torch.Size([2048, 172]) nan=0 inf_vals=0 range=[0.00,74.00]
  [diag] scalar dtype=torch.float32 nan=0 range=[-0.950,1.125]
  [diag] card_logits nan=0 range=[-15.49,10.28]
  [diag] values nan=0 range=[-0.9522,0.9865]
[iter  48/200] steps=13170 rollout_wr=0.455 (ussr=0.710 us=0.200) pl=-0.0170 vl=0.0730 ent=4.472 clip=0.080 kl=0.0038 t=20.5s (rollout=12.9s update=7.6s)
  [diag] inf dtype=torch.float32 shape=torch.Size([2048, 172]) nan=0 inf_vals=0 range=[0.00,83.00]
  [diag] scalar dtype=torch.float32 nan=0 range=[-0.950,1.125]
  [diag] card_logits nan=0 range=[-16.92,11.60]
  [diag] values nan=0 range=[-0.9300,0.9796]
[iter  49/200] steps=13570 rollout_wr=0.440 (ussr=0.680 us=0.200) pl=-0.0177 vl=0.0767 ent=4.505 clip=0.086 kl=0.0040 t=21.3s (rollout=13.7s update=7.6s)
  [diag] inf dtype=torch.float32 shape=torch.Size([2048, 172]) nan=0 inf_vals=0 range=[0.00,90.00]
  [diag] scalar dtype=torch.float32 nan=0 range=[-0.950,1.125]
  [diag] card_logits nan=0 range=[-15.50,10.42]
  [diag] values nan=0 range=[-0.9484,0.9605]
[iter  50/200] steps=13602 rollout_wr=0.455 (ussr=0.700 us=0.210) pl=-0.0166 vl=0.0797 ent=4.452 clip=0.091 kl=0.0040 t=21.2s (rollout=13.7s update=7.6s)
  [diag] inf dtype=torch.float32 shape=torch.Size([2048, 172]) nan=0 inf_vals=0 range=[0.00,65.00]
  [diag] scalar dtype=torch.float32 nan=0 range=[-0.950,1.000]
  [diag] card_logits nan=0 range=[-16.34,11.28]
  [diag] values nan=0 range=[-0.9223,0.9731]
[iter  51/200] steps=13657 rollout_wr=0.440 (ussr=0.660 us=0.220) pl=-0.0175 vl=0.0737 ent=4.476 clip=0.079 kl=0.0037 t=21.7s (rollout=14.0s update=7.7s)
  [diag] inf dtype=torch.float32 shape=torch.Size([2048, 172]) nan=0 inf_vals=0 range=[0.00,85.00]
  [diag] scalar dtype=torch.float32 nan=0 range=[-0.950,1.000]
  [diag] card_logits nan=0 range=[-14.61,11.25]
  [diag] values nan=0 range=[-0.9334,0.9825]
[iter  52/200] steps=13659 rollout_wr=0.505 (ussr=0.760 us=0.250) pl=-0.0175 vl=0.0767 ent=4.489 clip=0.068 kl=0.0033 t=21.4s (rollout=13.6s update=7.8s)
  [diag] inf dtype=torch.float32 shape=torch.Size([2048, 172]) nan=0 inf_vals=0 range=[0.00,76.00]
  [diag] scalar dtype=torch.float32 nan=0 range=[-0.950,1.125]
  [diag] card_logits nan=0 range=[-18.42,10.61]
  [diag] values nan=0 range=[-0.9491,0.9693]
[iter  53/200] steps=13212 rollout_wr=0.490 (ussr=0.730 us=0.250) pl=-0.0138 vl=0.0782 ent=4.480 clip=0.075 kl=0.0038 t=20.8s (rollout=13.3s update=7.5s)
  [diag] inf dtype=torch.float32 shape=torch.Size([2048, 172]) nan=0 inf_vals=0 range=[0.00,33.00]
  [diag] scalar dtype=torch.float32 nan=0 range=[-0.950,1.000]
  [diag] card_logits nan=0 range=[-15.10,11.25]
  [diag] values nan=0 range=[-0.9256,0.9752]
[iter  54/200] steps=12725 rollout_wr=0.535 (ussr=0.660 us=0.410) pl=-0.0197 vl=0.0950 ent=4.531 clip=0.146 kl=0.0065 t=26.8s (rollout=19.9s update=6.9s)
  [diag] inf dtype=torch.float32 shape=torch.Size([2048, 172]) nan=0 inf_vals=0 range=[0.00,90.00]
  [diag] scalar dtype=torch.float32 nan=0 range=[-0.900,1.000]
  [diag] card_logits nan=0 range=[-14.87,9.94]
  [diag] values nan=0 range=[-0.9351,0.9590]
[iter  55/200] steps=13329 rollout_wr=0.475 (ussr=0.700 us=0.250) pl=-0.0151 vl=0.0731 ent=4.515 clip=0.078 kl=0.0036 t=20.6s (rollout=13.3s update=7.2s)
  [diag] inf dtype=torch.float32 shape=torch.Size([2048, 172]) nan=0 inf_vals=0 range=[0.00,86.00]
  [diag] scalar dtype=torch.float32 nan=0 range=[-0.950,1.000]
  [diag] card_logits nan=0 range=[-16.22,11.76]
  [diag] values nan=0 range=[-0.9310,0.9724]
[iter  56/200] steps=13301 rollout_wr=0.540 (ussr=0.780 us=0.300) pl=-0.0157 vl=0.0791 ent=4.492 clip=0.078 kl=0.0037 t=21.0s (rollout=13.3s update=7.7s)
  [diag] inf dtype=torch.float32 shape=torch.Size([2048, 172]) nan=0 inf_vals=0 range=[0.00,64.00]
  [diag] scalar dtype=torch.float32 nan=0 range=[-0.950,1.125]
  [diag] card_logits nan=0 range=[-14.39,10.75]
  [diag] values nan=0 range=[-0.9274,0.9781]
[iter  57/200] steps=13243 rollout_wr=0.480 (ussr=0.670 us=0.290) pl=-0.0186 vl=0.0835 ent=4.518 clip=0.083 kl=0.0039 t=20.8s (rollout=13.6s update=7.2s)
  [diag] inf dtype=torch.float32 shape=torch.Size([2048, 172]) nan=0 inf_vals=0 range=[0.00,65.00]
  [diag] scalar dtype=torch.float32 nan=0 range=[-0.950,1.000]
  [diag] card_logits nan=0 range=[-18.47,11.04]
  [diag] values nan=0 range=[-0.9153,0.9728]
[iter  58/200] steps=12973 rollout_wr=0.555 (ussr=0.780 us=0.330) pl=-0.0183 vl=0.0735 ent=4.542 clip=0.108 kl=0.0047 t=20.2s (rollout=12.9s update=7.3s)
  [diag] inf dtype=torch.float32 shape=torch.Size([2048, 172]) nan=0 inf_vals=0 range=[0.00,60.00]
  [diag] scalar dtype=torch.float32 nan=0 range=[-0.950,1.000]
  [diag] card_logits nan=0 range=[-15.07,10.64]
  [diag] values nan=0 range=[-0.9082,0.9718]
[iter  59/200] steps=13114 rollout_wr=0.490 (ussr=0.750 us=0.230) pl=-0.0153 vl=0.0808 ent=4.563 clip=0.100 kl=0.0049 t=21.0s (rollout=13.1s update=7.9s)
  Saved to league pool: data/checkpoints/ppo_v8_league/iter_0060.pt
  [diag] inf dtype=torch.float32 shape=torch.Size([2048, 172]) nan=0 inf_vals=0 range=[0.00,68.00]
  [diag] scalar dtype=torch.float32 nan=0 range=[-0.950,1.000]
  [diag] card_logits nan=0 range=[-14.67,10.54]
  [diag] values nan=0 range=[-0.9357,0.9810]
[iter  60/200] steps=13123 rollout_wr=0.400 (ussr=0.600 us=0.200) pl=-0.0147 vl=0.0910 ent=4.539 clip=0.074 kl=0.0033 t=20.8s (rollout=13.2s update=7.6s)
  Running benchmark (500 games each side)...
  Benchmark: USSR=0.900 US=0.620 combined=0.760 (89s)
  New best: combined=0.760
  [diag] inf dtype=torch.float32 shape=torch.Size([2048, 172]) nan=0 inf_vals=0 range=[0.00,74.00]
  [diag] scalar dtype=torch.float32 nan=0 range=[-0.950,1.000]
  [diag] card_logits nan=0 range=[-15.53,10.21]
  [diag] values nan=0 range=[-0.9480,0.9461]
[iter  61/200] steps=13594 rollout_wr=0.405 (ussr=0.700 us=0.110) pl=-0.0170 vl=0.0611 ent=4.527 clip=0.099 kl=0.0047 t=20.5s (rollout=13.1s update=7.5s)
  [diag] inf dtype=torch.float32 shape=torch.Size([2048, 172]) nan=0 inf_vals=0 range=[0.00,73.00]
  [diag] scalar dtype=torch.float32 nan=0 range=[-0.950,1.000]
  [diag] card_logits nan=0 range=[-14.46,10.40]
  [diag] values nan=0 range=[-0.9472,0.9743]
[iter  62/200] steps=13556 rollout_wr=0.400 (ussr=0.610 us=0.190) pl=-0.0164 vl=0.0674 ent=4.575 clip=0.076 kl=0.0036 t=20.8s (rollout=13.4s update=7.4s)
  [diag] inf dtype=torch.float32 shape=torch.Size([2048, 172]) nan=0 inf_vals=0 range=[0.00,76.00]
  [diag] scalar dtype=torch.float32 nan=0 range=[-0.950,1.125]
  [diag] card_logits nan=0 range=[-16.30,10.02]
  [diag] values nan=0 range=[-0.9653,0.9696]
[iter  63/200] steps=13097 rollout_wr=0.445 (ussr=0.660 us=0.230) pl=-0.0177 vl=0.0785 ent=4.554 clip=0.098 kl=0.0042 t=21.5s (rollout=13.5s update=8.0s)
  [diag] inf dtype=torch.float32 shape=torch.Size([2048, 172]) nan=0 inf_vals=0 range=[0.00,69.00]
  [diag] scalar dtype=torch.float32 nan=0 range=[-0.950,1.000]
  [diag] card_logits nan=0 range=[-15.95,11.23]
  [diag] values nan=0 range=[-0.9500,0.9691]
[iter  64/200] steps=13611 rollout_wr=0.485 (ussr=0.730 us=0.240) pl=-0.0162 vl=0.0793 ent=4.507 clip=0.090 kl=0.0045 t=20.9s (rollout=13.4s update=7.5s)
  [diag] inf dtype=torch.float32 shape=torch.Size([2048, 172]) nan=0 inf_vals=0 range=[0.00,143.00]
  [diag] scalar dtype=torch.float32 nan=0 range=[-0.950,1.000]
  [diag] card_logits nan=0 range=[-14.96,10.96]
  [diag] values nan=0 range=[-0.9272,0.9827]
[iter  65/200] steps=13469 rollout_wr=0.385 (ussr=0.660 us=0.110) pl=-0.0173 vl=0.0716 ent=4.484 clip=0.097 kl=0.0040 t=20.8s (rollout=13.4s update=7.4s)
  [diag] inf dtype=torch.float32 shape=torch.Size([2048, 172]) nan=0 inf_vals=0 range=[0.00,68.00]
  [diag] scalar dtype=torch.float32 nan=0 range=[-0.900,1.125]
  [diag] card_logits nan=0 range=[-17.08,12.19]
  [diag] values nan=0 range=[-0.9554,0.9695]
[iter  66/200] steps=13002 rollout_wr=0.410 (ussr=0.630 us=0.190) pl=-0.0187 vl=0.0811 ent=4.464 clip=0.070 kl=0.0037 t=19.7s (rollout=12.2s update=7.5s)
  [diag] inf dtype=torch.float32 shape=torch.Size([2048, 172]) nan=0 inf_vals=0 range=[0.00,69.00]
  [diag] scalar dtype=torch.float32 nan=0 range=[-0.950,1.000]
  [diag] card_logits nan=0 range=[-16.42,10.24]
  [diag] values nan=0 range=[-0.9209,0.9449]
[iter  67/200] steps=13299 rollout_wr=0.535 (ussr=0.750 us=0.320) pl=-0.0175 vl=0.0766 ent=4.441 clip=0.078 kl=0.0036 t=20.3s (rollout=13.0s update=7.3s)
  [diag] inf dtype=torch.float32 shape=torch.Size([2048, 172]) nan=0 inf_vals=0 range=[0.00,60.00]
  [diag] scalar dtype=torch.float32 nan=0 range=[-0.950,1.000]
  [diag] card_logits nan=0 range=[-18.24,11.66]
  [diag] values nan=0 range=[-0.9138,0.9576]
[iter  68/200] steps=12765 rollout_wr=0.515 (ussr=0.650 us=0.380) pl=-0.0194 vl=0.0965 ent=4.426 clip=0.102 kl=0.0044 t=19.7s (rollout=12.7s update=7.1s)
  [diag] inf dtype=torch.float32 shape=torch.Size([2048, 172]) nan=0 inf_vals=0 range=[0.00,63.00]
  [diag] scalar dtype=torch.float32 nan=0 range=[-0.950,1.000]
  [diag] card_logits nan=0 range=[-15.40,11.06]
  [diag] values nan=0 range=[-0.9557,0.9517]
[iter  69/200] steps=13298 rollout_wr=0.510 (ussr=0.690 us=0.330) pl=-0.0141 vl=0.0857 ent=4.458 clip=0.066 kl=0.0032 t=20.9s (rollout=13.4s update=7.6s)
  [diag] inf dtype=torch.float32 shape=torch.Size([2048, 172]) nan=0 inf_vals=0 range=[0.00,59.00]
  [diag] scalar dtype=torch.float32 nan=0 range=[-0.950,1.125]
  [diag] card_logits nan=0 range=[-15.93,11.10]
  [diag] values nan=0 range=[-0.9570,0.9790]
[iter  70/200] steps=12932 rollout_wr=0.450 (ussr=0.660 us=0.240) pl=-0.0174 vl=0.0819 ent=4.452 clip=0.077 kl=0.0036 t=20.2s (rollout=12.9s update=7.2s)
  [diag] inf dtype=torch.float32 shape=torch.Size([2048, 172]) nan=0 inf_vals=0 range=[0.00,52.00]
  [diag] scalar dtype=torch.float32 nan=0 range=[-0.950,1.125]
  [diag] card_logits nan=0 range=[-13.91,11.97]
  [diag] values nan=0 range=[-0.9628,0.9683]
[iter  71/200] steps=13257 rollout_wr=0.420 (ussr=0.620 us=0.220) pl=-0.0163 vl=0.0797 ent=4.515 clip=0.069 kl=0.0034 t=20.8s (rollout=13.4s update=7.4s)
  [diag] inf dtype=torch.float32 shape=torch.Size([2048, 172]) nan=0 inf_vals=0 range=[0.00,58.00]
  [diag] scalar dtype=torch.float32 nan=0 range=[-0.950,1.125]
  [diag] card_logits nan=0 range=[-14.51,10.30]
  [diag] values nan=0 range=[-0.9563,0.9661]
[iter  72/200] steps=13351 rollout_wr=0.555 (ussr=0.750 us=0.360) pl=-0.0155 vl=0.0894 ent=4.545 clip=0.076 kl=0.0037 t=20.8s (rollout=13.4s update=7.4s)
  [diag] inf dtype=torch.float32 shape=torch.Size([2048, 172]) nan=0 inf_vals=0 range=[0.00,68.00]
  [diag] scalar dtype=torch.float32 nan=0 range=[-0.950,1.125]
  [diag] card_logits nan=0 range=[-16.05,10.11]
  [diag] values nan=0 range=[-0.9392,0.9772]
[iter  73/200] steps=13234 rollout_wr=0.475 (ussr=0.680 us=0.270) pl=-0.0167 vl=0.0940 ent=4.534 clip=0.063 kl=0.0030 t=20.4s (rollout=13.2s update=7.2s)
  [diag] inf dtype=torch.float32 shape=torch.Size([2048, 172]) nan=0 inf_vals=0 range=[0.00,63.00]
  [diag] scalar dtype=torch.float32 nan=0 range=[-0.950,1.000]
  [diag] card_logits nan=0 range=[-16.48,10.01]
  [diag] values nan=0 range=[-0.9377,0.9682]
[iter  74/200] steps=13187 rollout_wr=0.520 (ussr=0.710 us=0.330) pl=-0.0146 vl=0.0827 ent=4.473 clip=0.074 kl=0.0035 t=20.6s (rollout=13.4s update=7.3s)
  [diag] inf dtype=torch.float32 shape=torch.Size([2048, 172]) nan=0 inf_vals=0 range=[0.00,66.00]
  [diag] scalar dtype=torch.float32 nan=0 range=[-0.950,1.125]
  [diag] card_logits nan=0 range=[-14.96,9.98]
  [diag] values nan=0 range=[-0.9266,0.9789]
[iter  75/200] steps=13324 rollout_wr=0.465 (ussr=0.660 us=0.270) pl=-0.0174 vl=0.0728 ent=4.496 clip=0.083 kl=0.0039 t=21.2s (rollout=13.4s update=7.8s)
  [diag] inf dtype=torch.float32 shape=torch.Size([2048, 172]) nan=0 inf_vals=0 range=[0.00,69.00]
  [diag] scalar dtype=torch.float32 nan=0 range=[-0.950,1.125]
  [diag] card_logits nan=0 range=[-15.99,9.90]
  [diag] values nan=0 range=[-0.9269,0.9543]
[iter  76/200] steps=13655 rollout_wr=0.510 (ussr=0.620 us=0.400) pl=-0.0163 vl=0.0917 ent=4.445 clip=0.065 kl=0.0034 t=21.2s (rollout=13.6s update=7.5s)
  [diag] inf dtype=torch.float32 shape=torch.Size([2048, 172]) nan=0 inf_vals=0 range=[0.00,52.00]
  [diag] scalar dtype=torch.float32 nan=0 range=[-0.950,1.000]
  [diag] card_logits nan=0 range=[-15.70,10.02]
  [diag] values nan=0 range=[-0.9360,0.9637]
[iter  77/200] steps=12524 rollout_wr=0.605 (ussr=0.730 us=0.480) pl=-0.0105 vl=0.0996 ent=4.520 clip=0.107 kl=0.0052 t=27.3s (rollout=19.9s update=7.4s)
  [diag] inf dtype=torch.float32 shape=torch.Size([2048, 172]) nan=0 inf_vals=0 range=[0.00,57.00]
  [diag] scalar dtype=torch.float32 nan=0 range=[-0.950,1.125]
  [diag] card_logits nan=0 range=[-15.91,10.58]
  [diag] values nan=0 range=[-0.9441,0.9610]
[iter  78/200] steps=13242 rollout_wr=0.450 (ussr=0.740 us=0.160) pl=-0.0169 vl=0.0806 ent=4.537 clip=0.114 kl=0.0052 t=20.1s (rollout=12.6s update=7.6s)
  [diag] inf dtype=torch.float32 shape=torch.Size([2048, 172]) nan=0 inf_vals=0 range=[0.00,73.00]
  [diag] scalar dtype=torch.float32 nan=0 range=[-0.950,1.125]
  [diag] card_logits nan=0 range=[-15.14,10.95]
  [diag] values nan=0 range=[-0.9386,0.9648]
[iter  79/200] steps=13226 rollout_wr=0.455 (ussr=0.680 us=0.230) pl=-0.0187 vl=0.0815 ent=4.522 clip=0.087 kl=0.0040 t=20.2s (rollout=12.9s update=7.3s)
  Saved to league pool: data/checkpoints/ppo_v8_league/iter_0080.pt
  [diag] inf dtype=torch.float32 shape=torch.Size([2048, 172]) nan=0 inf_vals=0 range=[0.00,55.00]
  [diag] scalar dtype=torch.float32 nan=0 range=[-0.950,1.000]
  [diag] card_logits nan=0 range=[-16.14,9.96]
  [diag] values nan=0 range=[-0.9320,0.9642]
[iter  80/200] steps=13383 rollout_wr=0.575 (ussr=0.750 us=0.400) pl=-0.0182 vl=0.0828 ent=4.444 clip=0.106 kl=0.0046 t=21.0s (rollout=13.3s update=7.6s)
  Running benchmark (500 games each side)...
  Benchmark: USSR=0.886 US=0.660 combined=0.773 (88s)
  New best: combined=0.773
  [diag] inf dtype=torch.float32 shape=torch.Size([2048, 172]) nan=0 inf_vals=0 range=[0.00,39.00]
  [diag] scalar dtype=torch.float32 nan=0 range=[-0.950,1.125]
  [diag] card_logits nan=0 range=[-15.54,11.04]
  [diag] values nan=0 range=[-0.9069,0.9681]
[iter  81/200] steps=12770 rollout_wr=0.580 (ussr=0.750 us=0.410) pl=-0.0196 vl=0.1019 ent=4.459 clip=0.093 kl=0.0048 t=26.8s (rollout=19.5s update=7.2s)
  [diag] inf dtype=torch.float32 shape=torch.Size([2048, 172]) nan=0 inf_vals=0 range=[0.00,31.00]
  [diag] scalar dtype=torch.float32 nan=0 range=[-0.950,1.000]
  [diag] card_logits nan=0 range=[-15.38,10.18]
  [diag] values nan=0 range=[-0.9091,0.9430]
[iter  82/200] steps=12562 rollout_wr=0.615 (ussr=0.800 us=0.430) pl=-0.0192 vl=0.0940 ent=4.509 clip=0.080 kl=0.0040 t=26.0s (rollout=19.1s update=6.8s)
  [diag] inf dtype=torch.float32 shape=torch.Size([2048, 172]) nan=0 inf_vals=0 range=[0.00,63.00]
  [diag] scalar dtype=torch.float32 nan=0 range=[-0.950,1.125]
  [diag] card_logits nan=0 range=[-17.49,10.85]
  [diag] values nan=0 range=[-0.9357,0.9483]
[iter  83/200] steps=13044 rollout_wr=0.390 (ussr=0.650 us=0.130) pl=-0.0172 vl=0.0729 ent=4.451 clip=0.089 kl=0.0040 t=19.3s (rollout=12.2s update=7.2s)
  [diag] inf dtype=torch.float32 shape=torch.Size([2048, 172]) nan=0 inf_vals=0 range=[0.00,30.00]
  [diag] scalar dtype=torch.float32 nan=0 range=[-0.950,1.000]
  [diag] card_logits nan=0 range=[-15.16,11.04]
  [diag] values nan=0 range=[-0.9199,0.9321]
[iter  84/200] steps=12424 rollout_wr=0.600 (ussr=0.800 us=0.400) pl=-0.0165 vl=0.0992 ent=4.556 clip=0.082 kl=0.0042 t=26.5s (rollout=19.3s update=7.2s)
  [diag] inf dtype=torch.float32 shape=torch.Size([2048, 172]) nan=0 inf_vals=0 range=[0.00,69.00]
  [diag] scalar dtype=torch.float32 nan=0 range=[-0.950,1.000]
  [diag] card_logits nan=0 range=[-15.74,10.00]
  [diag] values nan=0 range=[-0.9375,0.9588]
[iter  85/200] steps=13415 rollout_wr=0.565 (ussr=0.730 us=0.400) pl=-0.0170 vl=0.0800 ent=4.459 clip=0.078 kl=0.0037 t=20.5s (rollout=13.2s update=7.4s)
  [diag] inf dtype=torch.float32 shape=torch.Size([2048, 172]) nan=0 inf_vals=0 range=[0.00,64.00]
  [diag] scalar dtype=torch.float32 nan=0 range=[-0.950,1.125]
  [diag] card_logits nan=0 range=[-17.38,10.71]
  [diag] values nan=0 range=[-0.9491,0.9783]
[iter  86/200] steps=13055 rollout_wr=0.435 (ussr=0.640 us=0.230) pl=-0.0180 vl=0.0904 ent=4.468 clip=0.073 kl=0.0036 t=19.9s (rollout=12.3s update=7.6s)
  [diag] inf dtype=torch.float32 shape=torch.Size([2048, 172]) nan=0 inf_vals=0 range=[0.00,120.00]
  [diag] scalar dtype=torch.float32 nan=0 range=[-0.900,1.000]
  [diag] card_logits nan=0 range=[-15.99,10.10]
  [diag] values nan=0 range=[-0.9563,0.9574]
[iter  87/200] steps=13201 rollout_wr=0.435 (ussr=0.720 us=0.150) pl=-0.0195 vl=0.0800 ent=4.514 clip=0.119 kl=0.0049 t=20.5s (rollout=12.8s update=7.7s)
  [diag] inf dtype=torch.float32 shape=torch.Size([2048, 172]) nan=0 inf_vals=0 range=[0.00,70.00]
  [diag] scalar dtype=torch.float32 nan=0 range=[-0.950,1.000]
  [diag] card_logits nan=0 range=[-15.76,10.52]
  [diag] values nan=0 range=[-0.9413,0.9713]
[iter  88/200] steps=12998 rollout_wr=0.375 (ussr=0.570 us=0.180) pl=-0.0179 vl=0.0908 ent=4.506 clip=0.065 kl=0.0033 t=19.9s (rollout=12.5s update=7.4s)
  [diag] inf dtype=torch.float32 shape=torch.Size([2048, 172]) nan=0 inf_vals=0 range=[0.00,116.00]
  [diag] scalar dtype=torch.float32 nan=0 range=[-0.900,1.000]
  [diag] card_logits nan=0 range=[-17.18,10.56]
  [diag] values nan=0 range=[-0.9379,0.9511]
[iter  89/200] steps=12773 rollout_wr=0.485 (ussr=0.740 us=0.230) pl=-0.0185 vl=0.0849 ent=4.428 clip=0.076 kl=0.0035 t=19.8s (rollout=12.5s update=7.2s)
  [diag] inf dtype=torch.float32 shape=torch.Size([2048, 172]) nan=0 inf_vals=0 range=[0.00,87.00]
  [diag] scalar dtype=torch.float32 nan=0 range=[-0.950,1.125]
  [diag] card_logits nan=0 range=[-14.56,10.24]
  [diag] values nan=0 range=[-0.9310,0.9726]
[iter  90/200] steps=13053 rollout_wr=0.410 (ussr=0.610 us=0.210) pl=-0.0157 vl=0.0754 ent=4.501 clip=0.101 kl=0.0044 t=19.7s (rollout=12.5s update=7.2s)
  [diag] inf dtype=torch.float32 shape=torch.Size([2048, 172]) nan=0 inf_vals=0 range=[0.00,97.00]
  [diag] scalar dtype=torch.float32 nan=0 range=[-0.950,1.000]
  [diag] card_logits nan=0 range=[-15.59,9.39]
  [diag] values nan=0 range=[-0.9368,0.9541]
[iter  91/200] steps=12790 rollout_wr=0.405 (ussr=0.690 us=0.120) pl=-0.0162 vl=0.0708 ent=4.497 clip=0.095 kl=0.0041 t=19.4s (rollout=12.4s update=7.0s)
  [diag] inf dtype=torch.float32 shape=torch.Size([2048, 172]) nan=0 inf_vals=0 range=[0.00,114.00]
  [diag] scalar dtype=torch.float32 nan=0 range=[-0.900,1.000]
  [diag] card_logits nan=0 range=[-16.26,10.51]
  [diag] values nan=0 range=[-0.9455,0.9794]
[iter  92/200] steps=13203 rollout_wr=0.410 (ussr=0.630 us=0.190) pl=-0.0139 vl=0.0908 ent=4.499 clip=0.077 kl=0.0036 t=20.7s (rollout=13.0s update=7.7s)
  [diag] inf dtype=torch.float32 shape=torch.Size([2048, 172]) nan=0 inf_vals=0 range=[0.00,35.00]
  [diag] scalar dtype=torch.float32 nan=0 range=[-0.950,1.125]
  [diag] card_logits nan=0 range=[-16.33,10.27]
  [diag] values nan=0 range=[-0.8957,0.9699]
[iter  93/200] steps=12908 rollout_wr=0.605 (ussr=0.780 us=0.430) pl=-0.0213 vl=0.1025 ent=4.545 clip=0.088 kl=0.0075 t=27.7s (rollout=20.1s update=7.6s)
  [diag] inf dtype=torch.float32 shape=torch.Size([2048, 172]) nan=0 inf_vals=0 range=[0.00,90.00]
  [diag] scalar dtype=torch.float32 nan=0 range=[-0.950,1.000]
  [diag] card_logits nan=0 range=[-15.61,10.27]
  [diag] values nan=0 range=[-0.9186,0.9632]
[iter  94/200] steps=13019 rollout_wr=0.390 (ussr=0.600 us=0.180) pl=-0.0193 vl=0.0813 ent=4.441 clip=0.078 kl=0.0039 t=19.7s (rollout=12.6s update=7.1s)
  [diag] inf dtype=torch.float32 shape=torch.Size([2048, 172]) nan=0 inf_vals=0 range=[0.00,74.00]
  [diag] scalar dtype=torch.float32 nan=0 range=[-0.900,1.000]
  [diag] card_logits nan=0 range=[-18.50,10.91]
  [diag] values nan=0 range=[-0.9357,0.9709]
[iter  95/200] steps=12947 rollout_wr=0.420 (ussr=0.640 us=0.200) pl=-0.0158 vl=0.0875 ent=4.502 clip=0.072 kl=0.0035 t=19.8s (rollout=12.4s update=7.3s)
  [diag] inf dtype=torch.float32 shape=torch.Size([2048, 172]) nan=0 inf_vals=0 range=[0.00,74.00]
  [diag] scalar dtype=torch.float32 nan=0 range=[-0.950,1.125]
  [diag] card_logits nan=0 range=[-18.67,10.27]
  [diag] values nan=0 range=[-0.9202,0.9659]
[iter  96/200] steps=13203 rollout_wr=0.575 (ussr=0.740 us=0.410) pl=-0.0184 vl=0.0834 ent=4.497 clip=0.115 kl=0.0052 t=20.9s (rollout=13.4s update=7.5s)
  [diag] inf dtype=torch.float32 shape=torch.Size([2048, 172]) nan=0 inf_vals=0 range=[0.00,74.00]
  [diag] scalar dtype=torch.float32 nan=0 range=[-0.950,1.000]
  [diag] card_logits nan=0 range=[-16.10,9.86]
  [diag] values nan=0 range=[-0.9170,0.9677]
[iter  97/200] steps=12903 rollout_wr=0.460 (ussr=0.680 us=0.240) pl=-0.0175 vl=0.0957 ent=4.586 clip=0.071 kl=0.0035 t=20.2s (rollout=13.0s update=7.2s)
  [diag] inf dtype=torch.float32 shape=torch.Size([2048, 172]) nan=0 inf_vals=0 range=[0.00,39.00]
  [diag] scalar dtype=torch.float32 nan=0 range=[-0.950,1.000]
  [diag] card_logits nan=0 range=[-16.63,10.24]
  [diag] values nan=0 range=[-0.9596,0.9039]
[iter  98/200] steps=12275 rollout_wr=0.640 (ussr=0.820 us=0.460) pl=-0.0161 vl=0.0943 ent=4.570 clip=0.076 kl=0.0037 t=26.5s (rollout=19.4s update=7.1s)
  [diag] inf dtype=torch.float32 shape=torch.Size([2048, 172]) nan=0 inf_vals=0 range=[0.00,38.00]
  [diag] scalar dtype=torch.float32 nan=0 range=[-0.950,1.000]
  [diag] card_logits nan=0 range=[-16.70,9.84]
  [diag] values nan=0 range=[-0.8911,0.9420]
[iter  99/200] steps=12246 rollout_wr=0.580 (ussr=0.800 us=0.360) pl=-0.0195 vl=0.0884 ent=4.601 clip=0.127 kl=0.0093 t=26.3s (rollout=19.2s update=7.0s)
  Saved to league pool: data/checkpoints/ppo_v8_league/iter_0100.pt
  [diag] inf dtype=torch.float32 shape=torch.Size([2048, 172]) nan=0 inf_vals=0 range=[0.00,80.00]
  [diag] scalar dtype=torch.float32 nan=0 range=[-0.900,1.000]
  [diag] card_logits nan=0 range=[-14.12,10.70]
  [diag] values nan=0 range=[-0.9289,0.9485]
[iter 100/200] steps=13247 rollout_wr=0.370 (ussr=0.610 us=0.130) pl=-0.0151 vl=0.0830 ent=4.524 clip=0.109 kl=0.0046 t=20.8s (rollout=13.3s update=7.5s)
  Running benchmark (500 games each side)...
  Benchmark: USSR=0.904 US=0.724 combined=0.814 (85s)
  New best: combined=0.814
  [diag] inf dtype=torch.float32 shape=torch.Size([2048, 172]) nan=0 inf_vals=0 range=[0.00,81.00]
  [diag] scalar dtype=torch.float32 nan=0 range=[-0.950,1.125]
  [diag] card_logits nan=0 range=[-15.88,10.24]
  [diag] values nan=0 range=[-0.9395,0.9602]
[iter 101/200] steps=12838 rollout_wr=0.450 (ussr=0.700 us=0.200) pl=-0.0175 vl=0.0892 ent=4.560 clip=0.137 kl=0.0064 t=19.3s (rollout=12.3s update=7.0s)
  [diag] inf dtype=torch.float32 shape=torch.Size([2048, 172]) nan=0 inf_vals=0 range=[0.00,55.00]
  [diag] scalar dtype=torch.float32 nan=0 range=[-0.950,1.250]
  [diag] card_logits nan=0 range=[-15.72,10.49]
  [diag] values nan=0 range=[-0.9400,0.9683]
[iter 102/200] steps=12936 rollout_wr=0.400 (ussr=0.630 us=0.170) pl=-0.0155 vl=0.0754 ent=4.550 clip=0.069 kl=0.0033 t=20.4s (rollout=13.0s update=7.4s)
  [diag] inf dtype=torch.float32 shape=torch.Size([2048, 172]) nan=0 inf_vals=0 range=[0.00,66.00]
  [diag] scalar dtype=torch.float32 nan=0 range=[-0.900,1.125]
  [diag] card_logits nan=0 range=[-17.11,10.54]
  [diag] values nan=0 range=[-0.9382,0.9566]
[iter 103/200] steps=13288 rollout_wr=0.395 (ussr=0.610 us=0.180) pl=-0.0171 vl=0.0718 ent=4.552 clip=0.080 kl=0.0037 t=20.6s (rollout=12.8s update=7.7s)
  [diag] inf dtype=torch.float32 shape=torch.Size([2048, 172]) nan=0 inf_vals=0 range=[0.00,55.00]
  [diag] scalar dtype=torch.float32 nan=0 range=[-0.900,1.000]
  [diag] card_logits nan=0 range=[-18.16,10.15]
  [diag] values nan=0 range=[-0.9307,0.9705]
[iter 104/200] steps=12857 rollout_wr=0.425 (ussr=0.710 us=0.140) pl=-0.0170 vl=0.0711 ent=4.546 clip=0.074 kl=0.0035 t=19.3s (rollout=12.2s update=7.1s)
  [diag] inf dtype=torch.float32 shape=torch.Size([2048, 172]) nan=0 inf_vals=0 range=[0.00,64.00]
  [diag] scalar dtype=torch.float32 nan=0 range=[-0.950,1.125]
  [diag] card_logits nan=0 range=[-17.18,9.89]
  [diag] values nan=0 range=[-0.9067,0.9507]
[iter 105/200] steps=13286 rollout_wr=0.640 (ussr=0.760 us=0.520) pl=-0.0180 vl=0.0831 ent=4.574 clip=0.091 kl=0.0038 t=21.1s (rollout=13.4s update=7.7s)
  [diag] inf dtype=torch.float32 shape=torch.Size([2048, 172]) nan=0 inf_vals=0 range=[0.00,38.00]
  [diag] scalar dtype=torch.float32 nan=0 range=[-0.950,1.000]
  [diag] card_logits nan=0 range=[-15.80,9.68]
  [diag] values nan=0 range=[-0.8969,0.9554]
[iter 106/200] steps=12642 rollout_wr=0.615 (ussr=0.780 us=0.450) pl=-0.0174 vl=0.1044 ent=4.592 clip=0.120 kl=0.0056 t=26.9s (rollout=19.8s update=7.2s)
  [diag] inf dtype=torch.float32 shape=torch.Size([2048, 172]) nan=0 inf_vals=0 range=[0.00,64.00]
  [diag] scalar dtype=torch.float32 nan=0 range=[-0.950,1.000]
  [diag] card_logits nan=0 range=[-15.83,9.32]
  [diag] values nan=0 range=[-0.9004,0.9679]
[iter 107/200] steps=13156 rollout_wr=0.420 (ussr=0.620 us=0.220) pl=-0.0158 vl=0.0806 ent=4.536 clip=0.082 kl=0.0038 t=20.2s (rollout=12.6s update=7.6s)
  [diag] inf dtype=torch.float32 shape=torch.Size([2048, 172]) nan=0 inf_vals=0 range=[0.00,66.00]
  [diag] scalar dtype=torch.float32 nan=0 range=[-0.950,1.000]
  [diag] card_logits nan=0 range=[-15.56,10.68]
  [diag] values nan=0 range=[-0.9471,0.9649]
[iter 108/200] steps=12749 rollout_wr=0.395 (ussr=0.550 us=0.240) pl=-0.0228 vl=0.0912 ent=4.507 clip=0.079 kl=0.0035 t=19.6s (rollout=12.4s update=7.2s)
  [diag] inf dtype=torch.float32 shape=torch.Size([2048, 172]) nan=0 inf_vals=0 range=[0.00,47.00]
  [diag] scalar dtype=torch.float32 nan=0 range=[-0.950,1.125]
  [diag] card_logits nan=0 range=[-18.04,10.54]
  [diag] values nan=0 range=[-0.9324,0.9482]
[iter 109/200] steps=12263 rollout_wr=0.680 (ussr=0.810 us=0.550) pl=-0.0160 vl=0.1011 ent=4.566 clip=0.074 kl=0.0039 t=25.8s (rollout=19.1s update=6.7s)
  [diag] inf dtype=torch.float32 shape=torch.Size([2048, 172]) nan=0 inf_vals=0 range=[0.00,70.00]
  [diag] scalar dtype=torch.float32 nan=0 range=[-0.950,1.125]
  [diag] card_logits nan=0 range=[-16.75,10.72]
  [diag] values nan=0 range=[-0.9233,0.9756]
[iter 110/200] steps=13315 rollout_wr=0.510 (ussr=0.790 us=0.230) pl=-0.0168 vl=0.0818 ent=4.473 clip=0.111 kl=0.0049 t=20.6s (rollout=12.7s update=7.9s)
  [diag] inf dtype=torch.float32 shape=torch.Size([2048, 172]) nan=0 inf_vals=0 range=[0.00,58.00]
  [diag] scalar dtype=torch.float32 nan=0 range=[-0.950,1.000]
  [diag] card_logits nan=0 range=[-16.81,10.75]
  [diag] values nan=0 range=[-0.9207,0.9631]
[iter 111/200] steps=13164 rollout_wr=0.455 (ussr=0.690 us=0.220) pl=-0.0158 vl=0.0760 ent=4.599 clip=0.091 kl=0.0039 t=20.8s (rollout=12.9s update=7.9s)
  [diag] inf dtype=torch.float32 shape=torch.Size([2048, 172]) nan=0 inf_vals=0 range=[0.00,48.00]
  [diag] scalar dtype=torch.float32 nan=0 range=[-0.950,1.000]
  [diag] card_logits nan=0 range=[-17.17,9.85]
  [diag] values nan=0 range=[-0.9286,0.9130]
[iter 112/200] steps=12374 rollout_wr=0.655 (ussr=0.820 us=0.490) pl=-0.0103 vl=0.1011 ent=4.584 clip=0.088 kl=0.0041 t=26.4s (rollout=19.6s update=6.8s)
  [diag] inf dtype=torch.float32 shape=torch.Size([2048, 172]) nan=0 inf_vals=0 range=[0.00,56.00]
  [diag] scalar dtype=torch.float32 nan=0 range=[-0.950,1.000]
  [diag] card_logits nan=0 range=[-16.26,9.82]
  [diag] values nan=0 range=[-0.9396,0.9512]
[iter 113/200] steps=12866 rollout_wr=0.385 (ussr=0.650 us=0.120) pl=-0.0158 vl=0.0690 ent=4.569 clip=0.084 kl=0.0038 t=20.3s (rollout=12.8s update=7.5s)
  [diag] inf dtype=torch.float32 shape=torch.Size([2048, 172]) nan=0 inf_vals=0 range=[0.00,58.00]
  [diag] scalar dtype=torch.float32 nan=0 range=[-0.950,1.125]
  [diag] card_logits nan=0 range=[-15.11,10.76]
  [diag] values nan=0 range=[-0.9556,0.9503]
[iter 114/200] steps=12938 rollout_wr=0.380 (ussr=0.640 us=0.120) pl=-0.0216 vl=0.0770 ent=4.534 clip=0.083 kl=0.0039 t=19.6s (rollout=12.5s update=7.1s)
  [diag] inf dtype=torch.float32 shape=torch.Size([2048, 172]) nan=0 inf_vals=0 range=[0.00,60.00]
  [diag] scalar dtype=torch.float32 nan=0 range=[-0.900,1.000]
  [diag] card_logits nan=0 range=[-18.60,10.46]
  [diag] values nan=0 range=[-0.9584,0.9597]
[iter 115/200] steps=13196 rollout_wr=0.385 (ussr=0.600 us=0.170) pl=-0.0170 vl=0.0748 ent=4.504 clip=0.069 kl=0.0035 t=20.1s (rollout=12.8s update=7.3s)
  [diag] inf dtype=torch.float32 shape=torch.Size([2048, 172]) nan=0 inf_vals=0 range=[0.00,52.00]
  [diag] scalar dtype=torch.float32 nan=0 range=[-0.850,1.000]
  [diag] card_logits nan=0 range=[-18.34,11.02]
  [diag] values nan=0 range=[-0.9555,0.9370]
[iter 116/200] steps=12926 rollout_wr=0.410 (ussr=0.640 us=0.180) pl=-0.0125 vl=0.0804 ent=4.486 clip=0.081 kl=0.0038 t=20.3s (rollout=12.9s update=7.4s)
  [diag] inf dtype=torch.float32 shape=torch.Size([2048, 172]) nan=0 inf_vals=0 range=[0.00,46.00]
  [diag] scalar dtype=torch.float32 nan=0 range=[-0.950,1.000]
  [diag] card_logits nan=0 range=[-16.39,10.30]
  [diag] values nan=0 range=[-0.9519,0.9554]
[iter 117/200] steps=12260 rollout_wr=0.640 (ussr=0.800 us=0.480) pl=-0.0165 vl=0.0955 ent=4.529 clip=0.076 kl=0.0038 t=26.0s (rollout=19.1s update=6.9s)
  [diag] inf dtype=torch.float32 shape=torch.Size([2048, 172]) nan=0 inf_vals=0 range=[0.00,67.00]
  [diag] scalar dtype=torch.float32 nan=0 range=[-0.900,1.125]
  [diag] card_logits nan=0 range=[-17.99,10.59]
  [diag] values nan=0 range=[-0.9594,0.9686]
[iter 118/200] steps=12801 rollout_wr=0.400 (ussr=0.630 us=0.170) pl=-0.0142 vl=0.0785 ent=4.493 clip=0.074 kl=0.0034 t=19.8s (rollout=12.5s update=7.3s)
  [diag] inf dtype=torch.float32 shape=torch.Size([2048, 172]) nan=0 inf_vals=0 range=[0.00,55.00]
  [diag] scalar dtype=torch.float32 nan=0 range=[-0.950,1.125]
  [diag] card_logits nan=0 range=[-15.49,11.27]
  [diag] values nan=0 range=[-0.9453,0.9580]
[iter 119/200] steps=13148 rollout_wr=0.445 (ussr=0.670 us=0.220) pl=-0.0186 vl=0.0819 ent=4.477 clip=0.070 kl=0.0033 t=20.4s (rollout=12.9s update=7.4s)
  Saved to league pool: data/checkpoints/ppo_v8_league/iter_0120.pt
  [diag] inf dtype=torch.float32 shape=torch.Size([2048, 172]) nan=0 inf_vals=0 range=[0.00,59.00]
  [diag] scalar dtype=torch.float32 nan=0 range=[-0.950,1.125]
  [diag] card_logits nan=0 range=[-15.21,10.26]
  [diag] values nan=0 range=[-0.9292,0.9388]
[iter 120/200] steps=12949 rollout_wr=0.455 (ussr=0.720 us=0.190) pl=-0.0228 vl=0.0793 ent=4.506 clip=0.102 kl=0.0060 t=20.0s (rollout=13.0s update=7.1s)
  Running benchmark (500 games each side)...
  Benchmark: USSR=0.950 US=0.690 combined=0.820 (86s)
  New best: combined=0.820
  [diag] inf dtype=torch.float32 shape=torch.Size([2048, 172]) nan=0 inf_vals=0 range=[0.00,64.00]
  [diag] scalar dtype=torch.float32 nan=0 range=[-0.850,1.000]
  [diag] card_logits nan=0 range=[-17.54,10.78]
  [diag] values nan=0 range=[-0.9435,0.9778]
[iter 121/200] steps=13062 rollout_wr=0.445 (ussr=0.730 us=0.160) pl=-0.0167 vl=0.0724 ent=4.518 clip=0.066 kl=0.0034 t=19.8s (rollout=12.3s update=7.5s)
  [diag] inf dtype=torch.float32 shape=torch.Size([2048, 172]) nan=0 inf_vals=0 range=[0.00,31.00]
  [diag] scalar dtype=torch.float32 nan=0 range=[-0.950,1.000]
  [diag] card_logits nan=0 range=[-17.69,11.45]
  [diag] values nan=0 range=[-0.8648,0.9867]
[iter 122/200] steps=12124 rollout_wr=0.665 (ussr=0.900 us=0.430) pl=-0.0161 vl=0.0832 ent=4.522 clip=0.094 kl=0.0041 t=25.4s (rollout=18.7s update=6.7s)
  [diag] inf dtype=torch.float32 shape=torch.Size([2048, 172]) nan=0 inf_vals=0 range=[0.00,68.00]
  [diag] scalar dtype=torch.float32 nan=0 range=[-0.900,1.000]
  [diag] card_logits nan=0 range=[-18.17,10.24]
  [diag] values nan=0 range=[-0.9433,0.9829]
[iter 123/200] steps=12918 rollout_wr=0.385 (ussr=0.650 us=0.120) pl=-0.0179 vl=0.0704 ent=4.493 clip=0.077 kl=0.0036 t=20.1s (rollout=12.8s update=7.3s)
  [diag] inf dtype=torch.float32 shape=torch.Size([2048, 172]) nan=0 inf_vals=0 range=[0.00,65.00]
  [diag] scalar dtype=torch.float32 nan=0 range=[-0.950,1.000]
  [diag] card_logits nan=0 range=[-16.30,10.67]
  [diag] values nan=0 range=[-0.9507,0.9708]
[iter 124/200] steps=12935 rollout_wr=0.370 (ussr=0.610 us=0.130) pl=-0.0162 vl=0.0782 ent=4.483 clip=0.080 kl=0.0036 t=19.6s (rollout=12.2s update=7.4s)
  [diag] inf dtype=torch.float32 shape=torch.Size([2048, 172]) nan=0 inf_vals=0 range=[0.00,53.00]
  [diag] scalar dtype=torch.float32 nan=0 range=[-0.900,1.125]
  [diag] card_logits nan=0 range=[-13.29,11.77]
  [diag] values nan=0 range=[-0.9531,0.9702]
[iter 125/200] steps=13247 rollout_wr=0.385 (ussr=0.650 us=0.120) pl=-0.0145 vl=0.0727 ent=4.487 clip=0.077 kl=0.0037 t=20.4s (rollout=12.8s update=7.5s)
  [diag] inf dtype=torch.float32 shape=torch.Size([2048, 172]) nan=0 inf_vals=0 range=[0.00,65.00]
  [diag] scalar dtype=torch.float32 nan=0 range=[-0.950,1.000]
  [diag] card_logits nan=0 range=[-15.63,10.10]
  [diag] values nan=0 range=[-0.9644,0.9672]
[iter 126/200] steps=12442 rollout_wr=0.395 (ussr=0.590 us=0.200) pl=-0.0083 vl=0.0906 ent=4.543 clip=0.102 kl=0.0043 t=19.4s (rollout=12.3s update=7.1s)
  [diag] inf dtype=torch.float32 shape=torch.Size([2048, 172]) nan=0 inf_vals=0 range=[0.00,64.00]
  [diag] scalar dtype=torch.float32 nan=0 range=[-0.950,1.000]
  [diag] card_logits nan=0 range=[-18.33,11.07]
  [diag] values nan=0 range=[-0.9372,0.9415]
[iter 127/200] steps=12563 rollout_wr=0.405 (ussr=0.650 us=0.160) pl=-0.0164 vl=0.0856 ent=4.473 clip=0.087 kl=0.0038 t=19.0s (rollout=12.1s update=6.9s)
  [diag] inf dtype=torch.float32 shape=torch.Size([2048, 172]) nan=0 inf_vals=0 range=[0.00,66.00]
  [diag] scalar dtype=torch.float32 nan=0 range=[-0.900,1.125]
  [diag] card_logits nan=0 range=[-14.70,10.36]
  [diag] values nan=0 range=[-0.9360,0.9604]
[iter 128/200] steps=12562 rollout_wr=0.385 (ussr=0.630 us=0.140) pl=-0.0100 vl=0.0792 ent=4.487 clip=0.062 kl=0.0034 t=19.8s (rollout=12.8s update=7.0s)
  [diag] inf dtype=torch.float32 shape=torch.Size([2048, 172]) nan=0 inf_vals=0 range=[0.00,73.00]
  [diag] scalar dtype=torch.float32 nan=0 range=[-0.900,1.000]
  [diag] card_logits nan=0 range=[-14.45,10.96]
  [diag] values nan=0 range=[-0.9555,0.9587]
[iter 129/200] steps=12621 rollout_wr=0.420 (ussr=0.660 us=0.180) pl=-0.0114 vl=0.0876 ent=4.482 clip=0.091 kl=0.0040 t=20.9s (rollout=13.4s update=7.6s)
  [diag] inf dtype=torch.float32 shape=torch.Size([2048, 172]) nan=0 inf_vals=0 range=[0.00,38.00]
  [diag] scalar dtype=torch.float32 nan=0 range=[-0.950,1.000]
  [diag] card_logits nan=0 range=[-18.59,11.09]
  [diag] values nan=0 range=[-0.8918,0.9314]
[iter 130/200] steps=12170 rollout_wr=0.665 (ussr=0.830 us=0.500) pl=-0.0167 vl=0.0976 ent=4.511 clip=0.074 kl=0.0034 t=25.9s (rollout=19.2s update=6.7s)
  [diag] inf dtype=torch.float32 shape=torch.Size([2048, 172]) nan=0 inf_vals=0 range=[0.00,78.00]
  [diag] scalar dtype=torch.float32 nan=0 range=[-0.900,1.250]
  [diag] card_logits nan=0 range=[-17.94,11.07]
  [diag] values nan=0 range=[-0.9398,0.9476]
[iter 131/200] steps=12755 rollout_wr=0.400 (ussr=0.680 us=0.120) pl=-0.0154 vl=0.0824 ent=4.460 clip=0.093 kl=0.0041 t=19.9s (rollout=12.7s update=7.2s)
  [diag] inf dtype=torch.float32 shape=torch.Size([2048, 172]) nan=0 inf_vals=0 range=[0.00,57.00]
  [diag] scalar dtype=torch.float32 nan=0 range=[-0.750,1.000]
  [diag] card_logits nan=0 range=[-17.03,11.14]
  [diag] values nan=0 range=[-0.9448,0.9638]
[iter 132/200] steps=12990 rollout_wr=0.410 (ussr=0.650 us=0.170) pl=-0.0188 vl=0.0828 ent=4.411 clip=0.080 kl=0.0035 t=19.8s (rollout=12.3s update=7.5s)
  [diag] inf dtype=torch.float32 shape=torch.Size([2048, 172]) nan=0 inf_vals=0 range=[0.00,56.00]
  [diag] scalar dtype=torch.float32 nan=0 range=[-0.950,1.000]
  [diag] card_logits nan=0 range=[-16.11,10.84]
  [diag] values nan=0 range=[-0.9201,0.9719]
[iter 133/200] steps=13570 rollout_wr=0.630 (ussr=0.770 us=0.490) pl=-0.0186 vl=0.0764 ent=4.543 clip=0.110 kl=0.0047 t=21.5s (rollout=14.0s update=7.6s)
  [diag] inf dtype=torch.float32 shape=torch.Size([2048, 172]) nan=0 inf_vals=0 range=[0.00,95.00]
  [diag] scalar dtype=torch.float32 nan=0 range=[-0.950,1.000]
  [diag] card_logits nan=0 range=[-18.36,10.04]
  [diag] values nan=0 range=[-0.9349,0.9723]
[iter 134/200] steps=13029 rollout_wr=0.690 (ussr=0.830 us=0.550) pl=-0.0147 vl=0.0717 ent=4.515 clip=0.080 kl=0.0038 t=20.5s (rollout=13.2s update=7.3s)
  [diag] inf dtype=torch.float32 shape=torch.Size([2048, 172]) nan=0 inf_vals=0 range=[0.00,65.00]
  [diag] scalar dtype=torch.float32 nan=0 range=[-0.900,1.250]
  [diag] card_logits nan=0 range=[-17.01,10.47]
  [diag] values nan=0 range=[-0.9347,0.9753]
[iter 135/200] steps=12662 rollout_wr=0.440 (ussr=0.690 us=0.190) pl=-0.0209 vl=0.0898 ent=4.432 clip=0.085 kl=0.0039 t=19.6s (rollout=12.2s update=7.4s)
  [diag] inf dtype=torch.float32 shape=torch.Size([2048, 172]) nan=0 inf_vals=0 range=[0.00,81.00]
  [diag] scalar dtype=torch.float32 nan=0 range=[-0.950,1.125]
  [diag] card_logits nan=0 range=[-15.35,11.00]
  [diag] values nan=0 range=[-0.9385,0.9759]
[iter 136/200] steps=12332 rollout_wr=0.390 (ussr=0.590 us=0.190) pl=-0.0026 vl=0.0865 ent=4.416 clip=0.073 kl=0.0033 t=18.7s (rollout=11.7s update=7.0s)
  [diag] inf dtype=torch.float32 shape=torch.Size([2048, 172]) nan=0 inf_vals=0 range=[0.00,73.00]
  [diag] scalar dtype=torch.float32 nan=0 range=[-0.850,1.000]
  [diag] card_logits nan=0 range=[-14.12,10.12]
  [diag] values nan=0 range=[-0.9555,0.9555]
[iter 137/200] steps=12756 rollout_wr=0.450 (ussr=0.690 us=0.210) pl=-0.0199 vl=0.0803 ent=4.486 clip=0.084 kl=0.0038 t=19.6s (rollout=12.4s update=7.2s)
  [diag] inf dtype=torch.float32 shape=torch.Size([2048, 172]) nan=0 inf_vals=0 range=[0.00,54.00]
  [diag] scalar dtype=torch.float32 nan=0 range=[-0.950,1.000]
  [diag] card_logits nan=0 range=[-18.31,10.68]
  [diag] values nan=0 range=[-0.9552,0.9228]
[iter 138/200] steps=12116 rollout_wr=0.660 (ussr=0.780 us=0.540) pl=-0.0170 vl=0.1024 ent=4.479 clip=0.103 kl=0.0045 t=25.6s (rollout=19.0s update=6.6s)
  [diag] inf dtype=torch.float32 shape=torch.Size([2048, 172]) nan=0 inf_vals=0 range=[0.00,67.00]
  [diag] scalar dtype=torch.float32 nan=0 range=[-0.950,1.125]
  [diag] card_logits nan=0 range=[-14.79,10.93]
  [diag] values nan=0 range=[-0.9456,0.9668]
[iter 139/200] steps=12778 rollout_wr=0.410 (ussr=0.600 us=0.220) pl=-0.0135 vl=0.0987 ent=4.457 clip=0.080 kl=0.0037 t=19.7s (rollout=12.6s update=7.2s)
  Saved to league pool: data/checkpoints/ppo_v8_league/iter_0140.pt
  [diag] inf dtype=torch.float32 shape=torch.Size([2048, 172]) nan=0 inf_vals=0 range=[0.00,63.00]
  [diag] scalar dtype=torch.float32 nan=0 range=[-0.950,1.125]
  [diag] card_logits nan=0 range=[-16.17,10.56]
  [diag] values nan=0 range=[-0.9474,0.9661]
[iter 140/200] steps=12940 rollout_wr=0.635 (ussr=0.760 us=0.510) pl=-0.0167 vl=0.0887 ent=4.498 clip=0.061 kl=0.0028 t=21.2s (rollout=13.2s update=8.0s)
  Running benchmark (500 games each side)...
  Benchmark: USSR=0.932 US=0.730 combined=0.831 (83s)
  New best: combined=0.831
  [diag] inf dtype=torch.float32 shape=torch.Size([2048, 172]) nan=0 inf_vals=0 range=[0.00,52.00]
  [diag] scalar dtype=torch.float32 nan=0 range=[-0.800,1.000]
  [diag] card_logits nan=0 range=[-18.01,11.70]
  [diag] values nan=0 range=[-0.9470,0.9677]
[iter 141/200] steps=12950 rollout_wr=0.350 (ussr=0.540 us=0.160) pl=-0.0178 vl=0.0781 ent=4.394 clip=0.081 kl=0.0038 t=19.6s (rollout=12.3s update=7.3s)
  [diag] inf dtype=torch.float32 shape=torch.Size([2048, 172]) nan=0 inf_vals=0 range=[0.00,70.00]
  [diag] scalar dtype=torch.float32 nan=0 range=[-0.900,1.125]
  [diag] card_logits nan=0 range=[-15.88,10.49]
  [diag] values nan=0 range=[-0.9410,0.9690]
[iter 142/200] steps=12916 rollout_wr=0.385 (ussr=0.530 us=0.240) pl=-0.0173 vl=0.0951 ent=4.433 clip=0.080 kl=0.0037 t=20.1s (rollout=12.7s update=7.4s)
  [diag] inf dtype=torch.float32 shape=torch.Size([2048, 172]) nan=0 inf_vals=0 range=[0.00,63.00]
  [diag] scalar dtype=torch.float32 nan=0 range=[-0.900,1.250]
  [diag] card_logits nan=0 range=[-13.96,11.02]
  [diag] values nan=0 range=[-0.9517,0.9174]
[iter 143/200] steps=12705 rollout_wr=0.395 (ussr=0.580 us=0.210) pl=-0.0156 vl=0.0941 ent=4.407 clip=0.087 kl=0.0044 t=19.6s (rollout=12.1s update=7.6s)
  [diag] inf dtype=torch.float32 shape=torch.Size([2048, 172]) nan=0 inf_vals=0 range=[0.00,58.00]
  [diag] scalar dtype=torch.float32 nan=0 range=[-0.950,1.250]
  [diag] card_logits nan=0 range=[-17.26,9.89]
  [diag] values nan=0 range=[-0.9399,0.9706]
[iter 144/200] steps=12689 rollout_wr=0.645 (ussr=0.780 us=0.510) pl=-0.0218 vl=0.0860 ent=4.495 clip=0.095 kl=0.0039 t=19.6s (rollout=12.5s update=7.1s)
  [diag] inf dtype=torch.float32 shape=torch.Size([2048, 172]) nan=0 inf_vals=0 range=[0.00,63.00]
  [diag] scalar dtype=torch.float32 nan=0 range=[-0.950,1.000]
  [diag] card_logits nan=0 range=[-17.51,10.53]
  [diag] values nan=0 range=[-0.9453,0.9874]
[iter 145/200] steps=13176 rollout_wr=0.705 (ussr=0.870 us=0.540) pl=-0.0192 vl=0.0778 ent=4.553 clip=0.090 kl=0.0040 t=20.6s (rollout=13.2s update=7.3s)
  [diag] inf dtype=torch.float32 shape=torch.Size([2048, 172]) nan=0 inf_vals=0 range=[0.00,66.00]
  [diag] scalar dtype=torch.float32 nan=0 range=[-0.850,1.125]
  [diag] card_logits nan=0 range=[-14.10,10.61]
  [diag] values nan=0 range=[-0.9258,0.9869]
[iter 146/200] steps=13074 rollout_wr=0.545 (ussr=0.790 us=0.300) pl=-0.0165 vl=0.0864 ent=4.484 clip=0.107 kl=0.0043 t=19.7s (rollout=12.5s update=7.2s)
  [diag] inf dtype=torch.float32 shape=torch.Size([2048, 172]) nan=0 inf_vals=0 range=[0.00,59.00]
  [diag] scalar dtype=torch.float32 nan=0 range=[-0.950,1.125]
  [diag] card_logits nan=0 range=[-17.34,11.04]
  [diag] values nan=0 range=[-0.9391,0.9828]
[iter 147/200] steps=12965 rollout_wr=0.375 (ussr=0.580 us=0.170) pl=-0.0131 vl=0.0919 ent=4.335 clip=0.092 kl=0.0042 t=20.2s (rollout=13.1s update=7.1s)
  [diag] inf dtype=torch.float32 shape=torch.Size([2048, 172]) nan=0 inf_vals=0 range=[0.00,68.00]
  [diag] scalar dtype=torch.float32 nan=0 range=[-0.950,1.125]
  [diag] card_logits nan=0 range=[-16.27,10.69]
  [diag] values nan=0 range=[-0.9290,0.9733]
[iter 148/200] steps=12917 rollout_wr=0.655 (ussr=0.770 us=0.540) pl=-0.0196 vl=0.0803 ent=4.474 clip=0.093 kl=0.0040 t=20.6s (rollout=13.0s update=7.6s)
  [diag] inf dtype=torch.float32 shape=torch.Size([2048, 172]) nan=0 inf_vals=0 range=[0.00,36.00]
  [diag] scalar dtype=torch.float32 nan=0 range=[-0.950,1.000]
  [diag] card_logits nan=0 range=[-17.11,12.02]
  [diag] values nan=0 range=[-0.8672,0.9649]
[iter 149/200] steps=12150 rollout_wr=0.730 (ussr=0.840 us=0.620) pl=-0.0166 vl=0.0992 ent=4.417 clip=0.088 kl=0.0042 t=25.4s (rollout=18.8s update=6.6s)
  [diag] inf dtype=torch.float32 shape=torch.Size([2048, 172]) nan=0 inf_vals=0 range=[0.00,69.00]
  [diag] scalar dtype=torch.float32 nan=0 range=[-0.950,1.125]
  [diag] card_logits nan=0 range=[-17.33,10.63]
  [diag] values nan=0 range=[-0.9442,0.9758]
[iter 150/200] steps=12810 rollout_wr=0.685 (ussr=0.820 us=0.550) pl=-0.0179 vl=0.0726 ent=4.427 clip=0.080 kl=0.0036 t=20.0s (rollout=12.9s update=7.1s)
  [diag] inf dtype=torch.float32 shape=torch.Size([2048, 172]) nan=0 inf_vals=0 range=[0.00,61.00]
  [diag] scalar dtype=torch.float32 nan=0 range=[-0.950,1.000]
  [diag] card_logits nan=0 range=[-18.17,12.02]
  [diag] values nan=0 range=[-0.9455,0.9538]
[iter 151/200] steps=12843 rollout_wr=0.360 (ussr=0.550 us=0.170) pl=-0.0203 vl=0.0859 ent=4.314 clip=0.083 kl=0.0035 t=19.8s (rollout=12.6s update=7.3s)
  [diag] inf dtype=torch.float32 shape=torch.Size([2048, 172]) nan=0 inf_vals=0 range=[0.00,85.00]
  [diag] scalar dtype=torch.float32 nan=0 range=[-0.850,1.000]
  [diag] card_logits nan=0 range=[-15.69,11.54]
  [diag] values nan=0 range=[-0.9604,0.9819]
[iter 152/200] steps=12825 rollout_wr=0.375 (ussr=0.560 us=0.190) pl=-0.0156 vl=0.0847 ent=4.374 clip=0.096 kl=0.0041 t=19.3s (rollout=12.2s update=7.1s)
  [diag] inf dtype=torch.float32 shape=torch.Size([2048, 172]) nan=0 inf_vals=0 range=[0.00,64.00]
  [diag] scalar dtype=torch.float32 nan=0 range=[-0.950,1.125]
  [diag] card_logits nan=0 range=[-16.45,11.66]
  [diag] values nan=0 range=[-0.9778,0.9747]
[iter 153/200] steps=13225 rollout_wr=0.365 (ussr=0.550 us=0.180) pl=-0.0170 vl=0.0862 ent=4.363 clip=0.104 kl=0.0046 t=20.1s (rollout=12.7s update=7.4s)
  [diag] inf dtype=torch.float32 shape=torch.Size([2048, 172]) nan=0 inf_vals=0 range=[0.00,55.00]
  [diag] scalar dtype=torch.float32 nan=0 range=[-0.900,1.000]
  [diag] card_logits nan=0 range=[-15.86,10.98]
  [diag] values nan=0 range=[-0.9583,0.9671]
[iter 154/200] steps=12749 rollout_wr=0.385 (ussr=0.600 us=0.170) pl=-0.0145 vl=0.0892 ent=4.362 clip=0.072 kl=0.0033 t=19.3s (rollout=12.1s update=7.2s)
  [diag] inf dtype=torch.float32 shape=torch.Size([2048, 172]) nan=0 inf_vals=0 range=[0.00,59.00]
  [diag] scalar dtype=torch.float32 nan=0 range=[-0.900,1.125]
  [diag] card_logits nan=0 range=[-16.00,12.16]
  [diag] values nan=0 range=[-0.9472,0.9685]
[iter 155/200] steps=12687 rollout_wr=0.385 (ussr=0.600 us=0.170) pl=-0.0178 vl=0.0906 ent=4.416 clip=0.079 kl=0.0034 t=19.7s (rollout=12.5s update=7.1s)
  [diag] inf dtype=torch.float32 shape=torch.Size([2048, 172]) nan=0 inf_vals=0 range=[0.00,33.00]
  [diag] scalar dtype=torch.float32 nan=0 range=[-0.950,1.000]
  [diag] card_logits nan=0 range=[-19.02,10.84]
  [diag] values nan=0 range=[-0.9200,0.9505]
[iter 156/200] steps=12254 rollout_wr=0.685 (ussr=0.800 us=0.570) pl=-0.0158 vl=0.0981 ent=4.449 clip=0.084 kl=0.0041 t=25.7s (rollout=19.0s update=6.7s)
  [diag] inf dtype=torch.float32 shape=torch.Size([2048, 172]) nan=0 inf_vals=0 range=[0.00,76.00]
  [diag] scalar dtype=torch.float32 nan=0 range=[-0.900,1.000]
  [diag] card_logits nan=0 range=[-16.33,10.94]
  [diag] values nan=0 range=[-0.9251,0.9644]
[iter 157/200] steps=12971 rollout_wr=0.345 (ussr=0.550 us=0.140) pl=-0.0170 vl=0.0813 ent=4.332 clip=0.093 kl=0.0043 t=19.4s (rollout=12.2s update=7.2s)
  [diag] inf dtype=torch.float32 shape=torch.Size([2048, 172]) nan=0 inf_vals=0 range=[0.00,35.00]
  [diag] scalar dtype=torch.float32 nan=0 range=[-0.950,1.000]
  [diag] card_logits nan=0 range=[-16.60,10.62]
  [diag] values nan=0 range=[-0.8797,0.9761]
[iter 158/200] steps=11971 rollout_wr=0.730 (ussr=0.860 us=0.600) pl=-0.0156 vl=0.0891 ent=4.455 clip=0.080 kl=0.0037 t=25.1s (rollout=18.5s update=6.6s)
  [diag] inf dtype=torch.float32 shape=torch.Size([2048, 172]) nan=0 inf_vals=0 range=[0.00,62.00]
  [diag] scalar dtype=torch.float32 nan=0 range=[-0.850,1.125]
  [diag] card_logits nan=0 range=[-16.80,11.59]
  [diag] values nan=0 range=[-0.9491,0.9807]
[iter 159/200] steps=12632 rollout_wr=0.340 (ussr=0.520 us=0.160) pl=-0.0112 vl=0.0893 ent=4.413 clip=0.091 kl=0.0040 t=20.0s (rollout=12.3s update=7.7s)
  Saved to league pool: data/checkpoints/ppo_v8_league/iter_0160.pt
  [diag] inf dtype=torch.float32 shape=torch.Size([2048, 172]) nan=0 inf_vals=0 range=[0.00,50.00]
  [diag] scalar dtype=torch.float32 nan=0 range=[-0.950,1.125]
  [diag] card_logits nan=0 range=[-14.62,11.26]
  [diag] values nan=0 range=[-0.9574,0.9727]
[iter 160/200] steps=13159 rollout_wr=0.385 (ussr=0.550 us=0.220) pl=-0.0171 vl=0.0867 ent=4.480 clip=0.087 kl=0.0041 t=19.7s (rollout=12.4s update=7.3s)
  Running benchmark (500 games each side)...
  Benchmark: USSR=0.926 US=0.760 combined=0.843 (85s)
  New best: combined=0.843
  [diag] inf dtype=torch.float32 shape=torch.Size([2048, 172]) nan=0 inf_vals=0 range=[0.00,38.00]
  [diag] scalar dtype=torch.float32 nan=0 range=[-0.950,1.000]
  [diag] card_logits nan=0 range=[-18.53,10.92]
  [diag] values nan=0 range=[-0.9279,0.9042]
[iter 161/200] steps=12265 rollout_wr=0.730 (ussr=0.780 us=0.680) pl=-0.0174 vl=0.0927 ent=4.449 clip=0.106 kl=0.0043 t=25.8s (rollout=18.9s update=6.8s)
  [diag] inf dtype=torch.float32 shape=torch.Size([2048, 172]) nan=0 inf_vals=0 range=[0.00,60.00]
  [diag] scalar dtype=torch.float32 nan=0 range=[-0.900,1.125]
  [diag] card_logits nan=0 range=[-17.03,10.16]
  [diag] values nan=0 range=[-0.9371,0.9705]
[iter 162/200] steps=13001 rollout_wr=0.385 (ussr=0.550 us=0.220) pl=-0.0188 vl=0.0969 ent=4.371 clip=0.097 kl=0.0043 t=20.3s (rollout=13.0s update=7.3s)
  [diag] inf dtype=torch.float32 shape=torch.Size([2048, 172]) nan=0 inf_vals=0 range=[0.00,62.00]
  [diag] scalar dtype=torch.float32 nan=0 range=[-0.900,1.000]
  [diag] card_logits nan=0 range=[-14.41,11.29]
  [diag] values nan=0 range=[-0.9643,0.9789]
[iter 163/200] steps=12696 rollout_wr=0.415 (ussr=0.630 us=0.200) pl=-0.0171 vl=0.0908 ent=4.435 clip=0.082 kl=0.0036 t=19.8s (rollout=12.7s update=7.1s)
  [diag] inf dtype=torch.float32 shape=torch.Size([2048, 172]) nan=0 inf_vals=0 range=[0.00,55.00]
  [diag] scalar dtype=torch.float32 nan=0 range=[-0.850,1.000]
  [diag] card_logits nan=0 range=[-15.54,12.04]
  [diag] values nan=0 range=[-0.9636,0.9644]
[iter 164/200] steps=12802 rollout_wr=0.415 (ussr=0.610 us=0.220) pl=-0.0152 vl=0.0943 ent=4.370 clip=0.096 kl=0.0046 t=19.7s (rollout=12.4s update=7.3s)
  [diag] inf dtype=torch.float32 shape=torch.Size([2048, 172]) nan=0 inf_vals=0 range=[0.00,48.00]
  [diag] scalar dtype=torch.float32 nan=0 range=[-0.950,1.125]
  [diag] card_logits nan=0 range=[-15.19,11.98]
  [diag] values nan=0 range=[-0.9664,0.9765]
[iter 165/200] steps=13194 rollout_wr=0.370 (ussr=0.550 us=0.190) pl=-0.0146 vl=0.0839 ent=4.393 clip=0.071 kl=0.0032 t=19.8s (rollout=12.7s update=7.1s)
  [diag] inf dtype=torch.float32 shape=torch.Size([2048, 172]) nan=0 inf_vals=0 range=[0.00,51.00]
  [diag] scalar dtype=torch.float32 nan=0 range=[-0.950,1.000]
  [diag] card_logits nan=0 range=[-16.71,11.64]
  [diag] values nan=0 range=[-0.9496,0.9603]
[iter 166/200] steps=12632 rollout_wr=0.685 (ussr=0.830 us=0.540) pl=-0.0221 vl=0.0856 ent=4.467 clip=0.101 kl=0.0043 t=20.5s (rollout=12.9s update=7.6s)
  [diag] inf dtype=torch.float32 shape=torch.Size([2048, 172]) nan=0 inf_vals=0 range=[0.00,57.00]
  [diag] scalar dtype=torch.float32 nan=0 range=[-0.900,1.125]
  [diag] card_logits nan=0 range=[-16.33,11.81]
  [diag] values nan=0 range=[-0.9421,0.9814]
[iter 167/200] steps=12869 rollout_wr=0.405 (ussr=0.600 us=0.210) pl=-0.0252 vl=0.0910 ent=4.442 clip=0.082 kl=0.0035 t=20.0s (rollout=12.2s update=7.7s)
  [diag] inf dtype=torch.float32 shape=torch.Size([2048, 172]) nan=0 inf_vals=0 range=[0.00,67.00]
  [diag] scalar dtype=torch.float32 nan=0 range=[-0.950,1.125]
  [diag] card_logits nan=0 range=[-19.06,10.50]
  [diag] values nan=0 range=[-0.9521,0.9813]
[iter 168/200] steps=12786 rollout_wr=0.535 (ussr=0.700 us=0.370) pl=-0.0192 vl=0.0886 ent=4.463 clip=0.080 kl=0.0036 t=19.6s (rollout=12.6s update=7.0s)
  [diag] inf dtype=torch.float32 shape=torch.Size([2048, 172]) nan=0 inf_vals=0 range=[0.00,43.00]
  [diag] scalar dtype=torch.float32 nan=0 range=[-0.950,1.000]
  [diag] card_logits nan=0 range=[-19.17,10.81]
  [diag] values nan=0 range=[-0.9130,0.9595]
[iter 169/200] steps=11639 rollout_wr=0.725 (ussr=0.810 us=0.640) pl=-0.0185 vl=0.0946 ent=4.424 clip=0.108 kl=0.0044 t=24.9s (rollout=18.2s update=6.8s)
  [diag] inf dtype=torch.float32 shape=torch.Size([2048, 172]) nan=0 inf_vals=0 range=[0.00,59.00]
  [diag] scalar dtype=torch.float32 nan=0 range=[-0.750,1.125]
  [diag] card_logits nan=0 range=[-17.80,10.78]
  [diag] values nan=0 range=[-0.9200,0.9795]
[iter 170/200] steps=13072 rollout_wr=0.535 (ussr=0.760 us=0.310) pl=-0.0220 vl=0.0853 ent=4.443 clip=0.092 kl=0.0040 t=20.2s (rollout=12.6s update=7.6s)
  [diag] inf dtype=torch.float32 shape=torch.Size([2048, 172]) nan=0 inf_vals=0 range=[0.00,50.00]
  [diag] scalar dtype=torch.float32 nan=0 range=[-0.950,1.000]
  [diag] card_logits nan=0 range=[-17.05,10.58]
  [diag] values nan=0 range=[-0.9547,0.9829]
[iter 171/200] steps=12992 rollout_wr=0.390 (ussr=0.580 us=0.200) pl=-0.0177 vl=0.0817 ent=4.379 clip=0.065 kl=0.0033 t=19.8s (rollout=12.4s update=7.4s)
  [diag] inf dtype=torch.float32 shape=torch.Size([2048, 172]) nan=0 inf_vals=0 range=[0.00,54.00]
  [diag] scalar dtype=torch.float32 nan=0 range=[-0.950,1.125]
  [diag] card_logits nan=0 range=[-18.32,10.83]
  [diag] values nan=0 range=[-0.9426,0.9707]
[iter 172/200] steps=13020 rollout_wr=0.650 (ussr=0.810 us=0.490) pl=-0.0166 vl=0.0754 ent=4.417 clip=0.078 kl=0.0035 t=20.6s (rollout=13.2s update=7.3s)
  [diag] inf dtype=torch.float32 shape=torch.Size([2048, 172]) nan=0 inf_vals=0 range=[0.00,56.00]
  [diag] scalar dtype=torch.float32 nan=0 range=[-0.950,1.000]
  [diag] card_logits nan=0 range=[-16.88,10.53]
  [diag] values nan=0 range=[-0.9332,0.9831]
[iter 173/200] steps=13185 rollout_wr=0.640 (ussr=0.830 us=0.450) pl=-0.0153 vl=0.0864 ent=4.401 clip=0.089 kl=0.0042 t=20.7s (rollout=13.2s update=7.5s)
  [diag] inf dtype=torch.float32 shape=torch.Size([2048, 172]) nan=0 inf_vals=0 range=[0.00,79.00]
  [diag] scalar dtype=torch.float32 nan=0 range=[-0.900,1.000]
  [diag] card_logits nan=0 range=[-16.51,11.23]
  [diag] values nan=0 range=[-0.9499,0.9844]
[iter 174/200] steps=13017 rollout_wr=0.470 (ussr=0.710 us=0.230) pl=-0.0167 vl=0.0847 ent=4.398 clip=0.093 kl=0.0038 t=20.9s (rollout=13.3s update=7.6s)
  [diag] inf dtype=torch.float32 shape=torch.Size([2048, 172]) nan=0 inf_vals=0 range=[0.00,48.00]
  [diag] scalar dtype=torch.float32 nan=0 range=[-0.900,1.125]
  [diag] card_logits nan=0 range=[-17.57,11.37]
  [diag] values nan=0 range=[-0.9636,0.9802]
[iter 175/200] steps=12823 rollout_wr=0.445 (ussr=0.650 us=0.240) pl=-0.0161 vl=0.0811 ent=4.406 clip=0.084 kl=0.0039 t=19.8s (rollout=12.6s update=7.2s)
  [diag] inf dtype=torch.float32 shape=torch.Size([2048, 172]) nan=0 inf_vals=0 range=[0.00,59.00]
  [diag] scalar dtype=torch.float32 nan=0 range=[-0.950,1.000]
  [diag] card_logits nan=0 range=[-17.01,11.42]
  [diag] values nan=0 range=[-0.9409,0.9758]
[iter 176/200] steps=12894 rollout_wr=0.660 (ussr=0.810 us=0.510) pl=-0.0162 vl=0.0917 ent=4.387 clip=0.088 kl=0.0039 t=20.3s (rollout=13.0s update=7.3s)
  [diag] inf dtype=torch.float32 shape=torch.Size([2048, 172]) nan=0 inf_vals=0 range=[0.00,63.00]
  [diag] scalar dtype=torch.float32 nan=0 range=[-0.950,1.125]
  [diag] card_logits nan=0 range=[-16.32,11.23]
  [diag] values nan=0 range=[-0.9456,0.9861]
[iter 177/200] steps=12886 rollout_wr=0.495 (ussr=0.660 us=0.330) pl=-0.0180 vl=0.0913 ent=4.395 clip=0.087 kl=0.0036 t=20.0s (rollout=13.0s update=7.0s)
  [diag] inf dtype=torch.float32 shape=torch.Size([2048, 172]) nan=0 inf_vals=0 range=[0.00,44.00]
  [diag] scalar dtype=torch.float32 nan=0 range=[-0.800,1.125]
  [diag] card_logits nan=0 range=[-15.45,11.57]
  [diag] values nan=0 range=[-0.9515,0.9788]
[iter 178/200] steps=13080 rollout_wr=0.425 (ussr=0.630 us=0.220) pl=-0.0169 vl=0.0873 ent=4.344 clip=0.067 kl=0.0032 t=20.7s (rollout=12.8s update=7.9s)
  [diag] inf dtype=torch.float32 shape=torch.Size([2048, 172]) nan=0 inf_vals=0 range=[0.00,56.00]
  [diag] scalar dtype=torch.float32 nan=0 range=[-0.950,1.000]
  [diag] card_logits nan=0 range=[-16.21,12.21]
  [diag] values nan=0 range=[-0.9544,0.9679]
[iter 179/200] steps=12984 rollout_wr=0.455 (ussr=0.640 us=0.270) pl=-0.0140 vl=0.0995 ent=4.392 clip=0.085 kl=0.0042 t=20.1s (rollout=13.0s update=7.1s)
  Saved to league pool: data/checkpoints/ppo_v8_league/iter_0180.pt
  [diag] inf dtype=torch.float32 shape=torch.Size([2048, 172]) nan=0 inf_vals=0 range=[0.00,51.00]
  [diag] scalar dtype=torch.float32 nan=0 range=[-0.950,1.250]
  [diag] card_logits nan=0 range=[-16.89,11.62]
  [diag] values nan=0 range=[-0.9412,0.9386]
[iter 180/200] steps=12825 rollout_wr=0.360 (ussr=0.510 us=0.210) pl=-0.0162 vl=0.0860 ent=4.356 clip=0.090 kl=0.0042 t=19.8s (rollout=12.8s update=7.0s)
  Running benchmark (500 games each side)...
  Benchmark: USSR=0.932 US=0.722 combined=0.827 (87s)
  [diag] inf dtype=torch.float32 shape=torch.Size([2048, 172]) nan=0 inf_vals=0 range=[0.00,56.00]
  [diag] scalar dtype=torch.float32 nan=0 range=[-0.950,1.000]
  [diag] card_logits nan=0 range=[-18.57,10.84]
  [diag] values nan=0 range=[-0.9486,0.9710]
[iter 181/200] steps=13322 rollout_wr=0.715 (ussr=0.830 us=0.600) pl=-0.0148 vl=0.0760 ent=4.398 clip=0.079 kl=0.0037 t=20.9s (rollout=13.5s update=7.5s)
  [diag] inf dtype=torch.float32 shape=torch.Size([2048, 172]) nan=0 inf_vals=0 range=[0.00,87.00]
  [diag] scalar dtype=torch.float32 nan=0 range=[-0.850,1.125]
  [diag] card_logits nan=0 range=[-17.88,10.82]
  [diag] values nan=0 range=[-0.9287,0.9820]
[iter 182/200] steps=13070 rollout_wr=0.500 (ussr=0.750 us=0.250) pl=-0.0192 vl=0.0808 ent=4.378 clip=0.101 kl=0.0043 t=20.1s (rollout=12.6s update=7.4s)
  [diag] inf dtype=torch.float32 shape=torch.Size([2048, 172]) nan=0 inf_vals=0 range=[0.00,63.00]
  [diag] scalar dtype=torch.float32 nan=0 range=[-0.900,1.125]
  [diag] card_logits nan=0 range=[-17.35,11.47]
  [diag] values nan=0 range=[-0.9528,0.9691]
[iter 183/200] steps=12947 rollout_wr=0.400 (ussr=0.590 us=0.210) pl=-0.0148 vl=0.0925 ent=4.383 clip=0.086 kl=0.0038 t=19.9s (rollout=12.6s update=7.3s)
  [diag] inf dtype=torch.float32 shape=torch.Size([2048, 172]) nan=0 inf_vals=0 range=[0.00,40.00]
  [diag] scalar dtype=torch.float32 nan=0 range=[-0.950,1.000]
  [diag] card_logits nan=0 range=[-18.84,10.95]
  [diag] values nan=0 range=[-0.9213,0.9501]
[iter 184/200] steps=11964 rollout_wr=0.725 (ussr=0.830 us=0.620) pl=-0.0175 vl=0.0964 ent=4.329 clip=0.105 kl=0.0047 t=25.3s (rollout=18.7s update=6.6s)
  [diag] inf dtype=torch.float32 shape=torch.Size([2048, 172]) nan=0 inf_vals=0 range=[0.00,60.00]
  [diag] scalar dtype=torch.float32 nan=0 range=[-0.950,1.000]
  [diag] card_logits nan=0 range=[-18.06,11.09]
  [diag] values nan=0 range=[-0.9499,0.9762]
[iter 185/200] steps=13081 rollout_wr=0.500 (ussr=0.790 us=0.210) pl=-0.0176 vl=0.0874 ent=4.356 clip=0.154 kl=0.0070 t=20.7s (rollout=12.7s update=8.0s)
  [diag] inf dtype=torch.float32 shape=torch.Size([2048, 172]) nan=0 inf_vals=0 range=[0.00,56.00]
  [diag] scalar dtype=torch.float32 nan=0 range=[-0.950,1.125]
  [diag] card_logits nan=0 range=[-17.91,11.41]
  [diag] values nan=0 range=[-0.9529,0.9897]
[iter 186/200] steps=12835 rollout_wr=0.425 (ussr=0.650 us=0.200) pl=-0.0212 vl=0.0858 ent=4.399 clip=0.091 kl=0.0038 t=20.4s (rollout=12.8s update=7.6s)
  [diag] inf dtype=torch.float32 shape=torch.Size([2048, 172]) nan=0 inf_vals=0 range=[0.00,44.00]
  [diag] scalar dtype=torch.float32 nan=0 range=[-0.950,1.250]
  [diag] card_logits nan=0 range=[-16.91,10.64]
  [diag] values nan=0 range=[-0.9521,0.9834]
[iter 187/200] steps=13182 rollout_wr=0.455 (ussr=0.670 us=0.240) pl=-0.0166 vl=0.0861 ent=4.323 clip=0.071 kl=0.0032 t=19.9s (rollout=12.7s update=7.2s)
  [diag] inf dtype=torch.float32 shape=torch.Size([2048, 172]) nan=0 inf_vals=0 range=[0.00,66.00]
  [diag] scalar dtype=torch.float32 nan=0 range=[-0.800,1.000]
  [diag] card_logits nan=0 range=[-19.23,10.68]
  [diag] values nan=0 range=[-0.9314,0.9835]
[iter 188/200] steps=13648 rollout_wr=0.565 (ussr=0.770 us=0.360) pl=-0.0180 vl=0.0642 ent=4.381 clip=0.092 kl=0.0039 t=21.7s (rollout=13.4s update=8.2s)
  [diag] inf dtype=torch.float32 shape=torch.Size([2048, 172]) nan=0 inf_vals=0 range=[0.00,38.00]
  [diag] scalar dtype=torch.float32 nan=0 range=[-0.950,1.000]
  [diag] card_logits nan=0 range=[-19.23,11.58]
  [diag] values nan=0 range=[-0.8384,0.9709]
[iter 189/200] steps=11530 rollout_wr=0.705 (ussr=0.820 us=0.590) pl=-0.0187 vl=0.1102 ent=4.308 clip=0.149 kl=0.0064 t=24.5s (rollout=18.1s update=6.4s)
  [diag] inf dtype=torch.float32 shape=torch.Size([2048, 172]) nan=0 inf_vals=0 range=[0.00,47.00]
  [diag] scalar dtype=torch.float32 nan=0 range=[-0.950,1.000]
  [diag] card_logits nan=0 range=[-16.88,11.65]
  [diag] values nan=0 range=[-0.9453,0.9693]
[iter 190/200] steps=13407 rollout_wr=0.410 (ussr=0.630 us=0.190) pl=-0.0182 vl=0.0797 ent=4.396 clip=0.095 kl=0.0040 t=21.1s (rollout=13.4s update=7.7s)
  [diag] inf dtype=torch.float32 shape=torch.Size([2048, 172]) nan=0 inf_vals=0 range=[0.00,66.00]
  [diag] scalar dtype=torch.float32 nan=0 range=[-0.950,1.125]
  [diag] card_logits nan=0 range=[-16.33,11.48]
  [diag] values nan=0 range=[-0.9628,0.9462]
[iter 191/200] steps=12951 rollout_wr=0.410 (ussr=0.620 us=0.200) pl=-0.0173 vl=0.0823 ent=4.362 clip=0.125 kl=0.0051 t=20.9s (rollout=13.2s update=7.7s)
  [diag] inf dtype=torch.float32 shape=torch.Size([2048, 172]) nan=0 inf_vals=0 range=[0.00,45.00]
  [diag] scalar dtype=torch.float32 nan=0 range=[-0.850,1.125]
  [diag] card_logits nan=0 range=[-19.14,11.54]
  [diag] values nan=0 range=[-0.9586,0.9658]
[iter 192/200] steps=13161 rollout_wr=0.385 (ussr=0.590 us=0.180) pl=-0.0168 vl=0.0763 ent=4.363 clip=0.096 kl=0.0043 t=20.6s (rollout=13.0s update=7.6s)
  [diag] inf dtype=torch.float32 shape=torch.Size([2048, 172]) nan=0 inf_vals=0 range=[0.00,49.00]
  [diag] scalar dtype=torch.float32 nan=0 range=[-0.950,1.000]
  [diag] card_logits nan=0 range=[-16.49,10.91]
  [diag] values nan=0 range=[-0.9268,0.9832]
[iter 193/200] steps=13344 rollout_wr=0.755 (ussr=0.870 us=0.640) pl=-0.0189 vl=0.0695 ent=4.315 clip=0.119 kl=0.0058 t=21.6s (rollout=13.9s update=7.6s)
  [diag] inf dtype=torch.float32 shape=torch.Size([2048, 172]) nan=0 inf_vals=0 range=[0.00,48.00]
  [diag] scalar dtype=torch.float32 nan=0 range=[-0.950,1.000]
  [diag] card_logits nan=0 range=[-20.00,11.28]
  [diag] values nan=0 range=[-0.9264,0.9714]
[iter 194/200] steps=11742 rollout_wr=0.765 (ussr=0.920 us=0.610) pl=-0.0175 vl=0.0867 ent=4.302 clip=0.120 kl=0.0051 t=25.1s (rollout=18.6s update=6.5s)
  [diag] inf dtype=torch.float32 shape=torch.Size([2048, 172]) nan=0 inf_vals=0 range=[0.00,55.00]
  [diag] scalar dtype=torch.float32 nan=0 range=[-0.950,1.125]
  [diag] card_logits nan=0 range=[-14.83,10.42]
  [diag] values nan=0 range=[-0.9439,0.9719]
[iter 195/200] steps=13231 rollout_wr=0.405 (ussr=0.600 us=0.210) pl=-0.0165 vl=0.0857 ent=4.318 clip=0.113 kl=0.0050 t=20.5s (rollout=13.2s update=7.3s)
  [diag] inf dtype=torch.float32 shape=torch.Size([2048, 172]) nan=0 inf_vals=0 range=[0.00,52.00]
  [diag] scalar dtype=torch.float32 nan=0 range=[-0.900,1.250]
  [diag] card_logits nan=0 range=[-17.04,11.53]
  [diag] values nan=0 range=[-0.9459,0.9819]
[iter 196/200] steps=13018 rollout_wr=0.400 (ussr=0.590 us=0.210) pl=-0.0159 vl=0.0884 ent=4.335 clip=0.096 kl=0.0046 t=21.2s (rollout=12.9s update=8.3s)
  [diag] inf dtype=torch.float32 shape=torch.Size([2048, 172]) nan=0 inf_vals=0 range=[0.00,53.00]
  [diag] scalar dtype=torch.float32 nan=0 range=[-0.850,1.000]
  [diag] card_logits nan=0 range=[-15.87,11.72]
  [diag] values nan=0 range=[-0.9547,0.9709]
[iter 197/200] steps=13348 rollout_wr=0.380 (ussr=0.530 us=0.230) pl=-0.0170 vl=0.0897 ent=4.237 clip=0.100 kl=0.0042 t=20.2s (rollout=12.8s update=7.4s)
  [diag] inf dtype=torch.float32 shape=torch.Size([2048, 172]) nan=0 inf_vals=0 range=[0.00,41.00]
  [diag] scalar dtype=torch.float32 nan=0 range=[-0.950,1.125]
  [diag] card_logits nan=0 range=[-16.88,10.71]
  [diag] values nan=0 range=[-0.9472,0.9770]
[iter 198/200] steps=13049 rollout_wr=0.485 (ussr=0.710 us=0.260) pl=-0.0192 vl=0.0830 ent=4.259 clip=0.079 kl=0.0038 t=20.0s (rollout=12.9s update=7.1s)
  [diag] inf dtype=torch.float32 shape=torch.Size([2048, 172]) nan=0 inf_vals=0 range=[0.00,47.00]
  [diag] scalar dtype=torch.float32 nan=0 range=[-0.950,1.250]
  [diag] card_logits nan=0 range=[-16.27,11.94]
  [diag] values nan=0 range=[-0.9500,0.9832]
[iter 199/200] steps=12896 rollout_wr=0.400 (ussr=0.640 us=0.160) pl=-0.0186 vl=0.0834 ent=4.385 clip=0.078 kl=0.0039 t=20.5s (rollout=12.8s update=7.7s)
  Saved to league pool: data/checkpoints/ppo_v8_league/iter_0200.pt
  [diag] inf dtype=torch.float32 shape=torch.Size([2048, 172]) nan=0 inf_vals=0 range=[0.00,74.00]
  [diag] scalar dtype=torch.float32 nan=0 range=[-0.950,1.125]
  [diag] card_logits nan=0 range=[-21.18,11.19]
  [diag] values nan=0 range=[-0.9318,0.9757]
[iter 200/200] steps=13247 rollout_wr=0.720 (ussr=0.870 us=0.570) pl=-0.0199 vl=0.0811 ent=4.395 clip=0.100 kl=0.0044 t=21.2s (rollout=13.7s update=7.5s)
wandb: updating run metadata
wandb: uploading output.log; uploading wandb-summary.json; uploading config.yaml
wandb: uploading output.log
wandb: 
wandb: Run history:
wandb:               approx_kl ▄▃▃▄▃▃▂▂▂▂▂▁▄▁▂▁▃▂▄█▁▃▁▄▂▂▂▂▃▂▂▃▁▁▂▃▂▆▄▂
wandb:           clip_fraction ▄▅▄▆▇▄▂▅▂▃▂▃▂▂▂▂▄▅▂▃▂▁▂▁▃▂▁▁▄▂▂▂▃▂▃▄▂▂█▂
wandb:             combined_wr ▁▁▄▄▆▇▇█▇█
wandb: core_scalar_weight_norm ▁▁▁▁▂▂▂▄▄▄▅▅▅▅▅▅▅▆▆▆▆▆▆▆▆▆▆▆▇▇▇▇▇▇▇█████
wandb:                ent_coef ██████▇▇▇▆▆▆▆▆▆▆▆▆▆▅▅▅▅▅▄▄▄▄▃▃▃▃▂▂▂▂▂▂▁▁
wandb:                 entropy ▁▄▆▅▅▆▆▇▇▇█▇▇█▇███▇█▇▇▇▇█▇▇▆█▇▆▇▇▇▆▆▆▆▆▅
wandb:             iter_time_s ▃▇▃▃▃▃▃█▃▃▄▂▃▃▃▂▃▂▃▃▃▂█▂▇▂▂▂▂▁▃▂▇▁▇▂▇▆▃▃
wandb:                 n_steps ▇█▇▆▇▅▆▅▆▅▇▆▆▆▅▂▅▅▅▄▁▆▅▂▄▃▃▃▄▇▅▄▄▁▄▄▅▅▆▅
wandb:  new_scalar_weight_norm ▁▁▃▃▄▅▅▅▅▅▅▅▅▆▆▆▆▇▆▇▆▆▇▇▇▇▇▅▅▅▅▇███▆▆▆▆█
wandb:             policy_loss ▆▆▆▆▆▆▅▄▆▆▅▅▆▃▇▅▅▄▅▄▄▆▅▅▇▄█▄▅▃▅▆▆▆▁▄▆▆▅▅
wandb:                    +103 ...
wandb: 
wandb: Run summary:
wandb:               approx_kl 0.00436
wandb:           clip_fraction 0.1002
wandb:             combined_wr 0.853
wandb: core_scalar_weight_norm 3.78409
wandb:                ent_coef 0.0102
wandb:                 entropy 4.39549
wandb:             iter_time_s 21.18973
wandb:                 n_steps 13247
wandb:  new_scalar_weight_norm 2.69242
wandb:             policy_loss -0.01988
wandb:                    +103 ...
wandb: 
wandb: 🚀 View run ppo_v8_scoring_tiers at: https://wandb.ai/korduban-ai/twilight-struggle-ai/runs/tesqshqc
wandb: ⭐️ View project at: https://wandb.ai/korduban-ai/twilight-struggle-ai
wandb: Synced 5 W&B file(s), 0 media file(s), 0 artifact file(s) and 0 other file(s)
wandb: Find logs at: ./wandb/run-20260408_112726-tesqshqc/logs
  Running benchmark (500 games each side)...
  Benchmark: USSR=0.944 US=0.762 combined=0.853 (86s)
  New best: combined=0.853

Training complete in 86.8 minutes
Best combined WR: 0.853
Checkpoints in: data/checkpoints/ppo_v8_league
