wandb: [wandb.login()] Loaded credentials for https://api.wandb.ai from WANDB_API_KEY.
wandb: Currently logged in as: dkorduban (korduban-ai) to https://api.wandb.ai. Use `wandb login --relogin` to force relogin
wandb: setting up run 2862ff17
wandb: Tracking run with wandb version 0.25.1
wandb: Run data is saved locally in /home/dkord/code/twilight-struggle-ai/wandb/run-20260412_050732-2862ff17
wandb: Run `wandb offline` to turn off syncing.
wandb: Syncing run ppo_v70_sc
wandb: ⭐️ View project at https://wandb.ai/korduban-ai/twilight-struggle-ai
wandb: 🚀 View run at https://wandb.ai/korduban-ai/twilight-struggle-ai/runs/2862ff17
[tracking] log_experiment_start failed: cannot access local variable 'sys' where it is not associated with a value
Loading checkpoint: data/checkpoints/ppo_v69_sc_league/ppo_best.pt
[smoke test] Smoke test passed: 10 games completed
  --reset-optimizer: skipping optimizer state restore, starting fresh Adam.

Starting PPO training: 80 iterations × 200 games/iter, side=both
Device: cuda, lr=2e-05, clip=0.12, ent=0.01, vf=0.5
League training enabled (pool: data/checkpoints/ppo_v70_sc_league, save-every=10)
  Saved to league pool: data/checkpoints/ppo_v70_sc_league/iter_0001.pt
  [league] self: self | ussr_pool: ['v45_scripted', 'iter_0001'] | us_pool: ['iter_0001', 'iter_0001']
  [pfsp]
    [ussr] v45_scripted: WR_ussr=0.42(n=3045) WR_us=?(n=0) pfsp=0.585
    [ussr] iter_0001: WR_ussr=?(n=0) WR_us=?(n=0) pfsp=1.000
    [us] iter_0001: WR_ussr=?(n=0) WR_us=?(n=0) pfsp=1.000
  [diag] inf dtype=torch.float32 shape=torch.Size([2048, 172]) nan=0 inf_vals=0 range=[0.00,43.00]
  [diag] scalar dtype=torch.float32 nan=0 range=[-0.900,1.125]
  [diag] card_logits nan=0 range=[-23.70,14.30]
  [diag] values nan=0 range=[-0.9491,0.9187]
[iter   1/80] steps=13658 rollout_wr=0.530 (ussr=0.540 us=0.520) pl=-0.0203 vl=0.1124 ent=3.571 clip=0.142 kl=0.0039 t=263.3s (rollout=256.4s update=6.9s)
  [league] self: self | ussr_pool: ['iter_0001', 'v45_scripted'] | us_pool: ['iter_0001', 'iter_0001']
  [pfsp]
    [ussr] iter_0001: WR_ussr=0.60(n=40) WR_us=0.50(n=80) pfsp=0.400
    [ussr] v45_scripted: WR_ussr=0.42(n=3085) WR_us=?(n=0) pfsp=0.584
    [us] iter_0001: WR_ussr=0.60(n=40) WR_us=0.50(n=80) pfsp=0.500
  [diag] inf dtype=torch.float32 shape=torch.Size([2048, 172]) nan=0 inf_vals=0 range=[0.00,50.00]
  [diag] scalar dtype=torch.float32 nan=0 range=[-0.900,1.125]
  [diag] card_logits nan=0 range=[-23.01,13.84]
  [diag] values nan=0 range=[-0.9542,0.9190]
[iter   2/80] steps=13657 rollout_wr=0.575 (ussr=0.610 us=0.540) pl=-0.0151 vl=0.1140 ent=3.563 clip=0.112 kl=0.0030 t=85.8s (rollout=79.9s update=5.8s)
  [league] self: self | ussr_pool: ['v45_scripted', 'iter_0001'] | us_pool: ['iter_0001', 'iter_0001']
  [pfsp]
    [ussr] v45_scripted: WR_ussr=0.42(n=3125) WR_us=?(n=0) pfsp=0.583
    [ussr] iter_0001: WR_ussr=0.64(n=80) WR_us=0.50(n=160) pfsp=0.363
    [us] iter_0001: WR_ussr=0.64(n=80) WR_us=0.50(n=160) pfsp=0.500
  [diag] inf dtype=torch.float32 shape=torch.Size([2048, 172]) nan=0 inf_vals=0 range=[0.00,48.00]
  [diag] scalar dtype=torch.float32 nan=0 range=[-0.950,1.125]
  [diag] card_logits nan=0 range=[-23.43,13.87]
  [diag] values nan=0 range=[-0.9406,0.9243]
[iter   3/80] steps=13680 rollout_wr=0.505 (ussr=0.400 us=0.610) pl=-0.0146 vl=0.1025 ent=3.561 clip=0.105 kl=0.0029 t=88.4s (rollout=82.4s update=6.0s)
  [league] self: self | ussr_pool: ['iter_0001', 'v45_scripted'] | us_pool: ['v55_scripted', 'v55_scripted']
  [pfsp]
    [ussr] iter_0001: WR_ussr=0.57(n=120) WR_us=0.54(n=240) pfsp=0.425
    [ussr] v45_scripted: WR_ussr=0.41(n=3165) WR_us=?(n=0) pfsp=0.585
    [us] v55_scripted: WR_ussr=?(n=0) WR_us=0.28(n=3345) pfsp=0.720
  [diag] inf dtype=torch.float32 shape=torch.Size([2048, 172]) nan=0 inf_vals=0 range=[0.00,49.00]
  [diag] scalar dtype=torch.float32 nan=0 range=[-0.700,1.000]
  [diag] card_logits nan=0 range=[-21.40,13.30]
  [diag] values nan=0 range=[-0.9640,0.9441]
[iter   4/80] steps=13489 rollout_wr=0.385 (ussr=0.500 us=0.270) pl=-0.0164 vl=0.1030 ent=3.637 clip=0.133 kl=0.0035 t=85.3s (rollout=79.4s update=5.9s)
  [league] self: self | ussr_pool: ['iter_0001', 'v45_scripted'] | us_pool: ['iter_0001', 'iter_0001']
  [pfsp]
    [ussr] iter_0001: WR_ussr=0.59(n=160) WR_us=0.54(n=240) pfsp=0.406
    [ussr] v45_scripted: WR_ussr=0.41(n=3205) WR_us=?(n=0) pfsp=0.586
    [us] iter_0001: WR_ussr=0.59(n=160) WR_us=0.54(n=240) pfsp=0.458
  [diag] inf dtype=torch.float32 shape=torch.Size([2048, 172]) nan=0 inf_vals=0 range=[0.00,49.00]
  [diag] scalar dtype=torch.float32 nan=0 range=[-0.850,1.000]
  [diag] card_logits nan=0 range=[-22.14,13.59]
  [diag] values nan=0 range=[-0.9435,0.9436]
[iter   5/80] steps=13851 rollout_wr=0.455 (ussr=0.410 us=0.500) pl=-0.0129 vl=0.1093 ent=3.525 clip=0.112 kl=0.0036 t=84.9s (rollout=78.9s update=6.0s)
  [league] self: self | ussr_pool: ['v45_scripted', 'v45_scripted'] | us_pool: ['iter_0001', 'iter_0001']
  [pfsp]
    [ussr] v45_scripted: WR_ussr=0.41(n=3245) WR_us=?(n=0) pfsp=0.587
    [us] iter_0001: WR_ussr=0.56(n=200) WR_us=0.53(n=320) pfsp=0.469
  [diag] inf dtype=torch.float32 shape=torch.Size([2048, 172]) nan=0 inf_vals=0 range=[0.00,50.00]
  [diag] scalar dtype=torch.float32 nan=0 range=[-0.900,1.125]
  [diag] card_logits nan=0 range=[-22.44,13.75]
  [diag] values nan=0 range=[-0.9428,0.9302]
[iter   6/80] steps=14052 rollout_wr=0.480 (ussr=0.450 us=0.510) pl=-0.0146 vl=0.1101 ent=3.569 clip=0.106 kl=0.0029 t=93.3s (rollout=88.4s update=4.9s)
  [league] self: self | ussr_pool: ['iter_0001', 'iter_0001'] | us_pool: ['iter_0001', 'iter_0001']
  [pfsp]
    [ussr] iter_0001: WR_ussr=0.56(n=200) WR_us=0.53(n=400) pfsp=0.440
    [us] iter_0001: WR_ussr=0.56(n=200) WR_us=0.53(n=400) pfsp=0.473
  [diag] inf dtype=torch.float32 shape=torch.Size([2048, 172]) nan=0 inf_vals=0 range=[0.00,52.00]
  [diag] scalar dtype=torch.float32 nan=0 range=[-0.850,1.125]
  [diag] card_logits nan=0 range=[-22.36,14.89]
  [diag] values nan=0 range=[-0.9351,0.9293]
[iter   7/80] steps=13627 rollout_wr=0.545 (ussr=0.570 us=0.520) pl=-0.0146 vl=0.1110 ent=3.614 clip=0.104 kl=0.0028 t=63.2s (rollout=58.8s update=4.4s)
  [league] self: self | ussr_pool: ['iter_0001', 'iter_0001'] | us_pool: ['v55_scripted', 'iter_0001']
  [pfsp]
    [ussr] iter_0001: WR_ussr=0.57(n=280) WR_us=0.52(n=480) pfsp=0.429
    [us] v55_scripted: WR_ussr=?(n=0) WR_us=0.28(n=3425) pfsp=0.722
    [us] iter_0001: WR_ussr=0.57(n=280) WR_us=0.52(n=480) pfsp=0.483
  [diag] inf dtype=torch.float32 shape=torch.Size([2048, 172]) nan=0 inf_vals=0 range=[0.00,44.00]
  [diag] scalar dtype=torch.float32 nan=0 range=[-0.950,1.125]
  [diag] card_logits nan=0 range=[-22.47,14.36]
  [diag] values nan=0 range=[-0.9246,0.9535]
[iter   8/80] steps=13794 rollout_wr=0.485 (ussr=0.490 us=0.480) pl=-0.0147 vl=0.1073 ent=3.640 clip=0.126 kl=0.0033 t=32.4s (rollout=27.7s update=4.7s)
  [league] self: self | ussr_pool: ['v45_scripted', 'v45_scripted'] | us_pool: ['iter_0001', 'v55_scripted']
  [pfsp]
    [ussr] v45_scripted: WR_ussr=0.41(n=3325) WR_us=?(n=0) pfsp=0.587
    [us] iter_0001: WR_ussr=0.56(n=360) WR_us=0.52(n=520) pfsp=0.483
    [us] v55_scripted: WR_ussr=?(n=0) WR_us=0.28(n=3465) pfsp=0.722
  [diag] inf dtype=torch.float32 shape=torch.Size([2048, 172]) nan=0 inf_vals=0 range=[0.00,56.00]
  [diag] scalar dtype=torch.float32 nan=0 range=[-0.800,1.000]
  [diag] card_logits nan=0 range=[-21.86,14.47]
  [diag] values nan=0 range=[-0.9484,0.9384]
[iter   9/80] steps=13871 rollout_wr=0.415 (ussr=0.400 us=0.430) pl=-0.0145 vl=0.1049 ent=3.605 clip=0.100 kl=0.0028 t=32.0s (rollout=27.4s update=4.6s)
  Saved to league pool: data/checkpoints/ppo_v70_sc_league/iter_0010.pt
  [league] self: self | ussr_pool: ['v45_scripted', 'iter_0010'] | us_pool: ['iter_0001', 'v55_scripted']
  [pfsp]
    [ussr] v45_scripted: WR_ussr=0.41(n=3405) WR_us=?(n=0) pfsp=0.588
    [ussr] iter_0010: WR_ussr=?(n=0) WR_us=?(n=0) pfsp=1.000
    [us] iter_0001: WR_ussr=0.56(n=360) WR_us=0.52(n=560) pfsp=0.484
    [us] v55_scripted: WR_ussr=?(n=0) WR_us=0.28(n=3505) pfsp=0.722
  [diag] inf dtype=torch.float32 shape=torch.Size([2048, 172]) nan=0 inf_vals=0 range=[0.00,41.00]
  [diag] scalar dtype=torch.float32 nan=0 range=[-0.800,1.125]
  [diag] card_logits nan=0 range=[-24.17,13.32]
  [diag] values nan=0 range=[-0.9531,0.9063]
[iter  10/80] steps=13626 rollout_wr=0.525 (ussr=0.600 us=0.450) pl=-0.0148 vl=0.1082 ent=3.628 clip=0.104 kl=0.0029 t=31.2s (rollout=25.6s update=5.5s)
  [confirm] launched incremental Elo check for iter 10
Traceback (most recent call last):
  File "/home/dkord/code/twilight-struggle-ai/scripts/train_ppo.py", line 3451, in <module>
    main()
  File "/home/dkord/code/twilight-struggle-ai/scripts/train_ppo.py", line 3216, in main
    m = probe_eval.compare(model, prev_model)
        ^^^^^^^^^^^^^^^^^^^^^^^^^^^^^^^^^^^^^
  File "/home/dkord/code/twilight-struggle-ai/python/tsrl/policies/jsd_probe.py", line 133, in compare
    out_a = self._forward_model(model_a, influence, cards, scalars)
            ^^^^^^^^^^^^^^^^^^^^^^^^^^^^^^^^^^^^^^^^^^^^^^^^^^^^^^^
  File "/home/dkord/code/twilight-struggle-ai/python/tsrl/policies/jsd_probe.py", line 332, in _forward_model
    return model(influence, cards, scalars)
           ^^^^^^^^^^^^^^^^^^^^^^^^^^^^^^^^
  File "/home/dkord/code/twilight-struggle-ai/.venv/lib/python3.12/site-packages/torch/nn/modules/module.py", line 1739, in _wrapped_call_impl
    return self._call_impl(*args, **kwargs)
           ^^^^^^^^^^^^^^^^^^^^^^^^^^^^^^^^
  File "/home/dkord/code/twilight-struggle-ai/.venv/lib/python3.12/site-packages/torch/nn/modules/module.py", line 1750, in _call_impl
    return forward_call(*args, **kwargs)
           ^^^^^^^^^^^^^^^^^^^^^^^^^^^^^
  File "/home/dkord/code/twilight-struggle-ai/python/tsrl/policies/model.py", line 1649, in forward
    h_scalar = torch.relu(self.scalar_encoder(scalars_extended))
                          ^^^^^^^^^^^^^^^^^^^^^^^^^^^^^^^^^^^^^
  File "/home/dkord/code/twilight-struggle-ai/.venv/lib/python3.12/site-packages/torch/nn/modules/module.py", line 1739, in _wrapped_call_impl
    return self._call_impl(*args, **kwargs)
           ^^^^^^^^^^^^^^^^^^^^^^^^^^^^^^^^
  File "/home/dkord/code/twilight-struggle-ai/.venv/lib/python3.12/site-packages/torch/nn/modules/module.py", line 1750, in _call_impl
    return forward_call(*args, **kwargs)
           ^^^^^^^^^^^^^^^^^^^^^^^^^^^^^
  File "/home/dkord/code/twilight-struggle-ai/.venv/lib/python3.12/site-packages/torch/nn/modules/linear.py", line 125, in forward
    return F.linear(input, self.weight, self.bias)
           ^^^^^^^^^^^^^^^^^^^^^^^^^^^^^^^^^^^^^^^
RuntimeError: mat1 and mat2 shapes cannot be multiplied (256x116 and 74x64)
[1;34mwandb[0m: 
[1;34mwandb[0m: 🚀 View run [33mppo_v70_sc[0m at: [34mhttps://wandb.ai/korduban-ai/twilight-struggle-ai/runs/2862ff17[0m
[1;34mwandb[0m: Find logs at: [1;35mwandb/run-20260412_050732-2862ff17/logs[0m
wandb: [wandb.login()] Loaded credentials for https://api.wandb.ai from WANDB_API_KEY.
wandb: Currently logged in as: dkorduban (korduban-ai) to https://api.wandb.ai. Use `wandb login --relogin` to force relogin
wandb: setting up run 2862ff17
wandb: Tracking run with wandb version 0.25.1
wandb: Run data is saved locally in /home/dkord/code/twilight-struggle-ai/wandb/run-20260412_054033-2862ff17
wandb: Run `wandb offline` to turn off syncing.
wandb: Resuming run ppo_v70_sc
wandb: ⭐️ View project at https://wandb.ai/korduban-ai/twilight-struggle-ai
wandb: 🚀 View run at https://wandb.ai/korduban-ai/twilight-struggle-ai/runs/2862ff17
[tracking] log_experiment_start failed: cannot access local variable 'sys' where it is not associated with a value
Loading checkpoint: data/checkpoints/ppo_v69_sc_league/ppo_best.pt
[smoke test] Smoke test passed: 10 games completed
  --reset-optimizer: skipping optimizer state restore, starting fresh Adam.

Starting PPO training: 80 iterations × 200 games/iter, side=both
Device: cuda, lr=2e-05, clip=0.12, ent=0.01, vf=0.5
League training enabled (pool: data/checkpoints/ppo_v70_sc_league, save-every=10)
  Saved to league pool: data/checkpoints/ppo_v70_sc_league/iter_0001.pt
  [league] self: self | ussr_pool: ['v45_scripted', 'iter_0001'] | us_pool: ['v55_scripted', 'iter_0001']
  [pfsp]
    [ussr] v45_scripted: WR_ussr=0.42(n=3045) WR_us=?(n=0) pfsp=0.585
    [ussr] iter_0001: WR_ussr=?(n=0) WR_us=?(n=0) pfsp=1.000
    [us] v55_scripted: WR_ussr=?(n=0) WR_us=0.28(n=3345) pfsp=0.720
    [us] iter_0001: WR_ussr=?(n=0) WR_us=?(n=0) pfsp=1.000
  [diag] inf dtype=torch.float32 shape=torch.Size([2048, 172]) nan=0 inf_vals=0 range=[0.00,45.00]
  [diag] scalar dtype=torch.float32 nan=0 range=[-0.950,1.125]
  [diag] card_logits nan=0 range=[-20.54,14.81]
  [diag] values nan=0 range=[-0.9464,0.9207]
[iter   1/80] steps=13512 rollout_wr=0.480 (ussr=0.520 us=0.440) pl=-0.0228 vl=0.1076 ent=3.605 clip=0.154 kl=0.0040 t=20.7s (rollout=15.5s update=5.1s)
  [league] self: self | ussr_pool: ['v45_scripted', 'iter_0001'] | us_pool: ['v55_scripted', 'iter_0001']
  [pfsp]
    [ussr] v45_scripted: WR_ussr=0.41(n=3085) WR_us=?(n=0) pfsp=0.585
    [ussr] iter_0001: WR_ussr=0.68(n=40) WR_us=0.65(n=40) pfsp=0.325
    [us] v55_scripted: WR_ussr=?(n=0) WR_us=0.28(n=3385) pfsp=0.722
    [us] iter_0001: WR_ussr=0.68(n=40) WR_us=0.65(n=40) pfsp=0.350
wandb: WARNING Tried to log to step 1 that is less than the current step 10. Steps must be monotonically increasing, so this data will be ignored. See https://wandb.me/define-metric to log data out of order.
  [diag] inf dtype=torch.float32 shape=torch.Size([2048, 172]) nan=0 inf_vals=0 range=[0.00,45.00]
  [diag] scalar dtype=torch.float32 nan=0 range=[-0.700,1.125]
  [diag] card_logits nan=0 range=[-21.46,14.05]
  [diag] values nan=0 range=[-0.9521,0.9265]
[iter   2/80] steps=13727 rollout_wr=0.495 (ussr=0.480 us=0.510) pl=-0.0154 vl=0.1064 ent=3.518 clip=0.095 kl=0.0027 t=20.7s (rollout=15.5s update=5.2s)
  [league] self: self | ussr_pool: ['v45_scripted', 'iter_0001'] | us_pool: ['iter_0001', 'iter_0001']
  [pfsp]
    [ussr] v45_scripted: WR_ussr=0.41(n=3125) WR_us=?(n=0) pfsp=0.586
    [ussr] iter_0001: WR_ussr=0.60(n=80) WR_us=0.59(n=80) pfsp=0.400
    [us] iter_0001: WR_ussr=0.60(n=80) WR_us=0.59(n=80) pfsp=0.412
wandb: WARNING Tried to log to step 2 that is less than the current step 10. Steps must be monotonically increasing, so this data will be ignored. See https://wandb.me/define-metric to log data out of order.
  [diag] inf dtype=torch.float32 shape=torch.Size([2048, 172]) nan=0 inf_vals=0 range=[0.00,47.00]
  [diag] scalar dtype=torch.float32 nan=0 range=[-0.850,1.125]
  [diag] card_logits nan=0 range=[-20.77,16.41]
  [diag] values nan=0 range=[-0.9326,0.9214]
[iter   3/80] steps=13379 rollout_wr=0.520 (ussr=0.480 us=0.560) pl=-0.0131 vl=0.1091 ent=3.556 clip=0.101 kl=0.0027 t=19.5s (rollout=14.2s update=5.3s)
  [league] self: self | ussr_pool: ['v45_scripted', 'iter_0001'] | us_pool: ['iter_0001', 'iter_0001']
  [pfsp]
    [ussr] v45_scripted: WR_ussr=0.41(n=3165) WR_us=?(n=0) pfsp=0.587
    [ussr] iter_0001: WR_ussr=0.58(n=120) WR_us=0.60(n=160) pfsp=0.417
    [us] iter_0001: WR_ussr=0.58(n=120) WR_us=0.60(n=160) pfsp=0.400
wandb: WARNING Tried to log to step 3 that is less than the current step 10. Steps must be monotonically increasing, so this data will be ignored. See https://wandb.me/define-metric to log data out of order.
  [diag] inf dtype=torch.float32 shape=torch.Size([2048, 172]) nan=0 inf_vals=0 range=[0.00,44.00]
  [diag] scalar dtype=torch.float32 nan=0 range=[-0.850,1.125]
  [diag] card_logits nan=0 range=[-21.44,15.76]
  [diag] values nan=0 range=[-0.9319,0.9191]
[iter   4/80] steps=13287 rollout_wr=0.475 (ussr=0.400 us=0.550) pl=-0.0133 vl=0.1059 ent=3.517 clip=0.109 kl=0.0032 t=20.7s (rollout=15.6s update=5.1s)
  [league] self: self | ussr_pool: ['iter_0001', 'iter_0001'] | us_pool: ['iter_0001', 'iter_0001']
  [pfsp]
    [ussr] iter_0001: WR_ussr=0.54(n=160) WR_us=0.59(n=240) pfsp=0.456
    [us] iter_0001: WR_ussr=0.54(n=160) WR_us=0.59(n=240) pfsp=0.412
wandb: WARNING Tried to log to step 4 that is less than the current step 10. Steps must be monotonically increasing, so this data will be ignored. See https://wandb.me/define-metric to log data out of order.
  [diag] inf dtype=torch.float32 shape=torch.Size([2048, 172]) nan=0 inf_vals=0 range=[0.00,52.00]
  [diag] scalar dtype=torch.float32 nan=0 range=[-0.900,1.125]
  [diag] card_logits nan=0 range=[-21.46,14.61]
  [diag] values nan=0 range=[-0.9163,0.9173]
[iter   5/80] steps=13832 rollout_wr=0.565 (ussr=0.530 us=0.600) pl=-0.0138 vl=0.1040 ent=3.517 clip=0.106 kl=0.0032 t=21.6s (rollout=16.2s update=5.4s)
  [league] self: self | ussr_pool: ['iter_0001', 'iter_0001'] | us_pool: ['iter_0001', 'iter_0001']
  [pfsp]
    [ussr] iter_0001: WR_ussr=0.55(n=240) WR_us=0.58(n=320) pfsp=0.454
    [us] iter_0001: WR_ussr=0.55(n=240) WR_us=0.58(n=320) pfsp=0.419
wandb: WARNING Tried to log to step 5 that is less than the current step 10. Steps must be monotonically increasing, so this data will be ignored. See https://wandb.me/define-metric to log data out of order.
  [diag] inf dtype=torch.float32 shape=torch.Size([2048, 172]) nan=0 inf_vals=0 range=[0.00,46.00]
  [diag] scalar dtype=torch.float32 nan=0 range=[-0.850,1.125]
  [diag] card_logits nan=0 range=[-20.51,16.56]
  [diag] values nan=0 range=[-0.9440,0.9397]
[iter   6/80] steps=13659 rollout_wr=0.510 (ussr=0.560 us=0.460) pl=-0.0158 vl=0.1172 ent=3.540 clip=0.117 kl=0.0034 t=20.1s (rollout=14.9s update=5.1s)
  [league] self: self | ussr_pool: ['v45_scripted', 'iter_0001'] | us_pool: ['iter_0001', 'iter_0001']
  [pfsp]
    [ussr] v45_scripted: WR_ussr=0.41(n=3205) WR_us=?(n=0) pfsp=0.588
    [ussr] iter_0001: WR_ussr=0.55(n=320) WR_us=0.56(n=400) pfsp=0.453
    [us] iter_0001: WR_ussr=0.55(n=320) WR_us=0.56(n=400) pfsp=0.440
wandb: WARNING Tried to log to step 6 that is less than the current step 10. Steps must be monotonically increasing, so this data will be ignored. See https://wandb.me/define-metric to log data out of order.
  [diag] inf dtype=torch.float32 shape=torch.Size([2048, 172]) nan=0 inf_vals=0 range=[0.00,45.00]
  [diag] scalar dtype=torch.float32 nan=0 range=[-0.950,1.125]
  [diag] card_logits nan=0 range=[-20.54,14.53]
  [diag] values nan=0 range=[-0.9541,0.9198]
[iter   7/80] steps=13399 rollout_wr=0.470 (ussr=0.470 us=0.470) pl=-0.0144 vl=0.1137 ent=3.522 clip=0.078 kl=0.0023 t=20.4s (rollout=16.3s update=4.1s)
  [league] self: self | ussr_pool: ['iter_0001', 'iter_0001'] | us_pool: ['v55_scripted', 'iter_0001']
  [pfsp]
    [ussr] iter_0001: WR_ussr=0.55(n=360) WR_us=0.55(n=480) pfsp=0.450
    [us] v55_scripted: WR_ussr=?(n=0) WR_us=0.28(n=3425) pfsp=0.721
    [us] iter_0001: WR_ussr=0.55(n=360) WR_us=0.55(n=480) pfsp=0.454
wandb: WARNING Tried to log to step 7 that is less than the current step 10. Steps must be monotonically increasing, so this data will be ignored. See https://wandb.me/define-metric to log data out of order.
  [diag] inf dtype=torch.float32 shape=torch.Size([2048, 172]) nan=0 inf_vals=0 range=[0.00,50.00]
  [diag] scalar dtype=torch.float32 nan=0 range=[-0.900,1.125]
  [diag] card_logits nan=0 range=[-21.02,13.97]
  [diag] values nan=0 range=[-0.9615,0.9265]
[iter   8/80] steps=13545 rollout_wr=0.520 (ussr=0.610 us=0.430) pl=-0.0163 vl=0.1043 ent=3.569 clip=0.119 kl=0.0032 t=21.7s (rollout=16.3s update=5.4s)
  [league] self: self | ussr_pool: ['iter_0001', 'iter_0001'] | us_pool: ['v55_scripted', 'iter_0001']
  [pfsp]
    [ussr] iter_0001: WR_ussr=0.56(n=440) WR_us=0.55(n=520) pfsp=0.436
    [us] v55_scripted: WR_ussr=?(n=0) WR_us=0.28(n=3465) pfsp=0.722
    [us] iter_0001: WR_ussr=0.56(n=440) WR_us=0.55(n=520) pfsp=0.454
wandb: WARNING Tried to log to step 8 that is less than the current step 10. Steps must be monotonically increasing, so this data will be ignored. See https://wandb.me/define-metric to log data out of order.
  [diag] inf dtype=torch.float32 shape=torch.Size([2048, 172]) nan=0 inf_vals=0 range=[0.00,45.00]
  [diag] scalar dtype=torch.float32 nan=0 range=[-0.850,1.000]
  [diag] card_logits nan=0 range=[-21.04,15.03]
  [diag] values nan=0 range=[-0.9517,0.9286]
[iter   9/80] steps=13577 rollout_wr=0.440 (ussr=0.470 us=0.410) pl=-0.0133 vl=0.1036 ent=3.486 clip=0.109 kl=0.0028 t=20.9s (rollout=15.6s update=5.3s)
  Saved to league pool: data/checkpoints/ppo_v70_sc_league/iter_0010.pt
  [league] self: self | ussr_pool: ['iter_0001', 'iter_0010'] | us_pool: ['v55_scripted', 'iter_0001']
  [pfsp]
    [ussr] iter_0001: WR_ussr=0.55(n=520) WR_us=0.54(n=560) pfsp=0.454
    [ussr] iter_0010: WR_ussr=?(n=0) WR_us=?(n=0) pfsp=1.000
    [us] v55_scripted: WR_ussr=?(n=0) WR_us=0.28(n=3505) pfsp=0.722
    [us] iter_0001: WR_ussr=0.55(n=520) WR_us=0.54(n=560) pfsp=0.461
wandb: WARNING Tried to log to step 9 that is less than the current step 10. Steps must be monotonically increasing, so this data will be ignored. See https://wandb.me/define-metric to log data out of order.
  [diag] inf dtype=torch.float32 shape=torch.Size([2048, 172]) nan=0 inf_vals=0 range=[0.00,47.00]
  [diag] scalar dtype=torch.float32 nan=0 range=[-0.850,1.125]
  [diag] card_logits nan=0 range=[-21.00,13.04]
  [diag] values nan=0 range=[-0.9449,0.9361]
[iter  10/80] steps=12976 rollout_wr=0.455 (ussr=0.610 us=0.300) pl=-0.0131 vl=0.1052 ent=3.733 clip=0.122 kl=0.0035 t=20.7s (rollout=17.0s update=3.8s)
  [confirm] launched incremental Elo check for iter 10
  [panel eval] launched pid=512850 iter=10 panel=['v55', 'v54', 'v44', 'v45', 'v14']
  [league] self: self | ussr_pool: ['iter_0010', 'iter_0010'] | us_pool: ['iter_0001', 'v55_scripted']
  [pfsp]
    [ussr] iter_0010: WR_ussr=0.55(n=40) WR_us=?(n=0) pfsp=0.450
    [us] iter_0001: WR_ussr=0.55(n=560) WR_us=0.53(n=600) pfsp=0.472
    [us] v55_scripted: WR_ussr=?(n=0) WR_us=0.28(n=3545) pfsp=0.724
  [diag] inf dtype=torch.float32 shape=torch.Size([2048, 172]) nan=0 inf_vals=0 range=[0.00,48.00]
  [diag] scalar dtype=torch.float32 nan=0 range=[-0.800,1.125]
  [diag] card_logits nan=0 range=[-21.91,14.01]
  [diag] values nan=0 range=[-0.9435,0.9129]
[iter  11/80] steps=13323 rollout_wr=0.500 (ussr=0.580 us=0.420) pl=-0.0136 vl=0.1040 ent=3.653 clip=0.107 kl=0.0029 t=32.7s (rollout=27.4s update=5.3s)
  [panel eval iter 10] avg=0.496 elapsed=33s: v55=0.533 | v54=0.550 | v44=0.417 | v45=0.433 | v14=0.467
  [panel eval] NEW HIGH-WATER MARK iter=10 avg_wr=0.4958 → ppo_running_best.pt (provenance: ppo_iter0010.pt)
  [league] self: self | ussr_pool: ['iter_0001', 'v45_scripted'] | us_pool: ['v55_scripted', 'v55_scripted']
  [pfsp]
    [ussr] iter_0001: WR_ussr=0.55(n=560) WR_us=0.53(n=640) pfsp=0.448
    [ussr] v45_scripted: WR_ussr=0.41(n=3245) WR_us=?(n=0) pfsp=0.589
    [us] v55_scripted: WR_ussr=?(n=0) WR_us=0.28(n=3585) pfsp=0.723
  [diag] inf dtype=torch.float32 shape=torch.Size([2048, 172]) nan=0 inf_vals=0 range=[0.00,53.00]
  [diag] scalar dtype=torch.float32 nan=0 range=[-0.850,1.125]
  [diag] card_logits nan=0 range=[-20.39,15.97]
  [diag] values nan=0 range=[-0.9488,0.9507]
[iter  12/80] steps=13552 rollout_wr=0.430 (ussr=0.500 us=0.360) pl=-0.0151 vl=0.1035 ent=3.615 clip=0.108 kl=0.0032 t=22.2s (rollout=16.8s update=5.3s)
  [league] self: self | ussr_pool: ['v45_scripted', 'iter_0010'] | us_pool: ['v55_scripted', 'iter_0010']
  [pfsp]
    [ussr] v45_scripted: WR_ussr=0.41(n=3285) WR_us=?(n=0) pfsp=0.589
    [ussr] iter_0010: WR_ussr=0.61(n=120) WR_us=?(n=0) pfsp=0.392
    [us] v55_scripted: WR_ussr=?(n=0) WR_us=0.28(n=3665) pfsp=0.724
    [us] iter_0010: WR_ussr=0.61(n=120) WR_us=?(n=0) pfsp=1.000
  [diag] inf dtype=torch.float32 shape=torch.Size([2048, 172]) nan=0 inf_vals=0 range=[0.00,48.00]
  [diag] scalar dtype=torch.float32 nan=0 range=[-0.950,1.125]
  [diag] card_logits nan=0 range=[-21.75,15.28]
  [diag] values nan=0 range=[-0.9346,0.9451]
[iter  13/80] steps=13744 rollout_wr=0.560 (ussr=0.600 us=0.520) pl=-0.0170 vl=0.0988 ent=3.686 clip=0.127 kl=0.0034 t=20.1s (rollout=14.7s update=5.4s)
  [league] self: self | ussr_pool: ['v45_scripted', 'iter_0001'] | us_pool: ['v55_scripted', 'iter_0001']
  [pfsp]
    [ussr] v45_scripted: WR_ussr=0.41(n=3325) WR_us=?(n=0) pfsp=0.589
    [ussr] iter_0001: WR_ussr=0.55(n=600) WR_us=0.53(n=640) pfsp=0.448
    [us] v55_scripted: WR_ussr=?(n=0) WR_us=0.28(n=3705) pfsp=0.725
    [us] iter_0001: WR_ussr=0.55(n=600) WR_us=0.53(n=640) pfsp=0.473
  [diag] inf dtype=torch.float32 shape=torch.Size([2048, 172]) nan=0 inf_vals=0 range=[0.00,46.00]
  [diag] scalar dtype=torch.float32 nan=0 range=[-0.900,1.125]
  [diag] card_logits nan=0 range=[-21.19,15.02]
  [diag] values nan=0 range=[-0.9484,0.9252]
[iter  14/80] steps=13572 rollout_wr=0.510 (ussr=0.460 us=0.560) pl=-0.0139 vl=0.1103 ent=3.620 clip=0.120 kl=0.0043 t=19.4s (rollout=14.3s update=5.1s)
  [league] self: self | ussr_pool: ['v45_scripted', 'iter_0010'] | us_pool: ['iter_0010', 'iter_0001']
  [pfsp]
    [ussr] v45_scripted: WR_ussr=0.41(n=3365) WR_us=?(n=0) pfsp=0.590
    [ussr] iter_0010: WR_ussr=0.63(n=160) WR_us=0.75(n=40) pfsp=0.369
    [us] iter_0010: WR_ussr=0.63(n=160) WR_us=0.75(n=40) pfsp=0.250
    [us] iter_0001: WR_ussr=0.56(n=640) WR_us=0.53(n=680) pfsp=0.469
  [diag] inf dtype=torch.float32 shape=torch.Size([2048, 172]) nan=0 inf_vals=0 range=[0.00,53.00]
  [diag] scalar dtype=torch.float32 nan=0 range=[-0.850,1.000]
  [diag] card_logits nan=0 range=[-20.08,15.46]
  [diag] values nan=0 range=[-0.9498,0.9496]
[iter  15/80] steps=14085 rollout_wr=0.510 (ussr=0.510 us=0.510) pl=-0.0152 vl=0.1032 ent=3.587 clip=0.128 kl=0.0035 t=21.7s (rollout=16.2s update=5.5s)
  [league] self: self | ussr_pool: ['v45_scripted', 'v45_scripted'] | us_pool: ['v55_scripted', 'iter_0001']
  [pfsp]
    [ussr] v45_scripted: WR_ussr=0.41(n=3405) WR_us=?(n=0) pfsp=0.590
    [us] v55_scripted: WR_ussr=?(n=0) WR_us=0.28(n=3745) pfsp=0.723
    [us] iter_0001: WR_ussr=0.56(n=640) WR_us=0.53(n=720) pfsp=0.469
  [diag] inf dtype=torch.float32 shape=torch.Size([2048, 172]) nan=0 inf_vals=0 range=[0.00,46.00]
  [diag] scalar dtype=torch.float32 nan=0 range=[-0.900,1.000]
  [diag] card_logits nan=0 range=[-21.94,15.07]
  [diag] values nan=0 range=[-0.9162,0.9290]
[iter  16/80] steps=13493 rollout_wr=0.460 (ussr=0.490 us=0.430) pl=-0.0154 vl=0.1100 ent=3.640 clip=0.097 kl=0.0026 t=20.1s (rollout=14.8s update=5.2s)
  [league] self: self | ussr_pool: ['v45_scripted', 'iter_0001'] | us_pool: ['iter_0010', 'iter_0010']
  [pfsp]
    [ussr] v45_scripted: WR_ussr=0.41(n=3485) WR_us=?(n=0) pfsp=0.589
    [ussr] iter_0001: WR_ussr=0.56(n=640) WR_us=0.53(n=760) pfsp=0.441
    [us] iter_0010: WR_ussr=0.61(n=200) WR_us=0.65(n=80) pfsp=0.350
  [diag] inf dtype=torch.float32 shape=torch.Size([2048, 172]) nan=0 inf_vals=0 range=[0.00,43.00]
  [diag] scalar dtype=torch.float32 nan=0 range=[-0.750,1.125]
  [diag] card_logits nan=0 range=[-19.30,14.43]
  [diag] values nan=0 range=[-0.9392,0.9086]
[iter  17/80] steps=14013 rollout_wr=0.555 (ussr=0.510 us=0.600) pl=-0.0140 vl=0.1159 ent=3.622 clip=0.120 kl=0.0034 t=20.8s (rollout=15.4s update=5.4s)
  [league] self: self | ussr_pool: ['iter_0010', 'v45_scripted'] | us_pool: ['iter_0010', 'v55_scripted']
  [pfsp]
    [ussr] iter_0010: WR_ussr=0.61(n=200) WR_us=0.62(n=160) pfsp=0.390
    [ussr] v45_scripted: WR_ussr=0.41(n=3525) WR_us=?(n=0) pfsp=0.589
    [us] iter_0010: WR_ussr=0.61(n=200) WR_us=0.62(n=160) pfsp=0.381
    [us] v55_scripted: WR_ussr=?(n=0) WR_us=0.28(n=3785) pfsp=0.723
  [diag] inf dtype=torch.float32 shape=torch.Size([2048, 172]) nan=0 inf_vals=0 range=[0.00,55.00]
  [diag] scalar dtype=torch.float32 nan=0 range=[-0.850,1.250]
  [diag] card_logits nan=0 range=[-20.94,13.89]
  [diag] values nan=0 range=[-0.9247,0.9036]
[iter  18/80] steps=13420 rollout_wr=0.530 (ussr=0.530 us=0.530) pl=-0.0149 vl=0.1026 ent=3.636 clip=0.113 kl=0.0032 t=21.7s (rollout=16.3s update=5.3s)
  [league] self: self | ussr_pool: ['iter_0010', 'iter_0001'] | us_pool: ['iter_0001', 'iter_0010']
  [pfsp]
    [ussr] iter_0010: WR_ussr=0.60(n=240) WR_us=0.62(n=200) pfsp=0.400
    [ussr] iter_0001: WR_ussr=0.56(n=680) WR_us=0.53(n=760) pfsp=0.437
    [us] iter_0001: WR_ussr=0.56(n=680) WR_us=0.53(n=760) pfsp=0.467
    [us] iter_0010: WR_ussr=0.60(n=240) WR_us=0.62(n=200) pfsp=0.380
  [diag] inf dtype=torch.float32 shape=torch.Size([2048, 172]) nan=0 inf_vals=0 range=[0.00,47.00]
  [diag] scalar dtype=torch.float32 nan=0 range=[-0.900,1.000]
  [diag] card_logits nan=0 range=[-19.87,15.17]
  [diag] values nan=0 range=[-0.9046,0.9096]
[iter  19/80] steps=13763 rollout_wr=0.580 (ussr=0.660 us=0.500) pl=-0.0148 vl=0.1076 ent=3.582 clip=0.120 kl=0.0034 t=21.1s (rollout=15.6s update=5.4s)
  Saved to league pool: data/checkpoints/ppo_v70_sc_league/iter_0020.pt
  [league] self: self | ussr_pool: ['iter_0010', 'iter_0010'] | us_pool: ['iter_0010', 'iter_0001']
  [pfsp]
    [ussr] iter_0010: WR_ussr=0.60(n=280) WR_us=0.61(n=240) pfsp=0.404
    [us] iter_0010: WR_ussr=0.60(n=280) WR_us=0.61(n=240) pfsp=0.387
    [us] iter_0001: WR_ussr=0.57(n=720) WR_us=0.52(n=800) pfsp=0.476
  [diag] inf dtype=torch.float32 shape=torch.Size([2048, 172]) nan=0 inf_vals=0 range=[0.00,45.00]
  [diag] scalar dtype=torch.float32 nan=0 range=[-0.900,1.000]
  [diag] card_logits nan=0 range=[-20.79,13.53]
  [diag] values nan=0 range=[-0.9359,0.9068]
[iter  20/80] steps=13568 rollout_wr=0.570 (ussr=0.600 us=0.540) pl=-0.0131 vl=0.1055 ent=3.589 clip=0.097 kl=0.0026 t=20.9s (rollout=15.6s update=5.4s)
  [confirm] launched incremental Elo check for iter 20
  [panel eval] launched pid=513392 iter=20 panel=['v55', 'v54', 'v44', 'v45', 'v14']
  [league] self: self | ussr_pool: ['iter_0020', 'v45_scripted'] | us_pool: ['iter_0020', 'iter_0020']
  [pfsp]
    [ussr] iter_0020: WR_ussr=?(n=0) WR_us=?(n=0) pfsp=1.000
    [ussr] v45_scripted: WR_ussr=0.41(n=3565) WR_us=?(n=0) pfsp=0.588
    [us] iter_0020: WR_ussr=?(n=0) WR_us=?(n=0) pfsp=1.000
  [diag] inf dtype=torch.float32 shape=torch.Size([2048, 172]) nan=0 inf_vals=0 range=[0.00,53.00]
  [diag] scalar dtype=torch.float32 nan=0 range=[-0.950,1.000]
  [diag] card_logits nan=0 range=[-19.81,15.29]
  [diag] values nan=0 range=[-0.8988,0.9222]
[iter  21/80] steps=13860 rollout_wr=0.490 (ussr=0.370 us=0.610) pl=-0.0138 vl=0.0908 ent=3.709 clip=0.132 kl=0.0036 t=58.0s (rollout=52.1s update=5.9s)
  [panel eval iter 20] avg=0.479 elapsed=59s: v55=0.517 | v54=0.500 | v44=0.400 | v45=0.450 | v14=0.517
  [league] self: self | ussr_pool: ['iter_0010', 'iter_0020'] | us_pool: ['iter_0001', 'v55_scripted']
  [pfsp]
    [ussr] iter_0010: WR_ussr=0.60(n=360) WR_us=0.60(n=280) pfsp=0.403
    [ussr] iter_0020: WR_ussr=0.55(n=40) WR_us=0.64(n=80) pfsp=0.450
    [us] iter_0001: WR_ussr=0.57(n=720) WR_us=0.52(n=840) pfsp=0.479
    [us] v55_scripted: WR_ussr=?(n=0) WR_us=0.28(n=3825) pfsp=0.724
  [diag] inf dtype=torch.float32 shape=torch.Size([2048, 172]) nan=0 inf_vals=0 range=[0.00,45.00]
  [diag] scalar dtype=torch.float32 nan=0 range=[-0.900,1.000]
  [diag] card_logits nan=0 range=[-20.23,12.98]
  [diag] values nan=0 range=[-0.9474,0.9242]
[iter  22/80] steps=13832 rollout_wr=0.530 (ussr=0.600 us=0.460) pl=-0.0140 vl=0.1045 ent=3.652 clip=0.124 kl=0.0034 t=31.8s (rollout=26.1s update=5.7s)
  [league] self: self | ussr_pool: ['iter_0001', 'iter_0010'] | us_pool: ['v55_scripted', 'iter_0010']
  [pfsp]
    [ussr] iter_0001: WR_ussr=0.57(n=720) WR_us=0.52(n=880) pfsp=0.429
    [ussr] iter_0010: WR_ussr=0.60(n=400) WR_us=0.60(n=280) pfsp=0.395
    [us] v55_scripted: WR_ussr=?(n=0) WR_us=0.28(n=3865) pfsp=0.724
    [us] iter_0010: WR_ussr=0.60(n=400) WR_us=0.60(n=280) pfsp=0.396
  [diag] inf dtype=torch.float32 shape=torch.Size([2048, 172]) nan=0 inf_vals=0 range=[0.00,46.00]
  [diag] scalar dtype=torch.float32 nan=0 range=[-0.900,1.000]
  [diag] card_logits nan=0 range=[-20.18,16.03]
  [diag] values nan=0 range=[-0.9557,0.9441]
[iter  23/80] steps=13497 rollout_wr=0.545 (ussr=0.610 us=0.480) pl=-0.0171 vl=0.0902 ent=3.730 clip=0.115 kl=0.0032 t=30.3s (rollout=24.7s update=5.6s)
  [league] self: self | ussr_pool: ['iter_0001', 'iter_0001'] | us_pool: ['v55_scripted', 'iter_0020']
  [pfsp]
    [ussr] iter_0001: WR_ussr=0.57(n=760) WR_us=0.52(n=880) pfsp=0.432
    [us] v55_scripted: WR_ussr=?(n=0) WR_us=0.28(n=3905) pfsp=0.724
    [us] iter_0020: WR_ussr=0.53(n=80) WR_us=0.64(n=80) pfsp=0.363
  [diag] inf dtype=torch.float32 shape=torch.Size([2048, 172]) nan=0 inf_vals=0 range=[0.00,49.00]
  [diag] scalar dtype=torch.float32 nan=0 range=[-0.800,1.000]
  [diag] card_logits nan=0 range=[-20.95,15.46]
  [diag] values nan=0 range=[-0.9603,0.9545]
[iter  24/80] steps=13304 rollout_wr=0.485 (ussr=0.590 us=0.380) pl=-0.0136 vl=0.1179 ent=3.587 clip=0.107 kl=0.0029 t=31.4s (rollout=25.9s update=5.5s)
  [league] self: self | ussr_pool: ['iter_0020', 'v45_scripted'] | us_pool: ['v55_scripted', 'v55_scripted']
  [pfsp]
    [ussr] iter_0020: WR_ussr=0.53(n=80) WR_us=0.57(n=120) pfsp=0.475
    [ussr] v45_scripted: WR_ussr=0.41(n=3605) WR_us=?(n=0) pfsp=0.592
    [us] v55_scripted: WR_ussr=?(n=0) WR_us=0.28(n=3945) pfsp=0.724
  [diag] inf dtype=torch.float32 shape=torch.Size([2048, 172]) nan=0 inf_vals=0 range=[0.00,46.00]
  [diag] scalar dtype=torch.float32 nan=0 range=[-0.850,1.125]
  [diag] card_logits nan=0 range=[-19.80,14.25]
  [diag] values nan=0 range=[-0.9701,0.9574]
[iter  25/80] steps=13348 rollout_wr=0.480 (ussr=0.540 us=0.420) pl=-0.0142 vl=0.1179 ent=3.644 clip=0.130 kl=0.0036 t=29.8s (rollout=24.6s update=5.2s)
  [league] self: self | ussr_pool: ['iter_0001', 'v45_scripted'] | us_pool: ['v55_scripted', 'iter_0020']
  [pfsp]
    [ussr] iter_0001: WR_ussr=0.57(n=840) WR_us=0.52(n=880) pfsp=0.427
    [ussr] v45_scripted: WR_ussr=0.41(n=3645) WR_us=?(n=0) pfsp=0.592
    [us] v55_scripted: WR_ussr=?(n=0) WR_us=0.28(n=4025) pfsp=0.722
    [us] iter_0020: WR_ussr=0.57(n=120) WR_us=0.57(n=120) pfsp=0.425
  [diag] inf dtype=torch.float32 shape=torch.Size([2048, 172]) nan=0 inf_vals=0 range=[0.00,58.00]
  [diag] scalar dtype=torch.float32 nan=0 range=[-0.900,1.125]
  [diag] card_logits nan=0 range=[-21.61,13.67]
  [diag] values nan=0 range=[-0.9530,0.9139]
[iter  26/80] steps=13217 rollout_wr=0.420 (ussr=0.480 us=0.360) pl=-0.0162 vl=0.1058 ent=3.688 clip=0.094 kl=0.0028 t=21.6s (rollout=16.3s update=5.3s)
  [league] self: self | ussr_pool: ['v45_scripted', 'iter_0020'] | us_pool: ['iter_0001', 'iter_0020']
  [pfsp]
    [ussr] v45_scripted: WR_ussr=0.41(n=3685) WR_us=?(n=0) pfsp=0.593
    [ussr] iter_0020: WR_ussr=0.57(n=120) WR_us=0.51(n=160) pfsp=0.425
    [us] iter_0001: WR_ussr=0.57(n=880) WR_us=0.52(n=880) pfsp=0.482
    [us] iter_0020: WR_ussr=0.57(n=120) WR_us=0.51(n=160) pfsp=0.488
  [diag] inf dtype=torch.float32 shape=torch.Size([2048, 172]) nan=0 inf_vals=0 range=[0.00,44.00]
  [diag] scalar dtype=torch.float32 nan=0 range=[-0.950,1.000]
  [diag] card_logits nan=0 range=[-21.21,15.14]
  [diag] values nan=0 range=[-0.9478,0.9162]
[iter  27/80] steps=13564 rollout_wr=0.535 (ussr=0.530 us=0.540) pl=-0.0175 vl=0.1159 ent=3.622 clip=0.152 kl=0.0055 t=21.2s (rollout=15.9s update=5.4s)
  [league] self: self | ussr_pool: ['iter_0010', 'v45_scripted'] | us_pool: ['v55_scripted', 'v55_scripted']
  [pfsp]
    [ussr] iter_0010: WR_ussr=0.61(n=440) WR_us=0.61(n=320) pfsp=0.391
    [ussr] v45_scripted: WR_ussr=0.41(n=3725) WR_us=?(n=0) pfsp=0.593
    [us] v55_scripted: WR_ussr=?(n=0) WR_us=0.28(n=4065) pfsp=0.723
  [diag] inf dtype=torch.float32 shape=torch.Size([2048, 172]) nan=0 inf_vals=0 range=[0.00,55.00]
  [diag] scalar dtype=torch.float32 nan=0 range=[-0.850,1.125]
  [diag] card_logits nan=0 range=[-19.87,13.32]
  [diag] values nan=0 range=[-0.9458,0.9209]
[iter  28/80] steps=13436 rollout_wr=0.415 (ussr=0.480 us=0.350) pl=-0.0161 vl=0.0973 ent=3.671 clip=0.108 kl=0.0034 t=20.9s (rollout=15.7s update=5.3s)
  [league] self: self | ussr_pool: ['iter_0010', 'iter_0001'] | us_pool: ['iter_0010', 'iter_0020']
  [pfsp]
    [ussr] iter_0010: WR_ussr=0.61(n=480) WR_us=0.61(n=320) pfsp=0.392
    [ussr] iter_0001: WR_ussr=0.57(n=880) WR_us=0.52(n=920) pfsp=0.428
    [us] iter_0010: WR_ussr=0.61(n=480) WR_us=0.61(n=320) pfsp=0.391
    [us] iter_0020: WR_ussr=0.57(n=160) WR_us=0.51(n=200) pfsp=0.490
  [diag] inf dtype=torch.float32 shape=torch.Size([2048, 172]) nan=0 inf_vals=0 range=[0.00,45.00]
  [diag] scalar dtype=torch.float32 nan=0 range=[-0.850,1.000]
  [diag] card_logits nan=0 range=[-21.24,13.59]
  [diag] values nan=0 range=[-0.9001,0.9303]
[iter  29/80] steps=13563 rollout_wr=0.535 (ussr=0.550 us=0.520) pl=-0.0133 vl=0.1142 ent=3.569 clip=0.108 kl=0.0036 t=21.0s (rollout=16.9s update=4.1s)
  Saved to league pool: data/checkpoints/ppo_v70_sc_league/iter_0030.pt
  [league] self: self | ussr_pool: ['v45_scripted', 'iter_0010'] | us_pool: ['iter_0030', 'iter_0010']
  [pfsp]
    [ussr] v45_scripted: WR_ussr=0.41(n=3765) WR_us=?(n=0) pfsp=0.593
    [ussr] iter_0010: WR_ussr=0.62(n=520) WR_us=0.61(n=360) pfsp=0.385
    [us] iter_0030: WR_ussr=?(n=0) WR_us=?(n=0) pfsp=1.000
    [us] iter_0010: WR_ussr=0.62(n=520) WR_us=0.61(n=360) pfsp=0.394
  [diag] inf dtype=torch.float32 shape=torch.Size([2048, 172]) nan=0 inf_vals=0 range=[0.00,56.00]
  [diag] scalar dtype=torch.float32 nan=0 range=[-0.950,1.125]
  [diag] card_logits nan=0 range=[-21.59,14.53]
  [diag] values nan=0 range=[-0.9355,0.9345]
[iter  30/80] steps=13530 rollout_wr=0.590 (ussr=0.580 us=0.600) pl=-0.0156 vl=0.1188 ent=3.588 clip=0.126 kl=0.0038 t=22.5s (rollout=17.2s update=5.4s)
  [confirm] launched incremental Elo check for iter 30
  [panel eval] launched pid=514106 iter=30 panel=['v55', 'v54', 'v44', 'v45', 'v14']
  [league] self: self | ussr_pool: ['iter_0001', 'iter_0030'] | us_pool: ['iter_0010', 'iter_0030']
  [pfsp]
    [ussr] iter_0001: WR_ussr=0.57(n=920) WR_us=0.52(n=920) pfsp=0.434
    [ussr] iter_0030: WR_ussr=?(n=0) WR_us=0.60(n=40) pfsp=1.000
    [us] iter_0010: WR_ussr=0.61(n=560) WR_us=0.61(n=400) pfsp=0.392
    [us] iter_0030: WR_ussr=?(n=0) WR_us=0.60(n=40) pfsp=0.400
  [diag] inf dtype=torch.float32 shape=torch.Size([2048, 172]) nan=0 inf_vals=0 range=[0.00,47.00]
  [diag] scalar dtype=torch.float32 nan=0 range=[-0.800,1.125]
  [diag] card_logits nan=0 range=[-20.34,13.60]
  [diag] values nan=0 range=[-0.9106,0.9333]
[iter  31/80] steps=13783 rollout_wr=0.560 (ussr=0.510 us=0.610) pl=-0.0139 vl=0.1108 ent=3.534 clip=0.121 kl=0.0032 t=55.0s (rollout=49.2s update=5.8s)
  [panel eval iter 30] avg=0.527 elapsed=56s: v55=0.483 | v54=0.550 | v44=0.583 | v45=0.533 | v14=0.467
  [panel eval] NEW HIGH-WATER MARK iter=30 avg_wr=0.5267 → ppo_running_best.pt (provenance: ppo_iter0030.pt)
  [league] self: self | ussr_pool: ['v45_scripted', 'iter_0030'] | us_pool: ['iter_0030', 'iter_0001']
  [pfsp]
    [ussr] v45_scripted: WR_ussr=0.41(n=3805) WR_us=?(n=0) pfsp=0.592
    [ussr] iter_0030: WR_ussr=0.45(n=40) WR_us=0.55(n=80) pfsp=0.550
    [us] iter_0030: WR_ussr=0.45(n=40) WR_us=0.55(n=80) pfsp=0.450
    [us] iter_0001: WR_ussr=0.57(n=960) WR_us=0.52(n=920) pfsp=0.483
  [diag] inf dtype=torch.float32 shape=torch.Size([2048, 172]) nan=0 inf_vals=0 range=[0.00,61.00]
  [diag] scalar dtype=torch.float32 nan=0 range=[-0.900,1.125]
  [diag] card_logits nan=0 range=[-21.65,13.44]
  [diag] values nan=0 range=[-0.9276,0.9290]
[iter  32/80] steps=13808 rollout_wr=0.490 (ussr=0.430 us=0.550) pl=-0.0143 vl=0.1135 ent=3.593 clip=0.098 kl=0.0032 t=33.3s (rollout=27.7s update=5.6s)
  [league] self: self | ussr_pool: ['iter_0030', 'v45_scripted'] | us_pool: ['iter_0020', 'v55_scripted']
  [pfsp]
    [ussr] iter_0030: WR_ussr=0.51(n=80) WR_us=0.51(n=120) pfsp=0.488
    [ussr] v45_scripted: WR_ussr=0.41(n=3845) WR_us=?(n=0) pfsp=0.592
    [us] iter_0020: WR_ussr=0.57(n=160) WR_us=0.50(n=240) pfsp=0.496
    [us] v55_scripted: WR_ussr=?(n=0) WR_us=0.28(n=4145) pfsp=0.723
  [diag] inf dtype=torch.float32 shape=torch.Size([2048, 172]) nan=0 inf_vals=0 range=[0.00,51.00]
  [diag] scalar dtype=torch.float32 nan=0 range=[-0.800,1.125]
  [diag] card_logits nan=0 range=[-21.43,15.40]
  [diag] values nan=0 range=[-0.9413,0.9011]
[iter  33/80] steps=13737 rollout_wr=0.475 (ussr=0.480 us=0.470) pl=-0.0133 vl=0.1068 ent=3.567 clip=0.096 kl=0.0027 t=31.9s (rollout=26.4s update=5.4s)
  [league] self: self | ussr_pool: ['v45_scripted', 'iter_0010'] | us_pool: ['iter_0030', 'v55_scripted']
  [pfsp]
    [ussr] v45_scripted: WR_ussr=0.41(n=3885) WR_us=?(n=0) pfsp=0.592
    [ussr] iter_0010: WR_ussr=0.61(n=560) WR_us=0.61(n=440) pfsp=0.391
    [us] iter_0030: WR_ussr=0.53(n=120) WR_us=0.51(n=120) pfsp=0.492
    [us] v55_scripted: WR_ussr=?(n=0) WR_us=0.28(n=4185) pfsp=0.723
  [diag] inf dtype=torch.float32 shape=torch.Size([2048, 172]) nan=0 inf_vals=0 range=[0.00,54.00]
  [diag] scalar dtype=torch.float32 nan=0 range=[-0.800,1.125]
  [diag] card_logits nan=0 range=[-20.59,14.55]
  [diag] values nan=0 range=[-0.9366,0.9070]
[iter  34/80] steps=13188 rollout_wr=0.485 (ussr=0.510 us=0.460) pl=-0.0138 vl=0.1110 ent=3.616 clip=0.086 kl=0.0025 t=20.3s (rollout=15.1s update=5.2s)
  [league] self: self | ussr_pool: ['iter_0030', 'iter_0030'] | us_pool: ['iter_0020', 'iter_0020']
  [pfsp]
    [ussr] iter_0030: WR_ussr=0.53(n=120) WR_us=0.53(n=160) pfsp=0.467
    [us] iter_0020: WR_ussr=0.57(n=160) WR_us=0.52(n=280) pfsp=0.482
  [diag] inf dtype=torch.float32 shape=torch.Size([2048, 172]) nan=0 inf_vals=0 range=[0.00,55.00]
  [diag] scalar dtype=torch.float32 nan=0 range=[-0.900,1.125]
  [diag] card_logits nan=0 range=[-22.11,14.68]
  [diag] values nan=0 range=[-0.9536,0.8887]
[iter  35/80] steps=13799 rollout_wr=0.555 (ussr=0.550 us=0.560) pl=-0.0143 vl=0.1139 ent=3.545 clip=0.117 kl=0.0032 t=21.1s (rollout=16.9s update=4.2s)
  [league] self: self | ussr_pool: ['v45_scripted', 'v45_scripted'] | us_pool: ['iter_0030', 'iter_0020']
  [pfsp]
    [ussr] v45_scripted: WR_ussr=0.41(n=3925) WR_us=?(n=0) pfsp=0.592
    [us] iter_0030: WR_ussr=0.53(n=200) WR_us=0.53(n=160) pfsp=0.469
    [us] iter_0020: WR_ussr=0.57(n=160) WR_us=0.54(n=360) pfsp=0.464
  [diag] inf dtype=torch.float32 shape=torch.Size([2048, 172]) nan=0 inf_vals=0 range=[0.00,45.00]
  [diag] scalar dtype=torch.float32 nan=0 range=[-0.950,1.125]
  [diag] card_logits nan=0 range=[-20.37,14.02]
  [diag] values nan=0 range=[-0.9302,0.8909]
[iter  36/80] steps=13642 rollout_wr=0.490 (ussr=0.330 us=0.650) pl=-0.0128 vl=0.0987 ent=3.615 clip=0.089 kl=0.0032 t=22.4s (rollout=17.1s update=5.3s)
  [league] self: self | ussr_pool: ['iter_0020', 'iter_0030'] | us_pool: ['iter_0020', 'iter_0001']
  [pfsp]
    [ussr] iter_0020: WR_ussr=0.57(n=160) WR_us=0.55(n=400) pfsp=0.425
    [ussr] iter_0030: WR_ussr=0.53(n=200) WR_us=0.56(n=200) pfsp=0.475
    [us] iter_0020: WR_ussr=0.57(n=160) WR_us=0.55(n=400) pfsp=0.455
    [us] iter_0001: WR_ussr=0.57(n=960) WR_us=0.52(n=960) pfsp=0.477
  [diag] inf dtype=torch.float32 shape=torch.Size([2048, 172]) nan=0 inf_vals=0 range=[0.00,55.00]
  [diag] scalar dtype=torch.float32 nan=0 range=[-0.850,1.125]
  [diag] card_logits nan=0 range=[-22.85,14.63]
  [diag] values nan=0 range=[-0.9365,0.9384]
[iter  37/80] steps=13264 rollout_wr=0.530 (ussr=0.550 us=0.510) pl=-0.0162 vl=0.1143 ent=3.612 clip=0.112 kl=0.0032 t=20.6s (rollout=15.3s update=5.3s)
  [league] self: self | ussr_pool: ['iter_0001', 'iter_0020'] | us_pool: ['v55_scripted', 'iter_0030']
  [pfsp]
    [ussr] iter_0001: WR_ussr=0.57(n=960) WR_us=0.52(n=1000) pfsp=0.433
    [ussr] iter_0020: WR_ussr=0.56(n=200) WR_us=0.54(n=440) pfsp=0.440
    [us] v55_scripted: WR_ussr=?(n=0) WR_us=0.28(n=4225) pfsp=0.723
    [us] iter_0030: WR_ussr=0.53(n=240) WR_us=0.56(n=200) pfsp=0.440
  [diag] inf dtype=torch.float32 shape=torch.Size([2048, 172]) nan=0 inf_vals=0 range=[0.00,44.00]
  [diag] scalar dtype=torch.float32 nan=0 range=[-0.850,1.125]
  [diag] card_logits nan=0 range=[-22.06,13.77]
  [diag] values nan=0 range=[-0.9290,0.9260]
[iter  38/80] steps=13692 rollout_wr=0.450 (ussr=0.530 us=0.370) pl=-0.0129 vl=0.1063 ent=3.592 clip=0.107 kl=0.0029 t=21.5s (rollout=16.0s update=5.5s)
  [league] self: self | ussr_pool: ['iter_0030', 'iter_0010'] | us_pool: ['v55_scripted', 'iter_0030']
  [pfsp]
    [ussr] iter_0030: WR_ussr=0.53(n=240) WR_us=0.55(n=240) pfsp=0.467
    [ussr] iter_0010: WR_ussr=0.61(n=600) WR_us=0.61(n=440) pfsp=0.393
    [us] v55_scripted: WR_ussr=?(n=0) WR_us=0.28(n=4265) pfsp=0.724
    [us] iter_0030: WR_ussr=0.53(n=240) WR_us=0.55(n=240) pfsp=0.454
  [diag] inf dtype=torch.float32 shape=torch.Size([2048, 172]) nan=0 inf_vals=0 range=[0.00,43.00]
  [diag] scalar dtype=torch.float32 nan=0 range=[-0.950,1.125]
  [diag] card_logits nan=0 range=[-20.24,14.09]
  [diag] values nan=0 range=[-0.9430,0.9506]
[iter  39/80] steps=13785 rollout_wr=0.465 (ussr=0.530 us=0.400) pl=-0.0156 vl=0.1037 ent=3.614 clip=0.114 kl=0.0030 t=22.3s (rollout=16.9s update=5.4s)
  Saved to league pool: data/checkpoints/ppo_v70_sc_league/iter_0040.pt
  [league] self: self | ussr_pool: ['iter_0001', 'iter_0030'] | us_pool: ['iter_0020', 'iter_0040']
  [pfsp]
    [ussr] iter_0001: WR_ussr=0.57(n=1000) WR_us=0.52(n=1000) pfsp=0.432
    [ussr] iter_0030: WR_ussr=0.53(n=280) WR_us=0.52(n=280) pfsp=0.475
    [us] iter_0020: WR_ussr=0.55(n=240) WR_us=0.54(n=440) pfsp=0.459
    [us] iter_0040: WR_ussr=?(n=0) WR_us=?(n=0) pfsp=1.000
  [diag] inf dtype=torch.float32 shape=torch.Size([2048, 172]) nan=0 inf_vals=0 range=[0.00,52.00]
  [diag] scalar dtype=torch.float32 nan=0 range=[-0.900,1.125]
  [diag] card_logits nan=0 range=[-20.86,14.01]
  [diag] values nan=0 range=[-0.9291,0.9501]
[iter  40/80] steps=13394 rollout_wr=0.475 (ussr=0.520 us=0.430) pl=-0.0148 vl=0.1054 ent=3.546 clip=0.106 kl=0.0031 t=21.4s (rollout=16.2s update=5.2s)
  [confirm] launched incremental Elo check for iter 40
  [panel eval] launched pid=514794 iter=40 panel=['v55', 'v54', 'v44', 'v45', 'v14']
  [league] self: self | ussr_pool: ['v45_scripted', 'v45_scripted'] | us_pool: ['iter_0040', 'iter_0040']
  [pfsp]
    [ussr] v45_scripted: WR_ussr=0.41(n=4005) WR_us=?(n=0) pfsp=0.594
    [us] iter_0040: WR_ussr=?(n=0) WR_us=0.40(n=40) pfsp=0.600
  [diag] inf dtype=torch.float32 shape=torch.Size([2048, 172]) nan=0 inf_vals=0 range=[0.00,44.00]
  [diag] scalar dtype=torch.float32 nan=0 range=[-0.850,1.125]
  [diag] card_logits nan=0 range=[-21.27,15.41]
  [diag] values nan=0 range=[-0.9502,0.9257]
[iter  41/80] steps=13893 rollout_wr=0.480 (ussr=0.350 us=0.610) pl=-0.0144 vl=0.1028 ent=3.612 clip=0.112 kl=0.0035 t=59.1s (rollout=52.9s update=6.1s)
  [panel eval iter 40] avg=0.487 elapsed=60s: v55=0.467 | v54=0.467 | v44=0.500 | v45=0.550 | v14=0.500
  [league] self: self | ussr_pool: ['iter_0030', 'iter_0030'] | us_pool: ['v55_scripted', 'v55_scripted']
  [pfsp]
    [ussr] iter_0030: WR_ussr=0.53(n=320) WR_us=0.52(n=280) pfsp=0.475
    [us] v55_scripted: WR_ussr=?(n=0) WR_us=0.28(n=4305) pfsp=0.724
  [diag] inf dtype=torch.float32 shape=torch.Size([2048, 172]) nan=0 inf_vals=0 range=[0.00,52.00]
  [diag] scalar dtype=torch.float32 nan=0 range=[-0.750,1.250]
  [diag] card_logits nan=0 range=[-20.16,13.48]
  [diag] values nan=0 range=[-0.9510,0.9283]
[iter  42/80] steps=13152 rollout_wr=0.450 (ussr=0.630 us=0.270) pl=-0.0138 vl=0.1141 ent=3.648 clip=0.119 kl=0.0031 t=31.6s (rollout=26.3s update=5.3s)
  [league] self: self | ussr_pool: ['iter_0001', 'iter_0040'] | us_pool: ['iter_0040', 'v55_scripted']
  [pfsp]
    [ussr] iter_0001: WR_ussr=0.57(n=1040) WR_us=0.52(n=1000) pfsp=0.434
    [ussr] iter_0040: WR_ussr=?(n=0) WR_us=0.54(n=120) pfsp=1.000
    [us] iter_0040: WR_ussr=?(n=0) WR_us=0.54(n=120) pfsp=0.458
    [us] v55_scripted: WR_ussr=?(n=0) WR_us=0.28(n=4385) pfsp=0.725
  [diag] inf dtype=torch.float32 shape=torch.Size([2048, 172]) nan=0 inf_vals=0 range=[0.00,49.00]
  [diag] scalar dtype=torch.float32 nan=0 range=[-0.900,1.125]
  [diag] card_logits nan=0 range=[-21.58,14.44]
  [diag] values nan=0 range=[-0.9205,0.9462]
[iter  43/80] steps=13557 rollout_wr=0.425 (ussr=0.450 us=0.400) pl=-0.0149 vl=0.1052 ent=3.581 clip=0.100 kl=0.0027 t=32.6s (rollout=27.1s update=5.5s)
  [league] self: self | ussr_pool: ['iter_0040', 'iter_0040'] | us_pool: ['iter_0020', 'v55_scripted']
  [pfsp]
    [ussr] iter_0040: WR_ussr=0.45(n=40) WR_us=0.56(n=160) pfsp=0.550
    [us] iter_0020: WR_ussr=0.55(n=240) WR_us=0.53(n=480) pfsp=0.475
    [us] v55_scripted: WR_ussr=?(n=0) WR_us=0.27(n=4425) pfsp=0.726
  [diag] inf dtype=torch.float32 shape=torch.Size([2048, 172]) nan=0 inf_vals=0 range=[0.00,53.00]
  [diag] scalar dtype=torch.float32 nan=0 range=[-0.950,1.125]
  [diag] card_logits nan=0 range=[-20.40,13.56]
  [diag] values nan=0 range=[-0.9225,0.9414]
[iter  44/80] steps=13334 rollout_wr=0.495 (ussr=0.540 us=0.450) pl=-0.0118 vl=0.1083 ent=3.633 clip=0.091 kl=0.0025 t=23.1s (rollout=17.8s update=5.3s)
  [league] self: self | ussr_pool: ['iter_0030', 'v45_scripted'] | us_pool: ['iter_0020', 'iter_0001']
  [pfsp]
    [ussr] iter_0030: WR_ussr=0.54(n=400) WR_us=0.52(n=280) pfsp=0.458
    [ussr] v45_scripted: WR_ussr=0.40(n=4085) WR_us=?(n=0) pfsp=0.595
    [us] iter_0020: WR_ussr=0.55(n=240) WR_us=0.53(n=520) pfsp=0.467
    [us] iter_0001: WR_ussr=0.56(n=1080) WR_us=0.52(n=1000) pfsp=0.477
  [diag] inf dtype=torch.float32 shape=torch.Size([2048, 172]) nan=0 inf_vals=0 range=[0.00,48.00]
  [diag] scalar dtype=torch.float32 nan=0 range=[-0.900,1.000]
  [diag] card_logits nan=0 range=[-22.42,15.16]
  [diag] values nan=0 range=[-0.9554,0.9452]
[iter  45/80] steps=13667 rollout_wr=0.485 (ussr=0.390 us=0.580) pl=-0.0150 vl=0.0988 ent=3.586 clip=0.141 kl=0.0039 t=21.9s (rollout=16.4s update=5.4s)
  [league] self: self | ussr_pool: ['iter_0001', 'v45_scripted'] | us_pool: ['iter_0040', 'iter_0040']
  [pfsp]
    [ussr] iter_0001: WR_ussr=0.56(n=1080) WR_us=0.53(n=1040) pfsp=0.439
    [ussr] v45_scripted: WR_ussr=0.41(n=4125) WR_us=?(n=0) pfsp=0.595
    [us] iter_0040: WR_ussr=0.51(n=120) WR_us=0.56(n=160) pfsp=0.444
  [diag] inf dtype=torch.float32 shape=torch.Size([2048, 172]) nan=0 inf_vals=0 range=[0.00,51.00]
  [diag] scalar dtype=torch.float32 nan=0 range=[-0.850,1.125]
  [diag] card_logits nan=0 range=[-20.59,14.31]
  [diag] values nan=0 range=[-0.9462,0.9484]
[iter  46/80] steps=13565 rollout_wr=0.525 (ussr=0.510 us=0.540) pl=-0.0166 vl=0.1153 ent=3.626 clip=0.131 kl=0.0047 t=22.6s (rollout=17.2s update=5.4s)
  [league] self: self | ussr_pool: ['v45_scripted', 'v45_scripted'] | us_pool: ['v55_scripted', 'v55_scripted']
  [pfsp]
    [ussr] v45_scripted: WR_ussr=0.41(n=4165) WR_us=?(n=0) pfsp=0.595
    [us] v55_scripted: WR_ussr=?(n=0) WR_us=0.27(n=4465) pfsp=0.726
  [diag] inf dtype=torch.float32 shape=torch.Size([2048, 172]) nan=0 inf_vals=0 range=[0.00,51.00]
  [diag] scalar dtype=torch.float32 nan=0 range=[-0.950,1.125]
  [diag] card_logits nan=0 range=[-20.33,13.08]
  [diag] values nan=0 range=[-0.9493,0.9257]
[iter  47/80] steps=13390 rollout_wr=0.325 (ussr=0.380 us=0.270) pl=-0.0153 vl=0.1060 ent=3.743 clip=0.116 kl=0.0033 t=21.2s (rollout=15.9s update=5.3s)
  [league] self: self | ussr_pool: ['iter_0001', 'iter_0030'] | us_pool: ['iter_0040', 'iter_0040']
  [pfsp]
    [ussr] iter_0001: WR_ussr=0.56(n=1120) WR_us=0.53(n=1040) pfsp=0.438
    [ussr] iter_0030: WR_ussr=0.52(n=440) WR_us=0.52(n=280) pfsp=0.480
    [us] iter_0040: WR_ussr=0.51(n=120) WR_us=0.55(n=240) pfsp=0.450
  [diag] inf dtype=torch.float32 shape=torch.Size([2048, 172]) nan=0 inf_vals=0 range=[0.00,46.00]
  [diag] scalar dtype=torch.float32 nan=0 range=[-0.850,1.125]
  [diag] card_logits nan=0 range=[-21.64,13.80]
  [diag] values nan=0 range=[-0.9419,0.9243]
[iter  48/80] steps=13689 rollout_wr=0.560 (ussr=0.580 us=0.540) pl=-0.0133 vl=0.1128 ent=3.517 clip=0.103 kl=0.0030 t=22.0s (rollout=16.5s update=5.5s)
  [league] self: self | ussr_pool: ['iter_0030', 'iter_0010'] | us_pool: ['v55_scripted', 'v55_scripted']
  [pfsp]
    [ussr] iter_0030: WR_ussr=0.53(n=480) WR_us=0.52(n=280) pfsp=0.471
    [ussr] iter_0010: WR_ussr=0.60(n=640) WR_us=0.61(n=440) pfsp=0.397
    [us] v55_scripted: WR_ussr=?(n=0) WR_us=0.27(n=4545) pfsp=0.727
  [diag] inf dtype=torch.float32 shape=torch.Size([2048, 172]) nan=0 inf_vals=0 range=[0.00,43.00]
  [diag] scalar dtype=torch.float32 nan=0 range=[-0.700,1.000]
  [diag] card_logits nan=0 range=[-20.62,13.54]
  [diag] values nan=0 range=[-0.9452,0.9209]
[iter  49/80] steps=13703 rollout_wr=0.355 (ussr=0.480 us=0.230) pl=-0.0132 vl=0.1024 ent=3.669 clip=0.086 kl=0.0023 t=21.5s (rollout=17.4s update=4.1s)
  Saved to league pool: data/checkpoints/ppo_v70_sc_league/iter_0050.pt
  [league] self: self | ussr_pool: ['iter_0050', 'iter_0030'] | us_pool: ['iter_0050', 'iter_0010']
  [pfsp]
    [ussr] iter_0050: WR_ussr=?(n=0) WR_us=?(n=0) pfsp=1.000
    [ussr] iter_0030: WR_ussr=0.53(n=520) WR_us=0.52(n=280) pfsp=0.471
    [us] iter_0050: WR_ussr=?(n=0) WR_us=?(n=0) pfsp=1.000
    [us] iter_0010: WR_ussr=0.60(n=680) WR_us=0.61(n=440) pfsp=0.393
  [diag] inf dtype=torch.float32 shape=torch.Size([2048, 172]) nan=0 inf_vals=0 range=[0.00,58.00]
  [diag] scalar dtype=torch.float32 nan=0 range=[-0.850,1.000]
  [diag] card_logits nan=0 range=[-21.21,14.10]
  [diag] values nan=0 range=[-0.9323,0.9303]
[iter  50/80] steps=13311 rollout_wr=0.550 (ussr=0.560 us=0.540) pl=-0.0134 vl=0.1104 ent=3.567 clip=0.093 kl=0.0025 t=22.9s (rollout=17.5s update=5.4s)
  [confirm] launched incremental Elo check for iter 50
  [panel eval] launched pid=515519 iter=50 panel=['v55', 'v54', 'v44', 'v45', 'v14']
  [league] self: self | ussr_pool: ['iter_0030', 'iter_0050'] | us_pool: ['iter_0050', 'iter_0030']
  [pfsp]
    [ussr] iter_0030: WR_ussr=0.53(n=560) WR_us=0.52(n=280) pfsp=0.473
    [ussr] iter_0050: WR_ussr=0.62(n=40) WR_us=0.62(n=40) pfsp=0.375
    [us] iter_0050: WR_ussr=0.62(n=40) WR_us=0.62(n=40) pfsp=0.375
    [us] iter_0030: WR_ussr=0.53(n=560) WR_us=0.52(n=280) pfsp=0.479
  [diag] inf dtype=torch.float32 shape=torch.Size([2048, 172]) nan=0 inf_vals=0 range=[0.00,50.00]
  [diag] scalar dtype=torch.float32 nan=0 range=[-0.850,1.125]
  [diag] card_logits nan=0 range=[-21.91,15.64]
  [diag] values nan=0 range=[-0.9250,0.9338]
[iter  51/80] steps=13542 rollout_wr=0.520 (ussr=0.490 us=0.550) pl=-0.0163 vl=0.1113 ent=3.582 clip=0.111 kl=0.0030 t=63.8s (rollout=57.6s update=6.2s)
  [panel eval iter 50] avg=0.488 elapsed=65s: v55=0.517 | v54=0.450 | v44=0.500 | v45=0.500 | v14=0.383
  [league] self: self | ussr_pool: ['v45_scripted', 'v45_scripted'] | us_pool: ['v55_scripted', 'v55_scripted']
  [pfsp]
    [ussr] v45_scripted: WR_ussr=0.40(n=4245) WR_us=?(n=0) pfsp=0.596
    [us] v55_scripted: WR_ussr=?(n=0) WR_us=0.27(n=4625) pfsp=0.728
  [diag] inf dtype=torch.float32 shape=torch.Size([2048, 172]) nan=0 inf_vals=0 range=[0.00,52.00]
  [diag] scalar dtype=torch.float32 nan=0 range=[-0.750,1.125]
  [diag] card_logits nan=0 range=[-20.76,15.34]
  [diag] values nan=0 range=[-0.9614,0.9529]
[iter  52/80] steps=13700 rollout_wr=0.370 (ussr=0.370 us=0.370) pl=-0.0168 vl=0.0978 ent=3.681 clip=0.126 kl=0.0032 t=31.8s (rollout=26.2s update=5.5s)
  [league] self: self | ussr_pool: ['v45_scripted', 'iter_0050'] | us_pool: ['iter_0030', 'v55_scripted']
  [pfsp]
    [ussr] v45_scripted: WR_ussr=0.40(n=4325) WR_us=?(n=0) pfsp=0.597
    [ussr] iter_0050: WR_ussr=0.46(n=80) WR_us=0.57(n=80) pfsp=0.537
    [us] iter_0030: WR_ussr=0.53(n=600) WR_us=0.52(n=320) pfsp=0.481
    [us] v55_scripted: WR_ussr=?(n=0) WR_us=0.27(n=4705) pfsp=0.728
  [diag] inf dtype=torch.float32 shape=torch.Size([2048, 172]) nan=0 inf_vals=0 range=[0.00,46.00]
  [diag] scalar dtype=torch.float32 nan=0 range=[-0.950,1.125]
  [diag] card_logits nan=0 range=[-20.46,15.23]
  [diag] values nan=0 range=[-0.9242,0.9528]
[iter  53/80] steps=13438 rollout_wr=0.400 (ussr=0.420 us=0.380) pl=-0.0155 vl=0.1167 ent=3.604 clip=0.113 kl=0.0033 t=31.5s (rollout=26.1s update=5.4s)
  [league] self: self | ussr_pool: ['v45_scripted', 'v45_scripted'] | us_pool: ['iter_0050', 'v55_scripted']
  [pfsp]
    [ussr] v45_scripted: WR_ussr=0.40(n=4365) WR_us=?(n=0) pfsp=0.598
    [us] iter_0050: WR_ussr=0.52(n=120) WR_us=0.57(n=80) pfsp=0.425
    [us] v55_scripted: WR_ussr=?(n=0) WR_us=0.27(n=4745) pfsp=0.728
  [diag] inf dtype=torch.float32 shape=torch.Size([2048, 172]) nan=0 inf_vals=0 range=[0.00,62.00]
  [diag] scalar dtype=torch.float32 nan=0 range=[-0.900,1.125]
  [diag] card_logits nan=0 range=[-20.46,14.11]
  [diag] values nan=0 range=[-0.9575,0.9083]
[iter  54/80] steps=13578 rollout_wr=0.465 (ussr=0.440 us=0.490) pl=-0.0154 vl=0.1101 ent=3.637 clip=0.115 kl=0.0033 t=28.0s (rollout=22.6s update=5.4s)
  [league] self: self | ussr_pool: ['iter_0010', 'iter_0040'] | us_pool: ['iter_0050', 'iter_0020']
  [pfsp]
    [ussr] iter_0010: WR_ussr=0.60(n=680) WR_us=0.60(n=480) pfsp=0.404
    [ussr] iter_0040: WR_ussr=0.51(n=120) WR_us=0.54(n=320) pfsp=0.492
    [us] iter_0050: WR_ussr=0.52(n=120) WR_us=0.57(n=120) pfsp=0.425
    [us] iter_0020: WR_ussr=0.55(n=240) WR_us=0.53(n=560) pfsp=0.466
  [diag] inf dtype=torch.float32 shape=torch.Size([2048, 172]) nan=0 inf_vals=0 range=[0.00,50.00]
  [diag] scalar dtype=torch.float32 nan=0 range=[-0.900,1.125]
  [diag] card_logits nan=0 range=[-20.38,14.14]
  [diag] values nan=0 range=[-0.9147,0.9216]
[iter  55/80] steps=13759 rollout_wr=0.545 (ussr=0.510 us=0.580) pl=-0.0138 vl=0.1116 ent=3.500 clip=0.125 kl=0.0045 t=22.0s (rollout=16.5s update=5.5s)
  [league] self: self | ussr_pool: ['iter_0010', 'v45_scripted'] | us_pool: ['iter_0020', 'iter_0001']
  [pfsp]
    [ussr] iter_0010: WR_ussr=0.59(n=720) WR_us=0.60(n=480) pfsp=0.408
    [ussr] v45_scripted: WR_ussr=0.40(n=4445) WR_us=?(n=0) pfsp=0.597
    [us] iter_0020: WR_ussr=0.55(n=240) WR_us=0.54(n=600) pfsp=0.460
    [us] iter_0001: WR_ussr=0.56(n=1160) WR_us=0.53(n=1040) pfsp=0.472
  [diag] inf dtype=torch.float32 shape=torch.Size([2048, 172]) nan=0 inf_vals=0 range=[0.00,55.00]
  [diag] scalar dtype=torch.float32 nan=0 range=[-0.750,1.000]
  [diag] card_logits nan=0 range=[-21.50,13.87]
  [diag] values nan=0 range=[-0.9385,0.9224]
[iter  56/80] steps=13844 rollout_wr=0.515 (ussr=0.520 us=0.510) pl=-0.0152 vl=0.1055 ent=3.577 clip=0.106 kl=0.0031 t=21.8s (rollout=16.5s update=5.3s)
  [league] self: self | ussr_pool: ['iter_0030', 'v45_scripted'] | us_pool: ['iter_0020', 'iter_0030']
  [pfsp]
    [ussr] iter_0030: WR_ussr=0.53(n=600) WR_us=0.51(n=360) pfsp=0.468
    [ussr] v45_scripted: WR_ussr=0.40(n=4485) WR_us=?(n=0) pfsp=0.598
    [us] iter_0020: WR_ussr=0.55(n=240) WR_us=0.54(n=640) pfsp=0.463
    [us] iter_0030: WR_ussr=0.53(n=600) WR_us=0.51(n=360) pfsp=0.486
  [diag] inf dtype=torch.float32 shape=torch.Size([2048, 172]) nan=0 inf_vals=0 range=[0.00,47.00]
  [diag] scalar dtype=torch.float32 nan=0 range=[-0.900,1.125]
  [diag] card_logits nan=0 range=[-21.33,14.94]
  [diag] values nan=0 range=[-0.9288,0.9163]
[iter  57/80] steps=14077 rollout_wr=0.475 (ussr=0.370 us=0.580) pl=-0.0154 vl=0.1114 ent=3.597 clip=0.127 kl=0.0034 t=22.1s (rollout=17.8s update=4.2s)
  [league] self: self | ussr_pool: ['v45_scripted', 'v45_scripted'] | us_pool: ['iter_0030', 'iter_0040']
  [pfsp]
    [ussr] v45_scripted: WR_ussr=0.40(n=4525) WR_us=?(n=0) pfsp=0.599
    [us] iter_0030: WR_ussr=0.52(n=640) WR_us=0.51(n=400) pfsp=0.490
    [us] iter_0040: WR_ussr=0.48(n=160) WR_us=0.54(n=320) pfsp=0.456
  [diag] inf dtype=torch.float32 shape=torch.Size([2048, 172]) nan=0 inf_vals=0 range=[0.00,48.00]
  [diag] scalar dtype=torch.float32 nan=0 range=[-0.950,1.125]
  [diag] card_logits nan=0 range=[-22.17,13.71]
  [diag] values nan=0 range=[-0.9278,0.9113]
[iter  58/80] steps=13742 rollout_wr=0.475 (ussr=0.430 us=0.520) pl=-0.0163 vl=0.1092 ent=3.630 clip=0.128 kl=0.0045 t=22.7s (rollout=17.4s update=5.4s)
  [league] self: self | ussr_pool: ['iter_0030', 'v45_scripted'] | us_pool: ['v55_scripted', 'iter_0040']
  [pfsp]
    [ussr] iter_0030: WR_ussr=0.52(n=640) WR_us=0.51(n=440) pfsp=0.478
    [ussr] v45_scripted: WR_ussr=0.40(n=4605) WR_us=?(n=0) pfsp=0.599
    [us] v55_scripted: WR_ussr=?(n=0) WR_us=0.27(n=4785) pfsp=0.728
    [us] iter_0040: WR_ussr=0.48(n=160) WR_us=0.54(n=360) pfsp=0.458
  [diag] inf dtype=torch.float32 shape=torch.Size([2048, 172]) nan=0 inf_vals=0 range=[0.00,45.00]
  [diag] scalar dtype=torch.float32 nan=0 range=[-0.900,1.125]
  [diag] card_logits nan=0 range=[-21.33,15.30]
  [diag] values nan=0 range=[-0.9417,0.9114]
[iter  59/80] steps=13692 rollout_wr=0.460 (ussr=0.410 us=0.510) pl=-0.0156 vl=0.1130 ent=3.619 clip=0.122 kl=0.0034 t=21.6s (rollout=16.2s update=5.3s)
  Saved to league pool: data/checkpoints/ppo_v70_sc_league/iter_0060.pt
  [league] self: self | ussr_pool: ['iter_0010', 'iter_0020'] | us_pool: ['iter_0010', 'iter_0040']
  [pfsp]
    [ussr] iter_0010: WR_ussr=0.59(n=760) WR_us=0.60(n=480) pfsp=0.405
    [ussr] iter_0020: WR_ussr=0.55(n=240) WR_us=0.54(n=680) pfsp=0.454
    [us] iter_0010: WR_ussr=0.59(n=760) WR_us=0.60(n=480) pfsp=0.402
    [us] iter_0040: WR_ussr=0.48(n=160) WR_us=0.55(n=400) pfsp=0.450
  [diag] inf dtype=torch.float32 shape=torch.Size([2048, 172]) nan=0 inf_vals=0 range=[0.00,51.00]
  [diag] scalar dtype=torch.float32 nan=0 range=[-0.950,1.125]
  [diag] card_logits nan=0 range=[-20.74,14.93]
  [diag] values nan=0 range=[-0.9361,0.9373]
[iter  60/80] steps=13734 rollout_wr=0.560 (ussr=0.490 us=0.630) pl=-0.0163 vl=0.1049 ent=3.625 clip=0.116 kl=0.0034 t=22.3s (rollout=17.0s update=5.3s)
  [confirm] launched incremental Elo check for iter 60
  [panel eval] launched pid=516341 iter=60 panel=['v55', 'v54', 'v44', 'v45', 'v14']
  [league] self: self | ussr_pool: ['v45_scripted', 'v45_scripted'] | us_pool: ['iter_0030', 'iter_0010']
  [pfsp]
    [ussr] v45_scripted: WR_ussr=0.40(n=4645) WR_us=?(n=0) pfsp=0.599
    [us] iter_0030: WR_ussr=0.52(n=680) WR_us=0.51(n=440) pfsp=0.489
    [us] iter_0010: WR_ussr=0.59(n=800) WR_us=0.60(n=520) pfsp=0.404
  [diag] inf dtype=torch.float32 shape=torch.Size([2048, 172]) nan=0 inf_vals=0 range=[0.00,47.00]
  [diag] scalar dtype=torch.float32 nan=0 range=[-0.900,1.125]
  [diag] card_logits nan=0 range=[-22.41,13.36]
  [diag] values nan=0 range=[-0.9643,0.9267]
[iter  61/80] steps=14227 rollout_wr=0.460 (ussr=0.330 us=0.590) pl=-0.0159 vl=0.1009 ent=3.616 clip=0.132 kl=0.0047 t=62.6s (rollout=56.9s update=5.7s)
  [panel eval iter 60] avg=0.471 elapsed=63s: v55=0.483 | v54=0.450 | v44=0.483 | v45=0.467 | v14=0.450
  [league] self: self | ussr_pool: ['iter_0050', 'iter_0020'] | us_pool: ['iter_0020', 'iter_0060']
  [pfsp]
    [ussr] iter_0050: WR_ussr=0.52(n=120) WR_us=0.55(n=160) pfsp=0.483
    [ussr] iter_0020: WR_ussr=0.54(n=280) WR_us=0.54(n=680) pfsp=0.461
    [us] iter_0020: WR_ussr=0.54(n=280) WR_us=0.54(n=680) pfsp=0.459
    [us] iter_0060: WR_ussr=?(n=0) WR_us=?(n=0) pfsp=1.000
  [diag] inf dtype=torch.float32 shape=torch.Size([2048, 172]) nan=0 inf_vals=0 range=[0.00,50.00]
  [diag] scalar dtype=torch.float32 nan=0 range=[-0.850,1.000]
  [diag] card_logits nan=0 range=[-21.16,13.62]
  [diag] values nan=0 range=[-0.9594,0.9545]
[iter  62/80] steps=13959 rollout_wr=0.620 (ussr=0.560 us=0.680) pl=-0.0160 vl=0.0979 ent=3.611 clip=0.118 kl=0.0035 t=32.8s (rollout=27.0s update=5.8s)
  [league] self: self | ussr_pool: ['v45_scripted', 'v45_scripted'] | us_pool: ['iter_0050', 'v55_scripted']
  [pfsp]
    [ussr] v45_scripted: WR_ussr=0.40(n=4725) WR_us=?(n=0) pfsp=0.601
    [us] iter_0050: WR_ussr=0.51(n=160) WR_us=0.55(n=160) pfsp=0.450
    [us] v55_scripted: WR_ussr=?(n=0) WR_us=0.27(n=4825) pfsp=0.728
  [diag] inf dtype=torch.float32 shape=torch.Size([2048, 172]) nan=0 inf_vals=0 range=[0.00,52.00]
  [diag] scalar dtype=torch.float32 nan=0 range=[-0.850,1.125]
  [diag] card_logits nan=0 range=[-21.31,14.05]
  [diag] values nan=0 range=[-0.9481,0.9656]
[iter  63/80] steps=14026 rollout_wr=0.410 (ussr=0.330 us=0.490) pl=-0.0171 vl=0.0889 ent=3.663 clip=0.128 kl=0.0042 t=32.9s (rollout=27.1s update=5.8s)
  [league] self: self | ussr_pool: ['v45_scripted', 'iter_0030'] | us_pool: ['iter_0001', 'iter_0030']
  [pfsp]
    [ussr] v45_scripted: WR_ussr=0.40(n=4805) WR_us=?(n=0) pfsp=0.604
    [ussr] iter_0030: WR_ussr=0.52(n=680) WR_us=0.51(n=480) pfsp=0.478
    [us] iter_0001: WR_ussr=0.56(n=1160) WR_us=0.53(n=1080) pfsp=0.473
    [us] iter_0030: WR_ussr=0.52(n=680) WR_us=0.51(n=480) pfsp=0.485
  [diag] inf dtype=torch.float32 shape=torch.Size([2048, 172]) nan=0 inf_vals=0 range=[0.00,50.00]
  [diag] scalar dtype=torch.float32 nan=0 range=[-0.950,1.125]
  [diag] card_logits nan=0 range=[-21.59,13.60]
  [diag] values nan=0 range=[-0.9557,0.9382]
[iter  64/80] steps=13725 rollout_wr=0.475 (ussr=0.420 us=0.530) pl=-0.0159 vl=0.1130 ent=3.603 clip=0.123 kl=0.0035 t=28.8s (rollout=23.5s update=5.3s)
  [league] self: self | ussr_pool: ['iter_0050', 'iter_0020'] | us_pool: ['v55_scripted', 'iter_0050']
  [pfsp]
    [ussr] iter_0050: WR_ussr=0.51(n=160) WR_us=0.55(n=200) pfsp=0.488
    [ussr] iter_0020: WR_ussr=0.55(n=320) WR_us=0.54(n=720) pfsp=0.450
    [us] v55_scripted: WR_ussr=?(n=0) WR_us=0.27(n=4865) pfsp=0.727
    [us] iter_0050: WR_ussr=0.51(n=160) WR_us=0.55(n=200) pfsp=0.450
  [diag] inf dtype=torch.float32 shape=torch.Size([2048, 172]) nan=0 inf_vals=0 range=[0.00,65.00]
  [diag] scalar dtype=torch.float32 nan=0 range=[-0.800,1.000]
  [diag] card_logits nan=0 range=[-22.49,13.57]
  [diag] values nan=0 range=[-0.9303,0.9289]
[iter  65/80] steps=13614 rollout_wr=0.550 (ussr=0.600 us=0.500) pl=-0.0139 vl=0.1181 ent=3.600 clip=0.134 kl=0.0036 t=21.6s (rollout=17.3s update=4.3s)
  [league] self: self | ussr_pool: ['iter_0001', 'iter_0060'] | us_pool: ['iter_0020', 'v55_scripted']
  [pfsp]
    [ussr] iter_0001: WR_ussr=0.56(n=1160) WR_us=0.53(n=1120) pfsp=0.436
    [ussr] iter_0060: WR_ussr=?(n=0) WR_us=0.70(n=40) pfsp=1.000
    [us] iter_0020: WR_ussr=0.57(n=360) WR_us=0.54(n=720) pfsp=0.456
    [us] v55_scripted: WR_ussr=?(n=0) WR_us=0.27(n=4905) pfsp=0.726
  [diag] inf dtype=torch.float32 shape=torch.Size([2048, 172]) nan=0 inf_vals=0 range=[0.00,58.00]
  [diag] scalar dtype=torch.float32 nan=0 range=[-0.900,1.125]
  [diag] card_logits nan=0 range=[-22.46,13.69]
  [diag] values nan=0 range=[-0.9146,0.9479]
[iter  66/80] steps=13259 rollout_wr=0.495 (ussr=0.590 us=0.400) pl=-0.0150 vl=0.1163 ent=3.790 clip=0.114 kl=0.0032 t=22.9s (rollout=17.8s update=5.2s)
  [league] self: self | ussr_pool: ['v45_scripted', 'iter_0030'] | us_pool: ['iter_0060', 'iter_0010']
  [pfsp]
    [ussr] v45_scripted: WR_ussr=0.40(n=4845) WR_us=?(n=0) pfsp=0.604
    [ussr] iter_0030: WR_ussr=0.52(n=720) WR_us=0.51(n=520) pfsp=0.483
    [us] iter_0060: WR_ussr=0.65(n=40) WR_us=0.70(n=40) pfsp=0.300
    [us] iter_0010: WR_ussr=0.59(n=800) WR_us=0.60(n=560) pfsp=0.396
  [diag] inf dtype=torch.float32 shape=torch.Size([2048, 172]) nan=0 inf_vals=0 range=[0.00,45.00]
  [diag] scalar dtype=torch.float32 nan=0 range=[-0.900,1.125]
  [diag] card_logits nan=0 range=[-21.93,13.90]
  [diag] values nan=0 range=[-0.8973,0.9101]
[iter  67/80] steps=13603 rollout_wr=0.490 (ussr=0.410 us=0.570) pl=-0.0137 vl=0.1089 ent=3.647 clip=0.093 kl=0.0030 t=21.9s (rollout=16.6s update=5.3s)
  [league] self: self | ussr_pool: ['iter_0020', 'v45_scripted'] | us_pool: ['v55_scripted', 'v55_scripted']
  [pfsp]
    [ussr] iter_0020: WR_ussr=0.57(n=360) WR_us=0.55(n=760) pfsp=0.431
    [ussr] v45_scripted: WR_ussr=0.40(n=4885) WR_us=?(n=0) pfsp=0.604
    [us] v55_scripted: WR_ussr=?(n=0) WR_us=0.27(n=4945) pfsp=0.726
  [diag] inf dtype=torch.float32 shape=torch.Size([2048, 172]) nan=0 inf_vals=0 range=[0.00,49.00]
  [diag] scalar dtype=torch.float32 nan=0 range=[-0.850,1.125]
  [diag] card_logits nan=0 range=[-22.39,13.68]
  [diag] values nan=0 range=[-0.9325,0.9250]
[iter  68/80] steps=13314 rollout_wr=0.420 (ussr=0.500 us=0.340) pl=-0.0153 vl=0.1006 ent=3.608 clip=0.116 kl=0.0032 t=21.3s (rollout=16.1s update=5.2s)
  [league] self: self | ussr_pool: ['iter_0030', 'v45_scripted'] | us_pool: ['iter_0010', 'iter_0060']
  [pfsp]
    [ussr] iter_0030: WR_ussr=0.51(n=760) WR_us=0.51(n=520) pfsp=0.487
    [ussr] v45_scripted: WR_ussr=0.40(n=4925) WR_us=?(n=0) pfsp=0.605
    [us] iter_0010: WR_ussr=0.59(n=800) WR_us=0.59(n=600) pfsp=0.407
    [us] iter_0060: WR_ussr=0.65(n=40) WR_us=0.68(n=80) pfsp=0.325
  [diag] inf dtype=torch.float32 shape=torch.Size([2048, 172]) nan=0 inf_vals=0 range=[0.00,45.00]
  [diag] scalar dtype=torch.float32 nan=0 range=[-0.850,1.125]
  [diag] card_logits nan=0 range=[-19.97,14.43]
  [diag] values nan=0 range=[-0.9435,0.9484]
[iter  69/80] steps=13367 rollout_wr=0.595 (ussr=0.560 us=0.630) pl=-0.0164 vl=0.1100 ent=3.680 clip=0.137 kl=0.0041 t=21.7s (rollout=17.6s update=4.1s)
  Saved to league pool: data/checkpoints/ppo_v70_sc_league/iter_0070.pt
  [league] self: self | ussr_pool: ['v45_scripted', 'iter_0030'] | us_pool: ['v55_scripted', 'v55_scripted']
  [pfsp]
    [ussr] v45_scripted: WR_ussr=0.40(n=4965) WR_us=?(n=0) pfsp=0.604
    [ussr] iter_0030: WR_ussr=0.52(n=800) WR_us=0.51(n=520) pfsp=0.479
    [us] v55_scripted: WR_ussr=?(n=0) WR_us=0.27(n=5025) pfsp=0.726
  [diag] inf dtype=torch.float32 shape=torch.Size([2048, 172]) nan=0 inf_vals=0 range=[0.00,52.00]
  [diag] scalar dtype=torch.float32 nan=0 range=[-0.667,1.125]
  [diag] card_logits nan=0 range=[-19.91,14.88]
  [diag] values nan=0 range=[-0.9336,0.9272]
[iter  70/80] steps=13300 rollout_wr=0.370 (ussr=0.470 us=0.270) pl=-0.0153 vl=0.1102 ent=3.717 clip=0.109 kl=0.0029 t=23.1s (rollout=17.8s update=5.3s)
  [confirm] launched incremental Elo check for iter 70
  [panel eval] launched pid=517056 iter=70 panel=['v55', 'v54', 'v44', 'v45', 'v14']
  [league] self: self | ussr_pool: ['iter_0030', 'iter_0070'] | us_pool: ['iter_0001', 'iter_0040']
  [pfsp]
    [ussr] iter_0030: WR_ussr=0.52(n=840) WR_us=0.51(n=520) pfsp=0.482
    [ussr] iter_0070: WR_ussr=?(n=0) WR_us=?(n=0) pfsp=1.000
    [us] iter_0001: WR_ussr=0.56(n=1200) WR_us=0.53(n=1120) pfsp=0.473
    [us] iter_0040: WR_ussr=0.48(n=160) WR_us=0.56(n=440) pfsp=0.441
  [diag] inf dtype=torch.float32 shape=torch.Size([2048, 172]) nan=0 inf_vals=0 range=[0.00,77.00]
  [diag] scalar dtype=torch.float32 nan=0 range=[-0.850,1.000]
  [diag] card_logits nan=0 range=[-20.56,14.98]
  [diag] values nan=0 range=[-0.8381,0.9474]
[iter  71/80] steps=13836 rollout_wr=0.660 (ussr=0.630 us=0.690) pl=-0.0165 vl=0.1128 ent=3.593 clip=0.179 kl=0.0076 t=62.7s (rollout=56.6s update=6.1s)
  [panel eval iter 70] avg=0.480 elapsed=64s: v55=0.533 | v54=0.433 | v44=0.450 | v45=0.483 | v14=0.450
  [league] self: self | ussr_pool: ['iter_0060', 'iter_0030'] | us_pool: ['iter_0030', 'iter_0040']
  [pfsp]
    [ussr] iter_0060: WR_ussr=0.65(n=40) WR_us=0.68(n=120) pfsp=0.350
    [ussr] iter_0030: WR_ussr=0.53(n=880) WR_us=0.51(n=520) pfsp=0.474
    [us] iter_0030: WR_ussr=0.53(n=880) WR_us=0.51(n=520) pfsp=0.487
    [us] iter_0040: WR_ussr=0.48(n=160) WR_us=0.57(n=480) pfsp=0.427
  [diag] inf dtype=torch.float32 shape=torch.Size([2048, 172]) nan=0 inf_vals=0 range=[0.00,58.00]
  [diag] scalar dtype=torch.float32 nan=0 range=[-0.850,1.125]
  [diag] card_logits nan=0 range=[-21.68,14.12]
  [diag] values nan=0 range=[-0.8785,0.9488]
[iter  72/80] steps=13583 rollout_wr=0.490 (ussr=0.480 us=0.500) pl=-0.0154 vl=0.1098 ent=3.592 clip=0.135 kl=0.0040 t=33.8s (rollout=28.2s update=5.6s)
  [league] self: self | ussr_pool: ['v45_scripted', 'iter_0070'] | us_pool: ['iter_0040', 'v55_scripted']
  [pfsp]
    [ussr] v45_scripted: WR_ussr=0.40(n=5005) WR_us=?(n=0) pfsp=0.604
    [ussr] iter_0070: WR_ussr=0.57(n=40) WR_us=?(n=0) pfsp=0.425
    [us] iter_0040: WR_ussr=0.48(n=160) WR_us=0.57(n=520) pfsp=0.433
    [us] v55_scripted: WR_ussr=?(n=0) WR_us=0.27(n=5105) pfsp=0.727
  [diag] inf dtype=torch.float32 shape=torch.Size([2048, 172]) nan=0 inf_vals=0 range=[0.00,42.00]
  [diag] scalar dtype=torch.float32 nan=0 range=[-0.800,1.000]
  [diag] card_logits nan=0 range=[-22.64,13.43]
  [diag] values nan=0 range=[-0.9296,0.9373]
[iter  73/80] steps=13547 rollout_wr=0.455 (ussr=0.420 us=0.490) pl=-0.0160 vl=0.1089 ent=3.724 clip=0.132 kl=0.0037 t=32.3s (rollout=26.7s update=5.6s)
  [league] self: self | ussr_pool: ['iter_0040', 'iter_0010'] | us_pool: ['v55_scripted', 'iter_0020']
  [pfsp]
    [ussr] iter_0040: WR_ussr=0.48(n=160) WR_us=0.56(n=560) pfsp=0.519
    [ussr] iter_0010: WR_ussr=0.59(n=800) WR_us=0.59(n=640) pfsp=0.412
    [us] v55_scripted: WR_ussr=?(n=0) WR_us=0.27(n=5145) pfsp=0.726
    [us] iter_0020: WR_ussr=0.57(n=400) WR_us=0.55(n=760) pfsp=0.454
  [diag] inf dtype=torch.float32 shape=torch.Size([2048, 172]) nan=0 inf_vals=0 range=[0.00,60.00]
  [diag] scalar dtype=torch.float32 nan=0 range=[-0.850,1.000]
  [diag] card_logits nan=0 range=[-22.77,13.95]
  [diag] values nan=0 range=[-0.9216,0.9519]
[iter  74/80] steps=13032 rollout_wr=0.495 (ussr=0.550 us=0.440) pl=-0.0156 vl=0.1084 ent=3.736 clip=0.113 kl=0.0030 t=33.0s (rollout=28.8s update=4.2s)
  [league] self: self | ussr_pool: ['v45_scripted', 'v45_scripted'] | us_pool: ['iter_0070', 'iter_0050']
  [pfsp]
    [ussr] v45_scripted: WR_ussr=0.40(n=5045) WR_us=?(n=0) pfsp=0.604
    [us] iter_0070: WR_ussr=0.51(n=80) WR_us=?(n=0) pfsp=1.000
    [us] iter_0050: WR_ussr=0.52(n=200) WR_us=0.55(n=240) pfsp=0.446
  [diag] inf dtype=torch.float32 shape=torch.Size([2048, 172]) nan=0 inf_vals=0 range=[0.00,50.00]
  [diag] scalar dtype=torch.float32 nan=0 range=[-0.900,1.000]
  [diag] card_logits nan=0 range=[-21.38,14.00]
  [diag] values nan=0 range=[-0.9460,0.9445]
[iter  75/80] steps=13770 rollout_wr=0.470 (ussr=0.380 us=0.560) pl=-0.0160 vl=0.1082 ent=3.686 clip=0.124 kl=0.0035 t=24.1s (rollout=18.6s update=5.5s)
  [league] self: self | ussr_pool: ['iter_0030', 'iter_0060'] | us_pool: ['iter_0060', 'iter_0040']
  [pfsp]
    [ussr] iter_0030: WR_ussr=0.52(n=920) WR_us=0.51(n=560) pfsp=0.478
    [ussr] iter_0060: WR_ussr=0.62(n=80) WR_us=0.68(n=120) pfsp=0.375
    [us] iter_0060: WR_ussr=0.62(n=80) WR_us=0.68(n=120) pfsp=0.317
    [us] iter_0040: WR_ussr=0.48(n=200) WR_us=0.56(n=560) pfsp=0.439
  [diag] inf dtype=torch.float32 shape=torch.Size([2048, 172]) nan=0 inf_vals=0 range=[0.00,53.00]
  [diag] scalar dtype=torch.float32 nan=0 range=[-0.850,1.125]
  [diag] card_logits nan=0 range=[-22.02,14.64]
  [diag] values nan=0 range=[-0.9402,0.9336]
[iter  76/80] steps=13899 rollout_wr=0.565 (ussr=0.540 us=0.590) pl=-0.0143 vl=0.1098 ent=3.626 clip=0.106 kl=0.0030 t=22.9s (rollout=17.3s update=5.7s)
  [league] self: self | ussr_pool: ['iter_0010', 'iter_0070'] | us_pool: ['iter_0020', 'iter_0070']
  [pfsp]
    [ussr] iter_0010: WR_ussr=0.59(n=840) WR_us=0.59(n=640) pfsp=0.413
    [ussr] iter_0070: WR_ussr=0.51(n=80) WR_us=0.55(n=40) pfsp=0.488
    [us] iter_0020: WR_ussr=0.57(n=400) WR_us=0.55(n=800) pfsp=0.455
    [us] iter_0070: WR_ussr=0.51(n=80) WR_us=0.55(n=40) pfsp=0.450
  [diag] inf dtype=torch.float32 shape=torch.Size([2048, 172]) nan=0 inf_vals=0 range=[0.00,47.00]
  [diag] scalar dtype=torch.float32 nan=0 range=[-0.850,1.125]
  [diag] card_logits nan=0 range=[-21.16,12.59]
  [diag] values nan=0 range=[-0.9304,0.9316]
[iter  77/80] steps=13736 rollout_wr=0.545 (ussr=0.530 us=0.560) pl=-0.0124 vl=0.1138 ent=3.566 clip=0.106 kl=0.0031 t=22.0s (rollout=16.7s update=5.4s)
  [league] self: self | ussr_pool: ['v45_scripted', 'iter_0050'] | us_pool: ['v55_scripted', 'iter_0020']
  [pfsp]
    [ussr] v45_scripted: WR_ussr=0.40(n=5125) WR_us=?(n=0) pfsp=0.605
    [ussr] iter_0050: WR_ussr=0.52(n=200) WR_us=0.56(n=280) pfsp=0.480
    [us] v55_scripted: WR_ussr=?(n=0) WR_us=0.27(n=5185) pfsp=0.726
    [us] iter_0020: WR_ussr=0.57(n=400) WR_us=0.55(n=840) pfsp=0.454
  [diag] inf dtype=torch.float32 shape=torch.Size([2048, 172]) nan=0 inf_vals=0 range=[0.00,52.00]
  [diag] scalar dtype=torch.float32 nan=0 range=[-0.850,1.125]
  [diag] card_logits nan=0 range=[-22.01,14.44]
  [diag] values nan=0 range=[-0.9464,0.9046]
[iter  78/80] steps=13328 rollout_wr=0.430 (ussr=0.450 us=0.410) pl=-0.0172 vl=0.1120 ent=3.656 clip=0.115 kl=0.0030 t=21.2s (rollout=17.1s update=4.1s)
  [league] self: self | ussr_pool: ['iter_0060', 'v45_scripted'] | us_pool: ['iter_0070', 'iter_0030']
  [pfsp]
    [ussr] iter_0060: WR_ussr=0.60(n=120) WR_us=0.67(n=160) pfsp=0.400
    [ussr] v45_scripted: WR_ussr=0.39(n=5165) WR_us=?(n=0) pfsp=0.606
    [us] iter_0070: WR_ussr=0.50(n=120) WR_us=0.56(n=80) pfsp=0.438
    [us] iter_0030: WR_ussr=0.53(n=960) WR_us=0.51(n=560) pfsp=0.488
  [diag] inf dtype=torch.float32 shape=torch.Size([2048, 172]) nan=0 inf_vals=0 range=[0.00,53.00]
  [diag] scalar dtype=torch.float32 nan=0 range=[-0.900,1.125]
  [diag] card_logits nan=0 range=[-22.07,13.00]
  [diag] values nan=0 range=[-0.9294,0.9171]
[iter  79/80] steps=13805 rollout_wr=0.470 (ussr=0.390 us=0.550) pl=-0.0161 vl=0.1036 ent=3.784 clip=0.134 kl=0.0036 t=23.9s (rollout=18.5s update=5.4s)
  Saved to league pool: data/checkpoints/ppo_v70_sc_league/iter_0080.pt
  [league] self: self | ussr_pool: ['iter_0070', 'iter_0060'] | us_pool: ['iter_0010', 'v55_scripted']
  [pfsp]
    [ussr] iter_0070: WR_ussr=0.50(n=120) WR_us=0.58(n=120) pfsp=0.500
    [ussr] iter_0060: WR_ussr=0.56(n=160) WR_us=0.67(n=160) pfsp=0.438
    [us] iter_0010: WR_ussr=0.58(n=880) WR_us=0.59(n=640) pfsp=0.412
    [us] v55_scripted: WR_ussr=?(n=0) WR_us=0.27(n=5225) pfsp=0.727
  [diag] inf dtype=torch.float32 shape=torch.Size([2048, 172]) nan=0 inf_vals=0 range=[0.00,48.00]
  [diag] scalar dtype=torch.float32 nan=0 range=[-0.800,1.000]
  [diag] card_logits nan=0 range=[-21.10,13.27]
  [diag] values nan=0 range=[-0.9486,0.9120]
[iter  80/80] steps=13392 rollout_wr=0.485 (ussr=0.480 us=0.490) pl=-0.0186 vl=0.1085 ent=3.802 clip=0.123 kl=0.0034 t=22.0s (rollout=16.7s update=5.3s)
  [confirm] launched incremental Elo check for iter 80
  [panel eval] launched pid=517894 iter=80 panel=['v55', 'v54', 'v44', 'v45', 'v14']
ppo_best.pt ← ppo_running_best.pt (panel HWM: ppo_iter0030.pt, avg_wr=0.5267)
wandb: updating run metadata
wandb: uploading output.log; uploading wandb-summary.json; uploading config.yaml
wandb: 
wandb: Run history:
wandb:               approx_kl ▄▄▄▇▂▄▂▄▃▅▅▅▄▄▂▃▄▃▃▃█▄▁▃▄▇▄▇▄▄▆▅▄▃▃▃▄▃▃▄
wandb:           clip_fraction ▄▃▃▄▄▃▂▄▃▃▆▃▄▄▂▁▃▂▃▃▅▄▃▂▁▃▃▄▄▄▄▄▄▂▅█▅▄▃▅
wandb: core_scalar_weight_norm ▁▁▁▁▁▁▂▂▂▃▃▃▃▃▃▃▂▃▂▃▄▄▄▄▅▅▅▆▆▅▆▆▆▆▇▇▇██▇
wandb:                ent_coef ████▇▇▇▇▇▇▇▆▆▆▆▅▅▅▅▅▄▄▄▄▄▃▃▃▃▃▂▂▂▂▂▂▁▁▁▁
wandb:                 entropy ▇▅▄▅▄▄▄▃▃▆▄▆▅▃▃▄▂▄▃▄▅▃▄▃▄▅▃▁▃▄▄▅▃█▄▆▃▃▅█
wandb:             iter_time_s ▁▁▁▁▁▁▁▇▃▃▃▁▁▁▁▃▃▁▁▁▇▃▁▁▁▂█▃▃▂▁▂▁█▃▂▁▃▃▂
wandb:                 n_steps ▃█▄▄▆▄▃▃▂▅▆▆▂▆▅▅▆▂▄▃▅▃▃▅▄▆█▆▆▇▅▃▃▃▆▄▁▇▃▃
wandb:  new_scalar_weight_norm ▁▂▁▂▂▃▄▅▅▅▇▇▇██▆▆▅▆▆▄▅▃▃▂▃▃▃▃▂▁▁▁▁▁▁▂▂▂▄
wandb:   panel/avg_combined_wr ▄▂█▃▃▁▂
wandb:     panel/eval_time_sec ▁▇▆▇███
wandb:                    +120 ...
wandb: 
wandb: Run summary:
wandb:               approx_kl 0.00338
wandb:           clip_fraction 0.12341
wandb: core_scalar_weight_norm 4.12539
wandb:                ent_coef 0.003
wandb:                 entropy 3.80237
wandb:             iter_time_s 22.03496
wandb:                 n_steps 13392
wandb:  new_scalar_weight_norm 2.71405
wandb:   panel/avg_combined_wr 0.48
wandb:     panel/eval_time_sec 63.58815
wandb:                    +120 ...
wandb: 
wandb: 🚀 View run ppo_v70_sc at: https://wandb.ai/korduban-ai/twilight-struggle-ai/runs/2862ff17
wandb: ⭐️ View project at: https://wandb.ai/korduban-ai/twilight-struggle-ai
wandb: Synced 5 W&B file(s), 0 media file(s), 0 artifact file(s) and 0 other file(s)
wandb: Find logs at: ./wandb/run-20260412_054033-2862ff17/logs

Training complete in 36.4 minutes
Checkpoints in: data/checkpoints/ppo_v70_sc_league
