[ppo_train_dynamic] starting at 2026-04-14T14:04:40Z
wandb: [wandb.login()] Loaded credentials for https://api.wandb.ai from WANDB_API_KEY.
wandb: Currently logged in as: dkorduban (korduban-ai) to https://api.wandb.ai. Use `wandb login --relogin` to force relogin
wandb: setting up run d77f9927
wandb: Tracking run with wandb version 0.25.1
wandb: Run data is saved locally in /home/dkord/code/twilight-struggle-ai/wandb/run-20260414_070442-d77f9927
wandb: Run `wandb offline` to turn off syncing.
wandb: Syncing run ppo_v239_sc
wandb: ⭐️ View project at https://wandb.ai/korduban-ai/twilight-struggle-ai
wandb: 🚀 View run at https://wandb.ai/korduban-ai/twilight-struggle-ai/runs/d77f9927
Loading checkpoint: data/checkpoints/ppo_v238_sc_league/ppo_best.pt

Starting PPO training: 30 iterations × 200 games/iter, side=both
Device: cuda, lr=5e-05, clip=0.12, ent=0.003, vf=0.5
League training enabled (pool: data/checkpoints/ppo_v239_sc_league, save-every=10)
  Saved to league pool: data/checkpoints/ppo_v239_sc_league/iter_0001.pt
  [league] self: self | ussr_pool: ['v45_scripted', 'v217_sc_scripted'] | us_pool: ['iter_0001', 'heuristic']
  [pfsp]
    [ussr] v45_scripted: WR_ussr=0.88(n=66) WR_us=?(n=0) pfsp=0.426
    [ussr] v217_sc_scripted: WR_ussr=0.53(n=175) WR_us=0.62(n=160) pfsp=0.996
    [us] iter_0001: WR_ussr=?(n=0) WR_us=?(n=0) pfsp=1.000
    [us] heuristic: WR_ussr=0.61(n=195) WR_us=0.40(n=190) pfsp=0.960
  [diag] inf dtype=torch.float32 shape=torch.Size([2048, 172]) nan=0 inf_vals=0 range=[0.00,44.00]
  [diag] scalar dtype=torch.float32 nan=0 range=[-1.450,1.250]
  [diag] card_logits nan=0 range=[-15.72,15.05]
  [diag] values nan=0 range=[-0.9249,0.9208]
[iter   1/30] steps= 4514 rollout_wr=0.565 (ussr=0.650 us=0.480) pl=-0.0170 vl=0.2943 ent=3.690 clip=0.240 kl=0.0073 t=15.6s (rollout=12.9s update=2.7s)
  [league] self: self | ussr_pool: ['iter_0001', 'v48_scripted'] | us_pool: ['iter_0001', 'iter_0001']
  [pfsp]
    [ussr] iter_0001: WR_ussr=?(n=0) WR_us=0.45(n=40) pfsp=1.000
    [ussr] v48_scripted: WR_ussr=0.89(n=36) WR_us=0.98(n=43) pfsp=0.395
    [us] iter_0001: WR_ussr=?(n=0) WR_us=0.45(n=40) pfsp=0.990
  [diag] inf dtype=torch.float32 shape=torch.Size([2048, 172]) nan=0 inf_vals=0 range=[0.00,35.00]
  [diag] scalar dtype=torch.float32 nan=0 range=[-0.950,1.000]
  [diag] card_logits nan=0 range=[-16.36,16.23]
  [diag] values nan=0 range=[-0.8949,0.8746]
[iter   2/30] steps= 4137 rollout_wr=0.620 (ussr=0.620 us=0.620) pl=0.0018 vl=0.2928 ent=3.751 clip=0.110 kl=0.0041 t=13.4s (rollout=11.7s update=1.7s)
  [league] self: self | ussr_pool: ['iter_0001', 'v232_sc_scripted'] | us_pool: ['heuristic', 'v217_sc_scripted']
  [pfsp]
    [ussr] iter_0001: WR_ussr=0.47(n=40) WR_us=0.57(n=120) pfsp=0.997
    [ussr] v232_sc_scripted: WR_ussr=0.50(n=130) WR_us=0.56(n=190) pfsp=1.000
    [us] heuristic: WR_ussr=0.61(n=195) WR_us=0.41(n=230) pfsp=0.970
    [us] v217_sc_scripted: WR_ussr=0.51(n=215) WR_us=0.62(n=160) pfsp=0.944
  [diag] inf dtype=torch.float32 shape=torch.Size([2048, 172]) nan=0 inf_vals=0 range=[0.00,38.00]
  [diag] scalar dtype=torch.float32 nan=0 range=[-1.250,1.000]
  [diag] card_logits nan=0 range=[-16.50,14.82]
  [diag] values nan=0 range=[-0.9414,0.9177]
[iter   3/30] steps= 5192 rollout_wr=0.525 (ussr=0.500 us=0.550) pl=-0.0137 vl=0.2815 ent=3.794 clip=0.122 kl=0.0035 t=17.0s (rollout=14.7s update=2.3s)
  [league] self: self | ussr_pool: ['v232_sc_scripted', 'v232_sc_scripted'] | us_pool: ['v228_sc_scripted', 'v44_scripted']
  [pfsp]
    [ussr] v232_sc_scripted: WR_ussr=0.53(n=170) WR_us=0.56(n=190) pfsp=0.997
    [us] v228_sc_scripted: WR_ussr=0.44(n=265) WR_us=0.51(n=230) pfsp=1.000
    [us] v44_scripted: WR_ussr=?(n=0) WR_us=0.96(n=77) pfsp=0.150
  [diag] inf dtype=torch.float32 shape=torch.Size([2048, 172]) nan=0 inf_vals=0 range=[0.00,31.00]
  [diag] scalar dtype=torch.float32 nan=0 range=[-0.950,1.000]
  [diag] card_logits nan=0 range=[-16.09,17.29]
  [diag] values nan=0 range=[-0.9484,0.9262]
[iter   4/30] steps= 4246 rollout_wr=0.635 (ussr=0.560 us=0.710) pl=-0.0060 vl=0.2970 ent=3.672 clip=0.191 kl=0.0056 t=14.0s (rollout=12.2s update=1.8s)
  [league] self: self | ussr_pool: ['v217_sc_scripted', 'iter_0001'] | us_pool: ['heuristic', 'iter_0001']
  [pfsp]
    [ussr] v217_sc_scripted: WR_ussr=0.51(n=215) WR_us=0.61(n=200) pfsp=0.999
    [ussr] iter_0001: WR_ussr=0.49(n=80) WR_us=0.57(n=120) pfsp=0.999
    [us] heuristic: WR_ussr=0.61(n=195) WR_us=0.43(n=270) pfsp=0.982
    [us] iter_0001: WR_ussr=0.49(n=80) WR_us=0.57(n=120) pfsp=0.982
  [diag] inf dtype=torch.float32 shape=torch.Size([2048, 172]) nan=0 inf_vals=0 range=[0.00,38.00]
  [diag] scalar dtype=torch.float32 nan=0 range=[-0.950,1.000]
  [diag] card_logits nan=0 range=[-16.12,16.18]
  [diag] values nan=0 range=[-0.9268,0.9341]
[iter   5/30] steps= 5047 rollout_wr=0.540 (ussr=0.570 us=0.510) pl=-0.0158 vl=0.2472 ent=3.679 clip=0.116 kl=0.0032 t=16.4s (rollout=14.3s update=2.0s)
  [league] self: self | ussr_pool: ['v45_scripted', 'heuristic'] | us_pool: ['iter_0001', 'iter_0001']
  [pfsp]
    [ussr] v45_scripted: WR_ussr=0.88(n=106) WR_us=?(n=0) pfsp=0.430
    [ussr] heuristic: WR_ussr=0.61(n=195) WR_us=0.43(n=310) pfsp=0.956
    [us] iter_0001: WR_ussr=0.48(n=120) WR_us=0.56(n=160) pfsp=0.987
  [diag] inf dtype=torch.float32 shape=torch.Size([2048, 172]) nan=0 inf_vals=0 range=[0.00,42.00]
  [diag] scalar dtype=torch.float32 nan=0 range=[-0.950,1.250]
  [diag] card_logits nan=0 range=[-15.94,14.56]
  [diag] values nan=0 range=[-0.9194,0.9252]
[iter   6/30] steps= 4487 rollout_wr=0.595 (ussr=0.770 us=0.420) pl=-0.0228 vl=0.2726 ent=3.613 clip=0.117 kl=0.0032 t=13.9s (rollout=12.1s update=1.8s)
  [league] self: self | ussr_pool: ['v217_sc_scripted', 'v232_sc_scripted'] | us_pool: ['v57_scripted', 'iter_0001']
  [pfsp]
    [ussr] v217_sc_scripted: WR_ussr=0.53(n=255) WR_us=0.61(n=200) pfsp=0.996
    [ussr] v232_sc_scripted: WR_ussr=0.54(n=250) WR_us=0.56(n=190) pfsp=0.992
    [us] v57_scripted: WR_ussr=0.88(n=89) WR_us=0.95(n=41) pfsp=0.186
    [us] iter_0001: WR_ussr=0.48(n=120) WR_us=0.52(n=240) pfsp=0.998
  [diag] inf dtype=torch.float32 shape=torch.Size([2048, 172]) nan=0 inf_vals=0 range=[0.00,31.00]
  [diag] scalar dtype=torch.float32 nan=0 range=[-0.950,1.200]
  [diag] card_logits nan=0 range=[-16.91,14.62]
  [diag] values nan=0 range=[-0.9575,0.8853]
[iter   7/30] steps= 4449 rollout_wr=0.615 (ussr=0.470 us=0.760) pl=-0.0086 vl=0.2789 ent=3.605 clip=0.140 kl=0.0046 t=14.9s (rollout=12.9s update=2.0s)
  [league] self: self | ussr_pool: ['v22_scripted', 'v228_sc_scripted'] | us_pool: ['v217_sc_scripted', 'iter_0001']
  [pfsp]
    [ussr] v22_scripted: WR_ussr=0.92(n=63) WR_us=?(n=0) pfsp=0.292
    [ussr] v228_sc_scripted: WR_ussr=0.44(n=265) WR_us=0.50(n=270) pfsp=0.986
    [us] v217_sc_scripted: WR_ussr=0.52(n=295) WR_us=0.61(n=200) pfsp=0.952
    [us] iter_0001: WR_ussr=0.48(n=120) WR_us=0.53(n=280) pfsp=0.997
  [diag] inf dtype=torch.float32 shape=torch.Size([2048, 172]) nan=0 inf_vals=0 range=[0.00,27.00]
  [diag] scalar dtype=torch.float32 nan=0 range=[-1.100,1.200]
  [diag] card_logits nan=0 range=[-17.37,14.55]
  [diag] values nan=0 range=[-0.9484,0.9050]
[iter   8/30] steps= 4204 rollout_wr=0.650 (ussr=0.670 us=0.630) pl=-0.0423 vl=0.3065 ent=3.606 clip=0.122 kl=0.0039 t=14.3s (rollout=12.3s update=2.0s)
  [league] self: self | ussr_pool: ['iter_0001', 'v48_scripted'] | us_pool: ['iter_0001', 'heuristic']
  [pfsp]
    [ussr] iter_0001: WR_ussr=0.48(n=120) WR_us=0.54(n=320) pfsp=0.999
    [ussr] v48_scripted: WR_ussr=0.87(n=76) WR_us=0.98(n=43) pfsp=0.457
    [us] iter_0001: WR_ussr=0.48(n=120) WR_us=0.54(n=320) pfsp=0.993
    [us] heuristic: WR_ussr=0.61(n=235) WR_us=0.43(n=310) pfsp=0.982
  [diag] inf dtype=torch.float32 shape=torch.Size([2048, 172]) nan=0 inf_vals=0 range=[0.00,39.00]
  [diag] scalar dtype=torch.float32 nan=0 range=[-1.150,1.000]
  [diag] card_logits nan=0 range=[-17.35,16.54]
  [diag] values nan=0 range=[-0.9616,0.9094]
[iter   9/30] steps= 4444 rollout_wr=0.585 (ussr=0.680 us=0.490) pl=-0.0076 vl=0.2969 ent=3.607 clip=0.110 kl=0.0033 t=14.8s (rollout=12.8s update=1.9s)
  Saved to league pool: data/checkpoints/ppo_v239_sc_league/iter_0010.pt
  [league] self: self | ussr_pool: ['iter_0001', 'v232_sc_scripted'] | us_pool: ['iter_0001', 'iter_0001']
  [pfsp]
    [ussr] iter_0001: WR_ussr=0.49(n=160) WR_us=0.53(n=360) pfsp=0.999
    [ussr] v232_sc_scripted: WR_ussr=0.53(n=290) WR_us=0.56(n=190) pfsp=0.996
    [us] iter_0001: WR_ussr=0.49(n=160) WR_us=0.53(n=360) pfsp=0.996
  [diag] inf dtype=torch.float32 shape=torch.Size([2048, 172]) nan=0 inf_vals=0 range=[0.00,28.00]
  [diag] scalar dtype=torch.float32 nan=0 range=[-0.950,1.100]
  [diag] card_logits nan=0 range=[-16.07,14.66]
  [diag] values nan=0 range=[-0.9430,0.8766]
[iter  10/30] steps= 4511 rollout_wr=0.575 (ussr=0.650 us=0.500) pl=-0.0121 vl=0.2995 ent=3.652 clip=0.125 kl=0.0036 t=15.7s (rollout=13.6s update=2.1s)
  [confirm] launched incremental Elo check for iter 10
  [panel eval] launched pid=1312262 iter=10 panel=['v55', 'v54', 'v44', 'v45', 'v48']
  [league] self: self | ussr_pool: ['v228_sc_scripted', 'v232_sc_scripted'] | us_pool: ['iter_0010', 'iter_0001']
  [pfsp]
    [ussr] v228_sc_scripted: WR_ussr=0.44(n=305) WR_us=0.50(n=270) pfsp=0.985
    [ussr] v232_sc_scripted: WR_ussr=0.55(n=330) WR_us=0.56(n=190) pfsp=0.992
    [us] iter_0010: WR_ussr=?(n=0) WR_us=?(n=0) pfsp=1.000
    [us] iter_0001: WR_ussr=0.52(n=200) WR_us=0.53(n=440) pfsp=0.997
  [diag] inf dtype=torch.float32 shape=torch.Size([2048, 172]) nan=0 inf_vals=0 range=[0.00,35.00]
  [diag] scalar dtype=torch.float32 nan=0 range=[-1.200,1.150]
  [diag] card_logits nan=0 range=[-16.48,16.18]
  [diag] values nan=0 range=[-0.9473,0.8447]
[iter  11/30] steps= 4693 rollout_wr=0.515 (ussr=0.540 us=0.490) pl=-0.0002 vl=0.2815 ent=3.578 clip=0.131 kl=0.0036 t=16.4s (rollout=14.3s update=2.1s)
  [panel eval iter 10] avg=0.939 elapsed=17s: v55=0.933 | v54=0.917 | v44=0.967 | v45=0.933 | v48=0.950
  [panel eval] NEW HIGH-WATER MARK iter=10 avg_wr=0.9389 → ppo_running_best.pt (provenance: ppo_iter0010.pt)
  [league] self: self | ussr_pool: ['v217_sc_scripted', 'iter_0010'] | us_pool: ['v54_scripted', 'v54_scripted']
  [pfsp]
    [ussr] v217_sc_scripted: WR_ussr=0.52(n=295) WR_us=0.62(n=240) pfsp=0.998
    [ussr] iter_0010: WR_ussr=?(n=0) WR_us=0.35(n=40) pfsp=1.000
    [us] v54_scripted: WR_ussr=?(n=0) WR_us=0.95(n=97) pfsp=0.196
  [diag] inf dtype=torch.float32 shape=torch.Size([2048, 172]) nan=0 inf_vals=0 range=[0.00,34.00]
  [diag] scalar dtype=torch.float32 nan=0 range=[-1.200,1.000]
  [diag] card_logits nan=0 range=[-15.60,15.70]
  [diag] values nan=0 range=[-0.9543,0.8693]
[iter  12/30] steps= 3535 rollout_wr=0.764 (ussr=0.680 us=0.848) pl=-0.0123 vl=0.3090 ent=3.597 clip=0.061 kl=0.0018 t=12.3s (rollout=10.8s update=1.5s)
  [league] self: self | ussr_pool: ['v217_sc_scripted', 'v22_scripted'] | us_pool: ['v228_sc_scripted', 'iter_0010']
  [pfsp]
    [ussr] v217_sc_scripted: WR_ussr=0.53(n=335) WR_us=0.62(n=240) pfsp=0.995
    [ussr] v22_scripted: WR_ussr=0.92(n=103) WR_us=?(n=0) pfsp=0.287
    [us] v228_sc_scripted: WR_ussr=0.45(n=345) WR_us=0.50(n=270) pfsp=1.000
    [us] iter_0010: WR_ussr=0.80(n=40) WR_us=0.35(n=40) pfsp=0.910
  [diag] inf dtype=torch.float32 shape=torch.Size([2048, 172]) nan=0 inf_vals=0 range=[0.00,26.00]
  [diag] scalar dtype=torch.float32 nan=0 range=[-1.050,1.000]
  [diag] card_logits nan=0 range=[-15.88,16.38]
  [diag] values nan=0 range=[-0.9498,0.8616]
[iter  13/30] steps= 4316 rollout_wr=0.585 (ussr=0.750 us=0.420) pl=-0.0150 vl=0.2881 ent=3.500 clip=0.113 kl=0.0031 t=14.0s (rollout=12.0s update=1.9s)
  [league] self: self | ussr_pool: ['v57_scripted', 'v228_sc_scripted'] | us_pool: ['iter_0001', 'v232_sc_scripted']
  [pfsp]
    [ussr] v57_scripted: WR_ussr=0.88(n=89) WR_us=0.96(n=81) pfsp=0.433
    [ussr] v228_sc_scripted: WR_ussr=0.45(n=345) WR_us=0.49(n=310) pfsp=0.988
    [us] iter_0001: WR_ussr=0.52(n=200) WR_us=0.53(n=480) pfsp=0.997
    [us] v232_sc_scripted: WR_ussr=0.55(n=370) WR_us=0.56(n=190) pfsp=0.984
  [diag] inf dtype=torch.float32 shape=torch.Size([2048, 172]) nan=0 inf_vals=0 range=[0.00,34.00]
  [diag] scalar dtype=torch.float32 nan=0 range=[-1.150,1.150]
  [diag] card_logits nan=0 range=[-16.69,14.55]
  [diag] values nan=0 range=[-0.9570,0.8672]
[iter  14/30] steps= 4191 rollout_wr=0.645 (ussr=0.700 us=0.590) pl=-0.0177 vl=0.2907 ent=3.614 clip=0.104 kl=0.0029 t=14.7s (rollout=12.8s update=1.9s)
  [league] self: self | ussr_pool: ['v228_sc_scripted', 'v55_scripted'] | us_pool: ['iter_0010', 'iter_0001']
  [pfsp]
    [ussr] v228_sc_scripted: WR_ussr=0.47(n=385) WR_us=0.49(n=310) pfsp=0.996
    [ussr] v55_scripted: WR_ussr=0.87(n=108) WR_us=0.96(n=136) pfsp=0.451
    [us] iter_0010: WR_ussr=0.80(n=40) WR_us=0.42(n=80) pfsp=0.977
    [us] iter_0001: WR_ussr=0.52(n=200) WR_us=0.53(n=520) pfsp=0.997
  [diag] inf dtype=torch.float32 shape=torch.Size([2048, 172]) nan=0 inf_vals=0 range=[0.00,34.00]
  [diag] scalar dtype=torch.float32 nan=0 range=[-0.950,1.050]
  [diag] card_logits nan=0 range=[-16.52,15.27]
  [diag] values nan=0 range=[-0.9562,0.8907]
[iter  15/30] steps= 4316 rollout_wr=0.610 (ussr=0.740 us=0.480) pl=-0.0265 vl=0.2735 ent=3.640 clip=0.101 kl=0.0028 t=14.6s (rollout=12.6s update=1.9s)
  [league] self: self | ussr_pool: ['v48_scripted', 'v228_sc_scripted'] | us_pool: ['iter_0010', 'v54_scripted']
  [pfsp]
    [ussr] v48_scripted: WR_ussr=0.90(n=116) WR_us=0.98(n=43) pfsp=0.371
    [ussr] v228_sc_scripted: WR_ussr=0.48(n=425) WR_us=0.49(n=310) pfsp=0.998
    [us] iter_0010: WR_ussr=0.80(n=40) WR_us=0.44(n=120) pfsp=0.986
    [us] v54_scripted: WR_ussr=?(n=0) WR_us=0.97(n=176) pfsp=0.132
  [diag] inf dtype=torch.float32 shape=torch.Size([2048, 172]) nan=0 inf_vals=0 range=[0.00,28.00]
  [diag] scalar dtype=torch.float32 nan=0 range=[-0.950,1.200]
  [diag] card_logits nan=0 range=[-16.80,15.47]
  [diag] values nan=0 range=[-0.9203,0.8757]
[iter  16/30] steps= 3682 rollout_wr=0.655 (ussr=0.610 us=0.700) pl=-0.0127 vl=0.3282 ent=3.561 clip=0.054 kl=0.0017 t=12.6s (rollout=11.0s update=1.7s)
  [league] self: self | ussr_pool: ['v48_scripted', 'iter_0010'] | us_pool: ['v232_sc_scripted', 'iter_0001']
  [pfsp]
    [ussr] v48_scripted: WR_ussr=0.87(n=156) WR_us=0.98(n=43) pfsp=0.447
    [ussr] iter_0010: WR_ussr=0.80(n=40) WR_us=0.47(n=160) pfsp=0.640
    [us] v232_sc_scripted: WR_ussr=0.55(n=370) WR_us=0.58(n=230) pfsp=0.973
    [us] iter_0001: WR_ussr=0.52(n=200) WR_us=0.53(n=560) pfsp=0.996
  [diag] inf dtype=torch.float32 shape=torch.Size([2048, 172]) nan=0 inf_vals=0 range=[0.00,29.00]
  [diag] scalar dtype=torch.float32 nan=0 range=[-0.950,1.000]
  [diag] card_logits nan=0 range=[-16.96,13.85]
  [diag] values nan=0 range=[-0.9271,0.9042]
[iter  17/30] steps= 3934 rollout_wr=0.660 (ussr=0.710 us=0.610) pl=-0.0108 vl=0.2889 ent=3.577 clip=0.081 kl=0.0027 t=14.0s (rollout=12.3s update=1.7s)
  [league] self: self | ussr_pool: ['v232_sc_scripted', 'v22_scripted'] | us_pool: ['iter_0010', 'iter_0001']
  [pfsp]
    [ussr] v232_sc_scripted: WR_ussr=0.55(n=370) WR_us=0.60(n=270) pfsp=0.991
    [ussr] v22_scripted: WR_ussr=0.92(n=143) WR_us=?(n=0) pfsp=0.307
    [us] iter_0010: WR_ussr=0.64(n=80) WR_us=0.47(n=160) pfsp=0.997
    [us] iter_0001: WR_ussr=0.52(n=200) WR_us=0.54(n=600) pfsp=0.994
  [diag] inf dtype=torch.float32 shape=torch.Size([2048, 172]) nan=0 inf_vals=0 range=[0.00,30.00]
  [diag] scalar dtype=torch.float32 nan=0 range=[-1.100,1.000]
  [diag] card_logits nan=0 range=[-16.68,16.70]
  [diag] values nan=0 range=[-0.9271,0.8970]
[iter  18/30] steps= 4512 rollout_wr=0.590 (ussr=0.740 us=0.440) pl=-0.0193 vl=0.2825 ent=3.572 clip=0.116 kl=0.0033 t=15.1s (rollout=13.1s update=2.0s)
  [league] self: self | ussr_pool: ['v57_scripted', 'v217_sc_scripted'] | us_pool: ['iter_0001', 'iter_0001']
  [pfsp]
    [ussr] v57_scripted: WR_ussr=0.87(n=129) WR_us=0.96(n=81) pfsp=0.458
    [ussr] v217_sc_scripted: WR_ussr=0.55(n=375) WR_us=0.62(n=240) pfsp=0.989
    [us] iter_0001: WR_ussr=0.52(n=200) WR_us=0.54(n=640) pfsp=0.993
  [diag] inf dtype=torch.float32 shape=torch.Size([2048, 172]) nan=0 inf_vals=0 range=[0.00,36.00]
  [diag] scalar dtype=torch.float32 nan=0 range=[-0.950,1.100]
  [diag] card_logits nan=0 range=[-16.95,16.71]
  [diag] values nan=0 range=[-0.9325,0.8586]
[iter  19/30] steps= 4118 rollout_wr=0.620 (ussr=0.680 us=0.560) pl=-0.0757 vl=0.3521 ent=3.524 clip=0.139 kl=0.0038 t=14.1s (rollout=12.2s update=1.9s)
  Saved to league pool: data/checkpoints/ppo_v239_sc_league/iter_0020.pt
  [league] self: self | ussr_pool: ['v55_scripted', 'iter_0001'] | us_pool: ['heuristic', 'iter_0010']
  [pfsp]
    [ussr] v55_scripted: WR_ussr=0.89(n=148) WR_us=0.96(n=136) pfsp=0.386
    [ussr] iter_0001: WR_ussr=0.52(n=200) WR_us=0.54(n=720) pfsp=0.999
    [us] heuristic: WR_ussr=0.61(n=235) WR_us=0.45(n=350) pfsp=0.989
    [us] iter_0010: WR_ussr=0.64(n=80) WR_us=0.45(n=200) pfsp=0.990
  [diag] inf dtype=torch.float32 shape=torch.Size([2048, 172]) nan=0 inf_vals=0 range=[0.00,37.00]
  [diag] scalar dtype=torch.float32 nan=0 range=[-0.950,1.000]
  [diag] card_logits nan=0 range=[-15.99,14.70]
  [diag] values nan=0 range=[-0.9222,0.8274]
[iter  20/30] steps= 4732 rollout_wr=0.595 (ussr=0.670 us=0.520) pl=-0.0091 vl=0.2723 ent=3.542 clip=0.125 kl=0.0036 t=15.9s (rollout=13.9s update=2.1s)
  [jsd] iter=20 prev_iter=10 card_jsd=0.0113 top1=0.893 val_mae=0.0613
  [confirm] launched incremental Elo check for iter 20
  [panel eval] launched pid=1312531 iter=20 panel=['v55', 'v54', 'v44', 'v45', 'v48']
  [league] self: self | ussr_pool: ['iter_0020', 'iter_0001'] | us_pool: ['iter_0010', 'iter_0001']
  [pfsp]
    [ussr] iter_0020: WR_ussr=?(n=0) WR_us=?(n=0) pfsp=1.000
    [ussr] iter_0001: WR_ussr=0.51(n=240) WR_us=0.54(n=720) pfsp=1.000
    [us] iter_0010: WR_ussr=0.64(n=80) WR_us=0.47(n=240) pfsp=0.997
    [us] iter_0001: WR_ussr=0.51(n=240) WR_us=0.54(n=720) pfsp=0.993
  [diag] inf dtype=torch.float32 shape=torch.Size([2048, 172]) nan=0 inf_vals=0 range=[0.00,32.00]
  [diag] scalar dtype=torch.float32 nan=0 range=[-1.050,1.350]
  [diag] card_logits nan=0 range=[-16.59,14.49]
  [diag] values nan=0 range=[-0.9380,0.8178]
[iter  21/30] steps= 4874 rollout_wr=0.435 (ussr=0.440 us=0.430) pl=-0.0179 vl=0.2733 ent=3.563 clip=0.113 kl=0.0033 t=18.9s (rollout=16.8s update=2.1s)
  [panel eval iter 20] avg=0.960 elapsed=20s: v55=0.950 | v54=0.950 | v44=1.000 | v45=0.967 | v48=0.950
  [panel eval] NEW HIGH-WATER MARK iter=20 avg_wr=0.9604 → ppo_running_best.pt (provenance: ppo_iter0020.pt)
  [league] self: self | ussr_pool: ['iter_0001', 'heuristic'] | us_pool: ['v217_sc_scripted', 'v232_sc_scripted']
  [pfsp]
    [ussr] iter_0001: WR_ussr=0.51(n=280) WR_us=0.54(n=760) pfsp=1.000
    [ussr] heuristic: WR_ussr=0.61(n=235) WR_us=0.46(n=390) pfsp=0.953
    [us] v217_sc_scripted: WR_ussr=0.55(n=415) WR_us=0.62(n=240) pfsp=0.946
    [us] v232_sc_scripted: WR_ussr=0.56(n=410) WR_us=0.60(n=270) pfsp=0.963
  [diag] inf dtype=torch.float32 shape=torch.Size([2048, 172]) nan=0 inf_vals=0 range=[0.00,35.00]
  [diag] scalar dtype=torch.float32 nan=0 range=[-1.250,1.150]
  [diag] card_logits nan=0 range=[-16.92,14.78]
  [diag] values nan=0 range=[-0.9522,0.8508]
[iter  22/30] steps= 4663 rollout_wr=0.535 (ussr=0.540 us=0.530) pl=-0.0158 vl=0.2768 ent=3.551 clip=0.122 kl=0.0037 t=17.9s (rollout=15.8s update=2.1s)
  [league] self: self | ussr_pool: ['v45_scripted', 'iter_0010'] | us_pool: ['iter_0001', 'v217_sc_scripted']
  [pfsp]
    [ussr] v45_scripted: WR_ussr=0.89(n=146) WR_us=?(n=0) pfsp=0.390
    [ussr] iter_0010: WR_ussr=0.64(n=80) WR_us=0.45(n=280) pfsp=0.924
    [us] iter_0001: WR_ussr=0.51(n=320) WR_us=0.54(n=760) pfsp=0.992
    [us] v217_sc_scripted: WR_ussr=0.55(n=415) WR_us=0.60(n=280) pfsp=0.957
  [diag] inf dtype=torch.float32 shape=torch.Size([2048, 172]) nan=0 inf_vals=0 range=[0.00,36.00]
  [diag] scalar dtype=torch.float32 nan=0 range=[-0.950,1.000]
  [diag] card_logits nan=0 range=[-16.75,14.52]
  [diag] values nan=0 range=[-0.9520,0.8677]
[iter  23/30] steps= 4062 rollout_wr=0.655 (ussr=0.690 us=0.620) pl=-0.0103 vl=0.3256 ent=3.533 clip=0.048 kl=0.0016 t=15.7s (rollout=13.9s update=1.8s)
  [league] self: self | ussr_pool: ['iter_0020', 'heuristic'] | us_pool: ['iter_0010', 'iter_0001']
  [pfsp]
    [ussr] iter_0020: WR_ussr=0.40(n=40) WR_us=?(n=0) pfsp=0.960
    [ussr] heuristic: WR_ussr=0.62(n=275) WR_us=0.46(n=390) pfsp=0.944
    [us] iter_0010: WR_ussr=0.62(n=120) WR_us=0.45(n=280) pfsp=0.989
    [us] iter_0001: WR_ussr=0.51(n=320) WR_us=0.55(n=800) pfsp=0.991
  [diag] inf dtype=torch.float32 shape=torch.Size([2048, 172]) nan=0 inf_vals=0 range=[0.00,41.00]
  [diag] scalar dtype=torch.float32 nan=0 range=[-0.850,1.000]
  [diag] card_logits nan=0 range=[-16.50,14.07]
  [diag] values nan=0 range=[-0.9692,0.9062]
[iter  24/30] steps= 4829 rollout_wr=0.620 (ussr=0.670 us=0.570) pl=-0.0217 vl=0.2788 ent=3.551 clip=0.106 kl=0.0030 t=18.8s (rollout=16.8s update=2.0s)
  [league] self: self | ussr_pool: ['iter_0001', 'iter_0010'] | us_pool: ['iter_0010', 'iter_0020']
  [pfsp]
    [ussr] iter_0001: WR_ussr=0.51(n=320) WR_us=0.55(n=840) pfsp=0.999
    [ussr] iter_0010: WR_ussr=0.62(n=120) WR_us=0.46(n=320) pfsp=0.946
    [us] iter_0010: WR_ussr=0.62(n=120) WR_us=0.46(n=320) pfsp=0.993
    [us] iter_0020: WR_ussr=0.53(n=80) WR_us=?(n=0) pfsp=1.000
  [diag] inf dtype=torch.float32 shape=torch.Size([2048, 172]) nan=0 inf_vals=0 range=[0.00,30.00]
  [diag] scalar dtype=torch.float32 nan=0 range=[-1.100,1.150]
  [diag] card_logits nan=0 range=[-16.01,14.77]
  [diag] values nan=0 range=[-0.9494,0.9214]
[iter  25/30] steps= 4672 rollout_wr=0.510 (ussr=0.530 us=0.490) pl=-0.0123 vl=0.2931 ent=3.597 clip=0.114 kl=0.0031 t=18.8s (rollout=16.7s update=2.1s)
  [league] self: self | ussr_pool: ['v228_sc_scripted', 'v217_sc_scripted'] | us_pool: ['iter_0020', 'iter_0010']
  [pfsp]
    [ussr] v228_sc_scripted: WR_ussr=0.48(n=465) WR_us=0.49(n=310) pfsp=0.998
    [ussr] v217_sc_scripted: WR_ussr=0.55(n=415) WR_us=0.61(n=320) pfsp=0.990
    [us] iter_0020: WR_ussr=0.53(n=80) WR_us=0.42(n=40) pfsp=0.977
    [us] iter_0010: WR_ussr=0.57(n=160) WR_us=0.46(n=360) pfsp=0.994
  [diag] inf dtype=torch.float32 shape=torch.Size([2048, 172]) nan=0 inf_vals=0 range=[0.00,29.00]
  [diag] scalar dtype=torch.float32 nan=0 range=[-1.050,1.000]
  [diag] card_logits nan=0 range=[-16.79,15.59]
  [diag] values nan=0 range=[-0.9454,0.9147]
[iter  26/30] steps= 5056 rollout_wr=0.535 (ussr=0.570 us=0.500) pl=-0.0133 vl=0.2618 ent=3.501 clip=0.127 kl=0.0035 t=18.5s (rollout=16.2s update=2.2s)
  [league] self: self | ussr_pool: ['iter_0010', 'iter_0020'] | us_pool: ['heuristic', 'heuristic']
  [pfsp]
    [ussr] iter_0010: WR_ussr=0.57(n=160) WR_us=0.47(n=400) pfsp=0.978
    [ussr] iter_0020: WR_ussr=0.53(n=80) WR_us=0.42(n=80) pfsp=0.997
    [us] heuristic: WR_ussr=0.64(n=315) WR_us=0.46(n=390) pfsp=0.993
  [diag] inf dtype=torch.float32 shape=torch.Size([2048, 172]) nan=0 inf_vals=0 range=[0.00,41.00]
  [diag] scalar dtype=torch.float32 nan=0 range=[-1.050,1.250]
  [diag] card_logits nan=0 range=[-16.39,16.73]
  [diag] values nan=0 range=[-0.9597,0.8828]
[iter  27/30] steps= 5083 rollout_wr=0.515 (ussr=0.580 us=0.450) pl=-0.0101 vl=0.2649 ent=3.485 clip=0.095 kl=0.0027 t=18.9s (rollout=16.8s update=2.1s)
  [league] self: self | ussr_pool: ['v55_scripted', 'v217_sc_scripted'] | us_pool: ['iter_0010', 'v55_scripted']
  [pfsp]
    [ussr] v55_scripted: WR_ussr=0.90(n=188) WR_us=0.96(n=136) pfsp=0.363
    [ussr] v217_sc_scripted: WR_ussr=0.55(n=455) WR_us=0.61(n=320) pfsp=0.991
    [us] iter_0010: WR_ussr=0.58(n=200) WR_us=0.47(n=400) pfsp=0.996
    [us] v55_scripted: WR_ussr=0.90(n=188) WR_us=0.96(n=136) pfsp=0.142
  [diag] inf dtype=torch.float32 shape=torch.Size([2048, 172]) nan=0 inf_vals=0 range=[0.00,35.00]
  [diag] scalar dtype=torch.float32 nan=0 range=[-0.950,1.300]
  [diag] card_logits nan=0 range=[-17.14,14.69]
  [diag] values nan=0 range=[-0.9439,0.8938]
[iter  28/30] steps= 3408 rollout_wr=0.690 (ussr=0.720 us=0.660) pl=-0.0119 vl=0.3112 ent=3.528 clip=0.131 kl=0.0042 t=12.2s (rollout=10.7s update=1.5s)
  [league] self: self | ussr_pool: ['v232_sc_scripted', 'v45_scripted'] | us_pool: ['iter_0010', 'v44_scripted']
  [pfsp]
    [ussr] v232_sc_scripted: WR_ussr=0.56(n=410) WR_us=0.58(n=310) pfsp=0.987
    [ussr] v45_scripted: WR_ussr=0.89(n=186) WR_us=?(n=0) pfsp=0.401
    [us] iter_0010: WR_ussr=0.58(n=200) WR_us=0.46(n=440) pfsp=0.993
    [us] v44_scripted: WR_ussr=?(n=0) WR_us=0.96(n=117) pfsp=0.164
  [diag] inf dtype=torch.float32 shape=torch.Size([2048, 172]) nan=0 inf_vals=0 range=[0.00,37.00]
  [diag] scalar dtype=torch.float32 nan=0 range=[-0.950,1.050]
  [diag] card_logits nan=0 range=[-16.91,15.60]
  [diag] values nan=0 range=[-0.9598,0.8946]
[iter  29/30] steps= 3380 rollout_wr=0.705 (ussr=0.740 us=0.670) pl=-0.0114 vl=0.2924 ent=3.496 clip=0.100 kl=0.0028 t=11.7s (rollout=10.0s update=1.6s)
  Saved to league pool: data/checkpoints/ppo_v239_sc_league/iter_0030.pt
  [league] self: self | ussr_pool: ['iter_0030', 'v57_scripted'] | us_pool: ['v217_sc_scripted', 'iter_0030']
  [pfsp]
    [ussr] iter_0030: WR_ussr=?(n=0) WR_us=?(n=0) pfsp=1.000
    [ussr] v57_scripted: WR_ussr=0.88(n=169) WR_us=0.96(n=81) pfsp=0.417
    [us] v217_sc_scripted: WR_ussr=0.55(n=495) WR_us=0.61(n=320) pfsp=0.955
    [us] iter_0030: WR_ussr=?(n=0) WR_us=?(n=0) pfsp=1.000
  [diag] inf dtype=torch.float32 shape=torch.Size([2048, 172]) nan=0 inf_vals=0 range=[0.00,30.00]
  [diag] scalar dtype=torch.float32 nan=0 range=[-1.100,1.000]
  [diag] card_logits nan=0 range=[-16.56,15.82]
  [diag] values nan=0 range=[-0.9677,0.9188]
[iter  30/30] steps= 4127 rollout_wr=0.605 (ussr=0.720 us=0.490) pl=-0.0359 vl=0.2872 ent=3.570 clip=0.134 kl=0.0039 t=14.8s (rollout=13.0s update=1.7s)
  [jsd] iter=30 prev_iter=20 card_jsd=0.0057 top1=0.924 val_mae=0.1054
  [confirm] launched incremental Elo check for iter 30
  [panel eval] launched pid=1312903 iter=30 panel=['v55', 'v54', 'v44', 'v45', 'v48']
wandb: updating run metadata; uploading artifact run-d77f9927-chartsrollout_wr_table-pp4ydg
wandb: uploading artifact run-d77f9927-chartsrollout_wr_table-pp4ydg
wandb: uploading artifact run-d77f9927-chartsrollout_wr_table-pp4ydg; uploading history steps 28-29, summary, console lines 331-346
wandb: uploading wandb-summary.json
wandb: uploading data
wandb: 
wandb: Run history:
wandb:               approx_kl █▄▃▆▃▃▅▄▃▄▄▁▃▃▃▁▂▃▄▃▃▄▁▃▃▃▂▄▂▄
wandb:           clip_fraction █▃▄▆▃▄▄▄▃▄▄▁▃▃▃▁▂▃▄▄▃▄▁▃▃▄▃▄▃▄
wandb: core_scalar_weight_norm ▂▁▁▁▁▂▃▄▄▄▄▅▅▆▇▇▇▇▇▇▇█████▇▇▇▇
wandb:                ent_coef ▁▁▁▁▁▁▁▁▁▁▁▁▁▁▁▁▁▁▁▁▁▁▁▁▁▁▁▁▁▁
wandb:                 entropy ▆▇█▅▅▄▄▄▄▅▃▄▁▄▅▃▃▃▂▂▃▂▂▂▄▁▁▂▁▃
wandb:             iter_time_s ▅▃▆▃▆▃▄▄▄▅▆▂▃▄▄▂▃▄▃▅█▇▅████▂▁▄
wandb:  jsd/card_early_vs_prev █▁
wandb:   jsd/card_late_vs_prev █▁
wandb:    jsd/card_mid_vs_prev █▁
wandb:        jsd/card_vs_prev █▁
wandb:                    +208 ...
wandb: 
wandb: Run summary:
wandb:               approx_kl 0.00394
wandb:           clip_fraction 0.13396
wandb: core_scalar_weight_norm 4.05984
wandb:                ent_coef 0.003
wandb:                 entropy 3.57038
wandb:             iter_time_s 14.78456
wandb:  jsd/card_early_vs_prev 0.00512
wandb:   jsd/card_late_vs_prev 0.00563
wandb:    jsd/card_mid_vs_prev 0.00643
wandb:        jsd/card_vs_prev 0.00572
wandb:                    +208 ...
wandb: 
wandb: 🚀 View run ppo_v239_sc at: https://wandb.ai/korduban-ai/twilight-struggle-ai/runs/d77f9927
wandb: ⭐️ View project at: https://wandb.ai/korduban-ai/twilight-struggle-ai
wandb: Synced 5 W&B file(s), 30 media file(s), 60 artifact file(s) and 0 other file(s)
wandb: Find logs at: ./wandb/run-20260414_070442-d77f9927/logs

Training complete in 8.0 minutes
Checkpoints in: data/checkpoints/ppo_v239_sc_league
[ppo_train_dynamic] finished at 2026-04-14T14:12:47Z
