wandb: [wandb.login()] Loaded credentials for https://api.wandb.ai from WANDB_API_KEY.
wandb: Currently logged in as: dkorduban (korduban-ai) to https://api.wandb.ai. Use `wandb login --relogin` to force relogin
wandb: setting up run bmurhi6v
wandb: Tracking run with wandb version 0.25.1
wandb: Run data is saved locally in /home/dkord/code/twilight-struggle-ai/wandb/run-20260408_131711-bmurhi6v
wandb: Run `wandb offline` to turn off syncing.
wandb: Syncing run ppo_v9_scoring_tiers
wandb: ⭐️ View project at https://wandb.ai/korduban-ai/twilight-struggle-ai
wandb: 🚀 View run at https://wandb.ai/korduban-ai/twilight-struggle-ai/runs/bmurhi6v
Loading checkpoint: data/checkpoints/ppo_v8_league/ppo_best.pt

Starting PPO training: 200 iterations × 200 games/iter, side=both
Device: cuda, lr=3e-05, clip=0.15, ent=0.05, vf=0.5
League training enabled (pool: data/checkpoints/ppo_v9_league, save-every=20)
  Saved to league pool: data/checkpoints/ppo_v9_league/iter_0001.pt
  [diag] inf dtype=torch.float32 shape=torch.Size([2048, 172]) nan=0 inf_vals=0 range=[0.00,54.00]
  [diag] scalar dtype=torch.float32 nan=0 range=[-0.950,1.125]
  [diag] card_logits nan=0 range=[-16.44,12.03]
  [diag] values nan=0 range=[-0.9141,0.9859]
[iter   1/200] steps=13085 rollout_wr=0.450 (ussr=0.710 us=0.190) pl=-0.0245 vl=0.0747 ent=4.307 clip=0.126 kl=0.0055 t=22.2s (rollout=13.7s update=8.5s)
  [diag] inf dtype=torch.float32 shape=torch.Size([2048, 172]) nan=0 inf_vals=0 range=[0.00,50.00]
  [diag] scalar dtype=torch.float32 nan=0 range=[-0.950,1.125]
  [diag] card_logits nan=0 range=[-14.36,11.57]
  [diag] values nan=0 range=[-0.9230,0.9811]
[iter   2/200] steps=12887 rollout_wr=0.395 (ussr=0.630 us=0.160) pl=-0.0198 vl=0.0943 ent=4.332 clip=0.120 kl=0.0050 t=21.9s (rollout=14.4s update=7.5s)
  [diag] inf dtype=torch.float32 shape=torch.Size([2048, 172]) nan=0 inf_vals=0 range=[0.00,57.00]
  [diag] scalar dtype=torch.float32 nan=0 range=[-0.950,1.125]
  [diag] card_logits nan=0 range=[-15.38,12.19]
  [diag] values nan=0 range=[-0.9324,0.9816]
[iter   3/200] steps=13239 rollout_wr=0.400 (ussr=0.660 us=0.140) pl=-0.0161 vl=0.0734 ent=4.374 clip=0.083 kl=0.0039 t=22.3s (rollout=14.5s update=7.7s)
  [diag] inf dtype=torch.float32 shape=torch.Size([2048, 172]) nan=0 inf_vals=0 range=[0.00,55.00]
  [diag] scalar dtype=torch.float32 nan=0 range=[-0.950,1.125]
  [diag] card_logits nan=0 range=[-17.73,10.96]
  [diag] values nan=0 range=[-0.9346,0.9726]
[iter   4/200] steps=13243 rollout_wr=0.390 (ussr=0.590 us=0.190) pl=-0.0166 vl=0.0802 ent=4.434 clip=0.088 kl=0.0038 t=22.7s (rollout=14.6s update=8.0s)
  [diag] inf dtype=torch.float32 shape=torch.Size([2048, 172]) nan=0 inf_vals=0 range=[0.00,56.00]
  [diag] scalar dtype=torch.float32 nan=0 range=[-0.850,1.125]
  [diag] card_logits nan=0 range=[-16.58,10.75]
  [diag] values nan=0 range=[-0.9533,0.9586]
[iter   5/200] steps=13204 rollout_wr=0.440 (ussr=0.660 us=0.220) pl=-0.0172 vl=0.0871 ent=4.418 clip=0.107 kl=0.0048 t=20.7s (rollout=13.4s update=7.4s)
  [diag] inf dtype=torch.float32 shape=torch.Size([2048, 172]) nan=0 inf_vals=0 range=[0.00,57.00]
  [diag] scalar dtype=torch.float32 nan=0 range=[-0.900,1.125]
  [diag] card_logits nan=0 range=[-14.85,11.90]
  [diag] values nan=0 range=[-0.9540,0.9816]
[iter   6/200] steps=13428 rollout_wr=0.410 (ussr=0.650 us=0.170) pl=-0.0152 vl=0.0701 ent=4.384 clip=0.080 kl=0.0038 t=21.4s (rollout=13.1s update=8.3s)
  [diag] inf dtype=torch.float32 shape=torch.Size([2048, 172]) nan=0 inf_vals=0 range=[0.00,52.00]
  [diag] scalar dtype=torch.float32 nan=0 range=[-0.950,1.125]
  [diag] card_logits nan=0 range=[-16.12,12.22]
  [diag] values nan=0 range=[-0.9530,0.9792]
[iter   7/200] steps=13292 rollout_wr=0.380 (ussr=0.600 us=0.160) pl=-0.0194 vl=0.0757 ent=4.427 clip=0.097 kl=0.0041 t=20.5s (rollout=12.8s update=7.7s)
  [diag] inf dtype=torch.float32 shape=torch.Size([2048, 172]) nan=0 inf_vals=0 range=[0.00,56.00]
  [diag] scalar dtype=torch.float32 nan=0 range=[-0.950,1.000]
  [diag] card_logits nan=0 range=[-17.20,11.46]
  [diag] values nan=0 range=[-0.9503,0.9757]
[iter   8/200] steps=13033 rollout_wr=0.355 (ussr=0.540 us=0.170) pl=-0.0178 vl=0.0840 ent=4.460 clip=0.079 kl=0.0042 t=19.9s (rollout=12.8s update=7.1s)
  [diag] inf dtype=torch.float32 shape=torch.Size([2048, 172]) nan=0 inf_vals=0 range=[0.00,44.00]
  [diag] scalar dtype=torch.float32 nan=0 range=[-0.950,1.000]
  [diag] card_logits nan=0 range=[-19.19,10.92]
  [diag] values nan=0 range=[-0.9381,0.9461]
[iter   9/200] steps=12137 rollout_wr=0.715 (ussr=0.880 us=0.550) pl=-0.0178 vl=0.0935 ent=4.468 clip=0.096 kl=0.0042 t=26.4s (rollout=19.3s update=7.1s)
  [diag] inf dtype=torch.float32 shape=torch.Size([2048, 172]) nan=0 inf_vals=0 range=[0.00,65.00]
  [diag] scalar dtype=torch.float32 nan=0 range=[-0.900,1.000]
  [diag] card_logits nan=0 range=[-16.50,10.85]
  [diag] values nan=0 range=[-0.9473,0.9828]
[iter  10/200] steps=13034 rollout_wr=0.410 (ussr=0.640 us=0.180) pl=-0.0169 vl=0.0764 ent=4.460 clip=0.085 kl=0.0040 t=19.6s (rollout=12.4s update=7.2s)
  [diag] inf dtype=torch.float32 shape=torch.Size([2048, 172]) nan=0 inf_vals=0 range=[0.00,61.00]
  [diag] scalar dtype=torch.float32 nan=0 range=[-0.850,1.250]
  [diag] card_logits nan=0 range=[-17.48,11.51]
  [diag] values nan=0 range=[-0.9476,0.9742]
[iter  11/200] steps=12745 rollout_wr=0.355 (ussr=0.580 us=0.130) pl=-0.0120 vl=0.0863 ent=4.400 clip=0.072 kl=0.0035 t=19.2s (rollout=12.2s update=7.0s)
  [diag] inf dtype=torch.float32 shape=torch.Size([2048, 172]) nan=0 inf_vals=0 range=[0.00,40.00]
  [diag] scalar dtype=torch.float32 nan=0 range=[-0.950,1.000]
  [diag] card_logits nan=0 range=[-18.92,10.75]
  [diag] values nan=0 range=[-0.9354,0.9440]
[iter  12/200] steps=11796 rollout_wr=0.755 (ussr=0.830 us=0.680) pl=-0.0164 vl=0.0916 ent=4.459 clip=0.103 kl=0.0044 t=25.6s (rollout=18.6s update=6.9s)
  [diag] inf dtype=torch.float32 shape=torch.Size([2048, 172]) nan=0 inf_vals=0 range=[0.00,49.00]
  [diag] scalar dtype=torch.float32 nan=0 range=[-0.850,1.125]
  [diag] card_logits nan=0 range=[-16.75,10.90]
  [diag] values nan=0 range=[-0.9420,0.9761]
[iter  13/200] steps=12792 rollout_wr=0.390 (ussr=0.640 us=0.140) pl=-0.0170 vl=0.0883 ent=4.549 clip=0.105 kl=0.0048 t=19.5s (rollout=12.3s update=7.3s)
  [diag] inf dtype=torch.float32 shape=torch.Size([2048, 172]) nan=0 inf_vals=0 range=[0.00,54.00]
  [diag] scalar dtype=torch.float32 nan=0 range=[-0.950,1.000]
  [diag] card_logits nan=0 range=[-21.17,10.13]
  [diag] values nan=0 range=[-0.9221,0.9587]
[iter  14/200] steps=12073 rollout_wr=0.755 (ussr=0.830 us=0.680) pl=-0.0155 vl=0.1046 ent=4.483 clip=0.125 kl=0.0053 t=25.7s (rollout=18.9s update=6.8s)
  [diag] inf dtype=torch.float32 shape=torch.Size([2048, 172]) nan=0 inf_vals=0 range=[0.00,55.00]
  [diag] scalar dtype=torch.float32 nan=0 range=[-0.850,1.125]
  [diag] card_logits nan=0 range=[-13.86,10.94]
  [diag] values nan=0 range=[-0.9477,0.9714]
[iter  15/200] steps=12569 rollout_wr=0.380 (ussr=0.660 us=0.100) pl=-0.0205 vl=0.0699 ent=4.487 clip=0.094 kl=0.0042 t=19.1s (rollout=12.1s update=7.0s)
  [diag] inf dtype=torch.float32 shape=torch.Size([2048, 172]) nan=0 inf_vals=0 range=[0.00,70.00]
  [diag] scalar dtype=torch.float32 nan=0 range=[-0.900,1.250]
  [diag] card_logits nan=0 range=[-12.60,10.28]
  [diag] values nan=0 range=[-0.9654,0.9708]
[iter  16/200] steps=13422 rollout_wr=0.340 (ussr=0.540 us=0.140) pl=-0.0175 vl=0.0738 ent=4.482 clip=0.109 kl=0.0051 t=20.2s (rollout=12.9s update=7.2s)
  [diag] inf dtype=torch.float32 shape=torch.Size([2048, 172]) nan=0 inf_vals=0 range=[0.00,48.00]
  [diag] scalar dtype=torch.float32 nan=0 range=[-0.950,1.000]
  [diag] card_logits nan=0 range=[-18.78,11.72]
  [diag] values nan=0 range=[-0.9304,0.9328]
[iter  17/200] steps=11969 rollout_wr=0.690 (ussr=0.880 us=0.500) pl=-0.0156 vl=0.0921 ent=4.506 clip=0.075 kl=0.0036 t=25.7s (rollout=18.4s update=7.3s)
  [diag] inf dtype=torch.float32 shape=torch.Size([2048, 172]) nan=0 inf_vals=0 range=[0.00,62.00]
  [diag] scalar dtype=torch.float32 nan=0 range=[-0.950,1.000]
  [diag] card_logits nan=0 range=[-13.73,10.38]
  [diag] values nan=0 range=[-0.9517,0.9752]
[iter  18/200] steps=13232 rollout_wr=0.335 (ussr=0.540 us=0.130) pl=-0.0185 vl=0.0718 ent=4.409 clip=0.078 kl=0.0035 t=20.2s (rollout=12.7s update=7.5s)
  [diag] inf dtype=torch.float32 shape=torch.Size([2048, 172]) nan=0 inf_vals=0 range=[0.00,48.00]
  [diag] scalar dtype=torch.float32 nan=0 range=[-0.850,1.000]
  [diag] card_logits nan=0 range=[-16.15,10.50]
  [diag] values nan=0 range=[-0.9664,0.9637]
[iter  19/200] steps=12649 rollout_wr=0.425 (ussr=0.720 us=0.130) pl=-0.0176 vl=0.0831 ent=4.425 clip=0.132 kl=0.0059 t=18.9s (rollout=12.0s update=6.9s)
  Saved to league pool: data/checkpoints/ppo_v9_league/iter_0020.pt
  [diag] inf dtype=torch.float32 shape=torch.Size([2048, 172]) nan=0 inf_vals=0 range=[0.00,60.00]
  [diag] scalar dtype=torch.float32 nan=0 range=[-0.950,1.000]
  [diag] card_logits nan=0 range=[-17.78,10.39]
  [diag] values nan=0 range=[-0.9278,0.9580]
[iter  20/200] steps=12085 rollout_wr=0.725 (ussr=0.860 us=0.590) pl=-0.0166 vl=0.0991 ent=4.519 clip=0.092 kl=0.0043 t=25.9s (rollout=18.7s update=7.2s)
  Running benchmark (500 games each side)...
  Benchmark: USSR=0.944 US=0.656 combined=0.800 (91s)
  New best: combined=0.800
  [diag] inf dtype=torch.float32 shape=torch.Size([2048, 172]) nan=0 inf_vals=0 range=[0.00,44.00]
  [diag] scalar dtype=torch.float32 nan=0 range=[-0.950,1.000]
  [diag] card_logits nan=0 range=[-19.81,10.49]
  [diag] values nan=0 range=[-0.9351,0.9599]
[iter  21/200] steps=12406 rollout_wr=0.705 (ussr=0.800 us=0.610) pl=-0.0132 vl=0.0968 ent=4.519 clip=0.138 kl=0.0056 t=25.6s (rollout=18.6s update=7.0s)
  [diag] inf dtype=torch.float32 shape=torch.Size([2048, 172]) nan=0 inf_vals=0 range=[0.00,70.00]
  [diag] scalar dtype=torch.float32 nan=0 range=[-0.800,1.125]
  [diag] card_logits nan=0 range=[-14.61,10.92]
  [diag] values nan=0 range=[-0.9484,0.9714]
[iter  22/200] steps=12737 rollout_wr=0.345 (ussr=0.540 us=0.150) pl=-0.0123 vl=0.0898 ent=4.383 clip=0.080 kl=0.0036 t=18.7s (rollout=11.8s update=6.9s)
  [diag] inf dtype=torch.float32 shape=torch.Size([2048, 172]) nan=0 inf_vals=0 range=[0.00,46.00]
  [diag] scalar dtype=torch.float32 nan=0 range=[-0.900,1.125]
  [diag] card_logits nan=0 range=[-13.50,10.97]
  [diag] values nan=0 range=[-0.9684,0.9461]
[iter  23/200] steps=13196 rollout_wr=0.410 (ussr=0.680 us=0.140) pl=-0.0176 vl=0.0726 ent=4.488 clip=0.070 kl=0.0032 t=19.7s (rollout=12.6s update=7.1s)
  [diag] inf dtype=torch.float32 shape=torch.Size([2048, 172]) nan=0 inf_vals=0 range=[0.00,46.00]
  [diag] scalar dtype=torch.float32 nan=0 range=[-0.900,1.125]
  [diag] card_logits nan=0 range=[-17.33,10.76]
  [diag] values nan=0 range=[-0.9677,0.9573]
[iter  24/200] steps=12903 rollout_wr=0.460 (ussr=0.720 us=0.200) pl=-0.0190 vl=0.0750 ent=4.516 clip=0.098 kl=0.0042 t=19.9s (rollout=12.5s update=7.4s)
  [diag] inf dtype=torch.float32 shape=torch.Size([2048, 172]) nan=0 inf_vals=0 range=[0.00,55.00]
  [diag] scalar dtype=torch.float32 nan=0 range=[-0.900,1.125]
  [diag] card_logits nan=0 range=[-15.01,10.83]
  [diag] values nan=0 range=[-0.9662,0.9695]
[iter  25/200] steps=13352 rollout_wr=0.400 (ussr=0.650 us=0.150) pl=-0.0179 vl=0.0804 ent=4.520 clip=0.079 kl=0.0035 t=20.0s (rollout=12.8s update=7.2s)
  [diag] inf dtype=torch.float32 shape=torch.Size([2048, 172]) nan=0 inf_vals=0 range=[0.00,49.00]
  [diag] scalar dtype=torch.float32 nan=0 range=[-0.850,1.125]
  [diag] card_logits nan=0 range=[-12.42,10.28]
  [diag] values nan=0 range=[-0.9685,0.9551]
[iter  26/200] steps=13173 rollout_wr=0.380 (ussr=0.590 us=0.170) pl=-0.0162 vl=0.0776 ent=4.563 clip=0.075 kl=0.0034 t=19.5s (rollout=12.5s update=7.1s)
  [diag] inf dtype=torch.float32 shape=torch.Size([2048, 172]) nan=0 inf_vals=0 range=[0.00,45.00]
  [diag] scalar dtype=torch.float32 nan=0 range=[-0.900,1.000]
  [diag] card_logits nan=0 range=[-14.34,10.48]
  [diag] values nan=0 range=[-0.9625,0.9558]
[iter  27/200] steps=13396 rollout_wr=0.400 (ussr=0.640 us=0.160) pl=-0.0148 vl=0.0740 ent=4.567 clip=0.073 kl=0.0034 t=20.0s (rollout=12.3s update=7.8s)
  [diag] inf dtype=torch.float32 shape=torch.Size([2048, 172]) nan=0 inf_vals=0 range=[0.00,50.00]
  [diag] scalar dtype=torch.float32 nan=0 range=[-0.950,1.000]
  [diag] card_logits nan=0 range=[-12.87,10.96]
  [diag] values nan=0 range=[-0.9557,0.9571]
[iter  28/200] steps=13152 rollout_wr=0.395 (ussr=0.630 us=0.160) pl=-0.0172 vl=0.0720 ent=4.549 clip=0.074 kl=0.0033 t=19.3s (rollout=12.1s update=7.2s)
  [diag] inf dtype=torch.float32 shape=torch.Size([2048, 172]) nan=0 inf_vals=0 range=[0.00,46.00]
  [diag] scalar dtype=torch.float32 nan=0 range=[-0.950,1.125]
  [diag] card_logits nan=0 range=[-13.18,10.12]
  [diag] values nan=0 range=[-0.9539,0.9658]
[iter  29/200] steps=13198 rollout_wr=0.410 (ussr=0.690 us=0.130) pl=-0.0170 vl=0.0688 ent=4.580 clip=0.083 kl=0.0037 t=19.9s (rollout=12.4s update=7.4s)
  [diag] inf dtype=torch.float32 shape=torch.Size([2048, 172]) nan=0 inf_vals=0 range=[0.00,54.00]
  [diag] scalar dtype=torch.float32 nan=0 range=[-0.950,1.000]
  [diag] card_logits nan=0 range=[-14.26,10.65]
  [diag] values nan=0 range=[-0.9595,0.9795]
[iter  30/200] steps=13066 rollout_wr=0.375 (ussr=0.590 us=0.160) pl=-0.0143 vl=0.0699 ent=4.573 clip=0.070 kl=0.0034 t=19.6s (rollout=12.2s update=7.4s)
  [diag] inf dtype=torch.float32 shape=torch.Size([2048, 172]) nan=0 inf_vals=0 range=[0.00,46.00]
  [diag] scalar dtype=torch.float32 nan=0 range=[-0.900,1.125]
  [diag] card_logits nan=0 range=[-12.15,10.04]
  [diag] values nan=0 range=[-0.9484,0.9665]
[iter  31/200] steps=13481 rollout_wr=0.390 (ussr=0.580 us=0.200) pl=-0.0151 vl=0.0857 ent=4.594 clip=0.074 kl=0.0033 t=20.1s (rollout=12.4s update=7.7s)
  [diag] inf dtype=torch.float32 shape=torch.Size([2048, 172]) nan=0 inf_vals=0 range=[0.00,48.00]
  [diag] scalar dtype=torch.float32 nan=0 range=[-0.900,1.125]
  [diag] card_logits nan=0 range=[-15.78,11.76]
  [diag] values nan=0 range=[-0.9504,0.9599]
[iter  32/200] steps=13131 rollout_wr=0.435 (ussr=0.690 us=0.180) pl=-0.0154 vl=0.0842 ent=4.606 clip=0.082 kl=0.0038 t=19.8s (rollout=12.6s update=7.3s)
  [diag] inf dtype=torch.float32 shape=torch.Size([2048, 172]) nan=0 inf_vals=0 range=[0.00,48.00]
  [diag] scalar dtype=torch.float32 nan=0 range=[-0.950,1.125]
  [diag] card_logits nan=0 range=[-14.69,11.31]
  [diag] values nan=0 range=[-0.9549,0.9637]
[iter  33/200] steps=13507 rollout_wr=0.450 (ussr=0.730 us=0.170) pl=-0.0157 vl=0.0698 ent=4.592 clip=0.076 kl=0.0034 t=20.2s (rollout=12.8s update=7.4s)
  [diag] inf dtype=torch.float32 shape=torch.Size([2048, 172]) nan=0 inf_vals=0 range=[0.00,45.00]
  [diag] scalar dtype=torch.float32 nan=0 range=[-0.950,1.125]
  [diag] card_logits nan=0 range=[-13.14,11.07]
  [diag] values nan=0 range=[-0.9693,0.9772]
[iter  34/200] steps=13146 rollout_wr=0.455 (ussr=0.720 us=0.190) pl=-0.0168 vl=0.0763 ent=4.619 clip=0.064 kl=0.0031 t=19.8s (rollout=12.6s update=7.2s)
  [diag] inf dtype=torch.float32 shape=torch.Size([2048, 172]) nan=0 inf_vals=0 range=[0.00,49.00]
  [diag] scalar dtype=torch.float32 nan=0 range=[-0.900,1.125]
  [diag] card_logits nan=0 range=[-15.18,10.43]
  [diag] values nan=0 range=[-0.9602,0.9353]
[iter  35/200] steps=12889 rollout_wr=0.360 (ussr=0.560 us=0.160) pl=-0.0164 vl=0.0807 ent=4.560 clip=0.078 kl=0.0036 t=19.4s (rollout=12.3s update=7.1s)
  [diag] inf dtype=torch.float32 shape=torch.Size([2048, 172]) nan=0 inf_vals=0 range=[0.00,72.00]
  [diag] scalar dtype=torch.float32 nan=0 range=[-0.850,1.000]
  [diag] card_logits nan=0 range=[-12.18,10.91]
  [diag] values nan=0 range=[-0.9646,0.9573]
[iter  36/200] steps=13240 rollout_wr=0.400 (ussr=0.650 us=0.150) pl=-0.0159 vl=0.0650 ent=4.612 clip=0.074 kl=0.0034 t=20.6s (rollout=12.8s update=7.8s)
  [diag] inf dtype=torch.float32 shape=torch.Size([2048, 172]) nan=0 inf_vals=0 range=[0.00,51.00]
  [diag] scalar dtype=torch.float32 nan=0 range=[-0.850,1.000]
  [diag] card_logits nan=0 range=[-14.38,10.73]
  [diag] values nan=0 range=[-0.9565,0.9651]
[iter  37/200] steps=12929 rollout_wr=0.355 (ussr=0.560 us=0.150) pl=-0.0153 vl=0.0814 ent=4.564 clip=0.085 kl=0.0038 t=19.1s (rollout=12.1s update=6.9s)
  [diag] inf dtype=torch.float32 shape=torch.Size([2048, 172]) nan=0 inf_vals=0 range=[0.00,54.00]
  [diag] scalar dtype=torch.float32 nan=0 range=[-0.950,1.125]
  [diag] card_logits nan=0 range=[-13.40,10.33]
  [diag] values nan=0 range=[-0.9531,0.9583]
[iter  38/200] steps=13529 rollout_wr=0.385 (ussr=0.620 us=0.150) pl=-0.0144 vl=0.0748 ent=4.571 clip=0.065 kl=0.0030 t=19.9s (rollout=12.7s update=7.2s)
  [diag] inf dtype=torch.float32 shape=torch.Size([2048, 172]) nan=0 inf_vals=0 range=[0.00,44.00]
  [diag] scalar dtype=torch.float32 nan=0 range=[-0.950,1.000]
  [diag] card_logits nan=0 range=[-14.72,10.77]
  [diag] values nan=0 range=[-0.9603,0.9662]
[iter  39/200] steps=13260 rollout_wr=0.400 (ussr=0.620 us=0.180) pl=-0.0179 vl=0.0842 ent=4.617 clip=0.088 kl=0.0038 t=20.2s (rollout=12.6s update=7.6s)
  Saved to league pool: data/checkpoints/ppo_v9_league/iter_0040.pt
  [diag] inf dtype=torch.float32 shape=torch.Size([2048, 172]) nan=0 inf_vals=0 range=[0.00,36.00]
  [diag] scalar dtype=torch.float32 nan=0 range=[-0.950,1.125]
  [diag] card_logits nan=0 range=[-15.95,10.53]
  [diag] values nan=0 range=[-0.9216,0.9457]
[iter  40/200] steps=12872 rollout_wr=0.620 (ussr=0.780 us=0.460) pl=-0.0220 vl=0.1021 ent=4.679 clip=0.113 kl=0.0047 t=26.7s (rollout=19.4s update=7.3s)
  Running benchmark (500 games each side)...
  Benchmark: USSR=0.928 US=0.580 combined=0.754 (88s)
  [diag] inf dtype=torch.float32 shape=torch.Size([2048, 172]) nan=0 inf_vals=0 range=[0.00,42.00]
  [diag] scalar dtype=torch.float32 nan=0 range=[-0.800,1.000]
  [diag] card_logits nan=0 range=[-12.62,10.89]
  [diag] values nan=0 range=[-0.9562,0.9752]
[iter  41/200] steps=13103 rollout_wr=0.360 (ussr=0.580 us=0.140) pl=-0.0152 vl=0.0859 ent=4.604 clip=0.079 kl=0.0036 t=19.3s (rollout=12.1s update=7.1s)
  [diag] inf dtype=torch.float32 shape=torch.Size([2048, 172]) nan=0 inf_vals=0 range=[0.00,31.00]
  [diag] scalar dtype=torch.float32 nan=0 range=[-0.950,1.000]
  [diag] card_logits nan=0 range=[-16.73,9.45]
  [diag] values nan=0 range=[-0.9143,0.9391]
[iter  42/200] steps=12477 rollout_wr=0.635 (ussr=0.810 us=0.460) pl=-0.0172 vl=0.0918 ent=4.655 clip=0.104 kl=0.0045 t=26.0s (rollout=19.2s update=6.9s)
  [diag] inf dtype=torch.float32 shape=torch.Size([2048, 172]) nan=0 inf_vals=0 range=[0.00,51.00]
  [diag] scalar dtype=torch.float32 nan=0 range=[-0.850,1.000]
  [diag] card_logits nan=0 range=[-13.63,10.54]
  [diag] values nan=0 range=[-0.9559,0.9700]
[iter  43/200] steps=13090 rollout_wr=0.390 (ussr=0.620 us=0.160) pl=-0.0182 vl=0.0791 ent=4.570 clip=0.087 kl=0.0039 t=19.9s (rollout=12.4s update=7.5s)
  [diag] inf dtype=torch.float32 shape=torch.Size([2048, 172]) nan=0 inf_vals=0 range=[0.00,51.00]
  [diag] scalar dtype=torch.float32 nan=0 range=[-0.950,1.000]
  [diag] card_logits nan=0 range=[-14.73,9.96]
  [diag] values nan=0 range=[-0.9405,0.9013]
[iter  44/200] steps=12103 rollout_wr=0.660 (ussr=0.830 us=0.490) pl=-0.0173 vl=0.0892 ent=4.632 clip=0.099 kl=0.0043 t=24.9s (rollout=18.4s update=6.5s)
  [diag] inf dtype=torch.float32 shape=torch.Size([2048, 172]) nan=0 inf_vals=0 range=[0.00,45.00]
  [diag] scalar dtype=torch.float32 nan=0 range=[-0.850,1.000]
  [diag] card_logits nan=0 range=[-13.74,11.53]
  [diag] values nan=0 range=[-0.9661,0.9586]
[iter  45/200] steps=13083 rollout_wr=0.400 (ussr=0.620 us=0.180) pl=-0.0157 vl=0.0903 ent=4.590 clip=0.083 kl=0.0038 t=19.3s (rollout=12.1s update=7.2s)
  [diag] inf dtype=torch.float32 shape=torch.Size([2048, 172]) nan=0 inf_vals=0 range=[0.00,58.00]
  [diag] scalar dtype=torch.float32 nan=0 range=[-0.850,1.125]
  [diag] card_logits nan=0 range=[-12.26,11.45]
  [diag] values nan=0 range=[-0.9608,0.9601]
[iter  46/200] steps=12698 rollout_wr=0.420 (ussr=0.660 us=0.180) pl=-0.0165 vl=0.0853 ent=4.576 clip=0.070 kl=0.0034 t=19.8s (rollout=12.3s update=7.6s)
  [diag] inf dtype=torch.float32 shape=torch.Size([2048, 172]) nan=0 inf_vals=0 range=[0.00,48.00]
  [diag] scalar dtype=torch.float32 nan=0 range=[-0.800,1.125]
  [diag] card_logits nan=0 range=[-13.25,10.81]
  [diag] values nan=0 range=[-0.9638,0.9589]
[iter  47/200] steps=13515 rollout_wr=0.345 (ussr=0.590 us=0.100) pl=-0.0153 vl=0.0740 ent=4.636 clip=0.073 kl=0.0033 t=20.0s (rollout=12.6s update=7.4s)
  [diag] inf dtype=torch.float32 shape=torch.Size([2048, 172]) nan=0 inf_vals=0 range=[0.00,50.00]
  [diag] scalar dtype=torch.float32 nan=0 range=[-0.950,1.125]
  [diag] card_logits nan=0 range=[-13.95,10.91]
  [diag] values nan=0 range=[-0.9687,0.9613]
[iter  48/200] steps=12993 rollout_wr=0.400 (ussr=0.690 us=0.110) pl=-0.0154 vl=0.0758 ent=4.618 clip=0.096 kl=0.0046 t=19.4s (rollout=12.1s update=7.3s)
  [diag] inf dtype=torch.float32 shape=torch.Size([2048, 172]) nan=0 inf_vals=0 range=[0.00,62.00]
  [diag] scalar dtype=torch.float32 nan=0 range=[-0.750,1.000]
  [diag] card_logits nan=0 range=[-12.46,10.75]
  [diag] values nan=0 range=[-0.9701,0.9682]
[iter  49/200] steps=13328 rollout_wr=0.440 (ussr=0.670 us=0.210) pl=-0.0167 vl=0.0829 ent=4.724 clip=0.090 kl=0.0039 t=20.5s (rollout=12.9s update=7.6s)
  [diag] inf dtype=torch.float32 shape=torch.Size([2048, 172]) nan=0 inf_vals=0 range=[0.00,67.00]
  [diag] scalar dtype=torch.float32 nan=0 range=[-0.950,1.125]
  [diag] card_logits nan=0 range=[-13.40,10.54]
  [diag] values nan=0 range=[-0.9577,0.9773]
[iter  50/200] steps=13251 rollout_wr=0.380 (ussr=0.560 us=0.200) pl=-0.0193 vl=0.0912 ent=4.648 clip=0.101 kl=0.0044 t=20.3s (rollout=12.8s update=7.5s)
  [diag] inf dtype=torch.float32 shape=torch.Size([2048, 172]) nan=0 inf_vals=0 range=[0.00,54.00]
  [diag] scalar dtype=torch.float32 nan=0 range=[-0.750,1.000]
  [diag] card_logits nan=0 range=[-14.51,10.80]
  [diag] values nan=0 range=[-0.9578,0.9741]
[iter  51/200] steps=12984 rollout_wr=0.380 (ussr=0.590 us=0.170) pl=-0.0196 vl=0.0842 ent=4.612 clip=0.074 kl=0.0032 t=19.4s (rollout=12.1s update=7.2s)
  [diag] inf dtype=torch.float32 shape=torch.Size([2048, 172]) nan=0 inf_vals=0 range=[0.00,38.00]
  [diag] scalar dtype=torch.float32 nan=0 range=[-0.750,1.000]
  [diag] card_logits nan=0 range=[-13.39,10.83]
  [diag] values nan=0 range=[-0.9515,0.9711]
[iter  52/200] steps=12855 rollout_wr=0.430 (ussr=0.700 us=0.160) pl=-0.0159 vl=0.0740 ent=4.689 clip=0.077 kl=0.0036 t=19.3s (rollout=12.1s update=7.2s)
  [diag] inf dtype=torch.float32 shape=torch.Size([2048, 172]) nan=0 inf_vals=0 range=[0.00,41.00]
  [diag] scalar dtype=torch.float32 nan=0 range=[-0.950,1.000]
  [diag] card_logits nan=0 range=[-16.09,9.48]
  [diag] values nan=0 range=[-0.8959,0.9329]
[iter  53/200] steps=12430 rollout_wr=0.680 (ussr=0.800 us=0.560) pl=-0.0103 vl=0.0909 ent=4.671 clip=0.100 kl=0.0041 t=26.2s (rollout=19.4s update=6.8s)
  [diag] inf dtype=torch.float32 shape=torch.Size([2048, 172]) nan=0 inf_vals=0 range=[0.00,54.00]
  [diag] scalar dtype=torch.float32 nan=0 range=[-0.950,1.125]
  [diag] card_logits nan=0 range=[-14.41,10.20]
  [diag] values nan=0 range=[-0.9655,0.9781]
[iter  54/200] steps=13296 rollout_wr=0.385 (ussr=0.600 us=0.170) pl=-0.0166 vl=0.0780 ent=4.616 clip=0.074 kl=0.0033 t=21.1s (rollout=13.5s update=7.7s)
  [diag] inf dtype=torch.float32 shape=torch.Size([2048, 172]) nan=0 inf_vals=0 range=[0.00,36.00]
  [diag] scalar dtype=torch.float32 nan=0 range=[-0.950,1.000]
  [diag] card_logits nan=0 range=[-15.54,9.96]
  [diag] values nan=0 range=[-0.9422,0.9648]
[iter  55/200] steps=12656 rollout_wr=0.600 (ussr=0.840 us=0.360) pl=-0.0196 vl=0.0925 ent=4.690 clip=0.127 kl=0.0064 t=28.9s (rollout=21.6s update=7.3s)
  [diag] inf dtype=torch.float32 shape=torch.Size([2048, 172]) nan=0 inf_vals=0 range=[0.00,63.00]
  [diag] scalar dtype=torch.float32 nan=0 range=[-0.900,1.125]
  [diag] card_logits nan=0 range=[-15.45,9.80]
  [diag] values nan=0 range=[-0.9640,0.9710]
[iter  56/200] steps=13270 rollout_wr=0.280 (ussr=0.420 us=0.140) pl=-0.0166 vl=0.0726 ent=4.666 clip=0.086 kl=0.0040 t=20.2s (rollout=12.8s update=7.4s)
  [diag] inf dtype=torch.float32 shape=torch.Size([2048, 172]) nan=0 inf_vals=0 range=[0.00,46.00]
  [diag] scalar dtype=torch.float32 nan=0 range=[-0.900,1.000]
  [diag] card_logits nan=0 range=[-13.14,9.79]
  [diag] values nan=0 range=[-0.9765,0.9475]
[iter  57/200] steps=12969 rollout_wr=0.425 (ussr=0.680 us=0.170) pl=-0.0137 vl=0.0790 ent=4.585 clip=0.095 kl=0.0040 t=19.9s (rollout=12.4s update=7.4s)
  [diag] inf dtype=torch.float32 shape=torch.Size([2048, 172]) nan=0 inf_vals=0 range=[0.00,48.00]
  [diag] scalar dtype=torch.float32 nan=0 range=[-0.850,1.125]
  [diag] card_logits nan=0 range=[-11.61,10.10]
  [diag] values nan=0 range=[-0.9768,0.9826]
[iter  58/200] steps=13237 rollout_wr=0.325 (ussr=0.560 us=0.090) pl=-0.0158 vl=0.0704 ent=4.669 clip=0.087 kl=0.0038 t=20.0s (rollout=12.6s update=7.3s)
  [diag] inf dtype=torch.float32 shape=torch.Size([2048, 172]) nan=0 inf_vals=0 range=[0.00,45.00]
  [diag] scalar dtype=torch.float32 nan=0 range=[-0.900,1.125]
  [diag] card_logits nan=0 range=[-13.68,10.71]
  [diag] values nan=0 range=[-0.9706,0.9913]
[iter  59/200] steps=13164 rollout_wr=0.410 (ussr=0.690 us=0.130) pl=-0.0161 vl=0.0770 ent=4.683 clip=0.077 kl=0.0038 t=20.2s (rollout=12.7s update=7.6s)
  Saved to league pool: data/checkpoints/ppo_v9_league/iter_0060.pt
  [diag] inf dtype=torch.float32 shape=torch.Size([2048, 172]) nan=0 inf_vals=0 range=[0.00,54.00]
  [diag] scalar dtype=torch.float32 nan=0 range=[-0.950,1.000]
  [diag] card_logits nan=0 range=[-12.39,9.73]
  [diag] values nan=0 range=[-0.9748,0.9921]
[iter  60/200] steps=13863 rollout_wr=0.440 (ussr=0.640 us=0.240) pl=-0.0165 vl=0.0847 ent=4.732 clip=0.077 kl=0.0037 t=21.2s (rollout=13.4s update=7.8s)
  Running benchmark (500 games each side)...
  Benchmark: USSR=0.904 US=0.530 combined=0.717 (94s)
  [diag] inf dtype=torch.float32 shape=torch.Size([2048, 172]) nan=0 inf_vals=0 range=[0.00,58.00]
  [diag] scalar dtype=torch.float32 nan=0 range=[-0.950,1.125]
  [diag] card_logits nan=0 range=[-15.46,10.78]
  [diag] values nan=0 range=[-0.9471,0.9728]
[iter  61/200] steps=13156 rollout_wr=0.450 (ussr=0.700 us=0.200) pl=-0.0177 vl=0.0691 ent=4.778 clip=0.075 kl=0.0032 t=20.1s (rollout=12.5s update=7.6s)
  [diag] inf dtype=torch.float32 shape=torch.Size([2048, 172]) nan=0 inf_vals=0 range=[0.00,49.00]
  [diag] scalar dtype=torch.float32 nan=0 range=[-0.950,1.000]
  [diag] card_logits nan=0 range=[-13.16,10.05]
  [diag] values nan=0 range=[-0.9528,0.9533]
[iter  62/200] steps=13306 rollout_wr=0.295 (ussr=0.460 us=0.130) pl=-0.0168 vl=0.0877 ent=4.791 clip=0.061 kl=0.0032 t=20.4s (rollout=13.0s update=7.4s)
  [diag] inf dtype=torch.float32 shape=torch.Size([2048, 172]) nan=0 inf_vals=0 range=[0.00,49.00]
  [diag] scalar dtype=torch.float32 nan=0 range=[-0.850,1.125]
  [diag] card_logits nan=0 range=[-12.27,10.04]
  [diag] values nan=0 range=[-0.9563,0.9667]
[iter  63/200] steps=13389 rollout_wr=0.435 (ussr=0.700 us=0.170) pl=-0.0145 vl=0.0782 ent=4.719 clip=0.061 kl=0.0031 t=19.9s (rollout=12.7s update=7.3s)
  [diag] inf dtype=torch.float32 shape=torch.Size([2048, 172]) nan=0 inf_vals=0 range=[0.00,36.00]
  [diag] scalar dtype=torch.float32 nan=0 range=[-0.950,1.000]
  [diag] card_logits nan=0 range=[-15.05,9.57]
  [diag] values nan=0 range=[-0.9335,0.9637]
[iter  64/200] steps=12853 rollout_wr=0.645 (ussr=0.840 us=0.450) pl=-0.0231 vl=0.0853 ent=4.734 clip=0.083 kl=0.0036 t=27.6s (rollout=20.0s update=7.6s)
  [diag] inf dtype=torch.float32 shape=torch.Size([2048, 172]) nan=0 inf_vals=0 range=[0.00,75.00]
  [diag] scalar dtype=torch.float32 nan=0 range=[-0.950,1.125]
  [diag] card_logits nan=0 range=[-11.62,9.00]
  [diag] values nan=0 range=[-0.9689,0.9737]
[iter  65/200] steps=13573 rollout_wr=0.315 (ussr=0.570 us=0.060) pl=-0.0162 vl=0.0573 ent=4.688 clip=0.102 kl=0.0046 t=20.2s (rollout=12.8s update=7.4s)
  [diag] inf dtype=torch.float32 shape=torch.Size([2048, 172]) nan=0 inf_vals=0 range=[0.00,48.00]
  [diag] scalar dtype=torch.float32 nan=0 range=[-0.950,1.000]
  [diag] card_logits nan=0 range=[-11.81,9.19]
  [diag] values nan=0 range=[-0.9766,0.9845]
[iter  66/200] steps=13505 rollout_wr=0.345 (ussr=0.530 us=0.160) pl=-0.0168 vl=0.0763 ent=4.619 clip=0.062 kl=0.0030 t=20.7s (rollout=13.2s update=7.5s)
  [diag] inf dtype=torch.float32 shape=torch.Size([2048, 172]) nan=0 inf_vals=0 range=[0.00,59.00]
  [diag] scalar dtype=torch.float32 nan=0 range=[-0.950,1.125]
  [diag] card_logits nan=0 range=[-15.68,9.73]
  [diag] values nan=0 range=[-0.9669,0.9714]
[iter  67/200] steps=13624 rollout_wr=0.445 (ussr=0.680 us=0.210) pl=-0.0156 vl=0.0757 ent=4.683 clip=0.088 kl=0.0041 t=20.8s (rollout=13.1s update=7.7s)
  [diag] inf dtype=torch.float32 shape=torch.Size([2048, 172]) nan=0 inf_vals=0 range=[0.00,42.00]
  [diag] scalar dtype=torch.float32 nan=0 range=[-0.950,1.125]
  [diag] card_logits nan=0 range=[-11.78,9.58]
  [diag] values nan=0 range=[-0.9607,0.9868]
[iter  68/200] steps=13363 rollout_wr=0.480 (ussr=0.720 us=0.240) pl=-0.0164 vl=0.0876 ent=4.717 clip=0.080 kl=0.0035 t=20.4s (rollout=13.0s update=7.5s)
  [diag] inf dtype=torch.float32 shape=torch.Size([2048, 172]) nan=0 inf_vals=0 range=[0.00,48.00]
  [diag] scalar dtype=torch.float32 nan=0 range=[-0.950,1.125]
  [diag] card_logits nan=0 range=[-13.14,9.78]
  [diag] values nan=0 range=[-0.9539,0.9706]
[iter  69/200] steps=12763 rollout_wr=0.320 (ussr=0.520 us=0.120) pl=-0.0159 vl=0.0800 ent=4.638 clip=0.066 kl=0.0031 t=19.3s (rollout=12.3s update=7.0s)
  [diag] inf dtype=torch.float32 shape=torch.Size([2048, 172]) nan=0 inf_vals=0 range=[0.00,55.00]
  [diag] scalar dtype=torch.float32 nan=0 range=[-0.950,1.125]
  [diag] card_logits nan=0 range=[-12.74,9.15]
  [diag] values nan=0 range=[-0.9654,0.9738]
[iter  70/200] steps=12850 rollout_wr=0.330 (ussr=0.500 us=0.160) pl=-0.0126 vl=0.0747 ent=4.622 clip=0.065 kl=0.0031 t=19.6s (rollout=12.3s update=7.3s)
  [diag] inf dtype=torch.float32 shape=torch.Size([2048, 172]) nan=0 inf_vals=0 range=[0.00,44.00]
  [diag] scalar dtype=torch.float32 nan=0 range=[-0.950,1.000]
  [diag] card_logits nan=0 range=[-13.07,9.77]
  [diag] values nan=0 range=[-0.9561,0.9697]
[iter  71/200] steps=13203 rollout_wr=0.380 (ussr=0.610 us=0.150) pl=-0.0154 vl=0.0787 ent=4.675 clip=0.064 kl=0.0029 t=19.5s (rollout=12.5s update=7.0s)
  [diag] inf dtype=torch.float32 shape=torch.Size([2048, 172]) nan=0 inf_vals=0 range=[0.00,46.00]
  [diag] scalar dtype=torch.float32 nan=0 range=[-0.950,1.125]
  [diag] card_logits nan=0 range=[-14.90,10.21]
  [diag] values nan=0 range=[-0.9478,0.9828]
[iter  72/200] steps=13386 rollout_wr=0.405 (ussr=0.640 us=0.170) pl=-0.0178 vl=0.0832 ent=4.666 clip=0.102 kl=0.0047 t=20.9s (rollout=13.3s update=7.7s)
  [diag] inf dtype=torch.float32 shape=torch.Size([2048, 172]) nan=0 inf_vals=0 range=[0.00,60.00]
  [diag] scalar dtype=torch.float32 nan=0 range=[-0.950,1.125]
  [diag] card_logits nan=0 range=[-14.19,9.56]
  [diag] values nan=0 range=[-0.9656,0.9719]
[iter  73/200] steps=13051 rollout_wr=0.435 (ussr=0.640 us=0.230) pl=-0.0172 vl=0.0888 ent=4.673 clip=0.061 kl=0.0029 t=20.4s (rollout=12.8s update=7.6s)
  [diag] inf dtype=torch.float32 shape=torch.Size([2048, 172]) nan=0 inf_vals=0 range=[0.00,61.00]
  [diag] scalar dtype=torch.float32 nan=0 range=[-0.950,1.125]
  [diag] card_logits nan=0 range=[-12.46,9.33]
  [diag] values nan=0 range=[-0.9641,0.9824]
[iter  74/200] steps=13674 rollout_wr=0.405 (ussr=0.650 us=0.160) pl=-0.0150 vl=0.0778 ent=4.689 clip=0.069 kl=0.0037 t=20.8s (rollout=13.5s update=7.3s)
  [diag] inf dtype=torch.float32 shape=torch.Size([2048, 172]) nan=0 inf_vals=0 range=[0.00,32.00]
  [diag] scalar dtype=torch.float32 nan=0 range=[-0.950,1.000]
  [diag] card_logits nan=0 range=[-16.07,9.00]
  [diag] values nan=0 range=[-0.9156,0.9590]
[iter  75/200] steps=12808 rollout_wr=0.675 (ussr=0.830 us=0.520) pl=-0.0185 vl=0.0911 ent=4.710 clip=0.085 kl=0.0037 t=27.5s (rollout=20.0s update=7.5s)
  [diag] inf dtype=torch.float32 shape=torch.Size([2048, 172]) nan=0 inf_vals=0 range=[0.00,54.00]
  [diag] scalar dtype=torch.float32 nan=0 range=[-0.950,1.000]
  [diag] card_logits nan=0 range=[-13.24,9.51]
  [diag] values nan=0 range=[-0.9556,0.9748]
[iter  76/200] steps=13892 rollout_wr=0.385 (ussr=0.490 us=0.280) pl=-0.0160 vl=0.0902 ent=4.652 clip=0.085 kl=0.0037 t=21.1s (rollout=13.4s update=7.7s)
  [diag] inf dtype=torch.float32 shape=torch.Size([2048, 172]) nan=0 inf_vals=0 range=[0.00,54.00]
  [diag] scalar dtype=torch.float32 nan=0 range=[-0.950,1.125]
  [diag] card_logits nan=0 range=[-12.41,9.46]
  [diag] values nan=0 range=[-0.9642,0.9549]
[iter  77/200] steps=13330 rollout_wr=0.290 (ussr=0.510 us=0.070) pl=-0.0148 vl=0.0724 ent=4.594 clip=0.091 kl=0.0039 t=19.7s (rollout=12.5s update=7.2s)
  [diag] inf dtype=torch.float32 shape=torch.Size([2048, 172]) nan=0 inf_vals=0 range=[0.00,55.00]
  [diag] scalar dtype=torch.float32 nan=0 range=[-0.900,1.125]
  [diag] card_logits nan=0 range=[-14.29,9.23]
  [diag] values nan=0 range=[-0.9673,0.9439]
[iter  78/200] steps=13392 rollout_wr=0.375 (ussr=0.640 us=0.110) pl=-0.0162 vl=0.0722 ent=4.704 clip=0.065 kl=0.0029 t=20.6s (rollout=12.9s update=7.6s)
  [diag] inf dtype=torch.float32 shape=torch.Size([2048, 172]) nan=0 inf_vals=0 range=[0.00,44.00]
  [diag] scalar dtype=torch.float32 nan=0 range=[-0.950,1.125]
  [diag] card_logits nan=0 range=[-12.00,9.34]
  [diag] values nan=0 range=[-0.9680,0.9756]
[iter  79/200] steps=13364 rollout_wr=0.440 (ussr=0.680 us=0.200) pl=-0.0180 vl=0.0802 ent=4.703 clip=0.077 kl=0.0035 t=20.8s (rollout=13.2s update=7.6s)
  Saved to league pool: data/checkpoints/ppo_v9_league/iter_0080.pt
  [diag] inf dtype=torch.float32 shape=torch.Size([2048, 172]) nan=0 inf_vals=0 range=[0.00,58.00]
  [diag] scalar dtype=torch.float32 nan=0 range=[-0.900,1.000]
  [diag] card_logits nan=0 range=[-12.38,9.17]
  [diag] values nan=0 range=[-0.9686,0.9587]
[iter  80/200] steps=13141 rollout_wr=0.425 (ussr=0.680 us=0.170) pl=-0.0154 vl=0.0759 ent=4.723 clip=0.065 kl=0.0030 t=20.1s (rollout=12.8s update=7.3s)
  Running benchmark (500 games each side)...
  Benchmark: USSR=0.930 US=0.534 combined=0.732 (90s)
  [diag] inf dtype=torch.float32 shape=torch.Size([2048, 172]) nan=0 inf_vals=0 range=[0.00,44.00]
  [diag] scalar dtype=torch.float32 nan=0 range=[-0.900,1.000]
  [diag] card_logits nan=0 range=[-15.32,9.17]
  [diag] values nan=0 range=[-0.9687,0.9606]
[iter  81/200] steps=13273 rollout_wr=0.430 (ussr=0.720 us=0.140) pl=-0.0133 vl=0.0707 ent=4.744 clip=0.059 kl=0.0030 t=19.9s (rollout=12.8s update=7.1s)
  [diag] inf dtype=torch.float32 shape=torch.Size([2048, 172]) nan=0 inf_vals=0 range=[0.00,52.00]
  [diag] scalar dtype=torch.float32 nan=0 range=[-0.800,1.000]
  [diag] card_logits nan=0 range=[-12.01,9.49]
  [diag] values nan=0 range=[-0.9650,0.9752]
[iter  82/200] steps=13222 rollout_wr=0.455 (ussr=0.700 us=0.210) pl=-0.0179 vl=0.0702 ent=4.736 clip=0.090 kl=0.0043 t=20.5s (rollout=12.7s update=7.8s)
  [diag] inf dtype=torch.float32 shape=torch.Size([2048, 172]) nan=0 inf_vals=0 range=[0.00,31.00]
  [diag] scalar dtype=torch.float32 nan=0 range=[-0.950,1.000]
  [diag] card_logits nan=0 range=[-16.14,9.58]
  [diag] values nan=0 range=[-0.8806,0.9612]
[iter  83/200] steps=12288 rollout_wr=0.615 (ussr=0.860 us=0.370) pl=-0.0168 vl=0.1010 ent=4.786 clip=0.099 kl=0.0044 t=26.1s (rollout=19.2s update=6.9s)
  [diag] inf dtype=torch.float32 shape=torch.Size([2048, 172]) nan=0 inf_vals=0 range=[0.00,40.00]
  [diag] scalar dtype=torch.float32 nan=0 range=[-0.950,1.125]
  [diag] card_logits nan=0 range=[-11.98,9.23]
  [diag] values nan=0 range=[-0.9405,0.9783]
[iter  84/200] steps=13242 rollout_wr=0.440 (ussr=0.700 us=0.180) pl=-0.0139 vl=0.0764 ent=4.701 clip=0.062 kl=0.0031 t=20.0s (rollout=12.6s update=7.5s)
  [diag] inf dtype=torch.float32 shape=torch.Size([2048, 172]) nan=0 inf_vals=0 range=[0.00,30.00]
  [diag] scalar dtype=torch.float32 nan=0 range=[-0.950,1.125]
  [diag] card_logits nan=0 range=[-14.71,8.66]
  [diag] values nan=0 range=[-0.9097,0.9105]
[iter  85/200] steps=12243 rollout_wr=0.635 (ussr=0.880 us=0.390) pl=-0.0180 vl=0.0889 ent=4.741 clip=0.105 kl=0.0046 t=26.5s (rollout=19.5s update=7.0s)
  [diag] inf dtype=torch.float32 shape=torch.Size([2048, 172]) nan=0 inf_vals=0 range=[0.00,46.00]
  [diag] scalar dtype=torch.float32 nan=0 range=[-0.900,1.000]
  [diag] card_logits nan=0 range=[-12.33,9.57]
  [diag] values nan=0 range=[-0.9702,0.9886]
[iter  86/200] steps=13290 rollout_wr=0.480 (ussr=0.740 us=0.220) pl=-0.0174 vl=0.0758 ent=4.756 clip=0.098 kl=0.0044 t=20.3s (rollout=12.9s update=7.4s)
  [diag] inf dtype=torch.float32 shape=torch.Size([2048, 172]) nan=0 inf_vals=0 range=[0.00,53.00]
  [diag] scalar dtype=torch.float32 nan=0 range=[-0.900,1.125]
  [diag] card_logits nan=0 range=[-13.15,8.44]
  [diag] values nan=0 range=[-0.9464,0.9733]
[iter  87/200] steps=13140 rollout_wr=0.425 (ussr=0.690 us=0.160) pl=-0.0164 vl=0.0757 ent=4.740 clip=0.068 kl=0.0032 t=19.9s (rollout=12.7s update=7.3s)
  [diag] inf dtype=torch.float32 shape=torch.Size([2048, 172]) nan=0 inf_vals=0 range=[0.00,45.00]
  [diag] scalar dtype=torch.float32 nan=0 range=[-0.900,1.000]
  [diag] card_logits nan=0 range=[-14.22,9.33]
  [diag] values nan=0 range=[-0.9604,0.9524]
[iter  88/200] steps=13412 rollout_wr=0.405 (ussr=0.650 us=0.160) pl=-0.0157 vl=0.0717 ent=4.696 clip=0.078 kl=0.0034 t=20.2s (rollout=12.8s update=7.4s)
  [diag] inf dtype=torch.float32 shape=torch.Size([2048, 172]) nan=0 inf_vals=0 range=[0.00,42.00]
  [diag] scalar dtype=torch.float32 nan=0 range=[-0.900,1.125]
  [diag] card_logits nan=0 range=[-12.37,9.12]
  [diag] values nan=0 range=[-0.9586,0.9726]
[iter  89/200] steps=13442 rollout_wr=0.415 (ussr=0.650 us=0.180) pl=-0.0157 vl=0.0747 ent=4.726 clip=0.067 kl=0.0031 t=20.6s (rollout=13.3s update=7.3s)
  [diag] inf dtype=torch.float32 shape=torch.Size([2048, 172]) nan=0 inf_vals=0 range=[0.00,42.00]
  [diag] scalar dtype=torch.float32 nan=0 range=[-0.900,1.000]
  [diag] card_logits nan=0 range=[-14.61,9.30]
  [diag] values nan=0 range=[-0.9732,0.9742]
[iter  90/200] steps=12943 rollout_wr=0.405 (ussr=0.620 us=0.190) pl=-0.0152 vl=0.0883 ent=4.682 clip=0.059 kl=0.0031 t=20.3s (rollout=12.5s update=7.8s)
  [diag] inf dtype=torch.float32 shape=torch.Size([2048, 172]) nan=0 inf_vals=0 range=[0.00,44.00]
  [diag] scalar dtype=torch.float32 nan=0 range=[-0.667,1.000]
  [diag] card_logits nan=0 range=[-15.68,9.34]
  [diag] values nan=0 range=[-0.9692,0.9624]
[iter  91/200] steps=13044 rollout_wr=0.425 (ussr=0.680 us=0.170) pl=-0.0189 vl=0.0768 ent=4.770 clip=0.078 kl=0.0035 t=20.1s (rollout=12.4s update=7.7s)
  [diag] inf dtype=torch.float32 shape=torch.Size([2048, 172]) nan=0 inf_vals=0 range=[0.00,56.00]
  [diag] scalar dtype=torch.float32 nan=0 range=[-0.950,1.000]
  [diag] card_logits nan=0 range=[-15.40,9.19]
  [diag] values nan=0 range=[-0.8982,0.9429]
[iter  92/200] steps=12592 rollout_wr=0.660 (ussr=0.900 us=0.420) pl=-0.0211 vl=0.0961 ent=4.749 clip=0.099 kl=0.0044 t=26.4s (rollout=19.5s update=6.9s)
  [diag] inf dtype=torch.float32 shape=torch.Size([2048, 172]) nan=0 inf_vals=0 range=[0.00,47.00]
  [diag] scalar dtype=torch.float32 nan=0 range=[-0.900,1.125]
  [diag] card_logits nan=0 range=[-14.54,9.70]
  [diag] values nan=0 range=[-0.9689,0.9745]
[iter  93/200] steps=13115 rollout_wr=0.440 (ussr=0.760 us=0.120) pl=-0.0153 vl=0.0690 ent=4.707 clip=0.085 kl=0.0041 t=20.5s (rollout=12.6s update=7.9s)
  [diag] inf dtype=torch.float32 shape=torch.Size([2048, 172]) nan=0 inf_vals=0 range=[0.00,47.00]
  [diag] scalar dtype=torch.float32 nan=0 range=[-0.900,1.000]
  [diag] card_logits nan=0 range=[-11.97,10.13]
  [diag] values nan=0 range=[-0.9797,0.9817]
[iter  94/200] steps=13654 rollout_wr=0.355 (ussr=0.580 us=0.130) pl=-0.0144 vl=0.0710 ent=4.653 clip=0.089 kl=0.0036 t=20.3s (rollout=12.9s update=7.3s)
  [diag] inf dtype=torch.float32 shape=torch.Size([2048, 172]) nan=0 inf_vals=0 range=[0.00,31.00]
  [diag] scalar dtype=torch.float32 nan=0 range=[-0.950,1.000]
  [diag] card_logits nan=0 range=[-14.72,9.41]
  [diag] values nan=0 range=[-0.9390,0.9316]
[iter  95/200] steps=12716 rollout_wr=0.615 (ussr=0.840 us=0.390) pl=-0.0192 vl=0.0915 ent=4.732 clip=0.068 kl=0.0031 t=27.3s (rollout=19.9s update=7.4s)
  [diag] inf dtype=torch.float32 shape=torch.Size([2048, 172]) nan=0 inf_vals=0 range=[0.00,52.00]
  [diag] scalar dtype=torch.float32 nan=0 range=[-0.950,1.125]
  [diag] card_logits nan=0 range=[-13.46,8.47]
  [diag] values nan=0 range=[-0.9695,0.9743]
[iter  96/200] steps=13302 rollout_wr=0.420 (ussr=0.680 us=0.160) pl=-0.0166 vl=0.0721 ent=4.719 clip=0.072 kl=0.0034 t=20.4s (rollout=12.8s update=7.5s)
  [diag] inf dtype=torch.float32 shape=torch.Size([2048, 172]) nan=0 inf_vals=0 range=[0.00,45.00]
  [diag] scalar dtype=torch.float32 nan=0 range=[-0.850,1.000]
  [diag] card_logits nan=0 range=[-12.92,8.90]
  [diag] values nan=0 range=[-0.9680,0.9822]
[iter  97/200] steps=13371 rollout_wr=0.450 (ussr=0.700 us=0.200) pl=-0.0156 vl=0.0763 ent=4.686 clip=0.055 kl=0.0028 t=20.6s (rollout=13.1s update=7.5s)
  [diag] inf dtype=torch.float32 shape=torch.Size([2048, 172]) nan=0 inf_vals=0 range=[0.00,47.00]
  [diag] scalar dtype=torch.float32 nan=0 range=[-0.900,1.000]
  [diag] card_logits nan=0 range=[-13.09,9.11]
  [diag] values nan=0 range=[-0.9658,0.9811]
[iter  98/200] steps=13193 rollout_wr=0.415 (ussr=0.700 us=0.130) pl=-0.0164 vl=0.0801 ent=4.658 clip=0.083 kl=0.0038 t=20.1s (rollout=12.7s update=7.3s)
  [diag] inf dtype=torch.float32 shape=torch.Size([2048, 172]) nan=0 inf_vals=0 range=[0.00,45.00]
  [diag] scalar dtype=torch.float32 nan=0 range=[-0.900,1.000]
  [diag] card_logits nan=0 range=[-14.20,9.03]
  [diag] values nan=0 range=[-0.9718,0.9767]
[iter  99/200] steps=13476 rollout_wr=0.430 (ussr=0.680 us=0.180) pl=-0.0161 vl=0.0782 ent=4.633 clip=0.072 kl=0.0035 t=20.5s (rollout=13.1s update=7.4s)
  Saved to league pool: data/checkpoints/ppo_v9_league/iter_0100.pt
  [diag] inf dtype=torch.float32 shape=torch.Size([2048, 172]) nan=0 inf_vals=0 range=[0.00,34.00]
  [diag] scalar dtype=torch.float32 nan=0 range=[-0.950,1.000]
  [diag] card_logits nan=0 range=[-15.51,9.78]
  [diag] values nan=0 range=[-0.9468,0.9417]
[iter 100/200] steps=12027 rollout_wr=0.670 (ussr=0.850 us=0.490) pl=-0.0163 vl=0.0958 ent=4.684 clip=0.079 kl=0.0037 t=24.7s (rollout=18.1s update=6.6s)
  Running benchmark (500 games each side)...
  Benchmark: USSR=0.960 US=0.602 combined=0.781 (86s)
  [diag] inf dtype=torch.float32 shape=torch.Size([2048, 172]) nan=0 inf_vals=0 range=[0.00,47.00]
  [diag] scalar dtype=torch.float32 nan=0 range=[-0.800,1.125]
  [diag] card_logits nan=0 range=[-14.82,8.99]
  [diag] values nan=0 range=[-0.9659,0.9731]
[iter 101/200] steps=13296 rollout_wr=0.445 (ussr=0.700 us=0.190) pl=-0.0152 vl=0.0764 ent=4.592 clip=0.062 kl=0.0031 t=20.0s (rollout=12.8s update=7.2s)
  [diag] inf dtype=torch.float32 shape=torch.Size([2048, 172]) nan=0 inf_vals=0 range=[0.00,47.00]
  [diag] scalar dtype=torch.float32 nan=0 range=[-0.950,1.125]
  [diag] card_logits nan=0 range=[-13.81,9.15]
  [diag] values nan=0 range=[-0.9656,0.9837]
[iter 102/200] steps=12945 rollout_wr=0.320 (ussr=0.530 us=0.110) pl=-0.0148 vl=0.0871 ent=4.596 clip=0.071 kl=0.0033 t=19.1s (rollout=12.1s update=7.0s)
  [diag] inf dtype=torch.float32 shape=torch.Size([2048, 172]) nan=0 inf_vals=0 range=[0.00,38.00]
  [diag] scalar dtype=torch.float32 nan=0 range=[-0.750,1.125]
  [diag] card_logits nan=0 range=[-12.74,9.94]
  [diag] values nan=0 range=[-0.9658,0.9670]
[iter 103/200] steps=13457 rollout_wr=0.400 (ussr=0.670 us=0.130) pl=-0.0157 vl=0.0722 ent=4.634 clip=0.085 kl=0.0040 t=20.3s (rollout=12.7s update=7.6s)
  [diag] inf dtype=torch.float32 shape=torch.Size([2048, 172]) nan=0 inf_vals=0 range=[0.00,61.00]
  [diag] scalar dtype=torch.float32 nan=0 range=[-0.900,1.125]
  [diag] card_logits nan=0 range=[-12.17,9.67]
  [diag] values nan=0 range=[-0.9643,0.9552]
[iter 104/200] steps=13216 rollout_wr=0.330 (ussr=0.490 us=0.170) pl=-0.0139 vl=0.0813 ent=4.665 clip=0.058 kl=0.0029 t=22.5s (rollout=13.5s update=9.0s)
  [diag] inf dtype=torch.float32 shape=torch.Size([2048, 172]) nan=0 inf_vals=0 range=[0.00,47.00]
  [diag] scalar dtype=torch.float32 nan=0 range=[-0.900,1.000]
  [diag] card_logits nan=0 range=[-11.04,8.99]
  [diag] values nan=0 range=[-0.9666,0.9797]
[iter 105/200] steps=13057 rollout_wr=0.460 (ussr=0.710 us=0.210) pl=-0.0135 vl=0.0753 ent=4.705 clip=0.079 kl=0.0038 t=23.3s (rollout=15.4s update=7.9s)
  [diag] inf dtype=torch.float32 shape=torch.Size([2048, 172]) nan=0 inf_vals=0 range=[0.00,39.00]
  [diag] scalar dtype=torch.float32 nan=0 range=[-0.850,1.000]
  [diag] card_logits nan=0 range=[-13.59,9.20]
  [diag] values nan=0 range=[-0.9704,0.9841]
[iter 106/200] steps=12933 rollout_wr=0.420 (ussr=0.760 us=0.080) pl=-0.0152 vl=0.0624 ent=4.704 clip=0.076 kl=0.0036 t=22.2s (rollout=14.2s update=8.0s)
  [diag] inf dtype=torch.float32 shape=torch.Size([2048, 172]) nan=0 inf_vals=0 range=[0.00,50.00]
  [diag] scalar dtype=torch.float32 nan=0 range=[-0.900,1.125]
  [diag] card_logits nan=0 range=[-12.34,11.04]
  [diag] values nan=0 range=[-0.9787,0.9779]
[iter 107/200] steps=13119 rollout_wr=0.380 (ussr=0.630 us=0.130) pl=-0.0163 vl=0.0766 ent=4.659 clip=0.068 kl=0.0033 t=22.3s (rollout=14.6s update=7.7s)
  [diag] inf dtype=torch.float32 shape=torch.Size([2048, 172]) nan=0 inf_vals=0 range=[0.00,47.00]
  [diag] scalar dtype=torch.float32 nan=0 range=[-0.900,1.000]
  [diag] card_logits nan=0 range=[-12.45,9.83]
  [diag] values nan=0 range=[-0.9745,0.9614]
[iter 108/200] steps=13309 rollout_wr=0.375 (ussr=0.630 us=0.120) pl=-0.0167 vl=0.0726 ent=4.726 clip=0.084 kl=0.0037 t=23.5s (rollout=15.2s update=8.3s)
  [diag] inf dtype=torch.float32 shape=torch.Size([2048, 172]) nan=0 inf_vals=0 range=[0.00,58.00]
  [diag] scalar dtype=torch.float32 nan=0 range=[-0.950,1.125]
  [diag] card_logits nan=0 range=[-12.56,9.13]
  [diag] values nan=0 range=[-0.9791,0.9766]
[iter 109/200] steps=13251 rollout_wr=0.400 (ussr=0.690 us=0.110) pl=-0.0170 vl=0.0619 ent=4.719 clip=0.080 kl=0.0036 t=22.6s (rollout=14.5s update=8.1s)
  [diag] inf dtype=torch.float32 shape=torch.Size([2048, 172]) nan=0 inf_vals=0 range=[0.00,40.00]
  [diag] scalar dtype=torch.float32 nan=0 range=[-0.900,1.125]
  [diag] card_logits nan=0 range=[-11.43,10.34]
  [diag] values nan=0 range=[-0.9789,0.9790]
[iter 110/200] steps=13282 rollout_wr=0.455 (ussr=0.780 us=0.130) pl=-0.0170 vl=0.0637 ent=4.738 clip=0.086 kl=0.0041 t=22.8s (rollout=14.6s update=8.2s)
  [diag] inf dtype=torch.float32 shape=torch.Size([2048, 172]) nan=0 inf_vals=0 range=[0.00,56.00]
  [diag] scalar dtype=torch.float32 nan=0 range=[-0.900,1.125]
  [diag] card_logits nan=0 range=[-13.67,8.96]
  [diag] values nan=0 range=[-0.9802,0.9788]
[iter 111/200] steps=13409 rollout_wr=0.345 (ussr=0.600 us=0.090) pl=-0.0171 vl=0.0671 ent=4.713 clip=0.074 kl=0.0035 t=23.2s (rollout=15.0s update=8.2s)
  [diag] inf dtype=torch.float32 shape=torch.Size([2048, 172]) nan=0 inf_vals=0 range=[0.00,51.00]
  [diag] scalar dtype=torch.float32 nan=0 range=[-0.800,1.125]
  [diag] card_logits nan=0 range=[-12.06,9.05]
  [diag] values nan=0 range=[-0.9831,0.9677]
[iter 112/200] steps=13153 rollout_wr=0.425 (ussr=0.740 us=0.110) pl=-0.0145 vl=0.0678 ent=4.701 clip=0.081 kl=0.0037 t=21.9s (rollout=14.3s update=7.6s)
  [diag] inf dtype=torch.float32 shape=torch.Size([2048, 172]) nan=0 inf_vals=0 range=[0.00,50.00]
  [diag] scalar dtype=torch.float32 nan=0 range=[-0.850,1.125]
  [diag] card_logits nan=0 range=[-12.45,9.32]
  [diag] values nan=0 range=[-0.9820,0.9802]
[iter 113/200] steps=13323 rollout_wr=0.460 (ussr=0.750 us=0.170) pl=-0.0173 vl=0.0626 ent=4.697 clip=0.082 kl=0.0037 t=21.6s (rollout=13.7s update=7.8s)
  [diag] inf dtype=torch.float32 shape=torch.Size([2048, 172]) nan=0 inf_vals=0 range=[0.00,38.00]
  [diag] scalar dtype=torch.float32 nan=0 range=[-0.950,1.125]
  [diag] card_logits nan=0 range=[-11.06,9.03]
  [diag] values nan=0 range=[-0.9863,0.9819]
[iter 114/200] steps=12700 rollout_wr=0.440 (ussr=0.660 us=0.220) pl=-0.0231 vl=0.0810 ent=4.695 clip=0.079 kl=0.0033 t=20.1s (rollout=12.7s update=7.3s)
  [diag] inf dtype=torch.float32 shape=torch.Size([2048, 172]) nan=0 inf_vals=0 range=[0.00,46.00]
  [diag] scalar dtype=torch.float32 nan=0 range=[-0.950,1.000]
  [diag] card_logits nan=0 range=[-16.30,7.95]
  [diag] values nan=0 range=[-0.9153,0.9390]
[iter 115/200] steps=12246 rollout_wr=0.670 (ussr=0.860 us=0.480) pl=-0.0176 vl=0.0938 ent=4.657 clip=0.096 kl=0.0043 t=27.2s (rollout=20.2s update=7.0s)
  [diag] inf dtype=torch.float32 shape=torch.Size([2048, 172]) nan=0 inf_vals=0 range=[0.00,44.00]
  [diag] scalar dtype=torch.float32 nan=0 range=[-0.900,1.125]
  [diag] card_logits nan=0 range=[-11.61,9.92]
  [diag] values nan=0 range=[-0.9634,0.9858]
[iter 116/200] steps=13424 rollout_wr=0.440 (ussr=0.640 us=0.240) pl=-0.0156 vl=0.0824 ent=4.632 clip=0.095 kl=0.0042 t=21.2s (rollout=13.4s update=7.8s)
  [diag] inf dtype=torch.float32 shape=torch.Size([2048, 172]) nan=0 inf_vals=0 range=[0.00,35.00]
  [diag] scalar dtype=torch.float32 nan=0 range=[-0.950,1.125]
  [diag] card_logits nan=0 range=[-16.45,8.39]
  [diag] values nan=0 range=[-0.9169,0.9495]
[iter 117/200] steps=11835 rollout_wr=0.715 (ussr=0.840 us=0.590) pl=-0.0172 vl=0.0943 ent=4.652 clip=0.082 kl=0.0034 t=26.3s (rollout=19.6s update=6.8s)
  [diag] inf dtype=torch.float32 shape=torch.Size([2048, 172]) nan=0 inf_vals=0 range=[0.00,44.00]
  [diag] scalar dtype=torch.float32 nan=0 range=[-0.950,1.000]
  [diag] card_logits nan=0 range=[-15.48,8.85]
  [diag] values nan=0 range=[-0.9084,0.9340]
[iter 118/200] steps=11401 rollout_wr=0.730 (ussr=0.870 us=0.590) pl=-0.0161 vl=0.0957 ent=4.580 clip=0.080 kl=0.0038 t=25.7s (rollout=19.0s update=6.7s)
  [diag] inf dtype=torch.float32 shape=torch.Size([2048, 172]) nan=0 inf_vals=0 range=[0.00,40.00]
  [diag] scalar dtype=torch.float32 nan=0 range=[-0.950,1.125]
  [diag] card_logits nan=0 range=[-15.18,10.07]
  [diag] values nan=0 range=[-0.9627,0.9870]
[iter 119/200] steps=13150 rollout_wr=0.470 (ussr=0.670 us=0.270) pl=-0.0149 vl=0.0991 ent=4.537 clip=0.096 kl=0.0041 t=21.5s (rollout=13.8s update=7.8s)
  Saved to league pool: data/checkpoints/ppo_v9_league/iter_0120.pt
  [diag] inf dtype=torch.float32 shape=torch.Size([2048, 172]) nan=0 inf_vals=0 range=[0.00,41.00]
  [diag] scalar dtype=torch.float32 nan=0 range=[-0.950,1.000]
  [diag] card_logits nan=0 range=[-11.25,9.42]
  [diag] values nan=0 range=[-0.9725,0.9729]
[iter 120/200] steps=13043 rollout_wr=0.400 (ussr=0.660 us=0.140) pl=-0.0144 vl=0.0766 ent=4.522 clip=0.109 kl=0.0048 t=20.5s (rollout=13.2s update=7.3s)
  Running benchmark (500 games each side)...
  Benchmark: USSR=0.966 US=0.664 combined=0.815 (87s)
  New best: combined=0.815
  [diag] inf dtype=torch.float32 shape=torch.Size([2048, 172]) nan=0 inf_vals=0 range=[0.00,41.00]
  [diag] scalar dtype=torch.float32 nan=0 range=[-0.850,1.125]
  [diag] card_logits nan=0 range=[-12.83,9.24]
  [diag] values nan=0 range=[-0.9627,0.9863]
[iter 121/200] steps=13047 rollout_wr=0.450 (ussr=0.710 us=0.190) pl=-0.0180 vl=0.0783 ent=4.601 clip=0.063 kl=0.0031 t=20.0s (rollout=12.5s update=7.5s)
  [diag] inf dtype=torch.float32 shape=torch.Size([2048, 172]) nan=0 inf_vals=0 range=[0.00,50.00]
  [diag] scalar dtype=torch.float32 nan=0 range=[-0.950,1.000]
  [diag] card_logits nan=0 range=[-12.73,9.39]
  [diag] values nan=0 range=[-0.9710,0.9853]
[iter 122/200] steps=13033 rollout_wr=0.375 (ussr=0.620 us=0.130) pl=-0.0214 vl=0.0734 ent=4.601 clip=0.078 kl=0.0033 t=20.2s (rollout=12.8s update=7.5s)
  [diag] inf dtype=torch.float32 shape=torch.Size([2048, 172]) nan=0 inf_vals=0 range=[0.00,42.00]
  [diag] scalar dtype=torch.float32 nan=0 range=[-0.900,1.000]
  [diag] card_logits nan=0 range=[-10.96,9.90]
  [diag] values nan=0 range=[-0.9704,0.9737]
[iter 123/200] steps=13512 rollout_wr=0.420 (ussr=0.720 us=0.120) pl=-0.0174 vl=0.0695 ent=4.569 clip=0.096 kl=0.0042 t=21.1s (rollout=13.4s update=7.8s)
  [diag] inf dtype=torch.float32 shape=torch.Size([2048, 172]) nan=0 inf_vals=0 range=[0.00,43.00]
  [diag] scalar dtype=torch.float32 nan=0 range=[-0.800,1.125]
  [diag] card_logits nan=0 range=[-16.49,9.43]
  [diag] values nan=0 range=[-0.9747,0.9816]
[iter 124/200] steps=13222 rollout_wr=0.390 (ussr=0.590 us=0.190) pl=-0.0181 vl=0.0804 ent=4.559 clip=0.083 kl=0.0037 t=20.7s (rollout=13.4s update=7.3s)
  [diag] inf dtype=torch.float32 shape=torch.Size([2048, 172]) nan=0 inf_vals=0 range=[0.00,47.00]
  [diag] scalar dtype=torch.float32 nan=0 range=[-0.850,1.125]
  [diag] card_logits nan=0 range=[-12.28,9.66]
  [diag] values nan=0 range=[-0.9768,0.9821]
[iter 125/200] steps=13364 rollout_wr=0.440 (ussr=0.760 us=0.120) pl=-0.0168 vl=0.0613 ent=4.555 clip=0.091 kl=0.0039 t=21.3s (rollout=13.4s update=7.9s)
  [diag] inf dtype=torch.float32 shape=torch.Size([2048, 172]) nan=0 inf_vals=0 range=[0.00,40.00]
  [diag] scalar dtype=torch.float32 nan=0 range=[-0.950,1.125]
  [diag] card_logits nan=0 range=[-13.13,9.14]
  [diag] values nan=0 range=[-0.9729,0.9873]
[iter 126/200] steps=13172 rollout_wr=0.410 (ussr=0.680 us=0.140) pl=-0.0194 vl=0.0778 ent=4.573 clip=0.089 kl=0.0041 t=20.7s (rollout=12.8s update=8.0s)
  [diag] inf dtype=torch.float32 shape=torch.Size([2048, 172]) nan=0 inf_vals=0 range=[0.00,59.00]
  [diag] scalar dtype=torch.float32 nan=0 range=[-0.950,1.000]
  [diag] card_logits nan=0 range=[-12.47,9.05]
  [diag] values nan=0 range=[-0.9488,0.9867]
[iter 127/200] steps=13254 rollout_wr=0.470 (ussr=0.680 us=0.260) pl=-0.0186 vl=0.0816 ent=4.544 clip=0.083 kl=0.0037 t=21.2s (rollout=13.8s update=7.4s)
  [diag] inf dtype=torch.float32 shape=torch.Size([2048, 172]) nan=0 inf_vals=0 range=[0.00,45.00]
  [diag] scalar dtype=torch.float32 nan=0 range=[-0.950,1.125]
  [diag] card_logits nan=0 range=[-14.07,10.69]
  [diag] values nan=0 range=[-0.9690,0.9769]
[iter 128/200] steps=13490 rollout_wr=0.380 (ussr=0.630 us=0.130) pl=-0.0171 vl=0.0679 ent=4.576 clip=0.066 kl=0.0031 t=21.0s (rollout=13.1s update=7.9s)
  [diag] inf dtype=torch.float32 shape=torch.Size([2048, 172]) nan=0 inf_vals=0 range=[0.00,55.00]
  [diag] scalar dtype=torch.float32 nan=0 range=[-0.800,1.000]
  [diag] card_logits nan=0 range=[-12.77,9.85]
  [diag] values nan=0 range=[-0.9781,0.9739]
[iter 129/200] steps=13280 rollout_wr=0.390 (ussr=0.640 us=0.140) pl=-0.0164 vl=0.0797 ent=4.608 clip=0.067 kl=0.0100 t=21.1s (rollout=13.3s update=7.8s)
  [diag] inf dtype=torch.float32 shape=torch.Size([2048, 172]) nan=0 inf_vals=0 range=[0.00,53.00]
  [diag] scalar dtype=torch.float32 nan=0 range=[-0.900,1.125]
  [diag] card_logits nan=0 range=[-11.76,8.98]
  [diag] values nan=0 range=[-0.9817,0.9742]
[iter 130/200] steps=13029 rollout_wr=0.425 (ussr=0.690 us=0.160) pl=-0.0151 vl=0.0762 ent=4.583 clip=0.078 kl=0.0034 t=20.3s (rollout=12.9s update=7.3s)
  [diag] inf dtype=torch.float32 shape=torch.Size([2048, 172]) nan=0 inf_vals=0 range=[0.00,46.00]
  [diag] scalar dtype=torch.float32 nan=0 range=[-0.900,1.125]
  [diag] card_logits nan=0 range=[-11.24,9.25]
  [diag] values nan=0 range=[-0.9655,0.9812]
[iter 131/200] steps=12585 rollout_wr=0.435 (ussr=0.720 us=0.150) pl=-0.0099 vl=0.0676 ent=4.578 clip=0.065 kl=0.0033 t=19.8s (rollout=12.4s update=7.4s)
  [diag] inf dtype=torch.float32 shape=torch.Size([2048, 172]) nan=0 inf_vals=0 range=[0.00,40.00]
  [diag] scalar dtype=torch.float32 nan=0 range=[-0.800,1.125]
  [diag] card_logits nan=0 range=[-11.16,9.73]
  [diag] values nan=0 range=[-0.9606,0.9794]
[iter 132/200] steps=12974 rollout_wr=0.435 (ussr=0.730 us=0.140) pl=-0.0170 vl=0.0777 ent=4.511 clip=0.068 kl=0.0033 t=20.2s (rollout=12.9s update=7.3s)
  [diag] inf dtype=torch.float32 shape=torch.Size([2048, 172]) nan=0 inf_vals=0 range=[0.00,50.00]
  [diag] scalar dtype=torch.float32 nan=0 range=[-0.900,1.125]
  [diag] card_logits nan=0 range=[-11.13,9.29]
  [diag] values nan=0 range=[-0.9622,0.9842]
[iter 133/200] steps=12964 rollout_wr=0.395 (ussr=0.670 us=0.120) pl=-0.0165 vl=0.0735 ent=4.575 clip=0.085 kl=0.0040 t=20.2s (rollout=12.7s update=7.5s)
  [diag] inf dtype=torch.float32 shape=torch.Size([2048, 172]) nan=0 inf_vals=0 range=[0.00,46.00]
  [diag] scalar dtype=torch.float32 nan=0 range=[-0.950,1.000]
  [diag] card_logits nan=0 range=[-11.80,10.57]
  [diag] values nan=0 range=[-0.9606,0.9837]
[iter 134/200] steps=13339 rollout_wr=0.455 (ussr=0.770 us=0.140) pl=-0.0165 vl=0.0728 ent=4.569 clip=0.063 kl=0.0033 t=21.3s (rollout=13.6s update=7.7s)
  [diag] inf dtype=torch.float32 shape=torch.Size([2048, 172]) nan=0 inf_vals=0 range=[0.00,43.00]
  [diag] scalar dtype=torch.float32 nan=0 range=[-0.850,1.125]
  [diag] card_logits nan=0 range=[-10.98,8.89]
  [diag] values nan=0 range=[-0.9825,0.9648]
[iter 135/200] steps=13373 rollout_wr=0.465 (ussr=0.760 us=0.170) pl=-0.0170 vl=0.0705 ent=4.548 clip=0.102 kl=0.0043 t=20.7s (rollout=13.3s update=7.4s)
  [diag] inf dtype=torch.float32 shape=torch.Size([2048, 172]) nan=0 inf_vals=0 range=[0.00,41.00]
  [diag] scalar dtype=torch.float32 nan=0 range=[-0.950,1.125]
  [diag] card_logits nan=0 range=[-11.18,9.65]
  [diag] values nan=0 range=[-0.9795,0.9746]
[iter 136/200] steps=13282 rollout_wr=0.455 (ussr=0.800 us=0.110) pl=-0.0160 vl=0.0629 ent=4.590 clip=0.078 kl=0.0034 t=20.4s (rollout=13.1s update=7.3s)
  [diag] inf dtype=torch.float32 shape=torch.Size([2048, 172]) nan=0 inf_vals=0 range=[0.00,46.00]
  [diag] scalar dtype=torch.float32 nan=0 range=[-0.950,1.000]
  [diag] card_logits nan=0 range=[-12.30,10.22]
  [diag] values nan=0 range=[-0.9668,0.9866]
[iter 137/200] steps=13647 rollout_wr=0.415 (ussr=0.660 us=0.170) pl=-0.0177 vl=0.0750 ent=4.573 clip=0.112 kl=0.0047 t=22.3s (rollout=14.0s update=8.3s)
  [diag] inf dtype=torch.float32 shape=torch.Size([2048, 172]) nan=0 inf_vals=0 range=[0.00,43.00]
  [diag] scalar dtype=torch.float32 nan=0 range=[-0.950,1.000]
  [diag] card_logits nan=0 range=[-13.80,8.83]
  [diag] values nan=0 range=[-0.9727,0.9830]
[iter 138/200] steps=13095 rollout_wr=0.475 (ussr=0.640 us=0.310) pl=-0.0167 vl=0.0853 ent=4.563 clip=0.097 kl=0.0044 t=21.1s (rollout=13.6s update=7.5s)
  [diag] inf dtype=torch.float32 shape=torch.Size([2048, 172]) nan=0 inf_vals=0 range=[0.00,45.00]
  [diag] scalar dtype=torch.float32 nan=0 range=[-0.900,1.125]
  [diag] card_logits nan=0 range=[-12.09,9.74]
  [diag] values nan=0 range=[-0.9757,0.9521]
[iter 139/200] steps=13325 rollout_wr=0.455 (ussr=0.720 us=0.190) pl=-0.0169 vl=0.0821 ent=4.584 clip=0.112 kl=0.0052 t=20.7s (rollout=13.2s update=7.5s)
  Saved to league pool: data/checkpoints/ppo_v9_league/iter_0140.pt
  [diag] inf dtype=torch.float32 shape=torch.Size([2048, 172]) nan=0 inf_vals=0 range=[0.00,42.00]
  [diag] scalar dtype=torch.float32 nan=0 range=[-0.950,1.000]
  [diag] card_logits nan=0 range=[-16.10,9.50]
  [diag] values nan=0 range=[-0.9350,0.9556]
[iter 140/200] steps=12024 rollout_wr=0.690 (ussr=0.870 us=0.510) pl=-0.0171 vl=0.0871 ent=4.638 clip=0.090 kl=0.0041 t=26.6s (rollout=19.5s update=7.1s)
  Running benchmark (500 games each side)...
  Benchmark: USSR=0.952 US=0.668 combined=0.810 (82s)
  [diag] inf dtype=torch.float32 shape=torch.Size([2048, 172]) nan=0 inf_vals=0 range=[0.00,44.00]
  [diag] scalar dtype=torch.float32 nan=0 range=[-0.850,1.125]
  [diag] card_logits nan=0 range=[-11.70,9.32]
  [diag] values nan=0 range=[-0.9742,0.9863]
[iter 141/200] steps=13222 rollout_wr=0.420 (ussr=0.710 us=0.130) pl=-0.0173 vl=0.0685 ent=4.588 clip=0.094 kl=0.0040 t=21.1s (rollout=13.2s update=7.9s)
  [diag] inf dtype=torch.float32 shape=torch.Size([2048, 172]) nan=0 inf_vals=0 range=[0.00,51.00]
  [diag] scalar dtype=torch.float32 nan=0 range=[-0.850,1.125]
  [diag] card_logits nan=0 range=[-11.76,8.80]
  [diag] values nan=0 range=[-0.9790,0.9834]
[iter 142/200] steps=13634 rollout_wr=0.420 (ussr=0.660 us=0.180) pl=-0.0166 vl=0.0816 ent=4.639 clip=0.106 kl=0.0046 t=21.6s (rollout=13.7s update=7.8s)
  [diag] inf dtype=torch.float32 shape=torch.Size([2048, 172]) nan=0 inf_vals=0 range=[0.00,46.00]
  [diag] scalar dtype=torch.float32 nan=0 range=[-0.900,1.000]
  [diag] card_logits nan=0 range=[-12.30,9.49]
  [diag] values nan=0 range=[-0.9552,0.9801]
[iter 143/200] steps=13265 rollout_wr=0.450 (ussr=0.740 us=0.160) pl=-0.0180 vl=0.0737 ent=4.636 clip=0.091 kl=0.0040 t=21.4s (rollout=13.9s update=7.5s)
  [diag] inf dtype=torch.float32 shape=torch.Size([2048, 172]) nan=0 inf_vals=0 range=[0.00,45.00]
  [diag] scalar dtype=torch.float32 nan=0 range=[-0.950,1.000]
  [diag] card_logits nan=0 range=[-16.09,9.66]
  [diag] values nan=0 range=[-0.9457,0.9569]
[iter 144/200] steps=12226 rollout_wr=0.680 (ussr=0.910 us=0.450) pl=-0.0163 vl=0.0899 ent=4.690 clip=0.076 kl=0.0036 t=28.0s (rollout=20.4s update=7.5s)
  [diag] inf dtype=torch.float32 shape=torch.Size([2048, 172]) nan=0 inf_vals=0 range=[0.00,53.00]
  [diag] scalar dtype=torch.float32 nan=0 range=[-0.800,1.000]
  [diag] card_logits nan=0 range=[-11.65,9.44]
  [diag] values nan=0 range=[-0.9625,0.9933]
[iter 145/200] steps=13486 rollout_wr=0.450 (ussr=0.730 us=0.170) pl=-0.0155 vl=0.0772 ent=4.645 clip=0.095 kl=0.0041 t=21.1s (rollout=13.6s update=7.5s)
  [diag] inf dtype=torch.float32 shape=torch.Size([2048, 172]) nan=0 inf_vals=0 range=[0.00,65.00]
  [diag] scalar dtype=torch.float32 nan=0 range=[-0.850,1.125]
  [diag] card_logits nan=0 range=[-11.20,9.15]
  [diag] values nan=0 range=[-0.9423,0.9790]
[iter 146/200] steps=13277 rollout_wr=0.380 (ussr=0.630 us=0.130) pl=-0.0177 vl=0.0724 ent=4.660 clip=0.066 kl=0.0030 t=21.1s (rollout=13.2s update=7.8s)
  [diag] inf dtype=torch.float32 shape=torch.Size([2048, 172]) nan=0 inf_vals=0 range=[0.00,48.00]
  [diag] scalar dtype=torch.float32 nan=0 range=[-0.900,1.125]
  [diag] card_logits nan=0 range=[-13.82,9.67]
  [diag] values nan=0 range=[-0.9632,0.9602]
[iter 147/200] steps=12720 rollout_wr=0.475 (ussr=0.750 us=0.200) pl=-0.0191 vl=0.0794 ent=4.606 clip=0.069 kl=0.0033 t=20.6s (rollout=12.9s update=7.7s)
  [diag] inf dtype=torch.float32 shape=torch.Size([2048, 172]) nan=0 inf_vals=0 range=[0.00,32.00]
  [diag] scalar dtype=torch.float32 nan=0 range=[-0.950,1.000]
  [diag] card_logits nan=0 range=[-17.27,9.00]
  [diag] values nan=0 range=[-0.9362,0.9358]
[iter 148/200] steps=11719 rollout_wr=0.735 (ussr=0.930 us=0.540) pl=-0.0157 vl=0.0868 ent=4.651 clip=0.078 kl=0.0035 t=26.6s (rollout=19.7s update=6.8s)
  [diag] inf dtype=torch.float32 shape=torch.Size([2048, 172]) nan=0 inf_vals=0 range=[0.00,42.00]
  [diag] scalar dtype=torch.float32 nan=0 range=[-0.950,1.000]
  [diag] card_logits nan=0 range=[-14.82,9.03]
  [diag] values nan=0 range=[-0.9294,0.9419]
[iter 149/200] steps=11960 rollout_wr=0.725 (ussr=0.930 us=0.520) pl=-0.0173 vl=0.0864 ent=4.609 clip=0.078 kl=0.0034 t=27.3s (rollout=20.3s update=7.1s)
  [diag] inf dtype=torch.float32 shape=torch.Size([2048, 172]) nan=0 inf_vals=0 range=[0.00,43.00]
  [diag] scalar dtype=torch.float32 nan=0 range=[-0.850,1.000]
  [diag] card_logits nan=0 range=[-11.10,9.21]
  [diag] values nan=0 range=[-0.9573,0.9941]
[iter 150/200] steps=12984 rollout_wr=0.375 (ussr=0.640 us=0.110) pl=-0.0197 vl=0.0773 ent=4.571 clip=0.103 kl=0.0043 t=20.9s (rollout=13.2s update=7.7s)
  [diag] inf dtype=torch.float32 shape=torch.Size([2048, 172]) nan=0 inf_vals=0 range=[0.00,45.00]
  [diag] scalar dtype=torch.float32 nan=0 range=[-0.950,1.250]
  [diag] card_logits nan=0 range=[-12.21,8.03]
  [diag] values nan=0 range=[-0.9683,0.9820]
[iter 151/200] steps=13270 rollout_wr=0.380 (ussr=0.580 us=0.180) pl=-0.0161 vl=0.0883 ent=4.545 clip=0.062 kl=0.0030 t=21.4s (rollout=13.6s update=7.8s)
  [diag] inf dtype=torch.float32 shape=torch.Size([2048, 172]) nan=0 inf_vals=0 range=[0.00,60.00]
  [diag] scalar dtype=torch.float32 nan=0 range=[-0.900,1.125]
  [diag] card_logits nan=0 range=[-13.14,10.04]
  [diag] values nan=0 range=[-0.9720,0.9779]
[iter 152/200] steps=12987 rollout_wr=0.440 (ussr=0.720 us=0.160) pl=-0.0147 vl=0.0723 ent=4.558 clip=0.071 kl=0.0033 t=20.7s (rollout=13.1s update=7.6s)
  [diag] inf dtype=torch.float32 shape=torch.Size([2048, 172]) nan=0 inf_vals=0 range=[0.00,45.00]
  [diag] scalar dtype=torch.float32 nan=0 range=[-0.850,1.125]
  [diag] card_logits nan=0 range=[-11.40,8.55]
  [diag] values nan=0 range=[-0.9773,0.9761]
[iter 153/200] steps=13017 rollout_wr=0.460 (ussr=0.770 us=0.150) pl=-0.0146 vl=0.0739 ent=4.522 clip=0.100 kl=0.0046 t=20.0s (rollout=12.8s update=7.2s)
  [diag] inf dtype=torch.float32 shape=torch.Size([2048, 172]) nan=0 inf_vals=0 range=[0.00,51.00]
  [diag] scalar dtype=torch.float32 nan=0 range=[-0.900,1.250]
  [diag] card_logits nan=0 range=[-13.29,9.94]
  [diag] values nan=0 range=[-0.9725,0.9779]
[iter 154/200] steps=13237 rollout_wr=0.455 (ussr=0.770 us=0.140) pl=-0.0162 vl=0.0726 ent=4.547 clip=0.080 kl=0.0039 t=21.3s (rollout=13.4s update=7.9s)
  [diag] inf dtype=torch.float32 shape=torch.Size([2048, 172]) nan=0 inf_vals=0 range=[0.00,44.00]
  [diag] scalar dtype=torch.float32 nan=0 range=[-0.950,1.125]
  [diag] card_logits nan=0 range=[-12.15,9.68]
  [diag] values nan=0 range=[-0.9807,0.9873]
[iter 155/200] steps=13435 rollout_wr=0.375 (ussr=0.620 us=0.130) pl=-0.0181 vl=0.0723 ent=4.526 clip=0.103 kl=0.0041 t=21.8s (rollout=13.6s update=8.2s)
  [diag] inf dtype=torch.float32 shape=torch.Size([2048, 172]) nan=0 inf_vals=0 range=[0.00,44.00]
  [diag] scalar dtype=torch.float32 nan=0 range=[-0.950,1.000]
  [diag] card_logits nan=0 range=[-12.43,9.66]
  [diag] values nan=0 range=[-0.9682,0.9534]
[iter 156/200] steps=13356 rollout_wr=0.500 (ussr=0.680 us=0.320) pl=-0.0149 vl=0.0842 ent=4.517 clip=0.072 kl=0.0033 t=21.3s (rollout=13.7s update=7.6s)
  [diag] inf dtype=torch.float32 shape=torch.Size([2048, 172]) nan=0 inf_vals=0 range=[0.00,49.00]
  [diag] scalar dtype=torch.float32 nan=0 range=[-0.900,1.125]
  [diag] card_logits nan=0 range=[-12.15,9.41]
  [diag] values nan=0 range=[-0.9754,0.9589]
[iter 157/200] steps=12873 rollout_wr=0.390 (ussr=0.650 us=0.130) pl=-0.0165 vl=0.0799 ent=4.490 clip=0.087 kl=0.0035 t=20.4s (rollout=12.9s update=7.5s)
  [diag] inf dtype=torch.float32 shape=torch.Size([2048, 172]) nan=0 inf_vals=0 range=[0.00,54.00]
  [diag] scalar dtype=torch.float32 nan=0 range=[-0.950,1.000]
  [diag] card_logits nan=0 range=[-14.42,9.15]
  [diag] values nan=0 range=[-0.9684,0.9732]
[iter 158/200] steps=13405 rollout_wr=0.505 (ussr=0.720 us=0.290) pl=-0.0191 vl=0.0831 ent=4.457 clip=0.091 kl=0.0040 t=21.6s (rollout=13.6s update=8.0s)
  [diag] inf dtype=torch.float32 shape=torch.Size([2048, 172]) nan=0 inf_vals=0 range=[0.00,37.00]
  [diag] scalar dtype=torch.float32 nan=0 range=[-0.900,1.000]
  [diag] card_logits nan=0 range=[-15.44,8.45]
  [diag] values nan=0 range=[-0.9697,0.9623]
[iter 159/200] steps=12850 rollout_wr=0.450 (ussr=0.690 us=0.210) pl=-0.0139 vl=0.0949 ent=4.456 clip=0.062 kl=0.0032 t=20.5s (rollout=13.1s update=7.4s)
  Saved to league pool: data/checkpoints/ppo_v9_league/iter_0160.pt
  [diag] inf dtype=torch.float32 shape=torch.Size([2048, 172]) nan=0 inf_vals=0 range=[0.00,48.00]
  [diag] scalar dtype=torch.float32 nan=0 range=[-0.950,1.125]
  [diag] card_logits nan=0 range=[-13.77,9.05]
  [diag] values nan=0 range=[-0.9710,0.9680]
[iter 160/200] steps=13202 rollout_wr=0.350 (ussr=0.530 us=0.170) pl=-0.0183 vl=0.0878 ent=4.507 clip=0.081 kl=0.0036 t=21.4s (rollout=13.7s update=7.7s)
  Running benchmark (500 games each side)...
  Benchmark: USSR=0.952 US=0.654 combined=0.803 (86s)
  [diag] inf dtype=torch.float32 shape=torch.Size([2048, 172]) nan=0 inf_vals=0 range=[0.00,45.00]
  [diag] scalar dtype=torch.float32 nan=0 range=[-0.900,1.125]
  [diag] card_logits nan=0 range=[-13.87,10.33]
  [diag] values nan=0 range=[-0.9707,0.9424]
[iter 161/200] steps=12818 rollout_wr=0.410 (ussr=0.630 us=0.190) pl=-0.0197 vl=0.0840 ent=4.504 clip=0.066 kl=0.0030 t=20.3s (rollout=13.0s update=7.3s)
  [diag] inf dtype=torch.float32 shape=torch.Size([2048, 172]) nan=0 inf_vals=0 range=[0.00,43.00]
  [diag] scalar dtype=torch.float32 nan=0 range=[-0.850,1.125]
  [diag] card_logits nan=0 range=[-14.36,9.52]
  [diag] values nan=0 range=[-0.9644,0.9425]
[iter 162/200] steps=13180 rollout_wr=0.440 (ussr=0.680 us=0.200) pl=-0.0167 vl=0.0762 ent=4.424 clip=0.083 kl=0.0040 t=21.1s (rollout=13.1s update=7.9s)
  [diag] inf dtype=torch.float32 shape=torch.Size([2048, 172]) nan=0 inf_vals=0 range=[0.00,44.00]
  [diag] scalar dtype=torch.float32 nan=0 range=[-0.900,1.125]
  [diag] card_logits nan=0 range=[-13.75,8.87]
  [diag] values nan=0 range=[-0.9690,0.9768]
[iter 163/200] steps=13209 rollout_wr=0.480 (ussr=0.760 us=0.200) pl=-0.0178 vl=0.0702 ent=4.459 clip=0.068 kl=0.0032 t=20.9s (rollout=13.5s update=7.3s)
  [diag] inf dtype=torch.float32 shape=torch.Size([2048, 172]) nan=0 inf_vals=0 range=[0.00,54.00]
  [diag] scalar dtype=torch.float32 nan=0 range=[-0.667,1.125]
  [diag] card_logits nan=0 range=[-13.81,9.61]
  [diag] values nan=0 range=[-0.9778,0.9694]
[iter 164/200] steps=13204 rollout_wr=0.455 (ussr=0.650 us=0.260) pl=-0.0163 vl=0.0866 ent=4.484 clip=0.054 kl=0.0027 t=21.4s (rollout=13.5s update=8.0s)
  [diag] inf dtype=torch.float32 shape=torch.Size([2048, 172]) nan=0 inf_vals=0 range=[0.00,53.00]
  [diag] scalar dtype=torch.float32 nan=0 range=[-0.900,1.000]
  [diag] card_logits nan=0 range=[-14.76,9.61]
  [diag] values nan=0 range=[-0.9723,0.9739]
[iter 165/200] steps=13408 rollout_wr=0.470 (ussr=0.710 us=0.230) pl=-0.0150 vl=0.0872 ent=4.463 clip=0.067 kl=0.0032 t=21.3s (rollout=13.5s update=7.8s)
  [diag] inf dtype=torch.float32 shape=torch.Size([2048, 172]) nan=0 inf_vals=0 range=[0.00,46.00]
  [diag] scalar dtype=torch.float32 nan=0 range=[-0.950,1.000]
  [diag] card_logits nan=0 range=[-13.98,9.43]
  [diag] values nan=0 range=[-0.9714,0.9711]
[iter 166/200] steps=12803 rollout_wr=0.555 (ussr=0.780 us=0.330) pl=-0.0183 vl=0.0733 ent=4.417 clip=0.074 kl=0.0033 t=20.9s (rollout=13.6s update=7.3s)
  [diag] inf dtype=torch.float32 shape=torch.Size([2048, 172]) nan=0 inf_vals=0 range=[0.00,42.00]
  [diag] scalar dtype=torch.float32 nan=0 range=[-0.900,1.125]
  [diag] card_logits nan=0 range=[-12.92,9.37]
  [diag] values nan=0 range=[-0.9557,0.9791]
[iter 167/200] steps=12981 rollout_wr=0.400 (ussr=0.580 us=0.220) pl=-0.0154 vl=0.0953 ent=4.374 clip=0.062 kl=0.0038 t=21.1s (rollout=13.5s update=7.6s)
  [diag] inf dtype=torch.float32 shape=torch.Size([2048, 172]) nan=0 inf_vals=0 range=[0.00,72.00]
  [diag] scalar dtype=torch.float32 nan=0 range=[-0.900,1.125]
  [diag] card_logits nan=0 range=[-13.92,9.61]
  [diag] values nan=0 range=[-0.9667,0.9659]
[iter 168/200] steps=12988 rollout_wr=0.420 (ussr=0.630 us=0.210) pl=-0.0158 vl=0.0910 ent=4.403 clip=0.091 kl=0.0040 t=20.8s (rollout=13.2s update=7.6s)
  [diag] inf dtype=torch.float32 shape=torch.Size([2048, 172]) nan=0 inf_vals=0 range=[0.00,45.00]
  [diag] scalar dtype=torch.float32 nan=0 range=[-0.950,1.125]
  [diag] card_logits nan=0 range=[-13.02,8.87]
  [diag] values nan=0 range=[-0.9607,0.9816]
[iter 169/200] steps=13069 rollout_wr=0.375 (ussr=0.600 us=0.150) pl=-0.0171 vl=0.0805 ent=4.469 clip=0.088 kl=0.0052 t=20.7s (rollout=13.3s update=7.5s)
  [diag] inf dtype=torch.float32 shape=torch.Size([2048, 172]) nan=0 inf_vals=0 range=[0.00,51.00]
  [diag] scalar dtype=torch.float32 nan=0 range=[-0.950,1.250]
  [diag] card_logits nan=0 range=[-12.91,9.52]
  [diag] values nan=0 range=[-0.9675,0.9816]
[iter 170/200] steps=13080 rollout_wr=0.425 (ussr=0.670 us=0.180) pl=-0.0148 vl=0.0846 ent=4.377 clip=0.085 kl=0.0041 t=21.1s (rollout=13.5s update=7.5s)
  [diag] inf dtype=torch.float32 shape=torch.Size([2048, 172]) nan=0 inf_vals=0 range=[0.00,46.00]
  [diag] scalar dtype=torch.float32 nan=0 range=[-0.950,1.000]
  [diag] card_logits nan=0 range=[-12.97,9.42]
  [diag] values nan=0 range=[-0.9667,0.9754]
[iter 171/200] steps=13179 rollout_wr=0.405 (ussr=0.570 us=0.240) pl=-0.0167 vl=0.0926 ent=4.407 clip=0.080 kl=0.0038 t=21.0s (rollout=13.6s update=7.4s)
  [diag] inf dtype=torch.float32 shape=torch.Size([2048, 172]) nan=0 inf_vals=0 range=[0.00,48.00]
  [diag] scalar dtype=torch.float32 nan=0 range=[-0.950,1.125]
  [diag] card_logits nan=0 range=[-12.71,8.83]
  [diag] values nan=0 range=[-0.9570,0.9682]
[iter 172/200] steps=13302 rollout_wr=0.405 (ussr=0.670 us=0.140) pl=-0.0182 vl=0.0709 ent=4.352 clip=0.066 kl=0.0031 t=20.5s (rollout=13.2s update=7.3s)
  [diag] inf dtype=torch.float32 shape=torch.Size([2048, 172]) nan=0 inf_vals=0 range=[0.00,45.00]
  [diag] scalar dtype=torch.float32 nan=0 range=[-0.950,1.125]
  [diag] card_logits nan=0 range=[-15.97,9.65]
  [diag] values nan=0 range=[-0.9418,0.9653]
[iter 173/200] steps=11699 rollout_wr=0.670 (ussr=0.830 us=0.510) pl=-0.0186 vl=0.1071 ent=4.456 clip=0.108 kl=0.0050 t=26.8s (rollout=19.6s update=7.2s)
  [diag] inf dtype=torch.float32 shape=torch.Size([2048, 172]) nan=0 inf_vals=0 range=[0.00,42.00]
  [diag] scalar dtype=torch.float32 nan=0 range=[-0.950,1.125]
  [diag] card_logits nan=0 range=[-15.41,9.11]
  [diag] values nan=0 range=[-0.9357,0.9447]
[iter 174/200] steps=11635 rollout_wr=0.735 (ussr=0.840 us=0.630) pl=-0.0169 vl=0.0921 ent=4.442 clip=0.081 kl=0.0036 t=25.6s (rollout=19.0s update=6.6s)
  [diag] inf dtype=torch.float32 shape=torch.Size([2048, 172]) nan=0 inf_vals=0 range=[0.00,45.00]
  [diag] scalar dtype=torch.float32 nan=0 range=[-0.800,1.000]
  [diag] card_logits nan=0 range=[-12.71,9.56]
  [diag] values nan=0 range=[-0.9445,0.9772]
[iter 175/200] steps=13059 rollout_wr=0.415 (ussr=0.680 us=0.150) pl=-0.0183 vl=0.0866 ent=4.475 clip=0.120 kl=0.0057 t=21.1s (rollout=13.3s update=7.8s)
  [diag] inf dtype=torch.float32 shape=torch.Size([2048, 172]) nan=0 inf_vals=0 range=[0.00,49.00]
  [diag] scalar dtype=torch.float32 nan=0 range=[-0.850,1.000]
  [diag] card_logits nan=0 range=[-11.46,9.35]
  [diag] values nan=0 range=[-0.9718,0.9631]
[iter 176/200] steps=13257 rollout_wr=0.460 (ussr=0.690 us=0.230) pl=-0.0183 vl=0.0854 ent=4.454 clip=0.079 kl=0.0036 t=21.2s (rollout=13.2s update=7.9s)
  [diag] inf dtype=torch.float32 shape=torch.Size([2048, 172]) nan=0 inf_vals=0 range=[0.00,54.00]
  [diag] scalar dtype=torch.float32 nan=0 range=[-0.900,1.000]
  [diag] card_logits nan=0 range=[-12.55,9.54]
  [diag] values nan=0 range=[-0.9618,0.9770]
[iter 177/200] steps=12931 rollout_wr=0.460 (ussr=0.650 us=0.270) pl=-0.0226 vl=0.0933 ent=4.420 clip=0.093 kl=0.0040 t=20.6s (rollout=13.2s update=7.4s)
  [diag] inf dtype=torch.float32 shape=torch.Size([2048, 172]) nan=0 inf_vals=0 range=[0.00,47.00]
  [diag] scalar dtype=torch.float32 nan=0 range=[-0.900,1.125]
  [diag] card_logits nan=0 range=[-13.96,9.37]
  [diag] values nan=0 range=[-0.9547,0.9786]
[iter 178/200] steps=13399 rollout_wr=0.480 (ussr=0.700 us=0.260) pl=-0.0160 vl=0.0911 ent=4.436 clip=0.068 kl=0.0031 t=21.4s (rollout=13.6s update=7.8s)
  [diag] inf dtype=torch.float32 shape=torch.Size([2048, 172]) nan=0 inf_vals=0 range=[0.00,55.00]
  [diag] scalar dtype=torch.float32 nan=0 range=[-0.800,1.125]
  [diag] card_logits nan=0 range=[-11.84,9.61]
  [diag] values nan=0 range=[-0.9643,0.9495]
[iter 179/200] steps=12981 rollout_wr=0.455 (ussr=0.710 us=0.200) pl=-0.0180 vl=0.0793 ent=4.454 clip=0.072 kl=0.0032 t=20.5s (rollout=13.1s update=7.4s)
  Saved to league pool: data/checkpoints/ppo_v9_league/iter_0180.pt
  [diag] inf dtype=torch.float32 shape=torch.Size([2048, 172]) nan=0 inf_vals=0 range=[0.00,48.00]
  [diag] scalar dtype=torch.float32 nan=0 range=[-0.900,1.125]
  [diag] card_logits nan=0 range=[-11.54,8.88]
  [diag] values nan=0 range=[-0.9751,0.9697]
[iter 180/200] steps=13035 rollout_wr=0.445 (ussr=0.680 us=0.210) pl=-0.0172 vl=0.0795 ent=4.462 clip=0.054 kl=0.0027 t=21.0s (rollout=13.5s update=7.5s)
  Running benchmark (500 games each side)...
  Benchmark: USSR=0.932 US=0.646 combined=0.789 (85s)
  [diag] inf dtype=torch.float32 shape=torch.Size([2048, 172]) nan=0 inf_vals=0 range=[0.00,38.00]
  [diag] scalar dtype=torch.float32 nan=0 range=[-0.950,1.125]
  [diag] card_logits nan=0 range=[-13.69,9.16]
  [diag] values nan=0 range=[-0.9650,0.9716]
[iter 181/200] steps=13331 rollout_wr=0.550 (ussr=0.760 us=0.340) pl=-0.0178 vl=0.0946 ent=4.368 clip=0.097 kl=0.0043 t=21.3s (rollout=14.0s update=7.3s)
  [diag] inf dtype=torch.float32 shape=torch.Size([2048, 172]) nan=0 inf_vals=0 range=[0.00,63.00]
  [diag] scalar dtype=torch.float32 nan=0 range=[-0.850,1.125]
  [diag] card_logits nan=0 range=[-13.77,9.30]
  [diag] values nan=0 range=[-0.9735,0.9772]
[iter 182/200] steps=13635 rollout_wr=0.375 (ussr=0.570 us=0.180) pl=-0.0163 vl=0.0812 ent=4.431 clip=0.090 kl=0.0038 t=22.1s (rollout=13.8s update=8.3s)
  [diag] inf dtype=torch.float32 shape=torch.Size([2048, 172]) nan=0 inf_vals=0 range=[0.00,48.00]
  [diag] scalar dtype=torch.float32 nan=0 range=[-0.700,1.125]
  [diag] card_logits nan=0 range=[-13.38,9.16]
  [diag] values nan=0 range=[-0.9813,0.9697]
[iter 183/200] steps=13270 rollout_wr=0.380 (ussr=0.650 us=0.110) pl=-0.0165 vl=0.0742 ent=4.481 clip=0.074 kl=0.0034 t=21.4s (rollout=13.6s update=7.7s)
  [diag] inf dtype=torch.float32 shape=torch.Size([2048, 172]) nan=0 inf_vals=0 range=[0.00,50.00]
  [diag] scalar dtype=torch.float32 nan=0 range=[-0.950,1.000]
  [diag] card_logits nan=0 range=[-17.16,9.88]
  [diag] values nan=0 range=[-0.9391,0.9447]
[iter 184/200] steps=11573 rollout_wr=0.700 (ussr=0.870 us=0.530) pl=-0.0176 vl=0.1048 ent=4.452 clip=0.094 kl=0.0040 t=26.1s (rollout=19.4s update=6.7s)
  [diag] inf dtype=torch.float32 shape=torch.Size([2048, 172]) nan=0 inf_vals=0 range=[0.00,50.00]
  [diag] scalar dtype=torch.float32 nan=0 range=[-0.950,1.000]
  [diag] card_logits nan=0 range=[-15.08,9.85]
  [diag] values nan=0 range=[-0.9639,0.9801]
[iter 185/200] steps=13119 rollout_wr=0.550 (ussr=0.780 us=0.320) pl=-0.0166 vl=0.0856 ent=4.370 clip=0.092 kl=0.0042 t=21.2s (rollout=13.4s update=7.8s)
  [diag] inf dtype=torch.float32 shape=torch.Size([2048, 172]) nan=0 inf_vals=0 range=[0.00,62.00]
  [diag] scalar dtype=torch.float32 nan=0 range=[-0.900,1.125]
  [diag] card_logits nan=0 range=[-13.64,9.91]
  [diag] values nan=0 range=[-0.9587,0.9716]
[iter 186/200] steps=12696 rollout_wr=0.420 (ussr=0.700 us=0.140) pl=-0.0201 vl=0.0784 ent=4.506 clip=0.078 kl=0.0036 t=20.6s (rollout=13.0s update=7.5s)
  [diag] inf dtype=torch.float32 shape=torch.Size([2048, 172]) nan=0 inf_vals=0 range=[0.00,57.00]
  [diag] scalar dtype=torch.float32 nan=0 range=[-0.950,1.000]
  [diag] card_logits nan=0 range=[-17.22,9.34]
  [diag] values nan=0 range=[-0.9392,0.9236]
[iter 187/200] steps=11684 rollout_wr=0.730 (ussr=0.920 us=0.540) pl=-0.0168 vl=0.0936 ent=4.412 clip=0.100 kl=0.0044 t=26.6s (rollout=19.6s update=7.0s)
  [diag] inf dtype=torch.float32 shape=torch.Size([2048, 172]) nan=0 inf_vals=0 range=[0.00,41.00]
  [diag] scalar dtype=torch.float32 nan=0 range=[-0.950,1.000]
  [diag] card_logits nan=0 range=[-12.95,9.35]
  [diag] values nan=0 range=[-0.9742,0.9850]
[iter 188/200] steps=12744 rollout_wr=0.540 (ussr=0.820 us=0.260) pl=-0.0179 vl=0.0810 ent=4.437 clip=0.101 kl=0.0041 t=20.4s (rollout=13.1s update=7.3s)
  [diag] inf dtype=torch.float32 shape=torch.Size([2048, 172]) nan=0 inf_vals=0 range=[0.00,45.00]
  [diag] scalar dtype=torch.float32 nan=0 range=[-0.950,1.125]
  [diag] card_logits nan=0 range=[-16.49,9.56]
  [diag] values nan=0 range=[-0.8806,0.9617]
[iter 189/200] steps=11612 rollout_wr=0.730 (ussr=0.880 us=0.580) pl=-0.0189 vl=0.0977 ent=4.374 clip=0.115 kl=0.0054 t=25.9s (rollout=19.3s update=6.6s)
  [diag] inf dtype=torch.float32 shape=torch.Size([2048, 172]) nan=0 inf_vals=0 range=[0.00,49.00]
  [diag] scalar dtype=torch.float32 nan=0 range=[-0.950,1.000]
  [diag] card_logits nan=0 range=[-15.52,9.25]
  [diag] values nan=0 range=[-0.9084,0.9564]
[iter 190/200] steps=11631 rollout_wr=0.760 (ussr=0.870 us=0.650) pl=-0.0187 vl=0.0843 ent=4.338 clip=0.103 kl=0.0046 t=26.1s (rollout=19.0s update=7.1s)
  [diag] inf dtype=torch.float32 shape=torch.Size([2048, 172]) nan=0 inf_vals=0 range=[0.00,53.00]
  [diag] scalar dtype=torch.float32 nan=0 range=[-0.950,1.000]
  [diag] card_logits nan=0 range=[-15.99,9.49]
  [diag] values nan=0 range=[-0.9050,0.9780]
[iter 191/200] steps=11507 rollout_wr=0.700 (ussr=0.870 us=0.530) pl=-0.0194 vl=0.0878 ent=4.359 clip=0.121 kl=0.0053 t=26.0s (rollout=19.4s update=6.6s)
  [diag] inf dtype=torch.float32 shape=torch.Size([2048, 172]) nan=0 inf_vals=0 range=[0.00,45.00]
  [diag] scalar dtype=torch.float32 nan=0 range=[-0.900,1.125]
  [diag] card_logits nan=0 range=[-11.75,9.80]
  [diag] values nan=0 range=[-0.9739,0.9853]
[iter 192/200] steps=12933 rollout_wr=0.415 (ussr=0.680 us=0.150) pl=-0.0130 vl=0.0875 ent=4.436 clip=0.135 kl=0.0064 t=21.0s (rollout=13.5s update=7.6s)
  [diag] inf dtype=torch.float32 shape=torch.Size([2048, 172]) nan=0 inf_vals=0 range=[0.00,57.00]
  [diag] scalar dtype=torch.float32 nan=0 range=[-0.900,1.125]
  [diag] card_logits nan=0 range=[-12.97,10.04]
  [diag] values nan=0 range=[-0.9878,0.9751]
[iter 193/200] steps=13088 rollout_wr=0.405 (ussr=0.580 us=0.230) pl=-0.0194 vl=0.0945 ent=4.433 clip=0.121 kl=0.0064 t=21.8s (rollout=14.0s update=7.8s)
  [diag] inf dtype=torch.float32 shape=torch.Size([2048, 172]) nan=0 inf_vals=0 range=[0.00,48.00]
  [diag] scalar dtype=torch.float32 nan=0 range=[-0.900,1.125]
  [diag] card_logits nan=0 range=[-15.97,9.62]
  [diag] values nan=0 range=[-0.9787,0.9551]
[iter 194/200] steps=13264 rollout_wr=0.480 (ussr=0.700 us=0.260) pl=-0.0174 vl=0.0886 ent=4.356 clip=0.104 kl=0.0045 t=21.4s (rollout=13.8s update=7.5s)
  [diag] inf dtype=torch.float32 shape=torch.Size([2048, 172]) nan=0 inf_vals=0 range=[0.00,52.00]
  [diag] scalar dtype=torch.float32 nan=0 range=[-0.950,1.000]
  [diag] card_logits nan=0 range=[-13.70,9.63]
  [diag] values nan=0 range=[-0.9631,0.9486]
[iter 195/200] steps=13094 rollout_wr=0.480 (ussr=0.720 us=0.240) pl=-0.0167 vl=0.0790 ent=4.392 clip=0.080 kl=0.0036 t=20.8s (rollout=13.1s update=7.7s)
  [diag] inf dtype=torch.float32 shape=torch.Size([2048, 172]) nan=0 inf_vals=0 range=[0.00,49.00]
  [diag] scalar dtype=torch.float32 nan=0 range=[-0.950,1.125]
  [diag] card_logits nan=0 range=[-13.26,9.68]
  [diag] values nan=0 range=[-0.9602,0.9727]
[iter 196/200] steps=13551 rollout_wr=0.550 (ussr=0.790 us=0.310) pl=-0.0160 vl=0.0881 ent=4.361 clip=0.097 kl=0.0042 t=22.0s (rollout=14.2s update=7.8s)
  [diag] inf dtype=torch.float32 shape=torch.Size([2048, 172]) nan=0 inf_vals=0 range=[0.00,52.00]
  [diag] scalar dtype=torch.float32 nan=0 range=[-0.850,1.125]
  [diag] card_logits nan=0 range=[-13.64,9.54]
  [diag] values nan=0 range=[-0.9717,0.9710]
[iter 197/200] steps=13010 rollout_wr=0.440 (ussr=0.640 us=0.240) pl=-0.0162 vl=0.0890 ent=4.427 clip=0.085 kl=0.0040 t=21.3s (rollout=13.7s update=7.6s)
  [diag] inf dtype=torch.float32 shape=torch.Size([2048, 172]) nan=0 inf_vals=0 range=[0.00,51.00]
  [diag] scalar dtype=torch.float32 nan=0 range=[-0.950,1.000]
  [diag] card_logits nan=0 range=[-12.98,9.99]
  [diag] values nan=0 range=[-0.9618,0.9821]
[iter 198/200] steps=13267 rollout_wr=0.495 (ussr=0.720 us=0.270) pl=-0.0167 vl=0.0720 ent=4.377 clip=0.076 kl=0.0034 t=20.6s (rollout=12.8s update=7.7s)
  [diag] inf dtype=torch.float32 shape=torch.Size([2048, 172]) nan=0 inf_vals=0 range=[0.00,47.00]
  [diag] scalar dtype=torch.float32 nan=0 range=[-0.950,1.000]
  [diag] card_logits nan=0 range=[-14.06,9.75]
  [diag] values nan=0 range=[-0.9692,0.9675]
[iter 199/200] steps=13405 rollout_wr=0.565 (ussr=0.770 us=0.360) pl=-0.0180 vl=0.0901 ent=4.353 clip=0.113 kl=0.0047 t=21.6s (rollout=14.0s update=7.6s)
  Saved to league pool: data/checkpoints/ppo_v9_league/iter_0200.pt
  [diag] inf dtype=torch.float32 shape=torch.Size([2048, 172]) nan=0 inf_vals=0 range=[0.00,63.00]
  [diag] scalar dtype=torch.float32 nan=0 range=[-0.900,1.000]
  [diag] card_logits nan=0 range=[-13.85,9.88]
  [diag] values nan=0 range=[-0.9713,0.9782]
[iter 200/200] steps=13499 rollout_wr=0.410 (ussr=0.660 us=0.160) pl=-0.0166 vl=0.0900 ent=4.387 clip=0.076 kl=0.0037 t=21.7s (rollout=14.1s update=7.5s)
wandb: updating run metadata
wandb: uploading output.log; uploading wandb-summary.json; uploading config.yaml
wandb: uploading history steps 198-199, summary, console lines 1037-1041
wandb: 
wandb: Run history:
wandb:               approx_kl ▅▅▆▆▁▂▄▁▃▂▂▂▃▁▄▁▄▁▂▂▂▅▃▂▁▂▁▄▂▁▁▃▃▁▃▃██▄▂
wandb:           clip_fraction ▄▃▆▃▃▃▃▇▅▃▁▄▂▅▂▃▂▁▇▂▄▂▃▁▄▄▄▄▅▂▆▆▂▃▂▂▃▃▆█
wandb:             combined_wr ▇▄▁▂▆██▇▆▆
wandb: core_scalar_weight_norm ▁▂▂▂▃▃▃▃▃▄▄▄▅▅▅▅▅▅▆▆▆▆▆▇▆▆▇▇▇▇▇▇▇▇▇▇▇▇▇█
wandb:                ent_coef ██████▇▇▇▇▇▆▆▆▆▆▆▆▆▅▅▅▄▄▄▃▃▃▃▃▃▃▃▂▂▁▁▁▁▁
wandb:                 entropy ▁▂▃▃▄▅▅▅▅▆▅▅▆▇▆▇▇▇▇██▇▆▇▇▄▅▅▅▅▅▆▄▄▄▁▃▃▃▁
wandb:             iter_time_s ▄▃██▂▂▁▂▂▂▂▂▂▂▃▃▂█▂▂▂▇▅▄▃▃▂▃▂▂▄▃▃▃▃▃██▃▃
wandb:                 n_steps ▅▆▄▄▃▆▅▆▆▅▅▆▆█▇▄▇▆▆▃▇▆▂▆▆▃▇▅▆▆▄▁▂▅▅▆▅▆▅▄
wandb:  new_scalar_weight_norm ▁▂▃▄▄▄▄▄▅▅▆▆▇▆▇▆▆▆▆▆▆▆▅▆▆▇▇███▇▇▇▆▅▇▇▇▆▆
wandb:             policy_loss ▄█▄▃▂▆▅▅▅▃▄▅▁▄▅▄▄▂▄▃▅▄▅▆▆▄▄▃▅▁▆▁▄▅▄▅▃▁▇▄
wandb:                    +103 ...
wandb: 
wandb: Run summary:
wandb:               approx_kl 0.00367
wandb:           clip_fraction 0.07607
wandb:             combined_wr 0.789
wandb: core_scalar_weight_norm 3.80499
wandb:                ent_coef 0.0102
wandb:                 entropy 4.38735
wandb:             iter_time_s 21.68861
wandb:                 n_steps 13499
wandb:  new_scalar_weight_norm 2.69817
wandb:             policy_loss -0.01665
wandb:                    +103 ...
wandb: 
wandb: 🚀 View run ppo_v9_scoring_tiers at: https://wandb.ai/korduban-ai/twilight-struggle-ai/runs/bmurhi6v
wandb: ⭐️ View project at: https://wandb.ai/korduban-ai/twilight-struggle-ai
wandb: Synced 5 W&B file(s), 0 media file(s), 0 artifact file(s) and 0 other file(s)
wandb: Find logs at: ./wandb/run-20260408_131711-bmurhi6v/logs
  Running benchmark (500 games each side)...
  Benchmark: USSR=0.954 US=0.624 combined=0.789 (86s)

Training complete in 87.4 minutes
Best combined WR: 0.815
Checkpoints in: data/checkpoints/ppo_v9_league
