[ppo_train_dynamic] starting at 2026-04-14T21:07:55Z
wandb: [wandb.login()] Loaded credentials for https://api.wandb.ai from WANDB_API_KEY.
wandb: Currently logged in as: dkorduban (korduban-ai) to https://api.wandb.ai. Use `wandb login --relogin` to force relogin
wandb: setting up run 6a47d769
wandb: Tracking run with wandb version 0.25.1
wandb: Run data is saved locally in /home/dkord/code/twilight-struggle-ai/wandb/run-20260414_140757-6a47d769
wandb: Run `wandb offline` to turn off syncing.
wandb: Syncing run ppo_v284_sc
wandb: ⭐️ View project at https://wandb.ai/korduban-ai/twilight-struggle-ai
wandb: 🚀 View run at https://wandb.ai/korduban-ai/twilight-struggle-ai/runs/6a47d769
Loading checkpoint: data/checkpoints/ppo_v283_sc_league/ppo_best.pt
  --reset-optimizer: skipping optimizer state restore, starting fresh Adam.

Starting PPO training: 30 iterations × 200 games/iter, side=both
Device: cuda, lr=5e-05, clip=0.12, ent=0.01, vf=0.5
League training enabled (pool: data/checkpoints/ppo_v284_sc_league, save-every=10)
  Saved to league pool: data/checkpoints/ppo_v284_sc_league/iter_0001.pt
  [league] self: self | ussr_pool: ['v264_sc_scripted', 'v263_sc_scripted'] | us_pool: ['v262_sc_scripted', 'v209_sc_scripted']
  [pfsp]
    [ussr] v264_sc_scripted: WR_ussr=0.63(n=197) WR_us=0.60(n=113) pfsp=0.933
    [ussr] v263_sc_scripted: WR_ussr=0.73(n=120) WR_us=0.60(n=144) pfsp=0.782
    [us] v262_sc_scripted: WR_ussr=0.70(n=122) WR_us=0.69(n=88) pfsp=0.851
    [us] v209_sc_scripted: WR_ussr=?(n=0) WR_us=0.63(n=118) pfsp=0.935
  [diag] inf dtype=torch.float32 shape=torch.Size([2048, 172]) nan=0 inf_vals=0 range=[0.00,29.00]
  [diag] scalar dtype=torch.float32 nan=0 range=[-0.800,1.000]
  [diag] card_logits nan=0 range=[-18.82,10.52]
  [diag] values nan=0 range=[-0.9457,0.9797]
[iter   1/30] steps= 2786 rollout_wr=0.619 (ussr=0.540 us=0.701) pl=-0.0242 vl=0.4312 ent=2.721 clip=0.227 kl=0.0112 t=20.1s (rollout=18.3s update=1.8s)
  [league] self: self | ussr_pool: ['iter_0001', 'iter_0001'] | us_pool: ['v266_sc_scripted', 'iter_0001']
  [pfsp]
    [ussr] iter_0001: WR_ussr=?(n=0) WR_us=?(n=0) pfsp=1.000
    [us] v266_sc_scripted: WR_ussr=0.64(n=214) WR_us=0.61(n=80) pfsp=0.949
    [us] iter_0001: WR_ussr=?(n=0) WR_us=?(n=0) pfsp=1.000
  [diag] inf dtype=torch.float32 shape=torch.Size([2048, 172]) nan=0 inf_vals=0 range=[0.00,43.00]
  [diag] scalar dtype=torch.float32 nan=0 range=[-0.600,1.000]
  [diag] card_logits nan=0 range=[-19.30,10.07]
  [diag] values nan=0 range=[-0.9444,0.9419]
[iter   2/30] steps= 2605 rollout_wr=0.569 (ussr=0.580 us=0.557) pl=-0.0154 vl=0.4163 ent=2.914 clip=0.125 kl=0.0040 t=27.9s (rollout=26.6s update=1.3s)
  [league] self: self | ussr_pool: ['iter_0001', 'v263_sc_scripted'] | us_pool: ['heuristic', 'iter_0001']
  [pfsp]
    [ussr] iter_0001: WR_ussr=0.60(n=80) WR_us=0.41(n=37) pfsp=0.960
    [ussr] v263_sc_scripted: WR_ussr=0.69(n=160) WR_us=0.60(n=144) pfsp=0.850
    [us] heuristic: WR_ussr=0.77(n=156) WR_us=0.62(n=158) pfsp=0.942
    [us] iter_0001: WR_ussr=0.60(n=80) WR_us=0.41(n=37) pfsp=0.964
  [diag] inf dtype=torch.float32 shape=torch.Size([2048, 172]) nan=0 inf_vals=0 range=[0.00,50.00]
  [diag] scalar dtype=torch.float32 nan=0 range=[-0.800,1.000]
  [diag] card_logits nan=0 range=[-18.69,11.53]
  [diag] values nan=0 range=[-0.9598,0.9229]
[iter   3/30] steps= 2907 rollout_wr=0.576 (ussr=0.640 us=0.510) pl=-0.0087 vl=0.3975 ent=2.799 clip=0.079 kl=0.0022 t=25.2s (rollout=23.9s update=1.4s)
  [league] self: self | ussr_pool: ['v205_sc_scripted', 'v266_sc_scripted'] | us_pool: ['v209_sc_scripted', 'heuristic']
  [pfsp]
    [ussr] v205_sc_scripted: WR_ussr=0.97(n=58) WR_us=?(n=0) pfsp=0.133
    [ussr] v266_sc_scripted: WR_ussr=0.64(n=214) WR_us=0.65(n=120) pfsp=0.927
    [us] v209_sc_scripted: WR_ussr=?(n=0) WR_us=0.65(n=156) pfsp=0.913
    [us] heuristic: WR_ussr=0.77(n=156) WR_us=0.62(n=198) pfsp=0.946
  [diag] inf dtype=torch.float32 shape=torch.Size([2048, 172]) nan=0 inf_vals=0 range=[0.00,45.00]
  [diag] scalar dtype=torch.float32 nan=0 range=[-0.800,1.000]
  [diag] card_logits nan=0 range=[-18.33,14.12]
  [diag] values nan=0 range=[-0.9518,0.9512]
[iter   4/30] steps= 2620 rollout_wr=0.675 (ussr=0.760 us=0.588) pl=-0.0084 vl=0.3908 ent=2.753 clip=0.083 kl=0.0024 t=21.9s (rollout=20.5s update=1.4s)
  [league] self: self | ussr_pool: ['v267_sc_scripted', 'v267_sc_scripted'] | us_pool: ['iter_0001', 'iter_0001']
  [pfsp]
    [ussr] v267_sc_scripted: WR_ussr=0.69(n=125) WR_us=0.58(n=149) pfsp=0.859
    [us] iter_0001: WR_ussr=0.57(n=120) WR_us=0.43(n=75) pfsp=0.978
  [diag] inf dtype=torch.float32 shape=torch.Size([2048, 172]) nan=0 inf_vals=0 range=[0.00,37.00]
  [diag] scalar dtype=torch.float32 nan=0 range=[-0.900,1.000]
  [diag] card_logits nan=0 range=[-17.22,10.27]
  [diag] values nan=0 range=[-0.9633,0.9124]
[iter   5/30] steps= 2715 rollout_wr=0.578 (ussr=0.700 us=0.446) pl=-0.0079 vl=0.4133 ent=2.714 clip=0.097 kl=0.0029 t=26.5s (rollout=25.2s update=1.2s)
  [league] self: self | ussr_pool: ['iter_0001', 'iter_0001'] | us_pool: ['v266_sc_scripted', 'iter_0001']
  [pfsp]
    [ussr] iter_0001: WR_ussr=0.57(n=120) WR_us=0.43(n=150) pfsp=0.982
    [us] v266_sc_scripted: WR_ussr=0.64(n=254) WR_us=0.65(n=120) pfsp=0.910
    [us] iter_0001: WR_ussr=0.57(n=120) WR_us=0.43(n=150) pfsp=0.978
  [diag] inf dtype=torch.float32 shape=torch.Size([2048, 172]) nan=0 inf_vals=0 range=[0.00,42.00]
  [diag] scalar dtype=torch.float32 nan=0 range=[-0.950,1.000]
  [diag] card_logits nan=0 range=[-18.65,11.31]
  [diag] values nan=0 range=[-0.9434,0.9344]
[iter   6/30] steps= 2892 rollout_wr=0.525 (ussr=0.540 us=0.510) pl=-0.0164 vl=0.4122 ent=2.691 clip=0.076 kl=0.0025 t=28.4s (rollout=27.1s update=1.3s)
  [league] self: self | ussr_pool: ['iter_0001', 'v266_sc_scripted'] | us_pool: ['v265_sc_scripted', 'iter_0001']
  [pfsp]
    [ussr] iter_0001: WR_ussr=0.56(n=200) WR_us=0.44(n=188) pfsp=0.983
    [ussr] v266_sc_scripted: WR_ussr=0.64(n=254) WR_us=0.64(n=160) pfsp=0.924
    [us] v265_sc_scripted: WR_ussr=0.70(n=228) WR_us=0.68(n=96) pfsp=0.875
    [us] iter_0001: WR_ussr=0.56(n=200) WR_us=0.44(n=188) pfsp=0.984
  [diag] inf dtype=torch.float32 shape=torch.Size([2048, 172]) nan=0 inf_vals=0 range=[0.00,42.00]
  [diag] scalar dtype=torch.float32 nan=0 range=[-0.900,1.000]
  [diag] card_logits nan=0 range=[-18.09,12.31]
  [diag] values nan=0 range=[-0.9376,0.9199]
[iter   7/30] steps= 2653 rollout_wr=0.657 (ussr=0.700 us=0.612) pl=-0.0169 vl=0.4038 ent=2.727 clip=0.084 kl=0.0025 t=23.8s (rollout=22.5s update=1.3s)
  [league] self: self | ussr_pool: ['v262_sc_scripted', 'iter_0001'] | us_pool: ['v266_sc_scripted', 'iter_0001']
  [pfsp]
    [ussr] v262_sc_scripted: WR_ussr=0.70(n=122) WR_us=0.70(n=128) pfsp=0.832
    [ussr] iter_0001: WR_ussr=0.58(n=240) WR_us=0.45(n=227) pfsp=0.972
    [us] v266_sc_scripted: WR_ussr=0.66(n=294) WR_us=0.64(n=160) pfsp=0.917
    [us] iter_0001: WR_ussr=0.58(n=240) WR_us=0.45(n=227) pfsp=0.991
  [diag] inf dtype=torch.float32 shape=torch.Size([2048, 172]) nan=0 inf_vals=0 range=[0.00,40.00]
  [diag] scalar dtype=torch.float32 nan=0 range=[-0.850,1.000]
  [diag] card_logits nan=0 range=[-17.73,11.67]
  [diag] values nan=0 range=[-0.9686,0.9356]
[iter   8/30] steps= 2818 rollout_wr=0.566 (ussr=0.580 us=0.551) pl=-0.0105 vl=0.4060 ent=2.657 clip=0.084 kl=0.0026 t=24.8s (rollout=23.5s update=1.3s)
  [league] self: self | ussr_pool: ['v262_sc_scripted', 'v266_sc_scripted'] | us_pool: ['iter_0001', 'v267_sc_scripted']
  [pfsp]
    [ussr] v262_sc_scripted: WR_ussr=0.69(n=162) WR_us=0.70(n=128) pfsp=0.863
    [ussr] v266_sc_scripted: WR_ussr=0.66(n=294) WR_us=0.63(n=199) pfsp=0.902
    [us] iter_0001: WR_ussr=0.57(n=280) WR_us=0.47(n=266) pfsp=0.996
    [us] v267_sc_scripted: WR_ussr=0.68(n=205) WR_us=0.58(n=149) pfsp=0.976
  [diag] inf dtype=torch.float32 shape=torch.Size([2048, 172]) nan=0 inf_vals=0 range=[0.00,35.00]
  [diag] scalar dtype=torch.float32 nan=0 range=[-0.700,1.000]
  [diag] card_logits nan=0 range=[-18.51,11.07]
  [diag] values nan=0 range=[-0.9712,0.9443]
[iter   9/30] steps= 2905 rollout_wr=0.563 (ussr=0.640 us=0.485) pl=-0.0102 vl=0.4125 ent=2.726 clip=0.100 kl=0.0033 t=24.9s (rollout=23.4s update=1.5s)
  Saved to league pool: data/checkpoints/ppo_v284_sc_league/iter_0010.pt
  [league] self: self | ussr_pool: ['iter_0010', 'iter_0001'] | us_pool: ['iter_0001', 'v266_sc_scripted']
  [pfsp]
    [ussr] iter_0010: WR_ussr=?(n=0) WR_us=?(n=0) pfsp=1.000
    [ussr] iter_0001: WR_ussr=0.57(n=280) WR_us=0.48(n=305) pfsp=0.980
    [us] iter_0001: WR_ussr=0.57(n=280) WR_us=0.48(n=305) pfsp=0.998
    [us] v266_sc_scripted: WR_ussr=0.66(n=334) WR_us=0.63(n=199) pfsp=0.929
  [diag] inf dtype=torch.float32 shape=torch.Size([2048, 172]) nan=0 inf_vals=0 range=[0.00,38.00]
  [diag] scalar dtype=torch.float32 nan=0 range=[-0.650,1.000]
  [diag] card_logits nan=0 range=[-19.03,9.96]
  [diag] values nan=0 range=[-0.9489,0.9373]
[iter  10/30] steps= 2569 rollout_wr=0.640 (ussr=0.690 us=0.588) pl=-0.0047 vl=0.4261 ent=2.834 clip=0.068 kl=0.0022 t=28.0s (rollout=26.6s update=1.4s)
  [confirm] launched incremental Elo check for iter 10
  [league] self: self | ussr_pool: ['iter_0010', 'v206_sc_scripted'] | us_pool: ['iter_0010', 'iter_0010']
  [pfsp]
    [ussr] iter_0010: WR_ussr=0.78(n=40) WR_us=?(n=0) pfsp=0.697
    [ussr] v206_sc_scripted: WR_ussr=0.89(n=28) WR_us=?(n=0) pfsp=0.383
    [us] iter_0010: WR_ussr=0.78(n=40) WR_us=?(n=0) pfsp=1.000
  [diag] inf dtype=torch.float32 shape=torch.Size([2048, 172]) nan=0 inf_vals=0 range=[0.00,41.00]
  [diag] scalar dtype=torch.float32 nan=0 range=[-0.950,1.000]
  [diag] card_logits nan=0 range=[-17.39,11.01]
  [diag] values nan=0 range=[-0.9590,0.9657]
[iter  11/30] steps= 2728 rollout_wr=0.575 (ussr=0.740 us=0.398) pl=-0.0158 vl=0.3530 ent=2.850 clip=0.080 kl=0.0023 t=30.3s (rollout=29.0s update=1.3s)
  [league] self: self | ussr_pool: ['v264_sc_scripted', 'iter_0001'] | us_pool: ['v264_sc_scripted', 'iter_0010']
  [pfsp]
    [ussr] v264_sc_scripted: WR_ussr=0.63(n=237) WR_us=0.60(n=113) pfsp=0.934
    [ussr] iter_0001: WR_ussr=0.58(n=320) WR_us=0.48(n=345) pfsp=0.976
    [us] v264_sc_scripted: WR_ussr=0.63(n=237) WR_us=0.60(n=113) pfsp=0.959
    [us] iter_0010: WR_ussr=0.68(n=80) WR_us=0.43(n=74) pfsp=0.982
  [diag] inf dtype=torch.float32 shape=torch.Size([2048, 172]) nan=0 inf_vals=0 range=[0.00,41.00]
  [diag] scalar dtype=torch.float32 nan=0 range=[-0.850,1.100]
  [diag] card_logits nan=0 range=[-18.10,11.47]
  [diag] values nan=0 range=[-0.9152,0.9230]
[iter  12/30] steps= 2818 rollout_wr=0.510 (ussr=0.530 us=0.489) pl=-0.0164 vl=0.4212 ent=2.744 clip=0.094 kl=0.0030 t=30.6s (rollout=29.2s update=1.4s)
  [league] self: self | ussr_pool: ['v265_sc_scripted', 'v263_sc_scripted'] | us_pool: ['v266_sc_scripted', 'v264_sc_scripted']
  [pfsp]
    [ussr] v265_sc_scripted: WR_ussr=0.70(n=228) WR_us=0.70(n=135) pfsp=0.837
    [ussr] v263_sc_scripted: WR_ussr=0.71(n=200) WR_us=0.60(n=144) pfsp=0.824
    [us] v266_sc_scripted: WR_ussr=0.66(n=334) WR_us=0.64(n=236) pfsp=0.926
    [us] v264_sc_scripted: WR_ussr=0.64(n=277) WR_us=0.60(n=151) pfsp=0.963
  [diag] inf dtype=torch.float32 shape=torch.Size([2048, 172]) nan=0 inf_vals=0 range=[0.00,45.00]
  [diag] scalar dtype=torch.float32 nan=0 range=[-0.950,1.000]
  [diag] card_logits nan=0 range=[-18.30,11.65]
  [diag] values nan=0 range=[-0.9587,0.9497]
[iter  13/30] steps= 3039 rollout_wr=0.599 (ussr=0.660 us=0.536) pl=-0.0152 vl=0.3824 ent=2.641 clip=0.101 kl=0.0029 t=24.0s (rollout=22.5s update=1.5s)
  [league] self: self | ussr_pool: ['iter_0001', 'iter_0001'] | us_pool: ['iter_0001', 'v266_sc_scripted']
  [pfsp]
    [ussr] iter_0001: WR_ussr=0.56(n=360) WR_us=0.48(n=345) pfsp=0.988
    [us] iter_0001: WR_ussr=0.56(n=360) WR_us=0.48(n=345) pfsp=0.999
    [us] v266_sc_scripted: WR_ussr=0.66(n=334) WR_us=0.63(n=276) pfsp=0.932
  [diag] inf dtype=torch.float32 shape=torch.Size([2048, 172]) nan=0 inf_vals=0 range=[0.00,39.00]
  [diag] scalar dtype=torch.float32 nan=0 range=[-0.800,1.000]
  [diag] card_logits nan=0 range=[-17.55,12.74]
  [diag] values nan=0 range=[-0.9616,0.9364]
[iter  14/30] steps= 2735 rollout_wr=0.510 (ussr=0.510 us=0.511) pl=-0.0140 vl=0.4169 ent=2.805 clip=0.103 kl=0.0032 t=26.9s (rollout=25.5s update=1.4s)
  [league] self: self | ussr_pool: ['iter_0001', 'v206_sc_scripted'] | us_pool: ['v210_sc_scripted', 'iter_0001']
  [pfsp]
    [ussr] iter_0001: WR_ussr=0.55(n=440) WR_us=0.48(n=380) pfsp=0.992
    [ussr] v206_sc_scripted: WR_ussr=0.96(n=68) WR_us=?(n=0) pfsp=0.169
    [us] v210_sc_scripted: WR_ussr=?(n=0) WR_us=0.63(n=126) pfsp=0.927
    [us] iter_0001: WR_ussr=0.55(n=440) WR_us=0.48(n=380) pfsp=0.998
  [diag] inf dtype=torch.float32 shape=torch.Size([2048, 172]) nan=0 inf_vals=0 range=[0.00,45.00]
  [diag] scalar dtype=torch.float32 nan=0 range=[-0.850,1.250]
  [diag] card_logits nan=0 range=[-17.68,11.03]
  [diag] values nan=0 range=[-0.9468,0.9711]
[iter  15/30] steps= 2550 rollout_wr=0.650 (ussr=0.760 us=0.536) pl=-0.0021 vl=0.4023 ent=2.808 clip=0.091 kl=0.0029 t=23.8s (rollout=22.6s update=1.3s)
  [league] self: self | ussr_pool: ['v265_sc_scripted', 'iter_0001'] | us_pool: ['iter_0010', 'v262_sc_scripted']
  [pfsp]
    [ussr] v265_sc_scripted: WR_ussr=0.70(n=268) WR_us=0.70(n=135) pfsp=0.844
    [ussr] iter_0001: WR_ussr=0.55(n=480) WR_us=0.48(n=419) pfsp=0.990
    [us] iter_0010: WR_ussr=0.68(n=80) WR_us=0.42(n=111) pfsp=0.977
    [us] v262_sc_scripted: WR_ussr=0.67(n=202) WR_us=0.70(n=128) pfsp=0.835
  [diag] inf dtype=torch.float32 shape=torch.Size([2048, 172]) nan=0 inf_vals=0 range=[0.00,38.00]
  [diag] scalar dtype=torch.float32 nan=0 range=[-0.800,1.000]
  [diag] card_logits nan=0 range=[-18.29,12.94]
  [diag] values nan=0 range=[-0.9610,0.9725]
[iter  16/30] steps= 2813 rollout_wr=0.626 (ussr=0.660 us=0.592) pl=-0.0160 vl=0.4051 ent=2.740 clip=0.073 kl=0.0023 t=24.4s (rollout=23.1s update=1.3s)
  [league] self: self | ussr_pool: ['heuristic', 'heuristic'] | us_pool: ['iter_0001', 'v266_sc_scripted']
  [pfsp]
    [ussr] heuristic: WR_ussr=0.77(n=156) WR_us=0.62(n=238) pfsp=0.710
    [us] iter_0001: WR_ussr=0.56(n=520) WR_us=0.48(n=419) pfsp=0.999
    [us] v266_sc_scripted: WR_ussr=0.66(n=334) WR_us=0.63(n=314) pfsp=0.932
  [diag] inf dtype=torch.float32 shape=torch.Size([2048, 172]) nan=0 inf_vals=0 range=[0.00,39.00]
  [diag] scalar dtype=torch.float32 nan=0 range=[-0.650,1.100]
  [diag] card_logits nan=0 range=[-18.58,12.38]
  [diag] values nan=0 range=[-0.9758,0.9249]
[iter  17/30] steps= 2637 rollout_wr=0.605 (ussr=0.740 us=0.463) pl=-0.0125 vl=0.3897 ent=2.832 clip=0.087 kl=0.0027 t=22.9s (rollout=21.5s update=1.4s)
  [league] self: self | ussr_pool: ['v266_sc_scripted', 'v267_sc_scripted'] | us_pool: ['iter_0010', 'iter_0001']
  [pfsp]
    [ussr] v266_sc_scripted: WR_ussr=0.66(n=334) WR_us=0.63(n=353) pfsp=0.899
    [ussr] v267_sc_scripted: WR_ussr=0.68(n=205) WR_us=0.57(n=188) pfsp=0.873
    [us] iter_0010: WR_ussr=0.68(n=80) WR_us=0.46(n=151) pfsp=0.993
    [us] iter_0001: WR_ussr=0.56(n=520) WR_us=0.48(n=455) pfsp=0.998
  [diag] inf dtype=torch.float32 shape=torch.Size([2048, 172]) nan=0 inf_vals=0 range=[0.00,43.00]
  [diag] scalar dtype=torch.float32 nan=0 range=[-0.600,1.000]
  [diag] card_logits nan=0 range=[-17.25,9.82]
  [diag] values nan=0 range=[-0.9759,0.9537]
[iter  18/30] steps= 2928 rollout_wr=0.533 (ussr=0.600 us=0.464) pl=-0.0158 vl=0.4090 ent=2.686 clip=0.078 kl=0.0023 t=23.8s (rollout=22.4s update=1.3s)
  [league] self: self | ussr_pool: ['v262_sc_scripted', 'v264_sc_scripted'] | us_pool: ['heuristic', 'iter_0010']
  [pfsp]
    [ussr] v262_sc_scripted: WR_ussr=0.67(n=202) WR_us=0.69(n=167) pfsp=0.887
    [ussr] v264_sc_scripted: WR_ussr=0.64(n=277) WR_us=0.57(n=188) pfsp=0.923
    [us] heuristic: WR_ussr=0.79(n=236) WR_us=0.62(n=238) pfsp=0.941
    [us] iter_0010: WR_ussr=0.68(n=80) WR_us=0.48(n=189) pfsp=0.998
  [diag] inf dtype=torch.float32 shape=torch.Size([2048, 172]) nan=0 inf_vals=0 range=[0.00,44.00]
  [diag] scalar dtype=torch.float32 nan=0 range=[-0.600,1.000]
  [diag] card_logits nan=0 range=[-16.70,10.92]
  [diag] values nan=0 range=[-0.9650,0.9141]
[iter  19/30] steps= 2908 rollout_wr=0.609 (ussr=0.610 us=0.608) pl=-0.0177 vl=0.4107 ent=2.677 clip=0.086 kl=0.0027 t=24.7s (rollout=23.2s update=1.5s)
  Saved to league pool: data/checkpoints/ppo_v284_sc_league/iter_0020.pt
  [league] self: self | ussr_pool: ['iter_0020', 'iter_0001'] | us_pool: ['iter_0010', 'iter_0020']
  [pfsp]
    [ussr] iter_0020: WR_ussr=?(n=0) WR_us=?(n=0) pfsp=1.000
    [ussr] iter_0001: WR_ussr=0.56(n=520) WR_us=0.47(n=494) pfsp=0.987
    [us] iter_0010: WR_ussr=0.68(n=80) WR_us=0.48(n=227) pfsp=0.998
    [us] iter_0020: WR_ussr=?(n=0) WR_us=?(n=0) pfsp=1.000
  [diag] inf dtype=torch.float32 shape=torch.Size([2048, 172]) nan=0 inf_vals=0 range=[0.00,39.00]
  [diag] scalar dtype=torch.float32 nan=0 range=[-0.800,1.000]
  [diag] card_logits nan=0 range=[-17.43,13.43]
  [diag] values nan=0 range=[-0.9301,0.9770]
[iter  20/30] steps= 3013 rollout_wr=0.556 (ussr=0.650 us=0.458) pl=-0.0184 vl=0.3651 ent=2.792 clip=0.086 kl=0.0026 t=25.9s (rollout=24.4s update=1.5s)
  [jsd] iter=20 prev_iter=10 card_jsd=0.0042 top1=0.948 val_mae=0.0855
  [confirm] launched incremental Elo check for iter 20
  [league] self: self | ussr_pool: ['heuristic', 'v264_sc_scripted'] | us_pool: ['v264_sc_scripted', 'v266_sc_scripted']
  [pfsp]
    [ussr] heuristic: WR_ussr=0.79(n=236) WR_us=0.64(n=278) pfsp=0.668
    [ussr] v264_sc_scripted: WR_ussr=0.64(n=317) WR_us=0.57(n=188) pfsp=0.918
    [us] v264_sc_scripted: WR_ussr=0.64(n=317) WR_us=0.57(n=188) pfsp=0.978
    [us] v266_sc_scripted: WR_ussr=0.65(n=374) WR_us=0.63(n=353) pfsp=0.931
  [diag] inf dtype=torch.float32 shape=torch.Size([2048, 172]) nan=0 inf_vals=0 range=[0.00,55.00]
  [diag] scalar dtype=torch.float32 nan=0 range=[-0.900,1.000]
  [diag] card_logits nan=0 range=[-18.16,12.14]
  [diag] values nan=0 range=[-0.9344,0.9697]
[iter  21/30] steps= 2888 rollout_wr=0.596 (ussr=0.640 us=0.551) pl=-0.0077 vl=0.4031 ent=2.663 clip=0.084 kl=0.0024 t=22.8s (rollout=21.4s update=1.4s)
  [league] self: self | ussr_pool: ['v265_sc_scripted', 'iter_0010'] | us_pool: ['iter_0010', 'iter_0010']
  [pfsp]
    [ussr] v265_sc_scripted: WR_ussr=0.69(n=308) WR_us=0.70(n=135) pfsp=0.848
    [ussr] iter_0010: WR_ussr=0.68(n=80) WR_us=0.46(n=265) pfsp=0.877
    [us] iter_0010: WR_ussr=0.68(n=80) WR_us=0.46(n=265) pfsp=0.992
  [diag] inf dtype=torch.float32 shape=torch.Size([2048, 172]) nan=0 inf_vals=0 range=[0.00,35.00]
  [diag] scalar dtype=torch.float32 nan=0 range=[-0.900,1.000]
  [diag] card_logits nan=0 range=[-17.00,12.99]
  [diag] values nan=0 range=[-0.9505,0.9557]
[iter  22/30] steps= 2814 rollout_wr=0.538 (ussr=0.590 us=0.484) pl=-0.0162 vl=0.4122 ent=2.681 clip=0.093 kl=0.0030 t=25.3s (rollout=23.9s update=1.3s)
  [league] self: self | ussr_pool: ['iter_0020', 'v266_sc_scripted'] | us_pool: ['iter_0020', 'iter_0020']
  [pfsp]
    [ussr] iter_0020: WR_ussr=0.70(n=40) WR_us=0.55(n=38) pfsp=0.840
    [ussr] v266_sc_scripted: WR_ussr=0.65(n=374) WR_us=0.62(n=392) pfsp=0.907
    [us] iter_0020: WR_ussr=0.70(n=40) WR_us=0.55(n=38) pfsp=0.989
  [diag] inf dtype=torch.float32 shape=torch.Size([2048, 172]) nan=0 inf_vals=0 range=[0.00,38.00]
  [diag] scalar dtype=torch.float32 nan=0 range=[-0.750,1.000]
  [diag] card_logits nan=0 range=[-17.88,12.44]
  [diag] values nan=0 range=[-0.9685,0.9323]
[iter  23/30] steps= 2820 rollout_wr=0.562 (ussr=0.640 us=0.479) pl=-0.0014 vl=0.3974 ent=2.773 clip=0.093 kl=0.0029 t=23.1s (rollout=21.7s update=1.4s)
  [league] self: self | ussr_pool: ['iter_0010', 'iter_0020'] | us_pool: ['iter_0020', 'v265_sc_scripted']
  [pfsp]
    [ussr] iter_0010: WR_ussr=0.62(n=120) WR_us=0.47(n=341) pfsp=0.938
    [ussr] iter_0020: WR_ussr=0.61(n=80) WR_us=0.50(n=115) pfsp=0.949
    [us] iter_0020: WR_ussr=0.61(n=80) WR_us=0.50(n=115) pfsp=1.000
    [us] v265_sc_scripted: WR_ussr=0.69(n=348) WR_us=0.70(n=135) pfsp=0.846
  [diag] inf dtype=torch.float32 shape=torch.Size([2048, 172]) nan=0 inf_vals=0 range=[0.00,39.00]
  [diag] scalar dtype=torch.float32 nan=0 range=[-0.900,1.000]
  [diag] card_logits nan=0 range=[-18.67,12.61]
  [diag] values nan=0 range=[-0.9627,0.9490]
[iter  24/30] steps= 2773 rollout_wr=0.569 (ussr=0.610 us=0.526) pl=-0.0128 vl=0.4146 ent=2.734 clip=0.066 kl=0.0024 t=22.3s (rollout=21.1s update=1.2s)
  [league] self: self | ussr_pool: ['iter_0020', 'heuristic'] | us_pool: ['heuristic', 'v209_sc_scripted']
  [pfsp]
    [ussr] iter_0020: WR_ussr=0.62(n=120) WR_us=0.51(n=155) pfsp=0.938
    [ussr] heuristic: WR_ussr=0.80(n=276) WR_us=0.64(n=278) pfsp=0.647
    [us] heuristic: WR_ussr=0.80(n=276) WR_us=0.64(n=278) pfsp=0.921
    [us] v209_sc_scripted: WR_ussr=?(n=0) WR_us=0.65(n=194) pfsp=0.911
  [diag] inf dtype=torch.float32 shape=torch.Size([2048, 172]) nan=0 inf_vals=0 range=[0.00,46.00]
  [diag] scalar dtype=torch.float32 nan=0 range=[-0.900,1.000]
  [diag] card_logits nan=0 range=[-18.36,10.02]
  [diag] values nan=0 range=[-0.9561,0.9617]
[iter  25/30] steps= 2479 rollout_wr=0.655 (ussr=0.670 us=0.639) pl=-0.0165 vl=0.4214 ent=2.771 clip=0.110 kl=0.0032 t=20.5s (rollout=19.4s update=1.1s)
  [league] self: self | ussr_pool: ['iter_0010', 'iter_0010'] | us_pool: ['v210_sc_scripted', 'iter_0020']
  [pfsp]
    [ussr] iter_0010: WR_ussr=0.64(n=160) WR_us=0.47(n=341) pfsp=0.924
    [us] v210_sc_scripted: WR_ussr=?(n=0) WR_us=0.62(n=164) pfsp=0.946
    [us] iter_0020: WR_ussr=0.62(n=160) WR_us=0.51(n=155) pfsp=1.000
  [diag] inf dtype=torch.float32 shape=torch.Size([2048, 172]) nan=0 inf_vals=0 range=[0.00,46.00]
  [diag] scalar dtype=torch.float32 nan=0 range=[-0.850,1.050]
  [diag] card_logits nan=0 range=[-18.07,11.19]
  [diag] values nan=0 range=[-0.9524,0.9581]
[iter  26/30] steps= 2551 rollout_wr=0.545 (ussr=0.540 us=0.551) pl=-0.0147 vl=0.4298 ent=2.902 clip=0.080 kl=0.0025 t=22.9s (rollout=21.7s update=1.2s)
  [league] self: self | ussr_pool: ['v263_sc_scripted', 'iter_0010'] | us_pool: ['v210_sc_scripted', 'iter_0020']
  [pfsp]
    [ussr] v263_sc_scripted: WR_ussr=0.72(n=240) WR_us=0.60(n=144) pfsp=0.812
    [ussr] iter_0010: WR_ussr=0.62(n=240) WR_us=0.47(n=341) pfsp=0.938
    [us] v210_sc_scripted: WR_ussr=?(n=0) WR_us=0.63(n=203) pfsp=0.932
    [us] iter_0020: WR_ussr=0.62(n=160) WR_us=0.50(n=195) pfsp=1.000
  [diag] inf dtype=torch.float32 shape=torch.Size([2048, 172]) nan=0 inf_vals=0 range=[0.00,41.00]
  [diag] scalar dtype=torch.float32 nan=0 range=[-0.950,1.000]
  [diag] card_logits nan=0 range=[-18.31,10.61]
  [diag] values nan=0 range=[-0.9336,0.9650]
[iter  27/30] steps= 2994 rollout_wr=0.546 (ussr=0.570 us=0.521) pl=-0.0157 vl=0.3906 ent=2.635 clip=0.080 kl=0.0030 t=21.2s (rollout=19.8s update=1.4s)
  [league] self: self | ussr_pool: ['heuristic', 'iter_0020'] | us_pool: ['iter_0010', 'iter_0010']
  [pfsp]
    [ussr] heuristic: WR_ussr=0.80(n=316) WR_us=0.62(n=318) pfsp=0.646
    [ussr] iter_0020: WR_ussr=0.62(n=160) WR_us=0.50(n=234) pfsp=0.938
    [us] iter_0010: WR_ussr=0.62(n=280) WR_us=0.47(n=341) pfsp=0.996
  [diag] inf dtype=torch.float32 shape=torch.Size([2048, 172]) nan=0 inf_vals=0 range=[0.00,44.00]
  [diag] scalar dtype=torch.float32 nan=0 range=[-0.650,1.500]
  [diag] card_logits nan=0 range=[-17.56,9.86]
  [diag] values nan=0 range=[-0.9505,0.9503]
[iter  28/30] steps= 2656 rollout_wr=0.518 (ussr=0.600 us=0.434) pl=-0.0124 vl=0.4234 ent=2.862 clip=0.082 kl=0.0025 t=22.0s (rollout=20.7s update=1.3s)
  [league] self: self | ussr_pool: ['iter_0001', 'iter_0001'] | us_pool: ['iter_0010', 'v266_sc_scripted']
  [pfsp]
    [ussr] iter_0001: WR_ussr=0.56(n=560) WR_us=0.47(n=494) pfsp=0.984
    [us] iter_0010: WR_ussr=0.62(n=280) WR_us=0.47(n=420) pfsp=0.996
    [us] v266_sc_scripted: WR_ussr=0.66(n=414) WR_us=0.62(n=392) pfsp=0.940
  [diag] inf dtype=torch.float32 shape=torch.Size([2048, 172]) nan=0 inf_vals=0 range=[0.00,37.00]
  [diag] scalar dtype=torch.float32 nan=0 range=[-0.900,1.000]
  [diag] card_logits nan=0 range=[-18.93,12.00]
  [diag] values nan=0 range=[-0.9675,0.9530]
[iter  29/30] steps= 2660 rollout_wr=0.577 (ussr=0.580 us=0.574) pl=-0.0150 vl=0.4517 ent=2.743 clip=0.111 kl=0.0036 t=22.9s (rollout=21.7s update=1.2s)
  Saved to league pool: data/checkpoints/ppo_v284_sc_league/iter_0030.pt
  [league] self: self | ussr_pool: ['iter_0001', 'v267_sc_scripted'] | us_pool: ['v262_sc_scripted', 'heuristic']
  [pfsp]
    [ussr] iter_0001: WR_ussr=0.56(n=640) WR_us=0.47(n=494) pfsp=0.986
    [ussr] v267_sc_scripted: WR_ussr=0.67(n=245) WR_us=0.57(n=188) pfsp=0.880
    [us] v262_sc_scripted: WR_ussr=0.66(n=242) WR_us=0.69(n=167) pfsp=0.849
    [us] heuristic: WR_ussr=0.79(n=356) WR_us=0.62(n=318) pfsp=0.940
  [diag] inf dtype=torch.float32 shape=torch.Size([2048, 172]) nan=0 inf_vals=0 range=[0.00,38.00]
  [diag] scalar dtype=torch.float32 nan=0 range=[-0.850,1.000]
  [diag] card_logits nan=0 range=[-17.75,11.50]
  [diag] values nan=0 range=[-0.9062,0.8996]
[iter  30/30] steps= 2681 rollout_wr=0.590 (ussr=0.640 us=0.540) pl=-0.0206 vl=0.4012 ent=2.724 clip=0.084 kl=0.0024 t=21.7s (rollout=20.5s update=1.3s)
  [jsd] iter=30 prev_iter=20 card_jsd=0.0042 top1=0.944 val_mae=0.1736
  [confirm] launched incremental Elo check for iter 30
ppo_best.pt ← ppo_final.pt (panel eval did not run; consider --eval-panel)
wandb: updating run metadata; uploading artifact run-6a47d769-chartsrollout_wr_table-ifz3Zw
wandb: uploading artifact run-6a47d769-chartsrollout_wr_table-ifz3Zw
wandb: uploading output.log; uploading wandb-summary.json
wandb: uploading history steps 28-29, summary, console lines 326-336
wandb: 
wandb: Run history:
wandb:               approx_kl █▂▁▁▂▁▁▁▂▁▁▂▂▂▂▁▁▁▁▁▁▂▂▁▂▁▂▁▂▁
wandb:           clip_fraction █▄▂▂▂▁▂▂▃▁▂▂▃▃▂▁▂▂▂▂▂▂▂▁▃▂▂▂▃▂
wandb: core_scalar_weight_norm ▁▂▂▁▁▁▂▂▃▄▄▄▄▆▆▇█▇▇▆▆▇▇▇▇▇▇▆▆▇
wandb:                ent_coef ███▇▇▇▇▆▆▆▆▅▅▅▅▄▄▄▄▃▃▃▃▂▂▂▂▁▁▁
wandb:                 entropy ▃█▅▄▃▂▃▂▃▆▆▄▁▅▅▄▆▂▂▅▂▂▄▃▄█▁▇▄▃
wandb:             iter_time_s ▁▆▄▂▅▇▄▄▄▆██▄▆▄▄▃▃▄▅▃▄▃▃▁▃▂▂▃▂
wandb:  jsd/card_early_vs_prev ▁█
wandb:   jsd/card_late_vs_prev █▁
wandb:    jsd/card_mid_vs_prev █▁
wandb:        jsd/card_vs_prev ▁█
wandb:                    +205 ...
wandb: 
wandb: Run summary:
wandb:               approx_kl 0.00243
wandb:           clip_fraction 0.08382
wandb: core_scalar_weight_norm 4.07456
wandb:                ent_coef 0.0093
wandb:                 entropy 2.72383
wandb:             iter_time_s 21.7275
wandb:  jsd/card_early_vs_prev 0.00704
wandb:   jsd/card_late_vs_prev 0.00186
wandb:    jsd/card_mid_vs_prev 0.00381
wandb:        jsd/card_vs_prev 0.00424
wandb:                    +205 ...
wandb: 
wandb: 🚀 View run ppo_v284_sc at: https://wandb.ai/korduban-ai/twilight-struggle-ai/runs/6a47d769
wandb: ⭐️ View project at: https://wandb.ai/korduban-ai/twilight-struggle-ai
wandb: Synced 5 W&B file(s), 30 media file(s), 60 artifact file(s) and 0 other file(s)
wandb: Find logs at: ./wandb/run-20260414_140757-6a47d769/logs

Training complete in 12.5 minutes
Checkpoints in: data/checkpoints/ppo_v284_sc_league
[ppo_train_dynamic] finished at 2026-04-14T21:20:36Z
