[ppo_train_dynamic] starting at 2026-04-14T15:21:14Z
wandb: [wandb.login()] Loaded credentials for https://api.wandb.ai from WANDB_API_KEY.
wandb: Currently logged in as: dkorduban (korduban-ai) to https://api.wandb.ai. Use `wandb login --relogin` to force relogin
wandb: setting up run df5c2d2f
wandb: Tracking run with wandb version 0.25.1
wandb: Run data is saved locally in /home/dkord/code/twilight-struggle-ai/wandb/run-20260414_082116-df5c2d2f
wandb: Run `wandb offline` to turn off syncing.
wandb: Syncing run ppo_v248_sc
wandb: ⭐️ View project at https://wandb.ai/korduban-ai/twilight-struggle-ai
wandb: 🚀 View run at https://wandb.ai/korduban-ai/twilight-struggle-ai/runs/df5c2d2f
Loading checkpoint: data/checkpoints/ppo_v217_sc_league/ppo_best.pt
  --reset-optimizer: skipping optimizer state restore, starting fresh Adam.

Starting PPO training: 30 iterations × 200 games/iter, side=both
Device: cuda, lr=5e-05, clip=0.12, ent=0.003, vf=0.5
League training enabled (pool: data/checkpoints/ppo_v248_sc_league, save-every=10)
  Saved to league pool: data/checkpoints/ppo_v248_sc_league/iter_0001.pt
  [league] self: self | ussr_pool: ['v228_sc_scripted', 'v22_scripted'] | us_pool: ['heuristic', 'v54_scripted']
  [pfsp]
    [ussr] v228_sc_scripted: WR_ussr=?(n=0) WR_us=?(n=0) pfsp=1.000
    [ussr] v22_scripted: WR_ussr=0.91(n=185) WR_us=?(n=0) pfsp=0.316
    [us] heuristic: WR_ussr=0.55(n=241) WR_us=0.38(n=284) pfsp=0.943
    [us] v54_scripted: WR_ussr=?(n=0) WR_us=0.93(n=220) pfsp=0.254
  [diag] inf dtype=torch.float32 shape=torch.Size([2048, 172]) nan=0 inf_vals=0 range=[0.00,43.00]
  [diag] scalar dtype=torch.float32 nan=0 range=[-0.950,1.000]
  [diag] card_logits nan=0 range=[-15.76,17.74]
  [diag] values nan=0 range=[-0.9502,0.8679]
[iter   1/30] steps= 4077 rollout_wr=0.620 (ussr=0.630 us=0.610) pl=-0.0257 vl=0.2816 ent=3.801 clip=0.167 kl=0.0045 t=13.0s (rollout=10.7s update=2.3s)
  [league] self: self | ussr_pool: ['v232_sc_scripted', 'v228_sc_scripted'] | us_pool: ['v54_scripted', 'iter_0001']
  [pfsp]
    [ussr] v232_sc_scripted: WR_ussr=?(n=0) WR_us=?(n=0) pfsp=1.000
    [ussr] v228_sc_scripted: WR_ussr=0.40(n=40) WR_us=?(n=0) pfsp=0.960
    [us] v54_scripted: WR_ussr=?(n=0) WR_us=0.93(n=260) pfsp=0.258
    [us] iter_0001: WR_ussr=?(n=0) WR_us=?(n=0) pfsp=1.000
  [diag] inf dtype=torch.float32 shape=torch.Size([2048, 172]) nan=0 inf_vals=0 range=[0.00,31.00]
  [diag] scalar dtype=torch.float32 nan=0 range=[-0.950,1.050]
  [diag] card_logits nan=0 range=[-15.46,16.83]
  [diag] values nan=0 range=[-0.9154,0.8843]
[iter   2/30] steps= 4632 rollout_wr=0.605 (ussr=0.410 us=0.800) pl=-0.0094 vl=0.2484 ent=3.768 clip=0.140 kl=0.0037 t=15.4s (rollout=13.4s update=2.1s)
  [league] self: self | ussr_pool: ['iter_0001', 'v228_sc_scripted'] | us_pool: ['iter_0001', 'v54_scripted']
  [pfsp]
    [ussr] iter_0001: WR_ussr=?(n=0) WR_us=0.65(n=40) pfsp=1.000
    [ussr] v228_sc_scripted: WR_ussr=0.41(n=80) WR_us=?(n=0) pfsp=0.969
    [us] iter_0001: WR_ussr=?(n=0) WR_us=0.65(n=40) pfsp=0.910
    [us] v54_scripted: WR_ussr=?(n=0) WR_us=0.94(n=300) pfsp=0.237
  [diag] inf dtype=torch.float32 shape=torch.Size([2048, 172]) nan=0 inf_vals=0 range=[0.00,27.00]
  [diag] scalar dtype=torch.float32 nan=0 range=[-0.900,1.000]
  [diag] card_logits nan=0 range=[-15.90,17.22]
  [diag] values nan=0 range=[-0.9276,0.9336]
[iter   3/30] steps= 4391 rollout_wr=0.535 (ussr=0.410 us=0.660) pl=-0.0045 vl=0.2795 ent=3.796 clip=0.150 kl=0.0042 t=13.5s (rollout=11.5s update=2.0s)
  [league] self: self | ussr_pool: ['v55_scripted', 'heuristic'] | us_pool: ['heuristic', 'iter_0001']
  [pfsp]
    [ussr] v55_scripted: WR_ussr=0.91(n=269) WR_us=0.95(n=169) pfsp=0.337
    [ussr] heuristic: WR_ussr=0.55(n=241) WR_us=0.37(n=324) pfsp=0.991
    [us] heuristic: WR_ussr=0.55(n=241) WR_us=0.37(n=324) pfsp=0.936
    [us] iter_0001: WR_ussr=0.47(n=40) WR_us=0.54(n=80) pfsp=0.994
  [diag] inf dtype=torch.float32 shape=torch.Size([2048, 172]) nan=0 inf_vals=0 range=[0.00,50.00]
  [diag] scalar dtype=torch.float32 nan=0 range=[-1.200,1.300]
  [diag] card_logits nan=0 range=[-15.65,18.26]
  [diag] values nan=0 range=[-0.9459,0.9211]
[iter   4/30] steps= 4784 rollout_wr=0.550 (ussr=0.590 us=0.510) pl=-0.0084 vl=0.2824 ent=3.850 clip=0.108 kl=0.0034 t=14.6s (rollout=12.6s update=2.0s)
  [league] self: self | ussr_pool: ['iter_0001', 'iter_0001'] | us_pool: ['iter_0001', 'v232_sc_scripted']
  [pfsp]
    [ussr] iter_0001: WR_ussr=0.47(n=40) WR_us=0.53(n=120) pfsp=0.997
    [us] iter_0001: WR_ussr=0.47(n=40) WR_us=0.53(n=120) pfsp=0.997
    [us] v232_sc_scripted: WR_ussr=0.42(n=40) WR_us=?(n=0) pfsp=1.000
  [diag] inf dtype=torch.float32 shape=torch.Size([2048, 172]) nan=0 inf_vals=0 range=[0.00,33.00]
  [diag] scalar dtype=torch.float32 nan=0 range=[-1.150,1.000]
  [diag] card_logits nan=0 range=[-15.60,15.45]
  [diag] values nan=0 range=[-0.9435,0.9194]
[iter   5/30] steps= 5070 rollout_wr=0.525 (ussr=0.490 us=0.560) pl=-0.0142 vl=0.2806 ent=3.898 clip=0.124 kl=0.0034 t=15.8s (rollout=13.7s update=2.1s)
  [league] self: self | ussr_pool: ['iter_0001', 'iter_0001'] | us_pool: ['iter_0001', 'iter_0001']
  [pfsp]
    [ussr] iter_0001: WR_ussr=0.48(n=120) WR_us=0.52(n=160) pfsp=0.999
    [us] iter_0001: WR_ussr=0.48(n=120) WR_us=0.52(n=160) pfsp=0.999
  [diag] inf dtype=torch.float32 shape=torch.Size([2048, 172]) nan=0 inf_vals=0 range=[0.00,30.00]
  [diag] scalar dtype=torch.float32 nan=0 range=[-0.950,1.250]
  [diag] card_logits nan=0 range=[-15.60,16.26]
  [diag] values nan=0 range=[-0.9367,0.9181]
[iter   6/30] steps= 5320 rollout_wr=0.480 (ussr=0.400 us=0.560) pl=-0.0165 vl=0.2521 ent=3.729 clip=0.114 kl=0.0031 t=16.4s (rollout=14.1s update=2.3s)
  [league] self: self | ussr_pool: ['v217_sc_scripted', 'v217_sc_scripted'] | us_pool: ['v48_scripted', 'iter_0001']
  [pfsp]
    [ussr] v217_sc_scripted: WR_ussr=?(n=0) WR_us=?(n=0) pfsp=1.000
    [us] v48_scripted: WR_ussr=0.94(n=83) WR_us=0.93(n=147) pfsp=0.277
    [us] iter_0001: WR_ussr=0.43(n=200) WR_us=0.53(n=240) pfsp=0.996
  [diag] inf dtype=torch.float32 shape=torch.Size([2048, 172]) nan=0 inf_vals=0 range=[0.00,32.00]
  [diag] scalar dtype=torch.float32 nan=0 range=[-0.950,1.000]
  [diag] card_logits nan=0 range=[-15.57,17.00]
  [diag] values nan=0 range=[-0.9537,0.8957]
[iter   7/30] steps= 4531 rollout_wr=0.620 (ussr=0.500 us=0.740) pl=-0.0221 vl=0.2593 ent=3.765 clip=0.122 kl=0.0034 t=13.6s (rollout=11.6s update=2.0s)
  [league] self: self | ussr_pool: ['v232_sc_scripted', 'v57_scripted'] | us_pool: ['iter_0001', 'iter_0001']
  [pfsp]
    [ussr] v232_sc_scripted: WR_ussr=0.42(n=40) WR_us=0.68(n=40) pfsp=0.977
    [ussr] v57_scripted: WR_ussr=0.88(n=272) WR_us=0.95(n=206) pfsp=0.415
    [us] iter_0001: WR_ussr=0.43(n=200) WR_us=0.52(n=280) pfsp=0.998
  [diag] inf dtype=torch.float32 shape=torch.Size([2048, 172]) nan=0 inf_vals=0 range=[0.00,38.00]
  [diag] scalar dtype=torch.float32 nan=0 range=[-0.950,1.000]
  [diag] card_logits nan=0 range=[-15.91,17.17]
  [diag] values nan=0 range=[-0.9576,0.9398]
[iter   8/30] steps= 4380 rollout_wr=0.575 (ussr=0.510 us=0.640) pl=-0.0210 vl=0.2933 ent=3.889 clip=0.175 kl=0.0046 t=14.6s (rollout=12.6s update=2.0s)
  [league] self: self | ussr_pool: ['v217_sc_scripted', 'iter_0001'] | us_pool: ['iter_0001', 'iter_0001']
  [pfsp]
    [ussr] v217_sc_scripted: WR_ussr=0.50(n=80) WR_us=?(n=0) pfsp=1.000
    [ussr] iter_0001: WR_ussr=0.43(n=200) WR_us=0.56(n=360) pfsp=0.983
    [us] iter_0001: WR_ussr=0.43(n=200) WR_us=0.56(n=360) pfsp=0.986
  [diag] inf dtype=torch.float32 shape=torch.Size([2048, 172]) nan=0 inf_vals=0 range=[0.00,28.00]
  [diag] scalar dtype=torch.float32 nan=0 range=[-1.000,1.000]
  [diag] card_logits nan=0 range=[-15.29,15.57]
  [diag] values nan=0 range=[-0.9516,0.9489]
[iter   9/30] steps= 5368 rollout_wr=0.525 (ussr=0.480 us=0.570) pl=-0.0128 vl=0.2643 ent=3.748 clip=0.116 kl=0.0032 t=16.5s (rollout=14.1s update=2.4s)
  Saved to league pool: data/checkpoints/ppo_v248_sc_league/iter_0010.pt
  [league] self: self | ussr_pool: ['v45_scripted', 'v232_sc_scripted'] | us_pool: ['v217_sc_scripted', 'iter_0010']
  [pfsp]
    [ussr] v45_scripted: WR_ussr=0.88(n=287) WR_us=?(n=0) pfsp=0.418
    [ussr] v232_sc_scripted: WR_ussr=0.39(n=80) WR_us=0.68(n=40) pfsp=0.949
    [us] v217_sc_scripted: WR_ussr=0.51(n=120) WR_us=?(n=0) pfsp=1.000
    [us] iter_0010: WR_ussr=?(n=0) WR_us=?(n=0) pfsp=1.000
  [diag] inf dtype=torch.float32 shape=torch.Size([2048, 172]) nan=0 inf_vals=0 range=[0.00,27.00]
  [diag] scalar dtype=torch.float32 nan=0 range=[-1.000,1.250]
  [diag] card_logits nan=0 range=[-15.94,17.60]
  [diag] values nan=0 range=[-0.9534,0.9186]
[iter  10/30] steps= 4222 rollout_wr=0.605 (ussr=0.680 us=0.530) pl=-0.0403 vl=0.2993 ent=3.776 clip=0.146 kl=0.0042 t=13.9s (rollout=12.0s update=1.9s)
  [confirm] launched incremental Elo check for iter 10
  [panel eval] launched pid=1330060 iter=10 panel=['v55', 'v54', 'v44', 'v45', 'v48']
  [league] self: self | ussr_pool: ['iter_0001', 'heuristic'] | us_pool: ['v48_scripted', 'iter_0010']
  [pfsp]
    [ussr] iter_0001: WR_ussr=0.43(n=240) WR_us=0.56(n=440) pfsp=0.982
    [ussr] heuristic: WR_ussr=0.54(n=281) WR_us=0.39(n=364) pfsp=0.993
    [us] v48_scripted: WR_ussr=0.94(n=83) WR_us=0.94(n=187) pfsp=0.221
    [us] iter_0010: WR_ussr=?(n=0) WR_us=0.50(n=40) pfsp=1.000
  [diag] inf dtype=torch.float32 shape=torch.Size([2048, 172]) nan=0 inf_vals=0 range=[0.00,42.00]
  [diag] scalar dtype=torch.float32 nan=0 range=[-0.950,1.150]
  [diag] card_logits nan=0 range=[-15.65,17.57]
  [diag] values nan=0 range=[-0.9472,0.9195]
[iter  11/30] steps= 4353 rollout_wr=0.610 (ussr=0.500 us=0.720) pl=-0.0170 vl=0.2806 ent=3.773 clip=0.111 kl=0.0035 t=14.4s (rollout=12.6s update=1.8s)
  [panel eval iter 10] avg=0.942 elapsed=15s: v55=0.950 | v54=0.950 | v44=0.900 | v45=0.950 | v48=0.950
  [panel eval] NEW HIGH-WATER MARK iter=10 avg_wr=0.9417 → ppo_running_best.pt (provenance: ppo_iter0010.pt)
  [league] self: self | ussr_pool: ['iter_0010', 'v45_scripted'] | us_pool: ['iter_0010', 'iter_0001']
  [pfsp]
    [ussr] iter_0010: WR_ussr=?(n=0) WR_us=0.54(n=80) pfsp=1.000
    [ussr] v45_scripted: WR_ussr=0.89(n=327) WR_us=?(n=0) pfsp=0.401
    [us] iter_0010: WR_ussr=?(n=0) WR_us=0.54(n=80) pfsp=0.994
    [us] iter_0001: WR_ussr=0.43(n=280) WR_us=0.56(n=440) pfsp=0.985
  [diag] inf dtype=torch.float32 shape=torch.Size([2048, 172]) nan=0 inf_vals=0 range=[0.00,23.00]
  [diag] scalar dtype=torch.float32 nan=0 range=[-0.950,1.100]
  [diag] card_logits nan=0 range=[-15.22,17.88]
  [diag] values nan=0 range=[-0.9380,0.9349]
[iter  12/30] steps= 4368 rollout_wr=0.610 (ussr=0.690 us=0.530) pl=-0.0179 vl=0.2866 ent=3.743 clip=0.101 kl=0.0027 t=13.9s (rollout=12.1s update=1.8s)
  [league] self: self | ussr_pool: ['iter_0010', 'v217_sc_scripted'] | us_pool: ['iter_0010', 'iter_0010']
  [pfsp]
    [ussr] iter_0010: WR_ussr=0.45(n=40) WR_us=0.53(n=120) pfsp=0.990
    [ussr] v217_sc_scripted: WR_ussr=0.51(n=120) WR_us=0.57(n=40) pfsp=1.000
    [us] iter_0010: WR_ussr=0.45(n=40) WR_us=0.53(n=120) pfsp=0.996
  [diag] inf dtype=torch.float32 shape=torch.Size([2048, 172]) nan=0 inf_vals=0 range=[0.00,28.00]
  [diag] scalar dtype=torch.float32 nan=0 range=[-0.950,1.000]
  [diag] card_logits nan=0 range=[-15.92,15.65]
  [diag] values nan=0 range=[-0.9380,0.8938]
[iter  13/30] steps= 4830 rollout_wr=0.595 (ussr=0.530 us=0.660) pl=-0.0122 vl=0.2678 ent=3.774 clip=0.154 kl=0.0045 t=15.7s (rollout=13.6s update=2.1s)
  [league] self: self | ussr_pool: ['v57_scripted', 'v48_scripted'] | us_pool: ['v232_sc_scripted', 'iter_0010']
  [pfsp]
    [ussr] v57_scripted: WR_ussr=0.88(n=312) WR_us=0.95(n=206) pfsp=0.428
    [ussr] v48_scripted: WR_ussr=0.94(n=83) WR_us=0.95(n=227) pfsp=0.226
    [us] v232_sc_scripted: WR_ussr=0.43(n=120) WR_us=0.68(n=40) pfsp=0.877
    [us] iter_0010: WR_ussr=0.47(n=80) WR_us=0.57(n=200) pfsp=0.978
  [diag] inf dtype=torch.float32 shape=torch.Size([2048, 172]) nan=0 inf_vals=0 range=[0.00,25.00]
  [diag] scalar dtype=torch.float32 nan=0 range=[-0.950,1.000]
  [diag] card_logits nan=0 range=[-15.27,14.41]
  [diag] values nan=0 range=[-0.9216,0.9574]
[iter  14/30] steps= 3858 rollout_wr=0.740 (ussr=0.830 us=0.650) pl=-0.0119 vl=0.2918 ent=3.753 clip=0.082 kl=0.0027 t=12.0s (rollout=10.4s update=1.6s)
  [league] self: self | ussr_pool: ['v45_scripted', 'iter_0001'] | us_pool: ['iter_0001', 'iter_0001']
  [pfsp]
    [ussr] v45_scripted: WR_ussr=0.89(n=367) WR_us=?(n=0) pfsp=0.388
    [ussr] iter_0001: WR_ussr=0.43(n=280) WR_us=0.56(n=480) pfsp=0.982
    [us] iter_0001: WR_ussr=0.43(n=280) WR_us=0.56(n=480) pfsp=0.983
  [diag] inf dtype=torch.float32 shape=torch.Size([2048, 172]) nan=0 inf_vals=0 range=[0.00,27.00]
  [diag] scalar dtype=torch.float32 nan=0 range=[-1.100,1.100]
  [diag] card_logits nan=0 range=[-14.93,17.58]
  [diag] values nan=0 range=[-0.9304,0.9531]
[iter  15/30] steps= 4123 rollout_wr=0.630 (ussr=0.710 us=0.550) pl=0.0179 vl=0.3042 ent=3.720 clip=0.152 kl=0.0044 t=13.7s (rollout=11.9s update=1.8s)
  [league] self: self | ussr_pool: ['v217_sc_scripted', 'v217_sc_scripted'] | us_pool: ['v228_sc_scripted', 'iter_0010']
  [pfsp]
    [ussr] v217_sc_scripted: WR_ussr=0.53(n=160) WR_us=0.57(n=40) pfsp=0.997
    [us] v228_sc_scripted: WR_ussr=0.43(n=120) WR_us=?(n=0) pfsp=1.000
    [us] iter_0010: WR_ussr=0.47(n=80) WR_us=0.58(n=240) pfsp=0.975
  [diag] inf dtype=torch.float32 shape=torch.Size([2048, 172]) nan=0 inf_vals=0 range=[0.00,40.00]
  [diag] scalar dtype=torch.float32 nan=0 range=[-0.900,1.150]
  [diag] card_logits nan=0 range=[-15.24,16.56]
  [diag] values nan=0 range=[-0.9232,0.9469]
[iter  16/30] steps= 4784 rollout_wr=0.515 (ussr=0.530 us=0.500) pl=-0.0175 vl=0.3021 ent=3.685 clip=0.112 kl=0.0032 t=15.4s (rollout=13.4s update=2.0s)
  [league] self: self | ussr_pool: ['v57_scripted', 'iter_0010'] | us_pool: ['v228_sc_scripted', 'iter_0010']
  [pfsp]
    [ussr] v57_scripted: WR_ussr=0.88(n=352) WR_us=0.95(n=206) pfsp=0.420
    [ussr] iter_0010: WR_ussr=0.47(n=80) WR_us=0.58(n=280) pfsp=0.997
    [us] v228_sc_scripted: WR_ussr=0.43(n=120) WR_us=0.35(n=40) pfsp=0.910
    [us] iter_0010: WR_ussr=0.47(n=80) WR_us=0.58(n=280) pfsp=0.975
  [diag] inf dtype=torch.float32 shape=torch.Size([2048, 172]) nan=0 inf_vals=0 range=[0.00,28.00]
  [diag] scalar dtype=torch.float32 nan=0 range=[-1.000,1.000]
  [diag] card_logits nan=0 range=[-16.17,16.94]
  [diag] values nan=0 range=[-0.9466,0.9264]
[iter  17/30] steps= 4107 rollout_wr=0.615 (ussr=0.700 us=0.530) pl=0.0332 vl=0.2698 ent=3.911 clip=0.147 kl=0.0045 t=13.7s (rollout=11.9s update=1.8s)
  [league] self: self | ussr_pool: ['v217_sc_scripted', 'iter_0010'] | us_pool: ['iter_0010', 'iter_0001']
  [pfsp]
    [ussr] v217_sc_scripted: WR_ussr=0.55(n=240) WR_us=0.57(n=40) pfsp=0.992
    [ussr] iter_0010: WR_ussr=0.48(n=120) WR_us=0.57(n=320) pfsp=0.999
    [us] iter_0010: WR_ussr=0.48(n=120) WR_us=0.57(n=320) pfsp=0.979
    [us] iter_0001: WR_ussr=0.46(n=320) WR_us=0.56(n=560) pfsp=0.983
  [diag] inf dtype=torch.float32 shape=torch.Size([2048, 172]) nan=0 inf_vals=0 range=[0.00,31.00]
  [diag] scalar dtype=torch.float32 nan=0 range=[-1.000,1.100]
  [diag] card_logits nan=0 range=[-15.46,15.80]
  [diag] values nan=0 range=[-0.9247,0.8927]
[iter  18/30] steps= 5213 rollout_wr=0.510 (ussr=0.570 us=0.450) pl=-0.0144 vl=0.2569 ent=3.712 clip=0.130 kl=0.0037 t=16.4s (rollout=14.4s update=2.1s)
  [league] self: self | ussr_pool: ['v228_sc_scripted', 'iter_0010'] | us_pool: ['v217_sc_scripted', 'iter_0001']
  [pfsp]
    [ussr] v228_sc_scripted: WR_ussr=0.43(n=120) WR_us=0.45(n=80) pfsp=0.982
    [ussr] iter_0010: WR_ussr=0.51(n=160) WR_us=0.56(n=360) pfsp=1.000
    [us] v217_sc_scripted: WR_ussr=0.56(n=280) WR_us=0.57(n=40) pfsp=0.978
    [us] iter_0001: WR_ussr=0.46(n=320) WR_us=0.56(n=600) pfsp=0.987
  [diag] inf dtype=torch.float32 shape=torch.Size([2048, 172]) nan=0 inf_vals=0 range=[0.00,26.00]
  [diag] scalar dtype=torch.float32 nan=0 range=[-1.100,1.150]
  [diag] card_logits nan=0 range=[-15.65,16.67]
  [diag] values nan=0 range=[-0.9662,0.9199]
[iter  19/30] steps= 4954 rollout_wr=0.560 (ussr=0.470 us=0.650) pl=-0.0102 vl=0.2681 ent=3.691 clip=0.114 kl=0.0034 t=16.4s (rollout=14.3s update=2.1s)
  Saved to league pool: data/checkpoints/ppo_v248_sc_league/iter_0020.pt
  [league] self: self | ussr_pool: ['v22_scripted', 'heuristic'] | us_pool: ['v44_scripted', 'v228_sc_scripted']
  [pfsp]
    [ussr] v22_scripted: WR_ussr=0.91(n=225) WR_us=?(n=0) pfsp=0.338
    [ussr] heuristic: WR_ussr=0.55(n=321) WR_us=0.39(n=364) pfsp=0.991
    [us] v44_scripted: WR_ussr=?(n=0) WR_us=0.93(n=220) pfsp=0.254
    [us] v228_sc_scripted: WR_ussr=0.44(n=160) WR_us=0.45(n=80) pfsp=0.990
  [diag] inf dtype=torch.float32 shape=torch.Size([2048, 172]) nan=0 inf_vals=0 range=[0.00,38.00]
  [diag] scalar dtype=torch.float32 nan=0 range=[-1.000,1.150]
  [diag] card_logits nan=0 range=[-15.34,17.02]
  [diag] values nan=0 range=[-0.9377,0.9252]
[iter  20/30] steps= 3579 rollout_wr=0.635 (ussr=0.640 us=0.630) pl=-0.0118 vl=0.2966 ent=3.719 clip=0.068 kl=0.0020 t=11.6s (rollout=10.0s update=1.5s)
  [jsd] iter=20 prev_iter=10 card_jsd=0.0080 top1=0.917 val_mae=0.0495
  [confirm] launched incremental Elo check for iter 20
  [panel eval] launched pid=1330324 iter=20 panel=['v55', 'v54', 'v44', 'v45', 'v48']
  [league] self: self | ussr_pool: ['iter_0010', 'v48_scripted'] | us_pool: ['v217_sc_scripted', 'iter_0010']
  [pfsp]
    [ussr] iter_0010: WR_ussr=0.49(n=200) WR_us=0.56(n=360) pfsp=1.000
    [ussr] v48_scripted: WR_ussr=0.92(n=123) WR_us=0.95(n=227) pfsp=0.299
    [us] v217_sc_scripted: WR_ussr=0.56(n=280) WR_us=0.60(n=80) pfsp=0.960
    [us] iter_0010: WR_ussr=0.49(n=200) WR_us=0.56(n=360) pfsp=0.988
  [diag] inf dtype=torch.float32 shape=torch.Size([2048, 172]) nan=0 inf_vals=0 range=[0.00,31.00]
  [diag] scalar dtype=torch.float32 nan=0 range=[-0.950,1.000]
  [diag] card_logits nan=0 range=[-15.93,16.40]
  [diag] values nan=0 range=[-0.9538,0.9470]
[iter  21/30] steps= 4252 rollout_wr=0.610 (ussr=0.670 us=0.550) pl=-0.0148 vl=0.2947 ent=3.728 clip=0.148 kl=0.0053 t=15.4s (rollout=13.5s update=1.9s)
  [panel eval iter 20] avg=0.967 elapsed=16s: v55=0.933 | v54=0.967 | v44=0.983 | v45=1.000 | v48=0.983
  [panel eval] NEW HIGH-WATER MARK iter=20 avg_wr=0.9674 → ppo_running_best.pt (provenance: ppo_iter0020.pt)
  [league] self: self | ussr_pool: ['iter_0010', 'v217_sc_scripted'] | us_pool: ['iter_0001', 'iter_0010']
  [pfsp]
    [ussr] iter_0010: WR_ussr=0.49(n=240) WR_us=0.56(n=400) pfsp=1.000
    [ussr] v217_sc_scripted: WR_ussr=0.56(n=280) WR_us=0.56(n=120) pfsp=0.985
    [us] iter_0001: WR_ussr=0.46(n=320) WR_us=0.56(n=640) pfsp=0.984
    [us] iter_0010: WR_ussr=0.49(n=240) WR_us=0.56(n=400) pfsp=0.988
  [diag] inf dtype=torch.float32 shape=torch.Size([2048, 172]) nan=0 inf_vals=0 range=[0.00,25.00]
  [diag] scalar dtype=torch.float32 nan=0 range=[-1.050,1.250]
  [diag] card_logits nan=0 range=[-15.57,16.63]
  [diag] values nan=0 range=[-0.9612,0.9432]
[iter  22/30] steps= 4634 rollout_wr=0.595 (ussr=0.530 us=0.660) pl=-0.0139 vl=0.2896 ent=3.689 clip=0.129 kl=0.0036 t=17.0s (rollout=15.0s update=2.1s)
  [league] self: self | ussr_pool: ['heuristic', 'heuristic'] | us_pool: ['iter_0001', 'v228_sc_scripted']
  [pfsp]
    [ussr] heuristic: WR_ussr=0.55(n=361) WR_us=0.39(n=364) pfsp=0.992
    [us] iter_0001: WR_ussr=0.46(n=320) WR_us=0.57(n=680) pfsp=0.982
    [us] v228_sc_scripted: WR_ussr=0.44(n=160) WR_us=0.43(n=120) pfsp=0.982
  [diag] inf dtype=torch.float32 shape=torch.Size([2048, 172]) nan=0 inf_vals=0 range=[0.00,43.00]
  [diag] scalar dtype=torch.float32 nan=0 range=[-1.200,1.450]
  [diag] card_logits nan=0 range=[-16.41,17.56]
  [diag] values nan=0 range=[-0.9356,0.9418]
[iter  23/30] steps= 5025 rollout_wr=0.590 (ussr=0.620 us=0.560) pl=-0.0170 vl=0.2676 ent=3.724 clip=0.143 kl=0.0045 t=18.9s (rollout=16.7s update=2.2s)
  [league] self: self | ussr_pool: ['v232_sc_scripted', 'iter_0010'] | us_pool: ['v54_scripted', 'v228_sc_scripted']
  [pfsp]
    [ussr] v232_sc_scripted: WR_ussr=0.43(n=120) WR_us=0.68(n=80) pfsp=0.982
    [ussr] iter_0010: WR_ussr=0.49(n=280) WR_us=0.57(n=440) pfsp=1.000
    [us] v54_scripted: WR_ussr=?(n=0) WR_us=0.94(n=340) pfsp=0.242
    [us] v228_sc_scripted: WR_ussr=0.44(n=160) WR_us=0.47(n=160) pfsp=0.997
  [diag] inf dtype=torch.float32 shape=torch.Size([2048, 172]) nan=0 inf_vals=0 range=[0.00,32.00]
  [diag] scalar dtype=torch.float32 nan=0 range=[-0.950,1.150]
  [diag] card_logits nan=0 range=[-16.10,17.06]
  [diag] values nan=0 range=[-0.9494,0.9342]
[iter  24/30] steps= 4412 rollout_wr=0.545 (ussr=0.430 us=0.660) pl=-0.0248 vl=0.2806 ent=3.625 clip=0.127 kl=0.0034 t=15.5s (rollout=13.6s update=1.9s)
  [league] self: self | ussr_pool: ['v228_sc_scripted', 'v232_sc_scripted'] | us_pool: ['iter_0020', 'v48_scripted']
  [pfsp]
    [ussr] v228_sc_scripted: WR_ussr=0.44(n=160) WR_us=0.47(n=200) pfsp=0.987
    [ussr] v232_sc_scripted: WR_ussr=0.46(n=160) WR_us=0.68(n=80) pfsp=0.992
    [us] iter_0020: WR_ussr=?(n=0) WR_us=?(n=0) pfsp=1.000
    [us] v48_scripted: WR_ussr=0.93(n=163) WR_us=0.95(n=227) pfsp=0.200
  [diag] inf dtype=torch.float32 shape=torch.Size([2048, 172]) nan=0 inf_vals=0 range=[0.00,29.00]
  [diag] scalar dtype=torch.float32 nan=0 range=[-1.050,1.250]
  [diag] card_logits nan=0 range=[-16.29,16.90]
  [diag] values nan=0 range=[-0.9551,0.9157]
[iter  25/30] steps= 4568 rollout_wr=0.605 (ussr=0.480 us=0.730) pl=-0.0141 vl=0.2613 ent=3.664 clip=0.147 kl=0.0042 t=17.1s (rollout=15.2s update=1.9s)
  [league] self: self | ussr_pool: ['iter_0020', 'iter_0020'] | us_pool: ['heuristic', 'iter_0020']
  [pfsp]
    [ussr] iter_0020: WR_ussr=?(n=0) WR_us=0.55(n=40) pfsp=1.000
    [us] heuristic: WR_ussr=0.56(n=441) WR_us=0.39(n=364) pfsp=0.949
    [us] iter_0020: WR_ussr=?(n=0) WR_us=0.55(n=40) pfsp=0.990
  [diag] inf dtype=torch.float32 shape=torch.Size([2048, 172]) nan=0 inf_vals=0 range=[0.00,35.00]
  [diag] scalar dtype=torch.float32 nan=0 range=[-0.950,1.300]
  [diag] card_logits nan=0 range=[-16.32,14.06]
  [diag] values nan=0 range=[-0.9564,0.9031]
[iter  26/30] steps= 4794 rollout_wr=0.550 (ussr=0.580 us=0.520) pl=-0.0099 vl=0.2813 ent=3.627 clip=0.127 kl=0.0040 t=17.3s (rollout=15.3s update=2.0s)
  [league] self: self | ussr_pool: ['v228_sc_scripted', 'v228_sc_scripted'] | us_pool: ['heuristic', 'iter_0001']
  [pfsp]
    [ussr] v228_sc_scripted: WR_ussr=0.47(n=200) WR_us=0.47(n=200) pfsp=0.995
    [us] heuristic: WR_ussr=0.56(n=441) WR_us=0.39(n=404) pfsp=0.955
    [us] iter_0001: WR_ussr=0.46(n=320) WR_us=0.56(n=720) pfsp=0.984
  [diag] inf dtype=torch.float32 shape=torch.Size([2048, 172]) nan=0 inf_vals=0 range=[0.00,35.00]
  [diag] scalar dtype=torch.float32 nan=0 range=[-1.300,1.400]
  [diag] card_logits nan=0 range=[-15.19,16.39]
  [diag] values nan=0 range=[-0.9472,0.9163]
[iter  27/30] steps= 4949 rollout_wr=0.465 (ussr=0.430 us=0.500) pl=-0.0133 vl=0.2914 ent=3.579 clip=0.141 kl=0.0041 t=18.3s (rollout=16.2s update=2.2s)
  [league] self: self | ussr_pool: ['heuristic', 'v228_sc_scripted'] | us_pool: ['iter_0010', 'iter_0001']
  [pfsp]
    [ussr] heuristic: WR_ussr=0.56(n=441) WR_us=0.40(n=444) pfsp=0.986
    [ussr] v228_sc_scripted: WR_ussr=0.46(n=280) WR_us=0.47(n=200) pfsp=0.993
    [us] iter_0010: WR_ussr=0.47(n=320) WR_us=0.57(n=440) pfsp=0.979
    [us] iter_0001: WR_ussr=0.46(n=320) WR_us=0.56(n=760) pfsp=0.985
  [diag] inf dtype=torch.float32 shape=torch.Size([2048, 172]) nan=0 inf_vals=0 range=[0.00,43.00]
  [diag] scalar dtype=torch.float32 nan=0 range=[-0.950,1.200]
  [diag] card_logits nan=0 range=[-15.96,16.16]
  [diag] values nan=0 range=[-0.9433,0.9062]
[iter  28/30] steps= 4950 rollout_wr=0.595 (ussr=0.650 us=0.540) pl=-0.0208 vl=0.3012 ent=3.633 clip=0.118 kl=0.0039 t=17.0s (rollout=14.9s update=2.1s)
  [league] self: self | ussr_pool: ['v232_sc_scripted', 'iter_0020'] | us_pool: ['iter_0020', 'iter_0001']
  [pfsp]
    [ussr] v232_sc_scripted: WR_ussr=0.45(n=200) WR_us=0.68(n=80) pfsp=0.990
    [ussr] iter_0020: WR_ussr=0.59(n=80) WR_us=0.56(n=80) pfsp=0.969
    [us] iter_0020: WR_ussr=0.59(n=80) WR_us=0.56(n=80) pfsp=0.984
    [us] iter_0001: WR_ussr=0.46(n=320) WR_us=0.56(n=800) pfsp=0.985
  [diag] inf dtype=torch.float32 shape=torch.Size([2048, 172]) nan=0 inf_vals=0 range=[0.00,28.00]
  [diag] scalar dtype=torch.float32 nan=0 range=[-0.850,1.000]
  [diag] card_logits nan=0 range=[-15.67,16.52]
  [diag] values nan=0 range=[-0.9225,0.8878]
[iter  29/30] steps= 4629 rollout_wr=0.570 (ussr=0.510 us=0.630) pl=-0.0201 vl=0.2955 ent=3.631 clip=0.143 kl=0.0039 t=16.5s (rollout=14.4s update=2.0s)
  Saved to league pool: data/checkpoints/ppo_v248_sc_league/iter_0030.pt
  [league] self: self | ussr_pool: ['heuristic', 'v45_scripted'] | us_pool: ['v55_scripted', 'v232_sc_scripted']
  [pfsp]
    [ussr] heuristic: WR_ussr=0.57(n=481) WR_us=0.40(n=444) pfsp=0.979
    [ussr] v45_scripted: WR_ussr=0.89(n=407) WR_us=?(n=0) pfsp=0.378
    [us] v55_scripted: WR_ussr=0.89(n=309) WR_us=0.95(n=169) pfsp=0.202
    [us] v232_sc_scripted: WR_ussr=0.46(n=240) WR_us=0.68(n=80) pfsp=0.877
  [diag] inf dtype=torch.float32 shape=torch.Size([2048, 172]) nan=0 inf_vals=0 range=[0.00,43.00]
  [diag] scalar dtype=torch.float32 nan=0 range=[-0.900,1.100]
  [diag] card_logits nan=0 range=[-15.50,15.25]
  [diag] values nan=0 range=[-0.8958,0.8877]
[iter  30/30] steps= 3596 rollout_wr=0.670 (ussr=0.740 us=0.600) pl=-0.0142 vl=0.2976 ent=3.702 clip=0.114 kl=0.0037 t=12.7s (rollout=11.2s update=1.5s)
  [jsd] iter=30 prev_iter=20 card_jsd=0.0079 top1=0.912 val_mae=0.0613
  [confirm] launched incremental Elo check for iter 30
  [panel eval] launched pid=1330667 iter=30 panel=['v55', 'v54', 'v44', 'v45', 'v48']
wandb: updating run metadata; uploading artifact run-df5c2d2f-chartsrollout_wr_table-fe93CA
wandb: uploading artifact run-df5c2d2f-chartsrollout_wr_table-fe93CA
wandb: uploading config.yaml; uploading media/table/charts/rollout_wr_table_29_2a11f6049f3959e5c7ca.table.json; uploading output.log; uploading wandb-summary.json
wandb: uploading history steps 28-29, summary, console lines 332-342
wandb: 
wandb: Run history:
wandb:               approx_kl ▆▅▆▄▄▃▄▇▄▆▄▃▆▂▆▄▆▅▄▁█▅▆▄▆▅▅▅▅▅
wandb:           clip_fraction ▇▆▆▄▅▄▅█▄▆▄▃▇▂▇▄▆▅▄▁▆▅▆▅▆▅▆▄▆▄
wandb: core_scalar_weight_norm ▃▃▃▃▂▂▁▁▁▂▂▂▃▄▄▄▅▆▆▆▅▅▅▆▆▇▇▇██
wandb:                ent_coef ▁▁▁▁▁▁▁▁▁▁▁▁▁▁▁▁▁▁▁▁▁▁▁▁▁▁▁▁▁▁
wandb:                 entropy ▆▅▆▇█▄▅█▅▅▅▄▅▅▄▃█▄▃▄▄▃▄▂▃▂▁▂▂▄
wandb:             iter_time_s ▂▅▃▄▅▆▃▄▆▃▄▃▅▁▃▅▃▆▆▁▅▆█▅▆▇▇▆▆▂
wandb:  jsd/card_early_vs_prev █▁
wandb:   jsd/card_late_vs_prev █▁
wandb:    jsd/card_mid_vs_prev ▁█
wandb:        jsd/card_vs_prev █▁
wandb:                    +208 ...
wandb: 
wandb: Run summary:
wandb:               approx_kl 0.00367
wandb:           clip_fraction 0.11377
wandb: core_scalar_weight_norm 4.05262
wandb:                ent_coef 0.003
wandb:                 entropy 3.70216
wandb:             iter_time_s 12.71201
wandb:  jsd/card_early_vs_prev 0.00627
wandb:   jsd/card_late_vs_prev 0.00679
wandb:    jsd/card_mid_vs_prev 0.01054
wandb:        jsd/card_vs_prev 0.00787
wandb:                    +208 ...
wandb: 
wandb: 🚀 View run ppo_v248_sc at: https://wandb.ai/korduban-ai/twilight-struggle-ai/runs/df5c2d2f
wandb: ⭐️ View project at: https://wandb.ai/korduban-ai/twilight-struggle-ai
wandb: Synced 5 W&B file(s), 30 media file(s), 60 artifact file(s) and 0 other file(s)
wandb: Find logs at: ./wandb/run-20260414_082116-df5c2d2f/logs

Training complete in 7.9 minutes
Checkpoints in: data/checkpoints/ppo_v248_sc_league
[ppo_train_dynamic] finished at 2026-04-14T15:29:19Z
