wandb: [wandb.login()] Loaded credentials for https://api.wandb.ai from WANDB_API_KEY.
wandb: Currently logged in as: dkorduban (korduban-ai) to https://api.wandb.ai. Use `wandb login --relogin` to force relogin
wandb: setting up run 809b758c
wandb: Tracking run with wandb version 0.25.1
wandb: Run data is saved locally in /home/dkord/code/twilight-struggle-ai/wandb/run-20260412_093322-809b758c
wandb: Run `wandb offline` to turn off syncing.
wandb: Syncing run ppo_v75_sc
wandb: ⭐️ View project at https://wandb.ai/korduban-ai/twilight-struggle-ai
wandb: 🚀 View run at https://wandb.ai/korduban-ai/twilight-struggle-ai/runs/809b758c
[tracking] log_experiment_start failed: cannot access local variable 'sys' where it is not associated with a value
Loading checkpoint: data/checkpoints/ppo_v72_sc_league/ppo_best.pt
[smoke test] Smoke test passed: 10 games completed
  --reset-optimizer: skipping optimizer state restore, starting fresh Adam.

Starting PPO training: 30 iterations × 200 games/iter, side=both
Device: cuda, lr=2e-05, clip=0.12, ent=0.03, vf=0.5
League training enabled (pool: data/checkpoints/ppo_v75_sc_league, save-every=10)
  Saved to league pool: data/checkpoints/ppo_v75_sc_league/iter_0001.pt
  [league] self: self | ussr_pool: ['iter_0001', 'iter_0001'] | us_pool: ['v55_scripted', 'iter_0001']
  [pfsp]
    [ussr] iter_0001: WR_ussr=?(n=0) WR_us=?(n=0) pfsp=1.000
    [us] v55_scripted: WR_ussr=?(n=0) WR_us=0.29(n=2771) pfsp=0.715
    [us] iter_0001: WR_ussr=?(n=0) WR_us=?(n=0) pfsp=1.000
  [diag] inf dtype=torch.float32 shape=torch.Size([2048, 172]) nan=0 inf_vals=0 range=[0.00,30.00]
  [diag] scalar dtype=torch.float32 nan=0 range=[-0.900,1.125]
  [diag] card_logits nan=0 range=[-18.81,13.25]
  [diag] values nan=0 range=[-0.9438,0.9706]
[iter   1/30] steps=12615 rollout_wr=0.425 (ussr=0.480 us=0.370) pl=-0.0199 vl=0.1151 ent=3.971 clip=0.117 kl=0.0033 t=85.7s (rollout=80.1s update=5.6s)
  [league] self: self | ussr_pool: ['iter_0001', 'v45_scripted'] | us_pool: ['iter_0001', 'iter_0001']
  [pfsp]
    [ussr] iter_0001: WR_ussr=0.45(n=80) WR_us=0.35(n=40) pfsp=0.550
    [ussr] v45_scripted: WR_ussr=0.41(n=2572) WR_us=?(n=0) pfsp=0.593
    [us] iter_0001: WR_ussr=0.45(n=80) WR_us=0.35(n=40) pfsp=0.650
  [diag] inf dtype=torch.float32 shape=torch.Size([2048, 172]) nan=0 inf_vals=0 range=[0.00,37.00]
  [diag] scalar dtype=torch.float32 nan=0 range=[-0.850,1.000]
  [diag] card_logits nan=0 range=[-18.75,14.64]
  [diag] values nan=0 range=[-0.9611,0.9544]
[iter   2/30] steps=13245 rollout_wr=0.455 (ussr=0.560 us=0.350) pl=-0.0144 vl=0.1114 ent=3.901 clip=0.077 kl=0.0024 t=30.5s (rollout=25.8s update=4.7s)
  [league] self: self | ussr_pool: ['iter_0001', 'iter_0001'] | us_pool: ['iter_0001', 'iter_0001']
  [pfsp]
    [ussr] iter_0001: WR_ussr=0.48(n=120) WR_us=0.31(n=120) pfsp=0.517
    [us] iter_0001: WR_ussr=0.48(n=120) WR_us=0.31(n=120) pfsp=0.692
  [diag] inf dtype=torch.float32 shape=torch.Size([2048, 172]) nan=0 inf_vals=0 range=[0.00,31.00]
  [diag] scalar dtype=torch.float32 nan=0 range=[-0.850,1.125]
  [diag] card_logits nan=0 range=[-19.36,13.33]
  [diag] values nan=0 range=[-0.9681,0.9260]
[iter   3/30] steps=13230 rollout_wr=0.365 (ussr=0.420 us=0.310) pl=-0.0123 vl=0.1022 ent=3.945 clip=0.060 kl=0.0018 t=20.3s (rollout=15.2s update=5.1s)
  [league] self: self | ussr_pool: ['iter_0001', 'iter_0001'] | us_pool: ['iter_0001', 'iter_0001']
  [pfsp]
    [ussr] iter_0001: WR_ussr=0.46(n=200) WR_us=0.32(n=200) pfsp=0.545
    [us] iter_0001: WR_ussr=0.46(n=200) WR_us=0.32(n=200) pfsp=0.685
  [diag] inf dtype=torch.float32 shape=torch.Size([2048, 172]) nan=0 inf_vals=0 range=[0.00,42.00]
  [diag] scalar dtype=torch.float32 nan=0 range=[-0.800,1.125]
  [diag] card_logits nan=0 range=[-19.08,14.36]
  [diag] values nan=0 range=[-0.9624,0.9794]
[iter   4/30] steps=13054 rollout_wr=0.410 (ussr=0.480 us=0.340) pl=-0.0184 vl=0.1144 ent=3.918 clip=0.068 kl=0.0020 t=20.1s (rollout=15.0s update=5.1s)
  [league] self: self | ussr_pool: ['v45_scripted', 'iter_0001'] | us_pool: ['v55_scripted', 'iter_0001']
  [pfsp]
    [ussr] v45_scripted: WR_ussr=0.41(n=2612) WR_us=?(n=0) pfsp=0.591
    [ussr] iter_0001: WR_ussr=0.46(n=280) WR_us=0.32(n=280) pfsp=0.536
    [us] v55_scripted: WR_ussr=?(n=0) WR_us=0.29(n=2811) pfsp=0.714
    [us] iter_0001: WR_ussr=0.46(n=280) WR_us=0.32(n=280) pfsp=0.679
  [diag] inf dtype=torch.float32 shape=torch.Size([2048, 172]) nan=0 inf_vals=0 range=[0.00,31.00]
  [diag] scalar dtype=torch.float32 nan=0 range=[-0.950,1.125]
  [diag] card_logits nan=0 range=[-18.47,13.42]
  [diag] values nan=0 range=[-0.9766,0.9258]
[iter   5/30] steps=13314 rollout_wr=0.395 (ussr=0.430 us=0.360) pl=-0.0134 vl=0.1082 ent=3.923 clip=0.080 kl=0.0021 t=19.8s (rollout=15.3s update=4.5s)
  [league] self: self | ussr_pool: ['iter_0001', 'iter_0001'] | us_pool: ['iter_0001', 'iter_0001']
  [pfsp]
    [ussr] iter_0001: WR_ussr=0.47(n=320) WR_us=0.33(n=320) pfsp=0.531
    [us] iter_0001: WR_ussr=0.47(n=320) WR_us=0.33(n=320) pfsp=0.669
  [diag] inf dtype=torch.float32 shape=torch.Size([2048, 172]) nan=0 inf_vals=0 range=[0.00,35.00]
  [diag] scalar dtype=torch.float32 nan=0 range=[-0.950,1.125]
  [diag] card_logits nan=0 range=[-20.33,12.65]
  [diag] values nan=0 range=[-0.9644,0.9078]
[iter   6/30] steps=12832 rollout_wr=0.430 (ussr=0.520 us=0.340) pl=-0.0154 vl=0.1231 ent=3.920 clip=0.071 kl=0.0020 t=20.2s (rollout=15.3s update=4.9s)
  [league] self: self | ussr_pool: ['iter_0001', 'v45_scripted'] | us_pool: ['iter_0001', 'iter_0001']
  [pfsp]
    [ussr] iter_0001: WR_ussr=0.48(n=400) WR_us=0.34(n=400) pfsp=0.518
    [ussr] v45_scripted: WR_ussr=0.41(n=2652) WR_us=?(n=0) pfsp=0.591
    [us] iter_0001: WR_ussr=0.48(n=400) WR_us=0.34(n=400) pfsp=0.665
  [diag] inf dtype=torch.float32 shape=torch.Size([2048, 172]) nan=0 inf_vals=0 range=[0.00,40.00]
  [diag] scalar dtype=torch.float32 nan=0 range=[-0.900,1.125]
  [diag] card_logits nan=0 range=[-19.35,14.70]
  [diag] values nan=0 range=[-0.9631,0.9603]
[iter   7/30] steps=13012 rollout_wr=0.415 (ussr=0.490 us=0.340) pl=-0.0124 vl=0.1081 ent=3.931 clip=0.060 kl=0.0018 t=20.2s (rollout=15.1s update=5.1s)
  [league] self: self | ussr_pool: ['iter_0001', 'v45_scripted'] | us_pool: ['iter_0001', 'iter_0001']
  [pfsp]
    [ussr] iter_0001: WR_ussr=0.49(n=440) WR_us=0.33(n=480) pfsp=0.514
    [ussr] v45_scripted: WR_ussr=0.41(n=2692) WR_us=?(n=0) pfsp=0.590
    [us] iter_0001: WR_ussr=0.49(n=440) WR_us=0.33(n=480) pfsp=0.671
  [diag] inf dtype=torch.float32 shape=torch.Size([2048, 172]) nan=0 inf_vals=0 range=[0.00,32.00]
  [diag] scalar dtype=torch.float32 nan=0 range=[-0.900,1.125]
  [diag] card_logits nan=0 range=[-20.41,14.18]
  [diag] values nan=0 range=[-0.9620,0.8694]
[iter   8/30] steps=13061 rollout_wr=0.445 (ussr=0.560 us=0.330) pl=-0.0119 vl=0.1197 ent=3.922 clip=0.074 kl=0.0021 t=21.2s (rollout=16.1s update=5.1s)
  [league] self: self | ussr_pool: ['iter_0001', 'iter_0001'] | us_pool: ['iter_0001', 'iter_0001']
  [pfsp]
    [ussr] iter_0001: WR_ussr=0.49(n=480) WR_us=0.32(n=560) pfsp=0.515
    [us] iter_0001: WR_ussr=0.49(n=480) WR_us=0.32(n=560) pfsp=0.677
  [diag] inf dtype=torch.float32 shape=torch.Size([2048, 172]) nan=0 inf_vals=0 range=[0.00,37.00]
  [diag] scalar dtype=torch.float32 nan=0 range=[-0.950,1.000]
  [diag] card_logits nan=0 range=[-20.21,12.78]
  [diag] values nan=0 range=[-0.9799,0.9277]
[iter   9/30] steps=13208 rollout_wr=0.455 (ussr=0.500 us=0.410) pl=-0.0139 vl=0.1046 ent=3.956 clip=0.077 kl=0.0022 t=21.1s (rollout=16.0s update=5.1s)
  Saved to league pool: data/checkpoints/ppo_v75_sc_league/iter_0010.pt
  [league] self: self | ussr_pool: ['iter_0010', 'iter_0001'] | us_pool: ['heuristic', 'iter_0010']
  [pfsp]
    [ussr] iter_0010: WR_ussr=?(n=0) WR_us=?(n=0) pfsp=1.000
    [ussr] iter_0001: WR_ussr=0.49(n=560) WR_us=0.33(n=640) pfsp=0.511
    [us] heuristic: WR_ussr=0.92(n=154) WR_us=0.68(n=361) pfsp=0.319
    [us] iter_0010: WR_ussr=?(n=0) WR_us=?(n=0) pfsp=1.000
  [diag] inf dtype=torch.float32 shape=torch.Size([2048, 172]) nan=0 inf_vals=0 range=[0.00,37.00]
  [diag] scalar dtype=torch.float32 nan=0 range=[-0.950,1.125]
  [diag] card_logits nan=0 range=[-18.72,13.15]
  [diag] values nan=0 range=[-0.9620,0.9570]
[iter  10/30] steps=13009 rollout_wr=0.515 (ussr=0.490 us=0.540) pl=-0.0129 vl=0.1018 ent=3.966 clip=0.084 kl=0.0024 t=21.3s (rollout=16.4s update=5.0s)
  [confirm] launched incremental Elo check for iter 10
  [panel eval] launched pid=548984 iter=10 panel=['v55', 'v54', 'v44', 'v45', 'v14']
  [league] self: self | ussr_pool: ['iter_0010', 'iter_0010'] | us_pool: ['iter_0010', 'iter_0010']
  [pfsp]
    [ussr] iter_0010: WR_ussr=0.53(n=40) WR_us=0.33(n=40) pfsp=0.475
    [us] iter_0010: WR_ussr=0.53(n=40) WR_us=0.33(n=40) pfsp=0.675
  [diag] inf dtype=torch.float32 shape=torch.Size([2048, 172]) nan=0 inf_vals=0 range=[0.00,36.00]
  [diag] scalar dtype=torch.float32 nan=0 range=[-0.900,1.125]
  [diag] card_logits nan=0 range=[-20.02,13.32]
  [diag] values nan=0 range=[-0.9628,0.9643]
[iter  11/30] steps=13502 rollout_wr=0.450 (ussr=0.480 us=0.420) pl=-0.0131 vl=0.1076 ent=3.893 clip=0.070 kl=0.0020 t=34.3s (rollout=28.9s update=5.4s)
  [panel eval iter 10] avg=0.472 elapsed=35s: v55=0.467 | v54=0.433 | v44=0.483 | v45=0.500 | v14=0.567
  [panel eval] NEW HIGH-WATER MARK iter=10 avg_wr=0.4717 → ppo_running_best.pt (provenance: ppo_iter0010.pt)
  [league] self: self | ussr_pool: ['iter_0001', 'iter_0001'] | us_pool: ['iter_0001', 'v55_scripted']
  [pfsp]
    [ussr] iter_0001: WR_ussr=0.49(n=600) WR_us=0.33(n=640) pfsp=0.510
    [us] iter_0001: WR_ussr=0.49(n=600) WR_us=0.33(n=640) pfsp=0.666
    [us] v55_scripted: WR_ussr=?(n=0) WR_us=0.29(n=2851) pfsp=0.713
  [diag] inf dtype=torch.float32 shape=torch.Size([2048, 172]) nan=0 inf_vals=0 range=[0.00,41.00]
  [diag] scalar dtype=torch.float32 nan=0 range=[-0.650,1.000]
  [diag] card_logits nan=0 range=[-20.35,13.51]
  [diag] values nan=0 range=[-0.9784,0.9313]
[iter  12/30] steps=13375 rollout_wr=0.435 (ussr=0.400 us=0.470) pl=-0.0108 vl=0.1056 ent=3.974 clip=0.063 kl=0.0019 t=20.7s (rollout=16.3s update=4.4s)
  [league] self: self | ussr_pool: ['heuristic', 'iter_0010'] | us_pool: ['iter_0010', 'iter_0010']
  [pfsp]
    [ussr] heuristic: WR_ussr=0.92(n=154) WR_us=0.69(n=401) pfsp=0.078
    [ussr] iter_0010: WR_ussr=0.50(n=120) WR_us=0.42(n=120) pfsp=0.500
    [us] iter_0010: WR_ussr=0.50(n=120) WR_us=0.42(n=120) pfsp=0.583
  [diag] inf dtype=torch.float32 shape=torch.Size([2048, 172]) nan=0 inf_vals=0 range=[0.00,42.00]
  [diag] scalar dtype=torch.float32 nan=0 range=[-0.850,1.125]
  [diag] card_logits nan=0 range=[-20.19,12.87]
  [diag] values nan=0 range=[-0.9763,0.9603]
[iter  13/30] steps=12379 rollout_wr=0.520 (ussr=0.620 us=0.420) pl=-0.0198 vl=0.1115 ent=3.952 clip=0.079 kl=0.0023 t=21.3s (rollout=16.2s update=5.1s)
  [league] self: self | ussr_pool: ['iter_0001', 'heuristic'] | us_pool: ['iter_0010', 'iter_0001']
  [pfsp]
    [ussr] iter_0001: WR_ussr=0.48(n=680) WR_us=0.34(n=680) pfsp=0.518
    [ussr] heuristic: WR_ussr=0.91(n=194) WR_us=0.69(n=401) pfsp=0.088
    [us] iter_0010: WR_ussr=0.50(n=160) WR_us=0.42(n=200) pfsp=0.575
    [us] iter_0001: WR_ussr=0.48(n=680) WR_us=0.34(n=680) pfsp=0.659
  [diag] inf dtype=torch.float32 shape=torch.Size([2048, 172]) nan=0 inf_vals=0 range=[0.00,37.00]
  [diag] scalar dtype=torch.float32 nan=0 range=[-0.900,1.125]
  [diag] card_logits nan=0 range=[-18.84,13.65]
  [diag] values nan=0 range=[-0.9704,0.9285]
[iter  14/30] steps=12696 rollout_wr=0.545 (ussr=0.640 us=0.450) pl=-0.0126 vl=0.1018 ent=3.942 clip=0.080 kl=0.0024 t=20.3s (rollout=15.4s update=5.0s)
  [league] self: self | ussr_pool: ['v45_scripted', 'iter_0001'] | us_pool: ['iter_0010', 'iter_0010']
  [pfsp]
    [ussr] v45_scripted: WR_ussr=0.41(n=2732) WR_us=?(n=0) pfsp=0.587
    [ussr] iter_0001: WR_ussr=0.48(n=720) WR_us=0.34(n=720) pfsp=0.519
    [us] iter_0010: WR_ussr=0.50(n=160) WR_us=0.45(n=240) pfsp=0.546
  [diag] inf dtype=torch.float32 shape=torch.Size([2048, 172]) nan=0 inf_vals=0 range=[0.00,34.00]
  [diag] scalar dtype=torch.float32 nan=0 range=[-0.850,1.125]
  [diag] card_logits nan=0 range=[-18.29,14.19]
  [diag] values nan=0 range=[-0.9744,0.9337]
[iter  15/30] steps=13193 rollout_wr=0.390 (ussr=0.430 us=0.350) pl=-0.0136 vl=0.1208 ent=3.924 clip=0.086 kl=0.0025 t=20.9s (rollout=15.7s update=5.2s)
  [league] self: self | ussr_pool: ['iter_0001', 'iter_0001'] | us_pool: ['iter_0010', 'iter_0010']
  [pfsp]
    [ussr] iter_0001: WR_ussr=0.48(n=760) WR_us=0.34(n=720) pfsp=0.518
    [us] iter_0010: WR_ussr=0.50(n=160) WR_us=0.41(n=320) pfsp=0.588
  [diag] inf dtype=torch.float32 shape=torch.Size([2048, 172]) nan=0 inf_vals=0 range=[0.00,41.00]
  [diag] scalar dtype=torch.float32 nan=0 range=[-0.900,1.125]
  [diag] card_logits nan=0 range=[-20.16,14.20]
  [diag] values nan=0 range=[-0.9647,0.8502]
[iter  16/30] steps=12829 rollout_wr=0.360 (ussr=0.440 us=0.280) pl=-0.0128 vl=0.1064 ent=3.964 clip=0.071 kl=0.0020 t=20.7s (rollout=15.8s update=4.9s)
  [league] self: self | ussr_pool: ['iter_0001', 'iter_0001'] | us_pool: ['iter_0001', 'iter_0010']
  [pfsp]
    [ussr] iter_0001: WR_ussr=0.48(n=840) WR_us=0.34(n=720) pfsp=0.521
    [us] iter_0001: WR_ussr=0.48(n=840) WR_us=0.34(n=720) pfsp=0.657
    [us] iter_0010: WR_ussr=0.50(n=160) WR_us=0.38(n=400) pfsp=0.620
  [diag] inf dtype=torch.float32 shape=torch.Size([2048, 172]) nan=0 inf_vals=0 range=[0.00,34.00]
  [diag] scalar dtype=torch.float32 nan=0 range=[-0.850,1.125]
  [diag] card_logits nan=0 range=[-19.97,14.53]
  [diag] values nan=0 range=[-0.9583,0.9548]
[iter  17/30] steps=13294 rollout_wr=0.460 (ussr=0.480 us=0.440) pl=-0.0124 vl=0.1153 ent=3.956 clip=0.068 kl=0.0019 t=20.2s (rollout=15.0s update=5.2s)
  [league] self: self | ussr_pool: ['iter_0001', 'v45_scripted'] | us_pool: ['iter_0001', 'iter_0001']
  [pfsp]
    [ussr] iter_0001: WR_ussr=0.48(n=920) WR_us=0.35(n=760) pfsp=0.520
    [ussr] v45_scripted: WR_ussr=0.41(n=2772) WR_us=?(n=0) pfsp=0.587
    [us] iter_0001: WR_ussr=0.48(n=920) WR_us=0.35(n=760) pfsp=0.649
  [diag] inf dtype=torch.float32 shape=torch.Size([2048, 172]) nan=0 inf_vals=0 range=[0.00,38.00]
  [diag] scalar dtype=torch.float32 nan=0 range=[-0.950,1.000]
  [diag] card_logits nan=0 range=[-18.99,13.48]
  [diag] values nan=0 range=[-0.9711,0.9172]
[iter  18/30] steps=12997 rollout_wr=0.470 (ussr=0.550 us=0.390) pl=-0.0137 vl=0.1186 ent=3.957 clip=0.069 kl=0.0019 t=21.2s (rollout=16.0s update=5.2s)
  [league] self: self | ussr_pool: ['iter_0010', 'iter_0010'] | us_pool: ['iter_0001', 'iter_0001']
  [pfsp]
    [ussr] iter_0010: WR_ussr=0.50(n=160) WR_us=0.38(n=440) pfsp=0.500
    [us] iter_0001: WR_ussr=0.48(n=960) WR_us=0.36(n=840) pfsp=0.644
  [diag] inf dtype=torch.float32 shape=torch.Size([2048, 172]) nan=0 inf_vals=0 range=[0.00,40.00]
  [diag] scalar dtype=torch.float32 nan=0 range=[-0.850,1.125]
  [diag] card_logits nan=0 range=[-20.10,13.44]
  [diag] values nan=0 range=[-0.9509,0.9628]
[iter  19/30] steps=13402 rollout_wr=0.425 (ussr=0.430 us=0.420) pl=-0.0141 vl=0.1205 ent=3.903 clip=0.067 kl=0.0019 t=21.3s (rollout=16.0s update=5.3s)
  Saved to league pool: data/checkpoints/ppo_v75_sc_league/iter_0020.pt
  [league] self: self | ussr_pool: ['iter_0020', 'iter_0001'] | us_pool: ['iter_0020', 'iter_0010']
  [pfsp]
    [ussr] iter_0020: WR_ussr=?(n=0) WR_us=?(n=0) pfsp=1.000
    [ussr] iter_0001: WR_ussr=0.48(n=960) WR_us=0.36(n=920) pfsp=0.521
    [us] iter_0020: WR_ussr=?(n=0) WR_us=?(n=0) pfsp=1.000
    [us] iter_0010: WR_ussr=0.48(n=240) WR_us=0.38(n=440) pfsp=0.616
  [diag] inf dtype=torch.float32 shape=torch.Size([2048, 172]) nan=0 inf_vals=0 range=[0.00,31.00]
  [diag] scalar dtype=torch.float32 nan=0 range=[-0.750,1.250]
  [diag] card_logits nan=0 range=[-19.19,13.49]
  [diag] values nan=0 range=[-0.9564,0.8878]
[iter  20/30] steps=13320 rollout_wr=0.485 (ussr=0.440 us=0.530) pl=-0.0123 vl=0.1109 ent=3.901 clip=0.082 kl=0.0023 t=21.0s (rollout=15.8s update=5.1s)
  [confirm] launched incremental Elo check for iter 20
  [panel eval] launched pid=549526 iter=20 panel=['v55', 'v54', 'v44', 'v45', 'v14']
  [league] self: self | ussr_pool: ['iter_0020', 'iter_0001'] | us_pool: ['iter_0001', 'iter_0010']
  [pfsp]
    [ussr] iter_0020: WR_ussr=0.30(n=40) WR_us=0.60(n=40) pfsp=0.700
    [ussr] iter_0001: WR_ussr=0.48(n=1000) WR_us=0.36(n=920) pfsp=0.517
    [us] iter_0001: WR_ussr=0.48(n=1000) WR_us=0.36(n=920) pfsp=0.640
    [us] iter_0010: WR_ussr=0.48(n=240) WR_us=0.40(n=480) pfsp=0.600
  [diag] inf dtype=torch.float32 shape=torch.Size([2048, 172]) nan=0 inf_vals=0 range=[0.00,31.00]
  [diag] scalar dtype=torch.float32 nan=0 range=[-0.850,1.000]
  [diag] card_logits nan=0 range=[-20.71,14.38]
  [diag] values nan=0 range=[-0.9320,0.9398]
[iter  21/30] steps=12923 rollout_wr=0.405 (ussr=0.460 us=0.350) pl=-0.0134 vl=0.1108 ent=3.989 clip=0.077 kl=0.0022 t=63.1s (rollout=57.5s update=5.6s)
  [panel eval iter 20] avg=0.488 elapsed=64s: v55=0.433 | v54=0.533 | v44=0.500 | v45=0.550 | v14=0.400
  [panel eval] NEW HIGH-WATER MARK iter=20 avg_wr=0.4875 → ppo_running_best.pt (provenance: ppo_iter0020.pt)
  [league] self: self | ussr_pool: ['v45_scripted', 'iter_0020'] | us_pool: ['heuristic', 'iter_0010']
  [pfsp]
    [ussr] v45_scripted: WR_ussr=0.42(n=2812) WR_us=?(n=0) pfsp=0.584
    [ussr] iter_0020: WR_ussr=0.35(n=80) WR_us=0.60(n=40) pfsp=0.650
    [us] heuristic: WR_ussr=0.91(n=234) WR_us=0.69(n=401) pfsp=0.312
    [us] iter_0010: WR_ussr=0.48(n=240) WR_us=0.40(n=520) pfsp=0.604
  [diag] inf dtype=torch.float32 shape=torch.Size([2048, 172]) nan=0 inf_vals=0 range=[0.00,42.00]
  [diag] scalar dtype=torch.float32 nan=0 range=[-0.950,1.000]
  [diag] card_logits nan=0 range=[-18.85,13.59]
  [diag] values nan=0 range=[-0.9272,0.8972]
[iter  22/30] steps=13397 rollout_wr=0.460 (ussr=0.420 us=0.500) pl=-0.0161 vl=0.1079 ent=3.967 clip=0.087 kl=0.0025 t=33.3s (rollout=27.9s update=5.4s)
  [league] self: self | ussr_pool: ['heuristic', 'iter_0020'] | us_pool: ['iter_0001', 'v55_scripted']
  [pfsp]
    [ussr] heuristic: WR_ussr=0.91(n=234) WR_us=0.68(n=441) pfsp=0.085
    [ussr] iter_0020: WR_ussr=0.39(n=120) WR_us=0.60(n=40) pfsp=0.608
    [us] iter_0001: WR_ussr=0.49(n=1040) WR_us=0.36(n=960) pfsp=0.639
    [us] v55_scripted: WR_ussr=?(n=0) WR_us=0.29(n=2891) pfsp=0.710
  [diag] inf dtype=torch.float32 shape=torch.Size([2048, 172]) nan=0 inf_vals=0 range=[0.00,37.00]
  [diag] scalar dtype=torch.float32 nan=0 range=[-0.950,1.125]
  [diag] card_logits nan=0 range=[-20.89,13.41]
  [diag] values nan=0 range=[-0.9426,0.8762]
[iter  23/30] steps=12644 rollout_wr=0.510 (ussr=0.630 us=0.390) pl=-0.0110 vl=0.1087 ent=3.951 clip=0.079 kl=0.0023 t=31.2s (rollout=26.0s update=5.1s)
  [league] self: self | ussr_pool: ['iter_0001', 'iter_0001'] | us_pool: ['iter_0020', 'v55_scripted']
  [pfsp]
    [ussr] iter_0001: WR_ussr=0.49(n=1040) WR_us=0.36(n=1000) pfsp=0.514
    [us] iter_0020: WR_ussr=0.40(n=160) WR_us=0.60(n=40) pfsp=0.400
    [us] v55_scripted: WR_ussr=?(n=0) WR_us=0.29(n=2931) pfsp=0.708
  [diag] inf dtype=torch.float32 shape=torch.Size([2048, 172]) nan=0 inf_vals=0 range=[0.00,30.00]
  [diag] scalar dtype=torch.float32 nan=0 range=[-0.950,1.125]
  [diag] card_logits nan=0 range=[-20.71,13.91]
  [diag] values nan=0 range=[-0.9674,0.9043]
[iter  24/30] steps=13052 rollout_wr=0.375 (ussr=0.430 us=0.320) pl=-0.0153 vl=0.1102 ent=3.931 clip=0.079 kl=0.0021 t=31.3s (rollout=26.0s update=5.3s)
  [league] self: self | ussr_pool: ['iter_0020', 'iter_0010'] | us_pool: ['iter_0010', 'iter_0001']
  [pfsp]
    [ussr] iter_0020: WR_ussr=0.40(n=160) WR_us=0.44(n=80) pfsp=0.600
    [ussr] iter_0010: WR_ussr=0.48(n=240) WR_us=0.39(n=560) pfsp=0.521
    [us] iter_0010: WR_ussr=0.48(n=240) WR_us=0.39(n=560) pfsp=0.605
    [us] iter_0001: WR_ussr=0.48(n=1120) WR_us=0.36(n=1000) pfsp=0.637
  [diag] inf dtype=torch.float32 shape=torch.Size([2048, 172]) nan=0 inf_vals=0 range=[0.00,32.00]
  [diag] scalar dtype=torch.float32 nan=0 range=[-0.700,1.000]
  [diag] card_logits nan=0 range=[-21.09,14.49]
  [diag] values nan=0 range=[-0.9589,0.9091]
[iter  25/30] steps=13057 rollout_wr=0.460 (ussr=0.490 us=0.430) pl=-0.0140 vl=0.1188 ent=3.915 clip=0.072 kl=0.0020 t=31.3s (rollout=26.1s update=5.3s)
  [league] self: self | ussr_pool: ['iter_0020', 'iter_0020'] | us_pool: ['iter_0020', 'iter_0010']
  [pfsp]
    [ussr] iter_0020: WR_ussr=0.41(n=200) WR_us=0.44(n=80) pfsp=0.585
    [us] iter_0020: WR_ussr=0.41(n=200) WR_us=0.44(n=80) pfsp=0.562
    [us] iter_0010: WR_ussr=0.48(n=280) WR_us=0.40(n=600) pfsp=0.603
  [diag] inf dtype=torch.float32 shape=torch.Size([2048, 172]) nan=0 inf_vals=0 range=[0.00,35.00]
  [diag] scalar dtype=torch.float32 nan=0 range=[-0.850,1.125]
  [diag] card_logits nan=0 range=[-20.43,13.63]
  [diag] values nan=0 range=[-0.9473,0.9507]
[iter  26/30] steps=13191 rollout_wr=0.380 (ussr=0.420 us=0.340) pl=-0.0105 vl=0.1031 ent=3.931 clip=0.062 kl=0.0019 t=21.4s (rollout=16.3s update=5.1s)
  [league] self: self | ussr_pool: ['iter_0020', 'iter_0001'] | us_pool: ['iter_0020', 'iter_0020']
  [pfsp]
    [ussr] iter_0020: WR_ussr=0.41(n=280) WR_us=0.40(n=120) pfsp=0.586
    [ussr] iter_0001: WR_ussr=0.48(n=1120) WR_us=0.37(n=1040) pfsp=0.518
    [us] iter_0020: WR_ussr=0.41(n=280) WR_us=0.40(n=120) pfsp=0.600
  [diag] inf dtype=torch.float32 shape=torch.Size([2048, 172]) nan=0 inf_vals=0 range=[0.00,35.00]
  [diag] scalar dtype=torch.float32 nan=0 range=[-0.750,1.125]
  [diag] card_logits nan=0 range=[-19.76,13.83]
  [diag] values nan=0 range=[-0.9679,0.9161]
[iter  27/30] steps=13123 rollout_wr=0.440 (ussr=0.460 us=0.420) pl=-0.0128 vl=0.1142 ent=3.938 clip=0.060 kl=0.0018 t=20.7s (rollout=16.2s update=4.5s)
  [league] self: self | ussr_pool: ['iter_0010', 'iter_0010'] | us_pool: ['iter_0010', 'iter_0010']
  [pfsp]
    [ussr] iter_0010: WR_ussr=0.48(n=280) WR_us=0.39(n=640) pfsp=0.518
    [us] iter_0010: WR_ussr=0.48(n=280) WR_us=0.39(n=640) pfsp=0.609
  [diag] inf dtype=torch.float32 shape=torch.Size([2048, 172]) nan=0 inf_vals=0 range=[0.00,37.00]
  [diag] scalar dtype=torch.float32 nan=0 range=[-0.950,1.250]
  [diag] card_logits nan=0 range=[-20.38,13.49]
  [diag] values nan=0 range=[-0.9316,0.8737]
[iter  28/30] steps=13236 rollout_wr=0.400 (ussr=0.370 us=0.430) pl=-0.0133 vl=0.1025 ent=3.934 clip=0.071 kl=0.0021 t=21.8s (rollout=16.5s update=5.3s)
  [league] self: self | ussr_pool: ['iter_0010', 'iter_0010'] | us_pool: ['iter_0020', 'iter_0001']
  [pfsp]
    [ussr] iter_0010: WR_ussr=0.46(n=360) WR_us=0.39(n=720) pfsp=0.544
    [us] iter_0020: WR_ussr=0.42(n=320) WR_us=0.42(n=200) pfsp=0.575
    [us] iter_0001: WR_ussr=0.48(n=1160) WR_us=0.37(n=1040) pfsp=0.635
  [diag] inf dtype=torch.float32 shape=torch.Size([2048, 172]) nan=0 inf_vals=0 range=[0.00,38.00]
  [diag] scalar dtype=torch.float32 nan=0 range=[-0.800,1.125]
  [diag] card_logits nan=0 range=[-20.63,13.14]
  [diag] values nan=0 range=[-0.9683,0.9252]
[iter  29/30] steps=12847 rollout_wr=0.390 (ussr=0.480 us=0.300) pl=-0.0141 vl=0.1082 ent=3.900 clip=0.074 kl=0.0022 t=20.5s (rollout=15.5s update=5.1s)
  Saved to league pool: data/checkpoints/ppo_v75_sc_league/iter_0030.pt
  [league] self: self | ussr_pool: ['iter_0030', 'heuristic'] | us_pool: ['iter_0030', 'iter_0001']
  [pfsp]
    [ussr] iter_0030: WR_ussr=?(n=0) WR_us=?(n=0) pfsp=1.000
    [ussr] heuristic: WR_ussr=0.92(n=274) WR_us=0.68(n=441) pfsp=0.077
    [us] iter_0030: WR_ussr=?(n=0) WR_us=?(n=0) pfsp=1.000
    [us] iter_0001: WR_ussr=0.48(n=1160) WR_us=0.36(n=1080) pfsp=0.639
  [diag] inf dtype=torch.float32 shape=torch.Size([2048, 172]) nan=0 inf_vals=0 range=[0.00,34.00]
  [diag] scalar dtype=torch.float32 nan=0 range=[-0.950,1.000]
  [diag] card_logits nan=0 range=[-19.71,14.10]
  [diag] values nan=0 range=[-0.9789,0.9292]
[iter  30/30] steps=12632 rollout_wr=0.510 (ussr=0.620 us=0.400) pl=-0.0105 vl=0.1040 ent=3.958 clip=0.077 kl=0.0022 t=21.7s (rollout=17.3s update=4.4s)
  [confirm] launched incremental Elo check for iter 30
  [panel eval] launched pid=550382 iter=30 panel=['v55', 'v54', 'v44', 'v45', 'v14']
ppo_best.pt ← ppo_running_best.pt (panel HWM: ppo_iter0020.pt, avg_wr=0.4875)
wandb: updating run metadata
wandb: uploading wandb-summary.json; uploading config.yaml; uploading output.log
wandb: uploading output.log
wandb: 
wandb: Run history:
wandb:               approx_kl █▄▁▂▃▂▁▂▃▄▂▂▄▄▄▂▂▂▂▃▃▄▃▃▂▂▁▃▃▃
wandb:           clip_fraction █▃▁▂▃▂▁▃▃▄▂▁▃▃▄▂▂▂▂▄▃▄▃▃▃▁▁▂▃▃
wandb: core_scalar_weight_norm ▁▂▃▂▂▃▃▂▃▃▄▄▄▄▄▄▅▅▅▅▆▆▆▇▇█▇███
wandb:                ent_coef ███▇▇▇▇▆▆▆▆▅▅▅▅▄▄▄▄▃▃▃▃▂▂▂▂▁▁▁
wandb:                 entropy ▇▂▅▃▃▃▄▃▆▆▁▇▅▅▃▆▆▆▂▂█▆▅▄▃▄▄▄▂▆
wandb:             iter_time_s █▂▁▁▁▁▁▁▁▁▃▁▁▁▁▁▁▁▁▁▆▂▂▂▂▁▁▁▁▁
wandb:                 n_steps ▂▆▆▅▇▄▅▅▆▅█▇▁▃▆▄▇▅▇▇▄▇▃▅▅▆▆▆▄▃
wandb:  new_scalar_weight_norm ▇▆▇▇▇▆▅▆▆▇██▇█▇█▇▇▆▄▃▂▂▃▂▁▃▃▁▂
wandb:   panel/avg_combined_wr ▁█
wandb:     panel/eval_time_sec ▁█
wandb:                    +124 ...
wandb: 
wandb: Run summary:
wandb:               approx_kl 0.00217
wandb:           clip_fraction 0.07731
wandb: core_scalar_weight_norm 4.04398
wandb:                ent_coef 0.01
wandb:                 entropy 3.95803
wandb:             iter_time_s 21.70245
wandb:                 n_steps 12632
wandb:  new_scalar_weight_norm 2.70124
wandb:   panel/avg_combined_wr 0.4875
wandb:     panel/eval_time_sec 63.95116
wandb:                    +124 ...
wandb: 
wandb: 🚀 View run ppo_v75_sc at: https://wandb.ai/korduban-ai/twilight-struggle-ai/runs/809b758c
wandb: ⭐️ View project at: https://wandb.ai/korduban-ai/twilight-struggle-ai
wandb: Synced 5 W&B file(s), 0 media file(s), 0 artifact file(s) and 0 other file(s)
wandb: Find logs at: ./wandb/run-20260412_093322-809b758c/logs

Training complete in 13.6 minutes
Checkpoints in: data/checkpoints/ppo_v75_sc_league
