[ppo_train_dynamic] starting at 2026-04-14T18:51:28Z
wandb: [wandb.login()] Loaded credentials for https://api.wandb.ai from WANDB_API_KEY.
wandb: Currently logged in as: dkorduban (korduban-ai) to https://api.wandb.ai. Use `wandb login --relogin` to force relogin
wandb: setting up run 151e16a2
wandb: Tracking run with wandb version 0.25.1
wandb: Run data is saved locally in /home/dkord/code/twilight-struggle-ai/wandb/run-20260414_115129-151e16a2
wandb: Run `wandb offline` to turn off syncing.
wandb: Syncing run ppo_v272_sc
wandb: ⭐️ View project at https://wandb.ai/korduban-ai/twilight-struggle-ai
wandb: 🚀 View run at https://wandb.ai/korduban-ai/twilight-struggle-ai/runs/151e16a2
Loading checkpoint: data/checkpoints/ppo_v271_sc_league/ppo_best.pt
  --reset-optimizer: skipping optimizer state restore, starting fresh Adam.

Starting PPO training: 30 iterations × 200 games/iter, side=both
Device: cuda, lr=5e-05, clip=0.12, ent=0.01, vf=0.5
League training enabled (pool: data/checkpoints/ppo_v272_sc_league, save-every=10)
  Saved to league pool: data/checkpoints/ppo_v272_sc_league/iter_0001.pt
  [league] self: self | ussr_pool: ['v263_sc_scripted', 'iter_0001'] | us_pool: ['heuristic', 'v267_sc_scripted']
  [pfsp]
    [ussr] v263_sc_scripted: WR_ussr=0.56(n=205) WR_us=0.64(n=165) pfsp=0.987
    [ussr] iter_0001: WR_ussr=?(n=0) WR_us=?(n=0) pfsp=1.000
    [us] heuristic: WR_ussr=0.63(n=142) WR_us=0.51(n=171) pfsp=0.999
    [us] v267_sc_scripted: WR_ussr=0.61(n=150) WR_us=0.60(n=140) pfsp=0.960
  [diag] inf dtype=torch.float32 shape=torch.Size([2048, 172]) nan=0 inf_vals=0 range=[0.00,38.00]
  [diag] scalar dtype=torch.float32 nan=0 range=[-1.100,1.100]
  [diag] card_logits nan=0 range=[-18.36,15.53]
  [diag] values nan=0 range=[-0.9588,0.9342]
[iter   1/30] steps= 4722 rollout_wr=0.535 (ussr=0.580 us=0.490) pl=-0.0240 vl=0.2732 ent=3.352 clip=0.231 kl=0.0071 t=18.7s (rollout=15.9s update=2.8s)
  [league] self: self | ussr_pool: ['v262_sc_scripted', 'v262_sc_scripted'] | us_pool: ['v263_sc_scripted', 'v262_sc_scripted']
  [pfsp]
    [ussr] v262_sc_scripted: WR_ussr=0.66(n=70) WR_us=0.65(n=65) pfsp=0.901
    [us] v263_sc_scripted: WR_ussr=0.59(n=245) WR_us=0.64(n=165) pfsp=0.926
    [us] v262_sc_scripted: WR_ussr=0.66(n=70) WR_us=0.65(n=65) pfsp=0.915
  [diag] inf dtype=torch.float32 shape=torch.Size([2048, 172]) nan=0 inf_vals=0 range=[0.00,44.00]
  [diag] scalar dtype=torch.float32 nan=0 range=[-1.000,1.450]
  [diag] card_logits nan=0 range=[-17.86,15.68]
  [diag] values nan=0 range=[-0.9440,0.9101]
[iter   2/30] steps= 3701 rollout_wr=0.690 (ussr=0.640 us=0.742) pl=-0.0165 vl=0.3016 ent=3.437 clip=0.116 kl=0.0035 t=16.9s (rollout=15.2s update=1.7s)
  [league] self: self | ussr_pool: ['v263_sc_scripted', 'v262_sc_scripted'] | us_pool: ['v267_sc_scripted', 'v266_sc_scripted']
  [pfsp]
    [ussr] v263_sc_scripted: WR_ussr=0.59(n=245) WR_us=0.67(n=205) pfsp=0.969
    [ussr] v262_sc_scripted: WR_ussr=0.66(n=150) WR_us=0.63(n=104) pfsp=0.898
    [us] v267_sc_scripted: WR_ussr=0.61(n=150) WR_us=0.54(n=180) pfsp=0.994
    [us] v266_sc_scripted: WR_ussr=0.53(n=90) WR_us=0.58(n=210) pfsp=0.974
  [diag] inf dtype=torch.float32 shape=torch.Size([2048, 172]) nan=0 inf_vals=0 range=[0.00,40.00]
  [diag] scalar dtype=torch.float32 nan=0 range=[-1.000,1.000]
  [diag] card_logits nan=0 range=[-18.10,13.78]
  [diag] values nan=0 range=[-0.9747,0.9161]
[iter   3/30] steps= 4046 rollout_wr=0.580 (ussr=0.540 us=0.620) pl=-0.0140 vl=0.3013 ent=3.316 clip=0.115 kl=0.0031 t=19.1s (rollout=17.2s update=1.9s)
  [league] self: self | ussr_pool: ['v266_sc_scripted', 'v206_sc_scripted'] | us_pool: ['v263_sc_scripted', 'v265_sc_scripted']
  [pfsp]
    [ussr] v266_sc_scripted: WR_ussr=0.53(n=90) WR_us=0.61(n=250) pfsp=0.996
    [ussr] v206_sc_scripted: WR_ussr=0.75(n=140) WR_us=?(n=0) pfsp=0.750
    [us] v263_sc_scripted: WR_ussr=0.59(n=285) WR_us=0.67(n=205) pfsp=0.887
    [us] v265_sc_scripted: WR_ussr=0.57(n=80) WR_us=0.53(n=75) pfsp=0.996
  [diag] inf dtype=torch.float32 shape=torch.Size([2048, 172]) nan=0 inf_vals=0 range=[0.00,40.00]
  [diag] scalar dtype=torch.float32 nan=0 range=[-0.950,1.250]
  [diag] card_logits nan=0 range=[-17.97,15.69]
  [diag] values nan=0 range=[-0.9791,0.9353]
[iter   4/30] steps= 4034 rollout_wr=0.585 (ussr=0.620 us=0.550) pl=-0.0123 vl=0.3165 ent=3.314 clip=0.103 kl=0.0033 t=19.2s (rollout=17.4s update=1.8s)
  [league] self: self | ussr_pool: ['iter_0001', 'iter_0001'] | us_pool: ['iter_0001', 'iter_0001']
  [pfsp]
    [ussr] iter_0001: WR_ussr=0.53(n=40) WR_us=?(n=0) pfsp=0.997
    [us] iter_0001: WR_ussr=0.53(n=40) WR_us=?(n=0) pfsp=1.000
  [diag] inf dtype=torch.float32 shape=torch.Size([2048, 172]) nan=0 inf_vals=0 range=[0.00,39.00]
  [diag] scalar dtype=torch.float32 nan=0 range=[-0.950,1.150]
  [diag] card_logits nan=0 range=[-17.60,14.69]
  [diag] values nan=0 range=[-0.9649,0.9191]
[iter   5/30] steps= 4343 rollout_wr=0.583 (ussr=0.590 us=0.576) pl=-0.0214 vl=0.3055 ent=3.431 clip=0.123 kl=0.0035 t=20.9s (rollout=18.9s update=2.0s)
  [league] self: self | ussr_pool: ['iter_0001', 'iter_0001'] | us_pool: ['v210_sc_scripted', 'v262_sc_scripted']
  [pfsp]
    [ussr] iter_0001: WR_ussr=0.55(n=120) WR_us=0.56(n=79) pfsp=0.990
    [us] v210_sc_scripted: WR_ussr=?(n=0) WR_us=0.68(n=90) pfsp=0.874
    [us] v262_sc_scripted: WR_ussr=0.63(n=190) WR_us=0.63(n=104) pfsp=0.928
  [diag] inf dtype=torch.float32 shape=torch.Size([2048, 172]) nan=0 inf_vals=0 range=[0.00,46.00]
  [diag] scalar dtype=torch.float32 nan=0 range=[-1.050,1.400]
  [diag] card_logits nan=0 range=[-17.82,16.89]
  [diag] values nan=0 range=[-0.9672,0.9030]
[iter   6/30] steps= 4243 rollout_wr=0.598 (ussr=0.490 us=0.707) pl=-0.0007 vl=0.3145 ent=3.324 clip=0.153 kl=0.0049 t=21.4s (rollout=19.5s update=1.9s)
  [league] self: self | ussr_pool: ['iter_0001', 'iter_0001'] | us_pool: ['v267_sc_scripted', 'iter_0001']
  [pfsp]
    [ussr] iter_0001: WR_ussr=0.52(n=200) WR_us=0.56(n=79) pfsp=0.999
    [us] v267_sc_scripted: WR_ussr=0.61(n=150) WR_us=0.53(n=220) pfsp=0.996
    [us] iter_0001: WR_ussr=0.52(n=200) WR_us=0.56(n=79) pfsp=0.987
  [diag] inf dtype=torch.float32 shape=torch.Size([2048, 172]) nan=0 inf_vals=0 range=[0.00,41.00]
  [diag] scalar dtype=torch.float32 nan=0 range=[-0.900,1.000]
  [diag] card_logits nan=0 range=[-18.24,15.28]
  [diag] values nan=0 range=[-0.9633,0.9158]
[iter   7/30] steps= 4184 rollout_wr=0.560 (ussr=0.540 us=0.580) pl=-0.0080 vl=0.3131 ent=3.305 clip=0.156 kl=0.0041 t=22.0s (rollout=20.0s update=2.0s)
  [league] self: self | ussr_pool: ['iter_0001', 'v266_sc_scripted'] | us_pool: ['v209_sc_scripted', 'iter_0001']
  [pfsp]
    [ussr] iter_0001: WR_ussr=0.51(n=280) WR_us=0.55(n=119) pfsp=0.999
    [ussr] v266_sc_scripted: WR_ussr=0.52(n=130) WR_us=0.61(n=250) pfsp=0.998
    [us] v209_sc_scripted: WR_ussr=?(n=0) WR_us=0.66(n=195) pfsp=0.902
    [us] iter_0001: WR_ussr=0.51(n=280) WR_us=0.55(n=119) pfsp=0.991
  [diag] inf dtype=torch.float32 shape=torch.Size([2048, 172]) nan=0 inf_vals=0 range=[0.00,39.00]
  [diag] scalar dtype=torch.float32 nan=0 range=[-0.900,1.000]
  [diag] card_logits nan=0 range=[-18.60,16.35]
  [diag] values nan=0 range=[-0.9676,0.8692]
[iter   8/30] steps= 4068 rollout_wr=0.578 (ussr=0.550 us=0.606) pl=-0.0141 vl=0.3068 ent=3.249 clip=0.076 kl=0.0021 t=21.8s (rollout=19.9s update=1.9s)
  [league] self: self | ussr_pool: ['v205_sc_scripted', 'v267_sc_scripted'] | us_pool: ['iter_0001', 'heuristic']
  [pfsp]
    [ussr] v205_sc_scripted: WR_ussr=0.81(n=145) WR_us=?(n=0) pfsp=0.606
    [ussr] v267_sc_scripted: WR_ussr=0.61(n=150) WR_us=0.55(n=260) pfsp=0.949
    [us] iter_0001: WR_ussr=0.51(n=320) WR_us=0.56(n=158) pfsp=0.984
    [us] heuristic: WR_ussr=0.63(n=142) WR_us=0.53(n=211) pfsp=0.996
  [diag] inf dtype=torch.float32 shape=torch.Size([2048, 172]) nan=0 inf_vals=0 range=[0.00,45.00]
  [diag] scalar dtype=torch.float32 nan=0 range=[-1.200,1.000]
  [diag] card_logits nan=0 range=[-18.10,14.79]
  [diag] values nan=0 range=[-0.9701,0.8569]
[iter   9/30] steps= 4211 rollout_wr=0.595 (ussr=0.530 us=0.660) pl=-0.0239 vl=0.3003 ent=3.386 clip=0.166 kl=0.0047 t=21.0s (rollout=19.1s update=1.9s)
  Saved to league pool: data/checkpoints/ppo_v272_sc_league/iter_0010.pt
  [league] self: self | ussr_pool: ['v262_sc_scripted', 'iter_0010'] | us_pool: ['iter_0010', 'v265_sc_scripted']
  [pfsp]
    [ussr] v262_sc_scripted: WR_ussr=0.63(n=190) WR_us=0.66(n=144) pfsp=0.936
    [ussr] iter_0010: WR_ussr=?(n=0) WR_us=?(n=0) pfsp=1.000
    [us] iter_0010: WR_ussr=?(n=0) WR_us=?(n=0) pfsp=1.000
    [us] v265_sc_scripted: WR_ussr=0.57(n=80) WR_us=0.56(n=115) pfsp=0.987
  [diag] inf dtype=torch.float32 shape=torch.Size([2048, 172]) nan=0 inf_vals=0 range=[0.00,39.00]
  [diag] scalar dtype=torch.float32 nan=0 range=[-0.950,1.000]
  [diag] card_logits nan=0 range=[-17.71,12.99]
  [diag] values nan=0 range=[-0.9589,0.8949]
[iter  10/30] steps= 4265 rollout_wr=0.545 (ussr=0.520 us=0.570) pl=-0.0282 vl=0.2910 ent=3.384 clip=0.123 kl=0.0040 t=18.4s (rollout=16.6s update=1.8s)
  [confirm] launched incremental Elo check for iter 10
  [league] self: self | ussr_pool: ['iter_0010', 'v266_sc_scripted'] | us_pool: ['v264_sc_scripted', 'v210_sc_scripted']
  [pfsp]
    [ussr] iter_0010: WR_ussr=0.50(n=40) WR_us=0.50(n=40) pfsp=1.000
    [ussr] v266_sc_scripted: WR_ussr=0.55(n=170) WR_us=0.61(n=250) pfsp=0.989
    [us] v264_sc_scripted: WR_ussr=0.53(n=135) WR_us=0.61(n=115) pfsp=0.953
    [us] v210_sc_scripted: WR_ussr=?(n=0) WR_us=0.70(n=129) pfsp=0.844
  [diag] inf dtype=torch.float32 shape=torch.Size([2048, 172]) nan=0 inf_vals=0 range=[0.00,34.00]
  [diag] scalar dtype=torch.float32 nan=0 range=[-0.850,1.000]
  [diag] card_logits nan=0 range=[-19.06,15.35]
  [diag] values nan=0 range=[-0.9557,0.9156]
[iter  11/30] steps= 4030 rollout_wr=0.610 (ussr=0.580 us=0.640) pl=-0.0146 vl=0.3112 ent=3.300 clip=0.072 kl=0.0021 t=18.2s (rollout=16.3s update=1.9s)
  [league] self: self | ussr_pool: ['iter_0001', 'iter_0001'] | us_pool: ['iter_0010', 'iter_0001']
  [pfsp]
    [ussr] iter_0001: WR_ussr=0.51(n=320) WR_us=0.59(n=198) pfsp=0.999
    [us] iter_0010: WR_ussr=0.49(n=80) WR_us=0.50(n=40) pfsp=1.000
    [us] iter_0001: WR_ussr=0.51(n=320) WR_us=0.59(n=198) pfsp=0.971
  [diag] inf dtype=torch.float32 shape=torch.Size([2048, 172]) nan=0 inf_vals=0 range=[0.00,37.00]
  [diag] scalar dtype=torch.float32 nan=0 range=[-1.350,1.000]
  [diag] card_logits nan=0 range=[-17.89,16.44]
  [diag] values nan=0 range=[-0.9563,0.8933]
[iter  12/30] steps= 4655 rollout_wr=0.500 (ussr=0.400 us=0.602) pl=-0.0149 vl=0.2735 ent=3.331 clip=0.129 kl=0.0035 t=19.9s (rollout=18.0s update=1.9s)
  [league] self: self | ussr_pool: ['iter_0010', 'heuristic'] | us_pool: ['iter_0001', 'v267_sc_scripted']
  [pfsp]
    [ussr] iter_0010: WR_ussr=0.49(n=80) WR_us=0.51(n=80) pfsp=0.999
    [ussr] heuristic: WR_ussr=0.63(n=142) WR_us=0.55(n=251) pfsp=0.928
    [us] iter_0001: WR_ussr=0.49(n=400) WR_us=0.59(n=237) pfsp=0.964
    [us] v267_sc_scripted: WR_ussr=0.59(n=190) WR_us=0.55(n=260) pfsp=0.988
  [diag] inf dtype=torch.float32 shape=torch.Size([2048, 172]) nan=0 inf_vals=0 range=[0.00,39.00]
  [diag] scalar dtype=torch.float32 nan=0 range=[-0.950,1.000]
  [diag] card_logits nan=0 range=[-17.66,13.27]
  [diag] values nan=0 range=[-0.9626,0.9163]
[iter  13/30] steps= 4475 rollout_wr=0.615 (ussr=0.600 us=0.630) pl=-0.0036 vl=0.2976 ent=3.352 clip=0.142 kl=0.0045 t=23.1s (rollout=21.1s update=2.0s)
  [league] self: self | ussr_pool: ['iter_0001', 'iter_0010'] | us_pool: ['iter_0010', 'v267_sc_scripted']
  [pfsp]
    [ussr] iter_0001: WR_ussr=0.49(n=400) WR_us=0.60(n=277) pfsp=1.000
    [ussr] iter_0010: WR_ussr=0.49(n=120) WR_us=0.51(n=80) pfsp=1.000
    [us] iter_0010: WR_ussr=0.49(n=120) WR_us=0.51(n=80) pfsp=0.999
    [us] v267_sc_scripted: WR_ussr=0.59(n=190) WR_us=0.56(n=300) pfsp=0.986
  [diag] inf dtype=torch.float32 shape=torch.Size([2048, 172]) nan=0 inf_vals=0 range=[0.00,41.00]
  [diag] scalar dtype=torch.float32 nan=0 range=[-0.850,1.000]
  [diag] card_logits nan=0 range=[-18.05,13.95]
  [diag] values nan=0 range=[-0.9532,0.8893]
[iter  14/30] steps= 4475 rollout_wr=0.575 (ussr=0.540 us=0.610) pl=-0.0195 vl=0.2814 ent=3.325 clip=0.128 kl=0.0036 t=24.2s (rollout=22.3s update=1.9s)
  [league] self: self | ussr_pool: ['v264_sc_scripted', 'iter_0001'] | us_pool: ['iter_0010', 'v267_sc_scripted']
  [pfsp]
    [ussr] v264_sc_scripted: WR_ussr=0.53(n=135) WR_us=0.61(n=155) pfsp=0.996
    [ussr] iter_0001: WR_ussr=0.49(n=440) WR_us=0.60(n=277) pfsp=0.999
    [us] iter_0010: WR_ussr=0.49(n=160) WR_us=0.55(n=120) pfsp=0.990
    [us] v267_sc_scripted: WR_ussr=0.59(n=190) WR_us=0.56(n=340) pfsp=0.983
  [diag] inf dtype=torch.float32 shape=torch.Size([2048, 172]) nan=0 inf_vals=0 range=[0.00,35.00]
  [diag] scalar dtype=torch.float32 nan=0 range=[-1.100,1.200]
  [diag] card_logits nan=0 range=[-17.44,15.36]
  [diag] values nan=0 range=[-0.9577,0.9018]
[iter  15/30] steps= 4517 rollout_wr=0.540 (ussr=0.520 us=0.560) pl=-0.0088 vl=0.2927 ent=3.330 clip=0.116 kl=0.0034 t=20.1s (rollout=18.2s update=1.9s)
  [league] self: self | ussr_pool: ['iter_0010', 'iter_0010'] | us_pool: ['iter_0010', 'v210_sc_scripted']
  [pfsp]
    [ussr] iter_0010: WR_ussr=0.49(n=160) WR_us=0.54(n=160) pfsp=1.000
    [us] iter_0010: WR_ussr=0.49(n=160) WR_us=0.54(n=160) pfsp=0.992
    [us] v210_sc_scripted: WR_ussr=?(n=0) WR_us=0.70(n=169) pfsp=0.843
  [diag] inf dtype=torch.float32 shape=torch.Size([2048, 172]) nan=0 inf_vals=0 range=[0.00,40.00]
  [diag] scalar dtype=torch.float32 nan=0 range=[-0.950,1.000]
  [diag] card_logits nan=0 range=[-18.16,15.15]
  [diag] values nan=0 range=[-0.9568,0.8960]
[iter  16/30] steps= 4248 rollout_wr=0.608 (ussr=0.600 us=0.616) pl=-0.0486 vl=0.2914 ent=3.305 clip=0.105 kl=0.0030 t=19.9s (rollout=18.1s update=1.8s)
  [league] self: self | ussr_pool: ['iter_0001', 'iter_0001'] | us_pool: ['iter_0010', 'iter_0010']
  [pfsp]
    [ussr] iter_0001: WR_ussr=0.50(n=480) WR_us=0.60(n=277) pfsp=1.000
    [us] iter_0010: WR_ussr=0.53(n=240) WR_us=0.55(n=200) pfsp=0.992
  [diag] inf dtype=torch.float32 shape=torch.Size([2048, 172]) nan=0 inf_vals=0 range=[0.00,38.00]
  [diag] scalar dtype=torch.float32 nan=0 range=[-1.100,1.050]
  [diag] card_logits nan=0 range=[-17.46,17.08]
  [diag] values nan=0 range=[-0.9668,0.9128]
[iter  17/30] steps= 4238 rollout_wr=0.475 (ussr=0.480 us=0.470) pl=0.0021 vl=0.3036 ent=3.345 clip=0.135 kl=0.0043 t=22.7s (rollout=20.7s update=2.0s)
  [league] self: self | ussr_pool: ['iter_0001', 'v264_sc_scripted'] | us_pool: ['v262_sc_scripted', 'heuristic']
  [pfsp]
    [ussr] iter_0001: WR_ussr=0.50(n=560) WR_us=0.60(n=277) pfsp=1.000
    [ussr] v264_sc_scripted: WR_ussr=0.53(n=175) WR_us=0.61(n=155) pfsp=0.997
    [us] v262_sc_scripted: WR_ussr=0.62(n=230) WR_us=0.66(n=144) pfsp=0.898
    [us] heuristic: WR_ussr=0.64(n=182) WR_us=0.55(n=251) pfsp=0.992
  [diag] inf dtype=torch.float32 shape=torch.Size([2048, 172]) nan=0 inf_vals=0 range=[0.00,42.00]
  [diag] scalar dtype=torch.float32 nan=0 range=[-0.950,1.000]
  [diag] card_logits nan=0 range=[-17.59,14.12]
  [diag] values nan=0 range=[-0.9625,0.8906]
[iter  18/30] steps= 4294 rollout_wr=0.565 (ussr=0.540 us=0.590) pl=-0.0076 vl=0.3069 ent=3.267 clip=0.132 kl=0.0036 t=22.3s (rollout=20.3s update=2.0s)
  [league] self: self | ussr_pool: ['v263_sc_scripted', 'iter_0010'] | us_pool: ['v266_sc_scripted', 'v264_sc_scripted']
  [pfsp]
    [ussr] v263_sc_scripted: WR_ussr=0.59(n=285) WR_us=0.65(n=245) pfsp=0.968
    [ussr] iter_0010: WR_ussr=0.53(n=240) WR_us=0.52(n=280) pfsp=0.997
    [us] v266_sc_scripted: WR_ussr=0.57(n=210) WR_us=0.61(n=250) pfsp=0.953
    [us] v264_sc_scripted: WR_ussr=0.53(n=215) WR_us=0.61(n=155) pfsp=0.955
  [diag] inf dtype=torch.float32 shape=torch.Size([2048, 172]) nan=0 inf_vals=0 range=[0.00,44.00]
  [diag] scalar dtype=torch.float32 nan=0 range=[-0.950,1.000]
  [diag] card_logits nan=0 range=[-18.09,15.27]
  [diag] values nan=0 range=[-0.9841,0.8222]
[iter  19/30] steps= 4253 rollout_wr=0.575 (ussr=0.460 us=0.690) pl=-0.0135 vl=0.3094 ent=3.270 clip=0.117 kl=0.0035 t=23.6s (rollout=21.6s update=2.0s)
  Saved to league pool: data/checkpoints/ppo_v272_sc_league/iter_0020.pt
  [league] self: self | ussr_pool: ['v264_sc_scripted', 'v265_sc_scripted'] | us_pool: ['v209_sc_scripted', 'iter_0010']
  [pfsp]
    [ussr] v264_sc_scripted: WR_ussr=0.53(n=215) WR_us=0.63(n=195) pfsp=0.997
    [ussr] v265_sc_scripted: WR_ussr=0.57(n=80) WR_us=0.57(n=155) pfsp=0.978
    [us] v209_sc_scripted: WR_ussr=?(n=0) WR_us=0.66(n=235) pfsp=0.898
    [us] iter_0010: WR_ussr=0.51(n=280) WR_us=0.52(n=280) pfsp=0.998
  [diag] inf dtype=torch.float32 shape=torch.Size([2048, 172]) nan=0 inf_vals=0 range=[0.00,40.00]
  [diag] scalar dtype=torch.float32 nan=0 range=[-1.050,1.000]
  [diag] card_logits nan=0 range=[-17.19,17.68]
  [diag] values nan=0 range=[-0.9575,0.8755]
[iter  20/30] steps= 4100 rollout_wr=0.555 (ussr=0.510 us=0.600) pl=-0.0336 vl=0.3027 ent=3.049 clip=0.199 kl=0.0051 t=21.5s (rollout=19.6s update=1.9s)
  [jsd] iter=20 prev_iter=10 card_jsd=0.0072 top1=0.908 val_mae=0.0441
  [confirm] launched incremental Elo check for iter 20
  [league] self: self | ussr_pool: ['iter_0020', 'iter_0010'] | us_pool: ['iter_0001', 'iter_0001']
  [pfsp]
    [ussr] iter_0020: WR_ussr=?(n=0) WR_us=?(n=0) pfsp=1.000
    [ussr] iter_0010: WR_ussr=0.51(n=280) WR_us=0.53(n=320) pfsp=0.999
    [us] iter_0001: WR_ussr=0.51(n=600) WR_us=0.60(n=277) pfsp=0.961
  [diag] inf dtype=torch.float32 shape=torch.Size([2048, 172]) nan=0 inf_vals=0 range=[0.00,37.00]
  [diag] scalar dtype=torch.float32 nan=0 range=[-0.950,1.100]
  [diag] card_logits nan=0 range=[-17.56,13.63]
  [diag] values nan=0 range=[-0.9525,0.9054]
[iter  21/30] steps= 4583 rollout_wr=0.560 (ussr=0.480 us=0.640) pl=-0.0149 vl=0.3045 ent=3.291 clip=0.126 kl=0.0046 t=21.3s (rollout=19.2s update=2.0s)
  [league] self: self | ussr_pool: ['iter_0020', 'v263_sc_scripted'] | us_pool: ['v263_sc_scripted', 'iter_0010']
  [pfsp]
    [ussr] iter_0020: WR_ussr=0.57(n=40) WR_us=?(n=0) pfsp=0.978
    [ussr] v263_sc_scripted: WR_ussr=0.58(n=325) WR_us=0.65(n=245) pfsp=0.973
    [us] v263_sc_scripted: WR_ussr=0.58(n=325) WR_us=0.65(n=245) pfsp=0.911
    [us] iter_0010: WR_ussr=0.50(n=320) WR_us=0.53(n=320) pfsp=0.996
  [diag] inf dtype=torch.float32 shape=torch.Size([2048, 172]) nan=0 inf_vals=0 range=[0.00,43.00]
  [diag] scalar dtype=torch.float32 nan=0 range=[-0.850,1.350]
  [diag] card_logits nan=0 range=[-16.93,14.26]
  [diag] values nan=0 range=[-0.9399,0.9409]
[iter  22/30] steps= 4284 rollout_wr=0.585 (ussr=0.500 us=0.670) pl=-0.0175 vl=0.2767 ent=3.327 clip=0.149 kl=0.0046 t=20.1s (rollout=18.1s update=1.9s)
  [league] self: self | ussr_pool: ['v262_sc_scripted', 'v266_sc_scripted'] | us_pool: ['v266_sc_scripted', 'iter_0010']
  [pfsp]
    [ussr] v262_sc_scripted: WR_ussr=0.62(n=230) WR_us=0.65(n=184) pfsp=0.941
    [ussr] v266_sc_scripted: WR_ussr=0.57(n=210) WR_us=0.62(n=290) pfsp=0.980
    [us] v266_sc_scripted: WR_ussr=0.57(n=210) WR_us=0.62(n=290) pfsp=0.942
    [us] iter_0010: WR_ussr=0.50(n=320) WR_us=0.55(n=360) pfsp=0.991
  [diag] inf dtype=torch.float32 shape=torch.Size([2048, 172]) nan=0 inf_vals=0 range=[0.00,35.00]
  [diag] scalar dtype=torch.float32 nan=0 range=[-0.950,1.250]
  [diag] card_logits nan=0 range=[-17.62,16.65]
  [diag] values nan=0 range=[-0.9456,0.9140]
[iter  23/30] steps= 4125 rollout_wr=0.560 (ussr=0.550 us=0.570) pl=0.0170 vl=0.2842 ent=3.171 clip=0.139 kl=0.0055 t=18.6s (rollout=16.8s update=1.8s)
  [league] self: self | ussr_pool: ['v263_sc_scripted', 'v267_sc_scripted'] | us_pool: ['v266_sc_scripted', 'v265_sc_scripted']
  [pfsp]
    [ussr] v263_sc_scripted: WR_ussr=0.58(n=365) WR_us=0.65(n=285) pfsp=0.977
    [ussr] v267_sc_scripted: WR_ussr=0.59(n=190) WR_us=0.57(n=380) pfsp=0.968
    [us] v266_sc_scripted: WR_ussr=0.56(n=250) WR_us=0.61(n=330) pfsp=0.952
    [us] v265_sc_scripted: WR_ussr=0.59(n=120) WR_us=0.57(n=155) pfsp=0.982
  [diag] inf dtype=torch.float32 shape=torch.Size([2048, 172]) nan=0 inf_vals=0 range=[0.00,51.00]
  [diag] scalar dtype=torch.float32 nan=0 range=[-0.850,1.000]
  [diag] card_logits nan=0 range=[-17.52,14.00]
  [diag] values nan=0 range=[-0.9423,0.8995]
[iter  24/30] steps= 4236 rollout_wr=0.523 (ussr=0.520 us=0.525) pl=0.0007 vl=0.2929 ent=3.155 clip=0.103 kl=0.0032 t=17.9s (rollout=16.1s update=1.8s)
  [league] self: self | ussr_pool: ['iter_0010', 'v263_sc_scripted'] | us_pool: ['v264_sc_scripted', 'v263_sc_scripted']
  [pfsp]
    [ussr] iter_0010: WR_ussr=0.50(n=320) WR_us=0.55(n=400) pfsp=1.000
    [ussr] v263_sc_scripted: WR_ussr=0.58(n=405) WR_us=0.65(n=285) pfsp=0.976
    [us] v264_sc_scripted: WR_ussr=0.51(n=255) WR_us=0.63(n=195) pfsp=0.932
    [us] v263_sc_scripted: WR_ussr=0.58(n=405) WR_us=0.65(n=285) pfsp=0.911
  [diag] inf dtype=torch.float32 shape=torch.Size([2048, 172]) nan=0 inf_vals=0 range=[0.00,46.00]
  [diag] scalar dtype=torch.float32 nan=0 range=[-0.900,1.250]
  [diag] card_logits nan=0 range=[-17.74,14.42]
  [diag] values nan=0 range=[-0.9700,0.9002]
[iter  25/30] steps= 4247 rollout_wr=0.578 (ussr=0.580 us=0.576) pl=-0.0241 vl=0.3038 ent=3.242 clip=0.136 kl=0.0039 t=18.9s (rollout=17.1s update=1.8s)
  [league] self: self | ussr_pool: ['heuristic', 'iter_0001'] | us_pool: ['v266_sc_scripted', 'v264_sc_scripted']
  [pfsp]
    [ussr] heuristic: WR_ussr=0.64(n=182) WR_us=0.55(n=291) pfsp=0.918
    [ussr] iter_0001: WR_ussr=0.51(n=600) WR_us=0.61(n=357) pfsp=1.000
    [us] v266_sc_scripted: WR_ussr=0.56(n=250) WR_us=0.60(n=369) pfsp=0.961
    [us] v264_sc_scripted: WR_ussr=0.51(n=255) WR_us=0.65(n=235) pfsp=0.909
  [diag] inf dtype=torch.float32 shape=torch.Size([2048, 172]) nan=0 inf_vals=0 range=[0.00,38.00]
  [diag] scalar dtype=torch.float32 nan=0 range=[-1.000,1.350]
  [diag] card_logits nan=0 range=[-17.15,15.93]
  [diag] values nan=0 range=[-0.9710,0.8972]
[iter  26/30] steps= 4293 rollout_wr=0.560 (ussr=0.550 us=0.570) pl=-0.0209 vl=0.3109 ent=3.357 clip=0.151 kl=0.0049 t=20.5s (rollout=18.5s update=1.9s)
  [league] self: self | ussr_pool: ['iter_0010', 'iter_0001'] | us_pool: ['v266_sc_scripted', 'iter_0001']
  [pfsp]
    [ussr] iter_0010: WR_ussr=0.50(n=360) WR_us=0.55(n=400) pfsp=1.000
    [ussr] iter_0001: WR_ussr=0.50(n=640) WR_us=0.61(n=357) pfsp=1.000
    [us] v266_sc_scripted: WR_ussr=0.56(n=250) WR_us=0.60(n=409) pfsp=0.957
    [us] iter_0001: WR_ussr=0.50(n=640) WR_us=0.61(n=357) pfsp=0.956
  [diag] inf dtype=torch.float32 shape=torch.Size([2048, 172]) nan=0 inf_vals=0 range=[0.00,44.00]
  [diag] scalar dtype=torch.float32 nan=0 range=[-1.000,1.000]
  [diag] card_logits nan=0 range=[-16.89,15.55]
  [diag] values nan=0 range=[-0.9645,0.9111]
[iter  27/30] steps= 4530 rollout_wr=0.540 (ussr=0.490 us=0.590) pl=-0.0087 vl=0.3031 ent=3.252 clip=0.137 kl=0.0048 t=21.3s (rollout=19.3s update=2.0s)
  [league] self: self | ussr_pool: ['iter_0010', 'iter_0020'] | us_pool: ['v267_sc_scripted', 'iter_0001']
  [pfsp]
    [ussr] iter_0010: WR_ussr=0.49(n=400) WR_us=0.55(n=400) pfsp=1.000
    [ussr] iter_0020: WR_ussr=0.53(n=80) WR_us=?(n=0) pfsp=0.997
    [us] v267_sc_scripted: WR_ussr=0.56(n=230) WR_us=0.57(n=380) pfsp=0.981
    [us] iter_0001: WR_ussr=0.50(n=680) WR_us=0.59(n=397) pfsp=0.964
  [diag] inf dtype=torch.float32 shape=torch.Size([2048, 172]) nan=0 inf_vals=0 range=[0.00,47.00]
  [diag] scalar dtype=torch.float32 nan=0 range=[-0.950,1.000]
  [diag] card_logits nan=0 range=[-16.71,13.87]
  [diag] values nan=0 range=[-0.9448,0.9367]
[iter  28/30] steps= 4249 rollout_wr=0.535 (ussr=0.430 us=0.640) pl=-0.0200 vl=0.3143 ent=3.252 clip=0.126 kl=0.0037 t=20.9s (rollout=18.8s update=2.0s)
  [league] self: self | ussr_pool: ['v264_sc_scripted', 'v264_sc_scripted'] | us_pool: ['v267_sc_scripted', 'v262_sc_scripted']
  [pfsp]
    [ussr] v264_sc_scripted: WR_ussr=0.51(n=255) WR_us=0.64(n=275) pfsp=1.000
    [us] v267_sc_scripted: WR_ussr=0.56(n=230) WR_us=0.57(n=420) pfsp=0.978
    [us] v262_sc_scripted: WR_ussr=0.63(n=270) WR_us=0.65(n=184) pfsp=0.907
  [diag] inf dtype=torch.float32 shape=torch.Size([2048, 172]) nan=0 inf_vals=0 range=[0.00,47.00]
  [diag] scalar dtype=torch.float32 nan=0 range=[-0.950,1.000]
  [diag] card_logits nan=0 range=[-17.10,14.82]
  [diag] values nan=0 range=[-0.9570,0.9502]
[iter  29/30] steps= 3953 rollout_wr=0.585 (ussr=0.540 us=0.630) pl=-0.0140 vl=0.3192 ent=3.234 clip=0.081 kl=0.0023 t=18.9s (rollout=17.1s update=1.8s)
  Saved to league pool: data/checkpoints/ppo_v272_sc_league/iter_0030.pt
  [league] self: self | ussr_pool: ['v266_sc_scripted', 'iter_0010'] | us_pool: ['iter_0020', 'v210_sc_scripted']
  [pfsp]
    [ussr] v266_sc_scripted: WR_ussr=0.56(n=250) WR_us=0.61(n=449) pfsp=0.986
    [ussr] iter_0010: WR_ussr=0.48(n=440) WR_us=0.55(n=400) pfsp=0.998
    [us] iter_0020: WR_ussr=0.49(n=120) WR_us=?(n=0) pfsp=1.000
    [us] v210_sc_scripted: WR_ussr=?(n=0) WR_us=0.70(n=208) pfsp=0.837
  [diag] inf dtype=torch.float32 shape=torch.Size([2048, 172]) nan=0 inf_vals=0 range=[0.00,43.00]
  [diag] scalar dtype=torch.float32 nan=0 range=[-0.950,1.000]
  [diag] card_logits nan=0 range=[-17.06,15.92]
  [diag] values nan=0 range=[-0.9463,0.9268]
[iter  30/30] steps= 4310 rollout_wr=0.555 (ussr=0.560 us=0.550) pl=-0.0115 vl=0.2978 ent=3.257 clip=0.140 kl=0.0040 t=19.7s (rollout=17.7s update=2.0s)
  [jsd] iter=30 prev_iter=20 card_jsd=0.0060 top1=0.932 val_mae=0.0585
  [confirm] launched incremental Elo check for iter 30
ppo_best.pt ← ppo_final.pt (panel eval did not run; consider --eval-panel)
wandb: updating run metadata; uploading artifact run-151e16a2-chartsrollout_wr_table-oGZ79w
wandb: uploading artifact run-151e16a2-chartsrollout_wr_table-oGZ79w; uploading history steps 28-29, summary, console lines 327-337
wandb: uploading artifact run-151e16a2-chartsrollout_wr_table-oGZ79w
wandb: uploading wandb-summary.json; uploading config.yaml; uploading media/table/charts/rollout_wr_table_29_476bc904e2b9821c8ca0.table.json; uploading output.log
wandb: uploading data
wandb: 
wandb: Run history:
wandb:               approx_kl █▃▂▃▃▅▄▁▅▄▁▃▄▃▃▂▄▃▃▅▅▄▆▃▄▅▅▃▁▄
wandb:           clip_fraction █▃▃▂▃▅▅▁▅▃▁▄▄▃▃▂▄▄▃▇▃▄▄▂▄▄▄▃▁▄
wandb: core_scalar_weight_norm ▁▂▂▂▃▃▃▄▄▅▅▅▅▅▄▅▅▅▅▅▅▅▆▇▇████▇
wandb:                ent_coef ███▇▇▇▇▆▆▆▆▅▅▅▅▄▄▄▄▃▃▃▃▂▂▂▂▁▁▁
wandb:                 entropy ▆█▆▆█▆▆▅▇▇▆▆▆▆▆▆▆▅▅▁▅▆▃▃▄▇▅▅▄▅
wandb:             iter_time_s ▃▁▃▃▅▅▆▆▅▂▂▄▇█▄▄▇▆█▅▅▄▃▂▃▄▅▅▃▄
wandb:  jsd/card_early_vs_prev █▁
wandb:   jsd/card_late_vs_prev █▁
wandb:    jsd/card_mid_vs_prev ▁█
wandb:        jsd/card_vs_prev █▁
wandb:                    +218 ...
wandb: 
wandb: Run summary:
wandb:               approx_kl 0.00402
wandb:           clip_fraction 0.14033
wandb: core_scalar_weight_norm 4.06335
wandb:                ent_coef 0.0093
wandb:                 entropy 3.25715
wandb:             iter_time_s 19.67325
wandb:  jsd/card_early_vs_prev 0.00655
wandb:   jsd/card_late_vs_prev 0.00375
wandb:    jsd/card_mid_vs_prev 0.00766
wandb:        jsd/card_vs_prev 0.00599
wandb:                    +218 ...
wandb: 
wandb: 🚀 View run ppo_v272_sc at: https://wandb.ai/korduban-ai/twilight-struggle-ai/runs/151e16a2
wandb: ⭐️ View project at: https://wandb.ai/korduban-ai/twilight-struggle-ai
wandb: Synced 5 W&B file(s), 30 media file(s), 60 artifact file(s) and 0 other file(s)
wandb: Find logs at: ./wandb/run-20260414_115129-151e16a2/logs

Training complete in 10.5 minutes
Checkpoints in: data/checkpoints/ppo_v272_sc_league
[ppo_train_dynamic] finished at 2026-04-14T19:02:07Z
