wandb: [wandb.login()] Loaded credentials for https://api.wandb.ai from WANDB_API_KEY.
wandb: Currently logged in as: dkorduban (korduban-ai) to https://api.wandb.ai. Use `wandb login --relogin` to force relogin
wandb: setting up run cb782716
wandb: Tracking run with wandb version 0.25.1
wandb: Run data is saved locally in /home/dkord/code/twilight-struggle-ai/wandb/run-20260410_221402-cb782716
wandb: Run `wandb offline` to turn off syncing.
wandb: Syncing run ppo_v52
wandb: ⭐️ View project at https://wandb.ai/korduban-ai/twilight-struggle-ai
wandb: 🚀 View run at https://wandb.ai/korduban-ai/twilight-struggle-ai/runs/cb782716
Loading checkpoint: data/checkpoints/ppo_v51_league/ppo_best.pt
  --reset-optimizer: skipping optimizer state restore, starting fresh Adam.

Starting PPO training: 80 iterations × 200 games/iter, side=both
Device: cuda, lr=2e-05, clip=0.12, ent=0.01, vf=0.5
League training enabled (pool: data/checkpoints/ppo_v52_league, save-every=10)
  Saved to league pool: data/checkpoints/ppo_v52_league/iter_0001.pt
  [league] opponents: ['self', 'iter_0001', 'iter_0001', 'iter_0001']
  [diag] inf dtype=torch.float32 shape=torch.Size([2048, 172]) nan=0 inf_vals=0 range=[0.00,44.00]
  [diag] scalar dtype=torch.float32 nan=0 range=[-0.900,1.125]
  [diag] card_logits nan=0 range=[-18.47,13.11]
  [diag] values nan=0 range=[-0.9563,0.9568]
[iter   1/80] steps=13405 rollout_wr=0.485 (ussr=0.500 us=0.470) pl=-0.0232 vl=0.1143 ent=3.955 clip=0.147 kl=0.0048 t=21.2s (rollout=15.2s update=6.0s)
  [league] opponents: ['self', 'iter_0001', 'iter_0001', 'iter_0001']
  [pfsp]
    iter_0001: WR_ussr=0.51(n=75) WR_us=0.47(n=75) pfsp=0.513
  [diag] inf dtype=torch.float32 shape=torch.Size([2048, 172]) nan=0 inf_vals=0 range=[0.00,65.00]
  [diag] scalar dtype=torch.float32 nan=0 range=[-0.850,1.125]
  [diag] card_logits nan=0 range=[-18.55,12.10]
  [diag] values nan=0 range=[-0.9818,0.9109]
[iter   2/80] steps=13614 rollout_wr=0.460 (ussr=0.530 us=0.390) pl=-0.0161 vl=0.1114 ent=3.921 clip=0.103 kl=0.0034 t=20.1s (rollout=15.1s update=5.0s)
  [league] opponents: ['self', 'iter_0001', 'iter_0001', 'iter_0001']
  [pfsp]
    iter_0001: WR_ussr=0.53(n=150) WR_us=0.45(n=150) pfsp=0.513
  [diag] inf dtype=torch.float32 shape=torch.Size([2048, 172]) nan=0 inf_vals=0 range=[0.00,42.00]
  [diag] scalar dtype=torch.float32 nan=0 range=[-0.850,1.125]
  [diag] card_logits nan=0 range=[-16.64,12.72]
  [diag] values nan=0 range=[-0.9746,0.9287]
[iter   3/80] steps=13655 rollout_wr=0.485 (ussr=0.530 us=0.440) pl=-0.0162 vl=0.1088 ent=3.879 clip=0.086 kl=0.0028 t=21.0s (rollout=15.7s update=5.3s)
  [league] opponents: ['self', 'iter_0001', 'iter_0001', 'iter_0001']
  [pfsp]
    iter_0001: WR_ussr=0.52(n=225) WR_us=0.42(n=225) pfsp=0.533
  [diag] inf dtype=torch.float32 shape=torch.Size([2048, 172]) nan=0 inf_vals=0 range=[0.00,49.00]
  [diag] scalar dtype=torch.float32 nan=0 range=[-0.850,1.125]
  [diag] card_logits nan=0 range=[-18.01,13.03]
  [diag] values nan=0 range=[-0.9720,0.9635]
[iter   4/80] steps=13280 rollout_wr=0.450 (ussr=0.530 us=0.370) pl=-0.0153 vl=0.1097 ent=3.867 clip=0.092 kl=0.0031 t=20.3s (rollout=15.1s update=5.2s)
  [league] opponents: ['self', 'iter_0001', 'iter_0001', 'v14_scripted']
  [pfsp]
    iter_0001: WR_ussr=0.52(n=300) WR_us=0.42(n=300) pfsp=0.532
    v14_scripted: WR_ussr=?(n=0) WR_us=?(n=0) pfsp=0.500
  [diag] inf dtype=torch.float32 shape=torch.Size([2048, 172]) nan=0 inf_vals=0 range=[0.00,52.00]
  [diag] scalar dtype=torch.float32 nan=0 range=[-0.900,1.000]
  [diag] card_logits nan=0 range=[-18.00,12.53]
  [diag] values nan=0 range=[-0.9752,0.9283]
[iter   5/80] steps=13289 rollout_wr=0.540 (ussr=0.590 us=0.490) pl=-0.0162 vl=0.1125 ent=3.963 clip=0.101 kl=0.0043 t=20.1s (rollout=15.0s update=5.1s)
  [league] opponents: ['self', 'iter_0001', 'iter_0001', 'heuristic']
  [pfsp]
    iter_0001: WR_ussr=0.54(n=350) WR_us=0.43(n=350) pfsp=0.514
    heuristic: WR_ussr=?(n=0) WR_us=?(n=0) pfsp=0.500
  [diag] inf dtype=torch.float32 shape=torch.Size([2048, 172]) nan=0 inf_vals=0 range=[0.00,48.00]
  [diag] scalar dtype=torch.float32 nan=0 range=[-0.950,1.000]
  [diag] card_logits nan=0 range=[-17.23,13.45]
  [diag] values nan=0 range=[-0.9387,0.9038]
[iter   6/80] steps=12945 rollout_wr=0.505 (ussr=0.590 us=0.420) pl=-0.0144 vl=0.1105 ent=3.949 clip=0.093 kl=0.0033 t=21.1s (rollout=16.1s update=5.0s)
  [league] opponents: ['self', 'iter_0001', 'iter_0001', 'iter_0001']
  [pfsp]
    iter_0001: WR_ussr=0.54(n=400) WR_us=0.41(n=400) pfsp=0.524
  [diag] inf dtype=torch.float32 shape=torch.Size([2048, 172]) nan=0 inf_vals=0 range=[0.00,51.00]
  [diag] scalar dtype=torch.float32 nan=0 range=[-0.900,1.125]
  [diag] card_logits nan=0 range=[-19.18,13.36]
  [diag] values nan=0 range=[-0.9450,0.9110]
[iter   7/80] steps=13467 rollout_wr=0.410 (ussr=0.520 us=0.300) pl=-0.0169 vl=0.1094 ent=3.928 clip=0.116 kl=0.0039 t=20.6s (rollout=15.6s update=5.1s)
  [league] opponents: ['self', 'iter_0001', 'iter_0001', 'iter_0001']
  [pfsp]
    iter_0001: WR_ussr=0.55(n=475) WR_us=0.39(n=475) pfsp=0.528
  [diag] inf dtype=torch.float32 shape=torch.Size([2048, 172]) nan=0 inf_vals=0 range=[0.00,64.00]
  [diag] scalar dtype=torch.float32 nan=0 range=[-0.950,1.000]
  [diag] card_logits nan=0 range=[-17.70,12.01]
  [diag] values nan=0 range=[-0.9627,0.9263]
[iter   8/80] steps=12968 rollout_wr=0.475 (ussr=0.570 us=0.380) pl=-0.0131 vl=0.1187 ent=3.987 clip=0.098 kl=0.0037 t=20.3s (rollout=15.3s update=5.0s)
  [league] opponents: ['self', 'heuristic', 'iter_0001', 'iter_0001']
  [pfsp]
    heuristic: WR_ussr=0.80(n=25) WR_us=0.64(n=25) pfsp=0.280
    iter_0001: WR_ussr=0.55(n=550) WR_us=0.39(n=550) pfsp=0.529
  [diag] inf dtype=torch.float32 shape=torch.Size([2048, 172]) nan=0 inf_vals=0 range=[0.00,42.00]
  [diag] scalar dtype=torch.float32 nan=0 range=[-0.950,1.125]
  [diag] card_logits nan=0 range=[-16.55,13.74]
  [diag] values nan=0 range=[-0.9564,0.9134]
[iter   9/80] steps=12440 rollout_wr=0.535 (ussr=0.640 us=0.430) pl=-0.0107 vl=0.1048 ent=4.046 clip=0.100 kl=0.0031 t=20.9s (rollout=16.0s update=4.9s)
  Saved to league pool: data/checkpoints/ppo_v52_league/iter_0010.pt
  [league] opponents: ['self', 'iter_0010', 'iter_0001', 'iter_0010']
  [pfsp]
    iter_0010: WR_ussr=?(n=0) WR_us=?(n=0) pfsp=0.500
    iter_0001: WR_ussr=0.55(n=600) WR_us=0.39(n=600) pfsp=0.530
  [diag] inf dtype=torch.float32 shape=torch.Size([2048, 172]) nan=0 inf_vals=0 range=[0.00,51.00]
  [diag] scalar dtype=torch.float32 nan=0 range=[-0.800,1.125]
  [diag] card_logits nan=0 range=[-18.63,13.09]
  [diag] values nan=0 range=[-0.9557,0.9267]
[iter  10/80] steps=12966 rollout_wr=0.575 (ussr=0.590 us=0.560) pl=-0.0158 vl=0.1098 ent=3.967 clip=0.091 kl=0.0028 t=20.6s (rollout=15.7s update=4.9s)
  [panel eval] launched pid=230667 iter=10 panel=['v8', 'v14', 'v22', 'heuristic']
  [league] opponents: ['self', 'v8_scripted', 'iter_0001', 'iter_0001']
  [pfsp]
    v8_scripted: WR_ussr=?(n=0) WR_us=?(n=0) pfsp=0.500
    iter_0001: WR_ussr=0.55(n=625) WR_us=0.40(n=625) pfsp=0.528
  [diag] inf dtype=torch.float32 shape=torch.Size([2048, 172]) nan=0 inf_vals=0 range=[0.00,43.00]
  [diag] scalar dtype=torch.float32 nan=0 range=[-0.900,1.125]
  [diag] card_logits nan=0 range=[-17.56,12.82]
  [diag] values nan=0 range=[-0.9569,0.9219]
[iter  11/80] steps=13412 rollout_wr=0.530 (ussr=0.560 us=0.500) pl=-0.0196 vl=0.1063 ent=3.945 clip=0.103 kl=0.0038 t=34.0s (rollout=28.8s update=5.2s)
  [league] opponents: ['self', 'iter_0001', 'iter_0001', 'iter_0010']
  [pfsp]
    iter_0001: WR_ussr=0.54(n=675) WR_us=0.40(n=675) pfsp=0.533
    iter_0010: WR_ussr=0.64(n=50) WR_us=0.54(n=50) pfsp=0.410
  [diag] inf dtype=torch.float32 shape=torch.Size([2048, 172]) nan=0 inf_vals=0 range=[0.00,40.00]
  [diag] scalar dtype=torch.float32 nan=0 range=[-0.950,1.000]
  [diag] card_logits nan=0 range=[-19.39,14.04]
  [diag] values nan=0 range=[-0.9445,0.9584]
[iter  12/80] steps=13558 rollout_wr=0.505 (ussr=0.530 us=0.480) pl=-0.0162 vl=0.1084 ent=3.907 clip=0.118 kl=0.0038 t=34.5s (rollout=29.1s update=5.3s)
  [league] opponents: ['self', 'iter_0001', 'iter_0001', 'iter_0001']
  [pfsp]
    iter_0001: WR_ussr=0.53(n=725) WR_us=0.41(n=725) pfsp=0.530
  [diag] inf dtype=torch.float32 shape=torch.Size([2048, 172]) nan=0 inf_vals=0 range=[0.00,52.00]
  [diag] scalar dtype=torch.float32 nan=0 range=[-0.900,1.000]
  [diag] card_logits nan=0 range=[-18.79,13.66]
  [diag] values nan=0 range=[-0.9601,0.9523]
[iter  13/80] steps=13711 rollout_wr=0.530 (ussr=0.640 us=0.420) pl=-0.0180 vl=0.1076 ent=3.895 clip=0.118 kl=0.0041 t=26.9s (rollout=21.7s update=5.2s)
  [panel eval iter 10] avg=0.530: v8=0.475 | v14=0.435 | v22=0.480 | heuristic=0.730
  [league] opponents: ['self', 'iter_0010', 'iter_0001', 'iter_0001']
  [pfsp]
    iter_0010: WR_ussr=0.65(n=75) WR_us=0.55(n=75) pfsp=0.400
    iter_0001: WR_ussr=0.54(n=800) WR_us=0.41(n=800) pfsp=0.526
wandb: WARNING Tried to log to step 10 that is less than the current step 12. Steps must be monotonically increasing, so this data will be ignored. See https://wandb.me/define-metric to log data out of order.
  [diag] inf dtype=torch.float32 shape=torch.Size([2048, 172]) nan=0 inf_vals=0 range=[0.00,44.00]
  [diag] scalar dtype=torch.float32 nan=0 range=[-0.950,1.000]
  [diag] card_logits nan=0 range=[-18.90,12.84]
  [diag] values nan=0 range=[-0.9538,0.9480]
[iter  14/80] steps=13285 rollout_wr=0.520 (ussr=0.550 us=0.490) pl=-0.0141 vl=0.1108 ent=3.942 clip=0.089 kl=0.0037 t=20.1s (rollout=14.9s update=5.1s)
  [league] opponents: ['self', 'v14_scripted', 'iter_0001', 'v8_scripted']
  [pfsp]
    v14_scripted: WR_ussr=0.40(n=25) WR_us=0.52(n=25) pfsp=0.540
    iter_0001: WR_ussr=0.54(n=850) WR_us=0.41(n=850) pfsp=0.524
    v8_scripted: WR_ussr=0.76(n=25) WR_us=0.56(n=25) pfsp=0.340
  [diag] inf dtype=torch.float32 shape=torch.Size([2048, 172]) nan=0 inf_vals=0 range=[0.00,45.00]
  [diag] scalar dtype=torch.float32 nan=0 range=[-0.900,1.125]
  [diag] card_logits nan=0 range=[-18.22,14.41]
  [diag] values nan=0 range=[-0.9540,0.9751]
[iter  15/80] steps=12927 rollout_wr=0.545 (ussr=0.650 us=0.440) pl=-0.0156 vl=0.1023 ent=3.923 clip=0.129 kl=0.0058 t=19.9s (rollout=14.9s update=5.0s)
  [league] opponents: ['self', 'iter_0001', 'iter_0010', 'iter_0001']
  [pfsp]
    iter_0001: WR_ussr=0.55(n=875) WR_us=0.41(n=875) pfsp=0.522
    iter_0010: WR_ussr=0.63(n=100) WR_us=0.54(n=100) pfsp=0.415
  [diag] inf dtype=torch.float32 shape=torch.Size([2048, 172]) nan=0 inf_vals=0 range=[0.00,46.00]
  [diag] scalar dtype=torch.float32 nan=0 range=[-0.800,1.000]
  [diag] card_logits nan=0 range=[-18.39,13.03]
  [diag] values nan=0 range=[-0.9581,0.9640]
[iter  16/80] steps=13162 rollout_wr=0.495 (ussr=0.600 us=0.390) pl=-0.0182 vl=0.1217 ent=3.872 clip=0.121 kl=0.0052 t=20.3s (rollout=15.3s update=4.9s)
  [league] opponents: ['self', 'iter_0001', 'iter_0010', 'iter_0001']
  [pfsp]
    iter_0001: WR_ussr=0.55(n=925) WR_us=0.41(n=925) pfsp=0.522
    iter_0010: WR_ussr=0.63(n=125) WR_us=0.47(n=125) pfsp=0.448
  [diag] inf dtype=torch.float32 shape=torch.Size([2048, 172]) nan=0 inf_vals=0 range=[0.00,46.00]
  [diag] scalar dtype=torch.float32 nan=0 range=[-0.800,1.125]
  [diag] card_logits nan=0 range=[-20.56,13.90]
  [diag] values nan=0 range=[-0.9609,0.9229]
[iter  17/80] steps=13571 rollout_wr=0.565 (ussr=0.600 us=0.530) pl=-0.0166 vl=0.1072 ent=3.866 clip=0.117 kl=0.0049 t=20.9s (rollout=15.6s update=5.3s)
  [league] opponents: ['self', 'iter_0010', 'iter_0010', 'iter_0010']
  [pfsp]
    iter_0010: WR_ussr=0.64(n=150) WR_us=0.47(n=150) pfsp=0.447
  [diag] inf dtype=torch.float32 shape=torch.Size([2048, 172]) nan=0 inf_vals=0 range=[0.00,53.00]
  [diag] scalar dtype=torch.float32 nan=0 range=[-0.850,1.125]
  [diag] card_logits nan=0 range=[-18.06,12.48]
  [diag] values nan=0 range=[-0.9446,0.9443]
[iter  18/80] steps=13721 rollout_wr=0.510 (ussr=0.530 us=0.490) pl=-0.0174 vl=0.1107 ent=3.916 clip=0.121 kl=0.0043 t=21.2s (rollout=15.8s update=5.4s)
  [league] opponents: ['self', 'iter_0001', 'iter_0001', 'iter_0001']
  [pfsp]
    iter_0001: WR_ussr=0.55(n=975) WR_us=0.42(n=975) pfsp=0.517
  [diag] inf dtype=torch.float32 shape=torch.Size([2048, 172]) nan=0 inf_vals=0 range=[0.00,57.00]
  [diag] scalar dtype=torch.float32 nan=0 range=[-0.950,1.125]
  [diag] card_logits nan=0 range=[-18.28,12.75]
  [diag] values nan=0 range=[-0.9556,0.9434]
[iter  19/80] steps=13436 rollout_wr=0.505 (ussr=0.520 us=0.490) pl=-0.0153 vl=0.1097 ent=3.930 clip=0.124 kl=0.0043 t=21.1s (rollout=16.0s update=5.1s)
  Saved to league pool: data/checkpoints/ppo_v52_league/iter_0020.pt
  [league] opponents: ['self', 'iter_0010', 'iter_0001', 'iter_0010']
  [pfsp]
    iter_0010: WR_ussr=0.60(n=225) WR_us=0.46(n=225) pfsp=0.471
    iter_0001: WR_ussr=0.54(n=1050) WR_us=0.42(n=1050) pfsp=0.519
  [diag] inf dtype=torch.float32 shape=torch.Size([2048, 172]) nan=0 inf_vals=0 range=[0.00,40.00]
  [diag] scalar dtype=torch.float32 nan=0 range=[-0.800,1.000]
  [diag] card_logits nan=0 range=[-18.17,12.39]
  [diag] values nan=0 range=[-0.9594,0.9230]
[iter  20/80] steps=12976 rollout_wr=0.495 (ussr=0.590 us=0.400) pl=-0.0158 vl=0.1202 ent=3.848 clip=0.112 kl=0.0036 t=20.2s (rollout=15.3s update=4.9s)
  [panel eval] launched pid=231182 iter=20 panel=['v8', 'v14', 'v22', 'heuristic']
  [league] opponents: ['self', 'iter_0010', 'iter_0010', 'iter_0020']
  [pfsp]
    iter_0010: WR_ussr=0.59(n=275) WR_us=0.43(n=275) pfsp=0.489
    iter_0020: WR_ussr=?(n=0) WR_us=?(n=0) pfsp=0.500
  [diag] inf dtype=torch.float32 shape=torch.Size([2048, 172]) nan=0 inf_vals=0 range=[0.00,56.00]
  [diag] scalar dtype=torch.float32 nan=0 range=[-0.850,1.125]
  [diag] card_logits nan=0 range=[-20.01,12.94]
  [diag] values nan=0 range=[-0.9853,0.9493]
[iter  21/80] steps=13248 rollout_wr=0.495 (ussr=0.600 us=0.390) pl=-0.0186 vl=0.1113 ent=3.871 clip=0.109 kl=0.0042 t=34.4s (rollout=29.0s update=5.5s)
  [league] opponents: ['self', 'iter_0001', 'iter_0001', 'iter_0001']
  [pfsp]
    iter_0001: WR_ussr=0.55(n=1075) WR_us=0.42(n=1075) pfsp=0.517
  [diag] inf dtype=torch.float32 shape=torch.Size([2048, 172]) nan=0 inf_vals=0 range=[0.00,46.00]
  [diag] scalar dtype=torch.float32 nan=0 range=[-0.800,1.125]
  [diag] card_logits nan=0 range=[-17.74,12.49]
  [diag] values nan=0 range=[-0.9758,0.8960]
[iter  22/80] steps=12932 rollout_wr=0.460 (ussr=0.500 us=0.420) pl=-0.0131 vl=0.1162 ent=3.950 clip=0.104 kl=0.0041 t=34.5s (rollout=29.3s update=5.2s)
  [league] opponents: ['self', 'iter_0010', 'iter_0010', 'iter_0001']
  [pfsp]
    iter_0010: WR_ussr=0.58(n=325) WR_us=0.43(n=325) pfsp=0.495
    iter_0001: WR_ussr=0.54(n=1150) WR_us=0.42(n=1150) pfsp=0.520
  [diag] inf dtype=torch.float32 shape=torch.Size([2048, 172]) nan=0 inf_vals=0 range=[0.00,39.00]
  [diag] scalar dtype=torch.float32 nan=0 range=[-0.950,1.000]
  [diag] card_logits nan=0 range=[-17.10,13.51]
  [diag] values nan=0 range=[-0.9563,0.8897]
[iter  23/80] steps=12844 rollout_wr=0.545 (ussr=0.580 us=0.510) pl=-0.0127 vl=0.1118 ent=3.901 clip=0.103 kl=0.0037 t=26.6s (rollout=21.7s update=4.9s)
  [panel eval iter 20] avg=0.546: v8=0.515 | v14=0.565 | v22=0.435 | heuristic=0.670
  [league] opponents: ['self', 'iter_0001', 'iter_0001', 'iter_0020']
  [pfsp]
    iter_0001: WR_ussr=0.54(n=1175) WR_us=0.42(n=1175) pfsp=0.518
    iter_0020: WR_ussr=0.64(n=25) WR_us=0.36(n=25) pfsp=0.500
wandb: WARNING Tried to log to step 20 that is less than the current step 22. Steps must be monotonically increasing, so this data will be ignored. See https://wandb.me/define-metric to log data out of order.
  [diag] inf dtype=torch.float32 shape=torch.Size([2048, 172]) nan=0 inf_vals=0 range=[0.00,50.00]
  [diag] scalar dtype=torch.float32 nan=0 range=[-0.850,1.125]
  [diag] card_logits nan=0 range=[-16.90,13.14]
  [diag] values nan=0 range=[-0.9604,0.9325]
[iter  24/80] steps=13247 rollout_wr=0.515 (ussr=0.600 us=0.430) pl=-0.0198 vl=0.1193 ent=3.850 clip=0.118 kl=0.0042 t=20.8s (rollout=15.7s update=5.2s)
  [league] opponents: ['self', 'iter_0010', 'iter_0010', 'iter_0020']
  [pfsp]
    iter_0010: WR_ussr=0.58(n=375) WR_us=0.42(n=375) pfsp=0.496
    iter_0020: WR_ussr=0.62(n=50) WR_us=0.48(n=50) pfsp=0.450
  [diag] inf dtype=torch.float32 shape=torch.Size([2048, 172]) nan=0 inf_vals=0 range=[0.00,52.00]
  [diag] scalar dtype=torch.float32 nan=0 range=[-0.750,1.000]
  [diag] card_logits nan=0 range=[-19.36,14.23]
  [diag] values nan=0 range=[-0.9547,0.9405]
[iter  25/80] steps=13515 rollout_wr=0.540 (ussr=0.550 us=0.530) pl=-0.0175 vl=0.1149 ent=3.891 clip=0.120 kl=0.0052 t=21.1s (rollout=16.0s update=5.2s)
  [league] opponents: ['self', 'iter_0020', 'iter_0020', 'iter_0020']
  [pfsp]
    iter_0020: WR_ussr=0.64(n=75) WR_us=0.53(n=75) pfsp=0.413
  [diag] inf dtype=torch.float32 shape=torch.Size([2048, 172]) nan=0 inf_vals=0 range=[0.00,50.00]
  [diag] scalar dtype=torch.float32 nan=0 range=[-0.750,1.125]
  [diag] card_logits nan=0 range=[-18.86,14.84]
  [diag] values nan=0 range=[-0.9698,0.8825]
[iter  26/80] steps=13553 rollout_wr=0.545 (ussr=0.580 us=0.510) pl=-0.0173 vl=0.1150 ent=3.878 clip=0.131 kl=0.0053 t=21.3s (rollout=16.2s update=5.1s)
  [league] opponents: ['self', 'iter_0001', 'iter_0010', 'iter_0001']
  [pfsp]
    iter_0001: WR_ussr=0.54(n=1225) WR_us=0.42(n=1225) pfsp=0.519
    iter_0010: WR_ussr=0.58(n=425) WR_us=0.44(n=425) pfsp=0.494
  [diag] inf dtype=torch.float32 shape=torch.Size([2048, 172]) nan=0 inf_vals=0 range=[0.00,44.00]
  [diag] scalar dtype=torch.float32 nan=0 range=[-0.850,1.125]
  [diag] card_logits nan=0 range=[-18.92,14.22]
  [diag] values nan=0 range=[-0.9476,0.9083]
[iter  27/80] steps=13373 rollout_wr=0.430 (ussr=0.480 us=0.380) pl=-0.0160 vl=0.1113 ent=3.885 clip=0.113 kl=0.0055 t=20.7s (rollout=15.5s update=5.2s)
  [league] opponents: ['self', 'iter_0020', 'iter_0010', 'iter_0001']
  [pfsp]
    iter_0020: WR_ussr=0.60(n=150) WR_us=0.53(n=150) pfsp=0.437
    iter_0010: WR_ussr=0.57(n=450) WR_us=0.43(n=450) pfsp=0.501
    iter_0001: WR_ussr=0.54(n=1275) WR_us=0.42(n=1275) pfsp=0.520
  [diag] inf dtype=torch.float32 shape=torch.Size([2048, 172]) nan=0 inf_vals=0 range=[0.00,42.00]
  [diag] scalar dtype=torch.float32 nan=0 range=[-0.800,1.000]
  [diag] card_logits nan=0 range=[-17.87,12.97]
  [diag] values nan=0 range=[-0.9431,0.9283]
[iter  28/80] steps=13051 rollout_wr=0.580 (ussr=0.650 us=0.510) pl=-0.0159 vl=0.1170 ent=3.928 clip=0.119 kl=0.0048 t=20.7s (rollout=15.5s update=5.1s)
  [league] opponents: ['self', 'iter_0020', 'iter_0020', 'iter_0010']
  [pfsp]
    iter_0020: WR_ussr=0.59(n=175) WR_us=0.51(n=175) pfsp=0.451
    iter_0010: WR_ussr=0.57(n=475) WR_us=0.43(n=475) pfsp=0.499
  [diag] inf dtype=torch.float32 shape=torch.Size([2048, 172]) nan=0 inf_vals=0 range=[0.00,58.00]
  [diag] scalar dtype=torch.float32 nan=0 range=[-0.850,1.125]
  [diag] card_logits nan=0 range=[-18.92,12.63]
  [diag] values nan=0 range=[-0.9156,0.8920]
[iter  29/80] steps=13734 rollout_wr=0.585 (ussr=0.670 us=0.500) pl=-0.0167 vl=0.1070 ent=3.823 clip=0.116 kl=0.0048 t=21.0s (rollout=15.9s update=5.1s)
  Saved to league pool: data/checkpoints/ppo_v52_league/iter_0030.pt
  [league] opponents: ['self', 'iter_0020', 'iter_0030', 'iter_0010']
  [pfsp]
    iter_0020: WR_ussr=0.60(n=225) WR_us=0.51(n=225) pfsp=0.442
    iter_0030: WR_ussr=?(n=0) WR_us=?(n=0) pfsp=0.500
    iter_0010: WR_ussr=0.57(n=500) WR_us=0.43(n=500) pfsp=0.499
  [diag] inf dtype=torch.float32 shape=torch.Size([2048, 172]) nan=0 inf_vals=0 range=[0.00,63.00]
  [diag] scalar dtype=torch.float32 nan=0 range=[-0.950,1.125]
  [diag] card_logits nan=0 range=[-17.94,14.30]
  [diag] values nan=0 range=[-0.9256,0.9472]
[iter  30/80] steps=13635 rollout_wr=0.550 (ussr=0.630 us=0.470) pl=-0.0170 vl=0.1062 ent=3.857 clip=0.118 kl=0.0053 t=21.6s (rollout=16.5s update=5.1s)
  [panel eval] launched pid=231697 iter=30 panel=['v8', 'v14', 'v22', 'heuristic']
  [league] opponents: ['self', 'iter_0010', 'v14_scripted', 'iter_0020']
  [pfsp]
    iter_0010: WR_ussr=0.57(n=525) WR_us=0.43(n=525) pfsp=0.499
    v14_scripted: WR_ussr=0.50(n=50) WR_us=0.50(n=50) pfsp=0.500
    iter_0020: WR_ussr=0.59(n=250) WR_us=0.51(n=250) pfsp=0.450
  [diag] inf dtype=torch.float32 shape=torch.Size([2048, 172]) nan=0 inf_vals=0 range=[0.00,52.00]
  [diag] scalar dtype=torch.float32 nan=0 range=[-0.800,1.125]
  [diag] card_logits nan=0 range=[-19.60,11.55]
  [diag] values nan=0 range=[-0.9656,0.9140]
[iter  31/80] steps=13457 rollout_wr=0.490 (ussr=0.570 us=0.410) pl=-0.0165 vl=0.1104 ent=3.836 clip=0.114 kl=0.0046 t=34.1s (rollout=28.8s update=5.3s)
  [league] opponents: ['self', 'iter_0010', 'iter_0020', 'iter_0010']
  [pfsp]
    iter_0010: WR_ussr=0.57(n=550) WR_us=0.44(n=550) pfsp=0.495
    iter_0020: WR_ussr=0.60(n=275) WR_us=0.49(n=275) pfsp=0.455
  [diag] inf dtype=torch.float32 shape=torch.Size([2048, 172]) nan=0 inf_vals=0 range=[0.00,54.00]
  [diag] scalar dtype=torch.float32 nan=0 range=[-0.800,1.000]
  [diag] card_logits nan=0 range=[-19.37,13.13]
  [diag] values nan=0 range=[-0.9706,0.9103]
[iter  32/80] steps=13414 rollout_wr=0.430 (ussr=0.510 us=0.350) pl=-0.0163 vl=0.1050 ent=3.857 clip=0.115 kl=0.0053 t=35.8s (rollout=30.5s update=5.2s)
  [league] opponents: ['self', 'iter_0030', 'iter_0010', 'iter_0001']
  [pfsp]
    iter_0030: WR_ussr=0.80(n=25) WR_us=0.48(n=25) pfsp=0.360
    iter_0010: WR_ussr=0.56(n=600) WR_us=0.44(n=600) pfsp=0.502
    iter_0001: WR_ussr=0.54(n=1300) WR_us=0.43(n=1300) pfsp=0.517
  [diag] inf dtype=torch.float32 shape=torch.Size([2048, 172]) nan=0 inf_vals=0 range=[0.00,55.00]
  [diag] scalar dtype=torch.float32 nan=0 range=[-0.850,1.000]
  [diag] card_logits nan=0 range=[-18.58,13.68]
  [diag] values nan=0 range=[-0.9513,0.9181]
[iter  33/80] steps=13859 rollout_wr=0.425 (ussr=0.450 us=0.400) pl=-0.0153 vl=0.1061 ent=3.886 clip=0.126 kl=0.0054 t=27.9s (rollout=22.5s update=5.4s)
  [panel eval iter 30] avg=0.500: v8=0.495 | v14=0.465 | v22=0.445 | heuristic=0.595
  [league] opponents: ['self', 'iter_0001', 'v22_scripted', 'iter_0010']
  [pfsp]
    iter_0001: WR_ussr=0.54(n=1325) WR_us=0.42(n=1325) pfsp=0.519
    v22_scripted: WR_ussr=?(n=0) WR_us=?(n=0) pfsp=0.500
    iter_0010: WR_ussr=0.55(n=625) WR_us=0.43(n=625) pfsp=0.508
wandb: WARNING Tried to log to step 30 that is less than the current step 32. Steps must be monotonically increasing, so this data will be ignored. See https://wandb.me/define-metric to log data out of order.
  [diag] inf dtype=torch.float32 shape=torch.Size([2048, 172]) nan=0 inf_vals=0 range=[0.00,44.00]
  [diag] scalar dtype=torch.float32 nan=0 range=[-0.950,1.000]
  [diag] card_logits nan=0 range=[-19.86,14.51]
  [diag] values nan=0 range=[-0.9753,0.9218]
[iter  34/80] steps=13590 rollout_wr=0.510 (ussr=0.600 us=0.420) pl=-0.0182 vl=0.1093 ent=3.847 clip=0.131 kl=0.0051 t=21.3s (rollout=16.3s update=5.0s)
  [league] opponents: ['self', 'iter_0010', 'iter_0010', 'iter_0020']
  [pfsp]
    iter_0010: WR_ussr=0.55(n=650) WR_us=0.43(n=650) pfsp=0.506
    iter_0020: WR_ussr=0.60(n=300) WR_us=0.47(n=300) pfsp=0.463
  [diag] inf dtype=torch.float32 shape=torch.Size([2048, 172]) nan=0 inf_vals=0 range=[0.00,58.00]
  [diag] scalar dtype=torch.float32 nan=0 range=[-0.800,1.125]
  [diag] card_logits nan=0 range=[-19.13,12.47]
  [diag] values nan=0 range=[-0.9751,0.9480]
[iter  35/80] steps=13802 rollout_wr=0.495 (ussr=0.540 us=0.450) pl=-0.0164 vl=0.1077 ent=3.859 clip=0.102 kl=0.0039 t=21.3s (rollout=16.1s update=5.2s)
  [league] opponents: ['self', 'iter_0030', 'iter_0020', 'iter_0010']
  [pfsp]
    iter_0030: WR_ussr=0.60(n=50) WR_us=0.46(n=50) pfsp=0.470
    iter_0020: WR_ussr=0.60(n=325) WR_us=0.48(n=325) pfsp=0.462
    iter_0010: WR_ussr=0.54(n=700) WR_us=0.44(n=700) pfsp=0.508
  [diag] inf dtype=torch.float32 shape=torch.Size([2048, 172]) nan=0 inf_vals=0 range=[0.00,51.00]
  [diag] scalar dtype=torch.float32 nan=0 range=[-0.900,1.125]
  [diag] card_logits nan=0 range=[-18.91,12.56]
  [diag] values nan=0 range=[-0.9265,0.9344]
[iter  36/80] steps=13718 rollout_wr=0.545 (ussr=0.650 us=0.440) pl=-0.0172 vl=0.1074 ent=3.849 clip=0.120 kl=0.0044 t=21.6s (rollout=16.5s update=5.1s)
  [league] opponents: ['self', 'iter_0020', 'iter_0001', 'v8_scripted']
  [pfsp]
    iter_0020: WR_ussr=0.61(n=350) WR_us=0.49(n=350) pfsp=0.454
    iter_0001: WR_ussr=0.54(n=1350) WR_us=0.43(n=1350) pfsp=0.518
    v8_scripted: WR_ussr=0.80(n=50) WR_us=0.56(n=50) pfsp=0.320
  [diag] inf dtype=torch.float32 shape=torch.Size([2048, 172]) nan=0 inf_vals=0 range=[0.00,43.00]
  [diag] scalar dtype=torch.float32 nan=0 range=[-0.900,1.125]
  [diag] card_logits nan=0 range=[-18.34,14.36]
  [diag] values nan=0 range=[-0.9745,0.9549]
[iter  37/80] steps=13538 rollout_wr=0.520 (ussr=0.650 us=0.390) pl=-0.0180 vl=0.1191 ent=3.849 clip=0.129 kl=0.0072 t=21.3s (rollout=16.1s update=5.2s)
  [league] opponents: ['self', 'v8_scripted', 'iter_0020', 'iter_0020']
  [pfsp]
    v8_scripted: WR_ussr=0.75(n=75) WR_us=0.48(n=75) pfsp=0.387
    iter_0020: WR_ussr=0.61(n=375) WR_us=0.47(n=375) pfsp=0.460
  [diag] inf dtype=torch.float32 shape=torch.Size([2048, 172]) nan=0 inf_vals=0 range=[0.00,62.00]
  [diag] scalar dtype=torch.float32 nan=0 range=[-0.950,1.125]
  [diag] card_logits nan=0 range=[-19.14,15.36]
  [diag] values nan=0 range=[-0.9474,0.9618]
[iter  38/80] steps=13637 rollout_wr=0.510 (ussr=0.580 us=0.440) pl=-0.0146 vl=0.1065 ent=3.822 clip=0.116 kl=0.0046 t=21.3s (rollout=16.1s update=5.2s)
  [league] opponents: ['self', 'iter_0001', 'iter_0020', 'iter_0030']
  [pfsp]
    iter_0001: WR_ussr=0.54(n=1375) WR_us=0.43(n=1375) pfsp=0.517
    iter_0020: WR_ussr=0.59(n=425) WR_us=0.48(n=425) pfsp=0.466
    iter_0030: WR_ussr=0.64(n=75) WR_us=0.44(n=75) pfsp=0.460
  [diag] inf dtype=torch.float32 shape=torch.Size([2048, 172]) nan=0 inf_vals=0 range=[0.00,51.00]
  [diag] scalar dtype=torch.float32 nan=0 range=[-0.900,1.125]
  [diag] card_logits nan=0 range=[-18.62,11.78]
  [diag] values nan=0 range=[-0.8957,0.9247]
[iter  39/80] steps=13914 rollout_wr=0.500 (ussr=0.590 us=0.410) pl=-0.0160 vl=0.1017 ent=3.817 clip=0.122 kl=0.0048 t=21.7s (rollout=16.4s update=5.2s)
  Saved to league pool: data/checkpoints/ppo_v52_league/iter_0040.pt
  [league] opponents: ['self', 'iter_0020', 'iter_0010', 'iter_0020']
  [pfsp]
    iter_0020: WR_ussr=0.59(n=450) WR_us=0.47(n=450) pfsp=0.472
    iter_0010: WR_ussr=0.55(n=725) WR_us=0.44(n=725) pfsp=0.507
  [diag] inf dtype=torch.float32 shape=torch.Size([2048, 172]) nan=0 inf_vals=0 range=[0.00,64.00]
  [diag] scalar dtype=torch.float32 nan=0 range=[-0.800,1.125]
  [diag] card_logits nan=0 range=[-20.13,13.47]
  [diag] values nan=0 range=[-0.9635,0.9012]
[iter  40/80] steps=13448 rollout_wr=0.485 (ussr=0.600 us=0.370) pl=-0.0166 vl=0.1166 ent=3.819 clip=0.118 kl=0.0037 t=21.3s (rollout=16.2s update=5.1s)
  [panel eval] launched pid=232224 iter=40 panel=['v8', 'v14', 'v22', 'heuristic']
  [league] opponents: ['self', 'iter_0030', 'iter_0040', 'iter_0001']
  [pfsp]
    iter_0030: WR_ussr=0.66(n=100) WR_us=0.44(n=100) pfsp=0.450
    iter_0040: WR_ussr=?(n=0) WR_us=?(n=0) pfsp=0.500
    iter_0001: WR_ussr=0.54(n=1400) WR_us=0.43(n=1400) pfsp=0.518
  [diag] inf dtype=torch.float32 shape=torch.Size([2048, 172]) nan=0 inf_vals=0 range=[0.00,59.00]
  [diag] scalar dtype=torch.float32 nan=0 range=[-0.800,1.125]
  [diag] card_logits nan=0 range=[-19.56,12.96]
  [diag] values nan=0 range=[-0.9060,0.9271]
[iter  41/80] steps=13475 rollout_wr=0.525 (ussr=0.600 us=0.450) pl=-0.0170 vl=0.1113 ent=3.846 clip=0.109 kl=0.0042 t=35.1s (rollout=29.8s update=5.3s)
  [league] opponents: ['self', 'iter_0030', 'iter_0010', 'iter_0010']
  [pfsp]
    iter_0030: WR_ussr=0.64(n=125) WR_us=0.46(n=125) pfsp=0.448
    iter_0010: WR_ussr=0.55(n=750) WR_us=0.43(n=750) pfsp=0.507
  [diag] inf dtype=torch.float32 shape=torch.Size([2048, 172]) nan=0 inf_vals=0 range=[0.00,52.00]
  [diag] scalar dtype=torch.float32 nan=0 range=[-0.750,1.000]
  [diag] card_logits nan=0 range=[-19.26,13.83]
  [diag] values nan=0 range=[-0.9675,0.9225]
[iter  42/80] steps=13375 rollout_wr=0.490 (ussr=0.600 us=0.380) pl=-0.0163 vl=0.1136 ent=3.825 clip=0.112 kl=0.0043 t=34.9s (rollout=29.7s update=5.1s)
  [league] opponents: ['self', 'heuristic', 'iter_0010', 'iter_0020']
  [pfsp]
    heuristic: WR_ussr=0.86(n=50) WR_us=0.62(n=50) pfsp=0.260
    iter_0010: WR_ussr=0.56(n=800) WR_us=0.43(n=800) pfsp=0.509
    iter_0020: WR_ussr=0.58(n=500) WR_us=0.46(n=500) pfsp=0.479
  [diag] inf dtype=torch.float32 shape=torch.Size([2048, 172]) nan=0 inf_vals=0 range=[0.00,61.00]
  [diag] scalar dtype=torch.float32 nan=0 range=[-0.900,1.125]
  [diag] card_logits nan=0 range=[-19.75,13.36]
  [diag] values nan=0 range=[-0.9666,0.9275]
[iter  43/80] steps=13681 rollout_wr=0.525 (ussr=0.600 us=0.450) pl=-0.0186 vl=0.1017 ent=3.902 clip=0.134 kl=0.0059 t=28.5s (rollout=23.2s update=5.3s)
  [panel eval iter 40] avg=0.509: v8=0.490 | v14=0.470 | v22=0.485 | heuristic=0.590
  [league] opponents: ['self', 'iter_0001', 'iter_0010', 'iter_0010']
  [pfsp]
    iter_0001: WR_ussr=0.54(n=1425) WR_us=0.42(n=1425) pfsp=0.518
    iter_0010: WR_ussr=0.56(n=825) WR_us=0.43(n=825) pfsp=0.508
wandb: WARNING Tried to log to step 40 that is less than the current step 42. Steps must be monotonically increasing, so this data will be ignored. See https://wandb.me/define-metric to log data out of order.
  [diag] inf dtype=torch.float32 shape=torch.Size([2048, 172]) nan=0 inf_vals=0 range=[0.00,73.00]
  [diag] scalar dtype=torch.float32 nan=0 range=[-0.950,1.125]
  [diag] card_logits nan=0 range=[-19.66,14.61]
  [diag] values nan=0 range=[-0.9401,0.9522]
[iter  44/80] steps=13400 rollout_wr=0.450 (ussr=0.540 us=0.360) pl=-0.0167 vl=0.1078 ent=3.838 clip=0.130 kl=0.0050 t=21.3s (rollout=16.2s update=5.1s)
  [league] opponents: ['self', 'iter_0020', 'iter_0001', 'heuristic']
  [pfsp]
    iter_0020: WR_ussr=0.58(n=525) WR_us=0.46(n=525) pfsp=0.481
    iter_0001: WR_ussr=0.54(n=1450) WR_us=0.42(n=1450) pfsp=0.520
    heuristic: WR_ussr=0.83(n=75) WR_us=0.59(n=75) pfsp=0.293
  [diag] inf dtype=torch.float32 shape=torch.Size([2048, 172]) nan=0 inf_vals=0 range=[0.00,59.00]
  [diag] scalar dtype=torch.float32 nan=0 range=[-0.900,1.125]
  [diag] card_logits nan=0 range=[-20.48,15.60]
  [diag] values nan=0 range=[-0.9640,0.9276]
[iter  45/80] steps=13502 rollout_wr=0.515 (ussr=0.700 us=0.330) pl=-0.0192 vl=0.1035 ent=3.869 clip=0.135 kl=0.0059 t=23.2s (rollout=18.0s update=5.2s)
  [league] opponents: ['self', 'iter_0020', 'iter_0040', 'v14_scripted']
  [pfsp]
    iter_0020: WR_ussr=0.59(n=550) WR_us=0.45(n=550) pfsp=0.484
    iter_0040: WR_ussr=0.64(n=25) WR_us=0.56(n=25) pfsp=0.400
    v14_scripted: WR_ussr=0.51(n=75) WR_us=0.39(n=75) pfsp=0.553
  [diag] inf dtype=torch.float32 shape=torch.Size([2048, 172]) nan=0 inf_vals=0 range=[0.00,67.00]
  [diag] scalar dtype=torch.float32 nan=0 range=[-0.900,1.000]
  [diag] card_logits nan=0 range=[-20.14,12.61]
  [diag] values nan=0 range=[-0.9540,0.9368]
[iter  46/80] steps=13363 rollout_wr=0.515 (ussr=0.570 us=0.460) pl=-0.0167 vl=0.1156 ent=3.821 clip=0.134 kl=0.0064 t=20.8s (rollout=15.6s update=5.2s)
  [league] opponents: ['self', 'iter_0001', 'iter_0010', 'iter_0001']
  [pfsp]
    iter_0001: WR_ussr=0.54(n=1475) WR_us=0.42(n=1475) pfsp=0.521
    iter_0010: WR_ussr=0.56(n=875) WR_us=0.42(n=875) pfsp=0.511
  [diag] inf dtype=torch.float32 shape=torch.Size([2048, 172]) nan=0 inf_vals=0 range=[0.00,54.00]
  [diag] scalar dtype=torch.float32 nan=0 range=[-0.850,1.125]
  [diag] card_logits nan=0 range=[-19.70,13.44]
  [diag] values nan=0 range=[-0.9684,0.9602]
[iter  47/80] steps=13415 rollout_wr=0.475 (ussr=0.580 us=0.370) pl=-0.0179 vl=0.1140 ent=3.798 clip=0.163 kl=0.0070 t=20.7s (rollout=15.6s update=5.1s)
  [league] opponents: ['self', 'iter_0020', 'iter_0020', 'iter_0030']
  [pfsp]
    iter_0020: WR_ussr=0.59(n=575) WR_us=0.45(n=575) pfsp=0.483
    iter_0030: WR_ussr=0.63(n=150) WR_us=0.45(n=150) pfsp=0.457
  [diag] inf dtype=torch.float32 shape=torch.Size([2048, 172]) nan=0 inf_vals=0 range=[0.00,50.00]
  [diag] scalar dtype=torch.float32 nan=0 range=[-0.750,1.125]
  [diag] card_logits nan=0 range=[-21.72,13.87]
  [diag] values nan=0 range=[-0.9558,0.9041]
[iter  48/80] steps=14103 rollout_wr=0.440 (ussr=0.530 us=0.350) pl=-0.0156 vl=0.1078 ent=3.731 clip=0.123 kl=0.0055 t=22.4s (rollout=17.0s update=5.4s)
  [league] opponents: ['self', 'iter_0001', 'iter_0040', 'iter_0030']
  [pfsp]
    iter_0001: WR_ussr=0.54(n=1525) WR_us=0.42(n=1525) pfsp=0.523
    iter_0040: WR_ussr=0.62(n=50) WR_us=0.48(n=50) pfsp=0.450
    iter_0030: WR_ussr=0.62(n=175) WR_us=0.45(n=175) pfsp=0.466
  [diag] inf dtype=torch.float32 shape=torch.Size([2048, 172]) nan=0 inf_vals=0 range=[0.00,49.00]
  [diag] scalar dtype=torch.float32 nan=0 range=[-0.900,1.000]
  [diag] card_logits nan=0 range=[-19.03,13.46]
  [diag] values nan=0 range=[-0.9591,0.9428]
[iter  49/80] steps=14010 rollout_wr=0.545 (ussr=0.590 us=0.500) pl=-0.0161 vl=0.1070 ent=3.766 clip=0.130 kl=0.0050 t=22.1s (rollout=16.7s update=5.3s)
  Saved to league pool: data/checkpoints/ppo_v52_league/iter_0050.pt
  [league] opponents: ['self', 'iter_0050', 'iter_0050', 'iter_0030']
  [pfsp]
    iter_0050: WR_ussr=?(n=0) WR_us=?(n=0) pfsp=0.500
    iter_0030: WR_ussr=0.58(n=200) WR_us=0.47(n=200) pfsp=0.473
  [diag] inf dtype=torch.float32 shape=torch.Size([2048, 172]) nan=0 inf_vals=0 range=[0.00,66.00]
  [diag] scalar dtype=torch.float32 nan=0 range=[-0.900,1.125]
  [diag] card_logits nan=0 range=[-21.71,13.19]
  [diag] values nan=0 range=[-0.9393,0.9556]
[iter  50/80] steps=13844 rollout_wr=0.570 (ussr=0.660 us=0.480) pl=-0.0164 vl=0.1098 ent=3.778 clip=0.117 kl=0.0047 t=23.1s (rollout=17.7s update=5.4s)
  [panel eval] launched pid=232796 iter=50 panel=['v8', 'v14', 'v22', 'heuristic']
  [league] opponents: ['self', 'iter_0050', 'iter_0001', 'iter_0020']
  [pfsp]
    iter_0050: WR_ussr=0.62(n=50) WR_us=0.38(n=50) pfsp=0.500
    iter_0001: WR_ussr=0.54(n=1550) WR_us=0.42(n=1550) pfsp=0.523
    iter_0020: WR_ussr=0.58(n=625) WR_us=0.44(n=625) pfsp=0.492
  [diag] inf dtype=torch.float32 shape=torch.Size([2048, 172]) nan=0 inf_vals=0 range=[0.00,54.00]
  [diag] scalar dtype=torch.float32 nan=0 range=[-0.667,1.000]
  [diag] card_logits nan=0 range=[-20.30,11.68]
  [diag] values nan=0 range=[-0.9560,0.9060]
[iter  51/80] steps=13692 rollout_wr=0.475 (ussr=0.530 us=0.420) pl=-0.0177 vl=0.1113 ent=3.792 clip=0.118 kl=0.0043 t=38.5s (rollout=33.2s update=5.2s)
  [league] opponents: ['self', 'iter_0020', 'iter_0010', 'iter_0010']
  [pfsp]
    iter_0020: WR_ussr=0.58(n=650) WR_us=0.44(n=650) pfsp=0.495
    iter_0010: WR_ussr=0.56(n=900) WR_us=0.42(n=900) pfsp=0.512
  [diag] inf dtype=torch.float32 shape=torch.Size([2048, 172]) nan=0 inf_vals=0 range=[0.00,52.00]
  [diag] scalar dtype=torch.float32 nan=0 range=[-0.750,1.000]
  [diag] card_logits nan=0 range=[-21.61,14.51]
  [diag] values nan=0 range=[-0.9604,0.8882]
[iter  52/80] steps=13875 rollout_wr=0.525 (ussr=0.640 us=0.410) pl=-0.0168 vl=0.1038 ent=3.711 clip=0.163 kl=0.0062 t=36.8s (rollout=31.4s update=5.4s)
  [league] opponents: ['self', 'iter_0001', 'iter_0040', 'iter_0030']
  [pfsp]
    iter_0001: WR_ussr=0.53(n=1575) WR_us=0.42(n=1575) pfsp=0.524
    iter_0040: WR_ussr=0.67(n=75) WR_us=0.44(n=75) pfsp=0.447
    iter_0030: WR_ussr=0.60(n=225) WR_us=0.48(n=225) pfsp=0.458
  [diag] inf dtype=torch.float32 shape=torch.Size([2048, 172]) nan=0 inf_vals=0 range=[0.00,80.00]
  [diag] scalar dtype=torch.float32 nan=0 range=[-0.800,1.000]
  [diag] card_logits nan=0 range=[-20.41,14.13]
  [diag] values nan=0 range=[-0.9635,0.9378]
[iter  53/80] steps=13741 rollout_wr=0.580 (ussr=0.620 us=0.540) pl=-0.0165 vl=0.1167 ent=3.758 clip=0.146 kl=0.0057 t=28.5s (rollout=23.2s update=5.3s)
  [panel eval iter 50] avg=0.495: v8=0.445 | v14=0.450 | v22=0.505 | heuristic=0.580
wandb: WARNING Tried to log to step 50 that is less than the current step 52. Steps must be monotonically increasing, so this data will be ignored. See https://wandb.me/define-metric to log data out of order.
  [league] opponents: ['self', 'iter_0010', 'iter_0030', 'iter_0030']
  [pfsp]
    iter_0010: WR_ussr=0.56(n=950) WR_us=0.42(n=950) pfsp=0.511
    iter_0030: WR_ussr=0.60(n=250) WR_us=0.49(n=250) pfsp=0.454
  [diag] inf dtype=torch.float32 shape=torch.Size([2048, 172]) nan=0 inf_vals=0 range=[0.00,60.00]
  [diag] scalar dtype=torch.float32 nan=0 range=[-0.800,1.125]
  [diag] card_logits nan=0 range=[-19.81,13.28]
  [diag] values nan=0 range=[-0.9181,0.9580]
[iter  54/80] steps=13888 rollout_wr=0.510 (ussr=0.580 us=0.440) pl=-0.0183 vl=0.1090 ent=3.763 clip=0.133 kl=0.0061 t=21.9s (rollout=16.6s update=5.3s)
  [league] opponents: ['self', 'iter_0001', 'iter_0010', 'iter_0001']
  [pfsp]
    iter_0001: WR_ussr=0.53(n=1600) WR_us=0.42(n=1600) pfsp=0.523
    iter_0010: WR_ussr=0.56(n=975) WR_us=0.42(n=975) pfsp=0.510
  [diag] inf dtype=torch.float32 shape=torch.Size([2048, 172]) nan=0 inf_vals=0 range=[0.00,56.00]
  [diag] scalar dtype=torch.float32 nan=0 range=[-0.850,1.000]
  [diag] card_logits nan=0 range=[-20.64,12.86]
  [diag] values nan=0 range=[-0.9448,0.9263]
[iter  55/80] steps=13689 rollout_wr=0.465 (ussr=0.560 us=0.370) pl=-0.0156 vl=0.1180 ent=3.773 clip=0.122 kl=0.0045 t=21.9s (rollout=16.6s update=5.2s)
  [league] opponents: ['self', 'iter_0050', 'iter_0010', 'iter_0050']
  [pfsp]
    iter_0050: WR_ussr=0.63(n=75) WR_us=0.36(n=75) pfsp=0.507
    iter_0010: WR_ussr=0.56(n=1000) WR_us=0.42(n=1000) pfsp=0.510
  [diag] inf dtype=torch.float32 shape=torch.Size([2048, 172]) nan=0 inf_vals=0 range=[0.00,57.00]
  [diag] scalar dtype=torch.float32 nan=0 range=[-0.800,1.000]
  [diag] card_logits nan=0 range=[-20.09,14.05]
  [diag] values nan=0 range=[-0.9113,0.9441]
[iter  56/80] steps=13908 rollout_wr=0.535 (ussr=0.580 us=0.490) pl=-0.0169 vl=0.1043 ent=3.786 clip=0.134 kl=0.0049 t=21.8s (rollout=16.5s update=5.3s)
  [league] opponents: ['self', 'iter_0050', 'iter_0040', 'iter_0030']
  [pfsp]
    iter_0050: WR_ussr=0.64(n=125) WR_us=0.42(n=125) pfsp=0.472
    iter_0040: WR_ussr=0.66(n=100) WR_us=0.45(n=100) pfsp=0.445
    iter_0030: WR_ussr=0.61(n=300) WR_us=0.48(n=300) pfsp=0.457
  [diag] inf dtype=torch.float32 shape=torch.Size([2048, 172]) nan=0 inf_vals=0 range=[0.00,57.00]
  [diag] scalar dtype=torch.float32 nan=0 range=[-0.750,1.125]
  [diag] card_logits nan=0 range=[-19.20,13.22]
  [diag] values nan=0 range=[-0.9314,0.9028]
[iter  57/80] steps=13891 rollout_wr=0.515 (ussr=0.570 us=0.460) pl=-0.0151 vl=0.1073 ent=3.733 clip=0.112 kl=0.0045 t=22.3s (rollout=17.0s update=5.3s)
  [league] opponents: ['self', 'iter_0040', 'v8_scripted', 'iter_0040']
  [pfsp]
    iter_0040: WR_ussr=0.66(n=125) WR_us=0.45(n=125) pfsp=0.444
    v8_scripted: WR_ussr=0.77(n=100) WR_us=0.43(n=100) pfsp=0.400
  [diag] inf dtype=torch.float32 shape=torch.Size([2048, 172]) nan=0 inf_vals=0 range=[0.00,62.00]
  [diag] scalar dtype=torch.float32 nan=0 range=[-0.950,1.125]
  [diag] card_logits nan=0 range=[-19.17,12.39]
  [diag] values nan=0 range=[-0.9566,0.9349]
[iter  58/80] steps=13455 rollout_wr=0.545 (ussr=0.700 us=0.390) pl=-0.0173 vl=0.1054 ent=3.820 clip=0.152 kl=0.0068 t=21.7s (rollout=16.6s update=5.1s)
  [league] opponents: ['self', 'iter_0010', 'iter_0020', 'iter_0050']
  [pfsp]
    iter_0010: WR_ussr=0.56(n=1025) WR_us=0.42(n=1025) pfsp=0.511
    iter_0020: WR_ussr=0.58(n=675) WR_us=0.43(n=675) pfsp=0.493
    iter_0050: WR_ussr=0.63(n=150) WR_us=0.42(n=150) pfsp=0.473
  [diag] inf dtype=torch.float32 shape=torch.Size([2048, 172]) nan=0 inf_vals=0 range=[0.00,64.00]
  [diag] scalar dtype=torch.float32 nan=0 range=[-0.700,1.000]
  [diag] card_logits nan=0 range=[-20.43,14.10]
  [diag] values nan=0 range=[-0.9478,0.9497]
[iter  59/80] steps=13856 rollout_wr=0.510 (ussr=0.540 us=0.480) pl=-0.0164 vl=0.1076 ent=3.772 clip=0.134 kl=0.0051 t=21.8s (rollout=16.5s update=5.3s)
  Saved to league pool: data/checkpoints/ppo_v52_league/iter_0060.pt
  [league] opponents: ['self', 'iter_0001', 'iter_0040', 'iter_0001']
  [pfsp]
    iter_0001: WR_ussr=0.54(n=1650) WR_us=0.42(n=1650) pfsp=0.523
    iter_0040: WR_ussr=0.67(n=175) WR_us=0.45(n=175) pfsp=0.443
  [diag] inf dtype=torch.float32 shape=torch.Size([2048, 172]) nan=0 inf_vals=0 range=[0.00,60.00]
  [diag] scalar dtype=torch.float32 nan=0 range=[-0.700,1.000]
  [diag] card_logits nan=0 range=[-20.45,14.56]
  [diag] values nan=0 range=[-0.9211,0.9407]
[iter  60/80] steps=13873 rollout_wr=0.470 (ussr=0.530 us=0.410) pl=-0.0155 vl=0.1082 ent=3.724 clip=0.134 kl=0.0050 t=21.9s (rollout=16.8s update=5.1s)
  [panel eval] launched pid=233341 iter=60 panel=['v8', 'v14', 'v22', 'heuristic']
  [league] opponents: ['self', 'iter_0001', 'iter_0020', 'v8_scripted']
  [pfsp]
    iter_0001: WR_ussr=0.54(n=1700) WR_us=0.41(n=1700) pfsp=0.524
    iter_0020: WR_ussr=0.58(n=700) WR_us=0.43(n=700) pfsp=0.494
    v8_scripted: WR_ussr=0.74(n=125) WR_us=0.44(n=125) pfsp=0.408
  [diag] inf dtype=torch.float32 shape=torch.Size([2048, 172]) nan=0 inf_vals=0 range=[0.00,59.00]
  [diag] scalar dtype=torch.float32 nan=0 range=[-0.950,1.000]
  [diag] card_logits nan=0 range=[-21.82,13.87]
  [diag] values nan=0 range=[-0.9346,0.9577]
[iter  61/80] steps=13453 rollout_wr=0.475 (ussr=0.500 us=0.450) pl=-0.0182 vl=0.1140 ent=3.802 clip=0.131 kl=0.0058 t=34.6s (rollout=29.4s update=5.2s)
  [league] opponents: ['self', 'iter_0030', 'iter_0050', 'iter_0050']
  [pfsp]
    iter_0030: WR_ussr=0.60(n=325) WR_us=0.48(n=325) pfsp=0.462
    iter_0050: WR_ussr=0.62(n=175) WR_us=0.45(n=175) pfsp=0.466
  [diag] inf dtype=torch.float32 shape=torch.Size([2048, 172]) nan=0 inf_vals=0 range=[0.00,63.00]
  [diag] scalar dtype=torch.float32 nan=0 range=[-0.950,1.125]
  [diag] card_logits nan=0 range=[-19.64,13.47]
  [diag] values nan=0 range=[-0.9454,0.9365]
[iter  62/80] steps=13539 rollout_wr=0.555 (ussr=0.670 us=0.440) pl=-0.0173 vl=0.1048 ent=3.768 clip=0.125 kl=0.0052 t=34.6s (rollout=29.2s update=5.4s)
  [league] opponents: ['self', 'iter_0060', 'iter_0030', 'iter_0050']
  [pfsp]
    iter_0060: WR_ussr=?(n=0) WR_us=?(n=0) pfsp=0.500
    iter_0030: WR_ussr=0.60(n=350) WR_us=0.47(n=350) pfsp=0.466
    iter_0050: WR_ussr=0.64(n=225) WR_us=0.45(n=225) pfsp=0.456
  [diag] inf dtype=torch.float32 shape=torch.Size([2048, 172]) nan=0 inf_vals=0 range=[0.00,57.00]
  [diag] scalar dtype=torch.float32 nan=0 range=[-0.750,1.000]
  [diag] card_logits nan=0 range=[-19.73,12.11]
  [diag] values nan=0 range=[-0.9536,0.9656]
[iter  63/80] steps=13904 rollout_wr=0.525 (ussr=0.530 us=0.520) pl=-0.0185 vl=0.1102 ent=3.741 clip=0.136 kl=0.0077 t=27.5s (rollout=22.4s update=5.1s)
  [panel eval iter 60] avg=0.476: v8=0.500 | v14=0.475 | v22=0.455 | heuristic=0.475
  [league] opponents: ['self', 'iter_0060', 'iter_0010', 'iter_0050']
  [pfsp]
    iter_0060: WR_ussr=0.48(n=25) WR_us=0.44(n=25) pfsp=0.540
    iter_0010: WR_ussr=0.55(n=1050) WR_us=0.42(n=1050) pfsp=0.512
    iter_0050: WR_ussr=0.63(n=250) WR_us=0.46(n=250) pfsp=0.458
wandb: WARNING Tried to log to step 60 that is less than the current step 62. Steps must be monotonically increasing, so this data will be ignored. See https://wandb.me/define-metric to log data out of order.
  [diag] inf dtype=torch.float32 shape=torch.Size([2048, 172]) nan=0 inf_vals=0 range=[0.00,55.00]
  [diag] scalar dtype=torch.float32 nan=0 range=[-0.700,1.125]
  [diag] card_logits nan=0 range=[-21.27,14.79]
  [diag] values nan=0 range=[-0.9520,0.9220]
[iter  64/80] steps=13648 rollout_wr=0.500 (ussr=0.550 us=0.450) pl=-0.0182 vl=0.1051 ent=3.797 clip=0.129 kl=0.0075 t=21.8s (rollout=16.7s update=5.1s)
  [league] opponents: ['self', 'iter_0050', 'iter_0010', 'iter_0050']
  [pfsp]
    iter_0050: WR_ussr=0.64(n=275) WR_us=0.46(n=275) pfsp=0.453
    iter_0010: WR_ussr=0.55(n=1075) WR_us=0.42(n=1075) pfsp=0.513
  [diag] inf dtype=torch.float32 shape=torch.Size([2048, 172]) nan=0 inf_vals=0 range=[0.00,55.00]
  [diag] scalar dtype=torch.float32 nan=0 range=[-0.700,1.125]
  [diag] card_logits nan=0 range=[-20.44,12.04]
  [diag] values nan=0 range=[-0.9827,0.9451]
[iter  65/80] steps=13800 rollout_wr=0.510 (ussr=0.570 us=0.450) pl=-0.0160 vl=0.1095 ent=3.697 clip=0.129 kl=0.0063 t=21.8s (rollout=16.6s update=5.2s)
  [league] opponents: ['self', 'iter_0060', 'iter_0001', 'iter_0001']
  [pfsp]
    iter_0060: WR_ussr=0.46(n=50) WR_us=0.46(n=50) pfsp=0.540
    iter_0001: WR_ussr=0.54(n=1725) WR_us=0.42(n=1725) pfsp=0.524
  [diag] inf dtype=torch.float32 shape=torch.Size([2048, 172]) nan=0 inf_vals=0 range=[0.00,57.00]
  [diag] scalar dtype=torch.float32 nan=0 range=[-0.800,1.125]
  [diag] card_logits nan=0 range=[-19.41,13.40]
  [diag] values nan=0 range=[-0.9753,0.9639]
[iter  66/80] steps=14045 rollout_wr=0.390 (ussr=0.410 us=0.370) pl=-0.0169 vl=0.1125 ent=3.702 clip=0.125 kl=0.0061 t=21.5s (rollout=16.4s update=5.2s)
  [league] opponents: ['self', 'iter_0050', 'iter_0060', 'iter_0020']
  [pfsp]
    iter_0050: WR_ussr=0.63(n=325) WR_us=0.45(n=325) pfsp=0.462
    iter_0060: WR_ussr=0.44(n=75) WR_us=0.48(n=75) pfsp=0.540
    iter_0020: WR_ussr=0.57(n=725) WR_us=0.43(n=725) pfsp=0.496
  [diag] inf dtype=torch.float32 shape=torch.Size([2048, 172]) nan=0 inf_vals=0 range=[0.00,52.00]
  [diag] scalar dtype=torch.float32 nan=0 range=[-0.800,1.125]
  [diag] card_logits nan=0 range=[-21.06,13.99]
  [diag] values nan=0 range=[-0.9670,0.9575]
[iter  67/80] steps=13635 rollout_wr=0.500 (ussr=0.630 us=0.370) pl=-0.0180 vl=0.1190 ent=3.729 clip=0.141 kl=0.0072 t=21.9s (rollout=16.8s update=5.1s)
  [league] opponents: ['self', 'iter_0010', 'iter_0010', 'iter_0010']
  [pfsp]
    iter_0010: WR_ussr=0.55(n=1100) WR_us=0.42(n=1100) pfsp=0.513
  [diag] inf dtype=torch.float32 shape=torch.Size([2048, 172]) nan=0 inf_vals=0 range=[0.00,50.00]
  [diag] scalar dtype=torch.float32 nan=0 range=[-0.850,1.000]
  [diag] card_logits nan=0 range=[-19.07,12.93]
  [diag] values nan=0 range=[-0.9553,0.9273]
[iter  68/80] steps=13691 rollout_wr=0.485 (ussr=0.560 us=0.410) pl=-0.0160 vl=0.1045 ent=3.752 clip=0.144 kl=0.0062 t=22.1s (rollout=17.0s update=5.2s)
  [league] opponents: ['self', 'iter_0050', 'v14_scripted', 'iter_0050']
  [pfsp]
    iter_0050: WR_ussr=0.63(n=350) WR_us=0.45(n=350) pfsp=0.459
    v14_scripted: WR_ussr=0.49(n=100) WR_us=0.39(n=100) pfsp=0.560
  [diag] inf dtype=torch.float32 shape=torch.Size([2048, 172]) nan=0 inf_vals=0 range=[0.00,57.00]
  [diag] scalar dtype=torch.float32 nan=0 range=[-0.900,1.000]
  [diag] card_logits nan=0 range=[-21.69,12.16]
  [diag] values nan=0 range=[-0.9658,0.9385]
[iter  69/80] steps=13669 rollout_wr=0.485 (ussr=0.580 us=0.390) pl=-0.0155 vl=0.1119 ent=3.717 clip=0.107 kl=0.0059 t=22.1s (rollout=16.8s update=5.2s)
  Saved to league pool: data/checkpoints/ppo_v52_league/iter_0070.pt
  [league] opponents: ['self', 'iter_0060', 'iter_0050', 'iter_0050']
  [pfsp]
    iter_0060: WR_ussr=0.46(n=100) WR_us=0.41(n=100) pfsp=0.565
    iter_0050: WR_ussr=0.63(n=400) WR_us=0.45(n=400) pfsp=0.460
  [diag] inf dtype=torch.float32 shape=torch.Size([2048, 172]) nan=0 inf_vals=0 range=[0.00,48.00]
  [diag] scalar dtype=torch.float32 nan=0 range=[-0.850,1.000]
  [diag] card_logits nan=0 range=[-19.86,12.63]
  [diag] values nan=0 range=[-0.9461,0.9608]
[iter  70/80] steps=13871 rollout_wr=0.550 (ussr=0.610 us=0.490) pl=-0.0185 vl=0.1080 ent=3.709 clip=0.136 kl=0.0069 t=22.0s (rollout=16.8s update=5.2s)
  [panel eval] launched pid=233873 iter=70 panel=['v8', 'v14', 'v22', 'heuristic']
  [league] opponents: ['self', 'iter_0001', 'iter_0020', 'v8_scripted']
  [pfsp]
    iter_0001: WR_ussr=0.53(n=1775) WR_us=0.41(n=1775) pfsp=0.530
    iter_0020: WR_ussr=0.58(n=750) WR_us=0.43(n=750) pfsp=0.496
    v8_scripted: WR_ussr=0.72(n=150) WR_us=0.45(n=150) pfsp=0.417
  [diag] inf dtype=torch.float32 shape=torch.Size([2048, 172]) nan=0 inf_vals=0 range=[0.00,56.00]
  [diag] scalar dtype=torch.float32 nan=0 range=[-0.850,1.000]
  [diag] card_logits nan=0 range=[-18.82,13.34]
  [diag] values nan=0 range=[-0.9689,0.9583]
[iter  71/80] steps=13705 rollout_wr=0.425 (ussr=0.450 us=0.400) pl=-0.0166 vl=0.1124 ent=3.722 clip=0.184 kl=0.0076 t=35.2s (rollout=29.8s update=5.4s)
  [league] opponents: ['self', 'iter_0030', 'iter_0040', 'iter_0070']
  [pfsp]
    iter_0030: WR_ussr=0.60(n=375) WR_us=0.48(n=375) pfsp=0.463
    iter_0040: WR_ussr=0.64(n=200) WR_us=0.45(n=200) pfsp=0.455
    iter_0070: WR_ussr=?(n=0) WR_us=?(n=0) pfsp=0.500
  [diag] inf dtype=torch.float32 shape=torch.Size([2048, 172]) nan=0 inf_vals=0 range=[0.00,61.00]
  [diag] scalar dtype=torch.float32 nan=0 range=[-0.750,1.125]
  [diag] card_logits nan=0 range=[-21.84,12.25]
  [diag] values nan=0 range=[-0.9465,0.9071]
[iter  72/80] steps=13831 rollout_wr=0.450 (ussr=0.560 us=0.340) pl=-0.0160 vl=0.1084 ent=3.680 clip=0.125 kl=0.0055 t=35.3s (rollout=30.0s update=5.4s)
  [league] opponents: ['self', 'iter_0020', 'v8_scripted', 'v14_scripted']
  [pfsp]
    iter_0020: WR_ussr=0.57(n=775) WR_us=0.43(n=775) pfsp=0.499
    v8_scripted: WR_ussr=0.67(n=175) WR_us=0.43(n=175) pfsp=0.446
    v14_scripted: WR_ussr=0.49(n=125) WR_us=0.35(n=125) pfsp=0.580
  [diag] inf dtype=torch.float32 shape=torch.Size([2048, 172]) nan=0 inf_vals=0 range=[0.00,53.00]
  [diag] scalar dtype=torch.float32 nan=0 range=[-0.800,1.125]
  [diag] card_logits nan=0 range=[-19.96,13.22]
  [diag] values nan=0 range=[-0.9580,0.9476]
[iter  73/80] steps=13482 rollout_wr=0.495 (ussr=0.570 us=0.420) pl=-0.0180 vl=0.1130 ent=3.797 clip=0.133 kl=0.0059 t=26.6s (rollout=21.4s update=5.2s)
  [panel eval iter 70] avg=0.491: v8=0.465 | v14=0.450 | v22=0.500 | heuristic=0.550
  [league] opponents: ['self', 'iter_0070', 'iter_0030', 'iter_0070']
  [pfsp]
    iter_0070: WR_ussr=0.56(n=25) WR_us=0.32(n=25) pfsp=0.560
    iter_0030: WR_ussr=0.58(n=400) WR_us=0.47(n=400) pfsp=0.475
wandb: WARNING Tried to log to step 70 that is less than the current step 72. Steps must be monotonically increasing, so this data will be ignored. See https://wandb.me/define-metric to log data out of order.
  [diag] inf dtype=torch.float32 shape=torch.Size([2048, 172]) nan=0 inf_vals=0 range=[0.00,58.00]
  [diag] scalar dtype=torch.float32 nan=0 range=[-0.800,1.125]
  [diag] card_logits nan=0 range=[-19.20,14.09]
  [diag] values nan=0 range=[-0.9441,0.9543]
[iter  74/80] steps=13472 rollout_wr=0.510 (ussr=0.660 us=0.360) pl=-0.0181 vl=0.1244 ent=3.735 clip=0.137 kl=0.0054 t=21.5s (rollout=16.4s update=5.1s)
  [league] opponents: ['self', 'iter_0010', 'iter_0070', 'iter_0050']
  [pfsp]
    iter_0010: WR_ussr=0.55(n=1175) WR_us=0.42(n=1175) pfsp=0.513
    iter_0070: WR_ussr=0.61(n=75) WR_us=0.36(n=75) pfsp=0.513
    iter_0050: WR_ussr=0.63(n=450) WR_us=0.44(n=450) pfsp=0.464
  [diag] inf dtype=torch.float32 shape=torch.Size([2048, 172]) nan=0 inf_vals=0 range=[0.00,60.00]
  [diag] scalar dtype=torch.float32 nan=0 range=[-0.750,1.000]
  [diag] card_logits nan=0 range=[-20.29,13.54]
  [diag] values nan=0 range=[-0.9571,0.9342]
[iter  75/80] steps=13812 rollout_wr=0.500 (ussr=0.540 us=0.460) pl=-0.0173 vl=0.1078 ent=3.727 clip=0.128 kl=0.0055 t=22.3s (rollout=17.2s update=5.1s)
  [league] opponents: ['self', 'heuristic', 'iter_0040', 'iter_0010']
  [pfsp]
    heuristic: WR_ussr=0.85(n=100) WR_us=0.53(n=100) pfsp=0.310
    iter_0040: WR_ussr=0.64(n=225) WR_us=0.44(n=225) pfsp=0.462
    iter_0010: WR_ussr=0.55(n=1200) WR_us=0.42(n=1200) pfsp=0.516
  [diag] inf dtype=torch.float32 shape=torch.Size([2048, 172]) nan=0 inf_vals=0 range=[0.00,63.00]
  [diag] scalar dtype=torch.float32 nan=0 range=[-0.900,1.000]
  [diag] card_logits nan=0 range=[-18.03,12.75]
  [diag] values nan=0 range=[-0.9253,0.9125]
[iter  76/80] steps=13853 rollout_wr=0.530 (ussr=0.690 us=0.370) pl=-0.0180 vl=0.1099 ent=3.786 clip=0.175 kl=0.0092 t=24.0s (rollout=18.8s update=5.2s)
  [league] opponents: ['self', 'iter_0060', 'iter_0020', 'v22_scripted']
  [pfsp]
    iter_0060: WR_ussr=0.49(n=125) WR_us=0.46(n=125) pfsp=0.528
    iter_0020: WR_ussr=0.58(n=800) WR_us=0.43(n=800) pfsp=0.497
    v22_scripted: WR_ussr=0.48(n=25) WR_us=0.20(n=25) pfsp=0.660
  [diag] inf dtype=torch.float32 shape=torch.Size([2048, 172]) nan=0 inf_vals=0 range=[0.00,79.00]
  [diag] scalar dtype=torch.float32 nan=0 range=[-0.900,1.000]
  [diag] card_logits nan=0 range=[-20.09,14.61]
  [diag] values nan=0 range=[-0.9509,0.9693]
[iter  77/80] steps=13284 rollout_wr=0.455 (ussr=0.550 us=0.360) pl=-0.0191 vl=0.1105 ent=3.725 clip=0.133 kl=0.0054 t=21.9s (rollout=16.7s update=5.2s)
  [league] opponents: ['self', 'iter_0060', 'iter_0030', 'iter_0030']
  [pfsp]
    iter_0060: WR_ussr=0.51(n=150) WR_us=0.45(n=150) pfsp=0.520
    iter_0030: WR_ussr=0.59(n=425) WR_us=0.45(n=425) pfsp=0.478
  [diag] inf dtype=torch.float32 shape=torch.Size([2048, 172]) nan=0 inf_vals=0 range=[0.00,69.00]
  [diag] scalar dtype=torch.float32 nan=0 range=[-0.667,1.000]
  [diag] card_logits nan=0 range=[-19.49,14.39]
  [diag] values nan=0 range=[-0.9339,0.9507]
[iter  78/80] steps=13879 rollout_wr=0.470 (ussr=0.600 us=0.340) pl=-0.0166 vl=0.1033 ent=3.683 clip=0.137 kl=0.0054 t=22.3s (rollout=17.1s update=5.2s)
  [league] opponents: ['self', 'iter_0060', 'iter_0040', 'iter_0030']
  [pfsp]
    iter_0060: WR_ussr=0.53(n=175) WR_us=0.43(n=175) pfsp=0.523
    iter_0040: WR_ussr=0.64(n=250) WR_us=0.43(n=250) pfsp=0.462
    iter_0030: WR_ussr=0.59(n=475) WR_us=0.44(n=475) pfsp=0.484
  [diag] inf dtype=torch.float32 shape=torch.Size([2048, 172]) nan=0 inf_vals=0 range=[0.00,71.00]
  [diag] scalar dtype=torch.float32 nan=0 range=[-0.667,1.125]
  [diag] card_logits nan=0 range=[-20.14,13.42]
  [diag] values nan=0 range=[-0.9518,0.9519]
[iter  79/80] steps=14022 rollout_wr=0.530 (ussr=0.630 us=0.430) pl=-0.0179 vl=0.1098 ent=3.667 clip=0.159 kl=0.0070 t=22.6s (rollout=17.3s update=5.3s)
  Saved to league pool: data/checkpoints/ppo_v52_league/iter_0080.pt
  [league] opponents: ['self', 'iter_0030', 'iter_0040', 'iter_0020']
  [pfsp]
    iter_0030: WR_ussr=0.59(n=500) WR_us=0.44(n=500) pfsp=0.487
    iter_0040: WR_ussr=0.64(n=275) WR_us=0.44(n=275) pfsp=0.460
    iter_0020: WR_ussr=0.58(n=825) WR_us=0.42(n=825) pfsp=0.499
  [diag] inf dtype=torch.float32 shape=torch.Size([2048, 172]) nan=0 inf_vals=0 range=[0.00,70.00]
  [diag] scalar dtype=torch.float32 nan=0 range=[-0.850,1.125]
  [diag] card_logits nan=0 range=[-19.87,14.16]
  [diag] values nan=0 range=[-0.9127,0.9233]
[iter  80/80] steps=13735 rollout_wr=0.485 (ussr=0.580 us=0.390) pl=-0.0156 vl=0.1144 ent=3.612 clip=0.129 kl=0.0044 t=22.6s (rollout=17.4s update=5.2s)
  [panel eval] launched pid=234411 iter=80 panel=['v8', 'v14', 'v22', 'heuristic']
wandb: updating run metadata
wandb: uploading config.yaml; uploading output.log; uploading wandb-summary.json
wandb: uploading history steps 78-79, summary, console lines 767-775
wandb: 
wandb: Run history:
wandb:                 approx_kl ▃▁▁▂▂▃▂▂▂▃▄▃▃▃▃▄▂▃▂▂▃▅▃▂▅▃▃▃▅▃▆▆▆▄▄▆▄█▄▅
wandb:             clip_fraction ▁▂▃▂▁▃▃▁▃▃▂▂▃▄▃▃▃▄▄▃▃▃▄▄▃▃▃▆▄▃▃▄▄▄▄█▄▄▅▄
wandb:   core_scalar_weight_norm ▁▁▁▁▁▁▂▂▂▂▂▂▂▂▃▃▃▃▃▃▃▄▄▄▄▅▆▆▆▆▆▇▇▇▇█████
wandb:                  ent_coef ▁▁▁▁▁▁▁▁▁▁▁▁▁▁▁▁▁▁▁▁▁▁▁▁▁▁▁▁▁▁▁▁▁▁▁▁▁▁▁▁
wandb:                   entropy ▆▆▅▆▆█▅▆▆▅▅▅▄▅▅▅▅▄▅▄▄▅▄▃▂▂▃▃▃▄▃▂▂▂▂▃▂▂▃▁
wandb:               iter_time_s ▁▁▁▁▁▁▆▆▁▁▆▄▁▁▁▁▆▁▂▂▇▇▄▂▂▂▂█▇▄▂▇▄▂▂▂▇▄▂▂
wandb:                   n_steps ▄▅▆▁▁▁▄▅▆▃▅▆▄▁▃▃▅▄▂▆▇▅▆▄▄█▇▇▇▇▄▇▆▆▆▅▇▃▇▆
wandb:    new_scalar_weight_norm ▂▃▃▄▄▄▄▄▄▄▃▂▂▂▁▂▂▂▂▁▁▄▄▄▄▄▄▅▅▆██▇▆▅▆▆▆▆▅
wandb:               policy_loss ▁▆▆▆▆█▆▅▄▅▃▅▆▆▆▆▆▅▅▇▆▄▅▆▆▅▅▆▇▅▆▄▅▆▄▅▅▅▅▆
wandb: region_scalar_weight_norm ▁▁▂▂▂▂▃▃▃▃▃▃▃▃▄▅▆▅▅▅▄▅▅▅▅▆▇▇▇▇▇▇█▇▇▇▇▇▇█
wandb:                       +88 ...
wandb: 
wandb: Run summary:
wandb:                 approx_kl 0.00441
wandb:             clip_fraction 0.12929
wandb:   core_scalar_weight_norm 4.05941
wandb:                  ent_coef 0.003
wandb:                   entropy 3.61241
wandb:               iter_time_s 22.58782
wandb:                   n_steps 13735
wandb:    new_scalar_weight_norm 2.70259
wandb:               policy_loss -0.01563
wandb: region_scalar_weight_norm 3.41118
wandb:                       +88 ...
wandb: 
wandb: 🚀 View run ppo_v52 at: https://wandb.ai/korduban-ai/twilight-struggle-ai/runs/cb782716
wandb: ⭐️ View project at: https://wandb.ai/korduban-ai/twilight-struggle-ai
wandb: Synced 5 W&B file(s), 0 media file(s), 0 artifact file(s) and 0 other file(s)
wandb: Find logs at: ./wandb/run-20260410_221402-cb782716/logs

Training complete in 32.9 minutes
Checkpoints in: data/checkpoints/ppo_v52_league
