[ppo_train_dynamic] starting at 2026-04-13T22:19:51Z
wandb: [wandb.login()] Loaded credentials for https://api.wandb.ai from WANDB_API_KEY.
wandb: Currently logged in as: dkorduban (korduban-ai) to https://api.wandb.ai. Use `wandb login --relogin` to force relogin
wandb: setting up run 7a0a67ab
wandb: Tracking run with wandb version 0.25.1
wandb: Run data is saved locally in /home/dkord/code/twilight-struggle-ai/wandb/run-20260413_151953-7a0a67ab
wandb: Run `wandb offline` to turn off syncing.
wandb: Syncing run ppo_v143_sc
wandb: ⭐️ View project at https://wandb.ai/korduban-ai/twilight-struggle-ai
wandb: 🚀 View run at https://wandb.ai/korduban-ai/twilight-struggle-ai/runs/7a0a67ab
Loading checkpoint: data/checkpoints/ppo_v142_sc_league/ppo_best.pt
[smoke test] Smoke test passed: 10 games completed
  --reset-optimizer: skipping optimizer state restore, starting fresh Adam.

Starting PPO training: 30 iterations × 200 games/iter, side=both
Device: cuda, lr=2e-05, clip=0.12, ent=0.01, vf=0.5
League training enabled (pool: data/checkpoints/ppo_v143_sc_league, save-every=10)
  Saved to league pool: data/checkpoints/ppo_v143_sc_league/iter_0001.pt
  [league] self: self | ussr_pool: ['v55_scripted', 'v20_scripted'] | us_pool: ['v18_scripted', 'iter_0001']
  [pfsp]
    [ussr] v55_scripted: WR_ussr=0.54(n=210) WR_us=?(n=0) pfsp=0.993
    [ussr] v20_scripted: WR_ussr=0.53(n=154) WR_us=0.69(n=195) pfsp=0.996
    [us] v18_scripted: WR_ussr=?(n=0) WR_us=0.66(n=163) pfsp=0.894
    [us] iter_0001: WR_ussr=?(n=0) WR_us=?(n=0) pfsp=1.000
  [diag] inf dtype=torch.float32 shape=torch.Size([2048, 172]) nan=0 inf_vals=0 range=[0.00,23.00]
  [diag] scalar dtype=torch.float32 nan=0 range=[-0.450,1.000]
  [diag] card_logits nan=0 range=[-14.96,11.62]
  [diag] values nan=0 range=[-0.4783,0.5143]
[iter   1/30] steps= 2145 rollout_wr=0.585 (ussr=0.580 us=0.590) pl=0.0226 vl=0.5425 ent=4.157 clip=0.056 kl=0.0020 t=5.2s (rollout=3.5s update=1.7s)
  [league] self: self | ussr_pool: ['v21_scripted', 'v55_scripted'] | us_pool: ['v16_scripted', 'iter_0001']
  [pfsp]
    [ussr] v21_scripted: WR_ussr=0.48(n=100) WR_us=0.68(n=139) pfsp=0.998
    [ussr] v55_scripted: WR_ussr=0.56(n=250) WR_us=?(n=0) pfsp=0.986
    [us] v16_scripted: WR_ussr=?(n=0) WR_us=0.70(n=160) pfsp=0.840
    [us] iter_0001: WR_ussr=?(n=0) WR_us=0.55(n=40) pfsp=0.990
  [diag] inf dtype=torch.float32 shape=torch.Size([2048, 172]) nan=0 inf_vals=0 range=[0.00,24.00]
  [diag] scalar dtype=torch.float32 nan=0 range=[-0.550,1.000]
  [diag] card_logits nan=0 range=[-15.12,11.80]
  [diag] values nan=0 range=[-0.4573,0.5277]
[iter   2/30] steps= 2073 rollout_wr=0.610 (ussr=0.520 us=0.700) pl=0.0594 vl=0.5080 ent=4.257 clip=0.036 kl=0.0010 t=4.2s (rollout=3.3s update=0.9s)
  [league] self: self | ussr_pool: ['v20_scripted', 'v20_scripted'] | us_pool: ['iter_0001', 'v45_scripted']
  [pfsp]
    [ussr] v20_scripted: WR_ussr=0.54(n=194) WR_us=0.69(n=195) pfsp=0.993
    [us] iter_0001: WR_ussr=?(n=0) WR_us=0.62(n=80) pfsp=0.938
    [us] v45_scripted: WR_ussr=0.53(n=156) WR_us=0.67(n=202) pfsp=0.887
  [diag] inf dtype=torch.float32 shape=torch.Size([2048, 172]) nan=0 inf_vals=0 range=[0.00,19.00]
  [diag] scalar dtype=torch.float32 nan=0 range=[-0.700,1.000]
  [diag] card_logits nan=0 range=[-15.56,12.94]
  [diag] values nan=0 range=[-0.5014,0.5226]
[iter   3/30] steps= 2287 rollout_wr=0.520 (ussr=0.360 us=0.680) pl=-0.0094 vl=0.4701 ent=4.098 clip=0.051 kl=0.0013 t=4.7s (rollout=3.6s update=1.1s)
  [league] self: self | ussr_pool: ['v19_scripted', 'iter_0001'] | us_pool: ['iter_0001', 'v15_scripted']
  [pfsp]
    [ussr] v19_scripted: WR_ussr=0.49(n=170) WR_us=?(n=0) pfsp=1.000
    [ussr] iter_0001: WR_ussr=?(n=0) WR_us=0.61(n=120) pfsp=1.000
    [us] iter_0001: WR_ussr=?(n=0) WR_us=0.61(n=120) pfsp=0.953
    [us] v15_scripted: WR_ussr=?(n=0) WR_us=0.67(n=135) pfsp=0.879
  [diag] inf dtype=torch.float32 shape=torch.Size([2048, 172]) nan=0 inf_vals=0 range=[0.00,22.00]
  [diag] scalar dtype=torch.float32 nan=0 range=[-0.550,1.000]
  [diag] card_logits nan=0 range=[-15.31,11.72]
  [diag] values nan=0 range=[-0.3307,0.5010]
[iter   4/30] steps= 2274 rollout_wr=0.570 (ussr=0.470 us=0.670) pl=-0.0104 vl=0.4736 ent=4.077 clip=0.067 kl=0.0015 t=4.5s (rollout=3.5s update=1.1s)
  [league] self: self | ussr_pool: ['v48_scripted', 'iter_0001'] | us_pool: ['heuristic', 'iter_0001']
  [pfsp]
    [ussr] v48_scripted: WR_ussr=0.49(n=139) WR_us=?(n=0) pfsp=1.000
    [ussr] iter_0001: WR_ussr=0.45(n=40) WR_us=0.59(n=160) pfsp=0.990
    [us] heuristic: WR_ussr=0.08(n=71) WR_us=0.00(n=32) pfsp=0.010
    [us] iter_0001: WR_ussr=0.45(n=40) WR_us=0.59(n=160) pfsp=0.965
  [diag] inf dtype=torch.float32 shape=torch.Size([2048, 172]) nan=0 inf_vals=0 range=[0.00,22.00]
  [diag] scalar dtype=torch.float32 nan=0 range=[-0.900,1.000]
  [diag] card_logits nan=0 range=[-15.68,10.42]
  [diag] values nan=0 range=[-0.7189,0.6953]
[iter   5/30] steps= 2611 rollout_wr=0.400 (ussr=0.480 us=0.320) pl=-0.0105 vl=0.5382 ent=4.115 clip=0.029 kl=0.0010 t=5.3s (rollout=4.2s update=1.2s)
  [league] self: self | ussr_pool: ['v20_scripted', 'v20_scripted'] | us_pool: ['v49_scripted', 'v20_scripted']
  [pfsp]
    [ussr] v20_scripted: WR_ussr=0.51(n=274) WR_us=0.69(n=195) pfsp=1.000
    [us] v49_scripted: WR_ussr=?(n=0) WR_us=0.68(n=176) pfsp=0.868
    [us] v20_scripted: WR_ussr=0.51(n=274) WR_us=0.69(n=195) pfsp=0.860
  [diag] inf dtype=torch.float32 shape=torch.Size([2048, 172]) nan=0 inf_vals=0 range=[0.00,18.00]
  [diag] scalar dtype=torch.float32 nan=0 range=[-0.450,1.000]
  [diag] card_logits nan=0 range=[-15.33,11.59]
  [diag] values nan=0 range=[-0.3966,0.4996]
[iter   6/30] steps= 2131 rollout_wr=0.550 (ussr=0.470 us=0.630) pl=-0.0300 vl=0.5024 ent=4.208 clip=0.014 kl=0.0005 t=4.5s (rollout=3.4s update=1.1s)
  [league] self: self | ussr_pool: ['iter_0001', 'heuristic'] | us_pool: ['iter_0001', 'v58_scripted']
  [pfsp]
    [ussr] iter_0001: WR_ussr=0.42(n=80) WR_us=0.57(n=200) pfsp=0.977
    [ussr] heuristic: WR_ussr=0.08(n=71) WR_us=0.01(n=72) pfsp=0.309
    [us] iter_0001: WR_ussr=0.42(n=80) WR_us=0.57(n=200) pfsp=0.978
    [us] v58_scripted: WR_ussr=0.49(n=104) WR_us=0.65(n=160) pfsp=0.910
  [diag] inf dtype=torch.float32 shape=torch.Size([2048, 172]) nan=0 inf_vals=0 range=[0.00,24.00]
  [diag] scalar dtype=torch.float32 nan=0 range=[-0.450,1.000]
  [diag] card_logits nan=0 range=[-16.08,13.42]
  [diag] values nan=0 range=[-0.5967,0.5244]
[iter   7/30] steps= 2488 rollout_wr=0.385 (ussr=0.220 us=0.550) pl=-0.0247 vl=0.4378 ent=4.154 clip=0.036 kl=0.0010 t=5.3s (rollout=4.2s update=1.2s)
  [league] self: self | ussr_pool: ['iter_0001', 'iter_0001'] | us_pool: ['iter_0001', 'iter_0001']
  [pfsp]
    [ussr] iter_0001: WR_ussr=0.40(n=120) WR_us=0.57(n=240) pfsp=0.960
    [us] iter_0001: WR_ussr=0.40(n=120) WR_us=0.57(n=240) pfsp=0.980
  [diag] inf dtype=torch.float32 shape=torch.Size([2048, 172]) nan=0 inf_vals=0 range=[0.00,35.00]
  [diag] scalar dtype=torch.float32 nan=0 range=[-0.550,1.000]
  [diag] card_logits nan=0 range=[-15.27,12.25]
  [diag] values nan=0 range=[-0.5215,0.7057]
[iter   8/30] steps= 2523 rollout_wr=0.550 (ussr=0.390 us=0.710) pl=-0.0044 vl=0.4292 ent=4.035 clip=0.027 kl=0.0008 t=5.3s (rollout=4.1s update=1.2s)
  [league] self: self | ussr_pool: ['iter_0001', 'iter_0001'] | us_pool: ['v45_scripted', 'iter_0001']
  [pfsp]
    [ussr] iter_0001: WR_ussr=0.41(n=200) WR_us=0.61(n=320) pfsp=0.968
    [us] v45_scripted: WR_ussr=0.53(n=156) WR_us=0.69(n=242) pfsp=0.849
    [us] iter_0001: WR_ussr=0.41(n=200) WR_us=0.61(n=320) pfsp=0.955
  [diag] inf dtype=torch.float32 shape=torch.Size([2048, 172]) nan=0 inf_vals=0 range=[0.00,22.00]
  [diag] scalar dtype=torch.float32 nan=0 range=[-0.750,1.000]
  [diag] card_logits nan=0 range=[-15.59,11.68]
  [diag] values nan=0 range=[-0.5330,0.4932]
[iter   9/30] steps= 2384 rollout_wr=0.575 (ussr=0.450 us=0.700) pl=-0.0127 vl=0.4527 ent=4.052 clip=0.028 kl=0.0009 t=4.9s (rollout=3.8s update=1.1s)
  Saved to league pool: data/checkpoints/ppo_v143_sc_league/iter_0010.pt
  [league] self: self | ussr_pool: ['iter_0001', 'iter_0010'] | us_pool: ['v21_scripted', 'v58_scripted']
  [pfsp]
    [ussr] iter_0001: WR_ussr=0.43(n=280) WR_us=0.61(n=360) pfsp=0.982
    [ussr] iter_0010: WR_ussr=?(n=0) WR_us=?(n=0) pfsp=1.000
    [us] v21_scripted: WR_ussr=0.51(n=140) WR_us=0.68(n=139) pfsp=0.876
    [us] v58_scripted: WR_ussr=0.49(n=104) WR_us=0.62(n=200) pfsp=0.942
  [diag] inf dtype=torch.float32 shape=torch.Size([2048, 172]) nan=0 inf_vals=0 range=[0.00,21.00]
  [diag] scalar dtype=torch.float32 nan=0 range=[-0.600,1.000]
  [diag] card_logits nan=0 range=[-15.79,13.01]
  [diag] values nan=0 range=[-0.4361,0.5282]
[iter  10/30] steps= 2420 rollout_wr=0.550 (ussr=0.420 us=0.680) pl=0.0056 vl=0.4486 ent=4.082 clip=0.031 kl=0.0009 t=4.9s (rollout=3.7s update=1.1s)
  [probe] iter=10 card_jsd=0.0001 top1=0.986 val_mae=0.0119
  [confirm] launched incremental Elo check for iter 10
  [panel eval] launched pid=919987 iter=10 panel=['v55', 'v54', 'v44', 'v45', 'v14']
  [league] self: self | ussr_pool: ['iter_0001', 'heuristic'] | us_pool: ['v45_scripted', 'iter_0010']
  [pfsp]
    [ussr] iter_0001: WR_ussr=0.43(n=320) WR_us=0.61(n=360) pfsp=0.979
    [ussr] heuristic: WR_ussr=0.06(n=111) WR_us=0.01(n=72) pfsp=0.236
    [us] v45_scripted: WR_ussr=0.53(n=156) WR_us=0.70(n=282) pfsp=0.837
    [us] iter_0010: WR_ussr=0.45(n=40) WR_us=?(n=0) pfsp=1.000
  [diag] inf dtype=torch.float32 shape=torch.Size([2048, 172]) nan=0 inf_vals=0 range=[0.00,21.00]
  [diag] scalar dtype=torch.float32 nan=0 range=[-0.650,1.000]
  [diag] card_logits nan=0 range=[-15.71,11.00]
  [diag] values nan=0 range=[-0.5045,0.5021]
[iter  11/30] steps= 2631 rollout_wr=0.410 (ussr=0.240 us=0.580) pl=-0.0034 vl=0.4343 ent=4.024 clip=0.033 kl=0.0010 t=5.9s (rollout=4.6s update=1.3s)
  [panel eval iter 10] avg=0.514 elapsed=7s: v55=0.500 | v54=0.517 | v44=0.533 | v45=0.517 | v14=0.517
  [panel eval] NEW HIGH-WATER MARK iter=10 avg_wr=0.5142 → ppo_running_best.pt (provenance: ppo_iter0010.pt)
  [league] self: self | ussr_pool: ['v21_scripted', 'iter_0010'] | us_pool: ['v49_scripted', 'iter_0010']
  [pfsp]
    [ussr] v21_scripted: WR_ussr=0.51(n=140) WR_us=0.65(n=179) pfsp=1.000
    [ussr] iter_0010: WR_ussr=0.45(n=40) WR_us=0.50(n=40) pfsp=0.990
    [us] v49_scripted: WR_ussr=?(n=0) WR_us=0.68(n=216) pfsp=0.876
    [us] iter_0010: WR_ussr=0.45(n=40) WR_us=0.50(n=40) pfsp=1.000
  [diag] inf dtype=torch.float32 shape=torch.Size([2048, 172]) nan=0 inf_vals=0 range=[0.00,18.00]
  [diag] scalar dtype=torch.float32 nan=0 range=[-0.450,1.000]
  [diag] card_logits nan=0 range=[-15.52,13.63]
  [diag] values nan=0 range=[-0.5639,0.5028]
[iter  12/30] steps= 2426 rollout_wr=0.550 (ussr=0.460 us=0.640) pl=0.0054 vl=0.4895 ent=4.103 clip=0.020 kl=0.0007 t=4.8s (rollout=3.6s update=1.2s)
  [league] self: self | ussr_pool: ['iter_0010', 'v58_scripted'] | us_pool: ['iter_0010', 'iter_0010']
  [pfsp]
    [ussr] iter_0010: WR_ussr=0.44(n=80) WR_us=0.53(n=80) pfsp=0.984
    [ussr] v58_scripted: WR_ussr=0.49(n=104) WR_us=0.65(n=240) pfsp=1.000
    [us] iter_0010: WR_ussr=0.44(n=80) WR_us=0.53(n=80) pfsp=0.997
  [diag] inf dtype=torch.float32 shape=torch.Size([2048, 172]) nan=0 inf_vals=0 range=[0.00,17.00]
  [diag] scalar dtype=torch.float32 nan=0 range=[-0.700,1.000]
  [diag] card_logits nan=0 range=[-15.86,12.23]
  [diag] values nan=0 range=[-0.4841,0.5218]
[iter  13/30] steps= 2402 rollout_wr=0.555 (ussr=0.490 us=0.620) pl=0.0216 vl=0.4952 ent=4.076 clip=0.026 kl=0.0008 t=4.9s (rollout=3.9s update=1.0s)
  [league] self: self | ussr_pool: ['v22_scripted', 'iter_0001'] | us_pool: ['v58_scripted', 'v58_scripted']
  [pfsp]
    [ussr] v22_scripted: WR_ussr=0.47(n=136) WR_us=?(n=0) pfsp=0.997
    [ussr] iter_0001: WR_ussr=0.42(n=360) WR_us=0.61(n=360) pfsp=0.976
    [us] v58_scripted: WR_ussr=0.49(n=144) WR_us=0.65(n=240) pfsp=0.910
  [diag] inf dtype=torch.float32 shape=torch.Size([2048, 172]) nan=0 inf_vals=0 range=[0.00,23.00]
  [diag] scalar dtype=torch.float32 nan=0 range=[-0.750,1.000]
  [diag] card_logits nan=0 range=[-15.95,11.92]
  [diag] values nan=0 range=[-0.4797,0.5085]
[iter  14/30] steps= 2075 rollout_wr=0.580 (ussr=0.520 us=0.640) pl=-0.0122 vl=0.4816 ent=4.153 clip=0.040 kl=0.0013 t=4.4s (rollout=3.4s update=1.0s)
  [league] self: self | ussr_pool: ['v45_scripted', 'v20_scripted'] | us_pool: ['iter_0001', 'v21_scripted']
  [pfsp]
    [ussr] v45_scripted: WR_ussr=0.53(n=156) WR_us=0.71(n=322) pfsp=0.997
    [ussr] v20_scripted: WR_ussr=0.50(n=354) WR_us=0.68(n=235) pfsp=1.000
    [us] iter_0001: WR_ussr=0.44(n=400) WR_us=0.61(n=360) pfsp=0.951
    [us] v21_scripted: WR_ussr=0.49(n=180) WR_us=0.65(n=179) pfsp=0.906
  [diag] inf dtype=torch.float32 shape=torch.Size([2048, 172]) nan=0 inf_vals=0 range=[0.00,22.00]
  [diag] scalar dtype=torch.float32 nan=0 range=[-0.700,1.000]
  [diag] card_logits nan=0 range=[-14.79,11.39]
  [diag] values nan=0 range=[-0.5859,0.5238]
[iter  15/30] steps= 2295 rollout_wr=0.510 (ussr=0.460 us=0.560) pl=-0.0024 vl=0.4872 ent=3.998 clip=0.022 kl=0.0010 t=4.7s (rollout=3.6s update=1.1s)
  [league] self: self | ussr_pool: ['v58_scripted', 'v22_scripted'] | us_pool: ['v21_scripted', 'v58_scripted']
  [pfsp]
    [ussr] v58_scripted: WR_ussr=0.49(n=144) WR_us=0.65(n=320) pfsp=1.000
    [ussr] v22_scripted: WR_ussr=0.45(n=176) WR_us=?(n=0) pfsp=0.992
    [us] v21_scripted: WR_ussr=0.49(n=180) WR_us=0.65(n=219) pfsp=0.906
    [us] v58_scripted: WR_ussr=0.49(n=144) WR_us=0.65(n=320) pfsp=0.914
  [diag] inf dtype=torch.float32 shape=torch.Size([2048, 172]) nan=0 inf_vals=0 range=[0.00,18.00]
  [diag] scalar dtype=torch.float32 nan=0 range=[-0.600,1.000]
  [diag] card_logits nan=0 range=[-16.11,12.58]
  [diag] values nan=0 range=[-0.4612,0.5007]
[iter  16/30] steps= 2086 rollout_wr=0.625 (ussr=0.600 us=0.650) pl=-0.0232 vl=0.5087 ent=4.082 clip=0.009 kl=0.0004 t=4.3s (rollout=3.4s update=1.0s)
  [league] self: self | ussr_pool: ['v58_scripted', 'v20_scripted'] | us_pool: ['v21_scripted', 'iter_0001']
  [pfsp]
    [ussr] v58_scripted: WR_ussr=0.52(n=184) WR_us=0.66(n=360) pfsp=0.998
    [ussr] v20_scripted: WR_ussr=0.50(n=394) WR_us=0.68(n=235) pfsp=1.000
    [us] v21_scripted: WR_ussr=0.49(n=180) WR_us=0.65(n=259) pfsp=0.912
    [us] iter_0001: WR_ussr=0.44(n=400) WR_us=0.59(n=400) pfsp=0.964
  [diag] inf dtype=torch.float32 shape=torch.Size([2048, 172]) nan=0 inf_vals=0 range=[0.00,33.00]
  [diag] scalar dtype=torch.float32 nan=0 range=[-0.850,1.000]
  [diag] card_logits nan=0 range=[-15.95,13.36]
  [diag] values nan=0 range=[-0.4803,0.4995]
[iter  17/30] steps= 2275 rollout_wr=0.575 (ussr=0.520 us=0.630) pl=-0.0129 vl=0.4777 ent=3.956 clip=0.032 kl=0.0009 t=4.5s (rollout=3.4s update=1.1s)
  [league] self: self | ussr_pool: ['iter_0001', 'iter_0010'] | us_pool: ['v45_scripted', 'v18_scripted']
  [pfsp]
    [ussr] iter_0001: WR_ussr=0.44(n=400) WR_us=0.60(n=440) pfsp=0.987
    [ussr] iter_0010: WR_ussr=0.45(n=120) WR_us=0.57(n=160) pfsp=0.990
    [us] v45_scripted: WR_ussr=0.52(n=196) WR_us=0.71(n=322) pfsp=0.827
    [us] v18_scripted: WR_ussr=?(n=0) WR_us=0.66(n=203) pfsp=0.897
  [diag] inf dtype=torch.float32 shape=torch.Size([2048, 172]) nan=0 inf_vals=0 range=[0.00,26.00]
  [diag] scalar dtype=torch.float32 nan=0 range=[-0.600,1.000]
  [diag] card_logits nan=0 range=[-14.97,12.26]
  [diag] values nan=0 range=[-0.6174,0.5040]
[iter  18/30] steps= 2448 rollout_wr=0.570 (ussr=0.500 us=0.640) pl=-0.0122 vl=0.4511 ent=3.926 clip=0.009 kl=0.0005 t=5.0s (rollout=3.9s update=1.1s)
  [league] self: self | ussr_pool: ['v21_scripted', 'iter_0010'] | us_pool: ['v21_scripted', 'v15_scripted']
  [pfsp]
    [ussr] v21_scripted: WR_ussr=0.49(n=180) WR_us=0.66(n=299) pfsp=1.000
    [ussr] iter_0010: WR_ussr=0.46(n=160) WR_us=0.57(n=160) pfsp=0.994
    [us] v21_scripted: WR_ussr=0.49(n=180) WR_us=0.66(n=299) pfsp=0.899
    [us] v15_scripted: WR_ussr=?(n=0) WR_us=0.70(n=175) pfsp=0.845
  [diag] inf dtype=torch.float32 shape=torch.Size([2048, 172]) nan=0 inf_vals=0 range=[0.00,23.00]
  [diag] scalar dtype=torch.float32 nan=0 range=[-0.500,1.000]
  [diag] card_logits nan=0 range=[-14.86,13.49]
  [diag] values nan=0 range=[-0.5417,0.5474]
[iter  19/30] steps= 2101 rollout_wr=0.555 (ussr=0.430 us=0.680) pl=-0.0546 vl=0.5302 ent=3.935 clip=0.013 kl=0.0006 t=4.2s (rollout=3.3s update=1.0s)
  Saved to league pool: data/checkpoints/ppo_v143_sc_league/iter_0020.pt
  [league] self: self | ussr_pool: ['v19_scripted', 'iter_0001'] | us_pool: ['iter_0020', 'v49_scripted']
  [pfsp]
    [ussr] v19_scripted: WR_ussr=0.50(n=210) WR_us=?(n=0) pfsp=1.000
    [ussr] iter_0001: WR_ussr=0.45(n=440) WR_us=0.60(n=440) pfsp=0.991
    [us] iter_0020: WR_ussr=?(n=0) WR_us=?(n=0) pfsp=1.000
    [us] v49_scripted: WR_ussr=?(n=0) WR_us=0.69(n=256) pfsp=0.859
  [diag] inf dtype=torch.float32 shape=torch.Size([2048, 172]) nan=0 inf_vals=0 range=[0.00,21.00]
  [diag] scalar dtype=torch.float32 nan=0 range=[-0.500,1.000]
  [diag] card_logits nan=0 range=[-14.96,14.33]
  [diag] values nan=0 range=[-0.4472,0.5454]
[iter  20/30] steps= 2325 rollout_wr=0.505 (ussr=0.420 us=0.590) pl=-0.0136 vl=0.4704 ent=4.052 clip=0.011 kl=0.0006 t=5.0s (rollout=3.9s update=1.1s)
  [probe] iter=20 card_jsd=0.0001 top1=0.994 val_mae=0.0108
  [confirm] launched incremental Elo check for iter 20
  [panel eval] launched pid=920235 iter=20 panel=['v55', 'v54', 'v44', 'v45', 'v14']
  [league] self: self | ussr_pool: ['v19_scripted', 'v20_scripted'] | us_pool: ['v45_scripted', 'v20_scripted']
  [pfsp]
    [ussr] v19_scripted: WR_ussr=0.50(n=250) WR_us=?(n=0) pfsp=1.000
    [ussr] v20_scripted: WR_ussr=0.50(n=434) WR_us=0.68(n=235) pfsp=1.000
    [us] v45_scripted: WR_ussr=0.52(n=196) WR_us=0.70(n=362) pfsp=0.833
    [us] v20_scripted: WR_ussr=0.50(n=434) WR_us=0.68(n=235) pfsp=0.869
  [diag] inf dtype=torch.float32 shape=torch.Size([2048, 172]) nan=0 inf_vals=0 range=[0.00,21.00]
  [diag] scalar dtype=torch.float32 nan=0 range=[-0.700,1.000]
  [diag] card_logits nan=0 range=[-14.89,12.79]
  [diag] values nan=0 range=[-0.5022,0.5628]
[iter  21/30] steps= 2403 rollout_wr=0.565 (ussr=0.440 us=0.690) pl=-0.0077 vl=0.4453 ent=3.797 clip=0.039 kl=0.0011 t=5.1s (rollout=4.0s update=1.1s)
  [league] self: self | ussr_pool: ['v19_scripted', 'v48_scripted'] | us_pool: ['iter_0010', 'v21_scripted']
  [pfsp]
    [ussr] v19_scripted: WR_ussr=0.50(n=290) WR_us=?(n=0) pfsp=1.000
    [ussr] v48_scripted: WR_ussr=0.50(n=179) WR_us=?(n=0) pfsp=1.000
    [us] iter_0010: WR_ussr=0.43(n=200) WR_us=0.57(n=160) pfsp=0.978
    [us] v21_scripted: WR_ussr=0.49(n=220) WR_us=0.66(n=339) pfsp=0.900
  [diag] inf dtype=torch.float32 shape=torch.Size([2048, 172]) nan=0 inf_vals=0 range=[0.00,17.00]
  [diag] scalar dtype=torch.float32 nan=0 range=[-0.950,1.000]
  [diag] card_logits nan=0 range=[-15.73,13.08]
  [diag] values nan=0 range=[-0.4986,0.5496]
[iter  22/30] steps= 2280 rollout_wr=0.590 (ussr=0.480 us=0.700) pl=0.0024 vl=0.4502 ent=3.884 clip=0.005 kl=0.0004 t=4.8s (rollout=3.7s update=1.1s)
  [panel eval iter 20] avg=0.552 elapsed=11s: v55=0.533 | v54=0.567 | v44=0.567 | v45=0.550 | v14=0.550
  [panel eval] NEW HIGH-WATER MARK iter=20 avg_wr=0.5517 → ppo_running_best.pt (provenance: ppo_iter0020.pt)
  [league] self: self | ussr_pool: ['iter_0001', 'iter_0010'] | us_pool: ['v20_scripted', 'iter_0020']
  [pfsp]
    [ussr] iter_0001: WR_ussr=0.45(n=480) WR_us=0.60(n=440) pfsp=0.990
    [ussr] iter_0010: WR_ussr=0.43(n=200) WR_us=0.57(n=200) pfsp=0.980
    [us] v20_scripted: WR_ussr=0.49(n=474) WR_us=0.70(n=275) pfsp=0.843
    [us] iter_0020: WR_ussr=?(n=0) WR_us=0.55(n=40) pfsp=0.990
wandb: WARNING Tried to log to step 20 that is less than the current step 21. Steps must be monotonically increasing, so this data will be ignored. See https://wandb.me/define-metric to log data out of order.
  [diag] inf dtype=torch.float32 shape=torch.Size([2048, 172]) nan=0 inf_vals=0 range=[0.00,21.00]
  [diag] scalar dtype=torch.float32 nan=0 range=[-0.500,1.000]
  [diag] card_logits nan=0 range=[-15.07,13.76]
  [diag] values nan=0 range=[-0.4831,0.5458]
[iter  23/30] steps= 2326 rollout_wr=0.510 (ussr=0.370 us=0.650) pl=0.0004 vl=0.4692 ent=3.965 clip=0.033 kl=0.0010 t=4.8s (rollout=3.7s update=1.1s)
  [league] self: self | ussr_pool: ['v45_scripted', 'iter_0020'] | us_pool: ['iter_0001', 'iter_0010']
  [pfsp]
    [ussr] v45_scripted: WR_ussr=0.52(n=196) WR_us=0.70(n=402) pfsp=0.999
    [ussr] iter_0020: WR_ussr=?(n=0) WR_us=0.60(n=80) pfsp=1.000
    [us] iter_0001: WR_ussr=0.45(n=520) WR_us=0.60(n=440) pfsp=0.962
    [us] iter_0010: WR_ussr=0.42(n=240) WR_us=0.57(n=200) pfsp=0.978
  [diag] inf dtype=torch.float32 shape=torch.Size([2048, 172]) nan=0 inf_vals=0 range=[0.00,21.00]
  [diag] scalar dtype=torch.float32 nan=0 range=[-0.650,1.000]
  [diag] card_logits nan=0 range=[-14.95,12.28]
  [diag] values nan=0 range=[-0.4668,0.5812]
[iter  24/30] steps= 2332 rollout_wr=0.530 (ussr=0.470 us=0.590) pl=-0.0042 vl=0.4999 ent=3.994 clip=0.022 kl=0.0009 t=4.8s (rollout=3.8s update=1.0s)
  [league] self: self | ussr_pool: ['iter_0010', 'heuristic'] | us_pool: ['iter_0020', 'v15_scripted']
  [pfsp]
    [ussr] iter_0010: WR_ussr=0.42(n=240) WR_us=0.58(n=240) pfsp=0.972
    [ussr] heuristic: WR_ussr=0.07(n=151) WR_us=0.01(n=72) pfsp=0.247
    [us] iter_0020: WR_ussr=0.38(n=40) WR_us=0.60(n=80) pfsp=0.960
    [us] v15_scripted: WR_ussr=?(n=0) WR_us=0.70(n=215) pfsp=0.836
  [diag] inf dtype=torch.float32 shape=torch.Size([2048, 172]) nan=0 inf_vals=0 range=[0.00,27.00]
  [diag] scalar dtype=torch.float32 nan=0 range=[-0.850,1.150]
  [diag] card_logits nan=0 range=[-16.21,12.59]
  [diag] values nan=0 range=[-0.7707,0.6044]
[iter  25/30] steps= 2833 rollout_wr=0.510 (ussr=0.300 us=0.720) pl=-0.0049 vl=0.3846 ent=3.941 clip=0.030 kl=0.0009 t=5.5s (rollout=4.3s update=1.2s)
  [league] self: self | ussr_pool: ['iter_0020', 'v58_scripted'] | us_pool: ['iter_0001', 'iter_0001']
  [pfsp]
    [ussr] iter_0020: WR_ussr=0.38(n=40) WR_us=0.62(n=120) pfsp=0.938
    [ussr] v58_scripted: WR_ussr=0.55(n=224) WR_us=0.66(n=360) pfsp=0.990
    [us] iter_0001: WR_ussr=0.45(n=520) WR_us=0.60(n=480) pfsp=0.958
  [diag] inf dtype=torch.float32 shape=torch.Size([2048, 172]) nan=0 inf_vals=0 range=[0.00,27.00]
  [diag] scalar dtype=torch.float32 nan=0 range=[-0.600,1.000]
  [diag] card_logits nan=0 range=[-14.94,11.98]
  [diag] values nan=0 range=[-0.4615,0.5811]
[iter  26/30] steps= 2480 rollout_wr=0.525 (ussr=0.390 us=0.660) pl=-0.0039 vl=0.4411 ent=3.953 clip=0.037 kl=0.0012 t=5.0s (rollout=3.9s update=1.2s)
  [league] self: self | ussr_pool: ['iter_0020', 'v55_scripted'] | us_pool: ['v58_scripted', 'iter_0020']
  [pfsp]
    [ussr] iter_0020: WR_ussr=0.39(n=80) WR_us=0.62(n=120) pfsp=0.949
    [ussr] v55_scripted: WR_ussr=0.54(n=290) WR_us=?(n=0) pfsp=0.992
    [us] v58_scripted: WR_ussr=0.53(n=264) WR_us=0.66(n=360) pfsp=0.896
    [us] iter_0020: WR_ussr=0.39(n=80) WR_us=0.62(n=120) pfsp=0.946
  [diag] inf dtype=torch.float32 shape=torch.Size([2048, 172]) nan=0 inf_vals=0 range=[0.00,22.00]
  [diag] scalar dtype=torch.float32 nan=0 range=[-0.650,1.000]
  [diag] card_logits nan=0 range=[-15.36,12.94]
  [diag] values nan=0 range=[-0.4800,0.5984]
[iter  27/30] steps= 2457 rollout_wr=0.560 (ussr=0.450 us=0.670) pl=0.0004 vl=0.4465 ent=3.814 clip=0.040 kl=0.0011 t=4.7s (rollout=3.6s update=1.2s)
  [league] self: self | ussr_pool: ['v48_scripted', 'v19_scripted'] | us_pool: ['iter_0001', 'iter_0010']
  [pfsp]
    [ussr] v48_scripted: WR_ussr=0.52(n=219) WR_us=?(n=0) pfsp=0.998
    [ussr] v19_scripted: WR_ussr=0.49(n=330) WR_us=?(n=0) pfsp=1.000
    [us] iter_0001: WR_ussr=0.45(n=520) WR_us=0.60(n=560) pfsp=0.959
    [us] iter_0010: WR_ussr=0.42(n=280) WR_us=0.58(n=240) pfsp=0.972
  [diag] inf dtype=torch.float32 shape=torch.Size([2048, 172]) nan=0 inf_vals=0 range=[0.00,24.00]
  [diag] scalar dtype=torch.float32 nan=0 range=[-0.650,1.000]
  [diag] card_logits nan=0 range=[-15.72,12.51]
  [diag] values nan=0 range=[-0.9179,0.5933]
[iter  28/30] steps= 2361 rollout_wr=0.525 (ussr=0.460 us=0.590) pl=-0.0178 vl=0.4882 ent=3.928 clip=0.032 kl=0.0010 t=4.8s (rollout=3.7s update=1.1s)
  [league] self: self | ussr_pool: ['iter_0010', 'v21_scripted'] | us_pool: ['v21_scripted', 'iter_0020']
  [pfsp]
    [ussr] iter_0010: WR_ussr=0.42(n=280) WR_us=0.58(n=280) pfsp=0.975
    [ussr] v21_scripted: WR_ussr=0.49(n=220) WR_us=0.67(n=379) pfsp=1.000
    [us] v21_scripted: WR_ussr=0.49(n=220) WR_us=0.67(n=379) pfsp=0.881
    [us] iter_0020: WR_ussr=0.40(n=120) WR_us=0.62(n=160) pfsp=0.938
  [diag] inf dtype=torch.float32 shape=torch.Size([2048, 172]) nan=0 inf_vals=0 range=[0.00,21.00]
  [diag] scalar dtype=torch.float32 nan=0 range=[-0.650,1.000]
  [diag] card_logits nan=0 range=[-15.69,12.22]
  [diag] values nan=0 range=[-0.6349,0.5958]
[iter  29/30] steps= 2314 rollout_wr=0.590 (ussr=0.530 us=0.650) pl=-0.0037 vl=0.4924 ent=3.881 clip=0.002 kl=0.0003 t=4.6s (rollout=3.5s update=1.1s)
  Saved to league pool: data/checkpoints/ppo_v143_sc_league/iter_0030.pt
  [league] self: self | ussr_pool: ['v19_scripted', 'v19_scripted'] | us_pool: ['iter_0020', 'iter_0001']
  [pfsp]
    [ussr] v19_scripted: WR_ussr=0.49(n=370) WR_us=?(n=0) pfsp=1.000
    [us] iter_0020: WR_ussr=0.40(n=120) WR_us=0.62(n=200) pfsp=0.942
    [us] iter_0001: WR_ussr=0.45(n=520) WR_us=0.60(n=600) pfsp=0.959
  [diag] inf dtype=torch.float32 shape=torch.Size([2048, 172]) nan=0 inf_vals=0 range=[0.00,24.00]
  [diag] scalar dtype=torch.float32 nan=0 range=[-0.550,1.000]
  [diag] card_logits nan=0 range=[-14.91,12.63]
  [diag] values nan=0 range=[-0.4828,0.5559]
[iter  30/30] steps= 2459 rollout_wr=0.555 (ussr=0.550 us=0.560) pl=0.0057 vl=0.4869 ent=3.909 clip=0.007 kl=0.0004 t=4.8s (rollout=3.7s update=1.1s)
  [probe] iter=30 card_jsd=0.0001 top1=0.989 val_mae=0.0162
  [confirm] launched incremental Elo check for iter 30
  [panel eval] launched pid=920453 iter=30 panel=['v55', 'v54', 'v44', 'v45', 'v14']
wandb: updating run metadata; uploading artifact run-7a0a67ab-chartsrollout_wr_table-0WGvAg
wandb: uploading artifact run-7a0a67ab-chartsrollout_wr_table-0WGvAg
wandb: uploading config.yaml; uploading media/table/charts/rollout_wr_table_29_ad978fac4f27545be230.table.json; uploading output.log; uploading wandb-summary.json
wandb: uploading data
wandb: 
wandb: Run history:
wandb:               approx_kl █▄▅▆▄▂▄▃▄▃▄▃▃▅▄▁▄▂▂▂▄▁▄▃▄▅▄▄▁▂
wandb:           clip_fraction ▇▅▆█▄▂▅▄▄▄▄▃▄▅▃▂▄▂▂▂▅▁▄▃▄▅▅▄▁▂
wandb: core_scalar_weight_norm ████▇▇▆▆▆▆▆▆▆▆▅▅▅▅▄▄▄▃▃▂▂▂▂▁▁▁
wandb:                ent_coef ███▇▇▇▇▆▆▆▆▅▅▅▅▄▄▄▄▃▃▃▃▂▂▂▂▁▁▁
wandb:                 entropy ▆█▆▅▆▇▆▅▅▅▄▆▅▆▄▅▃▃▃▅▁▂▄▄▃▃▁▃▂▃
wandb:             iter_time_s ▅▁▃▃▆▂▆▆▄▄█▄▄▂▃▂▂▄▁▄▅▄▃▄▆▅▃▄▃▄
wandb:        meta/iter_time_s ▅▁▃▃▆▂▆▆▄▄█▄▄▂▃▂▂▄▁▄▅▄▃▄▆▅▃▄▃▄
wandb:                 n_steps ▂▁▃▃▆▂▅▅▄▄▆▄▄▁▃▁▃▄▁▃▄▃▃▃█▅▅▄▃▅
wandb:  new_scalar_weight_norm ▃▂▂▂▂▁▂▁▁▂▂▁▁▂▂▁▁▂▃▄▅▆▇▇▇▇▇███
wandb:   panel/avg_combined_wr ▁
wandb:                    +189 ...
wandb: 
wandb: Run summary:
wandb:               approx_kl 0.00043
wandb:           clip_fraction 0.00731
wandb: core_scalar_weight_norm 4.02502
wandb:                ent_coef 0.003
wandb:                 entropy 3.90948
wandb:             iter_time_s 4.8321
wandb:        meta/iter_time_s 4.8321
wandb:                 n_steps 2459
wandb:  new_scalar_weight_norm 2.70195
wandb:   panel/avg_combined_wr 0.51417
wandb:                    +189 ...
wandb: 
wandb: 🚀 View run ppo_v143_sc at: https://wandb.ai/korduban-ai/twilight-struggle-ai/runs/7a0a67ab
wandb: ⭐️ View project at: https://wandb.ai/korduban-ai/twilight-struggle-ai
wandb: Synced 5 W&B file(s), 30 media file(s), 60 artifact file(s) and 0 other file(s)
wandb: Find logs at: ./wandb/run-20260413_151953-7a0a67ab/logs

Training complete in 2.7 minutes
Checkpoints in: data/checkpoints/ppo_v143_sc_league
[ppo_train_dynamic] finished at 2026-04-13T22:22:44Z
