[ppo_train_dynamic] starting at 2026-04-14T19:12:47Z
wandb: [wandb.login()] Loaded credentials for https://api.wandb.ai from WANDB_API_KEY.
wandb: Currently logged in as: dkorduban (korduban-ai) to https://api.wandb.ai. Use `wandb login --relogin` to force relogin
wandb: setting up run e6d8c55f
wandb: Tracking run with wandb version 0.25.1
wandb: Run data is saved locally in /home/dkord/code/twilight-struggle-ai/wandb/run-20260414_121249-e6d8c55f
wandb: Run `wandb offline` to turn off syncing.
wandb: Syncing run ppo_v274_sc
wandb: ⭐️ View project at https://wandb.ai/korduban-ai/twilight-struggle-ai
wandb: 🚀 View run at https://wandb.ai/korduban-ai/twilight-struggle-ai/runs/e6d8c55f
Loading checkpoint: data/checkpoints/ppo_v273_sc_league/ppo_best.pt
  --reset-optimizer: skipping optimizer state restore, starting fresh Adam.

Starting PPO training: 30 iterations × 200 games/iter, side=both
Device: cuda, lr=5e-05, clip=0.12, ent=0.01, vf=0.5
League training enabled (pool: data/checkpoints/ppo_v274_sc_league, save-every=10)
  Saved to league pool: data/checkpoints/ppo_v274_sc_league/iter_0001.pt
  [league] self: self | ussr_pool: ['v262_sc_scripted', 'v265_sc_scripted'] | us_pool: ['v262_sc_scripted', 'iter_0001']
  [pfsp]
    [ussr] v262_sc_scripted: WR_ussr=0.65(n=108) WR_us=0.67(n=176) pfsp=0.912
    [ussr] v265_sc_scripted: WR_ussr=0.58(n=90) WR_us=0.65(n=148) pfsp=0.976
    [us] v262_sc_scripted: WR_ussr=0.65(n=108) WR_us=0.67(n=176) pfsp=0.884
    [us] iter_0001: WR_ussr=?(n=0) WR_us=?(n=0) pfsp=1.000
  [diag] inf dtype=torch.float32 shape=torch.Size([2048, 172]) nan=0 inf_vals=0 range=[0.00,34.00]
  [diag] scalar dtype=torch.float32 nan=0 range=[-1.100,1.100]
  [diag] card_logits nan=0 range=[-17.48,15.26]
  [diag] values nan=0 range=[-0.9768,0.8928]
[iter   1/30] steps= 4162 rollout_wr=0.558 (ussr=0.510 us=0.606) pl=-0.0391 vl=0.3083 ent=3.070 clip=0.229 kl=0.0074 t=19.1s (rollout=16.8s update=2.4s)
  [league] self: self | ussr_pool: ['iter_0001', 'v266_sc_scripted'] | us_pool: ['v262_sc_scripted', 'v267_sc_scripted']
  [pfsp]
    [ussr] iter_0001: WR_ussr=?(n=0) WR_us=0.56(n=39) pfsp=1.000
    [ussr] v266_sc_scripted: WR_ussr=0.59(n=172) WR_us=0.59(n=152) pfsp=0.965
    [us] v262_sc_scripted: WR_ussr=0.64(n=148) WR_us=0.68(n=216) pfsp=0.876
    [us] v267_sc_scripted: WR_ussr=0.55(n=138) WR_us=0.58(n=194) pfsp=0.976
  [diag] inf dtype=torch.float32 shape=torch.Size([2048, 172]) nan=0 inf_vals=0 range=[0.00,39.00]
  [diag] scalar dtype=torch.float32 nan=0 range=[-0.950,1.000]
  [diag] card_logits nan=0 range=[-16.79,14.18]
  [diag] values nan=0 range=[-0.9593,0.9281]
[iter   2/30] steps= 3951 rollout_wr=0.623 (ussr=0.510 us=0.737) pl=-0.0137 vl=0.3222 ent=3.023 clip=0.094 kl=0.0026 t=19.0s (rollout=17.3s update=1.6s)
  [league] self: self | ussr_pool: ['v265_sc_scripted', 'iter_0001'] | us_pool: ['iter_0001', 'heuristic']
  [pfsp]
    [ussr] v265_sc_scripted: WR_ussr=0.54(n=130) WR_us=0.65(n=148) pfsp=0.994
    [ussr] iter_0001: WR_ussr=0.50(n=40) WR_us=0.56(n=39) pfsp=1.000
    [us] iter_0001: WR_ussr=0.50(n=40) WR_us=0.56(n=39) pfsp=0.984
    [us] heuristic: WR_ussr=0.66(n=116) WR_us=0.58(n=253) pfsp=0.976
  [diag] inf dtype=torch.float32 shape=torch.Size([2048, 172]) nan=0 inf_vals=0 range=[0.00,44.00]
  [diag] scalar dtype=torch.float32 nan=0 range=[-1.000,1.000]
  [diag] card_logits nan=0 range=[-17.40,15.71]
  [diag] values nan=0 range=[-0.9677,0.9689]
[iter   3/30] steps= 4488 rollout_wr=0.610 (ussr=0.500 us=0.720) pl=-0.0146 vl=0.2840 ent=3.131 clip=0.152 kl=0.0046 t=20.1s (rollout=18.1s update=2.0s)
  [league] self: self | ussr_pool: ['iter_0001', 'v265_sc_scripted'] | us_pool: ['heuristic', 'v209_sc_scripted']
  [pfsp]
    [ussr] iter_0001: WR_ussr=0.49(n=80) WR_us=0.66(n=79) pfsp=0.999
    [ussr] v265_sc_scripted: WR_ussr=0.56(n=170) WR_us=0.65(n=148) pfsp=0.986
    [us] heuristic: WR_ussr=0.66(n=116) WR_us=0.59(n=293) pfsp=0.965
    [us] v209_sc_scripted: WR_ussr=?(n=0) WR_us=0.66(n=108) pfsp=0.901
  [diag] inf dtype=torch.float32 shape=torch.Size([2048, 172]) nan=0 inf_vals=0 range=[0.00,43.00]
  [diag] scalar dtype=torch.float32 nan=0 range=[-0.900,1.000]
  [diag] card_logits nan=0 range=[-17.75,16.85]
  [diag] values nan=0 range=[-0.9484,0.9699]
[iter   4/30] steps= 4209 rollout_wr=0.550 (ussr=0.500 us=0.600) pl=-0.0297 vl=0.3039 ent=3.059 clip=0.138 kl=0.0042 t=19.4s (rollout=17.6s update=1.9s)
  [league] self: self | ussr_pool: ['iter_0001', 'iter_0001'] | us_pool: ['iter_0001', 'iter_0001']
  [pfsp]
    [ussr] iter_0001: WR_ussr=0.49(n=120) WR_us=0.66(n=79) pfsp=1.000
    [us] iter_0001: WR_ussr=0.49(n=120) WR_us=0.66(n=79) pfsp=0.900
  [diag] inf dtype=torch.float32 shape=torch.Size([2048, 172]) nan=0 inf_vals=0 range=[0.00,48.00]
  [diag] scalar dtype=torch.float32 nan=0 range=[-1.000,1.400]
  [diag] card_logits nan=0 range=[-17.12,16.35]
  [diag] values nan=0 range=[-0.9736,0.9348]
[iter   5/30] steps= 4322 rollout_wr=0.513 (ussr=0.500 us=0.525) pl=-0.0034 vl=0.3109 ent=3.120 clip=0.127 kl=0.0041 t=20.0s (rollout=18.1s update=1.9s)
  [league] self: self | ussr_pool: ['iter_0001', 'iter_0001'] | us_pool: ['iter_0001', 'iter_0001']
  [pfsp]
    [ussr] iter_0001: WR_ussr=0.49(n=200) WR_us=0.59(n=158) pfsp=1.000
    [us] iter_0001: WR_ussr=0.49(n=200) WR_us=0.59(n=158) pfsp=0.964
  [diag] inf dtype=torch.float32 shape=torch.Size([2048, 172]) nan=0 inf_vals=0 range=[0.00,39.00]
  [diag] scalar dtype=torch.float32 nan=0 range=[-1.100,1.000]
  [diag] card_logits nan=0 range=[-18.72,15.02]
  [diag] values nan=0 range=[-0.9723,0.9393]
[iter   6/30] steps= 4708 rollout_wr=0.590 (ussr=0.560 us=0.620) pl=-0.0136 vl=0.2882 ent=3.116 clip=0.115 kl=0.0034 t=21.7s (rollout=19.7s update=2.0s)
  [league] self: self | ussr_pool: ['v263_sc_scripted', 'v265_sc_scripted'] | us_pool: ['v265_sc_scripted', 'iter_0001']
  [pfsp]
    [ussr] v263_sc_scripted: WR_ussr=0.61(n=231) WR_us=0.66(n=121) pfsp=0.955
    [ussr] v265_sc_scripted: WR_ussr=0.56(n=210) WR_us=0.65(n=148) pfsp=0.987
    [us] v265_sc_scripted: WR_ussr=0.56(n=210) WR_us=0.65(n=148) pfsp=0.912
    [us] iter_0001: WR_ussr=0.50(n=280) WR_us=0.62(n=238) pfsp=0.945
  [diag] inf dtype=torch.float32 shape=torch.Size([2048, 172]) nan=0 inf_vals=0 range=[0.00,43.00]
  [diag] scalar dtype=torch.float32 nan=0 range=[-0.850,1.050]
  [diag] card_logits nan=0 range=[-17.58,11.83]
  [diag] values nan=0 range=[-0.9727,0.9340]
[iter   7/30] steps= 3977 rollout_wr=0.620 (ussr=0.640 us=0.600) pl=-0.0125 vl=0.2951 ent=3.059 clip=0.073 kl=0.0021 t=18.8s (rollout=17.0s update=1.8s)
  [league] self: self | ussr_pool: ['v264_sc_scripted', 'iter_0001'] | us_pool: ['iter_0001', 'v209_sc_scripted']
  [pfsp]
    [ussr] v264_sc_scripted: WR_ussr=0.56(n=144) WR_us=0.64(n=69) pfsp=0.988
    [ussr] iter_0001: WR_ussr=0.50(n=280) WR_us=0.60(n=278) pfsp=1.000
    [us] iter_0001: WR_ussr=0.50(n=280) WR_us=0.60(n=278) pfsp=0.962
    [us] v209_sc_scripted: WR_ussr=?(n=0) WR_us=0.65(n=148) pfsp=0.912
  [diag] inf dtype=torch.float32 shape=torch.Size([2048, 172]) nan=0 inf_vals=0 range=[0.00,40.00]
  [diag] scalar dtype=torch.float32 nan=0 range=[-1.000,1.000]
  [diag] card_logits nan=0 range=[-17.77,14.87]
  [diag] values nan=0 range=[-0.9695,0.9552]
[iter   8/30] steps= 4261 rollout_wr=0.615 (ussr=0.480 us=0.750) pl=-0.0289 vl=0.3054 ent=3.116 clip=0.168 kl=0.0063 t=21.3s (rollout=19.4s update=1.8s)
  [league] self: self | ussr_pool: ['v266_sc_scripted', 'iter_0001'] | us_pool: ['heuristic', 'v265_sc_scripted']
  [pfsp]
    [ussr] v266_sc_scripted: WR_ussr=0.58(n=212) WR_us=0.59(n=152) pfsp=0.977
    [ussr] iter_0001: WR_ussr=0.48(n=320) WR_us=0.62(n=318) pfsp=0.999
    [us] heuristic: WR_ussr=0.66(n=116) WR_us=0.59(n=333) pfsp=0.966
    [us] v265_sc_scripted: WR_ussr=0.58(n=250) WR_us=0.65(n=188) pfsp=0.905
  [diag] inf dtype=torch.float32 shape=torch.Size([2048, 172]) nan=0 inf_vals=0 range=[0.00,40.00]
  [diag] scalar dtype=torch.float32 nan=0 range=[-0.950,1.000]
  [diag] card_logits nan=0 range=[-17.43,14.79]
  [diag] values nan=0 range=[-0.9714,0.9548]
[iter   9/30] steps= 4593 rollout_wr=0.545 (ussr=0.460 us=0.630) pl=-0.0219 vl=0.2783 ent=3.126 clip=0.118 kl=0.0036 t=20.0s (rollout=18.0s update=2.0s)
  Saved to league pool: data/checkpoints/ppo_v274_sc_league/iter_0010.pt
  [league] self: self | ussr_pool: ['v262_sc_scripted', 'iter_0010'] | us_pool: ['v266_sc_scripted', 'iter_0010']
  [pfsp]
    [ussr] v262_sc_scripted: WR_ussr=0.64(n=148) WR_us=0.68(n=256) pfsp=0.919
    [ussr] iter_0010: WR_ussr=?(n=0) WR_us=?(n=0) pfsp=1.000
    [us] v266_sc_scripted: WR_ussr=0.56(n=252) WR_us=0.59(n=152) pfsp=0.966
    [us] iter_0010: WR_ussr=?(n=0) WR_us=?(n=0) pfsp=1.000
  [diag] inf dtype=torch.float32 shape=torch.Size([2048, 172]) nan=0 inf_vals=0 range=[0.00,40.00]
  [diag] scalar dtype=torch.float32 nan=0 range=[-0.900,1.000]
  [diag] card_logits nan=0 range=[-18.77,12.81]
  [diag] values nan=0 range=[-0.9785,0.9401]
[iter  10/30] steps= 4395 rollout_wr=0.593 (ussr=0.540 us=0.646) pl=-0.0195 vl=0.3328 ent=3.089 clip=0.155 kl=0.0052 t=20.9s (rollout=19.0s update=1.9s)
  [confirm] launched incremental Elo check for iter 10
  [league] self: self | ussr_pool: ['v267_sc_scripted', 'v267_sc_scripted'] | us_pool: ['v210_sc_scripted', 'iter_0001']
  [pfsp]
    [ussr] v267_sc_scripted: WR_ussr=0.55(n=138) WR_us=0.60(n=234) pfsp=0.990
    [us] v210_sc_scripted: WR_ussr=?(n=0) WR_us=0.73(n=102) pfsp=0.797
    [us] iter_0001: WR_ussr=0.48(n=360) WR_us=0.62(n=318) pfsp=0.940
  [diag] inf dtype=torch.float32 shape=torch.Size([2048, 172]) nan=0 inf_vals=0 range=[0.00,43.00]
  [diag] scalar dtype=torch.float32 nan=0 range=[-1.350,1.000]
  [diag] card_logits nan=0 range=[-18.27,16.28]
  [diag] values nan=0 range=[-0.9808,0.9291]
[iter  11/30] steps= 4133 rollout_wr=0.655 (ussr=0.610 us=0.700) pl=-0.0511 vl=0.3095 ent=2.995 clip=0.122 kl=0.0041 t=19.4s (rollout=17.6s update=1.8s)
  [league] self: self | ussr_pool: ['v266_sc_scripted', 'iter_0001'] | us_pool: ['v262_sc_scripted', 'v262_sc_scripted']
  [pfsp]
    [ussr] v266_sc_scripted: WR_ussr=0.56(n=252) WR_us=0.60(n=192) pfsp=0.984
    [ussr] iter_0001: WR_ussr=0.48(n=360) WR_us=0.63(n=358) pfsp=0.999
    [us] v262_sc_scripted: WR_ussr=0.63(n=188) WR_us=0.68(n=256) pfsp=0.871
  [diag] inf dtype=torch.float32 shape=torch.Size([2048, 172]) nan=0 inf_vals=0 range=[0.00,39.00]
  [diag] scalar dtype=torch.float32 nan=0 range=[-1.000,1.150]
  [diag] card_logits nan=0 range=[-17.65,14.52]
  [diag] values nan=0 range=[-0.9673,0.9328]
[iter  12/30] steps= 3914 rollout_wr=0.595 (ussr=0.480 us=0.710) pl=-0.0133 vl=0.3147 ent=3.073 clip=0.093 kl=0.0029 t=19.9s (rollout=18.3s update=1.6s)
  [league] self: self | ussr_pool: ['v263_sc_scripted', 'iter_0001'] | us_pool: ['iter_0010', 'iter_0001']
  [pfsp]
    [ussr] v263_sc_scripted: WR_ussr=0.61(n=271) WR_us=0.66(n=121) pfsp=0.956
    [ussr] iter_0001: WR_ussr=0.48(n=400) WR_us=0.63(n=358) pfsp=0.998
    [us] iter_0010: WR_ussr=0.42(n=40) WR_us=0.62(n=39) pfsp=0.947
    [us] iter_0001: WR_ussr=0.48(n=400) WR_us=0.63(n=358) pfsp=0.934
  [diag] inf dtype=torch.float32 shape=torch.Size([2048, 172]) nan=0 inf_vals=0 range=[0.00,41.00]
  [diag] scalar dtype=torch.float32 nan=0 range=[-0.750,1.000]
  [diag] card_logits nan=0 range=[-17.56,14.33]
  [diag] values nan=0 range=[-0.9613,0.9121]
[iter  13/30] steps= 4534 rollout_wr=0.578 (ussr=0.600 us=0.556) pl=-0.0114 vl=0.2930 ent=3.087 clip=0.128 kl=0.0037 t=20.5s (rollout=18.6s update=1.9s)
  [league] self: self | ussr_pool: ['iter_0010', 'iter_0010'] | us_pool: ['iter_0010', 'v264_sc_scripted']
  [pfsp]
    [ussr] iter_0010: WR_ussr=0.42(n=40) WR_us=0.59(n=78) pfsp=0.977
    [us] iter_0010: WR_ussr=0.42(n=40) WR_us=0.59(n=78) pfsp=0.968
    [us] v264_sc_scripted: WR_ussr=0.56(n=184) WR_us=0.64(n=69) pfsp=0.924
  [diag] inf dtype=torch.float32 shape=torch.Size([2048, 172]) nan=0 inf_vals=0 range=[0.00,40.00]
  [diag] scalar dtype=torch.float32 nan=0 range=[-0.950,1.000]
  [diag] card_logits nan=0 range=[-18.31,13.39]
  [diag] values nan=0 range=[-0.9501,0.9500]
[iter  14/30] steps= 4316 rollout_wr=0.543 (ussr=0.450 us=0.636) pl=-0.0254 vl=0.2885 ent=3.087 clip=0.131 kl=0.0047 t=21.2s (rollout=19.3s update=1.9s)
  [league] self: self | ussr_pool: ['iter_0001', 'iter_0001'] | us_pool: ['heuristic', 'iter_0010']
  [pfsp]
    [ussr] iter_0001: WR_ussr=0.48(n=440) WR_us=0.63(n=398) pfsp=0.999
    [us] heuristic: WR_ussr=0.66(n=116) WR_us=0.59(n=373) pfsp=0.968
    [us] iter_0010: WR_ussr=0.46(n=120) WR_us=0.59(n=117) pfsp=0.968
  [diag] inf dtype=torch.float32 shape=torch.Size([2048, 172]) nan=0 inf_vals=0 range=[0.00,40.00]
  [diag] scalar dtype=torch.float32 nan=0 range=[-0.850,1.000]
  [diag] card_logits nan=0 range=[-17.50,12.51]
  [diag] values nan=0 range=[-0.9684,0.9519]
[iter  15/30] steps= 4880 rollout_wr=0.525 (ussr=0.490 us=0.560) pl=-0.0197 vl=0.2671 ent=3.058 clip=0.115 kl=0.0034 t=21.7s (rollout=19.5s update=2.2s)
  [league] self: self | ussr_pool: ['v266_sc_scripted', 'heuristic'] | us_pool: ['iter_0010', 'iter_0001']
  [pfsp]
    [ussr] v266_sc_scripted: WR_ussr=0.57(n=292) WR_us=0.60(n=192) pfsp=0.983
    [ussr] heuristic: WR_ussr=0.66(n=116) WR_us=0.59(n=413) pfsp=0.904
    [us] iter_0010: WR_ussr=0.46(n=120) WR_us=0.57(n=157) pfsp=0.979
    [us] iter_0001: WR_ussr=0.48(n=520) WR_us=0.63(n=398) pfsp=0.937
  [diag] inf dtype=torch.float32 shape=torch.Size([2048, 172]) nan=0 inf_vals=0 range=[0.00,41.00]
  [diag] scalar dtype=torch.float32 nan=0 range=[-0.850,1.200]
  [diag] card_logits nan=0 range=[-18.03,14.40]
  [diag] values nan=0 range=[-0.9773,0.9535]
[iter  16/30] steps= 4513 rollout_wr=0.640 (ussr=0.670 us=0.608) pl=-0.0087 vl=0.3076 ent=3.031 clip=0.127 kl=0.0041 t=20.6s (rollout=18.5s update=2.0s)
  [league] self: self | ussr_pool: ['iter_0001', 'v263_sc_scripted'] | us_pool: ['v262_sc_scripted', 'iter_0010']
  [pfsp]
    [ussr] iter_0001: WR_ussr=0.48(n=520) WR_us=0.62(n=437) pfsp=0.999
    [ussr] v263_sc_scripted: WR_ussr=0.61(n=311) WR_us=0.66(n=121) pfsp=0.951
    [us] v262_sc_scripted: WR_ussr=0.63(n=188) WR_us=0.69(n=336) pfsp=0.855
    [us] iter_0010: WR_ussr=0.46(n=120) WR_us=0.58(n=196) pfsp=0.977
  [diag] inf dtype=torch.float32 shape=torch.Size([2048, 172]) nan=0 inf_vals=0 range=[0.00,39.00]
  [diag] scalar dtype=torch.float32 nan=0 range=[-1.050,1.000]
  [diag] card_logits nan=0 range=[-18.06,17.75]
  [diag] values nan=0 range=[-0.9696,0.9489]
[iter  17/30] steps= 4311 rollout_wr=0.598 (ussr=0.610 us=0.586) pl=-0.0188 vl=0.2865 ent=3.040 clip=0.109 kl=0.0033 t=19.9s (rollout=18.1s update=1.8s)
  [league] self: self | ussr_pool: ['v205_sc_scripted', 'iter_0010'] | us_pool: ['iter_0010', 'v265_sc_scripted']
  [pfsp]
    [ussr] v205_sc_scripted: WR_ussr=0.82(n=66) WR_us=?(n=0) pfsp=0.595
    [ussr] iter_0010: WR_ussr=0.46(n=120) WR_us=0.57(n=235) pfsp=0.993
    [us] iter_0010: WR_ussr=0.46(n=120) WR_us=0.57(n=235) pfsp=0.978
    [us] v265_sc_scripted: WR_ussr=0.58(n=250) WR_us=0.66(n=228) pfsp=0.895
  [diag] inf dtype=torch.float32 shape=torch.Size([2048, 172]) nan=0 inf_vals=0 range=[0.00,39.00]
  [diag] scalar dtype=torch.float32 nan=0 range=[-0.850,1.000]
  [diag] card_logits nan=0 range=[-18.66,16.26]
  [diag] values nan=0 range=[-0.9649,0.9495]
[iter  18/30] steps= 4172 rollout_wr=0.660 (ussr=0.690 us=0.630) pl=-0.0227 vl=0.3024 ent=3.090 clip=0.144 kl=0.0046 t=19.6s (rollout=17.8s update=1.8s)
  [league] self: self | ussr_pool: ['v265_sc_scripted', 'heuristic'] | us_pool: ['heuristic', 'iter_0010']
  [pfsp]
    [ussr] v265_sc_scripted: WR_ussr=0.58(n=250) WR_us=0.65(n=268) pfsp=0.972
    [ussr] heuristic: WR_ussr=0.67(n=156) WR_us=0.59(n=413) pfsp=0.880
    [us] heuristic: WR_ussr=0.67(n=156) WR_us=0.59(n=413) pfsp=0.965
    [us] iter_0010: WR_ussr=0.47(n=160) WR_us=0.59(n=275) pfsp=0.966
  [diag] inf dtype=torch.float32 shape=torch.Size([2048, 172]) nan=0 inf_vals=0 range=[0.00,42.00]
  [diag] scalar dtype=torch.float32 nan=0 range=[-1.150,1.000]
  [diag] card_logits nan=0 range=[-17.52,14.04]
  [diag] values nan=0 range=[-0.9658,0.9581]
[iter  19/30] steps= 4379 rollout_wr=0.630 (ussr=0.650 us=0.610) pl=-0.0153 vl=0.2860 ent=3.029 clip=0.135 kl=0.0040 t=20.1s (rollout=18.2s update=1.9s)
  Saved to league pool: data/checkpoints/ppo_v274_sc_league/iter_0020.pt
  [league] self: self | ussr_pool: ['iter_0010', 'iter_0010'] | us_pool: ['v264_sc_scripted', 'v262_sc_scripted']
  [pfsp]
    [ussr] iter_0010: WR_ussr=0.47(n=160) WR_us=0.59(n=315) pfsp=0.996
    [us] v264_sc_scripted: WR_ussr=0.56(n=184) WR_us=0.65(n=109) pfsp=0.908
    [us] v262_sc_scripted: WR_ussr=0.63(n=188) WR_us=0.69(n=376) pfsp=0.861
  [diag] inf dtype=torch.float32 shape=torch.Size([2048, 172]) nan=0 inf_vals=0 range=[0.00,38.00]
  [diag] scalar dtype=torch.float32 nan=0 range=[-1.000,1.000]
  [diag] card_logits nan=0 range=[-19.24,16.61]
  [diag] values nan=0 range=[-0.9582,0.9603]
[iter  20/30] steps= 4317 rollout_wr=0.610 (ussr=0.550 us=0.670) pl=-0.0196 vl=0.3058 ent=3.041 clip=0.141 kl=0.0040 t=20.7s (rollout=18.8s update=1.9s)
  [jsd] iter=20 prev_iter=10 card_jsd=0.0057 top1=0.943 val_mae=0.0981
  [confirm] launched incremental Elo check for iter 20
  [league] self: self | ussr_pool: ['v262_sc_scripted', 'iter_0001'] | us_pool: ['v209_sc_scripted', 'v265_sc_scripted']
  [pfsp]
    [ussr] v262_sc_scripted: WR_ussr=0.63(n=188) WR_us=0.69(n=416) pfsp=0.929
    [ussr] iter_0001: WR_ussr=0.50(n=560) WR_us=0.62(n=437) pfsp=1.000
    [us] v209_sc_scripted: WR_ussr=?(n=0) WR_us=0.68(n=188) pfsp=0.877
    [us] v265_sc_scripted: WR_ussr=0.58(n=290) WR_us=0.65(n=268) pfsp=0.906
  [diag] inf dtype=torch.float32 shape=torch.Size([2048, 172]) nan=0 inf_vals=0 range=[0.00,36.00]
  [diag] scalar dtype=torch.float32 nan=0 range=[-0.950,1.000]
  [diag] card_logits nan=0 range=[-18.15,12.75]
  [diag] values nan=0 range=[-0.9764,0.9769]
[iter  21/30] steps= 4185 rollout_wr=0.580 (ussr=0.560 us=0.600) pl=-0.0438 vl=0.3168 ent=2.997 clip=0.132 kl=0.0044 t=19.4s (rollout=17.6s update=1.8s)
  [league] self: self | ussr_pool: ['iter_0010', 'iter_0001'] | us_pool: ['iter_0010', 'v267_sc_scripted']
  [pfsp]
    [ussr] iter_0010: WR_ussr=0.50(n=240) WR_us=0.59(n=315) pfsp=1.000
    [ussr] iter_0001: WR_ussr=0.49(n=600) WR_us=0.62(n=437) pfsp=1.000
    [us] iter_0010: WR_ussr=0.50(n=240) WR_us=0.59(n=315) pfsp=0.967
    [us] v267_sc_scripted: WR_ussr=0.58(n=218) WR_us=0.60(n=234) pfsp=0.958
  [diag] inf dtype=torch.float32 shape=torch.Size([2048, 172]) nan=0 inf_vals=0 range=[0.00,40.00]
  [diag] scalar dtype=torch.float32 nan=0 range=[-0.950,1.000]
  [diag] card_logits nan=0 range=[-18.09,13.79]
  [diag] values nan=0 range=[-0.9560,0.9583]
[iter  22/30] steps= 4358 rollout_wr=0.578 (ussr=0.570 us=0.586) pl=-0.0262 vl=0.3051 ent=3.062 clip=0.137 kl=0.0046 t=21.4s (rollout=19.5s update=1.9s)
  [league] self: self | ussr_pool: ['v265_sc_scripted', 'iter_0010'] | us_pool: ['iter_0010', 'iter_0010']
  [pfsp]
    [ussr] v265_sc_scripted: WR_ussr=0.58(n=290) WR_us=0.65(n=308) pfsp=0.973
    [ussr] iter_0010: WR_ussr=0.51(n=280) WR_us=0.57(n=355) pfsp=0.999
    [us] iter_0010: WR_ussr=0.51(n=280) WR_us=0.57(n=355) pfsp=0.978
  [diag] inf dtype=torch.float32 shape=torch.Size([2048, 172]) nan=0 inf_vals=0 range=[0.00,41.00]
  [diag] scalar dtype=torch.float32 nan=0 range=[-1.200,1.000]
  [diag] card_logits nan=0 range=[-17.59,15.65]
  [diag] values nan=0 range=[-0.9602,0.9423]
[iter  23/30] steps= 4423 rollout_wr=0.558 (ussr=0.570 us=0.545) pl=-0.0114 vl=0.2845 ent=3.037 clip=0.104 kl=0.0032 t=21.1s (rollout=19.2s update=1.8s)
  [league] self: self | ussr_pool: ['iter_0020', 'iter_0020'] | us_pool: ['heuristic', 'v262_sc_scripted']
  [pfsp]
    [ussr] iter_0020: WR_ussr=?(n=0) WR_us=?(n=0) pfsp=1.000
    [us] heuristic: WR_ussr=0.70(n=196) WR_us=0.60(n=453) pfsp=0.958
    [us] v262_sc_scripted: WR_ussr=0.64(n=228) WR_us=0.69(n=416) pfsp=0.859
  [diag] inf dtype=torch.float32 shape=torch.Size([2048, 172]) nan=0 inf_vals=0 range=[0.00,41.00]
  [diag] scalar dtype=torch.float32 nan=0 range=[-0.950,1.000]
  [diag] card_logits nan=0 range=[-17.80,15.51]
  [diag] values nan=0 range=[-0.9703,0.9379]
[iter  24/30] steps= 4203 rollout_wr=0.613 (ussr=0.570 us=0.657) pl=-0.0044 vl=0.3192 ent=3.055 clip=0.130 kl=0.0045 t=20.8s (rollout=19.0s update=1.8s)
  [league] self: self | ussr_pool: ['heuristic', 'v263_sc_scripted'] | us_pool: ['v267_sc_scripted', 'iter_0020']
  [pfsp]
    [ussr] heuristic: WR_ussr=0.70(n=196) WR_us=0.61(n=493) pfsp=0.842
    [ussr] v263_sc_scripted: WR_ussr=0.61(n=351) WR_us=0.66(n=121) pfsp=0.954
    [us] v267_sc_scripted: WR_ussr=0.58(n=218) WR_us=0.62(n=274) pfsp=0.942
    [us] iter_0020: WR_ussr=0.60(n=80) WR_us=?(n=0) pfsp=1.000
  [diag] inf dtype=torch.float32 shape=torch.Size([2048, 172]) nan=0 inf_vals=0 range=[0.00,36.00]
  [diag] scalar dtype=torch.float32 nan=0 range=[-0.950,1.000]
  [diag] card_logits nan=0 range=[-17.98,12.71]
  [diag] values nan=0 range=[-0.9451,0.9475]
[iter  25/30] steps= 3848 rollout_wr=0.706 (ussr=0.710 us=0.701) pl=-0.0110 vl=0.3098 ent=3.047 clip=0.103 kl=0.0033 t=19.7s (rollout=18.0s update=1.7s)
  [league] self: self | ussr_pool: ['iter_0020', 'heuristic'] | us_pool: ['heuristic', 'v209_sc_scripted']
  [pfsp]
    [ussr] iter_0020: WR_ussr=0.60(n=80) WR_us=0.64(n=39) pfsp=0.960
    [ussr] heuristic: WR_ussr=0.72(n=236) WR_us=0.61(n=493) pfsp=0.813
    [us] heuristic: WR_ussr=0.72(n=236) WR_us=0.61(n=493) pfsp=0.951
    [us] v209_sc_scripted: WR_ussr=?(n=0) WR_us=0.68(n=228) pfsp=0.864
  [diag] inf dtype=torch.float32 shape=torch.Size([2048, 172]) nan=0 inf_vals=0 range=[0.00,42.00]
  [diag] scalar dtype=torch.float32 nan=0 range=[-0.950,1.200]
  [diag] card_logits nan=0 range=[-17.72,14.44]
  [diag] values nan=0 range=[-0.9618,0.9401]
[iter  26/30] steps= 3788 rollout_wr=0.618 (ussr=0.650 us=0.586) pl=-0.0140 vl=0.3033 ent=3.153 clip=0.092 kl=0.0026 t=20.3s (rollout=18.6s update=1.7s)
  [league] self: self | ussr_pool: ['iter_0010', 'v205_sc_scripted'] | us_pool: ['iter_0001', 'v210_sc_scripted']
  [pfsp]
    [ussr] iter_0010: WR_ussr=0.52(n=320) WR_us=0.56(n=434) pfsp=0.998
    [ussr] v205_sc_scripted: WR_ussr=0.88(n=106) WR_us=?(n=0) pfsp=0.430
    [us] iter_0001: WR_ussr=0.50(n=640) WR_us=0.62(n=437) pfsp=0.938
    [us] v210_sc_scripted: WR_ussr=?(n=0) WR_us=0.71(n=142) pfsp=0.821
  [diag] inf dtype=torch.float32 shape=torch.Size([2048, 172]) nan=0 inf_vals=0 range=[0.00,36.00]
  [diag] scalar dtype=torch.float32 nan=0 range=[-0.850,1.000]
  [diag] card_logits nan=0 range=[-17.62,14.80]
  [diag] values nan=0 range=[-0.9546,0.9311]
[iter  27/30] steps= 3772 rollout_wr=0.638 (ussr=0.650 us=0.626) pl=-0.0137 vl=0.3290 ent=3.057 clip=0.077 kl=0.0025 t=19.1s (rollout=17.5s update=1.6s)
  [league] self: self | ussr_pool: ['v267_sc_scripted', 'iter_0020'] | us_pool: ['heuristic', 'v267_sc_scripted']
  [pfsp]
    [ussr] v267_sc_scripted: WR_ussr=0.58(n=218) WR_us=0.64(n=312) pfsp=0.976
    [ussr] iter_0020: WR_ussr=0.59(n=120) WR_us=0.64(n=39) pfsp=0.966
    [us] heuristic: WR_ussr=0.72(n=276) WR_us=0.61(n=533) pfsp=0.952
    [us] v267_sc_scripted: WR_ussr=0.58(n=218) WR_us=0.64(n=312) pfsp=0.920
  [diag] inf dtype=torch.float32 shape=torch.Size([2048, 172]) nan=0 inf_vals=0 range=[0.00,39.00]
  [diag] scalar dtype=torch.float32 nan=0 range=[-0.950,1.000]
  [diag] card_logits nan=0 range=[-17.91,14.36]
  [diag] values nan=0 range=[-0.9490,0.9549]
[iter  28/30] steps= 4017 rollout_wr=0.583 (ussr=0.540 us=0.626) pl=-0.0124 vl=0.3228 ent=3.080 clip=0.063 kl=0.0018 t=19.8s (rollout=18.0s update=1.8s)
  [league] self: self | ussr_pool: ['heuristic', 'iter_0001'] | us_pool: ['v209_sc_scripted', 'iter_0001']
  [pfsp]
    [ussr] heuristic: WR_ussr=0.72(n=276) WR_us=0.60(n=573) pfsp=0.805
    [ussr] iter_0001: WR_ussr=0.50(n=640) WR_us=0.63(n=477) pfsp=1.000
    [us] v209_sc_scripted: WR_ussr=?(n=0) WR_us=0.68(n=267) pfsp=0.868
    [us] iter_0001: WR_ussr=0.50(n=640) WR_us=0.63(n=477) pfsp=0.936
  [diag] inf dtype=torch.float32 shape=torch.Size([2048, 172]) nan=0 inf_vals=0 range=[0.00,34.00]
  [diag] scalar dtype=torch.float32 nan=0 range=[-0.800,1.000]
  [diag] card_logits nan=0 range=[-18.10,15.72]
  [diag] values nan=0 range=[-0.9234,0.9539]
[iter  29/30] steps= 3888 rollout_wr=0.601 (ussr=0.580 us=0.622) pl=-0.0139 vl=0.3360 ent=3.138 clip=0.114 kl=0.0034 t=20.3s (rollout=18.5s update=1.8s)
  Saved to league pool: data/checkpoints/ppo_v274_sc_league/iter_0030.pt
  [league] self: self | ussr_pool: ['iter_0030', 'iter_0010'] | us_pool: ['v263_sc_scripted', 'iter_0001']
  [pfsp]
    [ussr] iter_0030: WR_ussr=?(n=0) WR_us=?(n=0) pfsp=1.000
    [ussr] iter_0010: WR_ussr=0.52(n=360) WR_us=0.56(n=434) pfsp=0.999
    [us] v263_sc_scripted: WR_ussr=0.62(n=391) WR_us=0.66(n=121) pfsp=0.896
    [us] iter_0001: WR_ussr=0.50(n=680) WR_us=0.62(n=517) pfsp=0.943
  [diag] inf dtype=torch.float32 shape=torch.Size([2048, 172]) nan=0 inf_vals=0 range=[0.00,36.00]
  [diag] scalar dtype=torch.float32 nan=0 range=[-0.900,1.000]
  [diag] card_logits nan=0 range=[-17.40,14.31]
  [diag] values nan=0 range=[-0.9293,0.9629]
[iter  30/30] steps= 4135 rollout_wr=0.566 (ussr=0.600 us=0.531) pl=-0.0061 vl=0.3055 ent=3.018 clip=0.113 kl=0.0034 t=21.9s (rollout=20.1s update=1.8s)
  [jsd] iter=30 prev_iter=20 card_jsd=0.0060 top1=0.916 val_mae=0.0543
  [confirm] launched incremental Elo check for iter 30
ppo_best.pt ← ppo_final.pt (panel eval did not run; consider --eval-panel)
wandb: updating run metadata; uploading artifact run-e6d8c55f-chartsrollout_wr_table-_774hQ
wandb: uploading artifact run-e6d8c55f-chartsrollout_wr_table-_774hQ
wandb: uploading config.yaml; uploading media/table/charts/rollout_wr_table_29_c0614265cdce1ba38e1d.table.json; uploading output.log; uploading wandb-summary.json
wandb: uploading history steps 28-29, summary, console lines 327-337
wandb: 
wandb: Run history:
wandb:               approx_kl █▂▄▄▄▃▁▇▃▅▄▂▃▅▃▄▃▅▄▄▄▅▃▄▃▂▂▁▃▃
wandb:           clip_fraction █▂▅▄▄▃▁▅▃▅▃▂▄▄▃▄▃▄▄▄▄▄▃▄▃▂▂▁▃▃
wandb: core_scalar_weight_norm ██▇▆▇▇▆▅▅▄▄▄▃▃▂▂▂▂▃▂▂▁▁▂▃▃▃▃▃▃
wandb:                ent_coef ███▇▇▇▇▆▆▆▆▅▅▅▅▄▄▄▄▃▃▃▃▂▂▂▂▁▁▁
wandb:                 entropy ▄▂▇▄▇▆▄▆▇▅▁▄▅▅▄▃▃▅▃▃▁▄▃▄▃█▄▅▇▂
wandb:             iter_time_s ▂▁▄▂▄▇▁▇▄▆▂▄▅▆█▅▃▃▄▅▂▇▆▅▃▄▂▃▄█
wandb:  jsd/card_early_vs_prev ▁█
wandb:   jsd/card_late_vs_prev ▁█
wandb:    jsd/card_mid_vs_prev █▁
wandb:        jsd/card_vs_prev ▁█
wandb:                    +205 ...
wandb: 
wandb: Run summary:
wandb:               approx_kl 0.00344
wandb:           clip_fraction 0.11348
wandb: core_scalar_weight_norm 4.06186
wandb:                ent_coef 0.0093
wandb:                 entropy 3.01785
wandb:             iter_time_s 21.9048
wandb:  jsd/card_early_vs_prev 0.00806
wandb:   jsd/card_late_vs_prev 0.00424
wandb:    jsd/card_mid_vs_prev 0.00584
wandb:        jsd/card_vs_prev 0.00605
wandb:                    +205 ...
wandb: 
wandb: 🚀 View run ppo_v274_sc at: https://wandb.ai/korduban-ai/twilight-struggle-ai/runs/e6d8c55f
wandb: ⭐️ View project at: https://wandb.ai/korduban-ai/twilight-struggle-ai
wandb: Synced 5 W&B file(s), 30 media file(s), 60 artifact file(s) and 0 other file(s)
wandb: Find logs at: ./wandb/run-20260414_121249-e6d8c55f/logs

Training complete in 10.4 minutes
Checkpoints in: data/checkpoints/ppo_v274_sc_league
[ppo_train_dynamic] finished at 2026-04-14T19:23:32Z
