[ppo_train_dynamic] starting at 2026-04-13T19:28:22Z
wandb: [wandb.login()] Loaded credentials for https://api.wandb.ai from WANDB_API_KEY.
wandb: Currently logged in as: dkorduban (korduban-ai) to https://api.wandb.ai. Use `wandb login --relogin` to force relogin
wandb: setting up run bd8a33bf
wandb: Tracking run with wandb version 0.25.1
wandb: Run data is saved locally in /home/dkord/code/twilight-struggle-ai/wandb/run-20260413_122824-bd8a33bf
wandb: Run `wandb offline` to turn off syncing.
wandb: Syncing run ppo_v117_sc
wandb: ⭐️ View project at https://wandb.ai/korduban-ai/twilight-struggle-ai
wandb: 🚀 View run at https://wandb.ai/korduban-ai/twilight-struggle-ai/runs/bd8a33bf
Loading checkpoint: data/checkpoints/ppo_v116_sc_league/ppo_best.pt
[smoke test] Smoke test passed: 10 games completed
  --reset-optimizer: skipping optimizer state restore, starting fresh Adam.

Starting PPO training: 30 iterations × 200 games/iter, side=both
Device: cuda, lr=2e-05, clip=0.12, ent=0.01, vf=0.5
League training enabled (pool: data/checkpoints/ppo_v117_sc_league, save-every=10)
  Saved to league pool: data/checkpoints/ppo_v117_sc_league/iter_0001.pt
  [league] self: self | ussr_pool: ['heuristic', 'iter_0001'] | us_pool: ['v22_scripted', 'v78_sc_scripted']
  [pfsp]
    [ussr] heuristic: WR_ussr=0.05(n=166) WR_us=0.02(n=132) pfsp=0.183
    [ussr] iter_0001: WR_ussr=?(n=0) WR_us=?(n=0) pfsp=1.000
    [us] v22_scripted: WR_ussr=?(n=0) WR_us=0.95(n=103) pfsp=0.185
    [us] v78_sc_scripted: WR_ussr=0.96(n=240) WR_us=0.92(n=115) pfsp=0.289
  [diag] inf dtype=torch.float32 shape=torch.Size([2048, 172]) nan=0 inf_vals=0 range=[0.00,63.00]
  [diag] scalar dtype=torch.float32 nan=0 range=[-1.250,1.050]
  [diag] card_logits nan=0 range=[-59.05,31.56]
  [diag] values nan=0 range=[-0.5800,0.8332]
[iter   1/30] steps= 8417 rollout_wr=0.665 (ussr=0.510 us=0.820) pl=-0.0358 vl=0.1740 ent=3.105 clip=0.194 kl=0.0056 t=11.0s (rollout=9.4s update=1.6s)
  [league] self: self | ussr_pool: ['iter_0001', 'v58_scripted'] | us_pool: ['heuristic', 'iter_0001']
  [pfsp]
    [ussr] iter_0001: WR_ussr=0.78(n=40) WR_us=?(n=0) pfsp=0.697
    [ussr] v58_scripted: WR_ussr=0.97(n=116) WR_us=?(n=0) pfsp=0.133
    [us] heuristic: WR_ussr=0.06(n=206) WR_us=0.02(n=132) pfsp=0.060
    [us] iter_0001: WR_ussr=0.78(n=40) WR_us=?(n=0) pfsp=1.000
  [diag] inf dtype=torch.float32 shape=torch.Size([2048, 172]) nan=0 inf_vals=0 range=[0.00,69.00]
  [diag] scalar dtype=torch.float32 nan=0 range=[-0.950,1.125]
  [diag] card_logits nan=0 range=[-57.88,31.54]
  [diag] values nan=0 range=[-0.5076,0.7366]
[iter   2/30] steps=10768 rollout_wr=0.565 (ussr=0.880 us=0.250) pl=-0.0199 vl=0.1251 ent=3.042 clip=0.160 kl=0.0051 t=14.3s (rollout=13.4s update=0.9s)
  [league] self: self | ussr_pool: ['v79_sc_scripted', 'v73_sc_scripted'] | us_pool: ['v76_sc_scripted', 'v45_scripted']
  [pfsp]
    [ussr] v79_sc_scripted: WR_ussr=0.97(n=182) WR_us=0.94(n=106) pfsp=0.128
    [ussr] v73_sc_scripted: WR_ussr=0.99(n=142) WR_us=?(n=0) pfsp=0.056
    [us] v76_sc_scripted: WR_ussr=?(n=0) WR_us=0.95(n=170) pfsp=0.179
    [us] v45_scripted: WR_ussr=?(n=0) WR_us=0.93(n=149) pfsp=0.250
  [diag] inf dtype=torch.float32 shape=torch.Size([2048, 172]) nan=0 inf_vals=0 range=[0.00,54.00]
  [diag] scalar dtype=torch.float32 nan=0 range=[-0.950,1.000]
  [diag] card_logits nan=0 range=[-50.42,30.90]
  [diag] values nan=0 range=[-0.4706,0.8328]
[iter   3/30] steps= 5084 rollout_wr=0.880 (ussr=0.930 us=0.830) pl=-0.0109 vl=0.1585 ent=3.221 clip=0.093 kl=0.0026 t=6.5s (rollout=5.9s update=0.6s)
  [league] self: self | ussr_pool: ['v58_scripted', 'iter_0001'] | us_pool: ['iter_0001', 'v75_sc_scripted']
  [pfsp]
    [ussr] v58_scripted: WR_ussr=0.97(n=156) WR_us=?(n=0) pfsp=0.124
    [ussr] iter_0001: WR_ussr=0.81(n=80) WR_us=0.33(n=40) pfsp=0.609
    [us] iter_0001: WR_ussr=0.81(n=80) WR_us=0.33(n=40) pfsp=0.878
    [us] v75_sc_scripted: WR_ussr=0.98(n=141) WR_us=0.93(n=160) pfsp=0.256
  [diag] inf dtype=torch.float32 shape=torch.Size([2048, 172]) nan=0 inf_vals=0 range=[0.00,80.00]
  [diag] scalar dtype=torch.float32 nan=0 range=[-0.950,1.150]
  [diag] card_logits nan=0 range=[-53.18,28.33]
  [diag] values nan=0 range=[-0.4823,0.8530]
[iter   4/30] steps= 8857 rollout_wr=0.710 (ussr=0.860 us=0.560) pl=-0.0184 vl=0.1381 ent=3.013 clip=0.096 kl=0.0028 t=8.7s (rollout=8.1s update=0.6s)
  [league] self: self | ussr_pool: ['v77_sc_scripted', 'bc_wide384_scripted'] | us_pool: ['v78_sc_scripted', 'v79_sc_scripted']
  [pfsp]
    [ussr] v77_sc_scripted: WR_ussr=0.93(n=138) WR_us=?(n=0) pfsp=0.269
    [ussr] bc_wide384_scripted: WR_ussr=0.97(n=141) WR_us=0.95(n=206) pfsp=0.110
    [us] v78_sc_scripted: WR_ussr=0.96(n=240) WR_us=0.92(n=155) pfsp=0.307
    [us] v79_sc_scripted: WR_ussr=0.96(n=222) WR_us=0.94(n=106) pfsp=0.214
  [diag] inf dtype=torch.float32 shape=torch.Size([2048, 172]) nan=0 inf_vals=0 range=[0.00,71.00]
  [diag] scalar dtype=torch.float32 nan=0 range=[-0.950,1.000]
  [diag] card_logits nan=0 range=[-60.12,28.32]
  [diag] values nan=0 range=[-0.4027,0.8782]
[iter   5/30] steps= 4857 rollout_wr=0.885 (ussr=0.950 us=0.820) pl=-0.0150 vl=0.1474 ent=3.410 clip=0.087 kl=0.0023 t=7.3s (rollout=6.8s update=0.5s)
  [league] self: self | ussr_pool: ['iter_0001', 'v78_sc_scripted'] | us_pool: ['iter_0001', 'iter_0001']
  [pfsp]
    [ussr] iter_0001: WR_ussr=0.82(n=120) WR_us=0.33(n=80) pfsp=0.599
    [ussr] v78_sc_scripted: WR_ussr=0.96(n=240) WR_us=0.92(n=195) pfsp=0.160
    [us] iter_0001: WR_ussr=0.82(n=120) WR_us=0.33(n=80) pfsp=0.878
  [diag] inf dtype=torch.float32 shape=torch.Size([2048, 172]) nan=0 inf_vals=0 range=[0.00,72.00]
  [diag] scalar dtype=torch.float32 nan=0 range=[-0.950,1.100]
  [diag] card_logits nan=0 range=[-52.71,27.37]
  [diag] values nan=0 range=[-0.4412,0.8045]
[iter   6/30] steps=11242 rollout_wr=0.625 (ussr=0.890 us=0.360) pl=-0.0176 vl=0.1173 ent=3.021 clip=0.133 kl=0.0043 t=9.9s (rollout=9.2s update=0.7s)
  [league] self: self | ussr_pool: ['v73_sc_scripted', 'iter_0001'] | us_pool: ['v78_sc_scripted', 'iter_0001']
  [pfsp]
    [ussr] v73_sc_scripted: WR_ussr=0.98(n=182) WR_us=?(n=0) pfsp=0.086
    [ussr] iter_0001: WR_ussr=0.81(n=160) WR_us=0.33(n=160) pfsp=0.609
    [us] v78_sc_scripted: WR_ussr=0.96(n=280) WR_us=0.92(n=195) pfsp=0.284
    [us] iter_0001: WR_ussr=0.81(n=160) WR_us=0.33(n=160) pfsp=0.886
  [diag] inf dtype=torch.float32 shape=torch.Size([2048, 172]) nan=0 inf_vals=0 range=[0.00,75.00]
  [diag] scalar dtype=torch.float32 nan=0 range=[-1.100,1.000]
  [diag] card_logits nan=0 range=[-57.71,30.96]
  [diag] values nan=0 range=[-0.4620,0.8544]
[iter   7/30] steps= 9116 rollout_wr=0.765 (ussr=0.840 us=0.690) pl=-0.0205 vl=0.1368 ent=3.057 clip=0.114 kl=0.0034 t=32.8s (rollout=31.5s update=1.3s)
  [league] self: self | ussr_pool: ['v77_sc_scripted', 'iter_0001'] | us_pool: ['iter_0001', 'v72_sc_scripted']
  [pfsp]
    [ussr] v77_sc_scripted: WR_ussr=0.94(n=178) WR_us=?(n=0) pfsp=0.232
    [ussr] iter_0001: WR_ussr=0.79(n=200) WR_us=0.36(n=200) pfsp=0.664
    [us] iter_0001: WR_ussr=0.79(n=200) WR_us=0.36(n=200) pfsp=0.922
    [us] v72_sc_scripted: WR_ussr=?(n=0) WR_us=0.92(n=141) pfsp=0.288
  [diag] inf dtype=torch.float32 shape=torch.Size([2048, 172]) nan=0 inf_vals=0 range=[0.00,75.00]
  [diag] scalar dtype=torch.float32 nan=0 range=[-0.950,1.000]
  [diag] card_logits nan=0 range=[-61.41,28.40]
  [diag] values nan=0 range=[-0.4063,0.8665]
[iter   8/30] steps= 9102 rollout_wr=0.750 (ussr=0.860 us=0.640) pl=-0.0191 vl=0.1339 ent=2.998 clip=0.118 kl=0.0033 t=9.5s (rollout=8.9s update=0.6s)
  [league] self: self | ussr_pool: ['v55_scripted', 'v77_sc_scripted'] | us_pool: ['iter_0001', 'v79_sc_scripted']
  [pfsp]
    [ussr] v55_scripted: WR_ussr=0.96(n=130) WR_us=?(n=0) pfsp=0.148
    [ussr] v77_sc_scripted: WR_ussr=0.95(n=218) WR_us=?(n=0) pfsp=0.192
    [us] iter_0001: WR_ussr=0.79(n=240) WR_us=0.38(n=240) pfsp=0.946
    [us] v79_sc_scripted: WR_ussr=0.96(n=222) WR_us=0.95(n=146) pfsp=0.207
  [diag] inf dtype=torch.float32 shape=torch.Size([2048, 172]) nan=0 inf_vals=0 range=[0.00,73.00]
  [diag] scalar dtype=torch.float32 nan=0 range=[-0.950,1.000]
  [diag] card_logits nan=0 range=[-54.01,30.09]
  [diag] values nan=0 range=[-0.3940,0.8866]
[iter   9/30] steps= 7123 rollout_wr=0.735 (ussr=0.910 us=0.560) pl=-0.0187 vl=0.1373 ent=3.082 clip=0.084 kl=0.0025 t=7.9s (rollout=7.3s update=0.6s)
  Saved to league pool: data/checkpoints/ppo_v117_sc_league/iter_0010.pt
  [league] self: self | ussr_pool: ['v77_sc_scripted', 'iter_0010'] | us_pool: ['v45_scripted', 'iter_0001']
  [pfsp]
    [ussr] v77_sc_scripted: WR_ussr=0.95(n=258) WR_us=?(n=0) pfsp=0.177
    [ussr] iter_0010: WR_ussr=?(n=0) WR_us=?(n=0) pfsp=1.000
    [us] v45_scripted: WR_ussr=?(n=0) WR_us=0.95(n=189) pfsp=0.200
    [us] iter_0001: WR_ussr=0.79(n=240) WR_us=0.38(n=280) pfsp=0.938
  [diag] inf dtype=torch.float32 shape=torch.Size([2048, 172]) nan=0 inf_vals=0 range=[0.00,60.00]
  [diag] scalar dtype=torch.float32 nan=0 range=[-0.950,1.400]
  [diag] card_logits nan=0 range=[-53.39,27.76]
  [diag] values nan=0 range=[-0.3766,0.8700]
[iter  10/30] steps= 8969 rollout_wr=0.710 (ussr=0.870 us=0.550) pl=-0.0201 vl=0.1222 ent=3.144 clip=0.117 kl=0.0032 t=11.4s (rollout=10.8s update=0.6s)
  [probe] iter=10 card_jsd=0.0002 top1=0.995 val_mae=0.0152
  [confirm] launched incremental Elo check for iter 10
  [panel eval] launched pid=840563 iter=10 panel=['v55', 'v54', 'v44', 'v45', 'v14']
  [league] self: self | ussr_pool: ['iter_0001', 'iter_0001'] | us_pool: ['iter_0001', 'v75_sc_scripted']
  [pfsp]
    [ussr] iter_0001: WR_ussr=0.79(n=240) WR_us=0.37(n=320) pfsp=0.669
    [us] iter_0001: WR_ussr=0.79(n=240) WR_us=0.37(n=320) pfsp=0.928
    [us] v75_sc_scripted: WR_ussr=0.98(n=141) WR_us=0.93(n=200) pfsp=0.260
  [diag] inf dtype=torch.float32 shape=torch.Size([2048, 172]) nan=0 inf_vals=0 range=[0.00,64.00]
  [diag] scalar dtype=torch.float32 nan=0 range=[-0.950,1.000]
  [diag] card_logits nan=0 range=[-56.55,30.07]
  [diag] values nan=0 range=[-0.4063,0.8629]
[iter  11/30] steps=10684 rollout_wr=0.750 (ussr=0.820 us=0.680) pl=-0.0185 vl=0.1237 ent=2.970 clip=0.130 kl=0.0037 t=12.1s (rollout=11.0s update=1.1s)
  [panel eval iter 10] avg=0.510 elapsed=12s: v55=0.517 | v54=0.483 | v44=0.533 | v45=0.517 | v14=0.483
  [panel eval] NEW HIGH-WATER MARK iter=10 avg_wr=0.5100 → ppo_running_best.pt (provenance: ppo_iter0010.pt)
  [league] self: self | ussr_pool: ['v55_scripted', 'bc_wide384_scripted'] | us_pool: ['bc_wide384_scripted', 'iter_0001']
  [pfsp]
    [ussr] v55_scripted: WR_ussr=0.95(n=170) WR_us=?(n=0) pfsp=0.201
    [ussr] bc_wide384_scripted: WR_ussr=0.97(n=181) WR_us=0.95(n=206) pfsp=0.107
    [us] bc_wide384_scripted: WR_ussr=0.97(n=181) WR_us=0.95(n=206) pfsp=0.202
    [us] iter_0001: WR_ussr=0.79(n=320) WR_us=0.38(n=360) pfsp=0.946
  [diag] inf dtype=torch.float32 shape=torch.Size([2048, 172]) nan=0 inf_vals=0 range=[0.00,79.00]
  [diag] scalar dtype=torch.float32 nan=0 range=[-0.950,1.200]
  [diag] card_logits nan=0 range=[-59.26,30.01]
  [diag] values nan=0 range=[-0.4156,0.8435]
[iter  12/30] steps= 6891 rollout_wr=0.810 (ussr=0.890 us=0.730) pl=-0.0163 vl=0.1531 ent=3.213 clip=0.099 kl=0.0028 t=10.8s (rollout=10.0s update=0.8s)
  [league] self: self | ussr_pool: ['v77_sc_scripted', 'v79_sc_scripted'] | us_pool: ['v75_sc_scripted', 'v72_sc_scripted']
  [pfsp]
    [ussr] v77_sc_scripted: WR_ussr=0.95(n=298) WR_us=?(n=0) pfsp=0.179
    [ussr] v79_sc_scripted: WR_ussr=0.96(n=222) WR_us=0.94(n=186) pfsp=0.139
    [us] v75_sc_scripted: WR_ussr=0.98(n=141) WR_us=0.94(n=240) pfsp=0.220
    [us] v72_sc_scripted: WR_ussr=?(n=0) WR_us=0.92(n=181) pfsp=0.285
  [diag] inf dtype=torch.float32 shape=torch.Size([2048, 172]) nan=0 inf_vals=0 range=[0.00,61.00]
  [diag] scalar dtype=torch.float32 nan=0 range=[-0.950,1.150]
  [diag] card_logits nan=0 range=[-62.71,31.68]
  [diag] values nan=0 range=[-0.3574,0.9018]
[iter  13/30] steps= 4901 rollout_wr=0.880 (ussr=0.920 us=0.840) pl=-0.0203 vl=0.1430 ent=3.268 clip=0.090 kl=0.0025 t=7.6s (rollout=7.1s update=0.5s)
  [league] self: self | ussr_pool: ['v77_sc_scripted', 'iter_0010'] | us_pool: ['heuristic', 'iter_0010']
  [pfsp]
    [ussr] v77_sc_scripted: WR_ussr=0.95(n=338) WR_us=?(n=0) pfsp=0.191
    [ussr] iter_0010: WR_ussr=0.80(n=40) WR_us=?(n=0) pfsp=0.640
    [us] heuristic: WR_ussr=0.06(n=206) WR_us=0.02(n=172) pfsp=0.091
    [us] iter_0010: WR_ussr=0.80(n=40) WR_us=?(n=0) pfsp=1.000
  [diag] inf dtype=torch.float32 shape=torch.Size([2048, 172]) nan=0 inf_vals=0 range=[0.00,81.00]
  [diag] scalar dtype=torch.float32 nan=0 range=[-0.950,1.100]
  [diag] card_logits nan=0 range=[-59.98,30.86]
  [diag] values nan=0 range=[-0.3401,0.8962]
[iter  14/30] steps=10596 rollout_wr=0.550 (ussr=0.850 us=0.250) pl=-0.0166 vl=0.1307 ent=2.968 clip=0.163 kl=0.0060 t=13.1s (rollout=12.3s update=0.8s)
  [league] self: self | ussr_pool: ['iter_0010', 'v55_scripted'] | us_pool: ['heuristic', 'v72_sc_scripted']
  [pfsp]
    [ussr] iter_0010: WR_ussr=0.80(n=80) WR_us=0.35(n=40) pfsp=0.640
    [ussr] v55_scripted: WR_ussr=0.93(n=210) WR_us=?(n=0) pfsp=0.249
    [us] heuristic: WR_ussr=0.06(n=206) WR_us=0.02(n=212) pfsp=0.074
    [us] v72_sc_scripted: WR_ussr=?(n=0) WR_us=0.93(n=221) pfsp=0.269
  [diag] inf dtype=torch.float32 shape=torch.Size([2048, 172]) nan=0 inf_vals=0 range=[0.00,93.00]
  [diag] scalar dtype=torch.float32 nan=0 range=[-1.050,1.150]
  [diag] card_logits nan=0 range=[-58.52,32.53]
  [diag] values nan=0 range=[-0.4540,0.8694]
[iter  15/30] steps= 8724 rollout_wr=0.645 (ussr=0.820 us=0.470) pl=-0.0191 vl=0.1245 ent=3.019 clip=0.142 kl=0.0053 t=10.7s (rollout=10.1s update=0.7s)
  [league] self: self | ussr_pool: ['iter_0001', 'heuristic'] | us_pool: ['iter_0010', 'iter_0010']
  [pfsp]
    [ussr] iter_0001: WR_ussr=0.79(n=320) WR_us=0.40(n=400) pfsp=0.655
    [ussr] heuristic: WR_ussr=0.06(n=206) WR_us=0.02(n=252) pfsp=0.219
    [us] iter_0010: WR_ussr=0.78(n=120) WR_us=0.35(n=40) pfsp=0.910
  [diag] inf dtype=torch.float32 shape=torch.Size([2048, 172]) nan=0 inf_vals=0 range=[0.00,79.00]
  [diag] scalar dtype=torch.float32 nan=0 range=[-1.100,1.350]
  [diag] card_logits nan=0 range=[-56.36,27.97]
  [diag] values nan=0 range=[-0.5005,0.6770]
[iter  16/30] steps=12848 rollout_wr=0.490 (ussr=0.500 us=0.480) pl=-0.0235 vl=0.1520 ent=2.894 clip=0.148 kl=0.0053 t=17.3s (rollout=16.5s update=0.8s)
  [league] self: self | ussr_pool: ['v73_sc_scripted', 'v73_sc_scripted'] | us_pool: ['heuristic', 'iter_0010']
  [pfsp]
    [ussr] v73_sc_scripted: WR_ussr=0.98(n=222) WR_us=?(n=0) pfsp=0.071
    [us] heuristic: WR_ussr=0.06(n=246) WR_us=0.02(n=252) pfsp=0.078
    [us] iter_0010: WR_ussr=0.78(n=120) WR_us=0.45(n=120) pfsp=0.990
  [diag] inf dtype=torch.float32 shape=torch.Size([2048, 172]) nan=0 inf_vals=0 range=[0.00,70.00]
  [diag] scalar dtype=torch.float32 nan=0 range=[-0.950,1.200]
  [diag] card_logits nan=0 range=[-63.89,29.42]
  [diag] values nan=0 range=[-0.5086,0.6810]
[iter  17/30] steps= 8276 rollout_wr=0.605 (ussr=0.960 us=0.250) pl=-0.0194 vl=0.1263 ent=3.050 clip=0.138 kl=0.0042 t=11.0s (rollout=10.2s update=0.7s)
  [league] self: self | ussr_pool: ['iter_0010', 'v75_sc_scripted'] | us_pool: ['v76_sc_scripted', 'v22_scripted']
  [pfsp]
    [ussr] iter_0010: WR_ussr=0.78(n=120) WR_us=0.41(n=160) pfsp=0.679
    [ussr] v75_sc_scripted: WR_ussr=0.98(n=141) WR_us=0.95(n=280) pfsp=0.083
    [us] v76_sc_scripted: WR_ussr=?(n=0) WR_us=0.95(n=210) pfsp=0.181
    [us] v22_scripted: WR_ussr=?(n=0) WR_us=0.95(n=143) pfsp=0.186
  [diag] inf dtype=torch.float32 shape=torch.Size([2048, 172]) nan=0 inf_vals=0 range=[0.00,83.00]
  [diag] scalar dtype=torch.float32 nan=0 range=[-0.950,1.200]
  [diag] card_logits nan=0 range=[-55.56,31.06]
  [diag] values nan=0 range=[-0.4809,0.8169]
[iter  18/30] steps= 6454 rollout_wr=0.870 (ussr=0.880 us=0.860) pl=-0.0108 vl=0.1521 ent=3.191 clip=0.120 kl=0.0030 t=8.2s (rollout=7.6s update=0.6s)
  [league] self: self | ussr_pool: ['iter_0001', 'bc_wide384_scripted'] | us_pool: ['v45_scripted', 'iter_0010']
  [pfsp]
    [ussr] iter_0001: WR_ussr=0.80(n=360) WR_us=0.40(n=400) pfsp=0.647
    [ussr] bc_wide384_scripted: WR_ussr=0.97(n=221) WR_us=0.96(n=246) pfsp=0.106
    [us] v45_scripted: WR_ussr=?(n=0) WR_us=0.95(n=229) pfsp=0.199
    [us] iter_0010: WR_ussr=0.79(n=160) WR_us=0.41(n=160) pfsp=0.969
  [diag] inf dtype=torch.float32 shape=torch.Size([2048, 172]) nan=0 inf_vals=0 range=[0.00,71.00]
  [diag] scalar dtype=torch.float32 nan=0 range=[-1.400,1.100]
  [diag] card_logits nan=0 range=[-58.29,29.99]
  [diag] values nan=0 range=[-0.4512,0.8847]
[iter  19/30] steps= 8953 rollout_wr=0.745 (ussr=0.880 us=0.610) pl=-0.0168 vl=0.1339 ent=2.969 clip=0.107 kl=0.0031 t=11.4s (rollout=10.8s update=0.6s)
  Saved to league pool: data/checkpoints/ppo_v117_sc_league/iter_0020.pt
  [league] self: self | ussr_pool: ['v55_scripted', 'v55_scripted'] | us_pool: ['heuristic', 'iter_0020']
  [pfsp]
    [ussr] v55_scripted: WR_ussr=0.93(n=250) WR_us=?(n=0) pfsp=0.254
    [us] heuristic: WR_ussr=0.06(n=246) WR_us=0.03(n=292) pfsp=0.107
    [us] iter_0020: WR_ussr=?(n=0) WR_us=?(n=0) pfsp=1.000
  [diag] inf dtype=torch.float32 shape=torch.Size([2048, 172]) nan=0 inf_vals=0 range=[0.00,84.00]
  [diag] scalar dtype=torch.float32 nan=0 range=[-0.900,1.000]
  [diag] card_logits nan=0 range=[-62.45,32.97]
  [diag] values nan=0 range=[-0.4872,0.8312]
[iter  20/30] steps= 8471 rollout_wr=0.605 (ussr=0.910 us=0.300) pl=-0.0236 vl=0.1414 ent=3.081 clip=0.150 kl=0.0048 t=10.4s (rollout=9.8s update=0.6s)
  [probe] iter=20 card_jsd=0.0003 top1=0.992 val_mae=0.0238
  [confirm] launched incremental Elo check for iter 20
  [panel eval] launched pid=841754 iter=20 panel=['v55', 'v54', 'v44', 'v45', 'v14']
  [league] self: self | ussr_pool: ['heuristic', 'heuristic'] | us_pool: ['iter_0020', 'v22_scripted']
  [pfsp]
    [ussr] heuristic: WR_ussr=0.06(n=246) WR_us=0.03(n=332) pfsp=0.215
    [us] iter_0020: WR_ussr=?(n=0) WR_us=0.50(n=40) pfsp=1.000
    [us] v22_scripted: WR_ussr=?(n=0) WR_us=0.96(n=183) pfsp=0.167
  [diag] inf dtype=torch.float32 shape=torch.Size([2048, 172]) nan=0 inf_vals=0 range=[0.00,66.00]
  [diag] scalar dtype=torch.float32 nan=0 range=[-1.600,1.125]
  [diag] card_logits nan=0 range=[-55.31,29.19]
  [diag] values nan=0 range=[-0.4396,0.8737]
[iter  21/30] steps=10581 rollout_wr=0.370 (ussr=0.180 us=0.560) pl=-0.0146 vl=0.1764 ent=3.051 clip=0.101 kl=0.0030 t=15.9s (rollout=15.1s update=0.8s)
  [panel eval iter 20] avg=0.522 elapsed=16s: v55=0.517 | v54=0.550 | v44=0.517 | v45=0.500 | v14=0.500
  [panel eval] NEW HIGH-WATER MARK iter=20 avg_wr=0.5217 → ppo_running_best.pt (provenance: ppo_iter0020.pt)
  [league] self: self | ussr_pool: ['iter_0010', 'v78_sc_scripted'] | us_pool: ['iter_0020', 'v76_sc_scripted']
  [pfsp]
    [ussr] iter_0010: WR_ussr=0.79(n=160) WR_us=0.41(n=200) pfsp=0.655
    [ussr] v78_sc_scripted: WR_ussr=0.96(n=280) WR_us=0.93(n=235) pfsp=0.138
    [us] iter_0020: WR_ussr=?(n=0) WR_us=0.39(n=80) pfsp=0.949
    [us] v76_sc_scripted: WR_ussr=?(n=0) WR_us=0.96(n=250) pfsp=0.154
  [diag] inf dtype=torch.float32 shape=torch.Size([2048, 172]) nan=0 inf_vals=0 range=[0.00,75.00]
  [diag] scalar dtype=torch.float32 nan=0 range=[-0.950,1.100]
  [diag] card_logits nan=0 range=[-58.20,28.27]
  [diag] values nan=0 range=[-0.5166,0.7538]
[iter  22/30] steps= 9184 rollout_wr=0.760 (ussr=0.890 us=0.630) pl=-0.0163 vl=0.1523 ent=2.964 clip=0.100 kl=0.0028 t=10.0s (rollout=9.3s update=0.7s)
  [league] self: self | ussr_pool: ['v75_sc_scripted', 'v77_sc_scripted'] | us_pool: ['heuristic', 'bc_wide384_scripted']
  [pfsp]
    [ussr] v75_sc_scripted: WR_ussr=0.97(n=181) WR_us=0.95(n=280) pfsp=0.128
    [ussr] v77_sc_scripted: WR_ussr=0.95(n=378) WR_us=?(n=0) pfsp=0.181
    [us] heuristic: WR_ussr=0.05(n=326) WR_us=0.03(n=332) pfsp=0.105
    [us] bc_wide384_scripted: WR_ussr=0.97(n=261) WR_us=0.96(n=246) pfsp=0.171
  [diag] inf dtype=torch.float32 shape=torch.Size([2048, 172]) nan=0 inf_vals=0 range=[0.00,84.00]
  [diag] scalar dtype=torch.float32 nan=0 range=[-0.950,1.150]
  [diag] card_logits nan=0 range=[-60.46,26.62]
  [diag] values nan=0 range=[-0.5358,0.7799]
[iter  23/30] steps= 6313 rollout_wr=0.675 (ussr=0.900 us=0.450) pl=-0.0217 vl=0.1549 ent=3.266 clip=0.146 kl=0.0041 t=97.0s (rollout=21.3s update=75.7s)
  [league] self: self | ussr_pool: ['iter_0001', 'iter_0020'] | us_pool: ['v22_scripted', 'v76_sc_scripted']
  [pfsp]
    [ussr] iter_0001: WR_ussr=0.81(n=400) WR_us=0.40(n=400) pfsp=0.628
    [ussr] iter_0020: WR_ussr=?(n=0) WR_us=0.41(n=120) pfsp=1.000
    [us] v22_scripted: WR_ussr=?(n=0) WR_us=0.95(n=223) pfsp=0.188
    [us] v76_sc_scripted: WR_ussr=?(n=0) WR_us=0.96(n=290) pfsp=0.159
  [diag] inf dtype=torch.float32 shape=torch.Size([2048, 172]) nan=0 inf_vals=0 range=[0.00,70.00]
  [diag] scalar dtype=torch.float32 nan=0 range=[-1.000,1.250]
  [diag] card_logits nan=0 range=[-58.79,28.02]
  [diag] values nan=0 range=[-0.5703,0.7836]
[iter  24/30] steps= 8851 rollout_wr=0.815 (ussr=0.750 us=0.880) pl=-0.0197 vl=0.1488 ent=2.945 clip=0.135 kl=0.0040 t=57.5s (rollout=53.3s update=4.2s)
  [league] self: self | ussr_pool: ['v75_sc_scripted', 'iter_0020'] | us_pool: ['iter_0001', 'v75_sc_scripted']
  [pfsp]
    [ussr] v75_sc_scripted: WR_ussr=0.97(n=221) WR_us=0.95(n=280) pfsp=0.123
    [ussr] iter_0020: WR_ussr=0.78(n=40) WR_us=0.41(n=120) pfsp=0.697
    [us] iter_0001: WR_ussr=0.80(n=440) WR_us=0.40(n=400) pfsp=0.956
    [us] v75_sc_scripted: WR_ussr=0.97(n=221) WR_us=0.95(n=280) pfsp=0.203
  [diag] inf dtype=torch.float32 shape=torch.Size([2048, 172]) nan=0 inf_vals=0 range=[0.00,65.00]
  [diag] scalar dtype=torch.float32 nan=0 range=[-0.950,1.200]
  [diag] card_logits nan=0 range=[-56.02,26.91]
  [diag] values nan=0 range=[-0.6079,0.8020]
[iter  25/30] steps= 9077 rollout_wr=0.725 (ussr=0.830 us=0.620) pl=-0.0167 vl=0.1377 ent=2.968 clip=0.081 kl=0.0024 t=22.1s (rollout=21.1s update=1.0s)
  [league] self: self | ussr_pool: ['iter_0010', 'v75_sc_scripted'] | us_pool: ['iter_0001', 'iter_0001']
  [pfsp]
    [ussr] iter_0010: WR_ussr=0.80(n=200) WR_us=0.41(n=200) pfsp=0.640
    [ussr] v75_sc_scripted: WR_ussr=0.97(n=261) WR_us=0.95(n=320) pfsp=0.119
    [us] iter_0001: WR_ussr=0.80(n=440) WR_us=0.40(n=440) pfsp=0.956
  [diag] inf dtype=torch.float32 shape=torch.Size([2048, 172]) nan=0 inf_vals=0 range=[0.00,77.00]
  [diag] scalar dtype=torch.float32 nan=0 range=[-1.000,1.000]
  [diag] card_logits nan=0 range=[-59.73,33.26]
  [diag] values nan=0 range=[-0.4985,0.8233]
[iter  26/30] steps=11326 rollout_wr=0.640 (ussr=0.820 us=0.460) pl=-0.0223 vl=0.1336 ent=3.003 clip=0.114 kl=0.0036 t=16.9s (rollout=15.9s update=1.0s)
  [league] self: self | ussr_pool: ['v75_sc_scripted', 'iter_0001'] | us_pool: ['iter_0020', 'v22_scripted']
  [pfsp]
    [ussr] v75_sc_scripted: WR_ussr=0.97(n=301) WR_us=0.95(n=320) pfsp=0.103
    [ussr] iter_0001: WR_ussr=0.80(n=440) WR_us=0.41(n=520) pfsp=0.651
    [us] iter_0020: WR_ussr=0.71(n=80) WR_us=0.41(n=120) pfsp=0.966
    [us] v22_scripted: WR_ussr=?(n=0) WR_us=0.95(n=263) pfsp=0.174
  [diag] inf dtype=torch.float32 shape=torch.Size([2048, 172]) nan=0 inf_vals=0 range=[0.00,82.00]
  [diag] scalar dtype=torch.float32 nan=0 range=[-0.950,1.100]
  [diag] card_logits nan=0 range=[-56.83,29.60]
  [diag] values nan=0 range=[-0.3793,0.8818]
[iter  27/30] steps= 9051 rollout_wr=0.775 (ussr=0.880 us=0.670) pl=-0.0170 vl=0.1390 ent=2.941 clip=0.112 kl=0.0031 t=13.3s (rollout=12.6s update=0.7s)
  [league] self: self | ussr_pool: ['iter_0020', 'heuristic'] | us_pool: ['v75_sc_scripted', 'v22_scripted']
  [pfsp]
    [ussr] iter_0020: WR_ussr=0.71(n=80) WR_us=0.46(n=160) pfsp=0.819
    [ussr] heuristic: WR_ussr=0.05(n=326) WR_us=0.02(n=372) pfsp=0.198
    [us] v75_sc_scripted: WR_ussr=0.97(n=341) WR_us=0.95(n=320) pfsp=0.190
    [us] v22_scripted: WR_ussr=?(n=0) WR_us=0.95(n=303) pfsp=0.200
  [diag] inf dtype=torch.float32 shape=torch.Size([2048, 172]) nan=0 inf_vals=0 range=[0.00,87.00]
  [diag] scalar dtype=torch.float32 nan=0 range=[-1.100,1.050]
  [diag] card_logits nan=0 range=[-62.07,28.25]
  [diag] values nan=0 range=[-0.3981,0.8850]
[iter  28/30] steps= 9209 rollout_wr=0.585 (ussr=0.400 us=0.770) pl=-0.0154 vl=0.1715 ent=3.038 clip=0.108 kl=0.0029 t=11.7s (rollout=11.0s update=0.6s)
  [league] self: self | ussr_pool: ['iter_0010', 'v58_scripted'] | us_pool: ['iter_0020', 'iter_0010']
  [pfsp]
    [ussr] iter_0010: WR_ussr=0.78(n=240) WR_us=0.41(n=200) pfsp=0.679
    [ussr] v58_scripted: WR_ussr=0.96(n=196) WR_us=?(n=0) pfsp=0.138
    [us] iter_0020: WR_ussr=0.71(n=120) WR_us=0.46(n=160) pfsp=0.992
    [us] iter_0010: WR_ussr=0.78(n=240) WR_us=0.41(n=200) pfsp=0.964
  [diag] inf dtype=torch.float32 shape=torch.Size([2048, 172]) nan=0 inf_vals=0 range=[0.00,81.00]
  [diag] scalar dtype=torch.float32 nan=0 range=[-0.950,1.000]
  [diag] card_logits nan=0 range=[-59.56,28.31]
  [diag] values nan=0 range=[-0.4722,0.7876]
[iter  29/30] steps=11130 rollout_wr=0.635 (ussr=0.750 us=0.520) pl=-0.0219 vl=0.1435 ent=2.841 clip=0.115 kl=0.0036 t=10.1s (rollout=9.4s update=0.7s)
  Saved to league pool: data/checkpoints/ppo_v117_sc_league/iter_0030.pt
  [league] self: self | ussr_pool: ['bc_wide384_scripted', 'iter_0010'] | us_pool: ['heuristic', 'bc_wide384_scripted']
  [pfsp]
    [ussr] bc_wide384_scripted: WR_ussr=0.97(n=261) WR_us=0.95(n=286) pfsp=0.104
    [ussr] iter_0010: WR_ussr=0.75(n=280) WR_us=0.42(n=240) pfsp=0.750
    [us] heuristic: WR_ussr=0.05(n=366) WR_us=0.02(n=372) pfsp=0.094
    [us] bc_wide384_scripted: WR_ussr=0.97(n=261) WR_us=0.95(n=286) pfsp=0.186
  [diag] inf dtype=torch.float32 shape=torch.Size([2048, 172]) nan=0 inf_vals=0 range=[0.00,93.00]
  [diag] scalar dtype=torch.float32 nan=0 range=[-0.900,1.100]
  [diag] card_logits nan=0 range=[-56.10,29.37]
  [diag] values nan=0 range=[-0.4069,0.7593]
[iter  30/30] steps= 8600 rollout_wr=0.665 (ussr=0.860 us=0.470) pl=-0.0215 vl=0.1396 ent=3.083 clip=0.108 kl=0.0039 t=9.3s (rollout=8.7s update=0.6s)
  [probe] iter=30 card_jsd=0.0002 top1=0.991 val_mae=0.0067
  [confirm] launched incremental Elo check for iter 30
  [panel eval] launched pid=845681 iter=30 panel=['v55', 'v54', 'v44', 'v45', 'v14']
wandb: updating run metadata
wandb: uploading output.log; uploading wandb-summary.json; uploading config.yaml
wandb: 
wandb: Run history:
wandb:               approx_kl ▇▆▁▂▁▅▃▃▁▃▄▂▁█▇▇▅▂▂▆▂▂▄▄▁▃▃▂▃▄
wandb:           clip_fraction █▆▂▂▁▄▃▃▁▃▄▂▂▆▅▅▅▃▃▅▂▂▅▄▁▃▃▃▃▃
wandb: core_scalar_weight_norm ▁▁▂▂▂▂▃▃▃▄▄▄▅▅▆▆▆▆▆▆▆▆▆▇▇▇▇███
wandb:                ent_coef ███▇▇▇▇▆▆▆▆▅▅▅▅▄▄▄▄▃▃▃▃▂▂▂▂▁▁▁
wandb:                 entropy ▄▃▆▃█▃▄▃▄▅▃▆▆▃▃▂▄▅▃▄▄▃▆▂▃▃▂▃▁▄
wandb:             iter_time_s ▁▂▁▁▁▁▃▁▁▁▁▁▁▂▁▂▁▁▁▁▂▁█▅▂▂▂▁▁▁
wandb:                 n_steps ▄▆▁▅▁▇▅▅▃▅▆▃▁▆▄█▄▂▅▄▆▅▂▄▅▇▅▅▆▄
wandb:  new_scalar_weight_norm ██████████▇▆▆▆▆▆▅▅▅▅▅▄▄▄▃▃▂▂▁▁
wandb:   panel/avg_combined_wr ▁█
wandb:     panel/eval_time_sec ▁█
wandb:                    +173 ...
wandb: 
wandb: Run summary:
wandb:               approx_kl 0.00389
wandb:           clip_fraction 0.10826
wandb: core_scalar_weight_norm 4.31766
wandb:                ent_coef 0.003
wandb:                 entropy 3.08294
wandb:             iter_time_s 9.32957
wandb:                 n_steps 8600
wandb:  new_scalar_weight_norm 3.61293
wandb:   panel/avg_combined_wr 0.52167
wandb:     panel/eval_time_sec 16.19541
wandb:                    +173 ...
wandb: 
wandb: 🚀 View run ppo_v117_sc at: https://wandb.ai/korduban-ai/twilight-struggle-ai/runs/bd8a33bf
wandb: ⭐️ View project at: https://wandb.ai/korduban-ai/twilight-struggle-ai
wandb: Synced 5 W&B file(s), 0 media file(s), 0 artifact file(s) and 0 other file(s)
wandb: Find logs at: ./wandb/run-20260413_122824-bd8a33bf/logs

Training complete in 18.2 minutes
Checkpoints in: data/checkpoints/ppo_v117_sc_league
[ppo_train_dynamic] finished at 2026-04-13T19:46:45Z
