wandb: [wandb.login()] Loaded credentials for https://api.wandb.ai from WANDB_API_KEY.
wandb: Currently logged in as: dkorduban (korduban-ai) to https://api.wandb.ai. Use `wandb login --relogin` to force relogin
wandb: setting up run f5f331d9
wandb: Tracking run with wandb version 0.25.1
wandb: Run data is saved locally in /home/dkord/code/twilight-struggle-ai/wandb/run-20260411_061442-f5f331d9
wandb: Run `wandb offline` to turn off syncing.
wandb: Syncing run ppo_v60
wandb: ⭐️ View project at https://wandb.ai/korduban-ai/twilight-struggle-ai
wandb: 🚀 View run at https://wandb.ai/korduban-ai/twilight-struggle-ai/runs/f5f331d9
Loading checkpoint: data/checkpoints/ppo_v59_league/ppo_best.pt
  --reset-optimizer: skipping optimizer state restore, starting fresh Adam.

Starting PPO training: 80 iterations × 200 games/iter, side=both
Device: cuda, lr=2e-05, clip=0.12, ent=0.01, vf=0.5
League training enabled (pool: data/checkpoints/ppo_v60_league, save-every=10)
  Saved to league pool: data/checkpoints/ppo_v60_league/iter_0001.pt
  [league] opponents: ['self', 'iter_0001', 'iter_0001', 'iter_0001', 'iter_0001', 'iter_0001']
  [pfsp]
    iter_0001: WR_ussr=?(n=0) WR_us=?(n=0) pfsp=1.000
  [diag] inf dtype=torch.float32 shape=torch.Size([2048, 172]) nan=0 inf_vals=0 range=[0.00,45.00]
  [diag] scalar dtype=torch.float32 nan=0 range=[-0.850,1.000]
  [diag] card_logits nan=0 range=[-18.18,13.91]
  [diag] values nan=0 range=[-0.9735,0.8242]
[iter   1/80] steps=12788 rollout_wr=0.484 (ussr=0.531 us=0.438) pl=-0.0176 vl=0.1175 ent=3.867 clip=0.115 kl=0.0038 t=23.3s (rollout=17.1s update=6.2s)
  [league] opponents: ['self', 'iter_0001', 'iter_0001', 'iter_0001', 'iter_0001', 'iter_0001']
  [pfsp]
    iter_0001: WR_ussr=0.51(n=80) WR_us=0.41(n=80) pfsp=0.538
  [diag] inf dtype=torch.float32 shape=torch.Size([2048, 172]) nan=0 inf_vals=0 range=[0.00,53.00]
  [diag] scalar dtype=torch.float32 nan=0 range=[-0.900,1.125]
  [diag] card_logits nan=0 range=[-18.83,15.01]
  [diag] values nan=0 range=[-0.9514,0.9101]
[iter   2/80] steps=12786 rollout_wr=0.490 (ussr=0.531 us=0.448) pl=-0.0158 vl=0.1149 ent=3.853 clip=0.080 kl=0.0026 t=22.4s (rollout=17.2s update=5.1s)
  [league] opponents: ['self', 'iter_0001', 'iter_0001', 'iter_0001', 'iter_0001', 'iter_0001']
  [pfsp]
    iter_0001: WR_ussr=0.53(n=160) WR_us=0.41(n=160) pfsp=0.531
  [diag] inf dtype=torch.float32 shape=torch.Size([2048, 172]) nan=0 inf_vals=0 range=[0.00,49.00]
  [diag] scalar dtype=torch.float32 nan=0 range=[-0.900,1.125]
  [diag] card_logits nan=0 range=[-18.94,15.27]
  [diag] values nan=0 range=[-0.9580,0.8798]
[iter   3/80] steps=12936 rollout_wr=0.484 (ussr=0.542 us=0.427) pl=-0.0137 vl=0.1186 ent=3.807 clip=0.083 kl=0.0025 t=23.6s (rollout=18.4s update=5.2s)
  [league] opponents: ['self', 'iter_0001', 'iter_0001', 'iter_0001', 'iter_0001', 'iter_0001']
  [pfsp]
    iter_0001: WR_ussr=0.53(n=240) WR_us=0.43(n=240) pfsp=0.519
  [diag] inf dtype=torch.float32 shape=torch.Size([2048, 172]) nan=0 inf_vals=0 range=[0.00,40.00]
  [diag] scalar dtype=torch.float32 nan=0 range=[-0.900,1.125]
  [diag] card_logits nan=0 range=[-18.66,13.39]
  [diag] values nan=0 range=[-0.9392,0.9189]
[iter   4/80] steps=12865 rollout_wr=0.500 (ussr=0.594 us=0.406) pl=-0.0168 vl=0.1137 ent=3.834 clip=0.084 kl=0.0025 t=25.3s (rollout=20.4s update=5.0s)
  [league] opponents: ['self', 'iter_0001', 'iter_0001', 'iter_0001', 'iter_0001', 'iter_0001']
  [pfsp]
    iter_0001: WR_ussr=0.55(n=320) WR_us=0.43(n=320) pfsp=0.506
  [diag] inf dtype=torch.float32 shape=torch.Size([2048, 172]) nan=0 inf_vals=0 range=[0.00,36.00]
  [diag] scalar dtype=torch.float32 nan=0 range=[-0.800,1.125]
  [diag] card_logits nan=0 range=[-18.70,14.04]
  [diag] values nan=0 range=[-0.9565,0.9775]
[iter   5/80] steps=12057 rollout_wr=0.495 (ussr=0.594 us=0.396) pl=-0.0141 vl=0.1142 ent=3.880 clip=0.076 kl=0.0027 t=24.7s (rollout=19.9s update=4.8s)
  [league] opponents: ['self', 'iter_0001', 'iter_0001', 'iter_0001', 'iter_0001', 'iter_0001']
  [pfsp]
    iter_0001: WR_ussr=0.56(n=400) WR_us=0.43(n=400) pfsp=0.502
  [diag] inf dtype=torch.float32 shape=torch.Size([2048, 172]) nan=0 inf_vals=0 range=[0.00,42.00]
  [diag] scalar dtype=torch.float32 nan=0 range=[-0.950,1.125]
  [diag] card_logits nan=0 range=[-19.85,14.57]
  [diag] values nan=0 range=[-0.9743,0.9296]
[iter   6/80] steps=12626 rollout_wr=0.484 (ussr=0.531 us=0.438) pl=-0.0181 vl=0.1144 ent=3.818 clip=0.090 kl=0.0031 t=23.2s (rollout=18.0s update=5.2s)
  [league] opponents: ['self', 'iter_0001', 'iter_0001', 'iter_0001', 'iter_0001', 'iter_0001']
  [pfsp]
    iter_0001: WR_ussr=0.55(n=480) WR_us=0.44(n=480) pfsp=0.508
  [diag] inf dtype=torch.float32 shape=torch.Size([2048, 172]) nan=0 inf_vals=0 range=[0.00,36.00]
  [diag] scalar dtype=torch.float32 nan=0 range=[-0.800,1.000]
  [diag] card_logits nan=0 range=[-19.67,13.35]
  [diag] values nan=0 range=[-0.9461,0.9382]
[iter   7/80] steps=12768 rollout_wr=0.516 (ussr=0.552 us=0.479) pl=-0.0133 vl=0.1107 ent=3.847 clip=0.086 kl=0.0030 t=22.6s (rollout=17.5s update=5.2s)
  [league] opponents: ['self', 'iter_0001', 'iter_0001', 'iter_0001', 'iter_0001', 'iter_0001']
  [pfsp]
    iter_0001: WR_ussr=0.55(n=560) WR_us=0.44(n=560) pfsp=0.505
  [diag] inf dtype=torch.float32 shape=torch.Size([2048, 172]) nan=0 inf_vals=0 range=[0.00,39.00]
  [diag] scalar dtype=torch.float32 nan=0 range=[-0.800,1.125]
  [diag] card_logits nan=0 range=[-19.03,13.40]
  [diag] values nan=0 range=[-0.9551,0.9260]
[iter   8/80] steps=12660 rollout_wr=0.484 (ussr=0.542 us=0.427) pl=-0.0180 vl=0.1136 ent=3.843 clip=0.094 kl=0.0035 t=21.5s (rollout=16.6s update=4.9s)
  [league] opponents: ['self', 'iter_0001', 'iter_0001', 'iter_0001', 'iter_0001', 'iter_0001']
  [pfsp]
    iter_0001: WR_ussr=0.55(n=640) WR_us=0.44(n=640) pfsp=0.507
  [diag] inf dtype=torch.float32 shape=torch.Size([2048, 172]) nan=0 inf_vals=0 range=[0.00,38.00]
  [diag] scalar dtype=torch.float32 nan=0 range=[-0.750,1.125]
  [diag] card_logits nan=0 range=[-18.43,14.09]
  [diag] values nan=0 range=[-0.9731,0.9142]
[iter   9/80] steps=12189 rollout_wr=0.510 (ussr=0.646 us=0.375) pl=-0.0149 vl=0.1291 ent=3.917 clip=0.099 kl=0.0036 t=21.1s (rollout=16.4s update=4.7s)
  Saved to league pool: data/checkpoints/ppo_v60_league/iter_0010.pt
  [league] opponents: ['self', 'iter_0001', 'iter_0010', 'iter_0010', 'iter_0010', 'iter_0010']
  [pfsp]
    iter_0001: WR_ussr=0.55(n=720) WR_us=0.43(n=720) pfsp=0.506
    iter_0010: WR_ussr=?(n=0) WR_us=?(n=0) pfsp=1.000
  [diag] inf dtype=torch.float32 shape=torch.Size([2048, 172]) nan=0 inf_vals=0 range=[0.00,44.00]
  [diag] scalar dtype=torch.float32 nan=0 range=[-0.900,1.000]
  [diag] card_logits nan=0 range=[-20.74,14.56]
  [diag] values nan=0 range=[-0.9260,0.9047]
[iter  10/80] steps=12428 rollout_wr=0.490 (ussr=0.583 us=0.396) pl=-0.0164 vl=0.1145 ent=3.820 clip=0.101 kl=0.0031 t=21.5s (rollout=16.6s update=4.9s)
  [panel eval] launched pid=303406 iter=10 panel=['v8', 'v14', 'v22', 'heuristic']
  [league] opponents: ['self', 'iter_0010', 'iter_0010', 'iter_0010', 'iter_0001', 'iter_0001']
  [pfsp]
    iter_0010: WR_ussr=0.58(n=64) WR_us=0.44(n=64) pfsp=0.492
    iter_0001: WR_ussr=0.55(n=736) WR_us=0.43(n=736) pfsp=0.509
  [diag] inf dtype=torch.float32 shape=torch.Size([2048, 172]) nan=0 inf_vals=0 range=[0.00,37.00]
  [diag] scalar dtype=torch.float32 nan=0 range=[-0.800,1.000]
  [diag] card_logits nan=0 range=[-19.62,13.54]
  [diag] values nan=0 range=[-0.9718,0.8935]
[iter  11/80] steps=12423 rollout_wr=0.484 (ussr=0.583 us=0.385) pl=-0.0131 vl=0.1147 ent=3.894 clip=0.078 kl=0.0033 t=42.8s (rollout=37.6s update=5.2s)
  [league] opponents: ['self', 'iter_0001', 'iter_0010', 'iter_0001', 'iter_0001', 'iter_0001']
  [pfsp]
    iter_0001: WR_ussr=0.55(n=768) WR_us=0.42(n=768) pfsp=0.510
    iter_0010: WR_ussr=0.60(n=112) WR_us=0.41(n=112) pfsp=0.496
  [diag] inf dtype=torch.float32 shape=torch.Size([2048, 172]) nan=0 inf_vals=0 range=[0.00,39.00]
  [diag] scalar dtype=torch.float32 nan=0 range=[-0.900,1.125]
  [diag] card_logits nan=0 range=[-19.84,13.38]
  [diag] values nan=0 range=[-0.9659,0.9045]
[iter  12/80] steps=12843 rollout_wr=0.516 (ussr=0.656 us=0.375) pl=-0.0131 vl=0.1167 ent=3.856 clip=0.114 kl=0.0042 t=37.4s (rollout=32.2s update=5.2s)
  [league] opponents: ['self', 'iter_0010', 'iter_0001', 'iter_0010', 'iter_0010', 'iter_0001']
  [pfsp]
    iter_0010: WR_ussr=0.57(n=128) WR_us=0.41(n=128) pfsp=0.512
    iter_0001: WR_ussr=0.56(n=832) WR_us=0.42(n=832) pfsp=0.509
  [diag] inf dtype=torch.float32 shape=torch.Size([2048, 172]) nan=0 inf_vals=0 range=[0.00,36.00]
  [diag] scalar dtype=torch.float32 nan=0 range=[-0.700,1.125]
  [diag] card_logits nan=0 range=[-19.10,13.89]
  [diag] values nan=0 range=[-0.9763,0.9376]
[iter  13/80] steps=12677 rollout_wr=0.516 (ussr=0.562 us=0.469) pl=-0.0179 vl=0.1201 ent=3.825 clip=0.089 kl=0.0028 t=26.0s (rollout=20.9s update=5.1s)
  [panel eval iter 10] avg=0.571: v8=0.470 | v14=0.510 | v22=0.560 | heuristic=0.745
  [league] opponents: ['self', 'iter_0001', 'iter_0001', 'iter_0010', 'iter_0001', 'iter_0010']
  [pfsp]
    iter_0001: WR_ussr=0.56(n=864) WR_us=0.42(n=864) pfsp=0.512
    iter_0010: WR_ussr=0.60(n=176) WR_us=0.44(n=176) pfsp=0.483
wandb: WARNING Tried to log to step 10 that is less than the current step 12. Steps must be monotonically increasing, so this data will be ignored. See https://wandb.me/define-metric to log data out of order.
  [diag] inf dtype=torch.float32 shape=torch.Size([2048, 172]) nan=0 inf_vals=0 range=[0.00,34.00]
  [diag] scalar dtype=torch.float32 nan=0 range=[-0.667,1.125]
  [diag] card_logits nan=0 range=[-18.85,13.94]
  [diag] values nan=0 range=[-0.9623,0.9238]
[iter  14/80] steps=12795 rollout_wr=0.464 (ussr=0.469 us=0.458) pl=-0.0148 vl=0.1149 ent=3.820 clip=0.095 kl=0.0032 t=21.4s (rollout=16.4s update=5.0s)
  [league] opponents: ['self', 'iter_0001', 'iter_0001', 'iter_0010', 'iter_0001', 'iter_0010']
  [pfsp]
    iter_0001: WR_ussr=0.55(n=912) WR_us=0.42(n=912) pfsp=0.516
    iter_0010: WR_ussr=0.58(n=208) WR_us=0.46(n=208) pfsp=0.478
  [diag] inf dtype=torch.float32 shape=torch.Size([2048, 172]) nan=0 inf_vals=0 range=[0.00,43.00]
  [diag] scalar dtype=torch.float32 nan=0 range=[-0.900,1.000]
  [diag] card_logits nan=0 range=[-18.79,13.64]
  [diag] values nan=0 range=[-0.9536,0.8735]
[iter  15/80] steps=12478 rollout_wr=0.479 (ussr=0.542 us=0.417) pl=-0.0093 vl=0.1169 ent=3.874 clip=0.098 kl=0.0032 t=21.0s (rollout=16.2s update=4.8s)
  [league] opponents: ['self', 'v19_scripted', 'iter_0010', 'iter_0001', 'iter_0001', 'iter_0010']
  [pfsp]
    v19_scripted: WR_ussr=?(n=6) WR_us=?(n=6) pfsp=1.000
    iter_0010: WR_ussr=0.58(n=240) WR_us=0.47(n=240) pfsp=0.477
    iter_0001: WR_ussr=0.55(n=960) WR_us=0.41(n=960) pfsp=0.518
  [diag] inf dtype=torch.float32 shape=torch.Size([2048, 172]) nan=0 inf_vals=0 range=[0.00,44.00]
  [diag] scalar dtype=torch.float32 nan=0 range=[-0.800,1.125]
  [diag] card_logits nan=0 range=[-19.98,14.58]
  [diag] values nan=0 range=[-0.9622,0.8395]
[iter  16/80] steps=12613 rollout_wr=0.464 (ussr=0.562 us=0.365) pl=-0.0135 vl=0.1138 ent=3.844 clip=0.102 kl=0.0034 t=21.0s (rollout=16.1s update=4.9s)
  [league] opponents: ['self', 'iter_0010', 'iter_0001', 'iter_0010', 'iter_0010', 'iter_0001']
  [pfsp]
    iter_0010: WR_ussr=0.58(n=272) WR_us=0.45(n=272) pfsp=0.483
    iter_0001: WR_ussr=0.55(n=992) WR_us=0.41(n=992) pfsp=0.521
  [diag] inf dtype=torch.float32 shape=torch.Size([2048, 172]) nan=0 inf_vals=0 range=[0.00,57.00]
  [diag] scalar dtype=torch.float32 nan=0 range=[-0.667,1.000]
  [diag] card_logits nan=0 range=[-20.50,13.92]
  [diag] values nan=0 range=[-0.9606,0.9289]
[iter  17/80] steps=12920 rollout_wr=0.458 (ussr=0.552 us=0.365) pl=-0.0153 vl=0.1133 ent=3.794 clip=0.087 kl=0.0030 t=21.4s (rollout=16.4s update=5.0s)
  [league] opponents: ['self', 'iter_0010', 'iter_0001', 'iter_0010', 'iter_0010', 'iter_0010']
  [pfsp]
    iter_0010: WR_ussr=0.59(n=320) WR_us=0.43(n=320) pfsp=0.491
    iter_0001: WR_ussr=0.54(n=1024) WR_us=0.41(n=1024) pfsp=0.523
  [diag] inf dtype=torch.float32 shape=torch.Size([2048, 172]) nan=0 inf_vals=0 range=[0.00,41.00]
  [diag] scalar dtype=torch.float32 nan=0 range=[-0.800,1.125]
  [diag] card_logits nan=0 range=[-17.33,14.39]
  [diag] values nan=0 range=[-0.9548,0.9020]
[iter  18/80] steps=12876 rollout_wr=0.464 (ussr=0.458 us=0.469) pl=-0.0148 vl=0.1142 ent=3.846 clip=0.093 kl=0.0034 t=22.2s (rollout=17.2s update=5.0s)
  [league] opponents: ['self', 'iter_0001', 'iter_0001', 'iter_0010', 'iter_0010', 'iter_0001']
  [pfsp]
    iter_0001: WR_ussr=0.54(n=1040) WR_us=0.41(n=1040) pfsp=0.525
    iter_0010: WR_ussr=0.57(n=384) WR_us=0.45(n=384) pfsp=0.495
  [diag] inf dtype=torch.float32 shape=torch.Size([2048, 172]) nan=0 inf_vals=0 range=[0.00,48.00]
  [diag] scalar dtype=torch.float32 nan=0 range=[-0.750,1.000]
  [diag] card_logits nan=0 range=[-19.26,13.30]
  [diag] values nan=0 range=[-0.9671,0.8734]
[iter  19/80] steps=12878 rollout_wr=0.490 (ussr=0.542 us=0.438) pl=-0.0176 vl=0.1157 ent=3.830 clip=0.095 kl=0.0035 t=22.1s (rollout=17.1s update=5.0s)
  Saved to league pool: data/checkpoints/ppo_v60_league/iter_0020.pt
  [league] opponents: ['self', 'iter_0001', 'iter_0020', 'iter_0001', 'iter_0001', 'iter_0020']
  [pfsp]
    iter_0001: WR_ussr=0.54(n=1088) WR_us=0.41(n=1088) pfsp=0.525
    iter_0020: WR_ussr=?(n=0) WR_us=?(n=0) pfsp=1.000
  [diag] inf dtype=torch.float32 shape=torch.Size([2048, 172]) nan=0 inf_vals=0 range=[0.00,41.00]
  [diag] scalar dtype=torch.float32 nan=0 range=[-0.950,1.000]
  [diag] card_logits nan=0 range=[-18.61,14.12]
  [diag] values nan=0 range=[-0.9578,0.9230]
[iter  20/80] steps=12780 rollout_wr=0.505 (ussr=0.573 us=0.438) pl=-0.0164 vl=0.1119 ent=3.880 clip=0.103 kl=0.0055 t=22.3s (rollout=17.3s update=5.0s)
  [panel eval] launched pid=303956 iter=20 panel=['v8', 'v14', 'v22', 'heuristic']
  [league] opponents: ['self', 'iter_0020', 'v10_scripted', 'iter_0020', 'iter_0001', 'iter_0020']
  [pfsp]
    iter_0020: WR_ussr=0.59(n=32) WR_us=0.38(n=32) pfsp=0.516
    v10_scripted: WR_ussr=0.74(n=31) WR_us=0.48(n=31) pfsp=0.387
    iter_0001: WR_ussr=0.54(n=1136) WR_us=0.41(n=1136) pfsp=0.525
  [diag] inf dtype=torch.float32 shape=torch.Size([2048, 172]) nan=0 inf_vals=0 range=[0.00,43.00]
  [diag] scalar dtype=torch.float32 nan=0 range=[-0.900,1.125]
  [diag] card_logits nan=0 range=[-18.04,12.37]
  [diag] values nan=0 range=[-0.9618,0.9392]
[iter  21/80] steps=12504 rollout_wr=0.604 (ussr=0.771 us=0.438) pl=-0.0145 vl=0.1110 ent=3.856 clip=0.121 kl=0.0044 t=35.5s (rollout=30.3s update=5.1s)
  [league] opponents: ['self', 'iter_0020', 'iter_0001', 'iter_0010', 'iter_0010', 'iter_0020']
  [pfsp]
    iter_0020: WR_ussr=0.71(n=80) WR_us=0.45(n=80) pfsp=0.419
    iter_0001: WR_ussr=0.54(n=1152) WR_us=0.41(n=1152) pfsp=0.523
    iter_0010: WR_ussr=0.56(n=416) WR_us=0.44(n=416) pfsp=0.502
  [diag] inf dtype=torch.float32 shape=torch.Size([2048, 172]) nan=0 inf_vals=0 range=[0.00,36.00]
  [diag] scalar dtype=torch.float32 nan=0 range=[-0.950,1.125]
  [diag] card_logits nan=0 range=[-19.24,13.92]
  [diag] values nan=0 range=[-0.9205,0.9356]
[iter  22/80] steps=12798 rollout_wr=0.578 (ussr=0.646 us=0.510) pl=-0.0167 vl=0.1064 ent=3.860 clip=0.129 kl=0.0053 t=36.0s (rollout=30.8s update=5.2s)
  [league] opponents: ['self', 'iter_0001', 'iter_0001', 'iter_0020', 'iter_0020', 'iter_0010']
  [pfsp]
    iter_0001: WR_ussr=0.55(n=1168) WR_us=0.42(n=1168) pfsp=0.518
    iter_0020: WR_ussr=0.71(n=112) WR_us=0.46(n=112) pfsp=0.415
    iter_0010: WR_ussr=0.56(n=448) WR_us=0.44(n=448) pfsp=0.504
  [diag] inf dtype=torch.float32 shape=torch.Size([2048, 172]) nan=0 inf_vals=0 range=[0.00,40.00]
  [diag] scalar dtype=torch.float32 nan=0 range=[-0.800,1.000]
  [diag] card_logits nan=0 range=[-20.56,13.87]
  [diag] values nan=0 range=[-0.9383,0.9150]
[iter  23/80] steps=12903 rollout_wr=0.479 (ussr=0.531 us=0.427) pl=-0.0167 vl=0.1155 ent=3.925 clip=0.118 kl=0.0050 t=26.9s (rollout=21.6s update=5.3s)
  [panel eval iter 20] avg=0.546: v8=0.475 | v14=0.430 | v22=0.495 | heuristic=0.785
  [league] opponents: ['self', 'iter_0001', 'iter_0010', 'iter_0001', 'iter_0010', 'iter_0020']
  [pfsp]
    iter_0001: WR_ussr=0.54(n=1200) WR_us=0.42(n=1200) pfsp=0.520
    iter_0010: WR_ussr=0.56(n=464) WR_us=0.44(n=464) pfsp=0.501
    iter_0020: WR_ussr=0.66(n=144) WR_us=0.46(n=144) pfsp=0.441
wandb: WARNING Tried to log to step 20 that is less than the current step 22. Steps must be monotonically increasing, so this data will be ignored. See https://wandb.me/define-metric to log data out of order.
  [diag] inf dtype=torch.float32 shape=torch.Size([2048, 172]) nan=0 inf_vals=0 range=[0.00,43.00]
  [diag] scalar dtype=torch.float32 nan=0 range=[-0.900,1.000]
  [diag] card_logits nan=0 range=[-19.41,14.17]
  [diag] values nan=0 range=[-0.9571,0.9156]
[iter  24/80] steps=12622 rollout_wr=0.474 (ussr=0.531 us=0.417) pl=-0.0169 vl=0.1106 ent=3.943 clip=0.116 kl=0.0057 t=21.7s (rollout=16.8s update=5.0s)
  [league] opponents: ['self', 'iter_0020', 'iter_0020', 'iter_0020', 'iter_0020', 'iter_0020']
  [pfsp]
    iter_0020: WR_ussr=0.67(n=160) WR_us=0.47(n=160) pfsp=0.428
  [diag] inf dtype=torch.float32 shape=torch.Size([2048, 172]) nan=0 inf_vals=0 range=[0.00,43.00]
  [diag] scalar dtype=torch.float32 nan=0 range=[-0.850,1.125]
  [diag] card_logits nan=0 range=[-19.22,12.72]
  [diag] values nan=0 range=[-0.9417,0.9198]
[iter  25/80] steps=12545 rollout_wr=0.542 (ussr=0.583 us=0.500) pl=-0.0156 vl=0.1151 ent=3.873 clip=0.106 kl=0.0042 t=21.7s (rollout=16.7s update=4.9s)
  [league] opponents: ['self', 'iter_0001', 'iter_0020', 'iter_0020', 'iter_0020', 'iter_0010']
  [pfsp]
    iter_0001: WR_ussr=0.54(n=1232) WR_us=0.41(n=1232) pfsp=0.524
    iter_0020: WR_ussr=0.63(n=240) WR_us=0.47(n=240) pfsp=0.448
    iter_0010: WR_ussr=0.55(n=496) WR_us=0.44(n=496) pfsp=0.504
  [diag] inf dtype=torch.float32 shape=torch.Size([2048, 172]) nan=0 inf_vals=0 range=[0.00,39.00]
  [diag] scalar dtype=torch.float32 nan=0 range=[-0.800,1.125]
  [diag] card_logits nan=0 range=[-19.74,13.81]
  [diag] values nan=0 range=[-0.9614,0.9388]
[iter  26/80] steps=12706 rollout_wr=0.500 (ussr=0.531 us=0.469) pl=-0.0169 vl=0.1114 ent=3.928 clip=0.125 kl=0.0054 t=21.9s (rollout=16.9s update=5.0s)
  [league] opponents: ['self', 'iter_0010', 'iter_0001', 'iter_0010', 'iter_0010', 'iter_0020']
  [pfsp]
    iter_0010: WR_ussr=0.55(n=512) WR_us=0.44(n=512) pfsp=0.505
    iter_0001: WR_ussr=0.54(n=1248) WR_us=0.41(n=1248) pfsp=0.524
    iter_0020: WR_ussr=0.61(n=288) WR_us=0.47(n=288) pfsp=0.457
  [diag] inf dtype=torch.float32 shape=torch.Size([2048, 172]) nan=0 inf_vals=0 range=[0.00,44.00]
  [diag] scalar dtype=torch.float32 nan=0 range=[-0.700,1.125]
  [diag] card_logits nan=0 range=[-18.55,14.24]
  [diag] values nan=0 range=[-0.9573,0.9338]
[iter  27/80] steps=13039 rollout_wr=0.458 (ussr=0.479 us=0.438) pl=-0.0164 vl=0.1192 ent=3.897 clip=0.115 kl=0.0042 t=21.9s (rollout=16.8s update=5.1s)
  [league] opponents: ['self', 'iter_0010', 'iter_0001', 'iter_0001', 'iter_0010', 'iter_0001']
  [pfsp]
    iter_0010: WR_ussr=0.55(n=560) WR_us=0.44(n=560) pfsp=0.505
    iter_0001: WR_ussr=0.54(n=1264) WR_us=0.41(n=1264) pfsp=0.526
  [diag] inf dtype=torch.float32 shape=torch.Size([2048, 172]) nan=0 inf_vals=0 range=[0.00,41.00]
  [diag] scalar dtype=torch.float32 nan=0 range=[-0.800,1.125]
  [diag] card_logits nan=0 range=[-18.47,13.94]
  [diag] values nan=0 range=[-0.9648,0.8991]
[iter  28/80] steps=12588 rollout_wr=0.495 (ussr=0.510 us=0.479) pl=-0.0193 vl=0.1117 ent=3.917 clip=0.122 kl=0.0044 t=21.6s (rollout=16.5s update=5.2s)
  [league] opponents: ['self', 'iter_0001', 'iter_0001', 'iter_0001', 'iter_0010', 'iter_0001']
  [pfsp]
    iter_0001: WR_ussr=0.54(n=1312) WR_us=0.41(n=1312) pfsp=0.527
    iter_0010: WR_ussr=0.55(n=592) WR_us=0.45(n=592) pfsp=0.503
  [diag] inf dtype=torch.float32 shape=torch.Size([2048, 172]) nan=0 inf_vals=0 range=[0.00,42.00]
  [diag] scalar dtype=torch.float32 nan=0 range=[-0.800,1.125]
  [diag] card_logits nan=0 range=[-19.39,13.87]
  [diag] values nan=0 range=[-0.9511,0.9099]
[iter  29/80] steps=12830 rollout_wr=0.438 (ussr=0.469 us=0.406) pl=-0.0135 vl=0.1184 ent=3.839 clip=0.096 kl=0.0033 t=22.4s (rollout=17.2s update=5.1s)
  Saved to league pool: data/checkpoints/ppo_v60_league/iter_0030.pt
  [league] opponents: ['self', 'iter_0030', 'iter_0020', 'iter_0001', 'iter_0010', 'iter_0020']
  [pfsp]
    iter_0030: WR_ussr=?(n=0) WR_us=?(n=0) pfsp=1.000
    iter_0020: WR_ussr=0.61(n=304) WR_us=0.48(n=304) pfsp=0.459
    iter_0001: WR_ussr=0.53(n=1376) WR_us=0.41(n=1376) pfsp=0.531
    iter_0010: WR_ussr=0.55(n=608) WR_us=0.45(n=608) pfsp=0.500
  [diag] inf dtype=torch.float32 shape=torch.Size([2048, 172]) nan=0 inf_vals=0 range=[0.00,48.00]
  [diag] scalar dtype=torch.float32 nan=0 range=[-0.950,1.125]
  [diag] card_logits nan=0 range=[-20.29,14.47]
  [diag] values nan=0 range=[-0.9288,0.9337]
[iter  30/80] steps=13048 rollout_wr=0.547 (ussr=0.531 us=0.562) pl=-0.0178 vl=0.1025 ent=3.892 clip=0.114 kl=0.0044 t=22.5s (rollout=17.4s update=5.1s)
  [panel eval] launched pid=304498 iter=30 panel=['v8', 'v14', 'v22', 'heuristic']
  [league] opponents: ['self', 'iter_0030', 'iter_0030', 'iter_0030', 'iter_0010', 'iter_0030']
  [pfsp]
    iter_0030: WR_ussr=0.56(n=16) WR_us=0.69(n=16) pfsp=0.375
    iter_0010: WR_ussr=0.55(n=624) WR_us=0.45(n=624) pfsp=0.501
  [diag] inf dtype=torch.float32 shape=torch.Size([2048, 172]) nan=0 inf_vals=0 range=[0.00,57.00]
  [diag] scalar dtype=torch.float32 nan=0 range=[-0.950,1.125]
  [diag] card_logits nan=0 range=[-17.89,12.31]
  [diag] values nan=0 range=[-0.9603,0.9575]
[iter  31/80] steps=12813 rollout_wr=0.531 (ussr=0.646 us=0.417) pl=-0.0179 vl=0.1188 ent=3.902 clip=0.152 kl=0.0075 t=34.4s (rollout=29.1s update=5.3s)
  [league] opponents: ['self', 'iter_0030', 'iter_0010', 'iter_0030', 'iter_0010', 'iter_0001']
  [pfsp]
    iter_0030: WR_ussr=0.66(n=80) WR_us=0.50(n=80) pfsp=0.419
    iter_0010: WR_ussr=0.55(n=640) WR_us=0.44(n=640) pfsp=0.504
    iter_0001: WR_ussr=0.53(n=1392) WR_us=0.41(n=1392) pfsp=0.531
  [diag] inf dtype=torch.float32 shape=torch.Size([2048, 172]) nan=0 inf_vals=0 range=[0.00,44.00]
  [diag] scalar dtype=torch.float32 nan=0 range=[-0.850,1.000]
  [diag] card_logits nan=0 range=[-18.88,13.70]
  [diag] values nan=0 range=[-0.9629,0.9097]
[iter  32/80] steps=12518 rollout_wr=0.531 (ussr=0.562 us=0.500) pl=-0.0077 vl=0.1133 ent=3.918 clip=0.105 kl=0.0055 t=36.1s (rollout=30.7s update=5.4s)
  [league] opponents: ['self', 'iter_0030', 'iter_0010', 'iter_0030', 'iter_0010', 'iter_0001']
  [pfsp]
    iter_0030: WR_ussr=0.64(n=112) WR_us=0.48(n=112) pfsp=0.437
    iter_0010: WR_ussr=0.55(n=672) WR_us=0.44(n=672) pfsp=0.503
    iter_0001: WR_ussr=0.53(n=1408) WR_us=0.41(n=1408) pfsp=0.531
  [diag] inf dtype=torch.float32 shape=torch.Size([2048, 172]) nan=0 inf_vals=0 range=[0.00,42.00]
  [diag] scalar dtype=torch.float32 nan=0 range=[-0.800,1.125]
  [diag] card_logits nan=0 range=[-19.82,13.50]
  [diag] values nan=0 range=[-0.9546,0.9345]
[iter  33/80] steps=12458 rollout_wr=0.562 (ussr=0.656 us=0.469) pl=-0.0142 vl=0.1030 ent=3.872 clip=0.124 kl=0.0066 t=26.8s (rollout=21.8s update=5.0s)
  [panel eval iter 30] avg=0.490: v8=0.465 | v14=0.395 | v22=0.445 | heuristic=0.655
  [league] opponents: ['self', 'iter_0030', 'iter_0030', 'iter_0030', 'iter_0001', 'iter_0030']
  [pfsp]
    iter_0030: WR_ussr=0.67(n=144) WR_us=0.51(n=144) pfsp=0.410
    iter_0001: WR_ussr=0.53(n=1424) WR_us=0.41(n=1424) pfsp=0.531
wandb: WARNING Tried to log to step 30 that is less than the current step 32. Steps must be monotonically increasing, so this data will be ignored. See https://wandb.me/define-metric to log data out of order.
  [diag] inf dtype=torch.float32 shape=torch.Size([2048, 172]) nan=0 inf_vals=0 range=[0.00,47.00]
  [diag] scalar dtype=torch.float32 nan=0 range=[-0.950,1.125]
  [diag] card_logits nan=0 range=[-18.35,14.11]
  [diag] values nan=0 range=[-0.9673,0.9488]
[iter  34/80] steps=12609 rollout_wr=0.557 (ussr=0.625 us=0.490) pl=-0.0145 vl=0.1110 ent=3.871 clip=0.146 kl=0.0093 t=21.7s (rollout=16.7s update=5.0s)
  [league] opponents: ['self', 'iter_0030', 'iter_0020', 'iter_0020', 'iter_0010', 'iter_0030']
  [pfsp]
    iter_0030: WR_ussr=0.65(n=208) WR_us=0.51(n=208) pfsp=0.418
    iter_0020: WR_ussr=0.60(n=336) WR_us=0.47(n=336) pfsp=0.467
    iter_0010: WR_ussr=0.56(n=704) WR_us=0.44(n=704) pfsp=0.502
  [diag] inf dtype=torch.float32 shape=torch.Size([2048, 172]) nan=0 inf_vals=0 range=[0.00,51.00]
  [diag] scalar dtype=torch.float32 nan=0 range=[-0.800,1.000]
  [diag] card_logits nan=0 range=[-19.32,13.34]
  [diag] values nan=0 range=[-0.9733,0.9605]
[iter  35/80] steps=13035 rollout_wr=0.578 (ussr=0.604 us=0.552) pl=-0.0201 vl=0.1104 ent=3.850 clip=0.153 kl=0.0095 t=22.3s (rollout=17.3s update=5.0s)
  [league] opponents: ['self', 'iter_0030', 'iter_0030', 'iter_0010', 'iter_0001', 'iter_0010']
  [pfsp]
    iter_0030: WR_ussr=0.65(n=240) WR_us=0.52(n=240) pfsp=0.415
    iter_0010: WR_ussr=0.55(n=720) WR_us=0.44(n=720) pfsp=0.501
    iter_0001: WR_ussr=0.53(n=1440) WR_us=0.41(n=1440) pfsp=0.529
  [diag] inf dtype=torch.float32 shape=torch.Size([2048, 172]) nan=0 inf_vals=0 range=[0.00,47.00]
  [diag] scalar dtype=torch.float32 nan=0 range=[-0.950,1.125]
  [diag] card_logits nan=0 range=[-19.28,13.81]
  [diag] values nan=0 range=[-0.9603,0.9413]
[iter  36/80] steps=12391 rollout_wr=0.526 (ussr=0.594 us=0.458) pl=-0.0214 vl=0.1168 ent=3.857 clip=0.114 kl=0.0066 t=21.5s (rollout=16.6s update=4.9s)
  [league] opponents: ['self', 'iter_0010', 'iter_0030', 'iter_0010', 'iter_0001', 'iter_0030']
  [pfsp]
    iter_0010: WR_ussr=0.56(n=752) WR_us=0.44(n=752) pfsp=0.499
    iter_0030: WR_ussr=0.66(n=272) WR_us=0.53(n=272) pfsp=0.408
    iter_0001: WR_ussr=0.53(n=1456) WR_us=0.41(n=1456) pfsp=0.530
  [diag] inf dtype=torch.float32 shape=torch.Size([2048, 172]) nan=0 inf_vals=0 range=[0.00,44.00]
  [diag] scalar dtype=torch.float32 nan=0 range=[-0.667,1.125]
  [diag] card_logits nan=0 range=[-19.68,13.38]
  [diag] values nan=0 range=[-0.9568,0.9351]
[iter  37/80] steps=12661 rollout_wr=0.573 (ussr=0.615 us=0.531) pl=-0.0136 vl=0.1122 ent=3.854 clip=0.118 kl=0.0055 t=21.8s (rollout=16.8s update=5.0s)
  [league] opponents: ['self', 'iter_0020', 'iter_0030', 'iter_0020', 'iter_0030', 'iter_0030']
  [pfsp]
    iter_0020: WR_ussr=0.60(n=368) WR_us=0.47(n=368) pfsp=0.465
    iter_0030: WR_ussr=0.66(n=304) WR_us=0.53(n=304) pfsp=0.405
  [diag] inf dtype=torch.float32 shape=torch.Size([2048, 172]) nan=0 inf_vals=0 range=[0.00,47.00]
  [diag] scalar dtype=torch.float32 nan=0 range=[-0.800,1.000]
  [diag] card_logits nan=0 range=[-20.03,13.21]
  [diag] values nan=0 range=[-0.9588,0.9551]
[iter  38/80] steps=12320 rollout_wr=0.573 (ussr=0.688 us=0.458) pl=-0.0251 vl=0.1104 ent=3.751 clip=0.121 kl=0.0062 t=21.2s (rollout=16.4s update=4.8s)
  [league] opponents: ['self', 'iter_0001', 'iter_0001', 'iter_0030', 'iter_0020', 'iter_0030']
  [pfsp]
    iter_0001: WR_ussr=0.53(n=1472) WR_us=0.41(n=1472) pfsp=0.531
    iter_0030: WR_ussr=0.67(n=352) WR_us=0.52(n=352) pfsp=0.405
    iter_0020: WR_ussr=0.60(n=400) WR_us=0.47(n=400) pfsp=0.465
  [diag] inf dtype=torch.float32 shape=torch.Size([2048, 172]) nan=0 inf_vals=0 range=[0.00,46.00]
  [diag] scalar dtype=torch.float32 nan=0 range=[-0.900,1.000]
  [diag] card_logits nan=0 range=[-18.82,13.96]
  [diag] values nan=0 range=[-0.9537,0.9303]
[iter  39/80] steps=12618 rollout_wr=0.438 (ussr=0.458 us=0.417) pl=-0.0243 vl=0.1127 ent=3.836 clip=0.126 kl=0.0058 t=21.8s (rollout=16.9s update=4.9s)
  Saved to league pool: data/checkpoints/ppo_v60_league/iter_0040.pt
  [league] opponents: ['self', 'iter_0040', 'iter_0001', 'iter_0001', 'iter_0030', 'iter_0010']
  [pfsp]
    iter_0040: WR_ussr=?(n=0) WR_us=?(n=0) pfsp=1.000
    iter_0001: WR_ussr=0.52(n=1504) WR_us=0.41(n=1504) pfsp=0.533
    iter_0030: WR_ussr=0.66(n=384) WR_us=0.53(n=384) pfsp=0.409
    iter_0010: WR_ussr=0.56(n=784) WR_us=0.45(n=784) pfsp=0.495
  [diag] inf dtype=torch.float32 shape=torch.Size([2048, 172]) nan=0 inf_vals=0 range=[0.00,40.00]
  [diag] scalar dtype=torch.float32 nan=0 range=[-0.800,1.000]
  [diag] card_logits nan=0 range=[-21.60,12.76]
  [diag] values nan=0 range=[-0.9726,0.9468]
[iter  40/80] steps=12863 rollout_wr=0.469 (ussr=0.510 us=0.427) pl=-0.0164 vl=0.1179 ent=3.819 clip=0.114 kl=0.0058 t=22.0s (rollout=16.9s update=5.1s)
  [panel eval] launched pid=305060 iter=40 panel=['v8', 'v14', 'v22', 'heuristic']
  [league] opponents: ['self', 'iter_0040', 'iter_0040', 'iter_0020', 'iter_0030', 'iter_0030']
  [pfsp]
    iter_0040: WR_ussr=0.62(n=16) WR_us=0.38(n=16) pfsp=0.500
    iter_0020: WR_ussr=0.60(n=416) WR_us=0.45(n=416) pfsp=0.475
    iter_0030: WR_ussr=0.66(n=400) WR_us=0.53(n=400) pfsp=0.407
  [diag] inf dtype=torch.float32 shape=torch.Size([2048, 172]) nan=0 inf_vals=0 range=[0.00,55.00]
  [diag] scalar dtype=torch.float32 nan=0 range=[-0.900,1.125]
  [diag] card_logits nan=0 range=[-19.38,13.20]
  [diag] values nan=0 range=[-0.9565,0.9396]
[iter  41/80] steps=12558 rollout_wr=0.568 (ussr=0.698 us=0.438) pl=-0.0190 vl=0.1070 ent=3.828 clip=0.128 kl=0.0059 t=34.0s (rollout=28.7s update=5.3s)
  [league] opponents: ['self', 'iter_0040', 'iter_0040', 'iter_0040', 'iter_0030', 'iter_0030']
  [pfsp]
    iter_0040: WR_ussr=0.71(n=48) WR_us=0.38(n=48) pfsp=0.458
    iter_0030: WR_ussr=0.66(n=432) WR_us=0.52(n=432) pfsp=0.407
  [diag] inf dtype=torch.float32 shape=torch.Size([2048, 172]) nan=0 inf_vals=0 range=[0.00,56.00]
  [diag] scalar dtype=torch.float32 nan=0 range=[-0.800,1.000]
  [diag] card_logits nan=0 range=[-19.84,14.05]
  [diag] values nan=0 range=[-0.9693,0.9091]
[iter  42/80] steps=12983 rollout_wr=0.594 (ussr=0.583 us=0.604) pl=-0.0201 vl=0.0998 ent=3.818 clip=0.119 kl=0.0068 t=37.2s (rollout=31.9s update=5.3s)
  [league] opponents: ['self', 'iter_0040', 'iter_0040', 'iter_0040', 'iter_0010', 'iter_0040']
  [pfsp]
    iter_0040: WR_ussr=0.61(n=96) WR_us=0.49(n=96) pfsp=0.448
    iter_0010: WR_ussr=0.56(n=800) WR_us=0.45(n=800) pfsp=0.496
  [diag] inf dtype=torch.float32 shape=torch.Size([2048, 172]) nan=0 inf_vals=0 range=[0.00,41.00]
  [diag] scalar dtype=torch.float32 nan=0 range=[-0.950,1.125]
  [diag] card_logits nan=0 range=[-20.53,13.38]
  [diag] values nan=0 range=[-0.9506,0.9540]
[iter  43/80] steps=12830 rollout_wr=0.526 (ussr=0.479 us=0.573) pl=-0.0182 vl=0.1039 ent=3.797 clip=0.128 kl=0.0075 t=27.5s (rollout=22.5s update=5.0s)
  [panel eval iter 40] avg=0.526: v8=0.500 | v14=0.430 | v22=0.485 | heuristic=0.690
  [league] opponents: ['self', 'iter_0020', 'iter_0030', 'iter_0001', 'iter_0010', 'iter_0030']
  [pfsp]
    iter_0020: WR_ussr=0.60(n=432) WR_us=0.45(n=432) pfsp=0.472
    iter_0030: WR_ussr=0.66(n=464) WR_us=0.53(n=464) pfsp=0.407
    iter_0001: WR_ussr=0.52(n=1536) WR_us=0.41(n=1536) pfsp=0.535
    iter_0010: WR_ussr=0.55(n=816) WR_us=0.45(n=816) pfsp=0.498
wandb: WARNING Tried to log to step 40 that is less than the current step 42. Steps must be monotonically increasing, so this data will be ignored. See https://wandb.me/define-metric to log data out of order.
  [diag] inf dtype=torch.float32 shape=torch.Size([2048, 172]) nan=0 inf_vals=0 range=[0.00,46.00]
  [diag] scalar dtype=torch.float32 nan=0 range=[-0.750,1.000]
  [diag] card_logits nan=0 range=[-19.73,13.59]
  [diag] values nan=0 range=[-0.9728,0.9694]
[iter  44/80] steps=12693 rollout_wr=0.484 (ussr=0.542 us=0.427) pl=-0.0180 vl=0.1179 ent=3.770 clip=0.146 kl=0.0082 t=21.3s (rollout=16.3s update=5.0s)
  [league] opponents: ['self', 'iter_0020', 'iter_0010', 'iter_0010', 'iter_0020', 'iter_0040']
  [pfsp]
    iter_0020: WR_ussr=0.59(n=448) WR_us=0.45(n=448) pfsp=0.477
    iter_0010: WR_ussr=0.55(n=832) WR_us=0.45(n=832) pfsp=0.499
    iter_0040: WR_ussr=0.59(n=160) WR_us=0.53(n=160) pfsp=0.444
  [diag] inf dtype=torch.float32 shape=torch.Size([2048, 172]) nan=0 inf_vals=0 range=[0.00,54.00]
  [diag] scalar dtype=torch.float32 nan=0 range=[-0.800,1.000]
  [diag] card_logits nan=0 range=[-19.50,14.73]
  [diag] values nan=0 range=[-0.9592,0.9351]
[iter  45/80] steps=12767 rollout_wr=0.510 (ussr=0.562 us=0.458) pl=-0.0192 vl=0.1170 ent=3.822 clip=0.121 kl=0.0072 t=21.8s (rollout=16.9s update=4.9s)
  [league] opponents: ['self', 'iter_0001', 'iter_0010', 'iter_0001', 'iter_0001', 'iter_0010']
  [pfsp]
    iter_0001: WR_ussr=0.52(n=1552) WR_us=0.41(n=1552) pfsp=0.536
    iter_0010: WR_ussr=0.55(n=864) WR_us=0.45(n=864) pfsp=0.501
  [diag] inf dtype=torch.float32 shape=torch.Size([2048, 172]) nan=0 inf_vals=0 range=[0.00,48.00]
  [diag] scalar dtype=torch.float32 nan=0 range=[-0.850,1.125]
  [diag] card_logits nan=0 range=[-20.03,13.40]
  [diag] values nan=0 range=[-0.9399,0.9319]
[iter  46/80] steps=12887 rollout_wr=0.453 (ussr=0.479 us=0.427) pl=-0.0174 vl=0.1182 ent=3.766 clip=0.114 kl=0.0054 t=21.7s (rollout=16.6s update=5.1s)
  [league] opponents: ['self', 'iter_0030', 'iter_0040', 'iter_0040', 'iter_0001', 'iter_0040']
  [pfsp]
    iter_0030: WR_ussr=0.66(n=496) WR_us=0.53(n=496) pfsp=0.407
    iter_0040: WR_ussr=0.60(n=176) WR_us=0.53(n=176) pfsp=0.435
    iter_0001: WR_ussr=0.52(n=1600) WR_us=0.41(n=1600) pfsp=0.538
  [diag] inf dtype=torch.float32 shape=torch.Size([2048, 172]) nan=0 inf_vals=0 range=[0.00,51.00]
  [diag] scalar dtype=torch.float32 nan=0 range=[-0.800,1.000]
  [diag] card_logits nan=0 range=[-18.85,13.83]
  [diag] values nan=0 range=[-0.9633,0.9218]
[iter  47/80] steps=12810 rollout_wr=0.500 (ussr=0.542 us=0.458) pl=-0.0154 vl=0.1157 ent=3.773 clip=0.135 kl=0.0063 t=22.2s (rollout=17.2s update=5.0s)
  [league] opponents: ['self', 'iter_0001', 'iter_0010', 'v16_scripted', 'iter_0030', 'iter_0001']
  [pfsp]
    iter_0001: WR_ussr=0.51(n=1616) WR_us=0.41(n=1616) pfsp=0.540
    iter_0010: WR_ussr=0.55(n=896) WR_us=0.45(n=896) pfsp=0.502
    v16_scripted: WR_ussr=?(n=0) WR_us=?(n=0) pfsp=1.000
    iter_0030: WR_ussr=0.65(n=512) WR_us=0.53(n=512) pfsp=0.412
  [diag] inf dtype=torch.float32 shape=torch.Size([2048, 172]) nan=0 inf_vals=0 range=[0.00,44.00]
  [diag] scalar dtype=torch.float32 nan=0 range=[-0.850,1.125]
  [diag] card_logits nan=0 range=[-18.65,12.80]
  [diag] values nan=0 range=[-0.9577,0.9295]
[iter  48/80] steps=12255 rollout_wr=0.406 (ussr=0.521 us=0.292) pl=-0.0158 vl=0.1156 ent=3.895 clip=0.116 kl=0.0059 t=21.2s (rollout=16.4s update=4.8s)
  [league] opponents: ['self', 'iter_0001', 'iter_0020', 'iter_0030', 'iter_0040', 'iter_0020']
  [pfsp]
    iter_0001: WR_ussr=0.51(n=1648) WR_us=0.40(n=1648) pfsp=0.541
    iter_0020: WR_ussr=0.59(n=480) WR_us=0.46(n=480) pfsp=0.475
    iter_0030: WR_ussr=0.66(n=528) WR_us=0.52(n=528) pfsp=0.414
    iter_0040: WR_ussr=0.59(n=224) WR_us=0.52(n=224) pfsp=0.446
  [diag] inf dtype=torch.float32 shape=torch.Size([2048, 172]) nan=0 inf_vals=0 range=[0.00,45.00]
  [diag] scalar dtype=torch.float32 nan=0 range=[-0.800,1.125]
  [diag] card_logits nan=0 range=[-20.15,13.48]
  [diag] values nan=0 range=[-0.9479,0.8934]
[iter  49/80] steps=12529 rollout_wr=0.516 (ussr=0.583 us=0.448) pl=-0.0147 vl=0.1109 ent=3.755 clip=0.102 kl=0.0045 t=21.5s (rollout=16.6s update=4.9s)
  Saved to league pool: data/checkpoints/ppo_v60_league/iter_0050.pt
  [league] opponents: ['self', 'iter_0040', 'iter_0020', 'iter_0040', 'iter_0020', 'iter_0050']
  [pfsp]
    iter_0040: WR_ussr=0.60(n=240) WR_us=0.52(n=240) pfsp=0.442
    iter_0020: WR_ussr=0.60(n=512) WR_us=0.45(n=512) pfsp=0.474
    iter_0050: WR_ussr=?(n=0) WR_us=?(n=0) pfsp=1.000
  [diag] inf dtype=torch.float32 shape=torch.Size([2048, 172]) nan=0 inf_vals=0 range=[0.00,62.00]
  [diag] scalar dtype=torch.float32 nan=0 range=[-0.950,1.125]
  [diag] card_logits nan=0 range=[-19.26,13.31]
  [diag] values nan=0 range=[-0.9232,0.8984]
[iter  50/80] steps=12471 rollout_wr=0.557 (ussr=0.604 us=0.510) pl=-0.0108 vl=0.1193 ent=3.848 clip=0.125 kl=0.0054 t=22.5s (rollout=17.6s update=4.9s)
  [panel eval] launched pid=305589 iter=50 panel=['v8', 'v14', 'v22', 'heuristic']
  [league] opponents: ['self', 'iter_0050', 'iter_0040', 'iter_0030', 'iter_0050', 'iter_0040']
  [pfsp]
    iter_0050: WR_ussr=0.69(n=16) WR_us=0.31(n=16) pfsp=0.500
    iter_0040: WR_ussr=0.60(n=272) WR_us=0.54(n=272) pfsp=0.432
    iter_0030: WR_ussr=0.65(n=544) WR_us=0.51(n=544) pfsp=0.416
  [diag] inf dtype=torch.float32 shape=torch.Size([2048, 172]) nan=0 inf_vals=0 range=[0.00,51.00]
  [diag] scalar dtype=torch.float32 nan=0 range=[-0.950,1.125]
  [diag] card_logits nan=0 range=[-19.75,13.79]
  [diag] values nan=0 range=[-0.9465,0.9186]
[iter  51/80] steps=12702 rollout_wr=0.578 (ussr=0.562 us=0.594) pl=-0.0165 vl=0.0970 ent=3.914 clip=0.157 kl=0.0084 t=35.9s (rollout=30.6s update=5.3s)
  [league] opponents: ['self', 'iter_0040', 'iter_0010', 'iter_0050', 'iter_0050', 'iter_0050']
  [pfsp]
    iter_0040: WR_ussr=0.59(n=304) WR_us=0.55(n=304) pfsp=0.428
    iter_0010: WR_ussr=0.55(n=912) WR_us=0.44(n=912) pfsp=0.504
    iter_0050: WR_ussr=0.69(n=48) WR_us=0.52(n=48) pfsp=0.396
  [diag] inf dtype=torch.float32 shape=torch.Size([2048, 172]) nan=0 inf_vals=0 range=[0.00,58.00]
  [diag] scalar dtype=torch.float32 nan=0 range=[-0.900,1.125]
  [diag] card_logits nan=0 range=[-20.30,13.25]
  [diag] values nan=0 range=[-0.9567,0.9295]
[iter  52/80] steps=12718 rollout_wr=0.578 (ussr=0.625 us=0.531) pl=-0.0190 vl=0.1053 ent=3.835 clip=0.154 kl=0.0072 t=35.6s (rollout=30.4s update=5.2s)
  [league] opponents: ['self', 'v45_scripted', 'iter_0040', 'iter_0050', 'iter_0040', 'iter_0020']
  [pfsp]
    v45_scripted: WR_ussr=?(n=0) WR_us=?(n=0) pfsp=1.000
    iter_0040: WR_ussr=0.59(n=320) WR_us=0.55(n=320) pfsp=0.430
    iter_0050: WR_ussr=0.68(n=96) WR_us=0.57(n=96) pfsp=0.375
    iter_0020: WR_ussr=0.60(n=544) WR_us=0.45(n=544) pfsp=0.475
  [diag] inf dtype=torch.float32 shape=torch.Size([2048, 172]) nan=0 inf_vals=0 range=[0.00,50.00]
  [diag] scalar dtype=torch.float32 nan=0 range=[-0.850,1.125]
  [diag] card_logits nan=0 range=[-20.85,13.80]
  [diag] values nan=0 range=[-0.9561,0.9478]
[iter  53/80] steps=12618 rollout_wr=0.547 (ussr=0.562 us=0.531) pl=-0.0262 vl=0.1028 ent=3.819 clip=0.139 kl=0.0072 t=26.2s (rollout=21.3s update=4.9s)
  [panel eval iter 50] avg=0.550: v8=0.500 | v14=0.490 | v22=0.490 | heuristic=0.720
  [league] opponents: ['self', 'iter_0050', 'iter_0050', 'iter_0030', 'iter_0001', 'iter_0050']
  [pfsp]
    iter_0050: WR_ussr=0.68(n=112) WR_us=0.56(n=112) pfsp=0.379
    iter_0030: WR_ussr=0.65(n=560) WR_us=0.51(n=560) pfsp=0.420
    iter_0001: WR_ussr=0.51(n=1664) WR_us=0.40(n=1664) pfsp=0.542
wandb: WARNING Tried to log to step 50 that is less than the current step 52. Steps must be monotonically increasing, so this data will be ignored. See https://wandb.me/define-metric to log data out of order.
  [diag] inf dtype=torch.float32 shape=torch.Size([2048, 172]) nan=0 inf_vals=0 range=[0.00,57.00]
  [diag] scalar dtype=torch.float32 nan=0 range=[-0.800,1.125]
  [diag] card_logits nan=0 range=[-21.12,13.98]
  [diag] values nan=0 range=[-0.9619,0.9607]
[iter  54/80] steps=13222 rollout_wr=0.510 (ussr=0.500 us=0.521) pl=-0.0169 vl=0.1108 ent=3.758 clip=0.153 kl=0.0077 t=23.1s (rollout=17.8s update=5.3s)
  [league] opponents: ['self', 'iter_0010', 'iter_0050', 'iter_0010', 'iter_0020', 'iter_0001']
  [pfsp]
    iter_0010: WR_ussr=0.55(n=928) WR_us=0.44(n=928) pfsp=0.506
    iter_0050: WR_ussr=0.64(n=160) WR_us=0.56(n=160) pfsp=0.400
    iter_0020: WR_ussr=0.60(n=560) WR_us=0.45(n=560) pfsp=0.474
    iter_0001: WR_ussr=0.51(n=1680) WR_us=0.40(n=1680) pfsp=0.542
  [diag] inf dtype=torch.float32 shape=torch.Size([2048, 172]) nan=0 inf_vals=0 range=[0.00,56.00]
  [diag] scalar dtype=torch.float32 nan=0 range=[-0.700,1.125]
  [diag] card_logits nan=0 range=[-19.87,13.81]
  [diag] values nan=0 range=[-0.9668,0.9362]
[iter  55/80] steps=13101 rollout_wr=0.469 (ussr=0.469 us=0.469) pl=-0.0170 vl=0.1124 ent=3.736 clip=0.124 kl=0.0076 t=22.5s (rollout=17.4s update=5.1s)
  [league] opponents: ['self', 'iter_0010', 'iter_0040', 'iter_0020', 'iter_0040', 'iter_0020']
  [pfsp]
    iter_0010: WR_ussr=0.54(n=960) WR_us=0.44(n=960) pfsp=0.509
    iter_0040: WR_ussr=0.59(n=352) WR_us=0.55(n=352) pfsp=0.428
    iter_0020: WR_ussr=0.60(n=576) WR_us=0.46(n=576) pfsp=0.474
  [diag] inf dtype=torch.float32 shape=torch.Size([2048, 172]) nan=0 inf_vals=0 range=[0.00,56.00]
  [diag] scalar dtype=torch.float32 nan=0 range=[-0.900,1.125]
  [diag] card_logits nan=0 range=[-19.21,15.85]
  [diag] values nan=0 range=[-0.9677,0.9358]
[iter  56/80] steps=12623 rollout_wr=0.484 (ussr=0.500 us=0.469) pl=-0.0167 vl=0.1108 ent=3.846 clip=0.136 kl=0.0087 t=22.0s (rollout=17.0s update=5.0s)
  [league] opponents: ['self', 'iter_0020', 'iter_0010', 'iter_0020', 'iter_0020', 'iter_0050']
  [pfsp]
    iter_0020: WR_ussr=0.59(n=608) WR_us=0.45(n=608) pfsp=0.480
    iter_0010: WR_ussr=0.54(n=976) WR_us=0.44(n=976) pfsp=0.510
    iter_0050: WR_ussr=0.64(n=176) WR_us=0.56(n=176) pfsp=0.401
  [diag] inf dtype=torch.float32 shape=torch.Size([2048, 172]) nan=0 inf_vals=0 range=[0.00,61.00]
  [diag] scalar dtype=torch.float32 nan=0 range=[-0.850,1.125]
  [diag] card_logits nan=0 range=[-19.48,13.32]
  [diag] values nan=0 range=[-0.9769,0.9069]
[iter  57/80] steps=12953 rollout_wr=0.474 (ussr=0.458 us=0.490) pl=-0.0154 vl=0.1086 ent=3.766 clip=0.134 kl=0.0066 t=22.5s (rollout=17.3s update=5.2s)
  [league] opponents: ['self', 'iter_0030', 'iter_0050', 'iter_0040', 'iter_0050', 'iter_0001']
  [pfsp]
    iter_0030: WR_ussr=0.64(n=576) WR_us=0.51(n=576) pfsp=0.424
    iter_0050: WR_ussr=0.64(n=192) WR_us=0.55(n=192) pfsp=0.409
    iter_0040: WR_ussr=0.60(n=384) WR_us=0.55(n=384) pfsp=0.426
    iter_0001: WR_ussr=0.51(n=1696) WR_us=0.40(n=1696) pfsp=0.542
  [diag] inf dtype=torch.float32 shape=torch.Size([2048, 172]) nan=0 inf_vals=0 range=[0.00,68.00]
  [diag] scalar dtype=torch.float32 nan=0 range=[-0.950,1.125]
  [diag] card_logits nan=0 range=[-20.21,13.08]
  [diag] values nan=0 range=[-0.9551,0.9109]
[iter  58/80] steps=12940 rollout_wr=0.552 (ussr=0.573 us=0.531) pl=-0.0177 vl=0.1097 ent=3.735 clip=0.140 kl=0.0064 t=22.9s (rollout=17.7s update=5.1s)
  [league] opponents: ['self', 'iter_0040', 'iter_0020', 'v49_scripted', 'iter_0020', 'iter_0010']
  [pfsp]
    iter_0040: WR_ussr=0.60(n=400) WR_us=0.55(n=400) pfsp=0.424
    iter_0020: WR_ussr=0.58(n=656) WR_us=0.46(n=656) pfsp=0.479
    v49_scripted: WR_ussr=?(n=8) WR_us=?(n=8) pfsp=1.000
    iter_0010: WR_ussr=0.53(n=992) WR_us=0.44(n=992) pfsp=0.513
  [diag] inf dtype=torch.float32 shape=torch.Size([2048, 172]) nan=0 inf_vals=0 range=[0.00,53.00]
  [diag] scalar dtype=torch.float32 nan=0 range=[-0.900,1.125]
  [diag] card_logits nan=0 range=[-21.39,14.32]
  [diag] values nan=0 range=[-0.9807,0.9499]
[iter  59/80] steps=12590 rollout_wr=0.464 (ussr=0.510 us=0.417) pl=-0.0170 vl=0.1095 ent=3.814 clip=0.144 kl=0.0091 t=22.4s (rollout=17.5s update=4.9s)
  Saved to league pool: data/checkpoints/ppo_v60_league/iter_0060.pt
  [league] opponents: ['self', 'iter_0060', 'iter_0020', 'iter_0020', 'iter_0060', 'iter_0030']
  [pfsp]
    iter_0060: WR_ussr=?(n=0) WR_us=?(n=0) pfsp=1.000
    iter_0020: WR_ussr=0.58(n=688) WR_us=0.46(n=688) pfsp=0.480
    iter_0030: WR_ussr=0.64(n=592) WR_us=0.51(n=592) pfsp=0.426
  [diag] inf dtype=torch.float32 shape=torch.Size([2048, 172]) nan=0 inf_vals=0 range=[0.00,54.00]
  [diag] scalar dtype=torch.float32 nan=0 range=[-0.750,1.125]
  [diag] card_logits nan=0 range=[-20.16,13.24]
  [diag] values nan=0 range=[-0.9591,0.9189]
[iter  60/80] steps=12753 rollout_wr=0.505 (ussr=0.510 us=0.500) pl=-0.0152 vl=0.1128 ent=3.800 clip=0.128 kl=0.0069 t=23.0s (rollout=17.9s update=5.1s)
  [panel eval] launched pid=306137 iter=60 panel=['v8', 'v14', 'v22', 'heuristic']
  [league] opponents: ['self', 'iter_0060', 'iter_0060', 'iter_0030', 'iter_0050', 'iter_0060']
  [pfsp]
    iter_0060: WR_ussr=0.53(n=32) WR_us=0.44(n=32) pfsp=0.516
    iter_0030: WR_ussr=0.64(n=608) WR_us=0.51(n=608) pfsp=0.424
    iter_0050: WR_ussr=0.60(n=224) WR_us=0.55(n=224) pfsp=0.424
  [diag] inf dtype=torch.float32 shape=torch.Size([2048, 172]) nan=0 inf_vals=0 range=[0.00,51.00]
  [diag] scalar dtype=torch.float32 nan=0 range=[-0.850,1.125]
  [diag] card_logits nan=0 range=[-20.71,13.65]
  [diag] values nan=0 range=[-0.9454,0.9283]
[iter  61/80] steps=13080 rollout_wr=0.552 (ussr=0.552 us=0.552) pl=-0.0200 vl=0.1046 ent=3.810 clip=0.157 kl=0.0093 t=37.7s (rollout=32.3s update=5.4s)
  [league] opponents: ['self', 'iter_0020', 'iter_0060', 'iter_0060', 'iter_0040', 'iter_0030']
  [pfsp]
    iter_0020: WR_ussr=0.57(n=720) WR_us=0.46(n=720) pfsp=0.485
    iter_0060: WR_ussr=0.53(n=80) WR_us=0.49(n=80) pfsp=0.494
    iter_0040: WR_ussr=0.61(n=416) WR_us=0.54(n=416) pfsp=0.424
    iter_0030: WR_ussr=0.64(n=624) WR_us=0.50(n=624) pfsp=0.425
  [diag] inf dtype=torch.float32 shape=torch.Size([2048, 172]) nan=0 inf_vals=0 range=[0.00,54.00]
  [diag] scalar dtype=torch.float32 nan=0 range=[-0.750,1.000]
  [diag] card_logits nan=0 range=[-19.81,13.92]
  [diag] values nan=0 range=[-0.9652,0.9474]
[iter  62/80] steps=12799 rollout_wr=0.510 (ussr=0.562 us=0.458) pl=-0.0192 vl=0.1232 ent=3.700 clip=0.153 kl=0.0078 t=35.5s (rollout=30.4s update=5.0s)
  [league] opponents: ['self', 'iter_0030', 'iter_0040', 'iter_0050', 'iter_0030', 'iter_0001']
  [pfsp]
    iter_0030: WR_ussr=0.64(n=640) WR_us=0.50(n=640) pfsp=0.430
    iter_0040: WR_ussr=0.61(n=432) WR_us=0.54(n=432) pfsp=0.425
    iter_0050: WR_ussr=0.60(n=240) WR_us=0.57(n=240) pfsp=0.417
    iter_0001: WR_ussr=0.51(n=1712) WR_us=0.41(n=1712) pfsp=0.542
  [diag] inf dtype=torch.float32 shape=torch.Size([2048, 172]) nan=0 inf_vals=0 range=[0.00,57.00]
  [diag] scalar dtype=torch.float32 nan=0 range=[-0.950,1.000]
  [diag] card_logits nan=0 range=[-20.40,13.67]
  [diag] values nan=0 range=[-0.9510,0.9483]
[iter  63/80] steps=13254 rollout_wr=0.474 (ussr=0.531 us=0.417) pl=-0.0150 vl=0.1063 ent=3.696 clip=0.115 kl=0.0065 t=27.6s (rollout=22.6s update=5.1s)
  [panel eval iter 60] avg=0.527: v8=0.505 | v14=0.460 | v22=0.485 | heuristic=0.660
  [league] opponents: ['self', 'iter_0040', 'iter_0010', 'iter_0020', 'iter_0040', 'iter_0050']
  [pfsp]
    iter_0040: WR_ussr=0.62(n=448) WR_us=0.53(n=448) pfsp=0.427
    iter_0010: WR_ussr=0.53(n=1008) WR_us=0.44(n=1008) pfsp=0.512
    iter_0020: WR_ussr=0.57(n=736) WR_us=0.45(n=736) pfsp=0.489
    iter_0050: WR_ussr=0.59(n=256) WR_us=0.56(n=256) pfsp=0.422
wandb: WARNING Tried to log to step 60 that is less than the current step 62. Steps must be monotonically increasing, so this data will be ignored. See https://wandb.me/define-metric to log data out of order.
  [diag] inf dtype=torch.float32 shape=torch.Size([2048, 172]) nan=0 inf_vals=0 range=[0.00,58.00]
  [diag] scalar dtype=torch.float32 nan=0 range=[-0.950,1.125]
  [diag] card_logits nan=0 range=[-20.01,14.39]
  [diag] values nan=0 range=[-0.9671,0.9724]
[iter  64/80] steps=13143 rollout_wr=0.490 (ussr=0.479 us=0.500) pl=-0.0182 vl=0.1079 ent=3.821 clip=0.145 kl=0.0115 t=23.7s (rollout=18.6s update=5.2s)
  [league] opponents: ['self', 'iter_0050', 'iter_0040', 'iter_0020', 'v49_scripted', 'iter_0010']
  [pfsp]
    iter_0050: WR_ussr=0.60(n=272) WR_us=0.56(n=272) pfsp=0.423
    iter_0040: WR_ussr=0.61(n=480) WR_us=0.53(n=480) pfsp=0.430
    iter_0020: WR_ussr=0.57(n=752) WR_us=0.45(n=752) pfsp=0.494
    v49_scripted: WR_ussr=0.29(n=24) WR_us=0.25(n=24) pfsp=0.729
    iter_0010: WR_ussr=0.53(n=1024) WR_us=0.44(n=1024) pfsp=0.513
  [diag] inf dtype=torch.float32 shape=torch.Size([2048, 172]) nan=0 inf_vals=0 range=[0.00,59.00]
  [diag] scalar dtype=torch.float32 nan=0 range=[-0.850,1.000]
  [diag] card_logits nan=0 range=[-21.25,12.96]
  [diag] values nan=0 range=[-0.9729,0.9330]
[iter  65/80] steps=13204 rollout_wr=0.432 (ussr=0.469 us=0.396) pl=-0.0146 vl=0.1081 ent=3.750 clip=0.129 kl=0.0081 t=22.7s (rollout=17.5s update=5.2s)
  [league] opponents: ['self', 'iter_0040', 'iter_0050', 'iter_0010', 'iter_0050', 'iter_0020']
  [pfsp]
    iter_0040: WR_ussr=0.60(n=496) WR_us=0.53(n=496) pfsp=0.438
    iter_0050: WR_ussr=0.59(n=288) WR_us=0.55(n=288) pfsp=0.431
    iter_0010: WR_ussr=0.53(n=1040) WR_us=0.44(n=1040) pfsp=0.514
    iter_0020: WR_ussr=0.57(n=768) WR_us=0.44(n=768) pfsp=0.496
  [diag] inf dtype=torch.float32 shape=torch.Size([2048, 172]) nan=0 inf_vals=0 range=[0.00,54.00]
  [diag] scalar dtype=torch.float32 nan=0 range=[-0.800,1.125]
  [diag] card_logits nan=0 range=[-19.82,12.99]
  [diag] values nan=0 range=[-0.9730,0.9246]
[iter  66/80] steps=12829 rollout_wr=0.469 (ussr=0.531 us=0.406) pl=-0.0218 vl=0.1148 ent=3.792 clip=0.144 kl=0.0072 t=22.5s (rollout=17.4s update=5.1s)
  [league] opponents: ['self', 'iter_0001', 'iter_0050', 'iter_0020', 'iter_0060', 'iter_0060']
  [pfsp]
    iter_0001: WR_ussr=0.51(n=1728) WR_us=0.41(n=1728) pfsp=0.542
    iter_0050: WR_ussr=0.58(n=320) WR_us=0.53(n=320) pfsp=0.444
    iter_0020: WR_ussr=0.56(n=784) WR_us=0.43(n=784) pfsp=0.501
    iter_0060: WR_ussr=0.54(n=112) WR_us=0.54(n=112) pfsp=0.455
  [diag] inf dtype=torch.float32 shape=torch.Size([2048, 172]) nan=0 inf_vals=0 range=[0.00,56.00]
  [diag] scalar dtype=torch.float32 nan=0 range=[-0.750,1.125]
  [diag] card_logits nan=0 range=[-21.06,13.76]
  [diag] values nan=0 range=[-0.9629,0.9216]
[iter  67/80] steps=12984 rollout_wr=0.500 (ussr=0.521 us=0.479) pl=-0.0176 vl=0.1110 ent=3.798 clip=0.122 kl=0.0051 t=23.5s (rollout=18.3s update=5.1s)
  [league] opponents: ['self', 'iter_0060', 'iter_0060', 'iter_0030', 'iter_0030', 'iter_0030']
  [pfsp]
    iter_0060: WR_ussr=0.53(n=144) WR_us=0.55(n=144) pfsp=0.458
    iter_0030: WR_ussr=0.63(n=672) WR_us=0.50(n=672) pfsp=0.436
  [diag] inf dtype=torch.float32 shape=torch.Size([2048, 172]) nan=0 inf_vals=0 range=[0.00,61.00]
  [diag] scalar dtype=torch.float32 nan=0 range=[-0.900,1.125]
  [diag] card_logits nan=0 range=[-22.14,14.11]
  [diag] values nan=0 range=[-0.9518,0.9095]
[iter  68/80] steps=13075 rollout_wr=0.490 (ussr=0.490 us=0.490) pl=-0.0196 vl=0.1057 ent=3.776 clip=0.154 kl=0.0075 t=22.8s (rollout=17.9s update=5.0s)
  [league] opponents: ['self', 'iter_0040', 'iter_0001', 'iter_0010', 'iter_0030', 'iter_0040']
  [pfsp]
    iter_0040: WR_ussr=0.60(n=512) WR_us=0.53(n=512) pfsp=0.437
    iter_0001: WR_ussr=0.51(n=1744) WR_us=0.40(n=1744) pfsp=0.543
    iter_0010: WR_ussr=0.53(n=1056) WR_us=0.44(n=1056) pfsp=0.514
    iter_0030: WR_ussr=0.62(n=720) WR_us=0.50(n=720) pfsp=0.443
  [diag] inf dtype=torch.float32 shape=torch.Size([2048, 172]) nan=0 inf_vals=0 range=[0.00,67.00]
  [diag] scalar dtype=torch.float32 nan=0 range=[-0.900,1.125]
  [diag] card_logits nan=0 range=[-20.57,13.70]
  [diag] values nan=0 range=[-0.9492,0.9380]
[iter  69/80] steps=13028 rollout_wr=0.568 (ussr=0.594 us=0.542) pl=-0.0208 vl=0.1076 ent=3.751 clip=0.136 kl=0.0076 t=23.3s (rollout=18.2s update=5.1s)
  Saved to league pool: data/checkpoints/ppo_v60_league/iter_0070.pt
  [league] opponents: ['self', 'iter_0050', 'iter_0030', 'iter_0020', 'iter_0060', 'iter_0020']
  [pfsp]
    iter_0050: WR_ussr=0.58(n=336) WR_us=0.53(n=336) pfsp=0.445
    iter_0030: WR_ussr=0.62(n=736) WR_us=0.50(n=736) pfsp=0.444
    iter_0020: WR_ussr=0.56(n=800) WR_us=0.43(n=800) pfsp=0.503
    iter_0060: WR_ussr=0.55(n=176) WR_us=0.52(n=176) pfsp=0.463
  [diag] inf dtype=torch.float32 shape=torch.Size([2048, 172]) nan=0 inf_vals=0 range=[0.00,63.00]
  [diag] scalar dtype=torch.float32 nan=0 range=[-0.800,1.000]
  [diag] card_logits nan=0 range=[-21.35,13.91]
  [diag] values nan=0 range=[-0.9573,0.9303]
[iter  70/80] steps=13316 rollout_wr=0.495 (ussr=0.521 us=0.469) pl=-0.0170 vl=0.1017 ent=3.646 clip=0.121 kl=0.0067 t=23.8s (rollout=18.6s update=5.2s)
  [panel eval] launched pid=306691 iter=70 panel=['v8', 'v14', 'v22', 'heuristic']
  [league] opponents: ['self', 'iter_0050', 'iter_0050', 'iter_0060', 'iter_0060', 'iter_0050']
  [pfsp]
    iter_0050: WR_ussr=0.58(n=352) WR_us=0.53(n=352) pfsp=0.445
    iter_0060: WR_ussr=0.56(n=192) WR_us=0.53(n=192) pfsp=0.458
  [diag] inf dtype=torch.float32 shape=torch.Size([2048, 172]) nan=0 inf_vals=0 range=[0.00,63.00]
  [diag] scalar dtype=torch.float32 nan=0 range=[-0.900,1.125]
  [diag] card_logits nan=0 range=[-21.10,13.29]
  [diag] values nan=0 range=[-0.9582,0.9647]
[iter  71/80] steps=13175 rollout_wr=0.526 (ussr=0.479 us=0.573) pl=-0.0186 vl=0.1081 ent=3.778 clip=0.166 kl=0.0115 t=38.0s (rollout=32.5s update=5.5s)
  [league] opponents: ['self', 'iter_0060', 'iter_0030', 'iter_0020', 'iter_0050', 'iter_0001']
  [pfsp]
    iter_0060: WR_ussr=0.54(n=224) WR_us=0.53(n=224) pfsp=0.467
    iter_0030: WR_ussr=0.61(n=752) WR_us=0.50(n=752) pfsp=0.445
    iter_0020: WR_ussr=0.56(n=832) WR_us=0.43(n=832) pfsp=0.507
    iter_0050: WR_ussr=0.56(n=400) WR_us=0.54(n=400) pfsp=0.446
    iter_0001: WR_ussr=0.51(n=1760) WR_us=0.41(n=1760) pfsp=0.543
  [diag] inf dtype=torch.float32 shape=torch.Size([2048, 172]) nan=0 inf_vals=0 range=[0.00,67.00]
  [diag] scalar dtype=torch.float32 nan=0 range=[-0.950,1.000]
  [diag] card_logits nan=0 range=[-20.37,13.03]
  [diag] values nan=0 range=[-0.9617,0.9618]
[iter  72/80] steps=13084 rollout_wr=0.448 (ussr=0.469 us=0.427) pl=-0.0206 vl=0.1089 ent=3.757 clip=0.153 kl=0.0139 t=37.4s (rollout=32.0s update=5.3s)
  [league] opponents: ['self', 'iter_0070', 'iter_0010', 'iter_0060', 'iter_0010', 'iter_0030']
  [pfsp]
    iter_0070: WR_ussr=?(n=0) WR_us=?(n=0) pfsp=1.000
    iter_0010: WR_ussr=0.53(n=1072) WR_us=0.45(n=1072) pfsp=0.514
    iter_0060: WR_ussr=0.54(n=240) WR_us=0.53(n=240) pfsp=0.465
    iter_0030: WR_ussr=0.61(n=768) WR_us=0.49(n=768) pfsp=0.447
  [diag] inf dtype=torch.float32 shape=torch.Size([2048, 172]) nan=0 inf_vals=0 range=[0.00,58.00]
  [diag] scalar dtype=torch.float32 nan=0 range=[-0.850,1.125]
  [diag] card_logits nan=0 range=[-20.41,14.03]
  [diag] values nan=0 range=[-0.9635,0.9649]
[iter  73/80] steps=13090 rollout_wr=0.443 (ussr=0.406 us=0.479) pl=-0.0169 vl=0.1091 ent=3.777 clip=0.149 kl=0.0101 t=27.4s (rollout=22.2s update=5.2s)
  [panel eval iter 70] avg=0.527: v8=0.490 | v14=0.475 | v22=0.470 | heuristic=0.675
  [league] opponents: ['self', 'iter_0050', 'iter_0070', 'iter_0040', 'iter_0070', 'iter_0070']
  [pfsp]
    iter_0050: WR_ussr=0.55(n=416) WR_us=0.54(n=416) pfsp=0.454
    iter_0070: WR_ussr=0.69(n=16) WR_us=0.75(n=16) pfsp=0.281
    iter_0040: WR_ussr=0.60(n=544) WR_us=0.53(n=544) pfsp=0.436
wandb: WARNING Tried to log to step 70 that is less than the current step 72. Steps must be monotonically increasing, so this data will be ignored. See https://wandb.me/define-metric to log data out of order.
  [diag] inf dtype=torch.float32 shape=torch.Size([2048, 172]) nan=0 inf_vals=0 range=[0.00,61.00]
  [diag] scalar dtype=torch.float32 nan=0 range=[-0.950,1.000]
  [diag] card_logits nan=0 range=[-20.27,13.73]
  [diag] values nan=0 range=[-0.9732,0.9162]
[iter  74/80] steps=13235 rollout_wr=0.578 (ussr=0.615 us=0.542) pl=-0.0179 vl=0.0968 ent=3.739 clip=0.174 kl=0.0126 t=23.2s (rollout=18.1s update=5.1s)
  [league] opponents: ['self', 'iter_0060', 'iter_0001', 'iter_0020', 'iter_0030', 'iter_0020']
  [pfsp]
    iter_0060: WR_ussr=0.53(n=256) WR_us=0.53(n=256) pfsp=0.469
    iter_0001: WR_ussr=0.51(n=1776) WR_us=0.40(n=1776) pfsp=0.544
    iter_0020: WR_ussr=0.56(n=848) WR_us=0.43(n=848) pfsp=0.507
    iter_0030: WR_ussr=0.61(n=784) WR_us=0.49(n=784) pfsp=0.451
  [diag] inf dtype=torch.float32 shape=torch.Size([2048, 172]) nan=0 inf_vals=0 range=[0.00,54.00]
  [diag] scalar dtype=torch.float32 nan=0 range=[-0.850,1.125]
  [diag] card_logits nan=0 range=[-20.72,13.71]
  [diag] values nan=0 range=[-0.9674,0.9570]
[iter  75/80] steps=12610 rollout_wr=0.542 (ussr=0.542 us=0.542) pl=-0.0228 vl=0.1152 ent=3.811 clip=0.157 kl=0.0127 t=21.8s (rollout=16.8s update=5.0s)
  [league] opponents: ['self', 'iter_0070', 'iter_0070', 'iter_0060', 'iter_0020', 'iter_0050']
  [pfsp]
    iter_0070: WR_ussr=0.61(n=64) WR_us=0.59(n=64) pfsp=0.398
    iter_0060: WR_ussr=0.54(n=272) WR_us=0.54(n=272) pfsp=0.461
    iter_0020: WR_ussr=0.56(n=880) WR_us=0.43(n=880) pfsp=0.504
    iter_0050: WR_ussr=0.55(n=432) WR_us=0.54(n=432) pfsp=0.455
  [diag] inf dtype=torch.float32 shape=torch.Size([2048, 172]) nan=0 inf_vals=0 range=[0.00,60.00]
  [diag] scalar dtype=torch.float32 nan=0 range=[-0.950,1.000]
  [diag] card_logits nan=0 range=[-20.48,14.48]
  [diag] values nan=0 range=[-0.9692,0.9495]
[iter  76/80] steps=13178 rollout_wr=0.516 (ussr=0.479 us=0.552) pl=-0.0198 vl=0.1002 ent=3.718 clip=0.161 kl=0.0137 t=22.8s (rollout=17.8s update=5.0s)
  [league] opponents: ['self', 'iter_0060', 'iter_0030', 'iter_0070', 'iter_0070', 'iter_0070']
  [pfsp]
    iter_0060: WR_ussr=0.53(n=288) WR_us=0.55(n=288) pfsp=0.464
    iter_0030: WR_ussr=0.61(n=800) WR_us=0.49(n=800) pfsp=0.450
    iter_0070: WR_ussr=0.60(n=96) WR_us=0.59(n=96) pfsp=0.401
  [diag] inf dtype=torch.float32 shape=torch.Size([2048, 172]) nan=0 inf_vals=0 range=[0.00,71.00]
  [diag] scalar dtype=torch.float32 nan=0 range=[-0.850,1.125]
  [diag] card_logits nan=0 range=[-21.20,13.84]
  [diag] values nan=0 range=[-0.9645,0.9543]
[iter  77/80] steps=13063 rollout_wr=0.516 (ussr=0.510 us=0.521) pl=-0.0184 vl=0.0995 ent=3.785 clip=0.180 kl=0.0153 t=22.8s (rollout=17.6s update=5.2s)
  [league] opponents: ['self', 'iter_0001', 'iter_0070', 'iter_0040', 'iter_0020', 'iter_0030']
  [pfsp]
    iter_0001: WR_ussr=0.51(n=1792) WR_us=0.40(n=1792) pfsp=0.544
    iter_0070: WR_ussr=0.60(n=144) WR_us=0.59(n=144) pfsp=0.403
    iter_0040: WR_ussr=0.60(n=560) WR_us=0.53(n=560) pfsp=0.436
    iter_0020: WR_ussr=0.56(n=896) WR_us=0.43(n=896) pfsp=0.504
    iter_0030: WR_ussr=0.60(n=816) WR_us=0.49(n=816) pfsp=0.453
  [diag] inf dtype=torch.float32 shape=torch.Size([2048, 172]) nan=0 inf_vals=0 range=[0.00,66.00]
  [diag] scalar dtype=torch.float32 nan=0 range=[-0.950,1.125]
  [diag] card_logits nan=0 range=[-20.55,13.76]
  [diag] values nan=0 range=[-0.9716,0.9538]
[iter  78/80] steps=12838 rollout_wr=0.474 (ussr=0.469 us=0.479) pl=-0.0205 vl=0.1013 ent=3.728 clip=0.147 kl=0.0087 t=22.7s (rollout=17.8s update=4.9s)
  [league] opponents: ['self', 'iter_0070', 'iter_0070', 'iter_0070', 'iter_0001', 'iter_0030']
  [pfsp]
    iter_0070: WR_ussr=0.62(n=160) WR_us=0.59(n=160) pfsp=0.394
    iter_0001: WR_ussr=0.51(n=1808) WR_us=0.40(n=1808) pfsp=0.545
    iter_0030: WR_ussr=0.60(n=832) WR_us=0.49(n=832) pfsp=0.456
  [diag] inf dtype=torch.float32 shape=torch.Size([2048, 172]) nan=0 inf_vals=0 range=[0.00,69.00]
  [diag] scalar dtype=torch.float32 nan=0 range=[-0.900,1.125]
  [diag] card_logits nan=0 range=[-20.00,13.50]
  [diag] values nan=0 range=[-0.9817,0.9648]
[iter  79/80] steps=13427 rollout_wr=0.516 (ussr=0.510 us=0.521) pl=-0.0216 vl=0.1104 ent=3.775 clip=0.173 kl=0.0134 t=23.5s (rollout=18.3s update=5.2s)
  Saved to league pool: data/checkpoints/ppo_v60_league/iter_0080.pt
  [league] opponents: ['self', 'iter_0050', 'iter_0020', 'iter_0030', 'iter_0020', 'iter_0030']
  [pfsp]
    iter_0050: WR_ussr=0.55(n=448) WR_us=0.53(n=448) pfsp=0.460
    iter_0020: WR_ussr=0.56(n=912) WR_us=0.43(n=912) pfsp=0.506
    iter_0030: WR_ussr=0.60(n=848) WR_us=0.49(n=848) pfsp=0.456
  [diag] inf dtype=torch.float32 shape=torch.Size([2048, 172]) nan=0 inf_vals=0 range=[0.00,60.00]
  [diag] scalar dtype=torch.float32 nan=0 range=[-0.800,1.125]
  [diag] card_logits nan=0 range=[-21.39,14.12]
  [diag] values nan=0 range=[-0.9563,0.9574]
[iter  80/80] steps=12824 rollout_wr=0.479 (ussr=0.490 us=0.469) pl=-0.0213 vl=0.1132 ent=3.745 clip=0.173 kl=0.0121 t=22.7s (rollout=17.6s update=5.0s)
  [panel eval] launched pid=307234 iter=80 panel=['v8', 'v14', 'v22', 'heuristic']
wandb: updating run metadata
wandb: uploading config.yaml; uploading output.log; uploading wandb-summary.json
wandb: uploading history steps 78-79, summary, console lines 816-824
wandb: 
wandb: Run history:
wandb:                 approx_kl ▂▁▁▁▂▁▁▁▁▂▂▂▃▂▂▂▄▃▅▃▃▃▄▄▄▄▃▃▄▃▄▂▄▄▃▅▇█▄▆
wandb:             clip_fraction ▄▁▂▁▂▂▃▁▂▂▃▄▅▄▄▄▄▆▃▄▆▄▅▄▄▄▄▅▃▇▆▄▆▅▆▄▆███
wandb:   core_scalar_weight_norm ▁▁▂▂▂▃▂▃▃▄▄▄▄▄▄▄▄▄▄▄▅▅▅▅▆▆▆▆▆▆▇▇▇▆▇▇▇███
wandb:                  ent_coef ▁▁▁▁▁▁▁▁▁▁▁▁▁▁▁▁▁▁▁▁▁▁▁▁▁▁▁▁▁▁▁▁▁▁▁▁▁▁▁▁
wandb:                   entropy ▆▄▅▅▅▇▅▆▅▆▇██▇▅▆▆▅▃▅▄▃▃▃▇▅▇▅▃▅▄▄▁▅▃▄▃▃▃▂
wandb:               iter_time_s ▂▁▂▂▂█▆▁▁▁▁▁▁▆▆▁▁▁▂▁▁▁▃▁▁▁▁▁▁▁▆▂▂▂▂▂▂▂▂▂
wandb:                   n_steps ▅▅▁▃▃▃▆▆▆▃▄▄▅▆▅▃▃▄▄▅▅▅▆▃▅▄▇▇▆▄▇▇▅▆█▇█▄▅▅
wandb:    new_scalar_weight_norm ▂▂▂▂▃▂▂▂▂▁▂▃▃▄▄▄▄▄▅▄▅▆▇▇█████▇▇▇▇▇▆▇▇██▇
wandb:               policy_loss ▄▄▅▆▄▆▅▄▅▅▄▄█▆▅▆▁▂▅▄▄▄▅▄▁▅▄▅▃▅▅▃▄▄▄▅▄▂▃▃
wandb: region_scalar_weight_norm ▃▃▃▅▄▄▄▅▆▆▆▆▆█▇▆▅▅▅▅▄▃▂▂▂▃▂▂▁▃▅▅▅▅▄▆▇█▇▆
wandb:                      +141 ...
wandb: 
wandb: Run summary:
wandb:                 approx_kl 0.01209
wandb:             clip_fraction 0.17266
wandb:   core_scalar_weight_norm 4.05794
wandb:                  ent_coef 0.003
wandb:                   entropy 3.74494
wandb:               iter_time_s 22.69091
wandb:                   n_steps 12824
wandb:    new_scalar_weight_norm 2.70639
wandb:               policy_loss -0.02134
wandb: region_scalar_weight_norm 3.41166
wandb:                      +141 ...
wandb: 
wandb: 🚀 View run ppo_v60 at: https://wandb.ai/korduban-ai/twilight-struggle-ai/runs/f5f331d9
wandb: ⭐️ View project at: https://wandb.ai/korduban-ai/twilight-struggle-ai
wandb: Synced 5 W&B file(s), 0 media file(s), 0 artifact file(s) and 0 other file(s)
wandb: Find logs at: ./wandb/run-20260411_061442-f5f331d9/logs

Training complete in 34.1 minutes
Checkpoints in: data/checkpoints/ppo_v60_league
