wandb: [wandb.login()] Loaded credentials for https://api.wandb.ai from WANDB_API_KEY.
wandb: Currently logged in as: dkorduban (korduban-ai) to https://api.wandb.ai. Use `wandb login --relogin` to force relogin
wandb: setting up run 0c590ce3
wandb: Tracking run with wandb version 0.25.1
wandb: Run data is saved locally in /home/dkord/code/twilight-struggle-ai/wandb/run-20260411_033305-0c590ce3
wandb: Run `wandb offline` to turn off syncing.
wandb: Syncing run ppo_v57
wandb: ⭐️ View project at https://wandb.ai/korduban-ai/twilight-struggle-ai
wandb: 🚀 View run at https://wandb.ai/korduban-ai/twilight-struggle-ai/runs/0c590ce3
Loading checkpoint: data/checkpoints/ppo_v56_league/ppo_best.pt
  --reset-optimizer: skipping optimizer state restore, starting fresh Adam.

Starting PPO training: 80 iterations × 200 games/iter, side=both
Device: cuda, lr=2e-05, clip=0.12, ent=0.01, vf=0.5
League training enabled (pool: data/checkpoints/ppo_v57_league, save-every=10)
  Saved to league pool: data/checkpoints/ppo_v57_league/iter_0001.pt
  [league] opponents: ['self', 'iter_0001', 'iter_0001', 'iter_0001', 'iter_0001', 'iter_0001']
  [pfsp]
    iter_0001: WR_ussr=?(n=0) WR_us=?(n=0) pfsp=1.000
  [diag] inf dtype=torch.float32 shape=torch.Size([2048, 172]) nan=0 inf_vals=0 range=[0.00,40.00]
  [diag] scalar dtype=torch.float32 nan=0 range=[-0.667,1.125]
  [diag] card_logits nan=0 range=[-17.13,13.08]
  [diag] values nan=0 range=[-0.9588,0.9445]
[iter   1/80] steps=12403 rollout_wr=0.370 (ussr=0.427 us=0.312) pl=-0.0119 vl=0.1108 ent=3.925 clip=0.120 kl=0.0037 t=20.6s (rollout=15.0s update=5.7s)
  [league] opponents: ['self', 'v19_scripted', 'iter_0001', 'iter_0001', 'iter_0001', 'iter_0001']
  [pfsp]
    v19_scripted: WR_ussr=?(n=0) WR_us=?(n=0) pfsp=1.000
    iter_0001: WR_ussr=0.42(n=80) WR_us=0.30(n=80) pfsp=0.637
  [diag] inf dtype=torch.float32 shape=torch.Size([2048, 172]) nan=0 inf_vals=0 range=[0.00,52.00]
  [diag] scalar dtype=torch.float32 nan=0 range=[-0.850,1.125]
  [diag] card_logits nan=0 range=[-17.71,13.12]
  [diag] values nan=0 range=[-0.9645,0.9256]
[iter   2/80] steps=12739 rollout_wr=0.427 (ussr=0.479 us=0.375) pl=-0.0100 vl=0.1048 ent=3.919 clip=0.083 kl=0.0031 t=20.8s (rollout=15.7s update=5.1s)
  [league] opponents: ['self', 'iter_0001', 'iter_0001', 'iter_0001', 'iter_0001', 'iter_0001']
  [pfsp]
    iter_0001: WR_ussr=0.46(n=144) WR_us=0.35(n=144) pfsp=0.597
  [diag] inf dtype=torch.float32 shape=torch.Size([2048, 172]) nan=0 inf_vals=0 range=[0.00,41.00]
  [diag] scalar dtype=torch.float32 nan=0 range=[-0.950,1.250]
  [diag] card_logits nan=0 range=[-16.73,13.05]
  [diag] values nan=0 range=[-0.9440,0.9312]
[iter   3/80] steps=12416 rollout_wr=0.448 (ussr=0.510 us=0.385) pl=-0.0202 vl=0.1189 ent=3.883 clip=0.085 kl=0.0025 t=20.2s (rollout=15.3s update=4.9s)
  [league] opponents: ['self', 'iter_0001', 'iter_0001', 'iter_0001', 'iter_0001', 'iter_0001']
  [pfsp]
    iter_0001: WR_ussr=0.47(n=224) WR_us=0.35(n=224) pfsp=0.589
  [diag] inf dtype=torch.float32 shape=torch.Size([2048, 172]) nan=0 inf_vals=0 range=[0.00,42.00]
  [diag] scalar dtype=torch.float32 nan=0 range=[-0.900,1.125]
  [diag] card_logits nan=0 range=[-18.06,13.94]
  [diag] values nan=0 range=[-0.9754,0.9412]
[iter   4/80] steps=12249 rollout_wr=0.396 (ussr=0.490 us=0.302) pl=-0.0149 vl=0.0994 ent=3.903 clip=0.090 kl=0.0027 t=19.5s (rollout=14.9s update=4.6s)
  [league] opponents: ['self', 'iter_0001', 'iter_0001', 'iter_0001', 'iter_0001', 'iter_0001']
  [pfsp]
    iter_0001: WR_ussr=0.48(n=304) WR_us=0.34(n=304) pfsp=0.587
  [diag] inf dtype=torch.float32 shape=torch.Size([2048, 172]) nan=0 inf_vals=0 range=[0.00,42.00]
  [diag] scalar dtype=torch.float32 nan=0 range=[-0.750,1.125]
  [diag] card_logits nan=0 range=[-16.65,13.33]
  [diag] values nan=0 range=[-0.9749,0.9556]
[iter   5/80] steps=12376 rollout_wr=0.375 (ussr=0.531 us=0.219) pl=-0.0108 vl=0.1104 ent=3.863 clip=0.077 kl=0.0025 t=20.1s (rollout=15.3s update=4.7s)
  [league] opponents: ['self', 'iter_0001', 'iter_0001', 'iter_0001', 'iter_0001', 'iter_0001']
  [pfsp]
    iter_0001: WR_ussr=0.49(n=384) WR_us=0.32(n=384) pfsp=0.598
  [diag] inf dtype=torch.float32 shape=torch.Size([2048, 172]) nan=0 inf_vals=0 range=[0.00,39.00]
  [diag] scalar dtype=torch.float32 nan=0 range=[-0.950,1.125]
  [diag] card_logits nan=0 range=[-17.26,12.58]
  [diag] values nan=0 range=[-0.9641,0.9057]
[iter   6/80] steps=12526 rollout_wr=0.438 (ussr=0.458 us=0.417) pl=-0.0170 vl=0.1118 ent=3.853 clip=0.096 kl=0.0030 t=20.2s (rollout=15.2s update=5.0s)
  [league] opponents: ['self', 'iter_0001', 'iter_0001', 'iter_0001', 'iter_0001', 'iter_0001']
  [pfsp]
    iter_0001: WR_ussr=0.48(n=464) WR_us=0.33(n=464) pfsp=0.593
  [diag] inf dtype=torch.float32 shape=torch.Size([2048, 172]) nan=0 inf_vals=0 range=[0.00,40.00]
  [diag] scalar dtype=torch.float32 nan=0 range=[-0.900,1.000]
  [diag] card_logits nan=0 range=[-16.63,14.32]
  [diag] values nan=0 range=[-0.9637,0.9352]
[iter   7/80] steps=12535 rollout_wr=0.396 (ussr=0.479 us=0.312) pl=-0.0158 vl=0.1105 ent=3.855 clip=0.087 kl=0.0031 t=20.1s (rollout=15.2s update=4.9s)
  [league] opponents: ['self', 'iter_0001', 'iter_0001', 'iter_0001', 'iter_0001', 'iter_0001']
  [pfsp]
    iter_0001: WR_ussr=0.48(n=544) WR_us=0.33(n=544) pfsp=0.595
  [diag] inf dtype=torch.float32 shape=torch.Size([2048, 172]) nan=0 inf_vals=0 range=[0.00,36.00]
  [diag] scalar dtype=torch.float32 nan=0 range=[-0.800,1.125]
  [diag] card_logits nan=0 range=[-16.85,13.27]
  [diag] values nan=0 range=[-0.9655,0.9324]
[iter   8/80] steps=12380 rollout_wr=0.396 (ussr=0.479 us=0.312) pl=0.0010 vl=0.1093 ent=3.914 clip=0.085 kl=0.0026 t=20.2s (rollout=15.3s update=4.9s)
  [league] opponents: ['self', 'iter_0001', 'iter_0001', 'iter_0001', 'iter_0001', 'iter_0001']
  [pfsp]
    iter_0001: WR_ussr=0.48(n=624) WR_us=0.33(n=624) pfsp=0.595
  [diag] inf dtype=torch.float32 shape=torch.Size([2048, 172]) nan=0 inf_vals=0 range=[0.00,47.00]
  [diag] scalar dtype=torch.float32 nan=0 range=[-0.950,1.125]
  [diag] card_logits nan=0 range=[-18.14,13.00]
  [diag] values nan=0 range=[-0.9672,0.9185]
[iter   9/80] steps=12739 rollout_wr=0.401 (ussr=0.427 us=0.375) pl=-0.0132 vl=0.1058 ent=3.891 clip=0.084 kl=0.0025 t=20.7s (rollout=15.8s update=4.9s)
  Saved to league pool: data/checkpoints/ppo_v57_league/iter_0010.pt
  [league] opponents: ['self', 'iter_0010', 'iter_0001', 'iter_0010', 'iter_0001', 'iter_0010']
  [pfsp]
    iter_0010: WR_ussr=?(n=0) WR_us=?(n=0) pfsp=1.000
    iter_0001: WR_ussr=0.47(n=704) WR_us=0.34(n=704) pfsp=0.596
  [diag] inf dtype=torch.float32 shape=torch.Size([2048, 172]) nan=0 inf_vals=0 range=[0.00,37.00]
  [diag] scalar dtype=torch.float32 nan=0 range=[-0.800,1.250]
  [diag] card_logits nan=0 range=[-17.58,13.81]
  [diag] values nan=0 range=[-0.9687,0.9377]
[iter  10/80] steps=12421 rollout_wr=0.391 (ussr=0.542 us=0.240) pl=-0.0199 vl=0.1147 ent=3.872 clip=0.080 kl=0.0026 t=20.2s (rollout=15.5s update=4.8s)
  [panel eval] launched pid=283289 iter=10 panel=['v8', 'v14', 'v22', 'heuristic']
  [league] opponents: ['self', 'iter_0001', 'iter_0010', 'iter_0010', 'iter_0010', 'iter_0001']
  [pfsp]
    iter_0001: WR_ussr=0.48(n=736) WR_us=0.33(n=736) pfsp=0.599
    iter_0010: WR_ussr=0.56(n=48) WR_us=0.31(n=48) pfsp=0.562
  [diag] inf dtype=torch.float32 shape=torch.Size([2048, 172]) nan=0 inf_vals=0 range=[0.00,38.00]
  [diag] scalar dtype=torch.float32 nan=0 range=[-0.750,1.000]
  [diag] card_logits nan=0 range=[-18.51,13.53]
  [diag] values nan=0 range=[-0.9771,0.8569]
[iter  11/80] steps=12418 rollout_wr=0.427 (ussr=0.510 us=0.344) pl=-0.0174 vl=0.1167 ent=3.907 clip=0.076 kl=0.0026 t=36.6s (rollout=31.5s update=5.1s)
  [league] opponents: ['self', 'iter_0001', 'v10_scripted', 'iter_0001', 'iter_0010', 'iter_0001']
  [pfsp]
    iter_0001: WR_ussr=0.48(n=768) WR_us=0.33(n=768) pfsp=0.596
    v10_scripted: WR_ussr=?(n=8) WR_us=?(n=8) pfsp=1.000
    iter_0010: WR_ussr=0.50(n=96) WR_us=0.34(n=96) pfsp=0.578
  [diag] inf dtype=torch.float32 shape=torch.Size([2048, 172]) nan=0 inf_vals=0 range=[0.00,41.00]
  [diag] scalar dtype=torch.float32 nan=0 range=[-0.900,1.250]
  [diag] card_logits nan=0 range=[-19.88,13.05]
  [diag] values nan=0 range=[-0.9561,0.9352]
[iter  12/80] steps=12575 rollout_wr=0.438 (ussr=0.479 us=0.396) pl=-0.0171 vl=0.1077 ent=3.809 clip=0.082 kl=0.0025 t=36.8s (rollout=31.7s update=5.0s)
  [league] opponents: ['self', 'iter_0010', 'iter_0001', 'iter_0001', 'iter_0001', 'iter_0001']
  [pfsp]
    iter_0010: WR_ussr=0.51(n=112) WR_us=0.34(n=112) pfsp=0.576
    iter_0001: WR_ussr=0.47(n=816) WR_us=0.33(n=816) pfsp=0.600
  [diag] inf dtype=torch.float32 shape=torch.Size([2048, 172]) nan=0 inf_vals=0 range=[0.00,38.00]
  [diag] scalar dtype=torch.float32 nan=0 range=[-0.667,1.125]
  [diag] card_logits nan=0 range=[-18.05,13.54]
  [diag] values nan=0 range=[-0.9523,0.9445]
[iter  13/80] steps=12680 rollout_wr=0.417 (ussr=0.417 us=0.417) pl=-0.0230 vl=0.1075 ent=3.901 clip=0.104 kl=0.0031 t=27.0s (rollout=22.0s update=5.0s)
  [panel eval iter 10] avg=0.600: v8=0.470 | v14=0.545 | v22=0.530 | heuristic=0.855
  [league] opponents: ['self', 'iter_0001', 'iter_0010', 'iter_0001', 'iter_0010', 'iter_0001']
  [pfsp]
    iter_0001: WR_ussr=0.47(n=880) WR_us=0.34(n=880) pfsp=0.599
    iter_0010: WR_ussr=0.52(n=128) WR_us=0.33(n=128) pfsp=0.578
wandb: WARNING Tried to log to step 10 that is less than the current step 12. Steps must be monotonically increasing, so this data will be ignored. See https://wandb.me/define-metric to log data out of order.
  [diag] inf dtype=torch.float32 shape=torch.Size([2048, 172]) nan=0 inf_vals=0 range=[0.00,46.00]
  [diag] scalar dtype=torch.float32 nan=0 range=[-0.950,1.125]
  [diag] card_logits nan=0 range=[-17.37,13.04]
  [diag] values nan=0 range=[-0.9634,0.9584]
[iter  14/80] steps=12534 rollout_wr=0.406 (ussr=0.510 us=0.302) pl=-0.0163 vl=0.1248 ent=3.906 clip=0.094 kl=0.0028 t=20.7s (rollout=15.9s update=4.8s)
  [league] opponents: ['self', 'iter_0010', 'iter_0010', 'iter_0001', 'iter_0010', 'iter_0001']
  [pfsp]
    iter_0010: WR_ussr=0.53(n=160) WR_us=0.31(n=160) pfsp=0.581
    iter_0001: WR_ussr=0.47(n=928) WR_us=0.34(n=928) pfsp=0.598
  [diag] inf dtype=torch.float32 shape=torch.Size([2048, 172]) nan=0 inf_vals=0 range=[0.00,36.00]
  [diag] scalar dtype=torch.float32 nan=0 range=[-0.800,1.000]
  [diag] card_logits nan=0 range=[-18.34,13.42]
  [diag] values nan=0 range=[-0.9549,0.9144]
[iter  15/80] steps=12676 rollout_wr=0.474 (ussr=0.490 us=0.458) pl=-0.0165 vl=0.1100 ent=3.871 clip=0.093 kl=0.0029 t=20.8s (rollout=15.9s update=4.9s)
  [league] opponents: ['self', 'iter_0010', 'iter_0010', 'iter_0010', 'iter_0010', 'iter_0010']
  [pfsp]
    iter_0010: WR_ussr=0.55(n=208) WR_us=0.34(n=208) pfsp=0.555
  [diag] inf dtype=torch.float32 shape=torch.Size([2048, 172]) nan=0 inf_vals=0 range=[0.00,37.00]
  [diag] scalar dtype=torch.float32 nan=0 range=[-0.667,1.000]
  [diag] card_logits nan=0 range=[-17.95,13.79]
  [diag] values nan=0 range=[-0.9670,0.9202]
[iter  16/80] steps=12856 rollout_wr=0.464 (ussr=0.552 us=0.375) pl=-0.0147 vl=0.1170 ent=3.864 clip=0.101 kl=0.0031 t=21.1s (rollout=16.2s update=4.9s)
  [league] opponents: ['self', 'iter_0010', 'iter_0001', 'iter_0001', 'iter_0001', 'iter_0010']
  [pfsp]
    iter_0010: WR_ussr=0.55(n=288) WR_us=0.35(n=288) pfsp=0.550
    iter_0001: WR_ussr=0.47(n=960) WR_us=0.34(n=960) pfsp=0.595
  [diag] inf dtype=torch.float32 shape=torch.Size([2048, 172]) nan=0 inf_vals=0 range=[0.00,38.00]
  [diag] scalar dtype=torch.float32 nan=0 range=[-0.900,1.125]
  [diag] card_logits nan=0 range=[-17.86,12.97]
  [diag] values nan=0 range=[-0.9643,0.9014]
[iter  17/80] steps=12736 rollout_wr=0.448 (ussr=0.490 us=0.406) pl=-0.0131 vl=0.1081 ent=3.871 clip=0.088 kl=0.0028 t=20.7s (rollout=15.8s update=5.0s)
  [league] opponents: ['self', 'iter_0001', 'iter_0010', 'iter_0010', 'iter_0010', 'iter_0010']
  [pfsp]
    iter_0001: WR_ussr=0.47(n=1008) WR_us=0.35(n=1008) pfsp=0.592
    iter_0010: WR_ussr=0.56(n=320) WR_us=0.35(n=320) pfsp=0.545
  [diag] inf dtype=torch.float32 shape=torch.Size([2048, 172]) nan=0 inf_vals=0 range=[0.00,45.00]
  [diag] scalar dtype=torch.float32 nan=0 range=[-0.750,1.125]
  [diag] card_logits nan=0 range=[-17.18,13.87]
  [diag] values nan=0 range=[-0.9691,0.9312]
[iter  18/80] steps=12320 rollout_wr=0.464 (ussr=0.562 us=0.365) pl=-0.0111 vl=0.1163 ent=3.943 clip=0.095 kl=0.0028 t=19.9s (rollout=15.1s update=4.8s)
  [league] opponents: ['self', 'iter_0010', 'iter_0010', 'iter_0001', 'iter_0010', 'iter_0001']
  [pfsp]
    iter_0010: WR_ussr=0.57(n=384) WR_us=0.34(n=384) pfsp=0.546
    iter_0001: WR_ussr=0.46(n=1024) WR_us=0.35(n=1024) pfsp=0.593
  [diag] inf dtype=torch.float32 shape=torch.Size([2048, 172]) nan=0 inf_vals=0 range=[0.00,57.00]
  [diag] scalar dtype=torch.float32 nan=0 range=[-0.950,1.125]
  [diag] card_logits nan=0 range=[-17.38,13.80]
  [diag] values nan=0 range=[-0.9330,0.9231]
[iter  19/80] steps=12934 rollout_wr=0.510 (ussr=0.542 us=0.479) pl=-0.0166 vl=0.1184 ent=3.881 clip=0.110 kl=0.0032 t=20.8s (rollout=15.8s update=4.9s)
  Saved to league pool: data/checkpoints/ppo_v57_league/iter_0020.pt
  [league] opponents: ['self', 'iter_0020', 'iter_0020', 'iter_0001', 'iter_0020', 'iter_0020']
  [pfsp]
    iter_0020: WR_ussr=?(n=0) WR_us=?(n=0) pfsp=1.000
    iter_0001: WR_ussr=0.46(n=1056) WR_us=0.36(n=1056) pfsp=0.590
  [diag] inf dtype=torch.float32 shape=torch.Size([2048, 172]) nan=0 inf_vals=0 range=[0.00,36.00]
  [diag] scalar dtype=torch.float32 nan=0 range=[-0.850,1.125]
  [diag] card_logits nan=0 range=[-16.92,13.29]
  [diag] values nan=0 range=[-0.9680,0.9071]
[iter  20/80] steps=12347 rollout_wr=0.406 (ussr=0.458 us=0.354) pl=-0.0052 vl=0.1168 ent=3.927 clip=0.092 kl=0.0029 t=20.6s (rollout=15.7s update=4.8s)
  [panel eval] launched pid=283819 iter=20 panel=['v8', 'v14', 'v22', 'heuristic']
  [league] opponents: ['self', 'iter_0010', 'iter_0020', 'iter_0010', 'iter_0010', 'iter_0020']
  [pfsp]
    iter_0010: WR_ussr=0.56(n=432) WR_us=0.36(n=432) pfsp=0.537
    iter_0020: WR_ussr=0.45(n=64) WR_us=0.34(n=64) pfsp=0.602
  [diag] inf dtype=torch.float32 shape=torch.Size([2048, 172]) nan=0 inf_vals=0 range=[0.00,41.00]
  [diag] scalar dtype=torch.float32 nan=0 range=[-0.700,1.125]
  [diag] card_logits nan=0 range=[-17.09,14.92]
  [diag] values nan=0 range=[-0.9680,0.9262]
[iter  21/80] steps=12772 rollout_wr=0.469 (ussr=0.510 us=0.427) pl=-0.0126 vl=0.1079 ent=3.883 clip=0.082 kl=0.0027 t=36.8s (rollout=31.6s update=5.3s)
  [league] opponents: ['self', 'iter_0001', 'iter_0020', 'iter_0010', 'iter_0010', 'iter_0010']
  [pfsp]
    iter_0001: WR_ussr=0.46(n=1072) WR_us=0.35(n=1072) pfsp=0.592
    iter_0020: WR_ussr=0.45(n=96) WR_us=0.36(n=96) pfsp=0.594
    iter_0010: WR_ussr=0.56(n=480) WR_us=0.37(n=480) pfsp=0.532
  [diag] inf dtype=torch.float32 shape=torch.Size([2048, 172]) nan=0 inf_vals=0 range=[0.00,39.00]
  [diag] scalar dtype=torch.float32 nan=0 range=[-0.700,1.125]
  [diag] card_logits nan=0 range=[-16.58,13.16]
  [diag] values nan=0 range=[-0.9414,0.9587]
[iter  22/80] steps=12607 rollout_wr=0.469 (ussr=0.573 us=0.365) pl=-0.0176 vl=0.1124 ent=3.889 clip=0.089 kl=0.0030 t=37.6s (rollout=32.6s update=5.0s)
  [league] opponents: ['self', 'iter_0001', 'iter_0020', 'iter_0020', 'iter_0010', 'iter_0020']
  [pfsp]
    iter_0001: WR_ussr=0.46(n=1088) WR_us=0.35(n=1088) pfsp=0.594
    iter_0020: WR_ussr=0.49(n=112) WR_us=0.36(n=112) pfsp=0.576
    iter_0010: WR_ussr=0.57(n=528) WR_us=0.38(n=528) pfsp=0.527
  [diag] inf dtype=torch.float32 shape=torch.Size([2048, 172]) nan=0 inf_vals=0 range=[0.00,39.00]
  [diag] scalar dtype=torch.float32 nan=0 range=[-0.850,1.125]
  [diag] card_logits nan=0 range=[-17.96,13.75]
  [diag] values nan=0 range=[-0.9710,0.9519]
[iter  23/80] steps=12433 rollout_wr=0.375 (ussr=0.458 us=0.292) pl=-0.0132 vl=0.1065 ent=3.898 clip=0.087 kl=0.0029 t=26.0s (rollout=21.1s update=4.9s)
  [panel eval iter 20] avg=0.550: v8=0.445 | v14=0.455 | v22=0.480 | heuristic=0.820
  [league] opponents: ['self', 'iter_0010', 'iter_0020', 'iter_0010', 'iter_0020', 'iter_0010']
  [pfsp]
    iter_0010: WR_ussr=0.57(n=544) WR_us=0.37(n=544) pfsp=0.529
    iter_0020: WR_ussr=0.47(n=160) WR_us=0.36(n=160) pfsp=0.588
wandb: WARNING Tried to log to step 20 that is less than the current step 22. Steps must be monotonically increasing, so this data will be ignored. See https://wandb.me/define-metric to log data out of order.
  [diag] inf dtype=torch.float32 shape=torch.Size([2048, 172]) nan=0 inf_vals=0 range=[0.00,45.00]
  [diag] scalar dtype=torch.float32 nan=0 range=[-0.800,1.000]
  [diag] card_logits nan=0 range=[-19.39,14.70]
  [diag] values nan=0 range=[-0.9742,0.9246]
[iter  24/80] steps=12330 rollout_wr=0.375 (ussr=0.427 us=0.323) pl=-0.0115 vl=0.1104 ent=3.878 clip=0.094 kl=0.0030 t=20.3s (rollout=15.4s update=4.9s)
  [league] opponents: ['self', 'iter_0001', 'iter_0001', 'iter_0020', 'iter_0001', 'iter_0001']
  [pfsp]
    iter_0001: WR_ussr=0.46(n=1104) WR_us=0.35(n=1104) pfsp=0.594
    iter_0020: WR_ussr=0.47(n=192) WR_us=0.36(n=192) pfsp=0.583
  [diag] inf dtype=torch.float32 shape=torch.Size([2048, 172]) nan=0 inf_vals=0 range=[0.00,37.00]
  [diag] scalar dtype=torch.float32 nan=0 range=[-0.900,1.000]
  [diag] card_logits nan=0 range=[-17.12,12.99]
  [diag] values nan=0 range=[-0.9653,0.9265]
[iter  25/80] steps=12567 rollout_wr=0.432 (ussr=0.521 us=0.344) pl=-0.0127 vl=0.1153 ent=3.803 clip=0.094 kl=0.0031 t=21.0s (rollout=16.2s update=4.8s)
  [league] opponents: ['self', 'iter_0010', 'iter_0010', 'iter_0001', 'iter_0010', 'iter_0001']
  [pfsp]
    iter_0010: WR_ussr=0.55(n=592) WR_us=0.37(n=592) pfsp=0.540
    iter_0001: WR_ussr=0.47(n=1168) WR_us=0.35(n=1168) pfsp=0.593
  [diag] inf dtype=torch.float32 shape=torch.Size([2048, 172]) nan=0 inf_vals=0 range=[0.00,44.00]
  [diag] scalar dtype=torch.float32 nan=0 range=[-0.900,1.125]
  [diag] card_logits nan=0 range=[-18.26,15.03]
  [diag] values nan=0 range=[-0.9691,0.8514]
[iter  26/80] steps=12628 rollout_wr=0.422 (ussr=0.479 us=0.365) pl=-0.0121 vl=0.1092 ent=3.842 clip=0.091 kl=0.0029 t=21.1s (rollout=16.0s update=5.1s)
  [league] opponents: ['self', 'iter_0001', 'iter_0001', 'iter_0001', 'iter_0010', 'iter_0010']
  [pfsp]
    iter_0001: WR_ussr=0.47(n=1200) WR_us=0.35(n=1200) pfsp=0.593
    iter_0010: WR_ussr=0.54(n=640) WR_us=0.37(n=640) pfsp=0.545
  [diag] inf dtype=torch.float32 shape=torch.Size([2048, 172]) nan=0 inf_vals=0 range=[0.00,38.00]
  [diag] scalar dtype=torch.float32 nan=0 range=[-0.700,1.000]
  [diag] card_logits nan=0 range=[-17.85,14.06]
  [diag] values nan=0 range=[-0.9679,0.8663]
[iter  27/80] steps=12800 rollout_wr=0.370 (ussr=0.406 us=0.333) pl=-0.0133 vl=0.1016 ent=3.822 clip=0.094 kl=0.0033 t=20.8s (rollout=15.8s update=5.0s)
  [league] opponents: ['self', 'iter_0010', 'iter_0001', 'iter_0020', 'iter_0001', 'iter_0001']
  [pfsp]
    iter_0010: WR_ussr=0.53(n=672) WR_us=0.36(n=672) pfsp=0.552
    iter_0001: WR_ussr=0.47(n=1248) WR_us=0.34(n=1248) pfsp=0.596
    iter_0020: WR_ussr=0.46(n=208) WR_us=0.36(n=208) pfsp=0.589
  [diag] inf dtype=torch.float32 shape=torch.Size([2048, 172]) nan=0 inf_vals=0 range=[0.00,41.00]
  [diag] scalar dtype=torch.float32 nan=0 range=[-0.950,1.000]
  [diag] card_logits nan=0 range=[-20.48,14.30]
  [diag] values nan=0 range=[-0.9645,0.9034]
[iter  28/80] steps=12680 rollout_wr=0.380 (ussr=0.500 us=0.260) pl=-0.0165 vl=0.1089 ent=3.834 clip=0.105 kl=0.0035 t=21.2s (rollout=16.1s update=5.0s)
  [league] opponents: ['self', 'iter_0010', 'iter_0001', 'iter_0020', 'iter_0020', 'iter_0020']
  [pfsp]
    iter_0010: WR_ussr=0.53(n=688) WR_us=0.36(n=688) pfsp=0.554
    iter_0001: WR_ussr=0.46(n=1296) WR_us=0.34(n=1296) pfsp=0.600
    iter_0020: WR_ussr=0.47(n=224) WR_us=0.37(n=224) pfsp=0.583
  [diag] inf dtype=torch.float32 shape=torch.Size([2048, 172]) nan=0 inf_vals=0 range=[0.00,49.00]
  [diag] scalar dtype=torch.float32 nan=0 range=[-0.950,1.000]
  [diag] card_logits nan=0 range=[-19.08,14.03]
  [diag] values nan=0 range=[-0.9870,0.8623]
[iter  29/80] steps=12554 rollout_wr=0.380 (ussr=0.490 us=0.271) pl=-0.0141 vl=0.1166 ent=3.887 clip=0.083 kl=0.0027 t=21.4s (rollout=16.2s update=5.2s)
  Saved to league pool: data/checkpoints/ppo_v57_league/iter_0030.pt
  [league] opponents: ['self', 'iter_0001', 'iter_0020', 'iter_0020', 'iter_0001', 'iter_0030']
  [pfsp]
    iter_0001: WR_ussr=0.46(n=1312) WR_us=0.34(n=1312) pfsp=0.599
    iter_0020: WR_ussr=0.47(n=272) WR_us=0.35(n=272) pfsp=0.586
    iter_0030: WR_ussr=?(n=0) WR_us=?(n=0) pfsp=1.000
  [diag] inf dtype=torch.float32 shape=torch.Size([2048, 172]) nan=0 inf_vals=0 range=[0.00,49.00]
  [diag] scalar dtype=torch.float32 nan=0 range=[-0.950,1.000]
  [diag] card_logits nan=0 range=[-18.85,13.09]
  [diag] values nan=0 range=[-0.9880,0.9523]
[iter  30/80] steps=12634 rollout_wr=0.411 (ussr=0.448 us=0.375) pl=-0.0173 vl=0.1104 ent=3.885 clip=0.087 kl=0.0029 t=21.1s (rollout=16.1s update=4.9s)
  [panel eval] launched pid=284350 iter=30 panel=['v8', 'v14', 'v22', 'heuristic']
  [league] opponents: ['self', 'iter_0010', 'iter_0020', 'iter_0010', 'iter_0020', 'iter_0001']
  [pfsp]
    iter_0010: WR_ussr=0.53(n=704) WR_us=0.36(n=704) pfsp=0.556
    iter_0020: WR_ussr=0.47(n=304) WR_us=0.36(n=304) pfsp=0.582
    iter_0001: WR_ussr=0.46(n=1344) WR_us=0.34(n=1344) pfsp=0.599
  [diag] inf dtype=torch.float32 shape=torch.Size([2048, 172]) nan=0 inf_vals=0 range=[0.00,41.00]
  [diag] scalar dtype=torch.float32 nan=0 range=[-0.850,1.125]
  [diag] card_logits nan=0 range=[-18.55,13.12]
  [diag] values nan=0 range=[-0.9781,0.8803]
[iter  31/80] steps=12472 rollout_wr=0.479 (ussr=0.583 us=0.375) pl=-0.0130 vl=0.1173 ent=3.835 clip=0.084 kl=0.0027 t=35.4s (rollout=30.2s update=5.2s)
  [league] opponents: ['self', 'iter_0001', 'iter_0020', 'iter_0030', 'v46_scripted', 'iter_0010']
  [pfsp]
    iter_0001: WR_ussr=0.46(n=1360) WR_us=0.34(n=1360) pfsp=0.599
    iter_0020: WR_ussr=0.48(n=336) WR_us=0.36(n=336) pfsp=0.582
    iter_0030: WR_ussr=0.44(n=16) WR_us=0.31(n=16) pfsp=0.625
    v46_scripted: WR_ussr=0.55(n=11) WR_us=0.36(n=11) pfsp=0.545
    iter_0010: WR_ussr=0.54(n=736) WR_us=0.36(n=736) pfsp=0.550
  [diag] inf dtype=torch.float32 shape=torch.Size([2048, 172]) nan=0 inf_vals=0 range=[0.00,40.00]
  [diag] scalar dtype=torch.float32 nan=0 range=[-0.750,1.000]
  [diag] card_logits nan=0 range=[-18.38,13.33]
  [diag] values nan=0 range=[-0.9791,0.9580]
[iter  32/80] steps=12343 rollout_wr=0.427 (ussr=0.500 us=0.354) pl=-0.0189 vl=0.1173 ent=3.825 clip=0.079 kl=0.0032 t=38.6s (rollout=33.5s update=5.1s)
  [league] opponents: ['self', 'iter_0030', 'iter_0001', 'iter_0010', 'iter_0010', 'iter_0001']
  [pfsp]
    iter_0030: WR_ussr=0.47(n=32) WR_us=0.38(n=32) pfsp=0.578
    iter_0001: WR_ussr=0.46(n=1376) WR_us=0.34(n=1376) pfsp=0.600
    iter_0010: WR_ussr=0.53(n=752) WR_us=0.36(n=752) pfsp=0.551
  [diag] inf dtype=torch.float32 shape=torch.Size([2048, 172]) nan=0 inf_vals=0 range=[0.00,47.00]
  [diag] scalar dtype=torch.float32 nan=0 range=[-0.850,1.125]
  [diag] card_logits nan=0 range=[-19.26,14.91]
  [diag] values nan=0 range=[-0.9562,0.8793]
[iter  33/80] steps=12385 rollout_wr=0.396 (ussr=0.427 us=0.365) pl=-0.0090 vl=0.1076 ent=3.848 clip=0.091 kl=0.0030 t=26.6s (rollout=21.8s update=4.8s)
  [panel eval iter 30] avg=0.574: v8=0.450 | v14=0.535 | v22=0.495 | heuristic=0.815
  [league] opponents: ['self', 'iter_0010', 'iter_0001', 'iter_0030', 'iter_0010', 'iter_0020']
  [pfsp]
    iter_0010: WR_ussr=0.53(n=784) WR_us=0.37(n=784) pfsp=0.551
    iter_0001: WR_ussr=0.46(n=1408) WR_us=0.34(n=1408) pfsp=0.600
    iter_0030: WR_ussr=0.38(n=48) WR_us=0.35(n=48) pfsp=0.635
    iter_0020: WR_ussr=0.48(n=352) WR_us=0.36(n=352) pfsp=0.580
wandb: WARNING Tried to log to step 30 that is less than the current step 32. Steps must be monotonically increasing, so this data will be ignored. See https://wandb.me/define-metric to log data out of order.
  [diag] inf dtype=torch.float32 shape=torch.Size([2048, 172]) nan=0 inf_vals=0 range=[0.00,46.00]
  [diag] scalar dtype=torch.float32 nan=0 range=[-0.950,1.125]
  [diag] card_logits nan=0 range=[-19.10,14.98]
  [diag] values nan=0 range=[-0.9663,0.9139]
[iter  34/80] steps=12379 rollout_wr=0.438 (ussr=0.531 us=0.344) pl=-0.0131 vl=0.1134 ent=3.795 clip=0.101 kl=0.0039 t=20.8s (rollout=16.1s update=4.7s)
  [league] opponents: ['self', 'iter_0020', 'iter_0001', 'iter_0001', 'iter_0020', 'iter_0010']
  [pfsp]
    iter_0020: WR_ussr=0.48(n=368) WR_us=0.36(n=368) pfsp=0.580
    iter_0001: WR_ussr=0.46(n=1424) WR_us=0.34(n=1424) pfsp=0.601
    iter_0010: WR_ussr=0.54(n=816) WR_us=0.36(n=816) pfsp=0.551
  [diag] inf dtype=torch.float32 shape=torch.Size([2048, 172]) nan=0 inf_vals=0 range=[0.00,41.00]
  [diag] scalar dtype=torch.float32 nan=0 range=[-0.900,1.000]
  [diag] card_logits nan=0 range=[-18.45,13.51]
  [diag] values nan=0 range=[-0.9533,0.9361]
[iter  35/80] steps=12446 rollout_wr=0.396 (ussr=0.479 us=0.312) pl=-0.0178 vl=0.1045 ent=3.781 clip=0.088 kl=0.0031 t=21.3s (rollout=16.4s update=4.9s)
  [league] opponents: ['self', 'iter_0030', 'iter_0020', 'iter_0030', 'iter_0010', 'iter_0020']
  [pfsp]
    iter_0030: WR_ussr=0.44(n=64) WR_us=0.41(n=64) pfsp=0.578
    iter_0020: WR_ussr=0.49(n=400) WR_us=0.34(n=400) pfsp=0.583
    iter_0010: WR_ussr=0.54(n=832) WR_us=0.36(n=832) pfsp=0.551
  [diag] inf dtype=torch.float32 shape=torch.Size([2048, 172]) nan=0 inf_vals=0 range=[0.00,43.00]
  [diag] scalar dtype=torch.float32 nan=0 range=[-0.700,1.125]
  [diag] card_logits nan=0 range=[-18.04,13.75]
  [diag] values nan=0 range=[-0.9598,0.9254]
[iter  36/80] steps=12838 rollout_wr=0.370 (ussr=0.417 us=0.323) pl=-0.0121 vl=0.1044 ent=3.793 clip=0.082 kl=0.0029 t=21.2s (rollout=16.2s update=5.0s)
  [league] opponents: ['self', 'iter_0030', 'iter_0020', 'iter_0020', 'iter_0030', 'iter_0030']
  [pfsp]
    iter_0030: WR_ussr=0.45(n=96) WR_us=0.34(n=96) pfsp=0.604
    iter_0020: WR_ussr=0.48(n=432) WR_us=0.35(n=432) pfsp=0.587
  [diag] inf dtype=torch.float32 shape=torch.Size([2048, 172]) nan=0 inf_vals=0 range=[0.00,46.00]
  [diag] scalar dtype=torch.float32 nan=0 range=[-0.850,1.125]
  [diag] card_logits nan=0 range=[-18.36,12.82]
  [diag] values nan=0 range=[-0.9692,0.9097]
[iter  37/80] steps=12934 rollout_wr=0.427 (ussr=0.438 us=0.417) pl=-0.0192 vl=0.1138 ent=3.819 clip=0.086 kl=0.0030 t=22.0s (rollout=16.8s update=5.2s)
  [league] opponents: ['self', 'iter_0010', 'iter_0030', 'iter_0020', 'iter_0001', 'iter_0020']
  [pfsp]
    iter_0010: WR_ussr=0.53(n=848) WR_us=0.36(n=848) pfsp=0.552
    iter_0030: WR_ussr=0.43(n=144) WR_us=0.36(n=144) pfsp=0.604
    iter_0020: WR_ussr=0.48(n=464) WR_us=0.35(n=464) pfsp=0.582
    iter_0001: WR_ussr=0.46(n=1456) WR_us=0.34(n=1456) pfsp=0.602
  [diag] inf dtype=torch.float32 shape=torch.Size([2048, 172]) nan=0 inf_vals=0 range=[0.00,37.00]
  [diag] scalar dtype=torch.float32 nan=0 range=[-0.950,1.250]
  [diag] card_logits nan=0 range=[-19.14,13.01]
  [diag] values nan=0 range=[-0.9542,0.8939]
[iter  38/80] steps=12071 rollout_wr=0.479 (ussr=0.583 us=0.375) pl=-0.0147 vl=0.1255 ent=3.907 clip=0.092 kl=0.0034 t=20.4s (rollout=15.8s update=4.6s)
  [league] opponents: ['self', 'iter_0020', 'iter_0020', 'iter_0030', 'iter_0001', 'iter_0020']
  [pfsp]
    iter_0020: WR_ussr=0.49(n=496) WR_us=0.37(n=496) pfsp=0.572
    iter_0030: WR_ussr=0.44(n=160) WR_us=0.38(n=160) pfsp=0.591
    iter_0001: WR_ussr=0.46(n=1472) WR_us=0.33(n=1472) pfsp=0.603
  [diag] inf dtype=torch.float32 shape=torch.Size([2048, 172]) nan=0 inf_vals=0 range=[0.00,47.00]
  [diag] scalar dtype=torch.float32 nan=0 range=[-0.950,1.000]
  [diag] card_logits nan=0 range=[-18.04,13.62]
  [diag] values nan=0 range=[-0.9441,0.9146]
[iter  39/80] steps=12745 rollout_wr=0.438 (ussr=0.500 us=0.375) pl=-0.0194 vl=0.1132 ent=3.820 clip=0.094 kl=0.0034 t=21.3s (rollout=16.4s update=4.9s)
  Saved to league pool: data/checkpoints/ppo_v57_league/iter_0040.pt
  [league] opponents: ['self', 'iter_0040', 'iter_0030', 'iter_0010', 'iter_0040', 'iter_0030']
  [pfsp]
    iter_0040: WR_ussr=?(n=0) WR_us=?(n=0) pfsp=1.000
    iter_0030: WR_ussr=0.45(n=176) WR_us=0.39(n=176) pfsp=0.580
    iter_0010: WR_ussr=0.53(n=864) WR_us=0.36(n=864) pfsp=0.552
  [diag] inf dtype=torch.float32 shape=torch.Size([2048, 172]) nan=0 inf_vals=0 range=[0.00,35.00]
  [diag] scalar dtype=torch.float32 nan=0 range=[-0.950,1.125]
  [diag] card_logits nan=0 range=[-18.23,14.27]
  [diag] values nan=0 range=[-0.9621,0.9171]
[iter  40/80] steps=12440 rollout_wr=0.411 (ussr=0.458 us=0.365) pl=-0.0149 vl=0.1139 ent=3.778 clip=0.098 kl=0.0037 t=21.3s (rollout=16.5s update=4.8s)
  [panel eval] launched pid=284872 iter=40 panel=['v8', 'v14', 'v22', 'heuristic']
  [league] opponents: ['self', 'iter_0010', 'iter_0001', 'iter_0001', 'iter_0001', 'iter_0030']
  [pfsp]
    iter_0010: WR_ussr=0.53(n=880) WR_us=0.36(n=880) pfsp=0.553
    iter_0001: WR_ussr=0.46(n=1488) WR_us=0.33(n=1488) pfsp=0.603
    iter_0030: WR_ussr=0.46(n=208) WR_us=0.37(n=208) pfsp=0.587
  [diag] inf dtype=torch.float32 shape=torch.Size([2048, 172]) nan=0 inf_vals=0 range=[0.00,46.00]
  [diag] scalar dtype=torch.float32 nan=0 range=[-0.800,1.125]
  [diag] card_logits nan=0 range=[-18.58,14.23]
  [diag] values nan=0 range=[-0.9566,0.9300]
[iter  41/80] steps=12886 rollout_wr=0.464 (ussr=0.521 us=0.406) pl=-0.0188 vl=0.1109 ent=3.755 clip=0.089 kl=0.0037 t=36.4s (rollout=31.2s update=5.2s)
  [league] opponents: ['self', 'iter_0010', 'iter_0030', 'v46_scripted', 'iter_0040', 'iter_0040']
  [pfsp]
    iter_0010: WR_ussr=0.53(n=896) WR_us=0.36(n=896) pfsp=0.554
    iter_0030: WR_ussr=0.46(n=224) WR_us=0.38(n=224) pfsp=0.580
    v46_scripted: WR_ussr=0.56(n=27) WR_us=0.33(n=27) pfsp=0.556
    iter_0040: WR_ussr=0.41(n=32) WR_us=0.41(n=32) pfsp=0.594
  [diag] inf dtype=torch.float32 shape=torch.Size([2048, 172]) nan=0 inf_vals=0 range=[0.00,40.00]
  [diag] scalar dtype=torch.float32 nan=0 range=[-0.750,1.125]
  [diag] card_logits nan=0 range=[-19.07,13.01]
  [diag] values nan=0 range=[-0.9317,0.9205]
[iter  42/80] steps=12312 rollout_wr=0.438 (ussr=0.562 us=0.312) pl=-0.0274 vl=0.1148 ent=3.776 clip=0.099 kl=0.0034 t=37.7s (rollout=32.6s update=5.1s)
  [league] opponents: ['self', 'iter_0010', 'iter_0010', 'iter_0001', 'iter_0020', 'iter_0030']
  [pfsp]
    iter_0010: WR_ussr=0.53(n=912) WR_us=0.36(n=912) pfsp=0.554
    iter_0001: WR_ussr=0.46(n=1536) WR_us=0.34(n=1536) pfsp=0.602
    iter_0020: WR_ussr=0.49(n=544) WR_us=0.37(n=544) pfsp=0.569
    iter_0030: WR_ussr=0.47(n=240) WR_us=0.37(n=240) pfsp=0.577
  [diag] inf dtype=torch.float32 shape=torch.Size([2048, 172]) nan=0 inf_vals=0 range=[0.00,41.00]
  [diag] scalar dtype=torch.float32 nan=0 range=[-0.667,1.000]
  [diag] card_logits nan=0 range=[-18.57,15.34]
  [diag] values nan=0 range=[-0.9552,0.8576]
[iter  43/80] steps=12663 rollout_wr=0.359 (ussr=0.385 us=0.333) pl=-0.0158 vl=0.1048 ent=3.856 clip=0.107 kl=0.0050 t=27.1s (rollout=22.0s update=5.1s)
  [panel eval iter 40] avg=0.551: v8=0.435 | v14=0.485 | v22=0.465 | heuristic=0.820
  [league] opponents: ['self', 'iter_0001', 'iter_0020', 'iter_0030', 'iter_0030', 'iter_0030']
  [pfsp]
    iter_0001: WR_ussr=0.46(n=1552) WR_us=0.34(n=1552) pfsp=0.601
    iter_0020: WR_ussr=0.49(n=560) WR_us=0.38(n=560) pfsp=0.569
    iter_0030: WR_ussr=0.47(n=256) WR_us=0.37(n=256) pfsp=0.580
wandb: WARNING Tried to log to step 40 that is less than the current step 42. Steps must be monotonically increasing, so this data will be ignored. See https://wandb.me/define-metric to log data out of order.
  [diag] inf dtype=torch.float32 shape=torch.Size([2048, 172]) nan=0 inf_vals=0 range=[0.00,44.00]
  [diag] scalar dtype=torch.float32 nan=0 range=[-0.750,1.000]
  [diag] card_logits nan=0 range=[-19.18,15.10]
  [diag] values nan=0 range=[-0.9586,0.8961]
[iter  44/80] steps=12822 rollout_wr=0.422 (ussr=0.417 us=0.427) pl=-0.0141 vl=0.1120 ent=3.860 clip=0.111 kl=0.0038 t=21.4s (rollout=16.4s update=5.0s)
  [league] opponents: ['self', 'iter_0001', 'iter_0040', 'iter_0020', 'iter_0001', 'iter_0030']
  [pfsp]
    iter_0001: WR_ussr=0.46(n=1568) WR_us=0.34(n=1568) pfsp=0.602
    iter_0040: WR_ussr=0.44(n=64) WR_us=0.39(n=64) pfsp=0.586
    iter_0020: WR_ussr=0.49(n=576) WR_us=0.38(n=576) pfsp=0.569
    iter_0030: WR_ussr=0.46(n=304) WR_us=0.38(n=304) pfsp=0.579
  [diag] inf dtype=torch.float32 shape=torch.Size([2048, 172]) nan=0 inf_vals=0 range=[0.00,38.00]
  [diag] scalar dtype=torch.float32 nan=0 range=[-0.800,1.000]
  [diag] card_logits nan=0 range=[-19.85,13.86]
  [diag] values nan=0 range=[-0.9497,0.8993]
[iter  45/80] steps=12213 rollout_wr=0.474 (ussr=0.573 us=0.375) pl=-0.0146 vl=0.1087 ent=3.814 clip=0.097 kl=0.0031 t=20.5s (rollout=15.9s update=4.6s)
  [league] opponents: ['self', 'iter_0020', 'iter_0030', 'iter_0030', 'iter_0020', 'iter_0010']
  [pfsp]
    iter_0020: WR_ussr=0.48(n=592) WR_us=0.38(n=592) pfsp=0.569
    iter_0030: WR_ussr=0.47(n=320) WR_us=0.38(n=320) pfsp=0.575
    iter_0010: WR_ussr=0.53(n=944) WR_us=0.35(n=944) pfsp=0.559
  [diag] inf dtype=torch.float32 shape=torch.Size([2048, 172]) nan=0 inf_vals=0 range=[0.00,39.00]
  [diag] scalar dtype=torch.float32 nan=0 range=[-0.750,1.000]
  [diag] card_logits nan=0 range=[-17.22,16.13]
  [diag] values nan=0 range=[-0.9455,0.9032]
[iter  46/80] steps=12310 rollout_wr=0.417 (ussr=0.490 us=0.344) pl=-0.0234 vl=0.1219 ent=3.856 clip=0.096 kl=0.0031 t=20.4s (rollout=15.6s update=4.7s)
  [league] opponents: ['self', 'iter_0040', 'iter_0001', 'iter_0020', 'iter_0010', 'iter_0001']
  [pfsp]
    iter_0040: WR_ussr=0.47(n=80) WR_us=0.40(n=80) pfsp=0.562
    iter_0001: WR_ussr=0.46(n=1600) WR_us=0.34(n=1600) pfsp=0.602
    iter_0020: WR_ussr=0.48(n=624) WR_us=0.38(n=624) pfsp=0.571
    iter_0010: WR_ussr=0.53(n=960) WR_us=0.35(n=960) pfsp=0.560
  [diag] inf dtype=torch.float32 shape=torch.Size([2048, 172]) nan=0 inf_vals=0 range=[0.00,37.00]
  [diag] scalar dtype=torch.float32 nan=0 range=[-0.950,1.125]
  [diag] card_logits nan=0 range=[-17.26,15.54]
  [diag] values nan=0 range=[-0.9644,0.9167]
[iter  47/80] steps=12874 rollout_wr=0.448 (ussr=0.469 us=0.427) pl=-0.0165 vl=0.1109 ent=3.830 clip=0.099 kl=0.0033 t=21.7s (rollout=16.7s update=5.1s)
  [league] opponents: ['self', 'iter_0030', 'iter_0040', 'iter_0010', 'iter_0040', 'iter_0010']
  [pfsp]
    iter_0030: WR_ussr=0.47(n=352) WR_us=0.39(n=352) pfsp=0.572
    iter_0040: WR_ussr=0.51(n=96) WR_us=0.40(n=96) pfsp=0.547
    iter_0010: WR_ussr=0.53(n=976) WR_us=0.35(n=976) pfsp=0.562
  [diag] inf dtype=torch.float32 shape=torch.Size([2048, 172]) nan=0 inf_vals=0 range=[0.00,34.00]
  [diag] scalar dtype=torch.float32 nan=0 range=[-0.750,1.000]
  [diag] card_logits nan=0 range=[-17.81,14.32]
  [diag] values nan=0 range=[-0.9481,0.9539]
[iter  48/80] steps=12710 rollout_wr=0.500 (ussr=0.594 us=0.406) pl=-0.0188 vl=0.1093 ent=3.806 clip=0.090 kl=0.0032 t=20.9s (rollout=16.1s update=4.8s)
  [league] opponents: ['self', 'iter_0040', 'iter_0020', 'iter_0020', 'iter_0030', 'iter_0020']
  [pfsp]
    iter_0040: WR_ussr=0.56(n=128) WR_us=0.39(n=128) pfsp=0.523
    iter_0020: WR_ussr=0.49(n=640) WR_us=0.38(n=640) pfsp=0.566
    iter_0030: WR_ussr=0.47(n=368) WR_us=0.39(n=368) pfsp=0.572
  [diag] inf dtype=torch.float32 shape=torch.Size([2048, 172]) nan=0 inf_vals=0 range=[0.00,47.00]
  [diag] scalar dtype=torch.float32 nan=0 range=[-0.800,1.125]
  [diag] card_logits nan=0 range=[-17.72,13.32]
  [diag] values nan=0 range=[-0.9114,0.9327]
[iter  49/80] steps=12145 rollout_wr=0.458 (ussr=0.573 us=0.344) pl=-0.0163 vl=0.1144 ent=3.842 clip=0.092 kl=0.0031 t=20.5s (rollout=15.8s update=4.7s)
  Saved to league pool: data/checkpoints/ppo_v57_league/iter_0050.pt
  [league] opponents: ['self', 'iter_0001', 'iter_0020', 'iter_0030', 'iter_0010', 'iter_0050']
  [pfsp]
    iter_0001: WR_ussr=0.45(n=1632) WR_us=0.34(n=1632) pfsp=0.602
    iter_0020: WR_ussr=0.49(n=688) WR_us=0.37(n=688) pfsp=0.570
    iter_0030: WR_ussr=0.47(n=384) WR_us=0.39(n=384) pfsp=0.570
    iter_0010: WR_ussr=0.53(n=1008) WR_us=0.35(n=1008) pfsp=0.563
    iter_0050: WR_ussr=?(n=0) WR_us=?(n=0) pfsp=1.000
  [diag] inf dtype=torch.float32 shape=torch.Size([2048, 172]) nan=0 inf_vals=0 range=[0.00,46.00]
  [diag] scalar dtype=torch.float32 nan=0 range=[-0.900,1.125]
  [diag] card_logits nan=0 range=[-18.05,15.32]
  [diag] values nan=0 range=[-0.9354,0.9585]
[iter  50/80] steps=12293 rollout_wr=0.474 (ussr=0.552 us=0.396) pl=0.0081 vl=0.1094 ent=3.848 clip=0.091 kl=0.0036 t=21.4s (rollout=16.6s update=4.8s)
  [panel eval] launched pid=285393 iter=50 panel=['v8', 'v14', 'v22', 'heuristic']
  [league] opponents: ['self', 'iter_0020', 'iter_0050', 'iter_0001', 'iter_0050', 'iter_0001']
  [pfsp]
    iter_0020: WR_ussr=0.49(n=704) WR_us=0.37(n=704) pfsp=0.567
    iter_0050: WR_ussr=0.44(n=16) WR_us=0.62(n=16) pfsp=0.469
    iter_0001: WR_ussr=0.46(n=1648) WR_us=0.34(n=1648) pfsp=0.602
  [diag] inf dtype=torch.float32 shape=torch.Size([2048, 172]) nan=0 inf_vals=0 range=[0.00,36.00]
  [diag] scalar dtype=torch.float32 nan=0 range=[-0.950,1.125]
  [diag] card_logits nan=0 range=[-18.75,13.14]
  [diag] values nan=0 range=[-0.9481,0.9441]
[iter  51/80] steps=12688 rollout_wr=0.458 (ussr=0.510 us=0.406) pl=-0.0153 vl=0.1153 ent=3.750 clip=0.094 kl=0.0037 t=35.5s (rollout=30.3s update=5.3s)
  [league] opponents: ['self', 'iter_0040', 'iter_0001', 'iter_0001', 'iter_0050', 'iter_0040']
  [pfsp]
    iter_0040: WR_ussr=0.56(n=144) WR_us=0.40(n=144) pfsp=0.517
    iter_0001: WR_ussr=0.46(n=1680) WR_us=0.34(n=1680) pfsp=0.602
    iter_0050: WR_ussr=0.50(n=48) WR_us=0.48(n=48) pfsp=0.510
  [diag] inf dtype=torch.float32 shape=torch.Size([2048, 172]) nan=0 inf_vals=0 range=[0.00,44.00]
  [diag] scalar dtype=torch.float32 nan=0 range=[-0.950,1.125]
  [diag] card_logits nan=0 range=[-20.05,14.05]
  [diag] values nan=0 range=[-0.9575,0.9249]
[iter  52/80] steps=12388 rollout_wr=0.443 (ussr=0.521 us=0.365) pl=-0.0223 vl=0.1077 ent=3.830 clip=0.113 kl=0.0043 t=37.2s (rollout=32.0s update=5.1s)
  [league] opponents: ['self', 'iter_0050', 'iter_0040', 'iter_0040', 'iter_0010', 'iter_0050']
  [pfsp]
    iter_0050: WR_ussr=0.53(n=64) WR_us=0.50(n=64) pfsp=0.484
    iter_0040: WR_ussr=0.57(n=176) WR_us=0.40(n=176) pfsp=0.517
    iter_0010: WR_ussr=0.53(n=1024) WR_us=0.35(n=1024) pfsp=0.563
  [diag] inf dtype=torch.float32 shape=torch.Size([2048, 172]) nan=0 inf_vals=0 range=[0.00,52.00]
  [diag] scalar dtype=torch.float32 nan=0 range=[-0.750,1.125]
  [diag] card_logits nan=0 range=[-18.39,13.97]
  [diag] values nan=0 range=[-0.9633,0.9197]
[iter  53/80] steps=12727 rollout_wr=0.453 (ussr=0.583 us=0.323) pl=-0.0162 vl=0.1118 ent=3.800 clip=0.095 kl=0.0036 t=28.7s (rollout=23.8s update=4.9s)
  [panel eval iter 50] avg=0.537: v8=0.440 | v14=0.435 | v22=0.490 | heuristic=0.785
  [league] opponents: ['self', 'v14_scripted', 'iter_0030', 'iter_0030', 'iter_0030', 'iter_0050']
  [pfsp]
    v14_scripted: WR_ussr=0.63(n=68) WR_us=0.46(n=68) pfsp=0.456
    iter_0030: WR_ussr=0.48(n=400) WR_us=0.39(n=400) pfsp=0.569
    iter_0050: WR_ussr=0.53(n=96) WR_us=0.47(n=96) pfsp=0.500
wandb: WARNING Tried to log to step 50 that is less than the current step 52. Steps must be monotonically increasing, so this data will be ignored. See https://wandb.me/define-metric to log data out of order.
  [diag] inf dtype=torch.float32 shape=torch.Size([2048, 172]) nan=0 inf_vals=0 range=[0.00,46.00]
  [diag] scalar dtype=torch.float32 nan=0 range=[-0.950,1.125]
  [diag] card_logits nan=0 range=[-19.56,14.68]
  [diag] values nan=0 range=[-0.9685,0.9766]
[iter  54/80] steps=12741 rollout_wr=0.495 (ussr=0.542 us=0.448) pl=-0.0128 vl=0.1176 ent=3.842 clip=0.106 kl=0.0039 t=21.8s (rollout=16.8s update=4.9s)
  [league] opponents: ['self', 'iter_0040', 'iter_0010', 'iter_0030', 'iter_0020', 'iter_0001']
  [pfsp]
    iter_0040: WR_ussr=0.57(n=208) WR_us=0.39(n=208) pfsp=0.522
    iter_0010: WR_ussr=0.53(n=1040) WR_us=0.34(n=1040) pfsp=0.564
    iter_0030: WR_ussr=0.48(n=448) WR_us=0.40(n=448) pfsp=0.560
    iter_0020: WR_ussr=0.49(n=720) WR_us=0.38(n=720) pfsp=0.565
    iter_0001: WR_ussr=0.45(n=1712) WR_us=0.34(n=1712) pfsp=0.604
  [diag] inf dtype=torch.float32 shape=torch.Size([2048, 172]) nan=0 inf_vals=0 range=[0.00,31.00]
  [diag] scalar dtype=torch.float32 nan=0 range=[-0.950,1.000]
  [diag] card_logits nan=0 range=[-17.95,14.25]
  [diag] values nan=0 range=[-0.9606,0.9665]
[iter  55/80] steps=12930 rollout_wr=0.427 (ussr=0.469 us=0.385) pl=-0.0145 vl=0.1065 ent=3.820 clip=0.116 kl=0.0041 t=22.0s (rollout=16.9s update=5.0s)
  [league] opponents: ['self', 'iter_0030', 'iter_0010', 'iter_0040', 'iter_0010', 'iter_0040']
  [pfsp]
    iter_0030: WR_ussr=0.49(n=464) WR_us=0.39(n=464) pfsp=0.559
    iter_0010: WR_ussr=0.53(n=1056) WR_us=0.34(n=1056) pfsp=0.566
    iter_0040: WR_ussr=0.56(n=224) WR_us=0.39(n=224) pfsp=0.522
  [diag] inf dtype=torch.float32 shape=torch.Size([2048, 172]) nan=0 inf_vals=0 range=[0.00,47.00]
  [diag] scalar dtype=torch.float32 nan=0 range=[-0.700,1.125]
  [diag] card_logits nan=0 range=[-18.74,14.22]
  [diag] values nan=0 range=[-0.9655,0.9002]
[iter  56/80] steps=12396 rollout_wr=0.490 (ussr=0.573 us=0.406) pl=-0.0160 vl=0.1224 ent=3.865 clip=0.102 kl=0.0037 t=21.3s (rollout=16.5s update=4.7s)
  [league] opponents: ['self', 'iter_0050', 'iter_0001', 'iter_0020', 'iter_0040', 'iter_0030']
  [pfsp]
    iter_0050: WR_ussr=0.52(n=112) WR_us=0.47(n=112) pfsp=0.504
    iter_0001: WR_ussr=0.46(n=1728) WR_us=0.34(n=1728) pfsp=0.604
    iter_0020: WR_ussr=0.49(n=736) WR_us=0.38(n=736) pfsp=0.562
    iter_0040: WR_ussr=0.57(n=256) WR_us=0.39(n=256) pfsp=0.520
    iter_0030: WR_ussr=0.49(n=480) WR_us=0.39(n=480) pfsp=0.560
  [diag] inf dtype=torch.float32 shape=torch.Size([2048, 172]) nan=0 inf_vals=0 range=[0.00,55.00]
  [diag] scalar dtype=torch.float32 nan=0 range=[-0.667,1.125]
  [diag] card_logits nan=0 range=[-18.71,13.10]
  [diag] values nan=0 range=[-0.9645,0.8827]
[iter  57/80] steps=12516 rollout_wr=0.385 (ussr=0.427 us=0.344) pl=-0.0194 vl=0.1101 ent=3.820 clip=0.112 kl=0.0042 t=21.4s (rollout=16.5s update=4.9s)
  [league] opponents: ['self', 'iter_0020', 'iter_0010', 'iter_0050', 'iter_0001', 'iter_0050']
  [pfsp]
    iter_0020: WR_ussr=0.49(n=752) WR_us=0.38(n=752) pfsp=0.565
    iter_0010: WR_ussr=0.53(n=1088) WR_us=0.34(n=1088) pfsp=0.565
    iter_0050: WR_ussr=0.52(n=128) WR_us=0.45(n=128) pfsp=0.520
    iter_0001: WR_ussr=0.45(n=1744) WR_us=0.34(n=1744) pfsp=0.605
  [diag] inf dtype=torch.float32 shape=torch.Size([2048, 172]) nan=0 inf_vals=0 range=[0.00,36.00]
  [diag] scalar dtype=torch.float32 nan=0 range=[-0.850,1.125]
  [diag] card_logits nan=0 range=[-20.39,13.54]
  [diag] values nan=0 range=[-0.9749,0.8988]
[iter  58/80] steps=12821 rollout_wr=0.448 (ussr=0.500 us=0.396) pl=-0.0221 vl=0.1180 ent=3.875 clip=0.100 kl=0.0036 t=22.0s (rollout=17.2s update=4.9s)
  [league] opponents: ['self', 'iter_0020', 'iter_0040', 'iter_0020', 'iter_0040', 'iter_0030']
  [pfsp]
    iter_0020: WR_ussr=0.49(n=768) WR_us=0.38(n=768) pfsp=0.564
    iter_0040: WR_ussr=0.57(n=272) WR_us=0.40(n=272) pfsp=0.517
    iter_0030: WR_ussr=0.48(n=496) WR_us=0.39(n=496) pfsp=0.564
  [diag] inf dtype=torch.float32 shape=torch.Size([2048, 172]) nan=0 inf_vals=0 range=[0.00,38.00]
  [diag] scalar dtype=torch.float32 nan=0 range=[-0.850,1.250]
  [diag] card_logits nan=0 range=[-19.14,13.79]
  [diag] values nan=0 range=[-0.9547,0.9178]
[iter  59/80] steps=12659 rollout_wr=0.443 (ussr=0.490 us=0.396) pl=-0.0176 vl=0.1110 ent=3.864 clip=0.119 kl=0.0048 t=21.4s (rollout=16.4s update=5.0s)
  Saved to league pool: data/checkpoints/ppo_v57_league/iter_0060.pt
  [league] opponents: ['self', 'iter_0020', 'iter_0001', 'iter_0040', 'iter_0010', 'iter_0001']
  [pfsp]
    iter_0020: WR_ussr=0.50(n=800) WR_us=0.38(n=800) pfsp=0.562
    iter_0001: WR_ussr=0.45(n=1760) WR_us=0.34(n=1760) pfsp=0.605
    iter_0040: WR_ussr=0.55(n=304) WR_us=0.39(n=304) pfsp=0.526
    iter_0010: WR_ussr=0.53(n=1104) WR_us=0.34(n=1104) pfsp=0.566
  [diag] inf dtype=torch.float32 shape=torch.Size([2048, 172]) nan=0 inf_vals=0 range=[0.00,36.00]
  [diag] scalar dtype=torch.float32 nan=0 range=[-0.850,1.125]
  [diag] card_logits nan=0 range=[-20.16,14.68]
  [diag] values nan=0 range=[-0.9680,0.8274]
[iter  60/80] steps=12342 rollout_wr=0.396 (ussr=0.479 us=0.312) pl=-0.0263 vl=0.1122 ent=3.921 clip=0.112 kl=0.0043 t=21.6s (rollout=16.7s update=4.9s)
  [panel eval] launched pid=285939 iter=60 panel=['v8', 'v14', 'v22', 'heuristic']
  [league] opponents: ['self', 'iter_0040', 'iter_0020', 'iter_0040', 'iter_0060', 'iter_0050']
  [pfsp]
    iter_0040: WR_ussr=0.54(n=320) WR_us=0.39(n=320) pfsp=0.534
    iter_0020: WR_ussr=0.49(n=816) WR_us=0.38(n=816) pfsp=0.566
    iter_0060: WR_ussr=?(n=0) WR_us=?(n=0) pfsp=1.000
    iter_0050: WR_ussr=0.52(n=160) WR_us=0.44(n=160) pfsp=0.519
  [diag] inf dtype=torch.float32 shape=torch.Size([2048, 172]) nan=0 inf_vals=0 range=[0.00,42.00]
  [diag] scalar dtype=torch.float32 nan=0 range=[-0.667,1.125]
  [diag] card_logits nan=0 range=[-19.19,14.11]
  [diag] values nan=0 range=[-0.9552,0.8810]
[iter  61/80] steps=12268 rollout_wr=0.536 (ussr=0.635 us=0.438) pl=-0.0152 vl=0.1156 ent=3.799 clip=0.096 kl=0.0032 t=36.3s (rollout=31.4s update=4.9s)
  [league] opponents: ['self', 'iter_0050', 'iter_0050', 'iter_0040', 'iter_0050', 'iter_0060']
  [pfsp]
    iter_0050: WR_ussr=0.52(n=176) WR_us=0.46(n=176) pfsp=0.509
    iter_0040: WR_ussr=0.55(n=352) WR_us=0.38(n=352) pfsp=0.536
    iter_0060: WR_ussr=0.88(n=16) WR_us=0.44(n=16) pfsp=0.344
  [diag] inf dtype=torch.float32 shape=torch.Size([2048, 172]) nan=0 inf_vals=0 range=[0.00,36.00]
  [diag] scalar dtype=torch.float32 nan=0 range=[-0.667,1.125]
  [diag] card_logits nan=0 range=[-21.16,15.21]
  [diag] values nan=0 range=[-0.9614,0.8664]
[iter  62/80] steps=12496 rollout_wr=0.427 (ussr=0.479 us=0.375) pl=-0.0203 vl=0.1151 ent=3.791 clip=0.089 kl=0.0033 t=38.9s (rollout=33.8s update=5.1s)
  [league] opponents: ['self', 'iter_0030', 'iter_0030', 'iter_0010', 'iter_0060', 'iter_0060']
  [pfsp]
    iter_0030: WR_ussr=0.48(n=512) WR_us=0.39(n=512) pfsp=0.564
    iter_0010: WR_ussr=0.52(n=1120) WR_us=0.34(n=1120) pfsp=0.567
    iter_0060: WR_ussr=0.75(n=32) WR_us=0.44(n=32) pfsp=0.406
  [diag] inf dtype=torch.float32 shape=torch.Size([2048, 172]) nan=0 inf_vals=0 range=[0.00,40.00]
  [diag] scalar dtype=torch.float32 nan=0 range=[-0.750,1.125]
  [diag] card_logits nan=0 range=[-18.63,14.37]
  [diag] values nan=0 range=[-0.9474,0.9326]
[iter  63/80] steps=12865 rollout_wr=0.375 (ussr=0.417 us=0.333) pl=-0.0169 vl=0.1008 ent=3.878 clip=0.118 kl=0.0042 t=27.5s (rollout=22.6s update=4.9s)
  [panel eval iter 60] avg=0.550: v8=0.465 | v14=0.505 | v22=0.490 | heuristic=0.740
  [league] opponents: ['self', 'iter_0050', 'iter_0020', 'iter_0040', 'iter_0001', 'iter_0030']
  [pfsp]
    iter_0050: WR_ussr=0.49(n=224) WR_us=0.42(n=224) pfsp=0.542
    iter_0020: WR_ussr=0.50(n=832) WR_us=0.38(n=832) pfsp=0.564
    iter_0040: WR_ussr=0.54(n=368) WR_us=0.38(n=368) pfsp=0.538
    iter_0001: WR_ussr=0.46(n=1792) WR_us=0.33(n=1792) pfsp=0.604
    iter_0030: WR_ussr=0.48(n=544) WR_us=0.39(n=544) pfsp=0.566
wandb: WARNING Tried to log to step 60 that is less than the current step 62. Steps must be monotonically increasing, so this data will be ignored. See https://wandb.me/define-metric to log data out of order.
  [diag] inf dtype=torch.float32 shape=torch.Size([2048, 172]) nan=0 inf_vals=0 range=[0.00,38.00]
  [diag] scalar dtype=torch.float32 nan=0 range=[-0.800,1.125]
  [diag] card_logits nan=0 range=[-19.33,13.62]
  [diag] values nan=0 range=[-0.9695,0.9275]
[iter  64/80] steps=12697 rollout_wr=0.411 (ussr=0.521 us=0.302) pl=-0.0197 vl=0.1075 ent=3.887 clip=0.098 kl=0.0037 t=21.5s (rollout=16.4s update=5.1s)
  [league] opponents: ['self', 'iter_0010', 'iter_0050', 'iter_0001', 'iter_0020', 'iter_0060']
  [pfsp]
    iter_0010: WR_ussr=0.52(n=1136) WR_us=0.34(n=1136) pfsp=0.569
    iter_0050: WR_ussr=0.49(n=240) WR_us=0.43(n=240) pfsp=0.542
    iter_0001: WR_ussr=0.46(n=1808) WR_us=0.33(n=1808) pfsp=0.605
    iter_0020: WR_ussr=0.49(n=848) WR_us=0.37(n=848) pfsp=0.567
    iter_0060: WR_ussr=0.56(n=64) WR_us=0.36(n=64) pfsp=0.539
  [diag] inf dtype=torch.float32 shape=torch.Size([2048, 172]) nan=0 inf_vals=0 range=[0.00,48.00]
  [diag] scalar dtype=torch.float32 nan=0 range=[-0.700,1.125]
  [diag] card_logits nan=0 range=[-18.78,13.17]
  [diag] values nan=0 range=[-0.9810,0.9096]
[iter  65/80] steps=12371 rollout_wr=0.427 (ussr=0.458 us=0.396) pl=-0.0102 vl=0.1124 ent=3.849 clip=0.098 kl=0.0031 t=21.8s (rollout=17.0s update=4.7s)
  [league] opponents: ['self', 'iter_0010', 'iter_0001', 'iter_0001', 'iter_0010', 'v51_scripted']
  [pfsp]
    iter_0010: WR_ussr=0.52(n=1152) WR_us=0.34(n=1152) pfsp=0.570
    iter_0001: WR_ussr=0.46(n=1824) WR_us=0.33(n=1824) pfsp=0.604
    v51_scripted: WR_ussr=0.53(n=30) WR_us=0.53(n=30) pfsp=0.467
  [diag] inf dtype=torch.float32 shape=torch.Size([2048, 172]) nan=0 inf_vals=0 range=[0.00,41.00]
  [diag] scalar dtype=torch.float32 nan=0 range=[-0.750,1.000]
  [diag] card_logits nan=0 range=[-19.89,13.03]
  [diag] values nan=0 range=[-0.9524,0.9218]
[iter  66/80] steps=12416 rollout_wr=0.464 (ussr=0.531 us=0.396) pl=-0.0112 vl=0.1075 ent=3.847 clip=0.108 kl=0.0044 t=21.4s (rollout=16.6s update=4.8s)
  [league] opponents: ['self', 'iter_0050', 'iter_0010', 'iter_0040', 'iter_0020', 'iter_0050']
  [pfsp]
    iter_0050: WR_ussr=0.48(n=256) WR_us=0.42(n=256) pfsp=0.549
    iter_0010: WR_ussr=0.52(n=1184) WR_us=0.34(n=1184) pfsp=0.569
    iter_0040: WR_ussr=0.55(n=384) WR_us=0.37(n=384) pfsp=0.540
    iter_0020: WR_ussr=0.50(n=864) WR_us=0.37(n=864) pfsp=0.565
  [diag] inf dtype=torch.float32 shape=torch.Size([2048, 172]) nan=0 inf_vals=0 range=[0.00,38.00]
  [diag] scalar dtype=torch.float32 nan=0 range=[-0.900,1.125]
  [diag] card_logits nan=0 range=[-17.86,14.49]
  [diag] values nan=0 range=[-0.9624,0.9306]
[iter  67/80] steps=12672 rollout_wr=0.432 (ussr=0.500 us=0.365) pl=-0.0215 vl=0.1055 ent=3.910 clip=0.118 kl=0.0042 t=21.6s (rollout=16.7s update=4.9s)
  [league] opponents: ['self', 'iter_0040', 'iter_0020', 'iter_0030', 'iter_0010', 'iter_0060']
  [pfsp]
    iter_0040: WR_ussr=0.54(n=400) WR_us=0.37(n=400) pfsp=0.545
    iter_0020: WR_ussr=0.50(n=880) WR_us=0.38(n=880) pfsp=0.564
    iter_0030: WR_ussr=0.48(n=560) WR_us=0.39(n=560) pfsp=0.565
    iter_0010: WR_ussr=0.52(n=1200) WR_us=0.34(n=1200) pfsp=0.569
    iter_0060: WR_ussr=0.54(n=80) WR_us=0.38(n=80) pfsp=0.544
  [diag] inf dtype=torch.float32 shape=torch.Size([2048, 172]) nan=0 inf_vals=0 range=[0.00,48.00]
  [diag] scalar dtype=torch.float32 nan=0 range=[-0.850,1.125]
  [diag] card_logits nan=0 range=[-18.59,14.33]
  [diag] values nan=0 range=[-0.9551,0.9412]
[iter  68/80] steps=12584 rollout_wr=0.479 (ussr=0.531 us=0.427) pl=-0.0177 vl=0.1087 ent=3.889 clip=0.119 kl=0.0044 t=21.6s (rollout=16.8s update=4.9s)
  [league] opponents: ['self', 'iter_0060', 'iter_0050', 'iter_0040', 'iter_0050', 'iter_0001']
  [pfsp]
    iter_0060: WR_ussr=0.53(n=96) WR_us=0.40(n=96) pfsp=0.536
    iter_0050: WR_ussr=0.48(n=288) WR_us=0.41(n=288) pfsp=0.552
    iter_0040: WR_ussr=0.54(n=416) WR_us=0.37(n=416) pfsp=0.548
    iter_0001: WR_ussr=0.46(n=1856) WR_us=0.34(n=1856) pfsp=0.603
  [diag] inf dtype=torch.float32 shape=torch.Size([2048, 172]) nan=0 inf_vals=0 range=[0.00,47.00]
  [diag] scalar dtype=torch.float32 nan=0 range=[-0.800,1.000]
  [diag] card_logits nan=0 range=[-17.91,14.61]
  [diag] values nan=0 range=[-0.9802,0.9595]
[iter  69/80] steps=13155 rollout_wr=0.401 (ussr=0.500 us=0.302) pl=-0.0197 vl=0.1062 ent=3.773 clip=0.121 kl=0.0052 t=22.6s (rollout=17.5s update=5.1s)
  Saved to league pool: data/checkpoints/ppo_v57_league/iter_0070.pt
  [league] opponents: ['self', 'iter_0060', 'iter_0050', 'iter_0020', 'iter_0060', 'iter_0030']
  [pfsp]
    iter_0060: WR_ussr=0.55(n=112) WR_us=0.39(n=112) pfsp=0.527
    iter_0050: WR_ussr=0.48(n=320) WR_us=0.40(n=320) pfsp=0.558
    iter_0020: WR_ussr=0.50(n=896) WR_us=0.38(n=896) pfsp=0.562
    iter_0030: WR_ussr=0.49(n=576) WR_us=0.39(n=576) pfsp=0.562
  [diag] inf dtype=torch.float32 shape=torch.Size([2048, 172]) nan=0 inf_vals=0 range=[0.00,36.00]
  [diag] scalar dtype=torch.float32 nan=0 range=[-0.950,1.000]
  [diag] card_logits nan=0 range=[-19.69,14.79]
  [diag] values nan=0 range=[-0.9699,0.9573]
[iter  70/80] steps=12488 rollout_wr=0.490 (ussr=0.542 us=0.438) pl=-0.0126 vl=0.1047 ent=3.873 clip=0.124 kl=0.0061 t=22.2s (rollout=17.4s update=4.9s)
  [panel eval] launched pid=286510 iter=70 panel=['v8', 'v14', 'v22', 'heuristic']
  [league] opponents: ['self', 'iter_0030', 'iter_0040', 'iter_0040', 'iter_0070', 'iter_0050']
  [pfsp]
    iter_0030: WR_ussr=0.49(n=592) WR_us=0.39(n=592) pfsp=0.563
    iter_0040: WR_ussr=0.53(n=432) WR_us=0.36(n=432) pfsp=0.554
    iter_0070: WR_ussr=?(n=0) WR_us=?(n=0) pfsp=1.000
    iter_0050: WR_ussr=0.48(n=336) WR_us=0.40(n=336) pfsp=0.558
  [diag] inf dtype=torch.float32 shape=torch.Size([2048, 172]) nan=0 inf_vals=0 range=[0.00,43.00]
  [diag] scalar dtype=torch.float32 nan=0 range=[-0.700,1.125]
  [diag] card_logits nan=0 range=[-18.76,14.28]
  [diag] values nan=0 range=[-0.9653,0.9347]
[iter  71/80] steps=12761 rollout_wr=0.458 (ussr=0.542 us=0.375) pl=-0.0193 vl=0.1173 ent=3.859 clip=0.116 kl=0.0055 t=38.5s (rollout=33.3s update=5.1s)
  [league] opponents: ['self', 'iter_0050', 'iter_0030', 'iter_0030', 'iter_0060', 'iter_0001']
  [pfsp]
    iter_0050: WR_ussr=0.49(n=352) WR_us=0.40(n=352) pfsp=0.554
    iter_0030: WR_ussr=0.49(n=608) WR_us=0.39(n=608) pfsp=0.561
    iter_0060: WR_ussr=0.57(n=144) WR_us=0.42(n=144) pfsp=0.503
    iter_0001: WR_ussr=0.46(n=1872) WR_us=0.34(n=1872) pfsp=0.603
  [diag] inf dtype=torch.float32 shape=torch.Size([2048, 172]) nan=0 inf_vals=0 range=[0.00,46.00]
  [diag] scalar dtype=torch.float32 nan=0 range=[-0.750,1.000]
  [diag] card_logits nan=0 range=[-20.11,15.57]
  [diag] values nan=0 range=[-0.9692,0.9385]
[iter  72/80] steps=12678 rollout_wr=0.474 (ussr=0.615 us=0.333) pl=-0.0216 vl=0.1112 ent=3.825 clip=0.125 kl=0.0060 t=38.9s (rollout=33.8s update=5.1s)
  [league] opponents: ['self', 'iter_0030', 'iter_0070', 'iter_0070', 'iter_0050', 'iter_0010']
  [pfsp]
    iter_0030: WR_ussr=0.49(n=640) WR_us=0.39(n=640) pfsp=0.560
    iter_0070: WR_ussr=0.69(n=16) WR_us=0.44(n=16) pfsp=0.438
    iter_0050: WR_ussr=0.49(n=368) WR_us=0.40(n=368) pfsp=0.553
    iter_0010: WR_ussr=0.52(n=1216) WR_us=0.34(n=1216) pfsp=0.570
  [diag] inf dtype=torch.float32 shape=torch.Size([2048, 172]) nan=0 inf_vals=0 range=[0.00,47.00]
  [diag] scalar dtype=torch.float32 nan=0 range=[-0.950,1.000]
  [diag] card_logits nan=0 range=[-20.25,15.09]
  [diag] values nan=0 range=[-0.9718,0.9480]
[iter  73/80] steps=12879 rollout_wr=0.484 (ussr=0.469 us=0.500) pl=-0.0191 vl=0.1090 ent=3.912 clip=0.137 kl=0.0079 t=28.2s (rollout=23.0s update=5.1s)
  [panel eval iter 70] avg=0.525: v8=0.465 | v14=0.500 | v22=0.475 | heuristic=0.660
  [league] opponents: ['self', 'iter_0030', 'iter_0050', 'iter_0001', 'iter_0001', 'iter_0070']
  [pfsp]
    iter_0030: WR_ussr=0.49(n=656) WR_us=0.39(n=656) pfsp=0.562
    iter_0050: WR_ussr=0.50(n=384) WR_us=0.40(n=384) pfsp=0.549
    iter_0001: WR_ussr=0.46(n=1888) WR_us=0.33(n=1888) pfsp=0.604
    iter_0070: WR_ussr=0.65(n=48) WR_us=0.48(n=48) pfsp=0.437
wandb: WARNING Tried to log to step 70 that is less than the current step 72. Steps must be monotonically increasing, so this data will be ignored. See https://wandb.me/define-metric to log data out of order.
  [diag] inf dtype=torch.float32 shape=torch.Size([2048, 172]) nan=0 inf_vals=0 range=[0.00,39.00]
  [diag] scalar dtype=torch.float32 nan=0 range=[-0.850,1.125]
  [diag] card_logits nan=0 range=[-19.16,14.51]
  [diag] values nan=0 range=[-0.9542,0.9423]
[iter  74/80] steps=12682 rollout_wr=0.469 (ussr=0.500 us=0.438) pl=-0.0201 vl=0.1044 ent=3.922 clip=0.139 kl=0.0076 t=22.8s (rollout=18.0s update=4.8s)
  [league] opponents: ['self', 'iter_0070', 'iter_0060', 'iter_0050', 'iter_0070', 'iter_0070']
  [pfsp]
    iter_0070: WR_ussr=0.64(n=64) WR_us=0.47(n=64) pfsp=0.445
    iter_0060: WR_ussr=0.57(n=160) WR_us=0.41(n=160) pfsp=0.509
    iter_0050: WR_ussr=0.50(n=400) WR_us=0.41(n=400) pfsp=0.547
  [diag] inf dtype=torch.float32 shape=torch.Size([2048, 172]) nan=0 inf_vals=0 range=[0.00,57.00]
  [diag] scalar dtype=torch.float32 nan=0 range=[-0.700,1.125]
  [diag] card_logits nan=0 range=[-20.50,14.14]
  [diag] values nan=0 range=[-0.9146,0.9489]
[iter  75/80] steps=12608 rollout_wr=0.516 (ussr=0.635 us=0.396) pl=-0.0165 vl=0.1106 ent=3.808 clip=0.153 kl=0.0074 t=22.4s (rollout=17.4s update=5.0s)
  [league] opponents: ['self', 'iter_0060', 'iter_0050', 'iter_0030', 'iter_0020', 'iter_0001']
  [pfsp]
    iter_0060: WR_ussr=0.56(n=176) WR_us=0.43(n=176) pfsp=0.506
    iter_0050: WR_ussr=0.50(n=416) WR_us=0.40(n=416) pfsp=0.548
    iter_0030: WR_ussr=0.49(n=672) WR_us=0.39(n=672) pfsp=0.562
    iter_0020: WR_ussr=0.50(n=912) WR_us=0.38(n=912) pfsp=0.562
    iter_0001: WR_ussr=0.46(n=1920) WR_us=0.33(n=1920) pfsp=0.604
  [diag] inf dtype=torch.float32 shape=torch.Size([2048, 172]) nan=0 inf_vals=0 range=[0.00,48.00]
  [diag] scalar dtype=torch.float32 nan=0 range=[-0.850,1.125]
  [diag] card_logits nan=0 range=[-19.59,13.36]
  [diag] values nan=0 range=[-0.9668,0.9523]
[iter  76/80] steps=12666 rollout_wr=0.438 (ussr=0.500 us=0.375) pl=-0.0189 vl=0.1073 ent=3.918 clip=0.131 kl=0.0072 t=22.3s (rollout=17.3s update=5.0s)
  [league] opponents: ['self', 'iter_0030', 'iter_0060', 'iter_0040', 'iter_0060', 'iter_0001']
  [pfsp]
    iter_0030: WR_ussr=0.49(n=688) WR_us=0.39(n=688) pfsp=0.562
    iter_0060: WR_ussr=0.56(n=192) WR_us=0.43(n=192) pfsp=0.508
    iter_0040: WR_ussr=0.53(n=464) WR_us=0.35(n=464) pfsp=0.562
    iter_0001: WR_ussr=0.46(n=1936) WR_us=0.33(n=1936) pfsp=0.604
  [diag] inf dtype=torch.float32 shape=torch.Size([2048, 172]) nan=0 inf_vals=0 range=[0.00,40.00]
  [diag] scalar dtype=torch.float32 nan=0 range=[-0.850,1.000]
  [diag] card_logits nan=0 range=[-21.07,14.85]
  [diag] values nan=0 range=[-0.9507,0.9715]
[iter  77/80] steps=13109 rollout_wr=0.391 (ussr=0.417 us=0.365) pl=-0.0181 vl=0.1127 ent=3.883 clip=0.139 kl=0.0075 t=22.3s (rollout=17.5s update=4.8s)
  [league] opponents: ['self', 'iter_0060', 'iter_0001', 'iter_0020', 'iter_0060', 'iter_0020']
  [pfsp]
    iter_0060: WR_ussr=0.53(n=224) WR_us=0.43(n=224) pfsp=0.520
    iter_0001: WR_ussr=0.46(n=1952) WR_us=0.33(n=1952) pfsp=0.605
    iter_0020: WR_ussr=0.49(n=928) WR_us=0.38(n=928) pfsp=0.565
  [diag] inf dtype=torch.float32 shape=torch.Size([2048, 172]) nan=0 inf_vals=0 range=[0.00,55.00]
  [diag] scalar dtype=torch.float32 nan=0 range=[-0.700,1.125]
  [diag] card_logits nan=0 range=[-19.76,15.45]
  [diag] values nan=0 range=[-0.9644,0.9127]
[iter  78/80] steps=12548 rollout_wr=0.411 (ussr=0.458 us=0.365) pl=-0.0151 vl=0.0990 ent=3.927 clip=0.153 kl=0.0074 t=21.5s (rollout=16.6s update=4.9s)
  [league] opponents: ['self', 'iter_0030', 'iter_0030', 'iter_0030', 'iter_0070', 'iter_0020']
  [pfsp]
    iter_0030: WR_ussr=0.48(n=704) WR_us=0.39(n=704) pfsp=0.563
    iter_0070: WR_ussr=0.66(n=112) WR_us=0.43(n=112) pfsp=0.455
    iter_0020: WR_ussr=0.49(n=960) WR_us=0.37(n=960) pfsp=0.569
  [diag] inf dtype=torch.float32 shape=torch.Size([2048, 172]) nan=0 inf_vals=0 range=[0.00,52.00]
  [diag] scalar dtype=torch.float32 nan=0 range=[-0.850,1.125]
  [diag] card_logits nan=0 range=[-20.20,14.17]
  [diag] values nan=0 range=[-0.9669,0.9271]
[iter  79/80] steps=12416 rollout_wr=0.453 (ussr=0.531 us=0.375) pl=-0.0154 vl=0.1144 ent=3.847 clip=0.118 kl=0.0046 t=21.9s (rollout=16.8s update=5.1s)
  Saved to league pool: data/checkpoints/ppo_v57_league/iter_0080.pt
  [league] opponents: ['self', 'iter_0070', 'iter_0001', 'iter_0060', 'iter_0060', 'iter_0030']
  [pfsp]
    iter_0070: WR_ussr=0.65(n=128) WR_us=0.44(n=128) pfsp=0.457
    iter_0001: WR_ussr=0.46(n=1968) WR_us=0.33(n=1968) pfsp=0.606
    iter_0060: WR_ussr=0.54(n=256) WR_us=0.44(n=256) pfsp=0.512
    iter_0030: WR_ussr=0.49(n=752) WR_us=0.39(n=752) pfsp=0.562
  [diag] inf dtype=torch.float32 shape=torch.Size([2048, 172]) nan=0 inf_vals=0 range=[0.00,41.00]
  [diag] scalar dtype=torch.float32 nan=0 range=[-0.900,1.000]
  [diag] card_logits nan=0 range=[-21.94,14.19]
  [diag] values nan=0 range=[-0.9579,0.9678]
[iter  80/80] steps=12883 rollout_wr=0.526 (ussr=0.562 us=0.490) pl=-0.0170 vl=0.1082 ent=3.840 clip=0.117 kl=0.0045 t=22.5s (rollout=17.6s update=5.0s)
  [panel eval] launched pid=287061 iter=80 panel=['v8', 'v14', 'v22', 'heuristic']
wandb: updating run metadata
wandb: uploading output.log; uploading wandb-summary.json; uploading config.yaml
wandb: uploading output.log; uploading wandb-summary.json
wandb: 
wandb: Run history:
wandb:                 approx_kl ▁▁▂▁▁▂▁▁▂▁▂▂▂▁▂▂▂▂▃▂▃▂▂▂▃▃▃▃▂▃▄▃▄▅▆██▇█▄
wandb:             clip_fraction ▅▂▂▁▃▁▂▃▂▃▃▄▂▂▁▃▂▃▃▂▃▃▃▂▂▄▄▃▄▃▃▃▃▅▅▅▆▇█▅
wandb:   core_scalar_weight_norm ▁▁▂▂▂▂▂▂▃▃▃▃▃▃▃▃▄▄▄▄▄▄▅▅▅▅▅▅▅▅▅▅▆▅▅▇▇███
wandb:                  ent_coef ▁▁▁▁▁▁▁▁▁▁▁▁▁▁▁▁▁▁▁▁▁▁▁▁▁▁▁▁▁▁▁▁▁▁▁▁▁▁▁▁
wandb:                   entropy ▇▇▅▅▅▇▃▅▅█▆▆▆▃▃▄▄▂▂▂▂▁▂▅▅▄▄▄▃▄▅▇▂▆▄▂▄▇▇▄
wandb:               iter_time_s ▁▁▁▁▁██▄▁▁██▁▁▁▇▁▁▁▁▁█▄▁▂▂▂▂▁▂▇▄▂▂▂▂▂▂▂▂
wandb:                   n_steps ▅▂▃▄▄▅▃▆▅▃▆▃▄▅▆▄▃▃▁▃▃▆▅▁▅▅▃▄▆▅▂▄▆▃█▅▄█▄▆
wandb:    new_scalar_weight_norm ▁▁▂▃▃▄▄▄▃▃▄▅▅▅▅▅▅▄▄▄▅▄▅▄▄▄▅▅▆▆▇████▇▆▆▅▅
wandb:               policy_loss ▅▅▃▅█▃▃▄▂▄▅▆▅▅▅▄▃▃▅▃▃▁▄▄▂▄▂▄▄▃▃▄▅▅▃▃▃▄▃▄
wandb: region_scalar_weight_norm ▅▃▂▂▂▂▂▁▃▃▄▃▃▂▄▂▁▂▁▂▃▃▅▅▄▃▄▄▃▄▅▅▆▇▇▆▇█▇█
wandb:                      +121 ...
wandb: 
wandb: Run summary:
wandb:                 approx_kl 0.00446
wandb:             clip_fraction 0.11716
wandb:   core_scalar_weight_norm 4.05383
wandb:                  ent_coef 0.003
wandb:                   entropy 3.83969
wandb:               iter_time_s 22.54916
wandb:                   n_steps 12883
wandb:    new_scalar_weight_norm 2.70403
wandb:               policy_loss -0.01696
wandb: region_scalar_weight_norm 3.40998
wandb:                      +121 ...
wandb: 
wandb: 🚀 View run ppo_v57 at: https://wandb.ai/korduban-ai/twilight-struggle-ai/runs/0c590ce3
wandb: ⭐️ View project at: https://wandb.ai/korduban-ai/twilight-struggle-ai
wandb: Synced 5 W&B file(s), 0 media file(s), 0 artifact file(s) and 0 other file(s)
wandb: Find logs at: ./wandb/run-20260411_033305-0c590ce3/logs

Training complete in 33.1 minutes
Checkpoints in: data/checkpoints/ppo_v57_league
