[ppo_train_dynamic] starting at 2026-04-13T19:47:05Z
wandb: [wandb.login()] Loaded credentials for https://api.wandb.ai from WANDB_API_KEY.
wandb: Currently logged in as: dkorduban (korduban-ai) to https://api.wandb.ai. Use `wandb login --relogin` to force relogin
wandb: setting up run 7584ab12
wandb: Tracking run with wandb version 0.25.1
wandb: Run data is saved locally in /home/dkord/code/twilight-struggle-ai/wandb/run-20260413_124707-7584ab12
wandb: Run `wandb offline` to turn off syncing.
wandb: Syncing run ppo_v118_sc
wandb: ⭐️ View project at https://wandb.ai/korduban-ai/twilight-struggle-ai
wandb: 🚀 View run at https://wandb.ai/korduban-ai/twilight-struggle-ai/runs/7584ab12
Loading checkpoint: data/checkpoints/ppo_v117_sc_league/ppo_best.pt
[smoke test] Smoke test passed: 10 games completed
  --reset-optimizer: skipping optimizer state restore, starting fresh Adam.

Starting PPO training: 30 iterations × 200 games/iter, side=both
Device: cuda, lr=2e-05, clip=0.12, ent=0.01, vf=0.5
League training enabled (pool: data/checkpoints/ppo_v118_sc_league, save-every=10)
  Saved to league pool: data/checkpoints/ppo_v118_sc_league/iter_0001.pt
  [league] self: self | ussr_pool: ['iter_0001', 'iter_0001'] | us_pool: ['v45_scripted', 'v72_sc_scripted']
  [pfsp]
    [ussr] iter_0001: WR_ussr=?(n=0) WR_us=?(n=0) pfsp=1.000
    [us] v45_scripted: WR_ussr=?(n=0) WR_us=0.94(n=134) pfsp=0.225
    [us] v72_sc_scripted: WR_ussr=?(n=0) WR_us=0.94(n=130) pfsp=0.231
  [diag] inf dtype=torch.float32 shape=torch.Size([2048, 172]) nan=0 inf_vals=0 range=[0.00,83.00]
  [diag] scalar dtype=torch.float32 nan=0 range=[-0.950,1.250]
  [diag] card_logits nan=0 range=[-57.87,25.93]
  [diag] values nan=0 range=[-0.3835,0.8658]
[iter   1/30] steps= 7944 rollout_wr=0.825 (ussr=0.890 us=0.760) pl=-0.0264 vl=0.1241 ent=3.193 clip=0.189 kl=0.0056 t=9.0s (rollout=7.4s update=1.6s)
  [league] self: self | ussr_pool: ['v73_sc_scripted', 'v73_sc_scripted'] | us_pool: ['v75_sc_scripted', 'v45_scripted']
  [pfsp]
    [ussr] v73_sc_scripted: WR_ussr=0.98(n=151) WR_us=?(n=0) pfsp=0.078
    [us] v75_sc_scripted: WR_ussr=0.98(n=170) WR_us=0.94(n=180) pfsp=0.210
    [us] v45_scripted: WR_ussr=?(n=0) WR_us=0.94(n=174) pfsp=0.217
  [diag] inf dtype=torch.float32 shape=torch.Size([2048, 172]) nan=0 inf_vals=0 range=[0.00,49.00]
  [diag] scalar dtype=torch.float32 nan=0 range=[-0.900,1.125]
  [diag] card_logits nan=0 range=[-55.69,30.59]
  [diag] values nan=0 range=[-0.4419,0.8982]
[iter   2/30] steps= 4521 rollout_wr=0.890 (ussr=0.970 us=0.810) pl=-0.0188 vl=0.1297 ent=3.478 clip=0.135 kl=0.0033 t=4.6s (rollout=4.2s update=0.4s)
  [league] self: self | ussr_pool: ['v55_scripted', 'iter_0001'] | us_pool: ['iter_0001', 'iter_0001']
  [pfsp]
    [ussr] v55_scripted: WR_ussr=0.93(n=165) WR_us=?(n=0) pfsp=0.249
    [ussr] iter_0001: WR_ussr=0.89(n=80) WR_us=?(n=0) pfsp=0.399
    [us] iter_0001: WR_ussr=0.89(n=80) WR_us=?(n=0) pfsp=1.000
  [diag] inf dtype=torch.float32 shape=torch.Size([2048, 172]) nan=0 inf_vals=0 range=[0.00,68.00]
  [diag] scalar dtype=torch.float32 nan=0 range=[-1.150,1.300]
  [diag] card_logits nan=0 range=[-55.58,27.14]
  [diag] values nan=0 range=[-0.4149,0.8873]
[iter   3/30] steps=10421 rollout_wr=0.575 (ussr=0.920 us=0.230) pl=-0.0111 vl=0.1149 ent=2.991 clip=0.147 kl=0.0050 t=10.2s (rollout=9.5s update=0.8s)
  [league] self: self | ussr_pool: ['v58_scripted', 'v77_sc_scripted'] | us_pool: ['iter_0001', 'iter_0001']
  [pfsp]
    [ussr] v58_scripted: WR_ussr=0.97(n=118) WR_us=?(n=0) pfsp=0.131
    [ussr] v77_sc_scripted: WR_ussr=0.96(n=209) WR_us=?(n=0) pfsp=0.165
    [us] iter_0001: WR_ussr=0.90(n=120) WR_us=0.24(n=80) pfsp=0.724
  [diag] inf dtype=torch.float32 shape=torch.Size([2048, 172]) nan=0 inf_vals=0 range=[0.00,86.00]
  [diag] scalar dtype=torch.float32 nan=0 range=[-0.950,1.200]
  [diag] card_logits nan=0 range=[-59.43,31.41]
  [diag] values nan=0 range=[-0.4467,0.8691]
[iter   4/30] steps= 8456 rollout_wr=0.580 (ussr=0.960 us=0.200) pl=-0.0176 vl=0.1183 ent=3.095 clip=0.098 kl=0.0031 t=8.0s (rollout=7.4s update=0.7s)
  [league] self: self | ussr_pool: ['v75_sc_scripted', 'heuristic'] | us_pool: ['v45_scripted', 'v76_sc_scripted']
  [pfsp]
    [ussr] v75_sc_scripted: WR_ussr=0.98(n=170) WR_us=0.95(n=220) pfsp=0.092
    [ussr] heuristic: WR_ussr=0.05(n=183) WR_us=0.02(n=206) pfsp=0.187
    [us] v45_scripted: WR_ussr=?(n=0) WR_us=0.94(n=214) pfsp=0.212
    [us] v76_sc_scripted: WR_ussr=?(n=0) WR_us=0.96(n=165) pfsp=0.162
  [diag] inf dtype=torch.float32 shape=torch.Size([2048, 172]) nan=0 inf_vals=0 range=[0.00,84.00]
  [diag] scalar dtype=torch.float32 nan=0 range=[-1.300,1.150]
  [diag] card_logits nan=0 range=[-60.14,31.39]
  [diag] values nan=0 range=[-0.4488,0.8649]
[iter   5/30] steps= 6428 rollout_wr=0.735 (ussr=0.620 us=0.850) pl=-0.0076 vl=0.1833 ent=3.360 clip=0.125 kl=0.0032 t=7.3s (rollout=6.7s update=0.6s)
  [league] self: self | ussr_pool: ['v79_sc_scripted', 'v58_scripted'] | us_pool: ['iter_0001', 'iter_0001']
  [pfsp]
    [ussr] v79_sc_scripted: WR_ussr=0.96(n=131) WR_us=0.95(n=93) pfsp=0.147
    [ussr] v58_scripted: WR_ussr=0.97(n=158) WR_us=?(n=0) pfsp=0.123
    [us] iter_0001: WR_ussr=0.90(n=120) WR_us=0.22(n=160) pfsp=0.684
  [diag] inf dtype=torch.float32 shape=torch.Size([2048, 172]) nan=0 inf_vals=0 range=[0.00,59.00]
  [diag] scalar dtype=torch.float32 nan=0 range=[-1.000,1.100]
  [diag] card_logits nan=0 range=[-54.57,32.18]
  [diag] values nan=0 range=[-0.5265,0.8513]
[iter   6/30] steps= 8906 rollout_wr=0.545 (ussr=0.920 us=0.170) pl=-0.0175 vl=0.1086 ent=3.108 clip=0.105 kl=0.0032 t=7.9s (rollout=7.2s update=0.6s)
  [league] self: self | ussr_pool: ['iter_0001', 'v75_sc_scripted'] | us_pool: ['iter_0001', 'v78_sc_scripted']
  [pfsp]
    [ussr] iter_0001: WR_ussr=0.90(n=120) WR_us=0.20(n=240) pfsp=0.360
    [ussr] v75_sc_scripted: WR_ussr=0.98(n=210) WR_us=0.95(n=220) pfsp=0.075
    [us] iter_0001: WR_ussr=0.90(n=120) WR_us=0.20(n=240) pfsp=0.640
    [us] v78_sc_scripted: WR_ussr=0.96(n=160) WR_us=0.93(n=118) pfsp=0.253
  [diag] inf dtype=torch.float32 shape=torch.Size([2048, 172]) nan=0 inf_vals=0 range=[0.00,80.00]
  [diag] scalar dtype=torch.float32 nan=0 range=[-1.000,1.350]
  [diag] card_logits nan=0 range=[-54.99,33.25]
  [diag] values nan=0 range=[-0.5077,0.8241]
[iter   7/30] steps= 8734 rollout_wr=0.705 (ussr=0.890 us=0.520) pl=-0.0119 vl=0.1216 ent=3.089 clip=0.111 kl=0.0031 t=7.4s (rollout=6.9s update=0.5s)
  [league] self: self | ussr_pool: ['iter_0001', 'v75_sc_scripted'] | us_pool: ['v75_sc_scripted', 'heuristic']
  [pfsp]
    [ussr] iter_0001: WR_ussr=0.88(n=160) WR_us=0.21(n=280) pfsp=0.419
    [ussr] v75_sc_scripted: WR_ussr=0.98(n=250) WR_us=0.95(n=220) pfsp=0.078
    [us] v75_sc_scripted: WR_ussr=0.98(n=250) WR_us=0.95(n=220) pfsp=0.206
    [us] heuristic: WR_ussr=0.06(n=223) WR_us=0.02(n=206) pfsp=0.095
  [diag] inf dtype=torch.float32 shape=torch.Size([2048, 172]) nan=0 inf_vals=0 range=[0.00,64.00]
  [diag] scalar dtype=torch.float32 nan=0 range=[-1.050,1.350]
  [diag] card_logits nan=0 range=[-62.30,30.61]
  [diag] values nan=0 range=[-0.5429,0.8747]
[iter   8/30] steps= 7639 rollout_wr=0.675 (ussr=0.890 us=0.460) pl=-0.0185 vl=0.1321 ent=3.341 clip=0.135 kl=0.0043 t=8.0s (rollout=7.4s update=0.5s)
  [league] self: self | ussr_pool: ['v79_sc_scripted', 'heuristic'] | us_pool: ['v79_sc_scripted', 'iter_0001']
  [pfsp]
    [ussr] v79_sc_scripted: WR_ussr=0.97(n=171) WR_us=0.95(n=93) pfsp=0.114
    [ussr] heuristic: WR_ussr=0.06(n=223) WR_us=0.02(n=246) pfsp=0.235
    [us] v79_sc_scripted: WR_ussr=0.97(n=171) WR_us=0.95(n=93) pfsp=0.203
    [us] iter_0001: WR_ussr=0.88(n=200) WR_us=0.21(n=280) pfsp=0.657
  [diag] inf dtype=torch.float32 shape=torch.Size([2048, 172]) nan=0 inf_vals=0 range=[0.00,62.00]
  [diag] scalar dtype=torch.float32 nan=0 range=[-1.700,1.200]
  [diag] card_logits nan=0 range=[-61.87,27.71]
  [diag] values nan=0 range=[-0.5528,0.8084]
[iter   9/30] steps= 8645 rollout_wr=0.545 (ussr=0.550 us=0.540) pl=-0.0143 vl=0.1700 ent=3.252 clip=0.106 kl=0.0029 t=10.1s (rollout=9.3s update=0.7s)
  Saved to league pool: data/checkpoints/ppo_v118_sc_league/iter_0010.pt
  [league] self: self | ussr_pool: ['iter_0001', 'iter_0010'] | us_pool: ['iter_0010', 'v72_sc_scripted']
  [pfsp]
    [ussr] iter_0001: WR_ussr=0.88(n=200) WR_us=0.21(n=320) pfsp=0.422
    [ussr] iter_0010: WR_ussr=?(n=0) WR_us=?(n=0) pfsp=1.000
    [us] iter_0010: WR_ussr=?(n=0) WR_us=?(n=0) pfsp=1.000
    [us] v72_sc_scripted: WR_ussr=?(n=0) WR_us=0.91(n=170) pfsp=0.322
  [diag] inf dtype=torch.float32 shape=torch.Size([2048, 172]) nan=0 inf_vals=0 range=[0.00,78.00]
  [diag] scalar dtype=torch.float32 nan=0 range=[-0.950,1.250]
  [diag] card_logits nan=0 range=[-57.85,28.11]
  [diag] values nan=0 range=[-0.5954,0.6929]
[iter  10/30] steps= 9354 rollout_wr=0.685 (ussr=0.870 us=0.500) pl=-0.0218 vl=0.1337 ent=3.267 clip=0.130 kl=0.0039 t=8.4s (rollout=7.7s update=0.7s)
  [probe] iter=10 card_jsd=0.0002 top1=0.993 val_mae=0.0150
  [confirm] launched incremental Elo check for iter 10
  [panel eval] launched pid=846994 iter=10 panel=['v55', 'v54', 'v44', 'v45', 'v14']
  [league] self: self | ussr_pool: ['iter_0001', 'iter_0001'] | us_pool: ['v79_sc_scripted', 'v76_sc_scripted']
  [pfsp]
    [ussr] iter_0001: WR_ussr=0.88(n=240) WR_us=0.21(n=320) pfsp=0.438
    [us] v79_sc_scripted: WR_ussr=0.96(n=211) WR_us=0.95(n=133) pfsp=0.199
    [us] v76_sc_scripted: WR_ussr=?(n=0) WR_us=0.97(n=205) pfsp=0.132
  [diag] inf dtype=torch.float32 shape=torch.Size([2048, 172]) nan=0 inf_vals=0 range=[0.00,82.00]
  [diag] scalar dtype=torch.float32 nan=0 range=[-1.100,1.300]
  [diag] card_logits nan=0 range=[-54.32,31.92]
  [diag] values nan=0 range=[-0.5221,0.6370]
[iter  11/30] steps= 7831 rollout_wr=0.840 (ussr=0.880 us=0.800) pl=-0.0173 vl=0.1392 ent=3.244 clip=0.112 kl=0.0033 t=7.8s (rollout=7.2s update=0.6s)
  [panel eval iter 10] avg=0.492 elapsed=8s: v55=0.500 | v54=0.467 | v44=0.517 | v45=0.483 | v14=0.483
  [panel eval] NEW HIGH-WATER MARK iter=10 avg_wr=0.4917 → ppo_running_best.pt (provenance: ppo_iter0010.pt)
  [league] self: self | ussr_pool: ['iter_0010', 'bc_wide384_scripted'] | us_pool: ['iter_0010', 'heuristic']
  [pfsp]
    [ussr] iter_0010: WR_ussr=0.93(n=40) WR_us=0.15(n=40) pfsp=0.277
    [ussr] bc_wide384_scripted: WR_ussr=0.98(n=150) WR_us=0.94(n=163) pfsp=0.078
    [us] iter_0010: WR_ussr=0.93(n=40) WR_us=0.15(n=40) pfsp=0.510
    [us] heuristic: WR_ussr=0.07(n=263) WR_us=0.02(n=246) pfsp=0.080
  [diag] inf dtype=torch.float32 shape=torch.Size([2048, 172]) nan=0 inf_vals=0 range=[0.00,72.00]
  [diag] scalar dtype=torch.float32 nan=0 range=[-0.950,1.125]
  [diag] card_logits nan=0 range=[-53.90,30.13]
  [diag] values nan=0 range=[-0.5455,0.7387]
[iter  12/30] steps= 9927 rollout_wr=0.545 (ussr=0.900 us=0.190) pl=-0.0176 vl=0.1222 ent=3.185 clip=0.149 kl=0.0050 t=10.0s (rollout=9.4s update=0.6s)
  [league] self: self | ussr_pool: ['iter_0001', 'v75_sc_scripted'] | us_pool: ['iter_0001', 'bc_wide384_scripted']
  [pfsp]
    [ussr] iter_0001: WR_ussr=0.88(n=320) WR_us=0.21(n=320) pfsp=0.428
    [ussr] v75_sc_scripted: WR_ussr=0.98(n=290) WR_us=0.95(n=260) pfsp=0.094
    [us] iter_0001: WR_ussr=0.88(n=320) WR_us=0.21(n=320) pfsp=0.669
    [us] bc_wide384_scripted: WR_ussr=0.97(n=190) WR_us=0.94(n=163) pfsp=0.209
  [diag] inf dtype=torch.float32 shape=torch.Size([2048, 172]) nan=0 inf_vals=0 range=[0.00,74.00]
  [diag] scalar dtype=torch.float32 nan=0 range=[-0.850,1.400]
  [diag] card_logits nan=0 range=[-55.37,32.77]
  [diag] values nan=0 range=[-0.5674,0.8335]
[iter  13/30] steps= 8766 rollout_wr=0.705 (ussr=0.870 us=0.540) pl=-0.0135 vl=0.1379 ent=3.069 clip=0.079 kl=0.0024 t=8.8s (rollout=8.1s update=0.6s)
  [league] self: self | ussr_pool: ['iter_0010', 'v55_scripted'] | us_pool: ['iter_0001', 'v72_sc_scripted']
  [pfsp]
    [ussr] iter_0010: WR_ussr=0.90(n=80) WR_us=0.19(n=80) pfsp=0.360
    [ussr] v55_scripted: WR_ussr=0.94(n=205) WR_us=?(n=0) pfsp=0.238
    [us] iter_0001: WR_ussr=0.86(n=360) WR_us=0.23(n=360) pfsp=0.698
    [us] v72_sc_scripted: WR_ussr=?(n=0) WR_us=0.92(n=210) pfsp=0.298
  [diag] inf dtype=torch.float32 shape=torch.Size([2048, 172]) nan=0 inf_vals=0 range=[0.00,65.00]
  [diag] scalar dtype=torch.float32 nan=0 range=[-0.950,1.300]
  [diag] card_logits nan=0 range=[-57.00,29.47]
  [diag] values nan=0 range=[-0.5713,0.8479]
[iter  14/30] steps= 8102 rollout_wr=0.675 (ussr=0.870 us=0.480) pl=-0.0143 vl=0.1315 ent=3.140 clip=0.071 kl=0.0021 t=7.7s (rollout=7.1s update=0.6s)
  [league] self: self | ussr_pool: ['iter_0001', 'bc_wide384_scripted'] | us_pool: ['iter_0010', 'iter_0010']
  [pfsp]
    [ussr] iter_0001: WR_ussr=0.86(n=360) WR_us=0.22(n=400) pfsp=0.470
    [ussr] bc_wide384_scripted: WR_ussr=0.97(n=190) WR_us=0.95(n=203) pfsp=0.122
    [us] iter_0010: WR_ussr=0.88(n=120) WR_us=0.19(n=80) pfsp=0.609
  [diag] inf dtype=torch.float32 shape=torch.Size([2048, 172]) nan=0 inf_vals=0 range=[0.00,65.00]
  [diag] scalar dtype=torch.float32 nan=0 range=[-1.050,1.050]
  [diag] card_logits nan=0 range=[-57.03,26.96]
  [diag] values nan=0 range=[-0.5708,0.7398]
[iter  15/30] steps=10182 rollout_wr=0.575 (ussr=0.870 us=0.280) pl=-0.0162 vl=0.1269 ent=3.145 clip=0.096 kl=0.0029 t=9.2s (rollout=8.6s update=0.7s)
  [league] self: self | ussr_pool: ['heuristic', 'iter_0010'] | us_pool: ['v22_scripted', 'iter_0001']
  [pfsp]
    [ussr] heuristic: WR_ussr=0.07(n=263) WR_us=0.02(n=286) pfsp=0.268
    [ussr] iter_0010: WR_ussr=0.88(n=120) WR_us=0.21(n=160) pfsp=0.412
    [us] v22_scripted: WR_ussr=?(n=0) WR_us=0.94(n=172) pfsp=0.219
    [us] iter_0001: WR_ussr=0.86(n=400) WR_us=0.22(n=400) pfsp=0.681
  [diag] inf dtype=torch.float32 shape=torch.Size([2048, 172]) nan=0 inf_vals=0 range=[0.00,70.00]
  [diag] scalar dtype=torch.float32 nan=0 range=[-1.500,1.300]
  [diag] card_logits nan=0 range=[-56.04,29.28]
  [diag] values nan=0 range=[-0.6196,0.7964]
[iter  16/30] steps=10299 rollout_wr=0.520 (ussr=0.520 us=0.520) pl=-0.0224 vl=0.1440 ent=3.177 clip=0.105 kl=0.0031 t=11.3s (rollout=10.6s update=0.6s)
  [league] self: self | ussr_pool: ['iter_0001', 'v78_sc_scripted'] | us_pool: ['iter_0010', 'v78_sc_scripted']
  [pfsp]
    [ussr] iter_0001: WR_ussr=0.86(n=400) WR_us=0.21(n=440) pfsp=0.482
    [ussr] v78_sc_scripted: WR_ussr=0.96(n=160) WR_us=0.94(n=158) pfsp=0.144
    [us] iter_0010: WR_ussr=0.87(n=160) WR_us=0.21(n=160) pfsp=0.655
    [us] v78_sc_scripted: WR_ussr=0.96(n=160) WR_us=0.94(n=158) pfsp=0.237
  [diag] inf dtype=torch.float32 shape=torch.Size([2048, 172]) nan=0 inf_vals=0 range=[0.00,75.00]
  [diag] scalar dtype=torch.float32 nan=0 range=[-0.950,1.550]
  [diag] card_logits nan=0 range=[-55.88,29.28]
  [diag] values nan=0 range=[-0.6000,0.7975]
[iter  17/30] steps= 8226 rollout_wr=0.735 (ussr=0.960 us=0.510) pl=-0.0156 vl=0.1265 ent=3.157 clip=0.096 kl=0.0028 t=10.5s (rollout=9.8s update=0.8s)
  [league] self: self | ussr_pool: ['iter_0010', 'iter_0001'] | us_pool: ['iter_0010', 'iter_0001']
  [pfsp]
    [ussr] iter_0010: WR_ussr=0.87(n=160) WR_us=0.23(n=200) pfsp=0.456
    [ussr] iter_0001: WR_ussr=0.87(n=440) WR_us=0.21(n=440) pfsp=0.451
    [us] iter_0010: WR_ussr=0.87(n=160) WR_us=0.23(n=200) pfsp=0.698
    [us] iter_0001: WR_ussr=0.87(n=440) WR_us=0.21(n=440) pfsp=0.672
  [diag] inf dtype=torch.float32 shape=torch.Size([2048, 172]) nan=0 inf_vals=0 range=[0.00,84.00]
  [diag] scalar dtype=torch.float32 nan=0 range=[-0.950,1.100]
  [diag] card_logits nan=0 range=[-57.99,27.18]
  [diag] values nan=0 range=[-0.5977,0.7581]
[iter  18/30] steps=12238 rollout_wr=0.615 (ussr=0.840 us=0.390) pl=-0.0181 vl=0.1259 ent=3.015 clip=0.109 kl=0.0035 t=12.6s (rollout=11.7s update=0.8s)
  [league] self: self | ussr_pool: ['iter_0010', 'v78_sc_scripted'] | us_pool: ['iter_0001', 'v76_sc_scripted']
  [pfsp]
    [ussr] iter_0010: WR_ussr=0.86(n=200) WR_us=0.23(n=240) pfsp=0.467
    [ussr] v78_sc_scripted: WR_ussr=0.96(n=200) WR_us=0.93(n=198) pfsp=0.135
    [us] iter_0001: WR_ussr=0.87(n=480) WR_us=0.23(n=480) pfsp=0.716
    [us] v76_sc_scripted: WR_ussr=?(n=0) WR_us=0.97(n=245) pfsp=0.126
  [diag] inf dtype=torch.float32 shape=torch.Size([2048, 172]) nan=0 inf_vals=0 range=[0.00,72.00]
  [diag] scalar dtype=torch.float32 nan=0 range=[-1.100,1.050]
  [diag] card_logits nan=0 range=[-59.45,30.52]
  [diag] values nan=0 range=[-0.5778,0.8053]
[iter  19/30] steps= 8423 rollout_wr=0.775 (ussr=0.930 us=0.620) pl=-0.0087 vl=0.1322 ent=3.272 clip=0.067 kl=0.0022 t=9.3s (rollout=8.5s update=0.7s)
  Saved to league pool: data/checkpoints/ppo_v118_sc_league/iter_0020.pt
  [league] self: self | ussr_pool: ['v78_sc_scripted', 'iter_0001'] | us_pool: ['iter_0010', 'v79_sc_scripted']
  [pfsp]
    [ussr] v78_sc_scripted: WR_ussr=0.97(n=240) WR_us=0.93(n=198) pfsp=0.129
    [ussr] iter_0001: WR_ussr=0.87(n=480) WR_us=0.25(n=520) pfsp=0.450
    [us] iter_0010: WR_ussr=0.87(n=240) WR_us=0.23(n=240) pfsp=0.716
    [us] v79_sc_scripted: WR_ussr=0.96(n=211) WR_us=0.95(n=173) pfsp=0.197
  [diag] inf dtype=torch.float32 shape=torch.Size([2048, 172]) nan=0 inf_vals=0 range=[0.00,100.00]
  [diag] scalar dtype=torch.float32 nan=0 range=[-0.950,1.150]
  [diag] card_logits nan=0 range=[-58.29,29.67]
  [diag] values nan=0 range=[-0.5226,0.8298]
[iter  20/30] steps= 8237 rollout_wr=0.700 (ussr=0.920 us=0.480) pl=-0.0518 vl=0.1265 ent=3.204 clip=0.112 kl=0.0030 t=9.6s (rollout=8.1s update=1.5s)
  [probe] iter=20 card_jsd=0.0002 top1=0.992 val_mae=0.0221
  [confirm] launched incremental Elo check for iter 20
  [panel eval] launched pid=847512 iter=20 panel=['v55', 'v54', 'v44', 'v45', 'v14']
  [league] self: self | ussr_pool: ['iter_0020', 'heuristic'] | us_pool: ['v22_scripted', 'iter_0001']
  [pfsp]
    [ussr] iter_0020: WR_ussr=?(n=0) WR_us=?(n=0) pfsp=1.000
    [ussr] heuristic: WR_ussr=0.07(n=303) WR_us=0.02(n=286) pfsp=0.247
    [us] v22_scripted: WR_ussr=?(n=0) WR_us=0.94(n=212) pfsp=0.230
    [us] iter_0001: WR_ussr=0.87(n=520) WR_us=0.25(n=520) pfsp=0.746
  [diag] inf dtype=torch.float32 shape=torch.Size([2048, 172]) nan=0 inf_vals=0 range=[0.00,90.00]
  [diag] scalar dtype=torch.float32 nan=0 range=[-1.550,1.300]
  [diag] card_logits nan=0 range=[-59.96,30.66]
  [diag] values nan=0 range=[-0.4876,0.8223]
[iter  21/30] steps=10137 rollout_wr=0.540 (ussr=0.560 us=0.520) pl=-0.0150 vl=0.1485 ent=3.077 clip=0.072 kl=0.0022 t=13.1s (rollout=12.4s update=0.7s)
  [panel eval iter 20] avg=0.514 elapsed=13s: v55=0.517 | v54=0.517 | v44=0.500 | v45=0.517 | v14=0.533
  [panel eval] NEW HIGH-WATER MARK iter=20 avg_wr=0.5142 → ppo_running_best.pt (provenance: ppo_iter0020.pt)
  [league] self: self | ussr_pool: ['v78_sc_scripted', 'iter_0020'] | us_pool: ['iter_0010', 'iter_0020']
  [pfsp]
    [ussr] v78_sc_scripted: WR_ussr=0.97(n=280) WR_us=0.93(n=198) pfsp=0.111
    [ussr] iter_0020: WR_ussr=0.93(n=40) WR_us=?(n=0) pfsp=0.277
    [us] iter_0010: WR_ussr=0.87(n=240) WR_us=0.23(n=280) pfsp=0.713
    [us] iter_0020: WR_ussr=0.93(n=40) WR_us=?(n=0) pfsp=1.000
  [diag] inf dtype=torch.float32 shape=torch.Size([2048, 172]) nan=0 inf_vals=0 range=[0.00,63.00]
  [diag] scalar dtype=torch.float32 nan=0 range=[-0.950,1.050]
  [diag] card_logits nan=0 range=[-60.23,28.27]
  [diag] values nan=0 range=[-0.5174,0.7723]
[iter  22/30] steps= 9988 rollout_wr=0.515 (ussr=0.880 us=0.150) pl=-0.0160 vl=0.1114 ent=3.201 clip=0.101 kl=0.0031 t=10.1s (rollout=9.4s update=0.7s)
  [league] self: self | ussr_pool: ['iter_0020', 'iter_0001'] | us_pool: ['iter_0020', 'v72_sc_scripted']
  [pfsp]
    [ussr] iter_0020: WR_ussr=0.88(n=80) WR_us=0.23(n=40) pfsp=0.438
    [ussr] iter_0001: WR_ussr=0.87(n=520) WR_us=0.25(n=560) pfsp=0.449
    [us] iter_0020: WR_ussr=0.88(n=80) WR_us=0.23(n=40) pfsp=0.698
    [us] v72_sc_scripted: WR_ussr=?(n=0) WR_us=0.92(n=250) pfsp=0.281
  [diag] inf dtype=torch.float32 shape=torch.Size([2048, 172]) nan=0 inf_vals=0 range=[0.00,84.00]
  [diag] scalar dtype=torch.float32 nan=0 range=[-0.900,1.450]
  [diag] card_logits nan=0 range=[-57.11,30.86]
  [diag] values nan=0 range=[-0.6452,0.7695]
[iter  23/30] steps=10186 rollout_wr=0.690 (ussr=0.850 us=0.530) pl=-0.0154 vl=0.1165 ent=3.044 clip=0.093 kl=0.0026 t=9.9s (rollout=9.2s update=0.7s)
  [league] self: self | ussr_pool: ['v58_scripted', 'iter_0020'] | us_pool: ['v78_sc_scripted', 'iter_0010']
  [pfsp]
    [ussr] v58_scripted: WR_ussr=0.97(n=198) WR_us=?(n=0) pfsp=0.118
    [ussr] iter_0020: WR_ussr=0.85(n=120) WR_us=0.25(n=80) pfsp=0.510
    [us] v78_sc_scripted: WR_ussr=0.97(n=320) WR_us=0.93(n=198) pfsp=0.263
    [us] iter_0010: WR_ussr=0.87(n=240) WR_us=0.22(n=320) pfsp=0.684
  [diag] inf dtype=torch.float32 shape=torch.Size([2048, 172]) nan=0 inf_vals=0 range=[0.00,75.00]
  [diag] scalar dtype=torch.float32 nan=0 range=[-0.950,1.300]
  [diag] card_logits nan=0 range=[-54.92,29.19]
  [diag] values nan=0 range=[-0.5823,0.7758]
[iter  24/30] steps= 8384 rollout_wr=0.740 (ussr=0.900 us=0.580) pl=-0.0232 vl=0.1440 ent=3.272 clip=0.083 kl=0.0026 t=9.6s (rollout=8.8s update=0.7s)
  [league] self: self | ussr_pool: ['v55_scripted', 'heuristic'] | us_pool: ['v45_scripted', 'iter_0001']
  [pfsp]
    [ussr] v55_scripted: WR_ussr=0.93(n=245) WR_us=?(n=0) pfsp=0.244
    [ussr] heuristic: WR_ussr=0.06(n=343) WR_us=0.02(n=286) pfsp=0.240
    [us] v45_scripted: WR_ussr=?(n=0) WR_us=0.95(n=254) pfsp=0.194
    [us] iter_0001: WR_ussr=0.87(n=560) WR_us=0.25(n=560) pfsp=0.750
  [diag] inf dtype=torch.float32 shape=torch.Size([2048, 172]) nan=0 inf_vals=0 range=[0.00,85.00]
  [diag] scalar dtype=torch.float32 nan=0 range=[-1.300,1.200]
  [diag] card_logits nan=0 range=[-56.22,29.04]
  [diag] values nan=0 range=[-0.5542,0.8491]
[iter  25/30] steps= 8759 rollout_wr=0.545 (ussr=0.580 us=0.510) pl=-0.0169 vl=0.1714 ent=3.198 clip=0.095 kl=0.0029 t=12.1s (rollout=11.3s update=0.8s)
  [league] self: self | ussr_pool: ['v78_sc_scripted', 'v75_sc_scripted'] | us_pool: ['iter_0010', 'iter_0001']
  [pfsp]
    [ussr] v78_sc_scripted: WR_ussr=0.97(n=320) WR_us=0.92(n=238) pfsp=0.133
    [ussr] v75_sc_scripted: WR_ussr=0.98(n=330) WR_us=0.95(n=260) pfsp=0.095
    [us] iter_0010: WR_ussr=0.87(n=240) WR_us=0.24(n=360) pfsp=0.727
    [us] iter_0001: WR_ussr=0.87(n=560) WR_us=0.25(n=600) pfsp=0.757
  [diag] inf dtype=torch.float32 shape=torch.Size([2048, 172]) nan=0 inf_vals=0 range=[0.00,60.00]
  [diag] scalar dtype=torch.float32 nan=0 range=[-0.950,1.200]
  [diag] card_logits nan=0 range=[-55.50,31.60]
  [diag] values nan=0 range=[-0.6442,0.7886]
[iter  26/30] steps= 8907 rollout_wr=0.640 (ussr=0.940 us=0.340) pl=-0.0195 vl=0.1337 ent=3.215 clip=0.113 kl=0.0033 t=9.7s (rollout=9.0s update=0.6s)
  [league] self: self | ussr_pool: ['v77_sc_scripted', 'heuristic'] | us_pool: ['iter_0020', 'iter_0001']
  [pfsp]
    [ussr] v77_sc_scripted: WR_ussr=0.96(n=249) WR_us=?(n=0) pfsp=0.169
    [ussr] heuristic: WR_ussr=0.07(n=383) WR_us=0.02(n=286) pfsp=0.262
    [us] iter_0020: WR_ussr=0.83(n=160) WR_us=0.25(n=80) pfsp=0.750
    [us] iter_0001: WR_ussr=0.87(n=560) WR_us=0.25(n=640) pfsp=0.753
  [diag] inf dtype=torch.float32 shape=torch.Size([2048, 172]) nan=0 inf_vals=0 range=[0.00,82.00]
  [diag] scalar dtype=torch.float32 nan=0 range=[-1.300,1.450]
  [diag] card_logits nan=0 range=[-52.70,30.83]
  [diag] values nan=0 range=[-0.6315,0.7310]
[iter  27/30] steps=10139 rollout_wr=0.460 (ussr=0.580 us=0.340) pl=-0.0169 vl=0.1544 ent=3.215 clip=0.108 kl=0.0031 t=12.3s (rollout=11.6s update=0.8s)
  [league] self: self | ussr_pool: ['v55_scripted', 'bc_wide384_scripted'] | us_pool: ['v79_sc_scripted', 'v72_sc_scripted']
  [pfsp]
    [ussr] v55_scripted: WR_ussr=0.94(n=285) WR_us=?(n=0) pfsp=0.237
    [ussr] bc_wide384_scripted: WR_ussr=0.97(n=230) WR_us=0.95(n=203) pfsp=0.134
    [us] v79_sc_scripted: WR_ussr=0.96(n=211) WR_us=0.94(n=213) pfsp=0.213
    [us] v72_sc_scripted: WR_ussr=?(n=0) WR_us=0.93(n=290) pfsp=0.269
  [diag] inf dtype=torch.float32 shape=torch.Size([2048, 172]) nan=0 inf_vals=0 range=[0.00,60.00]
  [diag] scalar dtype=torch.float32 nan=0 range=[-0.900,1.000]
  [diag] card_logits nan=0 range=[-58.96,27.99]
  [diag] values nan=0 range=[-0.5440,0.8159]
[iter  28/30] steps= 4912 rollout_wr=0.870 (ussr=0.920 us=0.820) pl=-0.0166 vl=0.2036 ent=3.596 clip=0.099 kl=0.0028 t=7.0s (rollout=6.5s update=0.5s)
  [league] self: self | ussr_pool: ['iter_0010', 'iter_0010'] | us_pool: ['iter_0010', 'iter_0020']
  [pfsp]
    [ussr] iter_0010: WR_ussr=0.87(n=240) WR_us=0.26(n=400) pfsp=0.462
    [us] iter_0010: WR_ussr=0.87(n=240) WR_us=0.26(n=400) pfsp=0.770
    [us] iter_0020: WR_ussr=0.83(n=160) WR_us=0.28(n=120) pfsp=0.797
  [diag] inf dtype=torch.float32 shape=torch.Size([2048, 172]) nan=0 inf_vals=0 range=[0.00,73.00]
  [diag] scalar dtype=torch.float32 nan=0 range=[-0.950,1.200]
  [diag] card_logits nan=0 range=[-53.56,28.44]
  [diag] values nan=0 range=[-0.6119,0.7057]
[iter  29/30] steps=11887 rollout_wr=0.555 (ussr=0.850 us=0.260) pl=-0.0171 vl=0.1201 ent=3.177 clip=0.119 kl=0.0037 t=11.4s (rollout=10.6s update=0.8s)
  Saved to league pool: data/checkpoints/ppo_v118_sc_league/iter_0030.pt
  [league] self: self | ussr_pool: ['iter_0030', 'bc_wide384_scripted'] | us_pool: ['v78_sc_scripted', 'iter_0030']
  [pfsp]
    [ussr] iter_0030: WR_ussr=?(n=0) WR_us=?(n=0) pfsp=1.000
    [ussr] bc_wide384_scripted: WR_ussr=0.96(n=270) WR_us=0.95(n=203) pfsp=0.143
    [us] v78_sc_scripted: WR_ussr=0.97(n=360) WR_us=0.92(n=238) pfsp=0.280
    [us] iter_0030: WR_ussr=?(n=0) WR_us=?(n=0) pfsp=1.000
  [diag] inf dtype=torch.float32 shape=torch.Size([2048, 172]) nan=0 inf_vals=0 range=[0.00,100.00]
  [diag] scalar dtype=torch.float32 nan=0 range=[-0.950,1.350]
  [diag] card_logits nan=0 range=[-56.20,29.33]
  [diag] values nan=0 range=[-0.5507,0.8436]
[iter  30/30] steps= 8547 rollout_wr=0.685 (ussr=0.860 us=0.510) pl=-0.0248 vl=0.1396 ent=3.111 clip=0.087 kl=0.0025 t=9.1s (rollout=8.4s update=0.7s)
  [probe] iter=30 card_jsd=0.0002 top1=0.995 val_mae=0.0061
  [confirm] launched incremental Elo check for iter 30
  [panel eval] launched pid=848136 iter=30 panel=['v55', 'v54', 'v44', 'v45', 'v14']
wandb: updating run metadata
wandb: uploading output.log; uploading wandb-summary.json; uploading config.yaml
wandb: uploading history steps 28-29, summary, console lines 338-348
wandb: 
wandb: Run history:
wandb:               approx_kl █▃▇▃▃▃▃▅▂▅▃▇▂▁▂▃▂▄▁▃▁▃▂▂▃▃▃▂▄▂
wandb:           clip_fraction █▅▆▃▄▃▄▅▃▅▄▆▂▁▃▃▃▃▁▄▁▃▃▂▃▄▃▃▄▂
wandb: core_scalar_weight_norm ▁▁▁▂▂▂▂▃▃▃▃▄▄▄▄▄▅▅▅▆▆▆▆▆▇▇▇▇▇█
wandb:                ent_coef ███▇▇▇▇▆▆▆▆▅▅▅▅▄▄▄▄▃▃▃▃▂▂▂▂▁▁▁
wandb:                 entropy ▃▇▁▂▅▂▂▅▄▄▄▃▂▃▃▃▃▁▄▃▂▃▂▄▃▄▄█▃▂
wandb:             iter_time_s ▅▁▆▄▃▄▃▄▅▄▄▅▄▄▅▆▆█▅▅█▅▅▅▇▅▇▃▇▅
wandb:                 n_steps ▄▁▆▅▃▅▅▄▅▅▄▆▅▄▆▆▄█▅▄▆▆▆▅▅▅▆▁█▅
wandb:  new_scalar_weight_norm ▃▃▁▁▂▃▃▃▅▅▅▅▄▅▅▄▄▄▄▅▅▅▅▆▇█▇▇▇▆
wandb:   panel/avg_combined_wr ▁█
wandb:     panel/eval_time_sec ▁█
wandb:                    +173 ...
wandb: 
wandb: Run summary:
wandb:               approx_kl 0.00252
wandb:           clip_fraction 0.08664
wandb: core_scalar_weight_norm 4.31937
wandb:                ent_coef 0.003
wandb:                 entropy 3.11134
wandb:             iter_time_s 9.07052
wandb:                 n_steps 8547
wandb:  new_scalar_weight_norm 3.61563
wandb:   panel/avg_combined_wr 0.51417
wandb:     panel/eval_time_sec 13.4779
wandb:                    +173 ...
wandb: 
wandb: 🚀 View run ppo_v118_sc at: https://wandb.ai/korduban-ai/twilight-struggle-ai/runs/7584ab12
wandb: ⭐️ View project at: https://wandb.ai/korduban-ai/twilight-struggle-ai
wandb: Synced 5 W&B file(s), 0 media file(s), 0 artifact file(s) and 0 other file(s)
wandb: Find logs at: ./wandb/run-20260413_124707-7584ab12/logs

Training complete in 4.8 minutes
Checkpoints in: data/checkpoints/ppo_v118_sc_league
[ppo_train_dynamic] finished at 2026-04-13T19:52:04Z
