[ppo_train_dynamic] starting at 2026-04-14T02:09:38Z
wandb: [wandb.login()] Loaded credentials for https://api.wandb.ai from WANDB_API_KEY.
wandb: Currently logged in as: dkorduban (korduban-ai) to https://api.wandb.ai. Use `wandb login --relogin` to force relogin
wandb: setting up run a90e1817
wandb: Tracking run with wandb version 0.25.1
wandb: Run data is saved locally in /home/dkord/code/twilight-struggle-ai/wandb/run-20260413_190940-a90e1817
wandb: Run `wandb offline` to turn off syncing.
wandb: Syncing run ppo_v180_sc
wandb: ⭐️ View project at https://wandb.ai/korduban-ai/twilight-struggle-ai
wandb: 🚀 View run at https://wandb.ai/korduban-ai/twilight-struggle-ai/runs/a90e1817
Loading checkpoint: data/checkpoints/ppo_v179_sc_league/ppo_best.pt
[smoke test] Smoke test passed: 10 games completed
  --reset-optimizer: skipping optimizer state restore, starting fresh Adam.

Starting PPO training: 30 iterations × 200 games/iter, side=both
Device: cuda, lr=5e-05, clip=0.12, ent=0.01, vf=0.5
League training enabled (pool: data/checkpoints/ppo_v180_sc_league, save-every=10)
  Saved to league pool: data/checkpoints/ppo_v180_sc_league/iter_0001.pt
  [league] self: self | ussr_pool: ['iter_0001', 'iter_0001'] | us_pool: ['iter_0001', 'v48_scripted']
  [pfsp]
    [ussr] iter_0001: WR_ussr=?(n=0) WR_us=?(n=0) pfsp=1.000
    [us] iter_0001: WR_ussr=?(n=0) WR_us=?(n=0) pfsp=1.000
    [us] v48_scripted: WR_ussr=0.98(n=192) WR_us=0.95(n=146) pfsp=0.207
[Glasnost] resolving SALT bonus with random ops placeholder
  [diag] inf dtype=torch.float32 shape=torch.Size([2048, 172]) nan=0 inf_vals=0 range=[0.00,52.00]
  [diag] scalar dtype=torch.float32 nan=0 range=[-0.950,1.150]
  [diag] card_logits nan=0 range=[-17.99,13.84]
  [diag] values nan=0 range=[-0.9549,0.9514]
[iter   1/30] steps=11056 rollout_wr=0.625 (ussr=0.570 us=0.680) pl=-0.0386 vl=0.1276 ent=3.748 clip=0.362 kl=0.0152 t=17.9s (rollout=13.0s update=4.9s)
  [league] self: self | ussr_pool: ['v57_scripted', 'v20_scripted'] | us_pool: ['iter_0001', 'iter_0001']
  [pfsp]
    [ussr] v57_scripted: WR_ussr=0.96(n=135) WR_us=0.96(n=114) pfsp=0.170
    [ussr] v20_scripted: WR_ussr=0.98(n=98) WR_us=0.96(n=163) pfsp=0.080
    [us] iter_0001: WR_ussr=0.59(n=80) WR_us=0.45(n=40) pfsp=0.990
  [diag] inf dtype=torch.float32 shape=torch.Size([2048, 172]) nan=0 inf_vals=0 range=[0.00,44.00]
  [diag] scalar dtype=torch.float32 nan=0 range=[-1.150,1.150]
  [diag] card_logits nan=0 range=[-18.12,12.75]
  [diag] values nan=0 range=[-0.9546,0.9466]
[iter   2/30] steps= 8663 rollout_wr=0.660 (ussr=0.890 us=0.430) pl=-0.0295 vl=0.1313 ent=3.929 clip=0.265 kl=0.0106 t=13.2s (rollout=9.8s update=3.4s)
  [league] self: self | ussr_pool: ['v20_scripted', 'v45_scripted'] | us_pool: ['v44_scripted', 'v54_scripted']
  [pfsp]
    [ussr] v20_scripted: WR_ussr=0.98(n=138) WR_us=0.96(n=163) pfsp=0.085
    [ussr] v45_scripted: WR_ussr=0.98(n=165) WR_us=?(n=2) pfsp=0.071
    [us] v44_scripted: WR_ussr=?(n=0) WR_us=0.99(n=81) pfsp=0.049
    [us] v54_scripted: WR_ussr=?(n=0) WR_us=0.94(n=85) pfsp=0.221
  [diag] inf dtype=torch.float32 shape=torch.Size([2048, 172]) nan=0 inf_vals=0 range=[0.00,47.00]
  [diag] scalar dtype=torch.float32 nan=0 range=[-1.100,1.200]
  [diag] card_logits nan=0 range=[-18.38,15.93]
  [diag] values nan=0 range=[-0.9393,0.9328]
[iter   3/30] steps= 4617 rollout_wr=0.895 (ussr=0.890 us=0.900) pl=-0.0226 vl=0.1315 ent=4.039 clip=0.228 kl=0.0067 t=7.7s (rollout=5.7s update=2.0s)
  [league] self: self | ussr_pool: ['v19_scripted', 'v55_scripted'] | us_pool: ['v44_scripted', 'v20_scripted']
  [pfsp]
    [ussr] v19_scripted: WR_ussr=0.93(n=121) WR_us=0.99(n=70) pfsp=0.247
    [ussr] v55_scripted: WR_ussr=0.94(n=163) WR_us=0.95(n=112) pfsp=0.230
    [us] v44_scripted: WR_ussr=?(n=0) WR_us=0.99(n=121) pfsp=0.033
    [us] v20_scripted: WR_ussr=0.98(n=178) WR_us=0.96(n=163) pfsp=0.164
  [diag] inf dtype=torch.float32 shape=torch.Size([2048, 172]) nan=0 inf_vals=0 range=[0.00,39.00]
  [diag] scalar dtype=torch.float32 nan=0 range=[-0.950,1.000]
  [diag] card_logits nan=0 range=[-18.66,13.02]
  [diag] values nan=0 range=[-0.9307,0.8748]
[iter   4/30] steps= 4802 rollout_wr=0.850 (ussr=0.830 us=0.870) pl=-0.0247 vl=0.1227 ent=3.980 clip=0.186 kl=0.0065 t=8.0s (rollout=6.0s update=2.0s)
  [league] self: self | ussr_pool: ['iter_0001', 'v48_scripted'] | us_pool: ['iter_0001', 'iter_0001']
  [pfsp]
    [ussr] iter_0001: WR_ussr=0.59(n=80) WR_us=0.45(n=120) pfsp=0.969
    [ussr] v48_scripted: WR_ussr=0.98(n=192) WR_us=0.95(n=186) pfsp=0.082
    [us] iter_0001: WR_ussr=0.59(n=80) WR_us=0.45(n=120) pfsp=0.990
  [diag] inf dtype=torch.float32 shape=torch.Size([2048, 172]) nan=0 inf_vals=0 range=[0.00,48.00]
  [diag] scalar dtype=torch.float32 nan=0 range=[-1.100,1.050]
  [diag] card_logits nan=0 range=[-17.36,14.14]
  [diag] values nan=0 range=[-0.9539,0.9173]
[iter   5/30] steps=10737 rollout_wr=0.625 (ussr=0.760 us=0.490) pl=-0.0301 vl=0.1272 ent=3.869 clip=0.358 kl=0.0211 t=15.9s (rollout=11.7s update=4.2s)
  [league] self: self | ussr_pool: ['v20_scripted', 'v21_scripted'] | us_pool: ['iter_0001', 'iter_0001']
  [pfsp]
    [ussr] v20_scripted: WR_ussr=0.98(n=178) WR_us=0.97(n=203) pfsp=0.066
    [ussr] v21_scripted: WR_ussr=0.95(n=108) WR_us=0.95(n=88) pfsp=0.177
    [us] iter_0001: WR_ussr=0.61(n=120) WR_us=0.46(n=200) pfsp=0.994
  [diag] inf dtype=torch.float32 shape=torch.Size([2048, 172]) nan=0 inf_vals=0 range=[0.00,41.00]
  [diag] scalar dtype=torch.float32 nan=0 range=[-1.150,1.000]
  [diag] card_logits nan=0 range=[-16.32,12.24]
  [diag] values nan=0 range=[-0.9017,0.8835]
[iter   6/30] steps= 8514 rollout_wr=0.680 (ussr=0.880 us=0.480) pl=-0.0260 vl=0.1379 ent=3.952 clip=0.294 kl=0.0116 t=13.0s (rollout=9.6s update=3.3s)
  [league] self: self | ussr_pool: ['heuristic', 'v57_scripted'] | us_pool: ['iter_0001', 'iter_0001']
  [pfsp]
    [ussr] heuristic: WR_ussr=0.19(n=272) WR_us=0.09(n=162) pfsp=0.628
    [ussr] v57_scripted: WR_ussr=0.97(n=175) WR_us=0.96(n=114) pfsp=0.132
    [us] iter_0001: WR_ussr=0.61(n=120) WR_us=0.46(n=280) pfsp=0.994
  [diag] inf dtype=torch.float32 shape=torch.Size([2048, 172]) nan=0 inf_vals=0 range=[0.00,47.00]
  [diag] scalar dtype=torch.float32 nan=0 range=[-1.000,1.000]
  [diag] card_logits nan=0 range=[-18.52,14.46]
  [diag] values nan=0 range=[-0.9583,0.8721]
[iter   7/30] steps=10340 rollout_wr=0.515 (ussr=0.560 us=0.470) pl=-0.0189 vl=0.1092 ent=3.925 clip=0.274 kl=0.0100 t=16.6s (rollout=12.4s update=4.2s)
  [league] self: self | ussr_pool: ['iter_0001', 'v22_scripted'] | us_pool: ['iter_0001', 'v19_scripted']
  [pfsp]
    [ussr] iter_0001: WR_ussr=0.61(n=120) WR_us=0.45(n=360) pfsp=0.953
    [ussr] v22_scripted: WR_ussr=0.96(n=130) WR_us=?(n=0) pfsp=0.148
    [us] iter_0001: WR_ussr=0.61(n=120) WR_us=0.45(n=360) pfsp=0.991
    [us] v19_scripted: WR_ussr=0.94(n=161) WR_us=0.99(n=70) pfsp=0.056
  [diag] inf dtype=torch.float32 shape=torch.Size([2048, 172]) nan=0 inf_vals=0 range=[0.00,47.00]
  [diag] scalar dtype=torch.float32 nan=0 range=[-0.950,1.000]
  [diag] card_logits nan=0 range=[-17.92,14.17]
  [diag] values nan=0 range=[-0.9532,0.9438]
[iter   8/30] steps= 8596 rollout_wr=0.620 (ussr=0.600 us=0.640) pl=-0.0188 vl=0.1349 ent=3.808 clip=0.254 kl=0.0091 t=13.4s (rollout=10.0s update=3.4s)
  [league] self: self | ussr_pool: ['v19_scripted', 'iter_0001'] | us_pool: ['iter_0001', 'v55_scripted']
  [pfsp]
    [ussr] v19_scripted: WR_ussr=0.94(n=161) WR_us=0.96(n=110) pfsp=0.211
    [ussr] iter_0001: WR_ussr=0.54(n=160) WR_us=0.46(n=400) pfsp=0.992
    [us] iter_0001: WR_ussr=0.54(n=160) WR_us=0.46(n=400) pfsp=0.992
    [us] v55_scripted: WR_ussr=0.93(n=203) WR_us=0.95(n=112) pfsp=0.203
  [diag] inf dtype=torch.float32 shape=torch.Size([2048, 172]) nan=0 inf_vals=0 range=[0.00,42.00]
  [diag] scalar dtype=torch.float32 nan=0 range=[-1.000,1.000]
  [diag] card_logits nan=0 range=[-18.13,13.66]
  [diag] values nan=0 range=[-0.9489,0.9370]
[iter   9/30] steps= 9091 rollout_wr=0.680 (ussr=0.670 us=0.690) pl=-0.0222 vl=0.1379 ent=3.816 clip=0.249 kl=0.0095 t=14.2s (rollout=10.6s update=3.6s)
  Saved to league pool: data/checkpoints/ppo_v180_sc_league/iter_0010.pt
  [league] self: self | ussr_pool: ['v19_scripted', 'iter_0010'] | us_pool: ['iter_0001', 'v54_scripted']
  [pfsp]
    [ussr] v19_scripted: WR_ussr=0.93(n=201) WR_us=0.96(n=110) pfsp=0.276
    [ussr] iter_0010: WR_ussr=?(n=0) WR_us=?(n=0) pfsp=1.000
    [us] iter_0001: WR_ussr=0.55(n=200) WR_us=0.46(n=440) pfsp=0.993
    [us] v54_scripted: WR_ussr=?(n=0) WR_us=0.95(n=125) pfsp=0.183
  [diag] inf dtype=torch.float32 shape=torch.Size([2048, 172]) nan=0 inf_vals=0 range=[0.00,43.00]
  [diag] scalar dtype=torch.float32 nan=0 range=[-0.950,1.050]
  [diag] card_logits nan=0 range=[-19.06,14.49]
  [diag] values nan=0 range=[-0.9057,0.9391]
[iter  10/30] steps= 8985 rollout_wr=0.675 (ussr=0.660 us=0.690) pl=-0.0246 vl=0.1399 ent=3.795 clip=0.224 kl=0.0078 t=14.1s (rollout=10.5s update=3.6s)
  [probe] iter=10 card_jsd=0.0004 top1=0.981 val_mae=0.0312
  [confirm] launched incremental Elo check for iter 10
  [panel eval] launched pid=1005136 iter=10 panel=['v55', 'v54', 'v44', 'v45', 'v48']
  [league] self: self | ussr_pool: ['iter_0001', 'iter_0001'] | us_pool: ['v54_scripted', 'v20_scripted']
  [pfsp]
    [ussr] iter_0001: WR_ussr=0.55(n=200) WR_us=0.46(n=480) pfsp=0.992
    [us] v54_scripted: WR_ussr=?(n=0) WR_us=0.96(n=165) pfsp=0.162
    [us] v20_scripted: WR_ussr=0.97(n=218) WR_us=0.97(n=203) pfsp=0.133
  [diag] inf dtype=torch.float32 shape=torch.Size([2048, 172]) nan=0 inf_vals=0 range=[0.00,45.00]
  [diag] scalar dtype=torch.float32 nan=0 range=[-1.000,1.000]
  [diag] card_logits nan=0 range=[-19.24,14.75]
  [diag] values nan=0 range=[-0.9391,0.9590]
[iter  11/30] steps= 9000 rollout_wr=0.645 (ussr=0.430 us=0.860) pl=-0.0232 vl=0.1227 ent=3.711 clip=0.219 kl=0.0078 t=14.5s (rollout=11.0s update=3.5s)
  [panel eval iter 10] avg=0.937 elapsed=15s: v55=0.950 | v54=0.950 | v44=0.933 | v45=0.950 | v48=0.900
  [panel eval] NEW HIGH-WATER MARK iter=10 avg_wr=0.9368 → ppo_running_best.pt (provenance: ppo_iter0010.pt)
  [league] self: self | ussr_pool: ['iter_0010', 'iter_0001'] | us_pool: ['heuristic', 'iter_0010']
  [pfsp]
    [ussr] iter_0010: WR_ussr=0.45(n=40) WR_us=?(n=0) pfsp=0.990
    [ussr] iter_0001: WR_ussr=0.52(n=280) WR_us=0.46(n=480) pfsp=0.998
    [us] heuristic: WR_ussr=0.20(n=312) WR_us=0.09(n=162) pfsp=0.336
    [us] iter_0010: WR_ussr=0.45(n=40) WR_us=?(n=0) pfsp=1.000
  [diag] inf dtype=torch.float32 shape=torch.Size([2048, 172]) nan=0 inf_vals=0 range=[0.00,51.00]
  [diag] scalar dtype=torch.float32 nan=0 range=[-0.950,1.150]
  [diag] card_logits nan=0 range=[-18.99,14.94]
  [diag] values nan=0 range=[-0.9371,0.9167]
[iter  12/30] steps=12722 rollout_wr=0.365 (ussr=0.440 us=0.290) pl=-0.0281 vl=0.1049 ent=3.807 clip=0.301 kl=0.0114 t=19.1s (rollout=14.4s update=4.7s)
  [league] self: self | ussr_pool: ['iter_0010', 'iter_0001'] | us_pool: ['heuristic', 'v57_scripted']
  [pfsp]
    [ussr] iter_0010: WR_ussr=0.46(n=80) WR_us=0.47(n=40) pfsp=0.994
    [ussr] iter_0001: WR_ussr=0.51(n=320) WR_us=0.46(n=480) pfsp=0.999
    [us] heuristic: WR_ussr=0.20(n=312) WR_us=0.08(n=202) pfsp=0.292
    [us] v57_scripted: WR_ussr=0.96(n=215) WR_us=0.96(n=114) pfsp=0.135
  [diag] inf dtype=torch.float32 shape=torch.Size([2048, 172]) nan=0 inf_vals=0 range=[0.00,42.00]
  [diag] scalar dtype=torch.float32 nan=0 range=[-0.900,1.400]
  [diag] card_logits nan=0 range=[-18.71,13.89]
  [diag] values nan=0 range=[-0.9714,0.9158]
[iter  13/30] steps=10670 rollout_wr=0.475 (ussr=0.440 us=0.510) pl=-0.0292 vl=0.1165 ent=3.938 clip=0.248 kl=0.0105 t=16.8s (rollout=12.7s update=4.1s)
  [league] self: self | ussr_pool: ['v20_scripted', 'iter_0001'] | us_pool: ['iter_0010', 'iter_0010']
  [pfsp]
    [ussr] v20_scripted: WR_ussr=0.97(n=218) WR_us=0.96(n=243) pfsp=0.107
    [ussr] iter_0001: WR_ussr=0.51(n=360) WR_us=0.46(n=480) pfsp=0.999
    [us] iter_0010: WR_ussr=0.45(n=120) WR_us=0.47(n=40) pfsp=0.997
  [diag] inf dtype=torch.float32 shape=torch.Size([2048, 172]) nan=0 inf_vals=0 range=[0.00,49.00]
  [diag] scalar dtype=torch.float32 nan=0 range=[-0.950,1.250]
  [diag] card_logits nan=0 range=[-17.59,14.70]
  [diag] values nan=0 range=[-0.9401,0.9286]
[iter  14/30] steps=10916 rollout_wr=0.625 (ussr=0.710 us=0.540) pl=-0.0277 vl=0.1242 ent=3.865 clip=0.235 kl=0.0086 t=16.4s (rollout=12.2s update=4.3s)
  [league] self: self | ussr_pool: ['iter_0010', 'iter_0001'] | us_pool: ['v54_scripted', 'heuristic']
  [pfsp]
    [ussr] iter_0010: WR_ussr=0.45(n=120) WR_us=0.55(n=120) pfsp=0.990
    [ussr] iter_0001: WR_ussr=0.51(n=400) WR_us=0.46(n=480) pfsp=0.999
    [us] v54_scripted: WR_ussr=?(n=0) WR_us=0.96(n=205) pfsp=0.150
    [us] heuristic: WR_ussr=0.20(n=312) WR_us=0.09(n=242) pfsp=0.317
  [diag] inf dtype=torch.float32 shape=torch.Size([2048, 172]) nan=0 inf_vals=0 range=[0.00,47.00]
  [diag] scalar dtype=torch.float32 nan=0 range=[-1.250,1.050]
  [diag] card_logits nan=0 range=[-17.74,13.45]
  [diag] values nan=0 range=[-0.9586,0.9544]
[iter  15/30] steps=10392 rollout_wr=0.520 (ussr=0.540 us=0.500) pl=-0.0217 vl=0.1190 ent=3.778 clip=0.281 kl=0.0106 t=16.5s (rollout=12.3s update=4.1s)
  [league] self: self | ussr_pool: ['v57_scripted', 'v19_scripted'] | us_pool: ['v20_scripted', 'iter_0010']
  [pfsp]
    [ussr] v57_scripted: WR_ussr=0.96(n=215) WR_us=0.97(n=154) pfsp=0.160
    [ussr] v19_scripted: WR_ussr=0.92(n=241) WR_us=0.96(n=110) pfsp=0.290
    [us] v20_scripted: WR_ussr=0.97(n=258) WR_us=0.96(n=243) pfsp=0.143
    [us] iter_0010: WR_ussr=0.47(n=160) WR_us=0.55(n=120) pfsp=0.990
  [diag] inf dtype=torch.float32 shape=torch.Size([2048, 172]) nan=0 inf_vals=0 range=[0.00,52.00]
  [diag] scalar dtype=torch.float32 nan=0 range=[-1.050,1.000]
  [diag] card_logits nan=0 range=[-17.66,16.62]
  [diag] values nan=0 range=[-0.9504,0.9118]
[iter  16/30] steps= 7055 rollout_wr=0.765 (ussr=0.870 us=0.660) pl=-0.0244 vl=0.1406 ent=3.851 clip=0.216 kl=0.0070 t=11.5s (rollout=8.6s update=2.9s)
  [league] self: self | ussr_pool: ['v22_scripted', 'v45_scripted'] | us_pool: ['v21_scripted', 'iter_0001']
  [pfsp]
    [ussr] v22_scripted: WR_ussr=0.95(n=170) WR_us=?(n=0) pfsp=0.179
    [ussr] v45_scripted: WR_ussr=0.98(n=205) WR_us=?(n=2) pfsp=0.077
    [us] v21_scripted: WR_ussr=0.95(n=148) WR_us=0.95(n=88) pfsp=0.174
    [us] iter_0001: WR_ussr=0.53(n=440) WR_us=0.46(n=480) pfsp=0.993
  [diag] inf dtype=torch.float32 shape=torch.Size([2048, 172]) nan=0 inf_vals=0 range=[0.00,40.00]
  [diag] scalar dtype=torch.float32 nan=0 range=[-0.950,1.000]
  [diag] card_logits nan=0 range=[-17.62,14.39]
  [diag] values nan=0 range=[-0.9568,0.9644]
[iter  17/30] steps= 6796 rollout_wr=0.730 (ussr=0.870 us=0.590) pl=-0.0188 vl=0.1332 ent=3.939 clip=0.216 kl=0.0073 t=11.3s (rollout=8.5s update=2.9s)
  [league] self: self | ussr_pool: ['v57_scripted', 'v21_scripted'] | us_pool: ['v19_scripted', 'v55_scripted']
  [pfsp]
    [ussr] v57_scripted: WR_ussr=0.96(n=255) WR_us=0.97(n=154) pfsp=0.165
    [ussr] v21_scripted: WR_ussr=0.95(n=148) WR_us=0.95(n=128) pfsp=0.180
    [us] v19_scripted: WR_ussr=0.92(n=281) WR_us=0.96(n=110) pfsp=0.140
    [us] v55_scripted: WR_ussr=0.93(n=203) WR_us=0.95(n=152) pfsp=0.199
  [diag] inf dtype=torch.float32 shape=torch.Size([2048, 172]) nan=0 inf_vals=0 range=[0.00,40.00]
  [diag] scalar dtype=torch.float32 nan=0 range=[-1.100,1.000]
  [diag] card_logits nan=0 range=[-19.47,13.92]
  [diag] values nan=0 range=[-0.9617,0.8889]
[iter  18/30] steps= 5175 rollout_wr=0.880 (ussr=0.890 us=0.870) pl=-0.0257 vl=0.1476 ent=3.872 clip=0.278 kl=0.0109 t=9.3s (rollout=7.0s update=2.3s)
  [league] self: self | ussr_pool: ['iter_0001', 'iter_0001'] | us_pool: ['heuristic', 'v19_scripted']
  [pfsp]
    [ussr] iter_0001: WR_ussr=0.53(n=440) WR_us=0.45(n=520) pfsp=0.997
    [us] heuristic: WR_ussr=0.20(n=312) WR_us=0.09(n=282) pfsp=0.311
    [us] v19_scripted: WR_ussr=0.92(n=281) WR_us=0.96(n=150) pfsp=0.154
  [diag] inf dtype=torch.float32 shape=torch.Size([2048, 172]) nan=0 inf_vals=0 range=[0.00,45.00]
  [diag] scalar dtype=torch.float32 nan=0 range=[-0.950,1.300]
  [diag] card_logits nan=0 range=[-19.44,14.13]
  [diag] values nan=0 range=[-0.9674,0.9301]
[iter  19/30] steps=10830 rollout_wr=0.520 (ussr=0.540 us=0.500) pl=-0.0300 vl=0.0971 ent=3.925 clip=0.317 kl=0.0157 t=17.2s (rollout=13.1s update=4.1s)
  Saved to league pool: data/checkpoints/ppo_v180_sc_league/iter_0020.pt
  [league] self: self | ussr_pool: ['v19_scripted', 'iter_0020'] | us_pool: ['v48_scripted', 'iter_0010']
  [pfsp]
    [ussr] v19_scripted: WR_ussr=0.92(n=281) WR_us=0.96(n=190) pfsp=0.289
    [ussr] iter_0020: WR_ussr=?(n=0) WR_us=?(n=0) pfsp=1.000
    [us] v48_scripted: WR_ussr=0.98(n=232) WR_us=0.95(n=186) pfsp=0.184
    [us] iter_0010: WR_ussr=0.47(n=160) WR_us=0.54(n=160) pfsp=0.992
  [diag] inf dtype=torch.float32 shape=torch.Size([2048, 172]) nan=0 inf_vals=0 range=[0.00,52.00]
  [diag] scalar dtype=torch.float32 nan=0 range=[-0.950,1.000]
  [diag] card_logits nan=0 range=[-18.12,14.53]
  [diag] values nan=0 range=[-0.9416,0.8843]
[iter  20/30] steps= 8708 rollout_wr=0.655 (ussr=0.610 us=0.700) pl=-0.0206 vl=0.1555 ent=3.716 clip=0.239 kl=0.0080 t=13.8s (rollout=10.3s update=3.4s)
  [probe] iter=20 card_jsd=0.0003 top1=0.989 val_mae=0.0453
  [confirm] launched incremental Elo check for iter 20
  [panel eval] launched pid=1005409 iter=20 panel=['v55', 'v54', 'v44', 'v45', 'v48']
  [league] self: self | ussr_pool: ['v19_scripted', 'iter_0010'] | us_pool: ['iter_0001', 'iter_0020']
  [pfsp]
    [ussr] v19_scripted: WR_ussr=0.92(n=321) WR_us=0.96(n=190) pfsp=0.298
    [ussr] iter_0010: WR_ussr=0.47(n=160) WR_us=0.54(n=200) pfsp=0.997
    [us] iter_0001: WR_ussr=0.53(n=520) WR_us=0.45(n=520) pfsp=0.990
    [us] iter_0020: WR_ussr=0.47(n=40) WR_us=?(n=0) pfsp=1.000
  [diag] inf dtype=torch.float32 shape=torch.Size([2048, 172]) nan=0 inf_vals=0 range=[0.00,55.00]
  [diag] scalar dtype=torch.float32 nan=0 range=[-1.100,1.000]
  [diag] card_logits nan=0 range=[-19.13,14.02]
  [diag] values nan=0 range=[-0.9644,0.9225]
[iter  21/30] steps=10933 rollout_wr=0.540 (ussr=0.650 us=0.430) pl=-0.0280 vl=0.1291 ent=3.724 clip=0.242 kl=0.0083 t=18.6s (rollout=14.3s update=4.3s)
  [panel eval iter 20] avg=0.966 elapsed=19s: v55=0.983 | v54=0.950 | v44=0.967 | v45=0.950 | v48=0.967
  [panel eval] NEW HIGH-WATER MARK iter=20 avg_wr=0.9660 → ppo_running_best.pt (provenance: ppo_iter0020.pt)
  [league] self: self | ussr_pool: ['iter_0010', 'iter_0020'] | us_pool: ['v21_scripted', 'iter_0001']
  [pfsp]
    [ussr] iter_0010: WR_ussr=0.49(n=200) WR_us=0.54(n=200) pfsp=1.000
    [ussr] iter_0020: WR_ussr=0.47(n=40) WR_us=0.47(n=40) pfsp=0.997
    [us] v21_scripted: WR_ussr=0.95(n=188) WR_us=0.95(n=128) pfsp=0.179
    [us] iter_0001: WR_ussr=0.53(n=520) WR_us=0.45(n=560) pfsp=0.989
  [diag] inf dtype=torch.float32 shape=torch.Size([2048, 172]) nan=0 inf_vals=0 range=[0.00,42.00]
  [diag] scalar dtype=torch.float32 nan=0 range=[-1.200,1.000]
  [diag] card_logits nan=0 range=[-18.72,15.09]
  [diag] values nan=0 range=[-0.9401,0.9241]
[iter  22/30] steps=11148 rollout_wr=0.615 (ussr=0.570 us=0.660) pl=-0.0278 vl=0.1185 ent=3.753 clip=0.249 kl=0.0087 t=18.2s (rollout=14.0s update=4.2s)
  [league] self: self | ussr_pool: ['v48_scripted', 'v48_scripted'] | us_pool: ['iter_0001', 'iter_0010']
  [pfsp]
    [ussr] v48_scripted: WR_ussr=0.98(n=232) WR_us=0.95(n=226) pfsp=0.068
    [us] iter_0001: WR_ussr=0.53(n=520) WR_us=0.45(n=600) pfsp=0.991
    [us] iter_0010: WR_ussr=0.51(n=240) WR_us=0.54(n=200) pfsp=0.994
  [diag] inf dtype=torch.float32 shape=torch.Size([2048, 172]) nan=0 inf_vals=0 range=[0.00,46.00]
  [diag] scalar dtype=torch.float32 nan=0 range=[-1.150,1.000]
  [diag] card_logits nan=0 range=[-18.76,13.89]
  [diag] values nan=0 range=[-0.9424,0.9302]
[iter  23/30] steps= 9024 rollout_wr=0.715 (ussr=0.850 us=0.580) pl=-0.0229 vl=0.1233 ent=3.850 clip=0.262 kl=0.0099 t=15.2s (rollout=11.6s update=3.6s)
  [league] self: self | ussr_pool: ['v20_scripted', 'v57_scripted'] | us_pool: ['heuristic', 'v57_scripted']
  [pfsp]
    [ussr] v20_scripted: WR_ussr=0.97(n=258) WR_us=0.95(n=283) pfsp=0.135
    [ussr] v57_scripted: WR_ussr=0.96(n=295) WR_us=0.97(n=154) pfsp=0.144
    [us] heuristic: WR_ussr=0.20(n=312) WR_us=0.08(n=322) pfsp=0.297
    [us] v57_scripted: WR_ussr=0.96(n=295) WR_us=0.97(n=154) pfsp=0.126
  [diag] inf dtype=torch.float32 shape=torch.Size([2048, 172]) nan=0 inf_vals=0 range=[0.00,41.00]
  [diag] scalar dtype=torch.float32 nan=0 range=[-1.050,1.100]
  [diag] card_logits nan=0 range=[-19.37,16.14]
  [diag] values nan=0 range=[-0.9532,0.9569]
[iter  24/30] steps= 6302 rollout_wr=0.680 (ussr=0.830 us=0.530) pl=-0.0303 vl=0.1502 ent=4.119 clip=0.288 kl=0.0108 t=12.3s (rollout=9.7s update=2.6s)
  [league] self: self | ussr_pool: ['iter_0001', 'v19_scripted'] | us_pool: ['v19_scripted', 'v54_scripted']
  [pfsp]
    [ussr] iter_0001: WR_ussr=0.53(n=520) WR_us=0.46(n=640) pfsp=0.997
    [ussr] v19_scripted: WR_ussr=0.92(n=361) WR_us=0.96(n=190) pfsp=0.305
    [us] v19_scripted: WR_ussr=0.92(n=361) WR_us=0.96(n=190) pfsp=0.142
    [us] v54_scripted: WR_ussr=?(n=0) WR_us=0.97(n=245) pfsp=0.126
  [diag] inf dtype=torch.float32 shape=torch.Size([2048, 172]) nan=0 inf_vals=0 range=[0.00,48.00]
  [diag] scalar dtype=torch.float32 nan=0 range=[-0.850,1.000]
  [diag] card_logits nan=0 range=[-18.84,14.85]
  [diag] values nan=0 range=[-0.8900,0.9528]
[iter  25/30] steps= 7115 rollout_wr=0.745 (ussr=0.640 us=0.850) pl=-0.0250 vl=0.1384 ent=3.819 clip=0.277 kl=0.0100 t=12.9s (rollout=10.0s update=3.0s)
  [league] self: self | ussr_pool: ['iter_0020', 'heuristic'] | us_pool: ['iter_0020', 'v21_scripted']
  [pfsp]
    [ussr] iter_0020: WR_ussr=0.51(n=80) WR_us=0.47(n=40) pfsp=0.999
    [ussr] heuristic: WR_ussr=0.20(n=312) WR_us=0.09(n=362) pfsp=0.637
    [us] iter_0020: WR_ussr=0.51(n=80) WR_us=0.47(n=40) pfsp=0.997
    [us] v21_scripted: WR_ussr=0.95(n=188) WR_us=0.96(n=168) pfsp=0.160
  [diag] inf dtype=torch.float32 shape=torch.Size([2048, 172]) nan=0 inf_vals=0 range=[0.00,43.00]
  [diag] scalar dtype=torch.float32 nan=0 range=[-1.350,1.000]
  [diag] card_logits nan=0 range=[-19.30,15.33]
  [diag] values nan=0 range=[-0.9480,0.9146]
[iter  26/30] steps=10355 rollout_wr=0.545 (ussr=0.420 us=0.670) pl=-0.0183 vl=0.1368 ent=3.738 clip=0.316 kl=0.0156 t=18.7s (rollout=14.6s update=4.1s)
  [league] self: self | ussr_pool: ['iter_0001', 'iter_0020'] | us_pool: ['iter_0010', 'iter_0010']
  [pfsp]
    [ussr] iter_0001: WR_ussr=0.53(n=560) WR_us=0.46(n=640) pfsp=0.997
    [ussr] iter_0020: WR_ussr=0.52(n=120) WR_us=0.47(n=80) pfsp=0.999
    [us] iter_0010: WR_ussr=0.51(n=240) WR_us=0.55(n=240) pfsp=0.992
  [diag] inf dtype=torch.float32 shape=torch.Size([2048, 172]) nan=0 inf_vals=0 range=[0.00,56.00]
  [diag] scalar dtype=torch.float32 nan=0 range=[-1.050,1.000]
  [diag] card_logits nan=0 range=[-19.94,14.67]
  [diag] values nan=0 range=[-0.9259,0.9247]
[iter  27/30] steps=12983 rollout_wr=0.480 (ussr=0.420 us=0.540) pl=-0.0304 vl=0.1135 ent=3.605 clip=0.277 kl=0.0106 t=20.7s (rollout=15.8s update=4.9s)
  [league] self: self | ussr_pool: ['iter_0001', 'v20_scripted'] | us_pool: ['iter_0001', 'iter_0010']
  [pfsp]
    [ussr] iter_0001: WR_ussr=0.51(n=600) WR_us=0.46(n=640) pfsp=1.000
    [ussr] v20_scripted: WR_ussr=0.97(n=298) WR_us=0.95(n=283) pfsp=0.130
    [us] iter_0001: WR_ussr=0.51(n=600) WR_us=0.46(n=640) pfsp=0.994
    [us] iter_0010: WR_ussr=0.51(n=240) WR_us=0.55(n=320) pfsp=0.990
  [diag] inf dtype=torch.float32 shape=torch.Size([2048, 172]) nan=0 inf_vals=0 range=[0.00,49.00]
  [diag] scalar dtype=torch.float32 nan=0 range=[-1.050,1.100]
  [diag] card_logits nan=0 range=[-19.52,15.45]
  [diag] values nan=0 range=[-0.9361,0.9476]
[iter  28/30] steps=11176 rollout_wr=0.575 (ussr=0.650 us=0.500) pl=-0.0269 vl=0.1214 ent=3.747 clip=0.254 kl=0.0095 t=17.1s (rollout=12.7s update=4.4s)
  [league] self: self | ussr_pool: ['v48_scripted', 'v22_scripted'] | us_pool: ['v21_scripted', 'v21_scripted']
  [pfsp]
    [ussr] v48_scripted: WR_ussr=0.97(n=312) WR_us=0.95(n=226) pfsp=0.100
    [ussr] v22_scripted: WR_ussr=0.96(n=210) WR_us=?(n=0) pfsp=0.164
    [us] v21_scripted: WR_ussr=0.95(n=188) WR_us=0.96(n=208) pfsp=0.166
  [diag] inf dtype=torch.float32 shape=torch.Size([2048, 172]) nan=0 inf_vals=0 range=[0.00,43.00]
  [diag] scalar dtype=torch.float32 nan=0 range=[-0.950,1.000]
  [diag] card_logits nan=0 range=[-19.22,14.95]
  [diag] values nan=0 range=[-0.9306,0.8674]
[iter  29/30] steps= 4806 rollout_wr=0.835 (ussr=0.810 us=0.860) pl=-0.0284 vl=0.1644 ent=3.909 clip=0.206 kl=0.0073 t=8.9s (rollout=6.8s update=2.1s)
  Saved to league pool: data/checkpoints/ppo_v180_sc_league/iter_0030.pt
  [league] self: self | ussr_pool: ['iter_0010', 'iter_0030'] | us_pool: ['heuristic', 'v54_scripted']
  [pfsp]
    [ussr] iter_0010: WR_ussr=0.51(n=240) WR_us=0.55(n=360) pfsp=0.999
    [ussr] iter_0030: WR_ussr=?(n=0) WR_us=?(n=0) pfsp=1.000
    [us] heuristic: WR_ussr=0.20(n=352) WR_us=0.09(n=362) pfsp=0.313
    [us] v54_scripted: WR_ussr=?(n=0) WR_us=0.96(n=285) pfsp=0.135
  [diag] inf dtype=torch.float32 shape=torch.Size([2048, 172]) nan=0 inf_vals=0 range=[0.00,48.00]
  [diag] scalar dtype=torch.float32 nan=0 range=[-1.150,1.000]
  [diag] card_logits nan=0 range=[-18.72,14.54]
  [diag] values nan=0 range=[-0.9732,0.9462]
[iter  30/30] steps=10237 rollout_wr=0.505 (ussr=0.510 us=0.500) pl=-0.0240 vl=0.1283 ent=4.030 clip=0.310 kl=0.0135 t=16.5s (rollout=12.7s update=3.8s)
  [probe] iter=30 card_jsd=0.0003 top1=0.979 val_mae=0.0859
  [confirm] launched incremental Elo check for iter 30
  [panel eval] launched pid=1005729 iter=30 panel=['v55', 'v54', 'v44', 'v45', 'v48']
wandb: updating run metadata; uploading artifact run-a90e1817-chartsrollout_wr_table-9v_FnQ
wandb: uploading artifact run-a90e1817-chartsrollout_wr_table-9v_FnQ
wandb: uploading wandb-summary.json; uploading config.yaml
wandb: 
wandb: Run history:
wandb:               approx_kl ▅▃▁▁█▃▃▂▂▂▂▃▃▂▃▁▁▃▅▂▂▂▃▃▃▅▃▂▁▄
wandb:           clip_fraction █▄▃▁█▅▅▄▄▂▂▆▃▃▅▂▂▅▆▃▃▄▄▅▅▆▅▄▂▆
wandb: core_scalar_weight_norm ▅▄▃▃▁▁▁▂▁▁▂▂▃▄▅▄▄▄▄▅▆▇▆▆▆▇████
wandb:                ent_coef ███▇▇▇▇▆▆▆▆▅▅▅▅▄▄▄▄▃▃▃▃▂▂▂▂▁▁▁
wandb:                 entropy ▃▅▇▆▅▆▅▄▄▄▂▄▆▅▃▄▆▅▅▃▃▃▄█▄▃▁▃▅▇
wandb:             iter_time_s ▆▄▁▁▅▄▆▄▅▄▅▇▆▆▆▃▃▂▆▄▇▇▅▃▄▇█▆▂▆
wandb:        meta/iter_time_s ▆▄▁▁▅▄▆▄▅▄▅▇▆▆▆▃▃▂▆▄▇▇▅▃▄▇█▆▂▆
wandb:                 n_steps ▆▄▁▁▆▄▆▄▅▅▅█▆▆▆▃▃▁▆▄▆▆▅▂▃▆█▆▁▆
wandb:  new_scalar_weight_norm ▇███▅▄▅▅▄▃▂▃▂▁▃▅▅▅▄▂▂▃▃▅▆█▇▃▂▂
wandb:   panel/avg_combined_wr ▁█
wandb:                    +203 ...
wandb: 
wandb: Run summary:
wandb:               approx_kl 0.01351
wandb:           clip_fraction 0.31031
wandb: core_scalar_weight_norm 4.05195
wandb:                ent_coef 0.003
wandb:                 entropy 4.02964
wandb:             iter_time_s 16.49128
wandb:        meta/iter_time_s 16.49128
wandb:                 n_steps 10237
wandb:  new_scalar_weight_norm 2.70697
wandb:   panel/avg_combined_wr 0.96597
wandb:                    +203 ...
wandb: 
wandb: 🚀 View run ppo_v180_sc at: https://wandb.ai/korduban-ai/twilight-struggle-ai/runs/a90e1817
wandb: ⭐️ View project at: https://wandb.ai/korduban-ai/twilight-struggle-ai
wandb: Synced 5 W&B file(s), 30 media file(s), 60 artifact file(s) and 0 other file(s)
wandb: Find logs at: ./wandb/run-20260413_190940-a90e1817/logs

Training complete in 7.6 minutes
Checkpoints in: data/checkpoints/ppo_v180_sc_league
[ppo_train_dynamic] finished at 2026-04-14T02:17:25Z
