[ppo_train_dynamic] starting at 2026-04-13T16:35:31Z
wandb: [wandb.login()] Loaded credentials for https://api.wandb.ai from WANDB_API_KEY.
wandb: Currently logged in as: dkorduban (korduban-ai) to https://api.wandb.ai. Use `wandb login --relogin` to force relogin
wandb: setting up run b728df69
wandb: Tracking run with wandb version 0.25.1
wandb: Run data is saved locally in /home/dkord/code/twilight-struggle-ai/wandb/run-20260413_093533-b728df69
wandb: Run `wandb offline` to turn off syncing.
wandb: Syncing run ppo_v91_sc
wandb: ⭐️ View project at https://wandb.ai/korduban-ai/twilight-struggle-ai
wandb: 🚀 View run at https://wandb.ai/korduban-ai/twilight-struggle-ai/runs/b728df69
[tracking] log_experiment_start failed: cannot access local variable 'sys' where it is not associated with a value
Loading checkpoint: data/checkpoints/ppo_v90_sc_league/ppo_best.pt
[smoke test] Smoke test passed: 10 games completed
  --reset-optimizer: skipping optimizer state restore, starting fresh Adam.

Starting PPO training: 30 iterations × 200 games/iter, side=both
Device: cuda, lr=2e-05, clip=0.12, ent=0.01, vf=0.5
League training enabled (pool: data/checkpoints/ppo_v91_sc_league, save-every=10)
  Saved to league pool: data/checkpoints/ppo_v91_sc_league/iter_0001.pt
  [league] self: self | ussr_pool: ['heuristic', 'v55_scripted'] | us_pool: ['v15_scripted', 'iter_0001']
  [pfsp]
    [ussr] heuristic: WR_ussr=0.06(n=120) WR_us=0.00(n=56) pfsp=0.220
    [ussr] v55_scripted: WR_ussr=0.52(n=101) WR_us=?(n=0) pfsp=0.998
    [us] v15_scripted: WR_ussr=?(n=0) WR_us=0.62(n=125) pfsp=0.938
    [us] iter_0001: WR_ussr=?(n=0) WR_us=?(n=0) pfsp=1.000
  [diag] inf dtype=torch.float32 shape=torch.Size([2048, 172]) nan=0 inf_vals=0 range=[0.00,26.00]
  [diag] scalar dtype=torch.float32 nan=0 range=[-0.650,1.300]
  [diag] card_logits nan=0 range=[-14.66,13.52]
  [diag] values nan=0 range=[-0.6820,0.5227]
[iter   1/30] steps= 2601 rollout_wr=0.480 (ussr=0.330 us=0.630) pl=-0.0101 vl=0.4351 ent=3.880 clip=0.071 kl=0.0018 t=7.1s (rollout=5.2s update=1.9s)
  [league] self: self | ussr_pool: ['iter_0001', 'v58_scripted'] | us_pool: ['iter_0001', 'v15_scripted']
  [pfsp]
    [ussr] iter_0001: WR_ussr=?(n=0) WR_us=0.53(n=40) pfsp=1.000
    [ussr] v58_scripted: WR_ussr=0.51(n=99) WR_us=0.68(n=124) pfsp=1.000
    [us] iter_0001: WR_ussr=?(n=0) WR_us=0.53(n=40) pfsp=0.997
    [us] v15_scripted: WR_ussr=?(n=0) WR_us=0.65(n=165) pfsp=0.904
  [diag] inf dtype=torch.float32 shape=torch.Size([2048, 172]) nan=0 inf_vals=0 range=[0.00,21.00]
  [diag] scalar dtype=torch.float32 nan=0 range=[-1.050,1.000]
  [diag] card_logits nan=0 range=[-15.13,13.96]
  [diag] values nan=0 range=[-0.5533,0.5265]
[iter   2/30] steps= 2308 rollout_wr=0.585 (ussr=0.510 us=0.660) pl=0.0052 vl=0.4813 ent=3.948 clip=0.010 kl=0.0005 t=5.6s (rollout=4.5s update=1.1s)
  [league] self: self | ussr_pool: ['v58_scripted', 'v58_scripted'] | us_pool: ['v20_scripted', 'v58_scripted']
  [pfsp]
    [ussr] v58_scripted: WR_ussr=0.50(n=139) WR_us=0.68(n=124) pfsp=1.000
    [us] v20_scripted: WR_ussr=0.46(n=74) WR_us=0.68(n=149) pfsp=0.873
    [us] v58_scripted: WR_ussr=0.50(n=139) WR_us=0.68(n=124) pfsp=0.874
  [diag] inf dtype=torch.float32 shape=torch.Size([2048, 172]) nan=0 inf_vals=0 range=[0.00,27.00]
  [diag] scalar dtype=torch.float32 nan=0 range=[-0.650,1.000]
  [diag] card_logits nan=0 range=[-14.78,13.14]
  [diag] values nan=0 range=[-0.5685,0.5780]
[iter   3/30] steps= 2230 rollout_wr=0.485 (ussr=0.330 us=0.640) pl=-0.0286 vl=0.4721 ent=4.023 clip=0.040 kl=0.0012 t=5.4s (rollout=4.3s update=1.1s)
  [league] self: self | ussr_pool: ['v21_scripted', 'v19_scripted'] | us_pool: ['v58_scripted', 'v18_scripted']
  [pfsp]
    [ussr] v21_scripted: WR_ussr=0.47(n=106) WR_us=0.65(n=220) pfsp=0.997
    [ussr] v19_scripted: WR_ussr=0.48(n=149) WR_us=?(n=0) pfsp=0.999
    [us] v58_scripted: WR_ussr=0.45(n=219) WR_us=0.69(n=164) pfsp=0.857
    [us] v18_scripted: WR_ussr=?(n=0) WR_us=0.67(n=92) pfsp=0.879
  [diag] inf dtype=torch.float32 shape=torch.Size([2048, 172]) nan=0 inf_vals=0 range=[0.00,22.00]
  [diag] scalar dtype=torch.float32 nan=0 range=[-0.650,1.000]
  [diag] card_logits nan=0 range=[-14.83,13.66]
  [diag] values nan=0 range=[-0.6125,0.5705]
[iter   4/30] steps= 2141 rollout_wr=0.600 (ussr=0.520 us=0.680) pl=0.0219 vl=0.5064 ent=3.910 clip=0.046 kl=0.0011 t=5.4s (rollout=4.3s update=1.1s)
  [league] self: self | ussr_pool: ['v55_scripted', 'iter_0001'] | us_pool: ['iter_0001', 'iter_0001']
  [pfsp]
    [ussr] v55_scripted: WR_ussr=0.52(n=141) WR_us=?(n=0) pfsp=0.998
    [ussr] iter_0001: WR_ussr=0.50(n=40) WR_us=0.55(n=80) pfsp=1.000
    [us] iter_0001: WR_ussr=0.50(n=40) WR_us=0.55(n=80) pfsp=0.990
  [diag] inf dtype=torch.float32 shape=torch.Size([2048, 172]) nan=0 inf_vals=0 range=[0.00,23.00]
  [diag] scalar dtype=torch.float32 nan=0 range=[-0.550,1.000]
  [diag] card_logits nan=0 range=[-16.27,11.29]
  [diag] values nan=0 range=[-0.5889,0.5628]
[iter   5/30] steps= 2307 rollout_wr=0.525 (ussr=0.490 us=0.560) pl=0.0025 vl=0.4985 ent=4.003 clip=0.041 kl=0.0011 t=5.7s (rollout=4.6s update=1.1s)
  [league] self: self | ussr_pool: ['iter_0001', 'iter_0001'] | us_pool: ['v18_scripted', 'v20_scripted']
  [pfsp]
    [ussr] iter_0001: WR_ussr=0.46(n=80) WR_us=0.56(n=160) pfsp=0.994
    [us] v18_scripted: WR_ussr=?(n=0) WR_us=0.69(n=132) pfsp=0.857
    [us] v20_scripted: WR_ussr=0.46(n=74) WR_us=0.66(n=189) pfsp=0.896
  [diag] inf dtype=torch.float32 shape=torch.Size([2048, 172]) nan=0 inf_vals=0 range=[0.00,21.00]
  [diag] scalar dtype=torch.float32 nan=0 range=[-0.500,1.000]
  [diag] card_logits nan=0 range=[-14.93,11.94]
  [diag] values nan=0 range=[-0.4806,0.5709]
[iter   6/30] steps= 2268 rollout_wr=0.530 (ussr=0.410 us=0.650) pl=-0.0261 vl=0.4727 ent=3.858 clip=0.014 kl=0.0004 t=5.7s (rollout=4.6s update=1.1s)
  [league] self: self | ussr_pool: ['v45_scripted', 'v58_scripted'] | us_pool: ['iter_0001', 'v15_scripted']
  [pfsp]
    [ussr] v45_scripted: WR_ussr=0.50(n=148) WR_us=0.63(n=182) pfsp=1.000
    [ussr] v58_scripted: WR_ussr=0.45(n=219) WR_us=0.68(n=204) pfsp=0.991
    [us] iter_0001: WR_ussr=0.43(n=160) WR_us=0.56(n=160) pfsp=0.987
    [us] v15_scripted: WR_ussr=?(n=0) WR_us=0.68(n=205) pfsp=0.873
  [diag] inf dtype=torch.float32 shape=torch.Size([2048, 172]) nan=0 inf_vals=0 range=[0.00,26.00]
  [diag] scalar dtype=torch.float32 nan=0 range=[-0.750,1.000]
  [diag] card_logits nan=0 range=[-15.24,10.97]
  [diag] values nan=0 range=[-0.4854,0.5622]
[iter   7/30] steps= 2081 rollout_wr=0.520 (ussr=0.500 us=0.540) pl=0.0834 vl=0.5537 ent=3.947 clip=0.037 kl=0.0012 t=5.4s (rollout=4.3s update=1.0s)
  [league] self: self | ussr_pool: ['iter_0001', 'v20_scripted'] | us_pool: ['iter_0001', 'v49_scripted']
  [pfsp]
    [ussr] iter_0001: WR_ussr=0.43(n=160) WR_us=0.56(n=200) pfsp=0.981
    [ussr] v20_scripted: WR_ussr=0.46(n=74) WR_us=0.66(n=229) pfsp=0.993
    [us] iter_0001: WR_ussr=0.43(n=160) WR_us=0.56(n=200) pfsp=0.988
    [us] v49_scripted: WR_ussr=?(n=0) WR_us=0.65(n=195) pfsp=0.915
  [diag] inf dtype=torch.float32 shape=torch.Size([2048, 172]) nan=0 inf_vals=0 range=[0.00,24.00]
  [diag] scalar dtype=torch.float32 nan=0 range=[-0.650,1.000]
  [diag] card_logits nan=0 range=[-14.88,13.20]
  [diag] values nan=0 range=[-0.4778,0.5471]
[iter   8/30] steps= 2484 rollout_wr=0.505 (ussr=0.390 us=0.620) pl=-0.0098 vl=0.4578 ent=3.886 clip=0.036 kl=0.0010 t=6.1s (rollout=4.9s update=1.3s)
  [league] self: self | ussr_pool: ['iter_0001', 'iter_0001'] | us_pool: ['v45_scripted', 'iter_0001']
  [pfsp]
    [ussr] iter_0001: WR_ussr=0.43(n=200) WR_us=0.57(n=240) pfsp=0.983
    [us] v45_scripted: WR_ussr=0.50(n=188) WR_us=0.63(n=182) pfsp=0.930
    [us] iter_0001: WR_ussr=0.43(n=200) WR_us=0.57(n=240) pfsp=0.982
  [diag] inf dtype=torch.float32 shape=torch.Size([2048, 172]) nan=0 inf_vals=0 range=[0.00,20.00]
  [diag] scalar dtype=torch.float32 nan=0 range=[-0.700,1.000]
  [diag] card_logits nan=0 range=[-14.84,12.86]
  [diag] values nan=0 range=[-0.8640,0.5632]
[iter   9/30] steps= 2475 rollout_wr=0.570 (ussr=0.450 us=0.690) pl=-0.0096 vl=0.4373 ent=3.791 clip=0.014 kl=0.0005 t=6.5s (rollout=5.2s update=1.2s)
  Saved to league pool: data/checkpoints/ppo_v91_sc_league/iter_0010.pt
  [league] self: self | ussr_pool: ['v22_scripted', 'iter_0010'] | us_pool: ['v16_scripted', 'iter_0010']
  [pfsp]
    [ussr] v22_scripted: WR_ussr=0.49(n=152) WR_us=?(n=0) pfsp=0.999
    [ussr] iter_0010: WR_ussr=?(n=0) WR_us=?(n=0) pfsp=1.000
    [us] v16_scripted: WR_ussr=?(n=0) WR_us=0.65(n=159) pfsp=0.913
    [us] iter_0010: WR_ussr=?(n=0) WR_us=?(n=0) pfsp=1.000
  [diag] inf dtype=torch.float32 shape=torch.Size([2048, 172]) nan=0 inf_vals=0 range=[0.00,26.00]
  [diag] scalar dtype=torch.float32 nan=0 range=[-0.550,1.000]
  [diag] card_logits nan=0 range=[-15.07,13.14]
  [diag] values nan=0 range=[-0.5137,0.5960]
[iter  10/30] steps= 2437 rollout_wr=0.545 (ussr=0.450 us=0.640) pl=-0.0135 vl=0.4556 ent=3.734 clip=0.012 kl=0.0006 t=6.4s (rollout=5.2s update=1.3s)
  [confirm] launched incremental Elo check for iter 10
  [panel eval] launched pid=788837 iter=10 panel=['v55', 'v54', 'v44', 'v45', 'v14']
  [league] self: self | ussr_pool: ['iter_0010', 'iter_0010'] | us_pool: ['iter_0010', 'v58_scripted']
  [pfsp]
    [ussr] iter_0010: WR_ussr=0.45(n=40) WR_us=0.72(n=40) pfsp=0.990
    [us] iter_0010: WR_ussr=0.45(n=40) WR_us=0.72(n=40) pfsp=0.797
    [us] v58_scripted: WR_ussr=0.47(n=259) WR_us=0.68(n=204) pfsp=0.868
  [diag] inf dtype=torch.float32 shape=torch.Size([2048, 172]) nan=0 inf_vals=0 range=[0.00,21.00]
  [diag] scalar dtype=torch.float32 nan=0 range=[-0.700,1.000]
  [diag] card_logits nan=0 range=[-14.76,14.33]
  [diag] values nan=0 range=[-0.4642,0.5928]
[iter  11/30] steps= 2450 rollout_wr=0.485 (ussr=0.390 us=0.580) pl=-0.0047 vl=0.4743 ent=3.840 clip=0.017 kl=0.0008 t=6.2s (rollout=5.0s update=1.2s)
  [league] self: self | ussr_pool: ['iter_0001', 'iter_0001'] | us_pool: ['v16_scripted', 'v49_scripted']
  [pfsp]
    [ussr] iter_0001: WR_ussr=0.44(n=280) WR_us=0.59(n=280) pfsp=0.987
    [us] v16_scripted: WR_ussr=?(n=0) WR_us=0.63(n=199) pfsp=0.934
    [us] v49_scripted: WR_ussr=?(n=0) WR_us=0.64(n=235) pfsp=0.919
  [diag] inf dtype=torch.float32 shape=torch.Size([2048, 172]) nan=0 inf_vals=0 range=[0.00,20.00]
  [diag] scalar dtype=torch.float32 nan=0 range=[-0.900,1.000]
  [diag] card_logits nan=0 range=[-15.00,12.71]
  [diag] values nan=0 range=[-0.6366,0.5679]
[iter  12/30] steps= 2441 rollout_wr=0.590 (ussr=0.490 us=0.690) pl=-0.0043 vl=0.4610 ent=3.815 clip=0.012 kl=0.0005 t=5.5s (rollout=4.4s update=1.1s)
  [panel eval iter 10] avg=0.523 elapsed=13s: v55=0.533 | v54=0.517 | v44=0.517 | v45=0.517 | v14=0.533
  [panel eval] NEW HIGH-WATER MARK iter=10 avg_wr=0.5233 → ppo_running_best.pt (provenance: ppo_iter0010.pt)
  [league] self: self | ussr_pool: ['v58_scripted', 'iter_0001'] | us_pool: ['v16_scripted', 'iter_0001']
  [pfsp]
    [ussr] v58_scripted: WR_ussr=0.47(n=259) WR_us=0.68(n=244) pfsp=0.996
    [ussr] iter_0001: WR_ussr=0.46(n=360) WR_us=0.59(n=280) pfsp=0.993
    [us] v16_scripted: WR_ussr=?(n=0) WR_us=0.65(n=239) pfsp=0.912
    [us] iter_0001: WR_ussr=0.46(n=360) WR_us=0.59(n=280) pfsp=0.971
wandb: WARNING Tried to log to step 10 that is less than the current step 11. Steps must be monotonically increasing, so this data will be ignored. See https://wandb.me/define-metric to log data out of order.
  [diag] inf dtype=torch.float32 shape=torch.Size([2048, 172]) nan=0 inf_vals=0 range=[0.00,23.00]
  [diag] scalar dtype=torch.float32 nan=0 range=[-0.550,1.000]
  [diag] card_logits nan=0 range=[-14.63,15.03]
  [diag] values nan=0 range=[-0.4926,0.6017]
[iter  13/30] steps= 2435 rollout_wr=0.605 (ussr=0.490 us=0.720) pl=-0.0318 vl=0.4345 ent=3.719 clip=0.010 kl=0.0005 t=5.6s (rollout=4.4s update=1.2s)
  [league] self: self | ussr_pool: ['v19_scripted', 'v58_scripted'] | us_pool: ['v20_scripted', 'iter_0001']
  [pfsp]
    [ussr] v19_scripted: WR_ussr=0.50(n=189) WR_us=?(n=0) pfsp=1.000
    [ussr] v58_scripted: WR_ussr=0.48(n=299) WR_us=0.68(n=244) pfsp=0.999
    [us] v20_scripted: WR_ussr=0.44(n=114) WR_us=0.66(n=229) pfsp=0.904
    [us] iter_0001: WR_ussr=0.46(n=400) WR_us=0.60(n=320) pfsp=0.960
  [diag] inf dtype=torch.float32 shape=torch.Size([2048, 172]) nan=0 inf_vals=0 range=[0.00,29.00]
  [diag] scalar dtype=torch.float32 nan=0 range=[-0.650,1.000]
  [diag] card_logits nan=0 range=[-15.54,15.42]
  [diag] values nan=0 range=[-0.4935,0.6025]
[iter  14/30] steps= 2215 rollout_wr=0.580 (ussr=0.530 us=0.630) pl=-0.0483 vl=0.4803 ent=3.835 clip=0.033 kl=0.0009 t=5.1s (rollout=4.1s update=1.0s)
  [league] self: self | ussr_pool: ['v45_scripted', 'v55_scripted'] | us_pool: ['v45_scripted', 'iter_0001']
  [pfsp]
    [ussr] v45_scripted: WR_ussr=0.50(n=188) WR_us=0.65(n=222) pfsp=1.000
    [ussr] v55_scripted: WR_ussr=0.52(n=181) WR_us=?(n=0) pfsp=0.998
    [us] v45_scripted: WR_ussr=0.50(n=188) WR_us=0.65(n=222) pfsp=0.912
    [us] iter_0001: WR_ussr=0.46(n=400) WR_us=0.59(n=360) pfsp=0.966
  [diag] inf dtype=torch.float32 shape=torch.Size([2048, 172]) nan=0 inf_vals=0 range=[0.00,22.00]
  [diag] scalar dtype=torch.float32 nan=0 range=[-0.600,1.000]
  [diag] card_logits nan=0 range=[-14.99,12.63]
  [diag] values nan=0 range=[-0.4748,0.6166]
[iter  15/30] steps= 2384 rollout_wr=0.505 (ussr=0.470 us=0.540) pl=-0.0082 vl=0.4820 ent=3.731 clip=0.007 kl=0.0005 t=5.4s (rollout=4.2s update=1.1s)
  [league] self: self | ussr_pool: ['v20_scripted', 'iter_0010'] | us_pool: ['v18_scripted', 'v20_scripted']
  [pfsp]
    [ussr] v20_scripted: WR_ussr=0.44(n=114) WR_us=0.67(n=269) pfsp=0.985
    [ussr] iter_0010: WR_ussr=0.38(n=120) WR_us=0.62(n=80) pfsp=0.946
    [us] v18_scripted: WR_ussr=?(n=0) WR_us=0.69(n=172) pfsp=0.862
    [us] v20_scripted: WR_ussr=0.44(n=114) WR_us=0.67(n=269) pfsp=0.891
  [diag] inf dtype=torch.float32 shape=torch.Size([2048, 172]) nan=0 inf_vals=0 range=[0.00,28.00]
  [diag] scalar dtype=torch.float32 nan=0 range=[-0.650,1.000]
  [diag] card_logits nan=0 range=[-15.04,12.63]
  [diag] values nan=0 range=[-0.8228,0.5912]
[iter  16/30] steps= 2322 rollout_wr=0.555 (ussr=0.490 us=0.620) pl=-0.0307 vl=0.4798 ent=3.822 clip=0.025 kl=0.0008 t=5.4s (rollout=4.3s update=1.1s)
  [league] self: self | ussr_pool: ['iter_0010', 'iter_0010'] | us_pool: ['iter_0001', 'v16_scripted']
  [pfsp]
    [ussr] iter_0010: WR_ussr=0.40(n=160) WR_us=0.62(n=80) pfsp=0.960
    [us] iter_0001: WR_ussr=0.46(n=400) WR_us=0.59(n=400) pfsp=0.969
    [us] v16_scripted: WR_ussr=?(n=0) WR_us=0.67(n=279) pfsp=0.889
  [diag] inf dtype=torch.float32 shape=torch.Size([2048, 172]) nan=0 inf_vals=0 range=[0.00,23.00]
  [diag] scalar dtype=torch.float32 nan=0 range=[-0.800,1.000]
  [diag] card_logits nan=0 range=[-14.85,12.04]
  [diag] values nan=0 range=[-0.4852,0.5756]
[iter  17/30] steps= 2291 rollout_wr=0.585 (ussr=0.500 us=0.670) pl=0.0023 vl=0.4730 ent=3.826 clip=0.029 kl=0.0010 t=5.6s (rollout=4.5s update=1.1s)
  [league] self: self | ussr_pool: ['iter_0010', 'iter_0010'] | us_pool: ['v16_scripted', 'iter_0010']
  [pfsp]
    [ussr] iter_0010: WR_ussr=0.44(n=240) WR_us=0.62(n=80) pfsp=0.984
    [us] v16_scripted: WR_ussr=?(n=0) WR_us=0.68(n=319) pfsp=0.875
    [us] iter_0010: WR_ussr=0.44(n=240) WR_us=0.62(n=80) pfsp=0.938
  [diag] inf dtype=torch.float32 shape=torch.Size([2048, 172]) nan=0 inf_vals=0 range=[0.00,19.00]
  [diag] scalar dtype=torch.float32 nan=0 range=[-0.650,1.000]
  [diag] card_logits nan=0 range=[-14.38,12.86]
  [diag] values nan=0 range=[-0.4648,0.5830]
[iter  18/30] steps= 2329 rollout_wr=0.560 (ussr=0.490 us=0.630) pl=-0.0021 vl=0.4734 ent=3.819 clip=0.024 kl=0.0007 t=5.5s (rollout=4.4s update=1.1s)
  [league] self: self | ussr_pool: ['iter_0010', 'v45_scripted'] | us_pool: ['iter_0010', 'v20_scripted']
  [pfsp]
    [ussr] iter_0010: WR_ussr=0.45(n=320) WR_us=0.65(n=120) pfsp=0.990
    [ussr] v45_scripted: WR_ussr=0.50(n=228) WR_us=0.64(n=262) pfsp=1.000
    [us] iter_0010: WR_ussr=0.45(n=320) WR_us=0.65(n=120) pfsp=0.910
    [us] v20_scripted: WR_ussr=0.46(n=154) WR_us=0.68(n=309) pfsp=0.876
  [diag] inf dtype=torch.float32 shape=torch.Size([2048, 172]) nan=0 inf_vals=0 range=[0.00,28.00]
  [diag] scalar dtype=torch.float32 nan=0 range=[-0.500,1.000]
  [diag] card_logits nan=0 range=[-15.00,13.03]
  [diag] values nan=0 range=[-0.4849,0.5697]
[iter  19/30] steps= 2247 rollout_wr=0.540 (ussr=0.430 us=0.650) pl=-0.0119 vl=0.4758 ent=3.842 clip=0.028 kl=0.0009 t=5.4s (rollout=4.4s update=1.1s)
  Saved to league pool: data/checkpoints/ppo_v91_sc_league/iter_0020.pt
  [league] self: self | ussr_pool: ['iter_0020', 'v48_scripted'] | us_pool: ['iter_0010', 'v49_scripted']
  [pfsp]
    [ussr] iter_0020: WR_ussr=?(n=0) WR_us=?(n=0) pfsp=1.000
    [ussr] v48_scripted: WR_ussr=0.51(n=248) WR_us=?(n=0) pfsp=0.999
    [us] iter_0010: WR_ussr=0.44(n=360) WR_us=0.62(n=160) pfsp=0.938
    [us] v49_scripted: WR_ussr=?(n=0) WR_us=0.64(n=275) pfsp=0.917
  [diag] inf dtype=torch.float32 shape=torch.Size([2048, 172]) nan=0 inf_vals=0 range=[0.00,33.00]
  [diag] scalar dtype=torch.float32 nan=0 range=[-0.850,1.000]
  [diag] card_logits nan=0 range=[-15.63,13.29]
  [diag] values nan=0 range=[-0.5570,0.5961]
[iter  20/30] steps= 2463 rollout_wr=0.550 (ussr=0.460 us=0.640) pl=-0.0118 vl=0.4365 ent=3.912 clip=0.033 kl=0.0010 t=6.3s (rollout=5.2s update=1.2s)
  [confirm] launched incremental Elo check for iter 20
  [panel eval] launched pid=789131 iter=20 panel=['v55', 'v54', 'v44', 'v45', 'v14']
  [league] self: self | ussr_pool: ['v19_scripted', 'v22_scripted'] | us_pool: ['iter_0010', 'v45_scripted']
  [pfsp]
    [ussr] v19_scripted: WR_ussr=0.47(n=229) WR_us=?(n=0) pfsp=0.997
    [ussr] v22_scripted: WR_ussr=0.48(n=192) WR_us=?(n=0) pfsp=0.999
    [us] iter_0010: WR_ussr=0.44(n=360) WR_us=0.62(n=200) pfsp=0.942
    [us] v45_scripted: WR_ussr=0.49(n=268) WR_us=0.64(n=262) pfsp=0.924
  [diag] inf dtype=torch.float32 shape=torch.Size([2048, 172]) nan=0 inf_vals=0 range=[0.00,23.00]
  [diag] scalar dtype=torch.float32 nan=0 range=[-0.700,1.000]
  [diag] card_logits nan=0 range=[-14.47,13.37]
  [diag] values nan=0 range=[-0.5257,0.6015]
[iter  21/30] steps= 2463 rollout_wr=0.585 (ussr=0.540 us=0.630) pl=-0.0178 vl=0.4689 ent=3.733 clip=0.026 kl=0.0009 t=6.8s (rollout=5.5s update=1.2s)
  [league] self: self | ussr_pool: ['v48_scripted', 'iter_0020'] | us_pool: ['v45_scripted', 'v21_scripted']
  [pfsp]
    [ussr] v48_scripted: WR_ussr=0.51(n=288) WR_us=?(n=0) pfsp=0.999
    [ussr] iter_0020: WR_ussr=0.42(n=40) WR_us=?(n=0) pfsp=0.977
    [us] v45_scripted: WR_ussr=0.49(n=268) WR_us=0.65(n=302) pfsp=0.911
    [us] v21_scripted: WR_ussr=0.49(n=146) WR_us=0.65(n=220) pfsp=0.910
  [diag] inf dtype=torch.float32 shape=torch.Size([2048, 172]) nan=0 inf_vals=0 range=[0.00,23.00]
  [diag] scalar dtype=torch.float32 nan=0 range=[-0.700,1.000]
  [diag] card_logits nan=0 range=[-14.82,16.14]
  [diag] values nan=0 range=[-0.4371,0.5672]
[iter  22/30] steps= 2241 rollout_wr=0.560 (ussr=0.460 us=0.660) pl=0.0078 vl=0.4594 ent=3.907 clip=0.059 kl=0.0014 t=5.7s (rollout=4.5s update=1.1s)
  [panel eval iter 20] avg=0.516 elapsed=14s: v55=0.517 | v54=0.517 | v44=0.500 | v45=0.533 | v14=0.517
  [league] self: self | ussr_pool: ['iter_0010', 'iter_0020'] | us_pool: ['iter_0001', 'iter_0001']
  [pfsp]
    [ussr] iter_0010: WR_ussr=0.44(n=360) WR_us=0.61(n=240) pfsp=0.984
    [ussr] iter_0020: WR_ussr=0.50(n=80) WR_us=?(n=0) pfsp=1.000
    [us] iter_0001: WR_ussr=0.46(n=400) WR_us=0.59(n=440) pfsp=0.967
  [diag] inf dtype=torch.float32 shape=torch.Size([2048, 172]) nan=0 inf_vals=0 range=[0.00,23.00]
  [diag] scalar dtype=torch.float32 nan=0 range=[-0.900,1.000]
  [diag] card_logits nan=0 range=[-14.66,14.17]
  [diag] values nan=0 range=[-0.4566,0.6072]
wandb: WARNING Tried to log to step 20 that is less than the current step 21. Steps must be monotonically increasing, so this data will be ignored. See https://wandb.me/define-metric to log data out of order.
[iter  23/30] steps= 2436 rollout_wr=0.475 (ussr=0.380 us=0.570) pl=-0.0177 vl=0.4631 ent=3.914 clip=0.006 kl=0.0005 t=6.0s (rollout=4.8s update=1.2s)
  [league] self: self | ussr_pool: ['iter_0001', 'iter_0010'] | us_pool: ['v58_scripted', 'iter_0020']
  [pfsp]
    [ussr] iter_0001: WR_ussr=0.46(n=400) WR_us=0.59(n=520) pfsp=0.993
    [ussr] iter_0010: WR_ussr=0.43(n=400) WR_us=0.61(n=240) pfsp=0.983
    [us] v58_scripted: WR_ussr=0.50(n=339) WR_us=0.68(n=244) pfsp=0.870
    [us] iter_0020: WR_ussr=0.45(n=120) WR_us=?(n=0) pfsp=1.000
  [diag] inf dtype=torch.float32 shape=torch.Size([2048, 172]) nan=0 inf_vals=0 range=[0.00,24.00]
  [diag] scalar dtype=torch.float32 nan=0 range=[-0.750,1.000]
  [diag] card_logits nan=0 range=[-14.33,13.29]
  [diag] values nan=0 range=[-0.4674,0.5685]
[iter  24/30] steps= 2442 rollout_wr=0.540 (ussr=0.480 us=0.600) pl=0.0037 vl=0.4893 ent=3.795 clip=0.017 kl=0.0007 t=6.2s (rollout=5.0s update=1.2s)
  [league] self: self | ussr_pool: ['v20_scripted', 'v22_scripted'] | us_pool: ['iter_0020', 'iter_0001']
  [pfsp]
    [ussr] v20_scripted: WR_ussr=0.46(n=154) WR_us=0.69(n=349) pfsp=0.994
    [ussr] v22_scripted: WR_ussr=0.50(n=232) WR_us=?(n=0) pfsp=1.000
    [us] iter_0020: WR_ussr=0.45(n=120) WR_us=0.60(n=40) pfsp=0.960
    [us] iter_0001: WR_ussr=0.47(n=440) WR_us=0.59(n=520) pfsp=0.966
  [diag] inf dtype=torch.float32 shape=torch.Size([2048, 172]) nan=0 inf_vals=0 range=[0.00,27.00]
  [diag] scalar dtype=torch.float32 nan=0 range=[-0.700,1.000]
  [diag] card_logits nan=0 range=[-15.41,12.42]
  [diag] values nan=0 range=[-0.5778,0.5667]
[iter  25/30] steps= 2321 rollout_wr=0.570 (ussr=0.470 us=0.670) pl=0.0125 vl=0.4697 ent=3.874 clip=0.021 kl=0.0008 t=5.7s (rollout=4.5s update=1.2s)
  [league] self: self | ussr_pool: ['iter_0010', 'v22_scripted'] | us_pool: ['iter_0010', 'iter_0020']
  [pfsp]
    [ussr] iter_0010: WR_ussr=0.43(n=440) WR_us=0.61(n=240) pfsp=0.983
    [ussr] v22_scripted: WR_ussr=0.50(n=272) WR_us=?(n=0) pfsp=1.000
    [us] iter_0010: WR_ussr=0.43(n=440) WR_us=0.61(n=240) pfsp=0.953
    [us] iter_0020: WR_ussr=0.45(n=120) WR_us=0.64(n=80) pfsp=0.924
  [diag] inf dtype=torch.float32 shape=torch.Size([2048, 172]) nan=0 inf_vals=0 range=[0.00,25.00]
  [diag] scalar dtype=torch.float32 nan=0 range=[-0.500,1.000]
  [diag] card_logits nan=0 range=[-15.51,11.59]
  [diag] values nan=0 range=[-0.4878,0.5880]
[iter  26/30] steps= 2307 rollout_wr=0.525 (ussr=0.450 us=0.600) pl=-0.0080 vl=0.4994 ent=3.834 clip=0.006 kl=0.0004 t=5.8s (rollout=4.6s update=1.2s)
  [league] self: self | ussr_pool: ['v19_scripted', 'v19_scripted'] | us_pool: ['iter_0001', 'v58_scripted']
  [pfsp]
    [ussr] v19_scripted: WR_ussr=0.48(n=269) WR_us=?(n=0) pfsp=0.998
    [us] iter_0001: WR_ussr=0.47(n=440) WR_us=0.60(n=560) pfsp=0.959
    [us] v58_scripted: WR_ussr=0.50(n=339) WR_us=0.69(n=284) pfsp=0.861
  [diag] inf dtype=torch.float32 shape=torch.Size([2048, 172]) nan=0 inf_vals=0 range=[0.00,21.00]
  [diag] scalar dtype=torch.float32 nan=0 range=[-0.750,1.000]
  [diag] card_logits nan=0 range=[-15.56,15.03]
  [diag] values nan=0 range=[-0.4938,0.5931]
[iter  27/30] steps= 2511 rollout_wr=0.545 (ussr=0.450 us=0.640) pl=-0.0023 vl=0.4564 ent=3.818 clip=0.020 kl=0.0008 t=6.3s (rollout=5.1s update=1.2s)
  [league] self: self | ussr_pool: ['v48_scripted', 'iter_0020'] | us_pool: ['iter_0001', 'v49_scripted']
  [pfsp]
    [ussr] v48_scripted: WR_ussr=0.51(n=328) WR_us=?(n=0) pfsp=1.000
    [ussr] iter_0020: WR_ussr=0.45(n=120) WR_us=0.62(n=120) pfsp=0.990
    [us] iter_0001: WR_ussr=0.47(n=440) WR_us=0.60(n=600) pfsp=0.956
    [us] v49_scripted: WR_ussr=?(n=0) WR_us=0.65(n=315) pfsp=0.913
  [diag] inf dtype=torch.float32 shape=torch.Size([2048, 172]) nan=0 inf_vals=0 range=[0.00,21.00]
  [diag] scalar dtype=torch.float32 nan=0 range=[-0.800,1.000]
  [diag] card_logits nan=0 range=[-14.52,13.69]
  [diag] values nan=0 range=[-0.5074,0.5944]
[iter  28/30] steps= 2270 rollout_wr=0.535 (ussr=0.480 us=0.590) pl=-0.0035 vl=0.4825 ent=3.919 clip=0.008 kl=0.0004 t=6.1s (rollout=4.8s update=1.2s)
  [league] self: self | ussr_pool: ['iter_0001', 'iter_0020'] | us_pool: ['iter_0020', 'v15_scripted']
  [pfsp]
    [ussr] iter_0001: WR_ussr=0.47(n=440) WR_us=0.60(n=640) pfsp=0.996
    [ussr] iter_0020: WR_ussr=0.46(n=160) WR_us=0.62(n=120) pfsp=0.994
    [us] iter_0020: WR_ussr=0.46(n=160) WR_us=0.62(n=120) pfsp=0.946
    [us] v15_scripted: WR_ussr=?(n=0) WR_us=0.64(n=245) pfsp=0.916
  [diag] inf dtype=torch.float32 shape=torch.Size([2048, 172]) nan=0 inf_vals=0 range=[0.00,20.00]
  [diag] scalar dtype=torch.float32 nan=0 range=[-0.650,1.000]
  [diag] card_logits nan=0 range=[-14.48,12.56]
  [diag] values nan=0 range=[-0.6685,0.5717]
[iter  29/30] steps= 2567 rollout_wr=0.565 (ussr=0.440 us=0.690) pl=0.0067 vl=0.4251 ent=3.759 clip=0.014 kl=0.0007 t=6.3s (rollout=5.0s update=1.3s)
  Saved to league pool: data/checkpoints/ppo_v91_sc_league/iter_0030.pt
  [league] self: self | ussr_pool: ['iter_0010', 'v55_scripted'] | us_pool: ['iter_0001', 'iter_0010']
  [pfsp]
    [ussr] iter_0010: WR_ussr=0.43(n=480) WR_us=0.59(n=280) pfsp=0.982
    [ussr] v55_scripted: WR_ussr=0.52(n=221) WR_us=?(n=0) pfsp=0.998
    [us] iter_0001: WR_ussr=0.46(n=480) WR_us=0.60(n=640) pfsp=0.957
    [us] iter_0010: WR_ussr=0.43(n=480) WR_us=0.59(n=280) pfsp=0.966
  [diag] inf dtype=torch.float32 shape=torch.Size([2048, 172]) nan=0 inf_vals=0 range=[0.00,25.00]
  [diag] scalar dtype=torch.float32 nan=0 range=[-0.700,1.000]
  [diag] card_logits nan=0 range=[-14.55,11.13]
  [diag] values nan=0 range=[-0.5010,0.5921]
[iter  30/30] steps= 2544 rollout_wr=0.550 (ussr=0.510 us=0.590) pl=-0.0020 vl=0.4637 ent=3.734 clip=0.043 kl=0.0011 t=6.4s (rollout=5.1s update=1.3s)
  [confirm] launched incremental Elo check for iter 30
  [panel eval] launched pid=789635 iter=30 panel=['v55', 'v54', 'v44', 'v45', 'v14']
wandb: updating run metadata
wandb: uploading output.log; uploading wandb-summary.json; uploading config.yaml
wandb: uploading history steps 27-29, summary, console lines 324-345
wandb: 
wandb: Run history:
wandb:                    approx_kl █▁▅▄▄▁▅▄▂▂▃▂▂▃▁▃▄▃▃▄▄▆▁▂▃▁▃▁▂▄
wandb:                clip_fraction █▁▅▅▅▂▄▄▂▂▂▂▁▄▁▃▄▃▃▄▃▇▁▂▃▁▃▁▂▅
wandb:      core_scalar_weight_norm █▇▇▇▇▇▇▇▇▆▅▅▅▄▄▄▄▄▄▄▃▃▂▂▂▂▂▁▁▁
wandb:                     ent_coef ███▇▇▇▇▆▆▆▆▅▅▅▅▄▄▄▄▃▃▃▃▂▂▂▂▁▁▁
wandb:                      entropy ▅▆█▅█▄▆▅▃▁▄▃▁▄▁▃▃▃▄▅▁▅▅▃▅▄▃▆▂▁
wandb:                  iter_time_s █▃▂▂▃▃▂▅▆▆▅▂▃▁▂▂▃▂▂▅▇▃▄▅▃▃▅▄▅▆
wandb:                      n_steps █▄▃▂▄▄▁▆▆▆▆▆▆▃▅▄▄▄▃▆▆▃▆▆▄▄▇▄█▇
wandb:       new_scalar_weight_norm █▇▇▇▇▇▇▆▅▄▃▂▂▁▁▁▂▂▂▂▂▁▁▂▂▂▂▂▂▂
wandb:                  policy_loss ▃▄▂▅▄▂█▃▃▃▃▃▂▁▃▂▄▃▃▃▃▄▃▄▄▃▃▃▄▃
wandb: probe/card_jsd_early_vs_prev ▁▇█
wandb:                         +141 ...
wandb: 
wandb: Run summary:
wandb:                    approx_kl 0.0011
wandb:                clip_fraction 0.04263
wandb:      core_scalar_weight_norm 4.03092
wandb:                     ent_coef 0.003
wandb:                      entropy 3.73436
wandb:                  iter_time_s 6.44821
wandb:                      n_steps 2544
wandb:       new_scalar_weight_norm 2.69996
wandb:                  policy_loss -0.00203
wandb: probe/card_jsd_early_vs_prev 8e-05
wandb:                         +141 ...
wandb: 
wandb: 🚀 View run ppo_v91_sc at: https://wandb.ai/korduban-ai/twilight-struggle-ai/runs/b728df69
wandb: ⭐️ View project at: https://wandb.ai/korduban-ai/twilight-struggle-ai
wandb: Synced 5 W&B file(s), 0 media file(s), 0 artifact file(s) and 0 other file(s)
wandb: Find logs at: ./wandb/run-20260413_093533-b728df69/logs

Training complete in 3.2 minutes
Checkpoints in: data/checkpoints/ppo_v91_sc_league
[ppo_train_dynamic] finished at 2026-04-13T16:38:51Z
