[ppo_train_dynamic] starting at 2026-04-13T23:33:53Z
wandb: [wandb.login()] Loaded credentials for https://api.wandb.ai from WANDB_API_KEY.
wandb: Currently logged in as: dkorduban (korduban-ai) to https://api.wandb.ai. Use `wandb login --relogin` to force relogin
wandb: setting up run 289c0d53
wandb: Tracking run with wandb version 0.25.1
wandb: Run data is saved locally in /home/dkord/code/twilight-struggle-ai/wandb/run-20260413_163356-289c0d53
wandb: Run `wandb offline` to turn off syncing.
wandb: Syncing run ppo_v162_sc
wandb: ⭐️ View project at https://wandb.ai/korduban-ai/twilight-struggle-ai
wandb: 🚀 View run at https://wandb.ai/korduban-ai/twilight-struggle-ai/runs/289c0d53
Loading checkpoint: data/checkpoints/ppo_v161_sc_league/ppo_best.pt
[smoke test] Smoke test passed: 10 games completed
  --reset-optimizer: skipping optimizer state restore, starting fresh Adam.

Starting PPO training: 30 iterations × 200 games/iter, side=both
Device: cuda, lr=5e-05, clip=0.12, ent=0.01, vf=0.5
League training enabled (pool: data/checkpoints/ppo_v162_sc_league, save-every=10)
  Saved to league pool: data/checkpoints/ppo_v162_sc_league/iter_0001.pt
  [league] self: self | ussr_pool: ['heuristic', 'v67_sc_scripted'] | us_pool: ['iter_0001', 'heuristic']
  [pfsp]
    [ussr] heuristic: WR_ussr=0.25(n=163) WR_us=0.03(n=123) pfsp=0.753
    [ussr] v67_sc_scripted: WR_ussr=0.95(n=150) WR_us=0.91(n=110) pfsp=0.178
    [us] iter_0001: WR_ussr=?(n=0) WR_us=?(n=0) pfsp=1.000
    [us] heuristic: WR_ussr=0.25(n=163) WR_us=0.03(n=123) pfsp=0.126
[Glasnost] resolving SALT bonus with random ops placeholder
  [diag] inf dtype=torch.float32 shape=torch.Size([2048, 172]) nan=0 inf_vals=0 range=[0.00,44.00]
  [diag] scalar dtype=torch.float32 nan=0 range=[-0.950,1.150]
  [diag] card_logits nan=0 range=[-16.87,10.83]
  [diag] values nan=0 range=[-0.9851,0.8115]
[iter   1/30] steps= 7803 rollout_wr=0.370 (ussr=0.620 us=0.120) pl=-0.0245 vl=0.1230 ent=3.790 clip=0.236 kl=0.0082 t=18.3s (rollout=14.2s update=4.1s)
  [league] self: self | ussr_pool: ['v58_scripted', 'heuristic'] | us_pool: ['v67_sc_scripted', 'iter_0001']
  [pfsp]
    [ussr] v58_scripted: WR_ussr=0.91(n=114) WR_us=0.90(n=192) pfsp=0.320
    [ussr] heuristic: WR_ussr=0.25(n=203) WR_us=0.03(n=163) pfsp=0.752
    [us] v67_sc_scripted: WR_ussr=0.96(n=190) WR_us=0.91(n=110) pfsp=0.331
    [us] iter_0001: WR_ussr=?(n=0) WR_us=0.15(n=40) pfsp=0.510
  [diag] inf dtype=torch.float32 shape=torch.Size([2048, 172]) nan=0 inf_vals=0 range=[0.00,53.00]
  [diag] scalar dtype=torch.float32 nan=0 range=[-0.950,1.050]
  [diag] card_logits nan=0 range=[-14.85,11.60]
  [diag] values nan=0 range=[-0.9761,0.8808]
[iter   2/30] steps= 6884 rollout_wr=0.605 (ussr=0.650 us=0.560) pl=-0.0162 vl=0.1809 ent=3.739 clip=0.144 kl=0.0044 t=16.2s (rollout=13.2s update=3.0s)
  [league] self: self | ussr_pool: ['heuristic', 'iter_0001'] | us_pool: ['v20_scripted', 'v67_sc_scripted']
  [pfsp]
    [ussr] heuristic: WR_ussr=0.26(n=243) WR_us=0.03(n=163) pfsp=0.768
    [ussr] iter_0001: WR_ussr=?(n=0) WR_us=0.23(n=80) pfsp=1.000
    [us] v20_scripted: WR_ussr=0.91(n=116) WR_us=0.94(n=114) pfsp=0.231
    [us] v67_sc_scripted: WR_ussr=0.96(n=190) WR_us=0.93(n=150) pfsp=0.249
  [diag] inf dtype=torch.float32 shape=torch.Size([2048, 172]) nan=0 inf_vals=0 range=[0.00,50.00]
  [diag] scalar dtype=torch.float32 nan=0 range=[-1.350,1.000]
  [diag] card_logits nan=0 range=[-14.98,12.03]
  [diag] values nan=0 range=[-0.9801,0.9090]
[iter   3/30] steps= 6595 rollout_wr=0.660 (ussr=0.540 us=0.780) pl=-0.0146 vl=0.1865 ent=3.702 clip=0.149 kl=0.0047 t=14.9s (rollout=12.0s update=2.9s)
  [league] self: self | ussr_pool: ['iter_0001', 'iter_0001'] | us_pool: ['v55_scripted', 'v55_scripted']
  [pfsp]
    [ussr] iter_0001: WR_ussr=0.78(n=40) WR_us=0.23(n=80) pfsp=0.697
    [us] v55_scripted: WR_ussr=0.91(n=86) WR_us=0.89(n=161) pfsp=0.378
  [diag] inf dtype=torch.float32 shape=torch.Size([2048, 172]) nan=0 inf_vals=0 range=[0.00,45.00]
  [diag] scalar dtype=torch.float32 nan=0 range=[-1.300,1.000]
  [diag] card_logits nan=0 range=[-15.56,11.38]
  [diag] values nan=0 range=[-0.9637,0.9473]
[iter   4/30] steps= 6745 rollout_wr=0.790 (ussr=0.750 us=0.830) pl=-0.0126 vl=0.1760 ent=3.490 clip=0.151 kl=0.0044 t=13.4s (rollout=10.6s update=2.8s)
  [league] self: self | ussr_pool: ['iter_0001', 'v67_sc_scripted'] | us_pool: ['v138_sc_scripted', 'v20_scripted']
  [pfsp]
    [ussr] iter_0001: WR_ussr=0.76(n=120) WR_us=0.23(n=80) pfsp=0.733
    [ussr] v67_sc_scripted: WR_ussr=0.96(n=190) WR_us=0.94(n=190) pfsp=0.161
    [us] v138_sc_scripted: WR_ussr=0.90(n=99) WR_us=0.88(n=164) pfsp=0.428
    [us] v20_scripted: WR_ussr=0.91(n=116) WR_us=0.94(n=154) pfsp=0.243
  [diag] inf dtype=torch.float32 shape=torch.Size([2048, 172]) nan=0 inf_vals=0 range=[0.00,52.00]
  [diag] scalar dtype=torch.float32 nan=0 range=[-0.850,1.000]
  [diag] card_logits nan=0 range=[-14.70,10.92]
  [diag] values nan=0 range=[-0.9238,0.9314]
[iter   5/30] steps= 6007 rollout_wr=0.785 (ussr=0.760 us=0.810) pl=-0.0144 vl=0.1663 ent=3.609 clip=0.109 kl=0.0041 t=11.5s (rollout=8.9s update=2.5s)
  [league] self: self | ussr_pool: ['iter_0001', 'v140_sc_scripted'] | us_pool: ['v58_scripted', 'heuristic']
  [pfsp]
    [ussr] iter_0001: WR_ussr=0.73(n=160) WR_us=0.23(n=80) pfsp=0.786
    [ussr] v140_sc_scripted: WR_ussr=0.91(n=132) WR_us=0.86(n=216) pfsp=0.331
    [us] v58_scripted: WR_ussr=0.92(n=154) WR_us=0.90(n=192) pfsp=0.373
    [us] heuristic: WR_ussr=0.26(n=283) WR_us=0.03(n=163) pfsp=0.119
  [diag] inf dtype=torch.float32 shape=torch.Size([2048, 172]) nan=0 inf_vals=0 range=[0.00,52.00]
  [diag] scalar dtype=torch.float32 nan=0 range=[-0.750,1.300]
  [diag] card_logits nan=0 range=[-15.28,12.15]
  [diag] values nan=0 range=[-0.9848,0.7909]
[iter   6/30] steps= 6553 rollout_wr=0.620 (ussr=0.840 us=0.400) pl=-0.0098 vl=0.1419 ent=3.712 clip=0.166 kl=0.0052 t=12.0s (rollout=9.3s update=2.7s)
  [league] self: self | ussr_pool: ['v142_sc_scripted', 'v45_scripted'] | us_pool: ['iter_0001', 'iter_0001']
  [pfsp]
    [ussr] v142_sc_scripted: WR_ussr=0.89(n=160) WR_us=0.84(n=208) pfsp=0.380
    [ussr] v45_scripted: WR_ussr=0.89(n=118) WR_us=0.91(n=180) pfsp=0.392
    [us] iter_0001: WR_ussr=0.73(n=200) WR_us=0.23(n=80) pfsp=0.698
  [diag] inf dtype=torch.float32 shape=torch.Size([2048, 172]) nan=0 inf_vals=0 range=[0.00,51.00]
  [diag] scalar dtype=torch.float32 nan=0 range=[-0.950,1.000]
  [diag] card_logits nan=0 range=[-15.34,11.24]
  [diag] values nan=0 range=[-0.9647,0.9465]
[iter   7/30] steps= 6707 rollout_wr=0.640 (ussr=0.920 us=0.360) pl=-0.0184 vl=0.1760 ent=3.705 clip=0.191 kl=0.0066 t=10.9s (rollout=8.2s update=2.7s)
  [league] self: self | ussr_pool: ['iter_0001', 'iter_0001'] | us_pool: ['iter_0001', 'iter_0001']
  [pfsp]
    [ussr] iter_0001: WR_ussr=0.73(n=200) WR_us=0.27(n=160) pfsp=0.779
    [us] iter_0001: WR_ussr=0.73(n=200) WR_us=0.27(n=160) pfsp=0.786
  [diag] inf dtype=torch.float32 shape=torch.Size([2048, 172]) nan=0 inf_vals=0 range=[0.00,47.00]
  [diag] scalar dtype=torch.float32 nan=0 range=[-0.950,1.000]
  [diag] card_logits nan=0 range=[-15.97,12.15]
  [diag] values nan=0 range=[-0.9472,0.9553]
[iter   8/30] steps= 9368 rollout_wr=0.555 (ussr=0.730 us=0.380) pl=-0.0179 vl=0.1634 ent=3.651 clip=0.245 kl=0.0080 t=14.4s (rollout=10.8s update=3.6s)
  [league] self: self | ussr_pool: ['iter_0001', 'v67_sc_scripted'] | us_pool: ['v140_sc_scripted', 'v67_sc_scripted']
  [pfsp]
    [ussr] iter_0001: WR_ussr=0.74(n=280) WR_us=0.31(n=240) pfsp=0.771
    [ussr] v67_sc_scripted: WR_ussr=0.96(n=230) WR_us=0.94(n=190) pfsp=0.150
    [us] v140_sc_scripted: WR_ussr=0.92(n=172) WR_us=0.86(n=216) pfsp=0.492
    [us] v67_sc_scripted: WR_ussr=0.96(n=230) WR_us=0.94(n=190) pfsp=0.237
  [diag] inf dtype=torch.float32 shape=torch.Size([2048, 172]) nan=0 inf_vals=0 range=[0.00,50.00]
  [diag] scalar dtype=torch.float32 nan=0 range=[-0.900,1.250]
  [diag] card_logits nan=0 range=[-14.53,11.23]
  [diag] values nan=0 range=[-0.8945,0.9385]
[iter   9/30] steps= 5857 rollout_wr=0.770 (ussr=0.820 us=0.720) pl=-0.0138 vl=0.1937 ent=3.649 clip=0.116 kl=0.0033 t=9.6s (rollout=7.3s update=2.3s)
  Saved to league pool: data/checkpoints/ppo_v162_sc_league/iter_0010.pt
  [league] self: self | ussr_pool: ['iter_0001', 'iter_0010'] | us_pool: ['iter_0010', 'iter_0010']
  [pfsp]
    [ussr] iter_0001: WR_ussr=0.73(n=320) WR_us=0.31(n=240) pfsp=0.780
    [ussr] iter_0010: WR_ussr=?(n=0) WR_us=?(n=0) pfsp=1.000
    [us] iter_0010: WR_ussr=?(n=0) WR_us=?(n=0) pfsp=1.000
  [diag] inf dtype=torch.float32 shape=torch.Size([2048, 172]) nan=0 inf_vals=0 range=[0.00,53.00]
  [diag] scalar dtype=torch.float32 nan=0 range=[-0.950,1.000]
  [diag] card_logits nan=0 range=[-14.93,10.69]
  [diag] values nan=0 range=[-0.9110,0.9523]
[iter  10/30] steps= 9823 rollout_wr=0.510 (ussr=0.750 us=0.270) pl=-0.0179 vl=0.1395 ent=3.684 clip=0.203 kl=0.0061 t=15.0s (rollout=11.3s update=3.7s)
  [probe] iter=10 card_jsd=0.0004 top1=0.984 val_mae=0.0774
  [confirm] launched incremental Elo check for iter 10
  [panel eval] launched pid=953044 iter=10 panel=['v159_sc', 'v160_sc', 'v77_sc', 'v78_sc', 'v132_sc']
  [league] self: self | ussr_pool: ['heuristic', 'iter_0010'] | us_pool: ['v67_sc_scripted', 'iter_0010']
  [pfsp]
    [ussr] heuristic: WR_ussr=0.26(n=283) WR_us=0.02(n=203) pfsp=0.766
    [ussr] iter_0010: WR_ussr=0.78(n=40) WR_us=0.30(n=80) pfsp=0.697
    [us] v67_sc_scripted: WR_ussr=0.97(n=270) WR_us=0.93(n=230) pfsp=0.244
    [us] iter_0010: WR_ussr=0.78(n=40) WR_us=0.30(n=80) pfsp=0.840
[Glasnost] resolving SALT bonus with random ops placeholder
  [diag] inf dtype=torch.float32 shape=torch.Size([2048, 172]) nan=0 inf_vals=0 range=[0.00,48.00]
  [diag] scalar dtype=torch.float32 nan=0 range=[-1.050,1.150]
  [diag] card_logits nan=0 range=[-14.44,10.65]
  [diag] values nan=0 range=[-0.9699,0.9361]
[iter  11/30] steps= 8603 rollout_wr=0.545 (ussr=0.620 us=0.470) pl=-0.0120 vl=0.1534 ent=3.796 clip=0.167 kl=0.0052 t=14.8s (rollout=11.5s update=3.3s)
  [panel eval iter 10] avg=0.817 elapsed=16s: v159_sc=0.633 | v160_sc=0.617 | v77_sc=0.967 | v78_sc=0.917 | v132_sc=0.950
  [panel eval] NEW HIGH-WATER MARK iter=10 avg_wr=0.8167 → ppo_running_best.pt (provenance: ppo_iter0010.pt)
  [league] self: self | ussr_pool: ['v20_scripted', 'v55_scripted'] | us_pool: ['iter_0001', 'v20_scripted']
  [pfsp]
    [ussr] v20_scripted: WR_ussr=0.91(n=116) WR_us=0.94(n=194) pfsp=0.315
    [ussr] v55_scripted: WR_ussr=0.91(n=86) WR_us=0.92(n=241) pfsp=0.337
    [us] iter_0001: WR_ussr=0.73(n=360) WR_us=0.31(n=240) pfsp=0.853
    [us] v20_scripted: WR_ussr=0.91(n=116) WR_us=0.94(n=194) pfsp=0.214
  [diag] inf dtype=torch.float32 shape=torch.Size([2048, 172]) nan=0 inf_vals=0 range=[0.00,47.00]
  [diag] scalar dtype=torch.float32 nan=0 range=[-0.950,1.050]
  [diag] card_logits nan=0 range=[-15.53,11.18]
  [diag] values nan=0 range=[-0.9361,0.8793]
[iter  12/30] steps= 5773 rollout_wr=0.740 (ussr=0.920 us=0.560) pl=-0.0170 vl=0.1672 ent=3.736 clip=0.104 kl=0.0028 t=9.5s (rollout=7.3s update=2.2s)
  [league] self: self | ussr_pool: ['v138_sc_scripted', 'iter_0010'] | us_pool: ['heuristic', 'v138_sc_scripted']
  [pfsp]
    [ussr] v138_sc_scripted: WR_ussr=0.90(n=99) WR_us=0.88(n=204) pfsp=0.363
    [ussr] iter_0010: WR_ussr=0.75(n=80) WR_us=0.27(n=120) pfsp=0.750
    [us] heuristic: WR_ussr=0.28(n=323) WR_us=0.02(n=203) pfsp=0.096
    [us] v138_sc_scripted: WR_ussr=0.90(n=99) WR_us=0.88(n=204) pfsp=0.415
  [diag] inf dtype=torch.float32 shape=torch.Size([2048, 172]) nan=0 inf_vals=0 range=[0.00,43.00]
  [diag] scalar dtype=torch.float32 nan=0 range=[-0.700,1.000]
  [diag] card_logits nan=0 range=[-14.70,11.74]
  [diag] values nan=0 range=[-0.9862,0.9718]
[iter  13/30] steps= 6964 rollout_wr=0.640 (ussr=0.870 us=0.410) pl=-0.0236 vl=0.1237 ent=3.793 clip=0.190 kl=0.0062 t=11.8s (rollout=8.9s update=2.9s)
  [league] self: self | ussr_pool: ['v142_sc_scripted', 'iter_0001'] | us_pool: ['v58_scripted', 'v142_sc_scripted']
  [pfsp]
    [ussr] v142_sc_scripted: WR_ussr=0.92(n=200) WR_us=0.84(n=208) pfsp=0.311
    [ussr] iter_0001: WR_ussr=0.73(n=360) WR_us=0.32(n=280) pfsp=0.787
    [us] v58_scripted: WR_ussr=0.92(n=154) WR_us=0.90(n=232) pfsp=0.357
    [us] v142_sc_scripted: WR_ussr=0.92(n=200) WR_us=0.84(n=208) pfsp=0.534
  [diag] inf dtype=torch.float32 shape=torch.Size([2048, 172]) nan=0 inf_vals=0 range=[0.00,50.00]
  [diag] scalar dtype=torch.float32 nan=0 range=[-0.950,1.050]
  [diag] card_logits nan=0 range=[-15.66,11.50]
  [diag] values nan=0 range=[-0.9168,0.9637]
[iter  14/30] steps= 5774 rollout_wr=0.800 (ussr=0.840 us=0.760) pl=-0.0162 vl=0.1597 ent=3.673 clip=0.123 kl=0.0036 t=9.9s (rollout=7.6s update=2.3s)
  [league] self: self | ussr_pool: ['iter_0010', 'v142_sc_scripted'] | us_pool: ['iter_0010', 'iter_0001']
  [pfsp]
    [ussr] iter_0010: WR_ussr=0.79(n=120) WR_us=0.27(n=120) pfsp=0.660
    [ussr] v142_sc_scripted: WR_ussr=0.92(n=240) WR_us=0.84(n=248) pfsp=0.306
    [us] iter_0010: WR_ussr=0.79(n=120) WR_us=0.27(n=120) pfsp=0.782
    [us] iter_0001: WR_ussr=0.73(n=400) WR_us=0.32(n=280) pfsp=0.872
  [diag] inf dtype=torch.float32 shape=torch.Size([2048, 172]) nan=0 inf_vals=0 range=[0.00,53.00]
  [diag] scalar dtype=torch.float32 nan=0 range=[-0.800,1.000]
  [diag] card_logits nan=0 range=[-14.41,11.02]
  [diag] values nan=0 range=[-0.9618,0.9764]
[iter  15/30] steps= 8902 rollout_wr=0.550 (ussr=0.840 us=0.260) pl=-0.0192 vl=0.1357 ent=3.849 clip=0.188 kl=0.0059 t=14.0s (rollout=10.4s update=3.6s)
  [league] self: self | ussr_pool: ['iter_0010', 'v55_scripted'] | us_pool: ['iter_0001', 'iter_0010']
  [pfsp]
    [ussr] iter_0010: WR_ussr=0.80(n=160) WR_us=0.26(n=160) pfsp=0.640
    [ussr] v55_scripted: WR_ussr=0.92(n=126) WR_us=0.92(n=241) pfsp=0.292
    [us] iter_0001: WR_ussr=0.73(n=400) WR_us=0.32(n=320) pfsp=0.869
    [us] iter_0010: WR_ussr=0.80(n=160) WR_us=0.26(n=160) pfsp=0.762
  [diag] inf dtype=torch.float32 shape=torch.Size([2048, 172]) nan=0 inf_vals=0 range=[0.00,53.00]
  [diag] scalar dtype=torch.float32 nan=0 range=[-0.900,1.000]
  [diag] card_logits nan=0 range=[-15.07,10.56]
  [diag] values nan=0 range=[-0.9645,0.9866]
[iter  16/30] steps= 8706 rollout_wr=0.605 (ussr=0.900 us=0.310) pl=-0.0222 vl=0.1218 ent=3.829 clip=0.171 kl=0.0056 t=14.1s (rollout=10.8s update=3.3s)
  [league] self: self | ussr_pool: ['v142_sc_scripted', 'v67_sc_scripted'] | us_pool: ['iter_0010', 'v142_sc_scripted']
  [pfsp]
    [ussr] v142_sc_scripted: WR_ussr=0.91(n=280) WR_us=0.84(n=248) pfsp=0.313
    [ussr] v67_sc_scripted: WR_ussr=0.97(n=270) WR_us=0.94(n=270) pfsp=0.129
    [us] iter_0010: WR_ussr=0.81(n=200) WR_us=0.30(n=200) pfsp=0.840
    [us] v142_sc_scripted: WR_ussr=0.91(n=280) WR_us=0.84(n=248) pfsp=0.541
  [diag] inf dtype=torch.float32 shape=torch.Size([2048, 172]) nan=0 inf_vals=0 range=[0.00,49.00]
  [diag] scalar dtype=torch.float32 nan=0 range=[-0.950,1.000]
  [diag] card_logits nan=0 range=[-14.92,11.37]
  [diag] values nan=0 range=[-0.9750,0.9779]
[iter  17/30] steps= 6031 rollout_wr=0.745 (ussr=0.950 us=0.540) pl=-0.0170 vl=0.1528 ent=3.894 clip=0.133 kl=0.0040 t=30.2s (rollout=26.8s update=3.4s)
  [league] self: self | ussr_pool: ['iter_0001', 'heuristic'] | us_pool: ['iter_0001', 'v55_scripted']
  [pfsp]
    [ussr] iter_0001: WR_ussr=0.73(n=400) WR_us=0.31(n=360) pfsp=0.779
    [ussr] heuristic: WR_ussr=0.28(n=323) WR_us=0.02(n=243) pfsp=0.809
    [us] iter_0001: WR_ussr=0.73(n=400) WR_us=0.31(n=360) pfsp=0.857
    [us] v55_scripted: WR_ussr=0.94(n=166) WR_us=0.92(n=241) pfsp=0.304
  [diag] inf dtype=torch.float32 shape=torch.Size([2048, 172]) nan=0 inf_vals=0 range=[0.00,54.00]
  [diag] scalar dtype=torch.float32 nan=0 range=[-1.150,1.000]
  [diag] card_logits nan=0 range=[-16.26,10.39]
  [diag] values nan=0 range=[-0.9656,0.9790]
[iter  18/30] steps= 9129 rollout_wr=0.555 (ussr=0.540 us=0.570) pl=-0.0192 vl=0.1446 ent=3.878 clip=0.197 kl=0.0060 t=20.1s (rollout=16.6s update=3.5s)
  [league] self: self | ussr_pool: ['iter_0010', 'iter_0001'] | us_pool: ['iter_0001', 'iter_0010']
  [pfsp]
    [ussr] iter_0010: WR_ussr=0.81(n=200) WR_us=0.30(n=240) pfsp=0.616
    [ussr] iter_0001: WR_ussr=0.73(n=440) WR_us=0.31(n=400) pfsp=0.781
    [us] iter_0001: WR_ussr=0.73(n=440) WR_us=0.31(n=400) pfsp=0.856
    [us] iter_0010: WR_ussr=0.81(n=200) WR_us=0.30(n=240) pfsp=0.833
  [diag] inf dtype=torch.float32 shape=torch.Size([2048, 172]) nan=0 inf_vals=0 range=[0.00,53.00]
  [diag] scalar dtype=torch.float32 nan=0 range=[-0.850,1.150]
  [diag] card_logits nan=0 range=[-15.47,10.74]
  [diag] values nan=0 range=[-0.9468,0.9656]
[iter  19/30] steps=10504 rollout_wr=0.555 (ussr=0.780 us=0.330) pl=-0.0271 vl=0.1351 ent=3.806 clip=0.246 kl=0.0081 t=17.4s (rollout=13.2s update=4.3s)
  Saved to league pool: data/checkpoints/ppo_v162_sc_league/iter_0020.pt
  [league] self: self | ussr_pool: ['v20_scripted', 'heuristic'] | us_pool: ['v67_sc_scripted', 'iter_0020']
  [pfsp]
    [ussr] v20_scripted: WR_ussr=0.94(n=156) WR_us=0.94(n=234) pfsp=0.240
    [ussr] heuristic: WR_ussr=0.28(n=363) WR_us=0.02(n=243) pfsp=0.798
    [us] v67_sc_scripted: WR_ussr=0.97(n=310) WR_us=0.94(n=270) pfsp=0.236
    [us] iter_0020: WR_ussr=?(n=0) WR_us=?(n=0) pfsp=1.000
  [diag] inf dtype=torch.float32 shape=torch.Size([2048, 172]) nan=0 inf_vals=0 range=[0.00,51.00]
  [diag] scalar dtype=torch.float32 nan=0 range=[-1.250,1.100]
  [diag] card_logits nan=0 range=[-16.10,11.05]
  [diag] values nan=0 range=[-0.9625,0.9596]
[iter  20/30] steps= 7678 rollout_wr=0.565 (ussr=0.640 us=0.490) pl=-0.0200 vl=0.1474 ent=3.956 clip=0.162 kl=0.0052 t=15.1s (rollout=12.1s update=3.0s)
  [probe] iter=20 card_jsd=0.0003 top1=0.986 val_mae=0.0492
  [confirm] launched incremental Elo check for iter 20
  [panel eval] launched pid=954315 iter=20 panel=['v159_sc', 'v160_sc', 'v77_sc', 'v78_sc', 'v132_sc']
  [league] self: self | ussr_pool: ['v67_sc_scripted', 'v20_scripted'] | us_pool: ['v45_scripted', 'iter_0020']
  [pfsp]
    [ussr] v67_sc_scripted: WR_ussr=0.97(n=310) WR_us=0.94(n=310) pfsp=0.113
    [ussr] v20_scripted: WR_ussr=0.94(n=196) WR_us=0.94(n=234) pfsp=0.230
    [us] v45_scripted: WR_ussr=0.91(n=158) WR_us=0.91(n=180) pfsp=0.324
    [us] iter_0020: WR_ussr=?(n=0) WR_us=0.17(n=40) pfsp=0.577
  [diag] inf dtype=torch.float32 shape=torch.Size([2048, 172]) nan=0 inf_vals=0 range=[0.00,50.00]
  [diag] scalar dtype=torch.float32 nan=0 range=[-0.900,1.150]
  [diag] card_logits nan=0 range=[-16.30,11.39]
  [diag] values nan=0 range=[-0.9369,0.9492]
[iter  21/30] steps= 6090 rollout_wr=0.730 (ussr=0.930 us=0.530) pl=-0.0179 vl=0.1642 ent=3.894 clip=0.105 kl=0.0032 t=13.8s (rollout=11.3s update=2.5s)
  [panel eval iter 20] avg=0.860 elapsed=15s: v159_sc=0.750 | v160_sc=0.667 | v77_sc=0.933 | v78_sc=0.967 | v132_sc=0.983
  [panel eval] NEW HIGH-WATER MARK iter=20 avg_wr=0.8600 → ppo_running_best.pt (provenance: ppo_iter0020.pt)
  [league] self: self | ussr_pool: ['iter_0010', 'iter_0001'] | us_pool: ['iter_0020', 'v142_sc_scripted']
  [pfsp]
    [ussr] iter_0010: WR_ussr=0.81(n=240) WR_us=0.30(n=280) pfsp=0.620
    [ussr] iter_0001: WR_ussr=0.74(n=480) WR_us=0.31(n=440) pfsp=0.774
    [us] iter_0020: WR_ussr=?(n=0) WR_us=0.21(n=80) pfsp=0.669
    [us] v142_sc_scripted: WR_ussr=0.92(n=320) WR_us=0.85(n=288) pfsp=0.518
  [diag] inf dtype=torch.float32 shape=torch.Size([2048, 172]) nan=0 inf_vals=0 range=[0.00,59.00]
  [diag] scalar dtype=torch.float32 nan=0 range=[-1.300,1.250]
  [diag] card_logits nan=0 range=[-15.96,11.00]
  [diag] values nan=0 range=[-0.9431,0.9654]
[iter  22/30] steps= 8770 rollout_wr=0.640 (ussr=0.820 us=0.460) pl=-0.0238 vl=0.1228 ent=3.902 clip=0.276 kl=0.0089 t=15.6s (rollout=12.2s update=3.5s)
  [league] self: self | ussr_pool: ['v20_scripted', 'heuristic'] | us_pool: ['iter_0010', 'iter_0020']
  [pfsp]
    [ussr] v20_scripted: WR_ussr=0.94(n=236) WR_us=0.94(n=234) pfsp=0.208
    [ussr] heuristic: WR_ussr=0.27(n=403) WR_us=0.02(n=243) pfsp=0.794
    [us] iter_0010: WR_ussr=0.81(n=280) WR_us=0.30(n=280) pfsp=0.840
    [us] iter_0020: WR_ussr=?(n=0) WR_us=0.18(n=120) pfsp=0.599
  [diag] inf dtype=torch.float32 shape=torch.Size([2048, 172]) nan=0 inf_vals=0 range=[0.00,58.00]
  [diag] scalar dtype=torch.float32 nan=0 range=[-1.200,1.125]
  [diag] card_logits nan=0 range=[-16.00,11.53]
  [diag] values nan=0 range=[-0.9541,0.9562]
[iter  23/30] steps= 9822 rollout_wr=0.445 (ussr=0.590 us=0.300) pl=-0.0220 vl=0.1173 ent=3.942 clip=0.198 kl=0.0062 t=17.7s (rollout=14.0s update=3.8s)
  [league] self: self | ussr_pool: ['iter_0001', 'iter_0020'] | us_pool: ['v138_sc_scripted', 'iter_0010']
  [pfsp]
    [ussr] iter_0001: WR_ussr=0.75(n=520) WR_us=0.31(n=440) pfsp=0.758
    [ussr] iter_0020: WR_ussr=?(n=0) WR_us=0.21(n=160) pfsp=1.000
    [us] v138_sc_scripted: WR_ussr=0.92(n=139) WR_us=0.89(n=244) pfsp=0.394
    [us] iter_0010: WR_ussr=0.81(n=280) WR_us=0.31(n=320) pfsp=0.850
  [diag] inf dtype=torch.float32 shape=torch.Size([2048, 172]) nan=0 inf_vals=0 range=[0.00,56.00]
  [diag] scalar dtype=torch.float32 nan=0 range=[-0.950,1.100]
  [diag] card_logits nan=0 range=[-15.04,11.04]
  [diag] values nan=0 range=[-0.9662,0.9588]
[iter  24/30] steps= 9000 rollout_wr=0.700 (ussr=0.810 us=0.590) pl=-0.0213 vl=0.1213 ent=3.781 clip=0.192 kl=0.0062 t=15.6s (rollout=12.0s update=3.6s)
  [league] self: self | ussr_pool: ['heuristic', 'iter_0001'] | us_pool: ['v138_sc_scripted', 'v45_scripted']
  [pfsp]
    [ussr] heuristic: WR_ussr=0.26(n=443) WR_us=0.02(n=243) pfsp=0.773
    [ussr] iter_0001: WR_ussr=0.75(n=560) WR_us=0.31(n=440) pfsp=0.746
    [us] v138_sc_scripted: WR_ussr=0.92(n=139) WR_us=0.90(n=284) pfsp=0.367
    [us] v45_scripted: WR_ussr=0.91(n=158) WR_us=0.90(n=220) pfsp=0.345
  [diag] inf dtype=torch.float32 shape=torch.Size([2048, 172]) nan=0 inf_vals=0 range=[0.00,48.00]
  [diag] scalar dtype=torch.float32 nan=0 range=[-1.250,1.000]
  [diag] card_logits nan=0 range=[-15.40,11.49]
  [diag] values nan=0 range=[-0.9654,0.9650]
[iter  25/30] steps= 7792 rollout_wr=0.690 (ussr=0.620 us=0.760) pl=-0.0190 vl=0.1371 ent=3.725 clip=0.179 kl=0.0060 t=15.0s (rollout=11.8s update=3.1s)
  [league] self: self | ussr_pool: ['v55_scripted', 'v20_scripted'] | us_pool: ['iter_0010', 'v138_sc_scripted']
  [pfsp]
    [ussr] v55_scripted: WR_ussr=0.94(n=166) WR_us=0.93(n=281) pfsp=0.226
    [ussr] v20_scripted: WR_ussr=0.95(n=276) WR_us=0.94(n=234) pfsp=0.193
    [us] iter_0010: WR_ussr=0.81(n=280) WR_us=0.32(n=360) pfsp=0.874
    [us] v138_sc_scripted: WR_ussr=0.92(n=139) WR_us=0.89(n=324) pfsp=0.385
  [diag] inf dtype=torch.float32 shape=torch.Size([2048, 172]) nan=0 inf_vals=0 range=[0.00,47.00]
  [diag] scalar dtype=torch.float32 nan=0 range=[-1.150,1.150]
  [diag] card_logits nan=0 range=[-15.98,11.32]
  [diag] values nan=0 range=[-0.9411,0.9782]
[iter  26/30] steps= 6100 rollout_wr=0.760 (ussr=0.970 us=0.550) pl=-0.0198 vl=0.1442 ent=3.896 clip=0.157 kl=0.0065 t=11.0s (rollout=8.5s update=2.5s)
  [league] self: self | ussr_pool: ['iter_0020', 'iter_0001'] | us_pool: ['iter_0020', 'iter_0010']
  [pfsp]
    [ussr] iter_0020: WR_ussr=0.82(n=40) WR_us=0.21(n=160) pfsp=0.578
    [ussr] iter_0001: WR_ussr=0.76(n=600) WR_us=0.31(n=440) pfsp=0.736
    [us] iter_0020: WR_ussr=0.82(n=40) WR_us=0.21(n=160) pfsp=0.655
    [us] iter_0010: WR_ussr=0.81(n=280) WR_us=0.32(n=400) pfsp=0.870
  [diag] inf dtype=torch.float32 shape=torch.Size([2048, 172]) nan=0 inf_vals=0 range=[0.00,55.00]
  [diag] scalar dtype=torch.float32 nan=0 range=[-0.900,1.050]
  [diag] card_logits nan=0 range=[-15.10,12.16]
  [diag] values nan=0 range=[-0.9478,0.9887]
[iter  27/30] steps=10737 rollout_wr=0.575 (ussr=0.820 us=0.330) pl=-0.0222 vl=0.1051 ent=3.952 clip=0.280 kl=0.0150 t=18.1s (rollout=14.0s update=4.1s)
  [league] self: self | ussr_pool: ['v138_sc_scripted', 'v20_scripted'] | us_pool: ['iter_0020', 'iter_0020']
  [pfsp]
    [ussr] v138_sc_scripted: WR_ussr=0.92(n=139) WR_us=0.89(n=364) pfsp=0.291
    [ussr] v20_scripted: WR_ussr=0.96(n=316) WR_us=0.94(n=234) pfsp=0.169
    [us] iter_0020: WR_ussr=0.78(n=80) WR_us=0.20(n=200) pfsp=0.628
  [diag] inf dtype=torch.float32 shape=torch.Size([2048, 172]) nan=0 inf_vals=0 range=[0.00,55.00]
  [diag] scalar dtype=torch.float32 nan=0 range=[-1.100,1.000]
  [diag] card_logits nan=0 range=[-17.00,11.95]
  [diag] values nan=0 range=[-0.9469,0.9872]
[iter  28/30] steps= 8348 rollout_wr=0.600 (ussr=0.910 us=0.290) pl=-0.0128 vl=0.1260 ent=3.957 clip=0.197 kl=0.0065 t=15.3s (rollout=11.9s update=3.3s)
  [league] self: self | ussr_pool: ['v45_scripted', 'iter_0010'] | us_pool: ['v55_scripted', 'iter_0001']
  [pfsp]
    [ussr] v45_scripted: WR_ussr=0.91(n=158) WR_us=0.91(n=260) pfsp=0.344
    [ussr] iter_0010: WR_ussr=0.81(n=280) WR_us=0.33(n=440) pfsp=0.623
    [us] v55_scripted: WR_ussr=0.95(n=206) WR_us=0.93(n=281) pfsp=0.264
    [us] iter_0001: WR_ussr=0.76(n=640) WR_us=0.31(n=440) pfsp=0.854
  [diag] inf dtype=torch.float32 shape=torch.Size([2048, 172]) nan=0 inf_vals=0 range=[0.00,48.00]
  [diag] scalar dtype=torch.float32 nan=0 range=[-0.950,1.150]
  [diag] card_logits nan=0 range=[-16.21,11.15]
  [diag] values nan=0 range=[-0.9519,0.9525]
[iter  29/30] steps= 7725 rollout_wr=0.725 (ussr=0.850 us=0.600) pl=-0.0214 vl=0.1563 ent=3.855 clip=0.216 kl=0.0089 t=13.4s (rollout=10.3s update=3.1s)
  Saved to league pool: data/checkpoints/ppo_v162_sc_league/iter_0030.pt
  [league] self: self | ussr_pool: ['iter_0001', 'iter_0010'] | us_pool: ['iter_0010', 'heuristic']
  [pfsp]
    [ussr] iter_0001: WR_ussr=0.76(n=640) WR_us=0.32(n=480) pfsp=0.728
    [ussr] iter_0010: WR_ussr=0.81(n=320) WR_us=0.33(n=440) pfsp=0.617
    [us] iter_0010: WR_ussr=0.81(n=320) WR_us=0.33(n=440) pfsp=0.887
    [us] heuristic: WR_ussr=0.26(n=483) WR_us=0.02(n=243) pfsp=0.096
  [diag] inf dtype=torch.float32 shape=torch.Size([2048, 172]) nan=0 inf_vals=0 range=[0.00,58.00]
  [diag] scalar dtype=torch.float32 nan=0 range=[-0.950,1.600]
  [diag] card_logits nan=0 range=[-15.11,11.56]
  [diag] values nan=0 range=[-0.9574,0.9623]
[iter  30/30] steps= 9710 rollout_wr=0.490 (ussr=0.800 us=0.180) pl=-0.0230 vl=0.1024 ent=4.011 clip=0.273 kl=0.0108 t=16.1s (rollout=12.5s update=3.6s)
  [probe] iter=30 card_jsd=0.0004 top1=0.974 val_mae=0.0934
  [confirm] launched incremental Elo check for iter 30
  [panel eval] launched pid=955301 iter=30 panel=['v159_sc', 'v160_sc', 'v77_sc', 'v78_sc', 'v132_sc']
wandb: updating run metadata; uploading artifact run-289c0d53-chartsrollout_wr_table-Q8RBmQ
wandb: uploading artifact run-289c0d53-chartsrollout_wr_table-Q8RBmQ
wandb: uploading history steps 28-29, summary, console lines 343-349
wandb: 
wandb: Run history:
wandb:               approx_kl ▄▂▂▂▂▂▃▄▁▃▂▁▃▁▃▃▂▃▄▂▁▅▃▃▃▃█▃▅▆
wandb:           clip_fraction ▆▃▃▃▁▃▄▇▁▅▄▁▄▂▄▄▂▅▇▃▁█▅▄▄▃█▅▅█
wandb: core_scalar_weight_norm ▁▁▂▂▁▁▂▂▂▃▃▃▃▃▄▄▅▅▅▆▆▆▆▆▇▇▇███
wandb:                ent_coef ███▇▇▇▇▆▆▆▆▅▅▅▅▄▄▄▄▃▃▃▃▂▂▂▂▁▁▁
wandb:                 entropy ▅▄▄▁▃▄▄▃▃▄▅▄▅▃▆▆▆▆▅▇▆▇▇▅▄▆▇▇▆█
wandb:             iter_time_s ▄▃▃▂▂▂▁▃▁▃▃▁▂▁▃▃█▅▄▃▂▃▄▃▃▂▄▃▂▃
wandb:        meta/iter_time_s ▄▃▃▂▂▂▁▃▁▃▃▁▂▁▃▃█▅▄▃▂▃▄▃▃▂▄▃▂▃
wandb:                 n_steps ▄▃▂▂▁▂▂▆▁▇▅▁▃▁▅▅▁▆█▄▁▅▇▆▄▁█▅▄▇
wandb:  new_scalar_weight_norm ▁▁▂▂▂▂▃▃▄▄▃▃▃▄▄▃▃▂▃▄▅▅▆▆▇▇▇▇██
wandb:   panel/avg_combined_wr ▁█
wandb:                    +197 ...
wandb: 
wandb: Run summary:
wandb:               approx_kl 0.01084
wandb:           clip_fraction 0.27264
wandb: core_scalar_weight_norm 4.02721
wandb:                ent_coef 0.003
wandb:                 entropy 4.01119
wandb:             iter_time_s 16.07431
wandb:        meta/iter_time_s 16.07431
wandb:                 n_steps 9710
wandb:  new_scalar_weight_norm 2.70749
wandb:   panel/avg_combined_wr 0.86
wandb:                    +197 ...
wandb: 
wandb: 🚀 View run ppo_v162_sc at: https://wandb.ai/korduban-ai/twilight-struggle-ai/runs/289c0d53
wandb: ⭐️ View project at: https://wandb.ai/korduban-ai/twilight-struggle-ai
wandb: Synced 5 W&B file(s), 30 media file(s), 60 artifact file(s) and 0 other file(s)
wandb: Find logs at: ./wandb/run-20260413_163356-289c0d53/logs

Training complete in 7.8 minutes
Checkpoints in: data/checkpoints/ppo_v162_sc_league
[ppo_train_dynamic] finished at 2026-04-13T23:41:53Z
