[ppo_train_dynamic] starting at 2026-04-14T04:20:24Z
wandb: [wandb.login()] Loaded credentials for https://api.wandb.ai from WANDB_API_KEY.
wandb: Currently logged in as: dkorduban (korduban-ai) to https://api.wandb.ai. Use `wandb login --relogin` to force relogin
wandb: Tracking run with wandb version 0.25.1
wandb: Run data is saved locally in /home/dkord/code/twilight-struggle-ai/wandb/run-20260413_212027-08048a8e
wandb: Run `wandb offline` to turn off syncing.
wandb: Syncing run ppo_v196_sc
wandb: ⭐️ View project at https://wandb.ai/korduban-ai/twilight-struggle-ai
wandb: 🚀 View run at https://wandb.ai/korduban-ai/twilight-struggle-ai/runs/08048a8e
Loading checkpoint: data/checkpoints/ppo_v195_sc_league/ppo_best.pt
[smoke test] Smoke test passed: 10 games completed
  --reset-optimizer: skipping optimizer state restore, starting fresh Adam.

Starting PPO training: 30 iterations × 200 games/iter, side=both
Device: cuda, lr=5e-05, clip=0.12, ent=0.01, vf=0.5
League training enabled (pool: data/checkpoints/ppo_v196_sc_league, save-every=10)
  Saved to league pool: data/checkpoints/ppo_v196_sc_league/iter_0001.pt
  [league] self: self | ussr_pool: ['v57_scripted', 'v19_scripted'] | us_pool: ['v21_scripted', 'v57_scripted']
  [pfsp]
    [ussr] v57_scripted: WR_ussr=0.95(n=101) WR_us=0.94(n=156) pfsp=0.188
    [ussr] v19_scripted: WR_ussr=0.95(n=111) WR_us=0.92(n=148) pfsp=0.172
    [us] v21_scripted: WR_ussr=0.95(n=182) WR_us=0.94(n=154) pfsp=0.243
    [us] v57_scripted: WR_ussr=0.95(n=101) WR_us=0.94(n=156) pfsp=0.240
  [diag] inf dtype=torch.float32 shape=torch.Size([2048, 172]) nan=0 inf_vals=0 range=[0.00,55.00]
  [diag] scalar dtype=torch.float32 nan=0 range=[-0.800,1.000]
  [diag] card_logits nan=0 range=[-20.40,17.86]
  [diag] values nan=0 range=[-0.9377,0.9255]
[iter   1/30] steps= 5237 rollout_wr=0.840 (ussr=0.820 us=0.860) pl=-0.0306 vl=0.1320 ent=3.713 clip=0.313 kl=0.0133 t=10.1s (rollout=7.1s update=3.0s)
  [league] self: self | ussr_pool: ['iter_0001', 'iter_0001'] | us_pool: ['iter_0001', 'v19_scripted']
  [pfsp]
    [ussr] iter_0001: WR_ussr=?(n=0) WR_us=?(n=0) pfsp=1.000
    [us] iter_0001: WR_ussr=?(n=0) WR_us=?(n=0) pfsp=1.000
    [us] v19_scripted: WR_ussr=0.95(n=151) WR_us=0.92(n=148) pfsp=0.298
[Glasnost] resolving SALT bonus with random ops placeholder
  [diag] inf dtype=torch.float32 shape=torch.Size([2048, 172]) nan=0 inf_vals=0 range=[0.00,56.00]
  [diag] scalar dtype=torch.float32 nan=0 range=[-0.950,1.100]
  [diag] card_logits nan=0 range=[-21.58,18.58]
  [diag] values nan=0 range=[-0.9464,0.9580]
[iter   2/30] steps=11187 rollout_wr=0.610 (ussr=0.500 us=0.720) pl=-0.0309 vl=0.1270 ent=3.648 clip=0.313 kl=0.0120 t=18.5s (rollout=14.0s update=4.5s)
  [league] self: self | ussr_pool: ['v19_scripted', 'v22_scripted'] | us_pool: ['iter_0001', 'iter_0001']
  [pfsp]
    [ussr] v19_scripted: WR_ussr=0.95(n=151) WR_us=0.93(n=188) pfsp=0.177
    [ussr] v22_scripted: WR_ussr=0.94(n=123) WR_us=?(n=0) pfsp=0.215
    [us] iter_0001: WR_ussr=0.49(n=80) WR_us=0.60(n=40) pfsp=0.960
  [diag] inf dtype=torch.float32 shape=torch.Size([2048, 172]) nan=0 inf_vals=0 range=[0.00,42.00]
  [diag] scalar dtype=torch.float32 nan=0 range=[-0.950,1.000]
  [diag] card_logits nan=0 range=[-21.62,18.00]
  [diag] values nan=0 range=[-0.9277,0.9228]
[iter   3/30] steps= 9268 rollout_wr=0.720 (ussr=0.860 us=0.580) pl=-0.0264 vl=0.1172 ent=3.604 clip=0.255 kl=0.0102 t=14.4s (rollout=10.6s update=3.8s)
  [league] self: self | ussr_pool: ['v57_scripted', 'v22_scripted'] | us_pool: ['v54_scripted', 'v55_scripted']
  [pfsp]
    [ussr] v57_scripted: WR_ussr=0.95(n=141) WR_us=0.93(n=196) pfsp=0.189
    [ussr] v22_scripted: WR_ussr=0.95(n=163) WR_us=?(n=0) pfsp=0.187
    [us] v54_scripted: WR_ussr=?(n=0) WR_us=0.92(n=144) pfsp=0.306
    [us] v55_scripted: WR_ussr=0.94(n=105) WR_us=0.93(n=102) pfsp=0.256
  [diag] inf dtype=torch.float32 shape=torch.Size([2048, 172]) nan=0 inf_vals=0 range=[0.00,49.00]
  [diag] scalar dtype=torch.float32 nan=0 range=[-0.950,1.000]
  [diag] card_logits nan=0 range=[-19.39,16.69]
  [diag] values nan=0 range=[-0.9515,0.9341]
[iter   4/30] steps= 4935 rollout_wr=0.895 (ussr=0.890 us=0.900) pl=-0.0243 vl=0.1177 ent=3.791 clip=0.244 kl=0.0092 t=8.4s (rollout=6.4s update=2.1s)
  [league] self: self | ussr_pool: ['iter_0001', 'iter_0001'] | us_pool: ['v48_scripted', 'iter_0001']
  [pfsp]
    [ussr] iter_0001: WR_ussr=0.49(n=80) WR_us=0.57(n=120) pfsp=0.999
    [us] v48_scripted: WR_ussr=0.96(n=172) WR_us=0.94(n=127) pfsp=0.208
    [us] iter_0001: WR_ussr=0.49(n=80) WR_us=0.57(n=120) pfsp=0.982
  [diag] inf dtype=torch.float32 shape=torch.Size([2048, 172]) nan=0 inf_vals=0 range=[0.00,53.00]
  [diag] scalar dtype=torch.float32 nan=0 range=[-1.050,1.000]
  [diag] card_logits nan=0 range=[-21.81,17.19]
  [diag] values nan=0 range=[-0.9548,0.9214]
[iter   5/30] steps=11358 rollout_wr=0.515 (ussr=0.400 us=0.630) pl=-0.0259 vl=0.1354 ent=3.605 clip=0.309 kl=0.0106 t=17.1s (rollout=12.7s update=4.4s)
  [league] self: self | ussr_pool: ['v20_scripted', 'iter_0001'] | us_pool: ['iter_0001', 'iter_0001']
  [pfsp]
    [ussr] v20_scripted: WR_ussr=0.97(n=153) WR_us=0.92(n=156) pfsp=0.126
    [ussr] iter_0001: WR_ussr=0.42(n=160) WR_us=0.53(n=160) pfsp=0.974
    [us] iter_0001: WR_ussr=0.42(n=160) WR_us=0.53(n=160) pfsp=0.996
  [diag] inf dtype=torch.float32 shape=torch.Size([2048, 172]) nan=0 inf_vals=0 range=[0.00,45.00]
  [diag] scalar dtype=torch.float32 nan=0 range=[-1.150,1.000]
  [diag] card_logits nan=0 range=[-21.67,17.69]
  [diag] values nan=0 range=[-0.9409,0.9177]
[iter   6/30] steps=11185 rollout_wr=0.530 (ussr=0.640 us=0.420) pl=-0.0267 vl=0.1153 ent=3.629 clip=0.273 kl=0.0085 t=16.1s (rollout=11.7s update=4.4s)
  [league] self: self | ussr_pool: ['v55_scripted', 'iter_0001'] | us_pool: ['iter_0001', 'iter_0001']
  [pfsp]
    [ussr] v55_scripted: WR_ussr=0.94(n=105) WR_us=0.93(n=142) pfsp=0.216
    [ussr] iter_0001: WR_ussr=0.41(n=200) WR_us=0.50(n=240) pfsp=0.971
    [us] iter_0001: WR_ussr=0.41(n=200) WR_us=0.50(n=240) pfsp=1.000
  [diag] inf dtype=torch.float32 shape=torch.Size([2048, 172]) nan=0 inf_vals=0 range=[0.00,50.00]
  [diag] scalar dtype=torch.float32 nan=0 range=[-1.150,1.000]
  [diag] card_logits nan=0 range=[-21.25,18.40]
  [diag] values nan=0 range=[-0.9447,0.9433]
[iter   7/30] steps=10949 rollout_wr=0.565 (ussr=0.630 us=0.500) pl=-0.0259 vl=0.1262 ent=3.607 clip=0.235 kl=0.0079 t=16.4s (rollout=12.1s update=4.3s)
  [league] self: self | ussr_pool: ['v21_scripted', 'iter_0001'] | us_pool: ['iter_0001', 'v55_scripted']
  [pfsp]
    [ussr] v21_scripted: WR_ussr=0.95(n=182) WR_us=0.94(n=194) pfsp=0.188
    [ussr] iter_0001: WR_ussr=0.41(n=240) WR_us=0.50(n=320) pfsp=0.969
    [us] iter_0001: WR_ussr=0.41(n=240) WR_us=0.50(n=320) pfsp=1.000
    [us] v55_scripted: WR_ussr=0.93(n=145) WR_us=0.93(n=142) pfsp=0.262
  [diag] inf dtype=torch.float32 shape=torch.Size([2048, 172]) nan=0 inf_vals=0 range=[0.00,53.00]
  [diag] scalar dtype=torch.float32 nan=0 range=[-1.000,1.000]
  [diag] card_logits nan=0 range=[-20.89,17.73]
  [diag] values nan=0 range=[-0.9526,0.9289]
[iter   8/30] steps= 8883 rollout_wr=0.645 (ussr=0.630 us=0.660) pl=-0.0273 vl=0.1215 ent=3.709 clip=0.213 kl=0.0074 t=13.5s (rollout=10.0s update=3.5s)
  [league] self: self | ussr_pool: ['v22_scripted', 'iter_0001'] | us_pool: ['iter_0001', 'v55_scripted']
  [pfsp]
    [ussr] v22_scripted: WR_ussr=0.96(n=203) WR_us=?(n=0) pfsp=0.151
    [ussr] iter_0001: WR_ussr=0.41(n=280) WR_us=0.50(n=360) pfsp=0.968
    [us] iter_0001: WR_ussr=0.41(n=280) WR_us=0.50(n=360) pfsp=1.000
    [us] v55_scripted: WR_ussr=0.93(n=145) WR_us=0.93(n=182) pfsp=0.246
  [diag] inf dtype=torch.float32 shape=torch.Size([2048, 172]) nan=0 inf_vals=0 range=[0.00,47.00]
  [diag] scalar dtype=torch.float32 nan=0 range=[-0.900,1.200]
  [diag] card_logits nan=0 range=[-21.79,18.80]
  [diag] values nan=0 range=[-0.9488,0.9319]
[iter   9/30] steps= 9249 rollout_wr=0.745 (ussr=0.710 us=0.780) pl=-0.0321 vl=0.1291 ent=3.703 clip=0.305 kl=0.0127 t=13.7s (rollout=10.1s update=3.6s)
  Saved to league pool: data/checkpoints/ppo_v196_sc_league/iter_0010.pt
  [league] self: self | ussr_pool: ['iter_0001', 'v45_scripted'] | us_pool: ['iter_0010', 'v44_scripted']
  [pfsp]
    [ussr] iter_0001: WR_ussr=0.43(n=320) WR_us=0.51(n=400) pfsp=0.983
    [ussr] v45_scripted: WR_ussr=0.97(n=153) WR_us=?(n=0) pfsp=0.126
    [us] iter_0010: WR_ussr=?(n=0) WR_us=?(n=0) pfsp=1.000
    [us] v44_scripted: WR_ussr=?(n=0) WR_us=0.94(n=186) pfsp=0.223
  [diag] inf dtype=torch.float32 shape=torch.Size([2048, 172]) nan=0 inf_vals=0 range=[0.00,51.00]
  [diag] scalar dtype=torch.float32 nan=0 range=[-1.050,1.150]
  [diag] card_logits nan=0 range=[-21.17,17.18]
  [diag] values nan=0 range=[-0.9358,0.8890]
[iter  10/30] steps= 9198 rollout_wr=0.670 (ussr=0.680 us=0.660) pl=-0.0322 vl=0.1301 ent=3.688 clip=0.259 kl=0.0091 t=13.7s (rollout=10.1s update=3.6s)
  [probe] iter=10 card_jsd=0.0003 top1=0.984 val_mae=0.0499
  [confirm] launched incremental Elo check for iter 10
  [panel eval] launched pid=1040802 iter=10 panel=['v55', 'v54', 'v44', 'v45', 'v48']
  [league] self: self | ussr_pool: ['heuristic', 'v19_scripted'] | us_pool: ['v55_scripted', 'v19_scripted']
  [pfsp]
    [ussr] heuristic: WR_ussr=0.18(n=253) WR_us=0.10(n=134) pfsp=0.585
    [ussr] v19_scripted: WR_ussr=0.95(n=191) WR_us=0.93(n=188) pfsp=0.180
    [us] v55_scripted: WR_ussr=0.93(n=145) WR_us=0.93(n=222) pfsp=0.252
    [us] v19_scripted: WR_ussr=0.95(n=191) WR_us=0.93(n=188) pfsp=0.276
  [diag] inf dtype=torch.float32 shape=torch.Size([2048, 172]) nan=0 inf_vals=0 range=[0.00,62.00]
  [diag] scalar dtype=torch.float32 nan=0 range=[-1.000,1.000]
  [diag] card_logits nan=0 range=[-19.76,18.67]
  [diag] values nan=0 range=[-0.9277,0.8926]
[iter  11/30] steps= 6798 rollout_wr=0.730 (ussr=0.590 us=0.870) pl=-0.0239 vl=0.1197 ent=3.587 clip=0.272 kl=0.0093 t=11.7s (rollout=9.0s update=2.7s)
  [panel eval iter 10] avg=0.928 elapsed=12s: v55=0.933 | v54=0.867 | v44=0.933 | v45=0.950 | v48=0.967
  [panel eval] NEW HIGH-WATER MARK iter=10 avg_wr=0.9285 → ppo_running_best.pt (provenance: ppo_iter0010.pt)
  [league] self: self | ussr_pool: ['v22_scripted', 'iter_0010'] | us_pool: ['iter_0010', 'v54_scripted']
  [pfsp]
    [ussr] v22_scripted: WR_ussr=0.96(n=243) WR_us=?(n=0) pfsp=0.143
    [ussr] iter_0010: WR_ussr=?(n=0) WR_us=0.40(n=40) pfsp=1.000
    [us] iter_0010: WR_ussr=?(n=0) WR_us=0.40(n=40) pfsp=0.960
    [us] v54_scripted: WR_ussr=?(n=0) WR_us=0.92(n=184) pfsp=0.281
  [diag] inf dtype=torch.float32 shape=torch.Size([2048, 172]) nan=0 inf_vals=0 range=[0.00,54.00]
  [diag] scalar dtype=torch.float32 nan=0 range=[-0.950,1.000]
  [diag] card_logits nan=0 range=[-21.42,19.49]
  [diag] values nan=0 range=[-0.9478,0.9035]
[iter  12/30] steps= 9277 rollout_wr=0.715 (ussr=0.750 us=0.680) pl=-0.0303 vl=0.1362 ent=3.583 clip=0.288 kl=0.0113 t=13.9s (rollout=10.3s update=3.6s)
  [league] self: self | ussr_pool: ['iter_0001', 'iter_0001'] | us_pool: ['heuristic', 'iter_0001']
  [pfsp]
    [ussr] iter_0001: WR_ussr=0.43(n=360) WR_us=0.51(n=400) pfsp=0.982
    [us] heuristic: WR_ussr=0.18(n=293) WR_us=0.10(n=134) pfsp=0.374
    [us] iter_0001: WR_ussr=0.43(n=360) WR_us=0.51(n=400) pfsp=0.999
  [diag] inf dtype=torch.float32 shape=torch.Size([2048, 172]) nan=0 inf_vals=0 range=[0.00,63.00]
  [diag] scalar dtype=torch.float32 nan=0 range=[-0.900,1.000]
  [diag] card_logits nan=0 range=[-21.14,16.24]
  [diag] values nan=0 range=[-0.9459,0.8998]
[iter  13/30] steps=12160 rollout_wr=0.385 (ussr=0.450 us=0.320) pl=-0.0293 vl=0.1125 ent=3.728 clip=0.288 kl=0.0094 t=18.6s (rollout=14.1s update=4.5s)
  [league] self: self | ussr_pool: ['iter_0010', 'iter_0010'] | us_pool: ['iter_0010', 'iter_0010']
  [pfsp]
    [ussr] iter_0010: WR_ussr=0.62(n=40) WR_us=0.46(n=80) pfsp=0.938
    [us] iter_0010: WR_ussr=0.62(n=40) WR_us=0.46(n=80) pfsp=0.994
  [diag] inf dtype=torch.float32 shape=torch.Size([2048, 172]) nan=0 inf_vals=0 range=[0.00,52.00]
  [diag] scalar dtype=torch.float32 nan=0 range=[-1.250,1.000]
  [diag] card_logits nan=0 range=[-22.04,16.56]
  [diag] values nan=0 range=[-0.9247,0.8450]
[iter  14/30] steps=12901 rollout_wr=0.455 (ussr=0.440 us=0.470) pl=-0.0287 vl=0.1214 ent=3.619 clip=0.248 kl=0.0088 t=19.9s (rollout=15.0s update=4.9s)
  [league] self: self | ussr_pool: ['iter_0010', 'iter_0001'] | us_pool: ['iter_0010', 'iter_0010']
  [pfsp]
    [ussr] iter_0010: WR_ussr=0.53(n=120) WR_us=0.46(n=160) pfsp=0.996
    [ussr] iter_0001: WR_ussr=0.43(n=440) WR_us=0.52(n=440) pfsp=0.981
    [us] iter_0010: WR_ussr=0.53(n=120) WR_us=0.46(n=160) pfsp=0.992
  [diag] inf dtype=torch.float32 shape=torch.Size([2048, 172]) nan=0 inf_vals=0 range=[0.00,54.00]
  [diag] scalar dtype=torch.float32 nan=0 range=[-0.950,1.000]
  [diag] card_logits nan=0 range=[-22.55,18.95]
  [diag] values nan=0 range=[-0.9145,0.8324]
[iter  15/30] steps=13733 rollout_wr=0.525 (ussr=0.460 us=0.590) pl=-0.0288 vl=0.1116 ent=3.574 clip=0.266 kl=0.0092 t=19.5s (rollout=14.5s update=5.0s)
  [league] self: self | ussr_pool: ['iter_0001', 'heuristic'] | us_pool: ['v57_scripted', 'iter_0010']
  [pfsp]
    [ussr] iter_0001: WR_ussr=0.43(n=480) WR_us=0.52(n=440) pfsp=0.979
    [ussr] heuristic: WR_ussr=0.18(n=293) WR_us=0.10(n=174) pfsp=0.593
    [us] v57_scripted: WR_ussr=0.95(n=181) WR_us=0.93(n=196) pfsp=0.265
    [us] iter_0010: WR_ussr=0.50(n=160) WR_us=0.50(n=240) pfsp=1.000
  [diag] inf dtype=torch.float32 shape=torch.Size([2048, 172]) nan=0 inf_vals=0 range=[0.00,51.00]
  [diag] scalar dtype=torch.float32 nan=0 range=[-0.950,1.000]
  [diag] card_logits nan=0 range=[-21.78,19.34]
  [diag] values nan=0 range=[-0.9120,0.8904]
[iter  16/30] steps=10854 rollout_wr=0.535 (ussr=0.400 us=0.670) pl=-0.0305 vl=0.1244 ent=3.637 clip=0.268 kl=0.0103 t=16.4s (rollout=12.2s update=4.2s)
  [league] self: self | ussr_pool: ['v22_scripted', 'v45_scripted'] | us_pool: ['iter_0010', 'iter_0010']
  [pfsp]
    [ussr] v22_scripted: WR_ussr=0.96(n=283) WR_us=?(n=0) pfsp=0.136
    [ussr] v45_scripted: WR_ussr=0.96(n=193) WR_us=?(n=0) pfsp=0.140
    [us] iter_0010: WR_ussr=0.50(n=160) WR_us=0.50(n=280) pfsp=1.000
  [diag] inf dtype=torch.float32 shape=torch.Size([2048, 172]) nan=0 inf_vals=0 range=[0.00,53.00]
  [diag] scalar dtype=torch.float32 nan=0 range=[-0.950,1.000]
  [diag] card_logits nan=0 range=[-21.23,18.68]
  [diag] values nan=0 range=[-0.8656,0.8402]
[iter  17/30] steps= 8865 rollout_wr=0.655 (ussr=0.840 us=0.470) pl=-0.0265 vl=0.1316 ent=3.675 clip=0.256 kl=0.0087 t=13.3s (rollout=9.7s update=3.6s)
  [league] self: self | ussr_pool: ['iter_0001', 'v57_scripted'] | us_pool: ['v20_scripted', 'iter_0001']
  [pfsp]
    [ussr] iter_0001: WR_ussr=0.43(n=520) WR_us=0.52(n=440) pfsp=0.982
    [ussr] v57_scripted: WR_ussr=0.95(n=181) WR_us=0.92(n=236) pfsp=0.189
    [us] v20_scripted: WR_ussr=0.97(n=193) WR_us=0.92(n=156) pfsp=0.284
    [us] iter_0001: WR_ussr=0.43(n=520) WR_us=0.52(n=440) pfsp=0.999
  [diag] inf dtype=torch.float32 shape=torch.Size([2048, 172]) nan=0 inf_vals=0 range=[0.00,57.00]
  [diag] scalar dtype=torch.float32 nan=0 range=[-0.950,1.000]
  [diag] card_logits nan=0 range=[-21.68,19.16]
  [diag] values nan=0 range=[-0.9262,0.8703]
[iter  18/30] steps= 9096 rollout_wr=0.670 (ussr=0.630 us=0.710) pl=-0.0252 vl=0.1227 ent=3.512 clip=0.232 kl=0.0090 t=13.5s (rollout=9.9s update=3.6s)
  [league] self: self | ussr_pool: ['v45_scripted', 'iter_0001'] | us_pool: ['iter_0001', 'iter_0001']
  [pfsp]
    [ussr] v45_scripted: WR_ussr=0.96(n=233) WR_us=?(n=0) pfsp=0.164
    [ussr] iter_0001: WR_ussr=0.43(n=560) WR_us=0.53(n=480) pfsp=0.983
    [us] iter_0001: WR_ussr=0.43(n=560) WR_us=0.53(n=480) pfsp=0.997
  [diag] inf dtype=torch.float32 shape=torch.Size([2048, 172]) nan=0 inf_vals=0 range=[0.00,49.00]
  [diag] scalar dtype=torch.float32 nan=0 range=[-0.950,1.300]
  [diag] card_logits nan=0 range=[-22.00,18.99]
  [diag] values nan=0 range=[-0.9386,0.8899]
[iter  19/30] steps=11252 rollout_wr=0.550 (ussr=0.620 us=0.480) pl=-0.0263 vl=0.1208 ent=3.537 clip=0.265 kl=0.0094 t=15.8s (rollout=11.6s update=4.2s)
  Saved to league pool: data/checkpoints/ppo_v196_sc_league/iter_0020.pt
  [league] self: self | ussr_pool: ['v20_scripted', 'heuristic'] | us_pool: ['v21_scripted', 'v57_scripted']
  [pfsp]
    [ussr] v20_scripted: WR_ussr=0.97(n=193) WR_us=0.92(n=196) pfsp=0.101
    [ussr] heuristic: WR_ussr=0.19(n=333) WR_us=0.10(n=174) pfsp=0.614
    [us] v21_scripted: WR_ussr=0.95(n=222) WR_us=0.94(n=194) pfsp=0.232
    [us] v57_scripted: WR_ussr=0.95(n=221) WR_us=0.92(n=236) pfsp=0.282
  [diag] inf dtype=torch.float32 shape=torch.Size([2048, 172]) nan=0 inf_vals=0 range=[0.00,47.00]
  [diag] scalar dtype=torch.float32 nan=0 range=[-1.050,1.000]
  [diag] card_logits nan=0 range=[-22.05,18.35]
  [diag] values nan=0 range=[-0.9410,0.9114]
[iter  20/30] steps= 6469 rollout_wr=0.725 (ussr=0.570 us=0.880) pl=-0.0191 vl=0.1374 ent=3.658 clip=0.223 kl=0.0077 t=11.1s (rollout=8.5s update=2.6s)
  [probe] iter=20 card_jsd=0.0005 top1=0.983 val_mae=0.0971
  [confirm] launched incremental Elo check for iter 20
  [panel eval] launched pid=1041434 iter=20 panel=['v55', 'v54', 'v44', 'v45', 'v48']
  [league] self: self | ussr_pool: ['iter_0020', 'iter_0001'] | us_pool: ['v57_scripted', 'iter_0001']
  [pfsp]
    [ussr] iter_0020: WR_ussr=?(n=0) WR_us=?(n=0) pfsp=1.000
    [ussr] iter_0001: WR_ussr=0.43(n=600) WR_us=0.52(n=560) pfsp=0.979
    [us] v57_scripted: WR_ussr=0.95(n=221) WR_us=0.93(n=276) pfsp=0.256
    [us] iter_0001: WR_ussr=0.43(n=600) WR_us=0.52(n=560) pfsp=0.999
  [diag] inf dtype=torch.float32 shape=torch.Size([2048, 172]) nan=0 inf_vals=0 range=[0.00,50.00]
  [diag] scalar dtype=torch.float32 nan=0 range=[-0.950,1.100]
  [diag] card_logits nan=0 range=[-24.00,18.10]
  [diag] values nan=0 range=[-0.9293,0.9227]
[iter  21/30] steps=11500 rollout_wr=0.595 (ussr=0.450 us=0.740) pl=-0.0296 vl=0.1075 ent=3.542 clip=0.306 kl=0.0119 t=18.1s (rollout=13.6s update=4.5s)
  [panel eval iter 20] avg=0.952 elapsed=19s: v55=0.917 | v54=1.000 | v44=0.950 | v45=0.933 | v48=0.967
  [panel eval] NEW HIGH-WATER MARK iter=20 avg_wr=0.9521 → ppo_running_best.pt (provenance: ppo_iter0020.pt)
  [league] self: self | ussr_pool: ['v22_scripted', 'v57_scripted'] | us_pool: ['iter_0010', 'iter_0020']
  [pfsp]
    [ussr] v22_scripted: WR_ussr=0.96(n=323) WR_us=?(n=0) pfsp=0.155
    [ussr] v57_scripted: WR_ussr=0.95(n=221) WR_us=0.93(n=316) pfsp=0.173
    [us] iter_0010: WR_ussr=0.50(n=160) WR_us=0.49(n=360) pfsp=1.000
    [us] iter_0020: WR_ussr=0.42(n=40) WR_us=?(n=0) pfsp=1.000
  [diag] inf dtype=torch.float32 shape=torch.Size([2048, 172]) nan=0 inf_vals=0 range=[0.00,60.00]
  [diag] scalar dtype=torch.float32 nan=0 range=[-0.950,1.350]
  [diag] card_logits nan=0 range=[-22.41,18.82]
  [diag] values nan=0 range=[-0.8953,0.9005]
[iter  22/30] steps= 9121 rollout_wr=0.710 (ussr=0.870 us=0.550) pl=-0.0328 vl=0.1375 ent=3.680 clip=0.288 kl=0.0123 t=14.7s (rollout=11.0s update=3.7s)
  [league] self: self | ussr_pool: ['v22_scripted', 'v48_scripted'] | us_pool: ['iter_0010', 'iter_0020']
  [pfsp]
    [ussr] v22_scripted: WR_ussr=0.96(n=363) WR_us=?(n=0) pfsp=0.158
    [ussr] v48_scripted: WR_ussr=0.96(n=172) WR_us=0.95(n=167) pfsp=0.156
    [us] iter_0010: WR_ussr=0.50(n=160) WR_us=0.49(n=400) pfsp=0.999
    [us] iter_0020: WR_ussr=0.42(n=40) WR_us=0.60(n=40) pfsp=0.960
  [diag] inf dtype=torch.float32 shape=torch.Size([2048, 172]) nan=0 inf_vals=0 range=[0.00,54.00]
  [diag] scalar dtype=torch.float32 nan=0 range=[-0.950,1.000]
  [diag] card_logits nan=0 range=[-21.88,16.31]
  [diag] values nan=0 range=[-0.9281,0.8813]
[iter  23/30] steps= 8881 rollout_wr=0.660 (ussr=0.870 us=0.450) pl=-0.0228 vl=0.1211 ent=3.663 clip=0.259 kl=0.0102 t=14.5s (rollout=10.9s update=3.6s)
  [league] self: self | ussr_pool: ['heuristic', 'iter_0001'] | us_pool: ['v48_scripted', 'iter_0020']
  [pfsp]
    [ussr] heuristic: WR_ussr=0.19(n=373) WR_us=0.10(n=174) pfsp=0.616
    [ussr] iter_0001: WR_ussr=0.43(n=640) WR_us=0.52(n=600) pfsp=0.980
    [us] v48_scripted: WR_ussr=0.96(n=212) WR_us=0.95(n=167) pfsp=0.182
    [us] iter_0020: WR_ussr=0.42(n=40) WR_us=0.50(n=80) pfsp=1.000
  [diag] inf dtype=torch.float32 shape=torch.Size([2048, 172]) nan=0 inf_vals=0 range=[0.00,55.00]
  [diag] scalar dtype=torch.float32 nan=0 range=[-1.100,1.000]
  [diag] card_logits nan=0 range=[-21.93,18.38]
  [diag] values nan=0 range=[-0.9291,0.8873]
[iter  24/30] steps=10444 rollout_wr=0.505 (ussr=0.290 us=0.720) pl=-0.0377 vl=0.1239 ent=3.734 clip=0.284 kl=0.0097 t=21.8s (rollout=17.5s update=4.4s)
  [league] self: self | ussr_pool: ['iter_0010', 'v55_scripted'] | us_pool: ['v54_scripted', 'v48_scripted']
  [pfsp]
    [ussr] iter_0010: WR_ussr=0.50(n=160) WR_us=0.49(n=440) pfsp=1.000
    [ussr] v55_scripted: WR_ussr=0.93(n=145) WR_us=0.94(n=262) pfsp=0.257
    [us] v54_scripted: WR_ussr=?(n=0) WR_us=0.92(n=224) pfsp=0.281
    [us] v48_scripted: WR_ussr=0.96(n=212) WR_us=0.96(n=207) pfsp=0.166
  [diag] inf dtype=torch.float32 shape=torch.Size([2048, 172]) nan=0 inf_vals=0 range=[0.00,70.00]
  [diag] scalar dtype=torch.float32 nan=0 range=[-0.950,1.100]
  [diag] card_logits nan=0 range=[-23.23,17.41]
  [diag] values nan=0 range=[-0.9113,0.9011]
[iter  25/30] steps= 6739 rollout_wr=0.745 (ussr=0.660 us=0.830) pl=-0.0205 vl=0.1307 ent=3.728 clip=0.218 kl=0.0076 t=12.6s (rollout=9.8s update=2.8s)
  [league] self: self | ussr_pool: ['v45_scripted', 'v55_scripted'] | us_pool: ['v20_scripted', 'iter_0001']
  [pfsp]
    [ussr] v45_scripted: WR_ussr=0.96(n=273) WR_us=?(n=0) pfsp=0.155
    [ussr] v55_scripted: WR_ussr=0.94(n=185) WR_us=0.94(n=262) pfsp=0.243
    [us] v20_scripted: WR_ussr=0.97(n=233) WR_us=0.92(n=196) pfsp=0.283
    [us] iter_0001: WR_ussr=0.43(n=680) WR_us=0.52(n=600) pfsp=0.998
  [diag] inf dtype=torch.float32 shape=torch.Size([2048, 172]) nan=0 inf_vals=0 range=[0.00,45.00]
  [diag] scalar dtype=torch.float32 nan=0 range=[-0.950,1.000]
  [diag] card_logits nan=0 range=[-22.41,18.53]
  [diag] values nan=0 range=[-0.8965,0.8736]
[iter  26/30] steps= 6894 rollout_wr=0.785 (ussr=0.900 us=0.670) pl=-0.0252 vl=0.1569 ent=3.661 clip=0.297 kl=0.0145 t=13.5s (rollout=10.6s update=2.9s)
  [league] self: self | ussr_pool: ['iter_0001', 'v19_scripted'] | us_pool: ['iter_0020', 'v55_scripted']
  [pfsp]
    [ussr] iter_0001: WR_ussr=0.43(n=680) WR_us=0.53(n=640) pfsp=0.982
    [ussr] v19_scripted: WR_ussr=0.96(n=231) WR_us=0.93(n=228) pfsp=0.150
    [us] iter_0020: WR_ussr=0.42(n=40) WR_us=0.50(n=120) pfsp=1.000
    [us] v55_scripted: WR_ussr=0.94(n=225) WR_us=0.94(n=262) pfsp=0.229
  [diag] inf dtype=torch.float32 shape=torch.Size([2048, 172]) nan=0 inf_vals=0 range=[0.00,61.00]
  [diag] scalar dtype=torch.float32 nan=0 range=[-0.950,1.250]
  [diag] card_logits nan=0 range=[-22.48,18.18]
  [diag] values nan=0 range=[-0.9009,0.9226]
[iter  27/30] steps= 8754 rollout_wr=0.675 (ussr=0.700 us=0.650) pl=-0.0298 vl=0.1279 ent=3.600 clip=0.290 kl=0.0104 t=15.5s (rollout=11.9s update=3.6s)
  [league] self: self | ussr_pool: ['v22_scripted', 'v45_scripted'] | us_pool: ['iter_0001', 'v44_scripted']
  [pfsp]
    [ussr] v22_scripted: WR_ussr=0.96(n=403) WR_us=?(n=0) pfsp=0.153
    [ussr] v45_scripted: WR_ussr=0.96(n=313) WR_us=?(n=0) pfsp=0.159
    [us] iter_0001: WR_ussr=0.44(n=720) WR_us=0.53(n=640) pfsp=0.997
    [us] v44_scripted: WR_ussr=?(n=0) WR_us=0.95(n=226) pfsp=0.201
  [diag] inf dtype=torch.float32 shape=torch.Size([2048, 172]) nan=0 inf_vals=0 range=[0.00,43.00]
  [diag] scalar dtype=torch.float32 nan=0 range=[-0.900,1.000]
  [diag] card_logits nan=0 range=[-21.10,17.64]
  [diag] values nan=0 range=[-0.8985,0.9140]
[iter  28/30] steps= 6750 rollout_wr=0.750 (ussr=0.840 us=0.660) pl=-0.0252 vl=0.1401 ent=3.738 clip=0.247 kl=0.0086 t=11.8s (rollout=9.1s update=2.7s)
  [league] self: self | ussr_pool: ['iter_0020', 'v48_scripted'] | us_pool: ['iter_0010', 'iter_0001']
  [pfsp]
    [ussr] iter_0020: WR_ussr=0.42(n=40) WR_us=0.47(n=160) pfsp=0.977
    [ussr] v48_scripted: WR_ussr=0.96(n=212) WR_us=0.96(n=247) pfsp=0.145
    [us] iter_0010: WR_ussr=0.47(n=200) WR_us=0.49(n=440) pfsp=1.000
    [us] iter_0001: WR_ussr=0.44(n=720) WR_us=0.52(n=680) pfsp=0.998
  [diag] inf dtype=torch.float32 shape=torch.Size([2048, 172]) nan=0 inf_vals=0 range=[0.00,46.00]
  [diag] scalar dtype=torch.float32 nan=0 range=[-0.950,1.000]
  [diag] card_logits nan=0 range=[-21.57,19.09]
  [diag] values nan=0 range=[-0.9177,0.9469]
[iter  29/30] steps=10762 rollout_wr=0.545 (ussr=0.670 us=0.420) pl=-0.0300 vl=0.1200 ent=3.620 clip=0.284 kl=0.0116 t=17.0s (rollout=12.8s update=4.2s)
  Saved to league pool: data/checkpoints/ppo_v196_sc_league/iter_0030.pt
  [league] self: self | ussr_pool: ['v21_scripted', 'heuristic'] | us_pool: ['iter_0010', 'iter_0020']
  [pfsp]
    [ussr] v21_scripted: WR_ussr=0.95(n=222) WR_us=0.94(n=234) pfsp=0.172
    [ussr] heuristic: WR_ussr=0.18(n=413) WR_us=0.10(n=174) pfsp=0.588
    [us] iter_0010: WR_ussr=0.47(n=200) WR_us=0.49(n=480) pfsp=1.000
    [us] iter_0020: WR_ussr=0.44(n=80) WR_us=0.47(n=160) pfsp=0.996
  [diag] inf dtype=torch.float32 shape=torch.Size([2048, 172]) nan=0 inf_vals=0 range=[0.00,47.00]
  [diag] scalar dtype=torch.float32 nan=0 range=[-1.050,1.000]
  [diag] card_logits nan=0 range=[-19.38,18.51]
  [diag] values nan=0 range=[-0.9518,0.8942]
[iter  30/30] steps=10224 rollout_wr=0.505 (ussr=0.540 us=0.470) pl=-0.0243 vl=0.1080 ent=3.740 clip=0.248 kl=0.0090 t=15.9s (rollout=12.0s update=3.9s)
  [probe] iter=30 card_jsd=0.0002 top1=0.983 val_mae=0.0877
  [confirm] launched incremental Elo check for iter 30
  [panel eval] launched pid=1042516 iter=30 panel=['v55', 'v54', 'v44', 'v45', 'v48']
wandb: updating run metadata; uploading artifact run-08048a8e-chartsrollout_wr_table-bytewg
wandb: uploading artifact run-08048a8e-chartsrollout_wr_table-bytewg
wandb: uploading media/table/charts/rollout_wr_table_29_7d7802a268dd8715badb.table.json; uploading output.log; uploading wandb-summary.json; uploading config.yaml
wandb: 
wandb: Run history:
wandb:               approx_kl ▇▆▄▃▄▂▁▁▆▃▃▅▃▂▃▄▂▃▃▁▅▆▄▃▁█▄▂▅▃
wandb:           clip_fraction ██▄▃█▅▃▁▇▄▅▆▆▃▅▅▄▂▅▂▇▆▄▆▁▇▆▃▆▃
wandb: core_scalar_weight_norm ▄▄▄▅▅▄▃▃▂▃▃▃▃▂▁▁▂▂▂▂▂▃▃▄▄▅▆▆▇█
wandb:                ent_coef ███▇▇▇▇▆▆▆▆▅▅▅▅▄▄▄▄▃▃▃▃▂▂▂▂▁▁▁
wandb:                 entropy ▆▄▃█▃▄▃▆▆▅▃▃▆▄▃▄▅▁▂▅▂▅▅▇▆▅▃▇▄▇
wandb:             iter_time_s ▂▆▄▁▆▅▅▄▄▄▃▄▆▇▇▅▄▄▅▂▆▄▄█▃▄▅▃▅▅
wandb:        meta/iter_time_s ▂▆▄▁▆▅▅▄▄▄▃▄▆▇▇▅▄▄▅▂▆▄▄█▃▄▅▃▅▅
wandb:                 n_steps ▁▆▄▁▆▆▆▄▄▄▂▄▇▇█▆▄▄▆▂▆▄▄▅▂▃▄▂▆▅
wandb:  new_scalar_weight_norm ▂▄▆▅▅▅▇█▇▆▆▆▆▅▅▅▄▂▃▅▆▅▃▃▃▃▃▂▁▃
wandb:   panel/avg_combined_wr ▁█
wandb:                    +203 ...
wandb: 
wandb: Run summary:
wandb:               approx_kl 0.00898
wandb:           clip_fraction 0.24791
wandb: core_scalar_weight_norm 4.05471
wandb:                ent_coef 0.003
wandb:                 entropy 3.74044
wandb:             iter_time_s 15.87148
wandb:        meta/iter_time_s 15.87148
wandb:                 n_steps 10224
wandb:  new_scalar_weight_norm 2.7092
wandb:   panel/avg_combined_wr 0.95208
wandb:                    +203 ...
wandb: 
wandb: 🚀 View run ppo_v196_sc at: https://wandb.ai/korduban-ai/twilight-struggle-ai/runs/08048a8e
wandb: ⭐️ View project at: https://wandb.ai/korduban-ai/twilight-struggle-ai
wandb: Synced 5 W&B file(s), 30 media file(s), 60 artifact file(s) and 0 other file(s)
wandb: Find logs at: ./wandb/run-20260413_212027-08048a8e/logs

Training complete in 7.9 minutes
Checkpoints in: data/checkpoints/ppo_v196_sc_league
[ppo_train_dynamic] finished at 2026-04-14T04:28:28Z
