[ppo_train_dynamic] starting at 2026-04-14T16:27:46Z
wandb: [wandb.login()] Loaded credentials for https://api.wandb.ai from WANDB_API_KEY.
wandb: Currently logged in as: dkorduban (korduban-ai) to https://api.wandb.ai. Use `wandb login --relogin` to force relogin
wandb: setting up run 48fd6df7
wandb: Tracking run with wandb version 0.25.1
wandb: Run data is saved locally in /home/dkord/code/twilight-struggle-ai/wandb/run-20260414_092748-48fd6df7
wandb: Run `wandb offline` to turn off syncing.
wandb: Syncing run ppo_v256_sc
wandb: ⭐️ View project at https://wandb.ai/korduban-ai/twilight-struggle-ai
wandb: 🚀 View run at https://wandb.ai/korduban-ai/twilight-struggle-ai/runs/48fd6df7
Loading checkpoint: data/checkpoints/ppo_v255_sc_league/ppo_best.pt

Starting PPO training: 30 iterations × 200 games/iter, side=both
Device: cuda, lr=5e-05, clip=0.12, ent=0.003, vf=0.5
League training enabled (pool: data/checkpoints/ppo_v256_sc_league, save-every=10)
  Saved to league pool: data/checkpoints/ppo_v256_sc_league/iter_0001.pt
  [league] self: self | ussr_pool: ['iter_0001', 'v217_sc_scripted'] | us_pool: ['iter_0001', 'v55_scripted']
  [pfsp]
    [ussr] iter_0001: WR_ussr=?(n=0) WR_us=?(n=0) pfsp=1.000
    [ussr] v217_sc_scripted: WR_ussr=0.55(n=80) WR_us=0.58(n=120) pfsp=0.990
    [us] iter_0001: WR_ussr=?(n=0) WR_us=?(n=0) pfsp=1.000
    [us] v55_scripted: WR_ussr=0.90(n=194) WR_us=0.96(n=104) pfsp=0.148
  [diag] inf dtype=torch.float32 shape=torch.Size([2048, 172]) nan=0 inf_vals=0 range=[0.00,31.00]
  [diag] scalar dtype=torch.float32 nan=0 range=[-0.950,1.000]
  [diag] card_logits nan=0 range=[-16.06,16.84]
  [diag] values nan=0 range=[-0.9668,0.9121]
[iter   1/30] steps= 4307 rollout_wr=0.615 (ussr=0.530 us=0.700) pl=-0.0275 vl=0.3072 ent=3.682 clip=0.230 kl=0.0065 t=14.6s (rollout=12.1s update=2.5s)
  [league] self: self | ussr_pool: ['v232_sc_scripted', 'v228_sc_scripted'] | us_pool: ['v217_sc_scripted', 'v48_scripted']
  [pfsp]
    [ussr] v232_sc_scripted: WR_ussr=0.48(n=240) WR_us=0.53(n=200) pfsp=0.998
    [ussr] v228_sc_scripted: WR_ussr=0.42(n=80) WR_us=0.47(n=60) pfsp=0.977
    [us] v217_sc_scripted: WR_ussr=0.55(n=120) WR_us=0.58(n=120) pfsp=0.972
    [us] v48_scripted: WR_ussr=0.93(n=42) WR_us=0.93(n=114) pfsp=0.261
  [diag] inf dtype=torch.float32 shape=torch.Size([2048, 172]) nan=0 inf_vals=0 range=[0.00,27.00]
  [diag] scalar dtype=torch.float32 nan=0 range=[-0.900,1.000]
  [diag] card_logits nan=0 range=[-15.14,18.31]
  [diag] values nan=0 range=[-0.9234,0.9196]
[iter   2/30] steps= 4256 rollout_wr=0.600 (ussr=0.500 us=0.700) pl=-0.0307 vl=0.2682 ent=3.813 clip=0.140 kl=0.0041 t=13.8s (rollout=11.9s update=2.0s)
  [league] self: self | ussr_pool: ['heuristic', 'v217_sc_scripted'] | us_pool: ['v217_sc_scripted', 'v57_scripted']
  [pfsp]
    [ussr] heuristic: WR_ussr=0.53(n=200) WR_us=0.41(n=262) pfsp=0.997
    [ussr] v217_sc_scripted: WR_ussr=0.55(n=120) WR_us=0.57(n=160) pfsp=0.990
    [us] v217_sc_scripted: WR_ussr=0.55(n=120) WR_us=0.57(n=160) pfsp=0.978
    [us] v57_scripted: WR_ussr=0.90(n=196) WR_us=0.95(n=143) pfsp=0.186
  [diag] inf dtype=torch.float32 shape=torch.Size([2048, 172]) nan=0 inf_vals=0 range=[0.00,42.00]
  [diag] scalar dtype=torch.float32 nan=0 range=[-0.950,1.000]
  [diag] card_logits nan=0 range=[-15.42,16.14]
  [diag] values nan=0 range=[-0.9665,0.9116]
[iter   3/30] steps= 4366 rollout_wr=0.570 (ussr=0.460 us=0.680) pl=-0.0257 vl=0.2747 ent=3.751 clip=0.121 kl=0.0034 t=13.8s (rollout=11.8s update=2.0s)
  [league] self: self | ussr_pool: ['v232_sc_scripted', 'heuristic'] | us_pool: ['iter_0001', 'v55_scripted']
  [pfsp]
    [ussr] v232_sc_scripted: WR_ussr=0.49(n=280) WR_us=0.53(n=200) pfsp=0.999
    [ussr] heuristic: WR_ussr=0.53(n=240) WR_us=0.41(n=262) pfsp=0.997
    [us] iter_0001: WR_ussr=0.47(n=40) WR_us=0.53(n=40) pfsp=0.997
    [us] v55_scripted: WR_ussr=0.90(n=194) WR_us=0.95(n=144) pfsp=0.185
  [diag] inf dtype=torch.float32 shape=torch.Size([2048, 172]) nan=0 inf_vals=0 range=[0.00,34.00]
  [diag] scalar dtype=torch.float32 nan=0 range=[-1.050,1.150]
  [diag] card_logits nan=0 range=[-15.35,15.78]
  [diag] values nan=0 range=[-0.9688,0.8794]
[iter   4/30] steps= 4551 rollout_wr=0.585 (ussr=0.500 us=0.670) pl=-0.0121 vl=0.2836 ent=3.756 clip=0.155 kl=0.0044 t=14.2s (rollout=12.3s update=1.9s)
  [league] self: self | ussr_pool: ['iter_0001', 'v22_scripted'] | us_pool: ['v57_scripted', 'iter_0001']
  [pfsp]
    [ussr] iter_0001: WR_ussr=0.47(n=40) WR_us=0.50(n=80) pfsp=0.997
    [ussr] v22_scripted: WR_ussr=0.91(n=112) WR_us=?(n=0) pfsp=0.325
    [us] v57_scripted: WR_ussr=0.90(n=196) WR_us=0.96(n=183) pfsp=0.167
    [us] iter_0001: WR_ussr=0.47(n=40) WR_us=0.50(n=80) pfsp=1.000
  [diag] inf dtype=torch.float32 shape=torch.Size([2048, 172]) nan=0 inf_vals=0 range=[0.00,27.00]
  [diag] scalar dtype=torch.float32 nan=0 range=[-1.100,1.000]
  [diag] card_logits nan=0 range=[-15.99,16.54]
  [diag] values nan=0 range=[-0.9709,0.9053]
[iter   5/30] steps= 3616 rollout_wr=0.755 (ussr=0.700 us=0.810) pl=-0.0103 vl=0.2954 ent=3.706 clip=0.058 kl=0.0018 t=11.4s (rollout=9.8s update=1.5s)
  [league] self: self | ussr_pool: ['iter_0001', 'iter_0001'] | us_pool: ['v44_scripted', 'iter_0001']
  [pfsp]
    [ussr] iter_0001: WR_ussr=0.54(n=80) WR_us=0.57(n=120) pfsp=0.994
    [us] v44_scripted: WR_ussr=?(n=0) WR_us=0.93(n=150) pfsp=0.272
    [us] iter_0001: WR_ussr=0.54(n=80) WR_us=0.57(n=120) pfsp=0.982
  [diag] inf dtype=torch.float32 shape=torch.Size([2048, 172]) nan=0 inf_vals=0 range=[0.00,33.00]
  [diag] scalar dtype=torch.float32 nan=0 range=[-1.150,1.250]
  [diag] card_logits nan=0 range=[-14.97,15.47]
  [diag] values nan=0 range=[-0.9605,0.9282]
[iter   6/30] steps= 4237 rollout_wr=0.535 (ussr=0.450 us=0.620) pl=-0.0454 vl=0.3023 ent=3.629 clip=0.126 kl=0.0036 t=12.8s (rollout=11.0s update=1.8s)
  [league] self: self | ussr_pool: ['v232_sc_scripted', 'iter_0001'] | us_pool: ['iter_0001', 'heuristic']
  [pfsp]
    [ussr] v232_sc_scripted: WR_ussr=0.49(n=320) WR_us=0.53(n=200) pfsp=1.000
    [ussr] iter_0001: WR_ussr=0.49(n=160) WR_us=0.54(n=160) pfsp=0.999
    [us] iter_0001: WR_ussr=0.49(n=160) WR_us=0.54(n=160) pfsp=0.994
    [us] heuristic: WR_ussr=0.53(n=280) WR_us=0.41(n=262) pfsp=0.966
  [diag] inf dtype=torch.float32 shape=torch.Size([2048, 172]) nan=0 inf_vals=0 range=[0.00,39.00]
  [diag] scalar dtype=torch.float32 nan=0 range=[-1.200,1.000]
  [diag] card_logits nan=0 range=[-15.85,17.22]
  [diag] values nan=0 range=[-0.9506,0.9272]
[iter   7/30] steps= 5067 rollout_wr=0.450 (ussr=0.440 us=0.460) pl=-0.0148 vl=0.2824 ent=3.640 clip=0.106 kl=0.0029 t=15.2s (rollout=13.0s update=2.2s)
  [league] self: self | ussr_pool: ['v57_scripted', 'v48_scripted'] | us_pool: ['v232_sc_scripted', 'iter_0001']
  [pfsp]
    [ussr] v57_scripted: WR_ussr=0.90(n=196) WR_us=0.96(n=223) pfsp=0.367
    [ussr] v48_scripted: WR_ussr=0.93(n=42) WR_us=0.94(n=154) pfsp=0.265
    [us] v232_sc_scripted: WR_ussr=0.48(n=360) WR_us=0.53(n=200) pfsp=0.996
    [us] iter_0001: WR_ussr=0.47(n=200) WR_us=0.56(n=200) pfsp=0.988
  [diag] inf dtype=torch.float32 shape=torch.Size([2048, 172]) nan=0 inf_vals=0 range=[0.00,29.00]
  [diag] scalar dtype=torch.float32 nan=0 range=[-1.000,1.000]
  [diag] card_logits nan=0 range=[-16.43,14.27]
  [diag] values nan=0 range=[-0.9468,0.9155]
[iter   8/30] steps= 3681 rollout_wr=0.660 (ussr=0.730 us=0.590) pl=-0.0106 vl=0.3408 ent=3.704 clip=0.076 kl=0.0022 t=11.6s (rollout=9.9s update=1.7s)
  [league] self: self | ussr_pool: ['v217_sc_scripted', 'iter_0001'] | us_pool: ['heuristic', 'iter_0001']
  [pfsp]
    [ussr] v217_sc_scripted: WR_ussr=0.51(n=160) WR_us=0.56(n=200) pfsp=0.999
    [ussr] iter_0001: WR_ussr=0.47(n=200) WR_us=0.55(n=240) pfsp=0.995
    [us] heuristic: WR_ussr=0.53(n=280) WR_us=0.40(n=302) pfsp=0.961
    [us] iter_0001: WR_ussr=0.47(n=200) WR_us=0.55(n=240) pfsp=0.990
  [diag] inf dtype=torch.float32 shape=torch.Size([2048, 172]) nan=0 inf_vals=0 range=[0.00,33.00]
  [diag] scalar dtype=torch.float32 nan=0 range=[-1.450,1.000]
  [diag] card_logits nan=0 range=[-15.57,16.04]
  [diag] values nan=0 range=[-0.9681,0.9136]
[iter   9/30] steps= 4849 rollout_wr=0.485 (ussr=0.500 us=0.470) pl=-0.0153 vl=0.2820 ent=3.662 clip=0.142 kl=0.0045 t=15.6s (rollout=13.4s update=2.1s)
  Saved to league pool: data/checkpoints/ppo_v256_sc_league/iter_0010.pt
  [league] self: self | ussr_pool: ['iter_0001', 'v57_scripted'] | us_pool: ['v55_scripted', 'iter_0001']
  [pfsp]
    [ussr] iter_0001: WR_ussr=0.50(n=240) WR_us=0.54(n=280) pfsp=1.000
    [ussr] v57_scripted: WR_ussr=0.90(n=236) WR_us=0.96(n=223) pfsp=0.365
    [us] v55_scripted: WR_ussr=0.90(n=194) WR_us=0.94(n=184) pfsp=0.225
    [us] iter_0001: WR_ussr=0.50(n=240) WR_us=0.54(n=280) pfsp=0.993
  [diag] inf dtype=torch.float32 shape=torch.Size([2048, 172]) nan=0 inf_vals=0 range=[0.00,29.00]
  [diag] scalar dtype=torch.float32 nan=0 range=[-1.100,1.000]
  [diag] card_logits nan=0 range=[-16.02,15.62]
  [diag] values nan=0 range=[-0.9487,0.8726]
[iter  10/30] steps= 3670 rollout_wr=0.678 (ussr=0.640 us=0.717) pl=-0.0132 vl=0.3093 ent=3.632 clip=0.106 kl=0.0028 t=12.0s (rollout=10.5s update=1.5s)
  [confirm] launched incremental Elo check for iter 10
  [panel eval] launched pid=1345874 iter=10 panel=['v55', 'v54', 'v44', 'v45', 'v48']
  [league] self: self | ussr_pool: ['v55_scripted', 'v228_sc_scripted'] | us_pool: ['iter_0010', 'v217_sc_scripted']
  [pfsp]
    [ussr] v55_scripted: WR_ussr=0.90(n=194) WR_us=0.93(n=223) pfsp=0.370
    [ussr] v228_sc_scripted: WR_ussr=0.42(n=120) WR_us=0.47(n=60) pfsp=0.972
    [us] iter_0010: WR_ussr=?(n=0) WR_us=?(n=0) pfsp=1.000
    [us] v217_sc_scripted: WR_ussr=0.49(n=200) WR_us=0.56(n=200) pfsp=0.988
  [diag] inf dtype=torch.float32 shape=torch.Size([2048, 172]) nan=0 inf_vals=0 range=[0.00,28.00]
  [diag] scalar dtype=torch.float32 nan=0 range=[-1.000,1.000]
  [diag] card_logits nan=0 range=[-15.87,17.27]
  [diag] values nan=0 range=[-0.9448,0.9303]
[iter  11/30] steps= 4019 rollout_wr=0.625 (ussr=0.700 us=0.550) pl=-0.0109 vl=0.2987 ent=3.655 clip=0.061 kl=0.0019 t=14.0s (rollout=12.4s update=1.7s)
  [panel eval iter 10] avg=0.949 elapsed=15s: v55=0.950 | v54=0.950 | v44=0.967 | v45=0.950 | v48=0.933
  [panel eval] NEW HIGH-WATER MARK iter=10 avg_wr=0.9493 → ppo_running_best.pt (provenance: ppo_iter0010.pt)
  [league] self: self | ussr_pool: ['heuristic', 'iter_0001'] | us_pool: ['iter_0001', 'v55_scripted']
  [pfsp]
    [ussr] heuristic: WR_ussr=0.53(n=280) WR_us=0.41(n=342) pfsp=0.997
    [ussr] iter_0001: WR_ussr=0.49(n=280) WR_us=0.55(n=320) pfsp=0.999
    [us] iter_0001: WR_ussr=0.49(n=280) WR_us=0.55(n=320) pfsp=0.991
    [us] v55_scripted: WR_ussr=0.89(n=234) WR_us=0.93(n=223) pfsp=0.251
  [diag] inf dtype=torch.float32 shape=torch.Size([2048, 172]) nan=0 inf_vals=0 range=[0.00,42.00]
  [diag] scalar dtype=torch.float32 nan=0 range=[-0.950,1.100]
  [diag] card_logits nan=0 range=[-16.37,16.36]
  [diag] values nan=0 range=[-0.9635,0.9224]
[iter  12/30] steps= 4407 rollout_wr=0.615 (ussr=0.570 us=0.660) pl=-0.0186 vl=0.2834 ent=3.706 clip=0.115 kl=0.0033 t=14.8s (rollout=12.8s update=2.0s)
  [league] self: self | ussr_pool: ['v232_sc_scripted', 'v217_sc_scripted'] | us_pool: ['iter_0010', 'iter_0001']
  [pfsp]
    [ussr] v232_sc_scripted: WR_ussr=0.48(n=360) WR_us=0.55(n=240) pfsp=0.998
    [ussr] v217_sc_scripted: WR_ussr=0.49(n=200) WR_us=0.58(n=240) pfsp=1.000
    [us] iter_0010: WR_ussr=?(n=0) WR_us=0.45(n=40) pfsp=0.990
    [us] iter_0001: WR_ussr=0.49(n=320) WR_us=0.54(n=360) pfsp=0.992
  [diag] inf dtype=torch.float32 shape=torch.Size([2048, 172]) nan=0 inf_vals=0 range=[0.00,29.00]
  [diag] scalar dtype=torch.float32 nan=0 range=[-0.950,1.000]
  [diag] card_logits nan=0 range=[-16.49,16.30]
  [diag] values nan=0 range=[-0.9553,0.9028]
[iter  13/30] steps= 5101 rollout_wr=0.525 (ussr=0.490 us=0.560) pl=-0.0165 vl=0.2757 ent=3.710 clip=0.125 kl=0.0036 t=16.7s (rollout=14.7s update=2.0s)
  [league] self: self | ussr_pool: ['iter_0001', 'v228_sc_scripted'] | us_pool: ['v44_scripted', 'iter_0010']
  [pfsp]
    [ussr] iter_0001: WR_ussr=0.49(n=320) WR_us=0.55(n=400) pfsp=1.000
    [ussr] v228_sc_scripted: WR_ussr=0.44(n=160) WR_us=0.47(n=60) pfsp=0.987
    [us] v44_scripted: WR_ussr=?(n=0) WR_us=0.93(n=190) pfsp=0.273
    [us] iter_0010: WR_ussr=?(n=0) WR_us=0.55(n=80) pfsp=0.990
  [diag] inf dtype=torch.float32 shape=torch.Size([2048, 172]) nan=0 inf_vals=0 range=[0.00,32.00]
  [diag] scalar dtype=torch.float32 nan=0 range=[-0.950,1.000]
  [diag] card_logits nan=0 range=[-15.88,17.56]
  [diag] values nan=0 range=[-0.9528,0.9046]
[iter  14/30] steps= 4325 rollout_wr=0.653 (ussr=0.570 us=0.737) pl=-0.0195 vl=0.2785 ent=3.575 clip=0.119 kl=0.0034 t=14.5s (rollout=12.5s update=2.0s)
  [league] self: self | ussr_pool: ['v22_scripted', 'v48_scripted'] | us_pool: ['v232_sc_scripted', 'v228_sc_scripted']
  [pfsp]
    [ussr] v22_scripted: WR_ussr=0.89(n=152) WR_us=?(n=0) pfsp=0.377
    [ussr] v48_scripted: WR_ussr=0.84(n=82) WR_us=0.94(n=154) pfsp=0.534
    [us] v232_sc_scripted: WR_ussr=0.49(n=400) WR_us=0.55(n=240) pfsp=0.990
    [us] v228_sc_scripted: WR_ussr=0.46(n=200) WR_us=0.47(n=60) pfsp=0.996
  [diag] inf dtype=torch.float32 shape=torch.Size([2048, 172]) nan=0 inf_vals=0 range=[0.00,31.00]
  [diag] scalar dtype=torch.float32 nan=0 range=[-0.900,1.300]
  [diag] card_logits nan=0 range=[-16.42,13.44]
  [diag] values nan=0 range=[-0.9456,0.9150]
[iter  15/30] steps= 3606 rollout_wr=0.655 (ussr=0.830 us=0.480) pl=-0.0125 vl=0.3416 ent=3.577 clip=0.077 kl=0.0023 t=11.5s (rollout=9.8s update=1.7s)
  [league] self: self | ussr_pool: ['v232_sc_scripted', 'iter_0001'] | us_pool: ['v228_sc_scripted', 'iter_0010']
  [pfsp]
    [ussr] v232_sc_scripted: WR_ussr=0.49(n=400) WR_us=0.54(n=280) pfsp=1.000
    [ussr] iter_0001: WR_ussr=0.50(n=360) WR_us=0.55(n=400) pfsp=1.000
    [us] v228_sc_scripted: WR_ussr=0.46(n=200) WR_us=0.49(n=100) pfsp=1.000
    [us] iter_0010: WR_ussr=?(n=0) WR_us=0.55(n=120) pfsp=0.990
  [diag] inf dtype=torch.float32 shape=torch.Size([2048, 172]) nan=0 inf_vals=0 range=[0.00,28.00]
  [diag] scalar dtype=torch.float32 nan=0 range=[-1.400,1.200]
  [diag] card_logits nan=0 range=[-16.83,15.94]
  [diag] values nan=0 range=[-0.9527,0.8929]
[iter  16/30] steps= 5080 rollout_wr=0.480 (ussr=0.390 us=0.570) pl=-0.0182 vl=0.2728 ent=3.567 clip=0.112 kl=0.0032 t=16.4s (rollout=14.3s update=2.1s)
  [league] self: self | ussr_pool: ['iter_0001', 'iter_0001'] | us_pool: ['iter_0001', 'v228_sc_scripted']
  [pfsp]
    [ussr] iter_0001: WR_ussr=0.48(n=400) WR_us=0.55(n=400) pfsp=0.999
    [us] iter_0001: WR_ussr=0.48(n=400) WR_us=0.55(n=400) pfsp=0.990
    [us] v228_sc_scripted: WR_ussr=0.46(n=200) WR_us=0.52(n=140) pfsp=0.998
  [diag] inf dtype=torch.float32 shape=torch.Size([2048, 172]) nan=0 inf_vals=0 range=[0.00,30.00]
  [diag] scalar dtype=torch.float32 nan=0 range=[-0.950,1.000]
  [diag] card_logits nan=0 range=[-16.12,15.38]
  [diag] values nan=0 range=[-0.9455,0.9198]
[iter  17/30] steps= 4495 rollout_wr=0.560 (ussr=0.580 us=0.540) pl=-0.0181 vl=0.2953 ent=3.502 clip=0.110 kl=0.0031 t=14.6s (rollout=12.7s update=1.9s)
  [league] self: self | ussr_pool: ['iter_0010', 'v22_scripted'] | us_pool: ['iter_0001', 'iter_0010']
  [pfsp]
    [ussr] iter_0010: WR_ussr=?(n=0) WR_us=0.55(n=160) pfsp=1.000
    [ussr] v22_scripted: WR_ussr=0.90(n=192) WR_us=?(n=0) pfsp=0.373
    [us] iter_0001: WR_ussr=0.50(n=480) WR_us=0.56(n=440) pfsp=0.986
    [us] iter_0010: WR_ussr=?(n=0) WR_us=0.55(n=160) pfsp=0.990
  [diag] inf dtype=torch.float32 shape=torch.Size([2048, 172]) nan=0 inf_vals=0 range=[0.00,27.00]
  [diag] scalar dtype=torch.float32 nan=0 range=[-0.950,1.450]
  [diag] card_logits nan=0 range=[-16.83,17.48]
  [diag] values nan=0 range=[-0.9452,0.9035]
[iter  18/30] steps= 4431 rollout_wr=0.635 (ussr=0.710 us=0.560) pl=-0.0156 vl=0.2967 ent=3.543 clip=0.144 kl=0.0047 t=14.3s (rollout=12.5s update=1.8s)
  [league] self: self | ussr_pool: ['iter_0001', 'iter_0010'] | us_pool: ['iter_0010', 'iter_0010']
  [pfsp]
    [ussr] iter_0001: WR_ussr=0.50(n=480) WR_us=0.56(n=480) pfsp=1.000
    [ussr] iter_0010: WR_ussr=0.53(n=40) WR_us=0.55(n=200) pfsp=0.997
    [us] iter_0010: WR_ussr=0.53(n=40) WR_us=0.55(n=200) pfsp=0.990
  [diag] inf dtype=torch.float32 shape=torch.Size([2048, 172]) nan=0 inf_vals=0 range=[0.00,31.00]
  [diag] scalar dtype=torch.float32 nan=0 range=[-0.950,1.000]
  [diag] card_logits nan=0 range=[-16.88,15.03]
  [diag] values nan=0 range=[-0.9444,0.9112]
[iter  19/30] steps= 5168 rollout_wr=0.480 (ussr=0.460 us=0.500) pl=-0.0117 vl=0.2728 ent=3.573 clip=0.125 kl=0.0034 t=17.0s (rollout=14.8s update=2.2s)
  Saved to league pool: data/checkpoints/ppo_v256_sc_league/iter_0020.pt
  [league] self: self | ussr_pool: ['v232_sc_scripted', 'iter_0010'] | us_pool: ['iter_0001', 'iter_0001']
  [pfsp]
    [ussr] v232_sc_scripted: WR_ussr=0.48(n=440) WR_us=0.54(n=280) pfsp=0.999
    [ussr] iter_0010: WR_ussr=0.50(n=80) WR_us=0.53(n=280) pfsp=1.000
    [us] iter_0001: WR_ussr=0.50(n=520) WR_us=0.56(n=480) pfsp=0.984
  [diag] inf dtype=torch.float32 shape=torch.Size([2048, 172]) nan=0 inf_vals=0 range=[0.00,29.00]
  [diag] scalar dtype=torch.float32 nan=0 range=[-1.300,1.000]
  [diag] card_logits nan=0 range=[-16.22,16.60]
  [diag] values nan=0 range=[-0.9519,0.8965]
[iter  20/30] steps= 4882 rollout_wr=0.530 (ussr=0.460 us=0.600) pl=-0.0229 vl=0.2849 ent=3.591 clip=0.099 kl=0.0029 t=16.8s (rollout=14.7s update=2.1s)
  [jsd] iter=20 prev_iter=10 card_jsd=0.0066 top1=0.929 val_mae=0.0486
  [confirm] launched incremental Elo check for iter 20
  [panel eval] launched pid=1346143 iter=20 panel=['v55', 'v54', 'v44', 'v45', 'v48']
  [league] self: self | ussr_pool: ['v48_scripted', 'iter_0020'] | us_pool: ['v44_scripted', 'v217_sc_scripted']
  [pfsp]
    [ussr] v48_scripted: WR_ussr=0.85(n=122) WR_us=0.94(n=154) pfsp=0.503
    [ussr] iter_0020: WR_ussr=?(n=0) WR_us=?(n=0) pfsp=1.000
    [us] v44_scripted: WR_ussr=?(n=0) WR_us=0.93(n=229) pfsp=0.245
    [us] v217_sc_scripted: WR_ussr=0.49(n=240) WR_us=0.58(n=240) pfsp=0.975
  [diag] inf dtype=torch.float32 shape=torch.Size([2048, 172]) nan=0 inf_vals=0 range=[0.00,27.00]
  [diag] scalar dtype=torch.float32 nan=0 range=[-0.950,1.000]
  [diag] card_logits nan=0 range=[-16.59,15.77]
  [diag] values nan=0 range=[-0.9340,0.8800]
[iter  21/30] steps= 3350 rollout_wr=0.785 (ussr=0.740 us=0.830) pl=-0.0118 vl=0.3079 ent=3.543 clip=0.069 kl=0.0021 t=13.4s (rollout=11.8s update=1.6s)
  [panel eval iter 20] avg=0.981 elapsed=14s: v55=0.983 | v54=0.967 | v44=0.967 | v45=0.983 | v48=1.000
  [panel eval] NEW HIGH-WATER MARK iter=20 avg_wr=0.9806 → ppo_running_best.pt (provenance: ppo_iter0020.pt)
  [league] self: self | ussr_pool: ['iter_0020', 'v57_scripted'] | us_pool: ['heuristic', 'v44_scripted']
  [pfsp]
    [ussr] iter_0020: WR_ussr=0.55(n=40) WR_us=?(n=0) pfsp=0.990
    [ussr] v57_scripted: WR_ussr=0.91(n=276) WR_us=0.96(n=223) pfsp=0.330
    [us] heuristic: WR_ussr=0.54(n=320) WR_us=0.41(n=342) pfsp=0.965
    [us] v44_scripted: WR_ussr=?(n=0) WR_us=0.94(n=269) pfsp=0.224
  [diag] inf dtype=torch.float32 shape=torch.Size([2048, 172]) nan=0 inf_vals=0 range=[0.00,40.00]
  [diag] scalar dtype=torch.float32 nan=0 range=[-1.000,1.000]
  [diag] card_logits nan=0 range=[-16.37,16.44]
  [diag] values nan=0 range=[-0.9313,0.9193]
[iter  22/30] steps= 3770 rollout_wr=0.683 (ussr=0.680 us=0.687) pl=-0.0121 vl=0.2783 ent=3.602 clip=0.071 kl=0.0020 t=13.6s (rollout=12.0s update=1.7s)
  [league] self: self | ussr_pool: ['iter_0020', 'v55_scripted'] | us_pool: ['v228_sc_scripted', 'heuristic']
  [pfsp]
    [ussr] iter_0020: WR_ussr=0.53(n=80) WR_us=?(n=0) pfsp=0.997
    [ussr] v55_scripted: WR_ussr=0.89(n=234) WR_us=0.94(n=263) pfsp=0.382
    [us] v228_sc_scripted: WR_ussr=0.46(n=200) WR_us=0.49(n=180) pfsp=1.000
    [us] heuristic: WR_ussr=0.54(n=320) WR_us=0.41(n=382) pfsp=0.970
  [diag] inf dtype=torch.float32 shape=torch.Size([2048, 172]) nan=0 inf_vals=0 range=[0.00,36.00]
  [diag] scalar dtype=torch.float32 nan=0 range=[-1.000,1.000]
  [diag] card_logits nan=0 range=[-16.12,16.13]
  [diag] values nan=0 range=[-0.9342,0.9243]
[iter  23/30] steps= 4358 rollout_wr=0.620 (ussr=0.770 us=0.470) pl=-0.0159 vl=0.2920 ent=3.527 clip=0.161 kl=0.0048 t=14.7s (rollout=12.9s update=1.9s)
  [league] self: self | ussr_pool: ['v228_sc_scripted', 'iter_0020'] | us_pool: ['v228_sc_scripted', 'v217_sc_scripted']
  [pfsp]
    [ussr] v228_sc_scripted: WR_ussr=0.46(n=200) WR_us=0.49(n=220) pfsp=0.994
    [ussr] iter_0020: WR_ussr=0.58(n=120) WR_us=?(n=0) pfsp=0.972
    [us] v228_sc_scripted: WR_ussr=0.46(n=200) WR_us=0.49(n=220) pfsp=0.999
    [us] v217_sc_scripted: WR_ussr=0.49(n=240) WR_us=0.60(n=280) pfsp=0.963
  [diag] inf dtype=torch.float32 shape=torch.Size([2048, 172]) nan=0 inf_vals=0 range=[0.00,31.00]
  [diag] scalar dtype=torch.float32 nan=0 range=[-0.950,1.000]
  [diag] card_logits nan=0 range=[-16.08,14.38]
  [diag] values nan=0 range=[-0.9358,0.9186]
[iter  24/30] steps= 5015 rollout_wr=0.490 (ussr=0.440 us=0.540) pl=-0.0154 vl=0.2864 ent=3.561 clip=0.106 kl=0.0032 t=17.7s (rollout=15.7s update=2.0s)
  [league] self: self | ussr_pool: ['v228_sc_scripted', 'iter_0001'] | us_pool: ['heuristic', 'v48_scripted']
  [pfsp]
    [ussr] v228_sc_scripted: WR_ussr=0.46(n=240) WR_us=0.49(n=260) pfsp=0.994
    [ussr] iter_0001: WR_ussr=0.50(n=520) WR_us=0.58(n=560) pfsp=1.000
    [us] heuristic: WR_ussr=0.54(n=320) WR_us=0.42(n=422) pfsp=0.974
    [us] v48_scripted: WR_ussr=0.89(n=162) WR_us=0.94(n=154) pfsp=0.243
  [diag] inf dtype=torch.float32 shape=torch.Size([2048, 172]) nan=0 inf_vals=0 range=[0.00,31.00]
  [diag] scalar dtype=torch.float32 nan=0 range=[-1.200,1.000]
  [diag] card_logits nan=0 range=[-15.86,16.43]
  [diag] values nan=0 range=[-0.9239,0.9022]
[iter  25/30] steps= 4351 rollout_wr=0.628 (ussr=0.640 us=0.616) pl=0.0024 vl=0.2799 ent=3.667 clip=0.116 kl=0.0036 t=15.5s (rollout=13.6s update=1.9s)
  [league] self: self | ussr_pool: ['v45_scripted', 'iter_0010'] | us_pool: ['iter_0020', 'iter_0001']
  [pfsp]
    [ussr] v45_scripted: WR_ussr=0.89(n=184) WR_us=?(n=0) pfsp=0.404
    [ussr] iter_0010: WR_ussr=0.49(n=120) WR_us=0.53(n=280) pfsp=1.000
    [us] iter_0020: WR_ussr=0.53(n=160) WR_us=?(n=0) pfsp=1.000
    [us] iter_0001: WR_ussr=0.51(n=560) WR_us=0.58(n=560) pfsp=0.976
  [diag] inf dtype=torch.float32 shape=torch.Size([2048, 172]) nan=0 inf_vals=0 range=[0.00,30.00]
  [diag] scalar dtype=torch.float32 nan=0 range=[-0.950,1.000]
  [diag] card_logits nan=0 range=[-16.76,14.70]
  [diag] values nan=0 range=[-0.9403,0.8863]
[iter  26/30] steps= 4251 rollout_wr=0.615 (ussr=0.670 us=0.560) pl=-0.0029 vl=0.2799 ent=3.677 clip=0.121 kl=0.0035 t=16.3s (rollout=14.5s update=1.8s)
  [league] self: self | ussr_pool: ['iter_0010', 'iter_0010'] | us_pool: ['v217_sc_scripted', 'iter_0001']
  [pfsp]
    [ussr] iter_0010: WR_ussr=0.49(n=160) WR_us=0.53(n=280) pfsp=1.000
    [us] v217_sc_scripted: WR_ussr=0.49(n=240) WR_us=0.60(n=320) pfsp=0.957
    [us] iter_0001: WR_ussr=0.51(n=560) WR_us=0.58(n=600) pfsp=0.973
  [diag] inf dtype=torch.float32 shape=torch.Size([2048, 172]) nan=0 inf_vals=0 range=[0.00,29.00]
  [diag] scalar dtype=torch.float32 nan=0 range=[-1.050,1.000]
  [diag] card_logits nan=0 range=[-16.20,17.03]
  [diag] values nan=0 range=[-0.9302,0.8869]
[iter  27/30] steps= 4560 rollout_wr=0.570 (ussr=0.540 us=0.600) pl=-0.0125 vl=0.2689 ent=3.610 clip=0.116 kl=0.0032 t=17.5s (rollout=15.5s update=2.0s)
  [league] self: self | ussr_pool: ['iter_0020', 'v217_sc_scripted'] | us_pool: ['iter_0001', 'v232_sc_scripted']
  [pfsp]
    [ussr] iter_0020: WR_ussr=0.53(n=160) WR_us=0.50(n=40) pfsp=0.996
    [ussr] v217_sc_scripted: WR_ussr=0.49(n=240) WR_us=0.61(n=360) pfsp=1.000
    [us] iter_0001: WR_ussr=0.51(n=560) WR_us=0.58(n=640) pfsp=0.973
    [us] v232_sc_scripted: WR_ussr=0.48(n=480) WR_us=0.54(n=280) pfsp=0.995
  [diag] inf dtype=torch.float32 shape=torch.Size([2048, 172]) nan=0 inf_vals=0 range=[0.00,38.00]
  [diag] scalar dtype=torch.float32 nan=0 range=[-0.900,1.200]
  [diag] card_logits nan=0 range=[-16.71,15.58]
  [diag] values nan=0 range=[-0.9533,0.9155]
[iter  28/30] steps= 5027 rollout_wr=0.560 (ussr=0.540 us=0.580) pl=-0.0186 vl=0.2606 ent=3.616 clip=0.107 kl=0.0029 t=17.8s (rollout=15.6s update=2.2s)
  [league] self: self | ussr_pool: ['v217_sc_scripted', 'v48_scripted'] | us_pool: ['v217_sc_scripted', 'v217_sc_scripted']
  [pfsp]
    [ussr] v217_sc_scripted: WR_ussr=0.49(n=280) WR_us=0.61(n=360) pfsp=0.999
    [ussr] v48_scripted: WR_ussr=0.89(n=162) WR_us=0.94(n=193) pfsp=0.395
    [us] v217_sc_scripted: WR_ussr=0.49(n=280) WR_us=0.61(n=360) pfsp=0.951
  [diag] inf dtype=torch.float32 shape=torch.Size([2048, 172]) nan=0 inf_vals=0 range=[0.00,41.00]
  [diag] scalar dtype=torch.float32 nan=0 range=[-1.050,1.000]
  [diag] card_logits nan=0 range=[-15.98,16.14]
  [diag] values nan=0 range=[-0.9633,0.9486]
[iter  29/30] steps= 3962 rollout_wr=0.600 (ussr=0.690 us=0.510) pl=-0.0093 vl=0.2993 ent=3.590 clip=0.057 kl=0.0017 t=13.9s (rollout=12.2s update=1.7s)
  Saved to league pool: data/checkpoints/ppo_v256_sc_league/iter_0030.pt
  [league] self: self | ussr_pool: ['v48_scripted', 'heuristic'] | us_pool: ['v44_scripted', 'v232_sc_scripted']
  [pfsp]
    [ussr] v48_scripted: WR_ussr=0.91(n=202) WR_us=0.94(n=193) pfsp=0.341
    [ussr] heuristic: WR_ussr=0.54(n=320) WR_us=0.41(n=462) pfsp=0.992
    [us] v44_scripted: WR_ussr=?(n=0) WR_us=0.95(n=308) pfsp=0.197
    [us] v232_sc_scripted: WR_ussr=0.48(n=480) WR_us=0.54(n=320) pfsp=0.994
  [diag] inf dtype=torch.float32 shape=torch.Size([2048, 172]) nan=0 inf_vals=0 range=[0.00,45.00]
  [diag] scalar dtype=torch.float32 nan=0 range=[-1.400,1.400]
  [diag] card_logits nan=0 range=[-16.08,15.84]
  [diag] values nan=0 range=[-0.9452,0.9190]
[iter  30/30] steps= 3550 rollout_wr=0.695 (ussr=0.730 us=0.660) pl=-0.0128 vl=0.3002 ent=3.645 clip=0.097 kl=0.0028 t=12.2s (rollout=10.6s update=1.6s)
  [jsd] iter=30 prev_iter=20 card_jsd=0.0077 top1=0.917 val_mae=0.0786
  [confirm] launched incremental Elo check for iter 30
  [panel eval] launched pid=1346462 iter=30 panel=['v55', 'v54', 'v44', 'v45', 'v48']
wandb: updating run metadata; uploading artifact run-48fd6df7-chartsrollout_wr_table-f0q3fw
wandb: uploading artifact run-48fd6df7-chartsrollout_wr_table-f0q3fw
wandb: uploading wandb-summary.json; uploading config.yaml; uploading media/table/charts/rollout_wr_table_29_baa4205e2aec62fa722b.table.json; uploading output.log
wandb: uploading history steps 28-29, summary, console lines 337-347
wandb: 
wandb: Run history:
wandb:               approx_kl █▅▃▅▁▄▃▂▅▃▁▃▄▃▂▃▃▅▃▃▂▁▆▃▄▄▃▃▁▃
wandb:           clip_fraction █▄▄▅▁▄▃▂▄▃▁▃▄▄▂▃▃▅▄▃▁▂▅▃▃▄▃▃▁▃
wandb: core_scalar_weight_norm ▂▂▂▁▁▁▁▂▂▂▂▂▂▂▂▃▃▄▄▅▅▅▅▅▆▇██▇▆
wandb:                ent_coef ▁▁▁▁▁▁▁▁▁▁▁▁▁▁▁▁▁▁▁▁▁▁▁▁▁▁▁▁▁▁
wandb:                 entropy ▅█▇▇▆▄▄▆▅▄▄▆▆▃▃▂▁▂▃▃▂▃▂▂▅▅▃▄▃▄
wandb:             iter_time_s ▄▄▄▄▁▃▅▁▆▂▄▅▇▄▁▆▄▄▇▇▃▃▅█▅▆██▄▂
wandb:  jsd/card_early_vs_prev ▁█
wandb:   jsd/card_late_vs_prev ▁█
wandb:    jsd/card_mid_vs_prev ▁█
wandb:        jsd/card_vs_prev ▁█
wandb:                    +208 ...
wandb: 
wandb: Run summary:
wandb:               approx_kl 0.00278
wandb:           clip_fraction 0.09716
wandb: core_scalar_weight_norm 4.04989
wandb:                ent_coef 0.003
wandb:                 entropy 3.64515
wandb:             iter_time_s 12.15111
wandb:  jsd/card_early_vs_prev 0.00946
wandb:   jsd/card_late_vs_prev 0.00566
wandb:    jsd/card_mid_vs_prev 0.0081
wandb:        jsd/card_vs_prev 0.00774
wandb:                    +208 ...
wandb: 
wandb: 🚀 View run ppo_v256_sc at: https://wandb.ai/korduban-ai/twilight-struggle-ai/runs/48fd6df7
wandb: ⭐️ View project at: https://wandb.ai/korduban-ai/twilight-struggle-ai
wandb: Synced 5 W&B file(s), 30 media file(s), 60 artifact file(s) and 0 other file(s)
wandb: Find logs at: ./wandb/run-20260414_092748-48fd6df7/logs

Training complete in 7.6 minutes
Checkpoints in: data/checkpoints/ppo_v256_sc_league
[ppo_train_dynamic] finished at 2026-04-14T16:35:31Z
