[ppo_train_dynamic] starting at 2026-04-13T16:42:20Z
wandb: [wandb.login()] Loaded credentials for https://api.wandb.ai from WANDB_API_KEY.
wandb: Currently logged in as: dkorduban (korduban-ai) to https://api.wandb.ai. Use `wandb login --relogin` to force relogin
wandb: setting up run 995d2761
wandb: Tracking run with wandb version 0.25.1
wandb: Run data is saved locally in /home/dkord/code/twilight-struggle-ai/wandb/run-20260413_094222-995d2761
wandb: Run `wandb offline` to turn off syncing.
wandb: Syncing run ppo_v93_sc
wandb: ⭐️ View project at https://wandb.ai/korduban-ai/twilight-struggle-ai
wandb: 🚀 View run at https://wandb.ai/korduban-ai/twilight-struggle-ai/runs/995d2761
[tracking] log_experiment_start failed: cannot access local variable 'sys' where it is not associated with a value
Loading checkpoint: data/checkpoints/ppo_v92_sc_league/ppo_best.pt
[smoke test] Smoke test passed: 10 games completed
  --reset-optimizer: skipping optimizer state restore, starting fresh Adam.

Starting PPO training: 30 iterations × 200 games/iter, side=both
Device: cuda, lr=2e-05, clip=0.12, ent=0.01, vf=0.5
League training enabled (pool: data/checkpoints/ppo_v93_sc_league, save-every=10)
  Saved to league pool: data/checkpoints/ppo_v93_sc_league/iter_0001.pt
  [league] self: self | ussr_pool: ['iter_0001', 'v20_scripted'] | us_pool: ['v49_scripted', 'iter_0001']
  [pfsp]
    [ussr] iter_0001: WR_ussr=?(n=0) WR_us=?(n=0) pfsp=1.000
    [ussr] v20_scripted: WR_ussr=0.48(n=88) WR_us=0.69(n=167) pfsp=0.998
    [us] v49_scripted: WR_ussr=?(n=0) WR_us=0.64(n=149) pfsp=0.917
    [us] iter_0001: WR_ussr=?(n=0) WR_us=?(n=0) pfsp=1.000
  [diag] inf dtype=torch.float32 shape=torch.Size([2048, 172]) nan=0 inf_vals=0 range=[0.00,27.00]
  [diag] scalar dtype=torch.float32 nan=0 range=[-0.800,1.000]
  [diag] card_logits nan=0 range=[-15.62,12.61]
  [diag] values nan=0 range=[-0.5217,0.5607]
[iter   1/30] steps= 2288 rollout_wr=0.550 (ussr=0.500 us=0.600) pl=-0.0219 vl=0.4950 ent=3.867 clip=0.059 kl=0.0016 t=5.1s (rollout=3.7s update=1.4s)
  [league] self: self | ussr_pool: ['v45_scripted', 'iter_0001'] | us_pool: ['v20_scripted', 'v18_scripted']
  [pfsp]
    [ussr] v45_scripted: WR_ussr=0.54(n=167) WR_us=0.67(n=226) pfsp=0.994
    [ussr] iter_0001: WR_ussr=0.50(n=40) WR_us=0.47(n=40) pfsp=1.000
    [us] v20_scripted: WR_ussr=0.51(n=128) WR_us=0.69(n=167) pfsp=0.849
    [us] v18_scripted: WR_ussr=?(n=0) WR_us=0.67(n=73) pfsp=0.883
  [diag] inf dtype=torch.float32 shape=torch.Size([2048, 172]) nan=0 inf_vals=0 range=[0.00,19.00]
  [diag] scalar dtype=torch.float32 nan=0 range=[-0.850,1.000]
  [diag] card_logits nan=0 range=[-14.37,12.72]
  [diag] values nan=0 range=[-0.5014,0.5464]
[iter   2/30] steps= 2228 rollout_wr=0.600 (ussr=0.470 us=0.730) pl=0.0013 vl=0.4622 ent=3.819 clip=0.044 kl=0.0013 t=4.4s (rollout=3.4s update=1.0s)
  [league] self: self | ussr_pool: ['v48_scripted', 'v21_scripted'] | us_pool: ['v21_scripted', 'v20_scripted']
  [pfsp]
    [ussr] v48_scripted: WR_ussr=0.53(n=232) WR_us=?(n=0) pfsp=0.997
    [ussr] v21_scripted: WR_ussr=0.48(n=116) WR_us=0.71(n=185) pfsp=0.999
    [us] v21_scripted: WR_ussr=0.48(n=116) WR_us=0.71(n=185) pfsp=0.827
    [us] v20_scripted: WR_ussr=0.51(n=128) WR_us=0.70(n=207) pfsp=0.847
  [diag] inf dtype=torch.float32 shape=torch.Size([2048, 172]) nan=0 inf_vals=0 range=[0.00,29.00]
  [diag] scalar dtype=torch.float32 nan=0 range=[-0.600,1.000]
  [diag] card_logits nan=0 range=[-14.88,14.36]
  [diag] values nan=0 range=[-0.6126,0.5540]
[iter   3/30] steps= 2198 rollout_wr=0.535 (ussr=0.390 us=0.680) pl=-0.0319 vl=0.4676 ent=3.750 clip=0.013 kl=0.0006 t=4.5s (rollout=3.4s update=1.1s)
  [league] self: self | ussr_pool: ['iter_0001', 'v58_scripted'] | us_pool: ['iter_0001', 'v21_scripted']
  [pfsp]
    [ussr] iter_0001: WR_ussr=0.41(n=80) WR_us=0.47(n=40) pfsp=0.969
    [ussr] v58_scripted: WR_ussr=0.49(n=85) WR_us=0.66(n=161) pfsp=1.000
    [us] iter_0001: WR_ussr=0.41(n=80) WR_us=0.47(n=40) pfsp=0.997
    [us] v21_scripted: WR_ussr=0.49(n=156) WR_us=0.69(n=225) pfsp=0.857
  [diag] inf dtype=torch.float32 shape=torch.Size([2048, 172]) nan=0 inf_vals=0 range=[0.00,23.00]
  [diag] scalar dtype=torch.float32 nan=0 range=[-0.900,1.000]
  [diag] card_logits nan=0 range=[-15.49,15.07]
  [diag] values nan=0 range=[-0.6880,0.5832]
[iter   4/30] steps= 2272 rollout_wr=0.575 (ussr=0.450 us=0.700) pl=0.0090 vl=0.4634 ent=3.798 clip=0.017 kl=0.0007 t=4.5s (rollout=3.5s update=1.1s)
  [league] self: self | ussr_pool: ['iter_0001', 'v48_scripted'] | us_pool: ['v15_scripted', 'iter_0001']
  [pfsp]
    [ussr] iter_0001: WR_ussr=0.41(n=120) WR_us=0.55(n=80) pfsp=0.966
    [ussr] v48_scripted: WR_ussr=0.50(n=272) WR_us=?(n=0) pfsp=1.000
    [us] v15_scripted: WR_ussr=?(n=0) WR_us=0.69(n=151) pfsp=0.858
    [us] iter_0001: WR_ussr=0.41(n=120) WR_us=0.55(n=80) pfsp=0.990
  [diag] inf dtype=torch.float32 shape=torch.Size([2048, 172]) nan=0 inf_vals=0 range=[0.00,23.00]
  [diag] scalar dtype=torch.float32 nan=0 range=[-0.600,1.000]
  [diag] card_logits nan=0 range=[-14.69,13.09]
  [diag] values nan=0 range=[-0.5546,0.6007]
[iter   5/30] steps= 2395 rollout_wr=0.560 (ussr=0.480 us=0.640) pl=-0.0088 vl=0.4372 ent=3.730 clip=0.014 kl=0.0005 t=4.7s (rollout=3.6s update=1.1s)
  [league] self: self | ussr_pool: ['iter_0001', 'iter_0001'] | us_pool: ['v15_scripted', 'v15_scripted']
  [pfsp]
    [ussr] iter_0001: WR_ussr=0.42(n=160) WR_us=0.53(n=120) pfsp=0.977
    [us] v15_scripted: WR_ussr=?(n=0) WR_us=0.71(n=191) pfsp=0.820
  [diag] inf dtype=torch.float32 shape=torch.Size([2048, 172]) nan=0 inf_vals=0 range=[0.00,26.00]
  [diag] scalar dtype=torch.float32 nan=0 range=[-0.600,1.000]
  [diag] card_logits nan=0 range=[-14.76,14.13]
  [diag] values nan=0 range=[-0.5425,0.5850]
[iter   6/30] steps= 2332 rollout_wr=0.525 (ussr=0.400 us=0.650) pl=-0.0001 vl=0.4618 ent=3.712 clip=0.044 kl=0.0015 t=4.5s (rollout=3.5s update=1.1s)
  [league] self: self | ussr_pool: ['iter_0001', 'v45_scripted'] | us_pool: ['iter_0001', 'v16_scripted']
  [pfsp]
    [ussr] iter_0001: WR_ussr=0.41(n=240) WR_us=0.53(n=120) pfsp=0.969
    [ussr] v45_scripted: WR_ussr=0.55(n=207) WR_us=0.67(n=226) pfsp=0.990
    [us] iter_0001: WR_ussr=0.41(n=240) WR_us=0.53(n=120) pfsp=0.996
    [us] v16_scripted: WR_ussr=?(n=0) WR_us=0.68(n=110) pfsp=0.868
  [diag] inf dtype=torch.float32 shape=torch.Size([2048, 172]) nan=0 inf_vals=0 range=[0.00,27.00]
  [diag] scalar dtype=torch.float32 nan=0 range=[-0.950,1.000]
  [diag] card_logits nan=0 range=[-15.33,11.41]
  [diag] values nan=0 range=[-0.9094,0.6103]
[iter   7/30] steps= 2153 rollout_wr=0.490 (ussr=0.440 us=0.540) pl=0.0029 vl=0.4973 ent=3.734 clip=0.022 kl=0.0009 t=4.7s (rollout=3.7s update=1.0s)
  [league] self: self | ussr_pool: ['v58_scripted', 'v21_scripted'] | us_pool: ['iter_0001', 'v18_scripted']
  [pfsp]
    [ussr] v58_scripted: WR_ussr=0.51(n=125) WR_us=0.66(n=161) pfsp=0.999
    [ussr] v21_scripted: WR_ussr=0.49(n=156) WR_us=0.70(n=265) pfsp=0.999
    [us] iter_0001: WR_ussr=0.41(n=280) WR_us=0.54(n=160) pfsp=0.992
    [us] v18_scripted: WR_ussr=?(n=0) WR_us=0.72(n=113) pfsp=0.812
  [diag] inf dtype=torch.float32 shape=torch.Size([2048, 172]) nan=0 inf_vals=0 range=[0.00,24.00]
  [diag] scalar dtype=torch.float32 nan=0 range=[-0.900,1.000]
  [diag] card_logits nan=0 range=[-15.56,14.67]
  [diag] values nan=0 range=[-0.6324,0.5877]
[iter   8/30] steps= 2474 rollout_wr=0.575 (ussr=0.480 us=0.670) pl=-0.0113 vl=0.4453 ent=3.698 clip=0.039 kl=0.0012 t=4.8s (rollout=3.7s update=1.1s)
  [league] self: self | ussr_pool: ['iter_0001', 'iter_0001'] | us_pool: ['iter_0001', 'v45_scripted']
  [pfsp]
    [ussr] iter_0001: WR_ussr=0.41(n=280) WR_us=0.57(n=200) pfsp=0.968
    [us] iter_0001: WR_ussr=0.41(n=280) WR_us=0.57(n=200) pfsp=0.980
    [us] v45_scripted: WR_ussr=0.55(n=247) WR_us=0.67(n=226) pfsp=0.887
  [diag] inf dtype=torch.float32 shape=torch.Size([2048, 172]) nan=0 inf_vals=0 range=[0.00,25.00]
  [diag] scalar dtype=torch.float32 nan=0 range=[-0.800,1.000]
  [diag] card_logits nan=0 range=[-15.90,12.01]
  [diag] values nan=0 range=[-0.5312,0.5845]
[iter   9/30] steps= 2342 rollout_wr=0.530 (ussr=0.450 us=0.610) pl=0.0006 vl=0.4741 ent=3.831 clip=0.050 kl=0.0013 t=4.7s (rollout=3.6s update=1.1s)
  Saved to league pool: data/checkpoints/ppo_v93_sc_league/iter_0010.pt
  [league] self: self | ussr_pool: ['v19_scripted', 'v22_scripted'] | us_pool: ['iter_0010', 'v20_scripted']
  [pfsp]
    [ussr] v19_scripted: WR_ussr=0.48(n=127) WR_us=?(n=0) pfsp=0.998
    [ussr] v22_scripted: WR_ussr=0.51(n=158) WR_us=?(n=0) pfsp=0.999
    [us] iter_0010: WR_ussr=?(n=0) WR_us=?(n=0) pfsp=1.000
    [us] v20_scripted: WR_ussr=0.51(n=128) WR_us=0.71(n=247) pfsp=0.819
  [diag] inf dtype=torch.float32 shape=torch.Size([2048, 172]) nan=0 inf_vals=0 range=[0.00,20.00]
  [diag] scalar dtype=torch.float32 nan=0 range=[-0.450,1.000]
  [diag] card_logits nan=0 range=[-15.24,12.64]
  [diag] values nan=0 range=[-0.5304,0.5789]
[iter  10/30] steps= 2285 rollout_wr=0.560 (ussr=0.510 us=0.610) pl=-0.0165 vl=0.4821 ent=3.818 clip=0.024 kl=0.0009 t=4.8s (rollout=3.6s update=1.1s)
  [probe] iter=10 card_jsd=0.0001 top1=0.992 val_mae=0.0069
  [confirm] launched incremental Elo check for iter 10
  [panel eval] launched pid=792318 iter=10 panel=['v55', 'v54', 'v44', 'v45', 'v14']
  [league] self: self | ussr_pool: ['v45_scripted', 'iter_0001'] | us_pool: ['v58_scripted', 'iter_0010']
  [pfsp]
    [ussr] v45_scripted: WR_ussr=0.55(n=247) WR_us=0.67(n=266) pfsp=0.991
    [ussr] iter_0001: WR_ussr=0.41(n=360) WR_us=0.57(n=240) pfsp=0.970
    [us] v58_scripted: WR_ussr=0.52(n=165) WR_us=0.66(n=161) pfsp=0.900
    [us] iter_0010: WR_ussr=?(n=0) WR_us=0.42(n=40) pfsp=0.977
  [diag] inf dtype=torch.float32 shape=torch.Size([2048, 172]) nan=0 inf_vals=0 range=[0.00,21.00]
  [diag] scalar dtype=torch.float32 nan=0 range=[-0.650,1.000]
  [diag] card_logits nan=0 range=[-14.82,13.69]
  [diag] values nan=0 range=[-0.6041,0.5307]
[iter  11/30] steps= 2376 rollout_wr=0.510 (ussr=0.430 us=0.590) pl=-0.0143 vl=0.4708 ent=3.756 clip=0.011 kl=0.0006 t=5.2s (rollout=4.1s update=1.1s)
  [league] self: self | ussr_pool: ['v21_scripted', 'iter_0010'] | us_pool: ['v20_scripted', 'iter_0010']
  [pfsp]
    [ussr] v21_scripted: WR_ussr=0.48(n=196) WR_us=0.70(n=265) pfsp=0.999
    [ussr] iter_0010: WR_ussr=?(n=0) WR_us=0.47(n=80) pfsp=1.000
    [us] v20_scripted: WR_ussr=0.51(n=128) WR_us=0.72(n=287) pfsp=0.804
    [us] iter_0010: WR_ussr=?(n=0) WR_us=0.47(n=80) pfsp=0.997
  [diag] inf dtype=torch.float32 shape=torch.Size([2048, 172]) nan=0 inf_vals=0 range=[0.00,27.00]
  [diag] scalar dtype=torch.float32 nan=0 range=[-0.950,1.000]
  [diag] card_logits nan=0 range=[-14.88,13.50]
  [diag] values nan=0 range=[-0.5626,0.5644]
[iter  12/30] steps= 2524 rollout_wr=0.575 (ussr=0.500 us=0.650) pl=-0.0065 vl=0.4397 ent=3.790 clip=0.008 kl=0.0005 t=5.6s (rollout=4.4s update=1.2s)
  [panel eval iter 10] avg=0.515 elapsed=12s: v55=0.517 | v54=0.500 | v44=0.533 | v45=0.517 | v14=0.500
  [panel eval] NEW HIGH-WATER MARK iter=10 avg_wr=0.5150 → ppo_running_best.pt (provenance: ppo_iter0010.pt)
  [league] self: self | ussr_pool: ['v22_scripted', 'v45_scripted'] | us_pool: ['v58_scripted', 'v45_scripted']
  [pfsp]
    [ussr] v22_scripted: WR_ussr=0.52(n=198) WR_us=?(n=0) pfsp=0.999
    [ussr] v45_scripted: WR_ussr=0.53(n=287) WR_us=0.67(n=266) pfsp=0.996
    [us] v58_scripted: WR_ussr=0.52(n=165) WR_us=0.67(n=201) pfsp=0.889
    [us] v45_scripted: WR_ussr=0.53(n=287) WR_us=0.67(n=266) pfsp=0.891
  [diag] inf dtype=torch.float32 shape=torch.Size([2048, 172]) nan=0 inf_vals=0 range=[0.00,21.00]
  [diag] scalar dtype=torch.float32 nan=0 range=[-0.650,1.000]
  [diag] card_logits nan=0 range=[-14.43,12.59]
  [diag] values nan=0 range=[-0.5675,0.5879]
[iter  13/30] steps= 2216 rollout_wr=0.590 (ussr=0.460 us=0.720) pl=-0.0092 vl=0.4542 ent=3.723 clip=0.015 kl=0.0005 t=6.0s (rollout=4.5s update=1.5s)
  [league] self: self | ussr_pool: ['v55_scripted', 'v45_scripted'] | us_pool: ['iter_0010', 'iter_0001']
  [pfsp]
    [ussr] v55_scripted: WR_ussr=0.56(n=165) WR_us=?(n=0) pfsp=0.987
    [ussr] v45_scripted: WR_ussr=0.53(n=327) WR_us=0.67(n=306) pfsp=0.997
    [us] iter_0010: WR_ussr=0.47(n=40) WR_us=0.52(n=120) pfsp=0.999
    [us] iter_0001: WR_ussr=0.41(n=400) WR_us=0.57(n=240) pfsp=0.980
wandb: WARNING Tried to log to step 10 that is less than the current step 11. Steps must be monotonically increasing, so this data will be ignored. See https://wandb.me/define-metric to log data out of order.
  [diag] inf dtype=torch.float32 shape=torch.Size([2048, 172]) nan=0 inf_vals=0 range=[0.00,25.00]
  [diag] scalar dtype=torch.float32 nan=0 range=[-0.550,1.000]
  [diag] card_logits nan=0 range=[-15.19,11.82]
  [diag] values nan=0 range=[-0.6064,0.5732]
[iter  14/30] steps= 2182 rollout_wr=0.555 (ussr=0.550 us=0.560) pl=-0.0176 vl=0.4905 ent=3.674 clip=0.019 kl=0.0006 t=6.4s (rollout=4.5s update=2.0s)
  [league] self: self | ussr_pool: ['v45_scripted', 'iter_0001'] | us_pool: ['v45_scripted', 'v18_scripted']
  [pfsp]
    [ussr] v45_scripted: WR_ussr=0.54(n=367) WR_us=0.67(n=306) pfsp=0.994
    [ussr] iter_0001: WR_ussr=0.41(n=400) WR_us=0.57(n=280) pfsp=0.969
    [us] v45_scripted: WR_ussr=0.54(n=367) WR_us=0.67(n=306) pfsp=0.889
    [us] v18_scripted: WR_ussr=?(n=0) WR_us=0.71(n=153) pfsp=0.820
  [diag] inf dtype=torch.float32 shape=torch.Size([2048, 172]) nan=0 inf_vals=0 range=[0.00,25.00]
  [diag] scalar dtype=torch.float32 nan=0 range=[-0.650,1.000]
  [diag] card_logits nan=0 range=[-14.64,15.35]
  [diag] values nan=0 range=[-0.5808,0.5941]
[iter  15/30] steps= 2397 rollout_wr=0.525 (ussr=0.420 us=0.630) pl=-0.0109 vl=0.4458 ent=3.638 clip=0.034 kl=0.0011 t=6.9s (rollout=4.8s update=2.1s)
  [league] self: self | ussr_pool: ['iter_0001', 'iter_0010'] | us_pool: ['v16_scripted', 'iter_0001']
  [pfsp]
    [ussr] iter_0001: WR_ussr=0.41(n=440) WR_us=0.57(n=280) pfsp=0.965
    [ussr] iter_0010: WR_ussr=0.47(n=40) WR_us=0.53(n=160) pfsp=0.997
    [us] v16_scripted: WR_ussr=?(n=0) WR_us=0.63(n=150) pfsp=0.936
    [us] iter_0001: WR_ussr=0.41(n=440) WR_us=0.57(n=280) pfsp=0.982
  [diag] inf dtype=torch.float32 shape=torch.Size([2048, 172]) nan=0 inf_vals=0 range=[0.00,28.00]
  [diag] scalar dtype=torch.float32 nan=0 range=[-0.700,1.000]
  [diag] card_logits nan=0 range=[-15.84,11.12]
  [diag] values nan=0 range=[-0.5437,0.6077]
[iter  16/30] steps= 2359 rollout_wr=0.530 (ussr=0.450 us=0.610) pl=0.0012 vl=0.4667 ent=3.779 clip=0.006 kl=0.0004 t=7.0s (rollout=4.9s update=2.1s)
  [league] self: self | ussr_pool: ['iter_0001', 'iter_0010'] | us_pool: ['iter_0010', 'v18_scripted']
  [pfsp]
    [ussr] iter_0001: WR_ussr=0.41(n=480) WR_us=0.56(n=320) pfsp=0.968
    [ussr] iter_0010: WR_ussr=0.45(n=80) WR_us=0.53(n=160) pfsp=0.990
    [us] iter_0010: WR_ussr=0.45(n=80) WR_us=0.53(n=160) pfsp=0.997
    [us] v18_scripted: WR_ussr=?(n=0) WR_us=0.70(n=193) pfsp=0.832
  [diag] inf dtype=torch.float32 shape=torch.Size([2048, 172]) nan=0 inf_vals=0 range=[0.00,23.00]
  [diag] scalar dtype=torch.float32 nan=0 range=[-0.950,1.000]
  [diag] card_logits nan=0 range=[-14.95,12.82]
  [diag] values nan=0 range=[-0.5751,0.5940]
[iter  17/30] steps= 2377 rollout_wr=0.585 (ussr=0.520 us=0.650) pl=-0.0087 vl=0.4470 ent=3.662 clip=0.023 kl=0.0008 t=7.0s (rollout=4.9s update=2.1s)
  [league] self: self | ussr_pool: ['iter_0010', 'v58_scripted'] | us_pool: ['iter_0010', 'v58_scripted']
  [pfsp]
    [ussr] iter_0010: WR_ussr=0.44(n=120) WR_us=0.55(n=200) pfsp=0.986
    [ussr] v58_scripted: WR_ussr=0.52(n=165) WR_us=0.69(n=241) pfsp=0.999
    [us] iter_0010: WR_ussr=0.44(n=120) WR_us=0.55(n=200) pfsp=0.990
    [us] v58_scripted: WR_ussr=0.52(n=165) WR_us=0.69(n=241) pfsp=0.851
  [diag] inf dtype=torch.float32 shape=torch.Size([2048, 172]) nan=0 inf_vals=0 range=[0.00,20.00]
  [diag] scalar dtype=torch.float32 nan=0 range=[-0.700,1.000]
  [diag] card_logits nan=0 range=[-15.50,12.63]
  [diag] values nan=0 range=[-0.6017,0.5795]
[iter  18/30] steps= 2268 rollout_wr=0.560 (ussr=0.510 us=0.610) pl=-0.0024 vl=0.4921 ent=3.826 clip=0.028 kl=0.0009 t=7.1s (rollout=5.1s update=2.1s)
  [league] self: self | ussr_pool: ['iter_0001', 'iter_0010'] | us_pool: ['v49_scripted', 'v16_scripted']
  [pfsp]
    [ussr] iter_0001: WR_ussr=0.43(n=520) WR_us=0.56(n=320) pfsp=0.981
    [ussr] iter_0010: WR_ussr=0.47(n=160) WR_us=0.55(n=240) pfsp=0.996
    [us] v49_scripted: WR_ussr=?(n=0) WR_us=0.66(n=189) pfsp=0.903
    [us] v16_scripted: WR_ussr=?(n=0) WR_us=0.63(n=190) pfsp=0.931
  [diag] inf dtype=torch.float32 shape=torch.Size([2048, 172]) nan=0 inf_vals=0 range=[0.00,25.00]
  [diag] scalar dtype=torch.float32 nan=0 range=[-0.650,1.000]
  [diag] card_logits nan=0 range=[-15.26,13.49]
  [diag] values nan=0 range=[-0.8297,0.6185]
[iter  19/30] steps= 2137 rollout_wr=0.580 (ussr=0.440 us=0.720) pl=0.0123 vl=0.4556 ent=3.795 clip=0.066 kl=0.0018 t=6.5s (rollout=4.6s update=2.0s)
  Saved to league pool: data/checkpoints/ppo_v93_sc_league/iter_0020.pt
  [league] self: self | ussr_pool: ['iter_0010', 'v21_scripted'] | us_pool: ['iter_0010', 'v18_scripted']
  [pfsp]
    [ussr] iter_0010: WR_ussr=0.45(n=200) WR_us=0.55(n=240) pfsp=0.988
    [ussr] v21_scripted: WR_ussr=0.49(n=236) WR_us=0.70(n=265) pfsp=0.999
    [us] iter_0010: WR_ussr=0.45(n=200) WR_us=0.55(n=240) pfsp=0.990
    [us] v18_scripted: WR_ussr=?(n=0) WR_us=0.70(n=233) pfsp=0.834
  [diag] inf dtype=torch.float32 shape=torch.Size([2048, 172]) nan=0 inf_vals=0 range=[0.00,22.00]
  [diag] scalar dtype=torch.float32 nan=0 range=[-0.900,1.000]
  [diag] card_logits nan=0 range=[-14.96,12.25]
  [diag] values nan=0 range=[-0.5802,0.5874]
[iter  20/30] steps= 2392 rollout_wr=0.530 (ussr=0.420 us=0.640) pl=-0.0103 vl=0.4351 ent=3.725 clip=0.033 kl=0.0009 t=7.3s (rollout=5.3s update=2.1s)
  [probe] iter=20 card_jsd=0.0001 top1=0.991 val_mae=0.0111
  [confirm] launched incremental Elo check for iter 20
  [panel eval] launched pid=792963 iter=20 panel=['v55', 'v54', 'v44', 'v45', 'v14']
  [league] self: self | ussr_pool: ['iter_0001', 'iter_0010'] | us_pool: ['iter_0001', 'v18_scripted']
  [pfsp]
    [ussr] iter_0001: WR_ussr=0.43(n=560) WR_us=0.56(n=320) pfsp=0.983
    [ussr] iter_0010: WR_ussr=0.45(n=240) WR_us=0.55(n=280) pfsp=0.988
    [us] iter_0001: WR_ussr=0.43(n=560) WR_us=0.56(n=320) pfsp=0.984
    [us] v18_scripted: WR_ussr=?(n=0) WR_us=0.70(n=273) pfsp=0.835
  [diag] inf dtype=torch.float32 shape=torch.Size([2048, 172]) nan=0 inf_vals=0 range=[0.00,25.00]
  [diag] scalar dtype=torch.float32 nan=0 range=[-0.600,1.000]
  [diag] card_logits nan=0 range=[-15.20,12.02]
  [diag] values nan=0 range=[-0.5856,0.6822]
[iter  21/30] steps= 2394 rollout_wr=0.600 (ussr=0.500 us=0.700) pl=0.0053 vl=0.4411 ent=3.641 clip=0.008 kl=0.0004 t=8.0s (rollout=5.6s update=2.4s)
  [panel eval iter 20] avg=0.530 elapsed=9s: v55=0.533 | v54=0.533 | v44=0.500 | v45=0.550 | v14=0.550
  [panel eval] NEW HIGH-WATER MARK iter=20 avg_wr=0.5300 → ppo_running_best.pt (provenance: ppo_iter0020.pt)
  [league] self: self | ussr_pool: ['iter_0001', 'iter_0010'] | us_pool: ['iter_0020', 'v18_scripted']
  [pfsp]
    [ussr] iter_0001: WR_ussr=0.43(n=600) WR_us=0.57(n=360) pfsp=0.981
    [ussr] iter_0010: WR_ussr=0.46(n=280) WR_us=0.55(n=280) pfsp=0.995
    [us] iter_0020: WR_ussr=?(n=0) WR_us=?(n=0) pfsp=1.000
    [us] v18_scripted: WR_ussr=?(n=0) WR_us=0.72(n=313) pfsp=0.808
  [diag] inf dtype=torch.float32 shape=torch.Size([2048, 172]) nan=0 inf_vals=0 range=[0.00,22.00]
  [diag] scalar dtype=torch.float32 nan=0 range=[-0.600,1.000]
  [diag] card_logits nan=0 range=[-15.36,13.75]
  [diag] values nan=0 range=[-0.5778,0.6472]
[iter  22/30] steps= 2495 rollout_wr=0.575 (ussr=0.450 us=0.700) pl=-0.0102 vl=0.4111 ent=3.644 clip=0.028 kl=0.0008 t=8.2s (rollout=6.0s update=2.3s)
  [league] self: self | ussr_pool: ['v21_scripted', 'iter_0010'] | us_pool: ['v49_scripted', 'iter_0020']
  [pfsp]
    [ussr] v21_scripted: WR_ussr=0.49(n=276) WR_us=0.70(n=265) pfsp=1.000
    [ussr] iter_0010: WR_ussr=0.48(n=320) WR_us=0.55(n=280) pfsp=0.998
    [us] v49_scripted: WR_ussr=?(n=0) WR_us=0.66(n=229) pfsp=0.904
    [us] iter_0020: WR_ussr=?(n=0) WR_us=0.53(n=40) pfsp=0.997
  [diag] inf dtype=torch.float32 shape=torch.Size([2048, 172]) nan=0 inf_vals=0 range=[0.00,20.00]
  [diag] scalar dtype=torch.float32 nan=0 range=[-0.850,1.000]
  [diag] card_logits nan=0 range=[-14.91,12.04]
  [diag] values nan=0 range=[-0.5924,0.6805]
[iter  23/30] steps= 2288 rollout_wr=0.525 (ussr=0.390 us=0.660) pl=0.0145 vl=0.4384 ent=3.832 clip=0.024 kl=0.0008 t=7.5s (rollout=5.4s update=2.0s)
  [league] self: self | ussr_pool: ['iter_0001', 'iter_0001'] | us_pool: ['v45_scripted', 'v20_scripted']
  [pfsp]
    [ussr] iter_0001: WR_ussr=0.43(n=640) WR_us=0.57(n=360) pfsp=0.980
    [us] v45_scripted: WR_ussr=0.54(n=407) WR_us=0.66(n=346) pfsp=0.891
    [us] v20_scripted: WR_ussr=0.51(n=128) WR_us=0.72(n=327) pfsp=0.798
  [diag] inf dtype=torch.float32 shape=torch.Size([2048, 172]) nan=0 inf_vals=0 range=[0.00,29.00]
  [diag] scalar dtype=torch.float32 nan=0 range=[-0.850,1.000]
  [diag] card_logits nan=0 range=[-14.95,12.61]
  [diag] values nan=0 range=[-0.6185,0.6622]
[iter  24/30] steps= 2537 rollout_wr=0.560 (ussr=0.450 us=0.670) pl=-0.0022 vl=0.4312 ent=3.611 clip=0.019 kl=0.0007 t=8.4s (rollout=6.1s update=2.2s)
  [league] self: self | ussr_pool: ['v21_scripted', 'v21_scripted'] | us_pool: ['v21_scripted', 'v16_scripted']
  [pfsp]
    [ussr] v21_scripted: WR_ussr=0.49(n=316) WR_us=0.70(n=265) pfsp=0.999
    [us] v21_scripted: WR_ussr=0.49(n=316) WR_us=0.70(n=265) pfsp=0.843
    [us] v16_scripted: WR_ussr=?(n=0) WR_us=0.67(n=230) pfsp=0.891
  [diag] inf dtype=torch.float32 shape=torch.Size([2048, 172]) nan=0 inf_vals=0 range=[0.00,22.00]
  [diag] scalar dtype=torch.float32 nan=0 range=[-0.600,1.000]
  [diag] card_logits nan=0 range=[-15.81,15.82]
  [diag] values nan=0 range=[-0.6010,0.6639]
[iter  25/30] steps= 2198 rollout_wr=0.625 (ussr=0.500 us=0.750) pl=-0.0086 vl=0.4344 ent=3.617 clip=0.014 kl=0.0006 t=6.9s (rollout=4.9s update=2.0s)
  [league] self: self | ussr_pool: ['v22_scripted', 'v22_scripted'] | us_pool: ['v45_scripted', 'iter_0020']
  [pfsp]
    [ussr] v22_scripted: WR_ussr=0.50(n=238) WR_us=?(n=0) pfsp=1.000
    [us] v45_scripted: WR_ussr=0.54(n=407) WR_us=0.67(n=386) pfsp=0.883
    [us] iter_0020: WR_ussr=?(n=0) WR_us=0.60(n=80) pfsp=0.960
  [diag] inf dtype=torch.float32 shape=torch.Size([2048, 172]) nan=0 inf_vals=0 range=[0.00,20.00]
  [diag] scalar dtype=torch.float32 nan=0 range=[-0.650,1.000]
  [diag] card_logits nan=0 range=[-15.19,11.99]
  [diag] values nan=0 range=[-0.6322,0.6522]
[iter  26/30] steps= 2315 rollout_wr=0.575 (ussr=0.490 us=0.660) pl=0.0004 vl=0.4517 ent=3.672 clip=0.018 kl=0.0007 t=7.5s (rollout=5.3s update=2.1s)
  [league] self: self | ussr_pool: ['iter_0020', 'heuristic'] | us_pool: ['v45_scripted', 'v15_scripted']
  [pfsp]
    [ussr] iter_0020: WR_ussr=?(n=0) WR_us=0.60(n=120) pfsp=1.000
    [ussr] heuristic: WR_ussr=0.05(n=80) WR_us=0.01(n=74) pfsp=0.190
    [us] v45_scripted: WR_ussr=0.54(n=407) WR_us=0.66(n=426) pfsp=0.892
    [us] v15_scripted: WR_ussr=?(n=0) WR_us=0.70(n=271) pfsp=0.844
  [diag] inf dtype=torch.float32 shape=torch.Size([2048, 172]) nan=0 inf_vals=0 range=[0.00,21.00]
  [diag] scalar dtype=torch.float32 nan=0 range=[-0.900,1.000]
  [diag] card_logits nan=0 range=[-15.27,12.50]
  [diag] values nan=0 range=[-0.9569,0.8299]
[iter  27/30] steps= 2965 rollout_wr=0.470 (ussr=0.240 us=0.700) pl=-0.0117 vl=0.3513 ent=3.507 clip=0.036 kl=0.0010 t=9.5s (rollout=7.0s update=2.5s)
  [league] self: self | ussr_pool: ['iter_0020', 'iter_0020'] | us_pool: ['iter_0010', 'v45_scripted']
  [pfsp]
    [ussr] iter_0020: WR_ussr=0.42(n=40) WR_us=0.60(n=120) pfsp=0.977
    [us] iter_0010: WR_ussr=0.47(n=360) WR_us=0.55(n=280) pfsp=0.989
    [us] v45_scripted: WR_ussr=0.54(n=407) WR_us=0.67(n=466) pfsp=0.888
  [diag] inf dtype=torch.float32 shape=torch.Size([2048, 172]) nan=0 inf_vals=0 range=[0.00,25.00]
  [diag] scalar dtype=torch.float32 nan=0 range=[-1.000,1.000]
  [diag] card_logits nan=0 range=[-16.31,14.99]
  [diag] values nan=0 range=[-0.7596,0.6695]
[iter  28/30] steps= 2444 rollout_wr=0.490 (ussr=0.410 us=0.570) pl=0.0049 vl=0.4586 ent=3.633 clip=0.019 kl=0.0007 t=7.7s (rollout=5.5s update=2.2s)
  [league] self: self | ussr_pool: ['iter_0020', 'v58_scripted'] | us_pool: ['iter_0020', 'v58_scripted']
  [pfsp]
    [ussr] iter_0020: WR_ussr=0.39(n=120) WR_us=0.60(n=120) pfsp=0.953
    [ussr] v58_scripted: WR_ussr=0.52(n=205) WR_us=0.70(n=281) pfsp=0.999
    [us] iter_0020: WR_ussr=0.39(n=120) WR_us=0.60(n=120) pfsp=0.960
    [us] v58_scripted: WR_ussr=0.52(n=205) WR_us=0.70(n=281) pfsp=0.838
  [diag] inf dtype=torch.float32 shape=torch.Size([2048, 172]) nan=0 inf_vals=0 range=[0.00,23.00]
  [diag] scalar dtype=torch.float32 nan=0 range=[-0.550,1.000]
  [diag] card_logits nan=0 range=[-15.89,14.30]
  [diag] values nan=0 range=[-0.6549,0.7570]
[iter  29/30] steps= 2472 rollout_wr=0.570 (ussr=0.460 us=0.680) pl=-0.0053 vl=0.4373 ent=3.603 clip=0.007 kl=0.0004 t=8.3s (rollout=6.1s update=2.2s)
  Saved to league pool: data/checkpoints/ppo_v93_sc_league/iter_0030.pt
  [league] self: self | ussr_pool: ['v20_scripted', 'heuristic'] | us_pool: ['iter_0020', 'v15_scripted']
  [pfsp]
    [ussr] v20_scripted: WR_ussr=0.51(n=128) WR_us=0.73(n=367) pfsp=1.000
    [ussr] heuristic: WR_ussr=0.03(n=120) WR_us=0.01(n=74) pfsp=0.129
    [us] iter_0020: WR_ussr=0.40(n=160) WR_us=0.61(n=160) pfsp=0.955
    [us] v15_scripted: WR_ussr=?(n=0) WR_us=0.70(n=311) pfsp=0.844
  [diag] inf dtype=torch.float32 shape=torch.Size([2048, 172]) nan=0 inf_vals=0 range=[0.00,23.00]
  [diag] scalar dtype=torch.float32 nan=0 range=[-0.650,1.000]
  [diag] card_logits nan=0 range=[-15.68,13.55]
  [diag] values nan=0 range=[-0.9480,0.6694]
[iter  30/30] steps= 2902 rollout_wr=0.460 (ussr=0.320 us=0.600) pl=-0.0072 vl=0.3821 ent=3.611 clip=0.020 kl=0.0007 t=9.1s (rollout=6.6s update=2.5s)
  [probe] iter=30 card_jsd=0.0001 top1=0.990 val_mae=0.0216
  [confirm] launched incremental Elo check for iter 30
  [panel eval] launched pid=793389 iter=30 panel=['v55', 'v54', 'v44', 'v45', 'v14']
wandb: updating run metadata
wandb: uploading output.log; uploading wandb-summary.json; uploading config.yaml
wandb: uploading history steps 27-29, summary, console lines 329-351
wandb: 
wandb: Run history:
wandb:               approx_kl ▇▆▂▃▂▇▃▅▆▄▂▁▂▂▄▁▃▄█▄▁▃▃▂▂▂▄▃▁▃
wandb:           clip_fraction ▇▅▂▂▂▅▃▅▆▃▂▁▂▂▄▁▃▄█▄▁▄▃▂▂▂▅▂▁▃
wandb: core_scalar_weight_norm ████▇▇▆▆▆▆▆▆▆▆▆▅▅▄▃▃▃▂▂▂▁▁▁▂▁▁
wandb:                ent_coef ███▇▇▇▇▆▆▆▆▅▅▅▅▄▄▄▄▃▃▃▃▂▂▂▂▁▁▁
wandb:                 entropy █▇▆▇▅▅▅▅▇▇▆▇▅▄▄▆▄▇▇▅▄▄▇▃▃▄▁▃▃▃
wandb:             iter_time_s ▂▁▁▁▁▁▁▂▁▁▂▃▃▄▄▅▅▅▄▅▆▆▅▆▄▅█▅▆█
wandb:                 n_steps ▂▂▂▂▃▃▁▄▃▂▃▄▂▁▃▃▃▂▁▃▃▄▂▄▂▃█▄▄▇
wandb:  new_scalar_weight_norm ▁▁▁▁▁▁▁▂▂▃▃▄▄▅▅▅▆▆▆▆▇▇▇▇▇▇███▇
wandb:   panel/avg_combined_wr ▁
wandb:     panel/eval_time_sec ▁
wandb:                    +158 ...
wandb: 
wandb: Run summary:
wandb:               approx_kl 0.00072
wandb:           clip_fraction 0.01961
wandb: core_scalar_weight_norm 4.02891
wandb:                ent_coef 0.003
wandb:                 entropy 3.61116
wandb:             iter_time_s 9.11438
wandb:                 n_steps 2902
wandb:  new_scalar_weight_norm 2.70078
wandb:   panel/avg_combined_wr 0.53
wandb:     panel/eval_time_sec 8.74357
wandb:                    +158 ...
wandb: 
wandb: 🚀 View run ppo_v93_sc at: https://wandb.ai/korduban-ai/twilight-struggle-ai/runs/995d2761
wandb: ⭐️ View project at: https://wandb.ai/korduban-ai/twilight-struggle-ai
wandb: Synced 5 W&B file(s), 0 media file(s), 0 artifact file(s) and 0 other file(s)
wandb: Find logs at: ./wandb/run-20260413_094222-995d2761/logs

Training complete in 3.4 minutes
Checkpoints in: data/checkpoints/ppo_v93_sc_league
[ppo_train_dynamic] finished at 2026-04-13T16:45:56Z
