Exporting checkpoints to TorchScript ...
  ppo_country_attn_v12_iter0020: already TorchScript, using directly
  ppo_country_attn_v12_iter0010: already TorchScript, using directly
Loaded 5339 match results from SQL match_cache

Match schedule (21 total, 6 new, 15 reused from prior run):
  ppo_country_attn_v12_iter0020 vs ppo_country_attn_v12_iter0010
  ppo_country_attn_v12_iter0020 vs v56
  ppo_country_attn_v12_iter0020 vs v54
  ppo_country_attn_v12_iter0020 vs v44
  ppo_country_attn_v12_iter0020 vs v20
  ppo_country_attn_v12_iter0020 vs v55
  ppo_country_attn_v12_iter0010 vs v56  [reuse]
  ppo_country_attn_v12_iter0010 vs v54  [reuse]
  ppo_country_attn_v12_iter0010 vs v44  [reuse]
  ppo_country_attn_v12_iter0010 vs v20  [reuse]
  ppo_country_attn_v12_iter0010 vs v55  [reuse]
  v56 vs v54  [reuse]
  v56 vs v44  [reuse]
  v56 vs v20  [reuse]
  v56 vs v55  [reuse]
  v54 vs v44  [reuse]
  v54 vs v20  [reuse]
  v54 vs v55  [reuse]
  v44 vs v20  [reuse]
  v44 vs v55  [reuse]
  v20 vs v55  [reuse]

[new 1/6] ppo_country_attn_v12_iter0020 vs ppo_country_attn_v12_iter0010 (150 games = 75/side, seed=88000) ...
  ppo_country_attn_v12_iter0020: 67(52u/15s)  ppo_country_attn_v12_iter0010: 79(58u/21s)  draws: 4  WR(ppo_country_attn_v12_iter0020)=0.460  t=12.0s

[new 2/6] ppo_country_attn_v12_iter0020 vs v56 (150 games = 75/side, seed=88150) ...
  ppo_country_attn_v12_iter0020: 70(48u/22s)  v56: 78(51u/27s)  draws: 2  WR(ppo_country_attn_v12_iter0020)=0.473  t=9.2s

[new 3/6] ppo_country_attn_v12_iter0020 vs v54 (150 games = 75/side, seed=88300) ...
  ppo_country_attn_v12_iter0020: 58(41u/17s)  v54: 89(56u/33s)  draws: 3  WR(ppo_country_attn_v12_iter0020)=0.397  t=9.3s

[new 4/6] ppo_country_attn_v12_iter0020 vs v44 (150 games = 75/side, seed=88450) ...
  ppo_country_attn_v12_iter0020: 75(50u/25s)  v44: 71(47u/24s)  draws: 4  WR(ppo_country_attn_v12_iter0020)=0.513  t=9.2s

[new 5/6] ppo_country_attn_v12_iter0020 vs v20 (150 games = 75/side, seed=88600) ...
  ppo_country_attn_v12_iter0020: 70(49u/21s)  v20: 76(53u/23s)  draws: 4  WR(ppo_country_attn_v12_iter0020)=0.480  t=9.1s

[new 6/6] ppo_country_attn_v12_iter0020 vs v55 (150 games = 75/side, seed=88750) ...
  ppo_country_attn_v12_iter0020: 69(54u/15s)  v55: 76(57u/19s)  draws: 5  WR(ppo_country_attn_v12_iter0020)=0.477  t=12.7s
  [reuse] ppo_country_attn_v12_iter0010 75(51u/24s) - 74(51u/23s) v56  draws=1  WR=0.503
  [reuse] ppo_country_attn_v12_iter0010 68(49u/19s) - 81(55u/26s) v54  draws=1  WR=0.457
  [reuse] ppo_country_attn_v12_iter0010 66(47u/19s) - 83(56u/27s) v44  draws=1  WR=0.443
  [reuse] ppo_country_attn_v12_iter0010 67(46u/21s) - 80(52u/28s) v20  draws=3  WR=0.457
  [reuse] ppo_country_attn_v12_iter0010 75(47u/28s) - 74(46u/28s) v55  draws=1  WR=0.503
  [reuse] v56 240(152u/88s) - 249(155u/94s) v54  draws=11  WR=0.491
  [reuse] v56 243(157u/86s) - 243(158u/85s) v44  draws=14  WR=0.500
  [reuse] v56 247(159u/88s) - 245(159u/86s) v20  draws=8  WR=0.502
  [reuse] v56 246(162u/84s) - 246(160u/86s) v55  draws=8  WR=0.500
  [reuse] v54 222(126u/96s) - 163(99u/64s) v44  draws=15  WR=0.574
  [reuse] v54 196(128u/68s) - 184(123u/61s) v20  draws=20  WR=0.515
  [reuse] v54 229(149u/80s) - 268(169u/99s) v55  draws=3  WR=0.461
  [reuse] v44 213(134u/79s) - 169(111u/58s) v20  draws=18  WR=0.555
  [reuse] v44 238(149u/89s) - 252(158u/94s) v55  draws=10  WR=0.486
  [reuse] v20 255(150u/105s) - 237(141u/96s) v55  draws=8  WR=0.518

Fitting BayesElo (bipartite per-side, anchor=v56_USSR=1900.0) ...
Fitting BayesElo (combined, for residual comparison) ...

Model                  USSR      US    Gap   Comb*                95% CI   vs anchor
  (bipartite per-side = PRIMARY, anchor: v56_USSR=1900)
  (* combined = derived from P(win) = 0.5·P_ussr + 0.5·P_us)
----------------------------------------------------------------------------------------
v54                   1901   1813  +87    1912  [  1897,   1927]  +12
v55                   1894   1804  +90    1905  [  1891,   1920]  +5
v56                   1900   1787  +113    1900  [  1900,   1900]  +0
v44                   1882   1799  +83    1897  [  1882,   1913]  -3
v20                   1887   1793  +94    1897  [  1882,   1912]  -3
ppo_country_attn_v12_iter0010  1910   1746  +163    1887  [  1864,   1909]  -13
ppo_country_attn_v12_iter0020  1911   1717  +195    1876  [  1853,   1899]  -24

Pair                              Obs WR   Bip WR   Comb WR   Bip err   Comb err
------------------------------------------------------------------------------------
ppo_country_attn_v12_iter0020 vs ppo_country_attn_v12_iter0010   0.460    0.484     0.485    -0.024     -0.025
ppo_country_attn_v12_iter0020 vs v56              0.473    0.465     0.465    +0.008     +0.008
ppo_country_attn_v12_iter0020 vs v54              0.397    0.448     0.448    -0.051     -0.052
ppo_country_attn_v12_iter0020 vs v44              0.513    0.467     0.469    +0.046     +0.044
ppo_country_attn_v12_iter0020 vs v20              0.480    0.469     0.470    +0.011     +0.010
ppo_country_attn_v12_iter0020 vs v55              0.477    0.457     0.458    +0.020     +0.019
ppo_country_attn_v12_iter0010 vs v56              0.503    0.481     0.481    +0.022     +0.023
ppo_country_attn_v12_iter0010 vs v54              0.457    0.463     0.464    -0.007     -0.007
ppo_country_attn_v12_iter0010 vs v44              0.443    0.484     0.484    -0.041     -0.041
ppo_country_attn_v12_iter0010 vs v20              0.457    0.485     0.485    -0.028     -0.029
ppo_country_attn_v12_iter0010 vs v55              0.503    0.473     0.473    +0.030     +0.030
v56            vs v54              0.491    0.482     0.483    +0.009     +0.008
v56            vs v44              0.500    0.504     0.504    -0.004     -0.004
v56            vs v20              0.502    0.505     0.505    -0.003     -0.003
v56            vs v55              0.500    0.492     0.492    +0.008     +0.008
v54            vs v44              0.574    0.522     0.521    +0.052     +0.053
v54            vs v20              0.515    0.523     0.522    -0.008     -0.007
v54            vs v55              0.461    0.510     0.510    -0.049     -0.049
v44            vs v20              0.555    0.501     0.501    +0.054     +0.054
v44            vs v55              0.486    0.488     0.489    -0.002     -0.003
v20            vs v55              0.518    0.487     0.488    +0.031     +0.030
------------------------------------------------------------------------------------
                                              RMSE    0.0301     0.0300
  (bipartite RMSE >= combined RMSE → bipartite model not better fit)

Saved to results/ppo_country_attn_v12/candidate_tournament.json
[sql] Tournament logged: round_robin_20260420T123037Z_ppo_country_attn_v12_iter0010_ppo_country_attn_v12_iter0020 → results/metadata.sqlite3

[candidate] Top-8 panel-eval candidates:
  iter 0020: avg_panel_wr=0.450  results/ppo_country_attn_v12/ppo_iter0020_scripted.pt
  iter 0010: avg_panel_wr=0.383  results/ppo_country_attn_v12/ppo_iter0010_scripted.pt
[candidate] Models in tournament: ['ppo_country_attn_v12_iter0020:results/ppo_country_attn_v12/ppo_iter0020_scripted.pt', 'ppo_country_attn_v12_iter0010:results/ppo_country_attn_v12/ppo_iter0010_scripted.pt', 'v56:data/checkpoints/scripted_for_elo/v56_scripted.pt', 'v54:data/checkpoints/scripted_for_elo/v54_scripted.pt', 'v44:data/checkpoints/scripted_for_elo/v44_scripted.pt', 'v20:data/checkpoints/scripted_for_elo/v20_scripted.pt', 'v55:data/checkpoints/scripted_for_elo/v55_scripted.pt']
[candidate] Games per matchup: 150, anchor: v56=1900.0
[candidate] Running: /home/dkord/code/twilight-struggle-ai/.venv/bin/python3 scripts/run_elo_tournament.py --models ppo_country_attn_v12_iter0020:results/ppo_country_attn_v12/ppo_iter0020_scripted.pt ppo_country_attn_v12_iter0010:results/ppo_country_attn_v12/ppo_iter0010_scripted.pt v56:data/checkpoints/scripted_for_elo/v56_scripted.pt v54:data/checkpoints/scripted_for_elo/v54_scripted.pt v44:data/checkpoints/scripted_for_elo/v44_scripted.pt v20:data/checkpoints/scripted_for_elo/v20_scripted.pt v55:data/checkpoints/scripted_for_elo/v55_scripted.pt --games 150 --anchor v56 --anchor-elo 1900.0 --schedule round_robin --out results/ppo_country_attn_v12/candidate_tournament.json --script-dir data/checkpoints/scripted_for_elo

[candidate] Tournament results (candidates only):
  ppo_country_attn_v12_iter0010: Elo=1886.7 ← WINNER
  ppo_country_attn_v12_iter0020: Elo=1875.6
[candidate] ppo_best.pt ← results/ppo_country_attn_v12/ppo_iter0010.pt
[candidate] ppo_best_scripted.pt ← results/ppo_country_attn_v12/ppo_iter0010_scripted.pt

[candidate] Done. Winner: ppo_country_attn_v12_iter0010 (Elo=1886.7)
[candidate] Full tournament results: results/ppo_country_attn_v12/candidate_tournament.json
=== ELO incremental placement: country_attn_v12 ===
Exporting checkpoints to TorchScript ...
Loaded 5345 match results from SQL match_cache

Match schedule (15 total, 0 new, 15 reused from prior run):
  v56 vs v54  [reuse]
  v56 vs v44  [reuse]
  v56 vs v20  [reuse]
  v56 vs v55  [reuse]
  v56 vs country_attn_v12  [reuse]
  v54 vs v44  [reuse]
  v54 vs v20  [reuse]
  v54 vs v55  [reuse]
  v54 vs country_attn_v12  [reuse]
  v44 vs v20  [reuse]
  v44 vs v55  [reuse]
  v44 vs country_attn_v12  [reuse]
  v20 vs v55  [reuse]
  v20 vs country_attn_v12  [reuse]
  v55 vs country_attn_v12  [reuse]
  [reuse] v56 240(152u/88s) - 249(155u/94s) v54  draws=11  WR=0.491
  [reuse] v56 243(157u/86s) - 243(158u/85s) v44  draws=14  WR=0.500
  [reuse] v56 247(159u/88s) - 245(159u/86s) v20  draws=8  WR=0.502
  [reuse] v56 246(162u/84s) - 246(160u/86s) v55  draws=8  WR=0.500
  [reuse] v56 99(70u/29s) - 99(70u/29s) country_attn_v12  draws=2  WR=0.500
  [reuse] v54 222(126u/96s) - 163(99u/64s) v44  draws=15  WR=0.574
  [reuse] v54 196(128u/68s) - 184(123u/61s) v20  draws=20  WR=0.515
  [reuse] v54 229(149u/80s) - 268(169u/99s) v55  draws=3  WR=0.461
  [reuse] v54 107(75u/32s) - 87(63u/24s) country_attn_v12  draws=6  WR=0.550
  [reuse] v44 213(134u/79s) - 169(111u/58s) v20  draws=18  WR=0.555
  [reuse] v44 238(149u/89s) - 252(158u/94s) v55  draws=10  WR=0.486
  [reuse] v44 104(65u/39s) - 91(60u/31s) country_attn_v12  draws=5  WR=0.532
  [reuse] v20 255(150u/105s) - 237(141u/96s) v55  draws=8  WR=0.518
  [reuse] v20 97(66u/31s) - 100(67u/33s) country_attn_v12  draws=3  WR=0.492
  [reuse] v55 96(68u/28s) - 104(72u/32s) country_attn_v12  draws=0  WR=0.480

Fitting BayesElo (bipartite per-side, anchor=v56_USSR=1900.0) ...
Fitting BayesElo (combined, for residual comparison) ...

Model                  USSR      US    Gap   Comb*                95% CI   vs anchor
  (bipartite per-side = PRIMARY, anchor: v56_USSR=1900)
  (* combined = derived from P(win) = 0.5·P_ussr + 0.5·P_us)
----------------------------------------------------------------------------------------
v54                   1898   1805  +92    1910  [  1895,   1925]  +10
v55                   1890   1800  +90    1905  [  1890,   1919]  +5
v56                   1900   1780  +120    1900  [  1900,   1900]  +0
v44                   1876   1801  +75    1899  [  1883,   1914]  -1
v20                   1880   1788  +92    1895  [  1879,   1910]  -5
country_attn_v12      1923   1743  +179    1894  [  1872,   1915]  -6

Pair                              Obs WR   Bip WR   Comb WR   Bip err   Comb err
------------------------------------------------------------------------------------
v56            vs v54              0.491    0.485     0.486    +0.006     +0.005
v56            vs v44              0.500    0.502     0.502    -0.002     -0.002
v56            vs v20              0.502    0.508     0.508    -0.006     -0.006
v56            vs v55              0.500    0.493     0.494    +0.007     +0.006
v56            vs country_attn_v12   0.500    0.508     0.509    -0.008     -0.009
v54            vs v44              0.574    0.517     0.517    +0.056     +0.057
v54            vs v20              0.515    0.523     0.522    -0.008     -0.007
v54            vs v55              0.461    0.508     0.508    -0.047     -0.047
v54            vs country_attn_v12   0.550    0.523     0.523    +0.027     +0.027
v44            vs v20              0.555    0.506     0.506    +0.049     +0.049
v44            vs v55              0.486    0.491     0.491    -0.005     -0.005
v44            vs country_attn_v12   0.532    0.507     0.507    +0.026     +0.026
v20            vs v55              0.518    0.485     0.486    +0.033     +0.032
v20            vs country_attn_v12   0.492    0.501     0.501    -0.009     -0.009
v55            vs country_attn_v12   0.480    0.515     0.515    -0.035     -0.035
------------------------------------------------------------------------------------
                                              RMSE    0.0281     0.0282
  (bipartite RMSE < combined RMSE → bipartite model better fit)

Saved to results/logs/elo/elo_country_attn_v12_incremental.json
[sql] Tournament logged: incremental_20260420T123038Z_country_attn_v12_v20 → results/metadata.sqlite3
[confirm] Merged $VERSION into results/elo/elo_full_ladder.json: elo=1894
Done. country_attn_v12: elo=1894 elo_ussr=1923 elo_us=1743
