Exporting checkpoints to TorchScript ...
  ppo_gnn_card_attn_v1_iter0020: already TorchScript, using directly
  ppo_gnn_card_attn_v1_iter0010: already TorchScript, using directly
  ppo_gnn_card_attn_v1_iter0030: already TorchScript, using directly
  ppo_gnn_card_attn_v1_iter0050: already TorchScript, using directly
  ppo_gnn_card_attn_v1_iter0040: already TorchScript, using directly
Loaded 5949 match results from SQL match_cache

Match schedule (45 total, 9 new, 36 reused from prior run):
  ppo_gnn_card_attn_v1_iter0020 vs ppo_gnn_card_attn_v1_iter0010  [reuse]
  ppo_gnn_card_attn_v1_iter0020 vs ppo_gnn_card_attn_v1_iter0030  [reuse]
  ppo_gnn_card_attn_v1_iter0020 vs ppo_gnn_card_attn_v1_iter0050
  ppo_gnn_card_attn_v1_iter0020 vs ppo_gnn_card_attn_v1_iter0040  [reuse]
  ppo_gnn_card_attn_v1_iter0020 vs v56  [reuse]
  ppo_gnn_card_attn_v1_iter0020 vs v54  [reuse]
  ppo_gnn_card_attn_v1_iter0020 vs v44  [reuse]
  ppo_gnn_card_attn_v1_iter0020 vs v20  [reuse]
  ppo_gnn_card_attn_v1_iter0020 vs v55  [reuse]
  ppo_gnn_card_attn_v1_iter0010 vs ppo_gnn_card_attn_v1_iter0030  [reuse]
  ppo_gnn_card_attn_v1_iter0010 vs ppo_gnn_card_attn_v1_iter0050
  ppo_gnn_card_attn_v1_iter0010 vs ppo_gnn_card_attn_v1_iter0040  [reuse]
  ppo_gnn_card_attn_v1_iter0010 vs v56  [reuse]
  ppo_gnn_card_attn_v1_iter0010 vs v54  [reuse]
  ppo_gnn_card_attn_v1_iter0010 vs v44  [reuse]
  ppo_gnn_card_attn_v1_iter0010 vs v20  [reuse]
  ppo_gnn_card_attn_v1_iter0010 vs v55  [reuse]
  ppo_gnn_card_attn_v1_iter0030 vs ppo_gnn_card_attn_v1_iter0050
  ppo_gnn_card_attn_v1_iter0030 vs ppo_gnn_card_attn_v1_iter0040  [reuse]
  ppo_gnn_card_attn_v1_iter0030 vs v56  [reuse]
  ppo_gnn_card_attn_v1_iter0030 vs v54  [reuse]
  ppo_gnn_card_attn_v1_iter0030 vs v44  [reuse]
  ppo_gnn_card_attn_v1_iter0030 vs v20  [reuse]
  ppo_gnn_card_attn_v1_iter0030 vs v55  [reuse]
  ppo_gnn_card_attn_v1_iter0050 vs ppo_gnn_card_attn_v1_iter0040
  ppo_gnn_card_attn_v1_iter0050 vs v56
  ppo_gnn_card_attn_v1_iter0050 vs v54
  ppo_gnn_card_attn_v1_iter0050 vs v44
  ppo_gnn_card_attn_v1_iter0050 vs v20
  ppo_gnn_card_attn_v1_iter0050 vs v55
  ppo_gnn_card_attn_v1_iter0040 vs v56  [reuse]
  ppo_gnn_card_attn_v1_iter0040 vs v54  [reuse]
  ppo_gnn_card_attn_v1_iter0040 vs v44  [reuse]
  ppo_gnn_card_attn_v1_iter0040 vs v20  [reuse]
  ppo_gnn_card_attn_v1_iter0040 vs v55  [reuse]
  v56 vs v54  [reuse]
  v56 vs v44  [reuse]
  v56 vs v20  [reuse]
  v56 vs v55  [reuse]
  v54 vs v44  [reuse]
  v54 vs v20  [reuse]
  v54 vs v55  [reuse]
  v44 vs v20  [reuse]
  v44 vs v55  [reuse]
  v20 vs v55  [reuse]
  [reuse] ppo_gnn_card_attn_v1_iter0020 90(51u/39s) - 55(34u/21s) ppo_gnn_card_attn_v1_iter0010  draws=5  WR=0.617
  [reuse] ppo_gnn_card_attn_v1_iter0020 85(38u/47s) - 63(27u/36s) ppo_gnn_card_attn_v1_iter0030  draws=2  WR=0.573

[new 1/9] ppo_gnn_card_attn_v1_iter0020 vs ppo_gnn_card_attn_v1_iter0050 (150 games = 75/side, seed=88000) ...
  ppo_gnn_card_attn_v1_iter0020: 82(47u/35s)  ppo_gnn_card_attn_v1_iter0050: 65(38u/27s)  draws: 3  WR(ppo_gnn_card_attn_v1_iter0020)=0.557  t=304.6s
  [reuse] ppo_gnn_card_attn_v1_iter0020 95(46u/49s) - 52(25u/27s) ppo_gnn_card_attn_v1_iter0040  draws=3  WR=0.643
  [reuse] ppo_gnn_card_attn_v1_iter0020 65(36u/29s) - 82(45u/37s) v56  draws=3  WR=0.443
  [reuse] ppo_gnn_card_attn_v1_iter0020 74(45u/29s) - 73(44u/29s) v54  draws=3  WR=0.503
  [reuse] ppo_gnn_card_attn_v1_iter0020 72(46u/26s) - 76(48u/28s) v44  draws=2  WR=0.487
  [reuse] ppo_gnn_card_attn_v1_iter0020 72(43u/29s) - 78(46u/32s) v20  draws=0  WR=0.480
  [reuse] ppo_gnn_card_attn_v1_iter0020 70(37u/33s) - 79(41u/38s) v55  draws=1  WR=0.470
  [reuse] ppo_gnn_card_attn_v1_iter0010 66(39u/27s) - 81(47u/34s) ppo_gnn_card_attn_v1_iter0030  draws=3  WR=0.450

[new 2/9] ppo_gnn_card_attn_v1_iter0010 vs ppo_gnn_card_attn_v1_iter0050 (150 games = 75/side, seed=88150) ...
  ppo_gnn_card_attn_v1_iter0010: 87(47u/40s)  ppo_gnn_card_attn_v1_iter0050: 60(33u/27s)  draws: 3  WR(ppo_gnn_card_attn_v1_iter0010)=0.590  t=44.6s
  [reuse] ppo_gnn_card_attn_v1_iter0010 74(38u/36s) - 70(37u/33s) ppo_gnn_card_attn_v1_iter0040  draws=6  WR=0.513
  [reuse] ppo_gnn_card_attn_v1_iter0010 58(41u/17s) - 91(58u/33s) v56  draws=1  WR=0.390
  [reuse] ppo_gnn_card_attn_v1_iter0010 63(39u/24s) - 81(47u/34s) v54  draws=6  WR=0.440
  [reuse] ppo_gnn_card_attn_v1_iter0010 63(40u/23s) - 83(49u/34s) v44  draws=4  WR=0.433
  [reuse] ppo_gnn_card_attn_v1_iter0010 69(38u/31s) - 77(41u/36s) v20  draws=4  WR=0.473
  [reuse] ppo_gnn_card_attn_v1_iter0010 72(40u/32s) - 77(42u/35s) v55  draws=1  WR=0.483

[new 3/9] ppo_gnn_card_attn_v1_iter0030 vs ppo_gnn_card_attn_v1_iter0050 (150 games = 75/side, seed=88300) ...
  ppo_gnn_card_attn_v1_iter0030: 80(42u/38s)  ppo_gnn_card_attn_v1_iter0050: 69(36u/33s)  draws: 1  WR(ppo_gnn_card_attn_v1_iter0030)=0.537  t=49.8s
  [reuse] ppo_gnn_card_attn_v1_iter0030 77(42u/35s) - 69(37u/32s) ppo_gnn_card_attn_v1_iter0040  draws=4  WR=0.527
  [reuse] ppo_gnn_card_attn_v1_iter0030 56(34u/22s) - 93(53u/40s) v56  draws=1  WR=0.377
  [reuse] ppo_gnn_card_attn_v1_iter0030 69(42u/27s) - 78(46u/32s) v54  draws=3  WR=0.470
  [reuse] ppo_gnn_card_attn_v1_iter0030 62(33u/29s) - 87(46u/41s) v44  draws=1  WR=0.417
  [reuse] ppo_gnn_card_attn_v1_iter0030 73(55u/18s) - 73(55u/18s) v20  draws=4  WR=0.500
  [reuse] ppo_gnn_card_attn_v1_iter0030 58(33u/25s) - 90(48u/42s) v55  draws=2  WR=0.393

[new 4/9] ppo_gnn_card_attn_v1_iter0050 vs ppo_gnn_card_attn_v1_iter0040 (150 games = 75/side, seed=88450) ...
  ppo_gnn_card_attn_v1_iter0050: 83(41u/42s)  ppo_gnn_card_attn_v1_iter0040: 62(30u/32s)  draws: 5  WR(ppo_gnn_card_attn_v1_iter0050)=0.570  t=32.8s

[new 5/9] ppo_gnn_card_attn_v1_iter0050 vs v56 (150 games = 75/side, seed=88600) ...
  ppo_gnn_card_attn_v1_iter0050: 49(30u/19s)  v56: 100(55u/45s)  draws: 1  WR(ppo_gnn_card_attn_v1_iter0050)=0.330  t=22.2s

[new 6/9] ppo_gnn_card_attn_v1_iter0050 vs v54 (150 games = 75/side, seed=88750) ...
  ppo_gnn_card_attn_v1_iter0050: 68(37u/31s)  v54: 79(43u/36s)  draws: 3  WR(ppo_gnn_card_attn_v1_iter0050)=0.463  t=23.0s

[new 7/9] ppo_gnn_card_attn_v1_iter0050 vs v44 (150 games = 75/side, seed=88900) ...
  ppo_gnn_card_attn_v1_iter0050: 52(27u/25s)  v44: 96(49u/47s)  draws: 2  WR(ppo_gnn_card_attn_v1_iter0050)=0.353  t=19.4s

[new 8/9] ppo_gnn_card_attn_v1_iter0050 vs v20 (150 games = 75/side, seed=89050) ...
  ppo_gnn_card_attn_v1_iter0050: 62(42u/20s)  v20: 82(50u/32s)  draws: 6  WR(ppo_gnn_card_attn_v1_iter0050)=0.433  t=24.4s

[new 9/9] ppo_gnn_card_attn_v1_iter0050 vs v55 (150 games = 75/side, seed=89200) ...
  ppo_gnn_card_attn_v1_iter0050: 57(33u/24s)  v55: 89(48u/41s)  draws: 4  WR(ppo_gnn_card_attn_v1_iter0050)=0.393  t=31.9s
  [reuse] ppo_gnn_card_attn_v1_iter0040 68(42u/26s) - 81(49u/32s) v56  draws=1  WR=0.457
  [reuse] ppo_gnn_card_attn_v1_iter0040 57(27u/30s) - 93(45u/48s) v54  draws=0  WR=0.380
  [reuse] ppo_gnn_card_attn_v1_iter0040 64(32u/32s) - 84(42u/42s) v44  draws=2  WR=0.433
  [reuse] ppo_gnn_card_attn_v1_iter0040 59(36u/23s) - 86(48u/38s) v20  draws=5  WR=0.410
  [reuse] ppo_gnn_card_attn_v1_iter0040 53(24u/29s) - 95(44u/51s) v55  draws=2  WR=0.360
  [reuse] v56 197(118u/79s) - 195(116u/79s) v54  draws=8  WR=0.502
  [reuse] v56 185(101u/84s) - 200(108u/92s) v44  draws=15  WR=0.481
  [reuse] v56 188(122u/66s) - 200(131u/69s) v20  draws=12  WR=0.485
  [reuse] v56 183(110u/73s) - 206(121u/85s) v55  draws=11  WR=0.471
  [reuse] v54 222(126u/96s) - 163(99u/64s) v44  draws=15  WR=0.574
  [reuse] v54 196(128u/68s) - 184(123u/61s) v20  draws=20  WR=0.515
  [reuse] v54 181(102u/79s) - 209(115u/94s) v55  draws=10  WR=0.465
  [reuse] v44 213(134u/79s) - 169(111u/58s) v20  draws=18  WR=0.555
  [reuse] v44 178(110u/68s) - 201(119u/82s) v55  draws=21  WR=0.471
  [reuse] v20 167(115u/52s) - 219(137u/82s) v55  draws=14  WR=0.435

Fitting BayesElo (bipartite per-side, anchor=v56_USSR=1900.0) ...
Fitting BayesElo (combined, for residual comparison) ...

Model                  USSR      US    Gap   Comb*                95% CI   vs anchor
  (bipartite per-side = PRIMARY, anchor: v56_USSR=1900)
  (* combined = derived from P(win) = 0.5·P_ussr + 0.5·P_us)
----------------------------------------------------------------------------------------
v55                   1904   1859  +45    1919  [  1905,   1933]  +19
v54                   1895   1832  +62    1902  [  1887,   1916]  +2
v56                   1900   1824  +76    1900  [  1900,   1900]  +0
v44                   1885   1834  +50    1898  [  1884,   1913]  -2
ppo_gnn_card_attn_v1_iter0020  1868   1844  +24    1895  [  1876,   1914]  -5
v20                   1921   1763  +158    1883  [  1868,   1896]  -17
ppo_gnn_card_attn_v1_iter0030  1836   1792  +43    1854  [  1835,   1873]  -46
ppo_gnn_card_attn_v1_iter0010  1842   1779  +62    1851  [  1832,   1870]  -49
ppo_gnn_card_attn_v1_iter0050  1799   1780  +20    1829  [  1811,   1849]  -71
ppo_gnn_card_attn_v1_iter0040  1768   1802  -33    1823  [  1805,   1843]  -77

Pair                              Obs WR   Bip WR   Comb WR   Bip err   Comb err
------------------------------------------------------------------------------------
ppo_gnn_card_attn_v1_iter0020 vs ppo_gnn_card_attn_v1_iter0010   0.617    0.564     0.563    +0.052     +0.053
ppo_gnn_card_attn_v1_iter0020 vs ppo_gnn_card_attn_v1_iter0030   0.573    0.560     0.559    +0.014     +0.014
ppo_gnn_card_attn_v1_iter0020 vs ppo_gnn_card_attn_v1_iter0050   0.557    0.595     0.593    -0.038     -0.037
ppo_gnn_card_attn_v1_iter0020 vs ppo_gnn_card_attn_v1_iter0040   0.643    0.601     0.600    +0.042     +0.043
ppo_gnn_card_attn_v1_iter0020 vs v56              0.443    0.492     0.493    -0.049     -0.050
ppo_gnn_card_attn_v1_iter0020 vs v54              0.503    0.490     0.491    +0.014     +0.013
ppo_gnn_card_attn_v1_iter0020 vs v44              0.487    0.495     0.495    -0.008     -0.009
ppo_gnn_card_attn_v1_iter0020 vs v20              0.480    0.519     0.519    -0.039     -0.039
ppo_gnn_card_attn_v1_iter0020 vs v55              0.470    0.464     0.466    +0.006     +0.004
ppo_gnn_card_attn_v1_iter0010 vs ppo_gnn_card_attn_v1_iter0030   0.450    0.495     0.496    -0.045     -0.046
ppo_gnn_card_attn_v1_iter0010 vs ppo_gnn_card_attn_v1_iter0050   0.590    0.530     0.531    +0.060     +0.059
ppo_gnn_card_attn_v1_iter0010 vs ppo_gnn_card_attn_v1_iter0040   0.513    0.537     0.538    -0.023     -0.025
ppo_gnn_card_attn_v1_iter0010 vs v56              0.390    0.430     0.430    -0.040     -0.040
ppo_gnn_card_attn_v1_iter0010 vs v54              0.440    0.427     0.428    +0.013     +0.012
ppo_gnn_card_attn_v1_iter0010 vs v44              0.433    0.432     0.432    +0.002     +0.001
ppo_gnn_card_attn_v1_iter0010 vs v20              0.473    0.459     0.455    +0.015     +0.018
ppo_gnn_card_attn_v1_iter0010 vs v55              0.483    0.402     0.403    +0.082     +0.080
ppo_gnn_card_attn_v1_iter0030 vs ppo_gnn_card_attn_v1_iter0050   0.537    0.535     0.535    +0.002     +0.002
ppo_gnn_card_attn_v1_iter0030 vs ppo_gnn_card_attn_v1_iter0040   0.527    0.542     0.542    -0.015     -0.016
ppo_gnn_card_attn_v1_iter0030 vs v56              0.377    0.434     0.434    -0.057     -0.057
ppo_gnn_card_attn_v1_iter0030 vs v54              0.470    0.431     0.432    +0.039     +0.038
ppo_gnn_card_attn_v1_iter0030 vs v44              0.417    0.436     0.437    -0.019     -0.020
ppo_gnn_card_attn_v1_iter0030 vs v20              0.500    0.463     0.460    +0.037     +0.040
ppo_gnn_card_attn_v1_iter0030 vs v55              0.393    0.406     0.408    -0.012     -0.014
ppo_gnn_card_attn_v1_iter0050 vs ppo_gnn_card_attn_v1_iter0040   0.570    0.506     0.507    +0.064     +0.063
ppo_gnn_card_attn_v1_iter0050 vs v56              0.330    0.399     0.400    -0.069     -0.070
ppo_gnn_card_attn_v1_iter0050 vs v54              0.463    0.396     0.398    +0.067     +0.066
ppo_gnn_card_attn_v1_iter0050 vs v44              0.353    0.401     0.402    -0.048     -0.049
ppo_gnn_card_attn_v1_iter0050 vs v20              0.433    0.429     0.425    +0.004     +0.008
ppo_gnn_card_attn_v1_iter0050 vs v55              0.393    0.372     0.374    +0.022     +0.019
ppo_gnn_card_attn_v1_iter0040 vs v56              0.457    0.392     0.393    +0.065     +0.064
ppo_gnn_card_attn_v1_iter0040 vs v54              0.380    0.389     0.391    -0.009     -0.011
ppo_gnn_card_attn_v1_iter0040 vs v44              0.433    0.394     0.395    +0.039     +0.038
ppo_gnn_card_attn_v1_iter0040 vs v20              0.410    0.421     0.418    -0.011     -0.008
ppo_gnn_card_attn_v1_iter0040 vs v55              0.360    0.364     0.367    -0.004     -0.007
v56            vs v54              0.502    0.498     0.498    +0.005     +0.005
v56            vs v44              0.481    0.503     0.502    -0.022     -0.021
v56            vs v20              0.485    0.525     0.526    -0.040     -0.041
v56            vs v55              0.471    0.472     0.473    -0.001     -0.001
v54            vs v44              0.574    0.506     0.505    +0.068     +0.069
v54            vs v20              0.515    0.528     0.528    -0.013     -0.013
v54            vs v55              0.465    0.475     0.475    -0.010     -0.010
v44            vs v20              0.555    0.523     0.523    +0.032     +0.032
v44            vs v55              0.471    0.469     0.470    +0.002     +0.001
v20            vs v55              0.435    0.448     0.447    -0.013     -0.012
------------------------------------------------------------------------------------
                                              RMSE    0.0372     0.0372
  (bipartite RMSE >= combined RMSE → bipartite model not better fit)

Saved to results/ppo_gnn_card_attn_v1/candidate_tournament.json
[sql] Tournament logged: round_robin_20260419T021055Z_ppo_gnn_card_attn_v1_iter0010_ppo_gnn_card_attn_v1_iter0020 → results/metadata.sqlite3

[candidate] Top-8 panel-eval candidates:
  iter 0020: avg_panel_wr=0.500  results/ppo_gnn_card_attn_v1/ppo_iter0020_scripted.pt
  iter 0010: avg_panel_wr=0.450  results/ppo_gnn_card_attn_v1/ppo_iter0010_scripted.pt
  iter 0030: avg_panel_wr=0.417  results/ppo_gnn_card_attn_v1/ppo_iter0030_scripted.pt
  iter 0050: avg_panel_wr=0.417  results/ppo_gnn_card_attn_v1/ppo_iter0050_scripted.pt
  iter 0040: avg_panel_wr=0.383  results/ppo_gnn_card_attn_v1/ppo_iter0040_scripted.pt
[candidate] Models in tournament: ['ppo_gnn_card_attn_v1_iter0020:results/ppo_gnn_card_attn_v1/ppo_iter0020_scripted.pt', 'ppo_gnn_card_attn_v1_iter0010:results/ppo_gnn_card_attn_v1/ppo_iter0010_scripted.pt', 'ppo_gnn_card_attn_v1_iter0030:results/ppo_gnn_card_attn_v1/ppo_iter0030_scripted.pt', 'ppo_gnn_card_attn_v1_iter0050:results/ppo_gnn_card_attn_v1/ppo_iter0050_scripted.pt', 'ppo_gnn_card_attn_v1_iter0040:results/ppo_gnn_card_attn_v1/ppo_iter0040_scripted.pt', 'v56:data/checkpoints/scripted_for_elo/v56_scripted.pt', 'v54:data/checkpoints/scripted_for_elo/v54_scripted.pt', 'v44:data/checkpoints/scripted_for_elo/v44_scripted.pt', 'v20:data/checkpoints/scripted_for_elo/v20_scripted.pt', 'v55:data/checkpoints/scripted_for_elo/v55_scripted.pt']
[candidate] Games per matchup: 150, anchor: v56=1900.0
[candidate] Running: /home/dkord/code/twilight-struggle-ai/.venv/bin/python3 scripts/run_elo_tournament.py --models ppo_gnn_card_attn_v1_iter0020:results/ppo_gnn_card_attn_v1/ppo_iter0020_scripted.pt ppo_gnn_card_attn_v1_iter0010:results/ppo_gnn_card_attn_v1/ppo_iter0010_scripted.pt ppo_gnn_card_attn_v1_iter0030:results/ppo_gnn_card_attn_v1/ppo_iter0030_scripted.pt ppo_gnn_card_attn_v1_iter0050:results/ppo_gnn_card_attn_v1/ppo_iter0050_scripted.pt ppo_gnn_card_attn_v1_iter0040:results/ppo_gnn_card_attn_v1/ppo_iter0040_scripted.pt v56:data/checkpoints/scripted_for_elo/v56_scripted.pt v54:data/checkpoints/scripted_for_elo/v54_scripted.pt v44:data/checkpoints/scripted_for_elo/v44_scripted.pt v20:data/checkpoints/scripted_for_elo/v20_scripted.pt v55:data/checkpoints/scripted_for_elo/v55_scripted.pt --games 150 --anchor v56 --anchor-elo 1900.0 --schedule round_robin --out results/ppo_gnn_card_attn_v1/candidate_tournament.json --script-dir data/checkpoints/scripted_for_elo

[candidate] Tournament results (candidates only):
  ppo_gnn_card_attn_v1_iter0020: Elo=1894.5 ← WINNER
  ppo_gnn_card_attn_v1_iter0030: Elo=1853.7
  ppo_gnn_card_attn_v1_iter0010: Elo=1850.7
  ppo_gnn_card_attn_v1_iter0050: Elo=1829.0
  ppo_gnn_card_attn_v1_iter0040: Elo=1823.4
[candidate] ppo_best.pt ← results/ppo_gnn_card_attn_v1/ppo_iter0020.pt
[candidate] ppo_best_scripted.pt ← results/ppo_gnn_card_attn_v1/ppo_iter0020_scripted.pt

[candidate] Done. Winner: ppo_gnn_card_attn_v1_iter0020 (Elo=1894.5)
[candidate] Full tournament results: results/ppo_gnn_card_attn_v1/candidate_tournament.json
=== ELO incremental placement: gnn_card_attn_v1 ===
Exporting checkpoints to TorchScript ...
Loaded 5958 match results from SQL match_cache

Match schedule (36 total, 0 new, 36 reused from prior run):
  v56 vs v54  [reuse]
  v56 vs v44  [reuse]
  v56 vs v20  [reuse]
  v56 vs v55  [reuse]
  v56 vs v218_sc  [reuse]
  v56 vs v223_sc  [reuse]
  v56 vs v297_sc  [reuse]
  v56 vs gnn_card_attn_v1  [reuse]
  v54 vs v44  [reuse]
  v54 vs v20  [reuse]
  v54 vs v55  [reuse]
  v54 vs v218_sc  [reuse]
  v54 vs v223_sc  [reuse]
  v54 vs v297_sc  [reuse]
  v54 vs gnn_card_attn_v1  [reuse]
  v44 vs v20  [reuse]
  v44 vs v55  [reuse]
  v44 vs v218_sc  [reuse]
  v44 vs v223_sc  [reuse]
  v44 vs v297_sc  [reuse]
  v44 vs gnn_card_attn_v1  [reuse]
  v20 vs v55  [reuse]
  v20 vs v218_sc  [reuse]
  v20 vs v223_sc  [reuse]
  v20 vs v297_sc  [reuse]
  v20 vs gnn_card_attn_v1  [reuse]
  v55 vs v218_sc  [reuse]
  v55 vs v223_sc  [reuse]
  v55 vs v297_sc  [reuse]
  v55 vs gnn_card_attn_v1  [reuse]
  v218_sc vs v223_sc  [reuse]
  v218_sc vs v297_sc  [reuse]
  v218_sc vs gnn_card_attn_v1  [reuse]
  v223_sc vs v297_sc  [reuse]
  v223_sc vs gnn_card_attn_v1  [reuse]
  v297_sc vs gnn_card_attn_v1  [reuse]
  [reuse] v56 197(118u/79s) - 195(116u/79s) v54  draws=8  WR=0.502
  [reuse] v56 185(101u/84s) - 200(108u/92s) v44  draws=15  WR=0.481
  [reuse] v56 188(122u/66s) - 200(131u/69s) v20  draws=12  WR=0.485
  [reuse] v56 183(110u/73s) - 206(121u/85s) v55  draws=11  WR=0.471
  [reuse] v56 180(94u/86s) - 20(14u/6s) v218_sc  draws=0  WR=0.900
  [reuse] v56 182(92u/90s) - 18(10u/8s) v223_sc  draws=0  WR=0.910
  [reuse] v56 23(2u/21s) - 177(79u/98s) v297_sc  draws=0  WR=0.115
  [reuse] v56 119(73u/46s) - 80(53u/27s) gnn_card_attn_v1  draws=1  WR=0.598
  [reuse] v54 222(126u/96s) - 163(99u/64s) v44  draws=15  WR=0.574
  [reuse] v54 196(128u/68s) - 184(123u/61s) v20  draws=20  WR=0.515
  [reuse] v54 181(102u/79s) - 209(115u/94s) v55  draws=10  WR=0.465
  [reuse] v54 165(93u/72s) - 34(28u/6s) v218_sc  draws=1  WR=0.828
  [reuse] v54 173(94u/79s) - 24(20u/4s) v223_sc  draws=3  WR=0.873
  [reuse] v54 3(0u/3s) - 197(97u/100s) v297_sc  draws=0  WR=0.015
  [reuse] v54 118(74u/44s) - 77(52u/25s) gnn_card_attn_v1  draws=5  WR=0.603
  [reuse] v44 213(134u/79s) - 169(111u/58s) v20  draws=18  WR=0.555
  [reuse] v44 178(110u/68s) - 201(119u/82s) v55  draws=21  WR=0.471
  [reuse] v44 171(90u/81s) - 24(17u/7s) v218_sc  draws=5  WR=0.868
  [reuse] v44 165(86u/79s) - 30(19u/11s) v223_sc  draws=5  WR=0.838
  [reuse] v44 1(0u/1s) - 199(99u/100s) v297_sc  draws=0  WR=0.005
  [reuse] v44 111(65u/46s) - 85(51u/34s) gnn_card_attn_v1  draws=4  WR=0.565
  [reuse] v20 167(115u/52s) - 219(137u/82s) v55  draws=14  WR=0.435
  [reuse] v20 175(90u/85s) - 25(15u/10s) v218_sc  draws=0  WR=0.875
  [reuse] v20 176(93u/83s) - 21(16u/5s) v223_sc  draws=3  WR=0.887
  [reuse] v20 6(1u/5s) - 194(95u/99s) v297_sc  draws=0  WR=0.030
  [reuse] v20 107(65u/42s) - 87(53u/34s) gnn_card_attn_v1  draws=6  WR=0.550
  [reuse] v55 170(95u/75s) - 28(25u/3s) v218_sc  draws=2  WR=0.855
  [reuse] v55 168(88u/80s) - 30(19u/11s) v223_sc  draws=2  WR=0.845
  [reuse] v55 10(1u/9s) - 189(90u/99s) v297_sc  draws=1  WR=0.052
  [reuse] v55 131(77u/54s) - 66(45u/21s) gnn_card_attn_v1  draws=3  WR=0.662
  [reuse] v218_sc 111(56u/55s) - 89(45u/44s) v223_sc  draws=0  WR=0.555
  [reuse] v218_sc 43(24u/19s) - 154(80u/74s) v297_sc  draws=3  WR=0.223
  [reuse] v218_sc 27(16u/11s) - 171(88u/83s) gnn_card_attn_v1  draws=2  WR=0.140
  [reuse] v223_sc 31(21u/10s) - 167(89u/78s) v297_sc  draws=2  WR=0.160
  [reuse] v223_sc 28(20u/8s) - 171(92u/79s) gnn_card_attn_v1  draws=1  WR=0.142
  [reuse] v297_sc 88(52u/36s) - 107(63u/44s) gnn_card_attn_v1  draws=5  WR=0.453

Fitting BayesElo (bipartite per-side, anchor=v56_USSR=1900.0) ...
Fitting BayesElo (combined, for residual comparison) ...

Model                  USSR      US    Gap   Comb*                95% CI   vs anchor
  (bipartite per-side = PRIMARY, anchor: v56_USSR=1900)
  (* combined = derived from P(win) = 0.5·P_ussr + 0.5·P_us)
----------------------------------------------------------------------------------------
v297_sc               2107   2186  -79    2166  [  2142,   2192]  +266
v55                   1938   1864  +73    1920  [  1904,   1934]  +20
v54                   1924   1840  +84    1902  [  1886,   1916]  +2
v56                   1900   1860  +40    1900  [  1900,   1900]  +0
gnn_card_attn_v1      1926   1816  +109    1891  [  1871,   1909]  -9
v44                   1895   1845  +50    1890  [  1875,   1905]  -10
v20                   1926   1799  +127    1883  [  1868,   1898]  -17
v218_sc               1615   1559  +56    1611  [  1593,   1638]  -289
v223_sc               1585   1534  +51    1584  [  1565,   1613]  -316

Pair                              Obs WR   Bip WR   Comb WR   Bip err   Comb err
------------------------------------------------------------------------------------
v56            vs v54              0.502    0.497     0.498    +0.005     +0.005
v56            vs v44              0.481    0.515     0.514    -0.033     -0.033
v56            vs v20              0.485    0.524     0.524    -0.039     -0.039
v56            vs v55              0.471    0.471     0.473    +0.000     -0.001
v56            vs v218_sc          0.900    0.841     0.837    +0.059     +0.063
v56            vs v223_sc          0.910    0.860     0.857    +0.050     +0.053
v56            vs v297_sc          0.115    0.178     0.177    -0.063     -0.062
v56            vs gnn_card_attn_v1   0.598    0.513     0.515    +0.085     +0.083
v54            vs v44              0.574    0.517     0.516    +0.057     +0.058
v54            vs v20              0.515    0.526     0.526    -0.011     -0.011
v54            vs v55              0.465    0.475     0.475    -0.010     -0.010
v54            vs v218_sc          0.828    0.838     0.838    -0.011     -0.011
v54            vs v223_sc          0.873    0.858     0.858    +0.014     +0.014
v54            vs v297_sc          0.015    0.179     0.178    -0.164     -0.163
v54            vs gnn_card_attn_v1   0.603    0.515     0.517    +0.087     +0.086
v44            vs v20              0.555    0.510     0.510    +0.045     +0.045
v44            vs v55              0.471    0.457     0.459    +0.014     +0.012
v44            vs v218_sc          0.868    0.832     0.830    +0.036     +0.038
v44            vs v223_sc          0.838    0.853     0.850    -0.015     -0.013
v44            vs v297_sc          0.005    0.169     0.169    -0.164     -0.164
v44            vs gnn_card_attn_v1   0.565    0.498     0.501    +0.067     +0.064
v20            vs v55              0.435    0.449     0.449    -0.014     -0.014
v20            vs v218_sc          0.875    0.817     0.824    +0.058     +0.051
v20            vs v223_sc          0.887    0.839     0.845    +0.048     +0.043
v20            vs v297_sc          0.030    0.164     0.164    -0.134     -0.134
v20            vs gnn_card_attn_v1   0.550    0.489     0.490    +0.061     +0.060
v55            vs v218_sc          0.855    0.853     0.852    +0.002     +0.003
v55            vs v223_sc          0.845    0.872     0.870    -0.027     -0.025
v55            vs v297_sc          0.052    0.195     0.194    -0.143     -0.141
v55            vs gnn_card_attn_v1   0.662    0.540     0.542    +0.122     +0.121
v218_sc        vs v223_sc          0.555    0.538     0.538    +0.017     +0.017
v218_sc        vs v297_sc          0.223    0.038     0.040    +0.184     +0.182
v218_sc        vs gnn_card_attn_v1   0.140    0.173     0.171    -0.033     -0.031
v223_sc        vs v297_sc          0.160    0.033     0.035    +0.127     +0.125
v223_sc        vs gnn_card_attn_v1   0.142    0.152     0.150    -0.010     -0.008
v297_sc        vs gnn_card_attn_v1   0.453    0.830     0.831    -0.378     -0.379
------------------------------------------------------------------------------------
                                              RMSE    0.0987     0.0983
  (bipartite RMSE >= combined RMSE → bipartite model not better fit)

Saved to results/logs/elo/elo_gnn_card_attn_v1_incremental.json
[sql] Tournament logged: incremental_20260419T021058Z_gnn_card_attn_v1_v20 → results/metadata.sqlite3
[confirm] Merged $VERSION into results/elo/elo_full_ladder.json: elo=1891
Done. gnn_card_attn_v1: elo=1891 elo_ussr=1926 elo_us=1816
