No panel_eval_history.json for gnn_card_attn_v1 — skipping candidate tournament
=== ELO incremental placement: gnn_card_attn_v1 ===
Exporting checkpoints to TorchScript ...
  gnn_card_attn_v1: already TorchScript, using directly
Loaded 5923 match results from SQL match_cache

Match schedule (36 total, 0 new, 36 reused from prior run):
  v56 vs v54  [reuse]
  v56 vs v44  [reuse]
  v56 vs v20  [reuse]
  v56 vs v55  [reuse]
  v56 vs v218_sc  [reuse]
  v56 vs v223_sc  [reuse]
  v56 vs v297_sc  [reuse]
  v56 vs gnn_card_attn_v1  [reuse]
  v54 vs v44  [reuse]
  v54 vs v20  [reuse]
  v54 vs v55  [reuse]
  v54 vs v218_sc  [reuse]
  v54 vs v223_sc  [reuse]
  v54 vs v297_sc  [reuse]
  v54 vs gnn_card_attn_v1  [reuse]
  v44 vs v20  [reuse]
  v44 vs v55  [reuse]
  v44 vs v218_sc  [reuse]
  v44 vs v223_sc  [reuse]
  v44 vs v297_sc  [reuse]
  v44 vs gnn_card_attn_v1  [reuse]
  v20 vs v55  [reuse]
  v20 vs v218_sc  [reuse]
  v20 vs v223_sc  [reuse]
  v20 vs v297_sc  [reuse]
  v20 vs gnn_card_attn_v1  [reuse]
  v55 vs v218_sc  [reuse]
  v55 vs v223_sc  [reuse]
  v55 vs v297_sc  [reuse]
  v55 vs gnn_card_attn_v1  [reuse]
  v218_sc vs v223_sc  [reuse]
  v218_sc vs v297_sc  [reuse]
  v218_sc vs gnn_card_attn_v1  [reuse]
  v223_sc vs v297_sc  [reuse]
  v223_sc vs gnn_card_attn_v1  [reuse]
  v297_sc vs gnn_card_attn_v1  [reuse]
  [reuse] v56 197(118u/79s) - 195(116u/79s) v54  draws=8  WR=0.502
  [reuse] v56 185(101u/84s) - 200(108u/92s) v44  draws=15  WR=0.481
  [reuse] v56 188(122u/66s) - 200(131u/69s) v20  draws=12  WR=0.485
  [reuse] v56 183(110u/73s) - 206(121u/85s) v55  draws=11  WR=0.471
  [reuse] v56 180(94u/86s) - 20(14u/6s) v218_sc  draws=0  WR=0.900
  [reuse] v56 182(92u/90s) - 18(10u/8s) v223_sc  draws=0  WR=0.910
  [reuse] v56 23(2u/21s) - 177(79u/98s) v297_sc  draws=0  WR=0.115
  [reuse] v56 119(73u/46s) - 80(53u/27s) gnn_card_attn_v1  draws=1  WR=0.598
  [reuse] v54 222(126u/96s) - 163(99u/64s) v44  draws=15  WR=0.574
  [reuse] v54 196(128u/68s) - 184(123u/61s) v20  draws=20  WR=0.515
  [reuse] v54 181(102u/79s) - 209(115u/94s) v55  draws=10  WR=0.465
  [reuse] v54 165(93u/72s) - 34(28u/6s) v218_sc  draws=1  WR=0.828
  [reuse] v54 173(94u/79s) - 24(20u/4s) v223_sc  draws=3  WR=0.873
  [reuse] v54 3(0u/3s) - 197(97u/100s) v297_sc  draws=0  WR=0.015
  [reuse] v54 118(74u/44s) - 77(52u/25s) gnn_card_attn_v1  draws=5  WR=0.603
  [reuse] v44 213(134u/79s) - 169(111u/58s) v20  draws=18  WR=0.555
  [reuse] v44 178(110u/68s) - 201(119u/82s) v55  draws=21  WR=0.471
  [reuse] v44 171(90u/81s) - 24(17u/7s) v218_sc  draws=5  WR=0.868
  [reuse] v44 165(86u/79s) - 30(19u/11s) v223_sc  draws=5  WR=0.838
  [reuse] v44 1(0u/1s) - 199(99u/100s) v297_sc  draws=0  WR=0.005
  [reuse] v44 111(65u/46s) - 85(51u/34s) gnn_card_attn_v1  draws=4  WR=0.565
  [reuse] v20 167(115u/52s) - 219(137u/82s) v55  draws=14  WR=0.435
  [reuse] v20 175(90u/85s) - 25(15u/10s) v218_sc  draws=0  WR=0.875
  [reuse] v20 176(93u/83s) - 21(16u/5s) v223_sc  draws=3  WR=0.887
  [reuse] v20 6(1u/5s) - 194(95u/99s) v297_sc  draws=0  WR=0.030
  [reuse] v20 107(65u/42s) - 87(53u/34s) gnn_card_attn_v1  draws=6  WR=0.550
  [reuse] v55 170(95u/75s) - 28(25u/3s) v218_sc  draws=2  WR=0.855
  [reuse] v55 168(88u/80s) - 30(19u/11s) v223_sc  draws=2  WR=0.845
  [reuse] v55 10(1u/9s) - 189(90u/99s) v297_sc  draws=1  WR=0.052
  [reuse] v55 131(77u/54s) - 66(45u/21s) gnn_card_attn_v1  draws=3  WR=0.662
  [reuse] v218_sc 111(56u/55s) - 89(45u/44s) v223_sc  draws=0  WR=0.555
  [reuse] v218_sc 43(24u/19s) - 154(80u/74s) v297_sc  draws=3  WR=0.223
  [reuse] v218_sc 27(16u/11s) - 171(88u/83s) gnn_card_attn_v1  draws=2  WR=0.140
  [reuse] v223_sc 31(21u/10s) - 167(89u/78s) v297_sc  draws=2  WR=0.160
  [reuse] v223_sc 28(20u/8s) - 171(92u/79s) gnn_card_attn_v1  draws=1  WR=0.142
  [reuse] v297_sc 88(52u/36s) - 107(63u/44s) gnn_card_attn_v1  draws=5  WR=0.453

Fitting BayesElo (bipartite per-side, anchor=v56_USSR=1900.0) ...
Fitting BayesElo (combined, for residual comparison) ...

Model                  USSR      US    Gap   Comb*                95% CI   vs anchor
  (bipartite per-side = PRIMARY, anchor: v56_USSR=1900)
  (* combined = derived from P(win) = 0.5·P_ussr + 0.5·P_us)
----------------------------------------------------------------------------------------
v297_sc               2107   2186  -79    2166  [  2142,   2192]  +266
v55                   1938   1864  +73    1920  [  1904,   1934]  +20
v54                   1924   1840  +84    1902  [  1886,   1916]  +2
v56                   1900   1860  +40    1900  [  1900,   1900]  +0
gnn_card_attn_v1      1926   1816  +109    1891  [  1871,   1909]  -9
v44                   1895   1845  +50    1890  [  1875,   1905]  -10
v20                   1926   1799  +127    1883  [  1868,   1898]  -17
v218_sc               1615   1559  +56    1611  [  1593,   1638]  -289
v223_sc               1585   1534  +51    1584  [  1565,   1613]  -316

Pair                              Obs WR   Bip WR   Comb WR   Bip err   Comb err
------------------------------------------------------------------------------------
v56            vs v54              0.502    0.497     0.498    +0.005     +0.005
v56            vs v44              0.481    0.515     0.514    -0.033     -0.033
v56            vs v20              0.485    0.524     0.524    -0.039     -0.039
v56            vs v55              0.471    0.471     0.473    +0.000     -0.001
v56            vs v218_sc          0.900    0.841     0.837    +0.059     +0.063
v56            vs v223_sc          0.910    0.860     0.857    +0.050     +0.053
v56            vs v297_sc          0.115    0.178     0.177    -0.063     -0.062
v56            vs gnn_card_attn_v1   0.598    0.513     0.515    +0.085     +0.083
v54            vs v44              0.574    0.517     0.516    +0.057     +0.058
v54            vs v20              0.515    0.526     0.526    -0.011     -0.011
v54            vs v55              0.465    0.475     0.475    -0.010     -0.010
v54            vs v218_sc          0.828    0.838     0.838    -0.011     -0.011
v54            vs v223_sc          0.873    0.858     0.858    +0.014     +0.014
v54            vs v297_sc          0.015    0.179     0.178    -0.164     -0.163
v54            vs gnn_card_attn_v1   0.603    0.515     0.517    +0.087     +0.086
v44            vs v20              0.555    0.510     0.510    +0.045     +0.045
v44            vs v55              0.471    0.457     0.459    +0.014     +0.012
v44            vs v218_sc          0.868    0.832     0.830    +0.036     +0.038
v44            vs v223_sc          0.838    0.853     0.850    -0.015     -0.013
v44            vs v297_sc          0.005    0.169     0.169    -0.164     -0.164
v44            vs gnn_card_attn_v1   0.565    0.498     0.501    +0.067     +0.064
v20            vs v55              0.435    0.449     0.449    -0.014     -0.014
v20            vs v218_sc          0.875    0.817     0.824    +0.058     +0.051
v20            vs v223_sc          0.887    0.839     0.845    +0.048     +0.043
v20            vs v297_sc          0.030    0.164     0.164    -0.134     -0.134
v20            vs gnn_card_attn_v1   0.550    0.489     0.490    +0.061     +0.060
v55            vs v218_sc          0.855    0.853     0.852    +0.002     +0.003
v55            vs v223_sc          0.845    0.872     0.870    -0.027     -0.025
v55            vs v297_sc          0.052    0.195     0.194    -0.143     -0.141
v55            vs gnn_card_attn_v1   0.662    0.540     0.542    +0.122     +0.121
v218_sc        vs v223_sc          0.555    0.538     0.538    +0.017     +0.017
v218_sc        vs v297_sc          0.223    0.038     0.040    +0.184     +0.182
v218_sc        vs gnn_card_attn_v1   0.140    0.173     0.171    -0.033     -0.031
v223_sc        vs v297_sc          0.160    0.033     0.035    +0.127     +0.125
v223_sc        vs gnn_card_attn_v1   0.142    0.152     0.150    -0.010     -0.008
v297_sc        vs gnn_card_attn_v1   0.453    0.830     0.831    -0.378     -0.379
------------------------------------------------------------------------------------
                                              RMSE    0.0987     0.0983
  (bipartite RMSE >= combined RMSE → bipartite model not better fit)

Saved to results/logs/elo/elo_gnn_card_attn_v1_incremental.json
[sql] Tournament logged: incremental_20260418T172955Z_gnn_card_attn_v1_v20 → results/metadata.sqlite3
[confirm] Merged $VERSION into results/elo/elo_full_ladder.json: elo=1891
Done. gnn_card_attn_v1: elo=1891 elo_ussr=1926 elo_us=1816
