Loading datasets from ['data/ppo_v6_rollouts'] ...
Subsampled to 30 most recent files
[train] 27 files from 27 iters
[train] 334,358 rows after filtering
Subsampled to 30 most recent files
[val] 3 files from 3 iters
[val] 36,959 rows after filtering
Model: control_feat_gnn_side, params=529,426
[epoch 01/15] train_top1=0.263 val_top1=0.445 val_card_loss=1.7312 val_val_loss=0.0970 t=27.9s
[epoch 02/15] train_top1=0.467 val_top1=0.488 val_card_loss=1.4627 val_val_loss=0.0837 t=26.8s
[epoch 03/15] train_top1=0.499 val_top1=0.508 val_card_loss=1.3667 val_val_loss=0.0793 t=24.8s
[epoch 04/15] train_top1=0.518 val_top1=0.519 val_card_loss=1.3341 val_val_loss=0.0769 t=26.9s
[epoch 05/15] train_top1=0.532 val_top1=0.524 val_card_loss=1.3031 val_val_loss=0.0907 t=25.2s
[epoch 06/15] train_top1=0.543 val_top1=0.523 val_card_loss=1.2909 val_val_loss=0.0757 t=26.7s
[epoch 07/15] train_top1=0.551 val_top1=0.530 val_card_loss=1.2672 val_val_loss=0.0750 t=24.8s
[epoch 08/15] train_top1=0.561 val_top1=0.534 val_card_loss=1.2438 val_val_loss=0.0776 t=26.7s
[epoch 09/15] train_top1=0.569 val_top1=0.540 val_card_loss=1.2324 val_val_loss=0.0750 t=26.1s
[epoch 10/15] train_top1=0.577 val_top1=0.541 val_card_loss=1.2307 val_val_loss=0.0756 t=26.2s
[epoch 11/15] train_top1=0.585 val_top1=0.544 val_card_loss=1.2177 val_val_loss=0.0756 t=26.8s
[epoch 12/15] train_top1=0.590 val_top1=0.548 val_card_loss=1.2069 val_val_loss=0.0756 t=25.1s
[epoch 13/15] train_top1=0.595 val_top1=0.547 val_card_loss=1.2070 val_val_loss=0.0769 t=26.9s
[epoch 14/15] train_top1=0.602 val_top1=0.548 val_card_loss=1.2014 val_val_loss=0.0764 t=25.3s
[epoch 15/15] train_top1=0.603 val_top1=0.548 val_card_loss=1.1997 val_val_loss=0.0758 t=26.9s

Best val card_top1: 0.5483
Checkpoint: data/checkpoints/arch_sweep_gnn/best.pt
