wandb: [wandb.login()] Loaded credentials for https://api.wandb.ai from WANDB_API_KEY.
wandb: Currently logged in as: dkorduban (korduban-ai) to https://api.wandb.ai. Use `wandb login --relogin` to force relogin
wandb: setting up run tmth3de7
wandb: Tracking run with wandb version 0.25.1
wandb: Run data is saved locally in /home/dkord/code/twilight-struggle-ai/wandb/run-20260408_005105-tmth3de7
wandb: Run `wandb offline` to turn off syncing.
wandb: Syncing run arch_sweep_attn_s7
wandb: ⭐️ View project at https://wandb.ai/korduban-ai/twilight-struggle-ai
wandb: 🚀 View run at https://wandb.ai/korduban-ai/twilight-struggle-ai/runs/tmth3de7
W&B run initialised: korduban-ai/twilight-struggle-ai/arch_sweep_attn_s7
[provenance] git=f28c51c1 dirty=True inputs=1 files
Device: cuda
Data dir: data/ppo_rollout_combined
Output dir: data/checkpoints/arch_sweep_attn_s7
Traceback (most recent call last):
  File "/home/dkord/code/twilight-struggle-ai/scripts/train_baseline.py", line 1210, in <module>
    main()
  File "/home/dkord/code/twilight-struggle-ai/scripts/train_baseline.py", line 910, in main
    full_dataset = TS_SelfPlayDataset(
                   ^^^^^^^^^^^^^^^^^^^
  File "/home/dkord/code/twilight-struggle-ai/scripts/../python/tsrl/policies/dataset.py", line 294, in __init__
    ussr_inf = np.array(df["ussr_influence"].to_list(), dtype=np.float32)  # (N, 86)
                        ~~^^^^^^^^^^^^^^^^^^
  File "/home/dkord/code/twilight-struggle-ai/.venv/lib/python3.12/site-packages/polars/dataframe/frame.py", line 1432, in __getitem__
    return get_df_item_by_key(self, key)
           ^^^^^^^^^^^^^^^^^^^^^^^^^^^^^
  File "/home/dkord/code/twilight-struggle-ai/.venv/lib/python3.12/site-packages/polars/_utils/getitem.py", line 163, in get_df_item_by_key
    return df.get_column(key)
           ^^^^^^^^^^^^^^^^^^
  File "/home/dkord/code/twilight-struggle-ai/.venv/lib/python3.12/site-packages/polars/dataframe/frame.py", line 9214, in get_column
    return wrap_s(self._df.get_column(name))
                  ^^^^^^^^^^^^^^^^^^^^^^^^^
polars.exceptions.ColumnNotFoundError: "ussr_influence" not found
[1;34mwandb[0m: 
[1;34mwandb[0m: 🚀 View run [33march_sweep_attn_s7[0m at: [34mhttps://wandb.ai/korduban-ai/twilight-struggle-ai/runs/tmth3de7[0m
[1;34mwandb[0m: Find logs at: [1;35mwandb/run-20260408_005105-tmth3de7/logs[0m
