/home/dkord/code/twilight-struggle-ai/.venv/lib/python3.12/site-packages/torch/serialization.py:1434: UserWarning: 'torch.load' received a zip file that looks like a TorchScript archive dispatching to 'torch.jit.load' (call 'torch.jit.load' directly to silence this warning)
  warnings.warn(
[collect_bc_dataset] model: data/checkpoints/league_v3/iter_0100.pt
[collect_bc_dataset] n_games=4000, seed=94000, out=data/v3_selfplay
[collect_bc_dataset] TorchScript model detected, scalar_dim=11
[collect_bc_dataset] detected scalar_dim=11, device=cpu

USSR side: 2000 games (seed=94000)...
    game 100/2000  steps=4,153  14.3 games/s  ussr=95 us=5 draws=0
    game 200/2000  steps=8,032  14.0 games/s  ussr=186 us=14 draws=0
    game 300/2000  steps=11,994  13.5 games/s  ussr=269 us=31 draws=0
    game 400/2000  steps=16,122  12.9 games/s  ussr=356 us=44 draws=0
    game 500/2000  steps=20,284  12.6 games/s  ussr=444 us=56 draws=0
    game 600/2000  steps=24,477  12.3 games/s  ussr=531 us=69 draws=0
    game 700/2000  steps=28,561  12.0 games/s  ussr=616 us=84 draws=0
    game 800/2000  steps=32,627  11.9 games/s  ussr=700 us=100 draws=0
    game 900/2000  steps=36,499  11.9 games/s  ussr=793 us=107 draws=0
    game 1000/2000  steps=40,542  11.7 games/s  ussr=881 us=119 draws=0
    game 1100/2000  steps=44,914  11.5 games/s  ussr=968 us=132 draws=0
    game 1200/2000  steps=49,041  11.4 games/s  ussr=1058 us=142 draws=0
    game 1300/2000  steps=53,275  11.3 games/s  ussr=1147 us=153 draws=0
    game 1400/2000  steps=57,675  11.1 games/s  ussr=1229 us=171 draws=0
    game 1500/2000  steps=61,986  11.0 games/s  ussr=1312 us=188 draws=0
    game 1600/2000  steps=65,989  11.0 games/s  ussr=1398 us=202 draws=0
    game 1700/2000  steps=70,364  10.9 games/s  ussr=1487 us=213 draws=0
    game 1800/2000  steps=74,182  10.9 games/s  ussr=1576 us=224 draws=0
    game 1900/2000  steps=78,255  10.8 games/s  ussr=1669 us=231 draws=0
    game 2000/2000  steps=82,014  10.8 games/s  ussr=1760 us=240 draws=0
  USSR: 82,014 steps in 184.6s (10.8 games/s)
  Wrote 82,014 rows → data/v3_selfplay/league_iter100_ussr_2000g_s94000.parquet

US side: 2000 games (seed=96000)...
    game 100/2000  steps=4,571  9.9 games/s  ussr=35 us=65 draws=0
    game 200/2000  steps=9,827  8.7 games/s  ussr=62 us=138 draws=0
    game 300/2000  steps=15,198  8.3 games/s  ussr=94 us=206 draws=0
    game 400/2000  steps=20,097  8.4 games/s  ussr=124 us=276 draws=0
    game 500/2000  steps=25,235  8.3 games/s  ussr=156 us=344 draws=0
    game 600/2000  steps=30,239  8.2 games/s  ussr=188 us=412 draws=0
    game 700/2000  steps=35,199  8.3 games/s  ussr=228 us=472 draws=0
    game 800/2000  steps=40,136  8.2 games/s  ussr=258 us=542 draws=0
    game 900/2000  steps=45,140  8.2 games/s  ussr=283 us=617 draws=0
    game 1000/2000  steps=50,244  8.1 games/s  ussr=315 us=685 draws=0
    game 1100/2000  steps=55,185  8.0 games/s  ussr=346 us=754 draws=0
    game 1200/2000  steps=60,347  8.0 games/s  ussr=385 us=815 draws=0
    game 1300/2000  steps=65,910  7.8 games/s  ussr=415 us=885 draws=0
    game 1400/2000  steps=71,275  7.8 games/s  ussr=444 us=956 draws=0
    game 1500/2000  steps=76,314  7.8 games/s  ussr=472 us=1028 draws=0
    game 1600/2000  steps=80,923  7.9 games/s  ussr=496 us=1104 draws=0
    game 1700/2000  steps=85,945  7.8 games/s  ussr=517 us=1183 draws=0
    game 1800/2000  steps=90,854  7.9 games/s  ussr=552 us=1248 draws=0
    game 1900/2000  steps=96,137  7.9 games/s  ussr=583 us=1317 draws=0
    game 2000/2000  steps=100,931  7.9 games/s  ussr=615 us=1385 draws=0
  US: 100,931 steps in 253.9s (7.9 games/s)
  Wrote 100,931 rows → data/v3_selfplay/league_iter100_us_2000g_s96000.parquet

[collect_bc_dataset] Done. Total: 182,945 steps
