wandb: [wandb.login()] Loaded credentials for https://api.wandb.ai from WANDB_API_KEY.
wandb: Currently logged in as: dkorduban (korduban-ai) to https://api.wandb.ai. Use `wandb login --relogin` to force relogin
wandb: setting up run 2e0du2p1
wandb: Tracking run with wandb version 0.25.1
wandb: Run data is saved locally in /home/dkord/code/twilight-struggle-ai/wandb/run-20260407_202227-2e0du2p1
wandb: Run `wandb offline` to turn off syncing.
wandb: Syncing run control_feat_gnn_side_s123_05M
wandb: ⭐️ View project at https://wandb.ai/korduban-ai/twilight-struggle-ai
wandb: 🚀 View run at https://wandb.ai/korduban-ai/twilight-struggle-ai/runs/2e0du2p1
W&B run initialised: korduban-ai/twilight-struggle-ai/control_feat_gnn_side_s123_05M
[provenance] git=f28c51c1 dirty=True inputs=2 files
Device: cuda
Data dir: data/v3_selfplay_05M
Output dir: data/checkpoints/phase4/control_feat_gnn_side_s123_05M
[dataset] Loaded 183,983 rows from 2 file(s) in 5.1s
Dataset: 183983 steps  (train=165585, val=18398)
[wandb] Dataset QA: 183,983 rows, 2 files, composition: {'other': 183983}
  [deterministic split] train=165,059  val=18,924  (10.3% val)
Model parameters: 529,426

=== Epoch 1/60 ===
Epoch 1 summary  train_loss=10.4381  train_card_top1=0.017  train_card_mrr=0.065  train_mode_acc=0.528  train_country_ce=4.1747  train_teacher_coverage=0.000  train_teacher_kl_card=0.0000  train_teacher_kl_mode=0.0000  val_loss=9.7384  val_card_top1=0.021  val_card_mrr=0.081  val_card_nll=4.5825  val_card_conf=0.027  val_mode_acc=0.586  val_country_ce=3.7588  country_top1=0.127  val_value_mse=0.3507  elapsed=19.5s  [BEST]
Saved checkpoint: data/checkpoints/phase4/control_feat_gnn_side_s123_05M/baseline_epoch1.pt
Saved best checkpoint: data/checkpoints/phase4/control_feat_gnn_side_s123_05M/baseline_best.pt  (val_loss=9.7384)

=== Epoch 2/60 ===
Epoch 2 summary  train_loss=9.3873  train_card_top1=0.022  train_card_mrr=0.087  train_mode_acc=0.576  train_country_ce=3.4242  train_teacher_coverage=0.000  train_teacher_kl_card=0.0000  train_teacher_kl_mode=0.0000  val_loss=8.8612  val_card_top1=0.024  val_card_mrr=0.092  val_card_nll=4.4402  val_card_conf=0.037  val_mode_acc=0.617  val_country_ce=3.0211  country_top1=0.198  val_value_mse=0.3539  elapsed=4.4s  [BEST]
Saved checkpoint: data/checkpoints/phase4/control_feat_gnn_side_s123_05M/baseline_epoch2.pt
Saved best checkpoint: data/checkpoints/phase4/control_feat_gnn_side_s123_05M/baseline_best.pt  (val_loss=8.8612)

=== Epoch 3/60 ===
Epoch 3 summary  train_loss=8.6804  train_card_top1=0.027  train_card_mrr=0.098  train_mode_acc=0.589  train_country_ce=2.8912  train_teacher_coverage=0.000  train_teacher_kl_card=0.0000  train_teacher_kl_mode=0.0000  val_loss=8.2462  val_card_top1=0.032  val_card_mrr=0.109  val_card_nll=4.2060  val_card_conf=0.035  val_mode_acc=0.621  val_country_ce=2.6469  country_top1=0.251  val_value_mse=0.3585  elapsed=3.6s  [BEST]
Saved checkpoint: data/checkpoints/phase4/control_feat_gnn_side_s123_05M/baseline_epoch3.pt
Saved best checkpoint: data/checkpoints/phase4/control_feat_gnn_side_s123_05M/baseline_best.pt  (val_loss=8.2462)

=== Epoch 4/60 ===
Epoch 4 summary  train_loss=8.1345  train_card_top1=0.035  train_card_mrr=0.119  train_mode_acc=0.608  train_country_ce=2.6119  train_teacher_coverage=0.000  train_teacher_kl_card=0.0000  train_teacher_kl_mode=0.0000  val_loss=7.7560  val_card_top1=0.049  val_card_mrr=0.144  val_card_nll=3.9791  val_card_conf=0.038  val_mode_acc=0.663  val_country_ce=2.4337  country_top1=0.296  val_value_mse=0.3512  elapsed=4.1s  [BEST]
Saved checkpoint: data/checkpoints/phase4/control_feat_gnn_side_s123_05M/baseline_epoch4.pt
Saved best checkpoint: data/checkpoints/phase4/control_feat_gnn_side_s123_05M/baseline_best.pt  (val_loss=7.7560)

=== Epoch 5/60 ===
Epoch 5 summary  train_loss=7.6951  train_card_top1=0.064  train_card_mrr=0.166  train_mode_acc=0.664  train_country_ce=2.4496  train_teacher_coverage=0.000  train_teacher_kl_card=0.0000  train_teacher_kl_mode=0.0000  val_loss=7.3340  val_card_top1=0.104  val_card_mrr=0.219  val_card_nll=3.7516  val_card_conf=0.048  val_mode_acc=0.700  val_country_ce=2.2900  country_top1=0.337  val_value_mse=0.3537  elapsed=4.1s  [BEST]
Saved checkpoint: data/checkpoints/phase4/control_feat_gnn_side_s123_05M/baseline_epoch5.pt
Saved best checkpoint: data/checkpoints/phase4/control_feat_gnn_side_s123_05M/baseline_best.pt  (val_loss=7.3340)

=== Epoch 6/60 ===
Epoch 6 summary  train_loss=7.1890  train_card_top1=0.131  train_card_mrr=0.258  train_mode_acc=0.700  train_country_ce=2.2991  train_teacher_coverage=0.000  train_teacher_kl_card=0.0000  train_teacher_kl_mode=0.0000  val_loss=6.7575  val_card_top1=0.204  val_card_mrr=0.345  val_card_nll=3.3269  val_card_conf=0.086  val_mode_acc=0.735  val_country_ce=2.1633  country_top1=0.352  val_value_mse=0.3669  elapsed=4.1s  [BEST]
Saved checkpoint: data/checkpoints/phase4/control_feat_gnn_side_s123_05M/baseline_epoch6.pt
Saved best checkpoint: data/checkpoints/phase4/control_feat_gnn_side_s123_05M/baseline_best.pt  (val_loss=6.7575)

=== Epoch 7/60 ===
Epoch 7 summary  train_loss=6.4657  train_card_top1=0.259  train_card_mrr=0.407  train_mode_acc=0.750  train_country_ce=2.1635  train_teacher_coverage=0.000  train_teacher_kl_card=0.0000  train_teacher_kl_mode=0.0000  val_loss=5.9156  val_card_top1=0.337  val_card_mrr=0.494  val_card_nll=2.6347  val_card_conf=0.203  val_mode_acc=0.784  val_country_ce=2.0633  country_top1=0.375  val_value_mse=0.3497  elapsed=4.1s  [BEST]
Saved checkpoint: data/checkpoints/phase4/control_feat_gnn_side_s123_05M/baseline_epoch7.pt
Saved best checkpoint: data/checkpoints/phase4/control_feat_gnn_side_s123_05M/baseline_best.pt  (val_loss=5.9156)

=== Epoch 8/60 ===
Epoch 8 summary  train_loss=5.6447  train_card_top1=0.396  train_card_mrr=0.555  train_mode_acc=0.791  train_country_ce=2.0656  train_teacher_coverage=0.000  train_teacher_kl_card=0.0000  train_teacher_kl_mode=0.0000  val_loss=5.1749  val_card_top1=0.467  val_card_mrr=0.626  val_card_nll=1.9436  val_card_conf=0.363  val_mode_acc=0.826  val_country_ce=2.0075  country_top1=0.375  val_value_mse=0.3543  elapsed=4.1s  [BEST]
Saved checkpoint: data/checkpoints/phase4/control_feat_gnn_side_s123_05M/baseline_epoch8.pt
Saved best checkpoint: data/checkpoints/phase4/control_feat_gnn_side_s123_05M/baseline_best.pt  (val_loss=5.1749)

=== Epoch 9/60 ===
Epoch 9 summary  train_loss=4.9995  train_card_top1=0.504  train_card_mrr=0.659  train_mode_acc=0.820  train_country_ce=1.9826  train_teacher_coverage=0.000  train_teacher_kl_card=0.0000  train_teacher_kl_mode=0.0000  val_loss=4.7345  val_card_top1=0.550  val_card_mrr=0.701  val_card_nll=1.5362  val_card_conf=0.500  val_mode_acc=0.843  val_country_ce=1.9356  country_top1=0.390  val_value_mse=0.3788  elapsed=4.1s  [BEST]
Saved checkpoint: data/checkpoints/phase4/control_feat_gnn_side_s123_05M/baseline_epoch9.pt
Saved best checkpoint: data/checkpoints/phase4/control_feat_gnn_side_s123_05M/baseline_best.pt  (val_loss=4.7345)

=== Epoch 10/60 ===
Epoch 10 summary  train_loss=4.6176  train_card_top1=0.565  train_card_mrr=0.715  train_mode_acc=0.840  train_country_ce=1.9057  train_teacher_coverage=0.000  train_teacher_kl_card=0.0000  train_teacher_kl_mode=0.0000  val_loss=4.4430  val_card_top1=0.595  val_card_mrr=0.742  val_card_nll=1.3080  val_card_conf=0.559  val_mode_acc=0.851  val_country_ce=1.8876  country_top1=0.398  val_value_mse=0.3630  elapsed=4.0s  [BEST]
Saved checkpoint: data/checkpoints/phase4/control_feat_gnn_side_s123_05M/baseline_epoch10.pt
Saved best checkpoint: data/checkpoints/phase4/control_feat_gnn_side_s123_05M/baseline_best.pt  (val_loss=4.4430)

=== Epoch 11/60 ===
Epoch 11 summary  train_loss=4.3462  train_card_top1=0.608  train_card_mrr=0.752  train_mode_acc=0.853  train_country_ce=1.8406  train_teacher_coverage=0.000  train_teacher_kl_card=0.0000  train_teacher_kl_mode=0.0000  val_loss=4.2608  val_card_top1=0.628  val_card_mrr=0.768  val_card_nll=1.1903  val_card_conf=0.593  val_mode_acc=0.864  val_country_ce=1.8364  country_top1=0.407  val_value_mse=0.3581  elapsed=4.1s  [BEST]
Saved checkpoint: data/checkpoints/phase4/control_feat_gnn_side_s123_05M/baseline_epoch11.pt
Saved best checkpoint: data/checkpoints/phase4/control_feat_gnn_side_s123_05M/baseline_best.pt  (val_loss=4.2608)

=== Epoch 12/60 ===
Epoch 12 summary  train_loss=4.1591  train_card_top1=0.633  train_card_mrr=0.771  train_mode_acc=0.867  train_country_ce=1.7802  train_teacher_coverage=0.000  train_teacher_kl_card=0.0000  train_teacher_kl_mode=0.0000  val_loss=4.1743  val_card_top1=0.643  val_card_mrr=0.780  val_card_nll=1.1266  val_card_conf=0.619  val_mode_acc=0.872  val_country_ce=1.8024  country_top1=0.412  val_value_mse=0.3778  elapsed=4.1s  [BEST]
Saved checkpoint: data/checkpoints/phase4/control_feat_gnn_side_s123_05M/baseline_epoch12.pt
Saved best checkpoint: data/checkpoints/phase4/control_feat_gnn_side_s123_05M/baseline_best.pt  (val_loss=4.1743)

=== Epoch 13/60 ===
Epoch 13 summary  train_loss=4.0742  train_card_top1=0.650  train_card_mrr=0.784  train_mode_acc=0.864  train_country_ce=1.7509  train_teacher_coverage=0.000  train_teacher_kl_card=0.0000  train_teacher_kl_mode=0.0000  val_loss=4.0946  val_card_top1=0.656  val_card_mrr=0.789  val_card_nll=1.0854  val_card_conf=0.626  val_mode_acc=0.874  val_country_ce=1.7965  country_top1=0.411  val_value_mse=0.3592  elapsed=4.1s  [BEST]
Saved checkpoint: data/checkpoints/phase4/control_feat_gnn_side_s123_05M/baseline_epoch13.pt
Saved best checkpoint: data/checkpoints/phase4/control_feat_gnn_side_s123_05M/baseline_best.pt  (val_loss=4.0946)

=== Epoch 14/60 ===
Epoch 14 summary  train_loss=3.9397  train_card_top1=0.663  train_card_mrr=0.795  train_mode_acc=0.875  train_country_ce=1.7094  train_teacher_coverage=0.000  train_teacher_kl_card=0.0000  train_teacher_kl_mode=0.0000  val_loss=4.0542  val_card_top1=0.665  val_card_mrr=0.796  val_card_nll=1.0435  val_card_conf=0.645  val_mode_acc=0.876  val_country_ce=1.7773  country_top1=0.424  val_value_mse=0.3661  elapsed=4.1s  [BEST]
Saved checkpoint: data/checkpoints/phase4/control_feat_gnn_side_s123_05M/baseline_epoch14.pt
Saved best checkpoint: data/checkpoints/phase4/control_feat_gnn_side_s123_05M/baseline_best.pt  (val_loss=4.0542)

=== Epoch 15/60 ===
Epoch 15 summary  train_loss=3.8363  train_card_top1=0.676  train_card_mrr=0.804  train_mode_acc=0.880  train_country_ce=1.6699  train_teacher_coverage=0.000  train_teacher_kl_card=0.0000  train_teacher_kl_mode=0.0000  val_loss=4.0573  val_card_top1=0.671  val_card_mrr=0.800  val_card_nll=0.9936  val_card_conf=0.669  val_mode_acc=0.877  val_country_ce=1.8009  country_top1=0.402  val_value_mse=0.3863  elapsed=4.1s
Saved checkpoint: data/checkpoints/phase4/control_feat_gnn_side_s123_05M/baseline_epoch15.pt

=== Epoch 16/60 ===
Epoch 16 summary  train_loss=3.7818  train_card_top1=0.681  train_card_mrr=0.808  train_mode_acc=0.885  train_country_ce=1.6437  train_teacher_coverage=0.000  train_teacher_kl_card=0.0000  train_teacher_kl_mode=0.0000  val_loss=3.9972  val_card_top1=0.679  val_card_mrr=0.807  val_card_nll=0.9758  val_card_conf=0.672  val_mode_acc=0.881  val_country_ce=1.7779  country_top1=0.406  val_value_mse=0.3811  elapsed=4.1s  [BEST]
Saved checkpoint: data/checkpoints/phase4/control_feat_gnn_side_s123_05M/baseline_epoch16.pt
Saved best checkpoint: data/checkpoints/phase4/control_feat_gnn_side_s123_05M/baseline_best.pt  (val_loss=3.9972)

=== Epoch 17/60 ===
Epoch 17 summary  train_loss=3.6616  train_card_top1=0.698  train_card_mrr=0.820  train_mode_acc=0.888  train_country_ce=1.6041  train_teacher_coverage=0.000  train_teacher_kl_card=0.0000  train_teacher_kl_mode=0.0000  val_loss=3.9263  val_card_top1=0.692  val_card_mrr=0.815  val_card_nll=0.9343  val_card_conf=0.695  val_mode_acc=0.888  val_country_ce=1.7339  country_top1=0.445  val_value_mse=0.3940  elapsed=4.1s  [BEST]
Saved checkpoint: data/checkpoints/phase4/control_feat_gnn_side_s123_05M/baseline_epoch17.pt
Saved best checkpoint: data/checkpoints/phase4/control_feat_gnn_side_s123_05M/baseline_best.pt  (val_loss=3.9263)

=== Epoch 18/60 ===
Epoch 18 summary  train_loss=3.6226  train_card_top1=0.707  train_card_mrr=0.825  train_mode_acc=0.892  train_country_ce=1.5791  train_teacher_coverage=0.000  train_teacher_kl_card=0.0000  train_teacher_kl_mode=0.0000  val_loss=3.9384  val_card_top1=0.683  val_card_mrr=0.811  val_card_nll=0.9432  val_card_conf=0.683  val_mode_acc=0.884  val_country_ce=1.7559  country_top1=0.433  val_value_mse=0.3743  elapsed=4.0s
Saved checkpoint: data/checkpoints/phase4/control_feat_gnn_side_s123_05M/baseline_epoch18.pt

=== Epoch 19/60 ===
Epoch 19 summary  train_loss=3.5166  train_card_top1=0.716  train_card_mrr=0.832  train_mode_acc=0.894  train_country_ce=1.5444  train_teacher_coverage=0.000  train_teacher_kl_card=0.0000  train_teacher_kl_mode=0.0000  val_loss=3.8960  val_card_top1=0.697  val_card_mrr=0.819  val_card_nll=0.9250  val_card_conf=0.684  val_mode_acc=0.891  val_country_ce=1.7152  country_top1=0.448  val_value_mse=0.4149  elapsed=4.1s  [BEST]
Saved checkpoint: data/checkpoints/phase4/control_feat_gnn_side_s123_05M/baseline_epoch19.pt
Saved best checkpoint: data/checkpoints/phase4/control_feat_gnn_side_s123_05M/baseline_best.pt  (val_loss=3.8960)

=== Epoch 20/60 ===
Epoch 20 summary  train_loss=3.4459  train_card_top1=0.724  train_card_mrr=0.837  train_mode_acc=0.898  train_country_ce=1.5134  train_teacher_coverage=0.000  train_teacher_kl_card=0.0000  train_teacher_kl_mode=0.0000  val_loss=3.8586  val_card_top1=0.704  val_card_mrr=0.824  val_card_nll=0.8903  val_card_conf=0.709  val_mode_acc=0.891  val_country_ce=1.6950  country_top1=0.432  val_value_mse=0.4174  elapsed=4.1s  [BEST]
Saved checkpoint: data/checkpoints/phase4/control_feat_gnn_side_s123_05M/baseline_epoch20.pt
Saved best checkpoint: data/checkpoints/phase4/control_feat_gnn_side_s123_05M/baseline_best.pt  (val_loss=3.8586)

=== Epoch 21/60 ===
Epoch 21 summary  train_loss=3.3873  train_card_top1=0.732  train_card_mrr=0.843  train_mode_acc=0.900  train_country_ce=1.4853  train_teacher_coverage=0.000  train_teacher_kl_card=0.0000  train_teacher_kl_mode=0.0000  val_loss=3.8123  val_card_top1=0.707  val_card_mrr=0.826  val_card_nll=0.8748  val_card_conf=0.709  val_mode_acc=0.891  val_country_ce=1.6903  country_top1=0.438  val_value_mse=0.3962  elapsed=4.1s  [BEST]
Saved checkpoint: data/checkpoints/phase4/control_feat_gnn_side_s123_05M/baseline_epoch21.pt
Saved best checkpoint: data/checkpoints/phase4/control_feat_gnn_side_s123_05M/baseline_best.pt  (val_loss=3.8123)

=== Epoch 22/60 ===
Epoch 22 summary  train_loss=3.3168  train_card_top1=0.738  train_card_mrr=0.847  train_mode_acc=0.903  train_country_ce=1.4590  train_teacher_coverage=0.000  train_teacher_kl_card=0.0000  train_teacher_kl_mode=0.0000  val_loss=3.8676  val_card_top1=0.708  val_card_mrr=0.827  val_card_nll=0.8668  val_card_conf=0.719  val_mode_acc=0.891  val_country_ce=1.7101  country_top1=0.430  val_value_mse=0.4267  elapsed=4.1s
Saved checkpoint: data/checkpoints/phase4/control_feat_gnn_side_s123_05M/baseline_epoch22.pt

=== Epoch 23/60 ===
Epoch 23 summary  train_loss=3.2987  train_card_top1=0.743  train_card_mrr=0.850  train_mode_acc=0.904  train_country_ce=1.4485  train_teacher_coverage=0.000  train_teacher_kl_card=0.0000  train_teacher_kl_mode=0.0000  val_loss=3.8212  val_card_top1=0.710  val_card_mrr=0.829  val_card_nll=0.8580  val_card_conf=0.715  val_mode_acc=0.894  val_country_ce=1.6843  country_top1=0.452  val_value_mse=0.4230  elapsed=4.1s
Saved checkpoint: data/checkpoints/phase4/control_feat_gnn_side_s123_05M/baseline_epoch23.pt

=== Epoch 24/60 ===
Epoch 24 summary  train_loss=3.2348  train_card_top1=0.748  train_card_mrr=0.854  train_mode_acc=0.906  train_country_ce=1.4158  train_teacher_coverage=0.000  train_teacher_kl_card=0.0000  train_teacher_kl_mode=0.0000  val_loss=3.8024  val_card_top1=0.711  val_card_mrr=0.830  val_card_nll=0.8422  val_card_conf=0.723  val_mode_acc=0.898  val_country_ce=1.7019  country_top1=0.435  val_value_mse=0.4078  elapsed=4.1s  [BEST]
Saved checkpoint: data/checkpoints/phase4/control_feat_gnn_side_s123_05M/baseline_epoch24.pt
Saved best checkpoint: data/checkpoints/phase4/control_feat_gnn_side_s123_05M/baseline_best.pt  (val_loss=3.8024)

=== Epoch 25/60 ===
Epoch 25 summary  train_loss=3.1807  train_card_top1=0.754  train_card_mrr=0.857  train_mode_acc=0.908  train_country_ce=1.3931  train_teacher_coverage=0.000  train_teacher_kl_card=0.0000  train_teacher_kl_mode=0.0000  val_loss=3.7988  val_card_top1=0.714  val_card_mrr=0.831  val_card_nll=0.8374  val_card_conf=0.726  val_mode_acc=0.901  val_country_ce=1.6904  country_top1=0.451  val_value_mse=0.4233  elapsed=4.1s  [BEST]
Saved checkpoint: data/checkpoints/phase4/control_feat_gnn_side_s123_05M/baseline_epoch25.pt
Saved best checkpoint: data/checkpoints/phase4/control_feat_gnn_side_s123_05M/baseline_best.pt  (val_loss=3.7988)

=== Epoch 26/60 ===
Epoch 26 summary  train_loss=3.1553  train_card_top1=0.759  train_card_mrr=0.860  train_mode_acc=0.909  train_country_ce=1.3849  train_teacher_coverage=0.000  train_teacher_kl_card=0.0000  train_teacher_kl_mode=0.0000  val_loss=3.7771  val_card_top1=0.717  val_card_mrr=0.833  val_card_nll=0.8415  val_card_conf=0.725  val_mode_acc=0.898  val_country_ce=1.6693  country_top1=0.455  val_value_mse=0.4172  elapsed=4.0s  [BEST]
Saved checkpoint: data/checkpoints/phase4/control_feat_gnn_side_s123_05M/baseline_epoch26.pt
Saved best checkpoint: data/checkpoints/phase4/control_feat_gnn_side_s123_05M/baseline_best.pt  (val_loss=3.7771)

=== Epoch 27/60 ===
Epoch 27 summary  train_loss=3.1107  train_card_top1=0.763  train_card_mrr=0.863  train_mode_acc=0.911  train_country_ce=1.3581  train_teacher_coverage=0.000  train_teacher_kl_card=0.0000  train_teacher_kl_mode=0.0000  val_loss=3.7925  val_card_top1=0.717  val_card_mrr=0.834  val_card_nll=0.8226  val_card_conf=0.737  val_mode_acc=0.900  val_country_ce=1.6765  country_top1=0.444  val_value_mse=0.4388  elapsed=4.0s
Saved checkpoint: data/checkpoints/phase4/control_feat_gnn_side_s123_05M/baseline_epoch27.pt

=== Epoch 28/60 ===
Epoch 28 summary  train_loss=3.0655  train_card_top1=0.767  train_card_mrr=0.866  train_mode_acc=0.912  train_country_ce=1.3342  train_teacher_coverage=0.000  train_teacher_kl_card=0.0000  train_teacher_kl_mode=0.0000  val_loss=3.8255  val_card_top1=0.720  val_card_mrr=0.835  val_card_nll=0.8303  val_card_conf=0.737  val_mode_acc=0.899  val_country_ce=1.7237  country_top1=0.423  val_value_mse=0.4204  elapsed=4.1s
Saved checkpoint: data/checkpoints/phase4/control_feat_gnn_side_s123_05M/baseline_epoch28.pt

=== Epoch 29/60 ===
Epoch 29 summary  train_loss=3.0368  train_card_top1=0.770  train_card_mrr=0.867  train_mode_acc=0.914  train_country_ce=1.3270  train_teacher_coverage=0.000  train_teacher_kl_card=0.0000  train_teacher_kl_mode=0.0000  val_loss=3.7828  val_card_top1=0.724  val_card_mrr=0.837  val_card_nll=0.8159  val_card_conf=0.736  val_mode_acc=0.901  val_country_ce=1.7009  country_top1=0.442  val_value_mse=0.4155  elapsed=4.1s
Saved checkpoint: data/checkpoints/phase4/control_feat_gnn_side_s123_05M/baseline_epoch29.pt

=== Epoch 30/60 ===
Epoch 30 summary  train_loss=3.0038  train_card_top1=0.777  train_card_mrr=0.872  train_mode_acc=0.915  train_country_ce=1.3111  train_teacher_coverage=0.000  train_teacher_kl_card=0.0000  train_teacher_kl_mode=0.0000  val_loss=3.7770  val_card_top1=0.721  val_card_mrr=0.836  val_card_nll=0.8226  val_card_conf=0.737  val_mode_acc=0.901  val_country_ce=1.6730  country_top1=0.454  val_value_mse=0.4302  elapsed=4.1s  [BEST]
Saved checkpoint: data/checkpoints/phase4/control_feat_gnn_side_s123_05M/baseline_epoch30.pt
Saved best checkpoint: data/checkpoints/phase4/control_feat_gnn_side_s123_05M/baseline_best.pt  (val_loss=3.7770)

=== Epoch 31/60 ===
Epoch 31 summary  train_loss=2.9718  train_card_top1=0.778  train_card_mrr=0.873  train_mode_acc=0.916  train_country_ce=1.2909  train_teacher_coverage=0.000  train_teacher_kl_card=0.0000  train_teacher_kl_mode=0.0000  val_loss=3.7945  val_card_top1=0.721  val_card_mrr=0.836  val_card_nll=0.8071  val_card_conf=0.744  val_mode_acc=0.902  val_country_ce=1.6850  country_top1=0.445  val_value_mse=0.4392  elapsed=4.1s
Saved checkpoint: data/checkpoints/phase4/control_feat_gnn_side_s123_05M/baseline_epoch31.pt

=== Epoch 32/60 ===
Epoch 32 summary  train_loss=2.9389  train_card_top1=0.783  train_card_mrr=0.876  train_mode_acc=0.917  train_country_ce=1.2769  train_teacher_coverage=0.000  train_teacher_kl_card=0.0000  train_teacher_kl_mode=0.0000  val_loss=3.7918  val_card_top1=0.726  val_card_mrr=0.839  val_card_nll=0.8025  val_card_conf=0.749  val_mode_acc=0.900  val_country_ce=1.6880  country_top1=0.451  val_value_mse=0.4376  elapsed=4.1s
Saved checkpoint: data/checkpoints/phase4/control_feat_gnn_side_s123_05M/baseline_epoch32.pt

=== Epoch 33/60 ===
Epoch 33 summary  train_loss=2.9181  train_card_top1=0.787  train_card_mrr=0.879  train_mode_acc=0.918  train_country_ce=1.2673  train_teacher_coverage=0.000  train_teacher_kl_card=0.0000  train_teacher_kl_mode=0.0000  val_loss=3.7961  val_card_top1=0.723  val_card_mrr=0.837  val_card_nll=0.8112  val_card_conf=0.745  val_mode_acc=0.901  val_country_ce=1.6816  country_top1=0.452  val_value_mse=0.4493  elapsed=4.0s
Saved checkpoint: data/checkpoints/phase4/control_feat_gnn_side_s123_05M/baseline_epoch33.pt

=== Epoch 34/60 ===
Epoch 34 summary  train_loss=2.8966  train_card_top1=0.790  train_card_mrr=0.880  train_mode_acc=0.919  train_country_ce=1.2562  train_teacher_coverage=0.000  train_teacher_kl_card=0.0000  train_teacher_kl_mode=0.0000  val_loss=3.7700  val_card_top1=0.726  val_card_mrr=0.839  val_card_nll=0.8029  val_card_conf=0.749  val_mode_acc=0.901  val_country_ce=1.6803  country_top1=0.459  val_value_mse=0.4353  elapsed=4.0s  [BEST]
Saved checkpoint: data/checkpoints/phase4/control_feat_gnn_side_s123_05M/baseline_epoch34.pt
Saved best checkpoint: data/checkpoints/phase4/control_feat_gnn_side_s123_05M/baseline_best.pt  (val_loss=3.7700)

=== Epoch 35/60 ===
Epoch 35 summary  train_loss=2.8634  train_card_top1=0.792  train_card_mrr=0.881  train_mode_acc=0.920  train_country_ce=1.2378  train_teacher_coverage=0.000  train_teacher_kl_card=0.0000  train_teacher_kl_mode=0.0000  val_loss=3.7569  val_card_top1=0.726  val_card_mrr=0.839  val_card_nll=0.7957  val_card_conf=0.746  val_mode_acc=0.900  val_country_ce=1.6814  country_top1=0.462  val_value_mse=0.4264  elapsed=4.1s  [BEST]
Saved checkpoint: data/checkpoints/phase4/control_feat_gnn_side_s123_05M/baseline_epoch35.pt
Saved best checkpoint: data/checkpoints/phase4/control_feat_gnn_side_s123_05M/baseline_best.pt  (val_loss=3.7569)

=== Epoch 36/60 ===
Epoch 36 summary  train_loss=2.8443  train_card_top1=0.795  train_card_mrr=0.883  train_mode_acc=0.920  train_country_ce=1.2288  train_teacher_coverage=0.000  train_teacher_kl_card=0.0000  train_teacher_kl_mode=0.0000  val_loss=3.7591  val_card_top1=0.730  val_card_mrr=0.842  val_card_nll=0.7910  val_card_conf=0.746  val_mode_acc=0.902  val_country_ce=1.6799  country_top1=0.462  val_value_mse=0.4346  elapsed=4.1s
Saved checkpoint: data/checkpoints/phase4/control_feat_gnn_side_s123_05M/baseline_epoch36.pt

=== Epoch 37/60 ===
Epoch 37 summary  train_loss=2.8166  train_card_top1=0.798  train_card_mrr=0.885  train_mode_acc=0.922  train_country_ce=1.2154  train_teacher_coverage=0.000  train_teacher_kl_card=0.0000  train_teacher_kl_mode=0.0000  val_loss=3.7839  val_card_top1=0.726  val_card_mrr=0.839  val_card_nll=0.7907  val_card_conf=0.752  val_mode_acc=0.901  val_country_ce=1.6927  country_top1=0.459  val_value_mse=0.4373  elapsed=4.1s
Saved checkpoint: data/checkpoints/phase4/control_feat_gnn_side_s123_05M/baseline_epoch37.pt

=== Epoch 38/60 ===
Epoch 38 summary  train_loss=2.7918  train_card_top1=0.801  train_card_mrr=0.887  train_mode_acc=0.922  train_country_ce=1.1980  train_teacher_coverage=0.000  train_teacher_kl_card=0.0000  train_teacher_kl_mode=0.0000  val_loss=3.7879  val_card_top1=0.729  val_card_mrr=0.841  val_card_nll=0.7920  val_card_conf=0.754  val_mode_acc=0.901  val_country_ce=1.6894  country_top1=0.473  val_value_mse=0.4477  elapsed=4.1s
Saved checkpoint: data/checkpoints/phase4/control_feat_gnn_side_s123_05M/baseline_epoch38.pt

=== Epoch 39/60 ===
Epoch 39 summary  train_loss=2.7696  train_card_top1=0.802  train_card_mrr=0.888  train_mode_acc=0.923  train_country_ce=1.1868  train_teacher_coverage=0.000  train_teacher_kl_card=0.0000  train_teacher_kl_mode=0.0000  val_loss=3.7843  val_card_top1=0.733  val_card_mrr=0.843  val_card_nll=0.7825  val_card_conf=0.754  val_mode_acc=0.902  val_country_ce=1.6948  country_top1=0.460  val_value_mse=0.4483  elapsed=4.1s
Saved checkpoint: data/checkpoints/phase4/control_feat_gnn_side_s123_05M/baseline_epoch39.pt

=== Epoch 40/60 ===
Epoch 40 summary  train_loss=2.7520  train_card_top1=0.807  train_card_mrr=0.891  train_mode_acc=0.923  train_country_ce=1.1801  train_teacher_coverage=0.000  train_teacher_kl_card=0.0000  train_teacher_kl_mode=0.0000  val_loss=3.7739  val_card_top1=0.731  val_card_mrr=0.842  val_card_nll=0.7836  val_card_conf=0.754  val_mode_acc=0.902  val_country_ce=1.6876  country_top1=0.463  val_value_mse=0.4435  elapsed=4.1s
Saved checkpoint: data/checkpoints/phase4/control_feat_gnn_side_s123_05M/baseline_epoch40.pt

=== Epoch 41/60 ===
Epoch 41 summary  train_loss=2.7287  train_card_top1=0.809  train_card_mrr=0.892  train_mode_acc=0.925  train_country_ce=1.1641  train_teacher_coverage=0.000  train_teacher_kl_card=0.0000  train_teacher_kl_mode=0.0000  val_loss=3.7832  val_card_top1=0.731  val_card_mrr=0.842  val_card_nll=0.7820  val_card_conf=0.755  val_mode_acc=0.902  val_country_ce=1.6965  country_top1=0.460  val_value_mse=0.4451  elapsed=4.1s
Saved checkpoint: data/checkpoints/phase4/control_feat_gnn_side_s123_05M/baseline_epoch41.pt

=== Epoch 42/60 ===
Epoch 42 summary  train_loss=2.7077  train_card_top1=0.810  train_card_mrr=0.893  train_mode_acc=0.925  train_country_ce=1.1537  train_teacher_coverage=0.000  train_teacher_kl_card=0.0000  train_teacher_kl_mode=0.0000  val_loss=3.8086  val_card_top1=0.728  val_card_mrr=0.840  val_card_nll=0.7825  val_card_conf=0.759  val_mode_acc=0.901  val_country_ce=1.7060  country_top1=0.458  val_value_mse=0.4588  elapsed=4.0s
Saved checkpoint: data/checkpoints/phase4/control_feat_gnn_side_s123_05M/baseline_epoch42.pt

=== Epoch 43/60 ===
Epoch 43 summary  train_loss=2.6957  train_card_top1=0.815  train_card_mrr=0.896  train_mode_acc=0.926  train_country_ce=1.1505  train_teacher_coverage=0.000  train_teacher_kl_card=0.0000  train_teacher_kl_mode=0.0000  val_loss=3.7968  val_card_top1=0.730  val_card_mrr=0.842  val_card_nll=0.7803  val_card_conf=0.757  val_mode_acc=0.903  val_country_ce=1.7099  country_top1=0.459  val_value_mse=0.4451  elapsed=4.1s
Saved checkpoint: data/checkpoints/phase4/control_feat_gnn_side_s123_05M/baseline_epoch43.pt

=== Epoch 44/60 ===
Epoch 44 summary  train_loss=2.6841  train_card_top1=0.813  train_card_mrr=0.895  train_mode_acc=0.925  train_country_ce=1.1406  train_teacher_coverage=0.000  train_teacher_kl_card=0.0000  train_teacher_kl_mode=0.0000  val_loss=3.7853  val_card_top1=0.732  val_card_mrr=0.843  val_card_nll=0.7798  val_card_conf=0.759  val_mode_acc=0.902  val_country_ce=1.7021  country_top1=0.464  val_value_mse=0.4440  elapsed=4.1s
Saved checkpoint: data/checkpoints/phase4/control_feat_gnn_side_s123_05M/baseline_epoch44.pt

=== Epoch 45/60 ===
Epoch 45 summary  train_loss=2.6650  train_card_top1=0.817  train_card_mrr=0.897  train_mode_acc=0.927  train_country_ce=1.1322  train_teacher_coverage=0.000  train_teacher_kl_card=0.0000  train_teacher_kl_mode=0.0000  val_loss=3.7945  val_card_top1=0.733  val_card_mrr=0.843  val_card_nll=0.7768  val_card_conf=0.760  val_mode_acc=0.903  val_country_ce=1.7071  country_top1=0.463  val_value_mse=0.4501  elapsed=4.1s
Saved checkpoint: data/checkpoints/phase4/control_feat_gnn_side_s123_05M/baseline_epoch45.pt

=== Epoch 46/60 ===
Epoch 46 summary  train_loss=2.6526  train_card_top1=0.818  train_card_mrr=0.898  train_mode_acc=0.927  train_country_ce=1.1251  train_teacher_coverage=0.000  train_teacher_kl_card=0.0000  train_teacher_kl_mode=0.0000  val_loss=3.8067  val_card_top1=0.733  val_card_mrr=0.844  val_card_nll=0.7783  val_card_conf=0.760  val_mode_acc=0.902  val_country_ce=1.7061  country_top1=0.464  val_value_mse=0.4611  elapsed=4.1s
Saved checkpoint: data/checkpoints/phase4/control_feat_gnn_side_s123_05M/baseline_epoch46.pt

=== Epoch 47/60 ===
Epoch 47 summary  train_loss=2.6391  train_card_top1=0.819  train_card_mrr=0.898  train_mode_acc=0.926  train_country_ce=1.1149  train_teacher_coverage=0.000  train_teacher_kl_card=0.0000  train_teacher_kl_mode=0.0000  val_loss=3.8042  val_card_top1=0.734  val_card_mrr=0.844  val_card_nll=0.7760  val_card_conf=0.760  val_mode_acc=0.903  val_country_ce=1.7117  country_top1=0.457  val_value_mse=0.4553  elapsed=4.1s
Saved checkpoint: data/checkpoints/phase4/control_feat_gnn_side_s123_05M/baseline_epoch47.pt

=== Epoch 48/60 ===
Epoch 48 summary  train_loss=2.6225  train_card_top1=0.822  train_card_mrr=0.900  train_mode_acc=0.928  train_country_ce=1.1079  train_teacher_coverage=0.000  train_teacher_kl_card=0.0000  train_teacher_kl_mode=0.0000  val_loss=3.8074  val_card_top1=0.733  val_card_mrr=0.844  val_card_nll=0.7739  val_card_conf=0.761  val_mode_acc=0.903  val_country_ce=1.7176  country_top1=0.453  val_value_mse=0.4528  elapsed=4.1s
Saved checkpoint: data/checkpoints/phase4/control_feat_gnn_side_s123_05M/baseline_epoch48.pt

=== Epoch 49/60 ===
Epoch 49 summary  train_loss=2.6160  train_card_top1=0.825  train_card_mrr=0.901  train_mode_acc=0.928  train_country_ce=1.1054  train_teacher_coverage=0.000  train_teacher_kl_card=0.0000  train_teacher_kl_mode=0.0000  val_loss=3.8095  val_card_top1=0.732  val_card_mrr=0.843  val_card_nll=0.7753  val_card_conf=0.761  val_mode_acc=0.902  val_country_ce=1.7228  country_top1=0.466  val_value_mse=0.4486  elapsed=4.0s
Saved checkpoint: data/checkpoints/phase4/control_feat_gnn_side_s123_05M/baseline_epoch49.pt

=== Epoch 50/60 ===
Epoch 50 summary  train_loss=2.6035  train_card_top1=0.826  train_card_mrr=0.902  train_mode_acc=0.928  train_country_ce=1.0983  train_teacher_coverage=0.000  train_teacher_kl_card=0.0000  train_teacher_kl_mode=0.0000  val_loss=3.8266  val_card_top1=0.732  val_card_mrr=0.843  val_card_nll=0.7749  val_card_conf=0.762  val_mode_acc=0.903  val_country_ce=1.7302  country_top1=0.458  val_value_mse=0.4578  elapsed=4.0s
Saved checkpoint: data/checkpoints/phase4/control_feat_gnn_side_s123_05M/baseline_epoch50.pt

Early stopping at epoch 50: no improvement for 15 epochs.

Training complete. Best val_loss=3.7569 -> data/checkpoints/phase4/control_feat_gnn_side_s123_05M/baseline_best.pt
wandb: updating run metadata
wandb: uploading config.yaml; uploading output.log; uploading wandb-summary.json
wandb: 
wandb: Run history:
wandb:    best_val_loss █▇▆▆▅▅▄▃▂▂▂▁▁▁▁▁▁▁▁▁▁▁▁▁▁
wandb:            epoch ▁▁▁▁▂▂▂▂▂▂▃▃▃▃▃▄▄▄▄▄▅▅▅▅▅▅▆▆▆▆▆▇▇▇▇▇▇███
wandb:               lr ▁▁▁▂▂▃▄▄▅▆▇▇█████████▇▇▇▇▆▆▆▆▅▅▅▄▄▄▃▃▂▂▂
wandb:     samples_seen ▁▁▁▁▂▂▂▂▂▂▃▃▃▃▃▄▄▄▄▄▅▅▅▅▅▅▆▆▆▆▆▇▇▇▇▇▇███
wandb:  train_card_conf ▁▁▁▁▁▂▃▅▆▆▇▇▇▇▇▇▇▇▇▇████████████████████
wandb:  train_card_loss ██▇▇▇▅▄▃▃▂▂▂▂▂▂▁▁▁▁▁▁▁▁▁▁▁▁▁▁▁▁▁▁▁▁▁▁▁▁▁
wandb:   train_card_mrr ▁▁▁▁▂▄▅▆▆▇▇▇▇▇▇▇████████████████████████
wandb:   train_card_nll ██▇▇▇▅▄▃▃▂▂▂▂▂▂▂▁▁▁▁▁▁▁▁▁▁▁▁▁▁▁▁▁▁▁▁▁▁▁▁
wandb:  train_card_top1 ▁▁▁▁▁▃▄▅▆▆▆▇▇▇▇▇▇▇▇▇▇▇██████████████████
wandb: train_country_ce █▆▅▄▄▃▃▃▃▃▂▂▂▂▂▂▂▂▂▂▂▂▂▂▁▁▁▁▁▁▁▁▁▁▁▁▁▁▁▁
wandb:              +28 ...
wandb: 
wandb: Run summary:
wandb:      best_epoch 35
wandb:   best_val_loss 3.75686
wandb:           epoch 50
wandb:              lr 0.00032
wandb:    samples_seen 8252950
wandb: train_card_conf 0.73744
wandb: train_card_loss 0.96914
wandb:  train_card_mrr 0.90237
wandb:  train_card_nll 0.55351
wandb: train_card_top1 0.826
wandb:             +29 ...
wandb: 
wandb: 🚀 View run control_feat_gnn_side_s123_05M at: https://wandb.ai/korduban-ai/twilight-struggle-ai/runs/2e0du2p1
wandb: ⭐️ View project at: https://wandb.ai/korduban-ai/twilight-struggle-ai
wandb: Synced 5 W&B file(s), 1 media file(s), 2 artifact file(s) and 0 other file(s)
wandb: Find logs at: ./wandb/run-20260407_202227-2e0du2p1/logs
