wandb: [wandb.login()] Loaded credentials for https://api.wandb.ai from WANDB_API_KEY.
wandb: Currently logged in as: dkorduban (korduban-ai) to https://api.wandb.ai. Use `wandb login --relogin` to force relogin
wandb: setting up run 7xm3wz2c
wandb: Tracking run with wandb version 0.25.1
wandb: Run data is saved locally in /home/dkord/code/twilight-struggle-ai/wandb/run-20260407_202620-7xm3wz2c
wandb: Run `wandb offline` to turn off syncing.
wandb: Syncing run country_attn_side_s7_05M
wandb: ⭐️ View project at https://wandb.ai/korduban-ai/twilight-struggle-ai
wandb: 🚀 View run at https://wandb.ai/korduban-ai/twilight-struggle-ai/runs/7xm3wz2c
W&B run initialised: korduban-ai/twilight-struggle-ai/country_attn_side_s7_05M
[provenance] git=f28c51c1 dirty=True inputs=2 files
Device: cuda
Data dir: data/v3_selfplay_05M
Output dir: data/checkpoints/phase4/country_attn_side_s7_05M
[dataset] Loaded 183,983 rows from 2 file(s) in 5.0s
Dataset: 183983 steps  (train=165585, val=18398)
[wandb] Dataset QA: 183,983 rows, 2 files, composition: {'other': 183983}
  [deterministic split] train=165,059  val=18,924  (10.3% val)
Model parameters: 612,626

=== Epoch 1/60 ===
Epoch 1 summary  train_loss=10.5174  train_card_top1=0.010  train_card_mrr=0.054  train_mode_acc=0.503  train_country_ce=4.1499  train_teacher_coverage=0.000  train_teacher_kl_card=0.0000  train_teacher_kl_mode=0.0000  val_loss=9.7746  val_card_top1=0.019  val_card_mrr=0.074  val_card_nll=4.6185  val_card_conf=0.023  val_mode_acc=0.595  val_country_ce=3.7542  country_top1=0.076  val_value_mse=0.3507  elapsed=26.6s  [BEST]
Saved checkpoint: data/checkpoints/phase4/country_attn_side_s7_05M/baseline_epoch1.pt
Saved best checkpoint: data/checkpoints/phase4/country_attn_side_s7_05M/baseline_best.pt  (val_loss=9.7746)

=== Epoch 2/60 ===
Epoch 2 summary  train_loss=9.4235  train_card_top1=0.021  train_card_mrr=0.084  train_mode_acc=0.574  train_country_ce=3.4366  train_teacher_coverage=0.000  train_teacher_kl_card=0.0000  train_teacher_kl_mode=0.0000  val_loss=8.9235  val_card_top1=0.024  val_card_mrr=0.093  val_card_nll=4.4558  val_card_conf=0.033  val_mode_acc=0.596  val_country_ce=3.0749  country_top1=0.173  val_value_mse=0.3513  elapsed=11.3s  [BEST]
Saved checkpoint: data/checkpoints/phase4/country_attn_side_s7_05M/baseline_epoch2.pt
Saved best checkpoint: data/checkpoints/phase4/country_attn_side_s7_05M/baseline_best.pt  (val_loss=8.9235)

=== Epoch 3/60 ===
Epoch 3 summary  train_loss=8.7559  train_card_top1=0.026  train_card_mrr=0.097  train_mode_acc=0.584  train_country_ce=2.9287  train_teacher_coverage=0.000  train_teacher_kl_card=0.0000  train_teacher_kl_mode=0.0000  val_loss=8.3279  val_card_top1=0.028  val_card_mrr=0.103  val_card_nll=4.2592  val_card_conf=0.034  val_mode_acc=0.622  val_country_ce=2.6857  country_top1=0.228  val_value_mse=0.3497  elapsed=11.2s  [BEST]
Saved checkpoint: data/checkpoints/phase4/country_attn_side_s7_05M/baseline_epoch3.pt
Saved best checkpoint: data/checkpoints/phase4/country_attn_side_s7_05M/baseline_best.pt  (val_loss=8.3279)

=== Epoch 4/60 ===
Epoch 4 summary  train_loss=8.1935  train_card_top1=0.033  train_card_mrr=0.116  train_mode_acc=0.606  train_country_ce=2.6350  train_teacher_coverage=0.000  train_teacher_kl_card=0.0000  train_teacher_kl_mode=0.0000  val_loss=7.8256  val_card_top1=0.047  val_card_mrr=0.140  val_card_nll=4.0032  val_card_conf=0.037  val_mode_acc=0.645  val_country_ce=2.4660  country_top1=0.300  val_value_mse=0.3520  elapsed=11.2s  [BEST]
Saved checkpoint: data/checkpoints/phase4/country_attn_side_s7_05M/baseline_epoch4.pt
Saved best checkpoint: data/checkpoints/phase4/country_attn_side_s7_05M/baseline_best.pt  (val_loss=7.8256)

=== Epoch 5/60 ===
Epoch 5 summary  train_loss=7.7487  train_card_top1=0.057  train_card_mrr=0.156  train_mode_acc=0.655  train_country_ce=2.4661  train_teacher_coverage=0.000  train_teacher_kl_card=0.0000  train_teacher_kl_mode=0.0000  val_loss=7.4115  val_card_top1=0.086  val_card_mrr=0.201  val_card_nll=3.7966  val_card_conf=0.046  val_mode_acc=0.702  val_country_ce=2.3245  country_top1=0.331  val_value_mse=0.3550  elapsed=11.1s  [BEST]
Saved checkpoint: data/checkpoints/phase4/country_attn_side_s7_05M/baseline_epoch5.pt
Saved best checkpoint: data/checkpoints/phase4/country_attn_side_s7_05M/baseline_best.pt  (val_loss=7.4115)

=== Epoch 6/60 ===
Epoch 6 summary  train_loss=7.2550  train_card_top1=0.116  train_card_mrr=0.242  train_mode_acc=0.701  train_country_ce=2.3163  train_teacher_coverage=0.000  train_teacher_kl_card=0.0000  train_teacher_kl_mode=0.0000  val_loss=6.8401  val_card_top1=0.178  val_card_mrr=0.316  val_card_nll=3.4057  val_card_conf=0.079  val_mode_acc=0.733  val_country_ce=2.1760  country_top1=0.360  val_value_mse=0.3585  elapsed=11.0s  [BEST]
Saved checkpoint: data/checkpoints/phase4/country_attn_side_s7_05M/baseline_epoch6.pt
Saved best checkpoint: data/checkpoints/phase4/country_attn_side_s7_05M/baseline_best.pt  (val_loss=6.8401)

=== Epoch 7/60 ===
Epoch 7 summary  train_loss=6.5491  train_card_top1=0.243  train_card_mrr=0.390  train_mode_acc=0.751  train_country_ce=2.1760  train_teacher_coverage=0.000  train_teacher_kl_card=0.0000  train_teacher_kl_mode=0.0000  val_loss=6.0066  val_card_top1=0.332  val_card_mrr=0.486  val_card_nll=2.7013  val_card_conf=0.188  val_mode_acc=0.785  val_country_ce=2.0697  country_top1=0.371  val_value_mse=0.3637  elapsed=11.1s  [BEST]
Saved checkpoint: data/checkpoints/phase4/country_attn_side_s7_05M/baseline_epoch7.pt
Saved best checkpoint: data/checkpoints/phase4/country_attn_side_s7_05M/baseline_best.pt  (val_loss=6.0066)

=== Epoch 8/60 ===
Epoch 8 summary  train_loss=5.7475  train_card_top1=0.385  train_card_mrr=0.543  train_mode_acc=0.777  train_country_ce=2.0833  train_teacher_coverage=0.000  train_teacher_kl_card=0.0000  train_teacher_kl_mode=0.0000  val_loss=5.3056  val_card_top1=0.467  val_card_mrr=0.620  val_card_nll=2.0233  val_card_conf=0.366  val_mode_acc=0.800  val_country_ce=2.0105  country_top1=0.374  val_value_mse=0.3556  elapsed=11.3s  [BEST]
Saved checkpoint: data/checkpoints/phase4/country_attn_side_s7_05M/baseline_epoch8.pt
Saved best checkpoint: data/checkpoints/phase4/country_attn_side_s7_05M/baseline_best.pt  (val_loss=5.3056)

=== Epoch 9/60 ===
Epoch 9 summary  train_loss=5.0752  train_card_top1=0.494  train_card_mrr=0.650  train_mode_acc=0.815  train_country_ce=1.9979  train_teacher_coverage=0.000  train_teacher_kl_card=0.0000  train_teacher_kl_mode=0.0000  val_loss=4.7787  val_card_top1=0.547  val_card_mrr=0.696  val_card_nll=1.5784  val_card_conf=0.480  val_mode_acc=0.829  val_country_ce=1.9503  country_top1=0.380  val_value_mse=0.3593  elapsed=11.1s  [BEST]
Saved checkpoint: data/checkpoints/phase4/country_attn_side_s7_05M/baseline_epoch9.pt
Saved best checkpoint: data/checkpoints/phase4/country_attn_side_s7_05M/baseline_best.pt  (val_loss=4.7787)

=== Epoch 10/60 ===
Epoch 10 summary  train_loss=4.6641  train_card_top1=0.562  train_card_mrr=0.711  train_mode_acc=0.834  train_country_ce=1.9234  train_teacher_coverage=0.000  train_teacher_kl_card=0.0000  train_teacher_kl_mode=0.0000  val_loss=4.5148  val_card_top1=0.593  val_card_mrr=0.738  val_card_nll=1.3572  val_card_conf=0.558  val_mode_acc=0.844  val_country_ce=1.8906  country_top1=0.397  val_value_mse=0.3777  elapsed=11.0s  [BEST]
Saved checkpoint: data/checkpoints/phase4/country_attn_side_s7_05M/baseline_epoch10.pt
Saved best checkpoint: data/checkpoints/phase4/country_attn_side_s7_05M/baseline_best.pt  (val_loss=4.5148)

=== Epoch 11/60 ===
Epoch 11 summary  train_loss=4.3913  train_card_top1=0.605  train_card_mrr=0.748  train_mode_acc=0.846  train_country_ce=1.8543  train_teacher_coverage=0.000  train_teacher_kl_card=0.0000  train_teacher_kl_mode=0.0000  val_loss=4.3851  val_card_top1=0.613  val_card_mrr=0.757  val_card_nll=1.2320  val_card_conf=0.581  val_mode_acc=0.854  val_country_ce=1.8785  country_top1=0.410  val_value_mse=0.3917  elapsed=11.3s  [BEST]
Saved checkpoint: data/checkpoints/phase4/country_attn_side_s7_05M/baseline_epoch11.pt
Saved best checkpoint: data/checkpoints/phase4/country_attn_side_s7_05M/baseline_best.pt  (val_loss=4.3851)

=== Epoch 12/60 ===
Epoch 12 summary  train_loss=4.2348  train_card_top1=0.625  train_card_mrr=0.765  train_mode_acc=0.857  train_country_ce=1.8093  train_teacher_coverage=0.000  train_teacher_kl_card=0.0000  train_teacher_kl_mode=0.0000  val_loss=4.2883  val_card_top1=0.638  val_card_mrr=0.773  val_card_nll=1.1564  val_card_conf=0.613  val_mode_acc=0.863  val_country_ce=1.8600  country_top1=0.392  val_value_mse=0.3873  elapsed=11.2s  [BEST]
Saved checkpoint: data/checkpoints/phase4/country_attn_side_s7_05M/baseline_epoch12.pt
Saved best checkpoint: data/checkpoints/phase4/country_attn_side_s7_05M/baseline_best.pt  (val_loss=4.2883)

=== Epoch 13/60 ===
Epoch 13 summary  train_loss=4.0846  train_card_top1=0.646  train_card_mrr=0.781  train_mode_acc=0.866  train_country_ce=1.7609  train_teacher_coverage=0.000  train_teacher_kl_card=0.0000  train_teacher_kl_mode=0.0000  val_loss=4.1876  val_card_top1=0.648  val_card_mrr=0.782  val_card_nll=1.1063  val_card_conf=0.632  val_mode_acc=0.870  val_country_ce=1.8075  country_top1=0.418  val_value_mse=0.4035  elapsed=10.9s  [BEST]
Saved checkpoint: data/checkpoints/phase4/country_attn_side_s7_05M/baseline_epoch13.pt
Saved best checkpoint: data/checkpoints/phase4/country_attn_side_s7_05M/baseline_best.pt  (val_loss=4.1876)

=== Epoch 14/60 ===
Epoch 14 summary  train_loss=3.9815  train_card_top1=0.659  train_card_mrr=0.791  train_mode_acc=0.869  train_country_ce=1.7215  train_teacher_coverage=0.000  train_teacher_kl_card=0.0000  train_teacher_kl_mode=0.0000  val_loss=4.1509  val_card_top1=0.654  val_card_mrr=0.787  val_card_nll=1.0651  val_card_conf=0.639  val_mode_acc=0.874  val_country_ce=1.8303  country_top1=0.409  val_value_mse=0.3943  elapsed=11.2s  [BEST]
Saved checkpoint: data/checkpoints/phase4/country_attn_side_s7_05M/baseline_epoch14.pt
Saved best checkpoint: data/checkpoints/phase4/country_attn_side_s7_05M/baseline_best.pt  (val_loss=4.1509)

=== Epoch 15/60 ===
Epoch 15 summary  train_loss=3.8702  train_card_top1=0.671  train_card_mrr=0.800  train_mode_acc=0.877  train_country_ce=1.6874  train_teacher_coverage=0.000  train_teacher_kl_card=0.0000  train_teacher_kl_mode=0.0000  val_loss=4.0657  val_card_top1=0.664  val_card_mrr=0.795  val_card_nll=1.0309  val_card_conf=0.658  val_mode_acc=0.871  val_country_ce=1.7842  country_top1=0.408  val_value_mse=0.3679  elapsed=10.9s  [BEST]
Saved checkpoint: data/checkpoints/phase4/country_attn_side_s7_05M/baseline_epoch15.pt
Saved best checkpoint: data/checkpoints/phase4/country_attn_side_s7_05M/baseline_best.pt  (val_loss=4.0657)

=== Epoch 16/60 ===
Epoch 16 summary  train_loss=3.8058  train_card_top1=0.682  train_card_mrr=0.808  train_mode_acc=0.875  train_country_ce=1.6583  train_teacher_coverage=0.000  train_teacher_kl_card=0.0000  train_teacher_kl_mode=0.0000  val_loss=4.0544  val_card_top1=0.670  val_card_mrr=0.799  val_card_nll=1.0035  val_card_conf=0.679  val_mode_acc=0.875  val_country_ce=1.7840  country_top1=0.437  val_value_mse=0.3858  elapsed=11.0s  [BEST]
Saved checkpoint: data/checkpoints/phase4/country_attn_side_s7_05M/baseline_epoch16.pt
Saved best checkpoint: data/checkpoints/phase4/country_attn_side_s7_05M/baseline_best.pt  (val_loss=4.0544)

=== Epoch 17/60 ===
Epoch 17 summary  train_loss=3.7052  train_card_top1=0.693  train_card_mrr=0.816  train_mode_acc=0.884  train_country_ce=1.6198  train_teacher_coverage=0.000  train_teacher_kl_card=0.0000  train_teacher_kl_mode=0.0000  val_loss=3.9788  val_card_top1=0.686  val_card_mrr=0.810  val_card_nll=0.9676  val_card_conf=0.681  val_mode_acc=0.884  val_country_ce=1.7514  country_top1=0.425  val_value_mse=0.3967  elapsed=10.9s  [BEST]
Saved checkpoint: data/checkpoints/phase4/country_attn_side_s7_05M/baseline_epoch17.pt
Saved best checkpoint: data/checkpoints/phase4/country_attn_side_s7_05M/baseline_best.pt  (val_loss=3.9788)

=== Epoch 18/60 ===
Epoch 18 summary  train_loss=3.6236  train_card_top1=0.704  train_card_mrr=0.823  train_mode_acc=0.887  train_country_ce=1.5909  train_teacher_coverage=0.000  train_teacher_kl_card=0.0000  train_teacher_kl_mode=0.0000  val_loss=3.9279  val_card_top1=0.686  val_card_mrr=0.811  val_card_nll=0.9515  val_card_conf=0.682  val_mode_acc=0.883  val_country_ce=1.7149  country_top1=0.453  val_value_mse=0.3984  elapsed=11.0s  [BEST]
Saved checkpoint: data/checkpoints/phase4/country_attn_side_s7_05M/baseline_epoch18.pt
Saved best checkpoint: data/checkpoints/phase4/country_attn_side_s7_05M/baseline_best.pt  (val_loss=3.9279)

=== Epoch 19/60 ===
Epoch 19 summary  train_loss=3.5320  train_card_top1=0.712  train_card_mrr=0.829  train_mode_acc=0.892  train_country_ce=1.5514  train_teacher_coverage=0.000  train_teacher_kl_card=0.0000  train_teacher_kl_mode=0.0000  val_loss=3.9357  val_card_top1=0.698  val_card_mrr=0.819  val_card_nll=0.9190  val_card_conf=0.695  val_mode_acc=0.886  val_country_ce=1.7379  country_top1=0.404  val_value_mse=0.4195  elapsed=10.9s
Saved checkpoint: data/checkpoints/phase4/country_attn_side_s7_05M/baseline_epoch19.pt

=== Epoch 20/60 ===
Epoch 20 summary  train_loss=3.4850  train_card_top1=0.719  train_card_mrr=0.834  train_mode_acc=0.895  train_country_ce=1.5262  train_teacher_coverage=0.000  train_teacher_kl_card=0.0000  train_teacher_kl_mode=0.0000  val_loss=3.8979  val_card_top1=0.701  val_card_mrr=0.821  val_card_nll=0.9102  val_card_conf=0.709  val_mode_acc=0.882  val_country_ce=1.6924  country_top1=0.421  val_value_mse=0.4209  elapsed=11.2s  [BEST]
Saved checkpoint: data/checkpoints/phase4/country_attn_side_s7_05M/baseline_epoch20.pt
Saved best checkpoint: data/checkpoints/phase4/country_attn_side_s7_05M/baseline_best.pt  (val_loss=3.8979)

=== Epoch 21/60 ===
Epoch 21 summary  train_loss=3.4501  train_card_top1=0.723  train_card_mrr=0.836  train_mode_acc=0.892  train_country_ce=1.5105  train_teacher_coverage=0.000  train_teacher_kl_card=0.0000  train_teacher_kl_mode=0.0000  val_loss=3.8995  val_card_top1=0.702  val_card_mrr=0.822  val_card_nll=0.8967  val_card_conf=0.691  val_mode_acc=0.886  val_country_ce=1.7354  country_top1=0.414  val_value_mse=0.4001  elapsed=10.8s
Saved checkpoint: data/checkpoints/phase4/country_attn_side_s7_05M/baseline_epoch21.pt

=== Epoch 22/60 ===
Epoch 22 summary  train_loss=3.3672  train_card_top1=0.733  train_card_mrr=0.843  train_mode_acc=0.900  train_country_ce=1.4869  train_teacher_coverage=0.000  train_teacher_kl_card=0.0000  train_teacher_kl_mode=0.0000  val_loss=3.9105  val_card_top1=0.702  val_card_mrr=0.823  val_card_nll=0.8978  val_card_conf=0.706  val_mode_acc=0.890  val_country_ce=1.7562  country_top1=0.441  val_value_mse=0.3977  elapsed=11.1s
Saved checkpoint: data/checkpoints/phase4/country_attn_side_s7_05M/baseline_epoch22.pt

=== Epoch 23/60 ===
Epoch 23 summary  train_loss=3.3193  train_card_top1=0.737  train_card_mrr=0.846  train_mode_acc=0.900  train_country_ce=1.4657  train_teacher_coverage=0.000  train_teacher_kl_card=0.0000  train_teacher_kl_mode=0.0000  val_loss=3.8197  val_card_top1=0.707  val_card_mrr=0.826  val_card_nll=0.8685  val_card_conf=0.716  val_mode_acc=0.893  val_country_ce=1.6838  country_top1=0.445  val_value_mse=0.4128  elapsed=11.1s  [BEST]
Saved checkpoint: data/checkpoints/phase4/country_attn_side_s7_05M/baseline_epoch23.pt
Saved best checkpoint: data/checkpoints/phase4/country_attn_side_s7_05M/baseline_best.pt  (val_loss=3.8197)

=== Epoch 24/60 ===
Epoch 24 summary  train_loss=3.2545  train_card_top1=0.746  train_card_mrr=0.852  train_mode_acc=0.904  train_country_ce=1.4343  train_teacher_coverage=0.000  train_teacher_kl_card=0.0000  train_teacher_kl_mode=0.0000  val_loss=3.8237  val_card_top1=0.710  val_card_mrr=0.828  val_card_nll=0.8754  val_card_conf=0.720  val_mode_acc=0.894  val_country_ce=1.6802  country_top1=0.450  val_value_mse=0.4187  elapsed=10.8s
Saved checkpoint: data/checkpoints/phase4/country_attn_side_s7_05M/baseline_epoch24.pt

=== Epoch 25/60 ===
Epoch 25 summary  train_loss=3.2023  train_card_top1=0.753  train_card_mrr=0.856  train_mode_acc=0.906  train_country_ce=1.4104  train_teacher_coverage=0.000  train_teacher_kl_card=0.0000  train_teacher_kl_mode=0.0000  val_loss=3.8541  val_card_top1=0.712  val_card_mrr=0.829  val_card_nll=0.8657  val_card_conf=0.725  val_mode_acc=0.895  val_country_ce=1.6823  country_top1=0.448  val_value_mse=0.4535  elapsed=11.0s
Saved checkpoint: data/checkpoints/phase4/country_attn_side_s7_05M/baseline_epoch25.pt

=== Epoch 26/60 ===
Epoch 26 summary  train_loss=3.1644  train_card_top1=0.756  train_card_mrr=0.858  train_mode_acc=0.908  train_country_ce=1.3882  train_teacher_coverage=0.000  train_teacher_kl_card=0.0000  train_teacher_kl_mode=0.0000  val_loss=3.8092  val_card_top1=0.715  val_card_mrr=0.832  val_card_nll=0.8423  val_card_conf=0.727  val_mode_acc=0.895  val_country_ce=1.6864  country_top1=0.440  val_value_mse=0.4211  elapsed=11.0s  [BEST]
Saved checkpoint: data/checkpoints/phase4/country_attn_side_s7_05M/baseline_epoch26.pt
Saved best checkpoint: data/checkpoints/phase4/country_attn_side_s7_05M/baseline_best.pt  (val_loss=3.8092)

=== Epoch 27/60 ===
Epoch 27 summary  train_loss=3.1334  train_card_top1=0.761  train_card_mrr=0.861  train_mode_acc=0.907  train_country_ce=1.3755  train_teacher_coverage=0.000  train_teacher_kl_card=0.0000  train_teacher_kl_mode=0.0000  val_loss=3.8160  val_card_top1=0.720  val_card_mrr=0.834  val_card_nll=0.8385  val_card_conf=0.728  val_mode_acc=0.893  val_country_ce=1.6827  country_top1=0.425  val_value_mse=0.4325  elapsed=10.9s
Saved checkpoint: data/checkpoints/phase4/country_attn_side_s7_05M/baseline_epoch27.pt

=== Epoch 28/60 ===
Epoch 28 summary  train_loss=3.0960  train_card_top1=0.764  train_card_mrr=0.863  train_mode_acc=0.911  train_country_ce=1.3622  train_teacher_coverage=0.000  train_teacher_kl_card=0.0000  train_teacher_kl_mode=0.0000  val_loss=3.8550  val_card_top1=0.712  val_card_mrr=0.830  val_card_nll=0.8536  val_card_conf=0.722  val_mode_acc=0.894  val_country_ce=1.6839  country_top1=0.433  val_value_mse=0.4635  elapsed=11.1s
Saved checkpoint: data/checkpoints/phase4/country_attn_side_s7_05M/baseline_epoch28.pt

=== Epoch 29/60 ===
Epoch 29 summary  train_loss=3.0664  train_card_top1=0.767  train_card_mrr=0.865  train_mode_acc=0.911  train_country_ce=1.3413  train_teacher_coverage=0.000  train_teacher_kl_card=0.0000  train_teacher_kl_mode=0.0000  val_loss=3.8172  val_card_top1=0.721  val_card_mrr=0.834  val_card_nll=0.8351  val_card_conf=0.736  val_mode_acc=0.896  val_country_ce=1.6965  country_top1=0.447  val_value_mse=0.4239  elapsed=11.2s
Saved checkpoint: data/checkpoints/phase4/country_attn_side_s7_05M/baseline_epoch29.pt

=== Epoch 30/60 ===
Epoch 30 summary  train_loss=3.0313  train_card_top1=0.771  train_card_mrr=0.868  train_mode_acc=0.913  train_country_ce=1.3270  train_teacher_coverage=0.000  train_teacher_kl_card=0.0000  train_teacher_kl_mode=0.0000  val_loss=3.8040  val_card_top1=0.726  val_card_mrr=0.838  val_card_nll=0.8234  val_card_conf=0.733  val_mode_acc=0.898  val_country_ce=1.6840  country_top1=0.441  val_value_mse=0.4406  elapsed=10.8s  [BEST]
Saved checkpoint: data/checkpoints/phase4/country_attn_side_s7_05M/baseline_epoch30.pt
Saved best checkpoint: data/checkpoints/phase4/country_attn_side_s7_05M/baseline_best.pt  (val_loss=3.8040)

=== Epoch 31/60 ===
Epoch 31 summary  train_loss=3.0004  train_card_top1=0.774  train_card_mrr=0.870  train_mode_acc=0.914  train_country_ce=1.3122  train_teacher_coverage=0.000  train_teacher_kl_card=0.0000  train_teacher_kl_mode=0.0000  val_loss=3.8258  val_card_top1=0.722  val_card_mrr=0.836  val_card_nll=0.8214  val_card_conf=0.737  val_mode_acc=0.900  val_country_ce=1.7016  country_top1=0.440  val_value_mse=0.4485  elapsed=10.9s
Saved checkpoint: data/checkpoints/phase4/country_attn_side_s7_05M/baseline_epoch31.pt

=== Epoch 32/60 ===
Epoch 32 summary  train_loss=2.9637  train_card_top1=0.776  train_card_mrr=0.871  train_mode_acc=0.914  train_country_ce=1.2877  train_teacher_coverage=0.000  train_teacher_kl_card=0.0000  train_teacher_kl_mode=0.0000  val_loss=3.8188  val_card_top1=0.721  val_card_mrr=0.836  val_card_nll=0.8222  val_card_conf=0.740  val_mode_acc=0.900  val_country_ce=1.6996  country_top1=0.439  val_value_mse=0.4397  elapsed=10.8s
Saved checkpoint: data/checkpoints/phase4/country_attn_side_s7_05M/baseline_epoch32.pt

=== Epoch 33/60 ===
Epoch 33 summary  train_loss=2.9425  train_card_top1=0.781  train_card_mrr=0.874  train_mode_acc=0.915  train_country_ce=1.2835  train_teacher_coverage=0.000  train_teacher_kl_card=0.0000  train_teacher_kl_mode=0.0000  val_loss=3.8258  val_card_top1=0.724  val_card_mrr=0.837  val_card_nll=0.8128  val_card_conf=0.742  val_mode_acc=0.899  val_country_ce=1.6920  country_top1=0.447  val_value_mse=0.4607  elapsed=10.9s
Saved checkpoint: data/checkpoints/phase4/country_attn_side_s7_05M/baseline_epoch33.pt

=== Epoch 34/60 ===
Epoch 34 summary  train_loss=2.9256  train_card_top1=0.781  train_card_mrr=0.874  train_mode_acc=0.918  train_country_ce=1.2698  train_teacher_coverage=0.000  train_teacher_kl_card=0.0000  train_teacher_kl_mode=0.0000  val_loss=3.8528  val_card_top1=0.725  val_card_mrr=0.837  val_card_nll=0.8259  val_card_conf=0.741  val_mode_acc=0.899  val_country_ce=1.7112  country_top1=0.442  val_value_mse=0.4655  elapsed=11.0s
Saved checkpoint: data/checkpoints/phase4/country_attn_side_s7_05M/baseline_epoch34.pt

=== Epoch 35/60 ===
Epoch 35 summary  train_loss=2.8985  train_card_top1=0.787  train_card_mrr=0.878  train_mode_acc=0.916  train_country_ce=1.2621  train_teacher_coverage=0.000  train_teacher_kl_card=0.0000  train_teacher_kl_mode=0.0000  val_loss=3.7998  val_card_top1=0.728  val_card_mrr=0.840  val_card_nll=0.7995  val_card_conf=0.746  val_mode_acc=0.900  val_country_ce=1.6861  country_top1=0.449  val_value_mse=0.4553  elapsed=11.0s  [BEST]
Saved checkpoint: data/checkpoints/phase4/country_attn_side_s7_05M/baseline_epoch35.pt
Saved best checkpoint: data/checkpoints/phase4/country_attn_side_s7_05M/baseline_best.pt  (val_loss=3.7998)

=== Epoch 36/60 ===
Epoch 36 summary  train_loss=2.8729  train_card_top1=0.789  train_card_mrr=0.880  train_mode_acc=0.917  train_country_ce=1.2458  train_teacher_coverage=0.000  train_teacher_kl_card=0.0000  train_teacher_kl_mode=0.0000  val_loss=3.8180  val_card_top1=0.729  val_card_mrr=0.840  val_card_nll=0.8057  val_card_conf=0.749  val_mode_acc=0.901  val_country_ce=1.6957  country_top1=0.449  val_value_mse=0.4592  elapsed=10.9s
Saved checkpoint: data/checkpoints/phase4/country_attn_side_s7_05M/baseline_epoch36.pt

=== Epoch 37/60 ===
Epoch 37 summary  train_loss=2.8469  train_card_top1=0.793  train_card_mrr=0.882  train_mode_acc=0.919  train_country_ce=1.2313  train_teacher_coverage=0.000  train_teacher_kl_card=0.0000  train_teacher_kl_mode=0.0000  val_loss=3.8107  val_card_top1=0.731  val_card_mrr=0.841  val_card_nll=0.8034  val_card_conf=0.749  val_mode_acc=0.901  val_country_ce=1.6845  country_top1=0.459  val_value_mse=0.4653  elapsed=11.2s
Saved checkpoint: data/checkpoints/phase4/country_attn_side_s7_05M/baseline_epoch37.pt

=== Epoch 38/60 ===
Epoch 38 summary  train_loss=2.8172  train_card_top1=0.797  train_card_mrr=0.885  train_mode_acc=0.919  train_country_ce=1.2179  train_teacher_coverage=0.000  train_teacher_kl_card=0.0000  train_teacher_kl_mode=0.0000  val_loss=3.8165  val_card_top1=0.733  val_card_mrr=0.843  val_card_nll=0.7983  val_card_conf=0.752  val_mode_acc=0.900  val_country_ce=1.6875  country_top1=0.450  val_value_mse=0.4683  elapsed=10.7s
Saved checkpoint: data/checkpoints/phase4/country_attn_side_s7_05M/baseline_epoch38.pt

=== Epoch 39/60 ===
Epoch 39 summary  train_loss=2.7988  train_card_top1=0.798  train_card_mrr=0.885  train_mode_acc=0.921  train_country_ce=1.2042  train_teacher_coverage=0.000  train_teacher_kl_card=0.0000  train_teacher_kl_mode=0.0000  val_loss=3.7954  val_card_top1=0.735  val_card_mrr=0.844  val_card_nll=0.7913  val_card_conf=0.754  val_mode_acc=0.902  val_country_ce=1.6911  country_top1=0.453  val_value_mse=0.4525  elapsed=10.8s  [BEST]
Saved checkpoint: data/checkpoints/phase4/country_attn_side_s7_05M/baseline_epoch39.pt
Saved best checkpoint: data/checkpoints/phase4/country_attn_side_s7_05M/baseline_best.pt  (val_loss=3.7954)

=== Epoch 40/60 ===
Epoch 40 summary  train_loss=2.7781  train_card_top1=0.800  train_card_mrr=0.887  train_mode_acc=0.921  train_country_ce=1.1924  train_teacher_coverage=0.000  train_teacher_kl_card=0.0000  train_teacher_kl_mode=0.0000  val_loss=3.8129  val_card_top1=0.733  val_card_mrr=0.843  val_card_nll=0.7905  val_card_conf=0.752  val_mode_acc=0.902  val_country_ce=1.7072  country_top1=0.449  val_value_mse=0.4538  elapsed=11.0s
Saved checkpoint: data/checkpoints/phase4/country_attn_side_s7_05M/baseline_epoch40.pt

=== Epoch 41/60 ===
Epoch 41 summary  train_loss=2.7649  train_card_top1=0.801  train_card_mrr=0.887  train_mode_acc=0.922  train_country_ce=1.1886  train_teacher_coverage=0.000  train_teacher_kl_card=0.0000  train_teacher_kl_mode=0.0000  val_loss=3.8046  val_card_top1=0.734  val_card_mrr=0.844  val_card_nll=0.7853  val_card_conf=0.754  val_mode_acc=0.902  val_country_ce=1.7011  country_top1=0.442  val_value_mse=0.4575  elapsed=10.7s
Saved checkpoint: data/checkpoints/phase4/country_attn_side_s7_05M/baseline_epoch41.pt

=== Epoch 42/60 ===
Epoch 42 summary  train_loss=2.7438  train_card_top1=0.806  train_card_mrr=0.890  train_mode_acc=0.922  train_country_ce=1.1766  train_teacher_coverage=0.000  train_teacher_kl_card=0.0000  train_teacher_kl_mode=0.0000  val_loss=3.8185  val_card_top1=0.734  val_card_mrr=0.843  val_card_nll=0.7955  val_card_conf=0.755  val_mode_acc=0.902  val_country_ce=1.7041  country_top1=0.450  val_value_mse=0.4570  elapsed=10.9s
Saved checkpoint: data/checkpoints/phase4/country_attn_side_s7_05M/baseline_epoch42.pt

=== Epoch 43/60 ===
Epoch 43 summary  train_loss=2.7307  train_card_top1=0.808  train_card_mrr=0.891  train_mode_acc=0.923  train_country_ce=1.1688  train_teacher_coverage=0.000  train_teacher_kl_card=0.0000  train_teacher_kl_mode=0.0000  val_loss=3.8239  val_card_top1=0.735  val_card_mrr=0.844  val_card_nll=0.7932  val_card_conf=0.755  val_mode_acc=0.901  val_country_ce=1.7093  country_top1=0.452  val_value_mse=0.4592  elapsed=10.9s
Saved checkpoint: data/checkpoints/phase4/country_attn_side_s7_05M/baseline_epoch43.pt

=== Epoch 44/60 ===
Epoch 44 summary  train_loss=2.7093  train_card_top1=0.810  train_card_mrr=0.893  train_mode_acc=0.925  train_country_ce=1.1573  train_teacher_coverage=0.000  train_teacher_kl_card=0.0000  train_teacher_kl_mode=0.0000  val_loss=3.8189  val_card_top1=0.734  val_card_mrr=0.844  val_card_nll=0.7873  val_card_conf=0.756  val_mode_acc=0.902  val_country_ce=1.7054  country_top1=0.454  val_value_mse=0.4656  elapsed=10.9s
Saved checkpoint: data/checkpoints/phase4/country_attn_side_s7_05M/baseline_epoch44.pt

=== Epoch 45/60 ===
Epoch 45 summary  train_loss=2.6922  train_card_top1=0.811  train_card_mrr=0.893  train_mode_acc=0.925  train_country_ce=1.1456  train_teacher_coverage=0.000  train_teacher_kl_card=0.0000  train_teacher_kl_mode=0.0000  val_loss=3.8261  val_card_top1=0.732  val_card_mrr=0.842  val_card_nll=0.7901  val_card_conf=0.758  val_mode_acc=0.902  val_country_ce=1.7106  country_top1=0.454  val_value_mse=0.4604  elapsed=10.9s
Saved checkpoint: data/checkpoints/phase4/country_attn_side_s7_05M/baseline_epoch45.pt

=== Epoch 46/60 ===
Epoch 46 summary  train_loss=2.6825  train_card_top1=0.814  train_card_mrr=0.895  train_mode_acc=0.924  train_country_ce=1.1422  train_teacher_coverage=0.000  train_teacher_kl_card=0.0000  train_teacher_kl_mode=0.0000  val_loss=3.8269  val_card_top1=0.733  val_card_mrr=0.844  val_card_nll=0.7889  val_card_conf=0.758  val_mode_acc=0.901  val_country_ce=1.7131  country_top1=0.445  val_value_mse=0.4613  elapsed=10.8s
Saved checkpoint: data/checkpoints/phase4/country_attn_side_s7_05M/baseline_epoch46.pt

=== Epoch 47/60 ===
Epoch 47 summary  train_loss=2.6682  train_card_top1=0.817  train_card_mrr=0.896  train_mode_acc=0.926  train_country_ce=1.1356  train_teacher_coverage=0.000  train_teacher_kl_card=0.0000  train_teacher_kl_mode=0.0000  val_loss=3.8258  val_card_top1=0.735  val_card_mrr=0.844  val_card_nll=0.7850  val_card_conf=0.759  val_mode_acc=0.902  val_country_ce=1.7122  country_top1=0.444  val_value_mse=0.4655  elapsed=10.9s
Saved checkpoint: data/checkpoints/phase4/country_attn_side_s7_05M/baseline_epoch47.pt

=== Epoch 48/60 ===
Epoch 48 summary  train_loss=2.6596  train_card_top1=0.816  train_card_mrr=0.896  train_mode_acc=0.926  train_country_ce=1.1307  train_teacher_coverage=0.000  train_teacher_kl_card=0.0000  train_teacher_kl_mode=0.0000  val_loss=3.8342  val_card_top1=0.736  val_card_mrr=0.845  val_card_nll=0.7849  val_card_conf=0.760  val_mode_acc=0.901  val_country_ce=1.7224  country_top1=0.456  val_value_mse=0.4616  elapsed=10.9s
Saved checkpoint: data/checkpoints/phase4/country_attn_side_s7_05M/baseline_epoch48.pt

=== Epoch 49/60 ===
Epoch 49 summary  train_loss=2.6495  train_card_top1=0.816  train_card_mrr=0.896  train_mode_acc=0.927  train_country_ce=1.1227  train_teacher_coverage=0.000  train_teacher_kl_card=0.0000  train_teacher_kl_mode=0.0000  val_loss=3.8335  val_card_top1=0.736  val_card_mrr=0.845  val_card_nll=0.7838  val_card_conf=0.759  val_mode_acc=0.900  val_country_ce=1.7188  country_top1=0.449  val_value_mse=0.4666  elapsed=11.0s
Saved checkpoint: data/checkpoints/phase4/country_attn_side_s7_05M/baseline_epoch49.pt

=== Epoch 50/60 ===
Epoch 50 summary  train_loss=2.6403  train_card_top1=0.819  train_card_mrr=0.898  train_mode_acc=0.925  train_country_ce=1.1190  train_teacher_coverage=0.000  train_teacher_kl_card=0.0000  train_teacher_kl_mode=0.0000  val_loss=3.8344  val_card_top1=0.737  val_card_mrr=0.845  val_card_nll=0.7823  val_card_conf=0.760  val_mode_acc=0.900  val_country_ce=1.7198  country_top1=0.450  val_value_mse=0.4684  elapsed=11.0s
Saved checkpoint: data/checkpoints/phase4/country_attn_side_s7_05M/baseline_epoch50.pt

=== Epoch 51/60 ===
Epoch 51 summary  train_loss=2.6283  train_card_top1=0.821  train_card_mrr=0.899  train_mode_acc=0.927  train_country_ce=1.1132  train_teacher_coverage=0.000  train_teacher_kl_card=0.0000  train_teacher_kl_mode=0.0000  val_loss=3.8379  val_card_top1=0.736  val_card_mrr=0.845  val_card_nll=0.7821  val_card_conf=0.759  val_mode_acc=0.902  val_country_ce=1.7240  country_top1=0.447  val_value_mse=0.4684  elapsed=10.6s
Saved checkpoint: data/checkpoints/phase4/country_attn_side_s7_05M/baseline_epoch51.pt

=== Epoch 52/60 ===
Epoch 52 summary  train_loss=2.6199  train_card_top1=0.823  train_card_mrr=0.900  train_mode_acc=0.927  train_country_ce=1.1083  train_teacher_coverage=0.000  train_teacher_kl_card=0.0000  train_teacher_kl_mode=0.0000  val_loss=3.8396  val_card_top1=0.735  val_card_mrr=0.844  val_card_nll=0.7807  val_card_conf=0.759  val_mode_acc=0.902  val_country_ce=1.7271  country_top1=0.446  val_value_mse=0.4692  elapsed=11.0s
Saved checkpoint: data/checkpoints/phase4/country_attn_side_s7_05M/baseline_epoch52.pt

=== Epoch 53/60 ===
Epoch 53 summary  train_loss=2.6119  train_card_top1=0.823  train_card_mrr=0.900  train_mode_acc=0.927  train_country_ce=1.1040  train_teacher_coverage=0.000  train_teacher_kl_card=0.0000  train_teacher_kl_mode=0.0000  val_loss=3.8384  val_card_top1=0.736  val_card_mrr=0.845  val_card_nll=0.7829  val_card_conf=0.761  val_mode_acc=0.902  val_country_ce=1.7270  country_top1=0.447  val_value_mse=0.4649  elapsed=10.7s
Saved checkpoint: data/checkpoints/phase4/country_attn_side_s7_05M/baseline_epoch53.pt

=== Epoch 54/60 ===
Epoch 54 summary  train_loss=2.6084  train_card_top1=0.825  train_card_mrr=0.901  train_mode_acc=0.928  train_country_ce=1.1035  train_teacher_coverage=0.000  train_teacher_kl_card=0.0000  train_teacher_kl_mode=0.0000  val_loss=3.8413  val_card_top1=0.735  val_card_mrr=0.844  val_card_nll=0.7815  val_card_conf=0.760  val_mode_acc=0.901  val_country_ce=1.7246  country_top1=0.447  val_value_mse=0.4712  elapsed=11.2s
Saved checkpoint: data/checkpoints/phase4/country_attn_side_s7_05M/baseline_epoch54.pt

Early stopping at epoch 54: no improvement for 15 epochs.

Training complete. Best val_loss=3.7954 -> data/checkpoints/phase4/country_attn_side_s7_05M/baseline_best.pt
wandb: updating run metadata
wandb: uploading wandb-summary.json; uploading config.yaml; uploading output.log
wandb: uploading history steps 53-54, summary, console lines 248-253
wandb: 
wandb: Run history:
wandb:    best_val_loss █▇▆▆▅▅▄▃▂▂▂▂▁▁▁▁▁▁▁▁▁▁▁▁
wandb:            epoch ▁▁▁▂▂▂▂▃▃▃▃▃▄▄▄▄▄▄▄▅▅▅▅▅▅▆▆▆▆▆▇▇▇▇▇▇▇███
wandb:               lr ▁▁▂▂▃▄▄▅▆▆▇█████████▇▇▇▆▆▆▅▅▅▄▄▃▃▃▂▂▂▁▁▁
wandb:     samples_seen ▁▁▁▂▂▂▂▂▂▂▃▃▃▃▃▄▄▄▄▄▄▅▅▅▅▆▆▆▆▆▆▇▇▇▇▇▇███
wandb:  train_card_conf ▁▁▁▁▁▃▅▆▆▇▇▇▇▇▇▇████████████████████████
wandb:  train_card_loss ██▇▇▆▄▃▂▂▂▂▂▂▂▂▁▁▁▁▁▁▁▁▁▁▁▁▁▁▁▁▁▁▁▁▁▁▁▁▁
wandb:   train_card_mrr ▁▂▂▃▄▆▇▇▇▇▇▇▇▇▇█████████████████████████
wandb:   train_card_nll ██▇▇▅▃▃▂▂▂▂▂▂▂▂▁▁▁▁▁▁▁▁▁▁▁▁▁▁▁▁▁▁▁▁▁▁▁▁▁
wandb:  train_card_top1 ▁▁▁▁▁▃▄▅▆▆▆▇▇▇▇▇▇▇▇▇▇▇▇█████████████████
wandb: train_country_ce █▅▅▄▃▃▃▃▃▂▂▂▂▂▂▂▂▂▂▂▂▂▂▁▁▁▁▁▁▁▁▁▁▁▁▁▁▁▁▁
wandb:              +28 ...
wandb: 
wandb: Run summary:
wandb:      best_epoch 39
wandb:   best_val_loss 3.79542
wandb:           epoch 54
wandb:              lr 0.00012
wandb:    samples_seen 8913186
wandb: train_card_conf 0.73643
wandb: train_card_loss 0.97567
wandb:  train_card_mrr 0.90109
wandb:  train_card_nll 0.56021
wandb: train_card_top1 0.82465
wandb:             +29 ...
wandb: 
wandb: 🚀 View run country_attn_side_s7_05M at: https://wandb.ai/korduban-ai/twilight-struggle-ai/runs/7xm3wz2c
wandb: ⭐️ View project at: https://wandb.ai/korduban-ai/twilight-struggle-ai
wandb: Synced 5 W&B file(s), 1 media file(s), 2 artifact file(s) and 0 other file(s)
wandb: Find logs at: ./wandb/run-20260407_202620-7xm3wz2c/logs
