Exporting checkpoints to TorchScript ...
  ppo_country_attn_v13_iter0040: already TorchScript, using directly
  ppo_country_attn_v13_iter0050: already TorchScript, using directly
  ppo_country_attn_v13_iter0030: already TorchScript, using directly
  ppo_country_attn_v13_iter0020: already TorchScript, using directly
  ppo_country_attn_v13_iter0010: already TorchScript, using directly
Loaded 5400 match results from SQL match_cache

Match schedule (45 total, 9 new, 36 reused from prior run):
  ppo_country_attn_v13_iter0040 vs ppo_country_attn_v13_iter0050
  ppo_country_attn_v13_iter0040 vs ppo_country_attn_v13_iter0030  [reuse]
  ppo_country_attn_v13_iter0040 vs ppo_country_attn_v13_iter0020  [reuse]
  ppo_country_attn_v13_iter0040 vs ppo_country_attn_v13_iter0010  [reuse]
  ppo_country_attn_v13_iter0040 vs v56  [reuse]
  ppo_country_attn_v13_iter0040 vs v54  [reuse]
  ppo_country_attn_v13_iter0040 vs v44  [reuse]
  ppo_country_attn_v13_iter0040 vs v20  [reuse]
  ppo_country_attn_v13_iter0040 vs v55  [reuse]
  ppo_country_attn_v13_iter0050 vs ppo_country_attn_v13_iter0030
  ppo_country_attn_v13_iter0050 vs ppo_country_attn_v13_iter0020
  ppo_country_attn_v13_iter0050 vs ppo_country_attn_v13_iter0010
  ppo_country_attn_v13_iter0050 vs v56
  ppo_country_attn_v13_iter0050 vs v54
  ppo_country_attn_v13_iter0050 vs v44
  ppo_country_attn_v13_iter0050 vs v20
  ppo_country_attn_v13_iter0050 vs v55
  ppo_country_attn_v13_iter0030 vs ppo_country_attn_v13_iter0020  [reuse]
  ppo_country_attn_v13_iter0030 vs ppo_country_attn_v13_iter0010  [reuse]
  ppo_country_attn_v13_iter0030 vs v56  [reuse]
  ppo_country_attn_v13_iter0030 vs v54  [reuse]
  ppo_country_attn_v13_iter0030 vs v44  [reuse]
  ppo_country_attn_v13_iter0030 vs v20  [reuse]
  ppo_country_attn_v13_iter0030 vs v55  [reuse]
  ppo_country_attn_v13_iter0020 vs ppo_country_attn_v13_iter0010  [reuse]
  ppo_country_attn_v13_iter0020 vs v56  [reuse]
  ppo_country_attn_v13_iter0020 vs v54  [reuse]
  ppo_country_attn_v13_iter0020 vs v44  [reuse]
  ppo_country_attn_v13_iter0020 vs v20  [reuse]
  ppo_country_attn_v13_iter0020 vs v55  [reuse]
  ppo_country_attn_v13_iter0010 vs v56  [reuse]
  ppo_country_attn_v13_iter0010 vs v54  [reuse]
  ppo_country_attn_v13_iter0010 vs v44  [reuse]
  ppo_country_attn_v13_iter0010 vs v20  [reuse]
  ppo_country_attn_v13_iter0010 vs v55  [reuse]
  v56 vs v54  [reuse]
  v56 vs v44  [reuse]
  v56 vs v20  [reuse]
  v56 vs v55  [reuse]
  v54 vs v44  [reuse]
  v54 vs v20  [reuse]
  v54 vs v55  [reuse]
  v44 vs v20  [reuse]
  v44 vs v55  [reuse]
  v20 vs v55  [reuse]

[new 1/9] ppo_country_attn_v13_iter0040 vs ppo_country_attn_v13_iter0050 (150 games = 75/side, seed=88000) ...
  ppo_country_attn_v13_iter0040: 70(58u/12s)  ppo_country_attn_v13_iter0050: 79(63u/16s)  draws: 1  WR(ppo_country_attn_v13_iter0040)=0.470  t=11.7s
  [reuse] ppo_country_attn_v13_iter0040 77(61u/16s) - 71(58u/13s) ppo_country_attn_v13_iter0030  draws=2  WR=0.520
  [reuse] ppo_country_attn_v13_iter0040 73(61u/12s) - 76(62u/14s) ppo_country_attn_v13_iter0020  draws=1  WR=0.490
  [reuse] ppo_country_attn_v13_iter0040 61(53u/8s) - 88(67u/21s) ppo_country_attn_v13_iter0010  draws=1  WR=0.410
  [reuse] ppo_country_attn_v13_iter0040 76(55u/21s) - 69(53u/16s) v56  draws=5  WR=0.523
  [reuse] ppo_country_attn_v13_iter0040 72(57u/15s) - 76(59u/17s) v54  draws=2  WR=0.487
  [reuse] ppo_country_attn_v13_iter0040 82(56u/26s) - 65(47u/18s) v44  draws=3  WR=0.557
  [reuse] ppo_country_attn_v13_iter0040 68(51u/17s) - 79(57u/22s) v20  draws=3  WR=0.463
  [reuse] ppo_country_attn_v13_iter0040 69(51u/18s) - 77(54u/23s) v55  draws=4  WR=0.473

[new 2/9] ppo_country_attn_v13_iter0050 vs ppo_country_attn_v13_iter0030 (150 games = 75/side, seed=88150) ...
  ppo_country_attn_v13_iter0050: 86(64u/22s)  ppo_country_attn_v13_iter0030: 62(52u/10s)  draws: 2  WR(ppo_country_attn_v13_iter0050)=0.580  t=12.6s

[new 3/9] ppo_country_attn_v13_iter0050 vs ppo_country_attn_v13_iter0020 (150 games = 75/side, seed=88300) ...
  ppo_country_attn_v13_iter0050: 67(55u/12s)  ppo_country_attn_v13_iter0020: 81(62u/19s)  draws: 2  WR(ppo_country_attn_v13_iter0050)=0.453  t=13.4s

[new 4/9] ppo_country_attn_v13_iter0050 vs ppo_country_attn_v13_iter0010 (150 games = 75/side, seed=88450) ...
  ppo_country_attn_v13_iter0050: 68(48u/20s)  ppo_country_attn_v13_iter0010: 81(54u/27s)  draws: 1  WR(ppo_country_attn_v13_iter0050)=0.457  t=12.7s

[new 5/9] ppo_country_attn_v13_iter0050 vs v56 (150 games = 75/side, seed=88600) ...
  ppo_country_attn_v13_iter0050: 70(53u/17s)  v56: 76(57u/19s)  draws: 4  WR(ppo_country_attn_v13_iter0050)=0.480  t=9.2s

[new 6/9] ppo_country_attn_v13_iter0050 vs v54 (150 games = 75/side, seed=88750) ...
  ppo_country_attn_v13_iter0050: 81(59u/22s)  v54: 68(52u/16s)  draws: 1  WR(ppo_country_attn_v13_iter0050)=0.543  t=9.3s

[new 7/9] ppo_country_attn_v13_iter0050 vs v44 (150 games = 75/side, seed=88900) ...
  ppo_country_attn_v13_iter0050: 75(56u/19s)  v44: 72(53u/19s)  draws: 3  WR(ppo_country_attn_v13_iter0050)=0.510  t=9.3s

[new 8/9] ppo_country_attn_v13_iter0050 vs v20 (150 games = 75/side, seed=89050) ...
  ppo_country_attn_v13_iter0050: 72(50u/22s)  v20: 75(51u/24s)  draws: 3  WR(ppo_country_attn_v13_iter0050)=0.490  t=9.3s

[new 9/9] ppo_country_attn_v13_iter0050 vs v55 (150 games = 75/side, seed=89200) ...
  ppo_country_attn_v13_iter0050: 75(52u/23s)  v55: 74(51u/23s)  draws: 1  WR(ppo_country_attn_v13_iter0050)=0.503  t=12.2s
  [reuse] ppo_country_attn_v13_iter0030 73(54u/19s) - 73(55u/18s) ppo_country_attn_v13_iter0020  draws=4  WR=0.500
  [reuse] ppo_country_attn_v13_iter0030 77(54u/23s) - 70(51u/19s) ppo_country_attn_v13_iter0010  draws=3  WR=0.523
  [reuse] ppo_country_attn_v13_iter0030 72(54u/18s) - 77(56u/21s) v56  draws=1  WR=0.483
  [reuse] ppo_country_attn_v13_iter0030 69(50u/19s) - 75(53u/22s) v54  draws=6  WR=0.480
  [reuse] ppo_country_attn_v13_iter0030 63(46u/17s) - 85(57u/28s) v44  draws=2  WR=0.427
  [reuse] ppo_country_attn_v13_iter0030 78(54u/24s) - 69(50u/19s) v20  draws=3  WR=0.530
  [reuse] ppo_country_attn_v13_iter0030 67(48u/19s) - 82(56u/26s) v55  draws=1  WR=0.450
  [reuse] ppo_country_attn_v13_iter0020 76(61u/15s) - 72(59u/13s) ppo_country_attn_v13_iter0010  draws=2  WR=0.513
  [reuse] ppo_country_attn_v13_iter0020 76(49u/27s) - 71(47u/24s) v56  draws=3  WR=0.517
  [reuse] ppo_country_attn_v13_iter0020 81(57u/24s) - 66(49u/17s) v54  draws=3  WR=0.550
  [reuse] ppo_country_attn_v13_iter0020 78(51u/27s) - 70(47u/23s) v44  draws=2  WR=0.527
  [reuse] ppo_country_attn_v13_iter0020 67(50u/17s) - 82(58u/24s) v20  draws=1  WR=0.450
  [reuse] ppo_country_attn_v13_iter0020 72(50u/22s) - 72(50u/22s) v55  draws=6  WR=0.500
  [reuse] ppo_country_attn_v13_iter0010 87(59u/28s) - 59(44u/15s) v56  draws=4  WR=0.593
  [reuse] ppo_country_attn_v13_iter0010 82(59u/23s) - 66(50u/16s) v54  draws=2  WR=0.553
  [reuse] ppo_country_attn_v13_iter0010 72(51u/21s) - 76(53u/23s) v44  draws=2  WR=0.487
  [reuse] ppo_country_attn_v13_iter0010 80(55u/25s) - 69(49u/20s) v20  draws=1  WR=0.537
  [reuse] ppo_country_attn_v13_iter0010 67(46u/21s) - 79(50u/29s) v55  draws=4  WR=0.460
  [reuse] v56 240(152u/88s) - 249(155u/94s) v54  draws=11  WR=0.491
  [reuse] v56 243(157u/86s) - 243(158u/85s) v44  draws=14  WR=0.500
  [reuse] v56 247(159u/88s) - 245(159u/86s) v20  draws=8  WR=0.502
  [reuse] v56 246(162u/84s) - 246(160u/86s) v55  draws=8  WR=0.500
  [reuse] v54 222(126u/96s) - 163(99u/64s) v44  draws=15  WR=0.574
  [reuse] v54 196(128u/68s) - 184(123u/61s) v20  draws=20  WR=0.515
  [reuse] v54 229(149u/80s) - 268(169u/99s) v55  draws=3  WR=0.461
  [reuse] v44 213(134u/79s) - 169(111u/58s) v20  draws=18  WR=0.555
  [reuse] v44 238(149u/89s) - 252(158u/94s) v55  draws=10  WR=0.486
  [reuse] v20 255(150u/105s) - 237(141u/96s) v55  draws=8  WR=0.518

Fitting BayesElo (bipartite per-side, anchor=v56_USSR=1900.0) ...
Fitting BayesElo (combined, for residual comparison) ...

Model                  USSR      US    Gap   Comb*                95% CI   vs anchor
  (bipartite per-side = PRIMARY, anchor: v56_USSR=1900)
  (* combined = derived from P(win) = 0.5·P_ussr + 0.5·P_us)
----------------------------------------------------------------------------------------
ppo_country_attn_v13_iter0010  1960   1775  +185    1920  [  1902,   1939]  +20
ppo_country_attn_v13_iter0020  1963   1754  +210    1913  [  1894,   1931]  +13
v55                   1895   1817  +78    1912  [  1898,   1925]  +12
ppo_country_attn_v13_iter0050  1963   1740  +223    1907  [  1889,   1926]  +7
v54                   1902   1797  +105    1906  [  1891,   1919]  +6
v44                   1884   1803  +80    1901  [  1887,   1914]  +1
v20                   1890   1796  +94    1901  [  1887,   1914]  +1
v56                   1900   1785  +115    1900  [  1900,   1900]  +0
ppo_country_attn_v13_iter0040  1977   1698  +280    1896  [  1878,   1916]  -4
ppo_country_attn_v13_iter0030  1932   1727  +205    1889  [  1871,   1909]  -11

Pair                              Obs WR   Bip WR   Comb WR   Bip err   Comb err
------------------------------------------------------------------------------------
ppo_country_attn_v13_iter0040 vs ppo_country_attn_v13_iter0050   0.470    0.488     0.484    -0.018     -0.014
ppo_country_attn_v13_iter0040 vs ppo_country_attn_v13_iter0030   0.520    0.507     0.510    +0.013     +0.010
ppo_country_attn_v13_iter0040 vs ppo_country_attn_v13_iter0020   0.490    0.481     0.478    +0.009     +0.012
ppo_country_attn_v13_iter0040 vs ppo_country_attn_v13_iter0010   0.410    0.472     0.466    -0.062     -0.056
ppo_country_attn_v13_iter0040 vs v56              0.523    0.495     0.496    +0.029     +0.028
ppo_country_attn_v13_iter0040 vs v54              0.487    0.487     0.488    -0.001     -0.002
ppo_country_attn_v13_iter0040 vs v44              0.557    0.493     0.495    +0.063     +0.062
ppo_country_attn_v13_iter0040 vs v20              0.463    0.494     0.495    -0.030     -0.032
ppo_country_attn_v13_iter0040 vs v55              0.473    0.480     0.479    -0.006     -0.006
ppo_country_attn_v13_iter0050 vs ppo_country_attn_v13_iter0030   0.580    0.522     0.526    +0.058     +0.054
ppo_country_attn_v13_iter0050 vs ppo_country_attn_v13_iter0020   0.453    0.493     0.493    -0.040     -0.040
ppo_country_attn_v13_iter0050 vs ppo_country_attn_v13_iter0010   0.457    0.484     0.482    -0.027     -0.025
ppo_country_attn_v13_iter0050 vs v56              0.480    0.510     0.511    -0.030     -0.031
ppo_country_attn_v13_iter0050 vs v54              0.543    0.503     0.504    +0.041     +0.039
ppo_country_attn_v13_iter0050 vs v44              0.510    0.510     0.511    +0.000     -0.001
ppo_country_attn_v13_iter0050 vs v20              0.490    0.510     0.511    -0.020     -0.021
ppo_country_attn_v13_iter0050 vs v55              0.503    0.495     0.495    +0.008     +0.009
ppo_country_attn_v13_iter0030 vs ppo_country_attn_v13_iter0020   0.500    0.470     0.467    +0.030     +0.033
ppo_country_attn_v13_iter0030 vs ppo_country_attn_v13_iter0010   0.523    0.460     0.456    +0.063     +0.067
ppo_country_attn_v13_iter0030 vs v56              0.483    0.485     0.485    -0.001     -0.002
ppo_country_attn_v13_iter0030 vs v54              0.480    0.477     0.478    +0.003     +0.002
ppo_country_attn_v13_iter0030 vs v44              0.427    0.483     0.485    -0.056     -0.058
ppo_country_attn_v13_iter0030 vs v20              0.530    0.483     0.485    +0.047     +0.045
ppo_country_attn_v13_iter0030 vs v55              0.450    0.468     0.469    -0.018     -0.019
ppo_country_attn_v13_iter0020 vs ppo_country_attn_v13_iter0010   0.513    0.491     0.489    +0.022     +0.025
ppo_country_attn_v13_iter0020 vs v56              0.517    0.518     0.518    -0.002     -0.001
ppo_country_attn_v13_iter0020 vs v54              0.550    0.511     0.511    +0.039     +0.039
ppo_country_attn_v13_iter0020 vs v44              0.527    0.518     0.517    +0.009     +0.009
ppo_country_attn_v13_iter0020 vs v20              0.450    0.518     0.517    -0.068     -0.067
ppo_country_attn_v13_iter0020 vs v55              0.500    0.503     0.502    -0.003     -0.002
ppo_country_attn_v13_iter0010 vs v56              0.593    0.529     0.529    +0.064     +0.064
ppo_country_attn_v13_iter0010 vs v54              0.553    0.522     0.522    +0.032     +0.031
ppo_country_attn_v13_iter0010 vs v44              0.487    0.529     0.529    -0.043     -0.042
ppo_country_attn_v13_iter0010 vs v20              0.537    0.529     0.529    +0.008     +0.008
ppo_country_attn_v13_iter0010 vs v55              0.460    0.514     0.513    -0.054     -0.053
v56            vs v54              0.491    0.491     0.493    -0.000     -0.002
v56            vs v44              0.500    0.499     0.499    +0.001     +0.001
v56            vs v20              0.502    0.499     0.499    +0.003     +0.003
v56            vs v55              0.500    0.482     0.484    +0.018     +0.016
v54            vs v44              0.574    0.508     0.507    +0.066     +0.067
v54            vs v20              0.515    0.508     0.507    +0.007     +0.008
v54            vs v55              0.461    0.491     0.491    -0.030     -0.030
v44            vs v20              0.555    0.500     0.500    +0.055     +0.055
v44            vs v55              0.486    0.483     0.484    +0.003     +0.002
v20            vs v55              0.518    0.483     0.484    +0.035     +0.034
------------------------------------------------------------------------------------
                                              RMSE    0.0353     0.0350
  (bipartite RMSE >= combined RMSE → bipartite model not better fit)

Saved to results/ppo_country_attn_v13/candidate_tournament.json
[sql] Tournament logged: round_robin_20260420T131805Z_ppo_country_attn_v13_iter0010_ppo_country_attn_v13_iter0020 → results/metadata.sqlite3

[candidate] Top-8 panel-eval candidates:
  iter 0040: avg_panel_wr=0.517  results/ppo_country_attn_v13/ppo_iter0040_scripted.pt
  iter 0050: avg_panel_wr=0.500  results/ppo_country_attn_v13/ppo_iter0050_scripted.pt
  iter 0030: avg_panel_wr=0.483  results/ppo_country_attn_v13/ppo_iter0030_scripted.pt
  iter 0020: avg_panel_wr=0.475  results/ppo_country_attn_v13/ppo_iter0020_scripted.pt
  iter 0010: avg_panel_wr=0.392  results/ppo_country_attn_v13/ppo_iter0010_scripted.pt
[candidate] Models in tournament: ['ppo_country_attn_v13_iter0040:results/ppo_country_attn_v13/ppo_iter0040_scripted.pt', 'ppo_country_attn_v13_iter0050:results/ppo_country_attn_v13/ppo_iter0050_scripted.pt', 'ppo_country_attn_v13_iter0030:results/ppo_country_attn_v13/ppo_iter0030_scripted.pt', 'ppo_country_attn_v13_iter0020:results/ppo_country_attn_v13/ppo_iter0020_scripted.pt', 'ppo_country_attn_v13_iter0010:results/ppo_country_attn_v13/ppo_iter0010_scripted.pt', 'v56:data/checkpoints/scripted_for_elo/v56_scripted.pt', 'v54:data/checkpoints/scripted_for_elo/v54_scripted.pt', 'v44:data/checkpoints/scripted_for_elo/v44_scripted.pt', 'v20:data/checkpoints/scripted_for_elo/v20_scripted.pt', 'v55:data/checkpoints/scripted_for_elo/v55_scripted.pt']
[candidate] Games per matchup: 150, anchor: v56=1900.0
[candidate] Running: /home/dkord/code/twilight-struggle-ai/.venv/bin/python3 scripts/run_elo_tournament.py --models ppo_country_attn_v13_iter0040:results/ppo_country_attn_v13/ppo_iter0040_scripted.pt ppo_country_attn_v13_iter0050:results/ppo_country_attn_v13/ppo_iter0050_scripted.pt ppo_country_attn_v13_iter0030:results/ppo_country_attn_v13/ppo_iter0030_scripted.pt ppo_country_attn_v13_iter0020:results/ppo_country_attn_v13/ppo_iter0020_scripted.pt ppo_country_attn_v13_iter0010:results/ppo_country_attn_v13/ppo_iter0010_scripted.pt v56:data/checkpoints/scripted_for_elo/v56_scripted.pt v54:data/checkpoints/scripted_for_elo/v54_scripted.pt v44:data/checkpoints/scripted_for_elo/v44_scripted.pt v20:data/checkpoints/scripted_for_elo/v20_scripted.pt v55:data/checkpoints/scripted_for_elo/v55_scripted.pt --games 150 --anchor v56 --anchor-elo 1900.0 --schedule round_robin --out results/ppo_country_attn_v13/candidate_tournament.json --script-dir data/checkpoints/scripted_for_elo

[candidate] Tournament results (candidates only):
  ppo_country_attn_v13_iter0010: Elo=1920.4 ← WINNER
  ppo_country_attn_v13_iter0020: Elo=1912.8
  ppo_country_attn_v13_iter0050: Elo=1907.1
  ppo_country_attn_v13_iter0040: Elo=1896.2
  ppo_country_attn_v13_iter0030: Elo=1889.3
[candidate] ppo_best.pt ← results/ppo_country_attn_v13/ppo_iter0010.pt
[candidate] ppo_best_scripted.pt ← results/ppo_country_attn_v13/ppo_iter0010_scripted.pt

[candidate] Done. Winner: ppo_country_attn_v13_iter0010 (Elo=1920.4)
[candidate] Full tournament results: results/ppo_country_attn_v13/candidate_tournament.json
=== ELO incremental placement: country_attn_v13 ===
Exporting checkpoints to TorchScript ...
Loaded 5409 match results from SQL match_cache

Match schedule (15 total, 0 new, 15 reused from prior run):
  v56 vs v54  [reuse]
  v56 vs v44  [reuse]
  v56 vs v20  [reuse]
  v56 vs v55  [reuse]
  v56 vs country_attn_v13  [reuse]
  v54 vs v44  [reuse]
  v54 vs v20  [reuse]
  v54 vs v55  [reuse]
  v54 vs country_attn_v13  [reuse]
  v44 vs v20  [reuse]
  v44 vs v55  [reuse]
  v44 vs country_attn_v13  [reuse]
  v20 vs v55  [reuse]
  v20 vs country_attn_v13  [reuse]
  v55 vs country_attn_v13  [reuse]
  [reuse] v56 240(152u/88s) - 249(155u/94s) v54  draws=11  WR=0.491
  [reuse] v56 243(157u/86s) - 243(158u/85s) v44  draws=14  WR=0.500
  [reuse] v56 247(159u/88s) - 245(159u/86s) v20  draws=8  WR=0.502
  [reuse] v56 246(162u/84s) - 246(160u/86s) v55  draws=8  WR=0.500
  [reuse] v56 95(69u/26s) - 100(72u/28s) country_attn_v13  draws=5  WR=0.487
  [reuse] v54 222(126u/96s) - 163(99u/64s) v44  draws=15  WR=0.574
  [reuse] v54 196(128u/68s) - 184(123u/61s) v20  draws=20  WR=0.515
  [reuse] v54 229(149u/80s) - 268(169u/99s) v55  draws=3  WR=0.461
  [reuse] v54 95(65u/30s) - 101(68u/33s) country_attn_v13  draws=4  WR=0.485
  [reuse] v44 213(134u/79s) - 169(111u/58s) v20  draws=18  WR=0.555
  [reuse] v44 238(149u/89s) - 252(158u/94s) v55  draws=10  WR=0.486
  [reuse] v44 99(67u/32s) - 98(67u/31s) country_attn_v13  draws=3  WR=0.502
  [reuse] v20 255(150u/105s) - 237(141u/96s) v55  draws=8  WR=0.518
  [reuse] v20 102(70u/32s) - 93(66u/27s) country_attn_v13  draws=5  WR=0.522
  [reuse] v55 95(66u/29s) - 97(66u/31s) country_attn_v13  draws=8  WR=0.495

Fitting BayesElo (bipartite per-side, anchor=v56_USSR=1900.0) ...
Fitting BayesElo (combined, for residual comparison) ...

Model                  USSR      US    Gap   Comb*                95% CI   vs anchor
  (bipartite per-side = PRIMARY, anchor: v56_USSR=1900)
  (* combined = derived from P(win) = 0.5·P_ussr + 0.5·P_us)
----------------------------------------------------------------------------------------
v54                   1890   1805  +85    1907  [  1892,   1922]  +7
v55                   1889   1802  +86    1906  [  1891,   1921]  +6
country_attn_v13      1937   1747  +190    1902  [  1881,   1924]  +2
v56                   1900   1779  +121    1900  [  1900,   1900]  +0
v44                   1877   1796  +81    1898  [  1882,   1913]  -2
v20                   1884   1789  +95    1897  [  1882,   1913]  -3

Pair                              Obs WR   Bip WR   Comb WR   Bip err   Comb err
------------------------------------------------------------------------------------
v56            vs v54              0.491    0.489     0.490    +0.002     +0.001
v56            vs v44              0.500    0.504     0.504    -0.004     -0.004
v56            vs v20              0.502    0.504     0.504    -0.002     -0.002
v56            vs v55              0.500    0.492     0.492    +0.008     +0.008
v56            vs country_attn_v13   0.487    0.497     0.496    -0.009     -0.009
v54            vs v44              0.574    0.515     0.514    +0.059     +0.060
v54            vs v20              0.515    0.515     0.514    -0.000     +0.001
v54            vs v55              0.461    0.502     0.502    -0.041     -0.041
v54            vs country_attn_v13   0.485    0.506     0.506    -0.021     -0.021
v44            vs v20              0.555    0.501     0.501    +0.054     +0.054
v44            vs v55              0.486    0.488     0.488    -0.002     -0.002
v44            vs country_attn_v13   0.502    0.493     0.493    +0.009     +0.010
v20            vs v55              0.518    0.487     0.487    +0.031     +0.031
v20            vs country_attn_v13   0.522    0.493     0.492    +0.030     +0.030
v55            vs country_attn_v13   0.495    0.504     0.505    -0.009     -0.010
------------------------------------------------------------------------------------
                                              RMSE    0.0268     0.0270
  (bipartite RMSE < combined RMSE → bipartite model better fit)

Saved to results/logs/elo/elo_country_attn_v13_incremental.json
[sql] Tournament logged: incremental_20260420T131806Z_country_attn_v13_v20 → results/metadata.sqlite3
[confirm] Merged $VERSION into results/elo/elo_full_ladder.json: elo=1902
Done. country_attn_v13: elo=1902 elo_ussr=1937 elo_us=1747
