Exporting checkpoints to TorchScript ...
  ppo_v316_sc_league_iter0010: already TorchScript, using directly
  ppo_v316_sc_league_iter0040: already TorchScript, using directly
  ppo_v316_sc_league_iter0030: already TorchScript, using directly
  ppo_v316_sc_league_iter0020: already TorchScript, using directly
Loaded 5794 match results from SQL match_cache

Match schedule (36 total, 8 new, 28 reused from prior run):
  ppo_v316_sc_league_iter0010 vs ppo_v316_sc_league_iter0040
  ppo_v316_sc_league_iter0010 vs ppo_v316_sc_league_iter0030  [reuse]
  ppo_v316_sc_league_iter0010 vs ppo_v316_sc_league_iter0020  [reuse]
  ppo_v316_sc_league_iter0010 vs v56  [reuse]
  ppo_v316_sc_league_iter0010 vs v54  [reuse]
  ppo_v316_sc_league_iter0010 vs v44  [reuse]
  ppo_v316_sc_league_iter0010 vs v20  [reuse]
  ppo_v316_sc_league_iter0010 vs v55  [reuse]
  ppo_v316_sc_league_iter0040 vs ppo_v316_sc_league_iter0030
  ppo_v316_sc_league_iter0040 vs ppo_v316_sc_league_iter0020
  ppo_v316_sc_league_iter0040 vs v56
  ppo_v316_sc_league_iter0040 vs v54
  ppo_v316_sc_league_iter0040 vs v44
  ppo_v316_sc_league_iter0040 vs v20
  ppo_v316_sc_league_iter0040 vs v55
  ppo_v316_sc_league_iter0030 vs ppo_v316_sc_league_iter0020  [reuse]
  ppo_v316_sc_league_iter0030 vs v56  [reuse]
  ppo_v316_sc_league_iter0030 vs v54  [reuse]
  ppo_v316_sc_league_iter0030 vs v44  [reuse]
  ppo_v316_sc_league_iter0030 vs v20  [reuse]
  ppo_v316_sc_league_iter0030 vs v55  [reuse]
  ppo_v316_sc_league_iter0020 vs v56  [reuse]
  ppo_v316_sc_league_iter0020 vs v54  [reuse]
  ppo_v316_sc_league_iter0020 vs v44  [reuse]
  ppo_v316_sc_league_iter0020 vs v20  [reuse]
  ppo_v316_sc_league_iter0020 vs v55  [reuse]
  v56 vs v54  [reuse]
  v56 vs v44  [reuse]
  v56 vs v20  [reuse]
  v56 vs v55  [reuse]
  v54 vs v44  [reuse]
  v54 vs v20  [reuse]
  v54 vs v55  [reuse]
  v44 vs v20  [reuse]
  v44 vs v55  [reuse]
  v20 vs v55  [reuse]

[new 1/8] ppo_v316_sc_league_iter0010 vs ppo_v316_sc_league_iter0040 (150 games = 75/side, seed=88000) ...
  ppo_v316_sc_league_iter0010: 65(40u/25s)  ppo_v316_sc_league_iter0040: 84(50u/34s)  draws: 1  WR(ppo_v316_sc_league_iter0010)=0.437  t=24.2s
  [reuse] ppo_v316_sc_league_iter0010 70(43u/27s) - 78(47u/31s) ppo_v316_sc_league_iter0030  draws=2  WR=0.473
  [reuse] ppo_v316_sc_league_iter0010 69(45u/24s) - 79(51u/28s) ppo_v316_sc_league_iter0020  draws=2  WR=0.467
  [reuse] ppo_v316_sc_league_iter0010 68(40u/28s) - 80(46u/34s) v56  draws=2  WR=0.460
  [reuse] ppo_v316_sc_league_iter0010 62(39u/23s) - 83(51u/32s) v54  draws=5  WR=0.430
  [reuse] ppo_v316_sc_league_iter0010 70(39u/31s) - 79(44u/35s) v44  draws=1  WR=0.470
  [reuse] ppo_v316_sc_league_iter0010 60(33u/27s) - 84(45u/39s) v20  draws=6  WR=0.420
  [reuse] ppo_v316_sc_league_iter0010 60(41u/19s) - 89(55u/34s) v55  draws=1  WR=0.403

[new 2/8] ppo_v316_sc_league_iter0040 vs ppo_v316_sc_league_iter0030 (150 games = 75/side, seed=88150) ...
  ppo_v316_sc_league_iter0040: 79(46u/33s)  ppo_v316_sc_league_iter0030: 68(40u/28s)  draws: 3  WR(ppo_v316_sc_league_iter0040)=0.537  t=18.8s

[new 3/8] ppo_v316_sc_league_iter0040 vs ppo_v316_sc_league_iter0020 (150 games = 75/side, seed=88300) ...
  ppo_v316_sc_league_iter0040: 77(48u/29s)  ppo_v316_sc_league_iter0020: 69(42u/27s)  draws: 4  WR(ppo_v316_sc_league_iter0040)=0.527  t=16.7s

[new 4/8] ppo_v316_sc_league_iter0040 vs v56 (150 games = 75/side, seed=88450) ...
  ppo_v316_sc_league_iter0040: 67(42u/25s)  v56: 80(48u/32s)  draws: 3  WR(ppo_v316_sc_league_iter0040)=0.457  t=13.1s

[new 5/8] ppo_v316_sc_league_iter0040 vs v54 (150 games = 75/side, seed=88600) ...
  ppo_v316_sc_league_iter0040: 62(29u/33s)  v54: 86(41u/45s)  draws: 2  WR(ppo_v316_sc_league_iter0040)=0.420  t=11.7s

[new 6/8] ppo_v316_sc_league_iter0040 vs v44 (150 games = 75/side, seed=88750) ...
  ppo_v316_sc_league_iter0040: 70(45u/25s)  v44: 75(46u/29s)  draws: 5  WR(ppo_v316_sc_league_iter0040)=0.483  t=12.1s

[new 7/8] ppo_v316_sc_league_iter0040 vs v20 (150 games = 75/side, seed=88900) ...
  ppo_v316_sc_league_iter0040: 68(35u/33s)  v20: 78(40u/38s)  draws: 4  WR(ppo_v316_sc_league_iter0040)=0.467  t=11.4s

[new 8/8] ppo_v316_sc_league_iter0040 vs v55 (150 games = 75/side, seed=89050) ...
  ppo_v316_sc_league_iter0040: 68(36u/32s)  v55: 78(41u/37s)  draws: 4  WR(ppo_v316_sc_league_iter0040)=0.467  t=15.4s
  [reuse] ppo_v316_sc_league_iter0030 79(49u/30s) - 68(44u/24s) ppo_v316_sc_league_iter0020  draws=3  WR=0.537
  [reuse] ppo_v316_sc_league_iter0030 63(37u/26s) - 83(48u/35s) v56  draws=4  WR=0.433
  [reuse] ppo_v316_sc_league_iter0030 72(42u/30s) - 73(43u/30s) v54  draws=5  WR=0.497
  [reuse] ppo_v316_sc_league_iter0030 59(32u/27s) - 88(45u/43s) v44  draws=3  WR=0.403
  [reuse] ppo_v316_sc_league_iter0030 66(38u/28s) - 81(46u/35s) v20  draws=3  WR=0.450
  [reuse] ppo_v316_sc_league_iter0030 65(33u/32s) - 83(43u/40s) v55  draws=2  WR=0.440
  [reuse] ppo_v316_sc_league_iter0020 67(44u/23s) - 82(51u/31s) v56  draws=1  WR=0.450
  [reuse] ppo_v316_sc_league_iter0020 53(29u/24s) - 93(50u/43s) v54  draws=4  WR=0.367
  [reuse] ppo_v316_sc_league_iter0020 72(46u/26s) - 73(46u/27s) v44  draws=5  WR=0.497
  [reuse] ppo_v316_sc_league_iter0020 63(39u/24s) - 85(49u/36s) v20  draws=2  WR=0.427
  [reuse] ppo_v316_sc_league_iter0020 82(47u/35s) - 67(39u/28s) v55  draws=1  WR=0.550
  [reuse] v56 197(118u/79s) - 195(116u/79s) v54  draws=8  WR=0.502
  [reuse] v56 185(101u/84s) - 200(108u/92s) v44  draws=15  WR=0.481
  [reuse] v56 188(122u/66s) - 200(131u/69s) v20  draws=12  WR=0.485
  [reuse] v56 183(110u/73s) - 206(121u/85s) v55  draws=11  WR=0.471
  [reuse] v54 222(126u/96s) - 163(99u/64s) v44  draws=15  WR=0.574
  [reuse] v54 196(128u/68s) - 184(123u/61s) v20  draws=20  WR=0.515
  [reuse] v54 181(102u/79s) - 209(115u/94s) v55  draws=10  WR=0.465
  [reuse] v44 213(134u/79s) - 169(111u/58s) v20  draws=18  WR=0.555
  [reuse] v44 178(110u/68s) - 201(119u/82s) v55  draws=21  WR=0.471
  [reuse] v20 167(115u/52s) - 219(137u/82s) v55  draws=14  WR=0.435

Fitting BayesElo (bipartite per-side, anchor=v56_USSR=1900.0) ...
Fitting BayesElo (combined, for residual comparison) ...

Model                  USSR      US    Gap   Comb*                95% CI   vs anchor
  (bipartite per-side = PRIMARY, anchor: v56_USSR=1900)
  (* combined = derived from P(win) = 0.5·P_ussr + 0.5·P_us)
----------------------------------------------------------------------------------------
v55                   1917   1857  +60    1922  [  1907,   1936]  +22
v54                   1907   1855  +51    1916  [  1901,   1931]  +16
v44                   1894   1837  +58    1901  [  1886,   1916]  +1
v56                   1900   1829  +71    1900  [  1900,   1900]  +0
v20                   1918   1799  +119    1894  [  1880,   1910]  -6
ppo_v316_sc_league_iter0040  1861   1834  +27    1884  [  1864,   1904]  -16
ppo_v316_sc_league_iter0020  1882   1787  +95    1872  [  1852,   1892]  -28
ppo_v316_sc_league_iter0030  1853   1817  +36    1871  [  1851,   1891]  -29
ppo_v316_sc_league_iter0010  1859   1779  +80    1856  [  1836,   1876]  -44

Pair                              Obs WR   Bip WR   Comb WR   Bip err   Comb err
------------------------------------------------------------------------------------
ppo_v316_sc_league_iter0010 vs ppo_v316_sc_league_iter0040   0.437    0.459     0.459    -0.022     -0.022
ppo_v316_sc_league_iter0010 vs ppo_v316_sc_league_iter0030   0.473    0.478     0.478    -0.004     -0.005
ppo_v316_sc_league_iter0010 vs ppo_v316_sc_league_iter0020   0.467    0.479     0.477    -0.012     -0.010
ppo_v316_sc_league_iter0010 vs v56              0.460    0.437     0.437    +0.023     +0.023
ppo_v316_sc_league_iter0010 vs v54              0.430    0.414     0.414    +0.016     +0.016
ppo_v316_sc_league_iter0010 vs v44              0.470    0.436     0.435    +0.034     +0.035
ppo_v316_sc_league_iter0010 vs v20              0.420    0.447     0.444    -0.027     -0.024
ppo_v316_sc_league_iter0010 vs v55              0.403    0.406     0.407    -0.003     -0.003
ppo_v316_sc_league_iter0040 vs ppo_v316_sc_league_iter0030   0.537    0.519     0.519    +0.018     +0.017
ppo_v316_sc_league_iter0040 vs ppo_v316_sc_league_iter0020   0.527    0.519     0.518    +0.008     +0.009
ppo_v316_sc_league_iter0040 vs v56              0.457    0.476     0.477    -0.020     -0.021
ppo_v316_sc_league_iter0040 vs v54              0.420    0.453     0.455    -0.033     -0.035
ppo_v316_sc_league_iter0040 vs v44              0.483    0.475     0.476    +0.008     +0.008
ppo_v316_sc_league_iter0040 vs v20              0.467    0.485     0.485    -0.019     -0.018
ppo_v316_sc_league_iter0040 vs v55              0.467    0.444     0.447    +0.022     +0.020
ppo_v316_sc_league_iter0030 vs ppo_v316_sc_league_iter0020   0.537    0.500     0.499    +0.037     +0.038
ppo_v316_sc_league_iter0030 vs v56              0.433    0.458     0.458    -0.025     -0.025
ppo_v316_sc_league_iter0030 vs v54              0.497    0.435     0.435    +0.062     +0.061
ppo_v316_sc_league_iter0030 vs v44              0.403    0.457     0.456    -0.053     -0.053
ppo_v316_sc_league_iter0030 vs v20              0.450    0.467     0.466    -0.017     -0.016
ppo_v316_sc_league_iter0030 vs v55              0.440    0.426     0.428    +0.014     +0.012
ppo_v316_sc_league_iter0020 vs v56              0.450    0.459     0.459    -0.009     -0.009
ppo_v316_sc_league_iter0020 vs v54              0.367    0.436     0.437    -0.070     -0.070
ppo_v316_sc_league_iter0020 vs v44              0.497    0.458     0.458    +0.039     +0.039
ppo_v316_sc_league_iter0020 vs v20              0.427    0.469     0.467    -0.042     -0.040
ppo_v316_sc_league_iter0020 vs v55              0.550    0.428     0.429    +0.122     +0.121
v56            vs v54              0.502    0.477     0.477    +0.025     +0.026
v56            vs v44              0.481    0.499     0.498    -0.017     -0.017
v56            vs v20              0.485    0.508     0.507    -0.023     -0.022
v56            vs v55              0.471    0.469     0.469    +0.003     +0.002
v54            vs v44              0.574    0.522     0.521    +0.052     +0.052
v54            vs v20              0.515    0.530     0.530    -0.015     -0.015
v54            vs v55              0.465    0.491     0.492    -0.026     -0.027
v44            vs v20              0.555    0.509     0.509    +0.046     +0.046
v44            vs v55              0.471    0.470     0.471    +0.002     +0.001
v20            vs v55              0.435    0.461     0.462    -0.026     -0.027
------------------------------------------------------------------------------------
                                              RMSE    0.0358     0.0357
  (bipartite RMSE >= combined RMSE → bipartite model not better fit)

Saved to data/checkpoints/ppo_v316_sc_league/candidate_tournament.json
[sql] Tournament logged: round_robin_20260417T153717Z_ppo_v316_sc_league_iter0010_ppo_v316_sc_league_iter0020 → results/metadata.sqlite3

[candidate] Top-8 panel-eval candidates:
  iter 0010: avg_panel_wr=0.498  data/checkpoints/ppo_v316_sc_league/ppo_iter0010_scripted.pt
  iter 0040: avg_panel_wr=0.496  data/checkpoints/ppo_v316_sc_league/ppo_iter0040_scripted.pt
  iter 0030: avg_panel_wr=0.492  data/checkpoints/ppo_v316_sc_league/ppo_iter0030_scripted.pt
  iter 0020: avg_panel_wr=0.485  data/checkpoints/ppo_v316_sc_league/ppo_iter0020_scripted.pt
[candidate] Models in tournament: ['ppo_v316_sc_league_iter0010:data/checkpoints/ppo_v316_sc_league/ppo_iter0010_scripted.pt', 'ppo_v316_sc_league_iter0040:data/checkpoints/ppo_v316_sc_league/ppo_iter0040_scripted.pt', 'ppo_v316_sc_league_iter0030:data/checkpoints/ppo_v316_sc_league/ppo_iter0030_scripted.pt', 'ppo_v316_sc_league_iter0020:data/checkpoints/ppo_v316_sc_league/ppo_iter0020_scripted.pt', 'v56:data/checkpoints/scripted_for_elo/v56_scripted.pt', 'v54:data/checkpoints/scripted_for_elo/v54_scripted.pt', 'v44:data/checkpoints/scripted_for_elo/v44_scripted.pt', 'v20:data/checkpoints/scripted_for_elo/v20_scripted.pt', 'v55:data/checkpoints/scripted_for_elo/v55_scripted.pt']
[candidate] Games per matchup: 150, anchor: v56=1900.0
[candidate] Running: /home/dkord/code/twilight-struggle-ai/.venv/bin/python3 scripts/run_elo_tournament.py --models ppo_v316_sc_league_iter0010:data/checkpoints/ppo_v316_sc_league/ppo_iter0010_scripted.pt ppo_v316_sc_league_iter0040:data/checkpoints/ppo_v316_sc_league/ppo_iter0040_scripted.pt ppo_v316_sc_league_iter0030:data/checkpoints/ppo_v316_sc_league/ppo_iter0030_scripted.pt ppo_v316_sc_league_iter0020:data/checkpoints/ppo_v316_sc_league/ppo_iter0020_scripted.pt v56:data/checkpoints/scripted_for_elo/v56_scripted.pt v54:data/checkpoints/scripted_for_elo/v54_scripted.pt v44:data/checkpoints/scripted_for_elo/v44_scripted.pt v20:data/checkpoints/scripted_for_elo/v20_scripted.pt v55:data/checkpoints/scripted_for_elo/v55_scripted.pt --games 150 --anchor v56 --anchor-elo 1900.0 --schedule round_robin --out data/checkpoints/ppo_v316_sc_league/candidate_tournament.json --script-dir data/checkpoints/scripted_for_elo

[candidate] Tournament results (candidates only):
  ppo_v316_sc_league_iter0040: Elo=1883.6 ← WINNER
  ppo_v316_sc_league_iter0020: Elo=1871.6
  ppo_v316_sc_league_iter0030: Elo=1870.8
  ppo_v316_sc_league_iter0010: Elo=1856.2
[candidate] ppo_best.pt ← data/checkpoints/ppo_v316_sc_league/ppo_iter0040.pt
[candidate] ppo_best_scripted.pt ← data/checkpoints/ppo_v316_sc_league/ppo_iter0040_scripted.pt

[candidate] Done. Winner: ppo_v316_sc_league_iter0040 (Elo=1883.6)
[candidate] Full tournament results: data/checkpoints/ppo_v316_sc_league/candidate_tournament.json
