Exporting checkpoints to TorchScript ...
  ppo_v178_sc_league_iter0020: already TorchScript, using directly
  ppo_v178_sc_league_iter0010: already TorchScript, using directly
Loaded 3363 match results from SQL match_cache

Match schedule (21 total, 6 new, 15 reused from prior run):
  ppo_v178_sc_league_iter0020 vs ppo_v178_sc_league_iter0010
  ppo_v178_sc_league_iter0020 vs v55
  ppo_v178_sc_league_iter0020 vs v54
  ppo_v178_sc_league_iter0020 vs v44
  ppo_v178_sc_league_iter0020 vs v45
  ppo_v178_sc_league_iter0020 vs v14
  ppo_v178_sc_league_iter0010 vs v55  [reuse]
  ppo_v178_sc_league_iter0010 vs v54  [reuse]
  ppo_v178_sc_league_iter0010 vs v44  [reuse]
  ppo_v178_sc_league_iter0010 vs v45  [reuse]
  ppo_v178_sc_league_iter0010 vs v14  [reuse]
  v55 vs v54  [reuse]
  v55 vs v44  [reuse]
  v55 vs v45  [reuse]
  v55 vs v14  [reuse]
  v54 vs v44  [reuse]
  v54 vs v45  [reuse]
  v54 vs v14  [reuse]
  v44 vs v45  [reuse]
  v44 vs v14  [reuse]
  v45 vs v14  [reuse]

[new 1/6] ppo_v178_sc_league_iter0020 vs ppo_v178_sc_league_iter0010 (150 games = 75/side, seed=88000) ...
  ppo_v178_sc_league_iter0020: 79(49u/30s)  ppo_v178_sc_league_iter0010: 64(42u/22s)  draws: 7  WR(ppo_v178_sc_league_iter0020)=0.550  t=8.2s

[new 2/6] ppo_v178_sc_league_iter0020 vs v55 (150 games = 75/side, seed=88150) ...
  ppo_v178_sc_league_iter0020: 16(11u/5s)  v55: 133(70u/63s)  draws: 1  WR(ppo_v178_sc_league_iter0020)=0.110  t=7.1s

[new 3/6] ppo_v178_sc_league_iter0020 vs v54 (150 games = 75/side, seed=88300) ...
  ppo_v178_sc_league_iter0020: 16(11u/5s)  v54: 134(70u/64s)  draws: 0  WR(ppo_v178_sc_league_iter0020)=0.107  t=7.5s

[new 4/6] ppo_v178_sc_league_iter0020 vs v44 (150 games = 75/side, seed=88450) ...
  ppo_v178_sc_league_iter0020: 17(14u/3s)  v44: 131(70u/61s)  draws: 2  WR(ppo_v178_sc_league_iter0020)=0.120  t=7.1s

[new 5/6] ppo_v178_sc_league_iter0020 vs v45 (150 games = 75/side, seed=88600) ...
  ppo_v178_sc_league_iter0020: 17(10u/7s)  v45: 130(65u/65s)  draws: 3  WR(ppo_v178_sc_league_iter0020)=0.123  t=7.2s

[new 6/6] ppo_v178_sc_league_iter0020 vs v14 (150 games = 75/side, seed=88750) ...
  ppo_v178_sc_league_iter0020: 18(5u/13s)  v14: 128(59u/69s)  draws: 4  WR(ppo_v178_sc_league_iter0020)=0.133  t=7.3s
  [reuse] ppo_v178_sc_league_iter0010 9(7u/2s) - 139(72u/67s) v55  draws=2  WR=0.067
  [reuse] ppo_v178_sc_league_iter0010 13(10u/3s) - 137(72u/65s) v54  draws=0  WR=0.087
  [reuse] ppo_v178_sc_league_iter0010 20(12u/8s) - 129(66u/63s) v44  draws=1  WR=0.137
  [reuse] ppo_v178_sc_league_iter0010 15(7u/8s) - 134(66u/68s) v45  draws=1  WR=0.103
  [reuse] ppo_v178_sc_league_iter0010 23(16u/7s) - 125(66u/59s) v14  draws=2  WR=0.160
  [reuse] v55 209(115u/94s) - 181(102u/79s) v54  draws=10  WR=0.535
  [reuse] v55 201(119u/82s) - 178(110u/68s) v44  draws=21  WR=0.529
  [reuse] v55 206(136u/70s) - 180(123u/57s) v45  draws=14  WR=0.532
  [reuse] v55 255(150u/105s) - 128(88u/40s) v14  draws=17  WR=0.659
  [reuse] v54 222(126u/96s) - 163(99u/64s) v44  draws=15  WR=0.574
  [reuse] v54 194(125u/69s) - 183(121u/62s) v45  draws=23  WR=0.514
  [reuse] v54 254(154u/100s) - 131(95u/36s) v14  draws=15  WR=0.654
  [reuse] v44 194(130u/64s) - 192(130u/62s) v45  draws=14  WR=0.502
  [reuse] v44 239(147u/92s) - 147(100u/47s) v14  draws=14  WR=0.615
  [reuse] v45 226(147u/79s) - 162(115u/47s) v14  draws=12  WR=0.580

Fitting BayesElo (combined) ...
Fitting BayesElo (bipartite per-side, anchor=v14_USSR=2015.0) ...

Model                   Elo    USSR*      US*    Gap                95% CI   vs anchor
  (* bipartite per-side, single anchor: v14_USSR=2015)
----------------------------------------------------------------------------------------
v55                    2127   2110   2044  +67  [  2109,   2144]  +112
v54                    2118   2099   2038  +61  [  2101,   2135]  +103
v45                    2093   2117   1966  +151  [  2076,   2109]  +78
v44                    2089   2080   1993  +87  [  2072,   2106]  +74
v14                    2015   2015   1898  +117  [  2015,   2015]  +0
ppo_v178_sc_league_iter0020   1734   1683   1657  +27  [  1702,   1766]  -281
ppo_v178_sc_league_iter0010   1710   1679   1605  +74  [  1677,   1744]  -305

Pair                              Obs WR   Bip WR   Comb WR   Bip err   Comb err
------------------------------------------------------------------------------------
ppo_v178_sc_league_iter0020 vs ppo_v178_sc_league_iter0010   0.550    0.540     0.534    +0.010     +0.016
ppo_v178_sc_league_iter0020 vs v55              0.110    0.090     0.095    +0.020     +0.015
ppo_v178_sc_league_iter0020 vs v54              0.107    0.094     0.099    +0.013     +0.008
ppo_v178_sc_league_iter0020 vs v44              0.120    0.112     0.115    +0.008     +0.005
ppo_v178_sc_league_iter0020 vs v45              0.123    0.115     0.113    +0.008     +0.011
ppo_v178_sc_league_iter0020 vs v14              0.133    0.169     0.166    -0.035     -0.032
ppo_v178_sc_league_iter0010 vs v55              0.067    0.080     0.084    -0.014     -0.017
ppo_v178_sc_league_iter0010 vs v54              0.087    0.084     0.087    +0.003     -0.001
ppo_v178_sc_league_iter0010 vs v44              0.137    0.101     0.102    +0.036     +0.035
ppo_v178_sc_league_iter0010 vs v45              0.103    0.105     0.100    -0.002     +0.003
ppo_v178_sc_league_iter0010 vs v14              0.160    0.153     0.148    +0.007     +0.012
v55            vs v54              0.535    0.512     0.512    +0.023     +0.023
v55            vs v44              0.529    0.555     0.554    -0.027     -0.025
v55            vs v45              0.532    0.546     0.549    -0.013     -0.016
v55            vs v14              0.659    0.657     0.655    +0.002     +0.003
v54            vs v44              0.574    0.544     0.543    +0.030     +0.031
v54            vs v45              0.514    0.535     0.537    -0.021     -0.023
v54            vs v14              0.654    0.646     0.644    +0.007     +0.009
v44            vs v45              0.502    0.493     0.494    +0.009     +0.008
v44            vs v14              0.615    0.604     0.604    +0.011     +0.011
v45            vs v14              0.580    0.605     0.610    -0.025     -0.030
------------------------------------------------------------------------------------
                                              RMSE    0.0185     0.0189
  (bipartite RMSE < combined RMSE → bipartite model better fit)

Saved to data/checkpoints/ppo_v178_sc_league/candidate_tournament.json
[sql] Tournament logged: round_robin_20260414T020137Z_ppo_v178_sc_league_iter0010_ppo_v178_sc_league_iter0020 → results/metadata.sqlite3

[candidate] Top-8 panel-eval candidates:
  iter 0020: avg_panel_wr=0.967  data/checkpoints/ppo_v178_sc_league/ppo_iter0020_scripted.pt
  iter 0010: avg_panel_wr=0.958  data/checkpoints/ppo_v178_sc_league/ppo_iter0010_scripted.pt
[candidate] Models in tournament: ['ppo_v178_sc_league_iter0020:data/checkpoints/ppo_v178_sc_league/ppo_iter0020_scripted.pt', 'ppo_v178_sc_league_iter0010:data/checkpoints/ppo_v178_sc_league/ppo_iter0010_scripted.pt', 'v55:data/checkpoints/scripted_for_elo/v55_scripted.pt', 'v54:data/checkpoints/scripted_for_elo/v54_scripted.pt', 'v44:data/checkpoints/scripted_for_elo/v44_scripted.pt', 'v45:data/checkpoints/scripted_for_elo/v45_scripted.pt', 'v14:data/checkpoints/scripted_for_elo/v14_scripted.pt']
[candidate] Games per matchup: 150, anchor: v14=2015.0
[candidate] Running: /home/dkord/code/twilight-struggle-ai/.venv/bin/python3 scripts/run_elo_tournament.py --models ppo_v178_sc_league_iter0020:data/checkpoints/ppo_v178_sc_league/ppo_iter0020_scripted.pt ppo_v178_sc_league_iter0010:data/checkpoints/ppo_v178_sc_league/ppo_iter0010_scripted.pt v55:data/checkpoints/scripted_for_elo/v55_scripted.pt v54:data/checkpoints/scripted_for_elo/v54_scripted.pt v44:data/checkpoints/scripted_for_elo/v44_scripted.pt v45:data/checkpoints/scripted_for_elo/v45_scripted.pt v14:data/checkpoints/scripted_for_elo/v14_scripted.pt --games 150 --anchor v14 --anchor-elo 2015.0 --schedule round_robin --out data/checkpoints/ppo_v178_sc_league/candidate_tournament.json --script-dir data/checkpoints/scripted_for_elo

[candidate] Tournament results (candidates only):
  ppo_v178_sc_league_iter0020: Elo=1734.1 ← WINNER
  ppo_v178_sc_league_iter0010: Elo=1710.5
[candidate] ppo_best.pt ← data/checkpoints/ppo_v178_sc_league/ppo_iter0020.pt
[candidate] ppo_best_scripted.pt ← data/checkpoints/ppo_v178_sc_league/ppo_iter0020_scripted.pt

[candidate] Done. Winner: ppo_v178_sc_league_iter0020 (Elo=1734.1)
[candidate] Full tournament results: data/checkpoints/ppo_v178_sc_league/candidate_tournament.json
