Exporting checkpoints to TorchScript ...
  ppo_v208_sc_league_iter0020: already TorchScript, using directly
  ppo_v208_sc_league_iter0010: already TorchScript, using directly
Loaded 3934 match results from SQL match_cache

Match schedule (21 total, 6 new, 15 reused from prior run):
  ppo_v208_sc_league_iter0020 vs ppo_v208_sc_league_iter0010
  ppo_v208_sc_league_iter0020 vs v55
  ppo_v208_sc_league_iter0020 vs v54
  ppo_v208_sc_league_iter0020 vs v44
  ppo_v208_sc_league_iter0020 vs v45
  ppo_v208_sc_league_iter0020 vs v14
  ppo_v208_sc_league_iter0010 vs v55  [reuse]
  ppo_v208_sc_league_iter0010 vs v54  [reuse]
  ppo_v208_sc_league_iter0010 vs v44  [reuse]
  ppo_v208_sc_league_iter0010 vs v45  [reuse]
  ppo_v208_sc_league_iter0010 vs v14  [reuse]
  v55 vs v54  [reuse]
  v55 vs v44  [reuse]
  v55 vs v45  [reuse]
  v55 vs v14  [reuse]
  v54 vs v44  [reuse]
  v54 vs v45  [reuse]
  v54 vs v14  [reuse]
  v44 vs v45  [reuse]
  v44 vs v14  [reuse]
  v45 vs v14  [reuse]

[new 1/6] ppo_v208_sc_league_iter0020 vs ppo_v208_sc_league_iter0010 (150 games = 75/side, seed=88000) ...
  ppo_v208_sc_league_iter0020: 94(45u/49s)  ppo_v208_sc_league_iter0010: 55(25u/30s)  draws: 1  WR(ppo_v208_sc_league_iter0020)=0.630  t=8.0s

[new 2/6] ppo_v208_sc_league_iter0020 vs v55 (150 games = 75/side, seed=88150) ...
  ppo_v208_sc_league_iter0020: 34(19u/15s)  v55: 115(59u/56s)  draws: 1  WR(ppo_v208_sc_league_iter0020)=0.230  t=8.3s

[new 3/6] ppo_v208_sc_league_iter0020 vs v54 (150 games = 75/side, seed=88300) ...
  ppo_v208_sc_league_iter0020: 26(12u/14s)  v54: 123(60u/63s)  draws: 1  WR(ppo_v208_sc_league_iter0020)=0.177  t=8.5s

[new 4/6] ppo_v208_sc_league_iter0020 vs v44 (150 games = 75/side, seed=88450) ...
  ppo_v208_sc_league_iter0020: 30(19u/11s)  v44: 119(64u/55s)  draws: 1  WR(ppo_v208_sc_league_iter0020)=0.203  t=8.9s

[new 5/6] ppo_v208_sc_league_iter0020 vs v45 (150 games = 75/side, seed=88600) ...
  ppo_v208_sc_league_iter0020: 23(14u/9s)  v45: 126(65u/61s)  draws: 1  WR(ppo_v208_sc_league_iter0020)=0.157  t=9.9s

[new 6/6] ppo_v208_sc_league_iter0020 vs v14 (150 games = 75/side, seed=88750) ...
  ppo_v208_sc_league_iter0020: 35(23u/12s)  v14: 113(61u/52s)  draws: 2  WR(ppo_v208_sc_league_iter0020)=0.240  t=10.1s
  [reuse] ppo_v208_sc_league_iter0010 33(22u/11s) - 117(64u/53s) v55  draws=0  WR=0.220
  [reuse] ppo_v208_sc_league_iter0010 23(17u/6s) - 127(69u/58s) v54  draws=0  WR=0.153
  [reuse] ppo_v208_sc_league_iter0010 32(18u/14s) - 116(60u/56s) v44  draws=2  WR=0.220
  [reuse] ppo_v208_sc_league_iter0010 23(18u/5s) - 126(70u/56s) v45  draws=1  WR=0.157
  [reuse] ppo_v208_sc_league_iter0010 34(20u/14s) - 111(59u/52s) v14  draws=5  WR=0.243
  [reuse] v55 209(115u/94s) - 181(102u/79s) v54  draws=10  WR=0.535
  [reuse] v55 201(119u/82s) - 178(110u/68s) v44  draws=21  WR=0.529
  [reuse] v55 206(136u/70s) - 180(123u/57s) v45  draws=14  WR=0.532
  [reuse] v55 255(150u/105s) - 128(88u/40s) v14  draws=17  WR=0.659
  [reuse] v54 222(126u/96s) - 163(99u/64s) v44  draws=15  WR=0.574
  [reuse] v54 194(125u/69s) - 183(121u/62s) v45  draws=23  WR=0.514
  [reuse] v54 254(154u/100s) - 131(95u/36s) v14  draws=15  WR=0.654
  [reuse] v44 194(130u/64s) - 192(130u/62s) v45  draws=14  WR=0.502
  [reuse] v44 239(147u/92s) - 147(100u/47s) v14  draws=14  WR=0.615
  [reuse] v45 226(147u/79s) - 162(115u/47s) v14  draws=12  WR=0.580

Fitting BayesElo (combined) ...
Fitting BayesElo (bipartite per-side, anchor=v14_USSR=2015.0) ...

Model                   Elo    USSR*      US*    Gap                95% CI   vs anchor
  (* bipartite per-side, single anchor: v14_USSR=2015)
----------------------------------------------------------------------------------------
v55                    2118   2095   2028  +67  [  2101,   2135]  +103
v54                    2117   2088   2033  +54  [  2101,   2134]  +102
v45                    2095   2119   1956  +163  [  2078,   2111]  +80
v44                    2087   2069   1988  +81  [  2071,   2104]  +72
v14                    2015   2015   1884  +131  [  2015,   2015]  +0
ppo_v208_sc_league_iter0020   1859   1775   1817  -42  [  1832,   1885]  -156
ppo_v208_sc_league_iter0010   1821   1771   1737  +34  [  1793,   1849]  -194

Pair                              Obs WR   Bip WR   Comb WR   Bip err   Comb err
------------------------------------------------------------------------------------
ppo_v208_sc_league_iter0020 vs ppo_v208_sc_league_iter0010   0.630    0.560     0.554    +0.070     +0.076
ppo_v208_sc_league_iter0020 vs v55              0.230    0.178     0.183    +0.052     +0.047
ppo_v208_sc_league_iter0020 vs v54              0.177    0.179     0.184    -0.002     -0.007
ppo_v208_sc_league_iter0020 vs v44              0.203    0.208     0.212    -0.005     -0.008
ppo_v208_sc_league_iter0020 vs v45              0.157    0.205     0.204    -0.048     -0.048
ppo_v208_sc_league_iter0020 vs v14              0.240    0.295     0.289    -0.055     -0.049
ppo_v208_sc_league_iter0010 vs v55              0.220    0.149     0.153    +0.071     +0.067
ppo_v208_sc_league_iter0010 vs v54              0.153    0.149     0.154    +0.004     -0.000
ppo_v208_sc_league_iter0010 vs v44              0.220    0.176     0.178    +0.044     +0.042
ppo_v208_sc_league_iter0010 vs v45              0.157    0.178     0.171    -0.021     -0.015
ppo_v208_sc_league_iter0010 vs v14              0.243    0.256     0.246    -0.013     -0.003
v55            vs v54              0.535    0.501     0.501    +0.034     +0.034
v55            vs v44              0.529    0.546     0.544    -0.017     -0.016
v55            vs v45              0.532    0.531     0.534    +0.002     -0.001
v55            vs v14              0.659    0.645     0.644    +0.014     +0.015
v54            vs v44              0.574    0.545     0.543    +0.029     +0.030
v54            vs v45              0.514    0.530     0.533    -0.016     -0.019
v54            vs v14              0.654    0.645     0.643    +0.009     +0.011
v44            vs v45              0.502    0.488     0.489    +0.015     +0.013
v44            vs v14              0.615    0.602     0.602    +0.013     +0.013
v45            vs v14              0.580    0.606     0.613    -0.026     -0.033
------------------------------------------------------------------------------------
                                              RMSE    0.0341     0.0336
  (bipartite RMSE >= combined RMSE → bipartite model not better fit)

Saved to data/checkpoints/ppo_v208_sc_league/candidate_tournament.json
[sql] Tournament logged: round_robin_20260414T071358Z_ppo_v208_sc_league_iter0010_ppo_v208_sc_league_iter0020 → results/metadata.sqlite3

[candidate] Top-8 panel-eval candidates:
  iter 0020: avg_panel_wr=0.924  data/checkpoints/ppo_v208_sc_league/ppo_iter0020_scripted.pt
  iter 0010: avg_panel_wr=0.873  data/checkpoints/ppo_v208_sc_league/ppo_iter0010_scripted.pt
[candidate] Models in tournament: ['ppo_v208_sc_league_iter0020:data/checkpoints/ppo_v208_sc_league/ppo_iter0020_scripted.pt', 'ppo_v208_sc_league_iter0010:data/checkpoints/ppo_v208_sc_league/ppo_iter0010_scripted.pt', 'v55:data/checkpoints/scripted_for_elo/v55_scripted.pt', 'v54:data/checkpoints/scripted_for_elo/v54_scripted.pt', 'v44:data/checkpoints/scripted_for_elo/v44_scripted.pt', 'v45:data/checkpoints/scripted_for_elo/v45_scripted.pt', 'v14:data/checkpoints/scripted_for_elo/v14_scripted.pt']
[candidate] Games per matchup: 150, anchor: v14=2015.0
[candidate] Running: /home/dkord/code/twilight-struggle-ai/.venv/bin/python3 scripts/run_elo_tournament.py --models ppo_v208_sc_league_iter0020:data/checkpoints/ppo_v208_sc_league/ppo_iter0020_scripted.pt ppo_v208_sc_league_iter0010:data/checkpoints/ppo_v208_sc_league/ppo_iter0010_scripted.pt v55:data/checkpoints/scripted_for_elo/v55_scripted.pt v54:data/checkpoints/scripted_for_elo/v54_scripted.pt v44:data/checkpoints/scripted_for_elo/v44_scripted.pt v45:data/checkpoints/scripted_for_elo/v45_scripted.pt v14:data/checkpoints/scripted_for_elo/v14_scripted.pt --games 150 --anchor v14 --anchor-elo 2015.0 --schedule round_robin --out data/checkpoints/ppo_v208_sc_league/candidate_tournament.json --script-dir data/checkpoints/scripted_for_elo

[candidate] Tournament results (candidates only):
  ppo_v208_sc_league_iter0020: Elo=1858.5 ← WINNER
  ppo_v208_sc_league_iter0010: Elo=1820.8
[candidate] ppo_best.pt ← data/checkpoints/ppo_v208_sc_league/ppo_iter0020.pt
[candidate] ppo_best_scripted.pt ← data/checkpoints/ppo_v208_sc_league/ppo_iter0020_scripted.pt

[candidate] Done. Winner: ppo_v208_sc_league_iter0020 (Elo=1858.5)
[candidate] Full tournament results: data/checkpoints/ppo_v208_sc_league/candidate_tournament.json
