Exporting checkpoints to TorchScript ...
  ppo_v131_sc_league_iter0020: already TorchScript, using directly
  ppo_v131_sc_league_iter0010: already TorchScript, using directly
Loaded 2608 match results from SQL match_cache

Match schedule (21 total, 6 new, 15 reused from prior run):
  ppo_v131_sc_league_iter0020 vs ppo_v131_sc_league_iter0010
  ppo_v131_sc_league_iter0020 vs v55
  ppo_v131_sc_league_iter0020 vs v54
  ppo_v131_sc_league_iter0020 vs v44
  ppo_v131_sc_league_iter0020 vs v45
  ppo_v131_sc_league_iter0020 vs v14
  ppo_v131_sc_league_iter0010 vs v55  [reuse]
  ppo_v131_sc_league_iter0010 vs v54  [reuse]
  ppo_v131_sc_league_iter0010 vs v44  [reuse]
  ppo_v131_sc_league_iter0010 vs v45  [reuse]
  ppo_v131_sc_league_iter0010 vs v14  [reuse]
  v55 vs v54  [reuse]
  v55 vs v44  [reuse]
  v55 vs v45  [reuse]
  v55 vs v14  [reuse]
  v54 vs v44  [reuse]
  v54 vs v45  [reuse]
  v54 vs v14  [reuse]
  v44 vs v45  [reuse]
  v44 vs v14  [reuse]
  v45 vs v14  [reuse]

[new 1/6] ppo_v131_sc_league_iter0020 vs ppo_v131_sc_league_iter0010 (150 games = 75/side, seed=88000) ...
  ppo_v131_sc_league_iter0020: 75(36u/39s)  ppo_v131_sc_league_iter0010: 75(36u/39s)  draws: 0  WR(ppo_v131_sc_league_iter0020)=0.500  t=6.1s

[new 2/6] ppo_v131_sc_league_iter0020 vs v55 (150 games = 75/side, seed=88150) ...
  ppo_v131_sc_league_iter0020: 13(10u/3s)  v55: 137(72u/65s)  draws: 0  WR(ppo_v131_sc_league_iter0020)=0.087  t=6.2s

[new 3/6] ppo_v131_sc_league_iter0020 vs v54 (150 games = 75/side, seed=88300) ...
  ppo_v131_sc_league_iter0020: 14(14u/0s)  v54: 136(75u/61s)  draws: 0  WR(ppo_v131_sc_league_iter0020)=0.093  t=6.2s

[new 4/6] ppo_v131_sc_league_iter0020 vs v44 (150 games = 75/side, seed=88450) ...
  ppo_v131_sc_league_iter0020: 8(8u/0s)  v44: 142(75u/67s)  draws: 0  WR(ppo_v131_sc_league_iter0020)=0.053  t=6.5s

[new 5/6] ppo_v131_sc_league_iter0020 vs v45 (150 games = 75/side, seed=88600) ...
  ppo_v131_sc_league_iter0020: 7(7u/0s)  v45: 143(75u/68s)  draws: 0  WR(ppo_v131_sc_league_iter0020)=0.047  t=6.5s

[new 6/6] ppo_v131_sc_league_iter0020 vs v14 (150 games = 75/side, seed=88750) ...
  ppo_v131_sc_league_iter0020: 11(9u/2s)  v14: 139(73u/66s)  draws: 0  WR(ppo_v131_sc_league_iter0020)=0.073  t=7.0s
  [reuse] ppo_v131_sc_league_iter0010 12(12u/0s) - 138(75u/63s) v55  draws=0  WR=0.080
  [reuse] ppo_v131_sc_league_iter0010 11(10u/1s) - 139(74u/65s) v54  draws=0  WR=0.073
  [reuse] ppo_v131_sc_league_iter0010 16(14u/2s) - 133(73u/60s) v44  draws=1  WR=0.110
  [reuse] ppo_v131_sc_league_iter0010 12(10u/2s) - 138(73u/65s) v45  draws=0  WR=0.080
  [reuse] ppo_v131_sc_league_iter0010 13(11u/2s) - 137(73u/64s) v14  draws=0  WR=0.087
  [reuse] v55 209(115u/94s) - 181(102u/79s) v54  draws=10  WR=0.535
  [reuse] v55 201(119u/82s) - 178(110u/68s) v44  draws=21  WR=0.529
  [reuse] v55 206(136u/70s) - 180(123u/57s) v45  draws=14  WR=0.532
  [reuse] v55 255(150u/105s) - 128(88u/40s) v14  draws=17  WR=0.659
  [reuse] v54 222(126u/96s) - 163(99u/64s) v44  draws=15  WR=0.574
  [reuse] v54 194(125u/69s) - 183(121u/62s) v45  draws=23  WR=0.514
  [reuse] v54 254(154u/100s) - 131(95u/36s) v14  draws=15  WR=0.654
  [reuse] v44 194(130u/64s) - 192(130u/62s) v45  draws=14  WR=0.502
  [reuse] v44 239(147u/92s) - 147(100u/47s) v14  draws=14  WR=0.615
  [reuse] v45 226(147u/79s) - 162(115u/47s) v14  draws=12  WR=0.580

Fitting BayesElo (combined) ...
Fitting BayesElo (bipartite per-side, anchor=v14_USSR=2015.0) ...

Model                   Elo    USSR*      US*    Gap                95% CI   vs anchor
  (* bipartite per-side, single anchor: v14_USSR=2015)
----------------------------------------------------------------------------------------
v55                    2122   2101   2033  +68  [  2105,   2139]  +107
v54                    2115   2092   2027  +65  [  2098,   2132]  +100
v45                    2092   2117   1955  +162  [  2075,   2109]  +77
v44                    2088   2074   1987  +87  [  2071,   2105]  +73
v14                    2015   2015   1885  +130  [  2015,   2015]  +0
ppo_v131_sc_league_iter0010   1661   1629   1532  +97  [  1626,   1697]  -354
ppo_v131_sc_league_iter0020   1646   1598   1538  +61  [  1610,   1682]  -369

Pair                              Obs WR   Bip WR   Comb WR   Bip err   Comb err
------------------------------------------------------------------------------------
ppo_v131_sc_league_iter0020 vs ppo_v131_sc_league_iter0010   0.500    0.483     0.478    +0.017     +0.022
ppo_v131_sc_league_iter0020 vs v55              0.087    0.057     0.061    +0.030     +0.026
ppo_v131_sc_league_iter0020 vs v54              0.093    0.059     0.063    +0.034     +0.030
ppo_v131_sc_league_iter0020 vs v44              0.053    0.070     0.073    -0.017     -0.020
ppo_v131_sc_league_iter0020 vs v45              0.047    0.074     0.071    -0.027     -0.025
ppo_v131_sc_league_iter0020 vs v14              0.073    0.111     0.107    -0.037     -0.034
ppo_v131_sc_league_iter0010 vs v55              0.080    0.063     0.066    +0.017     +0.014
ppo_v131_sc_league_iter0010 vs v54              0.073    0.065     0.068    +0.008     +0.005
ppo_v131_sc_league_iter0010 vs v44              0.110    0.078     0.079    +0.032     +0.031
ppo_v131_sc_league_iter0010 vs v45              0.080    0.083     0.077    -0.003     +0.003
ppo_v131_sc_league_iter0010 vs v14              0.087    0.122     0.115    -0.036     -0.029
v55            vs v54              0.535    0.510     0.510    +0.025     +0.025
v55            vs v44              0.529    0.550     0.548    -0.021     -0.020
v55            vs v45              0.532    0.540     0.543    -0.007     -0.010
v55            vs v14              0.659    0.651     0.649    +0.008     +0.009
v54            vs v44              0.574    0.540     0.539    +0.034     +0.035
v54            vs v45              0.514    0.530     0.533    -0.016     -0.019
v54            vs v14              0.654    0.642     0.640    +0.012     +0.014
v44            vs v45              0.502    0.493     0.494    +0.010     +0.008
v44            vs v14              0.615    0.604     0.604    +0.011     +0.011
v45            vs v14              0.580    0.603     0.609    -0.023     -0.029
------------------------------------------------------------------------------------
                                              RMSE    0.0229     0.0221
  (bipartite RMSE >= combined RMSE → bipartite model not better fit)

Saved to data/checkpoints/ppo_v131_sc_league/candidate_tournament.json
[sql] Tournament logged: round_robin_20260413T214621Z_ppo_v131_sc_league_iter0010_ppo_v131_sc_league_iter0020 → results/metadata.sqlite3

[candidate] Top-8 panel-eval candidates:
  iter 0020: avg_panel_wr=0.513  data/checkpoints/ppo_v131_sc_league/ppo_iter0020_scripted.pt
  iter 0010: avg_panel_wr=0.508  data/checkpoints/ppo_v131_sc_league/ppo_iter0010_scripted.pt
[candidate] Models in tournament: ['ppo_v131_sc_league_iter0020:data/checkpoints/ppo_v131_sc_league/ppo_iter0020_scripted.pt', 'ppo_v131_sc_league_iter0010:data/checkpoints/ppo_v131_sc_league/ppo_iter0010_scripted.pt', 'v55:data/checkpoints/scripted_for_elo/v55_scripted.pt', 'v54:data/checkpoints/scripted_for_elo/v54_scripted.pt', 'v44:data/checkpoints/scripted_for_elo/v44_scripted.pt', 'v45:data/checkpoints/scripted_for_elo/v45_scripted.pt', 'v14:data/checkpoints/scripted_for_elo/v14_scripted.pt']
[candidate] Games per matchup: 150, anchor: v14=2015.0
[candidate] Running: /home/dkord/code/twilight-struggle-ai/.venv/bin/python3 scripts/run_elo_tournament.py --models ppo_v131_sc_league_iter0020:data/checkpoints/ppo_v131_sc_league/ppo_iter0020_scripted.pt ppo_v131_sc_league_iter0010:data/checkpoints/ppo_v131_sc_league/ppo_iter0010_scripted.pt v55:data/checkpoints/scripted_for_elo/v55_scripted.pt v54:data/checkpoints/scripted_for_elo/v54_scripted.pt v44:data/checkpoints/scripted_for_elo/v44_scripted.pt v45:data/checkpoints/scripted_for_elo/v45_scripted.pt v14:data/checkpoints/scripted_for_elo/v14_scripted.pt --games 150 --anchor v14 --anchor-elo 2015.0 --schedule round_robin --out data/checkpoints/ppo_v131_sc_league/candidate_tournament.json --script-dir data/checkpoints/scripted_for_elo

[candidate] Tournament results (candidates only):
  ppo_v131_sc_league_iter0010: Elo=1661.2 ← WINNER
  ppo_v131_sc_league_iter0020: Elo=1646.3
[candidate] ppo_best.pt ← data/checkpoints/ppo_v131_sc_league/ppo_iter0010.pt
[candidate] ppo_best_scripted.pt ← data/checkpoints/ppo_v131_sc_league/ppo_iter0010_scripted.pt

[candidate] Done. Winner: ppo_v131_sc_league_iter0010 (Elo=1661.2)
[candidate] Full tournament results: data/checkpoints/ppo_v131_sc_league/candidate_tournament.json
