Exporting checkpoints to TorchScript ...
  iter0120: already TorchScript, using directly
  iter0180: already TorchScript, using directly
  iter0160: already TorchScript, using directly
  heuristic: built-in heuristic (no export needed)
Loaded 364 match results from cache results/matches/

Match schedule (21 total, 15 new, 6 reused from prior run):
  iter0120 vs iter0180
  iter0120 vs iter0160
  iter0120 vs v8
  iter0120 vs v14
  iter0120 vs v22
  iter0120 vs heuristic
  iter0180 vs iter0160
  iter0180 vs v8
  iter0180 vs v14
  iter0180 vs v22
  iter0180 vs heuristic
  iter0160 vs v8
  iter0160 vs v14
  iter0160 vs v22
  iter0160 vs heuristic
  v8 vs v14  [reuse]
  v8 vs v22  [reuse]
  v8 vs heuristic  [reuse]
  v14 vs v22  [reuse]
  v14 vs heuristic  [reuse]
  v22 vs heuristic  [reuse]

[new 1/15] iter0120 vs iter0180 (400 games = 200/side, seed=88000) ...
  iter0120: 175(106u/69s)  iter0180: 221(127u/94s)  draws: 4  WR(iter0120)=0.443  t=10.8s

[new 2/15] iter0120 vs iter0160 (400 games = 200/side, seed=88400) ...
  iter0120: 169(94u/75s)  iter0160: 224(119u/105s)  draws: 7  WR(iter0120)=0.431  t=10.6s

[new 3/15] iter0120 vs v8 (400 games = 200/side, seed=88800) ...
  iter0120: 80(60u/20s)  v8: 314(178u/136s)  draws: 6  WR(iter0120)=0.207  t=14.4s

[new 4/15] iter0120 vs v14 (400 games = 200/side, seed=89200) ...
  iter0120: 60(48u/12s)  v14: 340(188u/152s)  draws: 0  WR(iter0120)=0.150  t=15.3s

[new 5/15] iter0120 vs v22 (400 games = 200/side, seed=89600) ...
  iter0120: 62(53u/9s)  v22: 336(190u/146s)  draws: 2  WR(iter0120)=0.158  t=13.5s

[new 6/15] iter0120 vs heuristic (400 games = 200/side, seed=90000) ...
  iter0120: 252(143u/109s)  heuristic: 148(91u/57s)  draws: 0  WR(iter0120)=0.630  t=23.5s

[new 7/15] iter0180 vs iter0160 (400 games = 200/side, seed=90400) ...
  iter0180: 179(101u/78s)  iter0160: 215(120u/95s)  draws: 6  WR(iter0180)=0.455  t=10.5s

[new 8/15] iter0180 vs v8 (400 games = 200/side, seed=90800) ...
  iter0180: 78(63u/15s)  v8: 317(183u/134s)  draws: 5  WR(iter0180)=0.201  t=15.6s

[new 9/15] iter0180 vs v14 (400 games = 200/side, seed=91200) ...
  iter0180: 62(49u/13s)  v14: 331(184u/147s)  draws: 7  WR(iter0180)=0.164  t=14.9s

[new 10/15] iter0180 vs v22 (400 games = 200/side, seed=91600) ...
  iter0180: 39(33u/6s)  v22: 358(193u/165s)  draws: 3  WR(iter0180)=0.101  t=15.6s

[new 11/15] iter0180 vs heuristic (400 games = 200/side, seed=92000) ...
  iter0180: 255(150u/105s)  heuristic: 143(94u/49s)  draws: 2  WR(iter0180)=0.640  t=23.5s

[new 12/15] iter0160 vs v8 (400 games = 200/side, seed=92400) ...
  iter0160: 72(60u/12s)  v8: 323(186u/137s)  draws: 5  WR(iter0160)=0.186  t=16.2s

[new 13/15] iter0160 vs v14 (400 games = 200/side, seed=92800) ...
  iter0160: 63(48u/15s)  v14: 330(181u/149s)  draws: 7  WR(iter0160)=0.166  t=14.6s

[new 14/15] iter0160 vs v22 (400 games = 200/side, seed=93200) ...
  iter0160: 48(44u/4s)  v22: 348(195u/153s)  draws: 4  WR(iter0160)=0.125  t=15.1s

[new 15/15] iter0160 vs heuristic (400 games = 200/side, seed=93600) ...
  iter0160: 239(141u/98s)  heuristic: 158(99u/59s)  draws: 3  WR(iter0160)=0.601  t=23.5s
  [reuse] v8 137(68u/69s) - 247(123u/124s) v14  draws=16  WR=0.362
  [reuse] v8 109(54u/55s) - 282(141u/141s) v22  draws=9  WR=0.284
  [reuse] v8 176(88u/88s) - 20(10u/10s) heuristic  draws=4  WR=0.890
  [reuse] v14 140(70u/70s) - 241(120u/121s) v22  draws=19  WR=0.374
  [reuse] v14 329(164u/165s) - 64(32u/32s) heuristic  draws=7  WR=0.831
  [reuse] v22 350(175u/175s) - 45(22u/23s) heuristic  draws=5  WR=0.881

Fitting BayesElo (combined) ...
Fitting BayesElo (bipartite per-side, anchor=v14_USSR=2001.0) ...

Model                   Elo    USSR*      US*    Gap                95% CI   vs anchor
  (* bipartite per-side, single anchor: v14_USSR=2001)
----------------------------------------------------------------------------------------
v22                    2073   2095   2034  +61  [  2054,   2092]  +72
v14                    2001   2001   1977  +24  [  2001,   2001]  +0
v8                     1940   1953   1904  +49  [  1924,   1957]  -61
iter0160               1728   1755   1663  +93  [  1712,   1744]  -273
iter0180               1718   1752   1646  +106  [  1702,   1734]  -283
iter0120               1707   1736   1636  +99  [  1690,   1723]  -294
heuristic              1644   1637   1611  +25  [  1626,   1661]  -357

Pair                              Obs WR   Bip WR   Comb WR   Bip err   Comb err
------------------------------------------------------------------------------------
iter0120       vs iter0180         0.443    0.483     0.483    -0.040     -0.040
iter0120       vs iter0160         0.431    0.469     0.470    -0.038     -0.038
iter0120       vs v8               0.207    0.207     0.206    +0.000     +0.001
iter0120       vs v14              0.150    0.154     0.155    -0.004     -0.005
iter0120       vs v22              0.158    0.110     0.108    +0.048     +0.049
iter0120       vs heuristic        0.630    0.586     0.589    +0.044     +0.041
iter0180       vs iter0160         0.455    0.487     0.487    -0.032     -0.032
iter0180       vs v8               0.201    0.220     0.218    -0.019     -0.017
iter0180       vs v14              0.164    0.165     0.164    -0.001     -0.001
iter0180       vs v22              0.101    0.118     0.115    -0.016     -0.014
iter0180       vs heuristic        0.640    0.603     0.606    +0.037     +0.034
iter0160       vs v8               0.186    0.228     0.227    -0.042     -0.041
iter0160       vs v14              0.166    0.171     0.172    -0.005     -0.005
iter0160       vs v22              0.125    0.122     0.120    +0.003     +0.005
iter0160       vs heuristic        0.601    0.617     0.618    -0.015     -0.017
v8             vs v14              0.362    0.415     0.414    -0.052     -0.051
v8             vs v22              0.284    0.318     0.318    -0.034     -0.034
v8             vs heuristic        0.890    0.850     0.847    +0.040     +0.043
v14            vs v22              0.374    0.395     0.398    -0.021     -0.024
v14            vs heuristic        0.831    0.890     0.887    -0.059     -0.055
v22            vs heuristic        0.881    0.925     0.922    -0.044     -0.041
------------------------------------------------------------------------------------
                                              RMSE    0.0336     0.0330
  (bipartite RMSE >= combined RMSE → bipartite model not better fit)

Saved to data/checkpoints/ppo_v38_league/confirmation_tournament.json

[confirm] Top-3 panel-eval candidates:
  iter 0120: avg_panel_wr=0.541  data/checkpoints/ppo_v38_league/ppo_iter0120_scripted.pt
  iter 0180: avg_panel_wr=0.534  data/checkpoints/ppo_v38_league/ppo_iter0180_scripted.pt
  iter 0160: avg_panel_wr=0.532  data/checkpoints/ppo_v38_league/ppo_iter0160_scripted.pt
[confirm] Models in tournament: ['iter0120:data/checkpoints/ppo_v38_league/ppo_iter0120_scripted.pt', 'iter0180:data/checkpoints/ppo_v38_league/ppo_iter0180_scripted.pt', 'iter0160:data/checkpoints/ppo_v38_league/ppo_iter0160_scripted.pt', 'v8:data/checkpoints/scripted_for_elo/v8_scripted.pt', 'v14:data/checkpoints/scripted_for_elo/v14_scripted.pt', 'v22:data/checkpoints/scripted_for_elo/v22_scripted.pt', 'heuristic']
[confirm] Games per matchup: 400, anchor: v14=2001.0
[confirm] Running: /home/dkord/code/twilight-struggle-ai/.venv/bin/python3 scripts/run_elo_tournament.py --models iter0120:data/checkpoints/ppo_v38_league/ppo_iter0120_scripted.pt iter0180:data/checkpoints/ppo_v38_league/ppo_iter0180_scripted.pt iter0160:data/checkpoints/ppo_v38_league/ppo_iter0160_scripted.pt v8:data/checkpoints/scripted_for_elo/v8_scripted.pt v14:data/checkpoints/scripted_for_elo/v14_scripted.pt v22:data/checkpoints/scripted_for_elo/v22_scripted.pt heuristic --games 400 --anchor v14 --anchor-elo 2001.0 --schedule round_robin --out data/checkpoints/ppo_v38_league/confirmation_tournament.json --script-dir data/checkpoints/scripted_for_elo

[confirm] Tournament results (candidates only):
  iter0160: Elo=1727.6 ← WINNER
  iter0180: Elo=1718.5
  iter0120: Elo=1706.6
[confirm] ppo_best.pt ← data/checkpoints/ppo_v38_league/ppo_iter0160.pt
[confirm] ppo_best_scripted.pt ← data/checkpoints/ppo_v38_league/ppo_iter0160_scripted.pt

[confirm] Done. Winner: iter0160 (Elo=1727.6)
[confirm] Full tournament results: data/checkpoints/ppo_v38_league/confirmation_tournament.json
