Exporting checkpoints to TorchScript ...
  ppo_v181_sc_league_iter0020: already TorchScript, using directly
  ppo_v181_sc_league_iter0010: already TorchScript, using directly
Loaded 3423 match results from SQL match_cache

Match schedule (21 total, 6 new, 15 reused from prior run):
  ppo_v181_sc_league_iter0020 vs ppo_v181_sc_league_iter0010
  ppo_v181_sc_league_iter0020 vs v55
  ppo_v181_sc_league_iter0020 vs v54
  ppo_v181_sc_league_iter0020 vs v44
  ppo_v181_sc_league_iter0020 vs v45
  ppo_v181_sc_league_iter0020 vs v14
  ppo_v181_sc_league_iter0010 vs v55  [reuse]
  ppo_v181_sc_league_iter0010 vs v54  [reuse]
  ppo_v181_sc_league_iter0010 vs v44  [reuse]
  ppo_v181_sc_league_iter0010 vs v45  [reuse]
  ppo_v181_sc_league_iter0010 vs v14  [reuse]
  v55 vs v54  [reuse]
  v55 vs v44  [reuse]
  v55 vs v45  [reuse]
  v55 vs v14  [reuse]
  v54 vs v44  [reuse]
  v54 vs v45  [reuse]
  v54 vs v14  [reuse]
  v44 vs v45  [reuse]
  v44 vs v14  [reuse]
  v45 vs v14  [reuse]

[new 1/6] ppo_v181_sc_league_iter0020 vs ppo_v181_sc_league_iter0010 (150 games = 75/side, seed=88000) ...
  ppo_v181_sc_league_iter0020: 87(57u/30s)  ppo_v181_sc_league_iter0010: 58(40u/18s)  draws: 5  WR(ppo_v181_sc_league_iter0020)=0.597  t=7.7s

[new 2/6] ppo_v181_sc_league_iter0020 vs v55 (150 games = 75/side, seed=88150) ...
  ppo_v181_sc_league_iter0020: 16(13u/3s)  v55: 133(71u/62s)  draws: 1  WR(ppo_v181_sc_league_iter0020)=0.110  t=6.0s

[new 3/6] ppo_v181_sc_league_iter0020 vs v54 (150 games = 75/side, seed=88300) ...
  ppo_v181_sc_league_iter0020: 20(13u/7s)  v54: 129(67u/62s)  draws: 1  WR(ppo_v181_sc_league_iter0020)=0.137  t=6.8s

[new 4/6] ppo_v181_sc_league_iter0020 vs v44 (150 games = 75/side, seed=88450) ...
  ppo_v181_sc_league_iter0020: 16(11u/5s)  v44: 133(69u/64s)  draws: 1  WR(ppo_v181_sc_league_iter0020)=0.110  t=6.8s

[new 5/6] ppo_v181_sc_league_iter0020 vs v45 (150 games = 75/side, seed=88600) ...
  ppo_v181_sc_league_iter0020: 23(18u/5s)  v45: 125(68u/57s)  draws: 2  WR(ppo_v181_sc_league_iter0020)=0.160  t=6.7s

[new 6/6] ppo_v181_sc_league_iter0020 vs v14 (150 games = 75/side, seed=88750) ...
  ppo_v181_sc_league_iter0020: 19(11u/8s)  v14: 126(62u/64s)  draws: 5  WR(ppo_v181_sc_league_iter0020)=0.143  t=7.2s
  [reuse] ppo_v181_sc_league_iter0010 15(8u/7s) - 134(67u/67s) v55  draws=1  WR=0.103
  [reuse] ppo_v181_sc_league_iter0010 13(11u/2s) - 136(72u/64s) v54  draws=1  WR=0.090
  [reuse] ppo_v181_sc_league_iter0010 14(9u/5s) - 136(70u/66s) v44  draws=0  WR=0.093
  [reuse] ppo_v181_sc_league_iter0010 19(15u/4s) - 130(70u/60s) v45  draws=1  WR=0.130
  [reuse] ppo_v181_sc_league_iter0010 17(11u/6s) - 132(68u/64s) v14  draws=1  WR=0.117
  [reuse] v55 209(115u/94s) - 181(102u/79s) v54  draws=10  WR=0.535
  [reuse] v55 201(119u/82s) - 178(110u/68s) v44  draws=21  WR=0.529
  [reuse] v55 206(136u/70s) - 180(123u/57s) v45  draws=14  WR=0.532
  [reuse] v55 255(150u/105s) - 128(88u/40s) v14  draws=17  WR=0.659
  [reuse] v54 222(126u/96s) - 163(99u/64s) v44  draws=15  WR=0.574
  [reuse] v54 194(125u/69s) - 183(121u/62s) v45  draws=23  WR=0.514
  [reuse] v54 254(154u/100s) - 131(95u/36s) v14  draws=15  WR=0.654
  [reuse] v44 194(130u/64s) - 192(130u/62s) v45  draws=14  WR=0.502
  [reuse] v44 239(147u/92s) - 147(100u/47s) v14  draws=14  WR=0.615
  [reuse] v45 226(147u/79s) - 162(115u/47s) v14  draws=12  WR=0.580

Fitting BayesElo (combined) ...
Fitting BayesElo (bipartite per-side, anchor=v14_USSR=2015.0) ...

Model                   Elo    USSR*      US*    Gap                95% CI   vs anchor
  (* bipartite per-side, single anchor: v14_USSR=2015)
----------------------------------------------------------------------------------------
v55                    2122   2103   2041  +61  [  2105,   2139]  +107
v54                    2115   2094   2035  +59  [  2098,   2132]  +100
v44                    2089   2075   1998  +77  [  2072,   2106]  +74
v45                    2087   2122   1950  +172  [  2070,   2104]  +72
v14                    2015   2015   1898  +117  [  2015,   2015]  +0
ppo_v181_sc_league_iter0020   1755   1725   1637  +87  [  1724,   1786]  -260
ppo_v181_sc_league_iter0010   1701   1674   1577  +97  [  1667,   1735]  -314

Pair                              Obs WR   Bip WR   Comb WR   Bip err   Comb err
------------------------------------------------------------------------------------
ppo_v181_sc_league_iter0020 vs ppo_v181_sc_league_iter0010   0.597    0.575     0.577    +0.022     +0.019
ppo_v181_sc_league_iter0020 vs v55              0.110    0.102     0.108    +0.008     +0.002
ppo_v181_sc_league_iter0020 vs v54              0.137    0.106     0.112    +0.031     +0.025
ppo_v181_sc_league_iter0020 vs v44              0.110    0.123     0.127    -0.013     -0.017
ppo_v181_sc_league_iter0020 vs v45              0.160    0.136     0.129    +0.024     +0.031
ppo_v181_sc_league_iter0020 vs v14              0.143    0.186     0.183    -0.043     -0.040
ppo_v181_sc_league_iter0010 vs v55              0.103    0.077     0.081    +0.026     +0.022
ppo_v181_sc_league_iter0010 vs v54              0.090    0.080     0.084    +0.010     +0.006
ppo_v181_sc_league_iter0010 vs v44              0.093    0.094     0.097    -0.000     -0.003
ppo_v181_sc_league_iter0010 vs v45              0.130    0.105     0.098    +0.025     +0.032
ppo_v181_sc_league_iter0010 vs v14              0.117    0.145     0.141    -0.028     -0.024
v55            vs v54              0.535    0.511     0.511    +0.024     +0.024
v55            vs v44              0.529    0.549     0.548    -0.020     -0.019
v55            vs v45              0.532    0.546     0.551    -0.014     -0.018
v55            vs v14              0.659    0.651     0.650    +0.007     +0.009
v54            vs v44              0.574    0.538     0.537    +0.036     +0.037
v54            vs v45              0.514    0.536     0.540    -0.022     -0.026
v54            vs v14              0.654    0.642     0.640    +0.012     +0.014
v44            vs v45              0.502    0.500     0.503    +0.002     -0.000
v44            vs v14              0.615    0.605     0.605    +0.010     +0.010
v45            vs v14              0.580    0.596     0.602    -0.016     -0.022
------------------------------------------------------------------------------------
                                              RMSE    0.0216     0.0220
  (bipartite RMSE < combined RMSE → bipartite model better fit)

Saved to data/checkpoints/ppo_v181_sc_league/candidate_tournament.json
[sql] Tournament logged: round_robin_20260414T022605Z_ppo_v181_sc_league_iter0010_ppo_v181_sc_league_iter0020 → results/metadata.sqlite3

[candidate] Top-8 panel-eval candidates:
  iter 0020: avg_panel_wr=0.924  data/checkpoints/ppo_v181_sc_league/ppo_iter0020_scripted.pt
  iter 0010: avg_panel_wr=0.906  data/checkpoints/ppo_v181_sc_league/ppo_iter0010_scripted.pt
[candidate] Models in tournament: ['ppo_v181_sc_league_iter0020:data/checkpoints/ppo_v181_sc_league/ppo_iter0020_scripted.pt', 'ppo_v181_sc_league_iter0010:data/checkpoints/ppo_v181_sc_league/ppo_iter0010_scripted.pt', 'v55:data/checkpoints/scripted_for_elo/v55_scripted.pt', 'v54:data/checkpoints/scripted_for_elo/v54_scripted.pt', 'v44:data/checkpoints/scripted_for_elo/v44_scripted.pt', 'v45:data/checkpoints/scripted_for_elo/v45_scripted.pt', 'v14:data/checkpoints/scripted_for_elo/v14_scripted.pt']
[candidate] Games per matchup: 150, anchor: v14=2015.0
[candidate] Running: /home/dkord/code/twilight-struggle-ai/.venv/bin/python3 scripts/run_elo_tournament.py --models ppo_v181_sc_league_iter0020:data/checkpoints/ppo_v181_sc_league/ppo_iter0020_scripted.pt ppo_v181_sc_league_iter0010:data/checkpoints/ppo_v181_sc_league/ppo_iter0010_scripted.pt v55:data/checkpoints/scripted_for_elo/v55_scripted.pt v54:data/checkpoints/scripted_for_elo/v54_scripted.pt v44:data/checkpoints/scripted_for_elo/v44_scripted.pt v45:data/checkpoints/scripted_for_elo/v45_scripted.pt v14:data/checkpoints/scripted_for_elo/v14_scripted.pt --games 150 --anchor v14 --anchor-elo 2015.0 --schedule round_robin --out data/checkpoints/ppo_v181_sc_league/candidate_tournament.json --script-dir data/checkpoints/scripted_for_elo

[candidate] Tournament results (candidates only):
  ppo_v181_sc_league_iter0020: Elo=1755.0 ← WINNER
  ppo_v181_sc_league_iter0010: Elo=1700.8
[candidate] ppo_best.pt ← data/checkpoints/ppo_v181_sc_league/ppo_iter0020.pt
[candidate] ppo_best_scripted.pt ← data/checkpoints/ppo_v181_sc_league/ppo_iter0020_scripted.pt

[candidate] Done. Winner: ppo_v181_sc_league_iter0020 (Elo=1755.0)
[candidate] Full tournament results: data/checkpoints/ppo_v181_sc_league/candidate_tournament.json
