Exporting checkpoints to TorchScript ...
  ppo_v55_league_iter0030: already TorchScript, using directly
  ppo_v55_league_iter0040: already TorchScript, using directly
  ppo_v55_league_iter0010: already TorchScript, using directly
  ppo_v55_league_iter0070: already TorchScript, using directly
  ppo_v55_league_iter0060: already TorchScript, using directly
  ppo_v55_league_iter0020: already TorchScript, using directly
  ppo_v55_league_iter0050: already TorchScript, using directly
  heuristic: built-in heuristic (no export needed)
Loaded 820 match results from cache results/matches/

Match schedule (55 total, 49 new, 6 reused from prior run):
  ppo_v55_league_iter0030 vs ppo_v55_league_iter0040
  ppo_v55_league_iter0030 vs ppo_v55_league_iter0010
  ppo_v55_league_iter0030 vs ppo_v55_league_iter0070
  ppo_v55_league_iter0030 vs ppo_v55_league_iter0060
  ppo_v55_league_iter0030 vs ppo_v55_league_iter0020
  ppo_v55_league_iter0030 vs ppo_v55_league_iter0050
  ppo_v55_league_iter0030 vs v8
  ppo_v55_league_iter0030 vs v14
  ppo_v55_league_iter0030 vs v22
  ppo_v55_league_iter0030 vs heuristic
  ppo_v55_league_iter0040 vs ppo_v55_league_iter0010
  ppo_v55_league_iter0040 vs ppo_v55_league_iter0070
  ppo_v55_league_iter0040 vs ppo_v55_league_iter0060
  ppo_v55_league_iter0040 vs ppo_v55_league_iter0020
  ppo_v55_league_iter0040 vs ppo_v55_league_iter0050
  ppo_v55_league_iter0040 vs v8
  ppo_v55_league_iter0040 vs v14
  ppo_v55_league_iter0040 vs v22
  ppo_v55_league_iter0040 vs heuristic
  ppo_v55_league_iter0010 vs ppo_v55_league_iter0070
  ppo_v55_league_iter0010 vs ppo_v55_league_iter0060
  ppo_v55_league_iter0010 vs ppo_v55_league_iter0020
  ppo_v55_league_iter0010 vs ppo_v55_league_iter0050
  ppo_v55_league_iter0010 vs v8
  ppo_v55_league_iter0010 vs v14
  ppo_v55_league_iter0010 vs v22
  ppo_v55_league_iter0010 vs heuristic
  ppo_v55_league_iter0070 vs ppo_v55_league_iter0060
  ppo_v55_league_iter0070 vs ppo_v55_league_iter0020
  ppo_v55_league_iter0070 vs ppo_v55_league_iter0050
  ppo_v55_league_iter0070 vs v8
  ppo_v55_league_iter0070 vs v14
  ppo_v55_league_iter0070 vs v22
  ppo_v55_league_iter0070 vs heuristic
  ppo_v55_league_iter0060 vs ppo_v55_league_iter0020
  ppo_v55_league_iter0060 vs ppo_v55_league_iter0050
  ppo_v55_league_iter0060 vs v8
  ppo_v55_league_iter0060 vs v14
  ppo_v55_league_iter0060 vs v22
  ppo_v55_league_iter0060 vs heuristic
  ppo_v55_league_iter0020 vs ppo_v55_league_iter0050
  ppo_v55_league_iter0020 vs v8
  ppo_v55_league_iter0020 vs v14
  ppo_v55_league_iter0020 vs v22
  ppo_v55_league_iter0020 vs heuristic
  ppo_v55_league_iter0050 vs v8
  ppo_v55_league_iter0050 vs v14
  ppo_v55_league_iter0050 vs v22
  ppo_v55_league_iter0050 vs heuristic
  v8 vs v14  [reuse]
  v8 vs v22  [reuse]
  v8 vs heuristic  [reuse]
  v14 vs v22  [reuse]
  v14 vs heuristic  [reuse]
  v22 vs heuristic  [reuse]

[new 1/49] ppo_v55_league_iter0030 vs ppo_v55_league_iter0040 (200 games = 100/side, seed=88000) ...
  ppo_v55_league_iter0030: 102(53u/49s)  ppo_v55_league_iter0040: 93(48u/45s)  draws: 5  WR(ppo_v55_league_iter0030)=0.522  t=10.3s

[new 2/49] ppo_v55_league_iter0030 vs ppo_v55_league_iter0010 (200 games = 100/side, seed=88200) ...
  ppo_v55_league_iter0030: 95(55u/40s)  ppo_v55_league_iter0010: 90(52u/38s)  draws: 15  WR(ppo_v55_league_iter0030)=0.512  t=10.2s

[new 3/49] ppo_v55_league_iter0030 vs ppo_v55_league_iter0070 (200 games = 100/side, seed=88400) ...
  ppo_v55_league_iter0030: 110(61u/49s)  ppo_v55_league_iter0070: 87(50u/37s)  draws: 3  WR(ppo_v55_league_iter0030)=0.557  t=10.4s

[new 4/49] ppo_v55_league_iter0030 vs ppo_v55_league_iter0060 (200 games = 100/side, seed=88600) ...
  ppo_v55_league_iter0030: 100(58u/42s)  ppo_v55_league_iter0060: 91(55u/36s)  draws: 9  WR(ppo_v55_league_iter0030)=0.522  t=10.1s

[new 5/49] ppo_v55_league_iter0030 vs ppo_v55_league_iter0020 (200 games = 100/side, seed=88800) ...
  ppo_v55_league_iter0030: 96(55u/41s)  ppo_v55_league_iter0020: 96(58u/38s)  draws: 8  WR(ppo_v55_league_iter0030)=0.500  t=9.9s

[new 6/49] ppo_v55_league_iter0030 vs ppo_v55_league_iter0050 (200 games = 100/side, seed=89000) ...
  ppo_v55_league_iter0030: 92(54u/38s)  ppo_v55_league_iter0050: 102(61u/41s)  draws: 6  WR(ppo_v55_league_iter0030)=0.475  t=10.5s

[new 7/49] ppo_v55_league_iter0030 vs v8 (200 games = 100/side, seed=89200) ...
  ppo_v55_league_iter0030: 150(83u/67s)  v8: 43(32u/11s)  draws: 7  WR(ppo_v55_league_iter0030)=0.767  t=10.1s

[new 8/49] ppo_v55_league_iter0030 vs v14 (200 games = 100/side, seed=89400) ...
  ppo_v55_league_iter0030: 123(74u/49s)  v14: 71(49u/22s)  draws: 6  WR(ppo_v55_league_iter0030)=0.630  t=10.2s

[new 9/49] ppo_v55_league_iter0030 vs v22 (200 games = 100/side, seed=89600) ...
  ppo_v55_league_iter0030: 95(53u/42s)  v22: 94(54u/40s)  draws: 11  WR(ppo_v55_league_iter0030)=0.502  t=10.4s

[new 10/49] ppo_v55_league_iter0030 vs heuristic (200 games = 100/side, seed=89800) ...
  ppo_v55_league_iter0030: 183(96u/87s)  heuristic: 17(13u/4s)  draws: 0  WR(ppo_v55_league_iter0030)=0.915  t=13.3s

[new 11/49] ppo_v55_league_iter0040 vs ppo_v55_league_iter0010 (200 games = 100/side, seed=90000) ...
  ppo_v55_league_iter0040: 96(52u/44s)  ppo_v55_league_iter0010: 101(55u/46s)  draws: 3  WR(ppo_v55_league_iter0040)=0.487  t=10.5s

[new 12/49] ppo_v55_league_iter0040 vs ppo_v55_league_iter0070 (200 games = 100/side, seed=90200) ...
  ppo_v55_league_iter0040: 112(59u/53s)  ppo_v55_league_iter0070: 81(43u/38s)  draws: 7  WR(ppo_v55_league_iter0040)=0.578  t=11.7s

[new 13/49] ppo_v55_league_iter0040 vs ppo_v55_league_iter0060 (200 games = 100/side, seed=90400) ...
  ppo_v55_league_iter0040: 95(43u/52s)  ppo_v55_league_iter0060: 96(43u/53s)  draws: 9  WR(ppo_v55_league_iter0040)=0.497  t=11.7s

[new 14/49] ppo_v55_league_iter0040 vs ppo_v55_league_iter0020 (200 games = 100/side, seed=90600) ...
  ppo_v55_league_iter0040: 87(42u/45s)  ppo_v55_league_iter0020: 108(53u/55s)  draws: 5  WR(ppo_v55_league_iter0040)=0.448  t=10.8s

[new 15/49] ppo_v55_league_iter0040 vs ppo_v55_league_iter0050 (200 games = 100/side, seed=90800) ...
  ppo_v55_league_iter0040: 101(50u/51s)  ppo_v55_league_iter0050: 93(47u/46s)  draws: 6  WR(ppo_v55_league_iter0040)=0.520  t=10.7s

[new 16/49] ppo_v55_league_iter0040 vs v8 (200 games = 100/side, seed=91000) ...
  ppo_v55_league_iter0040: 140(84u/56s)  v8: 56(42u/14s)  draws: 4  WR(ppo_v55_league_iter0040)=0.710  t=10.7s

[new 17/49] ppo_v55_league_iter0040 vs v14 (200 games = 100/side, seed=91200) ...
  ppo_v55_league_iter0040: 103(58u/45s)  v14: 85(50u/35s)  draws: 12  WR(ppo_v55_league_iter0040)=0.545  t=10.4s

[new 18/49] ppo_v55_league_iter0040 vs v22 (200 games = 100/side, seed=91400) ...
  ppo_v55_league_iter0040: 88(56u/32s)  v22: 102(63u/39s)  draws: 10  WR(ppo_v55_league_iter0040)=0.465  t=10.4s

[new 19/49] ppo_v55_league_iter0040 vs heuristic (200 games = 100/side, seed=91600) ...
  ppo_v55_league_iter0040: 176(95u/81s)  heuristic: 21(16u/5s)  draws: 3  WR(ppo_v55_league_iter0040)=0.887  t=15.0s

[new 20/49] ppo_v55_league_iter0010 vs ppo_v55_league_iter0070 (200 games = 100/side, seed=91800) ...
  ppo_v55_league_iter0010: 112(58u/54s)  ppo_v55_league_iter0070: 79(45u/34s)  draws: 9  WR(ppo_v55_league_iter0010)=0.583  t=11.1s

[new 21/49] ppo_v55_league_iter0010 vs ppo_v55_league_iter0060 (200 games = 100/side, seed=92000) ...
  ppo_v55_league_iter0010: 99(51u/48s)  ppo_v55_league_iter0060: 91(49u/42s)  draws: 10  WR(ppo_v55_league_iter0010)=0.520  t=10.7s

[new 22/49] ppo_v55_league_iter0010 vs ppo_v55_league_iter0020 (200 games = 100/side, seed=92200) ...
  ppo_v55_league_iter0010: 91(59u/32s)  ppo_v55_league_iter0020: 100(65u/35s)  draws: 9  WR(ppo_v55_league_iter0010)=0.477  t=10.3s

[new 23/49] ppo_v55_league_iter0010 vs ppo_v55_league_iter0050 (200 games = 100/side, seed=92400) ...
  ppo_v55_league_iter0010: 98(51u/47s)  ppo_v55_league_iter0050: 96(51u/45s)  draws: 6  WR(ppo_v55_league_iter0010)=0.505  t=10.7s

[new 24/49] ppo_v55_league_iter0010 vs v8 (200 games = 100/side, seed=92600) ...
  ppo_v55_league_iter0010: 152(86u/66s)  v8: 44(33u/11s)  draws: 4  WR(ppo_v55_league_iter0010)=0.770  t=10.3s

[new 25/49] ppo_v55_league_iter0010 vs v14 (200 games = 100/side, seed=92800) ...
  ppo_v55_league_iter0010: 128(70u/58s)  v14: 64(40u/24s)  draws: 8  WR(ppo_v55_league_iter0010)=0.660  t=9.8s

[new 26/49] ppo_v55_league_iter0010 vs v22 (200 games = 100/side, seed=93000) ...
  ppo_v55_league_iter0010: 96(51u/45s)  v22: 92(50u/42s)  draws: 12  WR(ppo_v55_league_iter0010)=0.510  t=10.5s

[new 27/49] ppo_v55_league_iter0010 vs heuristic (200 games = 100/side, seed=93200) ...
  ppo_v55_league_iter0010: 184(97u/87s)  heuristic: 16(13u/3s)  draws: 0  WR(ppo_v55_league_iter0010)=0.920  t=13.8s

[new 28/49] ppo_v55_league_iter0070 vs ppo_v55_league_iter0060 (200 games = 100/side, seed=93400) ...
  ppo_v55_league_iter0070: 86(44u/42s)  ppo_v55_league_iter0060: 107(56u/51s)  draws: 7  WR(ppo_v55_league_iter0070)=0.448  t=11.0s

[new 29/49] ppo_v55_league_iter0070 vs ppo_v55_league_iter0020 (200 games = 100/side, seed=93600) ...
  ppo_v55_league_iter0070: 66(38u/28s)  ppo_v55_league_iter0020: 125(67u/58s)  draws: 9  WR(ppo_v55_league_iter0070)=0.352  t=10.9s

[new 30/49] ppo_v55_league_iter0070 vs ppo_v55_league_iter0050 (200 games = 100/side, seed=93800) ...
  ppo_v55_league_iter0070: 69(39u/30s)  ppo_v55_league_iter0050: 120(62u/58s)  draws: 11  WR(ppo_v55_league_iter0070)=0.372  t=12.6s

[new 31/49] ppo_v55_league_iter0070 vs v8 (200 games = 100/side, seed=94000) ...
  ppo_v55_league_iter0070: 125(75u/50s)  v8: 69(47u/22s)  draws: 6  WR(ppo_v55_league_iter0070)=0.640  t=11.2s

[new 32/49] ppo_v55_league_iter0070 vs v14 (200 games = 100/side, seed=94200) ...
  ppo_v55_league_iter0070: 114(63u/51s)  v14: 82(47u/35s)  draws: 4  WR(ppo_v55_league_iter0070)=0.580  t=10.4s

[new 33/49] ppo_v55_league_iter0070 vs v22 (200 games = 100/side, seed=94400) ...
  ppo_v55_league_iter0070: 81(47u/34s)  v22: 108(60u/48s)  draws: 11  WR(ppo_v55_league_iter0070)=0.432  t=10.7s

[new 34/49] ppo_v55_league_iter0070 vs heuristic (200 games = 100/side, seed=94600) ...
  ppo_v55_league_iter0070: 146(95u/51s)  heuristic: 47(42u/5s)  draws: 7  WR(ppo_v55_league_iter0070)=0.748  t=15.5s

[new 35/49] ppo_v55_league_iter0060 vs ppo_v55_league_iter0020 (200 games = 100/side, seed=94800) ...
  ppo_v55_league_iter0060: 80(46u/34s)  ppo_v55_league_iter0020: 113(61u/52s)  draws: 7  WR(ppo_v55_league_iter0060)=0.417  t=10.7s

[new 36/49] ppo_v55_league_iter0060 vs ppo_v55_league_iter0050 (200 games = 100/side, seed=95000) ...
  ppo_v55_league_iter0060: 85(48u/37s)  ppo_v55_league_iter0050: 109(62u/47s)  draws: 6  WR(ppo_v55_league_iter0060)=0.440  t=10.9s

[new 37/49] ppo_v55_league_iter0060 vs v8 (200 games = 100/side, seed=95200) ...
  ppo_v55_league_iter0060: 123(73u/50s)  v8: 70(43u/27s)  draws: 7  WR(ppo_v55_league_iter0060)=0.632  t=11.0s

[new 38/49] ppo_v55_league_iter0060 vs v14 (200 games = 100/side, seed=95400) ...
  ppo_v55_league_iter0060: 90(59u/31s)  v14: 99(61u/38s)  draws: 11  WR(ppo_v55_league_iter0060)=0.477  t=11.0s

[new 39/49] ppo_v55_league_iter0060 vs v22 (200 games = 100/side, seed=95600) ...
  ppo_v55_league_iter0060: 82(52u/30s)  v22: 108(64u/44s)  draws: 10  WR(ppo_v55_league_iter0060)=0.435  t=10.5s

[new 40/49] ppo_v55_league_iter0060 vs heuristic (200 games = 100/side, seed=95800) ...
  ppo_v55_league_iter0060: 147(89u/58s)  heuristic: 47(37u/10s)  draws: 6  WR(ppo_v55_league_iter0060)=0.750  t=15.3s

[new 41/49] ppo_v55_league_iter0020 vs ppo_v55_league_iter0050 (200 games = 100/side, seed=96000) ...
  ppo_v55_league_iter0020: 107(56u/51s)  ppo_v55_league_iter0050: 85(48u/37s)  draws: 8  WR(ppo_v55_league_iter0020)=0.555  t=10.8s

[new 42/49] ppo_v55_league_iter0020 vs v8 (200 games = 100/side, seed=96200) ...
  ppo_v55_league_iter0020: 151(84u/67s)  v8: 42(30u/12s)  draws: 7  WR(ppo_v55_league_iter0020)=0.772  t=10.3s

[new 43/49] ppo_v55_league_iter0020 vs v14 (200 games = 100/side, seed=96400) ...
  ppo_v55_league_iter0020: 117(71u/46s)  v14: 74(49u/25s)  draws: 9  WR(ppo_v55_league_iter0020)=0.608  t=10.0s

[new 44/49] ppo_v55_league_iter0020 vs v22 (200 games = 100/side, seed=96600) ...
  ppo_v55_league_iter0020: 109(61u/48s)  v22: 84(49u/35s)  draws: 7  WR(ppo_v55_league_iter0020)=0.562  t=10.6s

[new 45/49] ppo_v55_league_iter0020 vs heuristic (200 games = 100/side, seed=96800) ...
  ppo_v55_league_iter0020: 187(98u/89s)  heuristic: 13(11u/2s)  draws: 0  WR(ppo_v55_league_iter0020)=0.935  t=12.8s

[new 46/49] ppo_v55_league_iter0050 vs v8 (200 games = 100/side, seed=97000) ...
  ppo_v55_league_iter0050: 142(86u/56s)  v8: 54(41u/13s)  draws: 4  WR(ppo_v55_league_iter0050)=0.720  t=10.7s

[new 47/49] ppo_v55_league_iter0050 vs v14 (200 games = 100/side, seed=97200) ...
  ppo_v55_league_iter0050: 114(68u/46s)  v14: 75(46u/29s)  draws: 11  WR(ppo_v55_league_iter0050)=0.598  t=11.1s

[new 48/49] ppo_v55_league_iter0050 vs v22 (200 games = 100/side, seed=97400) ...
  ppo_v55_league_iter0050: 96(59u/37s)  v22: 97(58u/39s)  draws: 7  WR(ppo_v55_league_iter0050)=0.497  t=10.5s

[new 49/49] ppo_v55_league_iter0050 vs heuristic (200 games = 100/side, seed=97600) ...
  ppo_v55_league_iter0050: 164(94u/70s)  heuristic: 28(23u/5s)  draws: 8  WR(ppo_v55_league_iter0050)=0.840  t=15.1s
  [reuse] v8 137(68u/69s) - 247(123u/124s) v14  draws=16  WR=0.362
  [reuse] v8 109(54u/55s) - 282(141u/141s) v22  draws=9  WR=0.284
  [reuse] v8 176(88u/88s) - 20(10u/10s) heuristic  draws=4  WR=0.890
  [reuse] v14 140(70u/70s) - 241(120u/121s) v22  draws=19  WR=0.374
  [reuse] v14 329(164u/165s) - 64(32u/32s) heuristic  draws=7  WR=0.831
  [reuse] v22 350(175u/175s) - 45(22u/23s) heuristic  draws=5  WR=0.881

Fitting BayesElo (combined) ...
Fitting BayesElo (bipartite per-side, anchor=v14_USSR=2015.0) ...

Model                   Elo    USSR*      US*    Gap                95% CI   vs anchor
  (* bipartite per-side, single anchor: v14_USSR=2015)
----------------------------------------------------------------------------------------
ppo_v55_league_iter0020   2122   2141   2077  +64  [  2105,   2138]  +107
ppo_v55_league_iter0010   2100   2112   2063  +49  [  2084,   2117]  +85
ppo_v55_league_iter0030   2097   2122   2048  +74  [  2081,   2114]  +82
v22                    2093   2087   2071  +16  [  2078,   2107]  +78
ppo_v55_league_iter0050   2090   2107   2046  +61  [  2074,   2106]  +75
ppo_v55_league_iter0040   2077   2068   2058  +10  [  2061,   2093]  +62
ppo_v55_league_iter0060   2046   2058   2003  +55  [  2029,   2062]  +31
ppo_v55_league_iter0070   2024   2036   1981  +55  [  2008,   2040]  +9
v14                    2015   2015   1985  +30  [  2015,   2015]  +0
v8                     1926   1942   1875  +67  [  1910,   1941]  -89
heuristic              1729   1762   1642  +119  [  1709,   1750]  -286

Pair                              Obs WR   Bip WR   Comb WR   Bip err   Comb err
------------------------------------------------------------------------------------
ppo_v55_league_iter0030 vs ppo_v55_league_iter0040   0.522    0.531     0.529    -0.009     -0.006
ppo_v55_league_iter0030 vs ppo_v55_league_iter0010   0.512    0.497     0.496    +0.016     +0.017
ppo_v55_league_iter0030 vs ppo_v55_league_iter0070   0.557    0.605     0.604    -0.048     -0.047
ppo_v55_league_iter0030 vs ppo_v55_league_iter0060   0.522    0.575     0.574    -0.053     -0.051
ppo_v55_league_iter0030 vs ppo_v55_league_iter0020   0.500    0.467     0.465    +0.033     +0.035
ppo_v55_league_iter0030 vs ppo_v55_league_iter0050   0.475    0.512     0.510    -0.037     -0.035
ppo_v55_league_iter0030 vs v8               0.767    0.727     0.728    +0.041     +0.039
ppo_v55_league_iter0030 vs v14              0.630    0.618     0.616    +0.012     +0.014
ppo_v55_league_iter0030 vs v22              0.502    0.509     0.506    -0.007     -0.004
ppo_v55_league_iter0030 vs heuristic        0.915    0.890     0.893    +0.025     +0.022
ppo_v55_league_iter0040 vs ppo_v55_league_iter0010   0.487    0.465     0.467    +0.022     +0.020
ppo_v55_league_iter0040 vs ppo_v55_league_iter0070   0.578    0.577     0.576    +0.000     +0.001
ppo_v55_league_iter0040 vs ppo_v55_league_iter0060   0.497    0.546     0.545    -0.049     -0.048
ppo_v55_league_iter0040 vs ppo_v55_league_iter0020   0.448    0.435     0.436    +0.013     +0.011
ppo_v55_league_iter0040 vs ppo_v55_league_iter0050   0.520    0.481     0.481    +0.039     +0.039
ppo_v55_league_iter0040 vs v8               0.710    0.707     0.705    +0.003     +0.005
ppo_v55_league_iter0040 vs v14              0.545    0.589     0.589    -0.044     -0.044
ppo_v55_league_iter0040 vs v22              0.465    0.478     0.478    -0.013     -0.013
ppo_v55_league_iter0040 vs heuristic        0.887    0.884     0.881    +0.004     +0.006
ppo_v55_league_iter0010 vs ppo_v55_league_iter0070   0.583    0.609     0.608    -0.027     -0.026
ppo_v55_league_iter0010 vs ppo_v55_league_iter0060   0.520    0.579     0.578    -0.059     -0.058
ppo_v55_league_iter0010 vs ppo_v55_league_iter0020   0.477    0.470     0.469    +0.008     +0.008
ppo_v55_league_iter0010 vs ppo_v55_league_iter0050   0.505    0.516     0.514    -0.011     -0.009
ppo_v55_league_iter0010 vs v8               0.770    0.732     0.732    +0.038     +0.038
ppo_v55_league_iter0010 vs v14              0.660    0.622     0.620    +0.038     +0.040
ppo_v55_league_iter0010 vs v22              0.510    0.513     0.511    -0.003     -0.001
ppo_v55_league_iter0010 vs heuristic        0.920    0.894     0.894    +0.026     +0.026
ppo_v55_league_iter0070 vs ppo_v55_league_iter0060   0.448    0.469     0.468    -0.021     -0.021
ppo_v55_league_iter0070 vs ppo_v55_league_iter0020   0.352    0.363     0.363    -0.010     -0.010
ppo_v55_league_iter0070 vs ppo_v55_league_iter0050   0.372    0.406     0.406    -0.034     -0.033
ppo_v55_league_iter0070 vs v8               0.640    0.636     0.637    +0.004     +0.003
ppo_v55_league_iter0070 vs v14              0.580    0.512     0.513    +0.068     +0.067
ppo_v55_league_iter0070 vs v22              0.432    0.401     0.402    +0.031     +0.031
ppo_v55_league_iter0070 vs heuristic        0.748    0.843     0.845    -0.095     -0.097
ppo_v55_league_iter0060 vs ppo_v55_league_iter0020   0.417    0.392     0.392    +0.026     +0.025
ppo_v55_league_iter0060 vs ppo_v55_league_iter0050   0.440    0.437     0.436    +0.003     +0.004
ppo_v55_league_iter0060 vs v8               0.632    0.664     0.666    -0.032     -0.033
ppo_v55_league_iter0060 vs v14              0.477    0.543     0.544    -0.066     -0.067
ppo_v55_league_iter0060 vs v22              0.435    0.432     0.433    +0.003     +0.002
ppo_v55_league_iter0060 vs heuristic        0.750    0.859     0.861    -0.109     -0.111
ppo_v55_league_iter0020 vs ppo_v55_league_iter0050   0.555    0.546     0.545    +0.009     +0.010
ppo_v55_league_iter0020 vs v8               0.772    0.754     0.755    +0.019     +0.017
ppo_v55_league_iter0020 vs v14              0.608    0.650     0.649    -0.042     -0.041
ppo_v55_league_iter0020 vs v22              0.562    0.543     0.541    +0.019     +0.021
ppo_v55_league_iter0020 vs heuristic        0.935    0.903     0.905    +0.032     +0.030
ppo_v55_league_iter0050 vs v8               0.720    0.718     0.720    +0.002     -0.000
ppo_v55_league_iter0050 vs v14              0.598    0.606     0.606    -0.008     -0.009
ppo_v55_league_iter0050 vs v22              0.497    0.497     0.496    +0.001     +0.001
ppo_v55_league_iter0050 vs heuristic        0.840    0.886     0.889    -0.046     -0.049
v8             vs v14              0.362    0.374     0.375    -0.011     -0.012
v8             vs v22              0.284    0.276     0.277    +0.008     +0.007
v8             vs heuristic        0.890    0.754     0.756    +0.136     +0.134
v14            vs v22              0.374    0.389     0.390    -0.016     -0.016
v14            vs heuristic        0.831    0.840     0.838    -0.008     -0.007
v22            vs heuristic        0.881    0.892     0.890    -0.011     -0.009
------------------------------------------------------------------------------------
                                              RMSE    0.0392     0.0390
  (bipartite RMSE >= combined RMSE → bipartite model not better fit)

Saved to data/checkpoints/ppo_v55_league/confirmation_tournament.json

[confirm] Top-8 panel-eval candidates:
  iter 0030: avg_panel_wr=0.601  data/checkpoints/ppo_v55_league/ppo_iter0030_scripted.pt
  iter 0040: avg_panel_wr=0.594  data/checkpoints/ppo_v55_league/ppo_iter0040_scripted.pt
  iter 0010: avg_panel_wr=0.586  data/checkpoints/ppo_v55_league/ppo_iter0010_scripted.pt
  iter 0070: avg_panel_wr=0.565  data/checkpoints/ppo_v55_league/ppo_iter0070_scripted.pt
  iter 0060: avg_panel_wr=0.564  data/checkpoints/ppo_v55_league/ppo_iter0060_scripted.pt
  iter 0020: avg_panel_wr=0.562  data/checkpoints/ppo_v55_league/ppo_iter0020_scripted.pt
  iter 0050: avg_panel_wr=0.551  data/checkpoints/ppo_v55_league/ppo_iter0050_scripted.pt
[confirm] Models in tournament: ['ppo_v55_league_iter0030:data/checkpoints/ppo_v55_league/ppo_iter0030_scripted.pt', 'ppo_v55_league_iter0040:data/checkpoints/ppo_v55_league/ppo_iter0040_scripted.pt', 'ppo_v55_league_iter0010:data/checkpoints/ppo_v55_league/ppo_iter0010_scripted.pt', 'ppo_v55_league_iter0070:data/checkpoints/ppo_v55_league/ppo_iter0070_scripted.pt', 'ppo_v55_league_iter0060:data/checkpoints/ppo_v55_league/ppo_iter0060_scripted.pt', 'ppo_v55_league_iter0020:data/checkpoints/ppo_v55_league/ppo_iter0020_scripted.pt', 'ppo_v55_league_iter0050:data/checkpoints/ppo_v55_league/ppo_iter0050_scripted.pt', 'v8:data/checkpoints/scripted_for_elo/v8_scripted.pt', 'v14:data/checkpoints/scripted_for_elo/v14_scripted.pt', 'v22:data/checkpoints/scripted_for_elo/v22_scripted.pt', 'heuristic']
[confirm] Games per matchup: 200, anchor: v14=2015.0
[confirm] Running: /home/dkord/code/twilight-struggle-ai/.venv/bin/python3 scripts/run_elo_tournament.py --models ppo_v55_league_iter0030:data/checkpoints/ppo_v55_league/ppo_iter0030_scripted.pt ppo_v55_league_iter0040:data/checkpoints/ppo_v55_league/ppo_iter0040_scripted.pt ppo_v55_league_iter0010:data/checkpoints/ppo_v55_league/ppo_iter0010_scripted.pt ppo_v55_league_iter0070:data/checkpoints/ppo_v55_league/ppo_iter0070_scripted.pt ppo_v55_league_iter0060:data/checkpoints/ppo_v55_league/ppo_iter0060_scripted.pt ppo_v55_league_iter0020:data/checkpoints/ppo_v55_league/ppo_iter0020_scripted.pt ppo_v55_league_iter0050:data/checkpoints/ppo_v55_league/ppo_iter0050_scripted.pt v8:data/checkpoints/scripted_for_elo/v8_scripted.pt v14:data/checkpoints/scripted_for_elo/v14_scripted.pt v22:data/checkpoints/scripted_for_elo/v22_scripted.pt heuristic --games 200 --anchor v14 --anchor-elo 2015.0 --schedule round_robin --out data/checkpoints/ppo_v55_league/confirmation_tournament.json --script-dir data/checkpoints/scripted_for_elo

[confirm] Tournament results (candidates only):
  ppo_v55_league_iter0020: Elo=2121.7 ← WINNER
  ppo_v55_league_iter0010: Elo=2100.2
  ppo_v55_league_iter0030: Elo=2097.2
  ppo_v55_league_iter0050: Elo=2090.1
  ppo_v55_league_iter0040: Elo=2077.3
  ppo_v55_league_iter0060: Elo=2045.7
  ppo_v55_league_iter0070: Elo=2023.7
[confirm] ppo_best.pt ← data/checkpoints/ppo_v55_league/ppo_iter0020.pt
[confirm] ppo_best_scripted.pt ← data/checkpoints/ppo_v55_league/ppo_iter0020_scripted.pt

[confirm] Done. Winner: ppo_v55_league_iter0020 (Elo=2121.7)
[confirm] Full tournament results: data/checkpoints/ppo_v55_league/confirmation_tournament.json
