Exporting checkpoints to TorchScript ...
  ppo_v265_sc_league_iter0010: already TorchScript, using directly
  ppo_v265_sc_league_iter0020: already TorchScript, using directly
Loaded 5032 match results from SQL match_cache

Match schedule (21 total, 6 new, 15 reused from prior run):
  ppo_v265_sc_league_iter0010 vs ppo_v265_sc_league_iter0020
  ppo_v265_sc_league_iter0010 vs v209_sc  [reuse]
  ppo_v265_sc_league_iter0010 vs v217_sc  [reuse]
  ppo_v265_sc_league_iter0010 vs v232_sc  [reuse]
  ppo_v265_sc_league_iter0010 vs v228_sc  [reuse]
  ppo_v265_sc_league_iter0010 vs v227_sc  [reuse]
  ppo_v265_sc_league_iter0020 vs v209_sc
  ppo_v265_sc_league_iter0020 vs v217_sc
  ppo_v265_sc_league_iter0020 vs v232_sc
  ppo_v265_sc_league_iter0020 vs v228_sc
  ppo_v265_sc_league_iter0020 vs v227_sc
  v209_sc vs v217_sc  [reuse]
  v209_sc vs v232_sc  [reuse]
  v209_sc vs v228_sc  [reuse]
  v209_sc vs v227_sc  [reuse]
  v217_sc vs v232_sc  [reuse]
  v217_sc vs v228_sc  [reuse]
  v217_sc vs v227_sc  [reuse]
  v232_sc vs v228_sc  [reuse]
  v232_sc vs v227_sc  [reuse]
  v228_sc vs v227_sc  [reuse]

[new 1/6] ppo_v265_sc_league_iter0010 vs ppo_v265_sc_league_iter0020 (150 games = 75/side, seed=88000) ...
  ppo_v265_sc_league_iter0010: 61(26u/35s)  ppo_v265_sc_league_iter0020: 89(40u/49s)  draws: 0  WR(ppo_v265_sc_league_iter0010)=0.407  t=9.7s
  [reuse] ppo_v265_sc_league_iter0010 81(38u/43s) - 68(32u/36s) v209_sc  draws=1  WR=0.543
  [reuse] ppo_v265_sc_league_iter0010 77(34u/43s) - 73(32u/41s) v217_sc  draws=0  WR=0.513
  [reuse] ppo_v265_sc_league_iter0010 75(38u/37s) - 75(38u/37s) v232_sc  draws=0  WR=0.500
  [reuse] ppo_v265_sc_league_iter0010 67(33u/34s) - 80(39u/41s) v228_sc  draws=3  WR=0.457
  [reuse] ppo_v265_sc_league_iter0010 73(32u/41s) - 76(34u/42s) v227_sc  draws=1  WR=0.490

[new 2/6] ppo_v265_sc_league_iter0020 vs v209_sc (150 games = 75/side, seed=88150) ...
  ppo_v265_sc_league_iter0020: 65(30u/35s)  v209_sc: 84(40u/44s)  draws: 1  WR(ppo_v265_sc_league_iter0020)=0.437  t=8.8s

[new 3/6] ppo_v265_sc_league_iter0020 vs v217_sc (150 games = 75/side, seed=88300) ...
  ppo_v265_sc_league_iter0020: 76(33u/43s)  v217_sc: 72(31u/41s)  draws: 2  WR(ppo_v265_sc_league_iter0020)=0.513  t=9.5s

[new 4/6] ppo_v265_sc_league_iter0020 vs v232_sc (150 games = 75/side, seed=88450) ...
  ppo_v265_sc_league_iter0020: 64(32u/32s)  v232_sc: 85(43u/42s)  draws: 1  WR(ppo_v265_sc_league_iter0020)=0.430  t=9.3s

[new 5/6] ppo_v265_sc_league_iter0020 vs v228_sc (150 games = 75/side, seed=88600) ...
  ppo_v265_sc_league_iter0020: 73(34u/39s)  v228_sc: 76(36u/40s)  draws: 1  WR(ppo_v265_sc_league_iter0020)=0.490  t=9.9s

[new 6/6] ppo_v265_sc_league_iter0020 vs v227_sc (150 games = 75/side, seed=88750) ...
  ppo_v265_sc_league_iter0020: 78(42u/36s)  v227_sc: 72(39u/33s)  draws: 0  WR(ppo_v265_sc_league_iter0020)=0.520  t=9.0s
  [reuse] v209_sc 57(22u/35s) - 92(39u/53s) v217_sc  draws=1  WR=0.383
  [reuse] v209_sc 71(32u/39s) - 78(36u/42s) v232_sc  draws=1  WR=0.477
  [reuse] v209_sc 80(30u/50s) - 70(25u/45s) v228_sc  draws=0  WR=0.533
  [reuse] v209_sc 75(31u/44s) - 75(31u/44s) v227_sc  draws=0  WR=0.500
  [reuse] v217_sc 62(26u/36s) - 86(37u/49s) v232_sc  draws=2  WR=0.420
  [reuse] v217_sc 73(36u/37s) - 75(36u/39s) v228_sc  draws=2  WR=0.493
  [reuse] v217_sc 82(36u/46s) - 68(29u/39s) v227_sc  draws=0  WR=0.547
  [reuse] v232_sc 74(35u/39s) - 76(36u/40s) v228_sc  draws=0  WR=0.493
  [reuse] v232_sc 74(40u/34s) - 76(41u/35s) v227_sc  draws=0  WR=0.493
  [reuse] v228_sc 72(34u/38s) - 76(36u/40s) v227_sc  draws=2  WR=0.487

Fitting BayesElo (combined) ...
Fitting BayesElo (bipartite per-side, anchor=v209_sc_USSR=1875.0) ...

Model                   Elo    USSR*      US*    Gap                95% CI   vs anchor
  (* bipartite per-side, single anchor: v209_sc_USSR=1875)
----------------------------------------------------------------------------------------
v232_sc                1900   1945   1933  +12  [  1877,   1922]  +25
v217_sc                1889   1895   1961  -66  [  1866,   1911]  +14
v228_sc                1886   1910   1940  -29  [  1863,   1908]  +11
ppo_v265_sc_league_iter0020   1882   1920   1922  -2  [  1859,   1905]  +7
v227_sc                1880   1916   1922  -6  [  1857,   1903]  +5
v209_sc                1875   1875   1953  -78  [  1875,   1875]  +0
ppo_v265_sc_league_iter0010   1875   1903   1924  -21  [  1852,   1897]  -0

Pair                              Obs WR   Bip WR   Comb WR   Bip err   Comb err
------------------------------------------------------------------------------------
ppo_v265_sc_league_iter0010 vs ppo_v265_sc_league_iter0020   0.407    0.489     0.490    -0.083     -0.083
ppo_v265_sc_league_iter0010 vs v209_sc          0.543    0.500     0.500    +0.044     +0.044
ppo_v265_sc_league_iter0010 vs v217_sc          0.513    0.480     0.480    +0.033     +0.033
ppo_v265_sc_league_iter0010 vs v232_sc          0.500    0.464     0.464    +0.036     +0.036
ppo_v265_sc_league_iter0010 vs v228_sc          0.457    0.484     0.484    -0.028     -0.027
ppo_v265_sc_league_iter0010 vs v227_sc          0.490    0.492     0.492    -0.002     -0.002
ppo_v265_sc_league_iter0020 vs v209_sc          0.437    0.510     0.510    -0.073     -0.073
ppo_v265_sc_league_iter0020 vs v217_sc          0.513    0.490     0.490    +0.023     +0.023
ppo_v265_sc_league_iter0020 vs v232_sc          0.430    0.475     0.475    -0.045     -0.045
ppo_v265_sc_league_iter0020 vs v228_sc          0.490    0.495     0.495    -0.005     -0.005
ppo_v265_sc_league_iter0020 vs v227_sc          0.520    0.503     0.503    +0.017     +0.017
v209_sc        vs v217_sc          0.383    0.481     0.480    -0.098     -0.097
v209_sc        vs v232_sc          0.477    0.465     0.465    +0.012     +0.012
v209_sc        vs v228_sc          0.533    0.485     0.485    +0.048     +0.049
v209_sc        vs v227_sc          0.500    0.493     0.493    +0.007     +0.007
v217_sc        vs v232_sc          0.420    0.485     0.484    -0.065     -0.064
v217_sc        vs v228_sc          0.493    0.505     0.504    -0.011     -0.011
v217_sc        vs v227_sc          0.547    0.513     0.512    +0.034     +0.034
v232_sc        vs v228_sc          0.493    0.520     0.520    -0.027     -0.027
v232_sc        vs v227_sc          0.493    0.528     0.528    -0.035     -0.035
v228_sc        vs v227_sc          0.487    0.508     0.508    -0.021     -0.021
------------------------------------------------------------------------------------
                                              RMSE    0.0437     0.0436
  (bipartite RMSE >= combined RMSE → bipartite model not better fit)

Saved to data/checkpoints/ppo_v265_sc_league/candidate_tournament.json
[sql] Tournament logged: round_robin_20260414T175542Z_ppo_v265_sc_league_iter0010_ppo_v265_sc_league_iter0020 → results/metadata.sqlite3

[candidate] Top-8 panel-eval candidates:
  iter 0010: avg_panel_wr=0.557  data/checkpoints/ppo_v265_sc_league/ppo_iter0010_scripted.pt
  iter 0020: avg_panel_wr=0.510  data/checkpoints/ppo_v265_sc_league/ppo_iter0020_scripted.pt
[candidate] Models in tournament: ['ppo_v265_sc_league_iter0010:data/checkpoints/ppo_v265_sc_league/ppo_iter0010_scripted.pt', 'ppo_v265_sc_league_iter0020:data/checkpoints/ppo_v265_sc_league/ppo_iter0020_scripted.pt', 'v209_sc:data/checkpoints/scripted_for_elo/v209_sc_scripted.pt', 'v217_sc:data/checkpoints/scripted_for_elo/v217_sc_scripted.pt', 'v232_sc:data/checkpoints/scripted_for_elo/v232_sc_scripted.pt', 'v228_sc:data/checkpoints/scripted_for_elo/v228_sc_scripted.pt', 'v227_sc:data/checkpoints/scripted_for_elo/v227_sc_scripted.pt']
[candidate] Games per matchup: 150, anchor: v209_sc=1875.0
[candidate] Running: /home/dkord/code/twilight-struggle-ai/.venv/bin/python3 scripts/run_elo_tournament.py --models ppo_v265_sc_league_iter0010:data/checkpoints/ppo_v265_sc_league/ppo_iter0010_scripted.pt ppo_v265_sc_league_iter0020:data/checkpoints/ppo_v265_sc_league/ppo_iter0020_scripted.pt v209_sc:data/checkpoints/scripted_for_elo/v209_sc_scripted.pt v217_sc:data/checkpoints/scripted_for_elo/v217_sc_scripted.pt v232_sc:data/checkpoints/scripted_for_elo/v232_sc_scripted.pt v228_sc:data/checkpoints/scripted_for_elo/v228_sc_scripted.pt v227_sc:data/checkpoints/scripted_for_elo/v227_sc_scripted.pt --games 150 --anchor v209_sc --anchor-elo 1875.0 --schedule round_robin --out data/checkpoints/ppo_v265_sc_league/candidate_tournament.json --script-dir data/checkpoints/scripted_for_elo

[candidate] Tournament results (candidates only):
  ppo_v265_sc_league_iter0020: Elo=1882.0 ← WINNER
  ppo_v265_sc_league_iter0010: Elo=1874.7
[candidate] ppo_best.pt ← data/checkpoints/ppo_v265_sc_league/ppo_iter0020.pt
[candidate] ppo_best_scripted.pt ← data/checkpoints/ppo_v265_sc_league/ppo_iter0020_scripted.pt

[candidate] Done. Winner: ppo_v265_sc_league_iter0020 (Elo=1882.0)
[candidate] Full tournament results: data/checkpoints/ppo_v265_sc_league/candidate_tournament.json
