Exporting checkpoints to TorchScript ...
  ppo_v80_sc_league_iter0020: already TorchScript, using directly
  ppo_v80_sc_league_iter0010: already TorchScript, using directly
Loaded 2556 match results from SQL match_cache

Match schedule (21 total, 11 new, 10 reused from prior run):
  ppo_v80_sc_league_iter0020 vs ppo_v80_sc_league_iter0010
  ppo_v80_sc_league_iter0020 vs v55
  ppo_v80_sc_league_iter0020 vs v54
  ppo_v80_sc_league_iter0020 vs v44
  ppo_v80_sc_league_iter0020 vs v45
  ppo_v80_sc_league_iter0020 vs v14
  ppo_v80_sc_league_iter0010 vs v55
  ppo_v80_sc_league_iter0010 vs v54
  ppo_v80_sc_league_iter0010 vs v44
  ppo_v80_sc_league_iter0010 vs v45
  ppo_v80_sc_league_iter0010 vs v14
  v55 vs v54  [reuse]
  v55 vs v44  [reuse]
  v55 vs v45  [reuse]
  v55 vs v14  [reuse]
  v54 vs v44  [reuse]
  v54 vs v45  [reuse]
  v54 vs v14  [reuse]
  v44 vs v45  [reuse]
  v44 vs v14  [reuse]
  v45 vs v14  [reuse]

[new 1/11] ppo_v80_sc_league_iter0020 vs ppo_v80_sc_league_iter0010 (150 games = 75/side, seed=88000) ...
  ppo_v80_sc_league_iter0020: 71(40u/31s)  ppo_v80_sc_league_iter0010: 74(40u/34s)  draws: 5  WR(ppo_v80_sc_league_iter0020)=0.490  t=7.7s

[new 2/11] ppo_v80_sc_league_iter0020 vs v55 (150 games = 75/side, seed=88150) ...
  ppo_v80_sc_league_iter0020: 64(39u/25s)  v55: 83(49u/34s)  draws: 3  WR(ppo_v80_sc_league_iter0020)=0.437  t=7.2s

[new 3/11] ppo_v80_sc_league_iter0020 vs v54 (150 games = 75/side, seed=88300) ...
  ppo_v80_sc_league_iter0020: 64(32u/32s)  v54: 82(40u/42s)  draws: 4  WR(ppo_v80_sc_league_iter0020)=0.440  t=8.0s

[new 4/11] ppo_v80_sc_league_iter0020 vs v44 (150 games = 75/side, seed=88450) ...
  ppo_v80_sc_league_iter0020: 44(28u/16s)  v44: 98(54u/44s)  draws: 8  WR(ppo_v80_sc_league_iter0020)=0.320  t=7.5s

[new 5/11] ppo_v80_sc_league_iter0020 vs v45 (150 games = 75/side, seed=88600) ...
  ppo_v80_sc_league_iter0020: 61(34u/27s)  v45: 86(46u/40s)  draws: 3  WR(ppo_v80_sc_league_iter0020)=0.417  t=7.9s

[new 6/11] ppo_v80_sc_league_iter0020 vs v14 (150 games = 75/side, seed=88750) ...
  ppo_v80_sc_league_iter0020: 71(45u/26s)  v14: 73(44u/29s)  draws: 6  WR(ppo_v80_sc_league_iter0020)=0.493  t=8.2s

[new 7/11] ppo_v80_sc_league_iter0010 vs v55 (150 games = 75/side, seed=88900) ...
  ppo_v80_sc_league_iter0010: 46(26u/20s)  v55: 99(51u/48s)  draws: 5  WR(ppo_v80_sc_league_iter0010)=0.323  t=8.0s

[new 8/11] ppo_v80_sc_league_iter0010 vs v54 (150 games = 75/side, seed=89050) ...
  ppo_v80_sc_league_iter0010: 70(43u/27s)  v54: 76(44u/32s)  draws: 4  WR(ppo_v80_sc_league_iter0010)=0.480  t=7.8s

[new 9/11] ppo_v80_sc_league_iter0010 vs v44 (150 games = 75/side, seed=89200) ...
  ppo_v80_sc_league_iter0010: 56(31u/25s)  v44: 91(47u/44s)  draws: 3  WR(ppo_v80_sc_league_iter0010)=0.383  t=8.9s

[new 10/11] ppo_v80_sc_league_iter0010 vs v45 (150 games = 75/side, seed=89350) ...
  ppo_v80_sc_league_iter0010: 67(37u/30s)  v45: 79(42u/37s)  draws: 4  WR(ppo_v80_sc_league_iter0010)=0.460  t=9.0s

[new 11/11] ppo_v80_sc_league_iter0010 vs v14 (150 games = 75/side, seed=89500) ...
  ppo_v80_sc_league_iter0010: 79(50u/29s)  v14: 66(42u/24s)  draws: 5  WR(ppo_v80_sc_league_iter0010)=0.543  t=8.8s
  [reuse] v55 209(115u/94s) - 181(102u/79s) v54  draws=10  WR=0.535
  [reuse] v55 201(119u/82s) - 178(110u/68s) v44  draws=21  WR=0.529
  [reuse] v55 206(136u/70s) - 180(123u/57s) v45  draws=14  WR=0.532
  [reuse] v55 255(150u/105s) - 128(88u/40s) v14  draws=17  WR=0.659
  [reuse] v54 222(126u/96s) - 163(99u/64s) v44  draws=15  WR=0.574
  [reuse] v54 194(125u/69s) - 183(121u/62s) v45  draws=23  WR=0.514
  [reuse] v54 254(154u/100s) - 131(95u/36s) v14  draws=15  WR=0.654
  [reuse] v44 194(130u/64s) - 192(130u/62s) v45  draws=14  WR=0.502
  [reuse] v44 239(147u/92s) - 147(100u/47s) v14  draws=14  WR=0.615
  [reuse] v45 226(147u/79s) - 162(115u/47s) v14  draws=12  WR=0.580

Fitting BayesElo (combined) ...
Fitting BayesElo (bipartite per-side, anchor=v14_USSR=2015.0) ...

Model                   Elo    USSR*      US*    Gap                95% CI   vs anchor
  (* bipartite per-side, single anchor: v14_USSR=2015)
----------------------------------------------------------------------------------------
v55                    2126   2096   2030  +66  [  2110,   2142]  +111
v54                    2112   2075   2022  +53  [  2096,   2128]  +97
v44                    2098   2072   1994  +79  [  2082,   2114]  +83
v45                    2092   2099   1955  +143  [  2076,   2108]  +77
ppo_v80_sc_league_iter0010   2043   1981   1970  +11  [  2020,   2066]  +28
ppo_v80_sc_league_iter0020   2032   1969   1959  +10  [  2009,   2056]  +17
v14                    2015   2015   1868  +147  [  2015,   2015]  +0

Pair                              Obs WR   Bip WR   Comb WR   Bip err   Comb err
------------------------------------------------------------------------------------
ppo_v80_sc_league_iter0020 vs ppo_v80_sc_league_iter0010   0.490    0.484     0.484    +0.006     +0.006
ppo_v80_sc_league_iter0020 vs v55              0.437    0.363     0.368    +0.074     +0.069
ppo_v80_sc_league_iter0020 vs v54              0.440    0.382     0.387    +0.058     +0.053
ppo_v80_sc_league_iter0020 vs v44              0.320    0.404     0.406    -0.084     -0.086
ppo_v80_sc_league_iter0020 vs v45              0.417    0.415     0.415    +0.002     +0.002
ppo_v80_sc_league_iter0020 vs v14              0.493    0.531     0.525    -0.038     -0.031
ppo_v80_sc_league_iter0010 vs v55              0.323    0.378     0.383    -0.054     -0.059
ppo_v80_sc_league_iter0010 vs v54              0.480    0.397     0.402    +0.083     +0.078
ppo_v80_sc_league_iter0010 vs v44              0.383    0.419     0.421    -0.036     -0.038
ppo_v80_sc_league_iter0010 vs v45              0.460    0.430     0.430    +0.030     +0.030
ppo_v80_sc_league_iter0010 vs v14              0.543    0.546     0.540    -0.003     +0.003
v55            vs v54              0.535    0.521     0.520    +0.014     +0.015
v55            vs v44              0.529    0.541     0.540    -0.013     -0.012
v55            vs v45              0.532    0.547     0.550    -0.015     -0.017
v55            vs v14              0.659    0.655     0.655    +0.004     +0.004
v54            vs v44              0.574    0.521     0.520    +0.053     +0.053
v54            vs v45              0.514    0.528     0.530    -0.015     -0.016
v54            vs v14              0.654    0.638     0.636    +0.016     +0.017
v44            vs v45              0.502    0.508     0.509    -0.005     -0.007
v44            vs v14              0.615    0.617     0.617    -0.002     -0.002
v45            vs v14              0.580    0.603     0.609    -0.023     -0.029
------------------------------------------------------------------------------------
                                              RMSE    0.0400     0.0396
  (bipartite RMSE >= combined RMSE → bipartite model not better fit)

Saved to data/checkpoints/ppo_v80_sc_league/candidate_tournament.json
[sql] Tournament logged: round_robin_20260413T160624Z_ppo_v80_sc_league_iter0010_ppo_v80_sc_league_iter0020 → results/metadata.sqlite3

[candidate] Top-8 panel-eval candidates:
  iter 0020: avg_panel_wr=0.533  data/checkpoints/ppo_v80_sc_league/ppo_iter0020_scripted.pt
  iter 0010: avg_panel_wr=0.509  data/checkpoints/ppo_v80_sc_league/ppo_iter0010_scripted.pt
[candidate] Models in tournament: ['ppo_v80_sc_league_iter0020:data/checkpoints/ppo_v80_sc_league/ppo_iter0020_scripted.pt', 'ppo_v80_sc_league_iter0010:data/checkpoints/ppo_v80_sc_league/ppo_iter0010_scripted.pt', 'v55:data/checkpoints/scripted_for_elo/v55_scripted.pt', 'v54:data/checkpoints/scripted_for_elo/v54_scripted.pt', 'v44:data/checkpoints/scripted_for_elo/v44_scripted.pt', 'v45:data/checkpoints/scripted_for_elo/v45_scripted.pt', 'v14:data/checkpoints/scripted_for_elo/v14_scripted.pt']
[candidate] Games per matchup: 150, anchor: v14=2015.0
[candidate] Running: /home/dkord/code/twilight-struggle-ai/.venv/bin/python3 scripts/run_elo_tournament.py --models ppo_v80_sc_league_iter0020:data/checkpoints/ppo_v80_sc_league/ppo_iter0020_scripted.pt ppo_v80_sc_league_iter0010:data/checkpoints/ppo_v80_sc_league/ppo_iter0010_scripted.pt v55:data/checkpoints/scripted_for_elo/v55_scripted.pt v54:data/checkpoints/scripted_for_elo/v54_scripted.pt v44:data/checkpoints/scripted_for_elo/v44_scripted.pt v45:data/checkpoints/scripted_for_elo/v45_scripted.pt v14:data/checkpoints/scripted_for_elo/v14_scripted.pt --games 150 --anchor v14 --anchor-elo 2015.0 --schedule round_robin --out data/checkpoints/ppo_v80_sc_league/candidate_tournament.json --script-dir data/checkpoints/scripted_for_elo

[candidate] Tournament results (candidates only):
  ppo_v80_sc_league_iter0010: Elo=2043.0 ← WINNER
  ppo_v80_sc_league_iter0020: Elo=2032.1
[candidate] ppo_best.pt ← data/checkpoints/ppo_v80_sc_league/ppo_iter0010.pt
[candidate] ppo_best_scripted.pt ← data/checkpoints/ppo_v80_sc_league/ppo_iter0010_scripted.pt

[candidate] Done. Winner: ppo_v80_sc_league_iter0010 (Elo=2043.0)
[candidate] Full tournament results: data/checkpoints/ppo_v80_sc_league/candidate_tournament.json
