Exporting checkpoints to TorchScript ...
  ppo_v263_sc_league_iter0020: already TorchScript, using directly
  ppo_v263_sc_league_iter0010: already TorchScript, using directly
Loaded 4993 match results from SQL match_cache

Match schedule (21 total, 6 new, 15 reused from prior run):
  ppo_v263_sc_league_iter0020 vs ppo_v263_sc_league_iter0010
  ppo_v263_sc_league_iter0020 vs v209_sc
  ppo_v263_sc_league_iter0020 vs v217_sc
  ppo_v263_sc_league_iter0020 vs v232_sc
  ppo_v263_sc_league_iter0020 vs v228_sc
  ppo_v263_sc_league_iter0020 vs v227_sc
  ppo_v263_sc_league_iter0010 vs v209_sc  [reuse]
  ppo_v263_sc_league_iter0010 vs v217_sc  [reuse]
  ppo_v263_sc_league_iter0010 vs v232_sc  [reuse]
  ppo_v263_sc_league_iter0010 vs v228_sc  [reuse]
  ppo_v263_sc_league_iter0010 vs v227_sc  [reuse]
  v209_sc vs v217_sc  [reuse]
  v209_sc vs v232_sc  [reuse]
  v209_sc vs v228_sc  [reuse]
  v209_sc vs v227_sc  [reuse]
  v217_sc vs v232_sc  [reuse]
  v217_sc vs v228_sc  [reuse]
  v217_sc vs v227_sc  [reuse]
  v232_sc vs v228_sc  [reuse]
  v232_sc vs v227_sc  [reuse]
  v228_sc vs v227_sc  [reuse]

[new 1/6] ppo_v263_sc_league_iter0020 vs ppo_v263_sc_league_iter0010 (150 games = 75/side, seed=88000) ...
  ppo_v263_sc_league_iter0020: 77(36u/41s)  ppo_v263_sc_league_iter0010: 73(34u/39s)  draws: 0  WR(ppo_v263_sc_league_iter0020)=0.513  t=9.8s

[new 2/6] ppo_v263_sc_league_iter0020 vs v209_sc (150 games = 75/side, seed=88150) ...
  ppo_v263_sc_league_iter0020: 75(32u/43s)  v209_sc: 74(32u/42s)  draws: 1  WR(ppo_v263_sc_league_iter0020)=0.503  t=9.0s

[new 3/6] ppo_v263_sc_league_iter0020 vs v217_sc (150 games = 75/side, seed=88300) ...
  ppo_v263_sc_league_iter0020: 70(30u/40s)  v217_sc: 76(32u/44s)  draws: 4  WR(ppo_v263_sc_league_iter0020)=0.480  t=8.9s

[new 4/6] ppo_v263_sc_league_iter0020 vs v232_sc (150 games = 75/side, seed=88450) ...
  ppo_v263_sc_league_iter0020: 71(34u/37s)  v232_sc: 79(38u/41s)  draws: 0  WR(ppo_v263_sc_league_iter0020)=0.473  t=8.6s

[new 5/6] ppo_v263_sc_league_iter0020 vs v228_sc (150 games = 75/side, seed=88600) ...
  ppo_v263_sc_league_iter0020: 75(35u/40s)  v228_sc: 74(34u/40s)  draws: 1  WR(ppo_v263_sc_league_iter0020)=0.503  t=8.9s

[new 6/6] ppo_v263_sc_league_iter0020 vs v227_sc (150 games = 75/side, seed=88750) ...
  ppo_v263_sc_league_iter0020: 78(35u/43s)  v227_sc: 71(31u/40s)  draws: 1  WR(ppo_v263_sc_league_iter0020)=0.523  t=10.2s
  [reuse] ppo_v263_sc_league_iter0010 86(37u/49s) - 63(26u/37s) v209_sc  draws=1  WR=0.577
  [reuse] ppo_v263_sc_league_iter0010 73(34u/39s) - 76(35u/41s) v217_sc  draws=1  WR=0.490
  [reuse] ppo_v263_sc_league_iter0010 65(33u/32s) - 84(42u/42s) v232_sc  draws=1  WR=0.437
  [reuse] ppo_v263_sc_league_iter0010 73(32u/41s) - 76(33u/43s) v228_sc  draws=1  WR=0.490
  [reuse] ppo_v263_sc_league_iter0010 79(36u/43s) - 71(32u/39s) v227_sc  draws=0  WR=0.527
  [reuse] v209_sc 57(22u/35s) - 92(39u/53s) v217_sc  draws=1  WR=0.383
  [reuse] v209_sc 71(32u/39s) - 78(36u/42s) v232_sc  draws=1  WR=0.477
  [reuse] v209_sc 80(30u/50s) - 70(25u/45s) v228_sc  draws=0  WR=0.533
  [reuse] v209_sc 75(31u/44s) - 75(31u/44s) v227_sc  draws=0  WR=0.500
  [reuse] v217_sc 62(26u/36s) - 86(37u/49s) v232_sc  draws=2  WR=0.420
  [reuse] v217_sc 73(36u/37s) - 75(36u/39s) v228_sc  draws=2  WR=0.493
  [reuse] v217_sc 82(36u/46s) - 68(29u/39s) v227_sc  draws=0  WR=0.547
  [reuse] v232_sc 74(35u/39s) - 76(36u/40s) v228_sc  draws=0  WR=0.493
  [reuse] v232_sc 74(40u/34s) - 76(41u/35s) v227_sc  draws=0  WR=0.493
  [reuse] v228_sc 72(34u/38s) - 76(36u/40s) v227_sc  draws=2  WR=0.487

Fitting BayesElo (combined) ...
Fitting BayesElo (bipartite per-side, anchor=v209_sc_USSR=1875.0) ...

Model                   Elo    USSR*      US*    Gap                95% CI   vs anchor
  (* bipartite per-side, single anchor: v209_sc_USSR=1875)
----------------------------------------------------------------------------------------
v232_sc                1912   1966   1951  +15  [  1889,   1934]  +37
v217_sc                1904   1926   1977  -52  [  1882,   1927]  +29
ppo_v263_sc_league_iter0010   1894   1930   1953  -23  [  1872,   1917]  +19
ppo_v263_sc_league_iter0020   1893   1924   1957  -33  [  1871,   1916]  +18
v228_sc                1891   1920   1956  -36  [  1868,   1914]  +16
v227_sc                1886   1923   1943  -20  [  1863,   1909]  +11
v209_sc                1875   1875   1968  -93  [  1875,   1875]  +0

Pair                              Obs WR   Bip WR   Comb WR   Bip err   Comb err
------------------------------------------------------------------------------------
ppo_v263_sc_league_iter0020 vs ppo_v263_sc_league_iter0010   0.513    0.499     0.499    +0.015     +0.015
ppo_v263_sc_league_iter0020 vs v209_sc          0.503    0.526     0.526    -0.023     -0.023
ppo_v263_sc_league_iter0020 vs v217_sc          0.480    0.484     0.484    -0.004     -0.004
ppo_v263_sc_league_iter0020 vs v232_sc          0.473    0.474     0.474    -0.001     -0.000
ppo_v263_sc_league_iter0020 vs v228_sc          0.503    0.504     0.503    -0.000     -0.000
ppo_v263_sc_league_iter0020 vs v227_sc          0.523    0.511     0.510    +0.013     +0.013
ppo_v263_sc_league_iter0010 vs v209_sc          0.577    0.528     0.528    +0.049     +0.049
ppo_v263_sc_league_iter0010 vs v217_sc          0.490    0.486     0.486    +0.004     +0.004
ppo_v263_sc_league_iter0010 vs v232_sc          0.437    0.475     0.475    -0.038     -0.038
ppo_v263_sc_league_iter0010 vs v228_sc          0.490    0.505     0.505    -0.015     -0.015
ppo_v263_sc_league_iter0010 vs v227_sc          0.527    0.512     0.512    +0.015     +0.015
v209_sc        vs v217_sc          0.383    0.459     0.458    -0.076     -0.075
v209_sc        vs v232_sc          0.477    0.447     0.447    +0.029     +0.029
v209_sc        vs v228_sc          0.533    0.477     0.477    +0.056     +0.056
v209_sc        vs v227_sc          0.500    0.484     0.484    +0.016     +0.016
v217_sc        vs v232_sc          0.420    0.490     0.490    -0.070     -0.070
v217_sc        vs v228_sc          0.493    0.519     0.519    -0.026     -0.026
v217_sc        vs v227_sc          0.547    0.526     0.526    +0.020     +0.020
v232_sc        vs v228_sc          0.493    0.530     0.530    -0.037     -0.036
v232_sc        vs v227_sc          0.493    0.537     0.537    -0.044     -0.043
v228_sc        vs v227_sc          0.487    0.507     0.507    -0.020     -0.020
------------------------------------------------------------------------------------
                                              RMSE    0.0344     0.0343
  (bipartite RMSE >= combined RMSE → bipartite model not better fit)

Saved to data/checkpoints/ppo_v263_sc_league/candidate_tournament.json
[sql] Tournament logged: round_robin_20260414T173827Z_ppo_v263_sc_league_iter0010_ppo_v263_sc_league_iter0020 → results/metadata.sqlite3

[candidate] Top-8 panel-eval candidates:
  iter 0020: avg_panel_wr=0.587  data/checkpoints/ppo_v263_sc_league/ppo_iter0020_scripted.pt
  iter 0010: avg_panel_wr=0.507  data/checkpoints/ppo_v263_sc_league/ppo_iter0010_scripted.pt
[candidate] Models in tournament: ['ppo_v263_sc_league_iter0020:data/checkpoints/ppo_v263_sc_league/ppo_iter0020_scripted.pt', 'ppo_v263_sc_league_iter0010:data/checkpoints/ppo_v263_sc_league/ppo_iter0010_scripted.pt', 'v209_sc:data/checkpoints/scripted_for_elo/v209_sc_scripted.pt', 'v217_sc:data/checkpoints/scripted_for_elo/v217_sc_scripted.pt', 'v232_sc:data/checkpoints/scripted_for_elo/v232_sc_scripted.pt', 'v228_sc:data/checkpoints/scripted_for_elo/v228_sc_scripted.pt', 'v227_sc:data/checkpoints/scripted_for_elo/v227_sc_scripted.pt']
[candidate] Games per matchup: 150, anchor: v209_sc=1875.0
[candidate] Running: /home/dkord/code/twilight-struggle-ai/.venv/bin/python3 scripts/run_elo_tournament.py --models ppo_v263_sc_league_iter0020:data/checkpoints/ppo_v263_sc_league/ppo_iter0020_scripted.pt ppo_v263_sc_league_iter0010:data/checkpoints/ppo_v263_sc_league/ppo_iter0010_scripted.pt v209_sc:data/checkpoints/scripted_for_elo/v209_sc_scripted.pt v217_sc:data/checkpoints/scripted_for_elo/v217_sc_scripted.pt v232_sc:data/checkpoints/scripted_for_elo/v232_sc_scripted.pt v228_sc:data/checkpoints/scripted_for_elo/v228_sc_scripted.pt v227_sc:data/checkpoints/scripted_for_elo/v227_sc_scripted.pt --games 150 --anchor v209_sc --anchor-elo 1875.0 --schedule round_robin --out data/checkpoints/ppo_v263_sc_league/candidate_tournament.json --script-dir data/checkpoints/scripted_for_elo

[candidate] Tournament results (candidates only):
  ppo_v263_sc_league_iter0010: Elo=1894.3 ← WINNER
  ppo_v263_sc_league_iter0020: Elo=1893.3
[candidate] ppo_best.pt ← data/checkpoints/ppo_v263_sc_league/ppo_iter0010.pt
[candidate] ppo_best_scripted.pt ← data/checkpoints/ppo_v263_sc_league/ppo_iter0010_scripted.pt

[candidate] Done. Winner: ppo_v263_sc_league_iter0010 (Elo=1894.3)
[candidate] Full tournament results: data/checkpoints/ppo_v263_sc_league/candidate_tournament.json
