Exporting checkpoints to TorchScript ...
  ppo_v257_sc_league_iter0020: already TorchScript, using directly
  ppo_v257_sc_league_iter0010: already TorchScript, using directly
Loaded 4854 match results from SQL match_cache

Match schedule (21 total, 6 new, 15 reused from prior run):
  ppo_v257_sc_league_iter0020 vs ppo_v257_sc_league_iter0010
  ppo_v257_sc_league_iter0020 vs v55
  ppo_v257_sc_league_iter0020 vs v54
  ppo_v257_sc_league_iter0020 vs v44
  ppo_v257_sc_league_iter0020 vs v45
  ppo_v257_sc_league_iter0020 vs v14
  ppo_v257_sc_league_iter0010 vs v55  [reuse]
  ppo_v257_sc_league_iter0010 vs v54  [reuse]
  ppo_v257_sc_league_iter0010 vs v44  [reuse]
  ppo_v257_sc_league_iter0010 vs v45  [reuse]
  ppo_v257_sc_league_iter0010 vs v14  [reuse]
  v55 vs v54  [reuse]
  v55 vs v44  [reuse]
  v55 vs v45  [reuse]
  v55 vs v14  [reuse]
  v54 vs v44  [reuse]
  v54 vs v45  [reuse]
  v54 vs v14  [reuse]
  v44 vs v45  [reuse]
  v44 vs v14  [reuse]
  v45 vs v14  [reuse]

[new 1/6] ppo_v257_sc_league_iter0020 vs ppo_v257_sc_league_iter0010 (150 games = 75/side, seed=88000) ...
  ppo_v257_sc_league_iter0020: 68(47u/21s)  ppo_v257_sc_league_iter0010: 75(51u/24s)  draws: 7  WR(ppo_v257_sc_league_iter0020)=0.477  t=7.4s

[new 2/6] ppo_v257_sc_league_iter0020 vs v55 (150 games = 75/side, seed=88150) ...
  ppo_v257_sc_league_iter0020: 20(18u/2s)  v55: 129(72u/57s)  draws: 1  WR(ppo_v257_sc_league_iter0020)=0.137  t=7.7s

[new 3/6] ppo_v257_sc_league_iter0020 vs v54 (150 games = 75/side, seed=88300) ...
  ppo_v257_sc_league_iter0020: 14(10u/4s)  v54: 135(71u/64s)  draws: 1  WR(ppo_v257_sc_league_iter0020)=0.097  t=7.6s

[new 4/6] ppo_v257_sc_league_iter0020 vs v44 (150 games = 75/side, seed=88450) ...
  ppo_v257_sc_league_iter0020: 21(16u/5s)  v44: 127(69u/58s)  draws: 2  WR(ppo_v257_sc_league_iter0020)=0.147  t=7.6s

[new 5/6] ppo_v257_sc_league_iter0020 vs v45 (150 games = 75/side, seed=88600) ...
  ppo_v257_sc_league_iter0020: 25(16u/9s)  v45: 124(66u/58s)  draws: 1  WR(ppo_v257_sc_league_iter0020)=0.170  t=7.5s

[new 6/6] ppo_v257_sc_league_iter0020 vs v14 (150 games = 75/side, seed=88750) ...
  ppo_v257_sc_league_iter0020: 26(20u/6s)  v14: 123(69u/54s)  draws: 1  WR(ppo_v257_sc_league_iter0020)=0.177  t=7.9s
  [reuse] ppo_v257_sc_league_iter0010 23(19u/4s) - 124(69u/55s) v55  draws=3  WR=0.163
  [reuse] ppo_v257_sc_league_iter0010 15(14u/1s) - 133(73u/60s) v54  draws=2  WR=0.107
  [reuse] ppo_v257_sc_league_iter0010 21(15u/6s) - 127(68u/59s) v44  draws=2  WR=0.147
  [reuse] ppo_v257_sc_league_iter0010 19(15u/4s) - 130(71u/59s) v45  draws=1  WR=0.130
  [reuse] ppo_v257_sc_league_iter0010 27(25u/2s) - 120(72u/48s) v14  draws=3  WR=0.190
  [reuse] v55 209(115u/94s) - 181(102u/79s) v54  draws=10  WR=0.535
  [reuse] v55 201(119u/82s) - 178(110u/68s) v44  draws=21  WR=0.529
  [reuse] v55 206(136u/70s) - 180(123u/57s) v45  draws=14  WR=0.532
  [reuse] v55 255(150u/105s) - 128(88u/40s) v14  draws=17  WR=0.659
  [reuse] v54 222(126u/96s) - 163(99u/64s) v44  draws=15  WR=0.574
  [reuse] v54 194(125u/69s) - 183(121u/62s) v45  draws=23  WR=0.514
  [reuse] v54 254(154u/100s) - 131(95u/36s) v14  draws=15  WR=0.654
  [reuse] v44 194(130u/64s) - 192(130u/62s) v45  draws=14  WR=0.502
  [reuse] v44 239(147u/92s) - 147(100u/47s) v14  draws=14  WR=0.615
  [reuse] v45 226(147u/79s) - 162(115u/47s) v14  draws=12  WR=0.580

Fitting BayesElo (combined) ...
Fitting BayesElo (bipartite per-side, anchor=v14_USSR=2015.0) ...

Model                   Elo    USSR*      US*    Gap                95% CI   vs anchor
  (* bipartite per-side, single anchor: v14_USSR=2015)
----------------------------------------------------------------------------------------
v55                    2123   2101   2026  +75  [  2106,   2140]  +108
v54                    2121   2087   2033  +54  [  2104,   2138]  +106
v45                    2091   2107   1955  +152  [  2075,   2108]  +76
v44                    2090   2066   1989  +77  [  2073,   2107]  +75
v14                    2015   2015   1876  +139  [  2015,   2015]  +0
ppo_v257_sc_league_iter0010   1776   1770   1580  +191  [  1746,   1807]  -239
ppo_v257_sc_league_iter0020   1769   1736   1620  +116  [  1738,   1800]  -246

Pair                              Obs WR   Bip WR   Comb WR   Bip err   Comb err
------------------------------------------------------------------------------------
ppo_v257_sc_league_iter0020 vs ppo_v257_sc_league_iter0010   0.477    0.504     0.490    -0.027     -0.013
ppo_v257_sc_league_iter0020 vs v55              0.137    0.109     0.115    +0.028     +0.021
ppo_v257_sc_league_iter0020 vs v54              0.097    0.108     0.117    -0.012     -0.020
ppo_v257_sc_league_iter0020 vs v44              0.147    0.130     0.136    +0.016     +0.010
ppo_v257_sc_league_iter0020 vs v45              0.170    0.139     0.135    +0.031     +0.035
ppo_v257_sc_league_iter0020 vs v14              0.177    0.201     0.195    -0.024     -0.019
ppo_v257_sc_league_iter0010 vs v55              0.163    0.117     0.120    +0.046     +0.043
ppo_v257_sc_league_iter0010 vs v54              0.107    0.116     0.121    -0.009     -0.014
ppo_v257_sc_league_iter0010 vs v44              0.147    0.139     0.141    +0.007     +0.005
ppo_v257_sc_league_iter0010 vs v45              0.130    0.151     0.140    -0.021     -0.010
ppo_v257_sc_league_iter0010 vs v14              0.190    0.214     0.202    -0.024     -0.012
v55            vs v54              0.535    0.504     0.503    +0.031     +0.032
v55            vs v44              0.529    0.549     0.547    -0.020     -0.018
v55            vs v45              0.532    0.542     0.545    -0.009     -0.012
v55            vs v14              0.659    0.650     0.650    +0.009     +0.009
v54            vs v44              0.574    0.546     0.544    +0.028     +0.029
v54            vs v45              0.514    0.539     0.542    -0.025     -0.028
v54            vs v14              0.654    0.649     0.648    +0.005     +0.006
v44            vs v45              0.502    0.495     0.498    +0.007     +0.005
v44            vs v14              0.615    0.606     0.606    +0.009     +0.009
v45            vs v14              0.580    0.603     0.608    -0.023     -0.028
------------------------------------------------------------------------------------
                                              RMSE    0.0222     0.0210
  (bipartite RMSE >= combined RMSE → bipartite model not better fit)

Saved to data/checkpoints/ppo_v257_sc_league/candidate_tournament.json
[sql] Tournament logged: round_robin_20260414T164437Z_ppo_v257_sc_league_iter0010_ppo_v257_sc_league_iter0020 → results/metadata.sqlite3

[candidate] Top-8 panel-eval candidates:
  iter 0020: avg_panel_wr=0.967  data/checkpoints/ppo_v257_sc_league/ppo_iter0020_scripted.pt
  iter 0010: avg_panel_wr=0.940  data/checkpoints/ppo_v257_sc_league/ppo_iter0010_scripted.pt
[candidate] Models in tournament: ['ppo_v257_sc_league_iter0020:data/checkpoints/ppo_v257_sc_league/ppo_iter0020_scripted.pt', 'ppo_v257_sc_league_iter0010:data/checkpoints/ppo_v257_sc_league/ppo_iter0010_scripted.pt', 'v55:data/checkpoints/scripted_for_elo/v55_scripted.pt', 'v54:data/checkpoints/scripted_for_elo/v54_scripted.pt', 'v44:data/checkpoints/scripted_for_elo/v44_scripted.pt', 'v45:data/checkpoints/scripted_for_elo/v45_scripted.pt', 'v14:data/checkpoints/scripted_for_elo/v14_scripted.pt']
[candidate] Games per matchup: 150, anchor: v14=2015.0
[candidate] Running: /home/dkord/code/twilight-struggle-ai/.venv/bin/python3 scripts/run_elo_tournament.py --models ppo_v257_sc_league_iter0020:data/checkpoints/ppo_v257_sc_league/ppo_iter0020_scripted.pt ppo_v257_sc_league_iter0010:data/checkpoints/ppo_v257_sc_league/ppo_iter0010_scripted.pt v55:data/checkpoints/scripted_for_elo/v55_scripted.pt v54:data/checkpoints/scripted_for_elo/v54_scripted.pt v44:data/checkpoints/scripted_for_elo/v44_scripted.pt v45:data/checkpoints/scripted_for_elo/v45_scripted.pt v14:data/checkpoints/scripted_for_elo/v14_scripted.pt --games 150 --anchor v14 --anchor-elo 2015.0 --schedule round_robin --out data/checkpoints/ppo_v257_sc_league/candidate_tournament.json --script-dir data/checkpoints/scripted_for_elo

[candidate] Tournament results (candidates only):
  ppo_v257_sc_league_iter0010: Elo=1776.3 ← WINNER
  ppo_v257_sc_league_iter0020: Elo=1769.0
[candidate] ppo_best.pt ← data/checkpoints/ppo_v257_sc_league/ppo_iter0010.pt
[candidate] ppo_best_scripted.pt ← data/checkpoints/ppo_v257_sc_league/ppo_iter0010_scripted.pt

[candidate] Done. Winner: ppo_v257_sc_league_iter0010 (Elo=1776.3)
[candidate] Full tournament results: data/checkpoints/ppo_v257_sc_league/candidate_tournament.json
