Exporting checkpoints to TorchScript ...
  ppo_v70_sc_league_iter0030: already TorchScript, using directly
  ppo_v70_sc_league_iter0010: already TorchScript, using directly
  ppo_v70_sc_league_iter0050: already TorchScript, using directly
  ppo_v70_sc_league_iter0040: already TorchScript, using directly
  ppo_v70_sc_league_iter0070: already TorchScript, using directly
  ppo_v70_sc_league_iter0020: already TorchScript, using directly
  ppo_v70_sc_league_iter0060: already TorchScript, using directly
Loaded 2000 match results from SQL match_cache

Match schedule (66 total, 11 new, 55 reused from prior run):
  ppo_v70_sc_league_iter0030 vs ppo_v70_sc_league_iter0010  [reuse]
  ppo_v70_sc_league_iter0030 vs ppo_v70_sc_league_iter0050  [reuse]
  ppo_v70_sc_league_iter0030 vs ppo_v70_sc_league_iter0040  [reuse]
  ppo_v70_sc_league_iter0030 vs ppo_v70_sc_league_iter0070
  ppo_v70_sc_league_iter0030 vs ppo_v70_sc_league_iter0020  [reuse]
  ppo_v70_sc_league_iter0030 vs ppo_v70_sc_league_iter0060  [reuse]
  ppo_v70_sc_league_iter0030 vs v55  [reuse]
  ppo_v70_sc_league_iter0030 vs v54  [reuse]
  ppo_v70_sc_league_iter0030 vs v44  [reuse]
  ppo_v70_sc_league_iter0030 vs v45  [reuse]
  ppo_v70_sc_league_iter0030 vs v14  [reuse]
  ppo_v70_sc_league_iter0010 vs ppo_v70_sc_league_iter0050  [reuse]
  ppo_v70_sc_league_iter0010 vs ppo_v70_sc_league_iter0040  [reuse]
  ppo_v70_sc_league_iter0010 vs ppo_v70_sc_league_iter0070
  ppo_v70_sc_league_iter0010 vs ppo_v70_sc_league_iter0020  [reuse]
  ppo_v70_sc_league_iter0010 vs ppo_v70_sc_league_iter0060  [reuse]
  ppo_v70_sc_league_iter0010 vs v55  [reuse]
  ppo_v70_sc_league_iter0010 vs v54  [reuse]
  ppo_v70_sc_league_iter0010 vs v44  [reuse]
  ppo_v70_sc_league_iter0010 vs v45  [reuse]
  ppo_v70_sc_league_iter0010 vs v14  [reuse]
  ppo_v70_sc_league_iter0050 vs ppo_v70_sc_league_iter0040  [reuse]
  ppo_v70_sc_league_iter0050 vs ppo_v70_sc_league_iter0070
  ppo_v70_sc_league_iter0050 vs ppo_v70_sc_league_iter0020  [reuse]
  ppo_v70_sc_league_iter0050 vs ppo_v70_sc_league_iter0060  [reuse]
  ppo_v70_sc_league_iter0050 vs v55  [reuse]
  ppo_v70_sc_league_iter0050 vs v54  [reuse]
  ppo_v70_sc_league_iter0050 vs v44  [reuse]
  ppo_v70_sc_league_iter0050 vs v45  [reuse]
  ppo_v70_sc_league_iter0050 vs v14  [reuse]
  ppo_v70_sc_league_iter0040 vs ppo_v70_sc_league_iter0070
  ppo_v70_sc_league_iter0040 vs ppo_v70_sc_league_iter0020  [reuse]
  ppo_v70_sc_league_iter0040 vs ppo_v70_sc_league_iter0060  [reuse]
  ppo_v70_sc_league_iter0040 vs v55  [reuse]
  ppo_v70_sc_league_iter0040 vs v54  [reuse]
  ppo_v70_sc_league_iter0040 vs v44  [reuse]
  ppo_v70_sc_league_iter0040 vs v45  [reuse]
  ppo_v70_sc_league_iter0040 vs v14  [reuse]
  ppo_v70_sc_league_iter0070 vs ppo_v70_sc_league_iter0020
  ppo_v70_sc_league_iter0070 vs ppo_v70_sc_league_iter0060
  ppo_v70_sc_league_iter0070 vs v55
  ppo_v70_sc_league_iter0070 vs v54
  ppo_v70_sc_league_iter0070 vs v44
  ppo_v70_sc_league_iter0070 vs v45
  ppo_v70_sc_league_iter0070 vs v14
  ppo_v70_sc_league_iter0020 vs ppo_v70_sc_league_iter0060  [reuse]
  ppo_v70_sc_league_iter0020 vs v55  [reuse]
  ppo_v70_sc_league_iter0020 vs v54  [reuse]
  ppo_v70_sc_league_iter0020 vs v44  [reuse]
  ppo_v70_sc_league_iter0020 vs v45  [reuse]
  ppo_v70_sc_league_iter0020 vs v14  [reuse]
  ppo_v70_sc_league_iter0060 vs v55  [reuse]
  ppo_v70_sc_league_iter0060 vs v54  [reuse]
  ppo_v70_sc_league_iter0060 vs v44  [reuse]
  ppo_v70_sc_league_iter0060 vs v45  [reuse]
  ppo_v70_sc_league_iter0060 vs v14  [reuse]
  v55 vs v54  [reuse]
  v55 vs v44  [reuse]
  v55 vs v45  [reuse]
  v55 vs v14  [reuse]
  v54 vs v44  [reuse]
  v54 vs v45  [reuse]
  v54 vs v14  [reuse]
  v44 vs v45  [reuse]
  v44 vs v14  [reuse]
  v45 vs v14  [reuse]
  [reuse] ppo_v70_sc_league_iter0030 72(33u/39s) - 72(34u/38s) ppo_v70_sc_league_iter0010  draws=6  WR=0.500
  [reuse] ppo_v70_sc_league_iter0030 71(35u/36s) - 72(36u/36s) ppo_v70_sc_league_iter0050  draws=7  WR=0.497
  [reuse] ppo_v70_sc_league_iter0030 82(39u/43s) - 64(29u/35s) ppo_v70_sc_league_iter0040  draws=4  WR=0.560

[new 1/11] ppo_v70_sc_league_iter0030 vs ppo_v70_sc_league_iter0070 (150 games = 75/side, seed=88000) ...
  ppo_v70_sc_league_iter0030: 57(30u/27s)  ppo_v70_sc_league_iter0070: 86(45u/41s)  draws: 7  WR(ppo_v70_sc_league_iter0030)=0.403  t=8.8s
  [reuse] ppo_v70_sc_league_iter0030 71(36u/35s) - 72(37u/35s) ppo_v70_sc_league_iter0020  draws=7  WR=0.497
  [reuse] ppo_v70_sc_league_iter0030 75(40u/35s) - 70(37u/33s) ppo_v70_sc_league_iter0060  draws=5  WR=0.517
  [reuse] ppo_v70_sc_league_iter0030 29(17u/12s) - 119(61u/58s) v55  draws=2  WR=0.200
  [reuse] ppo_v70_sc_league_iter0030 39(24u/15s) - 108(59u/49s) v54  draws=3  WR=0.270
  [reuse] ppo_v70_sc_league_iter0030 32(19u/13s) - 108(57u/51s) v44  draws=10  WR=0.247
  [reuse] ppo_v70_sc_league_iter0030 49(27u/22s) - 99(52u/47s) v45  draws=2  WR=0.333
  [reuse] ppo_v70_sc_league_iter0030 47(22u/25s) - 100(49u/51s) v14  draws=3  WR=0.323
  [reuse] ppo_v70_sc_league_iter0010 65(35u/30s) - 76(42u/34s) ppo_v70_sc_league_iter0050  draws=9  WR=0.463
  [reuse] ppo_v70_sc_league_iter0010 80(42u/38s) - 60(33u/27s) ppo_v70_sc_league_iter0040  draws=10  WR=0.567

[new 2/11] ppo_v70_sc_league_iter0010 vs ppo_v70_sc_league_iter0070 (150 games = 75/side, seed=88150) ...
  ppo_v70_sc_league_iter0010: 71(42u/29s)  ppo_v70_sc_league_iter0070: 72(43u/29s)  draws: 7  WR(ppo_v70_sc_league_iter0010)=0.497  t=266.1s
  [reuse] ppo_v70_sc_league_iter0010 71(38u/33s) - 73(40u/33s) ppo_v70_sc_league_iter0020  draws=6  WR=0.493
  [reuse] ppo_v70_sc_league_iter0010 77(41u/36s) - 70(37u/33s) ppo_v70_sc_league_iter0060  draws=3  WR=0.523
  [reuse] ppo_v70_sc_league_iter0010 27(14u/13s) - 121(60u/61s) v55  draws=2  WR=0.187
  [reuse] ppo_v70_sc_league_iter0010 34(22u/12s) - 114(61u/53s) v54  draws=2  WR=0.233
  [reuse] ppo_v70_sc_league_iter0010 32(19u/13s) - 113(59u/54s) v44  draws=5  WR=0.230
  [reuse] ppo_v70_sc_league_iter0010 31(20u/11s) - 118(64u/54s) v45  draws=1  WR=0.210
  [reuse] ppo_v70_sc_league_iter0010 54(28u/26s) - 93(48u/45s) v14  draws=3  WR=0.370
  [reuse] ppo_v70_sc_league_iter0050 60(30u/30s) - 81(42u/39s) ppo_v70_sc_league_iter0040  draws=9  WR=0.430

[new 3/11] ppo_v70_sc_league_iter0050 vs ppo_v70_sc_league_iter0070 (150 games = 75/side, seed=88300) ...
  ppo_v70_sc_league_iter0050: 71(36u/35s)  ppo_v70_sc_league_iter0070: 72(36u/36s)  draws: 7  WR(ppo_v70_sc_league_iter0050)=0.497  t=69.6s
  [reuse] ppo_v70_sc_league_iter0050 63(30u/33s) - 84(40u/44s) ppo_v70_sc_league_iter0020  draws=3  WR=0.430
  [reuse] ppo_v70_sc_league_iter0050 68(35u/33s) - 75(40u/35s) ppo_v70_sc_league_iter0060  draws=7  WR=0.477
  [reuse] ppo_v70_sc_league_iter0050 32(14u/18s) - 115(56u/59s) v55  draws=3  WR=0.223
  [reuse] ppo_v70_sc_league_iter0050 28(19u/9s) - 117(64u/53s) v54  draws=5  WR=0.203
  [reuse] ppo_v70_sc_league_iter0050 33(22u/11s) - 117(64u/53s) v44  draws=0  WR=0.220
  [reuse] ppo_v70_sc_league_iter0050 28(15u/13s) - 120(61u/59s) v45  draws=2  WR=0.193
  [reuse] ppo_v70_sc_league_iter0050 49(33u/16s) - 95(55u/40s) v14  draws=6  WR=0.347

[new 4/11] ppo_v70_sc_league_iter0040 vs ppo_v70_sc_league_iter0070 (150 games = 75/side, seed=88450) ...
  ppo_v70_sc_league_iter0040: 61(34u/27s)  ppo_v70_sc_league_iter0070: 85(47u/38s)  draws: 4  WR(ppo_v70_sc_league_iter0040)=0.420  t=67.8s
  [reuse] ppo_v70_sc_league_iter0040 61(29u/32s) - 82(40u/42s) ppo_v70_sc_league_iter0020  draws=7  WR=0.430
  [reuse] ppo_v70_sc_league_iter0040 71(34u/37s) - 70(36u/34s) ppo_v70_sc_league_iter0060  draws=9  WR=0.503
  [reuse] ppo_v70_sc_league_iter0040 33(20u/13s) - 116(61u/55s) v55  draws=1  WR=0.223
  [reuse] ppo_v70_sc_league_iter0040 34(20u/14s) - 112(60u/52s) v54  draws=4  WR=0.240
  [reuse] ppo_v70_sc_league_iter0040 42(26u/16s) - 101(56u/45s) v44  draws=7  WR=0.303
  [reuse] ppo_v70_sc_league_iter0040 38(20u/18s) - 108(57u/51s) v45  draws=4  WR=0.267
  [reuse] ppo_v70_sc_league_iter0040 42(24u/18s) - 106(57u/49s) v14  draws=2  WR=0.287

[new 5/11] ppo_v70_sc_league_iter0070 vs ppo_v70_sc_league_iter0020 (150 games = 75/side, seed=88600) ...
  ppo_v70_sc_league_iter0070: 77(47u/30s)  ppo_v70_sc_league_iter0020: 66(42u/24s)  draws: 7  WR(ppo_v70_sc_league_iter0070)=0.537  t=78.5s

[new 6/11] ppo_v70_sc_league_iter0070 vs ppo_v70_sc_league_iter0060 (150 games = 75/side, seed=88750) ...
  ppo_v70_sc_league_iter0070: 84(43u/41s)  ppo_v70_sc_league_iter0060: 59(31u/28s)  draws: 7  WR(ppo_v70_sc_league_iter0070)=0.583  t=76.4s

[new 7/11] ppo_v70_sc_league_iter0070 vs v55 (150 games = 75/side, seed=88900) ...
  ppo_v70_sc_league_iter0070: 29(19u/10s)  v55: 116(62u/54s)  draws: 5  WR(ppo_v70_sc_league_iter0070)=0.210  t=67.1s

[new 8/11] ppo_v70_sc_league_iter0070 vs v54 (150 games = 75/side, seed=89050) ...
  ppo_v70_sc_league_iter0070: 38(23u/15s)  v54: 108(58u/50s)  draws: 4  WR(ppo_v70_sc_league_iter0070)=0.267  t=50.8s

[new 9/11] ppo_v70_sc_league_iter0070 vs v44 (150 games = 75/side, seed=89200) ...
  ppo_v70_sc_league_iter0070: 33(22u/11s)  v44: 113(64u/49s)  draws: 4  WR(ppo_v70_sc_league_iter0070)=0.233  t=74.4s

[new 10/11] ppo_v70_sc_league_iter0070 vs v45 (150 games = 75/side, seed=89350) ...
  ppo_v70_sc_league_iter0070: 35(23u/12s)  v45: 108(60u/48s)  draws: 7  WR(ppo_v70_sc_league_iter0070)=0.257  t=58.1s

[new 11/11] ppo_v70_sc_league_iter0070 vs v14 (150 games = 75/side, seed=89500) ...
  ppo_v70_sc_league_iter0070: 46(32u/14s)  v14: 98(59u/39s)  draws: 6  WR(ppo_v70_sc_league_iter0070)=0.327  t=71.0s
  [reuse] ppo_v70_sc_league_iter0020 81(40u/41s) - 65(33u/32s) ppo_v70_sc_league_iter0060  draws=4  WR=0.553
  [reuse] ppo_v70_sc_league_iter0020 36(25u/11s) - 112(62u/50s) v55  draws=2  WR=0.247
  [reuse] ppo_v70_sc_league_iter0020 46(31u/15s) - 100(58u/42s) v54  draws=4  WR=0.320
  [reuse] ppo_v70_sc_league_iter0020 44(27u/17s) - 102(55u/47s) v44  draws=4  WR=0.307
  [reuse] ppo_v70_sc_league_iter0020 39(25u/14s) - 107(59u/48s) v45  draws=4  WR=0.273
  [reuse] ppo_v70_sc_league_iter0020 40(21u/19s) - 104(55u/49s) v14  draws=6  WR=0.287
  [reuse] ppo_v70_sc_league_iter0060 30(15u/15s) - 113(55u/58s) v55  draws=7  WR=0.223
  [reuse] ppo_v70_sc_league_iter0060 35(18u/17s) - 113(57u/56s) v54  draws=2  WR=0.240
  [reuse] ppo_v70_sc_league_iter0060 43(26u/17s) - 104(56u/48s) v44  draws=3  WR=0.297
  [reuse] ppo_v70_sc_league_iter0060 37(21u/16s) - 110(59u/51s) v45  draws=3  WR=0.257
  [reuse] ppo_v70_sc_league_iter0060 43(24u/19s) - 103(53u/50s) v14  draws=4  WR=0.300
  [reuse] v55 209(115u/94s) - 181(102u/79s) v54  draws=10  WR=0.535
  [reuse] v55 201(119u/82s) - 178(110u/68s) v44  draws=21  WR=0.529
  [reuse] v55 206(136u/70s) - 180(123u/57s) v45  draws=14  WR=0.532
  [reuse] v55 255(150u/105s) - 128(88u/40s) v14  draws=17  WR=0.659
  [reuse] v54 222(126u/96s) - 163(99u/64s) v44  draws=15  WR=0.574
  [reuse] v54 194(125u/69s) - 183(121u/62s) v45  draws=23  WR=0.514
  [reuse] v54 254(154u/100s) - 131(95u/36s) v14  draws=15  WR=0.654
  [reuse] v44 194(130u/64s) - 192(130u/62s) v45  draws=14  WR=0.502
  [reuse] v44 239(147u/92s) - 147(100u/47s) v14  draws=14  WR=0.615
  [reuse] v45 226(147u/79s) - 162(115u/47s) v14  draws=12  WR=0.580

Fitting BayesElo (combined) ...
Fitting BayesElo (bipartite per-side, anchor=v14_USSR=2015.0) ...

Model                   Elo    USSR*      US*    Gap                95% CI   vs anchor
  (* bipartite per-side, single anchor: v14_USSR=2015)
----------------------------------------------------------------------------------------
v55                    2122   2104   2044  +59  [  2107,   2136]  +107
v54                    2106   2097   2020  +77  [  2092,   2120]  +91
v45                    2087   2105   1973  +132  [  2072,   2101]  +72
v44                    2084   2082   1988  +94  [  2070,   2098]  +69
v14                    2015   2015   1909  +106  [  2015,   2015]  +0
ppo_v70_sc_league_iter0020   1914   1875   1847  +29  [  1896,   1932]  -101
ppo_v70_sc_league_iter0070   1913   1892   1827  +64  [  1895,   1931]  -102
ppo_v70_sc_league_iter0030   1897   1832   1858  -26  [  1879,   1915]  -118
ppo_v70_sc_league_iter0010   1893   1848   1833  +15  [  1875,   1911]  -122
ppo_v70_sc_league_iter0060   1885   1827   1838  -11  [  1867,   1903]  -130
ppo_v70_sc_league_iter0040   1882   1827   1832  -4  [  1864,   1900]  -133
ppo_v70_sc_league_iter0050   1879   1826   1825  +1  [  1860,   1897]  -136

Pair                              Obs WR   Bip WR   Comb WR   Bip err   Comb err
------------------------------------------------------------------------------------
ppo_v70_sc_league_iter0030 vs ppo_v70_sc_league_iter0010   0.500    0.507     0.506    -0.007     -0.006
ppo_v70_sc_league_iter0030 vs ppo_v70_sc_league_iter0050   0.497    0.528     0.527    -0.031     -0.030
ppo_v70_sc_league_iter0030 vs ppo_v70_sc_league_iter0040   0.560    0.522     0.522    +0.038     +0.038
ppo_v70_sc_league_iter0030 vs ppo_v70_sc_league_iter0070   0.403    0.480     0.477    -0.076     -0.074
ppo_v70_sc_league_iter0030 vs ppo_v70_sc_league_iter0020   0.497    0.477     0.476    +0.019     +0.021
ppo_v70_sc_league_iter0030 vs ppo_v70_sc_league_iter0060   0.517    0.518     0.518    -0.002     -0.001
ppo_v70_sc_league_iter0030 vs v55              0.200    0.212     0.216    -0.012     -0.016
ppo_v70_sc_league_iter0030 vs v54              0.270    0.227     0.231    +0.043     +0.039
ppo_v70_sc_league_iter0030 vs v44              0.247    0.253     0.255    -0.006     -0.008
ppo_v70_sc_league_iter0030 vs v45              0.333    0.251     0.252    +0.082     +0.082
ppo_v70_sc_league_iter0030 vs v14              0.323    0.340     0.337    -0.017     -0.014
ppo_v70_sc_league_iter0010 vs ppo_v70_sc_league_iter0050   0.463    0.521     0.521    -0.058     -0.058
ppo_v70_sc_league_iter0010 vs ppo_v70_sc_league_iter0040   0.567    0.515     0.516    +0.051     +0.051
ppo_v70_sc_league_iter0010 vs ppo_v70_sc_league_iter0070   0.497    0.473     0.471    +0.024     +0.026
ppo_v70_sc_league_iter0010 vs ppo_v70_sc_league_iter0020   0.493    0.470     0.470    +0.023     +0.023
ppo_v70_sc_league_iter0010 vs ppo_v70_sc_league_iter0060   0.523    0.511     0.512    +0.012     +0.011
ppo_v70_sc_league_iter0010 vs v55              0.187    0.209     0.212    -0.022     -0.025
ppo_v70_sc_league_iter0010 vs v54              0.233    0.225     0.227    +0.008     +0.006
ppo_v70_sc_league_iter0010 vs v44              0.230    0.250     0.250    -0.020     -0.020
ppo_v70_sc_league_iter0010 vs v45              0.210    0.250     0.247    -0.040     -0.037
ppo_v70_sc_league_iter0010 vs v14              0.370    0.336     0.332    +0.034     +0.038
ppo_v70_sc_league_iter0050 vs ppo_v70_sc_league_iter0040   0.430    0.494     0.495    -0.064     -0.065
ppo_v70_sc_league_iter0050 vs ppo_v70_sc_league_iter0070   0.497    0.452     0.450    +0.045     +0.047
ppo_v70_sc_league_iter0050 vs ppo_v70_sc_league_iter0020   0.430    0.449     0.449    -0.019     -0.019
ppo_v70_sc_league_iter0050 vs ppo_v70_sc_league_iter0060   0.477    0.490     0.491    -0.014     -0.014
ppo_v70_sc_league_iter0050 vs v55              0.223    0.194     0.198    +0.029     +0.025
ppo_v70_sc_league_iter0050 vs v54              0.203    0.210     0.213    -0.006     -0.009
ppo_v70_sc_league_iter0050 vs v44              0.220    0.234     0.235    -0.014     -0.015
ppo_v70_sc_league_iter0050 vs v45              0.193    0.233     0.232    -0.040     -0.038
ppo_v70_sc_league_iter0050 vs v14              0.347    0.317     0.313    +0.030     +0.034
ppo_v70_sc_league_iter0040 vs ppo_v70_sc_league_iter0070   0.420    0.458     0.455    -0.038     -0.035
ppo_v70_sc_league_iter0040 vs ppo_v70_sc_league_iter0020   0.430    0.455     0.454    -0.025     -0.024
ppo_v70_sc_league_iter0040 vs ppo_v70_sc_league_iter0060   0.503    0.496     0.496    +0.007     +0.007
ppo_v70_sc_league_iter0040 vs v55              0.223    0.198     0.201    +0.026     +0.022
ppo_v70_sc_league_iter0040 vs v54              0.240    0.213     0.216    +0.027     +0.024
ppo_v70_sc_league_iter0040 vs v44              0.303    0.238     0.238    +0.065     +0.065
ppo_v70_sc_league_iter0040 vs v45              0.267    0.237     0.235    +0.030     +0.031
ppo_v70_sc_league_iter0040 vs v14              0.287    0.321     0.318    -0.035     -0.031
ppo_v70_sc_league_iter0070 vs ppo_v70_sc_league_iter0020   0.537    0.498     0.499    +0.039     +0.038
ppo_v70_sc_league_iter0070 vs ppo_v70_sc_league_iter0060   0.583    0.539     0.541    +0.045     +0.042
ppo_v70_sc_league_iter0070 vs v55              0.210    0.231     0.232    -0.021     -0.022
ppo_v70_sc_league_iter0070 vs v54              0.267    0.249     0.248    +0.018     +0.019
ppo_v70_sc_league_iter0070 vs v44              0.233    0.276     0.273    -0.043     -0.039
ppo_v70_sc_league_iter0070 vs v45              0.257    0.276     0.269    -0.020     -0.013
ppo_v70_sc_league_iter0070 vs v14              0.327    0.364     0.358    -0.037     -0.031
ppo_v70_sc_league_iter0020 vs ppo_v70_sc_league_iter0060   0.553    0.541     0.542    +0.012     +0.011
ppo_v70_sc_league_iter0020 vs v55              0.247    0.230     0.233    +0.017     +0.014
ppo_v70_sc_league_iter0020 vs v54              0.320    0.247     0.249    +0.073     +0.071
ppo_v70_sc_league_iter0020 vs v44              0.307    0.274     0.274    +0.033     +0.033
ppo_v70_sc_league_iter0020 vs v45              0.273    0.274     0.270    -0.000     +0.003
ppo_v70_sc_league_iter0020 vs v14              0.287    0.363     0.359    -0.077     -0.072
ppo_v70_sc_league_iter0060 vs v55              0.223    0.200     0.204    +0.023     +0.019
ppo_v70_sc_league_iter0060 vs v54              0.240    0.216     0.219    +0.024     +0.021
ppo_v70_sc_league_iter0060 vs v44              0.297    0.240     0.241    +0.056     +0.055
ppo_v70_sc_league_iter0060 vs v45              0.257    0.239     0.238    +0.018     +0.018
ppo_v70_sc_league_iter0060 vs v14              0.300    0.324     0.321    -0.024     -0.021
v55            vs v54              0.535    0.522     0.522    +0.013     +0.013
v55            vs v44              0.529    0.554     0.554    -0.025     -0.025
v55            vs v45              0.532    0.547     0.550    -0.014     -0.018
v55            vs v14              0.659    0.648     0.649    +0.010     +0.010
v54            vs v44              0.574    0.532     0.532    +0.042     +0.042
v54            vs v45              0.514    0.526     0.528    -0.012     -0.014
v54            vs v14              0.654    0.627     0.628    +0.027     +0.026
v44            vs v45              0.502    0.495     0.496    +0.008     +0.007
v44            vs v14              0.615    0.596     0.598    +0.019     +0.017
v45            vs v14              0.580    0.598     0.602    -0.018     -0.022
------------------------------------------------------------------------------------
                                              RMSE    0.0346     0.0338
  (bipartite RMSE >= combined RMSE → bipartite model not better fit)

Saved to data/checkpoints/ppo_v70_sc_league/candidate_tournament.json
[sql] Tournament logged: round_robin_20260412T133148Z_ppo_v70_sc_league_iter0010_ppo_v70_sc_league_iter0020 → results/metadata.sqlite3

[candidate] Top-8 panel-eval candidates:
  iter 0030: avg_panel_wr=0.527  data/checkpoints/ppo_v70_sc_league/ppo_iter0030_scripted.pt
  iter 0010: avg_panel_wr=0.496  data/checkpoints/ppo_v70_sc_league/ppo_iter0010_scripted.pt
  iter 0050: avg_panel_wr=0.488  data/checkpoints/ppo_v70_sc_league/ppo_iter0050_scripted.pt
  iter 0040: avg_panel_wr=0.487  data/checkpoints/ppo_v70_sc_league/ppo_iter0040_scripted.pt
  iter 0070: avg_panel_wr=0.480  data/checkpoints/ppo_v70_sc_league/ppo_iter0070_scripted.pt
  iter 0020: avg_panel_wr=0.479  data/checkpoints/ppo_v70_sc_league/ppo_iter0020_scripted.pt
  iter 0060: avg_panel_wr=0.471  data/checkpoints/ppo_v70_sc_league/ppo_iter0060_scripted.pt
[candidate] Models in tournament: ['ppo_v70_sc_league_iter0030:data/checkpoints/ppo_v70_sc_league/ppo_iter0030_scripted.pt', 'ppo_v70_sc_league_iter0010:data/checkpoints/ppo_v70_sc_league/ppo_iter0010_scripted.pt', 'ppo_v70_sc_league_iter0050:data/checkpoints/ppo_v70_sc_league/ppo_iter0050_scripted.pt', 'ppo_v70_sc_league_iter0040:data/checkpoints/ppo_v70_sc_league/ppo_iter0040_scripted.pt', 'ppo_v70_sc_league_iter0070:data/checkpoints/ppo_v70_sc_league/ppo_iter0070_scripted.pt', 'ppo_v70_sc_league_iter0020:data/checkpoints/ppo_v70_sc_league/ppo_iter0020_scripted.pt', 'ppo_v70_sc_league_iter0060:data/checkpoints/ppo_v70_sc_league/ppo_iter0060_scripted.pt', 'v55:data/checkpoints/scripted_for_elo/v55_scripted.pt', 'v54:data/checkpoints/scripted_for_elo/v54_scripted.pt', 'v44:data/checkpoints/scripted_for_elo/v44_scripted.pt', 'v45:data/checkpoints/scripted_for_elo/v45_scripted.pt', 'v14:data/checkpoints/scripted_for_elo/v14_scripted.pt']
[candidate] Games per matchup: 150, anchor: v14=2015.0
[candidate] Running: /home/dkord/code/twilight-struggle-ai/.venv/bin/python3 scripts/run_elo_tournament.py --models ppo_v70_sc_league_iter0030:data/checkpoints/ppo_v70_sc_league/ppo_iter0030_scripted.pt ppo_v70_sc_league_iter0010:data/checkpoints/ppo_v70_sc_league/ppo_iter0010_scripted.pt ppo_v70_sc_league_iter0050:data/checkpoints/ppo_v70_sc_league/ppo_iter0050_scripted.pt ppo_v70_sc_league_iter0040:data/checkpoints/ppo_v70_sc_league/ppo_iter0040_scripted.pt ppo_v70_sc_league_iter0070:data/checkpoints/ppo_v70_sc_league/ppo_iter0070_scripted.pt ppo_v70_sc_league_iter0020:data/checkpoints/ppo_v70_sc_league/ppo_iter0020_scripted.pt ppo_v70_sc_league_iter0060:data/checkpoints/ppo_v70_sc_league/ppo_iter0060_scripted.pt v55:data/checkpoints/scripted_for_elo/v55_scripted.pt v54:data/checkpoints/scripted_for_elo/v54_scripted.pt v44:data/checkpoints/scripted_for_elo/v44_scripted.pt v45:data/checkpoints/scripted_for_elo/v45_scripted.pt v14:data/checkpoints/scripted_for_elo/v14_scripted.pt --games 150 --anchor v14 --anchor-elo 2015.0 --schedule round_robin --out data/checkpoints/ppo_v70_sc_league/candidate_tournament.json --script-dir data/checkpoints/scripted_for_elo

[candidate] Tournament results (candidates only):
  ppo_v70_sc_league_iter0020: Elo=1914.2 ← WINNER
  ppo_v70_sc_league_iter0070: Elo=1913.4
  ppo_v70_sc_league_iter0030: Elo=1897.3
  ppo_v70_sc_league_iter0010: Elo=1893.3
  ppo_v70_sc_league_iter0060: Elo=1884.9
  ppo_v70_sc_league_iter0040: Elo=1882.1
  ppo_v70_sc_league_iter0050: Elo=1878.6
[candidate] ppo_best.pt ← data/checkpoints/ppo_v70_sc_league/ppo_iter0020.pt
[candidate] ppo_best_scripted.pt ← data/checkpoints/ppo_v70_sc_league/ppo_iter0020_scripted.pt

[candidate] Done. Winner: ppo_v70_sc_league_iter0020 (Elo=1914.2)
[candidate] Full tournament results: data/checkpoints/ppo_v70_sc_league/candidate_tournament.json
vs v54              0.240    0.218     0.221    +0.022     +0.019
ppo_v70_sc_league_iter0060 vs v44              0.297    0.249     0.250    +0.048     +0.047
ppo_v70_sc_league_iter0060 vs v45              0.257    0.244     0.243    +0.012     +0.014
ppo_v70_sc_league_iter0060 vs v14              0.300    0.329     0.325    -0.029     -0.025
v55            vs v54              0.535    0.517     0.519    +0.018     +0.016
v55            vs v44              0.529    0.558     0.559    -0.029     -0.030
v55            vs v45              0.532    0.546     0.550    -0.014     -0.017
v55            vs v14              0.659    0.647     0.647    +0.012     +0.012
v54            vs v44              0.574    0.540     0.540    +0.034     +0.033
v54            vs v45              0.514    0.529     0.531    -0.015     -0.017
v54            vs v14              0.654    0.629     0.630    +0.025     +0.024
v44            vs v45              0.502    0.490     0.491    +0.012     +0.012
v44            vs v14              0.615    0.590     0.592    +0.025     +0.023
v45            vs v14              0.580    0.596     0.600    -0.016     -0.020
------------------------------------------------------------------------------------
                                              RMSE    0.0353     0.0347
  (bipartite RMSE >= combined RMSE → bipartite model not better fit)

Saved to data/checkpoints/ppo_v70_sc_league/candidate_tournament.json
[sql] Tournament logged: round_robin_20260412T132123Z_ppo_v70_sc_league_iter0010_ppo_v70_sc_league_iter0020 → results/metadata.sqlite3

[candidate] Top-8 panel-eval candidates:
  iter 0030: avg_panel_wr=0.527  data/checkpoints/ppo_v70_sc_league/ppo_iter0030_scripted.pt
  iter 0010: avg_panel_wr=0.496  data/checkpoints/ppo_v70_sc_league/ppo_iter0010_scripted.pt
  iter 0050: avg_panel_wr=0.488  data/checkpoints/ppo_v70_sc_league/ppo_iter0050_scripted.pt
  iter 0040: avg_panel_wr=0.487  data/checkpoints/ppo_v70_sc_league/ppo_iter0040_scripted.pt
  iter 0070: avg_panel_wr=0.480  data/checkpoints/ppo_v70_sc_league/ppo_iter0070_scripted.pt
  iter 0020: avg_panel_wr=0.479  data/checkpoints/ppo_v70_sc_league/ppo_iter0020_scripted.pt
  iter 0060: avg_panel_wr=0.471  data/checkpoints/ppo_v70_sc_league/ppo_iter0060_scripted.pt
[candidate] Models in tournament: ['ppo_v70_sc_league_iter0030:data/checkpoints/ppo_v70_sc_league/ppo_iter0030_scripted.pt', 'ppo_v70_sc_league_iter0010:data/checkpoints/ppo_v70_sc_league/ppo_iter0010_scripted.pt', 'ppo_v70_sc_league_iter0050:data/checkpoints/ppo_v70_sc_league/ppo_iter0050_scripted.pt', 'ppo_v70_sc_league_iter0040:data/checkpoints/ppo_v70_sc_league/ppo_iter0040_scripted.pt', 'ppo_v70_sc_league_iter0070:data/checkpoints/ppo_v70_sc_league/ppo_iter0070_scripted.pt', 'ppo_v70_sc_league_iter0020:data/checkpoints/ppo_v70_sc_league/ppo_iter0020_scripted.pt', 'ppo_v70_sc_league_iter0060:data/checkpoints/ppo_v70_sc_league/ppo_iter0060_scripted.pt', 'v55:data/checkpoints/scripted_for_elo/v55_scripted.pt', 'v54:data/checkpoints/scripted_for_elo/v54_scripted.pt', 'v44:data/checkpoints/scripted_for_elo/v44_scripted.pt', 'v45:data/checkpoints/scripted_for_elo/v45_scripted.pt', 'v14:data/checkpoints/scripted_for_elo/v14_scripted.pt']
[candidate] Games per matchup: 150, anchor: v14=2015.0
[candidate] Running: /home/dkord/code/twilight-struggle-ai/.venv/bin/python3 scripts/run_elo_tournament.py --models ppo_v70_sc_league_iter0030:data/checkpoints/ppo_v70_sc_league/ppo_iter0030_scripted.pt ppo_v70_sc_league_iter0010:data/checkpoints/ppo_v70_sc_league/ppo_iter0010_scripted.pt ppo_v70_sc_league_iter0050:data/checkpoints/ppo_v70_sc_league/ppo_iter0050_scripted.pt ppo_v70_sc_league_iter0040:data/checkpoints/ppo_v70_sc_league/ppo_iter0040_scripted.pt ppo_v70_sc_league_iter0070:data/checkpoints/ppo_v70_sc_league/ppo_iter0070_scripted.pt ppo_v70_sc_league_iter0020:data/checkpoints/ppo_v70_sc_league/ppo_iter0020_scripted.pt ppo_v70_sc_league_iter0060:data/checkpoints/ppo_v70_sc_league/ppo_iter0060_scripted.pt v55:data/checkpoints/scripted_for_elo/v55_scripted.pt v54:data/checkpoints/scripted_for_elo/v54_scripted.pt v44:data/checkpoints/scripted_for_elo/v44_scripted.pt v45:data/checkpoints/scripted_for_elo/v45_scripted.pt v14:data/checkpoints/scripted_for_elo/v14_scripted.pt --games 150 --anchor v14 --anchor-elo 2015.0 --schedule round_robin --out data/checkpoints/ppo_v70_sc_league/candidate_tournament.json --script-dir data/checkpoints/scripted_for_elo

[candidate] Tournament results (candidates only):
  ppo_v70_sc_league_iter0020: Elo=1910.9 ← WINNER
  ppo_v70_sc_league_iter0070: Elo=1907.5
  ppo_v70_sc_league_iter0030: Elo=1895.6
  ppo_v70_sc_league_iter0010: Elo=1889.7
  ppo_v70_sc_league_iter0060: Elo=1888.3
  ppo_v70_sc_league_iter0040: Elo=1882.1
  ppo_v70_sc_league_iter0050: Elo=1874.4
[candidate] ppo_best.pt ← data/checkpoints/ppo_v70_sc_league/ppo_iter0020.pt
[candidate] ppo_best_scripted.pt ← data/checkpoints/ppo_v70_sc_league/ppo_iter0020_scripted.pt

[candidate] Done. Winner: ppo_v70_sc_league_iter0020 (Elo=1910.9)
[candidate] Full tournament results: data/checkpoints/ppo_v70_sc_league/candidate_tournament.json
