Exporting checkpoints to TorchScript ...
  ppo_v172_sc_league_iter0020: already TorchScript, using directly
  ppo_v172_sc_league_iter0010: already TorchScript, using directly
Loaded 3244 match results from SQL match_cache

Match schedule (21 total, 6 new, 15 reused from prior run):
  ppo_v172_sc_league_iter0020 vs ppo_v172_sc_league_iter0010
  ppo_v172_sc_league_iter0020 vs v55
  ppo_v172_sc_league_iter0020 vs v54
  ppo_v172_sc_league_iter0020 vs v44
  ppo_v172_sc_league_iter0020 vs v45
  ppo_v172_sc_league_iter0020 vs v14
  ppo_v172_sc_league_iter0010 vs v55  [reuse]
  ppo_v172_sc_league_iter0010 vs v54  [reuse]
  ppo_v172_sc_league_iter0010 vs v44  [reuse]
  ppo_v172_sc_league_iter0010 vs v45  [reuse]
  ppo_v172_sc_league_iter0010 vs v14  [reuse]
  v55 vs v54  [reuse]
  v55 vs v44  [reuse]
  v55 vs v45  [reuse]
  v55 vs v14  [reuse]
  v54 vs v44  [reuse]
  v54 vs v45  [reuse]
  v54 vs v14  [reuse]
  v44 vs v45  [reuse]
  v44 vs v14  [reuse]
  v45 vs v14  [reuse]

[new 1/6] ppo_v172_sc_league_iter0020 vs ppo_v172_sc_league_iter0010 (150 games = 75/side, seed=88000) ...
  ppo_v172_sc_league_iter0020: 75(49u/26s)  ppo_v172_sc_league_iter0010: 68(46u/22s)  draws: 7  WR(ppo_v172_sc_league_iter0020)=0.523  t=8.8s

[new 2/6] ppo_v172_sc_league_iter0020 vs v55 (150 games = 75/side, seed=88150) ...
  ppo_v172_sc_league_iter0020: 26(20u/6s)  v55: 124(69u/55s)  draws: 0  WR(ppo_v172_sc_league_iter0020)=0.173  t=6.8s

[new 3/6] ppo_v172_sc_league_iter0020 vs v54 (150 games = 75/side, seed=88300) ...
  ppo_v172_sc_league_iter0020: 19(15u/4s)  v54: 131(71u/60s)  draws: 0  WR(ppo_v172_sc_league_iter0020)=0.127  t=7.3s

[new 4/6] ppo_v172_sc_league_iter0020 vs v44 (150 games = 75/side, seed=88450) ...
  ppo_v172_sc_league_iter0020: 18(11u/7s)  v44: 128(66u/62s)  draws: 4  WR(ppo_v172_sc_league_iter0020)=0.133  t=6.9s

[new 5/6] ppo_v172_sc_league_iter0020 vs v45 (150 games = 75/side, seed=88600) ...
  ppo_v172_sc_league_iter0020: 16(12u/4s)  v45: 133(71u/62s)  draws: 1  WR(ppo_v172_sc_league_iter0020)=0.110  t=7.1s

[new 6/6] ppo_v172_sc_league_iter0020 vs v14 (150 games = 75/side, seed=88750) ...
  ppo_v172_sc_league_iter0020: 28(18u/10s)  v14: 121(64u/57s)  draws: 1  WR(ppo_v172_sc_league_iter0020)=0.190  t=7.6s
  [reuse] ppo_v172_sc_league_iter0010 16(10u/6s) - 134(69u/65s) v55  draws=0  WR=0.107
  [reuse] ppo_v172_sc_league_iter0010 26(20u/6s) - 122(68u/54s) v54  draws=2  WR=0.180
  [reuse] ppo_v172_sc_league_iter0010 20(17u/3s) - 127(69u/58s) v44  draws=3  WR=0.143
  [reuse] ppo_v172_sc_league_iter0010 17(13u/4s) - 131(70u/61s) v45  draws=2  WR=0.120
  [reuse] ppo_v172_sc_league_iter0010 15(14u/1s) - 132(73u/59s) v14  draws=3  WR=0.110
  [reuse] v55 209(115u/94s) - 181(102u/79s) v54  draws=10  WR=0.535
  [reuse] v55 201(119u/82s) - 178(110u/68s) v44  draws=21  WR=0.529
  [reuse] v55 206(136u/70s) - 180(123u/57s) v45  draws=14  WR=0.532
  [reuse] v55 255(150u/105s) - 128(88u/40s) v14  draws=17  WR=0.659
  [reuse] v54 222(126u/96s) - 163(99u/64s) v44  draws=15  WR=0.574
  [reuse] v54 194(125u/69s) - 183(121u/62s) v45  draws=23  WR=0.514
  [reuse] v54 254(154u/100s) - 131(95u/36s) v14  draws=15  WR=0.654
  [reuse] v44 194(130u/64s) - 192(130u/62s) v45  draws=14  WR=0.502
  [reuse] v44 239(147u/92s) - 147(100u/47s) v14  draws=14  WR=0.615
  [reuse] v45 226(147u/79s) - 162(115u/47s) v14  draws=12  WR=0.580

Fitting BayesElo (combined) ...
Fitting BayesElo (bipartite per-side, anchor=v14_USSR=2015.0) ...

Model                   Elo    USSR*      US*    Gap                95% CI   vs anchor
  (* bipartite per-side, single anchor: v14_USSR=2015)
----------------------------------------------------------------------------------------
v55                    2120   2097   2034  +64  [  2103,   2137]  +105
v54                    2112   2090   2025  +65  [  2095,   2129]  +97
v45                    2092   2116   1959  +157  [  2075,   2109]  +77
v44                    2088   2071   1991  +80  [  2071,   2104]  +73
v14                    2015   2015   1889  +126  [  2015,   2015]  +0
ppo_v172_sc_league_iter0020   1771   1736   1651  +85  [  1740,   1801]  -244
ppo_v172_sc_league_iter0010   1749   1738   1586  +151  [  1718,   1781]  -266

Pair                              Obs WR   Bip WR   Comb WR   Bip err   Comb err
------------------------------------------------------------------------------------
ppo_v172_sc_league_iter0020 vs ppo_v172_sc_league_iter0010   0.523    0.541     0.531    -0.017     -0.007
ppo_v172_sc_league_iter0020 vs v55              0.173    0.112     0.118    +0.061     +0.055
ppo_v172_sc_league_iter0020 vs v54              0.127    0.117     0.123    +0.010     +0.004
ppo_v172_sc_league_iter0020 vs v44              0.133    0.134     0.139    -0.001     -0.006
ppo_v172_sc_league_iter0020 vs v45              0.110    0.141     0.136    -0.031     -0.026
ppo_v172_sc_league_iter0020 vs v14              0.190    0.201     0.197    -0.011     -0.007
ppo_v172_sc_league_iter0010 vs v55              0.107    0.102     0.106    +0.005     +0.001
ppo_v172_sc_league_iter0010 vs v54              0.180    0.106     0.110    +0.074     +0.070
ppo_v172_sc_league_iter0010 vs v44              0.143    0.123     0.125    +0.020     +0.018
ppo_v172_sc_league_iter0010 vs v45              0.120    0.132     0.122    -0.012     -0.002
ppo_v172_sc_league_iter0010 vs v14              0.110    0.186     0.178    -0.076     -0.068
v55            vs v54              0.535    0.511     0.511    +0.024     +0.024
v55            vs v44              0.529    0.547     0.546    -0.019     -0.017
v55            vs v45              0.532    0.537     0.540    -0.004     -0.008
v55            vs v14              0.659    0.648     0.647    +0.011     +0.012
v54            vs v44              0.574    0.536     0.535    +0.038     +0.039
v54            vs v45              0.514    0.526     0.529    -0.012     -0.015
v54            vs v14              0.654    0.637     0.636    +0.016     +0.018
v44            vs v45              0.502    0.492     0.494    +0.010     +0.008
v44            vs v14              0.615    0.603     0.603    +0.012     +0.012
v45            vs v14              0.580    0.603     0.609    -0.023     -0.029
------------------------------------------------------------------------------------
                                              RMSE    0.0314     0.0292
  (bipartite RMSE >= combined RMSE → bipartite model not better fit)

Saved to data/checkpoints/ppo_v172_sc_league/candidate_tournament.json
[sql] Tournament logged: round_robin_20260414T011150Z_ppo_v172_sc_league_iter0010_ppo_v172_sc_league_iter0020 → results/metadata.sqlite3

[candidate] Top-8 panel-eval candidates:
  iter 0020: avg_panel_wr=0.883  data/checkpoints/ppo_v172_sc_league/ppo_iter0020_scripted.pt
  iter 0010: avg_panel_wr=0.847  data/checkpoints/ppo_v172_sc_league/ppo_iter0010_scripted.pt
[candidate] Models in tournament: ['ppo_v172_sc_league_iter0020:data/checkpoints/ppo_v172_sc_league/ppo_iter0020_scripted.pt', 'ppo_v172_sc_league_iter0010:data/checkpoints/ppo_v172_sc_league/ppo_iter0010_scripted.pt', 'v55:data/checkpoints/scripted_for_elo/v55_scripted.pt', 'v54:data/checkpoints/scripted_for_elo/v54_scripted.pt', 'v44:data/checkpoints/scripted_for_elo/v44_scripted.pt', 'v45:data/checkpoints/scripted_for_elo/v45_scripted.pt', 'v14:data/checkpoints/scripted_for_elo/v14_scripted.pt']
[candidate] Games per matchup: 150, anchor: v14=2015.0
[candidate] Running: /home/dkord/code/twilight-struggle-ai/.venv/bin/python3 scripts/run_elo_tournament.py --models ppo_v172_sc_league_iter0020:data/checkpoints/ppo_v172_sc_league/ppo_iter0020_scripted.pt ppo_v172_sc_league_iter0010:data/checkpoints/ppo_v172_sc_league/ppo_iter0010_scripted.pt v55:data/checkpoints/scripted_for_elo/v55_scripted.pt v54:data/checkpoints/scripted_for_elo/v54_scripted.pt v44:data/checkpoints/scripted_for_elo/v44_scripted.pt v45:data/checkpoints/scripted_for_elo/v45_scripted.pt v14:data/checkpoints/scripted_for_elo/v14_scripted.pt --games 150 --anchor v14 --anchor-elo 2015.0 --schedule round_robin --out data/checkpoints/ppo_v172_sc_league/candidate_tournament.json --script-dir data/checkpoints/scripted_for_elo

[candidate] Tournament results (candidates only):
  ppo_v172_sc_league_iter0020: Elo=1770.8 ← WINNER
  ppo_v172_sc_league_iter0010: Elo=1749.4
[candidate] ppo_best.pt ← data/checkpoints/ppo_v172_sc_league/ppo_iter0020.pt
[candidate] ppo_best_scripted.pt ← data/checkpoints/ppo_v172_sc_league/ppo_iter0020_scripted.pt

[candidate] Done. Winner: ppo_v172_sc_league_iter0020 (Elo=1770.8)
[candidate] Full tournament results: data/checkpoints/ppo_v172_sc_league/candidate_tournament.json
