[run_elo_tournament] ABORT: another instance already running (PID ). Only one Elo tournament may run at a time.
ERROR: tournament exited with code 1

[candidate] Top-8 panel-eval candidates:
  iter 0020: avg_panel_wr=0.509  data/checkpoints/ppo_v121_sc_league/ppo_iter0020_scripted.pt
  iter 0010: avg_panel_wr=0.477  data/checkpoints/ppo_v121_sc_league/ppo_iter0010_scripted.pt
[candidate] Models in tournament: ['ppo_v121_sc_league_iter0020:data/checkpoints/ppo_v121_sc_league/ppo_iter0020_scripted.pt', 'ppo_v121_sc_league_iter0010:data/checkpoints/ppo_v121_sc_league/ppo_iter0010_scripted.pt', 'v55:data/checkpoints/scripted_for_elo/v55_scripted.pt', 'v54:data/checkpoints/scripted_for_elo/v54_scripted.pt', 'v44:data/checkpoints/scripted_for_elo/v44_scripted.pt', 'v45:data/checkpoints/scripted_for_elo/v45_scripted.pt', 'v14:data/checkpoints/scripted_for_elo/v14_scripted.pt']
[candidate] Games per matchup: 150, anchor: v14=2015.0
[candidate] Running: /home/dkord/code/twilight-struggle-ai/.venv/bin/python3 scripts/run_elo_tournament.py --models ppo_v121_sc_league_iter0020:data/checkpoints/ppo_v121_sc_league/ppo_iter0020_scripted.pt ppo_v121_sc_league_iter0010:data/checkpoints/ppo_v121_sc_league/ppo_iter0010_scripted.pt v55:data/checkpoints/scripted_for_elo/v55_scripted.pt v54:data/checkpoints/scripted_for_elo/v54_scripted.pt v44:data/checkpoints/scripted_for_elo/v44_scripted.pt v45:data/checkpoints/scripted_for_elo/v45_scripted.pt v14:data/checkpoints/scripted_for_elo/v14_scripted.pt --games 150 --anchor v14 --anchor-elo 2015.0 --schedule round_robin --out data/checkpoints/ppo_v121_sc_league/candidate_tournament.json --script-dir data/checkpoints/scripted_for_elo
Exporting checkpoints to TorchScript ...
  ppo_v121_sc_league_iter0020: already TorchScript, using directly
  ppo_v121_sc_league_iter0010: already TorchScript, using directly
Loaded 3238 match results from SQL match_cache

Match schedule (21 total, 6 new, 15 reused from prior run):
  ppo_v121_sc_league_iter0020 vs ppo_v121_sc_league_iter0010
  ppo_v121_sc_league_iter0020 vs v55
  ppo_v121_sc_league_iter0020 vs v54
  ppo_v121_sc_league_iter0020 vs v44
  ppo_v121_sc_league_iter0020 vs v45
  ppo_v121_sc_league_iter0020 vs v14
  ppo_v121_sc_league_iter0010 vs v55  [reuse]
  ppo_v121_sc_league_iter0010 vs v54  [reuse]
  ppo_v121_sc_league_iter0010 vs v44  [reuse]
  ppo_v121_sc_league_iter0010 vs v45  [reuse]
  ppo_v121_sc_league_iter0010 vs v14  [reuse]
  v55 vs v54  [reuse]
  v55 vs v44  [reuse]
  v55 vs v45  [reuse]
  v55 vs v14  [reuse]
  v54 vs v44  [reuse]
  v54 vs v45  [reuse]
  v54 vs v14  [reuse]
  v44 vs v45  [reuse]
  v44 vs v14  [reuse]
  v45 vs v14  [reuse]

[new 1/6] ppo_v121_sc_league_iter0020 vs ppo_v121_sc_league_iter0010 (150 games = 75/side, seed=88000) ...
  ppo_v121_sc_league_iter0020: 64(46u/18s)  ppo_v121_sc_league_iter0010: 82(55u/27s)  draws: 4  WR(ppo_v121_sc_league_iter0020)=0.440  t=6.9s

[new 2/6] ppo_v121_sc_league_iter0020 vs v55 (150 games = 75/side, seed=88150) ...
  ppo_v121_sc_league_iter0020: 14(13u/1s)  v55: 136(74u/62s)  draws: 0  WR(ppo_v121_sc_league_iter0020)=0.093  t=5.2s

[new 3/6] ppo_v121_sc_league_iter0020 vs v54 (150 games = 75/side, seed=88300) ...
  ppo_v121_sc_league_iter0020: 12(11u/1s)  v54: 138(74u/64s)  draws: 0  WR(ppo_v121_sc_league_iter0020)=0.080  t=6.1s

[new 4/6] ppo_v121_sc_league_iter0020 vs v44 (150 games = 75/side, seed=88450) ...
  ppo_v121_sc_league_iter0020: 16(15u/1s)  v44: 134(74u/60s)  draws: 0  WR(ppo_v121_sc_league_iter0020)=0.107  t=5.8s

[new 5/6] ppo_v121_sc_league_iter0020 vs v45 (150 games = 75/side, seed=88600) ...
  ppo_v121_sc_league_iter0020: 15(12u/3s)  v45: 134(72u/62s)  draws: 1  WR(ppo_v121_sc_league_iter0020)=0.103  t=6.1s

[new 6/6] ppo_v121_sc_league_iter0020 vs v14 (150 games = 75/side, seed=88750) ...
  ppo_v121_sc_league_iter0020: 13(11u/2s)  v14: 137(73u/64s)  draws: 0  WR(ppo_v121_sc_league_iter0020)=0.087  t=6.4s
  [reuse] ppo_v121_sc_league_iter0010 14(11u/3s) - 136(72u/64s) v55  draws=0  WR=0.093
  [reuse] ppo_v121_sc_league_iter0010 13(11u/2s) - 137(73u/64s) v54  draws=0  WR=0.087
  [reuse] ppo_v121_sc_league_iter0010 18(14u/4s) - 132(71u/61s) v44  draws=0  WR=0.120
  [reuse] ppo_v121_sc_league_iter0010 13(12u/1s) - 137(74u/63s) v45  draws=0  WR=0.087
  [reuse] ppo_v121_sc_league_iter0010 8(6u/2s) - 141(72u/69s) v14  draws=1  WR=0.057
  [reuse] v55 209(115u/94s) - 181(102u/79s) v54  draws=10  WR=0.535
  [reuse] v55 201(119u/82s) - 178(110u/68s) v44  draws=21  WR=0.529
  [reuse] v55 206(136u/70s) - 180(123u/57s) v45  draws=14  WR=0.532
  [reuse] v55 255(150u/105s) - 128(88u/40s) v14  draws=17  WR=0.659
  [reuse] v54 222(126u/96s) - 163(99u/64s) v44  draws=15  WR=0.574
  [reuse] v54 194(125u/69s) - 183(121u/62s) v45  draws=23  WR=0.514
  [reuse] v54 254(154u/100s) - 131(95u/36s) v14  draws=15  WR=0.654
  [reuse] v44 194(130u/64s) - 192(130u/62s) v45  draws=14  WR=0.502
  [reuse] v44 239(147u/92s) - 147(100u/47s) v14  draws=14  WR=0.615
  [reuse] v45 226(147u/79s) - 162(115u/47s) v14  draws=12  WR=0.580

Fitting BayesElo (combined) ...
Fitting BayesElo (bipartite per-side, anchor=v14_USSR=2015.0) ...

Model                   Elo    USSR*      US*    Gap                95% CI   vs anchor
  (* bipartite per-side, single anchor: v14_USSR=2015)
----------------------------------------------------------------------------------------
v55                    2119   2102   2035  +67  [  2102,   2136]  +104
v54                    2113   2092   2033  +59  [  2096,   2130]  +98
v45                    2087   2118   1954  +164  [  2070,   2104]  +72
v44                    2083   2074   1986  +88  [  2066,   2100]  +68
v14                    2015   2015   1897  +118  [  2015,   2015]  +0
ppo_v121_sc_league_iter0010   1689   1660   1541  +119  [  1655,   1723]  -326
ppo_v121_sc_league_iter0020   1671   1680   1444  +235  [  1636,   1706]  -344

Pair                              Obs WR   Bip WR   Comb WR   Bip err   Comb err
------------------------------------------------------------------------------------
ppo_v121_sc_league_iter0020 vs ppo_v121_sc_league_iter0010   0.440    0.457     0.474    -0.017     -0.034
ppo_v121_sc_league_iter0020 vs v55              0.093    0.068     0.070    +0.025     +0.023
ppo_v121_sc_league_iter0020 vs v54              0.080    0.070     0.073    +0.010     +0.007
ppo_v121_sc_league_iter0020 vs v44              0.107    0.086     0.085    +0.020     +0.022
ppo_v121_sc_league_iter0020 vs v45              0.103    0.096     0.083    +0.008     +0.020
ppo_v121_sc_league_iter0020 vs v14              0.087    0.130     0.121    -0.043     -0.034
ppo_v121_sc_league_iter0010 vs v55              0.093    0.071     0.078    +0.023     +0.016
ppo_v121_sc_league_iter0010 vs v54              0.087    0.072     0.080    +0.014     +0.007
ppo_v121_sc_league_iter0010 vs v44              0.120    0.088     0.094    +0.032     +0.026
ppo_v121_sc_league_iter0010 vs v45              0.087    0.095     0.092    -0.008     -0.005
ppo_v121_sc_league_iter0010 vs v14              0.057    0.132     0.133    -0.076     -0.076
v55            vs v54              0.535    0.509     0.508    +0.026     +0.027
v55            vs v44              0.529    0.553     0.552    -0.024     -0.023
v55            vs v45              0.532    0.542     0.546    -0.009     -0.013
v55            vs v14              0.659    0.647     0.646    +0.012     +0.013
v54            vs v44              0.574    0.544     0.543    +0.029     +0.030
v54            vs v45              0.514    0.534     0.537    -0.020     -0.023
v54            vs v14              0.654    0.640     0.638    +0.014     +0.016
v44            vs v45              0.502    0.492     0.494    +0.010     +0.009
v44            vs v14              0.615    0.597     0.597    +0.018     +0.018
v45            vs v14              0.580    0.598     0.603    -0.018     -0.023
------------------------------------------------------------------------------------
                                              RMSE    0.0263     0.0265
  (bipartite RMSE < combined RMSE → bipartite model better fit)

Saved to data/checkpoints/ppo_v121_sc_league/candidate_tournament.json
[sql] Tournament logged: round_robin_20260413T200633Z_ppo_v121_sc_league_iter0010_ppo_v121_sc_league_iter0020 → results/metadata.sqlite3

[candidate] Top-8 panel-eval candidates:
  iter 0020: avg_panel_wr=0.509  data/checkpoints/ppo_v121_sc_league/ppo_iter0020_scripted.pt
  iter 0010: avg_panel_wr=0.477  data/checkpoints/ppo_v121_sc_league/ppo_iter0010_scripted.pt
[candidate] Models in tournament: ['ppo_v121_sc_league_iter0020:data/checkpoints/ppo_v121_sc_league/ppo_iter0020_scripted.pt', 'ppo_v121_sc_league_iter0010:data/checkpoints/ppo_v121_sc_league/ppo_iter0010_scripted.pt', 'v55:data/checkpoints/scripted_for_elo/v55_scripted.pt', 'v54:data/checkpoints/scripted_for_elo/v54_scripted.pt', 'v44:data/checkpoints/scripted_for_elo/v44_scripted.pt', 'v45:data/checkpoints/scripted_for_elo/v45_scripted.pt', 'v14:data/checkpoints/scripted_for_elo/v14_scripted.pt']
[candidate] Games per matchup: 150, anchor: v14=2015.0
[candidate] Running: /home/dkord/code/twilight-struggle-ai/.venv/bin/python3 scripts/run_elo_tournament.py --models ppo_v121_sc_league_iter0020:data/checkpoints/ppo_v121_sc_league/ppo_iter0020_scripted.pt ppo_v121_sc_league_iter0010:data/checkpoints/ppo_v121_sc_league/ppo_iter0010_scripted.pt v55:data/checkpoints/scripted_for_elo/v55_scripted.pt v54:data/checkpoints/scripted_for_elo/v54_scripted.pt v44:data/checkpoints/scripted_for_elo/v44_scripted.pt v45:data/checkpoints/scripted_for_elo/v45_scripted.pt v14:data/checkpoints/scripted_for_elo/v14_scripted.pt --games 150 --anchor v14 --anchor-elo 2015.0 --schedule round_robin --out data/checkpoints/ppo_v121_sc_league/candidate_tournament.json --script-dir data/checkpoints/scripted_for_elo

[candidate] Tournament results (candidates only):
  ppo_v121_sc_league_iter0010: Elo=1688.9 ← WINNER
  ppo_v121_sc_league_iter0020: Elo=1670.8
[candidate] ppo_best.pt ← data/checkpoints/ppo_v121_sc_league/ppo_iter0010.pt
[candidate] ppo_best_scripted.pt ← data/checkpoints/ppo_v121_sc_league/ppo_iter0010_scripted.pt

[candidate] Done. Winner: ppo_v121_sc_league_iter0010 (Elo=1688.9)
[candidate] Full tournament results: data/checkpoints/ppo_v121_sc_league/candidate_tournament.json
