Exporting checkpoints to TorchScript ...
  ppo_v78_sc_league_iter0010: already TorchScript, using directly
  ppo_v78_sc_league_iter0020: already TorchScript, using directly
Loaded 2480 match results from SQL match_cache

Match schedule (21 total, 6 new, 15 reused from prior run):
  ppo_v78_sc_league_iter0010 vs ppo_v78_sc_league_iter0020
  ppo_v78_sc_league_iter0010 vs v55  [reuse]
  ppo_v78_sc_league_iter0010 vs v54  [reuse]
  ppo_v78_sc_league_iter0010 vs v44  [reuse]
  ppo_v78_sc_league_iter0010 vs v45  [reuse]
  ppo_v78_sc_league_iter0010 vs v14  [reuse]
  ppo_v78_sc_league_iter0020 vs v55
  ppo_v78_sc_league_iter0020 vs v54
  ppo_v78_sc_league_iter0020 vs v44
  ppo_v78_sc_league_iter0020 vs v45
  ppo_v78_sc_league_iter0020 vs v14
  v55 vs v54  [reuse]
  v55 vs v44  [reuse]
  v55 vs v45  [reuse]
  v55 vs v14  [reuse]
  v54 vs v44  [reuse]
  v54 vs v45  [reuse]
  v54 vs v14  [reuse]
  v44 vs v45  [reuse]
  v44 vs v14  [reuse]
  v45 vs v14  [reuse]

[new 1/6] ppo_v78_sc_league_iter0010 vs ppo_v78_sc_league_iter0020 (150 games = 75/side, seed=88000) ...
  ppo_v78_sc_league_iter0010: 71(37u/34s)  ppo_v78_sc_league_iter0020: 76(39u/37s)  draws: 3  WR(ppo_v78_sc_league_iter0010)=0.483  t=14.0s
  [reuse] ppo_v78_sc_league_iter0010 67(33u/34s) - 76(36u/40s) v55  draws=7  WR=0.470
  [reuse] ppo_v78_sc_league_iter0010 67(42u/25s) - 78(46u/32s) v54  draws=5  WR=0.463
  [reuse] ppo_v78_sc_league_iter0010 69(41u/28s) - 79(47u/32s) v44  draws=2  WR=0.467
  [reuse] ppo_v78_sc_league_iter0010 68(41u/27s) - 76(46u/30s) v45  draws=6  WR=0.473
  [reuse] ppo_v78_sc_league_iter0010 88(45u/43s) - 55(26u/29s) v14  draws=7  WR=0.610

[new 2/6] ppo_v78_sc_league_iter0020 vs v55 (150 games = 75/side, seed=88150) ...
  ppo_v78_sc_league_iter0020: 58(31u/27s)  v55: 86(45u/41s)  draws: 6  WR(ppo_v78_sc_league_iter0020)=0.407  t=14899.4s

[new 3/6] ppo_v78_sc_league_iter0020 vs v54 (150 games = 75/side, seed=88300) ...
 SQL match_cache

Match schedule (21 total, 5 new, 16 reused from prior run):
  ppo_v78_sc_league_iter0010 vs ppo_v78_sc_league_iter0020  [reuse]
  ppo_v78_sc_league_iter0010 vs v55  [reuse]
  ppo_v78_sc_league_iter0010 vs v54  [reuse]
  ppo_v78_sc_league_iter0010 vs v44  [reuse]
  ppo_v78_sc_league_iter0010 vs v45  [reuse]
  ppo_v78_sc_league_iter0010 vs v14  [reuse]
  ppo_v78_sc_league_iter0020 vs v55
  ppo_v78_sc_league_iter0020 vs v54
  ppo_v78_sc_league_iter0020 vs v44
  ppo_v78_sc_league_iter0020 vs v45
  ppo_v78_sc_league_iter0020 vs v14
  v55 vs v54  [reuse]
  v55 vs v44  [reuse]
  v55 vs v45  [reuse]
  v55 vs v14  [reuse]
  v54 vs v44  [reuse]
  v54 vs v45  [reuse]
  v54 vs v14  [reuse]
  v44 vs v45  [reuse]
  v44 vs v14  [reuse]
  v45 vs v14  [reuse]
  [reuse] ppo_v78_sc_league_iter0010 71(37u/34s) - 76(39u/37s) ppo_v78_sc_league_iter0020  draws=3  WR=0.483
  [reuse] ppo_v78_sc_league_iter0010 67(33u/34s) - 76(36u/40s) v55  draws=7  WR=0.470
  [reuse] ppo_v78_sc_league_iter0010 67(42u/25s) - 78(46u/32s) v54  draws=5  WR=0.463
  [reuse] ppo_v78_sc_league_iter0010 69(41u/28s) - 79(47u/32s) v44  draws=2  WR=0.467
  [reuse] ppo_v78_sc_league_iter0010 68(41u/27s) - 76(46u/30s) v45  draws=6  WR=0.473
  [reuse] ppo_v78_sc_league_iter0010 88(45u/43s) - 55(26u/29s) v14  draws=7  WR=0.610

[new 1/5] ppo_v78_sc_league_iter0020 vs v55 (150 games = 75/side, seed=88000) ...
  ppo_v78_sc_league_iter0020: 66(37u/29s)  v55: 82(45u/37s)  draws: 2  WR(ppo_v78_sc_league_iter0020)=0.447  t=191.5s

[new 2/5] ppo_v78_sc_league_iter0020 vs v54 (150 games = 75/side, seed=88150) ...
  ppo_v78_sc_league_iter0020: 66(37u/29s)  v54: 78(44u/34s)  draws: 6  WR(ppo_v78_sc_league_iter0020)=0.460  t=178.8s

[new 3/5] ppo_v78_sc_league_iter0020 vs v44 (150 games = 75/side, seed=88300) ...
  ppo_v78_sc_league_iter0020: 68(40u/28s)  v44: 76(45u/31s)  draws: 6  WR(ppo_v78_sc_league_iter0020)=0.473  t=175.4s

[new 4/5] ppo_v78_sc_league_iter0020 vs v45 (150 games = 75/side, seed=88450) ...
Exporting checkpoints to TorchScript ...
  ppo_v78_sc_league_iter0010: already TorchScript, using directly
  ppo_v78_sc_league_iter0020: already TorchScript, using directly
Loaded 2486 match results from SQL match_cache

Match schedule (21 total, 2 new, 19 reused from prior run):
  ppo_v78_sc_league_iter0010 vs ppo_v78_sc_league_iter0020  [reuse]
  ppo_v78_sc_league_iter0010 vs v55  [reuse]
  ppo_v78_sc_league_iter0010 vs v54  [reuse]
  ppo_v78_sc_league_iter0010 vs v44  [reuse]
  ppo_v78_sc_league_iter0010 vs v45  [reuse]
  ppo_v78_sc_league_iter0010 vs v14  [reuse]
  ppo_v78_sc_league_iter0020 vs v55  [reuse]
  ppo_v78_sc_league_iter0020 vs v54  [reuse]
  ppo_v78_sc_league_iter0020 vs v44  [reuse]
  ppo_v78_sc_league_iter0020 vs v45
  ppo_v78_sc_league_iter0020 vs v14
  v55 vs v54  [reuse]
  v55 vs v44  [reuse]
  v55 vs v45  [reuse]
  v55 vs v14  [reuse]
  v54 vs v44  [reuse]
  v54 vs v45  [reuse]
  v54 vs v14  [reuse]
  v44 vs v45  [reuse]
  v44 vs v14  [reuse]
  v45 vs v14  [reuse]
  [reuse] ppo_v78_sc_league_iter0010 71(37u/34s) - 76(39u/37s) ppo_v78_sc_league_iter0020  draws=3  WR=0.483
  [reuse] ppo_v78_sc_league_iter0010 67(33u/34s) - 76(36u/40s) v55  draws=7  WR=0.470
  [reuse] ppo_v78_sc_league_iter0010 67(42u/25s) - 78(46u/32s) v54  draws=5  WR=0.463
  [reuse] ppo_v78_sc_league_iter0010 69(41u/28s) - 79(47u/32s) v44  draws=2  WR=0.467
  [reuse] ppo_v78_sc_league_iter0010 68(41u/27s) - 76(46u/30s) v45  draws=6  WR=0.473
  [reuse] ppo_v78_sc_league_iter0010 88(45u/43s) - 55(26u/29s) v14  draws=7  WR=0.610
  [reuse] ppo_v78_sc_league_iter0020 66(37u/29s) - 82(45u/37s) v55  draws=2  WR=0.447
  [reuse] ppo_v78_sc_league_iter0020 66(37u/29s) - 78(44u/34s) v54  draws=6  WR=0.460
  [reuse] ppo_v78_sc_league_iter0020 68(40u/28s) - 76(45u/31s) v44  draws=6  WR=0.473

[new 1/2] ppo_v78_sc_league_iter0020 vs v45 (150 games = 75/side, seed=88000) ...
  ppo_v78_sc_league_iter0020: 62(39u/23s)  v45: 82(50u/32s)  draws: 6  WR(ppo_v78_sc_league_iter0020)=0.433  t=471.9s

[new 2/2] ppo_v78_sc_league_iter0020 vs v14 (150 games = 75/side, seed=88150) ...
  ppo_v78_sc_league_iter0020: 66(38u/28s)  v45: 76(43u/33s)  draws: 8  WR(ppo_v78_sc_league_iter0020)=0.467  t=483.8s

[new 5/5] ppo_v78_sc_league_iter0020 vs v14 (150 games = 75/side, seed=88600) ...
  ppo_v78_sc_league_iter0020: 73(47u/26s)  v14: 75(47u/28s)  draws: 2  WR(ppo_v78_sc_league_iter0020)=0.493  t=460.1s
  [reuse] v55 209(115u/94s) - 181(102u/79s) v54  draws=10  WR=0.535
  [reuse] v55 201(119u/82s) - 178(110u/68s) v44  draws=21  WR=0.529
  [reuse] v55 206(136u/70s) - 180(123u/57s) v45  draws=14  WR=0.532
  [reuse] v55 255(150u/105s) - 128(88u/40s) v14  draws=17  WR=0.659
  [reuse] v54 222(126u/96s) - 163(99u/64s) v44  draws=15  WR=0.574
  [reuse] v54 194(125u/69s) - 183(121u/62s) v45  draws=23  WR=0.514
  [reuse] v54 254(154u/100s) - 131(95u/36s) v14  draws=15  WR=0.654
  [reuse] v44 194(130u/64s) - 192(130u/62s) v45  draws=14  WR=0.502
  [reuse] v44 239(147u/92s) - 147(100u/47s) v14  draws=14  WR=0.615
  [reuse] v45 226(147u/79s) - 162(115u/47s) v14  draws=12  WR=0.580

Fitting BayesElo (combined) ...
Fitting BayesElo (bipartite per-side, anchor=v14_USSR=2015.0) ...

Model                   Elo    USSR*      US*    Gap                95% CI   vs anchor
  (* bipartite per-side, single anchor: v14_USSR=2015)
----------------------------------------------------------------------------------------
v55                    2122   2092   2042  +50  [  2106,   2138]  +107
v54                    2115   2093   2029  +64  [  2099,   2131]  +100
v45                    2093   2119   1956  +163  [  2077,   2109]  +78
v44                    2090   2077   1989  +88  [  2074,   2106]  +75
ppo_v78_sc_league_iter0010   2079   2014   2030  -16  [  2056,   2103]  +64
ppo_v78_sc_league_iter0020   2064   2024   1990  +34  [  2041,   2088]  +49
v14                    2015   2015   1889  +126  [  2015,   2015]  +0

Pair                              Obs WR   Bip WR   Comb WR   Bip err   Comb err
------------------------------------------------------------------------------------
ppo_v78_sc_league_iter0010 vs ppo_v78_sc_league_iter0020   0.483    0.521     0.522    -0.038     -0.038
ppo_v78_sc_league_iter0010 vs v55              0.470    0.436     0.439    +0.034     +0.031
ppo_v78_sc_league_iter0010 vs v54              0.463    0.445     0.449    +0.018     +0.015
ppo_v78_sc_league_iter0010 vs v44              0.467    0.485     0.485    -0.018     -0.018
ppo_v78_sc_league_iter0010 vs v45              0.473    0.479     0.480    -0.005     -0.006
ppo_v78_sc_league_iter0010 vs v14              0.610    0.598     0.592    +0.012     +0.018
ppo_v78_sc_league_iter0020 vs v55              0.447    0.416     0.418    +0.031     +0.028
ppo_v78_sc_league_iter0020 vs v54              0.460    0.425     0.427    +0.035     +0.033
ppo_v78_sc_league_iter0020 vs v44              0.473    0.464     0.464    +0.009     +0.010
ppo_v78_sc_league_iter0020 vs v45              0.433    0.460     0.458    -0.026     -0.025
ppo_v78_sc_league_iter0020 vs v14              0.493    0.575     0.571    -0.082     -0.077
v55            vs v54              0.535    0.509     0.509    +0.026     +0.026
v55            vs v44              0.529    0.547     0.546    -0.018     -0.017
v55            vs v45              0.532    0.538     0.541    -0.006     -0.008
v55            vs v14              0.659    0.651     0.649    +0.007     +0.010
v54            vs v44              0.574    0.538     0.536    +0.036     +0.037
v54            vs v45              0.514    0.530     0.531    -0.016     -0.017
v54            vs v14              0.654    0.642     0.640    +0.012     +0.014
v44            vs v45              0.502    0.494     0.495    +0.008     +0.008
v44            vs v14              0.615    0.605     0.606    +0.010     +0.009
v45            vs v14              0.580    0.603     0.611    -0.023     -0.031
------------------------------------------------------------------------------------
                                              RMSE    0.0281     0.0276
  (bipartite RMSE >= combined RMSE → bipartite model not better fit)

Saved to data/checkpoints/ppo_v78_sc_league/candidate_tournament.json
[sql] Tournament logged: round_robin_20260412T183421Z_ppo_v78_sc_league_iter0010_ppo_v78_sc_league_iter0020 → results/metadata.sqlite3

[candidate] Top-8 panel-eval candidates:
  iter 0010: avg_panel_wr=0.488  data/checkpoints/ppo_v78_sc_league/ppo_iter0010_scripted.pt
  iter 0020: avg_panel_wr=0.482  data/checkpoints/ppo_v78_sc_league/ppo_iter0020_scripted.pt
[candidate] Models in tournament: ['ppo_v78_sc_league_iter0010:data/checkpoints/ppo_v78_sc_league/ppo_iter0010_scripted.pt', 'ppo_v78_sc_league_iter0020:data/checkpoints/ppo_v78_sc_league/ppo_iter0020_scripted.pt', 'v55:data/checkpoints/scripted_for_elo/v55_scripted.pt', 'v54:data/checkpoints/scripted_for_elo/v54_scripted.pt', 'v44:data/checkpoints/scripted_for_elo/v44_scripted.pt', 'v45:data/checkpoints/scripted_for_elo/v45_scripted.pt', 'v14:data/checkpoints/scripted_for_elo/v14_scripted.pt']
[candidate] Games per matchup: 150, anchor: v14=2015.0
[candidate] Running: /home/dkord/code/twilight-struggle-ai/.venv/bin/python3 scripts/run_elo_tournament.py --models ppo_v78_sc_league_iter0010:data/checkpoints/ppo_v78_sc_league/ppo_iter0010_scripted.pt ppo_v78_sc_league_iter0020:data/checkpoints/ppo_v78_sc_league/ppo_iter0020_scripted.pt v55:data/checkpoints/scripted_for_elo/v55_scripted.pt v54:data/checkpoints/scripted_for_elo/v54_scripted.pt v44:data/checkpoints/scripted_for_elo/v44_scripted.pt v45:data/checkpoints/scripted_for_elo/v45_scripted.pt v14:data/checkpoints/scripted_for_elo/v14_scripted.pt --games 150 --anchor v14 --anchor-elo 2015.0 --schedule round_robin --out data/checkpoints/ppo_v78_sc_league/candidate_tournament.json --script-dir data/checkpoints/scripted_for_elo

[candidate] Tournament results (candidates only):
  ppo_v78_sc_league_iter0010: Elo=2079.3 ← WINNER
  ppo_v78_sc_league_iter0020: Elo=2064.4
[candidate] ppo_best.pt ← data/checkpoints/ppo_v78_sc_league/ppo_iter0010.pt
[candidate] ppo_best_scripted.pt ← data/checkpoints/ppo_v78_sc_league/ppo_iter0010_scripted.pt

[candidate] Done. Winner: ppo_v78_sc_league_iter0010 (Elo=2079.3)
[candidate] Full tournament results: data/checkpoints/ppo_v78_sc_league/candidate_tournament.json
  ppo_v78_sc_league_iter0020: 80(43u/37s)  v14: 61(35u/26s)  draws: 9  WR(ppo_v78_sc_league_iter0020)=0.563  t=484.1s
  [reuse] v55 209(115u/94s) - 181(102u/79s) v54  draws=10  WR=0.535
  [reuse] v55 201(119u/82s) - 178(110u/68s) v44  draws=21  WR=0.529
  [reuse] v55 206(136u/70s) - 180(123u/57s) v45  draws=14  WR=0.532
  [reuse] v55 255(150u/105s) - 128(88u/40s) v14  draws=17  WR=0.659
  [reuse] v54 222(126u/96s) - 163(99u/64s) v44  draws=15  WR=0.574
  [reuse] v54 194(125u/69s) - 183(121u/62s) v45  draws=23  WR=0.514
  [reuse] v54 254(154u/100s) - 131(95u/36s) v14  draws=15  WR=0.654
  [reuse] v44 194(130u/64s) - 192(130u/62s) v45  draws=14  WR=0.502
  [reuse] v44 239(147u/92s) - 147(100u/47s) v14  draws=14  WR=0.615
  [reuse] v45 226(147u/79s) - 162(115u/47s) v14  draws=12  WR=0.580

Fitting BayesElo (combined) ...
Fitting BayesElo (bipartite per-side, anchor=v14_USSR=2015.0) ...

Model                   Elo    USSR*      US*    Gap                95% CI   vs anchor
  (* bipartite per-side, single anchor: v14_USSR=2015)
----------------------------------------------------------------------------------------
v55                    2125   2101   2048  +53  [  2109,   2142]  +110
v54                    2119   2102   2035  +67  [  2103,   2135]  +104
v45                    2096   2123   1964  +159  [  2079,   2112]  +81
v44                    2093   2087   1995  +91  [  2077,   2110]  +78
ppo_v78_sc_league_iter0010   2084   2026   2037  -10  [  2061,   2107]  +69
ppo_v78_sc_league_iter0020   2080   2030   2026  +3  [  2057,   2104]  +65
v14                    2015   2015   1897  +118  [  2015,   2015]  +0

Pair                              Obs WR   Bip WR   Comb WR   Bip err   Comb err
------------------------------------------------------------------------------------
ppo_v78_sc_league_iter0010 vs ppo_v78_sc_league_iter0020   0.483    0.505     0.506    -0.022     -0.022
ppo_v78_sc_league_iter0010 vs v55              0.470    0.438     0.441    +0.032     +0.029
ppo_v78_sc_league_iter0010 vs v54              0.463    0.447     0.450    +0.016     +0.013
ppo_v78_sc_league_iter0010 vs v44              0.467    0.486     0.487    -0.020     -0.020
ppo_v78_sc_league_iter0010 vs v45              0.473    0.483     0.484    -0.010     -0.011
ppo_v78_sc_league_iter0010 vs v14              0.610    0.605     0.598    +0.005     +0.012
ppo_v78_sc_league_iter0020 vs v55              0.447    0.433     0.436    +0.013     +0.011
ppo_v78_sc_league_iter0020 vs v54              0.460    0.443     0.445    +0.017     +0.015
ppo_v78_sc_league_iter0020 vs v44              0.473    0.482     0.481    -0.008     -0.008
ppo_v78_sc_league_iter0020 vs v45              0.467    0.479     0.478    -0.012     -0.012
ppo_v78_sc_league_iter0020 vs v14              0.563    0.599     0.593    -0.036     -0.030
v55            vs v54              0.535    0.509     0.509    +0.026     +0.026
v55            vs v44              0.529    0.547     0.546    -0.018     -0.017
v55            vs v45              0.532    0.541     0.543    -0.008     -0.010
v55            vs v14              0.659    0.656     0.654    +0.002     +0.005
v54            vs v44              0.574    0.538     0.536    +0.036     +0.037
v54            vs v45              0.514    0.532     0.534    -0.018     -0.020
v54            vs v14              0.654    0.647     0.645    +0.007     +0.009
v44            vs v45              0.502    0.497     0.497    +0.006     +0.005
v44            vs v14              0.615    0.610     0.611    +0.005     +0.004
v45            vs v14              0.580    0.607     0.614    -0.027     -0.034
------------------------------------------------------------------------------------
                                              RMSE    0.0193     0.0191
  (bipartite RMSE >= combined RMSE → bipartite model not better fit)

Saved to data/checkpoints/ppo_v78_sc_league/candidate_tournament.json
[sql] Tournament logged: round_robin_20260412T183454Z_ppo_v78_sc_league_iter0010_ppo_v78_sc_league_iter0020 → results/metadata.sqlite3

[candidate] Top-8 panel-eval candidates:
  iter 0010: avg_panel_wr=0.488  data/checkpoints/ppo_v78_sc_league/ppo_iter0010_scripted.pt
  iter 0020: avg_panel_wr=0.482  data/checkpoints/ppo_v78_sc_league/ppo_iter0020_scripted.pt
[candidate] Models in tournament: ['ppo_v78_sc_league_iter0010:data/checkpoints/ppo_v78_sc_league/ppo_iter0010_scripted.pt', 'ppo_v78_sc_league_iter0020:data/checkpoints/ppo_v78_sc_league/ppo_iter0020_scripted.pt', 'v55:data/checkpoints/scripted_for_elo/v55_scripted.pt', 'v54:data/checkpoints/scripted_for_elo/v54_scripted.pt', 'v44:data/checkpoints/scripted_for_elo/v44_scripted.pt', 'v45:data/checkpoints/scripted_for_elo/v45_scripted.pt', 'v14:data/checkpoints/scripted_for_elo/v14_scripted.pt']
[candidate] Games per matchup: 150, anchor: v14=2015.0
[candidate] Running: /home/dkord/code/twilight-struggle-ai/.venv/bin/python3 scripts/run_elo_tournament.py --models ppo_v78_sc_league_iter0010:data/checkpoints/ppo_v78_sc_league/ppo_iter0010_scripted.pt ppo_v78_sc_league_iter0020:data/checkpoints/ppo_v78_sc_league/ppo_iter0020_scripted.pt v55:data/checkpoints/scripted_for_elo/v55_scripted.pt v54:data/checkpoints/scripted_for_elo/v54_scripted.pt v44:data/checkpoints/scripted_for_elo/v44_scripted.pt v45:data/checkpoints/scripted_for_elo/v45_scripted.pt v14:data/checkpoints/scripted_for_elo/v14_scripted.pt --games 150 --anchor v14 --anchor-elo 2015.0 --schedule round_robin --out data/checkpoints/ppo_v78_sc_league/candidate_tournament.json --script-dir data/checkpoints/scripted_for_elo

[candidate] Tournament results (candidates only):
  ppo_v78_sc_league_iter0010: Elo=2084.3 ← WINNER
  ppo_v78_sc_league_iter0020: Elo=2080.4
[candidate] ppo_best.pt ← data/checkpoints/ppo_v78_sc_league/ppo_iter0010.pt
[candidate] ppo_best_scripted.pt ← data/checkpoints/ppo_v78_sc_league/ppo_iter0010_scripted.pt

[candidate] Done. Winner: ppo_v78_sc_league_iter0010 (Elo=2084.3)
[candidate] Full tournament results: data/checkpoints/ppo_v78_sc_league/candidate_tournament.json
