Exporting checkpoints to TorchScript ...
  ppo_v296_sc_league_iter0020: already TorchScript, using directly
  ppo_v296_sc_league_iter0010: already TorchScript, using directly
Loaded 5145 match results from SQL match_cache

Match schedule (21 total, 11 new, 10 reused from prior run):
  ppo_v296_sc_league_iter0020 vs ppo_v296_sc_league_iter0010
  ppo_v296_sc_league_iter0020 vs v56
  ppo_v296_sc_league_iter0020 vs v54
  ppo_v296_sc_league_iter0020 vs v44
  ppo_v296_sc_league_iter0020 vs v20
  ppo_v296_sc_league_iter0020 vs v55
  ppo_v296_sc_league_iter0010 vs v56
  ppo_v296_sc_league_iter0010 vs v54
  ppo_v296_sc_league_iter0010 vs v44
  ppo_v296_sc_league_iter0010 vs v20
  ppo_v296_sc_league_iter0010 vs v55
  v56 vs v54  [reuse]
  v56 vs v44  [reuse]
  v56 vs v20  [reuse]
  v56 vs v55  [reuse]
  v54 vs v44  [reuse]
  v54 vs v20  [reuse]
  v54 vs v55  [reuse]
  v44 vs v20  [reuse]
  v44 vs v55  [reuse]
  v20 vs v55  [reuse]

[new 1/11] ppo_v296_sc_league_iter0020 vs ppo_v296_sc_league_iter0010 (150 games = 75/side, seed=88000) ...
  ppo_v296_sc_league_iter0020: 90(43u/47s)  ppo_v296_sc_league_iter0010: 59(28u/31s)  draws: 1  WR(ppo_v296_sc_league_iter0020)=0.603  t=7.2s

[new 2/11] ppo_v296_sc_league_iter0020 vs v56 (150 games = 75/side, seed=88150) ...
  ppo_v296_sc_league_iter0020: 124(52u/72s)  v56: 26(3u/23s)  draws: 0  WR(ppo_v296_sc_league_iter0020)=0.827  t=2.5s

[new 3/11] ppo_v296_sc_league_iter0020 vs v54 (150 games = 75/side, seed=88300) ...
  ppo_v296_sc_league_iter0020: 134(63u/71s)  v54: 16(4u/12s)  draws: 0  WR(ppo_v296_sc_league_iter0020)=0.893  t=2.3s

[new 4/11] ppo_v296_sc_league_iter0020 vs v44 (150 games = 75/side, seed=88450) ...
  ppo_v296_sc_league_iter0020: 146(72u/74s)  v44: 4(1u/3s)  draws: 0  WR(ppo_v296_sc_league_iter0020)=0.973  t=1.7s

[new 5/11] ppo_v296_sc_league_iter0020 vs v20 (150 games = 75/side, seed=88600) ...
  ppo_v296_sc_league_iter0020: 147(72u/75s)  v20: 3(0u/3s)  draws: 0  WR(ppo_v296_sc_league_iter0020)=0.980  t=1.9s

[new 6/11] ppo_v296_sc_league_iter0020 vs v55 (150 games = 75/side, seed=88750) ...
  ppo_v296_sc_league_iter0020: 137(65u/72s)  v55: 13(3u/10s)  draws: 0  WR(ppo_v296_sc_league_iter0020)=0.913  t=3.5s

[new 7/11] ppo_v296_sc_league_iter0010 vs v56 (150 games = 75/side, seed=88900) ...
  ppo_v296_sc_league_iter0010: 125(52u/73s)  v56: 25(2u/23s)  draws: 0  WR(ppo_v296_sc_league_iter0010)=0.833  t=2.4s

[new 8/11] ppo_v296_sc_league_iter0010 vs v54 (150 games = 75/side, seed=89050) ...
  ppo_v296_sc_league_iter0010: 141(69u/72s)  v54: 9(3u/6s)  draws: 0  WR(ppo_v296_sc_league_iter0010)=0.940  t=2.2s

[new 9/11] ppo_v296_sc_league_iter0010 vs v44 (150 games = 75/side, seed=89200) ...
  ppo_v296_sc_league_iter0010: 144(70u/74s)  v44: 6(1u/5s)  draws: 0  WR(ppo_v296_sc_league_iter0010)=0.960  t=1.6s

[new 10/11] ppo_v296_sc_league_iter0010 vs v20 (150 games = 75/side, seed=89350) ...
  ppo_v296_sc_league_iter0010: 144(72u/72s)  v20: 6(3u/3s)  draws: 0  WR(ppo_v296_sc_league_iter0010)=0.960  t=1.8s

[new 11/11] ppo_v296_sc_league_iter0010 vs v55 (150 games = 75/side, seed=89500) ...
  ppo_v296_sc_league_iter0010: 140(67u/73s)  v55: 10(2u/8s)  draws: 0  WR(ppo_v296_sc_league_iter0010)=0.933  t=3.2s
  [reuse] v56 197(118u/79s) - 195(116u/79s) v54  draws=8  WR=0.502
  [reuse] v56 185(101u/84s) - 200(108u/92s) v44  draws=15  WR=0.481
  [reuse] v56 188(122u/66s) - 200(131u/69s) v20  draws=12  WR=0.485
  [reuse] v56 183(110u/73s) - 206(121u/85s) v55  draws=11  WR=0.471
  [reuse] v54 222(126u/96s) - 163(99u/64s) v44  draws=15  WR=0.574
  [reuse] v54 196(128u/68s) - 184(123u/61s) v20  draws=20  WR=0.515
  [reuse] v54 181(102u/79s) - 209(115u/94s) v55  draws=10  WR=0.465
  [reuse] v44 213(134u/79s) - 169(111u/58s) v20  draws=18  WR=0.555
  [reuse] v44 178(110u/68s) - 201(119u/82s) v55  draws=21  WR=0.471
  [reuse] v20 167(115u/52s) - 219(137u/82s) v55  draws=14  WR=0.435

Fitting BayesElo (combined) ...
Fitting BayesElo (bipartite per-side, anchor=v56_USSR=1900.0) ...

Model                   Elo    USSR*      US*    Gap                95% CI   vs anchor
  (* bipartite per-side, single anchor: v56_USSR=1900)
----------------------------------------------------------------------------------------
ppo_v296_sc_league_iter0020   2344   2256   2428  -172  [  2308,   2381]  +444
ppo_v296_sc_league_iter0010   2311   2243   2363  -120  [  2276,   2345]  +411
v55                    1920   1944   1880  +64  [  1903,   1937]  +20
v54                    1906   1927   1867  +61  [  1890,   1923]  +6
v56                    1900   1900   1880  +20  [  1900,   1900]  +0
v44                    1890   1906   1852  +54  [  1873,   1907]  -10
v20                    1877   1947   1781  +167  [  1860,   1894]  -23

Pair                              Obs WR   Bip WR   Comb WR   Bip err   Comb err
------------------------------------------------------------------------------------
ppo_v296_sc_league_iter0020 vs ppo_v296_sc_league_iter0010   0.603    0.547     0.548    +0.056     +0.055
ppo_v296_sc_league_iter0020 vs v56              0.827    0.926     0.928    -0.099     -0.101
ppo_v296_sc_league_iter0020 vs v54              0.893    0.925     0.926    -0.032     -0.032
ppo_v296_sc_league_iter0020 vs v44              0.973    0.932     0.932    +0.042     +0.041
ppo_v296_sc_league_iter0020 vs v20              0.980    0.940     0.936    +0.040     +0.044
ppo_v296_sc_league_iter0020 vs v55              0.913    0.919     0.920    -0.006     -0.007
ppo_v296_sc_league_iter0010 vs v56              0.833    0.912     0.914    -0.079     -0.081
ppo_v296_sc_league_iter0010 vs v54              0.940    0.911     0.911    +0.029     +0.029
ppo_v296_sc_league_iter0010 vs v44              0.960    0.919     0.918    +0.041     +0.042
ppo_v296_sc_league_iter0010 vs v20              0.960    0.925     0.924    +0.035     +0.036
ppo_v296_sc_league_iter0010 vs v55              0.933    0.904     0.904    +0.029     +0.029
v56            vs v54              0.502    0.490     0.491    +0.013     +0.012
v56            vs v44              0.481    0.515     0.514    -0.034     -0.033
v56            vs v20              0.485    0.535     0.533    -0.050     -0.048
v56            vs v55              0.471    0.469     0.471    +0.003     +0.001
v54            vs v44              0.574    0.525     0.524    +0.049     +0.050
v54            vs v20              0.515    0.543     0.542    -0.028     -0.027
v54            vs v55              0.465    0.479     0.480    -0.014     -0.015
v44            vs v20              0.555    0.520     0.519    +0.035     +0.036
v44            vs v55              0.471    0.454     0.456    +0.017     +0.015
v20            vs v55              0.435    0.438     0.438    -0.003     -0.003
------------------------------------------------------------------------------------
                                              RMSE    0.0419     0.0424
  (bipartite RMSE < combined RMSE → bipartite model better fit)

Saved to data/checkpoints/ppo_v296_sc_league/candidate_tournament.json
[sql] Tournament logged: round_robin_20260416T183242Z_ppo_v296_sc_league_iter0010_ppo_v296_sc_league_iter0020 → results/metadata.sqlite3

[candidate] Top-8 panel-eval candidates:
  iter 0020: avg_panel_wr=0.933  data/checkpoints/ppo_v296_sc_league/ppo_iter0020_scripted.pt
  iter 0010: avg_panel_wr=0.873  data/checkpoints/ppo_v296_sc_league/ppo_iter0010_scripted.pt
[candidate] Models in tournament: ['ppo_v296_sc_league_iter0020:data/checkpoints/ppo_v296_sc_league/ppo_iter0020_scripted.pt', 'ppo_v296_sc_league_iter0010:data/checkpoints/ppo_v296_sc_league/ppo_iter0010_scripted.pt', 'v56:data/checkpoints/scripted_for_elo/v56_scripted.pt', 'v54:data/checkpoints/scripted_for_elo/v54_scripted.pt', 'v44:data/checkpoints/scripted_for_elo/v44_scripted.pt', 'v20:data/checkpoints/scripted_for_elo/v20_scripted.pt', 'v55:data/checkpoints/scripted_for_elo/v55_scripted.pt']
[candidate] Games per matchup: 150, anchor: v56=1900.0
[candidate] Running: /home/dkord/code/twilight-struggle-ai/.venv/bin/python3 scripts/run_elo_tournament.py --models ppo_v296_sc_league_iter0020:data/checkpoints/ppo_v296_sc_league/ppo_iter0020_scripted.pt ppo_v296_sc_league_iter0010:data/checkpoints/ppo_v296_sc_league/ppo_iter0010_scripted.pt v56:data/checkpoints/scripted_for_elo/v56_scripted.pt v54:data/checkpoints/scripted_for_elo/v54_scripted.pt v44:data/checkpoints/scripted_for_elo/v44_scripted.pt v20:data/checkpoints/scripted_for_elo/v20_scripted.pt v55:data/checkpoints/scripted_for_elo/v55_scripted.pt --games 150 --anchor v56 --anchor-elo 1900.0 --schedule round_robin --out data/checkpoints/ppo_v296_sc_league/candidate_tournament.json --script-dir data/checkpoints/scripted_for_elo

[candidate] Tournament results (candidates only):
  ppo_v296_sc_league_iter0020: Elo=2344.3 ← WINNER
  ppo_v296_sc_league_iter0010: Elo=2310.5
[candidate] ppo_best.pt ← data/checkpoints/ppo_v296_sc_league/ppo_iter0020.pt
[candidate] ppo_best_scripted.pt ← data/checkpoints/ppo_v296_sc_league/ppo_iter0020_scripted.pt

[candidate] Done. Winner: ppo_v296_sc_league_iter0020 (Elo=2344.3)
[candidate] Full tournament results: data/checkpoints/ppo_v296_sc_league/candidate_tournament.json
