Exporting checkpoints to TorchScript ...
  ppo_v312_sc_league_iter0020: already TorchScript, using directly
  ppo_v312_sc_league_iter0010: already TorchScript, using directly
  ppo_v312_sc_league_iter0030: already TorchScript, using directly
Loaded 5675 match results from SQL match_cache

Match schedule (28 total, 13 new, 15 reused from prior run):
  ppo_v312_sc_league_iter0020 vs ppo_v312_sc_league_iter0010
  ppo_v312_sc_league_iter0020 vs ppo_v312_sc_league_iter0030
  ppo_v312_sc_league_iter0020 vs v56
  ppo_v312_sc_league_iter0020 vs v54
  ppo_v312_sc_league_iter0020 vs v44
  ppo_v312_sc_league_iter0020 vs v20
  ppo_v312_sc_league_iter0020 vs v55
  ppo_v312_sc_league_iter0010 vs ppo_v312_sc_league_iter0030
  ppo_v312_sc_league_iter0010 vs v56  [reuse]
  ppo_v312_sc_league_iter0010 vs v54  [reuse]
  ppo_v312_sc_league_iter0010 vs v44  [reuse]
  ppo_v312_sc_league_iter0010 vs v20  [reuse]
  ppo_v312_sc_league_iter0010 vs v55  [reuse]
  ppo_v312_sc_league_iter0030 vs v56
  ppo_v312_sc_league_iter0030 vs v54
  ppo_v312_sc_league_iter0030 vs v44
  ppo_v312_sc_league_iter0030 vs v20
  ppo_v312_sc_league_iter0030 vs v55
  v56 vs v54  [reuse]
  v56 vs v44  [reuse]
  v56 vs v20  [reuse]
  v56 vs v55  [reuse]
  v54 vs v44  [reuse]
  v54 vs v20  [reuse]
  v54 vs v55  [reuse]
  v44 vs v20  [reuse]
  v44 vs v55  [reuse]
  v20 vs v55  [reuse]

[new 1/13] ppo_v312_sc_league_iter0020 vs ppo_v312_sc_league_iter0010 (150 games = 75/side, seed=88000) ...
  ppo_v312_sc_league_iter0020: 72(52u/20s)  ppo_v312_sc_league_iter0010: 76(54u/22s)  draws: 2  WR(ppo_v312_sc_league_iter0020)=0.487  t=15.9s

[new 2/13] ppo_v312_sc_league_iter0020 vs ppo_v312_sc_league_iter0030 (150 games = 75/side, seed=88150) ...
  ppo_v312_sc_league_iter0020: 82(60u/22s)  ppo_v312_sc_league_iter0030: 64(51u/13s)  draws: 4  WR(ppo_v312_sc_league_iter0020)=0.560  t=16.3s

[new 3/13] ppo_v312_sc_league_iter0020 vs v56 (150 games = 75/side, seed=88300) ...
  ppo_v312_sc_league_iter0020: 69(50u/19s)  v56: 79(55u/24s)  draws: 2  WR(ppo_v312_sc_league_iter0020)=0.467  t=15.2s

[new 4/13] ppo_v312_sc_league_iter0020 vs v54 (150 games = 75/side, seed=88450) ...
  ppo_v312_sc_league_iter0020: 71(50u/21s)  v54: 78(53u/25s)  draws: 1  WR(ppo_v312_sc_league_iter0020)=0.477  t=10.6s

[new 5/13] ppo_v312_sc_league_iter0020 vs v44 (150 games = 75/side, seed=88600) ...
  ppo_v312_sc_league_iter0020: 64(47u/17s)  v44: 84(57u/27s)  draws: 2  WR(ppo_v312_sc_league_iter0020)=0.433  t=10.4s

[new 6/13] ppo_v312_sc_league_iter0020 vs v20 (150 games = 75/side, seed=88750) ...
  ppo_v312_sc_league_iter0020: 78(54u/24s)  v20: 69(49u/20s)  draws: 3  WR(ppo_v312_sc_league_iter0020)=0.530  t=14.5s

[new 7/13] ppo_v312_sc_league_iter0020 vs v55 (150 games = 75/side, seed=88900) ...
  ppo_v312_sc_league_iter0020: 70(52u/18s)  v55: 79(57u/22s)  draws: 1  WR(ppo_v312_sc_league_iter0020)=0.470  t=13.6s

[new 8/13] ppo_v312_sc_league_iter0010 vs ppo_v312_sc_league_iter0030 (150 games = 75/side, seed=89050) ...
  ppo_v312_sc_league_iter0010: 74(54u/20s)  ppo_v312_sc_league_iter0030: 71(52u/19s)  draws: 5  WR(ppo_v312_sc_league_iter0010)=0.510  t=17.2s
  [reuse] ppo_v312_sc_league_iter0010 64(46u/18s) - 84(56u/28s) v56  draws=2  WR=0.433
  [reuse] ppo_v312_sc_league_iter0010 57(40u/17s) - 89(57u/32s) v54  draws=4  WR=0.393
  [reuse] ppo_v312_sc_league_iter0010 72(51u/21s) - 77(53u/24s) v44  draws=1  WR=0.483
  [reuse] ppo_v312_sc_league_iter0010 70(43u/27s) - 79(48u/31s) v20  draws=1  WR=0.470
  [reuse] ppo_v312_sc_league_iter0010 58(40u/18s) - 91(57u/34s) v55  draws=1  WR=0.390

[new 9/13] ppo_v312_sc_league_iter0030 vs v56 (150 games = 75/side, seed=89200) ...
  ppo_v312_sc_league_iter0030: 66(47u/19s)  v56: 84(56u/28s)  draws: 0  WR(ppo_v312_sc_league_iter0030)=0.440  t=10.4s

[new 10/13] ppo_v312_sc_league_iter0030 vs v54 (150 games = 75/side, seed=89350) ...
  ppo_v312_sc_league_iter0030: 65(44u/21s)  v54: 82(52u/30s)  draws: 3  WR(ppo_v312_sc_league_iter0030)=0.443  t=10.8s

[new 11/13] ppo_v312_sc_league_iter0030 vs v44 (150 games = 75/side, seed=89500) ...
  ppo_v312_sc_league_iter0030: 71(47u/24s)  v44: 76(51u/25s)  draws: 3  WR(ppo_v312_sc_league_iter0030)=0.483  t=12.3s

[new 12/13] ppo_v312_sc_league_iter0030 vs v20 (150 games = 75/side, seed=89650) ...
  ppo_v312_sc_league_iter0030: 73(52u/21s)  v20: 75(54u/21s)  draws: 2  WR(ppo_v312_sc_league_iter0030)=0.493  t=14.5s

[new 13/13] ppo_v312_sc_league_iter0030 vs v55 (150 games = 75/side, seed=89800) ...
  ppo_v312_sc_league_iter0030: 67(47u/20s)  v55: 81(55u/26s)  draws: 2  WR(ppo_v312_sc_league_iter0030)=0.453  t=14.1s
  [reuse] v56 197(118u/79s) - 195(116u/79s) v54  draws=8  WR=0.502
  [reuse] v56 185(101u/84s) - 200(108u/92s) v44  draws=15  WR=0.481
  [reuse] v56 188(122u/66s) - 200(131u/69s) v20  draws=12  WR=0.485
  [reuse] v56 183(110u/73s) - 206(121u/85s) v55  draws=11  WR=0.471
  [reuse] v54 222(126u/96s) - 163(99u/64s) v44  draws=15  WR=0.574
  [reuse] v54 196(128u/68s) - 184(123u/61s) v20  draws=20  WR=0.515
  [reuse] v54 181(102u/79s) - 209(115u/94s) v55  draws=10  WR=0.465
  [reuse] v44 213(134u/79s) - 169(111u/58s) v20  draws=18  WR=0.555
  [reuse] v44 178(110u/68s) - 201(119u/82s) v55  draws=21  WR=0.471
  [reuse] v20 167(115u/52s) - 219(137u/82s) v55  draws=14  WR=0.435

Fitting BayesElo (bipartite per-side, anchor=v56_USSR=1900.0) ...
Fitting BayesElo (combined, for residual comparison) ...

Model                  USSR      US    Gap   Comb*                95% CI   vs anchor
  (bipartite per-side = PRIMARY, anchor: v56_USSR=1900)
  (* combined = derived from P(win) = 0.5·P_ussr + 0.5·P_us)
----------------------------------------------------------------------------------------
v55                   1933   1860  +73    1928  [  1911,   1942]  +28
v54                   1912   1853  +59    1915  [  1899,   1930]  +15
v44                   1897   1839  +57    1900  [  1886,   1916]  +0
v56                   1900   1835  +65    1900  [  1900,   1900]  +0
ppo_v312_sc_league_iter0020  1963   1743  +220    1888  [  1866,   1909]  -12
v20                   1920   1782  +138    1885  [  1871,   1901]  -15
ppo_v312_sc_league_iter0030  1930   1740  +190    1871  [  1850,   1893]  -29
ppo_v312_sc_league_iter0010  1906   1754  +152    1866  [  1846,   1888]  -34

Pair                              Obs WR   Bip WR   Comb WR   Bip err   Comb err
------------------------------------------------------------------------------------
ppo_v312_sc_league_iter0020 vs ppo_v312_sc_league_iter0010   0.487    0.525     0.529    -0.039     -0.043
ppo_v312_sc_league_iter0020 vs ppo_v312_sc_league_iter0030   0.560    0.519     0.523    +0.041     +0.037
ppo_v312_sc_league_iter0020 vs v56              0.467    0.482     0.482    -0.016     -0.015
ppo_v312_sc_league_iter0020 vs v54              0.477    0.464     0.462    +0.013     +0.015
ppo_v312_sc_league_iter0020 vs v44              0.433    0.482     0.481    -0.048     -0.048
ppo_v312_sc_league_iter0020 vs v20              0.530    0.502     0.502    +0.028     +0.028
ppo_v312_sc_league_iter0020 vs v55              0.470    0.448     0.444    +0.022     +0.026
ppo_v312_sc_league_iter0010 vs ppo_v312_sc_league_iter0030   0.510    0.494     0.494    +0.016     +0.016
ppo_v312_sc_league_iter0010 vs v56              0.433    0.451     0.453    -0.018     -0.020
ppo_v312_sc_league_iter0010 vs v54              0.393    0.431     0.433    -0.038     -0.039
ppo_v312_sc_league_iter0010 vs v44              0.483    0.450     0.452    +0.033     +0.032
ppo_v312_sc_league_iter0010 vs v20              0.470    0.474     0.473    -0.004     -0.003
ppo_v312_sc_league_iter0010 vs v55              0.390    0.415     0.415    -0.025     -0.025
ppo_v312_sc_league_iter0030 vs v56              0.440    0.459     0.459    -0.019     -0.019
ppo_v312_sc_league_iter0030 vs v54              0.443    0.440     0.439    +0.004     +0.005
ppo_v312_sc_league_iter0030 vs v44              0.483    0.458     0.458    +0.025     +0.025
ppo_v312_sc_league_iter0030 vs v20              0.493    0.481     0.479    +0.012     +0.014
ppo_v312_sc_league_iter0030 vs v55              0.453    0.424     0.421    +0.029     +0.032
v56            vs v54              0.502    0.479     0.479    +0.024     +0.023
v56            vs v44              0.481    0.499     0.499    -0.018     -0.017
v56            vs v20              0.485    0.522     0.520    -0.037     -0.035
v56            vs v55              0.471    0.460     0.462    +0.011     +0.010
v54            vs v44              0.574    0.521     0.519    +0.053     +0.054
v54            vs v20              0.515    0.542     0.541    -0.027     -0.026
v54            vs v55              0.465    0.481     0.482    -0.016     -0.017
v44            vs v20              0.555    0.522     0.521    +0.033     +0.034
v44            vs v55              0.471    0.461     0.463    +0.011     +0.008
v20            vs v55              0.435    0.441     0.442    -0.006     -0.007
------------------------------------------------------------------------------------
                                              RMSE    0.0269     0.0272
  (bipartite RMSE < combined RMSE → bipartite model better fit)

Saved to data/checkpoints/ppo_v312_sc_league/candidate_tournament.json
[sql] Tournament logged: round_robin_20260417T140836Z_ppo_v312_sc_league_iter0010_ppo_v312_sc_league_iter0020 → results/metadata.sqlite3

[candidate] Top-8 panel-eval candidates:
  iter 0020: avg_panel_wr=0.524  data/checkpoints/ppo_v312_sc_league/ppo_iter0020_scripted.pt
  iter 0010: avg_panel_wr=0.505  data/checkpoints/ppo_v312_sc_league/ppo_iter0010_scripted.pt
  iter 0030: avg_panel_wr=0.461  data/checkpoints/ppo_v312_sc_league/ppo_iter0030_scripted.pt
[candidate] Models in tournament: ['ppo_v312_sc_league_iter0020:data/checkpoints/ppo_v312_sc_league/ppo_iter0020_scripted.pt', 'ppo_v312_sc_league_iter0010:data/checkpoints/ppo_v312_sc_league/ppo_iter0010_scripted.pt', 'ppo_v312_sc_league_iter0030:data/checkpoints/ppo_v312_sc_league/ppo_iter0030_scripted.pt', 'v56:data/checkpoints/scripted_for_elo/v56_scripted.pt', 'v54:data/checkpoints/scripted_for_elo/v54_scripted.pt', 'v44:data/checkpoints/scripted_for_elo/v44_scripted.pt', 'v20:data/checkpoints/scripted_for_elo/v20_scripted.pt', 'v55:data/checkpoints/scripted_for_elo/v55_scripted.pt']
[candidate] Games per matchup: 150, anchor: v56=1900.0
[candidate] Running: /home/dkord/code/twilight-struggle-ai/.venv/bin/python3 scripts/run_elo_tournament.py --models ppo_v312_sc_league_iter0020:data/checkpoints/ppo_v312_sc_league/ppo_iter0020_scripted.pt ppo_v312_sc_league_iter0010:data/checkpoints/ppo_v312_sc_league/ppo_iter0010_scripted.pt ppo_v312_sc_league_iter0030:data/checkpoints/ppo_v312_sc_league/ppo_iter0030_scripted.pt v56:data/checkpoints/scripted_for_elo/v56_scripted.pt v54:data/checkpoints/scripted_for_elo/v54_scripted.pt v44:data/checkpoints/scripted_for_elo/v44_scripted.pt v20:data/checkpoints/scripted_for_elo/v20_scripted.pt v55:data/checkpoints/scripted_for_elo/v55_scripted.pt --games 150 --anchor v56 --anchor-elo 1900.0 --schedule round_robin --out data/checkpoints/ppo_v312_sc_league/candidate_tournament.json --script-dir data/checkpoints/scripted_for_elo

[candidate] Tournament results (candidates only):
  ppo_v312_sc_league_iter0020: Elo=1887.7 ← WINNER
  ppo_v312_sc_league_iter0030: Elo=1871.4
  ppo_v312_sc_league_iter0010: Elo=1865.9
[candidate] ppo_best.pt ← data/checkpoints/ppo_v312_sc_league/ppo_iter0020.pt
[candidate] ppo_best_scripted.pt ← data/checkpoints/ppo_v312_sc_league/ppo_iter0020_scripted.pt

[candidate] Done. Winner: ppo_v312_sc_league_iter0020 (Elo=1887.7)
[candidate] Full tournament results: data/checkpoints/ppo_v312_sc_league/candidate_tournament.json
Exporting checkpoints to TorchScript ...
  ppo_v312_sc_league_iter0020: already TorchScript, using directly
  ppo_v312_sc_league_iter0010: already TorchScript, using directly
  ppo_v312_sc_league_iter0040: already TorchScript, using directly
  ppo_v312_sc_league_iter0030: already TorchScript, using directly
Loaded 5688 match results from SQL match_cache

Match schedule (36 total, 8 new, 28 reused from prior run):
  ppo_v312_sc_league_iter0020 vs ppo_v312_sc_league_iter0010  [reuse]
  ppo_v312_sc_league_iter0020 vs ppo_v312_sc_league_iter0040
  ppo_v312_sc_league_iter0020 vs ppo_v312_sc_league_iter0030  [reuse]
  ppo_v312_sc_league_iter0020 vs v56  [reuse]
  ppo_v312_sc_league_iter0020 vs v54  [reuse]
  ppo_v312_sc_league_iter0020 vs v44  [reuse]
  ppo_v312_sc_league_iter0020 vs v20  [reuse]
  ppo_v312_sc_league_iter0020 vs v55  [reuse]
  ppo_v312_sc_league_iter0010 vs ppo_v312_sc_league_iter0040
  ppo_v312_sc_league_iter0010 vs ppo_v312_sc_league_iter0030  [reuse]
  ppo_v312_sc_league_iter0010 vs v56  [reuse]
  ppo_v312_sc_league_iter0010 vs v54  [reuse]
  ppo_v312_sc_league_iter0010 vs v44  [reuse]
  ppo_v312_sc_league_iter0010 vs v20  [reuse]
  ppo_v312_sc_league_iter0010 vs v55  [reuse]
  ppo_v312_sc_league_iter0040 vs ppo_v312_sc_league_iter0030
  ppo_v312_sc_league_iter0040 vs v56
  ppo_v312_sc_league_iter0040 vs v54
  ppo_v312_sc_league_iter0040 vs v44
  ppo_v312_sc_league_iter0040 vs v20
  ppo_v312_sc_league_iter0040 vs v55
  ppo_v312_sc_league_iter0030 vs v56  [reuse]
  ppo_v312_sc_league_iter0030 vs v54  [reuse]
  ppo_v312_sc_league_iter0030 vs v44  [reuse]
  ppo_v312_sc_league_iter0030 vs v20  [reuse]
  ppo_v312_sc_league_iter0030 vs v55  [reuse]
  v56 vs v54  [reuse]
  v56 vs v44  [reuse]
  v56 vs v20  [reuse]
  v56 vs v55  [reuse]
  v54 vs v44  [reuse]
  v54 vs v20  [reuse]
  v54 vs v55  [reuse]
  v44 vs v20  [reuse]
  v44 vs v55  [reuse]
  v20 vs v55  [reuse]
  [reuse] ppo_v312_sc_league_iter0020 72(52u/20s) - 76(54u/22s) ppo_v312_sc_league_iter0010  draws=2  WR=0.487

[new 1/8] ppo_v312_sc_league_iter0020 vs ppo_v312_sc_league_iter0040 (150 games = 75/side, seed=88000) ...
  ppo_v312_sc_league_iter0020: 69(49u/20s)  ppo_v312_sc_league_iter0040: 79(53u/26s)  draws: 2  WR(ppo_v312_sc_league_iter0020)=0.467  t=19.1s
  [reuse] ppo_v312_sc_league_iter0020 82(60u/22s) - 64(51u/13s) ppo_v312_sc_league_iter0030  draws=4  WR=0.560
  [reuse] ppo_v312_sc_league_iter0020 69(50u/19s) - 79(55u/24s) v56  draws=2  WR=0.467
  [reuse] ppo_v312_sc_league_iter0020 71(50u/21s) - 78(53u/25s) v54  draws=1  WR=0.477
  [reuse] ppo_v312_sc_league_iter0020 64(47u/17s) - 84(57u/27s) v44  draws=2  WR=0.433
  [reuse] ppo_v312_sc_league_iter0020 78(54u/24s) - 69(49u/20s) v20  draws=3  WR=0.530
  [reuse] ppo_v312_sc_league_iter0020 70(52u/18s) - 79(57u/22s) v55  draws=1  WR=0.470

[new 2/8] ppo_v312_sc_league_iter0010 vs ppo_v312_sc_league_iter0040 (150 games = 75/side, seed=88150) ...
  ppo_v312_sc_league_iter0010: 66(49u/17s)  ppo_v312_sc_league_iter0040: 80(56u/24s)  draws: 4  WR(ppo_v312_sc_league_iter0010)=0.453  t=19.9s
  [reuse] ppo_v312_sc_league_iter0010 74(54u/20s) - 71(52u/19s) ppo_v312_sc_league_iter0030  draws=5  WR=0.510
  [reuse] ppo_v312_sc_league_iter0010 64(46u/18s) - 84(56u/28s) v56  draws=2  WR=0.433
  [reuse] ppo_v312_sc_league_iter0010 57(40u/17s) - 89(57u/32s) v54  draws=4  WR=0.393
  [reuse] ppo_v312_sc_league_iter0010 72(51u/21s) - 77(53u/24s) v44  draws=1  WR=0.483
  [reuse] ppo_v312_sc_league_iter0010 70(43u/27s) - 79(48u/31s) v20  draws=1  WR=0.470
  [reuse] ppo_v312_sc_league_iter0010 58(40u/18s) - 91(57u/34s) v55  draws=1  WR=0.390

[new 3/8] ppo_v312_sc_league_iter0040 vs ppo_v312_sc_league_iter0030 (150 games = 75/side, seed=88300) ...
  ppo_v312_sc_league_iter0040: 72(57u/15s)  ppo_v312_sc_league_iter0030: 77(59u/18s)  draws: 1  WR(ppo_v312_sc_league_iter0040)=0.483  t=19.7s

[new 4/8] ppo_v312_sc_league_iter0040 vs v56 (150 games = 75/side, seed=88450) ...
  ppo_v312_sc_league_iter0040: 66(45u/21s)  v56: 78(50u/28s)  draws: 6  WR(ppo_v312_sc_league_iter0040)=0.460  t=13.2s

[new 5/8] ppo_v312_sc_league_iter0040 vs v54 (150 games = 75/side, seed=88600) ...
  ppo_v312_sc_league_iter0040: 60(45u/15s)  v54: 87(59u/28s)  draws: 3  WR(ppo_v312_sc_league_iter0040)=0.410  t=13.8s

[new 6/8] ppo_v312_sc_league_iter0040 vs v44 (150 games = 75/side, seed=88750) ...
  ppo_v312_sc_league_iter0040: 79(48u/31s)  v44: 67(42u/25s)  draws: 4  WR(ppo_v312_sc_league_iter0040)=0.540  t=17.4s

[new 7/8] ppo_v312_sc_league_iter0040 vs v20 (150 games = 75/side, seed=88900) ...
  ppo_v312_sc_league_iter0040: 72(47u/25s)  v20: 77(49u/28s)  draws: 1  WR(ppo_v312_sc_league_iter0040)=0.483  t=12.6s

[new 8/8] ppo_v312_sc_league_iter0040 vs v55 (150 games = 75/side, seed=89050) ...
  ppo_v312_sc_league_iter0040: 63(40u/23s)  v55: 85(52u/33s)  draws: 2  WR(ppo_v312_sc_league_iter0040)=0.427  t=19.5s
  [reuse] ppo_v312_sc_league_iter0030 66(47u/19s) - 84(56u/28s) v56  draws=0  WR=0.440
  [reuse] ppo_v312_sc_league_iter0030 65(44u/21s) - 82(52u/30s) v54  draws=3  WR=0.443
  [reuse] ppo_v312_sc_league_iter0030 71(47u/24s) - 76(51u/25s) v44  draws=3  WR=0.483
  [reuse] ppo_v312_sc_league_iter0030 73(52u/21s) - 75(54u/21s) v20  draws=2  WR=0.493
  [reuse] ppo_v312_sc_league_iter0030 67(47u/20s) - 81(55u/26s) v55  draws=2  WR=0.453
  [reuse] v56 197(118u/79s) - 195(116u/79s) v54  draws=8  WR=0.502
  [reuse] v56 185(101u/84s) - 200(108u/92s) v44  draws=15  WR=0.481
  [reuse] v56 188(122u/66s) - 200(131u/69s) v20  draws=12  WR=0.485
  [reuse] v56 183(110u/73s) - 206(121u/85s) v55  draws=11  WR=0.471
  [reuse] v54 222(126u/96s) - 163(99u/64s) v44  draws=15  WR=0.574
  [reuse] v54 196(128u/68s) - 184(123u/61s) v20  draws=20  WR=0.515
  [reuse] v54 181(102u/79s) - 209(115u/94s) v55  draws=10  WR=0.465
  [reuse] v44 213(134u/79s) - 169(111u/58s) v20  draws=18  WR=0.555
  [reuse] v44 178(110u/68s) - 201(119u/82s) v55  draws=21  WR=0.471
  [reuse] v20 167(115u/52s) - 219(137u/82s) v55  draws=14  WR=0.435

Fitting BayesElo (bipartite per-side, anchor=v56_USSR=1900.0) ...
Fitting BayesElo (combined, for residual comparison) ...

Model                  USSR      US    Gap   Comb*                95% CI   vs anchor
  (bipartite per-side = PRIMARY, anchor: v56_USSR=1900)
  (* combined = derived from P(win) = 0.5·P_ussr + 0.5·P_us)
----------------------------------------------------------------------------------------
v55                   1930   1861  +69    1927  [  1912,   1941]  +27
v54                   1917   1850  +68    1916  [  1901,   1930]  +16
v56                   1900   1834  +66    1900  [  1900,   1900]  +0
v44                   1891   1836  +54    1897  [  1883,   1912]  -3
v20                   1916   1785  +132    1885  [  1871,   1901]  -15
ppo_v312_sc_league_iter0020  1951   1744  +207    1883  [  1864,   1903]  -17
ppo_v312_sc_league_iter0040  1920   1776  +144    1883  [  1863,   1903]  -17
ppo_v312_sc_league_iter0030  1938   1735  +203    1874  [  1853,   1893]  -26
ppo_v312_sc_league_iter0010  1904   1748  +156    1863  [  1844,   1884]  -37

Pair                              Obs WR   Bip WR   Comb WR   Bip err   Comb err
------------------------------------------------------------------------------------
ppo_v312_sc_league_iter0020 vs ppo_v312_sc_league_iter0010   0.487    0.524     0.528    -0.037     -0.041
ppo_v312_sc_league_iter0020 vs ppo_v312_sc_league_iter0040   0.467    0.500     0.501    -0.033     -0.034
ppo_v312_sc_league_iter0020 vs ppo_v312_sc_league_iter0030   0.560    0.512     0.515    +0.048     +0.045
ppo_v312_sc_league_iter0020 vs v56              0.467    0.476     0.476    -0.009     -0.010
ppo_v312_sc_league_iter0020 vs v54              0.477    0.456     0.454    +0.021     +0.023
ppo_v312_sc_league_iter0020 vs v44              0.433    0.480     0.480    -0.047     -0.047
ppo_v312_sc_league_iter0020 vs v20              0.530    0.497     0.497    +0.033     +0.033
ppo_v312_sc_league_iter0020 vs v55              0.470    0.441     0.439    +0.029     +0.031
ppo_v312_sc_league_iter0010 vs ppo_v312_sc_league_iter0040   0.453    0.474     0.473    -0.020     -0.020
ppo_v312_sc_league_iter0010 vs ppo_v312_sc_league_iter0030   0.510    0.488     0.487    +0.022     +0.023
ppo_v312_sc_league_iter0010 vs v56              0.433    0.447     0.449    -0.014     -0.016
ppo_v312_sc_league_iter0010 vs v54              0.393    0.426     0.427    -0.033     -0.034
ppo_v312_sc_league_iter0010 vs v44              0.483    0.451     0.452    +0.033     +0.031
ppo_v312_sc_league_iter0010 vs v20              0.470    0.470     0.469    -0.000     +0.001
ppo_v312_sc_league_iter0010 vs v55              0.390    0.411     0.412    -0.021     -0.022
ppo_v312_sc_league_iter0040 vs ppo_v312_sc_league_iter0030   0.483    0.513     0.514    -0.030     -0.031
ppo_v312_sc_league_iter0040 vs v56              0.460    0.475     0.475    -0.015     -0.015
ppo_v312_sc_league_iter0040 vs v54              0.410    0.453     0.453    -0.043     -0.043
ppo_v312_sc_league_iter0040 vs v44              0.540    0.479     0.479    +0.061     +0.061
ppo_v312_sc_league_iter0040 vs v20              0.483    0.497     0.496    -0.013     -0.012
ppo_v312_sc_league_iter0040 vs v55              0.427    0.438     0.438    -0.012     -0.011
ppo_v312_sc_league_iter0030 vs v56              0.440    0.462     0.462    -0.022     -0.022
ppo_v312_sc_league_iter0030 vs v54              0.443    0.442     0.440    +0.002     +0.004
ppo_v312_sc_league_iter0030 vs v44              0.483    0.466     0.465    +0.018     +0.018
ppo_v312_sc_league_iter0030 vs v20              0.493    0.484     0.482    +0.010     +0.011
ppo_v312_sc_league_iter0030 vs v55              0.453    0.428     0.424    +0.026     +0.029
v56            vs v54              0.502    0.477     0.478    +0.025     +0.025
v56            vs v44              0.481    0.505     0.504    -0.023     -0.022
v56            vs v20              0.485    0.522     0.520    -0.037     -0.035
v56            vs v55              0.471    0.461     0.462    +0.010     +0.009
v54            vs v44              0.574    0.528     0.526    +0.046     +0.048
v54            vs v20              0.515    0.544     0.543    -0.029     -0.028
v54            vs v55              0.465    0.484     0.484    -0.019     -0.019
v44            vs v20              0.555    0.518     0.517    +0.037     +0.038
v44            vs v55              0.471    0.456     0.458    +0.015     +0.013
v20            vs v55              0.435    0.441     0.442    -0.006     -0.007
------------------------------------------------------------------------------------
                                              RMSE    0.0285     0.0288
  (bipartite RMSE < combined RMSE → bipartite model better fit)

Saved to data/checkpoints/ppo_v312_sc_league/candidate_tournament.json
[sql] Tournament logged: round_robin_20260417T141438Z_ppo_v312_sc_league_iter0010_ppo_v312_sc_league_iter0020 → results/metadata.sqlite3

[candidate] Top-8 panel-eval candidates:
  iter 0020: avg_panel_wr=0.524  data/checkpoints/ppo_v312_sc_league/ppo_iter0020_scripted.pt
  iter 0010: avg_panel_wr=0.505  data/checkpoints/ppo_v312_sc_league/ppo_iter0010_scripted.pt
  iter 0040: avg_panel_wr=0.476  data/checkpoints/ppo_v312_sc_league/ppo_iter0040_scripted.pt
  iter 0030: avg_panel_wr=0.461  data/checkpoints/ppo_v312_sc_league/ppo_iter0030_scripted.pt
[candidate] Models in tournament: ['ppo_v312_sc_league_iter0020:data/checkpoints/ppo_v312_sc_league/ppo_iter0020_scripted.pt', 'ppo_v312_sc_league_iter0010:data/checkpoints/ppo_v312_sc_league/ppo_iter0010_scripted.pt', 'ppo_v312_sc_league_iter0040:data/checkpoints/ppo_v312_sc_league/ppo_iter0040_scripted.pt', 'ppo_v312_sc_league_iter0030:data/checkpoints/ppo_v312_sc_league/ppo_iter0030_scripted.pt', 'v56:data/checkpoints/scripted_for_elo/v56_scripted.pt', 'v54:data/checkpoints/scripted_for_elo/v54_scripted.pt', 'v44:data/checkpoints/scripted_for_elo/v44_scripted.pt', 'v20:data/checkpoints/scripted_for_elo/v20_scripted.pt', 'v55:data/checkpoints/scripted_for_elo/v55_scripted.pt']
[candidate] Games per matchup: 150, anchor: v56=1900.0
[candidate] Running: /home/dkord/code/twilight-struggle-ai/.venv/bin/python3 scripts/run_elo_tournament.py --models ppo_v312_sc_league_iter0020:data/checkpoints/ppo_v312_sc_league/ppo_iter0020_scripted.pt ppo_v312_sc_league_iter0010:data/checkpoints/ppo_v312_sc_league/ppo_iter0010_scripted.pt ppo_v312_sc_league_iter0040:data/checkpoints/ppo_v312_sc_league/ppo_iter0040_scripted.pt ppo_v312_sc_league_iter0030:data/checkpoints/ppo_v312_sc_league/ppo_iter0030_scripted.pt v56:data/checkpoints/scripted_for_elo/v56_scripted.pt v54:data/checkpoints/scripted_for_elo/v54_scripted.pt v44:data/checkpoints/scripted_for_elo/v44_scripted.pt v20:data/checkpoints/scripted_for_elo/v20_scripted.pt v55:data/checkpoints/scripted_for_elo/v55_scripted.pt --games 150 --anchor v56 --anchor-elo 1900.0 --schedule round_robin --out data/checkpoints/ppo_v312_sc_league/candidate_tournament.json --script-dir data/checkpoints/scripted_for_elo

[candidate] Tournament results (candidates only):
  ppo_v312_sc_league_iter0020: Elo=1883.3 ← WINNER
  ppo_v312_sc_league_iter0040: Elo=1882.6
  ppo_v312_sc_league_iter0030: Elo=1873.6
  ppo_v312_sc_league_iter0010: Elo=1863.0
[candidate] ppo_best.pt ← data/checkpoints/ppo_v312_sc_league/ppo_iter0020.pt
[candidate] ppo_best_scripted.pt ← data/checkpoints/ppo_v312_sc_league/ppo_iter0020_scripted.pt

[candidate] Done. Winner: ppo_v312_sc_league_iter0020 (Elo=1883.3)
[candidate] Full tournament results: data/checkpoints/ppo_v312_sc_league/candidate_tournament.json
