Exporting checkpoints to TorchScript ...
  ppo_v261_sc_league_iter0020: already TorchScript, using directly
  ppo_v261_sc_league_iter0010: already TorchScript, using directly
Loaded 4935 match results from SQL match_cache

Match schedule (21 total, 6 new, 15 reused from prior run):
  ppo_v261_sc_league_iter0020 vs ppo_v261_sc_league_iter0010
  ppo_v261_sc_league_iter0020 vs v55
  ppo_v261_sc_league_iter0020 vs v54
  ppo_v261_sc_league_iter0020 vs v44
  ppo_v261_sc_league_iter0020 vs v45
  ppo_v261_sc_league_iter0020 vs v14
  ppo_v261_sc_league_iter0010 vs v55  [reuse]
  ppo_v261_sc_league_iter0010 vs v54  [reuse]
  ppo_v261_sc_league_iter0010 vs v44  [reuse]
  ppo_v261_sc_league_iter0010 vs v45  [reuse]
  ppo_v261_sc_league_iter0010 vs v14  [reuse]
  v55 vs v54  [reuse]
  v55 vs v44  [reuse]
  v55 vs v45  [reuse]
  v55 vs v14  [reuse]
  v54 vs v44  [reuse]
  v54 vs v45  [reuse]
  v54 vs v14  [reuse]
  v44 vs v45  [reuse]
  v44 vs v14  [reuse]
  v45 vs v14  [reuse]

[new 1/6] ppo_v261_sc_league_iter0020 vs ppo_v261_sc_league_iter0010 (150 games = 75/side, seed=88000) ...
  ppo_v261_sc_league_iter0020: 74(28u/46s)  ppo_v261_sc_league_iter0010: 76(29u/47s)  draws: 0  WR(ppo_v261_sc_league_iter0020)=0.493  t=10.1s

[new 2/6] ppo_v261_sc_league_iter0020 vs v55 (150 games = 75/side, seed=88150) ...
  ppo_v261_sc_league_iter0020: 144(72u/72s)  v55: 6(3u/3s)  draws: 0  WR(ppo_v261_sc_league_iter0020)=0.960  t=1.9s

[new 3/6] ppo_v261_sc_league_iter0020 vs v54 (150 games = 75/side, seed=88300) ...
  ppo_v261_sc_league_iter0020: 145(70u/75s)  v54: 5(0u/5s)  draws: 0  WR(ppo_v261_sc_league_iter0020)=0.967  t=1.8s

[new 4/6] ppo_v261_sc_league_iter0020 vs v44 (150 games = 75/side, seed=88450) ...
  ppo_v261_sc_league_iter0020: 141(69u/72s)  v44: 9(3u/6s)  draws: 0  WR(ppo_v261_sc_league_iter0020)=0.940  t=2.3s

[new 5/6] ppo_v261_sc_league_iter0020 vs v45 (150 games = 75/side, seed=88600) ...
  ppo_v261_sc_league_iter0020: 142(69u/73s)  v45: 8(2u/6s)  draws: 0  WR(ppo_v261_sc_league_iter0020)=0.947  t=2.3s

[new 6/6] ppo_v261_sc_league_iter0020 vs v14 (150 games = 75/side, seed=88750) ...
  ppo_v261_sc_league_iter0020: 144(74u/70s)  v14: 6(5u/1s)  draws: 0  WR(ppo_v261_sc_league_iter0020)=0.960  t=2.3s
  [reuse] ppo_v261_sc_league_iter0010 143(73u/70s) - 7(5u/2s) v55  draws=0  WR=0.953
  [reuse] ppo_v261_sc_league_iter0010 144(72u/72s) - 6(3u/3s) v54  draws=0  WR=0.960
  [reuse] ppo_v261_sc_league_iter0010 143(69u/74s) - 7(1u/6s) v44  draws=0  WR=0.953
  [reuse] ppo_v261_sc_league_iter0010 141(70u/71s) - 9(4u/5s) v45  draws=0  WR=0.940
  [reuse] ppo_v261_sc_league_iter0010 142(72u/70s) - 8(5u/3s) v14  draws=0  WR=0.947
  [reuse] v55 209(115u/94s) - 181(102u/79s) v54  draws=10  WR=0.535
  [reuse] v55 201(119u/82s) - 178(110u/68s) v44  draws=21  WR=0.529
  [reuse] v55 206(136u/70s) - 180(123u/57s) v45  draws=14  WR=0.532
  [reuse] v55 255(150u/105s) - 128(88u/40s) v14  draws=17  WR=0.659
  [reuse] v54 222(126u/96s) - 163(99u/64s) v44  draws=15  WR=0.574
  [reuse] v54 194(125u/69s) - 183(121u/62s) v45  draws=23  WR=0.514
  [reuse] v54 254(154u/100s) - 131(95u/36s) v14  draws=15  WR=0.654
  [reuse] v44 194(130u/64s) - 192(130u/62s) v45  draws=14  WR=0.502
  [reuse] v44 239(147u/92s) - 147(100u/47s) v14  draws=14  WR=0.615
  [reuse] v45 226(147u/79s) - 162(115u/47s) v14  draws=12  WR=0.580

Fitting BayesElo (combined) ...
Fitting BayesElo (bipartite per-side, anchor=v14_USSR=2015.0) ...

Model                   Elo    USSR*      US*    Gap                95% CI   vs anchor
  (* bipartite per-side, single anchor: v14_USSR=2015)
----------------------------------------------------------------------------------------
ppo_v261_sc_league_iter0020   2614   2483   2622  -139  [  2574,   2655]  +599
ppo_v261_sc_league_iter0010   2613   2517   2583  -66  [  2572,   2653]  +598
v55                    2125   2096   2030  +66  [  2107,   2142]  +110
v54                    2117   2079   2030  +49  [  2100,   2134]  +102
v45                    2094   2109   1951  +158  [  2077,   2111]  +79
v44                    2091   2062   1991  +71  [  2074,   2108]  +76
v14                    2015   2015   1868  +147  [  2015,   2015]  +0

Pair                              Obs WR   Bip WR   Comb WR   Bip err   Comb err
------------------------------------------------------------------------------------
ppo_v261_sc_league_iter0020 vs ppo_v261_sc_league_iter0010   0.493    0.503     0.502    -0.009     -0.009
ppo_v261_sc_league_iter0020 vs v55              0.960    0.943     0.944    +0.017     +0.016
ppo_v261_sc_league_iter0020 vs v54              0.967    0.945     0.946    +0.022     +0.021
ppo_v261_sc_league_iter0020 vs v44              0.940    0.953     0.953    -0.013     -0.013
ppo_v261_sc_league_iter0020 vs v45              0.947    0.953     0.952    -0.006     -0.006
ppo_v261_sc_league_iter0020 vs v14              0.960    0.971     0.969    -0.011     -0.009
ppo_v261_sc_league_iter0010 vs v55              0.953    0.943     0.943    +0.010     +0.010
ppo_v261_sc_league_iter0010 vs v54              0.960    0.946     0.946    +0.014     +0.014
ppo_v261_sc_league_iter0010 vs v44              0.953    0.953     0.953    +0.000     +0.001
ppo_v261_sc_league_iter0010 vs v45              0.940    0.951     0.952    -0.011     -0.012
ppo_v261_sc_league_iter0010 vs v14              0.947    0.970     0.969    -0.023     -0.022
v55            vs v54              0.535    0.512     0.511    +0.023     +0.024
v55            vs v44              0.529    0.550     0.548    -0.021     -0.019
v55            vs v45              0.532    0.542     0.544    -0.010     -0.012
v55            vs v14              0.659    0.654     0.653    +0.004     +0.006
v54            vs v44              0.574    0.538     0.537    +0.035     +0.037
v54            vs v45              0.514    0.532     0.533    -0.018     -0.019
v54            vs v14              0.654    0.646     0.643    +0.008     +0.011
v44            vs v45              0.502    0.495     0.496    +0.007     +0.006
v44            vs v14              0.615    0.610     0.608    +0.005     +0.007
v45            vs v14              0.580    0.605     0.611    -0.025     -0.031
------------------------------------------------------------------------------------
                                              RMSE    0.0163     0.0170
  (bipartite RMSE < combined RMSE → bipartite model better fit)

Saved to data/checkpoints/ppo_v261_sc_league/candidate_tournament.json
[sql] Tournament logged: round_robin_20260414T172005Z_ppo_v261_sc_league_iter0010_ppo_v261_sc_league_iter0020 → results/metadata.sqlite3

[candidate] Top-8 panel-eval candidates:
  iter 0020: avg_panel_wr=0.965  data/checkpoints/ppo_v261_sc_league/ppo_iter0020_scripted.pt
  iter 0010: avg_panel_wr=0.924  data/checkpoints/ppo_v261_sc_league/ppo_iter0010_scripted.pt
[candidate] Models in tournament: ['ppo_v261_sc_league_iter0020:data/checkpoints/ppo_v261_sc_league/ppo_iter0020_scripted.pt', 'ppo_v261_sc_league_iter0010:data/checkpoints/ppo_v261_sc_league/ppo_iter0010_scripted.pt', 'v55:data/checkpoints/scripted_for_elo/v55_scripted.pt', 'v54:data/checkpoints/scripted_for_elo/v54_scripted.pt', 'v44:data/checkpoints/scripted_for_elo/v44_scripted.pt', 'v45:data/checkpoints/scripted_for_elo/v45_scripted.pt', 'v14:data/checkpoints/scripted_for_elo/v14_scripted.pt']
[candidate] Games per matchup: 150, anchor: v14=2015.0
[candidate] Running: /home/dkord/code/twilight-struggle-ai/.venv/bin/python3 scripts/run_elo_tournament.py --models ppo_v261_sc_league_iter0020:data/checkpoints/ppo_v261_sc_league/ppo_iter0020_scripted.pt ppo_v261_sc_league_iter0010:data/checkpoints/ppo_v261_sc_league/ppo_iter0010_scripted.pt v55:data/checkpoints/scripted_for_elo/v55_scripted.pt v54:data/checkpoints/scripted_for_elo/v54_scripted.pt v44:data/checkpoints/scripted_for_elo/v44_scripted.pt v45:data/checkpoints/scripted_for_elo/v45_scripted.pt v14:data/checkpoints/scripted_for_elo/v14_scripted.pt --games 150 --anchor v14 --anchor-elo 2015.0 --schedule round_robin --out data/checkpoints/ppo_v261_sc_league/candidate_tournament.json --script-dir data/checkpoints/scripted_for_elo

[candidate] Tournament results (candidates only):
  ppo_v261_sc_league_iter0020: Elo=2614.3 ← WINNER
  ppo_v261_sc_league_iter0010: Elo=2612.7
[candidate] ppo_best.pt ← data/checkpoints/ppo_v261_sc_league/ppo_iter0020.pt
[candidate] ppo_best_scripted.pt ← data/checkpoints/ppo_v261_sc_league/ppo_iter0020_scripted.pt

[candidate] Done. Winner: ppo_v261_sc_league_iter0020 (Elo=2614.3)
[candidate] Full tournament results: data/checkpoints/ppo_v261_sc_league/candidate_tournament.json
