Exporting checkpoints to TorchScript ...
  ppo_v72_sc_league_iter0060: already TorchScript, using directly
  ppo_v72_sc_league_iter0100: already TorchScript, using directly
  ppo_v72_sc_league_iter0010: already TorchScript, using directly
  ppo_v72_sc_league_iter0050: already TorchScript, using directly
  ppo_v72_sc_league_iter0110: already TorchScript, using directly
  ppo_v72_sc_league_iter0040: already TorchScript, using directly
  ppo_v72_sc_league_iter0090: already TorchScript, using directly
  ppo_v72_sc_league_iter0080: already TorchScript, using directly
Loaded 2240 match results from SQL match_cache

Match schedule (78 total, 12 new, 66 reused from prior run):
  ppo_v72_sc_league_iter0060 vs ppo_v72_sc_league_iter0100  [reuse]
  ppo_v72_sc_league_iter0060 vs ppo_v72_sc_league_iter0010  [reuse]
  ppo_v72_sc_league_iter0060 vs ppo_v72_sc_league_iter0050  [reuse]
  ppo_v72_sc_league_iter0060 vs ppo_v72_sc_league_iter0110
  ppo_v72_sc_league_iter0060 vs ppo_v72_sc_league_iter0040  [reuse]
  ppo_v72_sc_league_iter0060 vs ppo_v72_sc_league_iter0090  [reuse]
  ppo_v72_sc_league_iter0060 vs ppo_v72_sc_league_iter0080  [reuse]
  ppo_v72_sc_league_iter0060 vs v55  [reuse]
  ppo_v72_sc_league_iter0060 vs v54  [reuse]
  ppo_v72_sc_league_iter0060 vs v44  [reuse]
  ppo_v72_sc_league_iter0060 vs v45  [reuse]
  ppo_v72_sc_league_iter0060 vs v14  [reuse]
  ppo_v72_sc_league_iter0100 vs ppo_v72_sc_league_iter0010  [reuse]
  ppo_v72_sc_league_iter0100 vs ppo_v72_sc_league_iter0050  [reuse]
  ppo_v72_sc_league_iter0100 vs ppo_v72_sc_league_iter0110
  ppo_v72_sc_league_iter0100 vs ppo_v72_sc_league_iter0040  [reuse]
  ppo_v72_sc_league_iter0100 vs ppo_v72_sc_league_iter0090  [reuse]
  ppo_v72_sc_league_iter0100 vs ppo_v72_sc_league_iter0080  [reuse]
  ppo_v72_sc_league_iter0100 vs v55  [reuse]
  ppo_v72_sc_league_iter0100 vs v54  [reuse]
  ppo_v72_sc_league_iter0100 vs v44  [reuse]
  ppo_v72_sc_league_iter0100 vs v45  [reuse]
  ppo_v72_sc_league_iter0100 vs v14  [reuse]
  ppo_v72_sc_league_iter0010 vs ppo_v72_sc_league_iter0050  [reuse]
  ppo_v72_sc_league_iter0010 vs ppo_v72_sc_league_iter0110
  ppo_v72_sc_league_iter0010 vs ppo_v72_sc_league_iter0040  [reuse]
  ppo_v72_sc_league_iter0010 vs ppo_v72_sc_league_iter0090  [reuse]
  ppo_v72_sc_league_iter0010 vs ppo_v72_sc_league_iter0080  [reuse]
  ppo_v72_sc_league_iter0010 vs v55  [reuse]
  ppo_v72_sc_league_iter0010 vs v54  [reuse]
  ppo_v72_sc_league_iter0010 vs v44  [reuse]
  ppo_v72_sc_league_iter0010 vs v45  [reuse]
  ppo_v72_sc_league_iter0010 vs v14  [reuse]
  ppo_v72_sc_league_iter0050 vs ppo_v72_sc_league_iter0110
  ppo_v72_sc_league_iter0050 vs ppo_v72_sc_league_iter0040  [reuse]
  ppo_v72_sc_league_iter0050 vs ppo_v72_sc_league_iter0090  [reuse]
  ppo_v72_sc_league_iter0050 vs ppo_v72_sc_league_iter0080  [reuse]
  ppo_v72_sc_league_iter0050 vs v55  [reuse]
  ppo_v72_sc_league_iter0050 vs v54  [reuse]
  ppo_v72_sc_league_iter0050 vs v44  [reuse]
  ppo_v72_sc_league_iter0050 vs v45  [reuse]
  ppo_v72_sc_league_iter0050 vs v14  [reuse]
  ppo_v72_sc_league_iter0110 vs ppo_v72_sc_league_iter0040
  ppo_v72_sc_league_iter0110 vs ppo_v72_sc_league_iter0090
  ppo_v72_sc_league_iter0110 vs ppo_v72_sc_league_iter0080
  ppo_v72_sc_league_iter0110 vs v55
  ppo_v72_sc_league_iter0110 vs v54
  ppo_v72_sc_league_iter0110 vs v44
  ppo_v72_sc_league_iter0110 vs v45
  ppo_v72_sc_league_iter0110 vs v14
  ppo_v72_sc_league_iter0040 vs ppo_v72_sc_league_iter0090  [reuse]
  ppo_v72_sc_league_iter0040 vs ppo_v72_sc_league_iter0080  [reuse]
  ppo_v72_sc_league_iter0040 vs v55  [reuse]
  ppo_v72_sc_league_iter0040 vs v54  [reuse]
  ppo_v72_sc_league_iter0040 vs v44  [reuse]
  ppo_v72_sc_league_iter0040 vs v45  [reuse]
  ppo_v72_sc_league_iter0040 vs v14  [reuse]
  ppo_v72_sc_league_iter0090 vs ppo_v72_sc_league_iter0080  [reuse]
  ppo_v72_sc_league_iter0090 vs v55  [reuse]
  ppo_v72_sc_league_iter0090 vs v54  [reuse]
  ppo_v72_sc_league_iter0090 vs v44  [reuse]
  ppo_v72_sc_league_iter0090 vs v45  [reuse]
  ppo_v72_sc_league_iter0090 vs v14  [reuse]
  ppo_v72_sc_league_iter0080 vs v55  [reuse]
  ppo_v72_sc_league_iter0080 vs v54  [reuse]
  ppo_v72_sc_league_iter0080 vs v44  [reuse]
  ppo_v72_sc_league_iter0080 vs v45  [reuse]
  ppo_v72_sc_league_iter0080 vs v14  [reuse]
  v55 vs v54  [reuse]
  v55 vs v44  [reuse]
  v55 vs v45  [reuse]
  v55 vs v14  [reuse]
  v54 vs v44  [reuse]
  v54 vs v45  [reuse]
  v54 vs v14  [reuse]
  v44 vs v45  [reuse]
  v44 vs v14  [reuse]
  v45 vs v14  [reuse]
  [reuse] ppo_v72_sc_league_iter0060 67(32u/35s) - 73(36u/37s) ppo_v72_sc_league_iter0100  draws=10  WR=0.480
  [reuse] ppo_v72_sc_league_iter0060 59(39u/20s) - 87(52u/35s) ppo_v72_sc_league_iter0010  draws=4  WR=0.407
  [reuse] ppo_v72_sc_league_iter0060 67(39u/28s) - 73(43u/30s) ppo_v72_sc_league_iter0050  draws=10  WR=0.480

[new 1/12] ppo_v72_sc_league_iter0060 vs ppo_v72_sc_league_iter0110 (150 games = 75/side, seed=88000) ...
  ppo_v72_sc_league_iter0060: 78(44u/34s)  ppo_v72_sc_league_iter0110: 67(37u/30s)  draws: 5  WR(ppo_v72_sc_league_iter0060)=0.537  t=8.5s
  [reuse] ppo_v72_sc_league_iter0060 70(40u/30s) - 74(41u/33s) ppo_v72_sc_league_iter0040  draws=6  WR=0.487
  [reuse] ppo_v72_sc_league_iter0060 71(37u/34s) - 74(40u/34s) ppo_v72_sc_league_iter0090  draws=5  WR=0.490
  [reuse] ppo_v72_sc_league_iter0060 77(42u/35s) - 65(36u/29s) ppo_v72_sc_league_iter0080  draws=8  WR=0.540
  [reuse] ppo_v72_sc_league_iter0060 50(28u/22s) - 95(50u/45s) v55  draws=5  WR=0.350
  [reuse] ppo_v72_sc_league_iter0060 59(30u/29s) - 84(41u/43s) v54  draws=7  WR=0.417
  [reuse] ppo_v72_sc_league_iter0060 65(36u/29s) - 82(46u/36s) v44  draws=3  WR=0.443
  [reuse] ppo_v72_sc_league_iter0060 60(36u/24s) - 88(50u/38s) v45  draws=2  WR=0.407
  [reuse] ppo_v72_sc_league_iter0060 63(39u/24s) - 80(47u/33s) v14  draws=7  WR=0.443
  [reuse] ppo_v72_sc_league_iter0100 48(30u/18s) - 95(53u/42s) ppo_v72_sc_league_iter0010  draws=7  WR=0.343
  [reuse] ppo_v72_sc_league_iter0100 64(39u/25s) - 75(42u/33s) ppo_v72_sc_league_iter0050  draws=11  WR=0.463

[new 2/12] ppo_v72_sc_league_iter0100 vs ppo_v72_sc_league_iter0110 (150 games = 75/side, seed=88150) ...
  ppo_v72_sc_league_iter0100: 73(41u/32s)  ppo_v72_sc_league_iter0110: 73(41u/32s)  draws: 4  WR(ppo_v72_sc_league_iter0100)=0.500  t=15.1s
  [reuse] ppo_v72_sc_league_iter0100 56(32u/24s) - 84(47u/37s) ppo_v72_sc_league_iter0040  draws=10  WR=0.407
  [reuse] ppo_v72_sc_league_iter0100 73(41u/32s) - 73(41u/32s) ppo_v72_sc_league_iter0090  draws=4  WR=0.500
  [reuse] ppo_v72_sc_league_iter0100 74(47u/27s) - 72(47u/25s) ppo_v72_sc_league_iter0080  draws=4  WR=0.507
  [reuse] ppo_v72_sc_league_iter0100 53(32u/21s) - 92(51u/41s) v55  draws=5  WR=0.370
  [reuse] ppo_v72_sc_league_iter0100 42(26u/16s) - 107(58u/49s) v54  draws=1  WR=0.283
  [reuse] ppo_v72_sc_league_iter0100 51(31u/20s) - 97(53u/44s) v44  draws=2  WR=0.347
  [reuse] ppo_v72_sc_league_iter0100 48(34u/14s) - 93(57u/36s) v45  draws=9  WR=0.350
  [reuse] ppo_v72_sc_league_iter0100 74(49u/25s) - 71(45u/26s) v14  draws=5  WR=0.510
  [reuse] ppo_v72_sc_league_iter0010 87(51u/36s) - 58(38u/20s) ppo_v72_sc_league_iter0050  draws=5  WR=0.597

[new 3/12] ppo_v72_sc_league_iter0010 vs ppo_v72_sc_league_iter0110 (150 games = 75/side, seed=88300) ...
  ppo_v72_sc_league_iter0010: 100(53u/47s)  ppo_v72_sc_league_iter0110: 47(27u/20s)  draws: 3  WR(ppo_v72_sc_league_iter0010)=0.677  t=338.8s
  [reuse] ppo_v72_sc_league_iter0010 83(45u/38s) - 61(34u/27s) ppo_v72_sc_league_iter0040  draws=6  WR=0.573
  [reuse] ppo_v72_sc_league_iter0010 89(49u/40s) - 53(34u/19s) ppo_v72_sc_league_iter0090  draws=8  WR=0.620
  [reuse] ppo_v72_sc_league_iter0010 92(49u/43s) - 56(31u/25s) ppo_v72_sc_league_iter0080  draws=2  WR=0.620
  [reuse] ppo_v72_sc_league_iter0010 64(41u/23s) - 84(50u/34s) v55  draws=2  WR=0.433
  [reuse] ppo_v72_sc_league_iter0010 67(37u/30s) - 77(43u/34s) v54  draws=6  WR=0.467
  [reuse] ppo_v72_sc_league_iter0010 78(48u/30s) - 68(41u/27s) v44  draws=4  WR=0.533
  [reuse] ppo_v72_sc_league_iter0010 81(48u/33s) - 61(36u/25s) v45  draws=8  WR=0.567
  [reuse] ppo_v72_sc_league_iter0010 93(57u/36s) - 50(35u/15s) v14  draws=7  WR=0.643

[new 4/12] ppo_v72_sc_league_iter0050 vs ppo_v72_sc_league_iter0110 (150 games = 75/side, seed=88450) ...
  ppo_v72_sc_league_iter0050: 78(43u/35s)  ppo_v72_sc_league_iter0110: 67(38u/29s)  draws: 5  WR(ppo_v72_sc_league_iter0050)=0.537  t=60.8s
  [reuse] ppo_v72_sc_league_iter0050 73(40u/33s) - 73(40u/33s) ppo_v72_sc_league_iter0040  draws=4  WR=0.500
  [reuse] ppo_v72_sc_league_iter0050 76(45u/31s) - 70(41u/29s) ppo_v72_sc_league_iter0090  draws=4  WR=0.520
  [reuse] ppo_v72_sc_league_iter0050 81(50u/31s) - 59(37u/22s) ppo_v72_sc_league_iter0080  draws=10  WR=0.573
  [reuse] ppo_v72_sc_league_iter0050 57(32u/25s) - 89(47u/42s) v55  draws=4  WR=0.393
  [reuse] ppo_v72_sc_league_iter0050 55(39u/16s) - 85(53u/32s) v54  draws=10  WR=0.400
  [reuse] ppo_v72_sc_league_iter0050 54(27u/27s) - 91(44u/47s) v44  draws=5  WR=0.377
  [reuse] ppo_v72_sc_league_iter0050 52(36u/16s) - 92(56u/36s) v45  draws=6  WR=0.367
  [reuse] ppo_v72_sc_league_iter0050 72(45u/27s) - 65(38u/27s) v14  draws=13  WR=0.523

[new 5/12] ppo_v72_sc_league_iter0110 vs ppo_v72_sc_league_iter0040 (150 games = 75/side, seed=88600) ...
  ppo_v72_sc_league_iter0110: 52(28u/24s)  ppo_v72_sc_league_iter0040: 94(49u/45s)  draws: 4  WR(ppo_v72_sc_league_iter0110)=0.360  t=72.2s

[new 6/12] ppo_v72_sc_league_iter0110 vs ppo_v72_sc_league_iter0090 (150 games = 75/side, seed=88750) ...
  ppo_v72_sc_league_iter0110: 78(45u/33s)  ppo_v72_sc_league_iter0090: 67(39u/28s)  draws: 5  WR(ppo_v72_sc_league_iter0110)=0.537  t=65.2s

[new 7/12] ppo_v72_sc_league_iter0110 vs ppo_v72_sc_league_iter0080 (150 games = 75/side, seed=88900) ...
  ppo_v72_sc_league_iter0110: 68(40u/28s)  ppo_v72_sc_league_iter0080: 75(42u/33s)  draws: 7  WR(ppo_v72_sc_league_iter0110)=0.477  t=70.2s

[new 8/12] ppo_v72_sc_league_iter0110 vs v55 (150 games = 75/side, seed=89050) ...
  ppo_v72_sc_league_iter0110: 50(29u/21s)  v55: 97(52u/45s)  draws: 3  WR(ppo_v72_sc_league_iter0110)=0.343  t=69.7s

[new 9/12] ppo_v72_sc_league_iter0110 vs v54 (150 games = 75/side, seed=89200) ...
  ppo_v72_sc_league_iter0110: 48(26u/22s)  v54: 98(51u/47s)  draws: 4  WR(ppo_v72_sc_league_iter0110)=0.333  t=60.5s

[new 10/12] ppo_v72_sc_league_iter0110 vs v44 (150 games = 75/side, seed=89350) ...
  ppo_v72_sc_league_iter0110: 58(34u/24s)  v44: 85(51u/34s)  draws: 7  WR(ppo_v72_sc_league_iter0110)=0.410  t=58.8s

[new 11/12] ppo_v72_sc_league_iter0110 vs v45 (150 games = 75/side, seed=89500) ...
  ppo_v72_sc_league_iter0110: 45(27u/18s)  v45: 98(55u/43s)  draws: 7  WR(ppo_v72_sc_league_iter0110)=0.323  t=67.5s

[new 12/12] ppo_v72_sc_league_iter0110 vs v14 (150 games = 75/side, seed=89650) ...
  ppo_v72_sc_league_iter0110: 54(33u/21s)  v14: 87(48u/39s)  draws: 9  WR(ppo_v72_sc_league_iter0110)=0.390  t=78.1s
  [reuse] ppo_v72_sc_league_iter0040 90(53u/37s) - 55(35u/20s) ppo_v72_sc_league_iter0090  draws=5  WR=0.617
  [reuse] ppo_v72_sc_league_iter0040 87(44u/43s) - 54(28u/26s) ppo_v72_sc_league_iter0080  draws=9  WR=0.610
  [reuse] ppo_v72_sc_league_iter0040 61(41u/20s) - 87(54u/33s) v55  draws=2  WR=0.413
  [reuse] ppo_v72_sc_league_iter0040 70(46u/24s) - 74(49u/25s) v54  draws=6  WR=0.487
  [reuse] ppo_v72_sc_league_iter0040 59(31u/28s) - 88(46u/42s) v44  draws=3  WR=0.403
  [reuse] ppo_v72_sc_league_iter0040 67(44u/23s) - 77(47u/30s) v45  draws=6  WR=0.467
  [reuse] ppo_v72_sc_league_iter0040 90(48u/42s) - 52(32u/20s) v14  draws=8  WR=0.627
  [reuse] ppo_v72_sc_league_iter0090 67(38u/29s) - 74(40u/34s) ppo_v72_sc_league_iter0080  draws=9  WR=0.477
  [reuse] ppo_v72_sc_league_iter0090 59(38u/21s) - 89(53u/36s) v55  draws=2  WR=0.400
  [reuse] ppo_v72_sc_league_iter0090 54(36u/18s) - 94(56u/38s) v54  draws=2  WR=0.367
  [reuse] ppo_v72_sc_league_iter0090 57(38u/19s) - 86(54u/32s) v44  draws=7  WR=0.403
  [reuse] ppo_v72_sc_league_iter0090 53(37u/16s) - 91(56u/35s) v45  draws=6  WR=0.373
  [reuse] ppo_v72_sc_league_iter0090 64(39u/25s) - 81(48u/33s) v14  draws=5  WR=0.443
  [reuse] ppo_v72_sc_league_iter0080 50(30u/20s) - 95(52u/43s) v55  draws=5  WR=0.350
  [reuse] ppo_v72_sc_league_iter0080 46(30u/16s) - 99(56u/43s) v54  draws=5  WR=0.323
  [reuse] ppo_v72_sc_league_iter0080 50(30u/20s) - 95(54u/41s) v44  draws=5  WR=0.350
  [reuse] ppo_v72_sc_league_iter0080 64(44u/20s) - 80(51u/29s) v45  draws=6  WR=0.447
  [reuse] ppo_v72_sc_league_iter0080 65(43u/22s) - 81(51u/30s) v14  draws=4  WR=0.447
  [reuse] v55 209(115u/94s) - 181(102u/79s) v54  draws=10  WR=0.535
  [reuse] v55 201(119u/82s) - 178(110u/68s) v44  draws=21  WR=0.529
  [reuse] v55 206(136u/70s) - 180(123u/57s) v45  draws=14  WR=0.532
  [reuse] v55 255(150u/105s) - 128(88u/40s) v14  draws=17  WR=0.659
  [reuse] v54 222(126u/96s) - 163(99u/64s) v44  draws=15  WR=0.574
  [reuse] v54 194(125u/69s) - 183(121u/62s) v45  draws=23  WR=0.514
  [reuse] v54 254(154u/100s) - 131(95u/36s) v14  draws=15  WR=0.654
  [reuse] v44 194(130u/64s) - 192(130u/62s) v45  draws=14  WR=0.502
  [reuse] v44 239(147u/92s) - 147(100u/47s) v14  draws=14  WR=0.615
  [reuse] v45 226(147u/79s) - 162(115u/47s) v14  draws=12  WR=0.580

Fitting BayesElo (combined) ...
Fitting BayesElo (bipartite per-side, anchor=v14_USSR=2015.0) ...

Model                   Elo    USSR*      US*    Gap                95% CI   vs anchor
  (* bipartite per-side, single anchor: v14_USSR=2015)
----------------------------------------------------------------------------------------
v55                    2119   2098   2029  +69  [  2106,   2133]  +104
v54                    2114   2092   2024  +68  [  2101,   2127]  +99
ppo_v72_sc_league_iter0010   2104   2079   2015  +64  [  2087,   2121]  +89
v45                    2090   2110   1959  +151  [  2077,   2103]  +75
v44                    2089   2066   1998  +68  [  2076,   2103]  +74
ppo_v72_sc_league_iter0040   2065   2026   1988  +39  [  2049,   2082]  +50
ppo_v72_sc_league_iter0050   2029   1997   1939  +58  [  2012,   2045]  +14
ppo_v72_sc_league_iter0060   2019   1965   1954  +11  [  2002,   2036]  +4
v14                    2015   2015   1890  +125  [  2015,   2015]  +0
ppo_v72_sc_league_iter0090   2002   1978   1904  +74  [  1985,   2019]  -13
ppo_v72_sc_league_iter0080   1998   1967   1907  +61  [  1981,   2015]  -17
ppo_v72_sc_league_iter0100   1997   1963   1909  +54  [  1980,   2014]  -18
ppo_v72_sc_league_iter0110   1987   1936   1918  +19  [  1970,   2004]  -28

Pair                              Obs WR   Bip WR   Comb WR   Bip err   Comb err
------------------------------------------------------------------------------------
ppo_v72_sc_league_iter0060 vs ppo_v72_sc_league_iter0100   0.480    0.534     0.532    -0.054     -0.052
ppo_v72_sc_league_iter0060 vs ppo_v72_sc_league_iter0010   0.407    0.378     0.380    +0.028     +0.027
ppo_v72_sc_league_iter0060 vs ppo_v72_sc_league_iter0050   0.480    0.488     0.486    -0.008     -0.006
ppo_v72_sc_league_iter0060 vs ppo_v72_sc_league_iter0110   0.537    0.547     0.546    -0.010     -0.009
ppo_v72_sc_league_iter0060 vs ppo_v72_sc_league_iter0040   0.487    0.433     0.434    +0.054     +0.053
ppo_v72_sc_league_iter0060 vs ppo_v72_sc_league_iter0090   0.490    0.527     0.525    -0.037     -0.035
ppo_v72_sc_league_iter0060 vs ppo_v72_sc_league_iter0080   0.540    0.532     0.531    +0.008     +0.009
ppo_v72_sc_league_iter0060 vs v55              0.350    0.356     0.360    -0.006     -0.010
ppo_v72_sc_league_iter0060 vs v54              0.417    0.363     0.367    +0.053     +0.050
ppo_v72_sc_league_iter0060 vs v44              0.443    0.399     0.400    +0.045     +0.043
ppo_v72_sc_league_iter0060 vs v45              0.407    0.399     0.399    +0.007     +0.007
ppo_v72_sc_league_iter0060 vs v14              0.443    0.510     0.506    -0.067     -0.063
ppo_v72_sc_league_iter0100 vs ppo_v72_sc_league_iter0010   0.343    0.349     0.351    -0.006     -0.007
ppo_v72_sc_league_iter0100 vs ppo_v72_sc_league_iter0050   0.463    0.455     0.455    +0.008     +0.009
ppo_v72_sc_league_iter0100 vs ppo_v72_sc_league_iter0110   0.500    0.512     0.514    -0.012     -0.014
ppo_v72_sc_league_iter0100 vs ppo_v72_sc_league_iter0040   0.407    0.401     0.403    +0.006     +0.004
ppo_v72_sc_league_iter0100 vs ppo_v72_sc_league_iter0090   0.500    0.493     0.493    +0.007     +0.007
ppo_v72_sc_league_iter0100 vs ppo_v72_sc_league_iter0080   0.507    0.498     0.499    +0.009     +0.008
ppo_v72_sc_league_iter0100 vs v55              0.370    0.328     0.331    +0.042     +0.039
ppo_v72_sc_league_iter0100 vs v54              0.283    0.335     0.338    -0.052     -0.054
ppo_v72_sc_league_iter0100 vs v44              0.347    0.369     0.370    -0.022     -0.023
ppo_v72_sc_league_iter0100 vs v45              0.350    0.372     0.369    -0.022     -0.019
ppo_v72_sc_league_iter0100 vs v14              0.510    0.477     0.474    +0.033     +0.036
ppo_v72_sc_league_iter0010 vs ppo_v72_sc_league_iter0050   0.597    0.608     0.607    -0.012     -0.010
ppo_v72_sc_league_iter0010 vs ppo_v72_sc_league_iter0110   0.677    0.664     0.662    +0.013     +0.015
ppo_v72_sc_league_iter0010 vs ppo_v72_sc_league_iter0040   0.573    0.556     0.555    +0.017     +0.018
ppo_v72_sc_league_iter0010 vs ppo_v72_sc_league_iter0090   0.620    0.643     0.643    -0.023     -0.023
ppo_v72_sc_league_iter0010 vs ppo_v72_sc_league_iter0080   0.620    0.649     0.648    -0.029     -0.028
ppo_v72_sc_league_iter0010 vs v55              0.433    0.477     0.478    -0.043     -0.045
ppo_v72_sc_league_iter0010 vs v54              0.467    0.484     0.486    -0.018     -0.019
ppo_v72_sc_league_iter0010 vs v44              0.533    0.521     0.521    +0.013     +0.012
ppo_v72_sc_league_iter0010 vs v45              0.567    0.516     0.520    +0.050     +0.046
ppo_v72_sc_league_iter0010 vs v14              0.643    0.624     0.625    +0.019     +0.018
ppo_v72_sc_league_iter0050 vs ppo_v72_sc_league_iter0110   0.537    0.558     0.559    -0.021     -0.023
ppo_v72_sc_league_iter0050 vs ppo_v72_sc_league_iter0040   0.500    0.445     0.447    +0.055     +0.053
ppo_v72_sc_league_iter0050 vs ppo_v72_sc_league_iter0090   0.520    0.538     0.538    -0.018     -0.018
ppo_v72_sc_league_iter0050 vs ppo_v72_sc_league_iter0080   0.573    0.543     0.544    +0.030     +0.029
ppo_v72_sc_league_iter0050 vs v55              0.393    0.370     0.373    +0.024     +0.021
ppo_v72_sc_league_iter0050 vs v54              0.400    0.377     0.380    +0.023     +0.020
ppo_v72_sc_league_iter0050 vs v44              0.377    0.412     0.413    -0.035     -0.037
ppo_v72_sc_league_iter0050 vs v45              0.367    0.413     0.413    -0.047     -0.046
ppo_v72_sc_league_iter0050 vs v14              0.523    0.521     0.520    +0.002     +0.004
ppo_v72_sc_league_iter0110 vs ppo_v72_sc_league_iter0040   0.360    0.388     0.389    -0.028     -0.029
ppo_v72_sc_league_iter0110 vs ppo_v72_sc_league_iter0090   0.537    0.481     0.479    +0.056     +0.058
ppo_v72_sc_league_iter0110 vs ppo_v72_sc_league_iter0080   0.477    0.486     0.485    -0.009     -0.008
ppo_v72_sc_league_iter0110 vs v55              0.343    0.315     0.319    +0.028     +0.025
ppo_v72_sc_league_iter0110 vs v54              0.333    0.322     0.325    +0.011     +0.008
ppo_v72_sc_league_iter0110 vs v44              0.410    0.355     0.357    +0.055     +0.053
ppo_v72_sc_league_iter0110 vs v45              0.323    0.358     0.356    -0.035     -0.033
ppo_v72_sc_league_iter0110 vs v14              0.390    0.465     0.460    -0.075     -0.070
ppo_v72_sc_league_iter0040 vs ppo_v72_sc_league_iter0090   0.617    0.592     0.590    +0.025     +0.026
ppo_v72_sc_league_iter0040 vs ppo_v72_sc_league_iter0080   0.610    0.597     0.596    +0.013     +0.014
ppo_v72_sc_league_iter0040 vs v55              0.413    0.421     0.423    -0.007     -0.010
ppo_v72_sc_league_iter0040 vs v54              0.487    0.428     0.431    +0.058     +0.056
ppo_v72_sc_league_iter0040 vs v44              0.403    0.465     0.466    -0.062     -0.062
ppo_v72_sc_league_iter0040 vs v45              0.467    0.463     0.465    +0.004     +0.002
ppo_v72_sc_league_iter0040 vs v14              0.627    0.574     0.572    +0.053     +0.055
ppo_v72_sc_league_iter0090 vs ppo_v72_sc_league_iter0080   0.477    0.505     0.506    -0.028     -0.029
ppo_v72_sc_league_iter0090 vs v55              0.400    0.336     0.337    +0.064     +0.063
ppo_v72_sc_league_iter0090 vs v54              0.367    0.343     0.344    +0.024     +0.023
ppo_v72_sc_league_iter0090 vs v44              0.403    0.376     0.377    +0.027     +0.027
ppo_v72_sc_league_iter0090 vs v45              0.373    0.380     0.376    -0.007     -0.003
ppo_v72_sc_league_iter0090 vs v14              0.443    0.484     0.481    -0.041     -0.038
ppo_v72_sc_league_iter0080 vs v55              0.350    0.331     0.332    +0.019     +0.018
ppo_v72_sc_league_iter0080 vs v54              0.323    0.337     0.339    -0.014     -0.016
ppo_v72_sc_league_iter0080 vs v44              0.350    0.371     0.371    -0.021     -0.021
ppo_v72_sc_league_iter0080 vs v45              0.447    0.375     0.371    +0.072     +0.076
ppo_v72_sc_league_iter0080 vs v14              0.447    0.479     0.475    -0.033     -0.029
v55            vs v54              0.535    0.508     0.508    +0.027     +0.027
v55            vs v44              0.529    0.544     0.543    -0.015     -0.014
v55            vs v45              0.532    0.538     0.542    -0.006     -0.009
v55            vs v14              0.659    0.644     0.646    +0.014     +0.013
v54            vs v44              0.574    0.536     0.535    +0.037     +0.039
v54            vs v45              0.514    0.531     0.534    -0.017     -0.021
v54            vs v14              0.654    0.638     0.639    +0.016     +0.015
v44            vs v45              0.502    0.497     0.499    +0.006     +0.003
v44            vs v14              0.615    0.605     0.606    +0.010     +0.009
v45            vs v14              0.580    0.600     0.606    -0.020     -0.026
------------------------------------------------------------------------------------
                                              RMSE    0.0331     0.0326
  (bipartite RMSE >= combined RMSE → bipartite model not better fit)

Saved to data/checkpoints/ppo_v72_sc_league/candidate_tournament.json
[sql] Tournament logged: round_robin_20260412T154338Z_ppo_v72_sc_league_iter0010_ppo_v72_sc_league_iter0040 → results/metadata.sqlite3

[candidate] Top-8 panel-eval candidates:
  iter 0060: avg_panel_wr=0.565  data/checkpoints/ppo_v72_sc_league/ppo_iter0060_scripted.pt
  iter 0100: avg_panel_wr=0.549  data/checkpoints/ppo_v72_sc_league/ppo_iter0100_scripted.pt
  iter 0010: avg_panel_wr=0.509  data/checkpoints/ppo_v72_sc_league/ppo_iter0010_scripted.pt
  iter 0050: avg_panel_wr=0.499  data/checkpoints/ppo_v72_sc_league/ppo_iter0050_scripted.pt
  iter 0110: avg_panel_wr=0.491  data/checkpoints/ppo_v72_sc_league/ppo_iter0110_scripted.pt
  iter 0040: avg_panel_wr=0.488  data/checkpoints/ppo_v72_sc_league/ppo_iter0040_scripted.pt
  iter 0090: avg_panel_wr=0.481  data/checkpoints/ppo_v72_sc_league/ppo_iter0090_scripted.pt
  iter 0080: avg_panel_wr=0.471  data/checkpoints/ppo_v72_sc_league/ppo_iter0080_scripted.pt
[candidate] Models in tournament: ['ppo_v72_sc_league_iter0060:data/checkpoints/ppo_v72_sc_league/ppo_iter0060_scripted.pt', 'ppo_v72_sc_league_iter0100:data/checkpoints/ppo_v72_sc_league/ppo_iter0100_scripted.pt', 'ppo_v72_sc_league_iter0010:data/checkpoints/ppo_v72_sc_league/ppo_iter0010_scripted.pt', 'ppo_v72_sc_league_iter0050:data/checkpoints/ppo_v72_sc_league/ppo_iter0050_scripted.pt', 'ppo_v72_sc_league_iter0110:data/checkpoints/ppo_v72_sc_league/ppo_iter0110_scripted.pt', 'ppo_v72_sc_league_iter0040:data/checkpoints/ppo_v72_sc_league/ppo_iter0040_scripted.pt', 'ppo_v72_sc_league_iter0090:data/checkpoints/ppo_v72_sc_league/ppo_iter0090_scripted.pt', 'ppo_v72_sc_league_iter0080:data/checkpoints/ppo_v72_sc_league/ppo_iter0080_scripted.pt', 'v55:data/checkpoints/scripted_for_elo/v55_scripted.pt', 'v54:data/checkpoints/scripted_for_elo/v54_scripted.pt', 'v44:data/checkpoints/scripted_for_elo/v44_scripted.pt', 'v45:data/checkpoints/scripted_for_elo/v45_scripted.pt', 'v14:data/checkpoints/scripted_for_elo/v14_scripted.pt']
[candidate] Games per matchup: 150, anchor: v14=2015.0
[candidate] Running: /home/dkord/code/twilight-struggle-ai/.venv/bin/python3 scripts/run_elo_tournament.py --models ppo_v72_sc_league_iter0060:data/checkpoints/ppo_v72_sc_league/ppo_iter0060_scripted.pt ppo_v72_sc_league_iter0100:data/checkpoints/ppo_v72_sc_league/ppo_iter0100_scripted.pt ppo_v72_sc_league_iter0010:data/checkpoints/ppo_v72_sc_league/ppo_iter0010_scripted.pt ppo_v72_sc_league_iter0050:data/checkpoints/ppo_v72_sc_league/ppo_iter0050_scripted.pt ppo_v72_sc_league_iter0110:data/checkpoints/ppo_v72_sc_league/ppo_iter0110_scripted.pt ppo_v72_sc_league_iter0040:data/checkpoints/ppo_v72_sc_league/ppo_iter0040_scripted.pt ppo_v72_sc_league_iter0090:data/checkpoints/ppo_v72_sc_league/ppo_iter0090_scripted.pt ppo_v72_sc_league_iter0080:data/checkpoints/ppo_v72_sc_league/ppo_iter0080_scripted.pt v55:data/checkpoints/scripted_for_elo/v55_scripted.pt v54:data/checkpoints/scripted_for_elo/v54_scripted.pt v44:data/checkpoints/scripted_for_elo/v44_scripted.pt v45:data/checkpoints/scripted_for_elo/v45_scripted.pt v14:data/checkpoints/scripted_for_elo/v14_scripted.pt --games 150 --anchor v14 --anchor-elo 2015.0 --schedule round_robin --out data/checkpoints/ppo_v72_sc_league/candidate_tournament.json --script-dir data/checkpoints/scripted_for_elo

[candidate] Tournament results (candidates only):
  ppo_v72_sc_league_iter0010: Elo=2104.0 ← WINNER
  ppo_v72_sc_league_iter0040: Elo=2065.4
  ppo_v72_sc_league_iter0050: Elo=2028.6
  ppo_v72_sc_league_iter0060: Elo=2019.1
  ppo_v72_sc_league_iter0090: Elo=2001.9
  ppo_v72_sc_league_iter0080: Elo=1997.9
  ppo_v72_sc_league_iter0100: Elo=1997.0
  ppo_v72_sc_league_iter0110: Elo=1987.1
[candidate] ppo_best.pt ← data/checkpoints/ppo_v72_sc_league/ppo_iter0010.pt
[candidate] ppo_best_scripted.pt ← data/checkpoints/ppo_v72_sc_league/ppo_iter0010_scripted.pt

[candidate] Done. Winner: ppo_v72_sc_league_iter0010 (Elo=2104.0)
[candidate] Full tournament results: data/checkpoints/ppo_v72_sc_league/candidate_tournament.json
vs v55              0.400    0.343     0.345    +0.057     +0.055
ppo_v72_sc_league_iter0090 vs v54              0.367    0.349     0.351    +0.017     +0.015
ppo_v72_sc_league_iter0090 vs v44              0.403    0.381     0.382    +0.022     +0.021
ppo_v72_sc_league_iter0090 vs v45              0.373    0.387     0.384    -0.014     -0.011
ppo_v72_sc_league_iter0090 vs v14              0.443    0.496     0.493    -0.053     -0.049
ppo_v72_sc_league_iter0080 vs v55              0.350    0.329     0.331    +0.021     +0.019
ppo_v72_sc_league_iter0080 vs v54              0.323    0.335     0.337    -0.012     -0.014
ppo_v72_sc_league_iter0080 vs v44              0.350    0.367     0.368    -0.017     -0.018
ppo_v72_sc_league_iter0080 vs v45              0.447    0.373     0.369    +0.073     +0.077
ppo_v72_sc_league_iter0080 vs v14              0.447    0.481     0.477    -0.035     -0.030
v55            vs v54              0.535    0.507     0.507    +0.028     +0.028
v55            vs v44              0.529    0.542     0.540    -0.013     -0.012
v55            vs v45              0.532    0.538     0.542    -0.006     -0.010
v55            vs v14              0.659    0.647     0.648    +0.011     +0.010
v54            vs v44              0.574    0.534     0.533    +0.039     +0.040
v54            vs v45              0.514    0.531     0.535    -0.018     -0.021
v54            vs v14              0.654    0.641     0.642    +0.013     +0.012
v44            vs v45              0.502    0.499     0.502    +0.003     +0.001
v44            vs v14              0.615    0.610     0.611    +0.005     +0.004
v45            vs v14              0.580    0.602     0.609    -0.022     -0.029
------------------------------------------------------------------------------------
                                              RMSE    0.0318     0.0313
  (bipartite RMSE >= combined RMSE → bipartite model not better fit)

Saved to data/checkpoints/ppo_v72_sc_league/candidate_tournament.json
[sql] Tournament logged: round_robin_20260412T153256Z_ppo_v72_sc_league_iter0010_ppo_v72_sc_league_iter0040 → results/metadata.sqlite3

[candidate] Top-8 panel-eval candidates:
  iter 0060: avg_panel_wr=0.565  data/checkpoints/ppo_v72_sc_league/ppo_iter0060_scripted.pt
  iter 0100: avg_panel_wr=0.549  data/checkpoints/ppo_v72_sc_league/ppo_iter0100_scripted.pt
  iter 0010: avg_panel_wr=0.509  data/checkpoints/ppo_v72_sc_league/ppo_iter0010_scripted.pt
  iter 0050: avg_panel_wr=0.499  data/checkpoints/ppo_v72_sc_league/ppo_iter0050_scripted.pt
  iter 0110: avg_panel_wr=0.491  data/checkpoints/ppo_v72_sc_league/ppo_iter0110_scripted.pt
  iter 0040: avg_panel_wr=0.488  data/checkpoints/ppo_v72_sc_league/ppo_iter0040_scripted.pt
  iter 0090: avg_panel_wr=0.481  data/checkpoints/ppo_v72_sc_league/ppo_iter0090_scripted.pt
  iter 0080: avg_panel_wr=0.471  data/checkpoints/ppo_v72_sc_league/ppo_iter0080_scripted.pt
[candidate] Models in tournament: ['ppo_v72_sc_league_iter0060:data/checkpoints/ppo_v72_sc_league/ppo_iter0060_scripted.pt', 'ppo_v72_sc_league_iter0100:data/checkpoints/ppo_v72_sc_league/ppo_iter0100_scripted.pt', 'ppo_v72_sc_league_iter0010:data/checkpoints/ppo_v72_sc_league/ppo_iter0010_scripted.pt', 'ppo_v72_sc_league_iter0050:data/checkpoints/ppo_v72_sc_league/ppo_iter0050_scripted.pt', 'ppo_v72_sc_league_iter0110:data/checkpoints/ppo_v72_sc_league/ppo_iter0110_scripted.pt', 'ppo_v72_sc_league_iter0040:data/checkpoints/ppo_v72_sc_league/ppo_iter0040_scripted.pt', 'ppo_v72_sc_league_iter0090:data/checkpoints/ppo_v72_sc_league/ppo_iter0090_scripted.pt', 'ppo_v72_sc_league_iter0080:data/checkpoints/ppo_v72_sc_league/ppo_iter0080_scripted.pt', 'v55:data/checkpoints/scripted_for_elo/v55_scripted.pt', 'v54:data/checkpoints/scripted_for_elo/v54_scripted.pt', 'v44:data/checkpoints/scripted_for_elo/v44_scripted.pt', 'v45:data/checkpoints/scripted_for_elo/v45_scripted.pt', 'v14:data/checkpoints/scripted_for_elo/v14_scripted.pt']
[candidate] Games per matchup: 150, anchor: v14=2015.0
[candidate] Running: /home/dkord/code/twilight-struggle-ai/.venv/bin/python3 scripts/run_elo_tournament.py --models ppo_v72_sc_league_iter0060:data/checkpoints/ppo_v72_sc_league/ppo_iter0060_scripted.pt ppo_v72_sc_league_iter0100:data/checkpoints/ppo_v72_sc_league/ppo_iter0100_scripted.pt ppo_v72_sc_league_iter0010:data/checkpoints/ppo_v72_sc_league/ppo_iter0010_scripted.pt ppo_v72_sc_league_iter0050:data/checkpoints/ppo_v72_sc_league/ppo_iter0050_scripted.pt ppo_v72_sc_league_iter0110:data/checkpoints/ppo_v72_sc_league/ppo_iter0110_scripted.pt ppo_v72_sc_league_iter0040:data/checkpoints/ppo_v72_sc_league/ppo_iter0040_scripted.pt ppo_v72_sc_league_iter0090:data/checkpoints/ppo_v72_sc_league/ppo_iter0090_scripted.pt ppo_v72_sc_league_iter0080:data/checkpoints/ppo_v72_sc_league/ppo_iter0080_scripted.pt v55:data/checkpoints/scripted_for_elo/v55_scripted.pt v54:data/checkpoints/scripted_for_elo/v54_scripted.pt v44:data/checkpoints/scripted_for_elo/v44_scripted.pt v45:data/checkpoints/scripted_for_elo/v45_scripted.pt v14:data/checkpoints/scripted_for_elo/v14_scripted.pt --games 150 --anchor v14 --anchor-elo 2015.0 --schedule round_robin --out data/checkpoints/ppo_v72_sc_league/candidate_tournament.json --script-dir data/checkpoints/scripted_for_elo

[candidate] Tournament results (candidates only):
  ppo_v72_sc_league_iter0010: Elo=2105.9 ← WINNER
  ppo_v72_sc_league_iter0040: Elo=2069.6
  ppo_v72_sc_league_iter0050: Elo=2033.8
  ppo_v72_sc_league_iter0060: Elo=2020.4
  ppo_v72_sc_league_iter0090: Elo=2009.9
  ppo_v72_sc_league_iter0100: Elo=2003.5
  ppo_v72_sc_league_iter0080: Elo=1998.9
  ppo_v72_sc_league_iter0110: Elo=1966.0
[candidate] ppo_best.pt ← data/checkpoints/ppo_v72_sc_league/ppo_iter0010.pt
[candidate] ppo_best_scripted.pt ← data/checkpoints/ppo_v72_sc_league/ppo_iter0010_scripted.pt

[candidate] Done. Winner: ppo_v72_sc_league_iter0010 (Elo=2105.9)
[candidate] Full tournament results: data/checkpoints/ppo_v72_sc_league/candidate_tournament.json
