Exporting checkpoints to TorchScript ...
  ppo_gnn_side_v14_iter0020: already TorchScript, using directly
  ppo_gnn_side_v14_iter0010: already TorchScript, using directly
  ppo_gnn_side_v14_iter0030: already TorchScript, using directly
Loaded 5446 match results from SQL match_cache

Match schedule (28 total, 7 new, 21 reused from prior run):
  ppo_gnn_side_v14_iter0020 vs ppo_gnn_side_v14_iter0010  [reuse]
  ppo_gnn_side_v14_iter0020 vs ppo_gnn_side_v14_iter0030
  ppo_gnn_side_v14_iter0020 vs v56  [reuse]
  ppo_gnn_side_v14_iter0020 vs v54  [reuse]
  ppo_gnn_side_v14_iter0020 vs v44  [reuse]
  ppo_gnn_side_v14_iter0020 vs v20  [reuse]
  ppo_gnn_side_v14_iter0020 vs v55  [reuse]
  ppo_gnn_side_v14_iter0010 vs ppo_gnn_side_v14_iter0030
  ppo_gnn_side_v14_iter0010 vs v56  [reuse]
  ppo_gnn_side_v14_iter0010 vs v54  [reuse]
  ppo_gnn_side_v14_iter0010 vs v44  [reuse]
  ppo_gnn_side_v14_iter0010 vs v20  [reuse]
  ppo_gnn_side_v14_iter0010 vs v55  [reuse]
  ppo_gnn_side_v14_iter0030 vs v56
  ppo_gnn_side_v14_iter0030 vs v54
  ppo_gnn_side_v14_iter0030 vs v44
  ppo_gnn_side_v14_iter0030 vs v20
  ppo_gnn_side_v14_iter0030 vs v55
  v56 vs v54  [reuse]
  v56 vs v44  [reuse]
  v56 vs v20  [reuse]
  v56 vs v55  [reuse]
  v54 vs v44  [reuse]
  v54 vs v20  [reuse]
  v54 vs v55  [reuse]
  v44 vs v20  [reuse]
  v44 vs v55  [reuse]
  v20 vs v55  [reuse]
  [reuse] ppo_gnn_side_v14_iter0020 81(64u/17s) - 66(57u/9s) ppo_gnn_side_v14_iter0010  draws=3  WR=0.550

[new 1/7] ppo_gnn_side_v14_iter0020 vs ppo_gnn_side_v14_iter0030 (150 games = 75/side, seed=88000) ...
  ppo_gnn_side_v14_iter0020: 70(54u/16s)  ppo_gnn_side_v14_iter0030: 76(57u/19s)  draws: 4  WR(ppo_gnn_side_v14_iter0020)=0.480  t=8.3s
  [reuse] ppo_gnn_side_v14_iter0020 20(16u/4s) - 130(71u/59s) v56  draws=0  WR=0.133
  [reuse] ppo_gnn_side_v14_iter0020 23(18u/5s) - 127(70u/57s) v54  draws=0  WR=0.153
  [reuse] ppo_gnn_side_v14_iter0020 21(18u/3s) - 126(70u/56s) v44  draws=3  WR=0.150
  [reuse] ppo_gnn_side_v14_iter0020 27(22u/5s) - 121(69u/52s) v20  draws=2  WR=0.187
  [reuse] ppo_gnn_side_v14_iter0020 28(20u/8s) - 118(66u/52s) v55  draws=4  WR=0.200

[new 2/7] ppo_gnn_side_v14_iter0010 vs ppo_gnn_side_v14_iter0030 (150 games = 75/side, seed=88150) ...
  ppo_gnn_side_v14_iter0010: 72(57u/15s)  ppo_gnn_side_v14_iter0030: 77(59u/18s)  draws: 1  WR(ppo_gnn_side_v14_iter0010)=0.483  t=8.3s
  [reuse] ppo_gnn_side_v14_iter0010 21(14u/7s) - 128(68u/60s) v56  draws=1  WR=0.143
  [reuse] ppo_gnn_side_v14_iter0010 26(22u/4s) - 121(71u/50s) v54  draws=3  WR=0.183
  [reuse] ppo_gnn_side_v14_iter0010 27(21u/6s) - 122(69u/53s) v44  draws=1  WR=0.183
  [reuse] ppo_gnn_side_v14_iter0010 28(18u/10s) - 121(65u/56s) v20  draws=1  WR=0.190
  [reuse] ppo_gnn_side_v14_iter0010 39(35u/4s) - 110(70u/40s) v55  draws=1  WR=0.263

[new 3/7] ppo_gnn_side_v14_iter0030 vs v56 (150 games = 75/side, seed=88300) ...
  ppo_gnn_side_v14_iter0030: 24(16u/8s)  v56: 124(66u/58s)  draws: 2  WR(ppo_gnn_side_v14_iter0030)=0.167  t=7.0s

[new 4/7] ppo_gnn_side_v14_iter0030 vs v54 (150 games = 75/side, seed=88450) ...
  ppo_gnn_side_v14_iter0030: 25(16u/9s)  v54: 124(66u/58s)  draws: 1  WR(ppo_gnn_side_v14_iter0030)=0.170  t=7.3s

[new 5/7] ppo_gnn_side_v14_iter0030 vs v44 (150 games = 75/side, seed=88600) ...
  ppo_gnn_side_v14_iter0030: 28(20u/8s)  v44: 120(67u/53s)  draws: 2  WR(ppo_gnn_side_v14_iter0030)=0.193  t=6.4s

[new 6/7] ppo_gnn_side_v14_iter0030 vs v20 (150 games = 75/side, seed=88750) ...
  ppo_gnn_side_v14_iter0030: 29(25u/4s)  v20: 119(71u/48s)  draws: 2  WR(ppo_gnn_side_v14_iter0030)=0.200  t=7.3s

[new 7/7] ppo_gnn_side_v14_iter0030 vs v55 (150 games = 75/side, seed=88900) ...
  ppo_gnn_side_v14_iter0030: 26(18u/8s)  v55: 122(65u/57s)  draws: 2  WR(ppo_gnn_side_v14_iter0030)=0.180  t=9.2s
  [reuse] v56 240(152u/88s) - 249(155u/94s) v54  draws=11  WR=0.491
  [reuse] v56 243(157u/86s) - 243(158u/85s) v44  draws=14  WR=0.500
  [reuse] v56 247(159u/88s) - 245(159u/86s) v20  draws=8  WR=0.502
  [reuse] v56 246(162u/84s) - 246(160u/86s) v55  draws=8  WR=0.500
  [reuse] v54 222(126u/96s) - 163(99u/64s) v44  draws=15  WR=0.574
  [reuse] v54 196(128u/68s) - 184(123u/61s) v20  draws=20  WR=0.515
  [reuse] v54 229(149u/80s) - 268(169u/99s) v55  draws=3  WR=0.461
  [reuse] v44 213(134u/79s) - 169(111u/58s) v20  draws=18  WR=0.555
  [reuse] v44 238(149u/89s) - 252(158u/94s) v55  draws=10  WR=0.486
  [reuse] v20 255(150u/105s) - 237(141u/96s) v55  draws=8  WR=0.518

Fitting BayesElo (bipartite per-side, anchor=v56_USSR=1900.0) ...
Fitting BayesElo (combined, for residual comparison) ...

Model                  USSR      US    Gap   Comb*                95% CI   vs anchor
  (bipartite per-side = PRIMARY, anchor: v56_USSR=1900)
  (* combined = derived from P(win) = 0.5·P_ussr + 0.5·P_us)
----------------------------------------------------------------------------------------
v54                   1897   1813  +84    1905  [  1890,   1920]  +5
v56                   1900   1799  +101    1900  [  1900,   1900]  +0
v55                   1895   1800  +96    1898  [  1884,   1912]  -2
v44                   1884   1802  +82    1893  [  1879,   1909]  -7
v20                   1887   1791  +96    1890  [  1875,   1905]  -10
ppo_gnn_side_v14_iter0010  1655   1413  +241    1637  [  1604,   1655]  -263
ppo_gnn_side_v14_iter0030  1626   1483  +143    1632  [  1610,   1660]  -268
ppo_gnn_side_v14_iter0020  1636   1430  +206    1627  [  1598,   1649]  -273

Pair                              Obs WR   Bip WR   Comb WR   Bip err   Comb err
------------------------------------------------------------------------------------
ppo_gnn_side_v14_iter0020 vs ppo_gnn_side_v14_iter0010   0.550    0.499     0.492    +0.051     +0.058
ppo_gnn_side_v14_iter0020 vs ppo_gnn_side_v14_iter0030   0.480    0.476     0.484    +0.004     -0.004
ppo_gnn_side_v14_iter0020 vs v56              0.133    0.172     0.169    -0.038     -0.036
ppo_gnn_side_v14_iter0020 vs v54              0.153    0.165     0.165    -0.011     -0.012
ppo_gnn_side_v14_iter0020 vs v44              0.150    0.173     0.174    -0.023     -0.024
ppo_gnn_side_v14_iter0020 vs v20              0.187    0.179     0.178    +0.008     +0.009
ppo_gnn_side_v14_iter0020 vs v55              0.200    0.172     0.171    +0.028     +0.029
ppo_gnn_side_v14_iter0010 vs ppo_gnn_side_v14_iter0030   0.483    0.478     0.492    +0.005     -0.009
ppo_gnn_side_v14_iter0010 vs v56              0.143    0.180     0.174    -0.037     -0.031
ppo_gnn_side_v14_iter0010 vs v54              0.183    0.173     0.170    +0.011     +0.013
ppo_gnn_side_v14_iter0010 vs v44              0.183    0.182     0.179    +0.002     +0.004
ppo_gnn_side_v14_iter0010 vs v20              0.190    0.187     0.182    +0.003     +0.008
ppo_gnn_side_v14_iter0010 vs v55              0.263    0.181     0.176    +0.083     +0.088
ppo_gnn_side_v14_iter0030 vs v56              0.167    0.176     0.179    -0.010     -0.012
ppo_gnn_side_v14_iter0030 vs v54              0.170    0.169     0.175    +0.001     -0.005
ppo_gnn_side_v14_iter0030 vs v44              0.193    0.179     0.184    +0.015     +0.010
ppo_gnn_side_v14_iter0030 vs v20              0.200    0.184     0.187    +0.016     +0.013
ppo_gnn_side_v14_iter0030 vs v55              0.180    0.177     0.180    +0.003     -0.000
v56            vs v54              0.491    0.493     0.493    -0.002     -0.002
v56            vs v44              0.500    0.509     0.509    -0.009     -0.009
v56            vs v20              0.502    0.514     0.514    -0.012     -0.012
v56            vs v55              0.500    0.503     0.503    -0.003     -0.003
v54            vs v44              0.574    0.517     0.516    +0.057     +0.058
v54            vs v20              0.515    0.522     0.521    -0.007     -0.006
v54            vs v55              0.461    0.510     0.510    -0.049     -0.049
v44            vs v20              0.555    0.505     0.506    +0.050     +0.049
v44            vs v55              0.486    0.493     0.494    -0.007     -0.008
v20            vs v55              0.518    0.488     0.489    +0.030     +0.029
------------------------------------------------------------------------------------
                                              RMSE    0.0292     0.0300
  (bipartite RMSE < combined RMSE → bipartite model better fit)

Saved to results/ppo_gnn_side_v14/candidate_tournament.json
[sql] Tournament logged: round_robin_20260420T152419Z_ppo_gnn_side_v14_iter0010_ppo_gnn_side_v14_iter0020 → results/metadata.sqlite3

[candidate] Top-8 panel-eval candidates:
  iter 0020: avg_panel_wr=0.283  results/ppo_gnn_side_v14/ppo_iter0020_scripted.pt
  iter 0010: avg_panel_wr=0.200  results/ppo_gnn_side_v14/ppo_iter0010_scripted.pt
  iter 0030: avg_panel_wr=0.200  results/ppo_gnn_side_v14/ppo_iter0030_scripted.pt
[candidate] Models in tournament: ['ppo_gnn_side_v14_iter0020:results/ppo_gnn_side_v14/ppo_iter0020_scripted.pt', 'ppo_gnn_side_v14_iter0010:results/ppo_gnn_side_v14/ppo_iter0010_scripted.pt', 'ppo_gnn_side_v14_iter0030:results/ppo_gnn_side_v14/ppo_iter0030_scripted.pt', 'v56:data/checkpoints/scripted_for_elo/v56_scripted.pt', 'v54:data/checkpoints/scripted_for_elo/v54_scripted.pt', 'v44:data/checkpoints/scripted_for_elo/v44_scripted.pt', 'v20:data/checkpoints/scripted_for_elo/v20_scripted.pt', 'v55:data/checkpoints/scripted_for_elo/v55_scripted.pt']
[candidate] Games per matchup: 150, anchor: v56=1900.0
[candidate] Running: /home/dkord/code/twilight-struggle-ai/.venv/bin/python3 scripts/run_elo_tournament.py --models ppo_gnn_side_v14_iter0020:results/ppo_gnn_side_v14/ppo_iter0020_scripted.pt ppo_gnn_side_v14_iter0010:results/ppo_gnn_side_v14/ppo_iter0010_scripted.pt ppo_gnn_side_v14_iter0030:results/ppo_gnn_side_v14/ppo_iter0030_scripted.pt v56:data/checkpoints/scripted_for_elo/v56_scripted.pt v54:data/checkpoints/scripted_for_elo/v54_scripted.pt v44:data/checkpoints/scripted_for_elo/v44_scripted.pt v20:data/checkpoints/scripted_for_elo/v20_scripted.pt v55:data/checkpoints/scripted_for_elo/v55_scripted.pt --games 150 --anchor v56 --anchor-elo 1900.0 --schedule round_robin --out results/ppo_gnn_side_v14/candidate_tournament.json --script-dir data/checkpoints/scripted_for_elo

[candidate] Tournament results (candidates only):
  ppo_gnn_side_v14_iter0010: Elo=1636.9 ← WINNER
  ppo_gnn_side_v14_iter0030: Elo=1632.1
  ppo_gnn_side_v14_iter0020: Elo=1626.7
[candidate] ppo_best.pt ← results/ppo_gnn_side_v14/ppo_iter0010.pt
[candidate] ppo_best_scripted.pt ← results/ppo_gnn_side_v14/ppo_iter0010_scripted.pt

[candidate] Done. Winner: ppo_gnn_side_v14_iter0010 (Elo=1636.9)
[candidate] Full tournament results: results/ppo_gnn_side_v14/candidate_tournament.json
