[run_elo_tournament] ABORT: another instance already running (PID ). Only one Elo tournament may run at a time.
ERROR: tournament exited with code 1

[candidate] Top-8 panel-eval candidates:
  iter 0010: avg_panel_wr=0.929  data/checkpoints/ppo_v206_sc_league/ppo_iter0010_scripted.pt
  iter 0020: avg_panel_wr=0.906  data/checkpoints/ppo_v206_sc_league/ppo_iter0020_scripted.pt
[candidate] Models in tournament: ['ppo_v206_sc_league_iter0010:data/checkpoints/ppo_v206_sc_league/ppo_iter0010_scripted.pt', 'ppo_v206_sc_league_iter0020:data/checkpoints/ppo_v206_sc_league/ppo_iter0020_scripted.pt', 'v55:data/checkpoints/scripted_for_elo/v55_scripted.pt', 'v54:data/checkpoints/scripted_for_elo/v54_scripted.pt', 'v44:data/checkpoints/scripted_for_elo/v44_scripted.pt', 'v45:data/checkpoints/scripted_for_elo/v45_scripted.pt', 'v14:data/checkpoints/scripted_for_elo/v14_scripted.pt']
[candidate] Games per matchup: 150, anchor: v14=2015.0
[candidate] Running: /home/dkord/code/twilight-struggle-ai/.venv/bin/python3 scripts/run_elo_tournament.py --models ppo_v206_sc_league_iter0010:data/checkpoints/ppo_v206_sc_league/ppo_iter0010_scripted.pt ppo_v206_sc_league_iter0020:data/checkpoints/ppo_v206_sc_league/ppo_iter0020_scripted.pt v55:data/checkpoints/scripted_for_elo/v55_scripted.pt v54:data/checkpoints/scripted_for_elo/v54_scripted.pt v44:data/checkpoints/scripted_for_elo/v44_scripted.pt v45:data/checkpoints/scripted_for_elo/v45_scripted.pt v14:data/checkpoints/scripted_for_elo/v14_scripted.pt --games 150 --anchor v14 --anchor-elo 2015.0 --schedule round_robin --out data/checkpoints/ppo_v206_sc_league/candidate_tournament.json --script-dir data/checkpoints/scripted_for_elo
Exporting checkpoints to TorchScript ...
  ppo_v206_sc_league_iter0010: already TorchScript, using directly
  ppo_v206_sc_league_iter0020: already TorchScript, using directly
Loaded 3896 match results from SQL match_cache

Match schedule (21 total, 6 new, 15 reused from prior run):
  ppo_v206_sc_league_iter0010 vs ppo_v206_sc_league_iter0020
  ppo_v206_sc_league_iter0010 vs v55  [reuse]
  ppo_v206_sc_league_iter0010 vs v54  [reuse]
  ppo_v206_sc_league_iter0010 vs v44  [reuse]
  ppo_v206_sc_league_iter0010 vs v45  [reuse]
  ppo_v206_sc_league_iter0010 vs v14  [reuse]
  ppo_v206_sc_league_iter0020 vs v55
  ppo_v206_sc_league_iter0020 vs v54
  ppo_v206_sc_league_iter0020 vs v44
  ppo_v206_sc_league_iter0020 vs v45
  ppo_v206_sc_league_iter0020 vs v14
  v55 vs v54  [reuse]
  v55 vs v44  [reuse]
  v55 vs v45  [reuse]
  v55 vs v14  [reuse]
  v54 vs v44  [reuse]
  v54 vs v45  [reuse]
  v54 vs v14  [reuse]
  v44 vs v45  [reuse]
  v44 vs v14  [reuse]
  v45 vs v14  [reuse]

[new 1/6] ppo_v206_sc_league_iter0010 vs ppo_v206_sc_league_iter0020 (150 games = 75/side, seed=88000) ...
  ppo_v206_sc_league_iter0010: 58(30u/28s)  ppo_v206_sc_league_iter0020: 91(46u/45s)  draws: 1  WR(ppo_v206_sc_league_iter0010)=0.390  t=14.7s
  [reuse] ppo_v206_sc_league_iter0010 26(17u/9s) - 124(66u/58s) v55  draws=0  WR=0.173
  [reuse] ppo_v206_sc_league_iter0010 19(14u/5s) - 129(68u/61s) v54  draws=2  WR=0.133
  [reuse] ppo_v206_sc_league_iter0010 28(19u/9s) - 120(64u/56s) v44  draws=2  WR=0.193
  [reuse] ppo_v206_sc_league_iter0010 25(19u/6s) - 120(67u/53s) v45  draws=5  WR=0.183
  [reuse] ppo_v206_sc_league_iter0010 45(28u/17s) - 104(58u/46s) v14  draws=1  WR=0.303

[new 2/6] ppo_v206_sc_league_iter0020 vs v55 (150 games = 75/side, seed=88150) ...
  ppo_v206_sc_league_iter0020: 30(17u/13s)  v55: 119(61u/58s)  draws: 1  WR(ppo_v206_sc_league_iter0020)=0.203  t=13.2s

[new 3/6] ppo_v206_sc_league_iter0020 vs v54 (150 games = 75/side, seed=88300) ...
  ppo_v206_sc_league_iter0020: 28(17u/11s)  v54: 121(63u/58s)  draws: 1  WR(ppo_v206_sc_league_iter0020)=0.190  t=14.1s

[new 4/6] ppo_v206_sc_league_iter0020 vs v44 (150 games = 75/side, seed=88450) ...
  ppo_v206_sc_league_iter0020: 32(22u/10s)  v44: 117(65u/52s)  draws: 1  WR(ppo_v206_sc_league_iter0020)=0.217  t=14.9s

[new 5/6] ppo_v206_sc_league_iter0020 vs v45 (150 games = 75/side, seed=88600) ...
  ppo_v206_sc_league_iter0020: 25(18u/7s)  v45: 124(67u/57s)  draws: 1  WR(ppo_v206_sc_league_iter0020)=0.170  t=13.0s

[new 6/6] ppo_v206_sc_league_iter0020 vs v14 (150 games = 75/side, seed=88750) ...
  ppo_v206_sc_league_iter0020: 38(21u/17s)  v14: 108(56u/52s)  draws: 4  WR(ppo_v206_sc_league_iter0020)=0.267  t=20.4s
  [reuse] v55 209(115u/94s) - 181(102u/79s) v54  draws=10  WR=0.535
  [reuse] v55 201(119u/82s) - 178(110u/68s) v44  draws=21  WR=0.529
  [reuse] v55 206(136u/70s) - 180(123u/57s) v45  draws=14  WR=0.532
  [reuse] v55 255(150u/105s) - 128(88u/40s) v14  draws=17  WR=0.659
  [reuse] v54 222(126u/96s) - 163(99u/64s) v44  draws=15  WR=0.574
  [reuse] v54 194(125u/69s) - 183(121u/62s) v45  draws=23  WR=0.514
  [reuse] v54 254(154u/100s) - 131(95u/36s) v14  draws=15  WR=0.654
  [reuse] v44 194(130u/64s) - 192(130u/62s) v45  draws=14  WR=0.502
  [reuse] v44 239(147u/92s) - 147(100u/47s) v14  draws=14  WR=0.615
  [reuse] v45 226(147u/79s) - 162(115u/47s) v14  draws=12  WR=0.580

Fitting BayesElo (combined) ...
Fitting BayesElo (bipartite per-side, anchor=v14_USSR=2015.0) ...

Model                   Elo    USSR*      US*    Gap                95% CI   vs anchor
  (* bipartite per-side, single anchor: v14_USSR=2015)
----------------------------------------------------------------------------------------
v55                    2126   2103   2043  +60  [  2110,   2143]  +111
v54                    2123   2098   2040  +57  [  2106,   2139]  +108
v45                    2098   2127   1961  +166  [  2081,   2114]  +83
v44                    2092   2081   1993  +88  [  2076,   2109]  +77
v14                    2015   2015   1889  +126  [  2015,   2015]  +0
ppo_v206_sc_league_iter0020   1866   1800   1808  -8  [  1839,   1893]  -149
ppo_v206_sc_league_iter0010   1827   1788   1734  +54  [  1799,   1855]  -188

Pair                              Obs WR   Bip WR   Comb WR   Bip err   Comb err
------------------------------------------------------------------------------------
ppo_v206_sc_league_iter0010 vs ppo_v206_sc_league_iter0020   0.390    0.438     0.444    -0.048     -0.054
ppo_v206_sc_league_iter0010 vs v55              0.173    0.147     0.151    +0.026     +0.022
ppo_v206_sc_league_iter0010 vs v54              0.133    0.149     0.154    -0.016     -0.021
ppo_v206_sc_league_iter0010 vs v44              0.193    0.177     0.178    +0.016     +0.015
ppo_v206_sc_league_iter0010 vs v45              0.183    0.182     0.174    +0.001     +0.009
ppo_v206_sc_league_iter0010 vs v14              0.303    0.261     0.253    +0.042     +0.050
ppo_v206_sc_league_iter0020 vs v55              0.203    0.177     0.182    +0.027     +0.021
ppo_v206_sc_league_iter0020 vs v54              0.190    0.180     0.186    +0.010     +0.004
ppo_v206_sc_league_iter0020 vs v44              0.217    0.210     0.213    +0.006     +0.003
ppo_v206_sc_league_iter0020 vs v45              0.170    0.211     0.208    -0.041     -0.038
ppo_v206_sc_league_iter0020 vs v14              0.267    0.304     0.298    -0.037     -0.031
v55            vs v54              0.535    0.505     0.505    +0.030     +0.030
v55            vs v44              0.529    0.550     0.549    -0.021     -0.020
v55            vs v45              0.532    0.537     0.541    -0.005     -0.009
v55            vs v14              0.659    0.657     0.655    +0.002     +0.004
v54            vs v44              0.574    0.544     0.543    +0.029     +0.030
v54            vs v45              0.514    0.533     0.536    -0.019     -0.022
v54            vs v14              0.654    0.652     0.650    +0.001     +0.004
v44            vs v45              0.502    0.491     0.492    +0.012     +0.010
v44            vs v14              0.615    0.609     0.610    +0.006     +0.005
v45            vs v14              0.580    0.610     0.617    -0.030     -0.037
------------------------------------------------------------------------------------
                                              RMSE    0.0247     0.0257
  (bipartite RMSE < combined RMSE → bipartite model better fit)

Saved to data/checkpoints/ppo_v206_sc_league/candidate_tournament.json
[sql] Tournament logged: round_robin_20260414T065808Z_ppo_v206_sc_league_iter0010_ppo_v206_sc_league_iter0020 → results/metadata.sqlite3

[candidate] Top-8 panel-eval candidates:
  iter 0010: avg_panel_wr=0.929  data/checkpoints/ppo_v206_sc_league/ppo_iter0010_scripted.pt
  iter 0020: avg_panel_wr=0.906  data/checkpoints/ppo_v206_sc_league/ppo_iter0020_scripted.pt
[candidate] Models in tournament: ['ppo_v206_sc_league_iter0010:data/checkpoints/ppo_v206_sc_league/ppo_iter0010_scripted.pt', 'ppo_v206_sc_league_iter0020:data/checkpoints/ppo_v206_sc_league/ppo_iter0020_scripted.pt', 'v55:data/checkpoints/scripted_for_elo/v55_scripted.pt', 'v54:data/checkpoints/scripted_for_elo/v54_scripted.pt', 'v44:data/checkpoints/scripted_for_elo/v44_scripted.pt', 'v45:data/checkpoints/scripted_for_elo/v45_scripted.pt', 'v14:data/checkpoints/scripted_for_elo/v48_scripted.pt']
[candidate] Games per matchup: 150, anchor: v14=2015.0
[candidate] Running: /home/dkord/code/twilight-struggle-ai/.venv/bin/python3 scripts/run_elo_tournament.py --models ppo_v206_sc_league_iter0010:data/checkpoints/ppo_v206_sc_league/ppo_iter0010_scripted.pt ppo_v206_sc_league_iter0020:data/checkpoints/ppo_v206_sc_league/ppo_iter0020_scripted.pt v55:data/checkpoints/scripted_for_elo/v55_scripted.pt v54:data/checkpoints/scripted_for_elo/v54_scripted.pt v44:data/checkpoints/scripted_for_elo/v44_scripted.pt v45:data/checkpoints/scripted_for_elo/v45_scripted.pt v14:data/checkpoints/scripted_for_elo/v48_scripted.pt --games 150 --anchor v14 --anchor-elo 2015.0 --schedule round_robin --out data/checkpoints/ppo_v206_sc_league/candidate_tournament.json --script-dir data/checkpoints/scripted_for_elo

[candidate] Tournament results (candidates only):
  ppo_v206_sc_league_iter0020: Elo=1865.9 ← WINNER
  ppo_v206_sc_league_iter0010: Elo=1826.9
[candidate] ppo_best.pt ← data/checkpoints/ppo_v206_sc_league/ppo_iter0020.pt
[candidate] ppo_best_scripted.pt ← data/checkpoints/ppo_v206_sc_league/ppo_iter0020_scripted.pt

[candidate] Done. Winner: ppo_v206_sc_league_iter0020 (Elo=1865.9)
[candidate] Full tournament results: data/checkpoints/ppo_v206_sc_league/candidate_tournament.json
