Exporting checkpoints to TorchScript ...
  ppo_v58_league_iter0030: already TorchScript, using directly
  ppo_v58_league_iter0010: already TorchScript, using directly
  ppo_v58_league_iter0020: already TorchScript, using directly
  ppo_v58_league_iter0060: already TorchScript, using directly
  ppo_v58_league_iter0040: already TorchScript, using directly
  ppo_v58_league_iter0070: already TorchScript, using directly
  ppo_v58_league_iter0050: already TorchScript, using directly
  heuristic: built-in heuristic (no export needed)
Loaded 1051 match results from cache results/matches/

Match schedule (55 total, 49 new, 6 reused from prior run):
  ppo_v58_league_iter0030 vs ppo_v58_league_iter0010
  ppo_v58_league_iter0030 vs ppo_v58_league_iter0020
  ppo_v58_league_iter0030 vs ppo_v58_league_iter0060
  ppo_v58_league_iter0030 vs ppo_v58_league_iter0040
  ppo_v58_league_iter0030 vs ppo_v58_league_iter0070
  ppo_v58_league_iter0030 vs ppo_v58_league_iter0050
  ppo_v58_league_iter0030 vs v8
  ppo_v58_league_iter0030 vs v14
  ppo_v58_league_iter0030 vs v22
  ppo_v58_league_iter0030 vs heuristic
  ppo_v58_league_iter0010 vs ppo_v58_league_iter0020
  ppo_v58_league_iter0010 vs ppo_v58_league_iter0060
  ppo_v58_league_iter0010 vs ppo_v58_league_iter0040
  ppo_v58_league_iter0010 vs ppo_v58_league_iter0070
  ppo_v58_league_iter0010 vs ppo_v58_league_iter0050
  ppo_v58_league_iter0010 vs v8
  ppo_v58_league_iter0010 vs v14
  ppo_v58_league_iter0010 vs v22
  ppo_v58_league_iter0010 vs heuristic
  ppo_v58_league_iter0020 vs ppo_v58_league_iter0060
  ppo_v58_league_iter0020 vs ppo_v58_league_iter0040
  ppo_v58_league_iter0020 vs ppo_v58_league_iter0070
  ppo_v58_league_iter0020 vs ppo_v58_league_iter0050
  ppo_v58_league_iter0020 vs v8
  ppo_v58_league_iter0020 vs v14
  ppo_v58_league_iter0020 vs v22
  ppo_v58_league_iter0020 vs heuristic
  ppo_v58_league_iter0060 vs ppo_v58_league_iter0040
  ppo_v58_league_iter0060 vs ppo_v58_league_iter0070
  ppo_v58_league_iter0060 vs ppo_v58_league_iter0050
  ppo_v58_league_iter0060 vs v8
  ppo_v58_league_iter0060 vs v14
  ppo_v58_league_iter0060 vs v22
  ppo_v58_league_iter0060 vs heuristic
  ppo_v58_league_iter0040 vs ppo_v58_league_iter0070
  ppo_v58_league_iter0040 vs ppo_v58_league_iter0050
  ppo_v58_league_iter0040 vs v8
  ppo_v58_league_iter0040 vs v14
  ppo_v58_league_iter0040 vs v22
  ppo_v58_league_iter0040 vs heuristic
  ppo_v58_league_iter0070 vs ppo_v58_league_iter0050
  ppo_v58_league_iter0070 vs v8
  ppo_v58_league_iter0070 vs v14
  ppo_v58_league_iter0070 vs v22
  ppo_v58_league_iter0070 vs heuristic
  ppo_v58_league_iter0050 vs v8
  ppo_v58_league_iter0050 vs v14
  ppo_v58_league_iter0050 vs v22
  ppo_v58_league_iter0050 vs heuristic
  v8 vs v14  [reuse]
  v8 vs v22  [reuse]
  v8 vs heuristic  [reuse]
  v14 vs v22  [reuse]
  v14 vs heuristic  [reuse]
  v22 vs heuristic  [reuse]

[new 1/49] ppo_v58_league_iter0030 vs ppo_v58_league_iter0010 (200 games = 100/side, seed=88000) ...
  ppo_v58_league_iter0030: 90(51u/39s)  ppo_v58_league_iter0010: 100(52u/48s)  draws: 10  WR(ppo_v58_league_iter0030)=0.475  t=11.1s

[new 2/49] ppo_v58_league_iter0030 vs ppo_v58_league_iter0020 (200 games = 100/side, seed=88200) ...
  ppo_v58_league_iter0030: 105(54u/51s)  ppo_v58_league_iter0020: 82(42u/40s)  draws: 13  WR(ppo_v58_league_iter0030)=0.557  t=11.1s

[new 3/49] ppo_v58_league_iter0030 vs ppo_v58_league_iter0060 (200 games = 100/side, seed=88400) ...
  ppo_v58_league_iter0030: 93(55u/38s)  ppo_v58_league_iter0060: 101(58u/43s)  draws: 6  WR(ppo_v58_league_iter0030)=0.480  t=11.4s

[new 4/49] ppo_v58_league_iter0030 vs ppo_v58_league_iter0040 (200 games = 100/side, seed=88600) ...
  ppo_v58_league_iter0030: 110(56u/54s)  ppo_v58_league_iter0040: 88(46u/42s)  draws: 2  WR(ppo_v58_league_iter0030)=0.555  t=11.1s

[new 5/49] ppo_v58_league_iter0030 vs ppo_v58_league_iter0070 (200 games = 100/side, seed=88800) ...
  ppo_v58_league_iter0030: 108(62u/46s)  ppo_v58_league_iter0070: 82(50u/32s)  draws: 10  WR(ppo_v58_league_iter0030)=0.565  t=11.0s

[new 6/49] ppo_v58_league_iter0030 vs ppo_v58_league_iter0050 (200 games = 100/side, seed=89000) ...
  ppo_v58_league_iter0030: 119(60u/59s)  ppo_v58_league_iter0050: 72(37u/35s)  draws: 9  WR(ppo_v58_league_iter0030)=0.618  t=11.4s

[new 7/49] ppo_v58_league_iter0030 vs v8 (200 games = 100/side, seed=89200) ...
  ppo_v58_league_iter0030: 129(75u/54s)  v8: 67(43u/24s)  draws: 4  WR(ppo_v58_league_iter0030)=0.655  t=10.7s

[new 8/49] ppo_v58_league_iter0030 vs v14 (200 games = 100/side, seed=89400) ...
  ppo_v58_league_iter0030: 91(48u/43s)  v14: 102(53u/49s)  draws: 7  WR(ppo_v58_league_iter0030)=0.472  t=10.5s

[new 9/49] ppo_v58_league_iter0030 vs v22 (200 games = 100/side, seed=89600) ...
  ppo_v58_league_iter0030: 77(55u/22s)  v22: 111(71u/40s)  draws: 12  WR(ppo_v58_league_iter0030)=0.415  t=10.4s

[new 10/49] ppo_v58_league_iter0030 vs heuristic (200 games = 100/side, seed=89800) ...
  ppo_v58_league_iter0030: 155(94u/61s)  heuristic: 36(30u/6s)  draws: 9  WR(ppo_v58_league_iter0030)=0.797  t=15.9s

[new 11/49] ppo_v58_league_iter0010 vs ppo_v58_league_iter0020 (200 games = 100/side, seed=90000) ...
  ppo_v58_league_iter0010: 96(55u/41s)  ppo_v58_league_iter0020: 94(53u/41s)  draws: 10  WR(ppo_v58_league_iter0010)=0.505  t=11.3s

[new 12/49] ppo_v58_league_iter0010 vs ppo_v58_league_iter0060 (200 games = 100/side, seed=90200) ...
  ppo_v58_league_iter0010: 112(65u/47s)  ppo_v58_league_iter0060: 78(47u/31s)  draws: 10  WR(ppo_v58_league_iter0010)=0.585  t=10.8s

[new 13/49] ppo_v58_league_iter0010 vs ppo_v58_league_iter0040 (200 games = 100/side, seed=90400) ...
  ppo_v58_league_iter0010: 106(58u/48s)  ppo_v58_league_iter0040: 89(47u/42s)  draws: 5  WR(ppo_v58_league_iter0010)=0.542  t=10.9s

[new 14/49] ppo_v58_league_iter0010 vs ppo_v58_league_iter0070 (200 games = 100/side, seed=90600) ...
  ppo_v58_league_iter0010: 120(73u/47s)  ppo_v58_league_iter0070: 75(52u/23s)  draws: 5  WR(ppo_v58_league_iter0010)=0.613  t=10.7s

[new 15/49] ppo_v58_league_iter0010 vs ppo_v58_league_iter0050 (200 games = 100/side, seed=90800) ...
  ppo_v58_league_iter0010: 115(65u/50s)  ppo_v58_league_iter0050: 80(48u/32s)  draws: 5  WR(ppo_v58_league_iter0010)=0.588  t=10.6s

[new 16/49] ppo_v58_league_iter0010 vs v8 (200 games = 100/side, seed=91000) ...
  ppo_v58_league_iter0010: 138(84u/54s)  v8: 61(45u/16s)  draws: 1  WR(ppo_v58_league_iter0010)=0.693  t=10.3s

[new 17/49] ppo_v58_league_iter0010 vs v14 (200 games = 100/side, seed=91200) ...
  ppo_v58_league_iter0010: 107(65u/42s)  v14: 87(53u/34s)  draws: 6  WR(ppo_v58_league_iter0010)=0.550  t=10.5s

[new 18/49] ppo_v58_league_iter0010 vs v22 (200 games = 100/side, seed=91400) ...
  ppo_v58_league_iter0010: 86(56u/30s)  v22: 105(65u/40s)  draws: 9  WR(ppo_v58_league_iter0010)=0.453  t=10.3s

[new 19/49] ppo_v58_league_iter0010 vs heuristic (200 games = 100/side, seed=91600) ...
  ppo_v58_league_iter0010: 162(95u/67s)  heuristic: 35(30u/5s)  draws: 3  WR(ppo_v58_league_iter0010)=0.818  t=14.8s

[new 20/49] ppo_v58_league_iter0020 vs ppo_v58_league_iter0060 (200 games = 100/side, seed=91800) ...
  ppo_v58_league_iter0020: 109(58u/51s)  ppo_v58_league_iter0060: 80(44u/36s)  draws: 11  WR(ppo_v58_league_iter0020)=0.573  t=11.2s

[new 21/49] ppo_v58_league_iter0020 vs ppo_v58_league_iter0040 (200 games = 100/side, seed=92000) ...
  ppo_v58_league_iter0020: 106(59u/47s)  ppo_v58_league_iter0040: 81(44u/37s)  draws: 13  WR(ppo_v58_league_iter0020)=0.562  t=10.9s

[new 22/49] ppo_v58_league_iter0020 vs ppo_v58_league_iter0070 (200 games = 100/side, seed=92200) ...
  ppo_v58_league_iter0020: 106(60u/46s)  ppo_v58_league_iter0070: 84(50u/34s)  draws: 10  WR(ppo_v58_league_iter0020)=0.555  t=11.2s

[new 23/49] ppo_v58_league_iter0020 vs ppo_v58_league_iter0050 (200 games = 100/side, seed=92400) ...
  ppo_v58_league_iter0020: 111(58u/53s)  ppo_v58_league_iter0050: 77(41u/36s)  draws: 12  WR(ppo_v58_league_iter0020)=0.585  t=11.0s

[new 24/49] ppo_v58_league_iter0020 vs v8 (200 games = 100/side, seed=92600) ...
  ppo_v58_league_iter0020: 130(80u/50s)  v8: 65(47u/18s)  draws: 5  WR(ppo_v58_league_iter0020)=0.662  t=10.5s

[new 25/49] ppo_v58_league_iter0020 vs v14 (200 games = 100/side, seed=92800) ...
  ppo_v58_league_iter0020: 89(60u/29s)  v14: 104(68u/36s)  draws: 7  WR(ppo_v58_league_iter0020)=0.463  t=10.6s

[new 26/49] ppo_v58_league_iter0020 vs v22 (200 games = 100/side, seed=93000) ...
  ppo_v58_league_iter0020: 90(60u/30s)  v22: 102(66u/36s)  draws: 8  WR(ppo_v58_league_iter0020)=0.470  t=10.4s

[new 27/49] ppo_v58_league_iter0020 vs heuristic (200 games = 100/side, seed=93200) ...
  ppo_v58_league_iter0020: 159(95u/64s)  heuristic: 33(28u/5s)  draws: 8  WR(ppo_v58_league_iter0020)=0.815  t=15.4s

[new 28/49] ppo_v58_league_iter0060 vs ppo_v58_league_iter0040 (200 games = 100/side, seed=93400) ...
  ppo_v58_league_iter0060: 90(52u/38s)  ppo_v58_league_iter0040: 101(57u/44s)  draws: 9  WR(ppo_v58_league_iter0060)=0.472  t=11.3s

[new 29/49] ppo_v58_league_iter0060 vs ppo_v58_league_iter0070 (200 games = 100/side, seed=93600) ...
  ppo_v58_league_iter0060: 106(69u/37s)  ppo_v58_league_iter0070: 85(58u/27s)  draws: 9  WR(ppo_v58_league_iter0060)=0.552  t=11.3s

[new 30/49] ppo_v58_league_iter0060 vs ppo_v58_league_iter0050 (200 games = 100/side, seed=93800) ...
  ppo_v58_league_iter0060: 89(53u/36s)  ppo_v58_league_iter0050: 103(61u/42s)  draws: 8  WR(ppo_v58_league_iter0060)=0.465  t=10.7s

[new 31/49] ppo_v58_league_iter0060 vs v8 (200 games = 100/side, seed=94000) ...
  ppo_v58_league_iter0060: 121(77u/44s)  v8: 76(53u/23s)  draws: 3  WR(ppo_v58_league_iter0060)=0.613  t=10.6s

[new 32/49] ppo_v58_league_iter0060 vs v14 (200 games = 100/side, seed=94200) ...
  ppo_v58_league_iter0060: 89(60u/29s)  v14: 108(68u/40s)  draws: 3  WR(ppo_v58_league_iter0060)=0.453  t=10.6s

[new 33/49] ppo_v58_league_iter0060 vs v22 (200 games = 100/side, seed=94400) ...
  ppo_v58_league_iter0060: 89(56u/33s)  v22: 103(62u/41s)  draws: 8  WR(ppo_v58_league_iter0060)=0.465  t=10.0s

[new 34/49] ppo_v58_league_iter0060 vs heuristic (200 games = 100/side, seed=94600) ...
  ppo_v58_league_iter0060: 143(94u/49s)  heuristic: 52(46u/6s)  draws: 5  WR(ppo_v58_league_iter0060)=0.728  t=16.8s

[new 35/49] ppo_v58_league_iter0040 vs ppo_v58_league_iter0070 (200 games = 100/side, seed=94800) ...
  ppo_v58_league_iter0040: 84(50u/34s)  ppo_v58_league_iter0070: 108(62u/46s)  draws: 8  WR(ppo_v58_league_iter0040)=0.440  t=11.2s

[new 36/49] ppo_v58_league_iter0040 vs ppo_v58_league_iter0050 (200 games = 100/side, seed=95000) ...
  ppo_v58_league_iter0040: 86(49u/37s)  ppo_v58_league_iter0050: 106(57u/49s)  draws: 8  WR(ppo_v58_league_iter0040)=0.450  t=11.0s

[new 37/49] ppo_v58_league_iter0040 vs v8 (200 games = 100/side, seed=95200) ...
  ppo_v58_league_iter0040: 123(74u/49s)  v8: 71(49u/22s)  draws: 6  WR(ppo_v58_league_iter0040)=0.630  t=10.8s

[new 38/49] ppo_v58_league_iter0040 vs v14 (200 games = 100/side, seed=95400) ...
  ppo_v58_league_iter0040: 95(62u/33s)  v14: 94(58u/36s)  draws: 11  WR(ppo_v58_league_iter0040)=0.502  t=10.4s

[new 39/49] ppo_v58_league_iter0040 vs v22 (200 games = 100/side, seed=95600) ...
  ppo_v58_league_iter0040: 67(44u/23s)  v22: 125(73u/52s)  draws: 8  WR(ppo_v58_league_iter0040)=0.355  t=10.7s

[new 40/49] ppo_v58_league_iter0040 vs heuristic (200 games = 100/side, seed=95800) ...
  ppo_v58_league_iter0040: 144(92u/52s)  heuristic: 49(43u/6s)  draws: 7  WR(ppo_v58_league_iter0040)=0.738  t=16.9s

[new 41/49] ppo_v58_league_iter0070 vs ppo_v58_league_iter0050 (200 games = 100/side, seed=96000) ...
  ppo_v58_league_iter0070: 110(71u/39s)  ppo_v58_league_iter0050: 82(54u/28s)  draws: 8  WR(ppo_v58_league_iter0070)=0.570  t=11.2s

[new 42/49] ppo_v58_league_iter0070 vs v8 (200 games = 100/side, seed=96200) ...
  ppo_v58_league_iter0070: 106(71u/35s)  v8: 88(62u/26s)  draws: 6  WR(ppo_v58_league_iter0070)=0.545  t=10.9s

[new 43/49] ppo_v58_league_iter0070 vs v14 (200 games = 100/side, seed=96400) ...
  ppo_v58_league_iter0070: 97(63u/34s)  v14: 96(64u/32s)  draws: 7  WR(ppo_v58_league_iter0070)=0.502  t=10.1s

[new 44/49] ppo_v58_league_iter0070 vs v22 (200 games = 100/side, seed=96600) ...
  ppo_v58_league_iter0070: 58(44u/14s)  v22: 135(82u/53s)  draws: 7  WR(ppo_v58_league_iter0070)=0.307  t=10.4s

[new 45/49] ppo_v58_league_iter0070 vs heuristic (200 games = 100/side, seed=96800) ...
  ppo_v58_league_iter0070: 136(86u/50s)  heuristic: 53(40u/13s)  draws: 11  WR(ppo_v58_league_iter0070)=0.708  t=17.6s

[new 46/49] ppo_v58_league_iter0050 vs v8 (200 games = 100/side, seed=97000) ...
  ppo_v58_league_iter0050: 119(70u/49s)  v8: 77(49u/28s)  draws: 4  WR(ppo_v58_league_iter0050)=0.605  t=10.0s

[new 47/49] ppo_v58_league_iter0050 vs v14 (200 games = 100/side, seed=97200) ...
  ppo_v58_league_iter0050: 85(59u/26s)  v14: 110(71u/39s)  draws: 5  WR(ppo_v58_league_iter0050)=0.438  t=10.2s

[new 48/49] ppo_v58_league_iter0050 vs v22 (200 games = 100/side, seed=97400) ...
  ppo_v58_league_iter0050: 88(53u/35s)  v22: 102(58u/44s)  draws: 10  WR(ppo_v58_league_iter0050)=0.465  t=10.5s

[new 49/49] ppo_v58_league_iter0050 vs heuristic (200 games = 100/side, seed=97600) ...
  ppo_v58_league_iter0050: 138(93u/45s)  heuristic: 56(49u/7s)  draws: 6  WR(ppo_v58_league_iter0050)=0.705  t=16.4s
  [reuse] v8 137(68u/69s) - 247(123u/124s) v14  draws=16  WR=0.362
  [reuse] v8 109(54u/55s) - 282(141u/141s) v22  draws=9  WR=0.284
  [reuse] v8 176(88u/88s) - 20(10u/10s) heuristic  draws=4  WR=0.890
  [reuse] v14 140(70u/70s) - 241(120u/121s) v22  draws=19  WR=0.374
  [reuse] v14 329(164u/165s) - 64(32u/32s) heuristic  draws=7  WR=0.831
  [reuse] v22 350(175u/175s) - 45(22u/23s) heuristic  draws=5  WR=0.881

Fitting BayesElo (combined) ...
Fitting BayesElo (bipartite per-side, anchor=v14_USSR=2015.0) ...

Model                   Elo    USSR*      US*    Gap                95% CI   vs anchor
  (* bipartite per-side, single anchor: v14_USSR=2015)
----------------------------------------------------------------------------------------
v22                    2079   2088   2046  +42  [  2064,   2094]  +64
ppo_v58_league_iter0010   2043   2070   1992  +79  [  2027,   2059]  +28
ppo_v58_league_iter0020   2027   2043   1984  +59  [  2011,   2043]  +12
ppo_v58_league_iter0030   2024   2022   1998  +24  [  2008,   2041]  +9
v14                    2015   2015   1986  +29  [  2015,   2015]  +0
ppo_v58_league_iter0060   1991   2030   1923  +107  [  1975,   2007]  -24
ppo_v58_league_iter0040   1983   1996   1940  +56  [  1967,   1999]  -32
ppo_v58_league_iter0050   1979   2002   1926  +76  [  1963,   1995]  -36
ppo_v58_league_iter0070   1978   2031   1892  +139  [  1962,   1994]  -37
v8                     1923   1934   1878  +56  [  1908,   1938]  -92
heuristic              1756   1806   1633  +174  [  1738,   1774]  -259

Pair                              Obs WR   Bip WR   Comb WR   Bip err   Comb err
------------------------------------------------------------------------------------
ppo_v58_league_iter0030 vs ppo_v58_league_iter0010   0.475    0.470     0.473    +0.005     +0.002
ppo_v58_league_iter0030 vs ppo_v58_league_iter0020   0.557    0.495     0.496    +0.063     +0.061
ppo_v58_league_iter0030 vs ppo_v58_league_iter0060   0.480    0.546     0.548    -0.066     -0.068
ppo_v58_league_iter0030 vs ppo_v58_league_iter0040   0.555    0.560     0.560    -0.005     -0.005
ppo_v58_league_iter0030 vs ppo_v58_league_iter0070   0.565    0.565     0.567    -0.000     -0.002
ppo_v58_league_iter0030 vs ppo_v58_league_iter0050   0.618    0.564     0.565    +0.054     +0.053
ppo_v58_league_iter0030 vs v8               0.655    0.643     0.642    +0.012     +0.013
ppo_v58_league_iter0030 vs v14              0.472    0.513     0.514    -0.041     -0.041
ppo_v58_league_iter0030 vs v22              0.415    0.420     0.422    -0.005     -0.007
ppo_v58_league_iter0030 vs heuristic        0.797    0.827     0.824    -0.030     -0.027
ppo_v58_league_iter0010 vs ppo_v58_league_iter0020   0.505    0.524     0.523    -0.019     -0.018
ppo_v58_league_iter0010 vs ppo_v58_league_iter0060   0.585    0.572     0.574    +0.013     +0.011
ppo_v58_league_iter0010 vs ppo_v58_league_iter0040   0.542    0.587     0.586    -0.044     -0.044
ppo_v58_league_iter0010 vs ppo_v58_league_iter0070   0.613    0.589     0.593    +0.023     +0.020
ppo_v58_league_iter0010 vs ppo_v58_league_iter0050   0.588    0.590     0.591    -0.003     -0.003
ppo_v58_league_iter0010 vs v8               0.693    0.666     0.666    +0.026     +0.026
ppo_v58_league_iter0010 vs v14              0.550    0.542     0.540    +0.008     +0.010
ppo_v58_league_iter0010 vs v22              0.453    0.450     0.449    +0.002     +0.004
ppo_v58_league_iter0010 vs heuristic        0.818    0.835     0.839    -0.017     -0.022
ppo_v58_league_iter0020 vs ppo_v58_league_iter0060   0.573    0.550     0.552    +0.022     +0.021
ppo_v58_league_iter0020 vs ppo_v58_league_iter0040   0.562    0.564     0.564    -0.002     -0.001
ppo_v58_league_iter0020 vs ppo_v58_league_iter0070   0.555    0.569     0.570    -0.014     -0.015
ppo_v58_league_iter0020 vs ppo_v58_league_iter0050   0.585    0.568     0.568    +0.017     +0.017
ppo_v58_league_iter0020 vs v8               0.662    0.646     0.646    +0.016     +0.017
ppo_v58_league_iter0020 vs v14              0.463    0.518     0.518    -0.056     -0.055
ppo_v58_league_iter0020 vs v22              0.470    0.426     0.426    +0.044     +0.044
ppo_v58_league_iter0020 vs heuristic        0.815    0.825     0.826    -0.010     -0.011
ppo_v58_league_iter0060 vs ppo_v58_league_iter0040   0.472    0.512     0.512    -0.039     -0.040
ppo_v58_league_iter0060 vs ppo_v58_league_iter0070   0.552    0.519     0.519    +0.034     +0.034
ppo_v58_league_iter0060 vs ppo_v58_league_iter0050   0.465    0.516     0.517    -0.051     -0.052
ppo_v58_league_iter0060 vs v8               0.613    0.594     0.597    +0.018     +0.016
ppo_v58_league_iter0060 vs v14              0.453    0.466     0.466    -0.014     -0.013
ppo_v58_league_iter0060 vs v22              0.465    0.378     0.376    +0.087     +0.089
ppo_v58_league_iter0060 vs heuristic        0.728    0.785     0.795    -0.057     -0.067
ppo_v58_league_iter0040 vs ppo_v58_league_iter0070   0.440    0.508     0.507    -0.068     -0.067
ppo_v58_league_iter0040 vs ppo_v58_league_iter0050   0.450    0.505     0.505    -0.055     -0.055
ppo_v58_league_iter0040 vs v8               0.630    0.585     0.585    +0.045     +0.045
ppo_v58_league_iter0040 vs v14              0.502    0.453     0.454    +0.049     +0.049
ppo_v58_league_iter0040 vs v22              0.355    0.364     0.365    -0.009     -0.010
ppo_v58_league_iter0040 vs heuristic        0.738    0.786     0.787    -0.049     -0.049
ppo_v58_league_iter0070 vs ppo_v58_league_iter0050   0.570    0.497     0.498    +0.073     +0.072
ppo_v58_league_iter0070 vs v8               0.545    0.573     0.578    -0.028     -0.033
ppo_v58_league_iter0070 vs v14              0.502    0.447     0.447    +0.055     +0.056
ppo_v58_league_iter0070 vs v22              0.307    0.362     0.359    -0.055     -0.051
ppo_v58_league_iter0070 vs heuristic        0.708    0.765     0.782    -0.057     -0.074
ppo_v58_league_iter0050 vs v8               0.605    0.580     0.580    +0.025     +0.025
ppo_v58_league_iter0050 vs v14              0.438    0.449     0.449    -0.011     -0.011
ppo_v58_league_iter0050 vs v22              0.465    0.360     0.360    +0.105     +0.105
ppo_v58_league_iter0050 vs heuristic        0.705    0.780     0.783    -0.075     -0.078
v8             vs v14              0.362    0.369     0.371    -0.007     -0.008
v8             vs v22              0.284    0.288     0.289    -0.004     -0.006
v8             vs heuristic        0.890    0.726     0.723    +0.164     +0.167
v14            vs v22              0.374    0.407     0.409    -0.033     -0.035
v14            vs heuristic        0.831    0.819     0.816    +0.012     +0.015
v22            vs heuristic        0.881    0.865     0.865    +0.016     +0.016
------------------------------------------------------------------------------------
                                              RMSE    0.0461     0.0470
  (bipartite RMSE < combined RMSE → bipartite model better fit)

Saved to data/checkpoints/ppo_v58_league/confirmation_tournament.json

[confirm] Top-8 panel-eval candidates:
  iter 0030: avg_panel_wr=0.575  data/checkpoints/ppo_v58_league/ppo_iter0030_scripted.pt
  iter 0010: avg_panel_wr=0.571  data/checkpoints/ppo_v58_league/ppo_iter0010_scripted.pt
  iter 0020: avg_panel_wr=0.560  data/checkpoints/ppo_v58_league/ppo_iter0020_scripted.pt
  iter 0060: avg_panel_wr=0.555  data/checkpoints/ppo_v58_league/ppo_iter0060_scripted.pt
  iter 0040: avg_panel_wr=0.540  data/checkpoints/ppo_v58_league/ppo_iter0040_scripted.pt
  iter 0070: avg_panel_wr=0.524  data/checkpoints/ppo_v58_league/ppo_iter0070_scripted.pt
  iter 0050: avg_panel_wr=0.517  data/checkpoints/ppo_v58_league/ppo_iter0050_scripted.pt
[confirm] Models in tournament: ['ppo_v58_league_iter0030:data/checkpoints/ppo_v58_league/ppo_iter0030_scripted.pt', 'ppo_v58_league_iter0010:data/checkpoints/ppo_v58_league/ppo_iter0010_scripted.pt', 'ppo_v58_league_iter0020:data/checkpoints/ppo_v58_league/ppo_iter0020_scripted.pt', 'ppo_v58_league_iter0060:data/checkpoints/ppo_v58_league/ppo_iter0060_scripted.pt', 'ppo_v58_league_iter0040:data/checkpoints/ppo_v58_league/ppo_iter0040_scripted.pt', 'ppo_v58_league_iter0070:data/checkpoints/ppo_v58_league/ppo_iter0070_scripted.pt', 'ppo_v58_league_iter0050:data/checkpoints/ppo_v58_league/ppo_iter0050_scripted.pt', 'v8:data/checkpoints/scripted_for_elo/v8_scripted.pt', 'v14:data/checkpoints/scripted_for_elo/v14_scripted.pt', 'v22:data/checkpoints/scripted_for_elo/v22_scripted.pt', 'heuristic']
[confirm] Games per matchup: 200, anchor: v14=2015.0
[confirm] Running: /home/dkord/code/twilight-struggle-ai/.venv/bin/python3 scripts/run_elo_tournament.py --models ppo_v58_league_iter0030:data/checkpoints/ppo_v58_league/ppo_iter0030_scripted.pt ppo_v58_league_iter0010:data/checkpoints/ppo_v58_league/ppo_iter0010_scripted.pt ppo_v58_league_iter0020:data/checkpoints/ppo_v58_league/ppo_iter0020_scripted.pt ppo_v58_league_iter0060:data/checkpoints/ppo_v58_league/ppo_iter0060_scripted.pt ppo_v58_league_iter0040:data/checkpoints/ppo_v58_league/ppo_iter0040_scripted.pt ppo_v58_league_iter0070:data/checkpoints/ppo_v58_league/ppo_iter0070_scripted.pt ppo_v58_league_iter0050:data/checkpoints/ppo_v58_league/ppo_iter0050_scripted.pt v8:data/checkpoints/scripted_for_elo/v8_scripted.pt v14:data/checkpoints/scripted_for_elo/v14_scripted.pt v22:data/checkpoints/scripted_for_elo/v22_scripted.pt heuristic --games 200 --anchor v14 --anchor-elo 2015.0 --schedule round_robin --out data/checkpoints/ppo_v58_league/confirmation_tournament.json --script-dir data/checkpoints/scripted_for_elo

[confirm] Tournament results (candidates only):
  ppo_v58_league_iter0010: Elo=2043.1 ← WINNER
  ppo_v58_league_iter0020: Elo=2027.2
  ppo_v58_league_iter0030: Elo=2024.5
  ppo_v58_league_iter0060: Elo=1991.1
  ppo_v58_league_iter0040: Elo=1982.7
  ppo_v58_league_iter0050: Elo=1979.4
  ppo_v58_league_iter0070: Elo=1978.0
[confirm] ppo_best.pt ← data/checkpoints/ppo_v58_league/ppo_iter0010.pt
[confirm] ppo_best_scripted.pt ← data/checkpoints/ppo_v58_league/ppo_iter0010_scripted.pt

[confirm] Done. Winner: ppo_v58_league_iter0010 (Elo=2043.1)
[confirm] Full tournament results: data/checkpoints/ppo_v58_league/confirmation_tournament.json
