Exporting checkpoints to TorchScript ...
  ppo_v68_sc_league_iter0060: already TorchScript, using directly
  ppo_v68_sc_league_iter0020: already TorchScript, using directly
  ppo_v68_sc_league_iter0010: already TorchScript, using directly
  ppo_v68_sc_league_iter0030: already TorchScript, using directly
  ppo_v68_sc_league_iter0070: already TorchScript, using directly
  ppo_v68_sc_league_iter0050: already TorchScript, using directly
  ppo_v68_sc_league_iter0040: already TorchScript, using directly
Loaded 1807 match results from SQL match_cache

Match schedule (66 total, 15 new, 51 reused from prior run):
  ppo_v68_sc_league_iter0060 vs ppo_v68_sc_league_iter0020  [reuse]
  ppo_v68_sc_league_iter0060 vs ppo_v68_sc_league_iter0010  [reuse]
  ppo_v68_sc_league_iter0060 vs ppo_v68_sc_league_iter0030  [reuse]
  ppo_v68_sc_league_iter0060 vs ppo_v68_sc_league_iter0070
  ppo_v68_sc_league_iter0060 vs ppo_v68_sc_league_iter0050  [reuse]
  ppo_v68_sc_league_iter0060 vs ppo_v68_sc_league_iter0040  [reuse]
  ppo_v68_sc_league_iter0060 vs v55  [reuse]
  ppo_v68_sc_league_iter0060 vs v54  [reuse]
  ppo_v68_sc_league_iter0060 vs v44  [reuse]
  ppo_v68_sc_league_iter0060 vs v45  [reuse]
  ppo_v68_sc_league_iter0060 vs v14  [reuse]
  ppo_v68_sc_league_iter0020 vs ppo_v68_sc_league_iter0010  [reuse]
  ppo_v68_sc_league_iter0020 vs ppo_v68_sc_league_iter0030  [reuse]
  ppo_v68_sc_league_iter0020 vs ppo_v68_sc_league_iter0070
  ppo_v68_sc_league_iter0020 vs ppo_v68_sc_league_iter0050  [reuse]
  ppo_v68_sc_league_iter0020 vs ppo_v68_sc_league_iter0040  [reuse]
  ppo_v68_sc_league_iter0020 vs v55  [reuse]
  ppo_v68_sc_league_iter0020 vs v54  [reuse]
  ppo_v68_sc_league_iter0020 vs v44  [reuse]
  ppo_v68_sc_league_iter0020 vs v45  [reuse]
  ppo_v68_sc_league_iter0020 vs v14  [reuse]
  ppo_v68_sc_league_iter0010 vs ppo_v68_sc_league_iter0030  [reuse]
  ppo_v68_sc_league_iter0010 vs ppo_v68_sc_league_iter0070
  ppo_v68_sc_league_iter0010 vs ppo_v68_sc_league_iter0050  [reuse]
  ppo_v68_sc_league_iter0010 vs ppo_v68_sc_league_iter0040  [reuse]
  ppo_v68_sc_league_iter0010 vs v55  [reuse]
  ppo_v68_sc_league_iter0010 vs v54  [reuse]
  ppo_v68_sc_league_iter0010 vs v44  [reuse]
  ppo_v68_sc_league_iter0010 vs v45  [reuse]
  ppo_v68_sc_league_iter0010 vs v14  [reuse]
  ppo_v68_sc_league_iter0030 vs ppo_v68_sc_league_iter0070
  ppo_v68_sc_league_iter0030 vs ppo_v68_sc_league_iter0050  [reuse]
  ppo_v68_sc_league_iter0030 vs ppo_v68_sc_league_iter0040  [reuse]
  ppo_v68_sc_league_iter0030 vs v55  [reuse]
  ppo_v68_sc_league_iter0030 vs v54  [reuse]
  ppo_v68_sc_league_iter0030 vs v44  [reuse]
  ppo_v68_sc_league_iter0030 vs v45  [reuse]
  ppo_v68_sc_league_iter0030 vs v14  [reuse]
  ppo_v68_sc_league_iter0070 vs ppo_v68_sc_league_iter0050
  ppo_v68_sc_league_iter0070 vs ppo_v68_sc_league_iter0040
  ppo_v68_sc_league_iter0070 vs v55
  ppo_v68_sc_league_iter0070 vs v54
  ppo_v68_sc_league_iter0070 vs v44
  ppo_v68_sc_league_iter0070 vs v45
  ppo_v68_sc_league_iter0070 vs v14
  ppo_v68_sc_league_iter0050 vs ppo_v68_sc_league_iter0040  [reuse]
  ppo_v68_sc_league_iter0050 vs v55  [reuse]
  ppo_v68_sc_league_iter0050 vs v54  [reuse]
  ppo_v68_sc_league_iter0050 vs v44  [reuse]
  ppo_v68_sc_league_iter0050 vs v45  [reuse]
  ppo_v68_sc_league_iter0050 vs v14  [reuse]
  ppo_v68_sc_league_iter0040 vs v55
  ppo_v68_sc_league_iter0040 vs v54
  ppo_v68_sc_league_iter0040 vs v44
  ppo_v68_sc_league_iter0040 vs v45
  ppo_v68_sc_league_iter0040 vs v14  [reuse]
  v55 vs v54  [reuse]
  v55 vs v44  [reuse]
  v55 vs v45  [reuse]
  v55 vs v14  [reuse]
  v54 vs v44  [reuse]
  v54 vs v45  [reuse]
  v54 vs v14  [reuse]
  v44 vs v45  [reuse]
  v44 vs v14  [reuse]
  v45 vs v14  [reuse]
  [reuse] ppo_v68_sc_league_iter0060 59(37u/22s) - 87(51u/36s) ppo_v68_sc_league_iter0020  draws=4  WR=0.407
  [reuse] ppo_v68_sc_league_iter0060 68(40u/28s) - 75(45u/30s) ppo_v68_sc_league_iter0010  draws=7  WR=0.477
  [reuse] ppo_v68_sc_league_iter0060 65(34u/31s) - 80(43u/37s) ppo_v68_sc_league_iter0030  draws=5  WR=0.450

[new 1/15] ppo_v68_sc_league_iter0060 vs ppo_v68_sc_league_iter0070 (150 games = 75/side, seed=88000) ...
  ppo_v68_sc_league_iter0060: 70(39u/31s)  ppo_v68_sc_league_iter0070: 76(41u/35s)  draws: 4  WR(ppo_v68_sc_league_iter0060)=0.480  t=14.2s
  [reuse] ppo_v68_sc_league_iter0060 70(42u/28s) - 76(45u/31s) ppo_v68_sc_league_iter0050  draws=4  WR=0.480
  [reuse] ppo_v68_sc_league_iter0060 70(44u/26s) - 69(42u/27s) ppo_v68_sc_league_iter0040  draws=11  WR=0.503
  [reuse] ppo_v68_sc_league_iter0060 40(24u/16s) - 107(58u/49s) v55  draws=3  WR=0.277
  [reuse] ppo_v68_sc_league_iter0060 37(26u/11s) - 107(60u/47s) v54  draws=6  WR=0.267
  [reuse] ppo_v68_sc_league_iter0060 35(23u/12s) - 113(63u/50s) v44  draws=2  WR=0.240
  [reuse] ppo_v68_sc_league_iter0060 39(23u/16s) - 106(58u/48s) v45  draws=5  WR=0.277
  [reuse] ppo_v68_sc_league_iter0060 46(28u/18s) - 99(56u/43s) v14  draws=5  WR=0.323
  [reuse] ppo_v68_sc_league_iter0020 76(45u/31s) - 110(63u/47s) ppo_v68_sc_league_iter0010  draws=14  WR=0.415
  [reuse] ppo_v68_sc_league_iter0020 106(62u/44s) - 84(53u/31s) ppo_v68_sc_league_iter0030  draws=10  WR=0.555

[new 2/15] ppo_v68_sc_league_iter0020 vs ppo_v68_sc_league_iter0070 (150 games = 75/side, seed=88150) ...
  ppo_v68_sc_league_iter0020: 83(46u/37s)  ppo_v68_sc_league_iter0070: 59(34u/25s)  draws: 8  WR(ppo_v68_sc_league_iter0020)=0.580  t=497.7s
  [reuse] ppo_v68_sc_league_iter0020 104(56u/48s) - 91(51u/40s) ppo_v68_sc_league_iter0050  draws=5  WR=0.532
  [reuse] ppo_v68_sc_league_iter0020 104(58u/46s) - 89(53u/36s) ppo_v68_sc_league_iter0040  draws=7  WR=0.537
  [reuse] ppo_v68_sc_league_iter0020 41(26u/15s) - 103(58u/45s) v55  draws=6  WR=0.293
  [reuse] ppo_v68_sc_league_iter0020 37(21u/16s) - 107(57u/50s) v54  draws=6  WR=0.267
  [reuse] ppo_v68_sc_league_iter0020 63(41u/22s) - 79(50u/29s) v44  draws=8  WR=0.447
  [reuse] ppo_v68_sc_league_iter0020 45(26u/19s) - 101(55u/46s) v45  draws=4  WR=0.313
  [reuse] ppo_v68_sc_league_iter0020 68(42u/26s) - 125(71u/54s) v14  draws=7  WR=0.357
  [reuse] ppo_v68_sc_league_iter0010 99(57u/42s) - 96(55u/41s) ppo_v68_sc_league_iter0030  draws=5  WR=0.507

[new 3/15] ppo_v68_sc_league_iter0010 vs ppo_v68_sc_league_iter0070 (150 games = 75/side, seed=88300) ...
  ppo_v68_sc_league_iter0010: 86(50u/36s)  ppo_v68_sc_league_iter0070: 54(33u/21s)  draws: 10  WR(ppo_v68_sc_league_iter0010)=0.607  t=350.9s
  [reuse] ppo_v68_sc_league_iter0010 100(55u/45s) - 89(50u/39s) ppo_v68_sc_league_iter0050  draws=11  WR=0.527
  [reuse] ppo_v68_sc_league_iter0010 99(54u/45s) - 97(52u/45s) ppo_v68_sc_league_iter0040  draws=4  WR=0.505
  [reuse] ppo_v68_sc_league_iter0010 44(24u/20s) - 103(52u/51s) v55  draws=3  WR=0.303
  [reuse] ppo_v68_sc_league_iter0010 33(18u/15s) - 114(60u/54s) v54  draws=3  WR=0.230
  [reuse] ppo_v68_sc_league_iter0010 50(31u/19s) - 94(52u/42s) v44  draws=6  WR=0.353
  [reuse] ppo_v68_sc_league_iter0010 49(30u/19s) - 97(54u/43s) v45  draws=4  WR=0.340
  [reuse] ppo_v68_sc_league_iter0010 64(39u/25s) - 129(72u/57s) v14  draws=7  WR=0.338

[new 4/15] ppo_v68_sc_league_iter0030 vs ppo_v68_sc_league_iter0070 (150 games = 75/side, seed=88450) ...
  ppo_v68_sc_league_iter0030: 78(44u/34s)  ppo_v68_sc_league_iter0070: 66(36u/30s)  draws: 6  WR(ppo_v68_sc_league_iter0030)=0.540  t=270.2s
  [reuse] ppo_v68_sc_league_iter0030 96(54u/42s) - 96(55u/41s) ppo_v68_sc_league_iter0050  draws=8  WR=0.500
  [reuse] ppo_v68_sc_league_iter0030 104(57u/47s) - 90(50u/40s) ppo_v68_sc_league_iter0040  draws=6  WR=0.535
  [reuse] ppo_v68_sc_league_iter0030 41(22u/19s) - 106(54u/52s) v55  draws=3  WR=0.283
  [reuse] ppo_v68_sc_league_iter0030 47(27u/20s) - 97(52u/45s) v54  draws=6  WR=0.333
  [reuse] ppo_v68_sc_league_iter0030 47(29u/18s) - 98(55u/43s) v44  draws=5  WR=0.330
  [reuse] ppo_v68_sc_league_iter0030 36(25u/11s) - 111(63u/48s) v45  draws=3  WR=0.250
  [reuse] ppo_v68_sc_league_iter0030 73(39u/34s) - 120(64u/56s) v14  draws=7  WR=0.383

[new 5/15] ppo_v68_sc_league_iter0070 vs ppo_v68_sc_league_iter0050 (150 games = 75/side, seed=88600) ...
  ppo_v68_sc_league_iter0070: 73(35u/38s)  ppo_v68_sc_league_iter0050: 69(32u/37s)  draws: 8  WR(ppo_v68_sc_league_iter0070)=0.513  t=74.0s

[new 6/15] ppo_v68_sc_league_iter0070 vs ppo_v68_sc_league_iter0040 (150 games = 75/side, seed=88750) ...
  ppo_v68_sc_league_iter0070: 73(38u/35s)  ppo_v68_sc_league_iter0040: 69(37u/32s)  draws: 8  WR(ppo_v68_sc_league_iter0070)=0.513  t=60.6s

[new 7/15] ppo_v68_sc_league_iter0070 vs v55 (150 games = 75/side, seed=88900) ...
  ppo_v68_sc_league_iter0070: 30(17u/13s)  v55: 120(62u/58s)  draws: 0  WR(ppo_v68_sc_league_iter0070)=0.200  t=44.5s

[new 8/15] ppo_v68_sc_league_iter0070 vs v54 (150 games = 75/side, seed=89050) ...
  ppo_v68_sc_league_iter0070: 37(21u/16s)  v54: 108(58u/50s)  draws: 5  WR(ppo_v68_sc_league_iter0070)=0.263  t=102.0s

[new 9/15] ppo_v68_sc_league_iter0070 vs v44 (150 games = 75/side, seed=89200) ...
  ppo_v68_sc_league_iter0070: 36(20u/16s)  v44: 108(58u/50s)  draws: 6  WR(ppo_v68_sc_league_iter0070)=0.260  t=71.0s

[new 10/15] ppo_v68_sc_league_iter0070 vs v45 (150 games = 75/side, seed=89350) ...
  ppo_v68_sc_league_iter0070: 49(35u/14s)  v45: 98(60u/38s)  draws: 3  WR(ppo_v68_sc_league_iter0070)=0.337  t=42.1s

[new 11/15] ppo_v68_sc_league_iter0070 vs v14 (150 games = 75/side, seed=89500) ...
  ppo_v68_sc_league_iter0070: 50(27u/23s)  v14: 94(50u/44s)  draws: 6  WR(ppo_v68_sc_league_iter0070)=0.353  t=65.0s
  [reuse] ppo_v68_sc_league_iter0050 103(60u/43s) - 89(51u/38s) ppo_v68_sc_league_iter0040  draws=8  WR=0.535
  [reuse] ppo_v68_sc_league_iter0050 50(25u/25s) - 97(47u/50s) v55  draws=3  WR=0.343
  [reuse] ppo_v68_sc_league_iter0050 42(27u/15s) - 99(58u/41s) v54  draws=9  WR=0.310
  [reuse] ppo_v68_sc_league_iter0050 54(33u/21s) - 90(50u/40s) v44  draws=6  WR=0.380
  [reuse] ppo_v68_sc_league_iter0050 41(27u/14s) - 105(60u/45s) v45  draws=4  WR=0.287
  [reuse] ppo_v68_sc_league_iter0050 77(47u/30s) - 117(66u/51s) v14  draws=6  WR=0.400

[new 12/15] ppo_v68_sc_league_iter0040 vs v55 (150 games = 75/side, seed=89650) ...
  ppo_v68_sc_league_iter0040: 38(23u/15s)  v55: 107(58u/49s)  draws: 5  WR(ppo_v68_sc_league_iter0040)=0.270  t=360.2s

[new 13/15] ppo_v68_sc_league_iter0040 vs v54 (150 games = 75/side, seed=89800) ...
  ppo_v68_sc_league_iter0040: 30(19u/11s)  v54: 116(63u/53s)  draws: 4  WR(ppo_v68_sc_league_iter0040)=0.213  t=11.4s

[new 14/15] ppo_v68_sc_league_iter0040 vs v44 (150 games = 75/side, seed=89950) ...
  ppo_v68_sc_league_iter0040: 47(30u/17s)  v44: 95(58u/37s)  draws: 8  WR(ppo_v68_sc_league_iter0040)=0.340  t=11.0s

[new 15/15] ppo_v68_sc_league_iter0040 vs v45 (150 games = 75/side, seed=90100) ...
  ppo_v68_sc_league_iter0040: 46(32u/14s)  v45: 99(57u/42s)  draws: 5  WR(ppo_v68_sc_league_iter0040)=0.323  t=10.8s
  [reuse] ppo_v68_sc_league_iter0040 70(42u/28s) - 125(69u/56s) v14  draws=5  WR=0.362
  [reuse] v55 209(115u/94s) - 181(102u/79s) v54  draws=10  WR=0.535
  [reuse] v55 201(119u/82s) - 178(110u/68s) v44  draws=21  WR=0.529
  [reuse] v55 206(136u/70s) - 180(123u/57s) v45  draws=14  WR=0.532
  [reuse] v55 255(150u/105s) - 128(88u/40s) v14  draws=17  WR=0.659
  [reuse] v54 222(126u/96s) - 163(99u/64s) v44  draws=15  WR=0.574
  [reuse] v54 194(125u/69s) - 183(121u/62s) v45  draws=23  WR=0.514
  [reuse] v54 254(154u/100s) - 131(95u/36s) v14  draws=15  WR=0.654
  [reuse] v44 194(130u/64s) - 192(130u/62s) v45  draws=14  WR=0.502
  [reuse] v44 239(147u/92s) - 147(100u/47s) v14  draws=14  WR=0.615
  [reuse] v45 226(147u/79s) - 162(115u/47s) v14  draws=12  WR=0.580

Fitting BayesElo (combined) ...
Fitting BayesElo (bipartite per-side, anchor=v14_USSR=2015.0) ...

Model                   Elo    USSR*      US*    Gap                95% CI   vs anchor
  (* bipartite per-side, single anchor: v14_USSR=2015)
----------------------------------------------------------------------------------------
v55                    2110   2091   2040  +50  [  2096,   2124]  +95
v54                    2109   2097   2033  +64  [  2095,   2123]  +94
v45                    2081   2113   1963  +150  [  2067,   2095]  +66
v44                    2072   2073   1978  +95  [  2058,   2086]  +57
v14                    2015   2015   1917  +98  [  2015,   2015]  +0
ppo_v68_sc_league_iter0020   1950   1931   1871  +59  [  1934,   1967]  -65
ppo_v68_sc_league_iter0010   1948   1916   1881  +35  [  1932,   1965]  -67
ppo_v68_sc_league_iter0050   1940   1905   1875  +30  [  1923,   1956]  -75
ppo_v68_sc_league_iter0030   1937   1901   1872  +29  [  1920,   1953]  -78
ppo_v68_sc_league_iter0040   1920   1895   1844  +51  [  1904,   1937]  -95
ppo_v68_sc_league_iter0070   1911   1867   1855  +12  [  1893,   1929]  -104
ppo_v68_sc_league_iter0060   1907   1887   1825  +63  [  1889,   1925]  -108

Pair                              Obs WR   Bip WR   Comb WR   Bip err   Comb err
------------------------------------------------------------------------------------
ppo_v68_sc_league_iter0060 vs ppo_v68_sc_league_iter0020   0.407    0.438     0.438    -0.031     -0.031
ppo_v68_sc_league_iter0060 vs ppo_v68_sc_league_iter0010   0.477    0.440     0.441    +0.036     +0.036
ppo_v68_sc_league_iter0060 vs ppo_v68_sc_league_iter0030   0.450    0.457     0.458    -0.007     -0.008
ppo_v68_sc_league_iter0060 vs ppo_v68_sc_league_iter0070   0.480    0.492     0.495    -0.012     -0.015
ppo_v68_sc_league_iter0060 vs ppo_v68_sc_league_iter0050   0.480    0.452     0.453    +0.028     +0.027
ppo_v68_sc_league_iter0060 vs ppo_v68_sc_league_iter0040   0.503    0.481     0.481    +0.022     +0.022
ppo_v68_sc_league_iter0060 vs v55              0.277    0.236     0.238    +0.041     +0.039
ppo_v68_sc_league_iter0060 vs v54              0.267    0.237     0.238    +0.030     +0.028
ppo_v68_sc_league_iter0060 vs v44              0.240    0.282     0.280    -0.042     -0.040
ppo_v68_sc_league_iter0060 vs v45              0.277    0.276     0.269    +0.000     +0.008
ppo_v68_sc_league_iter0060 vs v14              0.323    0.354     0.350    -0.030     -0.026
ppo_v68_sc_league_iter0020 vs ppo_v68_sc_league_iter0010   0.415    0.504     0.503    -0.089     -0.088
ppo_v68_sc_league_iter0020 vs ppo_v68_sc_league_iter0030   0.555    0.520     0.520    +0.035     +0.035
ppo_v68_sc_league_iter0020 vs ppo_v68_sc_league_iter0070   0.580    0.556     0.557    +0.024     +0.023
ppo_v68_sc_league_iter0020 vs ppo_v68_sc_league_iter0050   0.532    0.516     0.515    +0.017     +0.017
ppo_v68_sc_league_iter0020 vs ppo_v68_sc_league_iter0040   0.537    0.544     0.543    -0.006     -0.006
ppo_v68_sc_league_iter0020 vs v55              0.293    0.284     0.286    +0.009     +0.008
ppo_v68_sc_league_iter0020 vs v54              0.267    0.286     0.286    -0.019     -0.020
ppo_v68_sc_league_iter0020 vs v44              0.447    0.335     0.332    +0.112     +0.114
ppo_v68_sc_league_iter0020 vs v45              0.313    0.327     0.321    -0.013     -0.007
ppo_v68_sc_league_iter0020 vs v14              0.357    0.412     0.408    -0.054     -0.051
ppo_v68_sc_league_iter0010 vs ppo_v68_sc_league_iter0030   0.507    0.517     0.517    -0.009     -0.009
ppo_v68_sc_league_iter0010 vs ppo_v68_sc_league_iter0070   0.607    0.553     0.554    +0.054     +0.053
ppo_v68_sc_league_iter0010 vs ppo_v68_sc_league_iter0050   0.527    0.512     0.512    +0.015     +0.015
ppo_v68_sc_league_iter0010 vs ppo_v68_sc_league_iter0040   0.505    0.541     0.541    -0.036     -0.036
ppo_v68_sc_league_iter0010 vs v55              0.303    0.279     0.283    +0.024     +0.020
ppo_v68_sc_league_iter0010 vs v54              0.230    0.281     0.284    -0.051     -0.054
ppo_v68_sc_league_iter0010 vs v44              0.353    0.330     0.330    +0.024     +0.023
ppo_v68_sc_league_iter0010 vs v45              0.340    0.321     0.318    +0.019     +0.022
ppo_v68_sc_league_iter0010 vs v14              0.338    0.407     0.405    -0.069     -0.068
ppo_v68_sc_league_iter0030 vs ppo_v68_sc_league_iter0070   0.540    0.536     0.537    +0.004     +0.003
ppo_v68_sc_league_iter0030 vs ppo_v68_sc_league_iter0050   0.500    0.495     0.495    +0.005     +0.005
ppo_v68_sc_league_iter0030 vs ppo_v68_sc_league_iter0040   0.535    0.524     0.524    +0.011     +0.011
ppo_v68_sc_league_iter0030 vs v55              0.283    0.266     0.270    +0.018     +0.014
ppo_v68_sc_league_iter0030 vs v54              0.333    0.267     0.270    +0.066     +0.063
ppo_v68_sc_league_iter0030 vs v44              0.330    0.315     0.315    +0.015     +0.015
ppo_v68_sc_league_iter0030 vs v45              0.250    0.306     0.303    -0.056     -0.053
ppo_v68_sc_league_iter0030 vs v14              0.383    0.391     0.389    -0.009     -0.007
ppo_v68_sc_league_iter0070 vs ppo_v68_sc_league_iter0050   0.513    0.459     0.458    +0.054     +0.055
ppo_v68_sc_league_iter0070 vs ppo_v68_sc_league_iter0040   0.513    0.488     0.486    +0.025     +0.027
ppo_v68_sc_league_iter0070 vs v55              0.200    0.238     0.241    -0.038     -0.041
ppo_v68_sc_league_iter0070 vs v54              0.263    0.239     0.242    +0.025     +0.021
ppo_v68_sc_league_iter0070 vs v44              0.260    0.284     0.284    -0.024     -0.024
ppo_v68_sc_league_iter0070 vs v45              0.337    0.275     0.273    +0.061     +0.064
ppo_v68_sc_league_iter0070 vs v14              0.353    0.357     0.354    -0.003     -0.001
ppo_v68_sc_league_iter0050 vs ppo_v68_sc_league_iter0040   0.535    0.529     0.528    +0.006     +0.007
ppo_v68_sc_league_iter0050 vs v55              0.343    0.269     0.273    +0.074     +0.070
ppo_v68_sc_league_iter0050 vs v54              0.310    0.271     0.274    +0.039     +0.036
ppo_v68_sc_league_iter0050 vs v44              0.380    0.319     0.319    +0.061     +0.061
ppo_v68_sc_league_iter0050 vs v45              0.287    0.310     0.307    -0.023     -0.021
ppo_v68_sc_league_iter0050 vs v14              0.400    0.395     0.394    +0.005     +0.006
ppo_v68_sc_league_iter0040 vs v55              0.270    0.249     0.251    +0.021     +0.019
ppo_v68_sc_league_iter0040 vs v54              0.213    0.250     0.252    -0.037     -0.039
ppo_v68_sc_league_iter0040 vs v44              0.340    0.297     0.295    +0.043     +0.045
ppo_v68_sc_league_iter0040 vs v45              0.323    0.290     0.284    +0.034     +0.039
ppo_v68_sc_league_iter0040 vs v14              0.362    0.370     0.367    -0.008     -0.004
v55            vs v54              0.535    0.501     0.501    +0.034     +0.034
v55            vs v44              0.529    0.554     0.555    -0.026     -0.026
v55            vs v45              0.532    0.537     0.541    -0.004     -0.009
v55            vs v14              0.659    0.633     0.633    +0.025     +0.026
v54            vs v44              0.574    0.553     0.554    +0.020     +0.020
v54            vs v45              0.514    0.536     0.540    -0.022     -0.026
v54            vs v14              0.654    0.632     0.632    +0.022     +0.022
v44            vs v45              0.502    0.485     0.486    +0.018     +0.016
v44            vs v14              0.615    0.579     0.581    +0.036     +0.034
v45            vs v14              0.580    0.590     0.594    -0.010     -0.014
------------------------------------------------------------------------------------
                                              RMSE    0.0366     0.0364
  (bipartite RMSE >= combined RMSE → bipartite model not better fit)

Saved to data/checkpoints/ppo_v68_sc_league/candidate_tournament.json
[sql] Tournament logged: round_robin_20260412T113532Z_ppo_v68_sc_league_iter0010_ppo_v68_sc_league_iter0020 → results/metadata.sqlite3

[candidate] Top-8 panel-eval candidates:
  iter 0060: avg_panel_wr=0.504  data/checkpoints/ppo_v68_sc_league/ppo_iter0060_scripted.pt
  iter 0020: avg_panel_wr=0.502  data/checkpoints/ppo_v68_sc_league/ppo_iter0020_scripted.pt
  iter 0010: avg_panel_wr=0.500  data/checkpoints/ppo_v68_sc_league/ppo_iter0010_scripted.pt
  iter 0030: avg_panel_wr=0.484  data/checkpoints/ppo_v68_sc_league/ppo_iter0030_scripted.pt
  iter 0070: avg_panel_wr=0.482  data/checkpoints/ppo_v68_sc_league/ppo_iter0070_scripted.pt
  iter 0050: avg_panel_wr=0.470  data/checkpoints/ppo_v68_sc_league/ppo_iter0050_scripted.pt
  iter 0040: avg_panel_wr=0.452  data/checkpoints/ppo_v68_sc_league/ppo_iter0040_scripted.pt
[candidate] Models in tournament: ['ppo_v68_sc_league_iter0060:data/checkpoints/ppo_v68_sc_league/ppo_iter0060_scripted.pt', 'ppo_v68_sc_league_iter0020:data/checkpoints/ppo_v68_sc_league/ppo_iter0020_scripted.pt', 'ppo_v68_sc_league_iter0010:data/checkpoints/ppo_v68_sc_league/ppo_iter0010_scripted.pt', 'ppo_v68_sc_league_iter0030:data/checkpoints/ppo_v68_sc_league/ppo_iter0030_scripted.pt', 'ppo_v68_sc_league_iter0070:data/checkpoints/ppo_v68_sc_league/ppo_iter0070_scripted.pt', 'ppo_v68_sc_league_iter0050:data/checkpoints/ppo_v68_sc_league/ppo_iter0050_scripted.pt', 'ppo_v68_sc_league_iter0040:data/checkpoints/ppo_v68_sc_league/ppo_iter0040_scripted.pt', 'v55:data/checkpoints/scripted_for_elo/v55_scripted.pt', 'v54:data/checkpoints/scripted_for_elo/v54_scripted.pt', 'v44:data/checkpoints/scripted_for_elo/v44_scripted.pt', 'v45:data/checkpoints/scripted_for_elo/v45_scripted.pt', 'v14:data/checkpoints/scripted_for_elo/v14_scripted.pt']
[candidate] Games per matchup: 150, anchor: v14=2015.0
[candidate] Running: /home/dkord/code/twilight-struggle-ai/.venv/bin/python3 scripts/run_elo_tournament.py --models ppo_v68_sc_league_iter0060:data/checkpoints/ppo_v68_sc_league/ppo_iter0060_scripted.pt ppo_v68_sc_league_iter0020:data/checkpoints/ppo_v68_sc_league/ppo_iter0020_scripted.pt ppo_v68_sc_league_iter0010:data/checkpoints/ppo_v68_sc_league/ppo_iter0010_scripted.pt ppo_v68_sc_league_iter0030:data/checkpoints/ppo_v68_sc_league/ppo_iter0030_scripted.pt ppo_v68_sc_league_iter0070:data/checkpoints/ppo_v68_sc_league/ppo_iter0070_scripted.pt ppo_v68_sc_league_iter0050:data/checkpoints/ppo_v68_sc_league/ppo_iter0050_scripted.pt ppo_v68_sc_league_iter0040:data/checkpoints/ppo_v68_sc_league/ppo_iter0040_scripted.pt v55:data/checkpoints/scripted_for_elo/v55_scripted.pt v54:data/checkpoints/scripted_for_elo/v54_scripted.pt v44:data/checkpoints/scripted_for_elo/v44_scripted.pt v45:data/checkpoints/scripted_for_elo/v45_scripted.pt v14:data/checkpoints/scripted_for_elo/v14_scripted.pt --games 150 --anchor v14 --anchor-elo 2015.0 --schedule round_robin --out data/checkpoints/ppo_v68_sc_league/candidate_tournament.json --script-dir data/checkpoints/scripted_for_elo

[candidate] Tournament results (candidates only):
  ppo_v68_sc_league_iter0020: Elo=1950.5 ← WINNER
  ppo_v68_sc_league_iter0010: Elo=1948.4
  ppo_v68_sc_league_iter0050: Elo=1939.9
  ppo_v68_sc_league_iter0030: Elo=1936.6
  ppo_v68_sc_league_iter0040: Elo=1920.2
  ppo_v68_sc_league_iter0070: Elo=1910.6
  ppo_v68_sc_league_iter0060: Elo=1907.2
[candidate] ppo_best.pt ← data/checkpoints/ppo_v68_sc_league/ppo_iter0020.pt
[candidate] ppo_best_scripted.pt ← data/checkpoints/ppo_v68_sc_league/ppo_iter0020_scripted.pt

[candidate] Done. Winner: ppo_v68_sc_league_iter0020 (Elo=1950.5)
[candidate] Full tournament results: data/checkpoints/ppo_v68_sc_league/candidate_tournament.json
_league_iter0060 vs ppo_v68_sc_league_iter0050   0.480    0.455     0.455    +0.025     +0.025
ppo_v68_sc_league_iter0060 vs ppo_v68_sc_league_iter0040   0.503    0.480     0.482    +0.023     +0.022
ppo_v68_sc_league_iter0060 vs v55              0.277    0.236     0.239    +0.040     +0.038
ppo_v68_sc_league_iter0060 vs v54              0.267    0.237     0.238    +0.030     +0.028
ppo_v68_sc_league_iter0060 vs v44              0.240    0.278     0.276    -0.038     -0.036
ppo_v68_sc_league_iter0060 vs v45              0.277    0.270     0.263    +0.006     +0.013
ppo_v68_sc_league_iter0060 vs v14              0.323    0.349     0.345    -0.026     -0.022
ppo_v68_sc_league_iter0020 vs ppo_v68_sc_league_iter0010   0.415    0.500     0.499    -0.085     -0.084
ppo_v68_sc_league_iter0020 vs ppo_v68_sc_league_iter0030   0.555    0.510     0.510    +0.045     +0.045
ppo_v68_sc_league_iter0020 vs ppo_v68_sc_league_iter0070   0.487    0.551     0.551    -0.064     -0.065
ppo_v68_sc_league_iter0020 vs ppo_v68_sc_league_iter0050   0.532    0.510     0.510    +0.022     +0.022
ppo_v68_sc_league_iter0020 vs ppo_v68_sc_league_iter0040   0.537    0.536     0.536    +0.002     +0.001
ppo_v68_sc_league_iter0020 vs v55              0.293    0.279     0.281    +0.014     +0.012
ppo_v68_sc_league_iter0020 vs v54              0.267    0.280     0.280    -0.013     -0.014
ppo_v68_sc_league_iter0020 vs v44              0.447    0.324     0.321    +0.123     +0.125
ppo_v68_sc_league_iter0020 vs v45              0.313    0.314     0.308    -0.001     +0.005
ppo_v68_sc_league_iter0020 vs v14              0.357    0.400     0.396    -0.042     -0.038
ppo_v68_sc_league_iter0010 vs ppo_v68_sc_league_iter0030   0.507    0.510     0.511    -0.002     -0.003
ppo_v68_sc_league_iter0010 vs ppo_v68_sc_league_iter0070   0.560    0.551     0.552    +0.009     +0.008
ppo_v68_sc_league_iter0010 vs ppo_v68_sc_league_iter0050   0.527    0.511     0.511    +0.017     +0.017
ppo_v68_sc_league_iter0010 vs ppo_v68_sc_league_iter0040   0.505    0.536     0.537    -0.031     -0.032
ppo_v68_sc_league_iter0010 vs v55              0.303    0.278     0.281    +0.026     +0.022
ppo_v68_sc_league_iter0010 vs v54              0.230    0.278     0.281    -0.048     -0.051
ppo_v68_sc_league_iter0010 vs v44              0.353    0.322     0.322    +0.031     +0.031
ppo_v68_sc_league_iter0010 vs v45              0.340    0.311     0.308    +0.029     +0.032
ppo_v68_sc_league_iter0010 vs v14              0.338    0.399     0.396    -0.061     -0.059
ppo_v68_sc_league_iter0030 vs ppo_v68_sc_league_iter0070   0.573    0.542     0.541    +0.031     +0.032
ppo_v68_sc_league_iter0030 vs ppo_v68_sc_league_iter0050   0.500    0.501     0.500    -0.001     -0.000
ppo_v68_sc_league_iter0030 vs ppo_v68_sc_league_iter0040   0.535    0.527     0.526    +0.008     +0.009
ppo_v68_sc_league_iter0030 vs v55              0.283    0.269     0.273    +0.014     +0.010
ppo_v68_sc_league_iter0030 vs v54              0.333    0.269     0.272    +0.065     +0.061
ppo_v68_sc_league_iter0030 vs v44              0.330    0.312     0.313    +0.018     +0.017
ppo_v68_sc_league_iter0030 vs v45              0.250    0.301     0.299    -0.051     -0.049
ppo_v68_sc_league_iter0030 vs v14              0.383    0.388     0.386    -0.006     -0.004
ppo_v68_sc_league_iter0070 vs ppo_v68_sc_league_iter0050   0.543    0.459     0.459    +0.084     +0.085
ppo_v68_sc_league_iter0070 vs ppo_v68_sc_league_iter0040   0.467    0.485     0.485    -0.018     -0.018
ppo_v68_sc_league_iter0070 vs v55              0.267    0.238     0.241    +0.029     +0.026
ppo_v68_sc_league_iter0070 vs v54              0.223    0.238     0.241    -0.015     -0.017
ppo_v68_sc_league_iter0070 vs v44              0.277    0.279     0.278    -0.003     -0.001
ppo_v68_sc_league_iter0070 vs v45              0.263    0.270     0.266    -0.007     -0.002
ppo_v68_sc_league_iter0070 vs v14              0.273    0.351     0.348    -0.078     -0.074
ppo_v68_sc_league_iter0050 vs ppo_v68_sc_league_iter0040   0.535    0.526     0.526    +0.009     +0.009
ppo_v68_sc_league_iter0050 vs v55              0.343    0.269     0.273    +0.075     +0.071
ppo_v68_sc_league_iter0050 vs v54              0.310    0.269     0.272    +0.041     +0.038
ppo_v68_sc_league_iter0050 vs v44              0.380    0.312     0.313    +0.068     +0.067
ppo_v68_sc_league_iter0050 vs v45              0.287    0.302     0.299    -0.015     -0.013
ppo_v68_sc_league_iter0050 vs v14              0.400    0.388     0.386    +0.012     +0.014
ppo_v68_sc_league_iter0040 vs v55              0.263    0.249     0.252    +0.015     +0.011
ppo_v68_sc_league_iter0040 vs v54              0.273    0.249     0.252    +0.024     +0.021
ppo_v68_sc_league_iter0040 vs v44              0.250    0.291     0.290    -0.041     -0.040
ppo_v68_sc_league_iter0040 vs v45              0.303    0.281     0.278    +0.022     +0.026
ppo_v68_sc_league_iter0040 vs v14              0.362    0.364     0.362    -0.002     +0.001
v55            vs v54              0.535    0.499     0.499    +0.036     +0.036
v55            vs v44              0.529    0.547     0.548    -0.018     -0.019
v55            vs v45              0.532    0.528     0.532    +0.004     +0.000
v55            vs v14              0.659    0.627     0.627    +0.032     +0.032
v54            vs v44              0.574    0.548     0.549    +0.026     +0.025
v54            vs v45              0.514    0.529     0.533    -0.016     -0.019
v54            vs v14              0.654    0.627     0.627    +0.027     +0.027
v44            vs v45              0.502    0.483     0.484    +0.019     +0.018
v44            vs v14              0.615    0.579     0.581    +0.036     +0.034
v45            vs v14              0.580    0.592     0.596    -0.012     -0.016
------------------------------------------------------------------------------------
                                              RMSE    0.0377     0.0372
  (bipartite RMSE >= combined RMSE → bipartite model not better fit)

Saved to data/checkpoints/ppo_v68_sc_league/candidate_tournament.json
[sql] Tournament logged: round_robin_20260412T110855Z_ppo_v68_sc_league_iter0010_ppo_v68_sc_league_iter0020 → results/metadata.sqlite3

[candidate] Top-8 panel-eval candidates:
  iter 0060: avg_panel_wr=0.504  data/checkpoints/ppo_v68_sc_league/ppo_iter0060_scripted.pt
  iter 0020: avg_panel_wr=0.502  data/checkpoints/ppo_v68_sc_league/ppo_iter0020_scripted.pt
  iter 0010: avg_panel_wr=0.500  data/checkpoints/ppo_v68_sc_league/ppo_iter0010_scripted.pt
  iter 0030: avg_panel_wr=0.484  data/checkpoints/ppo_v68_sc_league/ppo_iter0030_scripted.pt
  iter 0070: avg_panel_wr=0.482  data/checkpoints/ppo_v68_sc_league/ppo_iter0070_scripted.pt
  iter 0050: avg_panel_wr=0.470  data/checkpoints/ppo_v68_sc_league/ppo_iter0050_scripted.pt
  iter 0040: avg_panel_wr=0.452  data/checkpoints/ppo_v68_sc_league/ppo_iter0040_scripted.pt
[candidate] Models in tournament: ['ppo_v68_sc_league_iter0060:data/checkpoints/ppo_v68_sc_league/ppo_iter0060_scripted.pt', 'ppo_v68_sc_league_iter0020:data/checkpoints/ppo_v68_sc_league/ppo_iter0020_scripted.pt', 'ppo_v68_sc_league_iter0010:data/checkpoints/ppo_v68_sc_league/ppo_iter0010_scripted.pt', 'ppo_v68_sc_league_iter0030:data/checkpoints/ppo_v68_sc_league/ppo_iter0030_scripted.pt', 'ppo_v68_sc_league_iter0070:data/checkpoints/ppo_v68_sc_league/ppo_iter0070_scripted.pt', 'ppo_v68_sc_league_iter0050:data/checkpoints/ppo_v68_sc_league/ppo_iter0050_scripted.pt', 'ppo_v68_sc_league_iter0040:data/checkpoints/ppo_v68_sc_league/ppo_iter0040_scripted.pt', 'v55:data/checkpoints/scripted_for_elo/v55_scripted.pt', 'v54:data/checkpoints/scripted_for_elo/v54_scripted.pt', 'v44:data/checkpoints/scripted_for_elo/v44_scripted.pt', 'v45:data/checkpoints/scripted_for_elo/v45_scripted.pt', 'v14:data/checkpoints/scripted_for_elo/v14_scripted.pt']
[candidate] Games per matchup: 150, anchor: v14=2015.0
[candidate] Running: /home/dkord/code/twilight-struggle-ai/.venv/bin/python3 scripts/run_elo_tournament.py --models ppo_v68_sc_league_iter0060:data/checkpoints/ppo_v68_sc_league/ppo_iter0060_scripted.pt ppo_v68_sc_league_iter0020:data/checkpoints/ppo_v68_sc_league/ppo_iter0020_scripted.pt ppo_v68_sc_league_iter0010:data/checkpoints/ppo_v68_sc_league/ppo_iter0010_scripted.pt ppo_v68_sc_league_iter0030:data/checkpoints/ppo_v68_sc_league/ppo_iter0030_scripted.pt ppo_v68_sc_league_iter0070:data/checkpoints/ppo_v68_sc_league/ppo_iter0070_scripted.pt ppo_v68_sc_league_iter0050:data/checkpoints/ppo_v68_sc_league/ppo_iter0050_scripted.pt ppo_v68_sc_league_iter0040:data/checkpoints/ppo_v68_sc_league/ppo_iter0040_scripted.pt v55:data/checkpoints/scripted_for_elo/v55_scripted.pt v54:data/checkpoints/scripted_for_elo/v54_scripted.pt v44:data/checkpoints/scripted_for_elo/v44_scripted.pt v45:data/checkpoints/scripted_for_elo/v45_scripted.pt v14:data/checkpoints/scripted_for_elo/v14_scripted.pt --games 150 --anchor v14 --anchor-elo 2015.0 --schedule round_robin --out data/checkpoints/ppo_v68_sc_league/candidate_tournament.json --script-dir data/checkpoints/scripted_for_elo

[candidate] Tournament results (candidates only):
  ppo_v68_sc_league_iter0010: Elo=1942.0 ← WINNER
  ppo_v68_sc_league_iter0020: Elo=1941.6
  ppo_v68_sc_league_iter0030: Elo=1934.6
  ppo_v68_sc_league_iter0050: Elo=1934.5
  ppo_v68_sc_league_iter0040: Elo=1916.3
  ppo_v68_sc_league_iter0070: Elo=1905.7
  ppo_v68_sc_league_iter0060: Elo=1903.5
[candidate] ppo_best.pt ← data/checkpoints/ppo_v68_sc_league/ppo_iter0010.pt
[candidate] ppo_best_scripted.pt ← data/checkpoints/ppo_v68_sc_league/ppo_iter0010_scripted.pt

[candidate] Done. Winner: ppo_v68_sc_league_iter0010 (Elo=1942.0)
[candidate] Full tournament results: data/checkpoints/ppo_v68_sc_league/candidate_tournament.json
