Exporting checkpoints to TorchScript ...
  ppo_v309_sc_league_iter0020: already TorchScript, using directly
  ppo_v309_sc_league_iter0010: already TorchScript, using directly
  ppo_v309_sc_league_iter0030: already TorchScript, using directly
  ppo_v309_sc_league_iter0040: already TorchScript, using directly
Loaded 5515 match results from SQL match_cache

Match schedule (36 total, 8 new, 28 reused from prior run):
  ppo_v309_sc_league_iter0020 vs ppo_v309_sc_league_iter0010  [reuse]
  ppo_v309_sc_league_iter0020 vs ppo_v309_sc_league_iter0030  [reuse]
  ppo_v309_sc_league_iter0020 vs ppo_v309_sc_league_iter0040
  ppo_v309_sc_league_iter0020 vs v56  [reuse]
  ppo_v309_sc_league_iter0020 vs v54  [reuse]
  ppo_v309_sc_league_iter0020 vs v44  [reuse]
  ppo_v309_sc_league_iter0020 vs v20  [reuse]
  ppo_v309_sc_league_iter0020 vs v55  [reuse]
  ppo_v309_sc_league_iter0010 vs ppo_v309_sc_league_iter0030  [reuse]
  ppo_v309_sc_league_iter0010 vs ppo_v309_sc_league_iter0040
  ppo_v309_sc_league_iter0010 vs v56  [reuse]
  ppo_v309_sc_league_iter0010 vs v54  [reuse]
  ppo_v309_sc_league_iter0010 vs v44  [reuse]
  ppo_v309_sc_league_iter0010 vs v20  [reuse]
  ppo_v309_sc_league_iter0010 vs v55  [reuse]
  ppo_v309_sc_league_iter0030 vs ppo_v309_sc_league_iter0040
  ppo_v309_sc_league_iter0030 vs v56  [reuse]
  ppo_v309_sc_league_iter0030 vs v54  [reuse]
  ppo_v309_sc_league_iter0030 vs v44  [reuse]
  ppo_v309_sc_league_iter0030 vs v20  [reuse]
  ppo_v309_sc_league_iter0030 vs v55  [reuse]
  ppo_v309_sc_league_iter0040 vs v56
  ppo_v309_sc_league_iter0040 vs v54
  ppo_v309_sc_league_iter0040 vs v44
  ppo_v309_sc_league_iter0040 vs v20
  ppo_v309_sc_league_iter0040 vs v55
  v56 vs v54  [reuse]
  v56 vs v44  [reuse]
  v56 vs v20  [reuse]
  v56 vs v55  [reuse]
  v54 vs v44  [reuse]
  v54 vs v20  [reuse]
  v54 vs v55  [reuse]
  v44 vs v20  [reuse]
  v44 vs v55  [reuse]
  v20 vs v55  [reuse]
  [reuse] ppo_v309_sc_league_iter0020 74(44u/30s) - 74(45u/29s) ppo_v309_sc_league_iter0010  draws=2  WR=0.500
  [reuse] ppo_v309_sc_league_iter0020 79(45u/34s) - 70(40u/30s) ppo_v309_sc_league_iter0030  draws=1  WR=0.530

[new 1/8] ppo_v309_sc_league_iter0020 vs ppo_v309_sc_league_iter0040 (150 games = 75/side, seed=88000) ...
  ppo_v309_sc_league_iter0020: 74(48u/26s)  ppo_v309_sc_league_iter0040: 73(48u/25s)  draws: 3  WR(ppo_v309_sc_league_iter0020)=0.503  t=13.4s
  [reuse] ppo_v309_sc_league_iter0020 66(44u/22s) - 83(53u/30s) v56  draws=1  WR=0.443
  [reuse] ppo_v309_sc_league_iter0020 61(38u/23s) - 86(52u/34s) v54  draws=3  WR=0.417
  [reuse] ppo_v309_sc_league_iter0020 77(45u/32s) - 70(42u/28s) v44  draws=3  WR=0.523
  [reuse] ppo_v309_sc_league_iter0020 68(41u/27s) - 81(48u/33s) v20  draws=1  WR=0.457
  [reuse] ppo_v309_sc_league_iter0020 76(49u/27s) - 71(46u/25s) v55  draws=3  WR=0.517
  [reuse] ppo_v309_sc_league_iter0010 79(47u/32s) - 70(43u/27s) ppo_v309_sc_league_iter0030  draws=1  WR=0.530

[new 2/8] ppo_v309_sc_league_iter0010 vs ppo_v309_sc_league_iter0040 (150 games = 75/side, seed=88150) ...
  ppo_v309_sc_league_iter0010: 73(40u/33s)  ppo_v309_sc_league_iter0040: 75(41u/34s)  draws: 2  WR(ppo_v309_sc_league_iter0010)=0.493  t=14.3s
  [reuse] ppo_v309_sc_league_iter0010 80(49u/31s) - 69(44u/25s) v56  draws=1  WR=0.537
  [reuse] ppo_v309_sc_league_iter0010 75(46u/29s) - 72(44u/28s) v54  draws=3  WR=0.510
  [reuse] ppo_v309_sc_league_iter0010 71(44u/27s) - 75(46u/29s) v44  draws=4  WR=0.487
  [reuse] ppo_v309_sc_league_iter0010 56(37u/19s) - 92(55u/37s) v20  draws=2  WR=0.380
  [reuse] ppo_v309_sc_league_iter0010 64(40u/24s) - 85(51u/34s) v55  draws=1  WR=0.430

[new 3/8] ppo_v309_sc_league_iter0030 vs ppo_v309_sc_league_iter0040 (150 games = 75/side, seed=88300) ...
  ppo_v309_sc_league_iter0030: 72(43u/29s)  ppo_v309_sc_league_iter0040: 78(46u/32s)  draws: 0  WR(ppo_v309_sc_league_iter0030)=0.480  t=19.5s
  [reuse] ppo_v309_sc_league_iter0030 68(44u/24s) - 81(51u/30s) v56  draws=1  WR=0.457
  [reuse] ppo_v309_sc_league_iter0030 77(47u/30s) - 71(44u/27s) v54  draws=2  WR=0.520
  [reuse] ppo_v309_sc_league_iter0030 62(42u/20s) - 88(55u/33s) v44  draws=0  WR=0.413
  [reuse] ppo_v309_sc_league_iter0030 68(41u/27s) - 79(46u/33s) v20  draws=3  WR=0.463
  [reuse] ppo_v309_sc_league_iter0030 67(43u/24s) - 80(50u/30s) v55  draws=3  WR=0.457

[new 4/8] ppo_v309_sc_league_iter0040 vs v56 (150 games = 75/side, seed=88450) ...
  ppo_v309_sc_league_iter0040: 66(40u/26s)  v56: 82(49u/33s)  draws: 2  WR(ppo_v309_sc_league_iter0040)=0.447  t=16.7s

[new 5/8] ppo_v309_sc_league_iter0040 vs v54 (150 games = 75/side, seed=88600) ...
  ppo_v309_sc_league_iter0040: 56(36u/20s)  v54: 94(55u/39s)  draws: 0  WR(ppo_v309_sc_league_iter0040)=0.373  t=14.3s

[new 6/8] ppo_v309_sc_league_iter0040 vs v44 (150 games = 75/side, seed=88750) ...
  ppo_v309_sc_league_iter0040: 64(36u/28s)  v44: 84(46u/38s)  draws: 2  WR(ppo_v309_sc_league_iter0040)=0.433  t=14.1s

[new 7/8] ppo_v309_sc_league_iter0040 vs v20 (150 games = 75/side, seed=88900) ...
  ppo_v309_sc_league_iter0040: 63(37u/26s)  v20: 86(49u/37s)  draws: 1  WR(ppo_v309_sc_league_iter0040)=0.423  t=14.9s

[new 8/8] ppo_v309_sc_league_iter0040 vs v55 (150 games = 75/side, seed=89050) ...
  ppo_v309_sc_league_iter0040: 78(51u/27s)  v55: 71(47u/24s)  draws: 1  WR(ppo_v309_sc_league_iter0040)=0.523  t=24.1s
  [reuse] v56 197(118u/79s) - 195(116u/79s) v54  draws=8  WR=0.502
  [reuse] v56 185(101u/84s) - 200(108u/92s) v44  draws=15  WR=0.481
  [reuse] v56 188(122u/66s) - 200(131u/69s) v20  draws=12  WR=0.485
  [reuse] v56 183(110u/73s) - 206(121u/85s) v55  draws=11  WR=0.471
  [reuse] v54 222(126u/96s) - 163(99u/64s) v44  draws=15  WR=0.574
  [reuse] v54 196(128u/68s) - 184(123u/61s) v20  draws=20  WR=0.515
  [reuse] v54 181(102u/79s) - 209(115u/94s) v55  draws=10  WR=0.465
  [reuse] v44 213(134u/79s) - 169(111u/58s) v20  draws=18  WR=0.555
  [reuse] v44 178(110u/68s) - 201(119u/82s) v55  draws=21  WR=0.471
  [reuse] v20 167(115u/52s) - 219(137u/82s) v55  draws=14  WR=0.435

Fitting BayesElo (bipartite per-side, anchor=v56_USSR=1900.0) ...
Fitting BayesElo (combined, for residual comparison) ...

Model                  USSR      US    Gap   Comb*                95% CI   vs anchor
  (bipartite per-side = PRIMARY, anchor: v56_USSR=1900)
  (* combined = derived from P(win) = 0.5·P_ussr + 0.5·P_us)
----------------------------------------------------------------------------------------
v55                   1930   1848  +82    1923  [  1907,   1937]  +23
v54                   1914   1848  +65    1915  [  1900,   1930]  +15
v44                   1896   1843  +53    1904  [  1890,   1919]  +4
v56                   1900   1830  +70    1900  [  1900,   1900]  +0
v20                   1927   1802  +126    1899  [  1885,   1915]  -1
ppo_v309_sc_league_iter0020  1896   1808  +88    1888  [  1867,   1907]  -12
ppo_v309_sc_league_iter0010  1885   1815  +70    1885  [  1866,   1905]  -15
ppo_v309_sc_league_iter0030  1880   1798  +82    1875  [  1855,   1895]  -25
ppo_v309_sc_league_iter0040  1869   1808  +61    1874  [  1854,   1894]  -26

Pair                              Obs WR   Bip WR   Comb WR   Bip err   Comb err
------------------------------------------------------------------------------------
ppo_v309_sc_league_iter0020 vs ppo_v309_sc_league_iter0010   0.500    0.503     0.503    -0.003     -0.003
ppo_v309_sc_league_iter0020 vs ppo_v309_sc_league_iter0030   0.530    0.518     0.518    +0.012     +0.012
ppo_v309_sc_league_iter0020 vs ppo_v309_sc_league_iter0040   0.503    0.519     0.519    -0.016     -0.015
ppo_v309_sc_league_iter0020 vs v56              0.443    0.482     0.482    -0.039     -0.038
ppo_v309_sc_league_iter0020 vs v54              0.417    0.461     0.460    -0.044     -0.044
ppo_v309_sc_league_iter0020 vs v44              0.523    0.476     0.475    +0.047     +0.048
ppo_v309_sc_league_iter0020 vs v20              0.457    0.484     0.482    -0.027     -0.025
ppo_v309_sc_league_iter0020 vs v55              0.517    0.450     0.450    +0.067     +0.067
ppo_v309_sc_league_iter0010 vs ppo_v309_sc_league_iter0030   0.530    0.516     0.515    +0.014     +0.015
ppo_v309_sc_league_iter0010 vs ppo_v309_sc_league_iter0040   0.493    0.516     0.516    -0.023     -0.023
ppo_v309_sc_league_iter0010 vs v56              0.537    0.479     0.479    +0.058     +0.058
ppo_v309_sc_league_iter0010 vs v54              0.510    0.457     0.458    +0.053     +0.052
ppo_v309_sc_league_iter0010 vs v44              0.487    0.473     0.473    +0.014     +0.014
ppo_v309_sc_league_iter0010 vs v20              0.380    0.481     0.479    -0.101     -0.099
ppo_v309_sc_league_iter0010 vs v55              0.430    0.446     0.447    -0.016     -0.017
ppo_v309_sc_league_iter0030 vs ppo_v309_sc_league_iter0040   0.480    0.500     0.501    -0.020     -0.021
ppo_v309_sc_league_iter0030 vs v56              0.457    0.464     0.464    -0.007     -0.007
ppo_v309_sc_league_iter0030 vs v54              0.520    0.442     0.442    +0.078     +0.078
ppo_v309_sc_league_iter0030 vs v44              0.413    0.457     0.457    -0.044     -0.044
ppo_v309_sc_league_iter0030 vs v20              0.463    0.466     0.464    -0.003     -0.001
ppo_v309_sc_league_iter0030 vs v55              0.457    0.432     0.432    +0.025     +0.025
ppo_v309_sc_league_iter0040 vs v56              0.447    0.463     0.463    -0.016     -0.016
ppo_v309_sc_league_iter0040 vs v54              0.373    0.441     0.442    -0.068     -0.069
ppo_v309_sc_league_iter0040 vs v44              0.433    0.457     0.457    -0.023     -0.023
ppo_v309_sc_league_iter0040 vs v20              0.423    0.465     0.463    -0.042     -0.040
ppo_v309_sc_league_iter0040 vs v55              0.523    0.430     0.431    +0.093     +0.092
v56            vs v54              0.502    0.478     0.479    +0.024     +0.024
v56            vs v44              0.481    0.494     0.494    -0.013     -0.012
v56            vs v20              0.485    0.501     0.500    -0.016     -0.015
v56            vs v55              0.471    0.467     0.468    +0.004     +0.003
v54            vs v44              0.574    0.516     0.515    +0.058     +0.059
v54            vs v20              0.515    0.522     0.522    -0.007     -0.007
v54            vs v55              0.465    0.489     0.489    -0.024     -0.024
v44            vs v20              0.555    0.507     0.507    +0.048     +0.048
v44            vs v55              0.471    0.473     0.474    -0.001     -0.003
v20            vs v55              0.435    0.467     0.468    -0.032     -0.033
------------------------------------------------------------------------------------
                                              RMSE    0.0415     0.0413
  (bipartite RMSE >= combined RMSE → bipartite model not better fit)

Saved to data/checkpoints/ppo_v309_sc_league/candidate_tournament.json
[sql] Tournament logged: round_robin_20260417T010524Z_ppo_v309_sc_league_iter0010_ppo_v309_sc_league_iter0020 → results/metadata.sqlite3

[candidate] Top-8 panel-eval candidates:
  iter 0020: avg_panel_wr=0.544  data/checkpoints/ppo_v309_sc_league/ppo_iter0020_scripted.pt
  iter 0010: avg_panel_wr=0.539  data/checkpoints/ppo_v309_sc_league/ppo_iter0010_scripted.pt
  iter 0030: avg_panel_wr=0.522  data/checkpoints/ppo_v309_sc_league/ppo_iter0030_scripted.pt
  iter 0040: avg_panel_wr=0.500  data/checkpoints/ppo_v309_sc_league/ppo_iter0040_scripted.pt
[candidate] Models in tournament: ['ppo_v309_sc_league_iter0020:data/checkpoints/ppo_v309_sc_league/ppo_iter0020_scripted.pt', 'ppo_v309_sc_league_iter0010:data/checkpoints/ppo_v309_sc_league/ppo_iter0010_scripted.pt', 'ppo_v309_sc_league_iter0030:data/checkpoints/ppo_v309_sc_league/ppo_iter0030_scripted.pt', 'ppo_v309_sc_league_iter0040:data/checkpoints/ppo_v309_sc_league/ppo_iter0040_scripted.pt', 'v56:data/checkpoints/scripted_for_elo/v56_scripted.pt', 'v54:data/checkpoints/scripted_for_elo/v54_scripted.pt', 'v44:data/checkpoints/scripted_for_elo/v44_scripted.pt', 'v20:data/checkpoints/scripted_for_elo/v20_scripted.pt', 'v55:data/checkpoints/scripted_for_elo/v55_scripted.pt']
[candidate] Games per matchup: 150, anchor: v56=1900.0
[candidate] Running: /home/dkord/code/twilight-struggle-ai/.venv/bin/python3 scripts/run_elo_tournament.py --models ppo_v309_sc_league_iter0020:data/checkpoints/ppo_v309_sc_league/ppo_iter0020_scripted.pt ppo_v309_sc_league_iter0010:data/checkpoints/ppo_v309_sc_league/ppo_iter0010_scripted.pt ppo_v309_sc_league_iter0030:data/checkpoints/ppo_v309_sc_league/ppo_iter0030_scripted.pt ppo_v309_sc_league_iter0040:data/checkpoints/ppo_v309_sc_league/ppo_iter0040_scripted.pt v56:data/checkpoints/scripted_for_elo/v56_scripted.pt v54:data/checkpoints/scripted_for_elo/v54_scripted.pt v44:data/checkpoints/scripted_for_elo/v44_scripted.pt v20:data/checkpoints/scripted_for_elo/v20_scripted.pt v55:data/checkpoints/scripted_for_elo/v55_scripted.pt --games 150 --anchor v56 --anchor-elo 1900.0 --schedule round_robin --out data/checkpoints/ppo_v309_sc_league/candidate_tournament.json --script-dir data/checkpoints/scripted_for_elo

[candidate] Tournament results (candidates only):
  ppo_v309_sc_league_iter0020: Elo=1887.6 ← WINNER
  ppo_v309_sc_league_iter0010: Elo=1885.4
  ppo_v309_sc_league_iter0030: Elo=1874.7
  ppo_v309_sc_league_iter0040: Elo=1874.2
[candidate] ppo_best.pt ← data/checkpoints/ppo_v309_sc_league/ppo_iter0020.pt
[candidate] ppo_best_scripted.pt ← data/checkpoints/ppo_v309_sc_league/ppo_iter0020_scripted.pt

[candidate] Done. Winner: ppo_v309_sc_league_iter0020 (Elo=1887.6)
[candidate] Full tournament results: data/checkpoints/ppo_v309_sc_league/candidate_tournament.json
Exporting checkpoints to TorchScript ...
  ppo_v309_sc_league_iter0050: already TorchScript, using directly
  ppo_v309_sc_league_iter0020: already TorchScript, using directly
  ppo_v309_sc_league_iter0010: already TorchScript, using directly
  ppo_v309_sc_league_iter0030: already TorchScript, using directly
  ppo_v309_sc_league_iter0040: already TorchScript, using directly
Loaded 5570 match results from SQL match_cache

Match schedule (45 total, 9 new, 36 reused from prior run):
  ppo_v309_sc_league_iter0050 vs ppo_v309_sc_league_iter0020
  ppo_v309_sc_league_iter0050 vs ppo_v309_sc_league_iter0010
  ppo_v309_sc_league_iter0050 vs ppo_v309_sc_league_iter0030
  ppo_v309_sc_league_iter0050 vs ppo_v309_sc_league_iter0040
  ppo_v309_sc_league_iter0050 vs v56
  ppo_v309_sc_league_iter0050 vs v54
  ppo_v309_sc_league_iter0050 vs v44
  ppo_v309_sc_league_iter0050 vs v20
  ppo_v309_sc_league_iter0050 vs v55
  ppo_v309_sc_league_iter0020 vs ppo_v309_sc_league_iter0010  [reuse]
  ppo_v309_sc_league_iter0020 vs ppo_v309_sc_league_iter0030  [reuse]
  ppo_v309_sc_league_iter0020 vs ppo_v309_sc_league_iter0040  [reuse]
  ppo_v309_sc_league_iter0020 vs v56  [reuse]
  ppo_v309_sc_league_iter0020 vs v54  [reuse]
  ppo_v309_sc_league_iter0020 vs v44  [reuse]
  ppo_v309_sc_league_iter0020 vs v20  [reuse]
  ppo_v309_sc_league_iter0020 vs v55  [reuse]
  ppo_v309_sc_league_iter0010 vs ppo_v309_sc_league_iter0030  [reuse]
  ppo_v309_sc_league_iter0010 vs ppo_v309_sc_league_iter0040  [reuse]
  ppo_v309_sc_league_iter0010 vs v56  [reuse]
  ppo_v309_sc_league_iter0010 vs v54  [reuse]
  ppo_v309_sc_league_iter0010 vs v44  [reuse]
  ppo_v309_sc_league_iter0010 vs v20  [reuse]
  ppo_v309_sc_league_iter0010 vs v55  [reuse]
  ppo_v309_sc_league_iter0030 vs ppo_v309_sc_league_iter0040  [reuse]
  ppo_v309_sc_league_iter0030 vs v56  [reuse]
  ppo_v309_sc_league_iter0030 vs v54  [reuse]
  ppo_v309_sc_league_iter0030 vs v44  [reuse]
  ppo_v309_sc_league_iter0030 vs v20  [reuse]
  ppo_v309_sc_league_iter0030 vs v55  [reuse]
  ppo_v309_sc_league_iter0040 vs v56  [reuse]
  ppo_v309_sc_league_iter0040 vs v54  [reuse]
  ppo_v309_sc_league_iter0040 vs v44  [reuse]
  ppo_v309_sc_league_iter0040 vs v20  [reuse]
  ppo_v309_sc_league_iter0040 vs v55  [reuse]
  v56 vs v54  [reuse]
  v56 vs v44  [reuse]
  v56 vs v20  [reuse]
  v56 vs v55  [reuse]
  v54 vs v44  [reuse]
  v54 vs v20  [reuse]
  v54 vs v55  [reuse]
  v44 vs v20  [reuse]
  v44 vs v55  [reuse]
  v20 vs v55  [reuse]

[new 1/9] ppo_v309_sc_league_iter0050 vs ppo_v309_sc_league_iter0020 (150 games = 75/side, seed=88000) ...
  ppo_v309_sc_league_iter0050: 69(44u/25s)  ppo_v309_sc_league_iter0020: 75(45u/30s)  draws: 6  WR(ppo_v309_sc_league_iter0050)=0.480  t=17.9s

[new 2/9] ppo_v309_sc_league_iter0050 vs ppo_v309_sc_league_iter0010 (150 games = 75/side, seed=88150) ...
  ppo_v309_sc_league_iter0050: 75(45u/30s)  ppo_v309_sc_league_iter0010: 74(45u/29s)  draws: 1  WR(ppo_v309_sc_league_iter0050)=0.503  t=17.0s

[new 3/9] ppo_v309_sc_league_iter0050 vs ppo_v309_sc_league_iter0030 (150 games = 75/side, seed=88300) ...
  ppo_v309_sc_league_iter0050: 72(52u/20s)  ppo_v309_sc_league_iter0030: 75(53u/22s)  draws: 3  WR(ppo_v309_sc_league_iter0050)=0.490  t=16.4s

[new 4/9] ppo_v309_sc_league_iter0050 vs ppo_v309_sc_league_iter0040 (150 games = 75/side, seed=88450) ...
  ppo_v309_sc_league_iter0050: 64(41u/23s)  ppo_v309_sc_league_iter0040: 81(48u/33s)  draws: 5  WR(ppo_v309_sc_league_iter0050)=0.443  t=17.0s

[new 5/9] ppo_v309_sc_league_iter0050 vs v56 (150 games = 75/side, seed=88600) ...
  ppo_v309_sc_league_iter0050: 61(37u/24s)  v56: 87(49u/38s)  draws: 2  WR(ppo_v309_sc_league_iter0050)=0.413  t=11.5s

[new 6/9] ppo_v309_sc_league_iter0050 vs v54 (150 games = 75/side, seed=88750) ...
  ppo_v309_sc_league_iter0050: 69(42u/27s)  v54: 77(47u/30s)  draws: 4  WR(ppo_v309_sc_league_iter0050)=0.473  t=10.7s

[new 7/9] ppo_v309_sc_league_iter0050 vs v44 (150 games = 75/side, seed=88900) ...
  ppo_v309_sc_league_iter0050: 74(41u/33s)  v44: 72(40u/32s)  draws: 4  WR(ppo_v309_sc_league_iter0050)=0.507  t=11.7s

[new 8/9] ppo_v309_sc_league_iter0050 vs v20 (150 games = 75/side, seed=89050) ...
  ppo_v309_sc_league_iter0050: 72(47u/25s)  v20: 77(50u/27s)  draws: 1  WR(ppo_v309_sc_league_iter0050)=0.483  t=11.6s

[new 9/9] ppo_v309_sc_league_iter0050 vs v55 (150 games = 75/side, seed=89200) ...
  ppo_v309_sc_league_iter0050: 72(47u/25s)  v55: 78(50u/28s)  draws: 0  WR(ppo_v309_sc_league_iter0050)=0.480  t=15.6s
  [reuse] ppo_v309_sc_league_iter0020 74(44u/30s) - 74(45u/29s) ppo_v309_sc_league_iter0010  draws=2  WR=0.500
  [reuse] ppo_v309_sc_league_iter0020 79(45u/34s) - 70(40u/30s) ppo_v309_sc_league_iter0030  draws=1  WR=0.530
  [reuse] ppo_v309_sc_league_iter0020 74(48u/26s) - 73(48u/25s) ppo_v309_sc_league_iter0040  draws=3  WR=0.503
  [reuse] ppo_v309_sc_league_iter0020 66(44u/22s) - 83(53u/30s) v56  draws=1  WR=0.443
  [reuse] ppo_v309_sc_league_iter0020 61(38u/23s) - 86(52u/34s) v54  draws=3  WR=0.417
  [reuse] ppo_v309_sc_league_iter0020 77(45u/32s) - 70(42u/28s) v44  draws=3  WR=0.523
  [reuse] ppo_v309_sc_league_iter0020 68(41u/27s) - 81(48u/33s) v20  draws=1  WR=0.457
  [reuse] ppo_v309_sc_league_iter0020 76(49u/27s) - 71(46u/25s) v55  draws=3  WR=0.517
  [reuse] ppo_v309_sc_league_iter0010 79(47u/32s) - 70(43u/27s) ppo_v309_sc_league_iter0030  draws=1  WR=0.530
  [reuse] ppo_v309_sc_league_iter0010 73(40u/33s) - 75(41u/34s) ppo_v309_sc_league_iter0040  draws=2  WR=0.493
  [reuse] ppo_v309_sc_league_iter0010 80(49u/31s) - 69(44u/25s) v56  draws=1  WR=0.537
  [reuse] ppo_v309_sc_league_iter0010 75(46u/29s) - 72(44u/28s) v54  draws=3  WR=0.510
  [reuse] ppo_v309_sc_league_iter0010 71(44u/27s) - 75(46u/29s) v44  draws=4  WR=0.487
  [reuse] ppo_v309_sc_league_iter0010 56(37u/19s) - 92(55u/37s) v20  draws=2  WR=0.380
  [reuse] ppo_v309_sc_league_iter0010 64(40u/24s) - 85(51u/34s) v55  draws=1  WR=0.430
  [reuse] ppo_v309_sc_league_iter0030 72(43u/29s) - 78(46u/32s) ppo_v309_sc_league_iter0040  draws=0  WR=0.480
  [reuse] ppo_v309_sc_league_iter0030 68(44u/24s) - 81(51u/30s) v56  draws=1  WR=0.457
  [reuse] ppo_v309_sc_league_iter0030 77(47u/30s) - 71(44u/27s) v54  draws=2  WR=0.520
  [reuse] ppo_v309_sc_league_iter0030 62(42u/20s) - 88(55u/33s) v44  draws=0  WR=0.413
  [reuse] ppo_v309_sc_league_iter0030 68(41u/27s) - 79(46u/33s) v20  draws=3  WR=0.463
  [reuse] ppo_v309_sc_league_iter0030 67(43u/24s) - 80(50u/30s) v55  draws=3  WR=0.457
  [reuse] ppo_v309_sc_league_iter0040 66(40u/26s) - 82(49u/33s) v56  draws=2  WR=0.447
  [reuse] ppo_v309_sc_league_iter0040 56(36u/20s) - 94(55u/39s) v54  draws=0  WR=0.373
  [reuse] ppo_v309_sc_league_iter0040 64(36u/28s) - 84(46u/38s) v44  draws=2  WR=0.433
  [reuse] ppo_v309_sc_league_iter0040 63(37u/26s) - 86(49u/37s) v20  draws=1  WR=0.423
  [reuse] ppo_v309_sc_league_iter0040 78(51u/27s) - 71(47u/24s) v55  draws=1  WR=0.523
  [reuse] v56 197(118u/79s) - 195(116u/79s) v54  draws=8  WR=0.502
  [reuse] v56 185(101u/84s) - 200(108u/92s) v44  draws=15  WR=0.481
  [reuse] v56 188(122u/66s) - 200(131u/69s) v20  draws=12  WR=0.485
  [reuse] v56 183(110u/73s) - 206(121u/85s) v55  draws=11  WR=0.471
  [reuse] v54 222(126u/96s) - 163(99u/64s) v44  draws=15  WR=0.574
  [reuse] v54 196(128u/68s) - 184(123u/61s) v20  draws=20  WR=0.515
  [reuse] v54 181(102u/79s) - 209(115u/94s) v55  draws=10  WR=0.465
  [reuse] v44 213(134u/79s) - 169(111u/58s) v20  draws=18  WR=0.555
  [reuse] v44 178(110u/68s) - 201(119u/82s) v55  draws=21  WR=0.471
  [reuse] v20 167(115u/52s) - 219(137u/82s) v55  draws=14  WR=0.435

Fitting BayesElo (bipartite per-side, anchor=v56_USSR=1900.0) ...
Fitting BayesElo (combined, for residual comparison) ...

Model                  USSR      US    Gap   Comb*                95% CI   vs anchor
  (bipartite per-side = PRIMARY, anchor: v56_USSR=1900)
  (* combined = derived from P(win) = 0.5·P_ussr + 0.5·P_us)
----------------------------------------------------------------------------------------
v55                   1929   1845  +85    1919  [  1904,   1933]  +19
v54                   1912   1847  +65    1912  [  1897,   1926]  +12
v44                   1891   1844  +47    1900  [  1886,   1915]  +0
v56                   1900   1834  +66    1900  [  1900,   1900]  +0
v20                   1926   1800  +126    1897  [  1883,   1911]  -3
ppo_v309_sc_league_iter0020  1896   1810  +85    1887  [  1867,   1905]  -13
ppo_v309_sc_league_iter0010  1882   1815  +67    1883  [  1864,   1901]  -17
ppo_v309_sc_league_iter0040  1873   1813  +61    1877  [  1858,   1896]  -23
ppo_v309_sc_league_iter0050  1889   1794  +96    1876  [  1858,   1895]  -24
ppo_v309_sc_league_iter0030  1888   1791  +98    1874  [  1855,   1893]  -26

Pair                              Obs WR   Bip WR   Comb WR   Bip err   Comb err
------------------------------------------------------------------------------------
ppo_v309_sc_league_iter0050 vs ppo_v309_sc_league_iter0020   0.480    0.485     0.486    -0.005     -0.006
ppo_v309_sc_league_iter0050 vs ppo_v309_sc_league_iter0010   0.503    0.490     0.491    +0.013     +0.012
ppo_v309_sc_league_iter0050 vs ppo_v309_sc_league_iter0030   0.490    0.503     0.503    -0.013     -0.013
ppo_v309_sc_league_iter0050 vs ppo_v309_sc_league_iter0040   0.443    0.498     0.499    -0.055     -0.056
ppo_v309_sc_league_iter0050 vs v56              0.413    0.465     0.466    -0.052     -0.053
ppo_v309_sc_league_iter0050 vs v54              0.473    0.449     0.449    +0.025     +0.024
ppo_v309_sc_league_iter0050 vs v44              0.507    0.465     0.465    +0.042     +0.042
ppo_v309_sc_league_iter0050 vs v20              0.483    0.472     0.470    +0.012     +0.013
ppo_v309_sc_league_iter0050 vs v55              0.480    0.439     0.440    +0.041     +0.040
ppo_v309_sc_league_iter0020 vs ppo_v309_sc_league_iter0010   0.500    0.506     0.505    -0.006     -0.005
ppo_v309_sc_league_iter0020 vs ppo_v309_sc_league_iter0030   0.530    0.518     0.517    +0.012     +0.013
ppo_v309_sc_league_iter0020 vs ppo_v309_sc_league_iter0040   0.503    0.513     0.513    -0.010     -0.010
ppo_v309_sc_league_iter0020 vs v56              0.443    0.481     0.480    -0.037     -0.037
ppo_v309_sc_league_iter0020 vs v54              0.417    0.464     0.463    -0.047     -0.046
ppo_v309_sc_league_iter0020 vs v44              0.523    0.480     0.479    +0.043     +0.044
ppo_v309_sc_league_iter0020 vs v20              0.457    0.486     0.484    -0.030     -0.027
ppo_v309_sc_league_iter0020 vs v55              0.517    0.454     0.454    +0.063     +0.063
ppo_v309_sc_league_iter0010 vs ppo_v309_sc_league_iter0030   0.530    0.513     0.512    +0.017     +0.018
ppo_v309_sc_league_iter0010 vs ppo_v309_sc_league_iter0040   0.493    0.508     0.508    -0.015     -0.015
ppo_v309_sc_league_iter0010 vs v56              0.537    0.475     0.475    +0.062     +0.062
ppo_v309_sc_league_iter0010 vs v54              0.510    0.458     0.458    +0.052     +0.052
ppo_v309_sc_league_iter0010 vs v44              0.487    0.474     0.474    +0.012     +0.012
ppo_v309_sc_league_iter0010 vs v20              0.380    0.481     0.479    -0.101     -0.099
ppo_v309_sc_league_iter0010 vs v55              0.430    0.448     0.449    -0.018     -0.019
ppo_v309_sc_league_iter0030 vs ppo_v309_sc_league_iter0040   0.480    0.495     0.496    -0.015     -0.016
ppo_v309_sc_league_iter0030 vs v56              0.457    0.463     0.463    -0.006     -0.006
ppo_v309_sc_league_iter0030 vs v54              0.520    0.446     0.446    +0.074     +0.074
ppo_v309_sc_league_iter0030 vs v44              0.413    0.462     0.462    -0.049     -0.049
ppo_v309_sc_league_iter0030 vs v20              0.463    0.469     0.467    -0.006     -0.003
ppo_v309_sc_league_iter0030 vs v55              0.457    0.437     0.437    +0.020     +0.020
ppo_v309_sc_league_iter0040 vs v56              0.447    0.467     0.467    -0.020     -0.020
ppo_v309_sc_league_iter0040 vs v54              0.373    0.450     0.450    -0.076     -0.077
ppo_v309_sc_league_iter0040 vs v44              0.433    0.466     0.466    -0.033     -0.033
ppo_v309_sc_league_iter0040 vs v20              0.423    0.473     0.471    -0.050     -0.048
ppo_v309_sc_league_iter0040 vs v55              0.523    0.440     0.441    +0.083     +0.083
v56            vs v54              0.502    0.483     0.483    +0.020     +0.019
v56            vs v44              0.481    0.500     0.499    -0.018     -0.018
v56            vs v20              0.485    0.505     0.504    -0.020     -0.019
v56            vs v55              0.471    0.473     0.474    -0.001     -0.002
v54            vs v44              0.574    0.517     0.516    +0.057     +0.058
v54            vs v20              0.515    0.521     0.521    -0.006     -0.006
v54            vs v55              0.465    0.490     0.490    -0.025     -0.025
v44            vs v20              0.555    0.505     0.505    +0.050     +0.050
v44            vs v55              0.471    0.473     0.474    -0.001     -0.003
v20            vs v55              0.435    0.469     0.470    -0.034     -0.035
------------------------------------------------------------------------------------
                                              RMSE    0.0401     0.0400
  (bipartite RMSE >= combined RMSE → bipartite model not better fit)

Saved to data/checkpoints/ppo_v309_sc_league/candidate_tournament.json
[sql] Tournament logged: round_robin_20260417T122811Z_ppo_v309_sc_league_iter0010_ppo_v309_sc_league_iter0020 → results/metadata.sqlite3

[candidate] Top-8 panel-eval candidates:
  iter 0050: avg_panel_wr=0.612  data/checkpoints/ppo_v309_sc_league/ppo_iter0050_scripted.pt
  iter 0020: avg_panel_wr=0.544  data/checkpoints/ppo_v309_sc_league/ppo_iter0020_scripted.pt
  iter 0010: avg_panel_wr=0.539  data/checkpoints/ppo_v309_sc_league/ppo_iter0010_scripted.pt
  iter 0030: avg_panel_wr=0.522  data/checkpoints/ppo_v309_sc_league/ppo_iter0030_scripted.pt
  iter 0040: avg_panel_wr=0.500  data/checkpoints/ppo_v309_sc_league/ppo_iter0040_scripted.pt
[candidate] Models in tournament: ['ppo_v309_sc_league_iter0050:data/checkpoints/ppo_v309_sc_league/ppo_iter0050_scripted.pt', 'ppo_v309_sc_league_iter0020:data/checkpoints/ppo_v309_sc_league/ppo_iter0020_scripted.pt', 'ppo_v309_sc_league_iter0010:data/checkpoints/ppo_v309_sc_league/ppo_iter0010_scripted.pt', 'ppo_v309_sc_league_iter0030:data/checkpoints/ppo_v309_sc_league/ppo_iter0030_scripted.pt', 'ppo_v309_sc_league_iter0040:data/checkpoints/ppo_v309_sc_league/ppo_iter0040_scripted.pt', 'v56:data/checkpoints/scripted_for_elo/v56_scripted.pt', 'v54:data/checkpoints/scripted_for_elo/v54_scripted.pt', 'v44:data/checkpoints/scripted_for_elo/v44_scripted.pt', 'v20:data/checkpoints/scripted_for_elo/v20_scripted.pt', 'v55:data/checkpoints/scripted_for_elo/v55_scripted.pt']
[candidate] Games per matchup: 150, anchor: v56=1900.0
[candidate] Running: /home/dkord/code/twilight-struggle-ai/.venv/bin/python3 scripts/run_elo_tournament.py --models ppo_v309_sc_league_iter0050:data/checkpoints/ppo_v309_sc_league/ppo_iter0050_scripted.pt ppo_v309_sc_league_iter0020:data/checkpoints/ppo_v309_sc_league/ppo_iter0020_scripted.pt ppo_v309_sc_league_iter0010:data/checkpoints/ppo_v309_sc_league/ppo_iter0010_scripted.pt ppo_v309_sc_league_iter0030:data/checkpoints/ppo_v309_sc_league/ppo_iter0030_scripted.pt ppo_v309_sc_league_iter0040:data/checkpoints/ppo_v309_sc_league/ppo_iter0040_scripted.pt v56:data/checkpoints/scripted_for_elo/v56_scripted.pt v54:data/checkpoints/scripted_for_elo/v54_scripted.pt v44:data/checkpoints/scripted_for_elo/v44_scripted.pt v20:data/checkpoints/scripted_for_elo/v20_scripted.pt v55:data/checkpoints/scripted_for_elo/v55_scripted.pt --games 150 --anchor v56 --anchor-elo 1900.0 --schedule round_robin --out data/checkpoints/ppo_v309_sc_league/candidate_tournament.json --script-dir data/checkpoints/scripted_for_elo

[candidate] Tournament results (candidates only):
  ppo_v309_sc_league_iter0020: Elo=1886.6 ← WINNER
  ppo_v309_sc_league_iter0010: Elo=1882.5
  ppo_v309_sc_league_iter0040: Elo=1876.9
  ppo_v309_sc_league_iter0050: Elo=1875.9
  ppo_v309_sc_league_iter0030: Elo=1874.0
[candidate] ppo_best.pt ← data/checkpoints/ppo_v309_sc_league/ppo_iter0020.pt
[candidate] ppo_best_scripted.pt ← data/checkpoints/ppo_v309_sc_league/ppo_iter0020_scripted.pt

[candidate] Done. Winner: ppo_v309_sc_league_iter0020 (Elo=1886.6)
[candidate] Full tournament results: data/checkpoints/ppo_v309_sc_league/candidate_tournament.json
