Exporting checkpoints to TorchScript ...
  ppo_v311_sc_league_iter0010: already TorchScript, using directly
  ppo_v311_sc_league_iter0040: already TorchScript, using directly
  ppo_v311_sc_league_iter0030: already TorchScript, using directly
  ppo_v311_sc_league_iter0020: already TorchScript, using directly
Loaded 5648 match results from SQL match_cache

Match schedule (36 total, 8 new, 28 reused from prior run):
  ppo_v311_sc_league_iter0010 vs ppo_v311_sc_league_iter0040
  ppo_v311_sc_league_iter0010 vs ppo_v311_sc_league_iter0030  [reuse]
  ppo_v311_sc_league_iter0010 vs ppo_v311_sc_league_iter0020  [reuse]
  ppo_v311_sc_league_iter0010 vs v56  [reuse]
  ppo_v311_sc_league_iter0010 vs v54  [reuse]
  ppo_v311_sc_league_iter0010 vs v44  [reuse]
  ppo_v311_sc_league_iter0010 vs v20  [reuse]
  ppo_v311_sc_league_iter0010 vs v55  [reuse]
  ppo_v311_sc_league_iter0040 vs ppo_v311_sc_league_iter0030
  ppo_v311_sc_league_iter0040 vs ppo_v311_sc_league_iter0020
  ppo_v311_sc_league_iter0040 vs v56
  ppo_v311_sc_league_iter0040 vs v54
  ppo_v311_sc_league_iter0040 vs v44
  ppo_v311_sc_league_iter0040 vs v20
  ppo_v311_sc_league_iter0040 vs v55
  ppo_v311_sc_league_iter0030 vs ppo_v311_sc_league_iter0020  [reuse]
  ppo_v311_sc_league_iter0030 vs v56  [reuse]
  ppo_v311_sc_league_iter0030 vs v54  [reuse]
  ppo_v311_sc_league_iter0030 vs v44  [reuse]
  ppo_v311_sc_league_iter0030 vs v20  [reuse]
  ppo_v311_sc_league_iter0030 vs v55  [reuse]
  ppo_v311_sc_league_iter0020 vs v56  [reuse]
  ppo_v311_sc_league_iter0020 vs v54  [reuse]
  ppo_v311_sc_league_iter0020 vs v44  [reuse]
  ppo_v311_sc_league_iter0020 vs v20  [reuse]
  ppo_v311_sc_league_iter0020 vs v55  [reuse]
  v56 vs v54  [reuse]
  v56 vs v44  [reuse]
  v56 vs v20  [reuse]
  v56 vs v55  [reuse]
  v54 vs v44  [reuse]
  v54 vs v20  [reuse]
  v54 vs v55  [reuse]
  v44 vs v20  [reuse]
  v44 vs v55  [reuse]
  v20 vs v55  [reuse]

[new 1/8] ppo_v311_sc_league_iter0010 vs ppo_v311_sc_league_iter0040 (150 games = 75/side, seed=88000) ...
  ppo_v311_sc_league_iter0010: 69(52u/17s)  ppo_v311_sc_league_iter0040: 80(58u/22s)  draws: 1  WR(ppo_v311_sc_league_iter0010)=0.463  t=16.7s
  [reuse] ppo_v311_sc_league_iter0010 79(51u/28s) - 68(45u/23s) ppo_v311_sc_league_iter0030  draws=3  WR=0.537
  [reuse] ppo_v311_sc_league_iter0010 68(48u/20s) - 79(53u/26s) ppo_v311_sc_league_iter0020  draws=3  WR=0.463
  [reuse] ppo_v311_sc_league_iter0010 72(46u/26s) - 76(49u/27s) v56  draws=2  WR=0.487
  [reuse] ppo_v311_sc_league_iter0010 66(48u/18s) - 82(55u/27s) v54  draws=2  WR=0.447
  [reuse] ppo_v311_sc_league_iter0010 73(51u/22s) - 75(52u/23s) v44  draws=2  WR=0.493
  [reuse] ppo_v311_sc_league_iter0010 69(45u/24s) - 78(49u/29s) v20  draws=3  WR=0.470
  [reuse] ppo_v311_sc_league_iter0010 58(38u/20s) - 90(53u/37s) v55  draws=2  WR=0.393

[new 2/8] ppo_v311_sc_league_iter0040 vs ppo_v311_sc_league_iter0030 (150 games = 75/side, seed=88150) ...
  ppo_v311_sc_league_iter0040: 77(52u/25s)  ppo_v311_sc_league_iter0030: 73(50u/23s)  draws: 0  WR(ppo_v311_sc_league_iter0040)=0.513  t=16.0s

[new 3/8] ppo_v311_sc_league_iter0040 vs ppo_v311_sc_league_iter0020 (150 games = 75/side, seed=88300) ...
  ppo_v311_sc_league_iter0040: 77(52u/25s)  ppo_v311_sc_league_iter0020: 69(48u/21s)  draws: 4  WR(ppo_v311_sc_league_iter0040)=0.527  t=14.5s

[new 4/8] ppo_v311_sc_league_iter0040 vs v56 (150 games = 75/side, seed=88450) ...
  ppo_v311_sc_league_iter0040: 69(44u/25s)  v56: 75(46u/29s)  draws: 6  WR(ppo_v311_sc_league_iter0040)=0.480  t=11.4s

[new 5/8] ppo_v311_sc_league_iter0040 vs v54 (150 games = 75/side, seed=88600) ...
  ppo_v311_sc_league_iter0040: 59(36u/23s)  v54: 88(51u/37s)  draws: 3  WR(ppo_v311_sc_league_iter0040)=0.403  t=11.7s

[new 6/8] ppo_v311_sc_league_iter0040 vs v44 (150 games = 75/side, seed=88750) ...
  ppo_v311_sc_league_iter0040: 78(49u/29s)  v44: 71(46u/25s)  draws: 1  WR(ppo_v311_sc_league_iter0040)=0.523  t=11.6s

[new 7/8] ppo_v311_sc_league_iter0040 vs v20 (150 games = 75/side, seed=88900) ...
  ppo_v311_sc_league_iter0040: 61(35u/26s)  v20: 82(46u/36s)  draws: 7  WR(ppo_v311_sc_league_iter0040)=0.430  t=12.4s

[new 8/8] ppo_v311_sc_league_iter0040 vs v55 (150 games = 75/side, seed=89050) ...
  ppo_v311_sc_league_iter0040: 55(34u/21s)  v55: 93(53u/40s)  draws: 2  WR(ppo_v311_sc_league_iter0040)=0.373  t=16.7s
  [reuse] ppo_v311_sc_league_iter0030 62(47u/15s) - 85(59u/26s) ppo_v311_sc_league_iter0020  draws=3  WR=0.423
  [reuse] ppo_v311_sc_league_iter0030 65(44u/21s) - 83(53u/30s) v56  draws=2  WR=0.440
  [reuse] ppo_v311_sc_league_iter0030 63(46u/17s) - 84(57u/27s) v54  draws=3  WR=0.430
  [reuse] ppo_v311_sc_league_iter0030 59(37u/22s) - 88(53u/35s) v44  draws=3  WR=0.403
  [reuse] ppo_v311_sc_league_iter0030 72(41u/31s) - 77(43u/34s) v20  draws=1  WR=0.483
  [reuse] ppo_v311_sc_league_iter0030 60(39u/21s) - 89(54u/35s) v55  draws=1  WR=0.403
  [reuse] ppo_v311_sc_league_iter0020 59(45u/14s) - 86(58u/28s) v56  draws=5  WR=0.410
  [reuse] ppo_v311_sc_league_iter0020 55(45u/10s) - 93(65u/28s) v54  draws=2  WR=0.373
  [reuse] ppo_v311_sc_league_iter0020 83(51u/32s) - 64(42u/22s) v44  draws=3  WR=0.563
  [reuse] ppo_v311_sc_league_iter0020 67(41u/26s) - 81(48u/33s) v20  draws=2  WR=0.453
  [reuse] ppo_v311_sc_league_iter0020 74(46u/28s) - 73(47u/26s) v55  draws=3  WR=0.503
  [reuse] v56 197(118u/79s) - 195(116u/79s) v54  draws=8  WR=0.502
  [reuse] v56 185(101u/84s) - 200(108u/92s) v44  draws=15  WR=0.481
  [reuse] v56 188(122u/66s) - 200(131u/69s) v20  draws=12  WR=0.485
  [reuse] v56 183(110u/73s) - 206(121u/85s) v55  draws=11  WR=0.471
  [reuse] v54 222(126u/96s) - 163(99u/64s) v44  draws=15  WR=0.574
  [reuse] v54 196(128u/68s) - 184(123u/61s) v20  draws=20  WR=0.515
  [reuse] v54 181(102u/79s) - 209(115u/94s) v55  draws=10  WR=0.465
  [reuse] v44 213(134u/79s) - 169(111u/58s) v20  draws=18  WR=0.555
  [reuse] v44 178(110u/68s) - 201(119u/82s) v55  draws=21  WR=0.471
  [reuse] v20 167(115u/52s) - 219(137u/82s) v55  draws=14  WR=0.435

Fitting BayesElo (bipartite per-side, anchor=v56_USSR=1900.0) ...
Fitting BayesElo (combined, for residual comparison) ...

Model                  USSR      US    Gap   Comb*                95% CI   vs anchor
  (bipartite per-side = PRIMARY, anchor: v56_USSR=1900)
  (* combined = derived from P(win) = 0.5·P_ussr + 0.5·P_us)
----------------------------------------------------------------------------------------
v55                   1925   1869  +56    1931  [  1915,   1945]  +31
v54                   1929   1843  +86    1919  [  1904,   1934]  +19
v56                   1900   1831  +69    1900  [  1900,   1900]  +0
v44                   1890   1832  +58    1896  [  1882,   1911]  -4
v20                   1911   1802  +109    1892  [  1878,   1907]  -8
ppo_v311_sc_league_iter0020  1929   1765  +164    1883  [  1863,   1902]  -17
ppo_v311_sc_league_iter0040  1887   1788  +99    1874  [  1854,   1894]  -26
ppo_v311_sc_league_iter0010  1911   1756  +155    1871  [  1852,   1892]  -29
ppo_v311_sc_league_iter0030  1877   1755  +122    1854  [  1834,   1874]  -46

Pair                              Obs WR   Bip WR   Comb WR   Bip err   Comb err
------------------------------------------------------------------------------------
ppo_v311_sc_league_iter0010 vs ppo_v311_sc_league_iter0040   0.463    0.495     0.497    -0.032     -0.033
ppo_v311_sc_league_iter0010 vs ppo_v311_sc_league_iter0030   0.537    0.522     0.525    +0.015     +0.012
ppo_v311_sc_league_iter0010 vs ppo_v311_sc_league_iter0020   0.463    0.485     0.485    -0.021     -0.021
ppo_v311_sc_league_iter0010 vs v56              0.487    0.458     0.459    +0.028     +0.027
ppo_v311_sc_league_iter0010 vs v54              0.447    0.433     0.432    +0.013     +0.014
ppo_v311_sc_league_iter0010 vs v44              0.493    0.464     0.465    +0.029     +0.029
ppo_v311_sc_league_iter0010 vs v20              0.470    0.471     0.470    -0.001     -0.000
ppo_v311_sc_league_iter0010 vs v55              0.393    0.417     0.417    -0.024     -0.024
ppo_v311_sc_league_iter0040 vs ppo_v311_sc_league_iter0030   0.513    0.528     0.528    -0.015     -0.015
ppo_v311_sc_league_iter0040 vs ppo_v311_sc_league_iter0020   0.527    0.489     0.488    +0.038     +0.039
ppo_v311_sc_league_iter0040 vs v56              0.480    0.462     0.463    +0.018     +0.017
ppo_v311_sc_league_iter0040 vs v54              0.403    0.435     0.436    -0.032     -0.032
ppo_v311_sc_league_iter0040 vs v44              0.523    0.468     0.468    +0.055     +0.055
ppo_v311_sc_league_iter0040 vs v20              0.430    0.475     0.474    -0.045     -0.044
ppo_v311_sc_league_iter0040 vs v55              0.373    0.419     0.420    -0.046     -0.047
ppo_v311_sc_league_iter0030 vs ppo_v311_sc_league_iter0020   0.423    0.462     0.460    -0.039     -0.036
ppo_v311_sc_league_iter0030 vs v56              0.440    0.434     0.435    +0.006     +0.005
ppo_v311_sc_league_iter0030 vs v54              0.430    0.408     0.408    +0.022     +0.022
ppo_v311_sc_league_iter0030 vs v44              0.403    0.439     0.440    -0.036     -0.037
ppo_v311_sc_league_iter0030 vs v20              0.483    0.447     0.446    +0.036     +0.038
ppo_v311_sc_league_iter0030 vs v55              0.403    0.392     0.393    +0.011     +0.010
ppo_v311_sc_league_iter0020 vs v56              0.410    0.476     0.475    -0.066     -0.065
ppo_v311_sc_league_iter0020 vs v54              0.373    0.450     0.448    -0.077     -0.074
ppo_v311_sc_league_iter0020 vs v44              0.563    0.481     0.480    +0.082     +0.083
ppo_v311_sc_league_iter0020 vs v20              0.453    0.487     0.486    -0.034     -0.032
ppo_v311_sc_league_iter0020 vs v55              0.503    0.434     0.432    +0.069     +0.071
v56            vs v54              0.502    0.472     0.473    +0.030     +0.030
v56            vs v44              0.481    0.506     0.505    -0.025     -0.024
v56            vs v20              0.485    0.512     0.511    -0.027     -0.026
v56            vs v55              0.471    0.456     0.457    +0.015     +0.014
v54            vs v44              0.574    0.534     0.533    +0.039     +0.041
v54            vs v20              0.515    0.539     0.538    -0.024     -0.023
v54            vs v55              0.465    0.485     0.484    -0.020     -0.019
v44            vs v20              0.555    0.506     0.506    +0.049     +0.049
v44            vs v55              0.471    0.450     0.452    +0.022     +0.020
v20            vs v55              0.435    0.445     0.446    -0.010     -0.011
------------------------------------------------------------------------------------
                                              RMSE    0.0372     0.0371
  (bipartite RMSE >= combined RMSE → bipartite model not better fit)

Saved to data/checkpoints/ppo_v311_sc_league/candidate_tournament.json
[sql] Tournament logged: round_robin_20260417T134102Z_ppo_v311_sc_league_iter0010_ppo_v311_sc_league_iter0020 → results/metadata.sqlite3

[candidate] Top-8 panel-eval candidates:
  iter 0010: avg_panel_wr=0.554  data/checkpoints/ppo_v311_sc_league/ppo_iter0010_scripted.pt
  iter 0040: avg_panel_wr=0.516  data/checkpoints/ppo_v311_sc_league/ppo_iter0040_scripted.pt
  iter 0030: avg_panel_wr=0.476  data/checkpoints/ppo_v311_sc_league/ppo_iter0030_scripted.pt
  iter 0020: avg_panel_wr=0.473  data/checkpoints/ppo_v311_sc_league/ppo_iter0020_scripted.pt
[candidate] Models in tournament: ['ppo_v311_sc_league_iter0010:data/checkpoints/ppo_v311_sc_league/ppo_iter0010_scripted.pt', 'ppo_v311_sc_league_iter0040:data/checkpoints/ppo_v311_sc_league/ppo_iter0040_scripted.pt', 'ppo_v311_sc_league_iter0030:data/checkpoints/ppo_v311_sc_league/ppo_iter0030_scripted.pt', 'ppo_v311_sc_league_iter0020:data/checkpoints/ppo_v311_sc_league/ppo_iter0020_scripted.pt', 'v56:data/checkpoints/scripted_for_elo/v56_scripted.pt', 'v54:data/checkpoints/scripted_for_elo/v54_scripted.pt', 'v44:data/checkpoints/scripted_for_elo/v44_scripted.pt', 'v20:data/checkpoints/scripted_for_elo/v20_scripted.pt', 'v55:data/checkpoints/scripted_for_elo/v55_scripted.pt']
[candidate] Games per matchup: 150, anchor: v56=1900.0
[candidate] Running: /home/dkord/code/twilight-struggle-ai/.venv/bin/python3 scripts/run_elo_tournament.py --models ppo_v311_sc_league_iter0010:data/checkpoints/ppo_v311_sc_league/ppo_iter0010_scripted.pt ppo_v311_sc_league_iter0040:data/checkpoints/ppo_v311_sc_league/ppo_iter0040_scripted.pt ppo_v311_sc_league_iter0030:data/checkpoints/ppo_v311_sc_league/ppo_iter0030_scripted.pt ppo_v311_sc_league_iter0020:data/checkpoints/ppo_v311_sc_league/ppo_iter0020_scripted.pt v56:data/checkpoints/scripted_for_elo/v56_scripted.pt v54:data/checkpoints/scripted_for_elo/v54_scripted.pt v44:data/checkpoints/scripted_for_elo/v44_scripted.pt v20:data/checkpoints/scripted_for_elo/v20_scripted.pt v55:data/checkpoints/scripted_for_elo/v55_scripted.pt --games 150 --anchor v56 --anchor-elo 1900.0 --schedule round_robin --out data/checkpoints/ppo_v311_sc_league/candidate_tournament.json --script-dir data/checkpoints/scripted_for_elo

[candidate] Tournament results (candidates only):
  ppo_v311_sc_league_iter0020: Elo=1883.0 ← WINNER
  ppo_v311_sc_league_iter0040: Elo=1873.5
  ppo_v311_sc_league_iter0010: Elo=1871.1
  ppo_v311_sc_league_iter0030: Elo=1853.7
[candidate] ppo_best.pt ← data/checkpoints/ppo_v311_sc_league/ppo_iter0020.pt
[candidate] ppo_best_scripted.pt ← data/checkpoints/ppo_v311_sc_league/ppo_iter0020_scripted.pt

[candidate] Done. Winner: ppo_v311_sc_league_iter0020 (Elo=1883.0)
[candidate] Full tournament results: data/checkpoints/ppo_v311_sc_league/candidate_tournament.json
