Exporting checkpoints to TorchScript ...
  ppo_v247_sc_league_iter0020: already TorchScript, using directly
  ppo_v247_sc_league_iter0010: already TorchScript, using directly
Loaded 4663 match results from SQL match_cache

Match schedule (21 total, 6 new, 15 reused from prior run):
  ppo_v247_sc_league_iter0020 vs ppo_v247_sc_league_iter0010
  ppo_v247_sc_league_iter0020 vs v55
  ppo_v247_sc_league_iter0020 vs v54
  ppo_v247_sc_league_iter0020 vs v44
  ppo_v247_sc_league_iter0020 vs v45
  ppo_v247_sc_league_iter0020 vs v14
  ppo_v247_sc_league_iter0010 vs v55  [reuse]
  ppo_v247_sc_league_iter0010 vs v54  [reuse]
  ppo_v247_sc_league_iter0010 vs v44  [reuse]
  ppo_v247_sc_league_iter0010 vs v45  [reuse]
  ppo_v247_sc_league_iter0010 vs v14  [reuse]
  v55 vs v54  [reuse]
  v55 vs v44  [reuse]
  v55 vs v45  [reuse]
  v55 vs v14  [reuse]
  v54 vs v44  [reuse]
  v54 vs v45  [reuse]
  v54 vs v14  [reuse]
  v44 vs v45  [reuse]
  v44 vs v14  [reuse]
  v45 vs v14  [reuse]

[new 1/6] ppo_v247_sc_league_iter0020 vs ppo_v247_sc_league_iter0010 (150 games = 75/side, seed=88000) ...
  ppo_v247_sc_league_iter0020: 59(34u/25s)  ppo_v247_sc_league_iter0010: 85(48u/37s)  draws: 6  WR(ppo_v247_sc_league_iter0020)=0.413  t=7.7s

[new 2/6] ppo_v247_sc_league_iter0020 vs v55 (150 games = 75/side, seed=88150) ...
  ppo_v247_sc_league_iter0020: 20(16u/4s)  v55: 128(69u/59s)  draws: 2  WR(ppo_v247_sc_league_iter0020)=0.140  t=7.3s

[new 3/6] ppo_v247_sc_league_iter0020 vs v54 (150 games = 75/side, seed=88300) ...
  ppo_v247_sc_league_iter0020: 18(13u/5s)  v54: 132(70u/62s)  draws: 0  WR(ppo_v247_sc_league_iter0020)=0.120  t=7.6s

[new 4/6] ppo_v247_sc_league_iter0020 vs v44 (150 games = 75/side, seed=88450) ...
  ppo_v247_sc_league_iter0020: 24(20u/4s)  v44: 123(69u/54s)  draws: 3  WR(ppo_v247_sc_league_iter0020)=0.170  t=7.3s

[new 5/6] ppo_v247_sc_league_iter0020 vs v45 (150 games = 75/side, seed=88600) ...
  ppo_v247_sc_league_iter0020: 20(14u/6s)  v45: 130(69u/61s)  draws: 0  WR(ppo_v247_sc_league_iter0020)=0.133  t=7.4s

[new 6/6] ppo_v247_sc_league_iter0020 vs v14 (150 games = 75/side, seed=88750) ...
  ppo_v247_sc_league_iter0020: 29(19u/10s)  v14: 120(65u/55s)  draws: 1  WR(ppo_v247_sc_league_iter0020)=0.197  t=7.8s
  [reuse] ppo_v247_sc_league_iter0010 17(12u/5s) - 133(70u/63s) v55  draws=0  WR=0.113
  [reuse] ppo_v247_sc_league_iter0010 22(15u/7s) - 126(66u/60s) v54  draws=2  WR=0.153
  [reuse] ppo_v247_sc_league_iter0010 20(14u/6s) - 130(69u/61s) v44  draws=0  WR=0.133
  [reuse] ppo_v247_sc_league_iter0010 18(15u/3s) - 132(72u/60s) v45  draws=0  WR=0.120
  [reuse] ppo_v247_sc_league_iter0010 29(18u/11s) - 119(63u/56s) v14  draws=2  WR=0.200
  [reuse] v55 209(115u/94s) - 181(102u/79s) v54  draws=10  WR=0.535
  [reuse] v55 201(119u/82s) - 178(110u/68s) v44  draws=21  WR=0.529
  [reuse] v55 206(136u/70s) - 180(123u/57s) v45  draws=14  WR=0.532
  [reuse] v55 255(150u/105s) - 128(88u/40s) v14  draws=17  WR=0.659
  [reuse] v54 222(126u/96s) - 163(99u/64s) v44  draws=15  WR=0.574
  [reuse] v54 194(125u/69s) - 183(121u/62s) v45  draws=23  WR=0.514
  [reuse] v54 254(154u/100s) - 131(95u/36s) v14  draws=15  WR=0.654
  [reuse] v44 194(130u/64s) - 192(130u/62s) v45  draws=14  WR=0.502
  [reuse] v44 239(147u/92s) - 147(100u/47s) v14  draws=14  WR=0.615
  [reuse] v45 226(147u/79s) - 162(115u/47s) v14  draws=12  WR=0.580

Fitting BayesElo (combined) ...
Fitting BayesElo (bipartite per-side, anchor=v14_USSR=2015.0) ...

Model                   Elo    USSR*      US*    Gap                95% CI   vs anchor
  (* bipartite per-side, single anchor: v14_USSR=2015)
----------------------------------------------------------------------------------------
v55                    2126   2107   2040  +67  [  2109,   2143]  +111
v54                    2119   2093   2037  +56  [  2102,   2135]  +104
v45                    2095   2123   1961  +162  [  2078,   2112]  +80
v44                    2091   2080   1991  +89  [  2074,   2107]  +76
v14                    2015   2015   1891  +124  [  2015,   2015]  +0
ppo_v247_sc_league_iter0010   1789   1740   1702  +39  [  1760,   1819]  -226
ppo_v247_sc_league_iter0020   1767   1743   1642  +101  [  1737,   1798]  -248

Pair                              Obs WR   Bip WR   Comb WR   Bip err   Comb err
------------------------------------------------------------------------------------
ppo_v247_sc_league_iter0020 vs ppo_v247_sc_league_iter0010   0.413    0.461     0.468    -0.048     -0.055
ppo_v247_sc_league_iter0020 vs v55              0.140    0.109     0.112    +0.031     +0.028
ppo_v247_sc_league_iter0020 vs v54              0.120    0.112     0.117    +0.008     +0.003
ppo_v247_sc_league_iter0020 vs v44              0.170    0.134     0.135    +0.036     +0.035
ppo_v247_sc_league_iter0020 vs v45              0.133    0.141     0.132    -0.007     +0.002
ppo_v247_sc_league_iter0020 vs v14              0.197    0.202     0.194    -0.005     +0.003
ppo_v247_sc_league_iter0010 vs v55              0.113    0.120     0.126    -0.006     -0.012
ppo_v247_sc_league_iter0010 vs v54              0.153    0.124     0.131    +0.029     +0.023
ppo_v247_sc_league_iter0010 vs v44              0.133    0.146     0.150    -0.013     -0.017
ppo_v247_sc_league_iter0010 vs v45              0.120    0.150     0.147    -0.030     -0.027
ppo_v247_sc_league_iter0010 vs v14              0.200    0.219     0.214    -0.019     -0.014
v55            vs v54              0.535    0.512     0.511    +0.023     +0.024
v55            vs v44              0.529    0.552     0.551    -0.023     -0.022
v55            vs v45              0.532    0.541     0.545    -0.009     -0.012
v55            vs v14              0.659    0.656     0.655    +0.002     +0.004
v54            vs v44              0.574    0.541     0.540    +0.033     +0.034
v54            vs v45              0.514    0.530     0.534    -0.017     -0.020
v54            vs v14              0.654    0.647     0.645    +0.007     +0.009
v44            vs v45              0.502    0.492     0.494    +0.011     +0.009
v44            vs v14              0.615    0.607     0.607    +0.008     +0.008
v45            vs v14              0.580    0.607     0.613    -0.027     -0.033
------------------------------------------------------------------------------------
                                              RMSE    0.0223     0.0229
  (bipartite RMSE < combined RMSE → bipartite model better fit)

Saved to data/checkpoints/ppo_v247_sc_league/candidate_tournament.json
[sql] Tournament logged: round_robin_20260414T152146Z_ppo_v247_sc_league_iter0010_ppo_v247_sc_league_iter0020 → results/metadata.sqlite3

[candidate] Top-8 panel-eval candidates:
  iter 0020: avg_panel_wr=0.963  data/checkpoints/ppo_v247_sc_league/ppo_iter0020_scripted.pt
  iter 0010: avg_panel_wr=0.928  data/checkpoints/ppo_v247_sc_league/ppo_iter0010_scripted.pt
[candidate] Models in tournament: ['ppo_v247_sc_league_iter0020:data/checkpoints/ppo_v247_sc_league/ppo_iter0020_scripted.pt', 'ppo_v247_sc_league_iter0010:data/checkpoints/ppo_v247_sc_league/ppo_iter0010_scripted.pt', 'v55:data/checkpoints/scripted_for_elo/v55_scripted.pt', 'v54:data/checkpoints/scripted_for_elo/v54_scripted.pt', 'v44:data/checkpoints/scripted_for_elo/v44_scripted.pt', 'v45:data/checkpoints/scripted_for_elo/v45_scripted.pt', 'v14:data/checkpoints/scripted_for_elo/v14_scripted.pt']
[candidate] Games per matchup: 150, anchor: v14=2015.0
[candidate] Running: /home/dkord/code/twilight-struggle-ai/.venv/bin/python3 scripts/run_elo_tournament.py --models ppo_v247_sc_league_iter0020:data/checkpoints/ppo_v247_sc_league/ppo_iter0020_scripted.pt ppo_v247_sc_league_iter0010:data/checkpoints/ppo_v247_sc_league/ppo_iter0010_scripted.pt v55:data/checkpoints/scripted_for_elo/v55_scripted.pt v54:data/checkpoints/scripted_for_elo/v54_scripted.pt v44:data/checkpoints/scripted_for_elo/v44_scripted.pt v45:data/checkpoints/scripted_for_elo/v45_scripted.pt v14:data/checkpoints/scripted_for_elo/v14_scripted.pt --games 150 --anchor v14 --anchor-elo 2015.0 --schedule round_robin --out data/checkpoints/ppo_v247_sc_league/candidate_tournament.json --script-dir data/checkpoints/scripted_for_elo

[candidate] Tournament results (candidates only):
  ppo_v247_sc_league_iter0010: Elo=1789.4 ← WINNER
  ppo_v247_sc_league_iter0020: Elo=1767.3
[candidate] ppo_best.pt ← data/checkpoints/ppo_v247_sc_league/ppo_iter0010.pt
[candidate] ppo_best_scripted.pt ← data/checkpoints/ppo_v247_sc_league/ppo_iter0010_scripted.pt

[candidate] Done. Winner: ppo_v247_sc_league_iter0010 (Elo=1789.4)
[candidate] Full tournament results: data/checkpoints/ppo_v247_sc_league/candidate_tournament.json
