Exporting checkpoints to TorchScript ...
  ppo_v75_sc_league_iter0020: already TorchScript, using directly
  ppo_v75_sc_league_iter0010: already TorchScript, using directly
Loaded 2369 match results from SQL match_cache

Match schedule (21 total, 6 new, 15 reused from prior run):
  ppo_v75_sc_league_iter0020 vs ppo_v75_sc_league_iter0010
  ppo_v75_sc_league_iter0020 vs v55
  ppo_v75_sc_league_iter0020 vs v54
  ppo_v75_sc_league_iter0020 vs v44
  ppo_v75_sc_league_iter0020 vs v45
  ppo_v75_sc_league_iter0020 vs v14
  ppo_v75_sc_league_iter0010 vs v55  [reuse]
  ppo_v75_sc_league_iter0010 vs v54  [reuse]
  ppo_v75_sc_league_iter0010 vs v44  [reuse]
  ppo_v75_sc_league_iter0010 vs v45  [reuse]
  ppo_v75_sc_league_iter0010 vs v14  [reuse]
  v55 vs v54  [reuse]
  v55 vs v44  [reuse]
  v55 vs v45  [reuse]
  v55 vs v14  [reuse]
  v54 vs v44  [reuse]
  v54 vs v45  [reuse]
  v54 vs v14  [reuse]
  v44 vs v45  [reuse]
  v44 vs v14  [reuse]
  v45 vs v14  [reuse]

[new 1/6] ppo_v75_sc_league_iter0020 vs ppo_v75_sc_league_iter0010 (150 games = 75/side, seed=88000) ...
  ppo_v75_sc_league_iter0020: 73(45u/28s)  ppo_v75_sc_league_iter0010: 75(46u/29s)  draws: 2  WR(ppo_v75_sc_league_iter0020)=0.493  t=7.9s

[new 2/6] ppo_v75_sc_league_iter0020 vs v55 (150 games = 75/side, seed=88150) ...
  ppo_v75_sc_league_iter0020: 66(43u/23s)  v55: 77(51u/26s)  draws: 7  WR(ppo_v75_sc_league_iter0020)=0.463  t=12.1s

[new 3/6] ppo_v75_sc_league_iter0020 vs v54 (150 games = 75/side, seed=88300) ...
  ppo_v75_sc_league_iter0020: 70(37u/33s)  v54: 75(38u/37s)  draws: 5  WR(ppo_v75_sc_league_iter0020)=0.483  t=68.8s

[new 4/6] ppo_v75_sc_league_iter0020 vs v44 (150 games = 75/side, seed=88450) ...
  ppo_v75_sc_league_iter0020: 70(39u/31s)  v44: 77(42u/35s)  draws: 3  WR(ppo_v75_sc_league_iter0020)=0.477  t=22.9s

[new 5/6] ppo_v75_sc_league_iter0020 vs v45 (150 games = 75/side, seed=88600) ...
  ppo_v75_sc_league_iter0020: 58(41u/17s)  v45: 88(56u/32s)  draws: 4  WR(ppo_v75_sc_league_iter0020)=0.400  t=11.7s

[new 6/6] ppo_v75_sc_league_iter0020 vs v14 (150 games = 75/side, seed=88750) ...
  ppo_v75_sc_league_iter0020: 75(46u/29s)  v14: 66(41u/25s)  draws: 9  WR(ppo_v75_sc_league_iter0020)=0.530  t=11.5s
  [reuse] ppo_v75_sc_league_iter0010 64(37u/27s) - 85(48u/37s) v55  draws=1  WR=0.430
  [reuse] ppo_v75_sc_league_iter0010 64(40u/24s) - 79(46u/33s) v54  draws=7  WR=0.450
  [reuse] ppo_v75_sc_league_iter0010 68(36u/32s) - 72(38u/34s) v44  draws=10  WR=0.487
  [reuse] ppo_v75_sc_league_iter0010 74(49u/25s) - 71(48u/23s) v45  draws=5  WR=0.510
  [reuse] ppo_v75_sc_league_iter0010 89(58u/31s) - 50(38u/12s) v14  draws=11  WR=0.630
  [reuse] v55 209(115u/94s) - 181(102u/79s) v54  draws=10  WR=0.535
  [reuse] v55 201(119u/82s) - 178(110u/68s) v44  draws=21  WR=0.529
  [reuse] v55 206(136u/70s) - 180(123u/57s) v45  draws=14  WR=0.532
  [reuse] v55 255(150u/105s) - 128(88u/40s) v14  draws=17  WR=0.659
  [reuse] v54 222(126u/96s) - 163(99u/64s) v44  draws=15  WR=0.574
  [reuse] v54 194(125u/69s) - 183(121u/62s) v45  draws=23  WR=0.514
  [reuse] v54 254(154u/100s) - 131(95u/36s) v14  draws=15  WR=0.654
  [reuse] v44 194(130u/64s) - 192(130u/62s) v45  draws=14  WR=0.502
  [reuse] v44 239(147u/92s) - 147(100u/47s) v14  draws=14  WR=0.615
  [reuse] v45 226(147u/79s) - 162(115u/47s) v14  draws=12  WR=0.580

Fitting BayesElo (combined) ...
Fitting BayesElo (bipartite per-side, anchor=v14_USSR=2015.0) ...

Model                   Elo    USSR*      US*    Gap                95% CI   vs anchor
  (* bipartite per-side, single anchor: v14_USSR=2015)
----------------------------------------------------------------------------------------
v55                    2126   2098   2030  +68  [  2110,   2142]  +111
v54                    2118   2079   2033  +46  [  2102,   2134]  +103
v45                    2096   2119   1948  +170  [  2080,   2112]  +81
v44                    2092   2059   1997  +62  [  2076,   2108]  +77
ppo_v75_sc_league_iter0010   2089   2060   1989  +71  [  2065,   2112]  +74
ppo_v75_sc_league_iter0020   2071   2034   1979  +55  [  2048,   2094]  +56
v14                    2015   2015   1869  +146  [  2015,   2015]  +0

Pair                              Obs WR   Bip WR   Comb WR   Bip err   Comb err
------------------------------------------------------------------------------------
ppo_v75_sc_league_iter0020 vs ppo_v75_sc_league_iter0010   0.493    0.475     0.475    +0.019     +0.018
ppo_v75_sc_league_iter0020 vs v55              0.463    0.420     0.422    +0.044     +0.042
ppo_v75_sc_league_iter0020 vs v54              0.483    0.431     0.433    +0.053     +0.050
ppo_v75_sc_league_iter0020 vs v44              0.477    0.470     0.470    +0.007     +0.006
ppo_v75_sc_league_iter0020 vs v45              0.400    0.465     0.464    -0.065     -0.064
ppo_v75_sc_league_iter0020 vs v14              0.530    0.584     0.580    -0.054     -0.050
ppo_v75_sc_league_iter0010 vs v55              0.430    0.445     0.446    -0.015     -0.016
ppo_v75_sc_league_iter0010 vs v54              0.450    0.457     0.458    -0.007     -0.008
ppo_v75_sc_league_iter0010 vs v44              0.487    0.496     0.495    -0.009     -0.009
ppo_v75_sc_league_iter0010 vs v45              0.510    0.488     0.489    +0.022     +0.021
ppo_v75_sc_league_iter0010 vs v14              0.630    0.606     0.604    +0.024     +0.026
v55            vs v54              0.535    0.512     0.512    +0.023     +0.023
v55            vs v44              0.529    0.551     0.549    -0.022     -0.020
v55            vs v45              0.532    0.539     0.543    -0.007     -0.010
v55            vs v14              0.659    0.656     0.655    +0.003     +0.004
v54            vs v44              0.574    0.539     0.537    +0.035     +0.036
v54            vs v45              0.514    0.529     0.531    -0.015     -0.017
v54            vs v14              0.654    0.648     0.644    +0.006     +0.010
v44            vs v45              0.502    0.492     0.493    +0.010     +0.009
v44            vs v14              0.615    0.611     0.609    +0.004     +0.006
v45            vs v14              0.580    0.607     0.615    -0.027     -0.035
------------------------------------------------------------------------------------
                                              RMSE    0.0284     0.0283
  (bipartite RMSE >= combined RMSE → bipartite model not better fit)

Saved to data/checkpoints/ppo_v75_sc_league/candidate_tournament.json
[sql] Tournament logged: round_robin_20260412T164921Z_ppo_v75_sc_league_iter0010_ppo_v75_sc_league_iter0020 → results/metadata.sqlite3

[candidate] Top-8 panel-eval candidates:
  iter 0020: avg_panel_wr=0.488  data/checkpoints/ppo_v75_sc_league/ppo_iter0020_scripted.pt
  iter 0010: avg_panel_wr=0.472  data/checkpoints/ppo_v75_sc_league/ppo_iter0010_scripted.pt
[candidate] Models in tournament: ['ppo_v75_sc_league_iter0020:data/checkpoints/ppo_v75_sc_league/ppo_iter0020_scripted.pt', 'ppo_v75_sc_league_iter0010:data/checkpoints/ppo_v75_sc_league/ppo_iter0010_scripted.pt', 'v55:data/checkpoints/scripted_for_elo/v55_scripted.pt', 'v54:data/checkpoints/scripted_for_elo/v54_scripted.pt', 'v44:data/checkpoints/scripted_for_elo/v44_scripted.pt', 'v45:data/checkpoints/scripted_for_elo/v45_scripted.pt', 'v14:data/checkpoints/scripted_for_elo/v14_scripted.pt']
[candidate] Games per matchup: 150, anchor: v14=2015.0
[candidate] Running: /home/dkord/code/twilight-struggle-ai/.venv/bin/python3 scripts/run_elo_tournament.py --models ppo_v75_sc_league_iter0020:data/checkpoints/ppo_v75_sc_league/ppo_iter0020_scripted.pt ppo_v75_sc_league_iter0010:data/checkpoints/ppo_v75_sc_league/ppo_iter0010_scripted.pt v55:data/checkpoints/scripted_for_elo/v55_scripted.pt v54:data/checkpoints/scripted_for_elo/v54_scripted.pt v44:data/checkpoints/scripted_for_elo/v44_scripted.pt v45:data/checkpoints/scripted_for_elo/v45_scripted.pt v14:data/checkpoints/scripted_for_elo/v14_scripted.pt --games 150 --anchor v14 --anchor-elo 2015.0 --schedule round_robin --out data/checkpoints/ppo_v75_sc_league/candidate_tournament.json --script-dir data/checkpoints/scripted_for_elo

[candidate] Tournament results (candidates only):
  ppo_v75_sc_league_iter0010: Elo=2088.6 ← WINNER
  ppo_v75_sc_league_iter0020: Elo=2071.1
[candidate] ppo_best.pt ← data/checkpoints/ppo_v75_sc_league/ppo_iter0010.pt
[candidate] ppo_best_scripted.pt ← data/checkpoints/ppo_v75_sc_league/ppo_iter0010_scripted.pt

[candidate] Done. Winner: ppo_v75_sc_league_iter0010 (Elo=2088.6)
[candidate] Full tournament results: data/checkpoints/ppo_v75_sc_league/candidate_tournament.json
bin/python3 scripts/run_elo_tournament.py --models ppo_v75_sc_league_iter0020:data/checkpoints/ppo_v75_sc_league/ppo_iter0020_scripted.pt ppo_v75_sc_league_iter0010:data/checkpoints/ppo_v75_sc_league/ppo_iter0010_scripted.pt v55:data/checkpoints/scripted_for_elo/v55_scripted.pt v54:data/checkpoints/scripted_for_elo/v54_scripted.pt v44:data/checkpoints/scripted_for_elo/v44_scripted.pt v45:data/checkpoints/scripted_for_elo/v45_scripted.pt v14:data/checkpoints/scripted_for_elo/v14_scripted.pt --games 150 --anchor v14 --anchor-elo 2015.0 --schedule round_robin --out data/checkpoints/ppo_v75_sc_league/candidate_tournament.json --script-dir data/checkpoints/scripted_for_elo

[candidate] Tournament results (candidates only):
  ppo_v75_sc_league_iter0010: Elo=2091.1 ← WINNER
  ppo_v75_sc_league_iter0020: Elo=2074.6
[candidate] ppo_best.pt ← data/checkpoints/ppo_v75_sc_league/ppo_iter0010.pt
[candidate] ppo_best_scripted.pt ← data/checkpoints/ppo_v75_sc_league/ppo_iter0010_scripted.pt

[candidate] Done. Winner: ppo_v75_sc_league_iter0010 (Elo=2091.1)
[candidate] Full tournament results: data/checkpoints/ppo_v75_sc_league/candidate_tournament.json
