Exporting checkpoints to TorchScript ...
  ppo_v209_sc_league_iter0020: already TorchScript, using directly
  ppo_v209_sc_league_iter0010: already TorchScript, using directly
Loaded 3954 match results from SQL match_cache

Match schedule (21 total, 6 new, 15 reused from prior run):
  ppo_v209_sc_league_iter0020 vs ppo_v209_sc_league_iter0010
  ppo_v209_sc_league_iter0020 vs v55
  ppo_v209_sc_league_iter0020 vs v54
  ppo_v209_sc_league_iter0020 vs v44
  ppo_v209_sc_league_iter0020 vs v45
  ppo_v209_sc_league_iter0020 vs v14
  ppo_v209_sc_league_iter0010 vs v55  [reuse]
  ppo_v209_sc_league_iter0010 vs v54  [reuse]
  ppo_v209_sc_league_iter0010 vs v44  [reuse]
  ppo_v209_sc_league_iter0010 vs v45  [reuse]
  ppo_v209_sc_league_iter0010 vs v14  [reuse]
  v55 vs v54  [reuse]
  v55 vs v44  [reuse]
  v55 vs v45  [reuse]
  v55 vs v14  [reuse]
  v54 vs v44  [reuse]
  v54 vs v45  [reuse]
  v54 vs v14  [reuse]
  v44 vs v45  [reuse]
  v44 vs v14  [reuse]
  v45 vs v14  [reuse]

[new 1/6] ppo_v209_sc_league_iter0020 vs ppo_v209_sc_league_iter0010 (150 games = 75/side, seed=88000) ...
  ppo_v209_sc_league_iter0020: 85(35u/50s)  ppo_v209_sc_league_iter0010: 65(25u/40s)  draws: 0  WR(ppo_v209_sc_league_iter0020)=0.567  t=7.7s

[new 2/6] ppo_v209_sc_league_iter0020 vs v55 (150 games = 75/side, seed=88150) ...
  ppo_v209_sc_league_iter0020: 28(19u/9s)  v55: 121(65u/56s)  draws: 1  WR(ppo_v209_sc_league_iter0020)=0.190  t=8.3s

[new 3/6] ppo_v209_sc_league_iter0020 vs v54 (150 games = 75/side, seed=88300) ...
  ppo_v209_sc_league_iter0020: 32(22u/10s)  v54: 118(65u/53s)  draws: 0  WR(ppo_v209_sc_league_iter0020)=0.213  t=9.2s

[new 4/6] ppo_v209_sc_league_iter0020 vs v44 (150 games = 75/side, seed=88450) ...
  ppo_v209_sc_league_iter0020: 26(19u/7s)  v44: 124(68u/56s)  draws: 0  WR(ppo_v209_sc_league_iter0020)=0.173  t=9.1s

[new 5/6] ppo_v209_sc_league_iter0020 vs v45 (150 games = 75/side, seed=88600) ...
  ppo_v209_sc_league_iter0020: 30(25u/5s)  v45: 117(67u/50s)  draws: 3  WR(ppo_v209_sc_league_iter0020)=0.210  t=9.2s

[new 6/6] ppo_v209_sc_league_iter0020 vs v14 (150 games = 75/side, seed=88750) ...
  ppo_v209_sc_league_iter0020: 43(24u/19s)  v14: 102(52u/50s)  draws: 5  WR(ppo_v209_sc_league_iter0020)=0.303  t=9.6s
  [reuse] ppo_v209_sc_league_iter0010 37(22u/15s) - 112(60u/52s) v55  draws=1  WR=0.250
  [reuse] ppo_v209_sc_league_iter0010 28(18u/10s) - 121(65u/56s) v54  draws=1  WR=0.190
  [reuse] ppo_v209_sc_league_iter0010 35(18u/17s) - 114(57u/57s) v44  draws=1  WR=0.237
  [reuse] ppo_v209_sc_league_iter0010 28(23u/5s) - 118(66u/52s) v45  draws=4  WR=0.200
  [reuse] ppo_v209_sc_league_iter0010 36(21u/15s) - 108(55u/53s) v14  draws=6  WR=0.260
  [reuse] v55 209(115u/94s) - 181(102u/79s) v54  draws=10  WR=0.535
  [reuse] v55 201(119u/82s) - 178(110u/68s) v44  draws=21  WR=0.529
  [reuse] v55 206(136u/70s) - 180(123u/57s) v45  draws=14  WR=0.532
  [reuse] v55 255(150u/105s) - 128(88u/40s) v14  draws=17  WR=0.659
  [reuse] v54 222(126u/96s) - 163(99u/64s) v44  draws=15  WR=0.574
  [reuse] v54 194(125u/69s) - 183(121u/62s) v45  draws=23  WR=0.514
  [reuse] v54 254(154u/100s) - 131(95u/36s) v14  draws=15  WR=0.654
  [reuse] v44 194(130u/64s) - 192(130u/62s) v45  draws=14  WR=0.502
  [reuse] v44 239(147u/92s) - 147(100u/47s) v14  draws=14  WR=0.615
  [reuse] v45 226(147u/79s) - 162(115u/47s) v14  draws=12  WR=0.580

Fitting BayesElo (combined) ...
Fitting BayesElo (bipartite per-side, anchor=v14_USSR=2015.0) ...

Model                   Elo    USSR*      US*    Gap                95% CI   vs anchor
  (* bipartite per-side, single anchor: v14_USSR=2015)
----------------------------------------------------------------------------------------
v55                    2122   2104   2038  +66  [  2105,   2138]  +107
v54                    2117   2097   2034  +63  [  2100,   2133]  +102
v45                    2094   2132   1953  +180  [  2077,   2110]  +79
v44                    2091   2077   1999  +78  [  2074,   2107]  +76
v14                    2015   2015   1896  +119  [  2015,   2015]  +0
ppo_v209_sc_league_iter0020   1870   1820   1801  +19  [  1844,   1897]  -145
ppo_v209_sc_league_iter0010   1858   1785   1817  -32  [  1831,   1885]  -157

Pair                              Obs WR   Bip WR   Comb WR   Bip err   Comb err
------------------------------------------------------------------------------------
ppo_v209_sc_league_iter0020 vs ppo_v209_sc_league_iter0010   0.567    0.514     0.518    +0.052     +0.049
ppo_v209_sc_league_iter0020 vs v55              0.190    0.185     0.191    +0.005     -0.001
ppo_v209_sc_league_iter0020 vs v54              0.213    0.190     0.195    +0.024     +0.018
ppo_v209_sc_league_iter0020 vs v44              0.173    0.217     0.219    -0.043     -0.046
ppo_v209_sc_league_iter0020 vs v45              0.210    0.224     0.217    -0.014     -0.007
ppo_v209_sc_league_iter0020 vs v14              0.303    0.309     0.303    -0.006     +0.000
ppo_v209_sc_league_iter0010 vs v55              0.250    0.175     0.180    +0.075     +0.070
ppo_v209_sc_league_iter0010 vs v54              0.190    0.179     0.184    +0.011     +0.006
ppo_v209_sc_league_iter0010 vs v44              0.237    0.204     0.208    +0.032     +0.029
ppo_v209_sc_league_iter0010 vs v45              0.200    0.208     0.205    -0.008     -0.005
ppo_v209_sc_league_iter0010 vs v14              0.260    0.294     0.288    -0.034     -0.028
v55            vs v54              0.535    0.507     0.507    +0.028     +0.028
v55            vs v44              0.529    0.546     0.544    -0.017     -0.015
v55            vs v45              0.532    0.536     0.540    -0.004     -0.008
v55            vs v14              0.659    0.651     0.649    +0.008     +0.010
v54            vs v44              0.574    0.539     0.537    +0.035     +0.036
v54            vs v45              0.514    0.530     0.534    -0.016     -0.020
v54            vs v14              0.654    0.644     0.643    +0.009     +0.011
v44            vs v45              0.502    0.494     0.496    +0.009     +0.006
v44            vs v14              0.615    0.608     0.607    +0.007     +0.008
v45            vs v14              0.580    0.604     0.611    -0.024     -0.031
------------------------------------------------------------------------------------
                                              RMSE    0.0283     0.0273
  (bipartite RMSE >= combined RMSE → bipartite model not better fit)

Saved to data/checkpoints/ppo_v209_sc_league/candidate_tournament.json
[sql] Tournament logged: round_robin_20260414T072234Z_ppo_v209_sc_league_iter0010_ppo_v209_sc_league_iter0020 → results/metadata.sqlite3

[candidate] Top-8 panel-eval candidates:
  iter 0020: avg_panel_wr=0.947  data/checkpoints/ppo_v209_sc_league/ppo_iter0020_scripted.pt
  iter 0010: avg_panel_wr=0.898  data/checkpoints/ppo_v209_sc_league/ppo_iter0010_scripted.pt
[candidate] Models in tournament: ['ppo_v209_sc_league_iter0020:data/checkpoints/ppo_v209_sc_league/ppo_iter0020_scripted.pt', 'ppo_v209_sc_league_iter0010:data/checkpoints/ppo_v209_sc_league/ppo_iter0010_scripted.pt', 'v55:data/checkpoints/scripted_for_elo/v55_scripted.pt', 'v54:data/checkpoints/scripted_for_elo/v54_scripted.pt', 'v44:data/checkpoints/scripted_for_elo/v44_scripted.pt', 'v45:data/checkpoints/scripted_for_elo/v45_scripted.pt', 'v14:data/checkpoints/scripted_for_elo/v14_scripted.pt']
[candidate] Games per matchup: 150, anchor: v14=2015.0
[candidate] Running: /home/dkord/code/twilight-struggle-ai/.venv/bin/python3 scripts/run_elo_tournament.py --models ppo_v209_sc_league_iter0020:data/checkpoints/ppo_v209_sc_league/ppo_iter0020_scripted.pt ppo_v209_sc_league_iter0010:data/checkpoints/ppo_v209_sc_league/ppo_iter0010_scripted.pt v55:data/checkpoints/scripted_for_elo/v55_scripted.pt v54:data/checkpoints/scripted_for_elo/v54_scripted.pt v44:data/checkpoints/scripted_for_elo/v44_scripted.pt v45:data/checkpoints/scripted_for_elo/v45_scripted.pt v14:data/checkpoints/scripted_for_elo/v14_scripted.pt --games 150 --anchor v14 --anchor-elo 2015.0 --schedule round_robin --out data/checkpoints/ppo_v209_sc_league/candidate_tournament.json --script-dir data/checkpoints/scripted_for_elo

[candidate] Tournament results (candidates only):
  ppo_v209_sc_league_iter0020: Elo=1870.4 ← WINNER
  ppo_v209_sc_league_iter0010: Elo=1858.2
[candidate] ppo_best.pt ← data/checkpoints/ppo_v209_sc_league/ppo_iter0020.pt
[candidate] ppo_best_scripted.pt ← data/checkpoints/ppo_v209_sc_league/ppo_iter0020_scripted.pt

[candidate] Done. Winner: ppo_v209_sc_league_iter0020 (Elo=1870.4)
[candidate] Full tournament results: data/checkpoints/ppo_v209_sc_league/candidate_tournament.json
