Exporting checkpoints to TorchScript ...
  ppo_v214_sc_league_iter0010: already TorchScript, using directly
  ppo_v214_sc_league_iter0020: already TorchScript, using directly
Loaded 4032 match results from SQL match_cache

Match schedule (21 total, 6 new, 15 reused from prior run):
  ppo_v214_sc_league_iter0010 vs ppo_v214_sc_league_iter0020
  ppo_v214_sc_league_iter0010 vs v55  [reuse]
  ppo_v214_sc_league_iter0010 vs v54  [reuse]
  ppo_v214_sc_league_iter0010 vs v44  [reuse]
  ppo_v214_sc_league_iter0010 vs v45  [reuse]
  ppo_v214_sc_league_iter0010 vs v14  [reuse]
  ppo_v214_sc_league_iter0020 vs v55
  ppo_v214_sc_league_iter0020 vs v54
  ppo_v214_sc_league_iter0020 vs v44
  ppo_v214_sc_league_iter0020 vs v45
  ppo_v214_sc_league_iter0020 vs v14
  v55 vs v54  [reuse]
  v55 vs v44  [reuse]
  v55 vs v45  [reuse]
  v55 vs v14  [reuse]
  v54 vs v44  [reuse]
  v54 vs v45  [reuse]
  v54 vs v14  [reuse]
  v44 vs v45  [reuse]
  v44 vs v14  [reuse]
  v45 vs v14  [reuse]

[new 1/6] ppo_v214_sc_league_iter0010 vs ppo_v214_sc_league_iter0020 (150 games = 75/side, seed=88000) ...
  ppo_v214_sc_league_iter0010: 83(37u/46s)  ppo_v214_sc_league_iter0020: 63(28u/35s)  draws: 4  WR(ppo_v214_sc_league_iter0010)=0.567  t=7.9s
  [reuse] ppo_v214_sc_league_iter0010 31(24u/7s) - 119(68u/51s) v55  draws=0  WR=0.207
  [reuse] ppo_v214_sc_league_iter0010 15(12u/3s) - 135(72u/63s) v54  draws=0  WR=0.100
  [reuse] ppo_v214_sc_league_iter0010 20(12u/8s) - 130(67u/63s) v44  draws=0  WR=0.133
  [reuse] ppo_v214_sc_league_iter0010 27(22u/5s) - 120(68u/52s) v45  draws=3  WR=0.190
  [reuse] ppo_v214_sc_league_iter0010 32(22u/10s) - 114(63u/51s) v14  draws=4  WR=0.227

[new 2/6] ppo_v214_sc_league_iter0020 vs v55 (150 games = 75/side, seed=88150) ...
  ppo_v214_sc_league_iter0020: 23(19u/4s)  v55: 127(71u/56s)  draws: 0  WR(ppo_v214_sc_league_iter0020)=0.153  t=7.6s

[new 3/6] ppo_v214_sc_league_iter0020 vs v54 (150 games = 75/side, seed=88300) ...
  ppo_v214_sc_league_iter0020: 23(18u/5s)  v54: 127(70u/57s)  draws: 0  WR(ppo_v214_sc_league_iter0020)=0.153  t=7.0s

[new 4/6] ppo_v214_sc_league_iter0020 vs v44 (150 games = 75/side, seed=88450) ...
  ppo_v214_sc_league_iter0020: 23(20u/3s)  v44: 125(70u/55s)  draws: 2  WR(ppo_v214_sc_league_iter0020)=0.160  t=7.9s

[new 5/6] ppo_v214_sc_league_iter0020 vs v45 (150 games = 75/side, seed=88600) ...
  ppo_v214_sc_league_iter0020: 22(18u/4s)  v45: 127(70u/57s)  draws: 1  WR(ppo_v214_sc_league_iter0020)=0.150  t=8.1s

[new 6/6] ppo_v214_sc_league_iter0020 vs v14 (150 games = 75/side, seed=88750) ...
  ppo_v214_sc_league_iter0020: 26(18u/8s)  v14: 121(66u/55s)  draws: 3  WR(ppo_v214_sc_league_iter0020)=0.183  t=8.3s
  [reuse] v55 209(115u/94s) - 181(102u/79s) v54  draws=10  WR=0.535
  [reuse] v55 201(119u/82s) - 178(110u/68s) v44  draws=21  WR=0.529
  [reuse] v55 206(136u/70s) - 180(123u/57s) v45  draws=14  WR=0.532
  [reuse] v55 255(150u/105s) - 128(88u/40s) v14  draws=17  WR=0.659
  [reuse] v54 222(126u/96s) - 163(99u/64s) v44  draws=15  WR=0.574
  [reuse] v54 194(125u/69s) - 183(121u/62s) v45  draws=23  WR=0.514
  [reuse] v54 254(154u/100s) - 131(95u/36s) v14  draws=15  WR=0.654
  [reuse] v44 194(130u/64s) - 192(130u/62s) v45  draws=14  WR=0.502
  [reuse] v44 239(147u/92s) - 147(100u/47s) v14  draws=14  WR=0.615
  [reuse] v45 226(147u/79s) - 162(115u/47s) v14  draws=12  WR=0.580

Fitting BayesElo (combined) ...
Fitting BayesElo (bipartite per-side, anchor=v14_USSR=2015.0) ...

Model                   Elo    USSR*      US*    Gap                95% CI   vs anchor
  (* bipartite per-side, single anchor: v14_USSR=2015)
----------------------------------------------------------------------------------------
v55                    2120   2105   2028  +77  [  2103,   2137]  +105
v54                    2119   2094   2035  +59  [  2102,   2136]  +104
v44                    2091   2075   1994  +80  [  2074,   2107]  +76
v45                    2091   2121   1952  +169  [  2074,   2107]  +76
v14                    2015   2015   1888  +127  [  2015,   2015]  +0
ppo_v214_sc_league_iter0010   1814   1761   1732  +29  [  1785,   1842]  -201
ppo_v214_sc_league_iter0020   1785   1754   1670  +84  [  1756,   1815]  -230

Pair                              Obs WR   Bip WR   Comb WR   Bip err   Comb err
------------------------------------------------------------------------------------
ppo_v214_sc_league_iter0010 vs ppo_v214_sc_league_iter0020   0.567    0.548     0.541    +0.019     +0.026
ppo_v214_sc_league_iter0010 vs v55              0.207    0.141     0.146    +0.066     +0.060
ppo_v214_sc_league_iter0010 vs v54              0.100    0.141     0.147    -0.041     -0.047
ppo_v214_sc_league_iter0010 vs v44              0.133    0.165     0.169    -0.031     -0.035
ppo_v214_sc_league_iter0010 vs v45              0.190    0.173     0.169    +0.017     +0.021
ppo_v214_sc_league_iter0010 vs v14              0.227    0.244     0.239    -0.018     -0.012
ppo_v214_sc_league_iter0020 vs v55              0.153    0.124     0.127    +0.030     +0.026
ppo_v214_sc_league_iter0020 vs v54              0.153    0.123     0.128    +0.030     +0.025
ppo_v214_sc_league_iter0020 vs v44              0.160    0.145     0.147    +0.015     +0.013
ppo_v214_sc_league_iter0020 vs v45              0.150    0.156     0.147    -0.006     +0.003
ppo_v214_sc_league_iter0020 vs v14              0.183    0.218     0.211    -0.035     -0.027
v55            vs v54              0.535    0.503     0.502    +0.032     +0.033
v55            vs v44              0.529    0.544     0.542    -0.015     -0.013
v55            vs v45              0.532    0.538     0.542    -0.006     -0.010
v55            vs v14              0.659    0.648     0.647    +0.011     +0.012
v54            vs v44              0.574    0.541     0.540    +0.032     +0.034
v54            vs v45              0.514    0.537     0.540    -0.023     -0.026
v54            vs v14              0.654    0.647     0.645    +0.007     +0.009
v44            vs v45              0.502    0.498     0.500    +0.005     +0.002
v44            vs v14              0.615    0.608     0.607    +0.007     +0.008
v45            vs v14              0.580    0.601     0.607    -0.021     -0.027
------------------------------------------------------------------------------------
                                              RMSE    0.0265     0.0266
  (bipartite RMSE < combined RMSE → bipartite model better fit)

Saved to data/checkpoints/ppo_v214_sc_league/candidate_tournament.json
[sql] Tournament logged: round_robin_20260414T105040Z_ppo_v214_sc_league_iter0010_ppo_v214_sc_league_iter0020 → results/metadata.sqlite3

[candidate] Top-8 panel-eval candidates:
  iter 0010: avg_panel_wr=0.950  data/checkpoints/ppo_v214_sc_league/ppo_iter0010_scripted.pt
  iter 0020: avg_panel_wr=0.919  data/checkpoints/ppo_v214_sc_league/ppo_iter0020_scripted.pt
[candidate] Models in tournament: ['ppo_v214_sc_league_iter0010:data/checkpoints/ppo_v214_sc_league/ppo_iter0010_scripted.pt', 'ppo_v214_sc_league_iter0020:data/checkpoints/ppo_v214_sc_league/ppo_iter0020_scripted.pt', 'v55:data/checkpoints/scripted_for_elo/v55_scripted.pt', 'v54:data/checkpoints/scripted_for_elo/v54_scripted.pt', 'v44:data/checkpoints/scripted_for_elo/v44_scripted.pt', 'v45:data/checkpoints/scripted_for_elo/v45_scripted.pt', 'v14:data/checkpoints/scripted_for_elo/v14_scripted.pt']
[candidate] Games per matchup: 150, anchor: v14=2015.0
[candidate] Running: /home/dkord/code/twilight-struggle-ai/.venv/bin/python3 scripts/run_elo_tournament.py --models ppo_v214_sc_league_iter0010:data/checkpoints/ppo_v214_sc_league/ppo_iter0010_scripted.pt ppo_v214_sc_league_iter0020:data/checkpoints/ppo_v214_sc_league/ppo_iter0020_scripted.pt v55:data/checkpoints/scripted_for_elo/v55_scripted.pt v54:data/checkpoints/scripted_for_elo/v54_scripted.pt v44:data/checkpoints/scripted_for_elo/v44_scripted.pt v45:data/checkpoints/scripted_for_elo/v45_scripted.pt v14:data/checkpoints/scripted_for_elo/v14_scripted.pt --games 150 --anchor v14 --anchor-elo 2015.0 --schedule round_robin --out data/checkpoints/ppo_v214_sc_league/candidate_tournament.json --script-dir data/checkpoints/scripted_for_elo

[candidate] Tournament results (candidates only):
  ppo_v214_sc_league_iter0010: Elo=1813.8 ← WINNER
  ppo_v214_sc_league_iter0020: Elo=1785.5
[candidate] ppo_best.pt ← data/checkpoints/ppo_v214_sc_league/ppo_iter0010.pt
[candidate] ppo_best_scripted.pt ← data/checkpoints/ppo_v214_sc_league/ppo_iter0010_scripted.pt

[candidate] Done. Winner: ppo_v214_sc_league_iter0010 (Elo=1813.8)
[candidate] Full tournament results: data/checkpoints/ppo_v214_sc_league/candidate_tournament.json
