Exporting checkpoints to TorchScript ...
  ppo_v243_sc_league_iter0020: already TorchScript, using directly
  ppo_v243_sc_league_iter0010: already TorchScript, using directly
Loaded 4585 match results from SQL match_cache

Match schedule (21 total, 6 new, 15 reused from prior run):
  ppo_v243_sc_league_iter0020 vs ppo_v243_sc_league_iter0010
  ppo_v243_sc_league_iter0020 vs v55
  ppo_v243_sc_league_iter0020 vs v54
  ppo_v243_sc_league_iter0020 vs v44
  ppo_v243_sc_league_iter0020 vs v45
  ppo_v243_sc_league_iter0020 vs v14
  ppo_v243_sc_league_iter0010 vs v55  [reuse]
  ppo_v243_sc_league_iter0010 vs v54  [reuse]
  ppo_v243_sc_league_iter0010 vs v44  [reuse]
  ppo_v243_sc_league_iter0010 vs v45  [reuse]
  ppo_v243_sc_league_iter0010 vs v14  [reuse]
  v55 vs v54  [reuse]
  v55 vs v44  [reuse]
  v55 vs v45  [reuse]
  v55 vs v14  [reuse]
  v54 vs v44  [reuse]
  v54 vs v45  [reuse]
  v54 vs v14  [reuse]
  v44 vs v45  [reuse]
  v44 vs v14  [reuse]
  v45 vs v14  [reuse]

[new 1/6] ppo_v243_sc_league_iter0020 vs ppo_v243_sc_league_iter0010 (150 games = 75/side, seed=88000) ...
  ppo_v243_sc_league_iter0020: 82(46u/36s)  ppo_v243_sc_league_iter0010: 64(36u/28s)  draws: 4  WR(ppo_v243_sc_league_iter0020)=0.560  t=7.4s

[new 2/6] ppo_v243_sc_league_iter0020 vs v55 (150 games = 75/side, seed=88150) ...
  ppo_v243_sc_league_iter0020: 23(17u/6s)  v55: 124(68u/56s)  draws: 3  WR(ppo_v243_sc_league_iter0020)=0.163  t=6.9s

[new 3/6] ppo_v243_sc_league_iter0020 vs v54 (150 games = 75/side, seed=88300) ...
  ppo_v243_sc_league_iter0020: 18(15u/3s)  v54: 131(72u/59s)  draws: 1  WR(ppo_v243_sc_league_iter0020)=0.123  t=7.8s

[new 4/6] ppo_v243_sc_league_iter0020 vs v44 (150 games = 75/side, seed=88450) ...
  ppo_v243_sc_league_iter0020: 25(20u/5s)  v44: 123(70u/53s)  draws: 2  WR(ppo_v243_sc_league_iter0020)=0.173  t=7.5s

[new 5/6] ppo_v243_sc_league_iter0020 vs v45 (150 games = 75/side, seed=88600) ...
  ppo_v243_sc_league_iter0020: 22(19u/3s)  v45: 126(71u/55s)  draws: 2  WR(ppo_v243_sc_league_iter0020)=0.153  t=7.6s

[new 6/6] ppo_v243_sc_league_iter0020 vs v14 (150 games = 75/side, seed=88750) ...
  ppo_v243_sc_league_iter0020: 32(28u/4s)  v14: 116(70u/46s)  draws: 2  WR(ppo_v243_sc_league_iter0020)=0.220  t=7.8s
  [reuse] ppo_v243_sc_league_iter0010 18(16u/2s) - 131(72u/59s) v55  draws=1  WR=0.123
  [reuse] ppo_v243_sc_league_iter0010 21(18u/3s) - 127(70u/57s) v54  draws=2  WR=0.147
  [reuse] ppo_v243_sc_league_iter0010 15(12u/3s) - 134(71u/63s) v44  draws=1  WR=0.103
  [reuse] ppo_v243_sc_league_iter0010 22(19u/3s) - 126(70u/56s) v45  draws=2  WR=0.153
  [reuse] ppo_v243_sc_league_iter0010 23(19u/4s) - 123(70u/53s) v14  draws=4  WR=0.167
  [reuse] v55 209(115u/94s) - 181(102u/79s) v54  draws=10  WR=0.535
  [reuse] v55 201(119u/82s) - 178(110u/68s) v44  draws=21  WR=0.529
  [reuse] v55 206(136u/70s) - 180(123u/57s) v45  draws=14  WR=0.532
  [reuse] v55 255(150u/105s) - 128(88u/40s) v14  draws=17  WR=0.659
  [reuse] v54 222(126u/96s) - 163(99u/64s) v44  draws=15  WR=0.574
  [reuse] v54 194(125u/69s) - 183(121u/62s) v45  draws=23  WR=0.514
  [reuse] v54 254(154u/100s) - 131(95u/36s) v14  draws=15  WR=0.654
  [reuse] v44 194(130u/64s) - 192(130u/62s) v45  draws=14  WR=0.502
  [reuse] v44 239(147u/92s) - 147(100u/47s) v14  draws=14  WR=0.615
  [reuse] v45 226(147u/79s) - 162(115u/47s) v14  draws=12  WR=0.580

Fitting BayesElo (combined) ...
Fitting BayesElo (bipartite per-side, anchor=v14_USSR=2015.0) ...

Model                   Elo    USSR*      US*    Gap                95% CI   vs anchor
  (* bipartite per-side, single anchor: v14_USSR=2015)
----------------------------------------------------------------------------------------
v55                    2124   2097   2032  +65  [  2107,   2141]  +109
v54                    2118   2088   2028  +60  [  2101,   2135]  +103
v45                    2092   2115   1949  +166  [  2075,   2109]  +77
v44                    2091   2068   1989  +79  [  2074,   2108]  +76
v14                    2015   2015   1875  +140  [  2015,   2015]  +0
ppo_v243_sc_league_iter0020   1800   1776   1648  +128  [  1771,   1830]  -215
ppo_v243_sc_league_iter0010   1760   1732   1603  +129  [  1729,   1791]  -255

Pair                              Obs WR   Bip WR   Comb WR   Bip err   Comb err
------------------------------------------------------------------------------------
ppo_v243_sc_league_iter0020 vs ppo_v243_sc_league_iter0010   0.560    0.556     0.559    +0.004     +0.001
ppo_v243_sc_league_iter0020 vs v55              0.163    0.129     0.134    +0.035     +0.029
ppo_v243_sc_league_iter0020 vs v54              0.123    0.132     0.139    -0.009     -0.015
ppo_v243_sc_league_iter0020 vs v44              0.173    0.154     0.158    +0.019     +0.015
ppo_v243_sc_league_iter0020 vs v45              0.153    0.167     0.157    -0.014     -0.004
ppo_v243_sc_league_iter0020 vs v14              0.220    0.234     0.225    -0.014     -0.005
ppo_v243_sc_league_iter0010 vs v55              0.123    0.103     0.109    +0.020     +0.014
ppo_v243_sc_league_iter0010 vs v54              0.147    0.106     0.113    +0.041     +0.034
ppo_v243_sc_league_iter0010 vs v44              0.103    0.125     0.129    -0.021     -0.026
ppo_v243_sc_league_iter0010 vs v45              0.153    0.136     0.129    +0.017     +0.025
ppo_v243_sc_league_iter0010 vs v14              0.167    0.195     0.187    -0.028     -0.020
v55            vs v54              0.535    0.509     0.509    +0.026     +0.026
v55            vs v44              0.529    0.548     0.547    -0.020     -0.018
v55            vs v45              0.532    0.541     0.546    -0.009     -0.013
v55            vs v14              0.659    0.653     0.652    +0.006     +0.007
v54            vs v44              0.574    0.540     0.538    +0.034     +0.035
v54            vs v45              0.514    0.533     0.537    -0.020     -0.024
v54            vs v14              0.654    0.645     0.644    +0.008     +0.010
v44            vs v45              0.502    0.496     0.499    +0.006     +0.004
v44            vs v14              0.615    0.608     0.608    +0.007     +0.007
v45            vs v14              0.580    0.602     0.609    -0.022     -0.029
------------------------------------------------------------------------------------
                                              RMSE    0.0208     0.0200
  (bipartite RMSE >= combined RMSE → bipartite model not better fit)

Saved to data/checkpoints/ppo_v243_sc_league/candidate_tournament.json
[sql] Tournament logged: round_robin_20260414T144703Z_ppo_v243_sc_league_iter0010_ppo_v243_sc_league_iter0020 → results/metadata.sqlite3

[candidate] Top-8 panel-eval candidates:
  iter 0020: avg_panel_wr=0.939  data/checkpoints/ppo_v243_sc_league/ppo_iter0020_scripted.pt
  iter 0010: avg_panel_wr=0.915  data/checkpoints/ppo_v243_sc_league/ppo_iter0010_scripted.pt
[candidate] Models in tournament: ['ppo_v243_sc_league_iter0020:data/checkpoints/ppo_v243_sc_league/ppo_iter0020_scripted.pt', 'ppo_v243_sc_league_iter0010:data/checkpoints/ppo_v243_sc_league/ppo_iter0010_scripted.pt', 'v55:data/checkpoints/scripted_for_elo/v55_scripted.pt', 'v54:data/checkpoints/scripted_for_elo/v54_scripted.pt', 'v44:data/checkpoints/scripted_for_elo/v44_scripted.pt', 'v45:data/checkpoints/scripted_for_elo/v45_scripted.pt', 'v14:data/checkpoints/scripted_for_elo/v14_scripted.pt']
[candidate] Games per matchup: 150, anchor: v14=2015.0
[candidate] Running: /home/dkord/code/twilight-struggle-ai/.venv/bin/python3 scripts/run_elo_tournament.py --models ppo_v243_sc_league_iter0020:data/checkpoints/ppo_v243_sc_league/ppo_iter0020_scripted.pt ppo_v243_sc_league_iter0010:data/checkpoints/ppo_v243_sc_league/ppo_iter0010_scripted.pt v55:data/checkpoints/scripted_for_elo/v55_scripted.pt v54:data/checkpoints/scripted_for_elo/v54_scripted.pt v44:data/checkpoints/scripted_for_elo/v44_scripted.pt v45:data/checkpoints/scripted_for_elo/v45_scripted.pt v14:data/checkpoints/scripted_for_elo/v14_scripted.pt --games 150 --anchor v14 --anchor-elo 2015.0 --schedule round_robin --out data/checkpoints/ppo_v243_sc_league/candidate_tournament.json --script-dir data/checkpoints/scripted_for_elo

[candidate] Tournament results (candidates only):
  ppo_v243_sc_league_iter0020: Elo=1800.5 ← WINNER
  ppo_v243_sc_league_iter0010: Elo=1759.6
[candidate] ppo_best.pt ← data/checkpoints/ppo_v243_sc_league/ppo_iter0020.pt
[candidate] ppo_best_scripted.pt ← data/checkpoints/ppo_v243_sc_league/ppo_iter0020_scripted.pt

[candidate] Done. Winner: ppo_v243_sc_league_iter0020 (Elo=1800.5)
[candidate] Full tournament results: data/checkpoints/ppo_v243_sc_league/candidate_tournament.json
