Exporting checkpoints to TorchScript ...
  ppo_v253_sc_league_iter0020: already TorchScript, using directly
  ppo_v253_sc_league_iter0010: already TorchScript, using directly
Loaded 4778 match results from SQL match_cache

Match schedule (21 total, 6 new, 15 reused from prior run):
  ppo_v253_sc_league_iter0020 vs ppo_v253_sc_league_iter0010
  ppo_v253_sc_league_iter0020 vs v55
  ppo_v253_sc_league_iter0020 vs v54
  ppo_v253_sc_league_iter0020 vs v44
  ppo_v253_sc_league_iter0020 vs v45
  ppo_v253_sc_league_iter0020 vs v14
  ppo_v253_sc_league_iter0010 vs v55  [reuse]
  ppo_v253_sc_league_iter0010 vs v54  [reuse]
  ppo_v253_sc_league_iter0010 vs v44  [reuse]
  ppo_v253_sc_league_iter0010 vs v45  [reuse]
  ppo_v253_sc_league_iter0010 vs v14  [reuse]
  v55 vs v54  [reuse]
  v55 vs v44  [reuse]
  v55 vs v45  [reuse]
  v55 vs v14  [reuse]
  v54 vs v44  [reuse]
  v54 vs v45  [reuse]
  v54 vs v14  [reuse]
  v44 vs v45  [reuse]
  v44 vs v14  [reuse]
  v45 vs v14  [reuse]

[new 1/6] ppo_v253_sc_league_iter0020 vs ppo_v253_sc_league_iter0010 (150 games = 75/side, seed=88000) ...
  ppo_v253_sc_league_iter0020: 66(31u/35s)  ppo_v253_sc_league_iter0010: 79(40u/39s)  draws: 5  WR(ppo_v253_sc_league_iter0020)=0.457  t=7.1s

[new 2/6] ppo_v253_sc_league_iter0020 vs v55 (150 games = 75/side, seed=88150) ...
  ppo_v253_sc_league_iter0020: 26(23u/3s)  v55: 122(70u/52s)  draws: 2  WR(ppo_v253_sc_league_iter0020)=0.180  t=7.1s

[new 3/6] ppo_v253_sc_league_iter0020 vs v54 (150 games = 75/side, seed=88300) ...
  ppo_v253_sc_league_iter0020: 21(19u/2s)  v54: 129(73u/56s)  draws: 0  WR(ppo_v253_sc_league_iter0020)=0.140  t=7.3s

[new 4/6] ppo_v253_sc_league_iter0020 vs v44 (150 games = 75/side, seed=88450) ...
  ppo_v253_sc_league_iter0020: 18(12u/6s)  v44: 131(68u/63s)  draws: 1  WR(ppo_v253_sc_league_iter0020)=0.123  t=7.8s

[new 5/6] ppo_v253_sc_league_iter0020 vs v45 (150 games = 75/side, seed=88600) ...
  ppo_v253_sc_league_iter0020: 17(12u/5s)  v45: 133(70u/63s)  draws: 0  WR(ppo_v253_sc_league_iter0020)=0.113  t=7.6s

[new 6/6] ppo_v253_sc_league_iter0020 vs v14 (150 games = 75/side, seed=88750) ...
  ppo_v253_sc_league_iter0020: 24(18u/6s)  v14: 125(69u/56s)  draws: 1  WR(ppo_v253_sc_league_iter0020)=0.163  t=7.9s
  [reuse] ppo_v253_sc_league_iter0010 24(20u/4s) - 126(71u/55s) v55  draws=0  WR=0.160
  [reuse] ppo_v253_sc_league_iter0010 12(9u/3s) - 137(71u/66s) v54  draws=1  WR=0.083
  [reuse] ppo_v253_sc_league_iter0010 26(24u/2s) - 123(72u/51s) v44  draws=1  WR=0.177
  [reuse] ppo_v253_sc_league_iter0010 19(15u/4s) - 130(70u/60s) v45  draws=1  WR=0.130
  [reuse] ppo_v253_sc_league_iter0010 19(15u/4s) - 130(71u/59s) v14  draws=1  WR=0.130
  [reuse] v55 209(115u/94s) - 181(102u/79s) v54  draws=10  WR=0.535
  [reuse] v55 201(119u/82s) - 178(110u/68s) v44  draws=21  WR=0.529
  [reuse] v55 206(136u/70s) - 180(123u/57s) v45  draws=14  WR=0.532
  [reuse] v55 255(150u/105s) - 128(88u/40s) v14  draws=17  WR=0.659
  [reuse] v54 222(126u/96s) - 163(99u/64s) v44  draws=15  WR=0.574
  [reuse] v54 194(125u/69s) - 183(121u/62s) v45  draws=23  WR=0.514
  [reuse] v54 254(154u/100s) - 131(95u/36s) v14  draws=15  WR=0.654
  [reuse] v44 194(130u/64s) - 192(130u/62s) v45  draws=14  WR=0.502
  [reuse] v44 239(147u/92s) - 147(100u/47s) v14  draws=14  WR=0.615
  [reuse] v45 226(147u/79s) - 162(115u/47s) v14  draws=12  WR=0.580

Fitting BayesElo (combined) ...
Fitting BayesElo (bipartite per-side, anchor=v14_USSR=2015.0) ...

Model                   Elo    USSR*      US*    Gap                95% CI   vs anchor
  (* bipartite per-side, single anchor: v14_USSR=2015)
----------------------------------------------------------------------------------------
v55                    2117   2104   2023  +81  [  2100,   2134]  +102
v54                    2116   2091   2032  +59  [  2099,   2133]  +101
v45                    2091   2113   1959  +155  [  2074,   2107]  +76
v44                    2086   2073   1985  +88  [  2069,   2102]  +71
v14                    2015   2015   1889  +126  [  2015,   2015]  +0
ppo_v253_sc_league_iter0010   1767   1736   1646  +90  [  1737,   1798]  -248
ppo_v253_sc_league_iter0020   1760   1724   1647  +78  [  1729,   1791]  -255

Pair                              Obs WR   Bip WR   Comb WR   Bip err   Comb err
------------------------------------------------------------------------------------
ppo_v253_sc_league_iter0020 vs ppo_v253_sc_league_iter0010   0.457    0.493     0.489    -0.036     -0.032
ppo_v253_sc_league_iter0020 vs v55              0.180    0.110     0.114    +0.070     +0.066
ppo_v253_sc_league_iter0020 vs v54              0.140    0.109     0.114    +0.031     +0.026
ppo_v253_sc_league_iter0020 vs v44              0.123    0.131     0.133    -0.007     -0.010
ppo_v253_sc_league_iter0020 vs v45              0.113    0.135     0.130    -0.022     -0.016
ppo_v253_sc_league_iter0020 vs v14              0.163    0.193     0.187    -0.030     -0.024
ppo_v253_sc_league_iter0010 vs v55              0.160    0.114     0.118    +0.046     +0.042
ppo_v253_sc_league_iter0010 vs v54              0.083    0.113     0.119    -0.029     -0.035
ppo_v253_sc_league_iter0010 vs v44              0.177    0.136     0.138    +0.041     +0.039
ppo_v253_sc_league_iter0010 vs v45              0.130    0.140     0.135    -0.010     -0.005
ppo_v253_sc_league_iter0010 vs v14              0.130    0.200     0.194    -0.070     -0.064
v55            vs v54              0.535    0.502     0.501    +0.033     +0.034
v55            vs v44              0.529    0.546     0.545    -0.017     -0.016
v55            vs v45              0.532    0.535     0.538    -0.002     -0.005
v55            vs v14              0.659    0.643     0.642    +0.016     +0.016
v54            vs v44              0.574    0.544     0.543    +0.029     +0.030
v54            vs v45              0.514    0.533     0.536    -0.020     -0.023
v54            vs v14              0.654    0.643     0.641    +0.010     +0.013
v44            vs v45              0.502    0.491     0.493    +0.011     +0.010
v44            vs v14              0.615    0.600     0.600    +0.015     +0.015
v45            vs v14              0.580    0.602     0.607    -0.022     -0.027
------------------------------------------------------------------------------------
                                              RMSE    0.0325     0.0308
  (bipartite RMSE >= combined RMSE → bipartite model not better fit)

Saved to data/checkpoints/ppo_v253_sc_league/candidate_tournament.json
[sql] Tournament logged: round_robin_20260414T161128Z_ppo_v253_sc_league_iter0010_ppo_v253_sc_league_iter0020 → results/metadata.sqlite3

[candidate] Top-8 panel-eval candidates:
  iter 0020: avg_panel_wr=0.953  data/checkpoints/ppo_v253_sc_league/ppo_iter0020_scripted.pt
  iter 0010: avg_panel_wr=0.917  data/checkpoints/ppo_v253_sc_league/ppo_iter0010_scripted.pt
[candidate] Models in tournament: ['ppo_v253_sc_league_iter0020:data/checkpoints/ppo_v253_sc_league/ppo_iter0020_scripted.pt', 'ppo_v253_sc_league_iter0010:data/checkpoints/ppo_v253_sc_league/ppo_iter0010_scripted.pt', 'v55:data/checkpoints/scripted_for_elo/v55_scripted.pt', 'v54:data/checkpoints/scripted_for_elo/v54_scripted.pt', 'v44:data/checkpoints/scripted_for_elo/v44_scripted.pt', 'v45:data/checkpoints/scripted_for_elo/v45_scripted.pt', 'v14:data/checkpoints/scripted_for_elo/v14_scripted.pt']
[candidate] Games per matchup: 150, anchor: v14=2015.0
[candidate] Running: /home/dkord/code/twilight-struggle-ai/.venv/bin/python3 scripts/run_elo_tournament.py --models ppo_v253_sc_league_iter0020:data/checkpoints/ppo_v253_sc_league/ppo_iter0020_scripted.pt ppo_v253_sc_league_iter0010:data/checkpoints/ppo_v253_sc_league/ppo_iter0010_scripted.pt v55:data/checkpoints/scripted_for_elo/v55_scripted.pt v54:data/checkpoints/scripted_for_elo/v54_scripted.pt v44:data/checkpoints/scripted_for_elo/v44_scripted.pt v45:data/checkpoints/scripted_for_elo/v45_scripted.pt v14:data/checkpoints/scripted_for_elo/v14_scripted.pt --games 150 --anchor v14 --anchor-elo 2015.0 --schedule round_robin --out data/checkpoints/ppo_v253_sc_league/candidate_tournament.json --script-dir data/checkpoints/scripted_for_elo

[candidate] Tournament results (candidates only):
  ppo_v253_sc_league_iter0010: Elo=1767.5 ← WINNER
  ppo_v253_sc_league_iter0020: Elo=1759.9
[candidate] ppo_best.pt ← data/checkpoints/ppo_v253_sc_league/ppo_iter0010.pt
[candidate] ppo_best_scripted.pt ← data/checkpoints/ppo_v253_sc_league/ppo_iter0010_scripted.pt

[candidate] Done. Winner: ppo_v253_sc_league_iter0010 (Elo=1767.5)
[candidate] Full tournament results: data/checkpoints/ppo_v253_sc_league/candidate_tournament.json
