Exporting checkpoints to TorchScript ...
  ppo_v227_sc_league_iter0020: already TorchScript, using directly
  ppo_v227_sc_league_iter0010: already TorchScript, using directly
Loaded 4269 match results from SQL match_cache

Match schedule (21 total, 6 new, 15 reused from prior run):
  ppo_v227_sc_league_iter0020 vs ppo_v227_sc_league_iter0010
  ppo_v227_sc_league_iter0020 vs v55
  ppo_v227_sc_league_iter0020 vs v54
  ppo_v227_sc_league_iter0020 vs v44
  ppo_v227_sc_league_iter0020 vs v45
  ppo_v227_sc_league_iter0020 vs v14
  ppo_v227_sc_league_iter0010 vs v55  [reuse]
  ppo_v227_sc_league_iter0010 vs v54  [reuse]
  ppo_v227_sc_league_iter0010 vs v44  [reuse]
  ppo_v227_sc_league_iter0010 vs v45  [reuse]
  ppo_v227_sc_league_iter0010 vs v14  [reuse]
  v55 vs v54  [reuse]
  v55 vs v44  [reuse]
  v55 vs v45  [reuse]
  v55 vs v14  [reuse]
  v54 vs v44  [reuse]
  v54 vs v45  [reuse]
  v54 vs v14  [reuse]
  v44 vs v45  [reuse]
  v44 vs v14  [reuse]
  v45 vs v14  [reuse]

[new 1/6] ppo_v227_sc_league_iter0020 vs ppo_v227_sc_league_iter0010 (150 games = 75/side, seed=88000) ...
  ppo_v227_sc_league_iter0020: 67(39u/28s)  ppo_v227_sc_league_iter0010: 80(46u/34s)  draws: 3  WR(ppo_v227_sc_league_iter0020)=0.457  t=7.6s

[new 2/6] ppo_v227_sc_league_iter0020 vs v55 (150 games = 75/side, seed=88150) ...
  ppo_v227_sc_league_iter0020: 25(19u/6s)  v55: 125(69u/56s)  draws: 0  WR(ppo_v227_sc_league_iter0020)=0.167  t=7.5s

[new 3/6] ppo_v227_sc_league_iter0020 vs v54 (150 games = 75/side, seed=88300) ...
  ppo_v227_sc_league_iter0020: 19(15u/4s)  v54: 130(71u/59s)  draws: 1  WR(ppo_v227_sc_league_iter0020)=0.130  t=7.4s

[new 4/6] ppo_v227_sc_league_iter0020 vs v44 (150 games = 75/side, seed=88450) ...
  ppo_v227_sc_league_iter0020: 24(18u/6s)  v44: 125(68u/57s)  draws: 1  WR(ppo_v227_sc_league_iter0020)=0.163  t=7.3s

[new 5/6] ppo_v227_sc_league_iter0020 vs v45 (150 games = 75/side, seed=88600) ...
  ppo_v227_sc_league_iter0020: 16(12u/4s)  v45: 134(71u/63s)  draws: 0  WR(ppo_v227_sc_league_iter0020)=0.107  t=8.0s

[new 6/6] ppo_v227_sc_league_iter0020 vs v14 (150 games = 75/side, seed=88750) ...
  ppo_v227_sc_league_iter0020: 24(18u/6s)  v14: 125(69u/56s)  draws: 1  WR(ppo_v227_sc_league_iter0020)=0.163  t=7.6s
  [reuse] ppo_v227_sc_league_iter0010 25(20u/5s) - 124(69u/55s) v55  draws=1  WR=0.170
  [reuse] ppo_v227_sc_league_iter0010 19(14u/5s) - 131(70u/61s) v54  draws=0  WR=0.127
  [reuse] ppo_v227_sc_league_iter0010 23(18u/5s) - 125(69u/56s) v44  draws=2  WR=0.160
  [reuse] ppo_v227_sc_league_iter0010 21(15u/6s) - 126(67u/59s) v45  draws=3  WR=0.150
  [reuse] ppo_v227_sc_league_iter0010 45(33u/12s) - 105(63u/42s) v14  draws=0  WR=0.300
  [reuse] v55 209(115u/94s) - 181(102u/79s) v54  draws=10  WR=0.535
  [reuse] v55 201(119u/82s) - 178(110u/68s) v44  draws=21  WR=0.529
  [reuse] v55 206(136u/70s) - 180(123u/57s) v45  draws=14  WR=0.532
  [reuse] v55 255(150u/105s) - 128(88u/40s) v14  draws=17  WR=0.659
  [reuse] v54 222(126u/96s) - 163(99u/64s) v44  draws=15  WR=0.574
  [reuse] v54 194(125u/69s) - 183(121u/62s) v45  draws=23  WR=0.514
  [reuse] v54 254(154u/100s) - 131(95u/36s) v14  draws=15  WR=0.654
  [reuse] v44 194(130u/64s) - 192(130u/62s) v45  draws=14  WR=0.502
  [reuse] v44 239(147u/92s) - 147(100u/47s) v14  draws=14  WR=0.615
  [reuse] v45 226(147u/79s) - 162(115u/47s) v14  draws=12  WR=0.580

Fitting BayesElo (combined) ...
Fitting BayesElo (bipartite per-side, anchor=v14_USSR=2015.0) ...

Model                   Elo    USSR*      US*    Gap                95% CI   vs anchor
  (* bipartite per-side, single anchor: v14_USSR=2015)
----------------------------------------------------------------------------------------
v55                    2125   2102   2030  +72  [  2108,   2142]  +110
v54                    2122   2091   2035  +56  [  2105,   2139]  +107
v45                    2098   2116   1963  +152  [  2082,   2115]  +83
v44                    2093   2074   1990  +84  [  2076,   2109]  +78
v14                    2015   2015   1878  +137  [  2015,   2015]  +0
ppo_v227_sc_league_iter0010   1820   1789   1690  +99  [  1792,   1848]  -195
ppo_v227_sc_league_iter0020   1782   1745   1656  +89  [  1752,   1812]  -233

Pair                              Obs WR   Bip WR   Comb WR   Bip err   Comb err
------------------------------------------------------------------------------------
ppo_v227_sc_league_iter0020 vs ppo_v227_sc_league_iter0010   0.457    0.448     0.445    +0.009     +0.012
ppo_v227_sc_league_iter0020 vs v55              0.167    0.117     0.122    +0.050     +0.045
ppo_v227_sc_league_iter0020 vs v54              0.130    0.117     0.123    +0.013     +0.007
ppo_v227_sc_league_iter0020 vs v44              0.163    0.140     0.143    +0.024     +0.020
ppo_v227_sc_league_iter0020 vs v45              0.107    0.144     0.139    -0.037     -0.032
ppo_v227_sc_league_iter0020 vs v14              0.163    0.215     0.207    -0.052     -0.044
ppo_v227_sc_league_iter0010 vs v55              0.170    0.143     0.147    +0.027     +0.023
ppo_v227_sc_league_iter0010 vs v54              0.127    0.143     0.149    -0.016     -0.023
ppo_v227_sc_league_iter0010 vs v44              0.160    0.169     0.172    -0.009     -0.012
ppo_v227_sc_league_iter0010 vs v45              0.150    0.174     0.168    -0.024     -0.018
ppo_v227_sc_league_iter0010 vs v14              0.300    0.255     0.246    +0.045     +0.054
v55            vs v54              0.535    0.505     0.504    +0.030     +0.031
v55            vs v44              0.529    0.547     0.546    -0.018     -0.017
v55            vs v45              0.532    0.535     0.538    -0.002     -0.006
v55            vs v14              0.659    0.653     0.653    +0.005     +0.006
v54            vs v44              0.574    0.543     0.542    +0.031     +0.031
v54            vs v45              0.514    0.531     0.534    -0.017     -0.021
v54            vs v14              0.654    0.651     0.650    +0.003     +0.004
v44            vs v45              0.502    0.490     0.492    +0.012     +0.010
v44            vs v14              0.615    0.610     0.610    +0.005     +0.005
v45            vs v14              0.580    0.612     0.618    -0.032     -0.038
------------------------------------------------------------------------------------
                                              RMSE    0.0266     0.0261
  (bipartite RMSE >= combined RMSE → bipartite model not better fit)

Saved to data/checkpoints/ppo_v227_sc_league/candidate_tournament.json
[sql] Tournament logged: round_robin_20260414T123014Z_ppo_v227_sc_league_iter0010_ppo_v227_sc_league_iter0020 → results/metadata.sqlite3

[candidate] Top-8 panel-eval candidates:
  iter 0020: avg_panel_wr=0.985  data/checkpoints/ppo_v227_sc_league/ppo_iter0020_scripted.pt
  iter 0010: avg_panel_wr=0.954  data/checkpoints/ppo_v227_sc_league/ppo_iter0010_scripted.pt
[candidate] Models in tournament: ['ppo_v227_sc_league_iter0020:data/checkpoints/ppo_v227_sc_league/ppo_iter0020_scripted.pt', 'ppo_v227_sc_league_iter0010:data/checkpoints/ppo_v227_sc_league/ppo_iter0010_scripted.pt', 'v55:data/checkpoints/scripted_for_elo/v55_scripted.pt', 'v54:data/checkpoints/scripted_for_elo/v54_scripted.pt', 'v44:data/checkpoints/scripted_for_elo/v44_scripted.pt', 'v45:data/checkpoints/scripted_for_elo/v45_scripted.pt', 'v14:data/checkpoints/scripted_for_elo/v14_scripted.pt']
[candidate] Games per matchup: 150, anchor: v14=2015.0
[candidate] Running: /home/dkord/code/twilight-struggle-ai/.venv/bin/python3 scripts/run_elo_tournament.py --models ppo_v227_sc_league_iter0020:data/checkpoints/ppo_v227_sc_league/ppo_iter0020_scripted.pt ppo_v227_sc_league_iter0010:data/checkpoints/ppo_v227_sc_league/ppo_iter0010_scripted.pt v55:data/checkpoints/scripted_for_elo/v55_scripted.pt v54:data/checkpoints/scripted_for_elo/v54_scripted.pt v44:data/checkpoints/scripted_for_elo/v44_scripted.pt v45:data/checkpoints/scripted_for_elo/v45_scripted.pt v14:data/checkpoints/scripted_for_elo/v14_scripted.pt --games 150 --anchor v14 --anchor-elo 2015.0 --schedule round_robin --out data/checkpoints/ppo_v227_sc_league/candidate_tournament.json --script-dir data/checkpoints/scripted_for_elo

[candidate] Tournament results (candidates only):
  ppo_v227_sc_league_iter0010: Elo=1820.1 ← WINNER
  ppo_v227_sc_league_iter0020: Elo=1781.6
[candidate] ppo_best.pt ← data/checkpoints/ppo_v227_sc_league/ppo_iter0010.pt
[candidate] ppo_best_scripted.pt ← data/checkpoints/ppo_v227_sc_league/ppo_iter0010_scripted.pt

[candidate] Done. Winner: ppo_v227_sc_league_iter0010 (Elo=1820.1)
[candidate] Full tournament results: data/checkpoints/ppo_v227_sc_league/candidate_tournament.json
