Exporting checkpoints to TorchScript ...
  ppo_v180_sc_league_iter0020: already TorchScript, using directly
  ppo_v180_sc_league_iter0010: already TorchScript, using directly
Loaded 3403 match results from SQL match_cache

Match schedule (21 total, 6 new, 15 reused from prior run):
  ppo_v180_sc_league_iter0020 vs ppo_v180_sc_league_iter0010
  ppo_v180_sc_league_iter0020 vs v55
  ppo_v180_sc_league_iter0020 vs v54
  ppo_v180_sc_league_iter0020 vs v44
  ppo_v180_sc_league_iter0020 vs v45
  ppo_v180_sc_league_iter0020 vs v14
  ppo_v180_sc_league_iter0010 vs v55  [reuse]
  ppo_v180_sc_league_iter0010 vs v54  [reuse]
  ppo_v180_sc_league_iter0010 vs v44  [reuse]
  ppo_v180_sc_league_iter0010 vs v45  [reuse]
  ppo_v180_sc_league_iter0010 vs v14  [reuse]
  v55 vs v54  [reuse]
  v55 vs v44  [reuse]
  v55 vs v45  [reuse]
  v55 vs v14  [reuse]
  v54 vs v44  [reuse]
  v54 vs v45  [reuse]
  v54 vs v14  [reuse]
  v44 vs v45  [reuse]
  v44 vs v14  [reuse]
  v45 vs v14  [reuse]

[new 1/6] ppo_v180_sc_league_iter0020 vs ppo_v180_sc_league_iter0010 (150 games = 75/side, seed=88000) ...
  ppo_v180_sc_league_iter0020: 63(43u/20s)  ppo_v180_sc_league_iter0010: 79(51u/28s)  draws: 8  WR(ppo_v180_sc_league_iter0020)=0.447  t=7.9s

[new 2/6] ppo_v180_sc_league_iter0020 vs v55 (150 games = 75/side, seed=88150) ...
  ppo_v180_sc_league_iter0020: 20(13u/7s)  v55: 130(68u/62s)  draws: 0  WR(ppo_v180_sc_league_iter0020)=0.133  t=6.0s

[new 3/6] ppo_v180_sc_league_iter0020 vs v54 (150 games = 75/side, seed=88300) ...
  ppo_v180_sc_league_iter0020: 14(9u/5s)  v54: 134(68u/66s)  draws: 2  WR(ppo_v180_sc_league_iter0020)=0.100  t=7.2s

[new 4/6] ppo_v180_sc_league_iter0020 vs v44 (150 games = 75/side, seed=88450) ...
  ppo_v180_sc_league_iter0020: 21(12u/9s)  v44: 128(66u/62s)  draws: 1  WR(ppo_v180_sc_league_iter0020)=0.143  t=6.9s

[new 5/6] ppo_v180_sc_league_iter0020 vs v45 (150 games = 75/side, seed=88600) ...
  ppo_v180_sc_league_iter0020: 19(11u/8s)  v45: 129(66u/63s)  draws: 2  WR(ppo_v180_sc_league_iter0020)=0.133  t=7.0s

[new 6/6] ppo_v180_sc_league_iter0020 vs v14 (150 games = 75/side, seed=88750) ...
  ppo_v180_sc_league_iter0020: 21(12u/9s)  v14: 127(64u/63s)  draws: 2  WR(ppo_v180_sc_league_iter0020)=0.147  t=7.4s
  [reuse] ppo_v180_sc_league_iter0010 13(9u/4s) - 137(71u/66s) v55  draws=0  WR=0.087
  [reuse] ppo_v180_sc_league_iter0010 14(10u/4s) - 133(68u/65s) v54  draws=3  WR=0.103
  [reuse] ppo_v180_sc_league_iter0010 18(11u/7s) - 129(65u/64s) v44  draws=3  WR=0.130
  [reuse] ppo_v180_sc_league_iter0010 24(11u/13s) - 125(61u/64s) v45  draws=1  WR=0.163
  [reuse] ppo_v180_sc_league_iter0010 22(8u/14s) - 122(57u/65s) v14  draws=6  WR=0.167
  [reuse] v55 209(115u/94s) - 181(102u/79s) v54  draws=10  WR=0.535
  [reuse] v55 201(119u/82s) - 178(110u/68s) v44  draws=21  WR=0.529
  [reuse] v55 206(136u/70s) - 180(123u/57s) v45  draws=14  WR=0.532
  [reuse] v55 255(150u/105s) - 128(88u/40s) v14  draws=17  WR=0.659
  [reuse] v54 222(126u/96s) - 163(99u/64s) v44  draws=15  WR=0.574
  [reuse] v54 194(125u/69s) - 183(121u/62s) v45  draws=23  WR=0.514
  [reuse] v54 254(154u/100s) - 131(95u/36s) v14  draws=15  WR=0.654
  [reuse] v44 194(130u/64s) - 192(130u/62s) v45  draws=14  WR=0.502
  [reuse] v44 239(147u/92s) - 147(100u/47s) v14  draws=14  WR=0.615
  [reuse] v45 226(147u/79s) - 162(115u/47s) v14  draws=12  WR=0.580

Fitting BayesElo (combined) ...
Fitting BayesElo (bipartite per-side, anchor=v14_USSR=2015.0) ...

Model                   Elo    USSR*      US*    Gap                95% CI   vs anchor
  (* bipartite per-side, single anchor: v14_USSR=2015)
----------------------------------------------------------------------------------------
v55                    2124   2110   2041  +69  [  2107,   2141]  +109
v54                    2119   2100   2039  +60  [  2102,   2136]  +104
v45                    2089   2115   1963  +151  [  2072,   2106]  +74
v44                    2088   2077   1997  +81  [  2071,   2105]  +73
v14                    2015   2015   1901  +114  [  2015,   2015]  +0
ppo_v180_sc_league_iter0010   1754   1694   1695  -1  [  1723,   1786]  -261
ppo_v180_sc_league_iter0020   1739   1707   1643  +64  [  1708,   1771]  -276

Pair                              Obs WR   Bip WR   Comb WR   Bip err   Comb err
------------------------------------------------------------------------------------
ppo_v180_sc_league_iter0020 vs ppo_v180_sc_league_iter0010   0.447    0.472     0.479    -0.025     -0.032
ppo_v180_sc_league_iter0020 vs v55              0.133    0.096     0.099    +0.037     +0.035
ppo_v180_sc_league_iter0020 vs v54              0.100    0.098     0.101    +0.002     -0.001
ppo_v180_sc_league_iter0020 vs v44              0.143    0.117     0.118    +0.026     +0.025
ppo_v180_sc_league_iter0020 vs v45              0.133    0.124     0.118    +0.009     +0.015
ppo_v180_sc_league_iter0020 vs v14              0.147    0.176     0.170    -0.029     -0.023
ppo_v180_sc_league_iter0010 vs v55              0.087    0.102     0.106    -0.015     -0.020
ppo_v180_sc_league_iter0010 vs v54              0.103    0.105     0.109    -0.001     -0.006
ppo_v180_sc_league_iter0010 vs v44              0.130    0.124     0.128    +0.006     +0.002
ppo_v180_sc_league_iter0010 vs v45              0.163    0.129     0.127    +0.035     +0.036
ppo_v180_sc_league_iter0010 vs v14              0.167    0.185     0.182    -0.018     -0.016
v55            vs v54              0.535    0.508     0.508    +0.027     +0.027
v55            vs v44              0.529    0.552     0.551    -0.024     -0.022
v55            vs v45              0.532    0.547     0.550    -0.015     -0.017
v55            vs v14              0.659    0.653     0.652    +0.006     +0.007
v54            vs v44              0.574    0.545     0.544    +0.029     +0.030
v54            vs v45              0.514    0.540     0.542    -0.026     -0.029
v54            vs v14              0.654    0.647     0.645    +0.007     +0.009
v44            vs v45              0.502    0.497     0.499    +0.005     +0.004
v44            vs v14              0.615    0.604     0.604    +0.011     +0.011
v45            vs v14              0.580    0.600     0.605    -0.020     -0.025
------------------------------------------------------------------------------------
                                              RMSE    0.0208     0.0216
  (bipartite RMSE < combined RMSE → bipartite model better fit)

Saved to data/checkpoints/ppo_v180_sc_league/candidate_tournament.json
[sql] Tournament logged: round_robin_20260414T021804Z_ppo_v180_sc_league_iter0010_ppo_v180_sc_league_iter0020 → results/metadata.sqlite3

[candidate] Top-8 panel-eval candidates:
  iter 0020: avg_panel_wr=0.966  data/checkpoints/ppo_v180_sc_league/ppo_iter0020_scripted.pt
  iter 0010: avg_panel_wr=0.937  data/checkpoints/ppo_v180_sc_league/ppo_iter0010_scripted.pt
[candidate] Models in tournament: ['ppo_v180_sc_league_iter0020:data/checkpoints/ppo_v180_sc_league/ppo_iter0020_scripted.pt', 'ppo_v180_sc_league_iter0010:data/checkpoints/ppo_v180_sc_league/ppo_iter0010_scripted.pt', 'v55:data/checkpoints/scripted_for_elo/v55_scripted.pt', 'v54:data/checkpoints/scripted_for_elo/v54_scripted.pt', 'v44:data/checkpoints/scripted_for_elo/v44_scripted.pt', 'v45:data/checkpoints/scripted_for_elo/v45_scripted.pt', 'v14:data/checkpoints/scripted_for_elo/v14_scripted.pt']
[candidate] Games per matchup: 150, anchor: v14=2015.0
[candidate] Running: /home/dkord/code/twilight-struggle-ai/.venv/bin/python3 scripts/run_elo_tournament.py --models ppo_v180_sc_league_iter0020:data/checkpoints/ppo_v180_sc_league/ppo_iter0020_scripted.pt ppo_v180_sc_league_iter0010:data/checkpoints/ppo_v180_sc_league/ppo_iter0010_scripted.pt v55:data/checkpoints/scripted_for_elo/v55_scripted.pt v54:data/checkpoints/scripted_for_elo/v54_scripted.pt v44:data/checkpoints/scripted_for_elo/v44_scripted.pt v45:data/checkpoints/scripted_for_elo/v45_scripted.pt v14:data/checkpoints/scripted_for_elo/v14_scripted.pt --games 150 --anchor v14 --anchor-elo 2015.0 --schedule round_robin --out data/checkpoints/ppo_v180_sc_league/candidate_tournament.json --script-dir data/checkpoints/scripted_for_elo

[candidate] Tournament results (candidates only):
  ppo_v180_sc_league_iter0010: Elo=1754.2 ← WINNER
  ppo_v180_sc_league_iter0020: Elo=1739.4
[candidate] ppo_best.pt ← data/checkpoints/ppo_v180_sc_league/ppo_iter0010.pt
[candidate] ppo_best_scripted.pt ← data/checkpoints/ppo_v180_sc_league/ppo_iter0010_scripted.pt

[candidate] Done. Winner: ppo_v180_sc_league_iter0010 (Elo=1754.2)
[candidate] Full tournament results: data/checkpoints/ppo_v180_sc_league/candidate_tournament.json
