=== ELO update: adding v52 ===
Exporting checkpoints to TorchScript ...
  heuristic: built-in heuristic (no export needed)
Loaded 734 match results from cache results/matches/

Match schedule (300 total, 24 new, 276 reused from prior run):
  heuristic vs v10  [reuse]
  heuristic vs v11  [reuse]
  heuristic vs v12  [reuse]
  heuristic vs v13  [reuse]
  heuristic vs v14  [reuse]
  heuristic vs v15  [reuse]
  heuristic vs v16  [reuse]
  heuristic vs v17  [reuse]
  heuristic vs v18  [reuse]
  heuristic vs v19  [reuse]
  heuristic vs v20  [reuse]
  heuristic vs v21  [reuse]
  heuristic vs v22  [reuse]
  heuristic vs v44  [reuse]
  heuristic vs v45  [reuse]
  heuristic vs v46  [reuse]
  heuristic vs v47  [reuse]
  heuristic vs v48  [reuse]
  heuristic vs v49  [reuse]
  heuristic vs v50  [reuse]
  heuristic vs v51  [reuse]
  heuristic vs v52
  heuristic vs v8  [reuse]
  heuristic vs v9  [reuse]
  v10 vs v11  [reuse]
  v10 vs v12  [reuse]
  v10 vs v13  [reuse]
  v10 vs v14  [reuse]
  v10 vs v15  [reuse]
  v10 vs v16  [reuse]
  v10 vs v17  [reuse]
  v10 vs v18  [reuse]
  v10 vs v19  [reuse]
  v10 vs v20  [reuse]
  v10 vs v21  [reuse]
  v10 vs v22  [reuse]
  v10 vs v44  [reuse]
  v10 vs v45  [reuse]
  v10 vs v46  [reuse]
  v10 vs v47  [reuse]
  v10 vs v48  [reuse]
  v10 vs v49  [reuse]
  v10 vs v50  [reuse]
  v10 vs v51  [reuse]
  v10 vs v52
  v10 vs v8  [reuse]
  v10 vs v9  [reuse]
  v11 vs v12  [reuse]
  v11 vs v13  [reuse]
  v11 vs v14  [reuse]
  v11 vs v15  [reuse]
  v11 vs v16  [reuse]
  v11 vs v17  [reuse]
  v11 vs v18  [reuse]
  v11 vs v19  [reuse]
  v11 vs v20  [reuse]
  v11 vs v21  [reuse]
  v11 vs v22  [reuse]
  v11 vs v44  [reuse]
  v11 vs v45  [reuse]
  v11 vs v46  [reuse]
  v11 vs v47  [reuse]
  v11 vs v48  [reuse]
  v11 vs v49  [reuse]
  v11 vs v50  [reuse]
  v11 vs v51  [reuse]
  v11 vs v52
  v11 vs v8  [reuse]
  v11 vs v9  [reuse]
  v12 vs v13  [reuse]
  v12 vs v14  [reuse]
  v12 vs v15  [reuse]
  v12 vs v16  [reuse]
  v12 vs v17  [reuse]
  v12 vs v18  [reuse]
  v12 vs v19  [reuse]
  v12 vs v20  [reuse]
  v12 vs v21  [reuse]
  v12 vs v22  [reuse]
  v12 vs v44  [reuse]
  v12 vs v45  [reuse]
  v12 vs v46  [reuse]
  v12 vs v47  [reuse]
  v12 vs v48  [reuse]
  v12 vs v49  [reuse]
  v12 vs v50  [reuse]
  v12 vs v51  [reuse]
  v12 vs v52
  v12 vs v8  [reuse]
  v12 vs v9  [reuse]
  v13 vs v14  [reuse]
  v13 vs v15  [reuse]
  v13 vs v16  [reuse]
  v13 vs v17  [reuse]
  v13 vs v18  [reuse]
  v13 vs v19  [reuse]
  v13 vs v20  [reuse]
  v13 vs v21  [reuse]
  v13 vs v22  [reuse]
  v13 vs v44  [reuse]
  v13 vs v45  [reuse]
  v13 vs v46  [reuse]
  v13 vs v47  [reuse]
  v13 vs v48  [reuse]
  v13 vs v49  [reuse]
  v13 vs v50  [reuse]
  v13 vs v51  [reuse]
  v13 vs v52
  v13 vs v8  [reuse]
  v13 vs v9  [reuse]
  v14 vs v15  [reuse]
  v14 vs v16  [reuse]
  v14 vs v17  [reuse]
  v14 vs v18  [reuse]
  v14 vs v19  [reuse]
  v14 vs v20  [reuse]
  v14 vs v21  [reuse]
  v14 vs v22  [reuse]
  v14 vs v44  [reuse]
  v14 vs v45  [reuse]
  v14 vs v46  [reuse]
  v14 vs v47  [reuse]
  v14 vs v48  [reuse]
  v14 vs v49  [reuse]
  v14 vs v50  [reuse]
  v14 vs v51  [reuse]
  v14 vs v52
  v14 vs v8  [reuse]
  v14 vs v9  [reuse]
  v15 vs v16  [reuse]
  v15 vs v17  [reuse]
  v15 vs v18  [reuse]
  v15 vs v19  [reuse]
  v15 vs v20  [reuse]
  v15 vs v21  [reuse]
  v15 vs v22  [reuse]
  v15 vs v44  [reuse]
  v15 vs v45  [reuse]
  v15 vs v46  [reuse]
  v15 vs v47  [reuse]
  v15 vs v48  [reuse]
  v15 vs v49  [reuse]
  v15 vs v50  [reuse]
  v15 vs v51  [reuse]
  v15 vs v52
  v15 vs v8  [reuse]
  v15 vs v9  [reuse]
  v16 vs v17  [reuse]
  v16 vs v18  [reuse]
  v16 vs v19  [reuse]
  v16 vs v20  [reuse]
  v16 vs v21  [reuse]
  v16 vs v22  [reuse]
  v16 vs v44  [reuse]
  v16 vs v45  [reuse]
  v16 vs v46  [reuse]
  v16 vs v47  [reuse]
  v16 vs v48  [reuse]
  v16 vs v49  [reuse]
  v16 vs v50  [reuse]
  v16 vs v51  [reuse]
  v16 vs v52
  v16 vs v8  [reuse]
  v16 vs v9  [reuse]
  v17 vs v18  [reuse]
  v17 vs v19  [reuse]
  v17 vs v20  [reuse]
  v17 vs v21  [reuse]
  v17 vs v22  [reuse]
  v17 vs v44  [reuse]
  v17 vs v45  [reuse]
  v17 vs v46  [reuse]
  v17 vs v47  [reuse]
  v17 vs v48  [reuse]
  v17 vs v49  [reuse]
  v17 vs v50  [reuse]
  v17 vs v51  [reuse]
  v17 vs v52
  v17 vs v8  [reuse]
  v17 vs v9  [reuse]
  v18 vs v19  [reuse]
  v18 vs v20  [reuse]
  v18 vs v21  [reuse]
  v18 vs v22  [reuse]
  v18 vs v44  [reuse]
  v18 vs v45  [reuse]
  v18 vs v46  [reuse]
  v18 vs v47  [reuse]
  v18 vs v48  [reuse]
  v18 vs v49  [reuse]
  v18 vs v50  [reuse]
  v18 vs v51  [reuse]
  v18 vs v52
  v18 vs v8  [reuse]
  v18 vs v9  [reuse]
  v19 vs v20  [reuse]
  v19 vs v21  [reuse]
  v19 vs v22  [reuse]
  v19 vs v44  [reuse]
  v19 vs v45  [reuse]
  v19 vs v46  [reuse]
  v19 vs v47  [reuse]
  v19 vs v48  [reuse]
  v19 vs v49  [reuse]
  v19 vs v50  [reuse]
  v19 vs v51  [reuse]
  v19 vs v52
  v19 vs v8  [reuse]
  v19 vs v9  [reuse]
  v20 vs v21  [reuse]
  v20 vs v22  [reuse]
  v20 vs v44  [reuse]
  v20 vs v45  [reuse]
  v20 vs v46  [reuse]
  v20 vs v47  [reuse]
  v20 vs v48  [reuse]
  v20 vs v49  [reuse]
  v20 vs v50  [reuse]
  v20 vs v51  [reuse]
  v20 vs v52
  v20 vs v8  [reuse]
  v20 vs v9  [reuse]
  v21 vs v22  [reuse]
  v21 vs v44  [reuse]
  v21 vs v45  [reuse]
  v21 vs v46  [reuse]
  v21 vs v47  [reuse]
  v21 vs v48  [reuse]
  v21 vs v49  [reuse]
  v21 vs v50  [reuse]
  v21 vs v51  [reuse]
  v21 vs v52
  v21 vs v8  [reuse]
  v21 vs v9  [reuse]
  v22 vs v44  [reuse]
  v22 vs v45  [reuse]
  v22 vs v46  [reuse]
  v22 vs v47  [reuse]
  v22 vs v48  [reuse]
  v22 vs v49  [reuse]
  v22 vs v50  [reuse]
  v22 vs v51  [reuse]
  v22 vs v52
  v22 vs v8  [reuse]
  v22 vs v9  [reuse]
  v44 vs v45  [reuse]
  v44 vs v46  [reuse]
  v44 vs v47  [reuse]
  v44 vs v48  [reuse]
  v44 vs v49  [reuse]
  v44 vs v50  [reuse]
  v44 vs v51  [reuse]
  v44 vs v52
  v44 vs v8  [reuse]
  v44 vs v9  [reuse]
  v45 vs v46  [reuse]
  v45 vs v47  [reuse]
  v45 vs v48  [reuse]
  v45 vs v49  [reuse]
  v45 vs v50  [reuse]
  v45 vs v51  [reuse]
  v45 vs v52
  v45 vs v8  [reuse]
  v45 vs v9  [reuse]
  v46 vs v47  [reuse]
  v46 vs v48  [reuse]
  v46 vs v49  [reuse]
  v46 vs v50  [reuse]
  v46 vs v51  [reuse]
  v46 vs v52
  v46 vs v8  [reuse]
  v46 vs v9  [reuse]
  v47 vs v48  [reuse]
  v47 vs v49  [reuse]
  v47 vs v50  [reuse]
  v47 vs v51  [reuse]
  v47 vs v52
  v47 vs v8  [reuse]
  v47 vs v9  [reuse]
  v48 vs v49  [reuse]
  v48 vs v50  [reuse]
  v48 vs v51  [reuse]
  v48 vs v52
  v48 vs v8  [reuse]
  v48 vs v9  [reuse]
  v49 vs v50  [reuse]
  v49 vs v51  [reuse]
  v49 vs v52
  v49 vs v8  [reuse]
  v49 vs v9  [reuse]
  v50 vs v51  [reuse]
  v50 vs v52
  v50 vs v8  [reuse]
  v50 vs v9  [reuse]
  v51 vs v52
  v51 vs v8  [reuse]
  v51 vs v9  [reuse]
  v52 vs v8
  v52 vs v9
  v8 vs v9  [reuse]
  [reuse] heuristic 45(37u/8s) - 351(192u/159s) v10  draws=4  WR=0.117
  [reuse] heuristic 69(60u/9s) - 327(191u/136s) v11  draws=4  WR=0.177
  [reuse] heuristic 42(21u/21s) - 157(78u/79s) v12  draws=1  WR=0.212
  [reuse] heuristic 84(73u/11s) - 308(188u/120s) v13  draws=8  WR=0.220
  [reuse] heuristic 64(32u/32s) - 329(164u/165s) v14  draws=7  WR=0.169
  [reuse] heuristic 37(30u/7s) - 360(191u/169s) v15  draws=3  WR=0.096
  [reuse] heuristic 59(50u/9s) - 339(190u/149s) v16  draws=2  WR=0.150
  [reuse] heuristic 43(37u/6s) - 353(192u/161s) v17  draws=4  WR=0.113
  [reuse] heuristic 33(32u/1s) - 362(198u/164s) v18  draws=5  WR=0.089
  [reuse] heuristic 53(26u/27s) - 345(172u/173s) v19  draws=2  WR=0.135
  [reuse] heuristic 47(34u/13s) - 351(186u/165s) v20  draws=2  WR=0.120
  [reuse] heuristic 47(44u/3s) - 349(197u/152s) v21  draws=4  WR=0.122
  [reuse] heuristic 45(22u/23s) - 350(175u/175s) v22  draws=5  WR=0.119
  [reuse] heuristic 50(42u/8s) - 343(190u/153s) v44  draws=7  WR=0.134
  [reuse] heuristic 51(43u/8s) - 343(192u/151s) v45  draws=6  WR=0.135
  [reuse] heuristic 50(44u/6s) - 350(194u/156s) v46  draws=0  WR=0.125
  [reuse] heuristic 36(30u/6s) - 361(191u/170s) v47  draws=3  WR=0.094
  [reuse] heuristic 42(29u/13s) - 356(187u/169s) v48  draws=2  WR=0.107
  [reuse] heuristic 59(42u/17s) - 338(182u/156s) v49  draws=3  WR=0.151
  [reuse] heuristic 67(45u/22s) - 322(177u/145s) v50  draws=11  WR=0.181
  [reuse] heuristic 100(83u/17s) - 287(182u/105s) v51  draws=13  WR=0.266

[new 1/24] heuristic vs v52 (400 games = 200/side, seed=88000) ...
  heuristic: 119(95u/24s)  v52: 271(176u/95s)  draws: 10  WR(heuristic)=0.310  t=32.7s
  [reuse] heuristic 20(10u/10s) - 176(88u/88s) v8  draws=4  WR=0.110
  [reuse] heuristic 76(64u/12s) - 317(187u/130s) v9  draws=7  WR=0.199
  [reuse] v10 157(117u/40s) - 230(154u/76s) v11  draws=13  WR=0.409
  [reuse] v10 149(114u/35s) - 235(159u/76s) v12  draws=16  WR=0.393
  [reuse] v10 155(116u/39s) - 238(157u/81s) v13  draws=7  WR=0.396
  [reuse] v10 153(112u/41s) - 229(154u/75s) v14  draws=18  WR=0.405
  [reuse] v10 126(97u/29s) - 259(166u/93s) v15  draws=15  WR=0.334
  [reuse] v10 143(115u/28s) - 241(165u/76s) v16  draws=16  WR=0.378
  [reuse] v10 141(107u/34s) - 248(164u/84s) v17  draws=11  WR=0.366
  [reuse] v10 134(107u/27s) - 251(166u/85s) v18  draws=15  WR=0.354
  [reuse] v10 136(92u/44s) - 245(149u/96s) v19  draws=19  WR=0.364
  [reuse] v10 147(105u/42s) - 240(154u/86s) v20  draws=13  WR=0.384
  [reuse] v10 143(101u/42s) - 243(156u/87s) v21  draws=14  WR=0.375
  [reuse] v10 100(80u/20s) - 285(175u/110s) v22  draws=15  WR=0.269
  [reuse] v10 117(83u/34s) - 263(159u/104s) v44  draws=20  WR=0.318
  [reuse] v10 120(85u/35s) - 264(159u/105s) v45  draws=16  WR=0.320
  [reuse] v10 94(68u/26s) - 288(167u/121s) v46  draws=18  WR=0.258
  [reuse] v10 120(88u/32s) - 270(163u/107s) v47  draws=10  WR=0.312
  [reuse] v10 96(68u/28s) - 290(166u/124s) v48  draws=14  WR=0.258
  [reuse] v10 116(82u/34s) - 267(158u/109s) v49  draws=17  WR=0.311
  [reuse] v10 135(89u/46s) - 256(152u/104s) v50  draws=9  WR=0.349
  [reuse] v10 157(101u/56s) - 226(140u/86s) v51  draws=17  WR=0.414

[new 2/24] v10 vs v52 (400 games = 200/side, seed=88400) ...
  v10: 169(116u/53s)  v52: 220(141u/79s)  draws: 11  WR(v10)=0.436  t=21.5s
  [reuse] v10 207(161u/46s) - 179(144u/35s) v8  draws=14  WR=0.535
  [reuse] v10 198(145u/53s) - 187(139u/48s) v9  draws=15  WR=0.514
  [reuse] v11 162(120u/42s) - 222(151u/71s) v12  draws=16  WR=0.425
  [reuse] v11 189(127u/62s) - 203(135u/68s) v13  draws=8  WR=0.482
  [reuse] v11 169(121u/48s) - 216(144u/72s) v14  draws=15  WR=0.441
  [reuse] v11 149(107u/42s) - 235(152u/83s) v15  draws=16  WR=0.393
  [reuse] v11 157(114u/43s) - 230(149u/81s) v16  draws=13  WR=0.409
  [reuse] v11 155(109u/46s) - 236(150u/86s) v17  draws=9  WR=0.399
  [reuse] v11 148(118u/30s) - 240(167u/73s) v18  draws=12  WR=0.385
  [reuse] v11 132(94u/38s) - 254(154u/100s) v19  draws=14  WR=0.347
  [reuse] v11 119(89u/30s) - 272(168u/104s) v20  draws=9  WR=0.309
  [reuse] v11 130(93u/37s) - 253(155u/98s) v21  draws=17  WR=0.346
  [reuse] v11 129(99u/30s) - 254(162u/92s) v22  draws=17  WR=0.344
  [reuse] v11 126(83u/43s) - 265(155u/110s) v44  draws=9  WR=0.326
  [reuse] v11 112(81u/31s) - 267(160u/107s) v45  draws=21  WR=0.306
  [reuse] v11 134(98u/36s) - 252(159u/93s) v46  draws=14  WR=0.352
  [reuse] v11 124(91u/33s) - 265(164u/101s) v47  draws=11  WR=0.324
  [reuse] v11 129(94u/35s) - 255(154u/101s) v48  draws=16  WR=0.343
  [reuse] v11 137(100u/37s) - 246(152u/94s) v49  draws=17  WR=0.364
  [reuse] v11 144(96u/48s) - 238(146u/92s) v50  draws=18  WR=0.383
  [reuse] v11 164(112u/52s) - 214(140u/74s) v51  draws=22  WR=0.438

[new 3/24] v11 vs v52 (400 games = 200/side, seed=88800) ...
  v11: 155(119u/36s)  v52: 226(156u/70s)  draws: 19  WR(v11)=0.411  t=21.4s
  [reuse] v11 247(155u/92s) - 146(104u/42s) v8  draws=7  WR=0.626
  [reuse] v11 218(157u/61s) - 167(128u/39s) v9  draws=15  WR=0.564
  [reuse] v12 201(133u/68s) - 187(127u/60s) v13  draws=12  WR=0.517
  [reuse] v12 177(88u/89s) - 209(104u/105s) v14  draws=14  WR=0.460
  [reuse] v12 151(100u/51s) - 238(143u/95s) v15  draws=11  WR=0.391
  [reuse] v12 151(110u/41s) - 239(154u/85s) v16  draws=10  WR=0.390
  [reuse] v12 167(122u/45s) - 223(151u/72s) v17  draws=10  WR=0.430
  [reuse] v12 158(116u/42s) - 227(149u/78s) v18  draws=15  WR=0.414
  [reuse] v12 142(71u/71s) - 244(122u/122s) v19  draws=14  WR=0.372
  [reuse] v12 149(113u/36s) - 240(161u/79s) v20  draws=11  WR=0.386
  [reuse] v12 170(118u/52s) - 220(144u/76s) v21  draws=10  WR=0.438
  [reuse] v12 146(73u/73s) - 240(120u/120s) v22  draws=14  WR=0.383
  [reuse] v12 137(95u/42s) - 247(151u/96s) v44  draws=16  WR=0.362
  [reuse] v12 151(100u/51s) - 234(142u/92s) v45  draws=15  WR=0.396
  [reuse] v12 139(99u/40s) - 247(151u/96s) v46  draws=14  WR=0.365
  [reuse] v12 142(102u/40s) - 247(152u/95s) v47  draws=11  WR=0.369
  [reuse] v12 148(105u/43s) - 236(147u/89s) v48  draws=16  WR=0.390
  [reuse] v12 149(105u/44s) - 234(145u/89s) v49  draws=17  WR=0.394
  [reuse] v12 159(116u/43s) - 229(151u/78s) v50  draws=12  WR=0.412
  [reuse] v12 191(138u/53s) - 197(141u/56s) v51  draws=12  WR=0.492

[new 4/24] v12 vs v52 (400 games = 200/side, seed=89200) ...
  v12: 186(129u/57s)  v52: 204(136u/68s)  draws: 10  WR(v12)=0.477  t=20.5s
  [reuse] v12 121(60u/61s) - 75(37u/38s) v8  draws=4  WR=0.615
  [reuse] v12 217(146u/71s) - 178(126u/52s) v9  draws=5  WR=0.549
  [reuse] v13 188(120u/68s) - 200(125u/75s) v14  draws=12  WR=0.485
  [reuse] v13 158(115u/43s) - 228(151u/77s) v15  draws=14  WR=0.412
  [reuse] v13 163(111u/52s) - 220(138u/82s) v16  draws=17  WR=0.429
  [reuse] v13 158(108u/50s) - 237(148u/89s) v17  draws=5  WR=0.401
  [reuse] v13 149(108u/41s) - 240(151u/89s) v18  draws=11  WR=0.386
  [reuse] v13 151(104u/47s) - 226(140u/86s) v19  draws=23  WR=0.406
  [reuse] v13 150(108u/42s) - 244(155u/89s) v20  draws=6  WR=0.383
  [reuse] v13 156(116u/40s) - 235(158u/77s) v21  draws=9  WR=0.401
  [reuse] v13 131(104u/27s) - 250(165u/85s) v22  draws=19  WR=0.351
  [reuse] v13 156(112u/44s) - 237(153u/84s) v44  draws=7  WR=0.399
  [reuse] v13 118(92u/26s) - 269(173u/96s) v45  draws=13  WR=0.311
  [reuse] v13 142(113u/29s) - 241(159u/82s) v46  draws=17  WR=0.376
  [reuse] v13 147(106u/41s) - 242(153u/89s) v47  draws=11  WR=0.381
  [reuse] v13 130(88u/42s) - 263(154u/109s) v48  draws=7  WR=0.334
  [reuse] v13 147(102u/45s) - 242(149u/93s) v49  draws=11  WR=0.381
  [reuse] v13 156(111u/45s) - 220(144u/76s) v50  draws=24  WR=0.420
  [reuse] v13 195(135u/60s) - 195(137u/58s) v51  draws=10  WR=0.500

[new 5/24] v13 vs v52 (400 games = 200/side, seed=89600) ...
  v13: 218(145u/73s)  v52: 173(123u/50s)  draws: 9  WR(v13)=0.556  t=21.0s
  [reuse] v13 237(153u/84s) - 157(112u/45s) v8  draws=6  WR=0.600
  [reuse] v13 222(153u/69s) - 169(128u/41s) v9  draws=9  WR=0.566
  [reuse] v14 179(132u/47s) - 206(146u/60s) v15  draws=15  WR=0.466
  [reuse] v14 163(116u/47s) - 218(142u/76s) v16  draws=19  WR=0.431
  [reuse] v14 169(111u/58s) - 213(134u/79s) v17  draws=18  WR=0.445
  [reuse] v14 155(98u/57s) - 229(136u/93s) v18  draws=16  WR=0.407
  [reuse] v14 153(76u/77s) - 230(115u/115s) v19  draws=17  WR=0.404
  [reuse] v14 158(110u/48s) - 227(145u/82s) v20  draws=15  WR=0.414
  [reuse] v14 147(105u/42s) - 238(150u/88s) v21  draws=15  WR=0.386
  [reuse] v14 140(70u/70s) - 241(120u/121s) v22  draws=19  WR=0.374
  [reuse] v14 147(100u/47s) - 239(147u/92s) v44  draws=14  WR=0.385
  [reuse] v14 162(115u/47s) - 226(147u/79s) v45  draws=12  WR=0.420
  [reuse] v14 139(97u/42s) - 246(151u/95s) v46  draws=15  WR=0.366
  [reuse] v14 141(87u/54s) - 240(135u/105s) v47  draws=19  WR=0.376
  [reuse] v14 127(80u/47s) - 253(145u/108s) v48  draws=20  WR=0.343
  [reuse] v14 149(88u/61s) - 232(131u/101s) v49  draws=19  WR=0.396
  [reuse] v14 147(95u/52s) - 239(142u/97s) v50  draws=14  WR=0.385
  [reuse] v14 202(119u/83s) - 176(111u/65s) v51  draws=22  WR=0.532

[new 6/24] v14 vs v52 (400 games = 200/side, seed=90000) ...
  v14: 198(120u/78s)  v52: 181(115u/66s)  draws: 21  WR(v14)=0.521  t=21.9s
  [reuse] v14 247(123u/124s) - 137(68u/69s) v8  draws=16  WR=0.637
  [reuse] v14 249(163u/86s) - 138(108u/30s) v9  draws=13  WR=0.639
  [reuse] v15 193(128u/65s) - 188(125u/63s) v16  draws=19  WR=0.506
  [reuse] v15 170(115u/55s) - 212(139u/73s) v17  draws=18  WR=0.448
  [reuse] v15 182(124u/58s) - 206(135u/71s) v18  draws=12  WR=0.470
  [reuse] v15 166(115u/51s) - 223(142u/81s) v19  draws=11  WR=0.429
  [reuse] v15 159(106u/53s) - 223(140u/83s) v20  draws=18  WR=0.420
  [reuse] v15 175(122u/53s) - 210(138u/72s) v21  draws=15  WR=0.456
  [reuse] v15 156(91u/65s) - 223(125u/98s) v22  draws=21  WR=0.416
  [reuse] v15 151(100u/51s) - 233(142u/91s) v44  draws=16  WR=0.398
  [reuse] v15 154(105u/49s) - 225(143u/82s) v45  draws=21  WR=0.411
  [reuse] v15 159(104u/55s) - 225(138u/87s) v46  draws=16  WR=0.417
  [reuse] v15 172(110u/62s) - 213(130u/83s) v47  draws=15  WR=0.449
  [reuse] v15 171(113u/58s) - 214(139u/75s) v48  draws=15  WR=0.446
  [reuse] v15 159(114u/45s) - 230(147u/83s) v49  draws=11  WR=0.411
  [reuse] v15 189(126u/63s) - 192(129u/63s) v50  draws=19  WR=0.496
  [reuse] v15 213(133u/80s) - 169(113u/56s) v51  draws=18  WR=0.555

[new 7/24] v15 vs v52 (400 games = 200/side, seed=90400) ...
  v15: 238(146u/92s)  v52: 152(102u/50s)  draws: 10  WR(v15)=0.608  t=21.3s
  [reuse] v15 275(167u/108s) - 116(85u/31s) v8  draws=9  WR=0.699
  [reuse] v15 267(169u/98s) - 122(92u/30s) v9  draws=11  WR=0.681
  [reuse] v16 178(126u/52s) - 206(139u/67s) v17  draws=16  WR=0.465
  [reuse] v16 173(112u/61s) - 217(136u/81s) v18  draws=10  WR=0.445
  [reuse] v16 180(116u/64s) - 203(126u/77s) v19  draws=17  WR=0.471
  [reuse] v16 161(112u/49s) - 229(146u/83s) v20  draws=10  WR=0.415
  [reuse] v16 144(95u/49s) - 240(146u/94s) v21  draws=16  WR=0.380
  [reuse] v16 157(96u/61s) - 233(137u/96s) v22  draws=10  WR=0.405
  [reuse] v16 143(96u/47s) - 241(142u/99s) v44  draws=16  WR=0.378
  [reuse] v16 151(105u/46s) - 228(146u/82s) v45  draws=21  WR=0.404
  [reuse] v16 162(109u/53s) - 226(140u/86s) v46  draws=12  WR=0.420
  [reuse] v16 155(105u/50s) - 221(137u/84s) v47  draws=24  WR=0.417
  [reuse] v16 142(86u/56s) - 240(134u/106s) v48  draws=18  WR=0.378
  [reuse] v16 157(102u/55s) - 226(136u/90s) v49  draws=17  WR=0.414
  [reuse] v16 175(113u/62s) - 207(132u/75s) v50  draws=18  WR=0.460
  [reuse] v16 207(131u/76s) - 180(116u/64s) v51  draws=13  WR=0.534

[new 8/24] v16 vs v52 (400 games = 200/side, seed=90800) ...
  v16: 209(127u/82s)  v52: 170(114u/56s)  draws: 21  WR(v16)=0.549  t=21.0s
  [reuse] v16 282(162u/120s) - 109(77u/32s) v8  draws=9  WR=0.716
  [reuse] v16 251(161u/90s) - 137(101u/36s) v9  draws=12  WR=0.642
  [reuse] v17 187(128u/59s) - 199(138u/61s) v18  draws=14  WR=0.485
  [reuse] v17 165(107u/58s) - 218(135u/83s) v19  draws=17  WR=0.434
  [reuse] v17 164(111u/53s) - 214(137u/77s) v20  draws=22  WR=0.438
  [reuse] v17 175(128u/47s) - 209(146u/63s) v21  draws=16  WR=0.458
  [reuse] v17 168(113u/55s) - 219(141u/78s) v22  draws=13  WR=0.436
  [reuse] v17 177(119u/58s) - 210(135u/75s) v44  draws=13  WR=0.459
  [reuse] v17 176(123u/53s) - 211(139u/72s) v45  draws=13  WR=0.456
  [reuse] v17 176(128u/48s) - 211(144u/67s) v46  draws=13  WR=0.456
  [reuse] v17 157(109u/48s) - 226(143u/83s) v47  draws=17  WR=0.414
  [reuse] v17 185(118u/67s) - 202(127u/75s) v48  draws=13  WR=0.479
  [reuse] v17 187(126u/61s) - 204(134u/70s) v49  draws=9  WR=0.479
  [reuse] v17 197(130u/67s) - 190(128u/62s) v50  draws=13  WR=0.509
  [reuse] v17 225(138u/87s) - 157(105u/52s) v51  draws=18  WR=0.585

[new 9/24] v17 vs v52 (400 games = 200/side, seed=91200) ...
  v17: 224(140u/84s)  v52: 164(109u/55s)  draws: 12  WR(v17)=0.575  t=20.4s
  [reuse] v17 276(170u/106s) - 113(87u/26s) v8  draws=11  WR=0.704
  [reuse] v17 281(174u/107s) - 109(86u/23s) v9  draws=10  WR=0.715
  [reuse] v18 186(123u/63s) - 197(123u/74s) v19  draws=17  WR=0.486
  [reuse] v18 171(123u/48s) - 207(144u/63s) v20  draws=22  WR=0.455
  [reuse] v18 161(114u/47s) - 228(149u/79s) v21  draws=11  WR=0.416
  [reuse] v18 146(96u/50s) - 238(144u/94s) v22  draws=16  WR=0.385
  [reuse] v18 179(112u/67s) - 202(124u/78s) v44  draws=19  WR=0.471
  [reuse] v18 166(114u/52s) - 213(138u/75s) v45  draws=21  WR=0.441
  [reuse] v18 152(105u/47s) - 223(137u/86s) v46  draws=25  WR=0.411
  [reuse] v18 143(94u/49s) - 243(142u/101s) v47  draws=14  WR=0.375
  [reuse] v18 163(97u/66s) - 221(127u/94s) v48  draws=16  WR=0.427
  [reuse] v18 180(112u/68s) - 207(122u/85s) v49  draws=13  WR=0.466
  [reuse] v18 178(110u/68s) - 204(119u/85s) v50  draws=18  WR=0.468
  [reuse] v18 203(121u/82s) - 180(113u/67s) v51  draws=17  WR=0.529

[new 10/24] v18 vs v52 (400 games = 200/side, seed=91600) ...
  v18: 223(144u/79s)  v52: 161(112u/49s)  draws: 16  WR(v18)=0.578  t=20.6s
  [reuse] v18 266(167u/99s) - 123(94u/29s) v8  draws=11  WR=0.679
  [reuse] v18 258(171u/87s) - 133(108u/25s) v9  draws=9  WR=0.656
  [reuse] v19 192(124u/68s) - 187(119u/68s) v20  draws=21  WR=0.506
  [reuse] v19 183(114u/69s) - 198(125u/73s) v21  draws=19  WR=0.481
  [reuse] v19 178(89u/89s) - 210(105u/105s) v22  draws=12  WR=0.460
  [reuse] v19 172(112u/60s) - 216(138u/78s) v44  draws=12  WR=0.445
  [reuse] v19 173(125u/48s) - 206(142u/64s) v45  draws=21  WR=0.459
  [reuse] v19 166(110u/56s) - 217(133u/84s) v46  draws=17  WR=0.436
  [reuse] v19 156(98u/58s) - 224(134u/90s) v47  draws=20  WR=0.415
  [reuse] v19 173(112u/61s) - 211(132u/79s) v48  draws=16  WR=0.453
  [reuse] v19 196(123u/73s) - 184(118u/66s) v49  draws=20  WR=0.515
  [reuse] v19 201(114u/87s) - 183(104u/79s) v50  draws=16  WR=0.522
  [reuse] v19 210(117u/93s) - 169(99u/70s) v51  draws=21  WR=0.551

[new 11/24] v19 vs v52 (400 games = 200/side, seed=92000) ...
  v19: 231(127u/104s)  v52: 147(89u/58s)  draws: 22  WR(v19)=0.605  t=21.6s
  [reuse] v19 279(139u/140s) - 108(54u/54s) v8  draws=13  WR=0.714
  [reuse] v19 259(161u/98s) - 128(94u/34s) v9  draws=13  WR=0.664
  [reuse] v20 181(126u/55s) - 203(137u/66s) v21  draws=16  WR=0.472
  [reuse] v20 187(116u/71s) - 204(125u/79s) v22  draws=9  WR=0.479
  [reuse] v20 169(111u/58s) - 213(134u/79s) v44  draws=18  WR=0.445
  [reuse] v20 182(129u/53s) - 208(141u/67s) v45  draws=10  WR=0.468
  [reuse] v20 169(105u/64s) - 214(127u/87s) v46  draws=17  WR=0.444
  [reuse] v20 176(105u/71s) - 210(120u/90s) v47  draws=14  WR=0.458
  [reuse] v20 165(99u/66s) - 215(121u/94s) v48  draws=20  WR=0.438
  [reuse] v20 166(111u/55s) - 219(135u/84s) v49  draws=15  WR=0.434
  [reuse] v20 191(126u/65s) - 194(130u/64s) v50  draws=15  WR=0.496
  [reuse] v20 225(135u/90s) - 154(97u/57s) v51  draws=21  WR=0.589

[new 12/24] v20 vs v52 (400 games = 200/side, seed=92400) ...
  v20: 234(132u/102s)  v52: 155(93u/62s)  draws: 11  WR(v20)=0.599  t=21.7s
  [reuse] v20 280(175u/105s) - 106(86u/20s) v8  draws=14  WR=0.718
  [reuse] v20 257(167u/90s) - 124(97u/27s) v9  draws=19  WR=0.666
  [reuse] v21 181(118u/63s) - 201(125u/76s) v22  draws=18  WR=0.475
  [reuse] v21 181(108u/73s) - 207(119u/88s) v44  draws=12  WR=0.468
  [reuse] v21 173(111u/62s) - 207(131u/76s) v45  draws=20  WR=0.458
  [reuse] v21 176(112u/64s) - 214(132u/82s) v46  draws=10  WR=0.453
  [reuse] v21 196(122u/74s) - 189(116u/73s) v47  draws=15  WR=0.509
  [reuse] v21 205(134u/71s) - 179(120u/59s) v48  draws=16  WR=0.532
  [reuse] v21 179(110u/69s) - 199(119u/80s) v49  draws=22  WR=0.475
  [reuse] v21 179(110u/69s) - 207(125u/82s) v50  draws=14  WR=0.465
  [reuse] v21 231(131u/100s) - 151(90u/61s) v51  draws=18  WR=0.600

[new 13/24] v21 vs v52 (400 games = 200/side, seed=92800) ...
  v21: 246(151u/95s)  v52: 140(99u/41s)  draws: 14  WR(v21)=0.632  t=21.9s
  [reuse] v21 291(176u/115s) - 100(81u/19s) v8  draws=9  WR=0.739
  [reuse] v21 274(170u/104s) - 113(88u/25s) v9  draws=13  WR=0.701
  [reuse] v22 188(111u/77s) - 200(119u/81s) v44  draws=12  WR=0.485
  [reuse] v22 180(114u/66s) - 202(127u/75s) v45  draws=18  WR=0.472
  [reuse] v22 184(110u/74s) - 198(119u/79s) v46  draws=18  WR=0.482
  [reuse] v22 177(105u/72s) - 205(117u/88s) v47  draws=18  WR=0.465
  [reuse] v22 180(113u/67s) - 206(127u/79s) v48  draws=14  WR=0.468
  [reuse] v22 197(125u/72s) - 186(120u/66s) v49  draws=17  WR=0.514
  [reuse] v22 203(122u/81s) - 180(109u/71s) v50  draws=17  WR=0.529
  [reuse] v22 223(135u/88s) - 159(105u/54s) v51  draws=18  WR=0.580

[new 14/24] v22 vs v52 (400 games = 200/side, seed=93200) ...
  v22: 234(134u/100s)  v52: 147(92u/55s)  draws: 19  WR(v22)=0.609  t=21.1s
  [reuse] v22 282(141u/141s) - 109(54u/55s) v8  draws=9  WR=0.716
  [reuse] v22 253(166u/87s) - 134(105u/29s) v9  draws=13  WR=0.649
  [reuse] v44 194(130u/64s) - 192(130u/62s) v45  draws=14  WR=0.502
  [reuse] v44 190(102u/88s) - 190(101u/89s) v46  draws=20  WR=0.500
  [reuse] v44 201(121u/80s) - 180(112u/68s) v47  draws=19  WR=0.526
  [reuse] v44 177(104u/73s) - 204(118u/86s) v48  draws=19  WR=0.466
  [reuse] v44 207(119u/88s) - 179(106u/73s) v49  draws=14  WR=0.535
  [reuse] v44 218(116u/102s) - 168(91u/77s) v50  draws=14  WR=0.562
  [reuse] v44 250(133u/117s) - 140(78u/62s) v51  draws=10  WR=0.637

[new 15/24] v44 vs v52 (400 games = 200/side, seed=93600) ...
  v44: 250(141u/109s)  v52: 139(82u/57s)  draws: 11  WR(v44)=0.639  t=21.4s
  [reuse] v44 300(173u/127s) - 93(69u/24s) v8  draws=7  WR=0.759
  [reuse] v44 281(171u/110s) - 103(78u/25s) v9  draws=16  WR=0.723
  [reuse] v45 189(130u/59s) - 194(137u/57s) v46  draws=17  WR=0.494
  [reuse] v45 209(130u/79s) - 175(111u/64s) v47  draws=16  WR=0.542
  [reuse] v45 202(121u/81s) - 182(108u/74s) v48  draws=16  WR=0.525
  [reuse] v45 207(132u/75s) - 185(120u/65s) v49  draws=8  WR=0.527
  [reuse] v45 220(127u/93s) - 167(100u/67s) v50  draws=13  WR=0.566
  [reuse] v45 228(138u/90s) - 157(104u/53s) v51  draws=15  WR=0.589

[new 16/24] v45 vs v52 (400 games = 200/side, seed=94000) ...
  v45: 249(155u/94s)  v52: 131(95u/36s)  draws: 20  WR(v45)=0.647  t=21.3s
  [reuse] v45 304(180u/124s) - 81(65u/16s) v8  draws=15  WR=0.779
  [reuse] v45 277(172u/105s) - 113(87u/26s) v9  draws=10  WR=0.705
  [reuse] v46 200(122u/78s) - 192(117u/75s) v47  draws=8  WR=0.510
  [reuse] v46 189(113u/76s) - 198(121u/77s) v48  draws=13  WR=0.489
  [reuse] v46 184(115u/69s) - 199(121u/78s) v49  draws=17  WR=0.481
  [reuse] v46 217(124u/93s) - 167(100u/67s) v50  draws=16  WR=0.562
  [reuse] v46 241(140u/101s) - 145(91u/54s) v51  draws=14  WR=0.620

[new 17/24] v46 vs v52 (400 games = 200/side, seed=94400) ...
  v46: 249(145u/104s)  v52: 136(90u/46s)  draws: 15  WR(v46)=0.641  t=20.5s
  [reuse] v46 297(167u/130s) - 93(62u/31s) v8  draws=10  WR=0.755
  [reuse] v46 284(169u/115s) - 104(79u/25s) v9  draws=12  WR=0.725
  [reuse] v47 197(111u/86s) - 181(106u/75s) v48  draws=22  WR=0.520
  [reuse] v47 199(110u/89s) - 183(103u/80s) v49  draws=18  WR=0.520
  [reuse] v47 192(104u/88s) - 190(104u/86s) v50  draws=18  WR=0.502
  [reuse] v47 230(129u/101s) - 151(89u/62s) v51  draws=19  WR=0.599

[new 18/24] v47 vs v52 (400 games = 200/side, seed=94800) ...
  v47: 248(138u/110s)  v52: 136(82u/54s)  draws: 16  WR(v47)=0.640  t=21.6s
  [reuse] v47 291(165u/126s) - 100(70u/30s) v8  draws=9  WR=0.739
  [reuse] v47 271(155u/116s) - 116(77u/39s) v9  draws=13  WR=0.694
  [reuse] v48 190(106u/84s) - 191(105u/86s) v49  draws=19  WR=0.499
  [reuse] v48 214(116u/98s) - 174(98u/76s) v50  draws=12  WR=0.550
  [reuse] v48 228(122u/106s) - 158(88u/70s) v51  draws=14  WR=0.588

[new 19/24] v48 vs v52 (400 games = 200/side, seed=95200) ...
  v48: 248(143u/105s)  v52: 133(87u/46s)  draws: 19  WR(v48)=0.644  t=21.3s
  [reuse] v48 293(166u/127s) - 99(69u/30s) v8  draws=8  WR=0.743
  [reuse] v48 264(153u/111s) - 123(84u/39s) v9  draws=13  WR=0.676
  [reuse] v49 184(107u/77s) - 203(117u/86s) v50  draws=13  WR=0.476
  [reuse] v49 220(120u/100s) - 171(97u/74s) v51  draws=9  WR=0.561

[new 20/24] v49 vs v52 (400 games = 200/side, seed=95600) ...
  v49: 239(137u/102s)  v52: 147(94u/53s)  draws: 14  WR(v49)=0.615  t=21.7s
  [reuse] v49 289(169u/120s) - 97(71u/26s) v8  draws=14  WR=0.740
  [reuse] v49 264(154u/110s) - 126(86u/40s) v9  draws=10  WR=0.672
  [reuse] v50 227(127u/100s) - 162(99u/63s) v51  draws=11  WR=0.581

[new 21/24] v50 vs v52 (400 games = 200/side, seed=96000) ...
  v50: 245(133u/112s)  v52: 140(81u/59s)  draws: 15  WR(v50)=0.631  t=21.6s
  [reuse] v50 272(159u/113s) - 111(75u/36s) v8  draws=17  WR=0.701
  [reuse] v50 267(156u/111s) - 121(84u/37s) v9  draws=12  WR=0.682

[new 22/24] v51 vs v52 (400 games = 200/side, seed=96400) ...
  v51: 189(118u/71s)  v52: 197(121u/76s)  draws: 14  WR(v51)=0.490  t=21.9s
  [reuse] v51 238(151u/87s) - 151(107u/44s) v8  draws=11  WR=0.609
  [reuse] v51 225(151u/74s) - 160(114u/46s) v9  draws=15  WR=0.581

[new 23/24] v52 vs v8 (400 games = 200/side, seed=96800) ...
  v52: 243(148u/95s)  v8: 147(99u/48s)  draws: 10  WR(v52)=0.620  t=22.0s

[new 24/24] v52 vs v9 (400 games = 200/side, seed=97200) ...
  v52: 205(124u/81s)  v9: 183(114u/69s)  draws: 12  WR(v52)=0.527  t=22.4s
  [reuse] v8 164(136u/28s) - 226(171u/55s) v9  draws=10  WR=0.422

Fitting BayesElo (combined) ...
Fitting BayesElo (bipartite per-side, anchor=v14_USSR=2015.0) ...

Model                   Elo    USSR*      US*    Gap                95% CI   vs anchor
  (* bipartite per-side, single anchor: v14_USSR=2015)
----------------------------------------------------------------------------------------
v46                    2108  -307229689  146256171786  -146563401475  [  2101,   2115]  +93
v45                    2108  -136278318  83300836258  -83437114576  [  2101,   2115]  +93
v44                    2106  -655087099  152527324006  -153182411105  [  2099,   2114]  +91
v48                    2104  -1095862207  188076849702  -189172711909  [  2097,   2112]  +89
v47                    2103  -864713738  142835226734  -143699940472  [  2096,   2111]  +88
v22                    2097  -1635107347  119327337962  -120962445310  [  2090,   2105]  +82
v49                    2089  -1568476177  85192405450  -86760881626  [  2081,   2096]  +74
v21                    2088  -501901207  25965690731  -26467591938  [  2080,   2095]  +73
v20                    2079  -875782744  13735305767  -14611088511  [  2071,   2086]  +64
v19                    2076  -4565634088  47014612386  -51580246474  [  2069,   2083]  +61
v50                    2074  -4986035867  37954351600  -42940387467  [  2066,   2081]  +59
v17                    2065  -1038554512  2956215630  -3994770142  [  2057,   2072]  +50
v18                    2058  -2399864983  2719599353  -5119464337  [  2051,   2066]  +43
v15                    2053  -3158611531  1666078594  -4824690125  [  2045,   2060]  +38
v16                    2040  -8197646516  858996649  -9056643165  [  2033,   2047]  +25
v14                    2015   2015  1862533161288139  -1862533161286124  [  2015,   2015]  +0
v51                    2014  -51721348946  461503461  -52182852407  [  2007,   2022]  -1
v12                    2004  -3149940940884  52278176  -3149993219060  [  1996,   2011]  -11
v13                    2000  -40629829835  13875950  -40643705784  [  1993,   2007]  -15
v52                    1996  -85959368179  91332391  -86050700570  [  1988,   2003]  -19
v11                    1977  -124537154587  3971947  -124541126534  [  1970,   1984]  -38
v10                    1952  -286873769654  1104074  -286874873728  [  1945,   1959]  -63
v9                     1948  -408764648075  742771  -408765390847  [  1941,   1955]  -67
v8                     1912  -3400008623517  639002  -3400009262520  [  1905,   1920]  -103
heuristic              1737  -2001093849  14163  -2001108012  [  1727,   1747]  -278

Pair                              Obs WR   Bip WR   Comb WR   Bip err   Comb err
------------------------------------------------------------------------------------
heuristic      vs v10              0.117    0.500     0.225    -0.383     -0.108
heuristic      vs v11              0.177    0.500     0.201    -0.323     -0.023
heuristic      vs v12              0.212    0.500     0.177    -0.287     +0.035
heuristic      vs v13              0.220    0.500     0.181    -0.280     +0.039
heuristic      vs v14              0.169    0.500     0.168    -0.331     +0.001
heuristic      vs v15              0.096    0.500     0.140    -0.404     -0.044
heuristic      vs v16              0.150    0.500     0.149    -0.350     +0.001
heuristic      vs v17              0.113    0.500     0.132    -0.388     -0.019
heuristic      vs v18              0.089    0.500     0.136    -0.411     -0.047
heuristic      vs v19              0.135    0.500     0.125    -0.365     +0.010
heuristic      vs v20              0.120    0.500     0.123    -0.380     -0.003
heuristic      vs v21              0.122    0.500     0.117    -0.378     +0.005
heuristic      vs v22              0.119    0.500     0.112    -0.381     +0.007
heuristic      vs v44              0.134    0.500     0.107    -0.366     +0.027
heuristic      vs v45              0.135    0.500     0.106    -0.365     +0.029
heuristic      vs v46              0.125    0.500     0.106    -0.375     +0.019
heuristic      vs v47              0.094    0.500     0.108    -0.406     -0.015
heuristic      vs v48              0.107    0.500     0.108    -0.393     -0.000
heuristic      vs v49              0.151    0.500     0.117    -0.349     +0.034
heuristic      vs v50              0.181    0.500     0.126    -0.319     +0.055
heuristic      vs v51              0.266    0.500     0.169    -0.234     +0.097
heuristic      vs v52              0.310    0.500     0.184    -0.190     +0.126
heuristic      vs v8               0.110    0.500     0.267    -0.390     -0.157
heuristic      vs v9               0.199    0.500     0.229    -0.301     -0.030
v10            vs v11              0.409    0.500     0.464    -0.091     -0.055
v10            vs v12              0.393    0.500     0.426    -0.107     -0.034
v10            vs v13              0.396    0.500     0.431    -0.104     -0.035
v10            vs v14              0.405    0.500     0.410    -0.095     -0.005
v10            vs v15              0.334    0.500     0.359    -0.166     -0.025
v10            vs v16              0.378    0.500     0.376    -0.122     +0.001
v10            vs v17              0.366    0.500     0.343    -0.134     +0.023
v10            vs v18              0.354    0.500     0.352    -0.146     +0.002
v10            vs v19              0.364    0.500     0.329    -0.136     +0.035
v10            vs v20              0.384    0.500     0.325    -0.116     +0.058
v10            vs v21              0.375    0.500     0.314    -0.125     +0.061
v10            vs v22              0.269    0.500     0.302    -0.231     -0.034
v10            vs v44              0.318    0.500     0.291    -0.182     +0.026
v10            vs v45              0.320    0.500     0.289    -0.180     +0.031
v10            vs v46              0.258    0.500     0.289    -0.242     -0.032
v10            vs v47              0.312    0.500     0.295    -0.188     +0.018
v10            vs v48              0.258    0.500     0.294    -0.242     -0.036
v10            vs v49              0.311    0.500     0.313    -0.189     -0.002
v10            vs v50              0.349    0.500     0.332    -0.151     +0.017
v10            vs v51              0.414    0.500     0.411    -0.086     +0.003
v10            vs v52              0.436    0.500     0.437    -0.064     -0.001
v10            vs v8               0.535    0.500     0.557    +0.035     -0.022
v10            vs v9               0.514    0.500     0.506    +0.014     +0.008
v11            vs v12              0.425    0.500     0.462    -0.075     -0.037
v11            vs v13              0.482    0.500     0.467    -0.018     +0.015
v11            vs v14              0.441    0.500     0.446    -0.059     -0.004
v11            vs v15              0.393    0.500     0.393    -0.107     -0.000
v11            vs v16              0.409    0.500     0.411    -0.091     -0.002
v11            vs v17              0.399    0.500     0.377    -0.101     +0.022
v11            vs v18              0.385    0.500     0.385    -0.115     -0.000
v11            vs v19              0.347    0.500     0.361    -0.153     -0.014
v11            vs v20              0.309    0.500     0.358    -0.191     -0.049
v11            vs v21              0.346    0.500     0.346    -0.154     +0.000
v11            vs v22              0.344    0.500     0.334    -0.156     +0.010
v11            vs v44              0.326    0.500     0.322    -0.174     +0.004
v11            vs v45              0.306    0.500     0.320    -0.194     -0.014
v11            vs v46              0.352    0.500     0.320    -0.148     +0.033
v11            vs v47              0.324    0.500     0.326    -0.176     -0.002
v11            vs v48              0.343    0.500     0.325    -0.157     +0.018
v11            vs v49              0.364    0.500     0.345    -0.136     +0.019
v11            vs v50              0.383    0.500     0.364    -0.117     +0.018
v11            vs v51              0.438    0.500     0.447    -0.062     -0.009
v11            vs v52              0.411    0.500     0.473    -0.089     -0.062
v11            vs v8               0.626    0.500     0.592    +0.126     +0.034
v11            vs v9               0.564    0.500     0.542    +0.064     +0.022
v12            vs v13              0.517    0.500     0.506    +0.017     +0.012
v12            vs v14              0.460    0.500     0.484    -0.040     -0.024
v12            vs v15              0.391    0.500     0.430    -0.109     -0.039
v12            vs v16              0.390    0.500     0.448    -0.110     -0.058
v12            vs v17              0.430    0.500     0.413    -0.070     +0.017
v12            vs v18              0.414    0.500     0.422    -0.086     -0.008
v12            vs v19              0.372    0.500     0.398    -0.128     -0.025
v12            vs v20              0.386    0.500     0.394    -0.114     -0.008
v12            vs v21              0.438    0.500     0.381    -0.062     +0.056
v12            vs v22              0.383    0.500     0.369    -0.117     +0.014
v12            vs v44              0.362    0.500     0.356    -0.138     +0.006
v12            vs v45              0.396    0.500     0.354    -0.104     +0.042
v12            vs v46              0.365    0.500     0.354    -0.135     +0.011
v12            vs v47              0.369    0.500     0.360    -0.131     +0.008
v12            vs v48              0.390    0.500     0.359    -0.110     +0.031
v12            vs v49              0.394    0.500     0.380    -0.106     +0.013
v12            vs v50              0.412    0.500     0.401    -0.088     +0.012
v12            vs v51              0.492    0.500     0.485    -0.008     +0.008
v12            vs v52              0.477    0.500     0.512    -0.023     -0.034
v12            vs v8               0.615    0.500     0.628    +0.115     -0.013
v12            vs v9               0.549    0.500     0.580    +0.049     -0.031
v13            vs v14              0.485    0.500     0.478    -0.015     +0.007
v13            vs v15              0.412    0.500     0.425    -0.088     -0.012
v13            vs v16              0.429    0.500     0.443    -0.071     -0.014
v13            vs v17              0.401    0.500     0.408    -0.099     -0.007
v13            vs v18              0.386    0.500     0.417    -0.114     -0.031
v13            vs v19              0.406    0.500     0.392    -0.094     +0.014
v13            vs v20              0.383    0.500     0.389    -0.117     -0.006
v13            vs v21              0.401    0.500     0.376    -0.099     +0.025
v13            vs v22              0.351    0.500     0.363    -0.149     -0.012
v13            vs v44              0.399    0.500     0.351    -0.101     +0.047
v13            vs v45              0.311    0.500     0.349    -0.189     -0.038
v13            vs v46              0.376    0.500     0.349    -0.124     +0.027
v13            vs v47              0.381    0.500     0.355    -0.119     +0.026
v13            vs v48              0.334    0.500     0.354    -0.166     -0.021
v13            vs v49              0.381    0.500     0.375    -0.119     +0.006
v13            vs v50              0.420    0.500     0.395    -0.080     +0.025
v13            vs v51              0.500    0.500     0.479    +0.000     +0.021
v13            vs v52              0.556    0.500     0.506    +0.056     +0.050
v13            vs v8               0.600    0.500     0.623    +0.100     -0.023
v13            vs v9               0.566    0.500     0.574    +0.066     -0.008
v14            vs v15              0.466    0.500     0.446    -0.034     +0.020
v14            vs v16              0.431    0.500     0.464    -0.069     -0.033
v14            vs v17              0.445    0.500     0.429    -0.055     +0.016
v14            vs v18              0.407    0.500     0.438    -0.093     -0.030
v14            vs v19              0.404    0.500     0.413    -0.096     -0.010
v14            vs v20              0.414    0.500     0.409    -0.086     +0.004
v14            vs v21              0.386    0.500     0.397    -0.114     -0.011
v14            vs v22              0.374    0.500     0.384    -0.126     -0.010
v14            vs v44              0.385    0.500     0.371    -0.115     +0.014
v14            vs v45              0.420    0.500     0.369    -0.080     +0.051
v14            vs v46              0.366    0.500     0.369    -0.134     -0.003
v14            vs v47              0.376    0.500     0.376    -0.124     +0.001
v14            vs v48              0.343    0.500     0.374    -0.157     -0.032
v14            vs v49              0.396    0.500     0.396    -0.104     +0.001
v14            vs v50              0.385    0.500     0.416    -0.115     -0.031
v14            vs v51              0.532    0.500     0.501    +0.032     +0.032
v14            vs v52              0.521    0.500     0.528    +0.021     -0.007
v14            vs v8               0.637    0.500     0.643    +0.137     -0.006
v14            vs v9               0.639    0.500     0.595    +0.139     +0.044
v15            vs v16              0.506    0.500     0.518    +0.006     -0.012
v15            vs v17              0.448    0.500     0.483    -0.052     -0.036
v15            vs v18              0.470    0.500     0.492    -0.030     -0.022
v15            vs v19              0.429    0.500     0.467    -0.071     -0.038
v15            vs v20              0.420    0.500     0.463    -0.080     -0.043
v15            vs v21              0.456    0.500     0.450    -0.044     +0.006
v15            vs v22              0.416    0.500     0.436    -0.084     -0.020
v15            vs v44              0.398    0.500     0.423    -0.102     -0.026
v15            vs v45              0.411    0.500     0.421    -0.089     -0.010
v15            vs v46              0.417    0.500     0.421    -0.083     -0.004
v15            vs v47              0.449    0.500     0.428    -0.051     +0.021
v15            vs v48              0.446    0.500     0.426    -0.054     +0.020
v15            vs v49              0.411    0.500     0.449    -0.089     -0.037
v15            vs v50              0.496    0.500     0.470    -0.004     +0.026
v15            vs v51              0.555    0.500     0.555    +0.055     -0.000
v15            vs v52              0.608    0.500     0.581    +0.108     +0.026
v15            vs v8               0.699    0.500     0.692    +0.199     +0.007
v15            vs v9               0.681    0.500     0.646    +0.181     +0.035
v16            vs v17              0.465    0.500     0.465    -0.035     +0.000
v16            vs v18              0.445    0.500     0.474    -0.055     -0.029
v16            vs v19              0.471    0.500     0.448    -0.029     +0.023
v16            vs v20              0.415    0.500     0.445    -0.085     -0.030
v16            vs v21              0.380    0.500     0.432    -0.120     -0.052
v16            vs v22              0.405    0.500     0.418    -0.095     -0.013
v16            vs v44              0.378    0.500     0.405    -0.122     -0.028
v16            vs v45              0.404    0.500     0.403    -0.096     +0.000
v16            vs v46              0.420    0.500     0.403    -0.080     +0.017
v16            vs v47              0.417    0.500     0.410    -0.083     +0.008
v16            vs v48              0.378    0.500     0.409    -0.122     -0.031
v16            vs v49              0.414    0.500     0.430    -0.086     -0.017
v16            vs v50              0.460    0.500     0.452    -0.040     +0.008
v16            vs v51              0.534    0.500     0.537    +0.034     -0.003
v16            vs v52              0.549    0.500     0.563    +0.049     -0.015
v16            vs v8               0.716    0.500     0.676    +0.216     +0.041
v16            vs v9               0.642    0.500     0.629    +0.142     +0.013
v17            vs v18              0.485    0.500     0.509    -0.015     -0.024
v17            vs v19              0.434    0.500     0.484    -0.066     -0.050
v17            vs v20              0.438    0.500     0.480    -0.062     -0.042
v17            vs v21              0.458    0.500     0.467    -0.042     -0.009
v17            vs v22              0.436    0.500     0.453    -0.064     -0.017
v17            vs v44              0.459    0.500     0.440    -0.041     +0.019
v17            vs v45              0.456    0.500     0.438    -0.044     +0.018
v17            vs v46              0.456    0.500     0.438    -0.044     +0.019
v17            vs v47              0.414    0.500     0.444    -0.086     -0.031
v17            vs v48              0.479    0.500     0.443    -0.021     +0.036
v17            vs v49              0.479    0.500     0.465    -0.021     +0.013
v17            vs v50              0.509    0.500     0.487    +0.009     +0.022
v17            vs v51              0.585    0.500     0.572    +0.085     +0.013
v17            vs v52              0.575    0.500     0.598    +0.075     -0.023
v17            vs v8               0.704    0.500     0.706    +0.204     -0.002
v17            vs v9               0.715    0.500     0.662    +0.215     +0.053
v18            vs v19              0.486    0.500     0.475    -0.014     +0.012
v18            vs v20              0.455    0.500     0.471    -0.045     -0.016
v18            vs v21              0.416    0.500     0.458    -0.084     -0.041
v18            vs v22              0.385    0.500     0.444    -0.115     -0.059
v18            vs v44              0.471    0.500     0.431    -0.029     +0.040
v18            vs v45              0.441    0.500     0.429    -0.059     +0.012
v18            vs v46              0.411    0.500     0.429    -0.089     -0.018
v18            vs v47              0.375    0.500     0.436    -0.125     -0.061
v18            vs v48              0.427    0.500     0.434    -0.073     -0.007
v18            vs v49              0.466    0.500     0.457    -0.034     +0.010
v18            vs v50              0.468    0.500     0.478    -0.032     -0.010
v18            vs v51              0.529    0.500     0.563    +0.029     -0.034
v18            vs v52              0.578    0.500     0.589    +0.078     -0.012
v18            vs v8               0.679    0.500     0.698    +0.179     -0.020
v18            vs v9               0.656    0.500     0.654    +0.156     +0.003
v19            vs v20              0.506    0.500     0.496    +0.006     +0.010
v19            vs v21              0.481    0.500     0.483    -0.019     -0.002
v19            vs v22              0.460    0.500     0.469    -0.040     -0.009
v19            vs v44              0.445    0.500     0.456    -0.055     -0.011
v19            vs v45              0.459    0.500     0.454    -0.041     +0.005
v19            vs v46              0.436    0.500     0.454    -0.064     -0.018
v19            vs v47              0.415    0.500     0.461    -0.085     -0.046
v19            vs v48              0.453    0.500     0.459    -0.047     -0.007
v19            vs v49              0.515    0.500     0.482    +0.015     +0.033
v19            vs v50              0.522    0.500     0.503    +0.022     +0.019
v19            vs v51              0.551    0.500     0.588    +0.051     -0.036
v19            vs v52              0.605    0.500     0.613    +0.105     -0.008
v19            vs v8               0.714    0.500     0.719    +0.214     -0.006
v19            vs v9               0.664    0.500     0.676    +0.164     -0.012
v20            vs v21              0.472    0.500     0.487    -0.028     -0.014
v20            vs v22              0.479    0.500     0.473    -0.021     +0.006
v20            vs v44              0.445    0.500     0.460    -0.055     -0.015
v20            vs v45              0.468    0.500     0.458    -0.032     +0.010
v20            vs v46              0.444    0.500     0.458    -0.056     -0.014
v20            vs v47              0.458    0.500     0.465    -0.042     -0.007
v20            vs v48              0.438    0.500     0.463    -0.062     -0.026
v20            vs v49              0.434    0.500     0.486    -0.066     -0.052
v20            vs v50              0.496    0.500     0.507    -0.004     -0.011
v20            vs v51              0.589    0.500     0.592    +0.089     -0.003
v20            vs v52              0.599    0.500     0.617    +0.099     -0.018
v20            vs v8               0.718    0.500     0.722    +0.218     -0.005
v20            vs v9               0.666    0.500     0.680    +0.166     -0.013
v21            vs v22              0.475    0.500     0.486    -0.025     -0.011
v21            vs v44              0.468    0.500     0.473    -0.032     -0.006
v21            vs v45              0.458    0.500     0.471    -0.042     -0.013
v21            vs v46              0.453    0.500     0.471    -0.047     -0.018
v21            vs v47              0.509    0.500     0.478    +0.009     +0.031
v21            vs v48              0.532    0.500     0.476    +0.032     +0.056
v21            vs v49              0.475    0.500     0.499    -0.025     -0.024
v21            vs v50              0.465    0.500     0.520    -0.035     -0.055
v21            vs v51              0.600    0.500     0.604    +0.100     -0.004
v21            vs v52              0.632    0.500     0.630    +0.132     +0.003
v21            vs v8               0.739    0.500     0.733    +0.239     +0.006
v21            vs v9               0.701    0.500     0.691    +0.201     +0.010
v22            vs v44              0.485    0.500     0.487    -0.015     -0.002
v22            vs v45              0.472    0.500     0.485    -0.028     -0.012
v22            vs v46              0.482    0.500     0.484    -0.018     -0.002
v22            vs v47              0.465    0.500     0.491    -0.035     -0.026
v22            vs v48              0.468    0.500     0.490    -0.032     -0.022
v22            vs v49              0.514    0.500     0.513    +0.014     +0.001
v22            vs v50              0.529    0.500     0.534    +0.029     -0.005
v22            vs v51              0.580    0.500     0.617    +0.080     -0.037
v22            vs v52              0.609    0.500     0.642    +0.109     -0.033
v22            vs v8               0.716    0.500     0.743    +0.216     -0.027
v22            vs v9               0.649    0.500     0.703    +0.149     -0.054
v44            vs v45              0.502    0.500     0.498    +0.002     +0.005
v44            vs v46              0.500    0.500     0.498    +0.000     +0.002
v44            vs v47              0.526    0.500     0.505    +0.026     +0.022
v44            vs v48              0.466    0.500     0.503    -0.034     -0.037
v44            vs v49              0.535    0.500     0.526    +0.035     +0.009
v44            vs v50              0.562    0.500     0.547    +0.062     +0.016
v44            vs v51              0.637    0.500     0.630    +0.137     +0.008
v44            vs v52              0.639    0.500     0.654    +0.139     -0.015
v44            vs v8               0.759    0.500     0.753    +0.259     +0.005
v44            vs v9               0.723    0.500     0.713    +0.223     +0.009
v45            vs v46              0.494    0.500     0.500    -0.006     -0.006
v45            vs v47              0.542    0.500     0.507    +0.042     +0.036
v45            vs v48              0.525    0.500     0.505    +0.025     +0.020
v45            vs v49              0.527    0.500     0.528    +0.027     -0.000
v45            vs v50              0.566    0.500     0.549    +0.066     +0.017
v45            vs v51              0.589    0.500     0.632    +0.089     -0.043
v45            vs v52              0.647    0.500     0.656    +0.147     -0.009
v45            vs v8               0.779    0.500     0.755    +0.279     +0.024
v45            vs v9               0.705    0.500     0.715    +0.205     -0.010
v46            vs v47              0.510    0.500     0.507    +0.010     +0.003
v46            vs v48              0.489    0.500     0.505    -0.011     -0.017
v46            vs v49              0.481    0.500     0.528    -0.019     -0.047
v46            vs v50              0.562    0.500     0.549    +0.062     +0.013
v46            vs v51              0.620    0.500     0.632    +0.120     -0.012
v46            vs v52              0.641    0.500     0.656    +0.141     -0.015
v46            vs v8               0.755    0.500     0.755    +0.255     -0.000
v46            vs v9               0.725    0.500     0.715    +0.225     +0.010
v47            vs v48              0.520    0.500     0.499    +0.020     +0.021
v47            vs v49              0.520    0.500     0.521    +0.020     -0.001
v47            vs v50              0.502    0.500     0.543    +0.002     -0.040
v47            vs v51              0.599    0.500     0.625    +0.099     -0.027
v47            vs v52              0.640    0.500     0.650    +0.140     -0.010
v47            vs v8               0.739    0.500     0.750    +0.239     -0.011
v47            vs v9               0.694    0.500     0.710    +0.194     -0.016
v48            vs v49              0.499    0.500     0.523    -0.001     -0.024
v48            vs v50              0.550    0.500     0.544    +0.050     +0.006
v48            vs v51              0.588    0.500     0.627    +0.088     -0.039
v48            vs v52              0.644    0.500     0.651    +0.144     -0.008
v48            vs v8               0.743    0.500     0.751    +0.243     -0.008
v48            vs v9               0.676    0.500     0.711    +0.176     -0.035
v49            vs v50              0.476    0.500     0.521    -0.024     -0.045
v49            vs v51              0.561    0.500     0.605    +0.061     -0.044
v49            vs v52              0.615    0.500     0.631    +0.115     -0.016
v49            vs v8               0.740    0.500     0.734    +0.240     +0.006
v49            vs v9               0.672    0.500     0.692    +0.172     -0.019
v50            vs v51              0.581    0.500     0.585    +0.081     -0.003
v50            vs v52              0.631    0.500     0.611    +0.131     +0.021
v50            vs v8               0.701    0.500     0.717    +0.201     -0.015
v50            vs v9               0.682    0.500     0.673    +0.182     +0.009
v51            vs v52              0.490    0.500     0.527    -0.010     -0.037
v51            vs v8               0.609    0.500     0.642    +0.109     -0.034
v51            vs v9               0.581    0.500     0.594    +0.081     -0.013
v52            vs v8               0.620    0.500     0.617    +0.120     +0.003
v52            vs v9               0.527    0.500     0.568    +0.027     -0.041
v8             vs v9               0.422    0.500     0.449    -0.078     -0.027
------------------------------------------------------------------------------------
                                              RMSE    0.1468     0.0289
  (bipartite RMSE >= combined RMSE → bipartite model not better fit)

Saved to results/elo_full_ladder.json
