=== ELO incremental placement: v266_sc ===
Exporting checkpoints to TorchScript ...
Loaded 5043 match results from SQL match_cache

Match schedule (36 total, 21 new, 15 reused from prior run):
  v209_sc vs v217_sc  [reuse]
  v209_sc vs v232_sc  [reuse]
  v209_sc vs v228_sc  [reuse]
  v209_sc vs v227_sc  [reuse]
  v209_sc vs v252_sc
  v209_sc vs v255_sc
  v209_sc vs v261_sc  [reuse]
  v209_sc vs v266_sc
  v217_sc vs v232_sc  [reuse]
  v217_sc vs v228_sc  [reuse]
  v217_sc vs v227_sc  [reuse]
  v217_sc vs v252_sc
  v217_sc vs v255_sc
  v217_sc vs v261_sc  [reuse]
  v217_sc vs v266_sc
  v232_sc vs v228_sc  [reuse]
  v232_sc vs v227_sc  [reuse]
  v232_sc vs v252_sc
  v232_sc vs v255_sc
  v232_sc vs v261_sc  [reuse]
  v232_sc vs v266_sc
  v228_sc vs v227_sc  [reuse]
  v228_sc vs v252_sc
  v228_sc vs v255_sc
  v228_sc vs v261_sc  [reuse]
  v228_sc vs v266_sc
  v227_sc vs v252_sc
  v227_sc vs v255_sc
  v227_sc vs v261_sc  [reuse]
  v227_sc vs v266_sc
  v252_sc vs v255_sc
  v252_sc vs v261_sc
  v252_sc vs v266_sc
  v255_sc vs v261_sc
  v255_sc vs v266_sc
  v261_sc vs v266_sc
  [reuse] v209_sc 57(22u/35s) - 92(39u/53s) v217_sc  draws=1  WR=0.383
  [reuse] v209_sc 71(32u/39s) - 78(36u/42s) v232_sc  draws=1  WR=0.477
  [reuse] v209_sc 80(30u/50s) - 70(25u/45s) v228_sc  draws=0  WR=0.533
  [reuse] v209_sc 75(31u/44s) - 75(31u/44s) v227_sc  draws=0  WR=0.500

[new 1/21] v209_sc vs v252_sc (200 games = 100/side, seed=88000) ...
  v209_sc: 77(40u/37s)  v252_sc: 123(63u/60s)  draws: 0  WR(v209_sc)=0.385  t=13.1s

[new 2/21] v209_sc vs v255_sc (200 games = 100/side, seed=88200) ...
  v209_sc: 85(33u/52s)  v255_sc: 113(47u/66s)  draws: 2  WR(v209_sc)=0.430  t=11.9s
  [reuse] v209_sc 86(37u/49s) - 111(49u/62s) v261_sc  draws=3  WR=0.438

[new 3/21] v209_sc vs v266_sc (200 games = 100/side, seed=88400) ...
  v209_sc: 95(45u/50s)  v266_sc: 105(50u/55s)  draws: 0  WR(v209_sc)=0.475  t=12.2s
  [reuse] v217_sc 62(26u/36s) - 86(37u/49s) v232_sc  draws=2  WR=0.420
  [reuse] v217_sc 73(36u/37s) - 75(36u/39s) v228_sc  draws=2  WR=0.493
  [reuse] v217_sc 82(36u/46s) - 68(29u/39s) v227_sc  draws=0  WR=0.547

[new 4/21] v217_sc vs v252_sc (200 games = 100/side, seed=88600) ...
  v217_sc: 96(47u/49s)  v252_sc: 102(49u/53s)  draws: 2  WR(v217_sc)=0.485  t=12.8s

[new 5/21] v217_sc vs v255_sc (200 games = 100/side, seed=88800) ...
  v217_sc: 93(38u/55s)  v255_sc: 104(43u/61s)  draws: 3  WR(v217_sc)=0.472  t=13.3s
  [reuse] v217_sc 95(45u/50s) - 104(50u/54s) v261_sc  draws=1  WR=0.477

[new 6/21] v217_sc vs v266_sc (200 games = 100/side, seed=89000) ...
  v217_sc: 96(41u/55s)  v266_sc: 103(45u/58s)  draws: 1  WR(v217_sc)=0.482  t=13.4s
  [reuse] v232_sc 74(35u/39s) - 76(36u/40s) v228_sc  draws=0  WR=0.493
  [reuse] v232_sc 74(40u/34s) - 76(41u/35s) v227_sc  draws=0  WR=0.493

[new 7/21] v232_sc vs v252_sc (200 games = 100/side, seed=89200) ...
  v232_sc: 91(41u/50s)  v252_sc: 109(50u/59s)  draws: 0  WR(v232_sc)=0.455  t=13.3s

[new 8/21] v232_sc vs v255_sc (200 games = 100/side, seed=89400) ...
  v232_sc: 95(43u/52s)  v255_sc: 105(48u/57s)  draws: 0  WR(v232_sc)=0.475  t=12.4s
  [reuse] v232_sc 107(45u/62s) - 92(37u/55s) v261_sc  draws=1  WR=0.537

[new 9/21] v232_sc vs v266_sc (200 games = 100/side, seed=89600) ...
  v232_sc: 95(43u/52s)  v266_sc: 104(47u/57s)  draws: 1  WR(v232_sc)=0.477  t=12.5s
  [reuse] v228_sc 72(34u/38s) - 76(36u/40s) v227_sc  draws=2  WR=0.487

[new 10/21] v228_sc vs v252_sc (200 games = 100/side, seed=89800) ...
  v228_sc: 106(62u/44s)  v252_sc: 91(54u/37s)  draws: 3  WR(v228_sc)=0.537  t=12.1s

[new 11/21] v228_sc vs v255_sc (200 games = 100/side, seed=90000) ...
Assuming unrestricted shared filesystem usage.
host: balsa-tree
Building DAG of jobs...
Using shell: /usr/bin/bash
Provided cores: 20
Rules claiming more threads will be scaled down.
Provided resources: gpu=Resource("gpu", 1)
Job stats:
job                  count
-----------------  -------
ppo_train_dynamic        1
total                    1

Select jobs to execute...
Execute 1 jobs...

[Tue Apr 14 11:03:29 2026]
localrule ppo_train_dynamic:
    input: data/checkpoints/ppo_v266_sc_league/ppo_best.pt
    output: data/checkpoints/ppo_v267_sc_league/ppo_final.pt
    log: results/logs/ppo/ppo_v267_sc.log
    jobid: 0
    reason: Missing output files: data/checkpoints/ppo_v267_sc_league/ppo_final.pt
    resources: tmpdir=/tmp, gpu=1
  v228_sc: 117(57u/60s)  v255_sc: 83(40u/43s)  draws: 0  WR(v228_sc)=0.585  t=13.4s
  [reuse] v228_sc 106(46u/60s) - 92(39u/53s) v261_sc  draws=2  WR=0.535

[new 12/21] v228_sc vs v266_sc (200 games = 100/side, seed=90200) ...
  v228_sc: 100(50u/50s)  v266_sc: 99(49u/50s)  draws: 1  WR(v228_sc)=0.502  t=14.2s

[new 13/21] v227_sc vs v252_sc (200 games = 100/side, seed=90400) ...
  v227_sc: 97(49u/48s)  v252_sc: 103(52u/51s)  draws: 0  WR(v227_sc)=0.485  t=12.6s

[new 14/21] v227_sc vs v255_sc (200 games = 100/side, seed=90600) ...
  v227_sc: 102(47u/55s)  v255_sc: 98(45u/53s)  draws: 0  WR(v227_sc)=0.510  t=13.1s
  [reuse] v227_sc 97(45u/52s) - 101(47u/54s) v261_sc  draws=2  WR=0.490

[new 15/21] v227_sc vs v266_sc (200 games = 100/side, seed=90800) ...
  v227_sc: 110(57u/53s)  v266_sc: 89(47u/42s)  draws: 1  WR(v227_sc)=0.552  t=11.9s

[new 16/21] v252_sc vs v255_sc (200 games = 100/side, seed=91000) ...
  v252_sc: 104(52u/52s)  v255_sc: 95(48u/47s)  draws: 1  WR(v252_sc)=0.522  t=12.5s

[new 17/21] v252_sc vs v261_sc (200 games = 100/side, seed=91200) ...
  v252_sc: 110(47u/63s)  v261_sc: 90(37u/53s)  draws: 0  WR(v252_sc)=0.550  t=14.0s

[new 18/21] v252_sc vs v266_sc (200 games = 100/side, seed=91400) ...
  v252_sc: 97(49u/48s)  v266_sc: 102(51u/51s)  draws: 1  WR(v252_sc)=0.487  t=13.4s

[new 19/21] v255_sc vs v261_sc (200 games = 100/side, seed=91600) ...
  v255_sc: 89(35u/54s)  v261_sc: 108(45u/63s)  draws: 3  WR(v255_sc)=0.453  t=13.6s

[new 20/21] v255_sc vs v266_sc (200 games = 100/side, seed=91800) ...
  v255_sc: 104(53u/51s)  v266_sc: 93(48u/45s)  draws: 3  WR(v255_sc)=0.527  t=12.6s

[new 21/21] v261_sc vs v266_sc (200 games = 100/side, seed=92000) ...
  v261_sc: 88(37u/51s)  v266_sc: 111(48u/63s)  draws: 1  WR(v261_sc)=0.443  t=12.9s

Fitting BayesElo (combined) ...
Fitting BayesElo (bipartite per-side, anchor=v209_sc_USSR=1875.0) ...

Model                   Elo    USSR*      US*    Gap                95% CI   vs anchor
  (* bipartite per-side, single anchor: v209_sc_USSR=1875)
----------------------------------------------------------------------------------------
v252_sc                1923   1971   1942  +29  [  1906,   1940]  +48
v228_sc                1919   1952   1953  -2  [  1901,   1937]  +44
v266_sc                1910   1943   1945  -1  [  1893,   1927]  +35
v227_sc                1908   1941   1943  -2  [  1890,   1927]  +33
v232_sc                1908   1924   1960  -36  [  1890,   1926]  +33
v255_sc                1905   1920   1958  -38  [  1888,   1922]  +30
v217_sc                1905   1912   1965  -52  [  1886,   1923]  +30
v261_sc                1903   1902   1973  -71  [  1886,   1921]  +28
v209_sc                1875   1875   1941  -66  [  1875,   1875]  +0

Pair                              Obs WR   Bip WR   Comb WR   Bip err   Comb err
------------------------------------------------------------------------------------
v209_sc        vs v217_sc          0.383    0.458     0.458    -0.075     -0.074
v209_sc        vs v232_sc          0.477    0.453     0.453    +0.024     +0.024
v209_sc        vs v228_sc          0.533    0.437     0.437    +0.096     +0.096
v209_sc        vs v227_sc          0.500    0.452     0.452    +0.048     +0.048
v209_sc        vs v252_sc          0.385    0.431     0.432    -0.046     -0.047
v209_sc        vs v255_sc          0.430    0.457     0.457    -0.027     -0.027
v209_sc        vs v261_sc          0.438    0.460     0.459    -0.022     -0.022
v209_sc        vs v266_sc          0.475    0.449     0.449    +0.026     +0.026
v217_sc        vs v232_sc          0.420    0.495     0.495    -0.075     -0.075
v217_sc        vs v228_sc          0.493    0.479     0.479    +0.014     +0.014
v217_sc        vs v227_sc          0.547    0.495     0.494    +0.052     +0.052
v217_sc        vs v252_sc          0.485    0.474     0.474    +0.011     +0.011
v217_sc        vs v255_sc          0.472    0.499     0.499    -0.027     -0.027
v217_sc        vs v261_sc          0.477    0.502     0.502    -0.024     -0.024
v217_sc        vs v266_sc          0.482    0.492     0.492    -0.009     -0.009
v232_sc        vs v228_sc          0.493    0.484     0.484    +0.009     +0.009
v232_sc        vs v227_sc          0.493    0.500     0.499    -0.006     -0.006
v232_sc        vs v252_sc          0.455    0.479     0.479    -0.024     -0.024
v232_sc        vs v255_sc          0.475    0.504     0.504    -0.029     -0.029
v232_sc        vs v261_sc          0.537    0.506     0.507    +0.031     +0.031
v232_sc        vs v266_sc          0.477    0.497     0.497    -0.019     -0.019
v228_sc        vs v227_sc          0.487    0.515     0.515    -0.029     -0.029
v228_sc        vs v252_sc          0.537    0.495     0.495    +0.043     +0.043
v228_sc        vs v255_sc          0.585    0.520     0.520    +0.065     +0.065
v228_sc        vs v261_sc          0.535    0.522     0.522    +0.013     +0.013
v228_sc        vs v266_sc          0.502    0.512     0.512    -0.010     -0.010
v227_sc        vs v252_sc          0.485    0.479     0.479    +0.006     +0.006
v227_sc        vs v255_sc          0.510    0.505     0.505    +0.005     +0.005
v227_sc        vs v261_sc          0.490    0.507     0.507    -0.017     -0.017
v227_sc        vs v266_sc          0.552    0.497     0.497    +0.055     +0.055
v252_sc        vs v255_sc          0.522    0.525     0.525    -0.003     -0.003
v252_sc        vs v261_sc          0.550    0.528     0.528    +0.022     +0.022
v252_sc        vs v266_sc          0.487    0.518     0.518    -0.030     -0.030
v255_sc        vs v261_sc          0.453    0.502     0.503    -0.050     -0.050
v255_sc        vs v266_sc          0.527    0.492     0.493    +0.035     +0.035
v261_sc        vs v266_sc          0.443    0.490     0.490    -0.048     -0.047
------------------------------------------------------------------------------------
                                              RMSE    0.0383     0.0382
  (bipartite RMSE >= combined RMSE → bipartite model not better fit)

Saved to results/logs/elo/elo_v266_sc_incremental.json
[sql] Tournament logged: incremental_20260414T180541Z_v209_sc_v217_sc → results/metadata.sqlite3
[confirm] Merged $VERSION into results/elo/elo_full_ladder.json: elo=1910
[Tue Apr 14 11:12:05 2026]
Finished jobid: 0 (Rule: ppo_train_dynamic)
1 of 1 steps (100%) done
Complete log(s): /home/dkord/code/twilight-struggle-ai/.snakemake/log/2026-04-14T110329.241186.snakemake.log
