=== ELO incremental placement: v125_sc ===
Exporting checkpoints to TorchScript ...
Loaded 3308 match results from SQL match_cache

Match schedule (36 total, 9 new, 27 reused from prior run):
  v55 vs v54  [reuse]
  v55 vs v44  [reuse]
  v55 vs v45  [reuse]
  v55 vs v14  [reuse]
  v55 vs v115_sc  [reuse]
  v55 vs v85_sc  [reuse]
  v55 vs v46  [reuse]
  v55 vs v125_sc
  v54 vs v44  [reuse]
  v54 vs v45  [reuse]
  v54 vs v14  [reuse]
  v54 vs v115_sc  [reuse]
  v54 vs v85_sc  [reuse]
  v54 vs v46  [reuse]
  v54 vs v125_sc
  v44 vs v45  [reuse]
  v44 vs v14  [reuse]
  v44 vs v115_sc  [reuse]
  v44 vs v85_sc  [reuse]
  v44 vs v46  [reuse]
  v44 vs v125_sc
  v45 vs v14  [reuse]
  v45 vs v115_sc  [reuse]
  v45 vs v85_sc  [reuse]
  v45 vs v46  [reuse]
  v45 vs v125_sc
  v14 vs v115_sc  [reuse]
  v14 vs v85_sc  [reuse]
  v14 vs v46  [reuse]
  v14 vs v125_sc
  v115_sc vs v85_sc
  v115_sc vs v46  [reuse]
  v115_sc vs v125_sc
  v85_sc vs v46  [reuse]
  v85_sc vs v125_sc
  v46 vs v125_sc
  [reuse] v55 209(115u/94s) - 181(102u/79s) v54  draws=10  WR=0.535
  [reuse] v55 201(119u/82s) - 178(110u/68s) v44  draws=21  WR=0.529
  [reuse] v55 206(136u/70s) - 180(123u/57s) v45  draws=14  WR=0.532
  [reuse] v55 255(150u/105s) - 128(88u/40s) v14  draws=17  WR=0.659
  [reuse] v55 178(96u/82s) - 22(18u/4s) v115_sc  draws=0  WR=0.890
  [reuse] v55 145(83u/62s) - 52(36u/16s) v85_sc  draws=3  WR=0.733
  [reuse] v55 201(114u/87s) - 184(107u/77s) v46  draws=15  WR=0.521

[new 1/9] v55 vs v125_sc (200 games = 100/side, seed=88000) ...
  v55: 184(98u/86s)  v125_sc: 16(14u/2s)  draws: 0  WR(v55)=0.920  t=7.1s
  [reuse] v54 222(126u/96s) - 163(99u/64s) v44  draws=15  WR=0.574
  [reuse] v54 194(125u/69s) - 183(121u/62s) v45  draws=23  WR=0.514
  [reuse] v54 254(154u/100s) - 131(95u/36s) v14  draws=15  WR=0.654
  [reuse] v54 189(100u/89s) - 10(10u/0s) v115_sc  draws=1  WR=0.948
  [reuse] v54 141(83u/58s) - 48(35u/13s) v85_sc  draws=11  WR=0.733
  [reuse] v54 181(113u/68s) - 200(120u/80s) v46  draws=19  WR=0.476

[new 2/9] v54 vs v125_sc (200 games = 100/side, seed=88200) ...
  v54: 183(100u/83s)  v125_sc: 16(16u/0s)  draws: 1  WR(v54)=0.917  t=7.0s
  [reuse] v44 194(130u/64s) - 192(130u/62s) v45  draws=14  WR=0.502
  [reuse] v44 239(147u/92s) - 147(100u/47s) v14  draws=14  WR=0.615
  [reuse] v44 187(98u/89s) - 13(11u/2s) v115_sc  draws=0  WR=0.935
  [reuse] v44 130(77u/53s) - 65(45u/20s) v85_sc  draws=5  WR=0.662
  [reuse] v44 190(102u/88s) - 190(101u/89s) v46  draws=20  WR=0.500

[new 3/9] v44 vs v125_sc (200 games = 100/side, seed=88400) ...
  v44: 180(96u/84s)  v125_sc: 20(16u/4s)  draws: 0  WR(v44)=0.900  t=7.3s
  [reuse] v45 226(147u/79s) - 162(115u/47s) v14  draws=12  WR=0.580
  [reuse] v45 185(96u/89s) - 15(11u/4s) v115_sc  draws=0  WR=0.925
  [reuse] v45 145(86u/59s) - 49(41u/8s) v85_sc  draws=6  WR=0.740
  [reuse] v45 189(130u/59s) - 194(137u/57s) v46  draws=17  WR=0.494

[new 4/9] v45 vs v125_sc (200 games = 100/side, seed=88600) ...
  v45: 185(98u/87s)  v125_sc: 15(13u/2s)  draws: 0  WR(v45)=0.925  t=6.9s
  [reuse] v14 189(97u/92s) - 11(8u/3s) v115_sc  draws=0  WR=0.945
  [reuse] v14 128(81u/47s) - 66(52u/14s) v85_sc  draws=6  WR=0.655
  [reuse] v14 139(97u/42s) - 246(151u/95s) v46  draws=15  WR=0.366

[new 5/9] v14 vs v125_sc (200 games = 100/side, seed=88800) ...
  v14: 187(98u/89s)  v125_sc: 13(11u/2s)  draws: 0  WR(v14)=0.935  t=7.3s

[new 6/9] v115_sc vs v85_sc (200 games = 100/side, seed=89000) ...
  v115_sc: 22(20u/2s)  v85_sc: 178(98u/80s)  draws: 0  WR(v115_sc)=0.110  t=7.7s
  [reuse] v115_sc 13(13u/0s) - 187(100u/87s) v46  draws=0  WR=0.065

[new 7/9] v115_sc vs v125_sc (200 games = 100/side, seed=89200) ...
  v115_sc: 77(59u/18s)  v125_sc: 117(80u/37s)  draws: 6  WR(v115_sc)=0.400  t=7.4s
  [reuse] v85_sc 52(39u/13s) - 147(87u/60s) v46  draws=1  WR=0.263

[new 8/9] v85_sc vs v125_sc (200 games = 100/side, seed=89400) ...
  v85_sc: 178(100u/78s)  v125_sc: 21(21u/0s)  draws: 1  WR(v85_sc)=0.892  t=7.6s

[new 9/9] v46 vs v125_sc (200 games = 100/side, seed=89600) ...
Assuming unrestricted shared filesystem usage.
host: balsa-tree
Building DAG of jobs...
Using shell: /usr/bin/bash
Provided cores: 20
Rules claiming more threads will be scaled down.
Provided resources: gpu=Resource("gpu", 1)
Job stats:
job                  count
-----------------  -------
ppo_train_dynamic        1
total                    1

Select jobs to execute...
Execute 1 jobs...

[Mon Apr 13 13:24:20 2026]
localrule ppo_train_dynamic:
    input: data/checkpoints/ppo_v125_sc_league/ppo_best.pt
    output: data/checkpoints/ppo_v126_sc_league/ppo_final.pt
    log: results/logs/ppo/ppo_v126_sc.log
    jobid: 0
    reason: Missing output files: data/checkpoints/ppo_v126_sc_league/ppo_final.pt
    resources: tmpdir=/tmp, gpu=1
  v46: 178(98u/80s)  v125_sc: 22(20u/2s)  draws: 0  WR(v46)=0.890  t=7.2s

Fitting BayesElo (combined) ...
Fitting BayesElo (bipartite per-side, anchor=v14_USSR=2015.0) ...

Model                   Elo    USSR*      US*    Gap                95% CI   vs anchor
  (* bipartite per-side, single anchor: v14_USSR=2015)
----------------------------------------------------------------------------------------
v55                    2115   2091   2030  +61  [  2101,   2130]  +100
v54                    2109   2089   2018  +71  [  2094,   2123]  +94
v46                    2101   2084   2006  +78  [  2087,   2116]  +86
v45                    2090   2123   1952  +171  [  2076,   2105]  +75
v44                    2084   2056   1997  +59  [  2069,   2099]  +69
v14                    2015   2015   1890  +125  [  2015,   2015]  +0
v85_sc                 1936   1936   1795  +141  [  1916,   1956]  -79
v125_sc                1658   1653   1439  +213  [  1632,   1685]  -357
v115_sc                1609   1591   1388  +203  [  1580,   1638]  -406

Pair                              Obs WR   Bip WR   Comb WR   Bip err   Comb err
------------------------------------------------------------------------------------
v55            vs v54              0.535    0.509     0.509    +0.026     +0.026
v55            vs v44              0.529    0.547     0.545    -0.018     -0.016
v55            vs v45              0.532    0.530     0.536    +0.003     -0.003
v55            vs v14              0.659    0.641     0.640    +0.018     +0.018
v55            vs v115_sc          0.890    0.954     0.949    -0.064     -0.059
v55            vs v85_sc           0.733    0.739     0.737    -0.006     -0.004
v55            vs v46              0.521    0.520     0.520    +0.001     +0.001
v55            vs v125_sc          0.920    0.937     0.933    -0.017     -0.013
v54            vs v44              0.574    0.537     0.535    +0.037     +0.038
v54            vs v45              0.514    0.521     0.527    -0.007     -0.013
v54            vs v14              0.654    0.631     0.632    +0.022     +0.022
v54            vs v115_sc          0.948    0.952     0.947    -0.004     +0.001
v54            vs v85_sc           0.733    0.730     0.730    +0.002     +0.003
v54            vs v46              0.476    0.511     0.510    -0.035     -0.034
v54            vs v125_sc          0.917    0.934     0.930    -0.016     -0.013
v44            vs v45              0.502    0.486     0.491    +0.016     +0.011
v44            vs v14              0.615    0.599     0.598    +0.016     +0.017
v44            vs v115_sc          0.935    0.946     0.939    -0.011     -0.004
v44            vs v85_sc           0.662    0.703     0.701    -0.040     -0.038
v44            vs v46              0.500    0.474     0.475    +0.026     +0.025
v44            vs v125_sc          0.900    0.926     0.921    -0.026     -0.021
v45            vs v14              0.580    0.601     0.607    -0.021     -0.027
v45            vs v115_sc          0.925    0.937     0.941    -0.012     -0.016
v45            vs v85_sc           0.740    0.696     0.708    +0.044     +0.032
v45            vs v46              0.494    0.490     0.484    +0.004     +0.010
v45            vs v125_sc          0.925    0.915     0.923    +0.010     +0.002
v14            vs v115_sc          0.945    0.911     0.912    +0.034     +0.033
v14            vs v85_sc           0.655    0.607     0.611    +0.048     +0.044
v14            vs v46              0.366    0.379     0.378    -0.013     -0.012
v14            vs v125_sc          0.935    0.881     0.886    +0.054     +0.049
v115_sc        vs v85_sc           0.110    0.139     0.132    -0.029     -0.022
v115_sc        vs v46              0.065    0.051     0.055    +0.014     +0.010
v115_sc        vs v125_sc          0.400    0.442     0.429    -0.042     -0.029
v85_sc         vs v46              0.263    0.279     0.279    -0.017     -0.016
v85_sc         vs v125_sc          0.892    0.820     0.832    +0.073     +0.061
v46            vs v125_sc          0.890    0.930     0.928    -0.040     -0.038
------------------------------------------------------------------------------------
                                              RMSE    0.0298     0.0267
  (bipartite RMSE >= combined RMSE → bipartite model not better fit)

Saved to results/logs/elo/elo_v125_sc_incremental.json
[sql] Tournament logged: incremental_20260413T202422Z_v115_sc_v125_sc → results/metadata.sqlite3
[confirm] Merged $VERSION into results/elo/elo_full_ladder.json: elo=1658
[Mon Apr 13 13:28:44 2026]
Finished jobid: 0 (Rule: ppo_train_dynamic)
1 of 1 steps (100%) done
Complete log(s): /home/dkord/code/twilight-struggle-ai/.snakemake/log/2026-04-13T132420.595619.snakemake.log
