=== ELO incremental placement: v296_sc ===
Exporting checkpoints to TorchScript ...
Loaded 5156 match results from SQL match_cache

Match schedule (36 total, 16 new, 20 reused from prior run):
  v56 vs v54  [reuse]
  v56 vs v44  [reuse]
  v56 vs v20  [reuse]
  v56 vs v55  [reuse]
  v56 vs v235_sc
  v56 vs v227_sc
  v56 vs v267_sc
  v56 vs v296_sc
  v54 vs v44  [reuse]
  v54 vs v20  [reuse]
  v54 vs v55  [reuse]
  v54 vs v235_sc  [reuse]
  v54 vs v227_sc  [reuse]
  v54 vs v267_sc
  v54 vs v296_sc
  v44 vs v20  [reuse]
  v44 vs v55  [reuse]
  v44 vs v235_sc  [reuse]
  v44 vs v227_sc  [reuse]
  v44 vs v267_sc
  v44 vs v296_sc
  v20 vs v55  [reuse]
  v20 vs v235_sc
  v20 vs v227_sc
  v20 vs v267_sc
  v20 vs v296_sc
  v55 vs v235_sc  [reuse]
  v55 vs v227_sc  [reuse]
  v55 vs v267_sc  [reuse]
  v55 vs v296_sc
  v235_sc vs v227_sc
  v235_sc vs v267_sc
  v235_sc vs v296_sc
  v227_sc vs v267_sc  [reuse]
  v227_sc vs v296_sc  [reuse]
  v267_sc vs v296_sc  [reuse]
  [reuse] v56 197(118u/79s) - 195(116u/79s) v54  draws=8  WR=0.502
  [reuse] v56 185(101u/84s) - 200(108u/92s) v44  draws=15  WR=0.481
  [reuse] v56 188(122u/66s) - 200(131u/69s) v20  draws=12  WR=0.485
  [reuse] v56 183(110u/73s) - 206(121u/85s) v55  draws=11  WR=0.471

[new 1/16] v56 vs v235_sc (200 games = 100/side, seed=88000) ...
  v56: 156(65u/91s)  v235_sc: 44(9u/35s)  draws: 0  WR(v56)=0.780  t=5.2s

[new 2/16] v56 vs v227_sc (200 games = 100/side, seed=88200) ...
  v56: 148(56u/92s)  v227_sc: 52(8u/44s)  draws: 0  WR(v56)=0.740  t=5.8s

[new 3/16] v56 vs v267_sc (200 games = 100/side, seed=88400) ...
  v56: 147(57u/90s)  v267_sc: 53(10u/43s)  draws: 0  WR(v56)=0.735  t=4.1s

[new 4/16] v56 vs v296_sc (200 games = 100/side, seed=88600) ...
  v56: 29(3u/26s)  v296_sc: 171(74u/97s)  draws: 0  WR(v56)=0.145  t=3.1s
  [reuse] v54 222(126u/96s) - 163(99u/64s) v44  draws=15  WR=0.574
  [reuse] v54 196(128u/68s) - 184(123u/61s) v20  draws=20  WR=0.515
  [reuse] v54 181(102u/79s) - 209(115u/94s) v55  draws=10  WR=0.465
  [reuse] v54 171(91u/80s) - 27(20u/7s) v235_sc  draws=2  WR=0.860
  [reuse] v54 168(92u/76s) - 32(24u/8s) v227_sc  draws=0  WR=0.840

[new 5/16] v54 vs v267_sc (200 games = 100/side, seed=88800) ...
  v54: 150(64u/86s)  v267_sc: 50(14u/36s)  draws: 0  WR(v54)=0.750  t=3.2s

[new 6/16] v54 vs v296_sc (200 games = 100/side, seed=89000) ...
  v54: 19(7u/12s)  v296_sc: 181(88u/93s)  draws: 0  WR(v54)=0.095  t=3.2s
  [reuse] v44 213(134u/79s) - 169(111u/58s) v20  draws=18  WR=0.555
  [reuse] v44 178(110u/68s) - 201(119u/82s) v55  draws=21  WR=0.471
  [reuse] v44 174(95u/79s) - 25(21u/4s) v235_sc  draws=1  WR=0.873
  [reuse] v44 172(91u/81s) - 27(18u/9s) v227_sc  draws=1  WR=0.863

[new 7/16] v44 vs v267_sc (200 games = 100/side, seed=89200) ...
  v44: 114(45u/69s)  v267_sc: 86(31u/55s)  draws: 0  WR(v44)=0.570  t=3.0s

[new 8/16] v44 vs v296_sc (200 games = 100/side, seed=89400) ...
  v44: 11(2u/9s)  v296_sc: 189(91u/98s)  draws: 0  WR(v44)=0.055  t=2.0s
  [reuse] v20 167(115u/52s) - 219(137u/82s) v55  draws=14  WR=0.435

[new 9/16] v20 vs v235_sc (200 games = 100/side, seed=89600) ...
  v20: 125(51u/74s)  v235_sc: 75(26u/49s)  draws: 0  WR(v20)=0.625  t=4.0s

[new 10/16] v20 vs v227_sc (200 games = 100/side, seed=89800) ...
  v20: 136(51u/85s)  v227_sc: 64(15u/49s)  draws: 0  WR(v20)=0.680  t=4.3s

[new 11/16] v20 vs v267_sc (200 games = 100/side, seed=90000) ...
  v20: 129(49u/80s)  v267_sc: 71(20u/51s)  draws: 0  WR(v20)=0.645  t=3.7s

[new 12/16] v20 vs v296_sc (200 games = 100/side, seed=90200) ...
  v20: 4(2u/2s)  v296_sc: 196(98u/98s)  draws: 0  WR(v20)=0.020  t=2.4s
  [reuse] v55 163(88u/75s) - 34(25u/9s) v235_sc  draws=3  WR=0.823
  [reuse] v55 174(95u/79s) - 26(21u/5s) v227_sc  draws=0  WR=0.870
  [reuse] v55 12(2u/10s) - 188(90u/98s) v267_sc  draws=0  WR=0.060

[new 13/16] v55 vs v296_sc (200 games = 100/side, seed=90400) ...
  v55: 18(2u/16s)  v296_sc: 182(84u/98s)  draws: 0  WR(v55)=0.090  t=3.2s

[new 14/16] v235_sc vs v227_sc (200 games = 100/side, seed=90600) ...
  v235_sc: 105(55u/50s)  v227_sc: 95(50u/45s)  draws: 0  WR(v235_sc)=0.525  t=4.6s

[new 15/16] v235_sc vs v267_sc (200 games = 100/side, seed=90800) ...
  v235_sc: 99(49u/50s)  v267_sc: 101(50u/51s)  draws: 0  WR(v235_sc)=0.495  t=3.7s

[new 16/16] v235_sc vs v296_sc (200 games = 100/side, seed=91000) ...
  v235_sc: 3(2u/1s)  v296_sc: 197(99u/98s)  draws: 0  WR(v235_sc)=0.015  t=10.0s
  [reuse] v227_sc 106(59u/47s) - 93(52u/41s) v267_sc  draws=1  WR=0.532
  [reuse] v227_sc 0(0u/0s) - 200(100u/100s) v296_sc  draws=0  WR=0.000
  [reuse] v267_sc 1(1u/0s) - 199(100u/99s) v296_sc  draws=0  WR=0.005

Fitting BayesElo (combined) ...
Fitting BayesElo (bipartite per-side, anchor=v56_USSR=1900.0) ...

Model                   Elo    USSR*      US*    Gap                95% CI   vs anchor
  (* bipartite per-side, single anchor: v56_USSR=1900)
----------------------------------------------------------------------------------------
v296_sc                2352   2266   2529  -262  [  2314,   2390]  +452
v54                    1921   1976   1889  +88  [  1906,   1936]  +21
v44                    1901   1947   1875  +72  [  1886,   1917]  +1
v56                    1900   1900   1919  -19  [  1900,   1900]  +0
v55                    1893   1951   1856  +95  [  1878,   1908]  -7
v20                    1869   1916   1838  +78  [  1854,   1884]  -31
v267_sc                1806   1740   1887  -146  [  1787,   1825]  -94
v235_sc                1695   1698   1705  -7  [  1674,   1715]  -205
v227_sc                1689   1682   1710  -27  [  1668,   1709]  -211

Pair                              Obs WR   Bip WR   Comb WR   Bip err   Comb err
------------------------------------------------------------------------------------
v56            vs v54              0.502    0.468     0.470    +0.035     +0.033
v56            vs v44              0.481    0.498     0.498    -0.017     -0.017
v56            vs v20              0.485    0.546     0.545    -0.061     -0.060
v56            vs v55              0.471    0.508     0.510    -0.037     -0.038
v56            vs v235_sc          0.780    0.768     0.765    +0.012     +0.015
v56            vs v227_sc          0.740    0.773     0.771    -0.033     -0.031
v56            vs v267_sc          0.735    0.628     0.632    +0.107     +0.103
v56            vs v296_sc          0.145    0.073     0.069    +0.072     +0.076
v54            vs v44              0.574    0.529     0.528    +0.045     +0.045
v54            vs v20              0.515    0.575     0.575    -0.060     -0.060
v54            vs v55              0.465    0.538     0.540    -0.073     -0.075
v54            vs v235_sc          0.860    0.788     0.787    +0.072     +0.073
v54            vs v227_sc          0.840    0.795     0.792    +0.045     +0.048
v54            vs v267_sc          0.750    0.664     0.660    +0.086     +0.090
v54            vs v296_sc          0.095    0.071     0.077    +0.024     +0.018
v44            vs v20              0.555    0.547     0.547    +0.008     +0.008
v44            vs v55              0.471    0.510     0.512    -0.039     -0.040
v44            vs v235_sc          0.873    0.768     0.767    +0.104     +0.106
v44            vs v227_sc          0.863    0.775     0.773    +0.088     +0.090
v44            vs v267_sc          0.570    0.635     0.634    -0.065     -0.064
v44            vs v296_sc          0.055    0.065     0.069    -0.010     -0.014
v20            vs v55              0.435    0.464     0.465    -0.029     -0.030
v20            vs v235_sc          0.625    0.732     0.732    -0.107     -0.107
v20            vs v227_sc          0.680    0.739     0.738    -0.059     -0.058
v20            vs v267_sc          0.645    0.590     0.590    +0.055     +0.055
v20            vs v296_sc          0.020    0.054     0.058    -0.034     -0.038
v55            vs v235_sc          0.823    0.759     0.758    +0.063     +0.064
v55            vs v227_sc          0.870    0.766     0.764    +0.104     +0.106
v55            vs v267_sc          0.060    0.626     0.623    -0.566     -0.563
v55            vs v296_sc          0.090    0.061     0.066    +0.029     +0.024
v235_sc        vs v227_sc          0.525    0.508     0.508    +0.017     +0.017
v235_sc        vs v267_sc          0.495    0.350     0.345    +0.145     +0.150
v235_sc        vs v296_sc          0.015    0.023     0.022    -0.008     -0.007
v227_sc        vs v267_sc          0.532    0.345     0.338    +0.187     +0.195
v227_sc        vs v296_sc          0.000    0.023     0.021    -0.023     -0.021
v267_sc        vs v296_sc          0.005    0.056     0.041    -0.051     -0.036
------------------------------------------------------------------------------------
                                              RMSE    0.1167     0.1169
  (bipartite RMSE < combined RMSE → bipartite model better fit)

Saved to results/logs/elo/elo_v296_sc_incremental.json
[sql] Tournament logged: incremental_20260416T183349Z_v20_v227_sc → results/metadata.sqlite3
[confirm] Merged $VERSION into results/elo/elo_full_ladder.json: elo=2352
[Thu Apr 16 11:40:51 2026]
Finished jobid: 0 (Rule: ppo_train_dynamic)
1 of 1 steps (100%) done
Complete log(s): /home/dkord/code/twilight-struggle-ai/.snakemake/log/2026-04-16T113226.613296.snakemake.log
