=== ELO incremental placement: v112_sc ===
Exporting checkpoints to TorchScript ...
Loaded 3074 match results from SQL match_cache

Match schedule (36 total, 0 new, 36 reused from prior run):
  v55 vs v54  [reuse]
  v55 vs v44  [reuse]
  v55 vs v45  [reuse]
  v55 vs v14  [reuse]
  v55 vs v64  [reuse]
  v55 vs v11  [reuse]
  v55 vs v46  [reuse]
  v55 vs v112_sc  [reuse]
  v54 vs v44  [reuse]
  v54 vs v45  [reuse]
  v54 vs v14  [reuse]
  v54 vs v64  [reuse]
  v54 vs v11  [reuse]
  v54 vs v46  [reuse]
  v54 vs v112_sc  [reuse]
  v44 vs v45  [reuse]
  v44 vs v14  [reuse]
  v44 vs v64  [reuse]
  v44 vs v11  [reuse]
  v44 vs v46  [reuse]
  v44 vs v112_sc  [reuse]
  v45 vs v14  [reuse]
  v45 vs v64  [reuse]
  v45 vs v11  [reuse]
  v45 vs v46  [reuse]
  v45 vs v112_sc  [reuse]
  v14 vs v64  [reuse]
  v14 vs v11  [reuse]
  v14 vs v46  [reuse]
  v14 vs v112_sc  [reuse]
  v64 vs v11  [reuse]
  v64 vs v46  [reuse]
  v64 vs v112_sc  [reuse]
  v11 vs v46  [reuse]
  v11 vs v112_sc  [reuse]
  v46 vs v112_sc  [reuse]
  [reuse] v55 209(115u/94s) - 181(102u/79s) v54  draws=10  WR=0.535
  [reuse] v55 201(119u/82s) - 178(110u/68s) v44  draws=21  WR=0.529
  [reuse] v55 206(136u/70s) - 180(123u/57s) v45  draws=14  WR=0.532
  [reuse] v55 255(150u/105s) - 128(88u/40s) v14  draws=17  WR=0.659
  [reuse] v55 189(97u/92s) - 11(8u/3s) v64  draws=0  WR=0.945
  [reuse] v55 261(160u/101s) - 129(95u/34s) v11  draws=10  WR=0.665
  [reuse] v55 201(114u/87s) - 184(107u/77s) v46  draws=15  WR=0.521
  [reuse] v55 190(97u/93s) - 9(7u/2s) v112_sc  draws=1  WR=0.953
  [reuse] v54 222(126u/96s) - 163(99u/64s) v44  draws=15  WR=0.574
  [reuse] v54 194(125u/69s) - 183(121u/62s) v45  draws=23  WR=0.514
  [reuse] v54 254(154u/100s) - 131(95u/36s) v14  draws=15  WR=0.654
  [reuse] v54 379(193u/186s) - 20(13u/7s) v64  draws=1  WR=0.949
  [reuse] v54 265(161u/104s) - 126(93u/33s) v11  draws=9  WR=0.674
  [reuse] v54 181(113u/68s) - 200(120u/80s) v46  draws=19  WR=0.476
  [reuse] v54 186(95u/91s) - 14(9u/5s) v112_sc  draws=0  WR=0.930
  [reuse] v44 194(130u/64s) - 192(130u/62s) v45  draws=14  WR=0.502
  [reuse] v44 239(147u/92s) - 147(100u/47s) v14  draws=14  WR=0.615
  [reuse] v44 376(189u/187s) - 21(12u/9s) v64  draws=3  WR=0.944
  [reuse] v44 265(155u/110s) - 126(83u/43s) v11  draws=9  WR=0.674
  [reuse] v44 190(102u/88s) - 190(101u/89s) v46  draws=20  WR=0.500
  [reuse] v44 180(96u/84s) - 20(16u/4s) v112_sc  draws=0  WR=0.900
  [reuse] v45 226(147u/79s) - 162(115u/47s) v14  draws=12  WR=0.580
  [reuse] v45 366(189u/177s) - 33(23u/10s) v64  draws=1  WR=0.916
  [reuse] v45 267(160u/107s) - 112(81u/31s) v11  draws=21  WR=0.694
  [reuse] v45 189(130u/59s) - 194(137u/57s) v46  draws=17  WR=0.494
  [reuse] v45 185(97u/88s) - 14(12u/2s) v112_sc  draws=1  WR=0.927
  [reuse] v14 178(89u/89s) - 22(11u/11s) v64  draws=0  WR=0.890
  [reuse] v14 216(144u/72s) - 169(121u/48s) v11  draws=15  WR=0.559
  [reuse] v14 139(97u/42s) - 246(151u/95s) v46  draws=15  WR=0.366
  [reuse] v14 186(98u/88s) - 13(11u/2s) v112_sc  draws=1  WR=0.932
  [reuse] v64 47(32u/15s) - 347(184u/163s) v11  draws=6  WR=0.125
  [reuse] v64 25(16u/9s) - 373(189u/184s) v46  draws=2  WR=0.065
  [reuse] v64 183(96u/87s) - 17(13u/4s) v112_sc  draws=0  WR=0.915
  [reuse] v11 134(98u/36s) - 252(159u/93s) v46  draws=14  WR=0.352
  [reuse] v11 185(97u/88s) - 15(12u/3s) v112_sc  draws=0  WR=0.925
  [reuse] v46 189(98u/91s) - 11(9u/2s) v112_sc  draws=0  WR=0.945

Fitting BayesElo (combined) ...
Fitting BayesElo (bipartite per-side, anchor=v14_USSR=2015.0) ...

Model                   Elo    USSR*      US*    Gap                95% CI   vs anchor
  (* bipartite per-side, single anchor: v14_USSR=2015)
----------------------------------------------------------------------------------------
v55                    2123   2099   2032  +67  [  2109,   2138]  +108
v54                    2115   2091   2021  +70  [  2101,   2129]  +100
v46                    2108   2087   2009  +78  [  2094,   2122]  +93
v45                    2098   2123   1959  +165  [  2084,   2112]  +83
v44                    2096   2062   2009  +53  [  2082,   2110]  +81
v14                    2015   2015   1881  +134  [  2015,   2015]  +0
v11                    1981   1984   1836  +149  [  1967,   1995]  -34
v64                    1674   1584   1620  -36  [  1652,   1696]  -341
v112_sc                1516   1518   1292  +226  [  1481,   1551]  -499

Pair                              Obs WR   Bip WR   Comb WR   Bip err   Comb err
------------------------------------------------------------------------------------
v55            vs v54              0.535    0.513     0.513    +0.022     +0.022
v55            vs v44              0.529    0.543     0.540    -0.014     -0.011
v55            vs v45              0.532    0.532     0.537    +0.001     -0.004
v55            vs v14              0.659    0.652     0.651    +0.007     +0.008
v55            vs v64              0.945    0.935     0.930    +0.010     +0.015
v55            vs v11              0.665    0.694     0.694    -0.029     -0.029
v55            vs v46              0.521    0.524     0.523    -0.003     -0.001
v55            vs v112_sc          0.953    0.971     0.971    -0.018     -0.018
v54            vs v44              0.574    0.529     0.527    +0.044     +0.047
v54            vs v45              0.514    0.520     0.524    -0.006     -0.010
v54            vs v14              0.654    0.640     0.640    +0.014     +0.014
v54            vs v64              0.949    0.932     0.927    +0.017     +0.022
v54            vs v11              0.674    0.683     0.683    -0.009     -0.009
v54            vs v46              0.476    0.511     0.510    -0.035     -0.034
v54            vs v112_sc          0.930    0.969     0.969    -0.039     -0.039
v44            vs v45              0.502    0.492     0.497    +0.010     +0.005
v44            vs v14              0.615    0.615     0.614    -0.000     +0.001
v44            vs v64              0.944    0.924     0.919    +0.020     +0.025
v44            vs v11              0.674    0.660     0.659    +0.013     +0.014
v44            vs v46              0.500    0.482     0.483    +0.018     +0.017
v44            vs v112_sc          0.900    0.966     0.966    -0.066     -0.066
v45            vs v14              0.580    0.611     0.617    -0.031     -0.037
v45            vs v64              0.916    0.922     0.920    -0.006     -0.004
v45            vs v11              0.694    0.651     0.662    +0.042     +0.032
v45            vs v46              0.494    0.491     0.486    +0.003     +0.008
v45            vs v112_sc          0.927    0.959     0.966    -0.032     -0.039
v14            vs v64              0.890    0.877     0.877    +0.013     +0.013
v14            vs v11              0.559    0.546     0.548    +0.013     +0.010
v14            vs v46              0.366    0.371     0.370    -0.005     -0.003
v14            vs v112_sc          0.932    0.937     0.946    -0.005     -0.014
v64            vs v11              0.125    0.149     0.146    -0.024     -0.021
v64            vs v46              0.065    0.071     0.076    -0.006     -0.011
v64            vs v112_sc          0.915    0.743     0.713    +0.172     +0.202
v11            vs v46              0.352    0.327     0.326    +0.025     +0.027
v11            vs v112_sc          0.925    0.922     0.936    +0.003     -0.011
v46            vs v112_sc          0.945    0.967     0.968    -0.022     -0.023
------------------------------------------------------------------------------------
                                              RMSE    0.0366     0.0410
  (bipartite RMSE < combined RMSE → bipartite model better fit)

Saved to results/logs/elo/elo_v112_sc_incremental.json
[sql] Tournament logged: incremental_20260413T190756Z_v11_v112_sc → results/metadata.sqlite3
[confirm] Merged $VERSION into results/elo/elo_full_ladder.json: elo=1516
[Mon Apr 13 12:12:45 2026]
Finished jobid: 0 (Rule: ppo_train_dynamic)
1 of 1 steps (100%) done
Complete log(s): /home/dkord/code/twilight-struggle-ai/.snakemake/log/2026-04-13T120725.285872.snakemake.log
