=== ELO incremental placement: v151_sc ===
Exporting checkpoints to TorchScript ...
Loaded 2872 match results from SQL match_cache

Match schedule (36 total, 9 new, 27 reused from prior run):
  v55 vs v54  [reuse]
  v55 vs v44  [reuse]
  v55 vs v45  [reuse]
  v55 vs v14  [reuse]
  v55 vs v145_sc  [reuse]
  v55 vs v137_sc  [reuse]
  v55 vs v46  [reuse]
  v55 vs v151_sc
  v54 vs v44  [reuse]
  v54 vs v45  [reuse]
  v54 vs v14  [reuse]
  v54 vs v145_sc  [reuse]
  v54 vs v137_sc  [reuse]
  v54 vs v46  [reuse]
  v54 vs v151_sc
  v44 vs v45  [reuse]
  v44 vs v14  [reuse]
  v44 vs v145_sc  [reuse]
  v44 vs v137_sc  [reuse]
  v44 vs v46  [reuse]
  v44 vs v151_sc
  v45 vs v14  [reuse]
  v45 vs v145_sc  [reuse]
  v45 vs v137_sc  [reuse]
  v45 vs v46  [reuse]
  v45 vs v151_sc
  v14 vs v145_sc  [reuse]
  v14 vs v137_sc  [reuse]
  v14 vs v46  [reuse]
  v14 vs v151_sc
  v145_sc vs v137_sc
  v145_sc vs v46  [reuse]
  v145_sc vs v151_sc
  v137_sc vs v46  [reuse]
  v137_sc vs v151_sc
  v46 vs v151_sc
  [reuse] v55 209(115u/94s) - 181(102u/79s) v54  draws=10  WR=0.535
  [reuse] v55 201(119u/82s) - 178(110u/68s) v44  draws=21  WR=0.529
  [reuse] v55 206(136u/70s) - 180(123u/57s) v45  draws=14  WR=0.532
  [reuse] v55 255(150u/105s) - 128(88u/40s) v14  draws=17  WR=0.659
  [reuse] v55 151(82u/69s) - 47(30u/17s) v145_sc  draws=2  WR=0.760
  [reuse] v55 131(75u/56s) - 63(43u/20s) v137_sc  draws=6  WR=0.670
  [reuse] v55 201(114u/87s) - 184(107u/77s) v46  draws=15  WR=0.521

[new 1/9] v55 vs v151_sc (200 games = 100/side, seed=88000) ...
  v55: 159(94u/65s)  v151_sc: 38(34u/4s)  draws: 3  WR(v55)=0.802  t=8.9s
  [reuse] v54 222(126u/96s) - 163(99u/64s) v44  draws=15  WR=0.574
  [reuse] v54 194(125u/69s) - 183(121u/62s) v45  draws=23  WR=0.514
  [reuse] v54 254(154u/100s) - 131(95u/36s) v14  draws=15  WR=0.654
  [reuse] v54 138(87u/51s) - 62(49u/13s) v145_sc  draws=0  WR=0.690
  [reuse] v54 127(81u/46s) - 65(49u/16s) v137_sc  draws=8  WR=0.655
  [reuse] v54 181(113u/68s) - 200(120u/80s) v46  draws=19  WR=0.476

[new 2/9] v54 vs v151_sc (200 games = 100/side, seed=88200) ...
  v54: 168(94u/74s)  v151_sc: 30(26u/4s)  draws: 2  WR(v54)=0.845  t=9.1s
  [reuse] v44 194(130u/64s) - 192(130u/62s) v45  draws=14  WR=0.502
  [reuse] v44 239(147u/92s) - 147(100u/47s) v14  draws=14  WR=0.615
  [reuse] v44 146(83u/63s) - 49(35u/14s) v145_sc  draws=5  WR=0.743
  [reuse] v44 129(75u/54s) - 69(44u/25s) v137_sc  draws=2  WR=0.650
  [reuse] v44 190(102u/88s) - 190(101u/89s) v46  draws=20  WR=0.500

[new 3/9] v44 vs v151_sc (200 games = 100/side, seed=88400) ...
  v44: 159(94u/65s)  v151_sc: 40(34u/6s)  draws: 1  WR(v44)=0.797  t=9.8s
  [reuse] v45 226(147u/79s) - 162(115u/47s) v14  draws=12  WR=0.580
  [reuse] v45 156(87u/69s) - 36(29u/7s) v145_sc  draws=8  WR=0.800
  [reuse] v45 130(80u/50s) - 64(49u/15s) v137_sc  draws=6  WR=0.665
  [reuse] v45 189(130u/59s) - 194(137u/57s) v46  draws=17  WR=0.494

[new 4/9] v45 vs v151_sc (200 games = 100/side, seed=88600) ...
Assuming unrestricted shared filesystem usage.
host: balsa-tree
Building DAG of jobs...
Using shell: /usr/bin/bash
Provided cores: 20
Rules claiming more threads will be scaled down.
Provided resources: gpu=Resource("gpu", 1)
Job stats:
job                  count
-----------------  -------
ppo_train_dynamic        1
total                    1

Select jobs to execute...
Execute 1 jobs...

[Mon Apr 13 15:47:12 2026]
localrule ppo_train_dynamic:
    input: data/checkpoints/ppo_v151_sc_league/ppo_best.pt
    output: data/checkpoints/ppo_v152_sc_league/ppo_final.pt
    log: results/logs/ppo/ppo_v152_sc.log
    jobid: 0
    reason: Missing output files: data/checkpoints/ppo_v152_sc_league/ppo_final.pt
    resources: tmpdir=/tmp, gpu=1
  v45: 161(96u/65s)  v151_sc: 34(32u/2s)  draws: 5  WR(v45)=0.818  t=9.8s
  [reuse] v14 127(81u/46s) - 72(53u/19s) v145_sc  draws=1  WR=0.637
  [reuse] v14 99(65u/34s) - 93(62u/31s) v137_sc  draws=8  WR=0.515
  [reuse] v14 139(97u/42s) - 246(151u/95s) v46  draws=15  WR=0.366

[new 5/9] v14 vs v151_sc (200 games = 100/side, seed=88800) ...
  v14: 134(88u/46s)  v151_sc: 65(53u/12s)  draws: 1  WR(v14)=0.672  t=9.7s

[new 6/9] v145_sc vs v137_sc (200 games = 100/side, seed=89000) ...
  v145_sc: 69(53u/16s)  v137_sc: 129(83u/46s)  draws: 2  WR(v145_sc)=0.350  t=9.7s
  [reuse] v145_sc 50(41u/9s) - 149(90u/59s) v46  draws=1  WR=0.253

[new 7/9] v145_sc vs v151_sc (200 games = 100/side, seed=89200) ...
  v145_sc: 117(81u/36s)  v151_sc: 80(62u/18s)  draws: 3  WR(v145_sc)=0.593  t=9.7s
  [reuse] v137_sc 74(60u/14s) - 123(83u/40s) v46  draws=3  WR=0.378

[new 8/9] v137_sc vs v151_sc (200 games = 100/side, seed=89400) ...
  v137_sc: 159(93u/66s)  v151_sc: 38(33u/5s)  draws: 3  WR(v137_sc)=0.802  t=9.9s

[new 9/9] v46 vs v151_sc (200 games = 100/side, seed=89600) ...
  v46: 172(94u/78s)  v151_sc: 25(22u/3s)  draws: 3  WR(v46)=0.868  t=9.4s

Fitting BayesElo (combined) ...
Fitting BayesElo (bipartite per-side, anchor=v14_USSR=2015.0) ...

Model                   Elo    USSR*      US*    Gap                95% CI   vs anchor
  (* bipartite per-side, single anchor: v14_USSR=2015)
----------------------------------------------------------------------------------------
v55                    2129   2096   2043  +53  [  2115,   2144]  +114
v54                    2117   2097   2019  +78  [  2103,   2131]  +102
v46                    2116   2097   2014  +83  [  2101,   2130]  +101
v45                    2106   2133   1967  +166  [  2092,   2121]  +91
v44                    2100   2064   2012  +52  [  2086,   2114]  +85
v14                    2015   2015   1875  +140  [  2015,   2015]  +0
v137_sc                2013   2012   1875  +137  [  1995,   2031]  -2
v145_sc                1915   1909   1752  +156  [  1896,   1935]  -100
v151_sc                1838   1851   1587  +264  [  1817,   1859]  -177

Pair                              Obs WR   Bip WR   Comb WR   Bip err   Comb err
------------------------------------------------------------------------------------
v55            vs v54              0.535    0.517     0.517    +0.018     +0.018
v55            vs v44              0.529    0.545     0.542    -0.016     -0.013
v55            vs v45              0.532    0.526     0.533    +0.007     -0.000
v55            vs v14              0.659    0.661     0.659    -0.002     -0.000
v55            vs v145_sc          0.760    0.782     0.774    -0.022     -0.014
v55            vs v137_sc          0.670    0.663     0.661    +0.007     +0.009
v55            vs v46              0.521    0.519     0.520    +0.002     +0.001
v55            vs v151_sc          0.802    0.850     0.843    -0.048     -0.040
v54            vs v44              0.574    0.527     0.525    +0.046     +0.049
v54            vs v45              0.514    0.510     0.516    +0.004     -0.002
v54            vs v14              0.654    0.643     0.643    +0.010     +0.011
v54            vs v145_sc          0.690    0.766     0.762    -0.076     -0.072
v54            vs v137_sc          0.655    0.646     0.646    +0.009     +0.009
v54            vs v46              0.476    0.503     0.502    -0.026     -0.026
v54            vs v151_sc          0.845    0.837     0.833    +0.008     +0.012
v44            vs v45              0.502    0.484     0.491    +0.018     +0.012
v44            vs v14              0.615    0.622     0.620    -0.007     -0.005
v44            vs v145_sc          0.743    0.751     0.743    -0.008     -0.001
v44            vs v137_sc          0.650    0.624     0.623    +0.026     +0.027
v44            vs v46              0.500    0.475     0.478    +0.025     +0.022
v44            vs v151_sc          0.797    0.828     0.819    -0.030     -0.021
v45            vs v14              0.580    0.623     0.629    -0.043     -0.049
v45            vs v145_sc          0.800    0.741     0.750    +0.059     +0.050
v45            vs v137_sc          0.665    0.626     0.631    +0.039     +0.034
v45            vs v46              0.494    0.493     0.487    +0.001     +0.007
v45            vs v151_sc          0.818    0.810     0.824    +0.008     -0.007
v14            vs v145_sc          0.637    0.636     0.639    +0.002     -0.002
v14            vs v137_sc          0.515    0.502     0.503    +0.013     +0.012
v14            vs v46              0.366    0.360     0.359    +0.007     +0.007
v14            vs v151_sc          0.672    0.728     0.735    -0.056     -0.062
v145_sc        vs v137_sc          0.350    0.366     0.363    -0.016     -0.013
v145_sc        vs v46              0.253    0.237     0.240    +0.016     +0.012
v145_sc        vs v151_sc          0.593    0.613     0.610    -0.020     -0.017
v137_sc        vs v46              0.378    0.357     0.357    +0.020     +0.021
v137_sc        vs v151_sc          0.802    0.727     0.732    +0.075     +0.070
v46            vs v151_sc          0.868    0.834     0.832    +0.033     +0.036
------------------------------------------------------------------------------------
                                              RMSE    0.0304     0.0290
  (bipartite RMSE >= combined RMSE → bipartite model not better fit)

Saved to results/logs/elo/elo_v151_sc_incremental.json
[sql] Tournament logged: incremental_20260413T224809Z_v137_sc_v14 → results/metadata.sqlite3
[confirm] Merged $VERSION into results/elo/elo_full_ladder.json: elo=1838
[Mon Apr 13 15:50:12 2026]
Finished jobid: 0 (Rule: ppo_train_dynamic)
1 of 1 steps (100%) done
Complete log(s): /home/dkord/code/twilight-struggle-ai/.snakemake/log/2026-04-13T154712.188643.snakemake.log
