=== ELO incremental placement: v193_sc ===
Exporting checkpoints to TorchScript ...
Loaded 3665 match results from SQL match_cache

Match schedule (36 total, 0 new, 36 reused from prior run):
  v55 vs v54  [reuse]
  v55 vs v44  [reuse]
  v55 vs v45  [reuse]
  v55 vs v14  [reuse]
  v55 vs v186_sc  [reuse]
  v55 vs v146_sc  [reuse]
  v55 vs v46  [reuse]
  v55 vs v193_sc  [reuse]
  v54 vs v44  [reuse]
  v54 vs v45  [reuse]
  v54 vs v14  [reuse]
  v54 vs v186_sc  [reuse]
  v54 vs v146_sc  [reuse]
  v54 vs v46  [reuse]
  v54 vs v193_sc  [reuse]
  v44 vs v45  [reuse]
  v44 vs v14  [reuse]
  v44 vs v186_sc  [reuse]
  v44 vs v146_sc  [reuse]
  v44 vs v46  [reuse]
  v44 vs v193_sc  [reuse]
  v45 vs v14  [reuse]
  v45 vs v186_sc  [reuse]
  v45 vs v146_sc  [reuse]
  v45 vs v46  [reuse]
  v45 vs v193_sc  [reuse]
  v14 vs v186_sc  [reuse]
  v14 vs v146_sc  [reuse]
  v14 vs v46  [reuse]
  v14 vs v193_sc  [reuse]
  v186_sc vs v146_sc  [reuse]
  v186_sc vs v46  [reuse]
  v186_sc vs v193_sc  [reuse]
  v146_sc vs v46  [reuse]
  v146_sc vs v193_sc  [reuse]
  v46 vs v193_sc  [reuse]
  [reuse] v55 209(115u/94s) - 181(102u/79s) v54  draws=10  WR=0.535
  [reuse] v55 201(119u/82s) - 178(110u/68s) v44  draws=21  WR=0.529
  [reuse] v55 206(136u/70s) - 180(123u/57s) v45  draws=14  WR=0.532
  [reuse] v55 255(150u/105s) - 128(88u/40s) v14  draws=17  WR=0.659
  [reuse] v55 187(96u/91s) - 12(9u/3s) v186_sc  draws=1  WR=0.938
  [reuse] v55 148(81u/67s) - 52(33u/19s) v146_sc  draws=0  WR=0.740
  [reuse] v55 201(114u/87s) - 184(107u/77s) v46  draws=15  WR=0.521
  [reuse] v55 186(97u/89s) - 14(11u/3s) v193_sc  draws=0  WR=0.930
  [reuse] v54 222(126u/96s) - 163(99u/64s) v44  draws=15  WR=0.574
  [reuse] v54 194(125u/69s) - 183(121u/62s) v45  draws=23  WR=0.514
  [reuse] v54 254(154u/100s) - 131(95u/36s) v14  draws=15  WR=0.654
  [reuse] v54 175(93u/82s) - 24(17u/7s) v186_sc  draws=1  WR=0.877
  [reuse] v54 148(80u/68s) - 47(31u/16s) v146_sc  draws=5  WR=0.752
  [reuse] v54 181(113u/68s) - 200(120u/80s) v46  draws=19  WR=0.476
  [reuse] v54 186(98u/88s) - 12(10u/2s) v193_sc  draws=2  WR=0.935
  [reuse] v44 194(130u/64s) - 192(130u/62s) v45  draws=14  WR=0.502
  [reuse] v44 239(147u/92s) - 147(100u/47s) v14  draws=14  WR=0.615
  [reuse] v44 173(94u/79s) - 23(20u/3s) v186_sc  draws=4  WR=0.875
  [reuse] v44 148(87u/61s) - 49(37u/12s) v146_sc  draws=3  WR=0.748
  [reuse] v44 190(102u/88s) - 190(101u/89s) v46  draws=20  WR=0.500
  [reuse] v44 184(98u/86s) - 15(13u/2s) v193_sc  draws=1  WR=0.922
  [reuse] v45 226(147u/79s) - 162(115u/47s) v14  draws=12  WR=0.580
  [reuse] v45 166(87u/79s) - 34(21u/13s) v186_sc  draws=0  WR=0.830
  [reuse] v45 154(87u/67s) - 41(31u/10s) v146_sc  draws=5  WR=0.782
  [reuse] v45 189(130u/59s) - 194(137u/57s) v46  draws=17  WR=0.494
  [reuse] v45 185(98u/87s) - 14(12u/2s) v193_sc  draws=1  WR=0.927
  [reuse] v14 164(90u/74s) - 30(25u/5s) v186_sc  draws=6  WR=0.835
  [reuse] v14 122(76u/46s) - 71(49u/22s) v146_sc  draws=7  WR=0.627
  [reuse] v14 139(97u/42s) - 246(151u/95s) v46  draws=15  WR=0.366
  [reuse] v14 175(96u/79s) - 23(19u/4s) v193_sc  draws=2  WR=0.880
  [reuse] v186_sc 31(24u/7s) - 166(91u/75s) v146_sc  draws=3  WR=0.163
  [reuse] v186_sc 18(14u/4s) - 181(96u/85s) v46  draws=1  WR=0.092
  [reuse] v186_sc 76(56u/20s) - 113(74u/39s) v193_sc  draws=11  WR=0.407
  [reuse] v146_sc 46(35u/11s) - 151(88u/63s) v46  draws=3  WR=0.237
  [reuse] v146_sc 168(94u/74s) - 26(22u/4s) v193_sc  draws=6  WR=0.855
  [reuse] v46 174(97u/77s) - 25(22u/3s) v193_sc  draws=1  WR=0.873

Fitting BayesElo (combined) ...
Fitting BayesElo (bipartite per-side, anchor=v14_USSR=2015.0) ...

Model                   Elo    USSR*      US*    Gap                95% CI   vs anchor
  (* bipartite per-side, single anchor: v14_USSR=2015)
----------------------------------------------------------------------------------------
v55                    2128   2091   2040  +51  [  2113,   2142]  +113
v54                    2116   2084   2023  +61  [  2101,   2130]  +101
v46                    2110   2087   2007  +79  [  2095,   2124]  +95
v45                    2097   2119   1954  +164  [  2082,   2111]  +82
v44                    2096   2067   1998  +69  [  2082,   2111]  +81
v14                    2015   2015   1874  +141  [  2015,   2015]  +0
v146_sc                1928   1898   1809  +89  [  1908,   1948]  -87
v186_sc                1696   1670   1524  +147  [  1671,   1722]  -319
v193_sc                1691   1671   1510  +161  [  1666,   1717]  -324

Pair                              Obs WR   Bip WR   Comb WR   Bip err   Comb err
------------------------------------------------------------------------------------
v55            vs v54              0.535    0.517     0.517    +0.018     +0.018
v55            vs v44              0.529    0.546     0.545    -0.018     -0.016
v55            vs v45              0.532    0.538     0.545    -0.006     -0.012
v55            vs v14              0.659    0.657     0.657    +0.002     +0.002
v55            vs v186_sc          0.938    0.929     0.923    +0.009     +0.015
v55            vs v146_sc          0.740    0.764     0.759    -0.024     -0.019
v55            vs v46              0.521    0.526     0.526    -0.005     -0.005
v55            vs v193_sc          0.930    0.930     0.925    +0.000     +0.005
v54            vs v44              0.574    0.529     0.528    +0.045     +0.046
v54            vs v45              0.514    0.522     0.527    -0.008     -0.013
v54            vs v14              0.654    0.640     0.641    +0.013     +0.013
v54            vs v186_sc          0.877    0.923     0.918    -0.045     -0.040
v54            vs v146_sc          0.752    0.751     0.746    +0.002     +0.006
v54            vs v46              0.476    0.509     0.508    -0.032     -0.032
v54            vs v193_sc          0.935    0.924     0.920    +0.011     +0.015
v44            vs v45              0.502    0.495     0.499    +0.007     +0.003
v44            vs v14              0.615    0.614     0.615    +0.001     +0.000
v44            vs v186_sc          0.875    0.913     0.909    -0.038     -0.034
v44            vs v146_sc          0.748    0.727     0.725    +0.020     +0.023
v44            vs v46              0.500    0.480     0.481    +0.020     +0.019
v44            vs v193_sc          0.922    0.914     0.911    +0.008     +0.011
v45            vs v14              0.580    0.608     0.615    -0.028     -0.035
v45            vs v186_sc          0.830    0.903     0.909    -0.073     -0.079
v45            vs v146_sc          0.782    0.718     0.725    +0.065     +0.057
v45            vs v46              0.494    0.486     0.481    +0.007     +0.013
v45            vs v193_sc          0.927    0.903     0.911    +0.024     +0.016
v14            vs v186_sc          0.835    0.854     0.862    -0.019     -0.027
v14            vs v146_sc          0.627    0.616     0.623    +0.012     +0.005
v14            vs v46              0.366    0.369     0.367    -0.003     -0.001
v14            vs v193_sc          0.880    0.856     0.866    +0.024     +0.014
v186_sc        vs v146_sc          0.163    0.207     0.208    -0.044     -0.046
v186_sc        vs v46              0.092    0.082     0.085    +0.011     +0.008
v186_sc        vs v193_sc          0.407    0.507     0.507    -0.100     -0.099
v146_sc        vs v46              0.237    0.258     0.260    -0.021     -0.023
v146_sc        vs v193_sc          0.855    0.796     0.796    +0.059     +0.059
v46            vs v193_sc          0.873    0.919     0.917    -0.047     -0.045
------------------------------------------------------------------------------------
                                              RMSE    0.0331     0.0330
  (bipartite RMSE >= combined RMSE → bipartite model not better fit)

Saved to results/logs/elo/elo_v193_sc_incremental.json
[sql] Tournament logged: incremental_20260414T040300Z_v14_v146_sc → results/metadata.sqlite3
[confirm] Merged $VERSION into results/elo/elo_full_ladder.json: elo=1692
[Mon Apr 13 21:10:54 2026]
Finished jobid: 0 (Rule: ppo_train_dynamic)
1 of 1 steps (100%) done
Complete log(s): /home/dkord/code/twilight-struggle-ai/.snakemake/log/2026-04-13T210239.323036.snakemake.log
