=== ELO incremental placement: v107_sc ===
Exporting checkpoints to TorchScript ...
Loaded 2962 match results from SQL match_cache

Match schedule (36 total, 8 new, 28 reused from prior run):
  v55 vs v54  [reuse]
  v55 vs v44  [reuse]
  v55 vs v45  [reuse]
  v55 vs v14  [reuse]
  v55 vs v69_sc  [reuse]
  v55 vs v52  [reuse]
  v55 vs v46  [reuse]
  v55 vs v107_sc
  v54 vs v44  [reuse]
  v54 vs v45  [reuse]
  v54 vs v14  [reuse]
  v54 vs v69_sc  [reuse]
  v54 vs v52  [reuse]
  v54 vs v46  [reuse]
  v54 vs v107_sc
  v44 vs v45  [reuse]
  v44 vs v14  [reuse]
  v44 vs v69_sc  [reuse]
  v44 vs v52  [reuse]
  v44 vs v46  [reuse]
  v44 vs v107_sc
  v45 vs v14  [reuse]
  v45 vs v69_sc  [reuse]
  v45 vs v52  [reuse]
  v45 vs v46  [reuse]
  v45 vs v107_sc
  v14 vs v69_sc  [reuse]
  v14 vs v52  [reuse]
  v14 vs v46  [reuse]
  v14 vs v107_sc
  v69_sc vs v52  [reuse]
  v69_sc vs v46  [reuse]
  v69_sc vs v107_sc
  v52 vs v46  [reuse]
  v52 vs v107_sc
  v46 vs v107_sc
  [reuse] v55 209(115u/94s) - 181(102u/79s) v54  draws=10  WR=0.535
  [reuse] v55 201(119u/82s) - 178(110u/68s) v44  draws=21  WR=0.529
  [reuse] v55 206(136u/70s) - 180(123u/57s) v45  draws=14  WR=0.532
  [reuse] v55 255(150u/105s) - 128(88u/40s) v14  draws=17  WR=0.659
  [reuse] v55 163(88u/75s) - 32(23u/9s) v69_sc  draws=5  WR=0.828
  [reuse] v55 262(144u/118s) - 129(79u/50s) v52  draws=9  WR=0.666
  [reuse] v55 201(114u/87s) - 184(107u/77s) v46  draws=15  WR=0.521

[new 1/8] v55 vs v107_sc (200 games = 100/side, seed=88000) ...
  v55: 188(98u/90s)  v107_sc: 11(10u/1s)  draws: 1  WR(v55)=0.943  t=7.0s
  [reuse] v54 222(126u/96s) - 163(99u/64s) v44  draws=15  WR=0.574
  [reuse] v54 194(125u/69s) - 183(121u/62s) v45  draws=23  WR=0.514
  [reuse] v54 254(154u/100s) - 131(95u/36s) v14  draws=15  WR=0.654
  [reuse] v54 156(88u/68s) - 35(25u/10s) v69_sc  draws=9  WR=0.802
  [reuse] v54 256(144u/112s) - 130(83u/47s) v52  draws=14  WR=0.657
  [reuse] v54 181(113u/68s) - 200(120u/80s) v46  draws=19  WR=0.476

[new 2/8] v54 vs v107_sc (200 games = 100/side, seed=88200) ...
  v54: 191(98u/93s)  v107_sc: 9(7u/2s)  draws: 0  WR(v54)=0.955  t=7.4s
  [reuse] v44 194(130u/64s) - 192(130u/62s) v45  draws=14  WR=0.502
  [reuse] v44 239(147u/92s) - 147(100u/47s) v14  draws=14  WR=0.615
  [reuse] v44 158(81u/77s) - 34(21u/13s) v69_sc  draws=8  WR=0.810
  [reuse] v44 250(141u/109s) - 139(82u/57s) v52  draws=11  WR=0.639
  [reuse] v44 190(102u/88s) - 190(101u/89s) v46  draws=20  WR=0.500

[new 3/8] v44 vs v107_sc (200 games = 100/side, seed=88400) ...
  v44: 188(96u/92s)  v107_sc: 12(8u/4s)  draws: 0  WR(v44)=0.940  t=7.9s
  [reuse] v45 226(147u/79s) - 162(115u/47s) v14  draws=12  WR=0.580
  [reuse] v45 142(79u/63s) - 49(32u/17s) v69_sc  draws=9  WR=0.733
  [reuse] v45 249(155u/94s) - 131(95u/36s) v52  draws=20  WR=0.647
  [reuse] v45 189(130u/59s) - 194(137u/57s) v46  draws=17  WR=0.494

[new 4/8] v45 vs v107_sc (200 games = 100/side, seed=88600) ...
  v45: 189(97u/92s)  v107_sc: 11(8u/3s)  draws: 0  WR(v45)=0.945  t=9.3s
  [reuse] v14 140(77u/63s) - 56(35u/21s) v69_sc  draws=4  WR=0.710
  [reuse] v14 198(120u/78s) - 181(115u/66s) v52  draws=21  WR=0.521
  [reuse] v14 139(97u/42s) - 246(151u/95s) v46  draws=15  WR=0.366

[new 5/8] v14 vs v107_sc (200 games = 100/side, seed=88800) ...
  v14: 189(97u/92s)  v107_sc: 10(7u/3s)  draws: 1  WR(v14)=0.948  t=8.9s
  [reuse] v69_sc 160(79u/81s) - 230(116u/114s) v52  draws=10  WR=0.412
  [reuse] v69_sc 94(63u/31s) - 299(167u/132s) v46  draws=7  WR=0.244

[new 6/8] v69_sc vs v107_sc (200 games = 100/side, seed=89000) ...
  v69_sc: 176(91u/85s)  v107_sc: 23(14u/9s)  draws: 1  WR(v69_sc)=0.882  t=11.0s
  [reuse] v52 136(90u/46s) - 249(145u/104s) v46  draws=15  WR=0.359

[new 7/8] v52 vs v107_sc (200 games = 100/side, seed=89200) ...
  v52: 179(95u/84s)  v107_sc: 21(16u/5s)  draws: 0  WR(v52)=0.895  t=10.8s

[new 8/8] v46 vs v107_sc (200 games = 100/side, seed=89400) ...
  v46: 193(100u/93s)  v107_sc: 7(7u/0s)  draws: 0  WR(v46)=0.965  t=8.2s

Fitting BayesElo (combined) ...
Fitting BayesElo (bipartite per-side, anchor=v14_USSR=2015.0) ...

Model                   Elo    USSR*      US*    Gap                95% CI   vs anchor
  (* bipartite per-side, single anchor: v14_USSR=2015)
----------------------------------------------------------------------------------------
v55                    2125   2100   2039  +62  [  2111,   2139]  +110
v54                    2115   2094   2023  +71  [  2101,   2129]  +100
v46                    2106   2091   2007  +84  [  2093,   2120]  +91
v44                    2096   2063   2012  +51  [  2082,   2109]  +81
v45                    2094   2127   1951  +176  [  2080,   2108]  +79
v14                    2015   2015   1887  +128  [  2015,   2015]  +0
v52                    1989   1954   1898  +56  [  1975,   2002]  -26
v69_sc                 1890   1834   1819  +15  [  1872,   1908]  -125
v107_sc                1575   1553   1426  +127  [  1540,   1610]  -440

Pair                              Obs WR   Bip WR   Comb WR   Bip err   Comb err
------------------------------------------------------------------------------------
v55            vs v54              0.535    0.515     0.515    +0.020     +0.020
v55            vs v44              0.529    0.545     0.543    -0.016     -0.014
v55            vs v45              0.532    0.539     0.545    -0.006     -0.012
v55            vs v14              0.659    0.654     0.654    +0.005     +0.005
v55            vs v69_sc           0.828    0.800     0.795    +0.028     +0.033
v55            vs v52              0.666    0.691     0.687    -0.025     -0.021
v55            vs v46              0.521    0.528     0.527    -0.007     -0.006
v55            vs v107_sc          0.943    0.961     0.960    -0.019     -0.017
v54            vs v44              0.574    0.530     0.528    +0.044     +0.046
v54            vs v45              0.514    0.525     0.530    -0.011     -0.016
v54            vs v14              0.654    0.639     0.640    +0.015     +0.014
v54            vs v69_sc           0.802    0.789     0.785    +0.014     +0.018
v54            vs v52              0.657    0.677     0.674    -0.020     -0.017
v54            vs v46              0.476    0.513     0.512    -0.037     -0.036
v54            vs v107_sc          0.955    0.958     0.957    -0.003     -0.002
v44            vs v45              0.502    0.498     0.502    +0.005     +0.001
v44            vs v14              0.615    0.614     0.614    +0.001     +0.001
v44            vs v69_sc           0.810    0.769     0.765    +0.041     +0.045
v44            vs v52              0.639    0.652     0.649    -0.013     -0.011
v44            vs v46              0.500    0.484     0.485    +0.016     +0.015
v44            vs v107_sc          0.940    0.954     0.952    -0.014     -0.012
v45            vs v14              0.580    0.604     0.612    -0.024     -0.032
v45            vs v69_sc           0.733    0.759     0.764    -0.026     -0.031
v45            vs v52              0.647    0.643     0.648    +0.005     -0.000
v45            vs v46              0.494    0.487     0.483    +0.006     +0.011
v45            vs v107_sc          0.945    0.945     0.952    -0.000     -0.007
v14            vs v69_sc           0.710    0.666     0.672    +0.044     +0.038
v14            vs v52              0.521    0.534     0.538    -0.013     -0.017
v14            vs v46              0.366    0.374     0.372    -0.008     -0.005
v14            vs v107_sc          0.948    0.920     0.927    +0.027     +0.021
v69_sc         vs v52              0.412    0.363     0.362    +0.050     +0.050
v69_sc         vs v46              0.244    0.221     0.224    +0.022     +0.020
v69_sc         vs v107_sc          0.882    0.868     0.860    +0.015     +0.022
v52            vs v46              0.359    0.335     0.337    +0.023     +0.022
v52            vs v107_sc          0.895    0.917     0.915    -0.022     -0.020
v46            vs v107_sc          0.965    0.955     0.955    +0.010     +0.010
------------------------------------------------------------------------------------
                                              RMSE    0.0222     0.0226
  (bipartite RMSE < combined RMSE → bipartite model better fit)

Saved to results/logs/elo/elo_v107_sc_incremental.json
[sql] Tournament logged: incremental_20260413T184025Z_v107_sc_v14 → results/metadata.sqlite3
[confirm] Merged $VERSION into results/elo/elo_full_ladder.json: elo=1575
Assuming unrestricted shared filesystem usage.
host: balsa-tree
Building DAG of jobs...
Using shell: /usr/bin/bash
Provided cores: 20
Rules claiming more threads will be scaled down.
Provided resources: gpu=Resource("gpu", 1)
Job stats:
job                  count
-----------------  -------
ppo_train_dynamic        1
total                    1

Select jobs to execute...
Execute 1 jobs...

[Mon Apr 13 11:40:41 2026]
localrule ppo_train_dynamic:
    input: data/checkpoints/ppo_v107_sc_league/ppo_best.pt
    output: data/checkpoints/ppo_v108_sc_league/ppo_final.pt
    log: results/logs/ppo/ppo_v108_sc.log
    jobid: 0
    reason: Missing output files: data/checkpoints/ppo_v108_sc_league/ppo_final.pt
    resources: tmpdir=/tmp, gpu=1
[Mon Apr 13 11:45:50 2026]
Finished jobid: 0 (Rule: ppo_train_dynamic)
1 of 1 steps (100%) done
Complete log(s): /home/dkord/code/twilight-struggle-ai/.snakemake/log/2026-04-13T114041.034591.snakemake.log
