=== ELO incremental placement: v299_sc ===
Exporting checkpoints to TorchScript ...
Loaded 5196 match results from SQL match_cache

Match schedule (36 total, 15 new, 21 reused from prior run):
  v56 vs v54  [reuse]
  v56 vs v44  [reuse]
  v56 vs v20  [reuse]
  v56 vs v55  [reuse]
  v56 vs v238_sc
  v56 vs v214_sc
  v56 vs v297_sc  [reuse]
  v56 vs v299_sc
  v54 vs v44  [reuse]
  v54 vs v20  [reuse]
  v54 vs v55  [reuse]
  v54 vs v238_sc  [reuse]
  v54 vs v214_sc  [reuse]
  v54 vs v297_sc  [reuse]
  v54 vs v299_sc
  v44 vs v20  [reuse]
  v44 vs v55  [reuse]
  v44 vs v238_sc  [reuse]
  v44 vs v214_sc  [reuse]
  v44 vs v297_sc  [reuse]
  v44 vs v299_sc
  v20 vs v55  [reuse]
  v20 vs v238_sc
  v20 vs v214_sc
  v20 vs v297_sc  [reuse]
  v20 vs v299_sc
  v55 vs v238_sc  [reuse]
  v55 vs v214_sc  [reuse]
  v55 vs v297_sc  [reuse]
  v55 vs v299_sc
  v238_sc vs v214_sc
  v238_sc vs v297_sc
  v238_sc vs v299_sc
  v214_sc vs v297_sc
  v214_sc vs v299_sc
  v297_sc vs v299_sc
  [reuse] v56 197(118u/79s) - 195(116u/79s) v54  draws=8  WR=0.502
  [reuse] v56 185(101u/84s) - 200(108u/92s) v44  draws=15  WR=0.481
  [reuse] v56 188(122u/66s) - 200(131u/69s) v20  draws=12  WR=0.485
  [reuse] v56 183(110u/73s) - 206(121u/85s) v55  draws=11  WR=0.471

[new 1/15] v56 vs v238_sc (200 games = 100/side, seed=88000) ...
  v56: 179(97u/82s)  v238_sc: 20(18u/2s)  draws: 1  WR(v56)=0.897  t=57.7s

[new 2/15] v56 vs v214_sc (200 games = 100/side, seed=88200) ...
  v56: 184(93u/91s)  v214_sc: 15(8u/7s)  draws: 1  WR(v56)=0.922  t=58.3s
  [reuse] v56 23(2u/21s) - 177(79u/98s) v297_sc  draws=0  WR=0.115

[new 3/15] v56 vs v299_sc (200 games = 100/side, seed=88400) ...
  v56: 103(67u/36s)  v299_sc: 93(64u/29s)  draws: 4  WR(v56)=0.525  t=13.8s
  [reuse] v54 222(126u/96s) - 163(99u/64s) v44  draws=15  WR=0.574
  [reuse] v54 196(128u/68s) - 184(123u/61s) v20  draws=20  WR=0.515
  [reuse] v54 181(102u/79s) - 209(115u/94s) v55  draws=10  WR=0.465
  [reuse] v54 180(95u/85s) - 20(15u/5s) v238_sc  draws=0  WR=0.900
  [reuse] v54 175(95u/80s) - 24(19u/5s) v214_sc  draws=1  WR=0.877
  [reuse] v54 3(0u/3s) - 197(97u/100s) v297_sc  draws=0  WR=0.015

[new 4/15] v54 vs v299_sc (200 games = 100/side, seed=88600) ...
  v54: 91(56u/35s)  v299_sc: 106(65u/41s)  draws: 3  WR(v54)=0.463  t=14.5s
  [reuse] v44 213(134u/79s) - 169(111u/58s) v20  draws=18  WR=0.555
  [reuse] v44 178(110u/68s) - 201(119u/82s) v55  draws=21  WR=0.471
  [reuse] v44 158(91u/67s) - 41(33u/8s) v238_sc  draws=1  WR=0.792
  [reuse] v44 163(94u/69s) - 36(30u/6s) v214_sc  draws=1  WR=0.818
  [reuse] v44 1(0u/1s) - 199(99u/100s) v297_sc  draws=0  WR=0.005

[new 5/15] v44 vs v299_sc (200 games = 100/side, seed=88800) ...
  v44: 92(55u/37s)  v299_sc: 100(57u/43s)  draws: 8  WR(v44)=0.480  t=14.1s
  [reuse] v20 167(115u/52s) - 219(137u/82s) v55  draws=14  WR=0.435

[new 6/15] v20 vs v238_sc (200 games = 100/side, seed=89000) ...
  v20: 179(96u/83s)  v238_sc: 19(16u/3s)  draws: 2  WR(v20)=0.900  t=41.7s

[new 7/15] v20 vs v214_sc (200 games = 100/side, seed=89200) ...
  v20: 173(85u/88s)  v214_sc: 26(12u/14s)  draws: 1  WR(v20)=0.868  t=68.1s
  [reuse] v20 6(1u/5s) - 194(95u/99s) v297_sc  draws=0  WR=0.030

[new 8/15] v20 vs v299_sc (200 games = 100/side, seed=89400) ...
Assuming unrestricted shared filesystem usage.
host: balsa-tree
Building DAG of jobs...
Using shell: /usr/bin/bash
Provided cores: 20
Rules claiming more threads will be scaled down.
Provided resources: gpu=Resource("gpu", 1)
Job stats:
job                  count
-----------------  -------
ppo_train_dynamic        1
total                    1

Select jobs to execute...
Execute 1 jobs...

[Thu Apr 16 12:05:00 2026]
localrule ppo_train_dynamic:
    input: data/checkpoints/ppo_v299_sc_league/ppo_best.pt
    output: data/checkpoints/ppo_v300_sc_league/ppo_final.pt
    log: results/logs/ppo/ppo_v300_sc.log
    jobid: 0
    reason: Missing output files: data/checkpoints/ppo_v300_sc_league/ppo_final.pt
    resources: tmpdir=/tmp, gpu=1
  v20: 97(56u/41s)  v299_sc: 101(57u/44s)  draws: 2  WR(v20)=0.490  t=14.5s
  [reuse] v55 172(93u/79s) - 27(21u/6s) v238_sc  draws=1  WR=0.863
  [reuse] v55 172(95u/77s) - 27(23u/4s) v214_sc  draws=1  WR=0.863
  [reuse] v55 10(1u/9s) - 189(90u/99s) v297_sc  draws=1  WR=0.052

[new 9/15] v55 vs v299_sc (200 games = 100/side, seed=89600) ...
  v55: 94(49u/45s)  v299_sc: 100(53u/47s)  draws: 6  WR(v55)=0.485  t=20.1s

[new 10/15] v238_sc vs v214_sc (200 games = 100/side, seed=89800) ...
  v238_sc: 82(45u/37s)  v214_sc: 118(63u/55s)  draws: 0  WR(v238_sc)=0.410  t=66.6s

[new 11/15] v238_sc vs v297_sc (200 games = 100/side, seed=90000) ...
  v238_sc: 29(15u/14s)  v297_sc: 168(85u/83s)  draws: 3  WR(v238_sc)=0.152  t=60.5s

[new 12/15] v238_sc vs v299_sc (200 games = 100/side, seed=90200) ...
  v238_sc: 18(12u/6s)  v299_sc: 180(94u/86s)  draws: 2  WR(v238_sc)=0.095  t=44.7s

[new 13/15] v214_sc vs v297_sc (200 games = 100/side, seed=90400) ...
  v214_sc: 39(25u/14s)  v297_sc: 159(84u/75s)  draws: 2  WR(v214_sc)=0.200  t=66.0s

[new 14/15] v214_sc vs v299_sc (200 games = 100/side, seed=90600) ...
  v214_sc: 13(8u/5s)  v299_sc: 185(93u/92s)  draws: 2  WR(v214_sc)=0.070  t=76.7s

[new 15/15] v297_sc vs v299_sc (200 games = 100/side, seed=90800) ...
  v297_sc: 47(25u/22s)  v299_sc: 149(76u/73s)  draws: 4  WR(v297_sc)=0.245  t=20.2s

Fitting BayesElo (combined) ...
Fitting BayesElo (bipartite per-side, anchor=v56_USSR=1900.0) ...

Model                   Elo    USSR*      US*    Gap                95% CI   vs anchor
  (* bipartite per-side, single anchor: v56_USSR=1900)
----------------------------------------------------------------------------------------
v297_sc                2148   2066   2175  -109  [  2124,   2171]  +248
v299_sc                1979   1987   1922  +66  [  1960,   1999]  +79
v55                    1913   1919   1856  +63  [  1898,   1929]  +13
v54                    1901   1909   1839  +69  [  1886,   1916]  +1
v56                    1900   1900   1846  +54  [  1900,   1900]  +0
v20                    1883   1915   1795  +119  [  1868,   1899]  -17
v44                    1882   1894   1815  +79  [  1867,   1898]  -18
v214_sc                1609   1599   1545  +54  [  1586,   1632]  -291
v238_sc                1580   1593   1480  +113  [  1556,   1605]  -320

Pair                              Obs WR   Bip WR   Comb WR   Bip err   Comb err
------------------------------------------------------------------------------------
v56            vs v54              0.502    0.498     0.499    +0.004     +0.004
v56            vs v44              0.481    0.526     0.525    -0.045     -0.044
v56            vs v20              0.485    0.524     0.524    -0.039     -0.039
v56            vs v55              0.471    0.480     0.481    -0.008     -0.009
v56            vs v238_sc          0.897    0.864     0.863    +0.033     +0.034
v56            vs v214_sc          0.922    0.845     0.842    +0.077     +0.080
v56            vs v297_sc          0.115    0.195     0.194    -0.080     -0.079
v56            vs v299_sc          0.525    0.388     0.388    +0.137     +0.137
v54            vs v44              0.574    0.527     0.527    +0.046     +0.047
v54            vs v20              0.515    0.525     0.525    -0.010     -0.010
v54            vs v55              0.465    0.482     0.482    -0.017     -0.017
v54            vs v238_sc          0.900    0.863     0.864    +0.037     +0.036
v54            vs v214_sc          0.877    0.845     0.843    +0.033     +0.034
v54            vs v297_sc          0.015    0.195     0.195    -0.180     -0.180
v54            vs v299_sc          0.463    0.390     0.389    +0.072     +0.073
v44            vs v20              0.555    0.499     0.499    +0.056     +0.056
v44            vs v55              0.471    0.454     0.456    +0.017     +0.016
v44            vs v238_sc          0.792    0.848     0.851    -0.056     -0.058
v44            vs v214_sc          0.818    0.828     0.828    -0.011     -0.011
v44            vs v297_sc          0.005    0.178     0.179    -0.173     -0.174
v44            vs v299_sc          0.480    0.365     0.364    +0.115     +0.116
v20            vs v55              0.435    0.457     0.457    -0.022     -0.022
v20            vs v238_sc          0.900    0.843     0.852    +0.057     +0.048
v20            vs v214_sc          0.868    0.825     0.829    +0.043     +0.038
v20            vs v297_sc          0.030    0.178     0.179    -0.148     -0.149
v20            vs v299_sc          0.490    0.370     0.366    +0.120     +0.124
v55            vs v238_sc          0.863    0.873     0.872    -0.010     -0.010
v55            vs v214_sc          0.863    0.855     0.852    +0.008     +0.010
v55            vs v297_sc          0.052    0.208     0.206    -0.155     -0.154
v55            vs v299_sc          0.485    0.407     0.406    +0.078     +0.079
v238_sc        vs v214_sc          0.410    0.452     0.458    -0.042     -0.048
v238_sc        vs v297_sc          0.152    0.034     0.037    +0.119     +0.116
v238_sc        vs v299_sc          0.095    0.091     0.091    +0.004     +0.004
v214_sc        vs v297_sc          0.200    0.041     0.043    +0.159     +0.157
v214_sc        vs v299_sc          0.070    0.104     0.106    -0.034     -0.036
v297_sc        vs v299_sc          0.245    0.722     0.725    -0.477     -0.480
------------------------------------------------------------------------------------
                                              RMSE    0.1143     0.1147
  (bipartite RMSE < combined RMSE → bipartite model better fit)

Saved to results/logs/elo/elo_v299_sc_incremental.json
[sql] Tournament logged: incremental_20260416T191101Z_v20_v214_sc → results/metadata.sqlite3
[confirm] Merged $VERSION into results/elo/elo_full_ladder.json: elo=1979
[Thu Apr 16 12:29:27 2026]
Finished jobid: 0 (Rule: ppo_train_dynamic)
1 of 1 steps (100%) done
Complete log(s): /home/dkord/code/twilight-struggle-ai/.snakemake/log/2026-04-16T120500.354804.snakemake.log
