=== ELO update: adding v29 ===
   Building tsrl @ file:///home/dkord/code/twilight-struggle-ai
      Built tsrl @ file:///home/dkord/code/twilight-struggle-ai
Uninstalled 1 package in 1ms
Installed 1 package in 0.73ms
Exporting checkpoints to TorchScript ...
  heuristic: built-in heuristic (no export needed)
Loaded 166 match results from cache results/matches/

Match schedule (171 total, 18 new, 153 reused from prior run):
  heuristic vs v10  [reuse]
  heuristic vs v11  [reuse]
  heuristic vs v12  [reuse]
  heuristic vs v13  [reuse]
  heuristic vs v14  [reuse]
  heuristic vs v15  [reuse]
  heuristic vs v16  [reuse]
  heuristic vs v17  [reuse]
  heuristic vs v18  [reuse]
  heuristic vs v19  [reuse]
  heuristic vs v20  [reuse]
  heuristic vs v21  [reuse]
  heuristic vs v22  [reuse]
  heuristic vs v27  [reuse]
  heuristic vs v28  [reuse]
  heuristic vs v29
  heuristic vs v8  [reuse]
  heuristic vs v9  [reuse]
  v10 vs v11  [reuse]
  v10 vs v12  [reuse]
  v10 vs v13  [reuse]
  v10 vs v14  [reuse]
  v10 vs v15  [reuse]
  v10 vs v16  [reuse]
  v10 vs v17  [reuse]
  v10 vs v18  [reuse]
  v10 vs v19  [reuse]
  v10 vs v20  [reuse]
  v10 vs v21  [reuse]
  v10 vs v22  [reuse]
  v10 vs v27  [reuse]
  v10 vs v28  [reuse]
  v10 vs v29
  v10 vs v8  [reuse]
  v10 vs v9  [reuse]
  v11 vs v12  [reuse]
  v11 vs v13  [reuse]
  v11 vs v14  [reuse]
  v11 vs v15  [reuse]
  v11 vs v16  [reuse]
  v11 vs v17  [reuse]
  v11 vs v18  [reuse]
  v11 vs v19  [reuse]
  v11 vs v20  [reuse]
  v11 vs v21  [reuse]
  v11 vs v22  [reuse]
  v11 vs v27  [reuse]
  v11 vs v28  [reuse]
  v11 vs v29
  v11 vs v8  [reuse]
  v11 vs v9  [reuse]
  v12 vs v13  [reuse]
  v12 vs v14  [reuse]
  v12 vs v15  [reuse]
  v12 vs v16  [reuse]
  v12 vs v17  [reuse]
  v12 vs v18  [reuse]
  v12 vs v19  [reuse]
  v12 vs v20  [reuse]
  v12 vs v21  [reuse]
  v12 vs v22  [reuse]
  v12 vs v27  [reuse]
  v12 vs v28  [reuse]
  v12 vs v29
  v12 vs v8  [reuse]
  v12 vs v9  [reuse]
  v13 vs v14  [reuse]
  v13 vs v15  [reuse]
  v13 vs v16  [reuse]
  v13 vs v17  [reuse]
  v13 vs v18  [reuse]
  v13 vs v19  [reuse]
  v13 vs v20  [reuse]
  v13 vs v21  [reuse]
  v13 vs v22  [reuse]
  v13 vs v27  [reuse]
  v13 vs v28  [reuse]
  v13 vs v29
  v13 vs v8  [reuse]
  v13 vs v9  [reuse]
  v14 vs v15  [reuse]
  v14 vs v16  [reuse]
  v14 vs v17  [reuse]
  v14 vs v18  [reuse]
  v14 vs v19  [reuse]
  v14 vs v20  [reuse]
  v14 vs v21  [reuse]
  v14 vs v22  [reuse]
  v14 vs v27  [reuse]
  v14 vs v28  [reuse]
  v14 vs v29
  v14 vs v8  [reuse]
  v14 vs v9  [reuse]
  v15 vs v16  [reuse]
  v15 vs v17  [reuse]
  v15 vs v18  [reuse]
  v15 vs v19  [reuse]
  v15 vs v20  [reuse]
  v15 vs v21  [reuse]
  v15 vs v22  [reuse]
  v15 vs v27  [reuse]
  v15 vs v28  [reuse]
  v15 vs v29
  v15 vs v8  [reuse]
  v15 vs v9  [reuse]
  v16 vs v17  [reuse]
  v16 vs v18  [reuse]
  v16 vs v19  [reuse]
  v16 vs v20  [reuse]
  v16 vs v21  [reuse]
  v16 vs v22  [reuse]
  v16 vs v27  [reuse]
  v16 vs v28  [reuse]
  v16 vs v29
  v16 vs v8  [reuse]
  v16 vs v9  [reuse]
  v17 vs v18  [reuse]
  v17 vs v19  [reuse]
  v17 vs v20  [reuse]
  v17 vs v21  [reuse]
  v17 vs v22  [reuse]
  v17 vs v27  [reuse]
  v17 vs v28  [reuse]
  v17 vs v29
  v17 vs v8  [reuse]
  v17 vs v9  [reuse]
  v18 vs v19  [reuse]
  v18 vs v20  [reuse]
  v18 vs v21  [reuse]
  v18 vs v22  [reuse]
  v18 vs v27  [reuse]
  v18 vs v28  [reuse]
  v18 vs v29
  v18 vs v8  [reuse]
  v18 vs v9  [reuse]
  v19 vs v20  [reuse]
  v19 vs v21  [reuse]
  v19 vs v22  [reuse]
  v19 vs v27  [reuse]
  v19 vs v28  [reuse]
  v19 vs v29
  v19 vs v8  [reuse]
  v19 vs v9  [reuse]
  v20 vs v21  [reuse]
  v20 vs v22  [reuse]
  v20 vs v27  [reuse]
  v20 vs v28  [reuse]
  v20 vs v29
  v20 vs v8  [reuse]
  v20 vs v9  [reuse]
  v21 vs v22  [reuse]
  v21 vs v27  [reuse]
  v21 vs v28  [reuse]
  v21 vs v29
  v21 vs v8  [reuse]
  v21 vs v9  [reuse]
  v22 vs v27  [reuse]
  v22 vs v28  [reuse]
  v22 vs v29
  v22 vs v8  [reuse]
  v22 vs v9  [reuse]
  v27 vs v28  [reuse]
  v27 vs v29
  v27 vs v8  [reuse]
  v27 vs v9  [reuse]
  v28 vs v29
  v28 vs v8  [reuse]
  v28 vs v9  [reuse]
  v29 vs v8
  v29 vs v9
  v8 vs v9  [reuse]
  [reuse] heuristic 45(37u/8s) - 351(192u/159s) v10  draws=4  WR=0.117
  [reuse] heuristic 69(60u/9s) - 327(191u/136s) v11  draws=4  WR=0.177
  [reuse] heuristic 42(21u/21s) - 157(78u/79s) v12  draws=1  WR=0.212
  [reuse] heuristic 84(73u/11s) - 308(188u/120s) v13  draws=8  WR=0.220
  [reuse] heuristic 64(32u/32s) - 329(164u/165s) v14  draws=7  WR=0.169
  [reuse] heuristic 37(30u/7s) - 360(191u/169s) v15  draws=3  WR=0.096
  [reuse] heuristic 59(50u/9s) - 339(190u/149s) v16  draws=2  WR=0.150
  [reuse] heuristic 43(37u/6s) - 353(192u/161s) v17  draws=4  WR=0.113
  [reuse] heuristic 33(32u/1s) - 362(198u/164s) v18  draws=5  WR=0.089
  [reuse] heuristic 53(26u/27s) - 345(172u/173s) v19  draws=2  WR=0.135
  [reuse] heuristic 47(34u/13s) - 351(186u/165s) v20  draws=2  WR=0.120
  [reuse] heuristic 47(44u/3s) - 349(197u/152s) v21  draws=4  WR=0.122
  [reuse] heuristic 45(22u/23s) - 350(175u/175s) v22  draws=5  WR=0.119
  [reuse] heuristic 119(69u/50s) - 278(150u/128s) v27  draws=3  WR=0.301
  [reuse] heuristic 97(69u/28s) - 301(172u/129s) v28  draws=2  WR=0.245

[new 1/18] heuristic vs v29 (400 games = 200/side, seed=88000) ...
  heuristic: 92(48u/44s)  v29: 307(156u/151s)  draws: 1  WR(heuristic)=0.231  t=26.6s
  [reuse] heuristic 20(10u/10s) - 176(88u/88s) v8  draws=4  WR=0.110
  [reuse] heuristic 76(64u/12s) - 317(187u/130s) v9  draws=7  WR=0.199
  [reuse] v10 157(117u/40s) - 230(154u/76s) v11  draws=13  WR=0.409
  [reuse] v10 149(114u/35s) - 235(159u/76s) v12  draws=16  WR=0.393
  [reuse] v10 155(116u/39s) - 238(157u/81s) v13  draws=7  WR=0.396
  [reuse] v10 153(112u/41s) - 229(154u/75s) v14  draws=18  WR=0.405
  [reuse] v10 126(97u/29s) - 259(166u/93s) v15  draws=15  WR=0.334
  [reuse] v10 143(115u/28s) - 241(165u/76s) v16  draws=16  WR=0.378
  [reuse] v10 141(107u/34s) - 248(164u/84s) v17  draws=11  WR=0.366
  [reuse] v10 134(107u/27s) - 251(166u/85s) v18  draws=15  WR=0.354
  [reuse] v10 136(92u/44s) - 245(149u/96s) v19  draws=19  WR=0.364
  [reuse] v10 147(105u/42s) - 240(154u/86s) v20  draws=13  WR=0.384
  [reuse] v10 143(101u/42s) - 243(156u/87s) v21  draws=14  WR=0.375
  [reuse] v10 100(80u/20s) - 285(175u/110s) v22  draws=15  WR=0.269
  [reuse] v10 305(183u/122s) - 91(74u/17s) v27  draws=4  WR=0.767
  [reuse] v10 265(174u/91s) - 129(104u/25s) v28  draws=6  WR=0.670

[new 2/18] v10 vs v29 (400 games = 200/side, seed=88400) ...
  v10: 277(167u/110s)  v29: 122(90u/32s)  draws: 1  WR(v10)=0.694  t=16.9s
  [reuse] v10 207(161u/46s) - 179(144u/35s) v8  draws=14  WR=0.535
  [reuse] v10 198(145u/53s) - 187(139u/48s) v9  draws=15  WR=0.514
  [reuse] v11 162(120u/42s) - 222(151u/71s) v12  draws=16  WR=0.425
  [reuse] v11 189(127u/62s) - 203(135u/68s) v13  draws=8  WR=0.482
  [reuse] v11 169(121u/48s) - 216(144u/72s) v14  draws=15  WR=0.441
  [reuse] v11 149(107u/42s) - 235(152u/83s) v15  draws=16  WR=0.393
  [reuse] v11 157(114u/43s) - 230(149u/81s) v16  draws=13  WR=0.409
  [reuse] v11 155(109u/46s) - 236(150u/86s) v17  draws=9  WR=0.399
  [reuse] v11 148(118u/30s) - 240(167u/73s) v18  draws=12  WR=0.385
  [reuse] v11 132(94u/38s) - 254(154u/100s) v19  draws=14  WR=0.347
  [reuse] v11 119(89u/30s) - 272(168u/104s) v20  draws=9  WR=0.309
  [reuse] v11 130(93u/37s) - 253(155u/98s) v21  draws=17  WR=0.346
  [reuse] v11 129(99u/30s) - 254(162u/92s) v22  draws=17  WR=0.344
  [reuse] v11 304(187u/117s) - 95(82u/13s) v27  draws=1  WR=0.761
  [reuse] v11 283(176u/107s) - 110(89u/21s) v28  draws=7  WR=0.716

[new 3/18] v11 vs v29 (400 games = 200/side, seed=88800) ...
  v11: 291(184u/107s)  v29: 105(90u/15s)  draws: 4  WR(v11)=0.733  t=17.8s
  [reuse] v11 247(155u/92s) - 146(104u/42s) v8  draws=7  WR=0.626
  [reuse] v11 218(157u/61s) - 167(128u/39s) v9  draws=15  WR=0.564
  [reuse] v12 201(133u/68s) - 187(127u/60s) v13  draws=12  WR=0.517
  [reuse] v12 177(88u/89s) - 209(104u/105s) v14  draws=14  WR=0.460
  [reuse] v12 151(100u/51s) - 238(143u/95s) v15  draws=11  WR=0.391
  [reuse] v12 151(110u/41s) - 239(154u/85s) v16  draws=10  WR=0.390
  [reuse] v12 167(122u/45s) - 223(151u/72s) v17  draws=10  WR=0.430
  [reuse] v12 158(116u/42s) - 227(149u/78s) v18  draws=15  WR=0.414
  [reuse] v12 142(71u/71s) - 244(122u/122s) v19  draws=14  WR=0.372
  [reuse] v12 149(113u/36s) - 240(161u/79s) v20  draws=11  WR=0.386
  [reuse] v12 170(118u/52s) - 220(144u/76s) v21  draws=10  WR=0.438
  [reuse] v12 146(73u/73s) - 240(120u/120s) v22  draws=14  WR=0.383
  [reuse] v12 324(187u/137s) - 74(61u/13s) v27  draws=2  WR=0.812
  [reuse] v12 297(187u/110s) - 98(86u/12s) v28  draws=5  WR=0.749

[new 4/18] v12 vs v29 (400 games = 200/side, seed=89200) ...
  v12: 298(173u/125s)  v29: 94(71u/23s)  draws: 8  WR(v12)=0.755  t=17.1s
  [reuse] v12 121(60u/61s) - 75(37u/38s) v8  draws=4  WR=0.615
  [reuse] v12 217(146u/71s) - 178(126u/52s) v9  draws=5  WR=0.549
  [reuse] v13 188(120u/68s) - 200(125u/75s) v14  draws=12  WR=0.485
  [reuse] v13 158(115u/43s) - 228(151u/77s) v15  draws=14  WR=0.412
  [reuse] v13 163(111u/52s) - 220(138u/82s) v16  draws=17  WR=0.429
  [reuse] v13 158(108u/50s) - 237(148u/89s) v17  draws=5  WR=0.401
  [reuse] v13 149(108u/41s) - 240(151u/89s) v18  draws=11  WR=0.386
  [reuse] v13 151(104u/47s) - 226(140u/86s) v19  draws=23  WR=0.406
  [reuse] v13 150(108u/42s) - 244(155u/89s) v20  draws=6  WR=0.383
  [reuse] v13 156(116u/40s) - 235(158u/77s) v21  draws=9  WR=0.401
  [reuse] v13 131(104u/27s) - 250(165u/85s) v22  draws=19  WR=0.351
  [reuse] v13 321(189u/132s) - 75(64u/11s) v27  draws=4  WR=0.807
  [reuse] v13 301(187u/114s) - 92(80u/12s) v28  draws=7  WR=0.761

[new 5/18] v13 vs v29 (400 games = 200/side, seed=89600) ...
  v13: 302(169u/133s)  v29: 88(62u/26s)  draws: 10  WR(v13)=0.767  t=17.0s
  [reuse] v13 237(153u/84s) - 157(112u/45s) v8  draws=6  WR=0.600
  [reuse] v13 222(153u/69s) - 169(128u/41s) v9  draws=9  WR=0.566
  [reuse] v14 179(132u/47s) - 206(146u/60s) v15  draws=15  WR=0.466
  [reuse] v14 163(116u/47s) - 218(142u/76s) v16  draws=19  WR=0.431
  [reuse] v14 169(111u/58s) - 213(134u/79s) v17  draws=18  WR=0.445
  [reuse] v14 155(98u/57s) - 229(136u/93s) v18  draws=16  WR=0.407
  [reuse] v14 153(76u/77s) - 230(115u/115s) v19  draws=17  WR=0.404
  [reuse] v14 158(110u/48s) - 227(145u/82s) v20  draws=15  WR=0.414
  [reuse] v14 147(105u/42s) - 238(150u/88s) v21  draws=15  WR=0.386
  [reuse] v14 140(70u/70s) - 241(120u/121s) v22  draws=19  WR=0.374
  [reuse] v14 331(184u/147s) - 65(50u/15s) v27  draws=4  WR=0.833
  [reuse] v14 311(183u/128s) - 85(69u/16s) v28  draws=4  WR=0.782

[new 6/18] v14 vs v29 (400 games = 200/side, seed=90000) ...
  v14: 317(173u/144s)  v29: 80(55u/25s)  draws: 3  WR(v14)=0.796  t=17.8s
  [reuse] v14 247(123u/124s) - 137(68u/69s) v8  draws=16  WR=0.637
  [reuse] v14 249(163u/86s) - 138(108u/30s) v9  draws=13  WR=0.639
  [reuse] v15 193(128u/65s) - 188(125u/63s) v16  draws=19  WR=0.506
  [reuse] v15 170(115u/55s) - 212(139u/73s) v17  draws=18  WR=0.448
  [reuse] v15 182(124u/58s) - 206(135u/71s) v18  draws=12  WR=0.470
  [reuse] v15 166(115u/51s) - 223(142u/81s) v19  draws=11  WR=0.429
  [reuse] v15 159(106u/53s) - 223(140u/83s) v20  draws=18  WR=0.420
  [reuse] v15 175(122u/53s) - 210(138u/72s) v21  draws=15  WR=0.456
  [reuse] v15 156(91u/65s) - 223(125u/98s) v22  draws=21  WR=0.416
  [reuse] v15 328(187u/141s) - 69(56u/13s) v27  draws=3  WR=0.824
  [reuse] v15 310(184u/126s) - 84(71u/13s) v28  draws=6  WR=0.782

[new 7/18] v15 vs v29 (400 games = 200/side, seed=90400) ...
  v15: 305(171u/134s)  v29: 91(62u/29s)  draws: 4  WR(v15)=0.767  t=16.5s
  [reuse] v15 275(167u/108s) - 116(85u/31s) v8  draws=9  WR=0.699
  [reuse] v15 267(169u/98s) - 122(92u/30s) v9  draws=11  WR=0.681
  [reuse] v16 178(126u/52s) - 206(139u/67s) v17  draws=16  WR=0.465
  [reuse] v16 173(112u/61s) - 217(136u/81s) v18  draws=10  WR=0.445
  [reuse] v16 180(116u/64s) - 203(126u/77s) v19  draws=17  WR=0.471
  [reuse] v16 161(112u/49s) - 229(146u/83s) v20  draws=10  WR=0.415
  [reuse] v16 144(95u/49s) - 240(146u/94s) v21  draws=16  WR=0.380
  [reuse] v16 157(96u/61s) - 233(137u/96s) v22  draws=10  WR=0.405
  [reuse] v16 342(190u/152s) - 57(47u/10s) v27  draws=1  WR=0.856
  [reuse] v16 304(180u/124s) - 90(71u/19s) v28  draws=6  WR=0.767

[new 8/18] v16 vs v29 (400 games = 200/side, seed=90800) ...
  v16: 316(175u/141s)  v29: 78(58u/20s)  draws: 6  WR(v16)=0.797  t=18.0s
  [reuse] v16 282(162u/120s) - 109(77u/32s) v8  draws=9  WR=0.716
  [reuse] v16 251(161u/90s) - 137(101u/36s) v9  draws=12  WR=0.642
  [reuse] v17 187(128u/59s) - 199(138u/61s) v18  draws=14  WR=0.485
  [reuse] v17 165(107u/58s) - 218(135u/83s) v19  draws=17  WR=0.434
  [reuse] v17 164(111u/53s) - 214(137u/77s) v20  draws=22  WR=0.438
  [reuse] v17 175(128u/47s) - 209(146u/63s) v21  draws=16  WR=0.458
  [reuse] v17 168(113u/55s) - 219(141u/78s) v22  draws=13  WR=0.436
  [reuse] v17 340(195u/145s) - 57(53u/4s) v27  draws=3  WR=0.854
  [reuse] v17 312(178u/134s) - 82(64u/18s) v28  draws=6  WR=0.787

[new 9/18] v17 vs v29 (400 games = 200/side, seed=91200) ...
  v17: 330(186u/144s)  v29: 66(54u/12s)  draws: 4  WR(v17)=0.830  t=16.3s
  [reuse] v17 276(170u/106s) - 113(87u/26s) v8  draws=11  WR=0.704
  [reuse] v17 281(174u/107s) - 109(86u/23s) v9  draws=10  WR=0.715
  [reuse] v18 186(123u/63s) - 197(123u/74s) v19  draws=17  WR=0.486
  [reuse] v18 171(123u/48s) - 207(144u/63s) v20  draws=22  WR=0.455
  [reuse] v18 161(114u/47s) - 228(149u/79s) v21  draws=11  WR=0.416
  [reuse] v18 146(96u/50s) - 238(144u/94s) v22  draws=16  WR=0.385
  [reuse] v18 339(190u/149s) - 60(50u/10s) v27  draws=1  WR=0.849
  [reuse] v18 286(166u/120s) - 109(76u/33s) v28  draws=5  WR=0.721

[new 10/18] v18 vs v29 (400 games = 200/side, seed=91600) ...
  v18: 305(173u/132s)  v29: 90(64u/26s)  draws: 5  WR(v18)=0.769  t=17.3s
  [reuse] v18 266(167u/99s) - 123(94u/29s) v8  draws=11  WR=0.679
  [reuse] v18 258(171u/87s) - 133(108u/25s) v9  draws=9  WR=0.656
  [reuse] v19 192(124u/68s) - 187(119u/68s) v20  draws=21  WR=0.506
  [reuse] v19 183(114u/69s) - 198(125u/73s) v21  draws=19  WR=0.481
  [reuse] v19 178(89u/89s) - 210(105u/105s) v22  draws=12  WR=0.460
  [reuse] v19 337(191u/146s) - 62(54u/8s) v27  draws=1  WR=0.844
  [reuse] v19 309(178u/131s) - 85(65u/20s) v28  draws=6  WR=0.780

[new 11/18] v19 vs v29 (400 games = 200/side, seed=92000) ...
  v19: 332(183u/149s)  v29: 62(48u/14s)  draws: 6  WR(v19)=0.838  t=16.6s
  [reuse] v19 279(139u/140s) - 108(54u/54s) v8  draws=13  WR=0.714
  [reuse] v19 259(161u/98s) - 128(94u/34s) v9  draws=13  WR=0.664
  [reuse] v20 181(126u/55s) - 203(137u/66s) v21  draws=16  WR=0.472
  [reuse] v20 187(116u/71s) - 204(125u/79s) v22  draws=9  WR=0.479
  [reuse] v20 350(192u/158s) - 49(41u/8s) v27  draws=1  WR=0.876
  [reuse] v20 310(175u/135s) - 86(63u/23s) v28  draws=4  WR=0.780

[new 12/18] v20 vs v29 (400 games = 200/side, seed=92400) ...
  v20: 301(172u/129s)  v29: 92(69u/23s)  draws: 7  WR(v20)=0.761  t=17.4s
  [reuse] v20 280(175u/105s) - 106(86u/20s) v8  draws=14  WR=0.718
  [reuse] v20 257(167u/90s) - 124(97u/27s) v9  draws=19  WR=0.666
  [reuse] v21 181(118u/63s) - 201(125u/76s) v22  draws=18  WR=0.475
  [reuse] v21 342(191u/151s) - 57(49u/8s) v27  draws=1  WR=0.856
  [reuse] v21 314(176u/138s) - 80(58u/22s) v28  draws=6  WR=0.792

[new 13/18] v21 vs v29 (400 games = 200/side, seed=92800) ...
  v21: 309(168u/141s)  v29: 90(59u/31s)  draws: 1  WR(v21)=0.774  t=16.7s
  [reuse] v21 291(176u/115s) - 100(81u/19s) v8  draws=9  WR=0.739
  [reuse] v21 274(170u/104s) - 113(88u/25s) v9  draws=13  WR=0.701
  [reuse] v22 334(187u/147s) - 62(51u/11s) v27  draws=4  WR=0.840
  [reuse] v22 320(183u/137s) - 78(62u/16s) v28  draws=2  WR=0.802

[new 14/18] v22 vs v29 (400 games = 200/side, seed=93200) ...
  v22: 328(179u/149s)  v29: 69(49u/20s)  draws: 3  WR(v22)=0.824  t=16.5s
  [reuse] v22 282(141u/141s) - 109(54u/55s) v8  draws=9  WR=0.716
  [reuse] v22 253(166u/87s) - 134(105u/29s) v9  draws=13  WR=0.649
  [reuse] v27 143(97u/46s) - 256(153u/103s) v28  draws=1  WR=0.359

[new 15/18] v27 vs v29 (400 games = 200/side, seed=93600) ...
  v27: 119(71u/48s)  v29: 274(149u/125s)  draws: 7  WR(v27)=0.306  t=13.2s
  [reuse] v27 94(70u/24s) - 303(176u/127s) v8  draws=3  WR=0.239
  [reuse] v27 96(81u/15s) - 298(183u/115s) v9  draws=6  WR=0.247

[new 16/18] v28 vs v29 (400 games = 200/side, seed=94000) ...
  v28: 179(106u/73s)  v29: 218(126u/92s)  draws: 3  WR(v28)=0.451  t=15.0s
  [reuse] v28 123(106u/17s) - 269(179u/90s) v8  draws=8  WR=0.318
  [reuse] v28 120(96u/24s) - 275(174u/101s) v9  draws=5  WR=0.306

[new 17/18] v29 vs v8 (400 games = 200/side, seed=94400) ...
  v29: 123(88u/35s)  v8: 273(163u/110s)  draws: 4  WR(v29)=0.312  t=17.9s

[new 18/18] v29 vs v9 (400 games = 200/side, seed=94800) ...
  v29: 105(82u/23s)  v9: 289(176u/113s)  draws: 6  WR(v29)=0.270  t=17.3s
  [reuse] v8 164(136u/28s) - 226(171u/55s) v9  draws=10  WR=0.422

Fitting BayesElo (combined) ...
Fitting BayesElo (bipartite per-side, anchor=v12_USSR=2001.0) ...

Model                   Elo    USSR*      US*    Gap                95% CI   vs anchor
  (* bipartite per-side, single anchor: v12_USSR=2001)
----------------------------------------------------------------------------------------
v22                    2098  4154069  -5085789  +9239858  [  2089,   2107]  +97
v21                    2083  1654559  -7020930  +8675489  [  2074,   2092]  +82
v20                    2080  1834627  -6786664  +8621290  [  2071,   2089]  +79
v19                    2076  8460454  -4828391  +13288845  [  2067,   2085]  +75
v17                    2060  3177526  -4179334  +7356860  [  2051,   2069]  +59
v18                    2056  3672886  -3686835  +7359722  [  2047,   2065]  +55
v15                    2049  6308976  -2954733  +9263709  [  2040,   2057]  +48
v16                    2043  8042372  -2722359  +10764731  [  2034,   2052]  +42
v14                    2017  45655735  -2124324  +47780059  [  2008,   2026]  +16
v12                    2001   2001  -41506175652  +41506177653  [  2001,   2001]  +0
v13                    1996  35555564  -641560  +36197123  [  1987,   2005]  -5
v11                    1977  56734545  -320854  +57055399  [  1969,   1986]  -24
v10                    1952  121742333  -151153  +121893485  [  1943,   1960]  -49
v9                     1947  162629808  -114901  +162744709  [  1938,   1955]  -54
v8                     1919  385269210  -941875  +386211086  [  1911,   1928]  -82
v28                    1826  187360265  -23773  +187384038  [  1817,   1836]  -175
v29                    1822  23385542  -43482  +23429024  [  1813,   1832]  -179
v27                    1750  11613854  -12903  +11626757  [  1740,   1761]  -251
heuristic              1679  296867  -30361  +327228  [  1667,   1690]  -322

Pair                              Obs WR   Bip WR   Comb WR   Bip err   Comb err
------------------------------------------------------------------------------------
heuristic      vs v10              0.117    0.500     0.172    -0.383     -0.055
heuristic      vs v11              0.177    0.500     0.152    -0.323     +0.025
heuristic      vs v12              0.212    0.500     0.135    -0.287     +0.077
heuristic      vs v13              0.220    0.500     0.139    -0.280     +0.081
heuristic      vs v14              0.169    0.500     0.125    -0.331     +0.044
heuristic      vs v15              0.096    0.500     0.106    -0.404     -0.010
heuristic      vs v16              0.150    0.500     0.109    -0.350     +0.041
heuristic      vs v17              0.113    0.500     0.100    -0.388     +0.012
heuristic      vs v18              0.089    0.500     0.102    -0.411     -0.014
heuristic      vs v19              0.135    0.500     0.092    -0.365     +0.043
heuristic      vs v20              0.120    0.500     0.090    -0.380     +0.030
heuristic      vs v21              0.122    0.500     0.089    -0.378     +0.034
heuristic      vs v22              0.119    0.500     0.082    -0.381     +0.037
heuristic      vs v27              0.301    0.500     0.398    -0.199     -0.097
heuristic      vs v28              0.245    0.500     0.299    -0.255     -0.054
heuristic      vs v29              0.231    0.500     0.304    -0.269     -0.073
heuristic      vs v8               0.110    0.500     0.200    -0.390     -0.090
heuristic      vs v9               0.199    0.500     0.176    -0.301     +0.022
v10            vs v11              0.409    0.500     0.464    -0.091     -0.055
v10            vs v12              0.393    0.500     0.430    -0.107     -0.037
v10            vs v13              0.396    0.500     0.437    -0.104     -0.040
v10            vs v14              0.405    0.500     0.407    -0.095     -0.002
v10            vs v15              0.334    0.500     0.364    -0.166     -0.030
v10            vs v16              0.378    0.500     0.372    -0.122     +0.006
v10            vs v17              0.366    0.500     0.349    -0.134     +0.017
v10            vs v18              0.354    0.500     0.354    -0.146     -0.000
v10            vs v19              0.364    0.500     0.328    -0.136     +0.036
v10            vs v20              0.384    0.500     0.324    -0.116     +0.060
v10            vs v21              0.375    0.500     0.319    -0.125     +0.056
v10            vs v22              0.269    0.500     0.301    -0.231     -0.032
v10            vs v27              0.767    0.500     0.761    +0.267     +0.006
v10            vs v28              0.670    0.500     0.673    +0.170     -0.003
v10            vs v29              0.694    0.500     0.678    +0.194     +0.016
v10            vs v8               0.535    0.500     0.546    +0.035     -0.011
v10            vs v9               0.514    0.500     0.507    +0.014     +0.006
v11            vs v12              0.425    0.500     0.466    -0.075     -0.041
v11            vs v13              0.482    0.500     0.473    -0.018     +0.010
v11            vs v14              0.441    0.500     0.443    -0.059     -0.001
v11            vs v15              0.393    0.500     0.398    -0.107     -0.006
v11            vs v16              0.409    0.500     0.406    -0.091     +0.002
v11            vs v17              0.399    0.500     0.383    -0.101     +0.016
v11            vs v18              0.385    0.500     0.388    -0.115     -0.003
v11            vs v19              0.347    0.500     0.361    -0.153     -0.014
v11            vs v20              0.309    0.500     0.356    -0.191     -0.048
v11            vs v21              0.346    0.500     0.352    -0.154     -0.006
v11            vs v22              0.344    0.500     0.332    -0.156     +0.011
v11            vs v27              0.761    0.500     0.787    +0.261     -0.025
v11            vs v28              0.716    0.500     0.704    +0.216     +0.012
v11            vs v29              0.733    0.500     0.709    +0.233     +0.024
v11            vs v8               0.626    0.500     0.582    +0.126     +0.044
v11            vs v9               0.564    0.500     0.544    +0.064     +0.020
v12            vs v13              0.517    0.500     0.507    +0.017     +0.010
v12            vs v14              0.460    0.500     0.477    -0.040     -0.017
v12            vs v15              0.391    0.500     0.432    -0.109     -0.041
v12            vs v16              0.390    0.500     0.440    -0.110     -0.050
v12            vs v17              0.430    0.500     0.416    -0.070     +0.014
v12            vs v18              0.414    0.500     0.421    -0.086     -0.008
v12            vs v19              0.372    0.500     0.393    -0.128     -0.021
v12            vs v20              0.386    0.500     0.389    -0.114     -0.002
v12            vs v21              0.438    0.500     0.384    -0.062     +0.054
v12            vs v22              0.383    0.500     0.364    -0.117     +0.019
v12            vs v27              0.812    0.500     0.809    +0.312     +0.004
v12            vs v28              0.749    0.500     0.732    +0.249     +0.017
v12            vs v29              0.755    0.500     0.737    +0.255     +0.018
v12            vs v8               0.615    0.500     0.615    +0.115     -0.000
v12            vs v9               0.549    0.500     0.578    +0.049     -0.029
v13            vs v14              0.485    0.500     0.470    -0.015     +0.015
v13            vs v15              0.412    0.500     0.425    -0.088     -0.012
v13            vs v16              0.429    0.500     0.433    -0.071     -0.004
v13            vs v17              0.401    0.500     0.409    -0.099     -0.008
v13            vs v18              0.386    0.500     0.414    -0.114     -0.028
v13            vs v19              0.406    0.500     0.387    -0.094     +0.020
v13            vs v20              0.383    0.500     0.382    -0.117     +0.001
v13            vs v21              0.401    0.500     0.377    -0.099     +0.024
v13            vs v22              0.351    0.500     0.357    -0.149     -0.006
v13            vs v27              0.807    0.500     0.804    +0.307     +0.003
v13            vs v28              0.761    0.500     0.726    +0.261     +0.035
v13            vs v29              0.767    0.500     0.731    +0.267     +0.037
v13            vs v8               0.600    0.500     0.608    +0.100     -0.008
v13            vs v9               0.566    0.500     0.571    +0.066     -0.004
v14            vs v15              0.466    0.500     0.455    -0.034     +0.011
v14            vs v16              0.431    0.500     0.463    -0.069     -0.032
v14            vs v17              0.445    0.500     0.439    -0.055     +0.006
v14            vs v18              0.407    0.500     0.444    -0.093     -0.037
v14            vs v19              0.404    0.500     0.416    -0.096     -0.012
v14            vs v20              0.414    0.500     0.411    -0.086     +0.003
v14            vs v21              0.386    0.500     0.406    -0.114     -0.020
v14            vs v22              0.374    0.500     0.385    -0.126     -0.011
v14            vs v27              0.833    0.500     0.823    +0.333     +0.010
v14            vs v28              0.782    0.500     0.750    +0.282     +0.033
v14            vs v29              0.796    0.500     0.754    +0.296     +0.042
v14            vs v8               0.637    0.500     0.637    +0.137     +0.001
v14            vs v9               0.639    0.500     0.600    +0.139     +0.039
v15            vs v16              0.506    0.500     0.508    +0.006     -0.002
v15            vs v17              0.448    0.500     0.484    -0.052     -0.036
v15            vs v18              0.470    0.500     0.489    -0.030     -0.019
v15            vs v19              0.429    0.500     0.460    -0.071     -0.032
v15            vs v20              0.420    0.500     0.455    -0.080     -0.035
v15            vs v21              0.456    0.500     0.451    -0.044     +0.006
v15            vs v22              0.416    0.500     0.429    -0.084     -0.013
v15            vs v27              0.824    0.500     0.848    +0.324     -0.024
v15            vs v28              0.782    0.500     0.782    +0.282     +0.000
v15            vs v29              0.767    0.500     0.786    +0.267     -0.019
v15            vs v8               0.699    0.500     0.678    +0.199     +0.021
v15            vs v9               0.681    0.500     0.643    +0.181     +0.038
v16            vs v17              0.465    0.500     0.475    -0.035     -0.010
v16            vs v18              0.445    0.500     0.481    -0.055     -0.036
v16            vs v19              0.471    0.500     0.452    -0.029     +0.019
v16            vs v20              0.415    0.500     0.447    -0.085     -0.032
v16            vs v21              0.380    0.500     0.442    -0.120     -0.062
v16            vs v22              0.405    0.500     0.421    -0.095     -0.016
v16            vs v27              0.856    0.500     0.843    +0.356     +0.013
v16            vs v28              0.767    0.500     0.777    +0.267     -0.009
v16            vs v29              0.797    0.500     0.781    +0.297     +0.017
v16            vs v8               0.716    0.500     0.670    +0.216     +0.046
v16            vs v9               0.642    0.500     0.635    +0.142     +0.007
v17            vs v18              0.485    0.500     0.506    -0.015     -0.021
v17            vs v19              0.434    0.500     0.477    -0.066     -0.043
v17            vs v20              0.438    0.500     0.472    -0.062     -0.034
v17            vs v21              0.458    0.500     0.467    -0.042     -0.009
v17            vs v22              0.436    0.500     0.445    -0.064     -0.009
v17            vs v27              0.854    0.500     0.856    +0.354     -0.002
v17            vs v28              0.787    0.500     0.793    +0.287     -0.006
v17            vs v29              0.830    0.500     0.797    +0.330     +0.033
v17            vs v8               0.704    0.500     0.692    +0.204     +0.012
v17            vs v9               0.715    0.500     0.658    +0.215     +0.057
v18            vs v19              0.486    0.500     0.471    -0.014     +0.015
v18            vs v20              0.455    0.500     0.466    -0.045     -0.011
v18            vs v21              0.416    0.500     0.461    -0.084     -0.045
v18            vs v22              0.385    0.500     0.440    -0.115     -0.055
v18            vs v27              0.849    0.500     0.853    +0.349     -0.004
v18            vs v28              0.721    0.500     0.790    +0.221     -0.068
v18            vs v29              0.769    0.500     0.793    +0.269     -0.025
v18            vs v8               0.679    0.500     0.687    +0.179     -0.008
v18            vs v9               0.656    0.500     0.653    +0.156     +0.004
v19            vs v20              0.506    0.500     0.495    +0.006     +0.011
v19            vs v21              0.481    0.500     0.490    -0.019     -0.009
v19            vs v22              0.460    0.500     0.468    -0.040     -0.008
v19            vs v27              0.844    0.500     0.867    +0.344     -0.023
v19            vs v28              0.780    0.500     0.808    +0.280     -0.028
v19            vs v29              0.838    0.500     0.812    +0.338     +0.026
v19            vs v8               0.714    0.500     0.711    +0.214     +0.002
v19            vs v9               0.664    0.500     0.678    +0.164     -0.015
v20            vs v21              0.472    0.500     0.495    -0.028     -0.023
v20            vs v22              0.479    0.500     0.473    -0.021     +0.006
v20            vs v27              0.876    0.500     0.869    +0.376     +0.007
v20            vs v28              0.780    0.500     0.811    +0.280     -0.031
v20            vs v29              0.761    0.500     0.815    +0.261     -0.054
v20            vs v8               0.718    0.500     0.716    +0.218     +0.002
v20            vs v9               0.666    0.500     0.683    +0.166     -0.017
v21            vs v22              0.475    0.500     0.478    -0.025     -0.003
v21            vs v27              0.856    0.500     0.872    +0.356     -0.015
v21            vs v28              0.792    0.500     0.814    +0.292     -0.022
v21            vs v29              0.774    0.500     0.818    +0.274     -0.044
v21            vs v8               0.739    0.500     0.719    +0.239     +0.019
v21            vs v9               0.701    0.500     0.687    +0.201     +0.014
v22            vs v27              0.840    0.500     0.881    +0.340     -0.041
v22            vs v28              0.802    0.500     0.827    +0.302     -0.025
v22            vs v29              0.824    0.500     0.830    +0.324     -0.007
v22            vs v8               0.716    0.500     0.737    +0.216     -0.020
v22            vs v9               0.649    0.500     0.705    +0.149     -0.057
v27            vs v28              0.359    0.500     0.392    -0.141     -0.034
v27            vs v29              0.306    0.500     0.398    -0.194     -0.092
v27            vs v8               0.239    0.500     0.274    -0.261     -0.036
v27            vs v9               0.247    0.500     0.244    -0.253     +0.003
v28            vs v29              0.451    0.500     0.506    -0.049     -0.055
v28            vs v8               0.318    0.500     0.369    -0.182     -0.052
v28            vs v9               0.306    0.500     0.334    -0.194     -0.027
v29            vs v8               0.312    0.500     0.364    -0.188     -0.051
v29            vs v9               0.270    0.500     0.329    -0.230     -0.059
v8             vs v9               0.422    0.500     0.461    -0.078     -0.039
------------------------------------------------------------------------------------
                                              RMSE    0.2055     0.0321
  (bipartite RMSE >= combined RMSE → bipartite model not better fit)

Saved to results/elo_full_ladder.json
