=== ELO update: adding v15 ===
Exporting checkpoints to TorchScript ...
  heuristic: built-in heuristic (no export needed)
  Exporting v15 → data/checkpoints/scripted_for_elo/v15_scripted.pt ...
Loaded 66 existing match results from results/elo_full_ladder.json

Match schedule (78 total, 12 new, 66 reused from prior run):
  heuristic vs v4  [reuse]
  heuristic vs v5  [reuse]
  heuristic vs v6  [reuse]
  heuristic vs v7  [reuse]
  heuristic vs v8  [reuse]
  heuristic vs v9  [reuse]
  heuristic vs v10  [reuse]
  heuristic vs v11  [reuse]
  heuristic vs v12  [reuse]
  heuristic vs v13  [reuse]
  heuristic vs v14  [reuse]
  heuristic vs v15
  v4 vs v5  [reuse]
  v4 vs v6  [reuse]
  v4 vs v7  [reuse]
  v4 vs v8  [reuse]
  v4 vs v9  [reuse]
  v4 vs v10  [reuse]
  v4 vs v11  [reuse]
  v4 vs v12  [reuse]
  v4 vs v13  [reuse]
  v4 vs v14  [reuse]
  v4 vs v15
  v5 vs v6  [reuse]
  v5 vs v7  [reuse]
  v5 vs v8  [reuse]
  v5 vs v9  [reuse]
  v5 vs v10  [reuse]
  v5 vs v11  [reuse]
  v5 vs v12  [reuse]
  v5 vs v13  [reuse]
  v5 vs v14  [reuse]
  v5 vs v15
  v6 vs v7  [reuse]
  v6 vs v8  [reuse]
  v6 vs v9  [reuse]
  v6 vs v10  [reuse]
  v6 vs v11  [reuse]
  v6 vs v12  [reuse]
  v6 vs v13  [reuse]
  v6 vs v14  [reuse]
  v6 vs v15
  v7 vs v8  [reuse]
  v7 vs v9  [reuse]
  v7 vs v10  [reuse]
  v7 vs v11  [reuse]
  v7 vs v12  [reuse]
  v7 vs v13  [reuse]
  v7 vs v14  [reuse]
  v7 vs v15
  v8 vs v9  [reuse]
  v8 vs v10  [reuse]
  v8 vs v11  [reuse]
  v8 vs v12  [reuse]
  v8 vs v13  [reuse]
  v8 vs v14  [reuse]
  v8 vs v15
  v9 vs v10  [reuse]
  v9 vs v11  [reuse]
  v9 vs v12  [reuse]
  v9 vs v13  [reuse]
  v9 vs v14  [reuse]
  v9 vs v15
  v10 vs v11  [reuse]
  v10 vs v12  [reuse]
  v10 vs v13  [reuse]
  v10 vs v14  [reuse]
  v10 vs v15
  v11 vs v12  [reuse]
  v11 vs v13  [reuse]
  v11 vs v14  [reuse]
  v11 vs v15
  v12 vs v13  [reuse]
  v12 vs v14  [reuse]
  v12 vs v15
  v13 vs v14  [reuse]
  v13 vs v15
  v14 vs v15
  [reuse] heuristic 16 - 184 v4  WR(heuristic)=0.080
  [reuse] heuristic 23 - 176 v5  WR(heuristic)=0.115
  [reuse] heuristic 23 - 177 v6  WR(heuristic)=0.115
  [reuse] heuristic 54 - 143 v7  WR(heuristic)=0.270
  [reuse] heuristic 20 - 176 v8  WR(heuristic)=0.100
  [reuse] heuristic 36 - 163 v9  WR(heuristic)=0.180
  [reuse] heuristic 26 - 174 v10  WR(heuristic)=0.130
  [reuse] heuristic 29 - 171 v11  WR(heuristic)=0.145
  [reuse] heuristic 42 - 157 v12  WR(heuristic)=0.210
  [reuse] heuristic 43 - 153 v13  WR(heuristic)=0.215
  [reuse] heuristic 64 - 329 v14  WR(heuristic)=0.160

[new 1/12] heuristic vs v15 (400 games, seed=88000) ...
  heuristic wins: 52  v15 wins: 342  draws: 6  WR(heuristic)=0.130  t=24.5s
  [reuse] v4 89 - 110 v5  WR(v4)=0.445
  [reuse] v4 109 - 88 v6  WR(v4)=0.545
  [reuse] v4 53 - 147 v7  WR(v4)=0.265
  [reuse] v4 57 - 140 v8  WR(v4)=0.285
  [reuse] v4 51 - 146 v9  WR(v4)=0.255
  [reuse] v4 61 - 137 v10  WR(v4)=0.305
  [reuse] v4 72 - 128 v11  WR(v4)=0.360
  [reuse] v4 47 - 152 v12  WR(v4)=0.235
  [reuse] v4 46 - 154 v13  WR(v4)=0.230
  [reuse] v4 82 - 315 v14  WR(v4)=0.205

[new 2/12] v4 vs v15 (400 games, seed=88400) ...
  v4 wins: 70  v15 wins: 327  draws: 3  WR(v4)=0.175  t=18.7s
  [reuse] v5 97 - 99 v6  WR(v5)=0.485
  [reuse] v5 42 - 156 v7  WR(v5)=0.210
  [reuse] v5 51 - 148 v8  WR(v5)=0.255
  [reuse] v5 44 - 154 v9  WR(v5)=0.220
  [reuse] v5 64 - 135 v10  WR(v5)=0.320
  [reuse] v5 69 - 130 v11  WR(v5)=0.345
  [reuse] v5 58 - 139 v12  WR(v5)=0.290
  [reuse] v5 44 - 154 v13  WR(v5)=0.220
  [reuse] v5 71 - 324 v14  WR(v5)=0.177

[new 3/12] v5 vs v15 (400 games, seed=88800) ...
  v5 wins: 63  v15 wins: 333  draws: 4  WR(v5)=0.158  t=18.3s
  [reuse] v6 54 - 140 v7  WR(v6)=0.270
  [reuse] v6 43 - 156 v8  WR(v6)=0.215
  [reuse] v6 50 - 149 v9  WR(v6)=0.250
  [reuse] v6 54 - 144 v10  WR(v6)=0.270
  [reuse] v6 68 - 129 v11  WR(v6)=0.340
  [reuse] v6 53 - 145 v12  WR(v6)=0.265
  [reuse] v6 49 - 146 v13  WR(v6)=0.245
  [reuse] v6 88 - 308 v14  WR(v6)=0.220

[new 4/12] v6 vs v15 (400 games, seed=89200) ...
  v6 wins: 75  v15 wins: 321  draws: 4  WR(v6)=0.188  t=18.6s
  [reuse] v7 47 - 150 v8  WR(v7)=0.235
  [reuse] v7 49 - 148 v9  WR(v7)=0.245
  [reuse] v7 47 - 149 v10  WR(v7)=0.235
  [reuse] v7 39 - 158 v11  WR(v7)=0.195
  [reuse] v7 40 - 158 v12  WR(v7)=0.200
  [reuse] v7 35 - 161 v13  WR(v7)=0.175
  [reuse] v7 73 - 317 v14  WR(v7)=0.182

[new 5/12] v7 vs v15 (400 games, seed=89600) ...
  v7 wins: 73  v15 wins: 326  draws: 1  WR(v7)=0.182  t=18.0s
  [reuse] v8 78 - 118 v9  WR(v8)=0.390
  [reuse] v8 82 - 113 v10  WR(v8)=0.410
  [reuse] v8 70 - 116 v11  WR(v8)=0.350
  [reuse] v8 75 - 121 v12  WR(v8)=0.375
  [reuse] v8 73 - 124 v13  WR(v8)=0.365
  [reuse] v8 137 - 247 v14  WR(v8)=0.343

[new 6/12] v8 vs v15 (400 games, seed=90000) ...
  v8 wins: 127  v15 wins: 260  draws: 13  WR(v8)=0.318  t=18.6s
  [reuse] v9 95 - 101 v10  WR(v9)=0.475
  [reuse] v9 77 - 121 v11  WR(v9)=0.385
  [reuse] v9 86 - 108 v12  WR(v9)=0.430
  [reuse] v9 82 - 115 v13  WR(v9)=0.410
  [reuse] v9 158 - 229 v14  WR(v9)=0.395

[new 7/12] v9 vs v15 (400 games, seed=90400) ...
  v9 wins: 131  v15 wins: 263  draws: 6  WR(v9)=0.328  t=18.7s
  [reuse] v10 91 - 95 v11  WR(v10)=0.455
  [reuse] v10 85 - 111 v12  WR(v10)=0.425
  [reuse] v10 87 - 105 v13  WR(v10)=0.435
  [reuse] v10 149 - 241 v14  WR(v10)=0.372

[new 8/12] v10 vs v15 (400 games, seed=90800) ...
  v10 wins: 150  v15 wins: 234  draws: 16  WR(v10)=0.375  t=19.1s
  [reuse] v11 84 - 112 v12  WR(v11)=0.420
  [reuse] v11 99 - 97 v13  WR(v11)=0.495
  [reuse] v11 173 - 212 v14  WR(v11)=0.432

[new 9/12] v11 vs v15 (400 games, seed=91200) ...
  v11 wins: 147  v15 wins: 247  draws: 6  WR(v11)=0.367  t=19.0s
  [reuse] v12 94 - 98 v13  WR(v12)=0.470
  [reuse] v12 177 - 209 v14  WR(v12)=0.443

[new 10/12] v12 vs v15 (400 games, seed=91600) ...
  v12 wins: 154  v15 wins: 235  draws: 11  WR(v12)=0.385  t=17.9s
  [reuse] v13 192 - 190 v14  WR(v13)=0.480

[new 11/12] v13 vs v15 (400 games, seed=92000) ...
  v13 wins: 157  v15 wins: 229  draws: 14  WR(v13)=0.393  t=18.4s

[new 12/12] v14 vs v15 (400 games, seed=92400) ...
  v14 wins: 174  v15 wins: 209  draws: 17  WR(v14)=0.435  t=18.2s

Fitting BayesElo ...

Model                   Elo                95% CI   vs anchor
-----------------------------------------------------------------
v15                    2068  [  2057,   2079]  +67
v14                    2032  [  2021,   2043]  +31
v13                    2011  [  1997,   2025]  +10
v12                    2001  [  2001,   2001]  +0
v11                    1981  [  1968,   1995]  -20
v10                    1972  [  1958,   1986]  -29
v9                     1968  [  1954,   1981]  -33
v8                     1945  [  1932,   1959]  -56
v7                     1829  [  1814,   1843]  -172
v4                     1807  [  1792,   1822]  -194
v6                     1802  [  1787,   1817]  -199
v5                     1798  [  1784,   1813]  -203
heuristic              1637  [  1618,   1655]  -364

Saved to results/elo_full_ladder.json
