=== ELO incremental placement: country_attn_v6 ===
Exporting checkpoints to TorchScript ...
Loaded 5148 match results from SQL match_cache

Match schedule (15 total, 5 new, 10 reused from prior run):
  v56 vs v54  [reuse]
  v56 vs v44  [reuse]
  v56 vs v20  [reuse]
  v56 vs v55  [reuse]
  v56 vs country_attn_v6
  v54 vs v44  [reuse]
  v54 vs v20  [reuse]
  v54 vs v55  [reuse]
  v54 vs country_attn_v6
  v44 vs v20  [reuse]
  v44 vs v55  [reuse]
  v44 vs country_attn_v6
  v20 vs v55  [reuse]
  v20 vs country_attn_v6
  v55 vs country_attn_v6
  [reuse] v56 240(152u/88s) - 249(155u/94s) v54  draws=11  WR=0.491
  [reuse] v56 243(157u/86s) - 243(158u/85s) v44  draws=14  WR=0.500
  [reuse] v56 247(159u/88s) - 245(159u/86s) v20  draws=8  WR=0.502
  [reuse] v56 246(162u/84s) - 246(160u/86s) v55  draws=8  WR=0.500

[new 1/5] v56 vs country_attn_v6 (200 games = 100/side, seed=88000) ...
  v56: 108(76u/32s)  country_attn_v6: 86(66u/20s)  draws: 6  WR(v56)=0.555  t=34.2s
  [reuse] v54 222(126u/96s) - 163(99u/64s) v44  draws=15  WR=0.574
  [reuse] v54 196(128u/68s) - 184(123u/61s) v20  draws=20  WR=0.515
  [reuse] v54 229(149u/80s) - 268(169u/99s) v55  draws=3  WR=0.461

[new 2/5] v54 vs country_attn_v6 (200 games = 100/side, seed=88200) ...
  v54: 93(67u/26s)  country_attn_v6: 105(73u/32s)  draws: 2  WR(v54)=0.470  t=22.8s
  [reuse] v44 213(134u/79s) - 169(111u/58s) v20  draws=18  WR=0.555
  [reuse] v44 238(149u/89s) - 252(158u/94s) v55  draws=10  WR=0.486

[new 3/5] v44 vs country_attn_v6 (200 games = 100/side, seed=88400) ...
  v44: 116(70u/46s)  country_attn_v6: 78(52u/26s)  draws: 6  WR(v44)=0.595  t=26.3s
  [reuse] v20 255(150u/105s) - 237(141u/96s) v55  draws=8  WR=0.518

[new 4/5] v20 vs country_attn_v6 (200 games = 100/side, seed=88600) ...
  v20: 98(67u/31s)  country_attn_v6: 97(69u/28s)  draws: 5  WR(v20)=0.502  t=23.0s

[new 5/5] v55 vs country_attn_v6 (200 games = 100/side, seed=88800) ...
  v55: 94(63u/31s)  country_attn_v6: 105(68u/37s)  draws: 1  WR(v55)=0.472  t=43.6s

Fitting BayesElo (bipartite per-side, anchor=v56_USSR=1900.0) ...
Fitting BayesElo (combined, for residual comparison) ...

Model                  USSR      US    Gap   Comb*                95% CI   vs anchor
  (bipartite per-side = PRIMARY, anchor: v56_USSR=1900)
  (* combined = derived from P(win) = 0.5·P_ussr + 0.5·P_us)
----------------------------------------------------------------------------------------
v54                   1887   1795  +92    1903  [  1887,   1918]  +3
v55                   1880   1798  +83    1901  [  1887,   1916]  +1
v56                   1900   1776  +124    1900  [  1900,   1900]  +0
v44                   1874   1800  +73    1899  [  1884,   1915]  -1
v20                   1878   1781  +97    1892  [  1877,   1908]  -8
country_attn_v6       1908   1732  +177    1885  [  1864,   1907]  -15

Pair                              Obs WR   Bip WR   Comb WR   Bip err   Comb err
------------------------------------------------------------------------------------
v56            vs v54              0.491    0.496     0.497    -0.005     -0.006
v56            vs v44              0.500    0.501     0.501    -0.001     -0.001
v56            vs v20              0.502    0.511     0.511    -0.009     -0.009
v56            vs v55              0.500    0.499     0.498    +0.001     +0.002
v56            vs country_attn_v6   0.555    0.521     0.521    +0.034     +0.034
v54            vs v44              0.574    0.505     0.504    +0.069     +0.069
v54            vs v20              0.515    0.515     0.515    -0.000     +0.000
v54            vs v55              0.461    0.502     0.502    -0.041     -0.041
v54            vs country_attn_v6   0.470    0.526     0.524    -0.056     -0.054
v44            vs v20              0.555    0.510     0.510    +0.045     +0.045
v44            vs v55              0.486    0.497     0.497    -0.011     -0.011
v44            vs country_attn_v6   0.595    0.522     0.520    +0.073     +0.075
v20            vs v55              0.518    0.487     0.487    +0.031     +0.031
v20            vs country_attn_v6   0.502    0.512     0.510    -0.009     -0.007
v55            vs country_attn_v6   0.472    0.524     0.522    -0.051     -0.050
------------------------------------------------------------------------------------
                                              RMSE    0.0383     0.0383
  (bipartite RMSE >= combined RMSE → bipartite model not better fit)

Saved to results/logs/elo/elo_country_attn_v6_incremental.json
[sql] Tournament logged: incremental_20260420T080448Z_country_attn_v6_v20 → results/metadata.sqlite3
[confirm] Merged $VERSION into results/elo/elo_full_ladder.json: elo=1885
