=== ELO incremental placement: v199_sc ===
Exporting checkpoints to TorchScript ...
Loaded 3785 match results from SQL match_cache

Match schedule (36 total, 0 new, 36 reused from prior run):
  v55 vs v54  [reuse]
  v55 vs v44  [reuse]
  v55 vs v45  [reuse]
  v55 vs v14  [reuse]
  v55 vs v162_sc  [reuse]
  v55 vs v148_sc  [reuse]
  v55 vs v46  [reuse]
  v55 vs v199_sc  [reuse]
  v54 vs v44  [reuse]
  v54 vs v45  [reuse]
  v54 vs v14  [reuse]
  v54 vs v162_sc  [reuse]
  v54 vs v148_sc  [reuse]
  v54 vs v46  [reuse]
  v54 vs v199_sc  [reuse]
  v44 vs v45  [reuse]
  v44 vs v14  [reuse]
  v44 vs v162_sc  [reuse]
  v44 vs v148_sc  [reuse]
  v44 vs v46  [reuse]
  v44 vs v199_sc  [reuse]
  v45 vs v14  [reuse]
  v45 vs v162_sc  [reuse]
  v45 vs v148_sc  [reuse]
  v45 vs v46  [reuse]
  v45 vs v199_sc  [reuse]
  v14 vs v162_sc  [reuse]
  v14 vs v148_sc  [reuse]
  v14 vs v46  [reuse]
  v14 vs v199_sc  [reuse]
  v162_sc vs v148_sc  [reuse]
  v162_sc vs v46  [reuse]
  v162_sc vs v199_sc  [reuse]
  v148_sc vs v46  [reuse]
  v148_sc vs v199_sc  [reuse]
  v46 vs v199_sc  [reuse]
  [reuse] v55 209(115u/94s) - 181(102u/79s) v54  draws=10  WR=0.535
  [reuse] v55 201(119u/82s) - 178(110u/68s) v44  draws=21  WR=0.529
  [reuse] v55 206(136u/70s) - 180(123u/57s) v45  draws=14  WR=0.532
  [reuse] v55 255(150u/105s) - 128(88u/40s) v14  draws=17  WR=0.659
  [reuse] v55 183(98u/85s) - 17(15u/2s) v162_sc  draws=0  WR=0.915
  [reuse] v55 149(86u/63s) - 48(35u/13s) v148_sc  draws=3  WR=0.752
  [reuse] v55 201(114u/87s) - 184(107u/77s) v46  draws=15  WR=0.521
  [reuse] v55 181(98u/83s) - 19(17u/2s) v199_sc  draws=0  WR=0.905
  [reuse] v54 222(126u/96s) - 163(99u/64s) v44  draws=15  WR=0.574
  [reuse] v54 194(125u/69s) - 183(121u/62s) v45  draws=23  WR=0.514
  [reuse] v54 254(154u/100s) - 131(95u/36s) v14  draws=15  WR=0.654
  [reuse] v54 178(97u/81s) - 21(18u/3s) v162_sc  draws=1  WR=0.892
  [reuse] v54 161(92u/69s) - 36(30u/6s) v148_sc  draws=3  WR=0.812
  [reuse] v54 181(113u/68s) - 200(120u/80s) v46  draws=19  WR=0.476
  [reuse] v54 182(96u/86s) - 18(14u/4s) v199_sc  draws=0  WR=0.910
  [reuse] v44 194(130u/64s) - 192(130u/62s) v45  draws=14  WR=0.502
  [reuse] v44 239(147u/92s) - 147(100u/47s) v14  draws=14  WR=0.615
  [reuse] v44 178(95u/83s) - 19(15u/4s) v162_sc  draws=3  WR=0.897
  [reuse] v44 159(85u/74s) - 37(25u/12s) v148_sc  draws=4  WR=0.805
  [reuse] v44 190(102u/88s) - 190(101u/89s) v46  draws=20  WR=0.500
  [reuse] v44 180(97u/83s) - 19(17u/2s) v199_sc  draws=1  WR=0.902
  [reuse] v45 226(147u/79s) - 162(115u/47s) v14  draws=12  WR=0.580
  [reuse] v45 170(97u/73s) - 25(22u/3s) v162_sc  draws=5  WR=0.863
  [reuse] v45 155(86u/69s) - 43(31u/12s) v148_sc  draws=2  WR=0.780
  [reuse] v45 189(130u/59s) - 194(137u/57s) v46  draws=17  WR=0.494
  [reuse] v45 179(98u/81s) - 20(18u/2s) v199_sc  draws=1  WR=0.897
  [reuse] v14 166(94u/72s) - 32(27u/5s) v162_sc  draws=2  WR=0.835
  [reuse] v14 133(84u/49s) - 60(46u/14s) v148_sc  draws=7  WR=0.682
  [reuse] v14 139(97u/42s) - 246(151u/95s) v46  draws=15  WR=0.366
  [reuse] v14 181(93u/88s) - 18(12u/6s) v199_sc  draws=1  WR=0.907
  [reuse] v162_sc 60(43u/17s) - 131(77u/54s) v148_sc  draws=9  WR=0.323
  [reuse] v162_sc 30(29u/1s) - 169(98u/71s) v46  draws=1  WR=0.152
  [reuse] v162_sc 75(62u/13s) - 118(86u/32s) v199_sc  draws=7  WR=0.393
  [reuse] v148_sc 38(31u/7s) - 160(92u/68s) v46  draws=2  WR=0.195
  [reuse] v148_sc 158(90u/68s) - 42(32u/10s) v199_sc  draws=0  WR=0.790
  [reuse] v46 185(95u/90s) - 14(10u/4s) v199_sc  draws=1  WR=0.927

Fitting BayesElo (combined) ...
Fitting BayesElo (bipartite per-side, anchor=v14_USSR=2015.0) ...

Model                   Elo    USSR*      US*    Gap                95% CI   vs anchor
  (* bipartite per-side, single anchor: v14_USSR=2015)
----------------------------------------------------------------------------------------
v55                    2122   2097   2032  +65  [  2107,   2137]  +107
v54                    2114   2091   2021  +70  [  2099,   2129]  +99
v46                    2108   2089   2010  +78  [  2093,   2122]  +93
v44                    2095   2062   2009  +53  [  2081,   2110]  +80
v45                    2093   2124   1951  +173  [  2078,   2108]  +78
v14                    2015   2015   1884  +131  [  2015,   2015]  +0
v148_sc                1878   1858   1745  +113  [  1857,   1898]  -137
v162_sc                1717   1731   1462  +269  [  1693,   1741]  -298
v199_sc                1707   1676   1536  +141  [  1682,   1731]  -308

Pair                              Obs WR   Bip WR   Comb WR   Bip err   Comb err
------------------------------------------------------------------------------------
v55            vs v54              0.535    0.511     0.511    +0.024     +0.024
v55            vs v44              0.529    0.540     0.538    -0.012     -0.009
v55            vs v45              0.532    0.535     0.541    -0.002     -0.009
v55            vs v14              0.659    0.649     0.649    +0.010     +0.010
v55            vs v162_sc          0.915    0.912     0.911    +0.003     +0.004
v55            vs v148_sc          0.752    0.808     0.803    -0.055     -0.051
v55            vs v46              0.521    0.521     0.520    +0.000     +0.001
v55            vs v199_sc          0.905    0.924     0.916    -0.019     -0.011
v54            vs v44              0.574    0.529     0.527    +0.045     +0.047
v54            vs v45              0.514    0.524     0.530    -0.010     -0.016
v54            vs v14              0.654    0.638     0.639    +0.016     +0.015
v54            vs v162_sc          0.892    0.908     0.908    -0.015     -0.015
v54            vs v148_sc          0.812    0.800     0.796    +0.013     +0.017
v54            vs v46              0.476    0.510     0.509    -0.033     -0.033
v54            vs v199_sc          0.910    0.920     0.912    -0.010     -0.002
v44            vs v45              0.502    0.498     0.503    +0.005     -0.001
v44            vs v14              0.615    0.614     0.614    +0.001     +0.001
v44            vs v162_sc          0.897    0.901     0.898    -0.003     -0.001
v44            vs v148_sc          0.805    0.783     0.778    +0.022     +0.027
v44            vs v46              0.500    0.481     0.482    +0.019     +0.018
v44            vs v199_sc          0.902    0.913     0.903    -0.010     -0.001
v45            vs v14              0.580    0.604     0.610    -0.024     -0.030
v45            vs v162_sc          0.863    0.879     0.897    -0.017     -0.034
v45            vs v148_sc          0.780    0.765     0.776    +0.015     +0.004
v45            vs v46              0.494    0.485     0.479    +0.009     +0.015
v45            vs v199_sc          0.897    0.898     0.902    -0.001     -0.005
v14            vs v162_sc          0.835    0.834     0.848    +0.001     -0.013
v14            vs v148_sc          0.682    0.682     0.688    +0.001     -0.006
v14            vs v46              0.366    0.371     0.370    -0.005     -0.003
v14            vs v199_sc          0.907    0.854     0.855    +0.053     +0.053
v162_sc        vs v148_sc          0.323    0.286     0.284    +0.036     +0.038
v162_sc        vs v46              0.152    0.097     0.095    +0.056     +0.057
v162_sc        vs v199_sc          0.393    0.490     0.515    -0.098     -0.122
v148_sc        vs v46              0.195    0.208     0.210    -0.013     -0.015
v148_sc        vs v199_sc          0.790    0.731     0.728    +0.059     +0.062
v46            vs v199_sc          0.927    0.916     0.909    +0.011     +0.018
------------------------------------------------------------------------------------
                                              RMSE    0.0293     0.0326
  (bipartite RMSE < combined RMSE → bipartite model better fit)

Saved to results/logs/elo/elo_v199_sc_incremental.json
[sql] Tournament logged: incremental_20260414T045226Z_v14_v148_sc → results/metadata.sqlite3
[confirm] Merged $VERSION into results/elo/elo_full_ladder.json: elo=1707
[Mon Apr 13 21:59:15 2026]
Finished jobid: 0 (Rule: ppo_train_dynamic)
1 of 1 steps (100%) done
Complete log(s): /home/dkord/code/twilight-struggle-ai/.snakemake/log/2026-04-13T215149.262605.snakemake.log
