=== ELO incremental placement: v175_sc ===
Exporting checkpoints to TorchScript ...
Loaded 3310 match results from SQL match_cache

Match schedule (36 total, 0 new, 36 reused from prior run):
  v55 vs v54  [reuse]
  v55 vs v44  [reuse]
  v55 vs v45  [reuse]
  v55 vs v14  [reuse]
  v55 vs v154_sc  [reuse]
  v55 vs v140_sc  [reuse]
  v55 vs v46  [reuse]
  v55 vs v175_sc  [reuse]
  v54 vs v44  [reuse]
  v54 vs v45  [reuse]
  v54 vs v14  [reuse]
  v54 vs v154_sc  [reuse]
  v54 vs v140_sc  [reuse]
  v54 vs v46  [reuse]
  v54 vs v175_sc  [reuse]
  v44 vs v45  [reuse]
  v44 vs v14  [reuse]
  v44 vs v154_sc  [reuse]
  v44 vs v140_sc  [reuse]
  v44 vs v46  [reuse]
  v44 vs v175_sc  [reuse]
  v45 vs v14  [reuse]
  v45 vs v154_sc  [reuse]
  v45 vs v140_sc  [reuse]
  v45 vs v46  [reuse]
  v45 vs v175_sc  [reuse]
  v14 vs v154_sc  [reuse]
  v14 vs v140_sc  [reuse]
  v14 vs v46  [reuse]
  v14 vs v175_sc  [reuse]
  v154_sc vs v140_sc  [reuse]
  v154_sc vs v46  [reuse]
  v154_sc vs v175_sc  [reuse]
  v140_sc vs v46  [reuse]
  v140_sc vs v175_sc  [reuse]
  v46 vs v175_sc  [reuse]
  [reuse] v55 209(115u/94s) - 181(102u/79s) v54  draws=10  WR=0.535
  [reuse] v55 201(119u/82s) - 178(110u/68s) v44  draws=21  WR=0.529
  [reuse] v55 206(136u/70s) - 180(123u/57s) v45  draws=14  WR=0.532
  [reuse] v55 255(150u/105s) - 128(88u/40s) v14  draws=17  WR=0.659
  [reuse] v55 171(96u/75s) - 27(25u/2s) v154_sc  draws=2  WR=0.860
  [reuse] v55 141(81u/60s) - 52(39u/13s) v140_sc  draws=7  WR=0.723
  [reuse] v55 201(114u/87s) - 184(107u/77s) v46  draws=15  WR=0.521
  [reuse] v55 173(90u/83s) - 24(17u/7s) v175_sc  draws=3  WR=0.873
  [reuse] v54 222(126u/96s) - 163(99u/64s) v44  draws=15  WR=0.574
  [reuse] v54 194(125u/69s) - 183(121u/62s) v45  draws=23  WR=0.514
  [reuse] v54 254(154u/100s) - 131(95u/36s) v14  draws=15  WR=0.654
  [reuse] v54 177(98u/79s) - 20(19u/1s) v154_sc  draws=3  WR=0.892
  [reuse] v54 142(84u/58s) - 56(41u/15s) v140_sc  draws=2  WR=0.715
  [reuse] v54 181(113u/68s) - 200(120u/80s) v46  draws=19  WR=0.476
  [reuse] v54 173(89u/84s) - 27(16u/11s) v175_sc  draws=0  WR=0.865
  [reuse] v44 194(130u/64s) - 192(130u/62s) v45  draws=14  WR=0.502
  [reuse] v44 239(147u/92s) - 147(100u/47s) v14  draws=14  WR=0.615
  [reuse] v44 177(97u/80s) - 21(18u/3s) v154_sc  draws=2  WR=0.890
  [reuse] v44 135(80u/55s) - 61(44u/17s) v140_sc  draws=4  WR=0.685
  [reuse] v44 190(102u/88s) - 190(101u/89s) v46  draws=20  WR=0.500
  [reuse] v44 171(82u/89s) - 24(11u/13s) v175_sc  draws=5  WR=0.868
  [reuse] v45 226(147u/79s) - 162(115u/47s) v14  draws=12  WR=0.580
  [reuse] v45 175(98u/77s) - 24(22u/2s) v154_sc  draws=1  WR=0.877
  [reuse] v45 146(87u/59s) - 51(39u/12s) v140_sc  draws=3  WR=0.738
  [reuse] v45 189(130u/59s) - 194(137u/57s) v46  draws=17  WR=0.494
  [reuse] v45 182(94u/88s) - 16(12u/4s) v175_sc  draws=2  WR=0.915
  [reuse] v14 143(97u/46s) - 52(49u/3s) v154_sc  draws=5  WR=0.728
  [reuse] v14 106(80u/26s) - 82(68u/14s) v140_sc  draws=12  WR=0.560
  [reuse] v14 139(97u/42s) - 246(151u/95s) v46  draws=15  WR=0.366
  [reuse] v14 166(78u/88s) - 29(12u/17s) v175_sc  draws=5  WR=0.843
  [reuse] v154_sc 48(44u/4s) - 149(93u/56s) v140_sc  draws=3  WR=0.247
  [reuse] v154_sc 23(22u/1s) - 175(99u/76s) v46  draws=2  WR=0.120
  [reuse] v154_sc 103(67u/36s) - 92(61u/31s) v175_sc  draws=5  WR=0.527
  [reuse] v140_sc 55(38u/17s) - 143(82u/61s) v46  draws=2  WR=0.280
  [reuse] v140_sc 160(86u/74s) - 36(23u/13s) v175_sc  draws=4  WR=0.810
  [reuse] v46 168(88u/80s) - 31(20u/11s) v175_sc  draws=1  WR=0.843

Fitting BayesElo (combined) ...
Fitting BayesElo (bipartite per-side, anchor=v14_USSR=2015.0) ...

Model                   Elo    USSR*      US*    Gap                95% CI   vs anchor
  (* bipartite per-side, single anchor: v14_USSR=2015)
----------------------------------------------------------------------------------------
v55                    2129   2095   2029  +66  [  2115,   2144]  +114
v54                    2119   2083   2019  +64  [  2105,   2134]  +104
v46                    2113   2078   2010  +67  [  2099,   2128]  +98
v45                    2106   2123   1956  +167  [  2091,   2120]  +91
v44                    2100   2054   2006  +48  [  2086,   2115]  +85
v14                    2015   2015   1857  +158  [  2015,   2015]  +0
v140_sc                1961   1958   1796  +162  [  1942,   1980]  -54
v154_sc                1775   1793   1475  +319  [  1753,   1798]  -240
v175_sc                1750   1634   1683  -49  [  1727,   1774]  -265

Pair                              Obs WR   Bip WR   Comb WR   Bip err   Comb err
------------------------------------------------------------------------------------
v55            vs v54              0.535    0.515     0.514    +0.020     +0.021
v55            vs v44              0.529    0.544     0.541    -0.016     -0.013
v55            vs v45              0.532    0.528     0.534    +0.004     -0.001
v55            vs v14              0.659    0.658     0.659    +0.001     +0.000
v55            vs v154_sc          0.860    0.884     0.884    -0.024     -0.024
v55            vs v140_sc          0.723    0.724     0.724    -0.002     -0.002
v55            vs v46              0.521    0.524     0.522    -0.003     -0.001
v55            vs v175_sc          0.873    0.910     0.899    -0.038     -0.026
v54            vs v44              0.574    0.530     0.527    +0.044     +0.046
v54            vs v45              0.514    0.514     0.520    -0.001     -0.006
v54            vs v14              0.654    0.645     0.646    +0.008     +0.008
v54            vs v154_sc          0.892    0.878     0.879    +0.014     +0.014
v54            vs v140_sc          0.715    0.713     0.713    +0.002     +0.002
v54            vs v46              0.476    0.509     0.509    -0.033     -0.032
v54            vs v175_sc          0.865    0.905     0.893    -0.040     -0.028
v44            vs v45              0.502    0.487     0.492    +0.016     +0.010
v44            vs v14              0.615    0.621     0.620    -0.006     -0.005
v44            vs v154_sc          0.890    0.869     0.866    +0.021     +0.024
v44            vs v140_sc          0.685    0.692     0.690    -0.007     -0.005
v44            vs v46              0.500    0.480     0.481    +0.020     +0.019
v44            vs v175_sc          0.868    0.894     0.882    -0.027     -0.015
v45            vs v14              0.580    0.619     0.627    -0.039     -0.047
v45            vs v154_sc          0.877    0.848     0.870    +0.030     +0.008
v45            vs v140_sc          0.738    0.683     0.697    +0.054     +0.041
v45            vs v46              0.494    0.494     0.489    -0.001     +0.005
v45            vs v175_sc          0.915    0.896     0.885    +0.019     +0.030
v14            vs v154_sc          0.728    0.774     0.799    -0.047     -0.071
v14            vs v140_sc          0.560    0.570     0.577    -0.010     -0.017
v14            vs v46              0.366    0.363     0.362    +0.003     +0.004
v14            vs v175_sc          0.843    0.827     0.821    +0.015     +0.021
v154_sc        vs v140_sc          0.247    0.278     0.256    -0.030     -0.008
v154_sc        vs v46              0.120    0.126     0.125    -0.006     -0.005
v154_sc        vs v175_sc          0.527    0.469     0.536    +0.058     -0.009
v140_sc        vs v46              0.280    0.295     0.294    -0.015     -0.014
v140_sc        vs v175_sc          0.810    0.773     0.771    +0.037     +0.039
v46            vs v175_sc          0.843    0.902     0.890    -0.059     -0.048
------------------------------------------------------------------------------------
                                              RMSE    0.0275     0.0249
  (bipartite RMSE >= combined RMSE → bipartite model not better fit)

Saved to results/logs/elo/elo_v175_sc_incremental.json
[sql] Tournament logged: incremental_20260414T013647Z_v14_v140_sc → results/metadata.sqlite3
[confirm] Merged $VERSION into results/elo/elo_full_ladder.json: elo=1750
[Mon Apr 13 18:44:00 2026]
Finished jobid: 0 (Rule: ppo_train_dynamic)
1 of 1 steps (100%) done
Complete log(s): /home/dkord/code/twilight-struggle-ai/.snakemake/log/2026-04-13T183616.170045.snakemake.log
