=== ELO incremental placement: v115_sc ===
Exporting checkpoints to TorchScript ...
Loaded 3132 match results from SQL match_cache

Match schedule (36 total, 0 new, 36 reused from prior run):
  v55 vs v54  [reuse]
  v55 vs v44  [reuse]
  v55 vs v45  [reuse]
  v55 vs v14  [reuse]
  v55 vs v111_sc  [reuse]
  v55 vs v68_sc  [reuse]
  v55 vs v46  [reuse]
  v55 vs v115_sc  [reuse]
  v54 vs v44  [reuse]
  v54 vs v45  [reuse]
  v54 vs v14  [reuse]
  v54 vs v111_sc  [reuse]
  v54 vs v68_sc  [reuse]
  v54 vs v46  [reuse]
  v54 vs v115_sc  [reuse]
  v44 vs v45  [reuse]
  v44 vs v14  [reuse]
  v44 vs v111_sc  [reuse]
  v44 vs v68_sc  [reuse]
  v44 vs v46  [reuse]
  v44 vs v115_sc  [reuse]
  v45 vs v14  [reuse]
  v45 vs v111_sc  [reuse]
  v45 vs v68_sc  [reuse]
  v45 vs v46  [reuse]
  v45 vs v115_sc  [reuse]
  v14 vs v111_sc  [reuse]
  v14 vs v68_sc  [reuse]
  v14 vs v46  [reuse]
  v14 vs v115_sc  [reuse]
  v111_sc vs v68_sc  [reuse]
  v111_sc vs v46  [reuse]
  v111_sc vs v115_sc  [reuse]
  v68_sc vs v46  [reuse]
  v68_sc vs v115_sc  [reuse]
  v46 vs v115_sc  [reuse]
  [reuse] v55 209(115u/94s) - 181(102u/79s) v54  draws=10  WR=0.535
  [reuse] v55 201(119u/82s) - 178(110u/68s) v44  draws=21  WR=0.529
  [reuse] v55 206(136u/70s) - 180(123u/57s) v45  draws=14  WR=0.532
  [reuse] v55 255(150u/105s) - 128(88u/40s) v14  draws=17  WR=0.659
  [reuse] v55 180(96u/84s) - 20(16u/4s) v111_sc  draws=0  WR=0.900
  [reuse] v55 134(73u/61s) - 62(36u/26s) v68_sc  draws=4  WR=0.680
  [reuse] v55 201(114u/87s) - 184(107u/77s) v46  draws=15  WR=0.521
  [reuse] v55 178(96u/82s) - 22(18u/4s) v115_sc  draws=0  WR=0.890
  [reuse] v54 222(126u/96s) - 163(99u/64s) v44  draws=15  WR=0.574
  [reuse] v54 194(125u/69s) - 183(121u/62s) v45  draws=23  WR=0.514
  [reuse] v54 254(154u/100s) - 131(95u/36s) v14  draws=15  WR=0.654
  [reuse] v54 182(95u/87s) - 18(13u/5s) v111_sc  draws=0  WR=0.910
  [reuse] v54 132(77u/55s) - 58(40u/18s) v68_sc  draws=10  WR=0.685
  [reuse] v54 181(113u/68s) - 200(120u/80s) v46  draws=19  WR=0.476
  [reuse] v54 189(100u/89s) - 10(10u/0s) v115_sc  draws=1  WR=0.948
  [reuse] v44 194(130u/64s) - 192(130u/62s) v45  draws=14  WR=0.502
  [reuse] v44 239(147u/92s) - 147(100u/47s) v14  draws=14  WR=0.615
  [reuse] v44 188(95u/93s) - 12(7u/5s) v111_sc  draws=0  WR=0.940
  [reuse] v44 126(66u/60s) - 64(36u/28s) v68_sc  draws=10  WR=0.655
  [reuse] v44 190(102u/88s) - 190(101u/89s) v46  draws=20  WR=0.500
  [reuse] v44 187(98u/89s) - 13(11u/2s) v115_sc  draws=0  WR=0.935
  [reuse] v45 226(147u/79s) - 162(115u/47s) v14  draws=12  WR=0.580
  [reuse] v45 185(97u/88s) - 15(12u/3s) v111_sc  draws=0  WR=0.925
  [reuse] v45 124(75u/49s) - 69(49u/20s) v68_sc  draws=7  WR=0.637
  [reuse] v45 189(130u/59s) - 194(137u/57s) v46  draws=17  WR=0.494
  [reuse] v45 185(96u/89s) - 15(11u/4s) v115_sc  draws=0  WR=0.925
  [reuse] v14 183(98u/85s) - 17(15u/2s) v111_sc  draws=0  WR=0.915
  [reuse] v14 123(70u/53s) - 75(46u/29s) v68_sc  draws=2  WR=0.620
  [reuse] v14 139(97u/42s) - 246(151u/95s) v46  draws=15  WR=0.366
  [reuse] v14 189(97u/92s) - 11(8u/3s) v115_sc  draws=0  WR=0.945
  [reuse] v111_sc 28(16u/12s) - 172(88u/84s) v68_sc  draws=0  WR=0.140
  [reuse] v111_sc 13(11u/2s) - 187(98u/89s) v46  draws=0  WR=0.065
  [reuse] v111_sc 120(93u/27s) - 77(71u/6s) v115_sc  draws=3  WR=0.608
  [reuse] v68_sc 134(74u/60s) - 253(133u/120s) v46  draws=13  WR=0.351
  [reuse] v68_sc 171(85u/86s) - 27(14u/13s) v115_sc  draws=2  WR=0.860
  [reuse] v46 187(100u/87s) - 13(13u/0s) v115_sc  draws=0  WR=0.935

Fitting BayesElo (combined) ...
Fitting BayesElo (bipartite per-side, anchor=v14_USSR=2015.0) ...

Model                   Elo    USSR*      US*    Gap                95% CI   vs anchor
  (* bipartite per-side, single anchor: v14_USSR=2015)
----------------------------------------------------------------------------------------
v55                    2114   2091   2026  +65  [  2099,   2128]  +99
v54                    2108   2090   2015  +75  [  2093,   2123]  +93
v46                    2101   2076   2011  +66  [  2087,   2115]  +86
v44                    2089   2056   2006  +49  [  2074,   2103]  +74
v45                    2087   2121   1945  +177  [  2073,   2102]  +72
v14                    2015   2015   1890  +125  [  2015,   2015]  +0
v68_sc                 1971   1911   1907  +4  [  1953,   1990]  -44
v111_sc                1669   1656   1495  +161  [  1643,   1695]  -346
v115_sc                1622   1630   1379  +252  [  1594,   1651]  -393

Pair                              Obs WR   Bip WR   Comb WR   Bip err   Comb err
------------------------------------------------------------------------------------
v55            vs v54              0.535    0.508     0.508    +0.027     +0.027
v55            vs v44              0.529    0.538     0.536    -0.009     -0.007
v55            vs v45              0.532    0.532     0.538    +0.000     -0.006
v55            vs v14              0.659    0.638     0.638    +0.020     +0.020
v55            vs v111_sc          0.900    0.931     0.928    -0.031     -0.028
v55            vs v68_sc           0.680    0.701     0.694    -0.021     -0.014
v55            vs v46              0.521    0.521     0.519    +0.001     +0.002
v55            vs v115_sc          0.890    0.945     0.944    -0.055     -0.054
v54            vs v44              0.574    0.530     0.528    +0.044     +0.046
v54            vs v45              0.514    0.524     0.530    -0.011     -0.016
v54            vs v14              0.654    0.630     0.631    +0.024     +0.023
v54            vs v111_sc          0.910    0.928     0.926    -0.018     -0.016
v54            vs v68_sc           0.685    0.693     0.687    -0.008     -0.002
v54            vs v46              0.476    0.512     0.510    -0.036     -0.034
v54            vs v115_sc          0.948    0.942     0.942    +0.005     +0.005
v44            vs v45              0.502    0.497     0.502    +0.005     +0.001
v44            vs v14              0.615    0.605     0.604    +0.010     +0.011
v44            vs v111_sc          0.940    0.922     0.918    +0.018     +0.022
v44            vs v68_sc           0.655    0.668     0.663    -0.013     -0.008
v44            vs v46              0.500    0.483     0.483    +0.017     +0.017
v44            vs v115_sc          0.935    0.939     0.936    -0.004     -0.001
v45            vs v14              0.580    0.596     0.603    -0.016     -0.023
v45            vs v111_sc          0.925    0.907     0.917    +0.018     +0.008
v45            vs v68_sc           0.637    0.661     0.661    -0.024     -0.023
v45            vs v46              0.494    0.487     0.481    +0.007     +0.013
v45            vs v115_sc          0.925    0.923     0.936    +0.002     -0.011
v14            vs v111_sc          0.915    0.873     0.880    +0.042     +0.035
v14            vs v68_sc           0.620    0.560     0.562    +0.060     +0.058
v14            vs v46              0.366    0.380     0.379    -0.014     -0.013
v14            vs v115_sc          0.945    0.896     0.905    +0.049     +0.040
v111_sc        vs v68_sc           0.140    0.137     0.149    +0.003     -0.009
v111_sc        vs v46              0.065    0.074     0.077    -0.009     -0.012
v111_sc        vs v115_sc          0.608    0.573     0.567    +0.035     +0.041
v68_sc         vs v46              0.351    0.317     0.322    +0.034     +0.029
v68_sc         vs v115_sc          0.860    0.893     0.882    -0.033     -0.022
v46            vs v115_sc          0.935    0.941     0.940    -0.006     -0.005
------------------------------------------------------------------------------------
                                              RMSE    0.0257     0.0244
  (bipartite RMSE >= combined RMSE → bipartite model not better fit)

Saved to results/logs/elo/elo_v115_sc_incremental.json
[sql] Tournament logged: incremental_20260413T192308Z_v111_sc_v115_sc → results/metadata.sqlite3
[confirm] Merged $VERSION into results/elo/elo_full_ladder.json: elo=1622
[Mon Apr 13 12:28:04 2026]
Finished jobid: 0 (Rule: ppo_train_dynamic)
1 of 1 steps (100%) done
Complete log(s): /home/dkord/code/twilight-struggle-ai/.snakemake/log/2026-04-13T122250.347416.snakemake.log
