=== ELO incremental placement: v153_sc ===
Exporting checkpoints to TorchScript ...
Loaded 2899 match results from SQL match_cache

Match schedule (36 total, 9 new, 27 reused from prior run):
  v55 vs v54  [reuse]
  v55 vs v44  [reuse]
  v55 vs v45  [reuse]
  v55 vs v14  [reuse]
  v55 vs v147_sc  [reuse]
  v55 vs v13  [reuse]
  v55 vs v46  [reuse]
  v55 vs v153_sc
  v54 vs v44  [reuse]
  v54 vs v45  [reuse]
  v54 vs v14  [reuse]
  v54 vs v147_sc  [reuse]
  v54 vs v13  [reuse]
  v54 vs v46  [reuse]
  v54 vs v153_sc
  v44 vs v45  [reuse]
  v44 vs v14  [reuse]
  v44 vs v147_sc  [reuse]
  v44 vs v13  [reuse]
  v44 vs v46  [reuse]
  v44 vs v153_sc
  v45 vs v14  [reuse]
  v45 vs v147_sc  [reuse]
  v45 vs v13  [reuse]
  v45 vs v46  [reuse]
  v45 vs v153_sc
  v14 vs v147_sc  [reuse]
  v14 vs v13  [reuse]
  v14 vs v46  [reuse]
  v14 vs v153_sc
  v147_sc vs v13
  v147_sc vs v46  [reuse]
  v147_sc vs v153_sc
  v13 vs v46  [reuse]
  v13 vs v153_sc
  v46 vs v153_sc
  [reuse] v55 209(115u/94s) - 181(102u/79s) v54  draws=10  WR=0.535
  [reuse] v55 201(119u/82s) - 178(110u/68s) v44  draws=21  WR=0.529
  [reuse] v55 206(136u/70s) - 180(123u/57s) v45  draws=14  WR=0.532
  [reuse] v55 255(150u/105s) - 128(88u/40s) v14  draws=17  WR=0.659
  [reuse] v55 144(81u/63s) - 55(36u/19s) v147_sc  draws=1  WR=0.723
  [reuse] v55 277(168u/109s) - 116(86u/30s) v13  draws=7  WR=0.701
  [reuse] v55 201(114u/87s) - 184(107u/77s) v46  draws=15  WR=0.521

[new 1/9] v55 vs v153_sc (200 games = 100/side, seed=88000) ...
  v55: 174(97u/77s)  v153_sc: 26(23u/3s)  draws: 0  WR(v55)=0.870  t=8.6s
  [reuse] v54 222(126u/96s) - 163(99u/64s) v44  draws=15  WR=0.574
  [reuse] v54 194(125u/69s) - 183(121u/62s) v45  draws=23  WR=0.514
  [reuse] v54 254(154u/100s) - 131(95u/36s) v14  draws=15  WR=0.654
  [reuse] v54 150(85u/65s) - 46(34u/12s) v147_sc  draws=4  WR=0.760
  [reuse] v54 256(165u/91s) - 130(101u/29s) v13  draws=14  WR=0.657
  [reuse] v54 181(113u/68s) - 200(120u/80s) v46  draws=19  WR=0.476

[new 2/9] v54 vs v153_sc (200 games = 100/side, seed=88200) ...
  v54: 168(99u/69s)  v153_sc: 31(30u/1s)  draws: 1  WR(v54)=0.843  t=8.7s
  [reuse] v44 194(130u/64s) - 192(130u/62s) v45  draws=14  WR=0.502
  [reuse] v44 239(147u/92s) - 147(100u/47s) v14  draws=14  WR=0.615
  [reuse] v44 151(86u/65s) - 48(34u/14s) v147_sc  draws=1  WR=0.757
  [reuse] v44 237(153u/84s) - 156(112u/44s) v13  draws=7  WR=0.601
  [reuse] v44 190(102u/88s) - 190(101u/89s) v46  draws=20  WR=0.500

[new 3/9] v44 vs v153_sc (200 games = 100/side, seed=88400) ...
  v44: 165(96u/69s)  v153_sc: 33(30u/3s)  draws: 2  WR(v44)=0.830  t=9.2s
  [reuse] v45 226(147u/79s) - 162(115u/47s) v14  draws=12  WR=0.580
  [reuse] v45 147(86u/61s) - 48(34u/14s) v147_sc  draws=5  WR=0.748
  [reuse] v45 269(173u/96s) - 118(92u/26s) v13  draws=13  WR=0.689
  [reuse] v45 189(130u/59s) - 194(137u/57s) v46  draws=17  WR=0.494

[new 4/9] v45 vs v153_sc (200 games = 100/side, seed=88600) ...
  v45: 172(99u/73s)  v153_sc: 28(27u/1s)  draws: 0  WR(v45)=0.860  t=8.8s
  [reuse] v14 125(79u/46s) - 71(52u/19s) v147_sc  draws=4  WR=0.635
  [reuse] v14 200(125u/75s) - 188(120u/68s) v13  draws=12  WR=0.515
  [reuse] v14 139(97u/42s) - 246(151u/95s) v46  draws=15  WR=0.366

[new 5/9] v14 vs v153_sc (200 games = 100/side, seed=88800) ...
Assuming unrestricted shared filesystem usage.
host: balsa-tree
Building DAG of jobs...
Using shell: /usr/bin/bash
Provided cores: 20
Rules claiming more threads will be scaled down.
Provided resources: gpu=Resource("gpu", 1)
Job stats:
job                  count
-----------------  -------
ppo_train_dynamic        1
total                    1

Select jobs to execute...
Execute 1 jobs...

[Mon Apr 13 15:53:45 2026]
localrule ppo_train_dynamic:
    input: data/checkpoints/ppo_v153_sc_league/ppo_best.pt
    output: data/checkpoints/ppo_v154_sc_league/ppo_final.pt
    log: results/logs/ppo/ppo_v154_sc.log
    jobid: 0
    reason: Missing output files: data/checkpoints/ppo_v154_sc_league/ppo_final.pt
    resources: tmpdir=/tmp, gpu=1
  v14: 149(99u/50s)  v153_sc: 44(43u/1s)  draws: 7  WR(v14)=0.762  t=9.6s

[new 6/9] v147_sc vs v13 (200 games = 100/side, seed=89000) ...
  v147_sc: 67(49u/18s)  v13: 126(78u/48s)  draws: 7  WR(v147_sc)=0.352  t=9.9s
  [reuse] v147_sc 37(25u/12s) - 162(87u/75s) v46  draws=1  WR=0.188

[new 7/9] v147_sc vs v153_sc (200 games = 100/side, seed=89200) ...
  v147_sc: 129(91u/38s)  v153_sc: 64(56u/8s)  draws: 7  WR(v147_sc)=0.662  t=9.3s
  [reuse] v13 142(113u/29s) - 241(159u/82s) v46  draws=17  WR=0.376

[new 8/9] v13 vs v153_sc (200 games = 100/side, seed=89400) ...
  v13: 145(98u/47s)  v153_sc: 49(47u/2s)  draws: 6  WR(v13)=0.740  t=9.5s

[new 9/9] v46 vs v153_sc (200 games = 100/side, seed=89600) ...
  v46: 162(96u/66s)  v153_sc: 36(33u/3s)  draws: 2  WR(v46)=0.815  t=11.1s

Fitting BayesElo (combined) ...
Fitting BayesElo (bipartite per-side, anchor=v14_USSR=2015.0) ...

Model                   Elo    USSR*      US*    Gap                95% CI   vs anchor
  (* bipartite per-side, single anchor: v14_USSR=2015)
----------------------------------------------------------------------------------------
v55                    2129   2104   2050  +54  [  2116,   2143]  +114
v54                    2117   2105   2025  +80  [  2103,   2131]  +102
v46                    2111   2099   2018  +81  [  2097,   2125]  +96
v45                    2105   2135   1975  +161  [  2091,   2118]  +90
v44                    2094   2071   2008  +63  [  2081,   2108]  +79
v14                    2015   2015   1891  +124  [  2015,   2015]  +0
v13                    1999   2023   1844  +179  [  1986,   2013]  -16
v147_sc                1910   1887   1784  +103  [  1890,   1929]  -105
v153_sc                1808   1855   1419  +436  [  1787,   1830]  -207

Pair                              Obs WR   Bip WR   Comb WR   Bip err   Comb err
------------------------------------------------------------------------------------
v55            vs v54              0.535    0.517     0.518    +0.018     +0.017
v55            vs v44              0.529    0.552     0.551    -0.024     -0.022
v55            vs v45              0.532    0.529     0.535    +0.004     -0.003
v55            vs v14              0.659    0.661     0.659    -0.003     -0.000
v55            vs v147_sc          0.723    0.791     0.780    -0.068     -0.057
v55            vs v13              0.701    0.678     0.679    +0.024     +0.023
v55            vs v46              0.521    0.526     0.526    -0.004     -0.005
v55            vs v153_sc          0.870    0.867     0.864    +0.003     +0.006
v54            vs v44              0.574    0.535     0.533    +0.038     +0.041
v54            vs v45              0.514    0.513     0.518    +0.001     -0.004
v54            vs v14              0.654    0.644     0.643    +0.010     +0.011
v54            vs v147_sc          0.760    0.776     0.767    -0.016     -0.007
v54            vs v13              0.657    0.660     0.663    -0.003     -0.005
v54            vs v46              0.476    0.509     0.509    -0.033     -0.032
v54            vs v153_sc          0.843    0.854     0.855    -0.011     -0.013
v44            vs v45              0.502    0.480     0.485    +0.023     +0.018
v44            vs v14              0.615    0.614     0.612    +0.001     +0.003
v44            vs v147_sc          0.757    0.753     0.743    +0.004     +0.014
v44            vs v13              0.601    0.632     0.633    -0.031     -0.032
v44            vs v46              0.500    0.474     0.476    +0.026     +0.024
v44            vs v153_sc          0.830    0.842     0.838    -0.012     -0.008
v45            vs v14              0.580    0.622     0.626    -0.042     -0.046
v45            vs v147_sc          0.748    0.753     0.755    -0.006     -0.007
v45            vs v13              0.689    0.637     0.647    +0.052     +0.042
v45            vs v46              0.494    0.496     0.491    -0.002     +0.003
v45            vs v153_sc          0.860    0.825     0.846    +0.035     +0.014
v14            vs v147_sc          0.635    0.648     0.647    -0.013     -0.012
v14            vs v13              0.515    0.523     0.522    -0.008     -0.007
v14            vs v46              0.366    0.364     0.365    +0.002     +0.001
v14            vs v153_sc          0.762    0.760     0.767    +0.003     -0.004
v147_sc        vs v13              0.352    0.382     0.374    -0.029     -0.021
v147_sc        vs v46              0.188    0.230     0.239    -0.043     -0.051
v147_sc        vs v153_sc          0.662    0.668     0.642    -0.005     +0.021
v13            vs v46              0.376    0.347     0.345    +0.029     +0.031
v13            vs v153_sc          0.740    0.727     0.750    +0.013     -0.010
v46            vs v153_sc          0.815    0.849     0.851    -0.034     -0.036
------------------------------------------------------------------------------------
                                              RMSE    0.0250     0.0237
  (bipartite RMSE >= combined RMSE → bipartite model not better fit)

Saved to results/logs/elo/elo_v153_sc_incremental.json
[sql] Tournament logged: incremental_20260413T225430Z_v13_v14 → results/metadata.sqlite3
[confirm] Merged $VERSION into results/elo/elo_full_ladder.json: elo=1808
[Mon Apr 13 15:57:37 2026]
Finished jobid: 0 (Rule: ppo_train_dynamic)
1 of 1 steps (100%) done
Complete log(s): /home/dkord/code/twilight-struggle-ai/.snakemake/log/2026-04-13T155345.797036.snakemake.log
