=== ELO incremental placement: v220_sc ===
Exporting checkpoints to TorchScript ...
Loaded 4136 match results from SQL match_cache

Match schedule (36 total, 9 new, 27 reused from prior run):
  v55 vs v54  [reuse]
  v55 vs v44  [reuse]
  v55 vs v45  [reuse]
  v55 vs v14  [reuse]
  v55 vs v162_sc  [reuse]
  v55 vs v206_sc  [reuse]
  v55 vs v46  [reuse]
  v55 vs v220_sc
  v54 vs v44  [reuse]
  v54 vs v45  [reuse]
  v54 vs v14  [reuse]
  v54 vs v162_sc  [reuse]
  v54 vs v206_sc  [reuse]
  v54 vs v46  [reuse]
  v54 vs v220_sc
  v44 vs v45  [reuse]
  v44 vs v14  [reuse]
  v44 vs v162_sc  [reuse]
  v44 vs v206_sc  [reuse]
  v44 vs v46  [reuse]
  v44 vs v220_sc
  v45 vs v14  [reuse]
  v45 vs v162_sc  [reuse]
  v45 vs v206_sc  [reuse]
  v45 vs v46  [reuse]
  v45 vs v220_sc
  v14 vs v162_sc  [reuse]
  v14 vs v206_sc  [reuse]
  v14 vs v46  [reuse]
  v14 vs v220_sc
  v162_sc vs v206_sc
  v162_sc vs v46  [reuse]
  v162_sc vs v220_sc
  v206_sc vs v46  [reuse]
  v206_sc vs v220_sc
  v46 vs v220_sc
  [reuse] v55 209(115u/94s) - 181(102u/79s) v54  draws=10  WR=0.535
  [reuse] v55 201(119u/82s) - 178(110u/68s) v44  draws=21  WR=0.529
  [reuse] v55 206(136u/70s) - 180(123u/57s) v45  draws=14  WR=0.532
  [reuse] v55 255(150u/105s) - 128(88u/40s) v14  draws=17  WR=0.659
  [reuse] v55 183(98u/85s) - 17(15u/2s) v162_sc  draws=0  WR=0.915
  [reuse] v55 159(87u/72s) - 39(28u/11s) v206_sc  draws=2  WR=0.800
  [reuse] v55 201(114u/87s) - 184(107u/77s) v46  draws=15  WR=0.521

[new 1/9] v55 vs v220_sc (200 games = 100/side, seed=88000) ...
  v55: 178(98u/80s)  v220_sc: 22(20u/2s)  draws: 0  WR(v55)=0.890  t=9.2s
  [reuse] v54 222(126u/96s) - 163(99u/64s) v44  draws=15  WR=0.574
  [reuse] v54 194(125u/69s) - 183(121u/62s) v45  draws=23  WR=0.514
  [reuse] v54 254(154u/100s) - 131(95u/36s) v14  draws=15  WR=0.654
  [reuse] v54 178(97u/81s) - 21(18u/3s) v162_sc  draws=1  WR=0.892
  [reuse] v54 159(89u/70s) - 37(28u/9s) v206_sc  draws=4  WR=0.805
  [reuse] v54 181(113u/68s) - 200(120u/80s) v46  draws=19  WR=0.476

[new 2/9] v54 vs v220_sc (200 games = 100/side, seed=88200) ...
  v54: 178(99u/79s)  v220_sc: 22(21u/1s)  draws: 0  WR(v54)=0.890  t=8.6s
  [reuse] v44 194(130u/64s) - 192(130u/62s) v45  draws=14  WR=0.502
  [reuse] v44 239(147u/92s) - 147(100u/47s) v14  draws=14  WR=0.615
  [reuse] v44 178(95u/83s) - 19(15u/4s) v162_sc  draws=3  WR=0.897
  [reuse] v44 161(87u/74s) - 36(26u/10s) v206_sc  draws=3  WR=0.812
  [reuse] v44 190(102u/88s) - 190(101u/89s) v46  draws=20  WR=0.500

[new 3/9] v44 vs v220_sc (200 games = 100/side, seed=88400) ...
  v44: 180(98u/82s)  v220_sc: 19(17u/2s)  draws: 1  WR(v44)=0.902  t=8.4s
  [reuse] v45 226(147u/79s) - 162(115u/47s) v14  draws=12  WR=0.580
  [reuse] v45 170(97u/73s) - 25(22u/3s) v162_sc  draws=5  WR=0.863
  [reuse] v45 170(88u/82s) - 28(18u/10s) v206_sc  draws=2  WR=0.855
  [reuse] v45 189(130u/59s) - 194(137u/57s) v46  draws=17  WR=0.494

[new 4/9] v45 vs v220_sc (200 games = 100/side, seed=88600) ...
  v45: 180(97u/83s)  v220_sc: 20(17u/3s)  draws: 0  WR(v45)=0.900  t=8.2s
  [reuse] v14 166(94u/72s) - 32(27u/5s) v162_sc  draws=2  WR=0.835
  [reuse] v14 153(85u/68s) - 46(31u/15s) v206_sc  draws=1  WR=0.767
  [reuse] v14 139(97u/42s) - 246(151u/95s) v46  draws=15  WR=0.366

[new 5/9] v14 vs v220_sc (200 games = 100/side, seed=88800) ...
  v14: 178(96u/82s)  v220_sc: 20(17u/3s)  draws: 2  WR(v14)=0.895  t=9.2s

[new 6/9] v162_sc vs v206_sc (200 games = 100/side, seed=89000) ...
  v162_sc: 75(45u/30s)  v206_sc: 120(68u/52s)  draws: 5  WR(v162_sc)=0.388  t=10.9s
  [reuse] v162_sc 30(29u/1s) - 169(98u/71s) v46  draws=1  WR=0.152

[new 7/9] v162_sc vs v220_sc (200 games = 100/side, seed=89200) ...
  v162_sc: 95(66u/29s)  v220_sc: 103(70u/33s)  draws: 2  WR(v162_sc)=0.480  t=8.9s
  [reuse] v206_sc 33(24u/9s) - 164(90u/74s) v46  draws=3  WR=0.172

[new 8/9] v206_sc vs v220_sc (200 games = 100/side, seed=89400) ...
Assuming unrestricted shared filesystem usage.
host: balsa-tree
Building DAG of jobs...
Using shell: /usr/bin/bash
Provided cores: 20
Rules claiming more threads will be scaled down.
Provided resources: gpu=Resource("gpu", 1)
Job stats:
job                  count
-----------------  -------
ppo_train_dynamic        1
total                    1

Select jobs to execute...
Execute 1 jobs...

[Tue Apr 14 04:27:34 2026]
localrule ppo_train_dynamic:
    input: data/checkpoints/ppo_v220_sc_league/ppo_best.pt
    output: data/checkpoints/ppo_v221_sc_league/ppo_final.pt
    log: results/logs/ppo/ppo_v221_sc.log
    jobid: 0
    reason: Missing output files: data/checkpoints/ppo_v221_sc_league/ppo_final.pt
    resources: tmpdir=/tmp, gpu=1
  v206_sc: 140(81u/59s)  v220_sc: 60(41u/19s)  draws: 0  WR(v206_sc)=0.700  t=7.9s

[new 9/9] v46 vs v220_sc (200 games = 100/side, seed=89600) ...
  v46: 178(96u/82s)  v220_sc: 20(16u/4s)  draws: 2  WR(v46)=0.895  t=8.3s

Fitting BayesElo (combined) ...
Fitting BayesElo (bipartite per-side, anchor=v14_USSR=2015.0) ...

Model                   Elo    USSR*      US*    Gap                95% CI   vs anchor
  (* bipartite per-side, single anchor: v14_USSR=2015)
----------------------------------------------------------------------------------------
v55                    2120   2097   2031  +66  [  2105,   2135]  +105
v54                    2109   2091   2014  +77  [  2094,   2124]  +94
v46                    2104   2086   2007  +80  [  2089,   2118]  +89
v45                    2094   2122   1956  +166  [  2079,   2108]  +79
v44                    2092   2063   2004  +59  [  2078,   2107]  +77
v14                    2015   2015   1887  +128  [  2015,   2015]  +0
v206_sc                1832   1783   1734  +50  [  1811,   1853]  -183
v162_sc                1734   1730   1551  +178  [  1711,   1757]  -281
v220_sc                1714   1706   1529  +177  [  1690,   1738]  -301

Pair                              Obs WR   Bip WR   Comb WR   Bip err   Comb err
------------------------------------------------------------------------------------
v55            vs v54              0.535    0.516     0.516    +0.019     +0.019
v55            vs v44              0.529    0.542     0.540    -0.013     -0.011
v55            vs v45              0.532    0.532     0.538    +0.000     -0.006
v55            vs v14              0.659    0.647     0.647    +0.012     +0.012
v55            vs v162_sc          0.915    0.904     0.902    +0.011     +0.013
v55            vs v206_sc          0.800    0.848     0.840    -0.048     -0.040
v55            vs v46              0.521    0.524     0.523    -0.003     -0.002
v55            vs v220_sc          0.890    0.915     0.912    -0.025     -0.022
v54            vs v44              0.574    0.526     0.524    +0.048     +0.049
v54            vs v45              0.514    0.517     0.522    -0.004     -0.009
v54            vs v14              0.654    0.631     0.632    +0.023     +0.022
v54            vs v162_sc          0.892    0.897     0.896    -0.005     -0.004
v54            vs v206_sc          0.805    0.839     0.831    -0.034     -0.026
v54            vs v46              0.476    0.508     0.508    -0.032     -0.031
v54            vs v220_sc          0.890    0.908     0.907    -0.018     -0.017
v44            vs v45              0.502    0.493     0.498    +0.009     +0.004
v44            vs v14              0.615    0.609     0.609    +0.006     +0.006
v44            vs v162_sc          0.897    0.890     0.887    +0.008     +0.011
v44            vs v206_sc          0.812    0.825     0.817    -0.013     -0.005
v44            vs v46              0.500    0.482     0.483    +0.018     +0.017
v44            vs v220_sc          0.902    0.902     0.898    +0.001     +0.004
v45            vs v14              0.580    0.605     0.611    -0.025     -0.031
v45            vs v162_sc          0.863    0.875     0.888    -0.012     -0.025
v45            vs v206_sc          0.855    0.817     0.818    +0.038     +0.037
v45            vs v46              0.494    0.490     0.485    +0.003     +0.009
v45            vs v220_sc          0.900    0.888     0.899    +0.012     +0.001
v14            vs v162_sc          0.835    0.824     0.834    +0.011     +0.001
v14            vs v206_sc          0.767    0.740     0.742    +0.028     +0.026
v14            vs v46              0.366    0.377     0.375    -0.010     -0.009
v14            vs v220_sc          0.895    0.841     0.850    +0.054     +0.045
v162_sc        vs v206_sc          0.388    0.351     0.363    +0.036     +0.024
v162_sc        vs v46              0.152    0.106     0.107    +0.046     +0.046
v162_sc        vs v220_sc          0.480    0.526     0.529    -0.046     -0.049
v206_sc        vs v46              0.172    0.166     0.173    +0.006     -0.000
v206_sc        vs v220_sc          0.700    0.676     0.663    +0.024     +0.037
v46            vs v220_sc          0.895    0.905     0.904    -0.010     -0.009
------------------------------------------------------------------------------------
                                              RMSE    0.0249     0.0240
  (bipartite RMSE >= combined RMSE → bipartite model not better fit)

Saved to results/logs/elo/elo_v220_sc_incremental.json
[sql] Tournament logged: incremental_20260414T112745Z_v14_v162_sc → results/metadata.sqlite3
[confirm] Merged $VERSION into results/elo/elo_full_ladder.json: elo=1714
[Tue Apr 14 04:32:18 2026]
Finished jobid: 0 (Rule: ppo_train_dynamic)
1 of 1 steps (100%) done
Complete log(s): /home/dkord/code/twilight-struggle-ai/.snakemake/log/2026-04-14T042734.662473.snakemake.log
