=== ELO incremental placement: v221_sc ===
Exporting checkpoints to TorchScript ...
Loaded 4150 match results from SQL match_cache

Match schedule (36 total, 8 new, 28 reused from prior run):
  v55 vs v54  [reuse]
  v55 vs v44  [reuse]
  v55 vs v45  [reuse]
  v55 vs v14  [reuse]
  v55 vs v188_sc  [reuse]
  v55 vs v212_sc  [reuse]
  v55 vs v46  [reuse]
  v55 vs v221_sc
  v54 vs v44  [reuse]
  v54 vs v45  [reuse]
  v54 vs v14  [reuse]
  v54 vs v188_sc  [reuse]
  v54 vs v212_sc  [reuse]
  v54 vs v46  [reuse]
  v54 vs v221_sc
  v44 vs v45  [reuse]
  v44 vs v14  [reuse]
  v44 vs v188_sc  [reuse]
  v44 vs v212_sc  [reuse]
  v44 vs v46  [reuse]
  v44 vs v221_sc
  v45 vs v14  [reuse]
  v45 vs v188_sc  [reuse]
  v45 vs v212_sc  [reuse]
  v45 vs v46  [reuse]
  v45 vs v221_sc
  v14 vs v188_sc  [reuse]
  v14 vs v212_sc  [reuse]
  v14 vs v46  [reuse]
  v14 vs v221_sc
  v188_sc vs v212_sc  [reuse]
  v188_sc vs v46  [reuse]
  v188_sc vs v221_sc
  v212_sc vs v46  [reuse]
  v212_sc vs v221_sc
  v46 vs v221_sc
  [reuse] v55 209(115u/94s) - 181(102u/79s) v54  draws=10  WR=0.535
  [reuse] v55 201(119u/82s) - 178(110u/68s) v44  draws=21  WR=0.529
  [reuse] v55 206(136u/70s) - 180(123u/57s) v45  draws=14  WR=0.532
  [reuse] v55 255(150u/105s) - 128(88u/40s) v14  draws=17  WR=0.659
  [reuse] v55 180(99u/81s) - 19(18u/1s) v188_sc  draws=1  WR=0.902
  [reuse] v55 160(89u/71s) - 38(28u/10s) v212_sc  draws=2  WR=0.805
  [reuse] v55 201(114u/87s) - 184(107u/77s) v46  draws=15  WR=0.521

[new 1/8] v55 vs v221_sc (200 games = 100/side, seed=88000) ...
  v55: 172(96u/76s)  v221_sc: 28(24u/4s)  draws: 0  WR(v55)=0.860  t=10.9s
  [reuse] v54 222(126u/96s) - 163(99u/64s) v44  draws=15  WR=0.574
  [reuse] v54 194(125u/69s) - 183(121u/62s) v45  draws=23  WR=0.514
  [reuse] v54 254(154u/100s) - 131(95u/36s) v14  draws=15  WR=0.654
  [reuse] v54 176(95u/81s) - 22(19u/3s) v188_sc  draws=2  WR=0.885
  [reuse] v54 167(91u/76s) - 29(24u/5s) v212_sc  draws=4  WR=0.845
  [reuse] v54 181(113u/68s) - 200(120u/80s) v46  draws=19  WR=0.476

[new 2/8] v54 vs v221_sc (200 games = 100/side, seed=88200) ...
  v54: 176(98u/78s)  v221_sc: 24(22u/2s)  draws: 0  WR(v54)=0.880  t=9.3s
  [reuse] v44 194(130u/64s) - 192(130u/62s) v45  draws=14  WR=0.502
  [reuse] v44 239(147u/92s) - 147(100u/47s) v14  draws=14  WR=0.615
  [reuse] v44 172(91u/81s) - 24(17u/7s) v188_sc  draws=4  WR=0.870
  [reuse] v44 163(87u/76s) - 36(24u/12s) v212_sc  draws=1  WR=0.818
  [reuse] v44 190(102u/88s) - 190(101u/89s) v46  draws=20  WR=0.500

[new 3/8] v44 vs v221_sc (200 games = 100/side, seed=88400) ...
  v44: 175(96u/79s)  v221_sc: 23(21u/2s)  draws: 2  WR(v44)=0.880  t=9.5s
  [reuse] v45 226(147u/79s) - 162(115u/47s) v14  draws=12  WR=0.580
  [reuse] v45 177(96u/81s) - 21(18u/3s) v188_sc  draws=2  WR=0.890
  [reuse] v45 164(83u/81s) - 30(17u/13s) v212_sc  draws=6  WR=0.835
  [reuse] v45 189(130u/59s) - 194(137u/57s) v46  draws=17  WR=0.494

[new 4/8] v45 vs v221_sc (200 games = 100/side, seed=88600) ...
  v45: 175(98u/77s)  v221_sc: 25(23u/2s)  draws: 0  WR(v45)=0.875  t=9.0s
  [reuse] v14 161(96u/65s) - 36(33u/3s) v188_sc  draws=3  WR=0.812
  [reuse] v14 156(83u/73s) - 39(25u/14s) v212_sc  draws=5  WR=0.792
  [reuse] v14 139(97u/42s) - 246(151u/95s) v46  draws=15  WR=0.366

[new 5/8] v14 vs v221_sc (200 games = 100/side, seed=88800) ...
  v14: 174(95u/79s)  v221_sc: 25(20u/5s)  draws: 1  WR(v14)=0.873  t=10.9s
  [reuse] v188_sc 44(30u/14s) - 155(85u/70s) v212_sc  draws=1  WR=0.223
  [reuse] v188_sc 27(19u/8s) - 170(90u/80s) v46  draws=3  WR=0.142

[new 6/8] v188_sc vs v221_sc (200 games = 100/side, seed=89000) ...
  v188_sc: 83(52u/31s)  v221_sc: 114(67u/47s)  draws: 3  WR(v188_sc)=0.422  t=11.0s
  [reuse] v212_sc 37(23u/14s) - 163(86u/77s) v46  draws=0  WR=0.185

[new 7/8] v212_sc vs v221_sc (200 games = 100/side, seed=89200) ...
  v212_sc: 145(74u/71s)  v221_sc: 53(29u/24s)  draws: 2  WR(v212_sc)=0.730  t=9.4s

[new 8/8] v46 vs v221_sc (200 games = 100/side, seed=89400) ...
Assuming unrestricted shared filesystem usage.
host: balsa-tree
Building DAG of jobs...
Using shell: /usr/bin/bash
Provided cores: 20
Rules claiming more threads will be scaled down.
Provided resources: gpu=Resource("gpu", 1)
Job stats:
job                  count
-----------------  -------
ppo_train_dynamic        1
total                    1

Select jobs to execute...
Execute 1 jobs...

[Tue Apr 14 04:32:22 2026]
localrule ppo_train_dynamic:
    input: data/checkpoints/ppo_v217_sc_league/ppo_best.pt
    output: data/checkpoints/ppo_v222_sc_league/ppo_final.pt
    log: results/logs/ppo/ppo_v222_sc.log
    jobid: 0
    reason: Missing output files: data/checkpoints/ppo_v222_sc_league/ppo_final.pt
    resources: tmpdir=/tmp, gpu=1
  v46: 171(95u/76s)  v221_sc: 27(24u/3s)  draws: 2  WR(v46)=0.860  t=9.4s

Fitting BayesElo (combined) ...
Fitting BayesElo (bipartite per-side, anchor=v14_USSR=2015.0) ...

Model                   Elo    USSR*      US*    Gap                95% CI   vs anchor
  (* bipartite per-side, single anchor: v14_USSR=2015)
----------------------------------------------------------------------------------------
v55                    2119   2097   2023  +74  [  2104,   2133]  +104
v54                    2111   2091   2012  +80  [  2096,   2126]  +96
v46                    2102   2076   2007  +69  [  2087,   2117]  +87
v45                    2093   2119   1952  +167  [  2078,   2108]  +78
v44                    2090   2059   1999  +60  [  2076,   2105]  +75
v14                    2015   2015   1880  +135  [  2015,   2015]  +0
v212_sc                1851   1780   1778  +3  [  1831,   1871]  -164
v221_sc                1740   1724   1579  +145  [  1717,   1763]  -275
v188_sc                1712   1699   1536  +163  [  1688,   1736]  -303

Pair                              Obs WR   Bip WR   Comb WR   Bip err   Comb err
------------------------------------------------------------------------------------
v55            vs v54              0.535    0.511     0.511    +0.024     +0.024
v55            vs v44              0.529    0.543     0.541    -0.014     -0.012
v55            vs v45              0.532    0.531     0.537    +0.001     -0.004
v55            vs v14              0.659    0.644     0.645    +0.015     +0.014
v55            vs v188_sc          0.902    0.914     0.912    -0.011     -0.010
v55            vs v212_sc          0.805    0.832     0.823    -0.027     -0.018
v55            vs v46              0.521    0.525     0.524    -0.004     -0.002
v55            vs v221_sc          0.860    0.900     0.898    -0.040     -0.038
v54            vs v44              0.574    0.532     0.530    +0.042     +0.044
v54            vs v45              0.514    0.521     0.526    -0.007     -0.012
v54            vs v14              0.654    0.633     0.635    +0.020     +0.019
v54            vs v188_sc          0.885    0.909     0.908    -0.024     -0.023
v54            vs v212_sc          0.845    0.825     0.817    +0.020     +0.028
v54            vs v46              0.476    0.514     0.512    -0.038     -0.036
v54            vs v221_sc          0.880    0.895     0.894    -0.015     -0.014
v44            vs v45              0.502    0.492     0.496    +0.011     +0.007
v44            vs v14              0.615    0.606     0.607    +0.009     +0.008
v44            vs v188_sc          0.870    0.901     0.898    -0.031     -0.028
v44            vs v212_sc          0.818    0.807     0.799    +0.011     +0.019
v44            vs v46              0.500    0.482     0.483    +0.018     +0.017
v44            vs v221_sc          0.880    0.885     0.882    -0.005     -0.002
v45            vs v14              0.580    0.604     0.611    -0.024     -0.031
v45            vs v188_sc          0.890    0.888     0.900    +0.002     -0.010
v45            vs v212_sc          0.835    0.803     0.801    +0.032     +0.034
v45            vs v46              0.494    0.492     0.487    +0.002     +0.007
v45            vs v221_sc          0.875    0.873     0.884    +0.002     -0.009
v14            vs v188_sc          0.812    0.840     0.851    -0.027     -0.039
v14            vs v212_sc          0.792    0.718     0.720    +0.074     +0.073
v14            vs v46              0.366    0.378     0.377    -0.012     -0.011
v14            vs v221_sc          0.873    0.818     0.829    +0.055     +0.043
v188_sc        vs v212_sc          0.223    0.293     0.310    -0.070     -0.088
v188_sc        vs v46              0.142    0.094     0.096    +0.048     +0.047
v188_sc        vs v221_sc          0.422    0.460     0.460    -0.038     -0.037
v212_sc        vs v46              0.185    0.183     0.191    +0.002     -0.006
v212_sc        vs v221_sc          0.730    0.669     0.654    +0.061     +0.076
v46            vs v221_sc          0.860    0.891     0.889    -0.031     -0.029
------------------------------------------------------------------------------------
                                              RMSE    0.0309     0.0328
  (bipartite RMSE < combined RMSE → bipartite model better fit)

Saved to results/logs/elo/elo_v221_sc_incremental.json
[sql] Tournament logged: incremental_20260414T113226Z_v14_v188_sc → results/metadata.sqlite3
[confirm] Merged $VERSION into results/elo/elo_full_ladder.json: elo=1740
[Tue Apr 14 04:40:57 2026]
Finished jobid: 0 (Rule: ppo_train_dynamic)
1 of 1 steps (100%) done
Complete log(s): /home/dkord/code/twilight-struggle-ai/.snakemake/log/2026-04-14T043222.428174.snakemake.log
