=== ELO update: adding v36 ===
Exporting checkpoints to TorchScript ...
  heuristic: built-in heuristic (no export needed)
Loaded 313 match results from cache results/matches/

Match schedule (325 total, 25 new, 300 reused from prior run):
  heuristic vs v10  [reuse]
  heuristic vs v11  [reuse]
  heuristic vs v12  [reuse]
  heuristic vs v13  [reuse]
  heuristic vs v14  [reuse]
  heuristic vs v15  [reuse]
  heuristic vs v16  [reuse]
  heuristic vs v17  [reuse]
  heuristic vs v18  [reuse]
  heuristic vs v19  [reuse]
  heuristic vs v20  [reuse]
  heuristic vs v21  [reuse]
  heuristic vs v22  [reuse]
  heuristic vs v27  [reuse]
  heuristic vs v28  [reuse]
  heuristic vs v29  [reuse]
  heuristic vs v30  [reuse]
  heuristic vs v31  [reuse]
  heuristic vs v32  [reuse]
  heuristic vs v33  [reuse]
  heuristic vs v34  [reuse]
  heuristic vs v35  [reuse]
  heuristic vs v36
  heuristic vs v8  [reuse]
  heuristic vs v9  [reuse]
  v10 vs v11  [reuse]
  v10 vs v12  [reuse]
  v10 vs v13  [reuse]
  v10 vs v14  [reuse]
  v10 vs v15  [reuse]
  v10 vs v16  [reuse]
  v10 vs v17  [reuse]
  v10 vs v18  [reuse]
  v10 vs v19  [reuse]
  v10 vs v20  [reuse]
  v10 vs v21  [reuse]
  v10 vs v22  [reuse]
  v10 vs v27  [reuse]
  v10 vs v28  [reuse]
  v10 vs v29  [reuse]
  v10 vs v30  [reuse]
  v10 vs v31  [reuse]
  v10 vs v32  [reuse]
  v10 vs v33  [reuse]
  v10 vs v34  [reuse]
  v10 vs v35  [reuse]
  v10 vs v36
  v10 vs v8  [reuse]
  v10 vs v9  [reuse]
  v11 vs v12  [reuse]
  v11 vs v13  [reuse]
  v11 vs v14  [reuse]
  v11 vs v15  [reuse]
  v11 vs v16  [reuse]
  v11 vs v17  [reuse]
  v11 vs v18  [reuse]
  v11 vs v19  [reuse]
  v11 vs v20  [reuse]
  v11 vs v21  [reuse]
  v11 vs v22  [reuse]
  v11 vs v27  [reuse]
  v11 vs v28  [reuse]
  v11 vs v29  [reuse]
  v11 vs v30  [reuse]
  v11 vs v31  [reuse]
  v11 vs v32  [reuse]
  v11 vs v33  [reuse]
  v11 vs v34  [reuse]
  v11 vs v35  [reuse]
  v11 vs v36
  v11 vs v8  [reuse]
  v11 vs v9  [reuse]
  v12 vs v13  [reuse]
  v12 vs v14  [reuse]
  v12 vs v15  [reuse]
  v12 vs v16  [reuse]
  v12 vs v17  [reuse]
  v12 vs v18  [reuse]
  v12 vs v19  [reuse]
  v12 vs v20  [reuse]
  v12 vs v21  [reuse]
  v12 vs v22  [reuse]
  v12 vs v27  [reuse]
  v12 vs v28  [reuse]
  v12 vs v29  [reuse]
  v12 vs v30  [reuse]
  v12 vs v31  [reuse]
  v12 vs v32  [reuse]
  v12 vs v33  [reuse]
  v12 vs v34  [reuse]
  v12 vs v35  [reuse]
  v12 vs v36
  v12 vs v8  [reuse]
  v12 vs v9  [reuse]
  v13 vs v14  [reuse]
  v13 vs v15  [reuse]
  v13 vs v16  [reuse]
  v13 vs v17  [reuse]
  v13 vs v18  [reuse]
  v13 vs v19  [reuse]
  v13 vs v20  [reuse]
  v13 vs v21  [reuse]
  v13 vs v22  [reuse]
  v13 vs v27  [reuse]
  v13 vs v28  [reuse]
  v13 vs v29  [reuse]
  v13 vs v30  [reuse]
  v13 vs v31  [reuse]
  v13 vs v32  [reuse]
  v13 vs v33  [reuse]
  v13 vs v34  [reuse]
  v13 vs v35  [reuse]
  v13 vs v36
  v13 vs v8  [reuse]
  v13 vs v9  [reuse]
  v14 vs v15  [reuse]
  v14 vs v16  [reuse]
  v14 vs v17  [reuse]
  v14 vs v18  [reuse]
  v14 vs v19  [reuse]
  v14 vs v20  [reuse]
  v14 vs v21  [reuse]
  v14 vs v22  [reuse]
  v14 vs v27  [reuse]
  v14 vs v28  [reuse]
  v14 vs v29  [reuse]
  v14 vs v30  [reuse]
  v14 vs v31  [reuse]
  v14 vs v32  [reuse]
  v14 vs v33  [reuse]
  v14 vs v34  [reuse]
  v14 vs v35  [reuse]
  v14 vs v36
  v14 vs v8  [reuse]
  v14 vs v9  [reuse]
  v15 vs v16  [reuse]
  v15 vs v17  [reuse]
  v15 vs v18  [reuse]
  v15 vs v19  [reuse]
  v15 vs v20  [reuse]
  v15 vs v21  [reuse]
  v15 vs v22  [reuse]
  v15 vs v27  [reuse]
  v15 vs v28  [reuse]
  v15 vs v29  [reuse]
  v15 vs v30  [reuse]
  v15 vs v31  [reuse]
  v15 vs v32  [reuse]
  v15 vs v33  [reuse]
  v15 vs v34  [reuse]
  v15 vs v35  [reuse]
  v15 vs v36
  v15 vs v8  [reuse]
  v15 vs v9  [reuse]
  v16 vs v17  [reuse]
  v16 vs v18  [reuse]
  v16 vs v19  [reuse]
  v16 vs v20  [reuse]
  v16 vs v21  [reuse]
  v16 vs v22  [reuse]
  v16 vs v27  [reuse]
  v16 vs v28  [reuse]
  v16 vs v29  [reuse]
  v16 vs v30  [reuse]
  v16 vs v31  [reuse]
  v16 vs v32  [reuse]
  v16 vs v33  [reuse]
  v16 vs v34  [reuse]
  v16 vs v35  [reuse]
  v16 vs v36
  v16 vs v8  [reuse]
  v16 vs v9  [reuse]
  v17 vs v18  [reuse]
  v17 vs v19  [reuse]
  v17 vs v20  [reuse]
  v17 vs v21  [reuse]
  v17 vs v22  [reuse]
  v17 vs v27  [reuse]
  v17 vs v28  [reuse]
  v17 vs v29  [reuse]
  v17 vs v30  [reuse]
  v17 vs v31  [reuse]
  v17 vs v32  [reuse]
  v17 vs v33  [reuse]
  v17 vs v34  [reuse]
  v17 vs v35  [reuse]
  v17 vs v36
  v17 vs v8  [reuse]
  v17 vs v9  [reuse]
  v18 vs v19  [reuse]
  v18 vs v20  [reuse]
  v18 vs v21  [reuse]
  v18 vs v22  [reuse]
  v18 vs v27  [reuse]
  v18 vs v28  [reuse]
  v18 vs v29  [reuse]
  v18 vs v30  [reuse]
  v18 vs v31  [reuse]
  v18 vs v32  [reuse]
  v18 vs v33  [reuse]
  v18 vs v34  [reuse]
  v18 vs v35  [reuse]
  v18 vs v36
  v18 vs v8  [reuse]
  v18 vs v9  [reuse]
  v19 vs v20  [reuse]
  v19 vs v21  [reuse]
  v19 vs v22  [reuse]
  v19 vs v27  [reuse]
  v19 vs v28  [reuse]
  v19 vs v29  [reuse]
  v19 vs v30  [reuse]
  v19 vs v31  [reuse]
  v19 vs v32  [reuse]
  v19 vs v33  [reuse]
  v19 vs v34  [reuse]
  v19 vs v35  [reuse]
  v19 vs v36
  v19 vs v8  [reuse]
  v19 vs v9  [reuse]
  v20 vs v21  [reuse]
  v20 vs v22  [reuse]
  v20 vs v27  [reuse]
  v20 vs v28  [reuse]
  v20 vs v29  [reuse]
  v20 vs v30  [reuse]
  v20 vs v31  [reuse]
  v20 vs v32  [reuse]
  v20 vs v33  [reuse]
  v20 vs v34  [reuse]
  v20 vs v35  [reuse]
  v20 vs v36
  v20 vs v8  [reuse]
  v20 vs v9  [reuse]
  v21 vs v22  [reuse]
  v21 vs v27  [reuse]
  v21 vs v28  [reuse]
  v21 vs v29  [reuse]
  v21 vs v30  [reuse]
  v21 vs v31  [reuse]
  v21 vs v32  [reuse]
  v21 vs v33  [reuse]
  v21 vs v34  [reuse]
  v21 vs v35  [reuse]
  v21 vs v36
  v21 vs v8  [reuse]
  v21 vs v9  [reuse]
  v22 vs v27  [reuse]
  v22 vs v28  [reuse]
  v22 vs v29  [reuse]
  v22 vs v30  [reuse]
  v22 vs v31  [reuse]
  v22 vs v32  [reuse]
  v22 vs v33  [reuse]
  v22 vs v34  [reuse]
  v22 vs v35  [reuse]
  v22 vs v36
  v22 vs v8  [reuse]
  v22 vs v9  [reuse]
  v27 vs v28  [reuse]
  v27 vs v29  [reuse]
  v27 vs v30  [reuse]
  v27 vs v31  [reuse]
  v27 vs v32  [reuse]
  v27 vs v33  [reuse]
  v27 vs v34  [reuse]
  v27 vs v35  [reuse]
  v27 vs v36
  v27 vs v8  [reuse]
  v27 vs v9  [reuse]
  v28 vs v29  [reuse]
  v28 vs v30  [reuse]
  v28 vs v31  [reuse]
  v28 vs v32  [reuse]
  v28 vs v33  [reuse]
  v28 vs v34  [reuse]
  v28 vs v35  [reuse]
  v28 vs v36
  v28 vs v8  [reuse]
  v28 vs v9  [reuse]
  v29 vs v30  [reuse]
  v29 vs v31  [reuse]
  v29 vs v32  [reuse]
  v29 vs v33  [reuse]
  v29 vs v34  [reuse]
  v29 vs v35  [reuse]
  v29 vs v36
  v29 vs v8  [reuse]
  v29 vs v9  [reuse]
  v30 vs v31  [reuse]
  v30 vs v32  [reuse]
  v30 vs v33  [reuse]
  v30 vs v34  [reuse]
  v30 vs v35  [reuse]
  v30 vs v36
  v30 vs v8  [reuse]
  v30 vs v9  [reuse]
  v31 vs v32  [reuse]
  v31 vs v33  [reuse]
  v31 vs v34  [reuse]
  v31 vs v35  [reuse]
  v31 vs v36
  v31 vs v8  [reuse]
  v31 vs v9  [reuse]
  v32 vs v33  [reuse]
  v32 vs v34  [reuse]
  v32 vs v35  [reuse]
  v32 vs v36
  v32 vs v8  [reuse]
  v32 vs v9  [reuse]
  v33 vs v34  [reuse]
  v33 vs v35  [reuse]
  v33 vs v36
  v33 vs v8  [reuse]
  v33 vs v9  [reuse]
  v34 vs v35  [reuse]
  v34 vs v36
  v34 vs v8  [reuse]
  v34 vs v9  [reuse]
  v35 vs v36
  v35 vs v8  [reuse]
  v35 vs v9  [reuse]
  v36 vs v8
  v36 vs v9
  v8 vs v9  [reuse]
  [reuse] heuristic 45(37u/8s) - 351(192u/159s) v10  draws=4  WR=0.117
  [reuse] heuristic 69(60u/9s) - 327(191u/136s) v11  draws=4  WR=0.177
  [reuse] heuristic 42(21u/21s) - 157(78u/79s) v12  draws=1  WR=0.212
  [reuse] heuristic 84(73u/11s) - 308(188u/120s) v13  draws=8  WR=0.220
  [reuse] heuristic 64(32u/32s) - 329(164u/165s) v14  draws=7  WR=0.169
  [reuse] heuristic 37(30u/7s) - 360(191u/169s) v15  draws=3  WR=0.096
  [reuse] heuristic 59(50u/9s) - 339(190u/149s) v16  draws=2  WR=0.150
  [reuse] heuristic 43(37u/6s) - 353(192u/161s) v17  draws=4  WR=0.113
  [reuse] heuristic 33(32u/1s) - 362(198u/164s) v18  draws=5  WR=0.089
  [reuse] heuristic 53(26u/27s) - 345(172u/173s) v19  draws=2  WR=0.135
  [reuse] heuristic 47(34u/13s) - 351(186u/165s) v20  draws=2  WR=0.120
  [reuse] heuristic 47(44u/3s) - 349(197u/152s) v21  draws=4  WR=0.122
  [reuse] heuristic 45(22u/23s) - 350(175u/175s) v22  draws=5  WR=0.119
  [reuse] heuristic 119(69u/50s) - 278(150u/128s) v27  draws=3  WR=0.301
  [reuse] heuristic 97(69u/28s) - 301(172u/129s) v28  draws=2  WR=0.245
  [reuse] heuristic 92(48u/44s) - 307(156u/151s) v29  draws=1  WR=0.231
  [reuse] heuristic 81(42u/39s) - 313(159u/154s) v30  draws=6  WR=0.210
  [reuse] heuristic 89(45u/44s) - 310(156u/154s) v31  draws=1  WR=0.224
  [reuse] heuristic 94(44u/50s) - 306(150u/156s) v32  draws=0  WR=0.235
  [reuse] heuristic 100(52u/48s) - 297(151u/146s) v33  draws=3  WR=0.254
  [reuse] heuristic 137(69u/68s) - 260(132u/128s) v34  draws=3  WR=0.346
  [reuse] heuristic 70(42u/28s) - 327(170u/157s) v35  draws=3  WR=0.179

[new 1/25] heuristic vs v36 (400 games = 200/side, seed=88000) ...
  heuristic: 91(58u/33s)  v36: 307(166u/141s)  draws: 2  WR(heuristic)=0.230  t=24.5s
  [reuse] heuristic 20(10u/10s) - 176(88u/88s) v8  draws=4  WR=0.110
  [reuse] heuristic 76(64u/12s) - 317(187u/130s) v9  draws=7  WR=0.199
  [reuse] v10 157(117u/40s) - 230(154u/76s) v11  draws=13  WR=0.409
  [reuse] v10 149(114u/35s) - 235(159u/76s) v12  draws=16  WR=0.393
  [reuse] v10 155(116u/39s) - 238(157u/81s) v13  draws=7  WR=0.396
  [reuse] v10 153(112u/41s) - 229(154u/75s) v14  draws=18  WR=0.405
  [reuse] v10 126(97u/29s) - 259(166u/93s) v15  draws=15  WR=0.334
  [reuse] v10 143(115u/28s) - 241(165u/76s) v16  draws=16  WR=0.378
  [reuse] v10 141(107u/34s) - 248(164u/84s) v17  draws=11  WR=0.366
  [reuse] v10 134(107u/27s) - 251(166u/85s) v18  draws=15  WR=0.354
  [reuse] v10 136(92u/44s) - 245(149u/96s) v19  draws=19  WR=0.364
  [reuse] v10 147(105u/42s) - 240(154u/86s) v20  draws=13  WR=0.384
  [reuse] v10 143(101u/42s) - 243(156u/87s) v21  draws=14  WR=0.375
  [reuse] v10 100(80u/20s) - 285(175u/110s) v22  draws=15  WR=0.269
  [reuse] v10 305(183u/122s) - 91(74u/17s) v27  draws=4  WR=0.767
  [reuse] v10 265(174u/91s) - 129(104u/25s) v28  draws=6  WR=0.670
  [reuse] v10 277(167u/110s) - 122(90u/32s) v29  draws=1  WR=0.694
  [reuse] v10 249(144u/105s) - 144(92u/52s) v30  draws=7  WR=0.631
  [reuse] v10 265(169u/96s) - 126(102u/24s) v31  draws=9  WR=0.674
  [reuse] v10 271(175u/96s) - 125(101u/24s) v32  draws=4  WR=0.682
  [reuse] v10 277(176u/101s) - 115(92u/23s) v33  draws=8  WR=0.703
  [reuse] v10 290(170u/120s) - 107(78u/29s) v34  draws=3  WR=0.729
  [reuse] v10 246(173u/73s) - 149(123u/26s) v35  draws=5  WR=0.621

[new 2/25] v10 vs v36 (400 games = 200/side, seed=88400) ...
  v10: 261(167u/94s)  v36: 132(101u/31s)  draws: 7  WR(v10)=0.661  t=17.6s
  [reuse] v10 207(161u/46s) - 179(144u/35s) v8  draws=14  WR=0.535
  [reuse] v10 198(145u/53s) - 187(139u/48s) v9  draws=15  WR=0.514
  [reuse] v11 162(120u/42s) - 222(151u/71s) v12  draws=16  WR=0.425
  [reuse] v11 189(127u/62s) - 203(135u/68s) v13  draws=8  WR=0.482
  [reuse] v11 169(121u/48s) - 216(144u/72s) v14  draws=15  WR=0.441
  [reuse] v11 149(107u/42s) - 235(152u/83s) v15  draws=16  WR=0.393
  [reuse] v11 157(114u/43s) - 230(149u/81s) v16  draws=13  WR=0.409
  [reuse] v11 155(109u/46s) - 236(150u/86s) v17  draws=9  WR=0.399
  [reuse] v11 148(118u/30s) - 240(167u/73s) v18  draws=12  WR=0.385
  [reuse] v11 132(94u/38s) - 254(154u/100s) v19  draws=14  WR=0.347
  [reuse] v11 119(89u/30s) - 272(168u/104s) v20  draws=9  WR=0.309
  [reuse] v11 130(93u/37s) - 253(155u/98s) v21  draws=17  WR=0.346
  [reuse] v11 129(99u/30s) - 254(162u/92s) v22  draws=17  WR=0.344
  [reuse] v11 304(187u/117s) - 95(82u/13s) v27  draws=1  WR=0.761
  [reuse] v11 283(176u/107s) - 110(89u/21s) v28  draws=7  WR=0.716
  [reuse] v11 291(184u/107s) - 105(90u/15s) v29  draws=4  WR=0.733
  [reuse] v11 265(163u/102s) - 125(93u/32s) v30  draws=10  WR=0.675
  [reuse] v11 273(178u/95s) - 123(104u/19s) v31  draws=4  WR=0.688
  [reuse] v11 278(171u/107s) - 120(92u/28s) v32  draws=2  WR=0.698
  [reuse] v11 289(180u/109s) - 109(91u/18s) v33  draws=2  WR=0.725
  [reuse] v11 279(179u/100s) - 114(97u/17s) v34  draws=7  WR=0.706
  [reuse] v11 258(177u/81s) - 135(117u/18s) v35  draws=7  WR=0.654

[new 3/25] v11 vs v36 (400 games = 200/side, seed=88800) ...
  v11: 261(175u/86s)  v36: 137(112u/25s)  draws: 2  WR(v11)=0.655  t=18.0s
  [reuse] v11 247(155u/92s) - 146(104u/42s) v8  draws=7  WR=0.626
  [reuse] v11 218(157u/61s) - 167(128u/39s) v9  draws=15  WR=0.564
  [reuse] v12 201(133u/68s) - 187(127u/60s) v13  draws=12  WR=0.517
  [reuse] v12 177(88u/89s) - 209(104u/105s) v14  draws=14  WR=0.460
  [reuse] v12 151(100u/51s) - 238(143u/95s) v15  draws=11  WR=0.391
  [reuse] v12 151(110u/41s) - 239(154u/85s) v16  draws=10  WR=0.390
  [reuse] v12 167(122u/45s) - 223(151u/72s) v17  draws=10  WR=0.430
  [reuse] v12 158(116u/42s) - 227(149u/78s) v18  draws=15  WR=0.414
  [reuse] v12 142(71u/71s) - 244(122u/122s) v19  draws=14  WR=0.372
  [reuse] v12 149(113u/36s) - 240(161u/79s) v20  draws=11  WR=0.386
  [reuse] v12 170(118u/52s) - 220(144u/76s) v21  draws=10  WR=0.438
  [reuse] v12 146(73u/73s) - 240(120u/120s) v22  draws=14  WR=0.383
  [reuse] v12 324(187u/137s) - 74(61u/13s) v27  draws=2  WR=0.812
  [reuse] v12 297(187u/110s) - 98(86u/12s) v28  draws=5  WR=0.749
  [reuse] v12 298(173u/125s) - 94(71u/23s) v29  draws=8  WR=0.755
  [reuse] v12 267(159u/108s) - 130(90u/40s) v30  draws=3  WR=0.671
  [reuse] v12 282(164u/118s) - 112(79u/33s) v31  draws=6  WR=0.713
  [reuse] v12 296(168u/128s) - 97(66u/31s) v32  draws=7  WR=0.749
  [reuse] v12 299(170u/129s) - 96(69u/27s) v33  draws=5  WR=0.754
  [reuse] v12 294(175u/119s) - 103(79u/24s) v34  draws=3  WR=0.739
  [reuse] v12 275(173u/102s) - 121(95u/26s) v35  draws=4  WR=0.693

[new 4/25] v12 vs v36 (400 games = 200/side, seed=89200) ...
  v12: 294(174u/120s)  v36: 104(78u/26s)  draws: 2  WR(v12)=0.738  t=18.8s
  [reuse] v12 121(60u/61s) - 75(37u/38s) v8  draws=4  WR=0.615
  [reuse] v12 217(146u/71s) - 178(126u/52s) v9  draws=5  WR=0.549
  [reuse] v13 188(120u/68s) - 200(125u/75s) v14  draws=12  WR=0.485
  [reuse] v13 158(115u/43s) - 228(151u/77s) v15  draws=14  WR=0.412
  [reuse] v13 163(111u/52s) - 220(138u/82s) v16  draws=17  WR=0.429
  [reuse] v13 158(108u/50s) - 237(148u/89s) v17  draws=5  WR=0.401
  [reuse] v13 149(108u/41s) - 240(151u/89s) v18  draws=11  WR=0.386
  [reuse] v13 151(104u/47s) - 226(140u/86s) v19  draws=23  WR=0.406
  [reuse] v13 150(108u/42s) - 244(155u/89s) v20  draws=6  WR=0.383
  [reuse] v13 156(116u/40s) - 235(158u/77s) v21  draws=9  WR=0.401
  [reuse] v13 131(104u/27s) - 250(165u/85s) v22  draws=19  WR=0.351
  [reuse] v13 321(189u/132s) - 75(64u/11s) v27  draws=4  WR=0.807
  [reuse] v13 301(187u/114s) - 92(80u/12s) v28  draws=7  WR=0.761
  [reuse] v13 302(169u/133s) - 88(62u/26s) v29  draws=10  WR=0.767
  [reuse] v13 295(171u/124s) - 102(75u/27s) v30  draws=3  WR=0.741
  [reuse] v13 277(162u/115s) - 116(78u/38s) v31  draws=7  WR=0.701
  [reuse] v13 275(172u/103s) - 116(91u/25s) v32  draws=9  WR=0.699
  [reuse] v13 293(164u/129s) - 101(70u/31s) v33  draws=6  WR=0.740
  [reuse] v13 313(171u/142s) - 82(55u/27s) v34  draws=5  WR=0.789
  [reuse] v13 273(170u/103s) - 122(93u/29s) v35  draws=5  WR=0.689

[new 5/25] v13 vs v36 (400 games = 200/side, seed=89600) ...
  v13: 276(171u/105s)  v36: 116(90u/26s)  draws: 8  WR(v13)=0.700  t=18.2s
  [reuse] v13 237(153u/84s) - 157(112u/45s) v8  draws=6  WR=0.600
  [reuse] v13 222(153u/69s) - 169(128u/41s) v9  draws=9  WR=0.566
  [reuse] v14 179(132u/47s) - 206(146u/60s) v15  draws=15  WR=0.466
  [reuse] v14 163(116u/47s) - 218(142u/76s) v16  draws=19  WR=0.431
  [reuse] v14 169(111u/58s) - 213(134u/79s) v17  draws=18  WR=0.445
  [reuse] v14 155(98u/57s) - 229(136u/93s) v18  draws=16  WR=0.407
  [reuse] v14 153(76u/77s) - 230(115u/115s) v19  draws=17  WR=0.404
  [reuse] v14 158(110u/48s) - 227(145u/82s) v20  draws=15  WR=0.414
  [reuse] v14 147(105u/42s) - 238(150u/88s) v21  draws=15  WR=0.386
  [reuse] v14 140(70u/70s) - 241(120u/121s) v22  draws=19  WR=0.374
  [reuse] v14 331(184u/147s) - 65(50u/15s) v27  draws=4  WR=0.833
  [reuse] v14 311(183u/128s) - 85(69u/16s) v28  draws=4  WR=0.782
  [reuse] v14 317(173u/144s) - 80(55u/25s) v29  draws=3  WR=0.796
  [reuse] v14 285(155u/130s) - 109(67u/42s) v30  draws=6  WR=0.720
  [reuse] v14 297(169u/128s) - 98(70u/28s) v31  draws=5  WR=0.749
  [reuse] v14 300(173u/127s) - 96(70u/26s) v32  draws=4  WR=0.755
  [reuse] v14 313(172u/141s) - 83(58u/25s) v33  draws=4  WR=0.787
  [reuse] v14 321(174u/147s) - 76(52u/24s) v34  draws=3  WR=0.806
  [reuse] v14 286(166u/120s) - 109(78u/31s) v35  draws=5  WR=0.721

[new 6/25] v14 vs v36 (400 games = 200/side, seed=90000) ...
  v14: 287(164u/123s)  v36: 108(76u/32s)  draws: 5  WR(v14)=0.724  t=19.2s
  [reuse] v14 247(123u/124s) - 137(68u/69s) v8  draws=16  WR=0.637
  [reuse] v14 249(163u/86s) - 138(108u/30s) v9  draws=13  WR=0.639
  [reuse] v15 193(128u/65s) - 188(125u/63s) v16  draws=19  WR=0.506
  [reuse] v15 170(115u/55s) - 212(139u/73s) v17  draws=18  WR=0.448
  [reuse] v15 182(124u/58s) - 206(135u/71s) v18  draws=12  WR=0.470
  [reuse] v15 166(115u/51s) - 223(142u/81s) v19  draws=11  WR=0.429
  [reuse] v15 159(106u/53s) - 223(140u/83s) v20  draws=18  WR=0.420
  [reuse] v15 175(122u/53s) - 210(138u/72s) v21  draws=15  WR=0.456
  [reuse] v15 156(91u/65s) - 223(125u/98s) v22  draws=21  WR=0.416
  [reuse] v15 328(187u/141s) - 69(56u/13s) v27  draws=3  WR=0.824
  [reuse] v15 310(184u/126s) - 84(71u/13s) v28  draws=6  WR=0.782
  [reuse] v15 305(171u/134s) - 91(62u/29s) v29  draws=4  WR=0.767
  [reuse] v15 299(166u/133s) - 98(64u/34s) v30  draws=3  WR=0.751
  [reuse] v15 312(185u/127s) - 86(71u/15s) v31  draws=2  WR=0.782
  [reuse] v15 292(165u/127s) - 102(68u/34s) v32  draws=6  WR=0.738
  [reuse] v15 315(174u/141s) - 82(58u/24s) v33  draws=3  WR=0.791
  [reuse] v15 313(176u/137s) - 83(62u/21s) v34  draws=4  WR=0.787
  [reuse] v15 294(172u/122s) - 99(74u/25s) v35  draws=7  WR=0.744

[new 7/25] v15 vs v36 (400 games = 200/side, seed=90400) ...
  v15: 313(174u/139s)  v36: 79(58u/21s)  draws: 8  WR(v15)=0.792  t=18.0s
  [reuse] v15 275(167u/108s) - 116(85u/31s) v8  draws=9  WR=0.699
  [reuse] v15 267(169u/98s) - 122(92u/30s) v9  draws=11  WR=0.681
  [reuse] v16 178(126u/52s) - 206(139u/67s) v17  draws=16  WR=0.465
  [reuse] v16 173(112u/61s) - 217(136u/81s) v18  draws=10  WR=0.445
  [reuse] v16 180(116u/64s) - 203(126u/77s) v19  draws=17  WR=0.471
  [reuse] v16 161(112u/49s) - 229(146u/83s) v20  draws=10  WR=0.415
  [reuse] v16 144(95u/49s) - 240(146u/94s) v21  draws=16  WR=0.380
  [reuse] v16 157(96u/61s) - 233(137u/96s) v22  draws=10  WR=0.405
  [reuse] v16 342(190u/152s) - 57(47u/10s) v27  draws=1  WR=0.856
  [reuse] v16 304(180u/124s) - 90(71u/19s) v28  draws=6  WR=0.767
  [reuse] v16 316(175u/141s) - 78(58u/20s) v29  draws=6  WR=0.797
  [reuse] v16 298(170u/128s) - 96(70u/26s) v30  draws=6  WR=0.752
  [reuse] v16 307(178u/129s) - 88(69u/19s) v31  draws=5  WR=0.774
  [reuse] v16 297(171u/126s) - 100(73u/27s) v32  draws=3  WR=0.746
  [reuse] v16 313(169u/144s) - 81(55u/26s) v33  draws=6  WR=0.790
  [reuse] v16 305(171u/134s) - 89(66u/23s) v34  draws=6  WR=0.770
  [reuse] v16 289(164u/125s) - 105(74u/31s) v35  draws=6  WR=0.730

[new 8/25] v16 vs v36 (400 games = 200/side, seed=90800) ...
  v16: 307(182u/125s)  v36: 87(72u/15s)  draws: 6  WR(v16)=0.775  t=19.2s
  [reuse] v16 282(162u/120s) - 109(77u/32s) v8  draws=9  WR=0.716
  [reuse] v16 251(161u/90s) - 137(101u/36s) v9  draws=12  WR=0.642
  [reuse] v17 187(128u/59s) - 199(138u/61s) v18  draws=14  WR=0.485
  [reuse] v17 165(107u/58s) - 218(135u/83s) v19  draws=17  WR=0.434
  [reuse] v17 164(111u/53s) - 214(137u/77s) v20  draws=22  WR=0.438
  [reuse] v17 175(128u/47s) - 209(146u/63s) v21  draws=16  WR=0.458
  [reuse] v17 168(113u/55s) - 219(141u/78s) v22  draws=13  WR=0.436
  [reuse] v17 340(195u/145s) - 57(53u/4s) v27  draws=3  WR=0.854
  [reuse] v17 312(178u/134s) - 82(64u/18s) v28  draws=6  WR=0.787
  [reuse] v17 330(186u/144s) - 66(54u/12s) v29  draws=4  WR=0.830
  [reuse] v17 303(174u/129s) - 90(67u/23s) v30  draws=7  WR=0.766
  [reuse] v17 299(175u/124s) - 95(72u/23s) v31  draws=6  WR=0.755
  [reuse] v17 295(176u/119s) - 101(78u/23s) v32  draws=4  WR=0.743
  [reuse] v17 322(173u/149s) - 78(51u/27s) v33  draws=0  WR=0.805
  [reuse] v17 302(166u/136s) - 96(64u/32s) v34  draws=2  WR=0.757
  [reuse] v17 291(174u/117s) - 106(81u/25s) v35  draws=3  WR=0.731

[new 9/25] v17 vs v36 (400 games = 200/side, seed=91200) ...
  v17: 296(174u/122s)  v36: 96(75u/21s)  draws: 8  WR(v17)=0.750  t=18.1s
  [reuse] v17 276(170u/106s) - 113(87u/26s) v8  draws=11  WR=0.704
  [reuse] v17 281(174u/107s) - 109(86u/23s) v9  draws=10  WR=0.715
  [reuse] v18 186(123u/63s) - 197(123u/74s) v19  draws=17  WR=0.486
  [reuse] v18 171(123u/48s) - 207(144u/63s) v20  draws=22  WR=0.455
  [reuse] v18 161(114u/47s) - 228(149u/79s) v21  draws=11  WR=0.416
  [reuse] v18 146(96u/50s) - 238(144u/94s) v22  draws=16  WR=0.385
  [reuse] v18 339(190u/149s) - 60(50u/10s) v27  draws=1  WR=0.849
  [reuse] v18 286(166u/120s) - 109(76u/33s) v28  draws=5  WR=0.721
  [reuse] v18 305(173u/132s) - 90(64u/26s) v29  draws=5  WR=0.769
  [reuse] v18 301(164u/137s) - 95(62u/33s) v30  draws=4  WR=0.757
  [reuse] v18 306(177u/129s) - 88(67u/21s) v31  draws=6  WR=0.772
  [reuse] v18 323(181u/142s) - 72(54u/18s) v32  draws=5  WR=0.814
  [reuse] v18 315(170u/145s) - 83(54u/29s) v33  draws=2  WR=0.790
  [reuse] v18 317(185u/132s) - 80(68u/12s) v34  draws=3  WR=0.796
  [reuse] v18 287(173u/114s) - 102(80u/22s) v35  draws=11  WR=0.731

[new 10/25] v18 vs v36 (400 games = 200/side, seed=91600) ...
  v18: 297(178u/119s)  v36: 95(78u/17s)  draws: 8  WR(v18)=0.752  t=17.4s
  [reuse] v18 266(167u/99s) - 123(94u/29s) v8  draws=11  WR=0.679
  [reuse] v18 258(171u/87s) - 133(108u/25s) v9  draws=9  WR=0.656
  [reuse] v19 192(124u/68s) - 187(119u/68s) v20  draws=21  WR=0.506
  [reuse] v19 183(114u/69s) - 198(125u/73s) v21  draws=19  WR=0.481
  [reuse] v19 178(89u/89s) - 210(105u/105s) v22  draws=12  WR=0.460
  [reuse] v19 337(191u/146s) - 62(54u/8s) v27  draws=1  WR=0.844
  [reuse] v19 309(178u/131s) - 85(65u/20s) v28  draws=6  WR=0.780
  [reuse] v19 332(183u/149s) - 62(48u/14s) v29  draws=6  WR=0.838
  [reuse] v19 304(160u/144s) - 91(54u/37s) v30  draws=5  WR=0.766
  [reuse] v19 288(164u/124s) - 105(74u/31s) v31  draws=7  WR=0.729
  [reuse] v19 317(180u/137s) - 77(59u/18s) v32  draws=6  WR=0.800
  [reuse] v19 318(167u/151s) - 75(48u/27s) v33  draws=7  WR=0.804
  [reuse] v19 314(179u/135s) - 84(65u/19s) v34  draws=2  WR=0.787
  [reuse] v19 300(171u/129s) - 95(70u/25s) v35  draws=5  WR=0.756

[new 11/25] v19 vs v36 (400 games = 200/side, seed=92000) ...
  v19: 296(173u/123s)  v36: 98(75u/23s)  draws: 6  WR(v19)=0.748  t=18.8s
  [reuse] v19 279(139u/140s) - 108(54u/54s) v8  draws=13  WR=0.714
  [reuse] v19 259(161u/98s) - 128(94u/34s) v9  draws=13  WR=0.664
  [reuse] v20 181(126u/55s) - 203(137u/66s) v21  draws=16  WR=0.472
  [reuse] v20 187(116u/71s) - 204(125u/79s) v22  draws=9  WR=0.479
  [reuse] v20 350(192u/158s) - 49(41u/8s) v27  draws=1  WR=0.876
  [reuse] v20 310(175u/135s) - 86(63u/23s) v28  draws=4  WR=0.780
  [reuse] v20 301(172u/129s) - 92(69u/23s) v29  draws=7  WR=0.761
  [reuse] v20 302(169u/133s) - 94(67u/27s) v30  draws=4  WR=0.760
  [reuse] v20 315(175u/140s) - 75(56u/19s) v31  draws=10  WR=0.800
  [reuse] v20 307(175u/132s) - 91(67u/24s) v32  draws=2  WR=0.770
  [reuse] v20 326(177u/149s) - 73(51u/22s) v33  draws=1  WR=0.816
  [reuse] v20 321(183u/138s) - 75(61u/14s) v34  draws=4  WR=0.807
  [reuse] v20 311(174u/137s) - 79(60u/19s) v35  draws=10  WR=0.790

[new 12/25] v20 vs v36 (400 games = 200/side, seed=92400) ...
  v20: 304(182u/122s)  v36: 92(77u/15s)  draws: 4  WR(v20)=0.765  t=17.5s
  [reuse] v20 280(175u/105s) - 106(86u/20s) v8  draws=14  WR=0.718
  [reuse] v20 257(167u/90s) - 124(97u/27s) v9  draws=19  WR=0.666
  [reuse] v21 181(118u/63s) - 201(125u/76s) v22  draws=18  WR=0.475
  [reuse] v21 342(191u/151s) - 57(49u/8s) v27  draws=1  WR=0.856
  [reuse] v21 314(176u/138s) - 80(58u/22s) v28  draws=6  WR=0.792
  [reuse] v21 309(168u/141s) - 90(59u/31s) v29  draws=1  WR=0.774
  [reuse] v21 292(164u/128s) - 105(71u/34s) v30  draws=3  WR=0.734
  [reuse] v21 298(170u/128s) - 99(72u/27s) v31  draws=3  WR=0.749
  [reuse] v21 325(182u/143s) - 69(52u/17s) v32  draws=6  WR=0.820
  [reuse] v21 333(182u/151s) - 66(49u/17s) v33  draws=1  WR=0.834
  [reuse] v21 312(175u/137s) - 82(59u/23s) v34  draws=6  WR=0.787
  [reuse] v21 318(185u/133s) - 77(62u/15s) v35  draws=5  WR=0.801

[new 13/25] v21 vs v36 (400 games = 200/side, seed=92800) ...
  v21: 315(177u/138s)  v36: 80(60u/20s)  draws: 5  WR(v21)=0.794  t=18.4s
  [reuse] v21 291(176u/115s) - 100(81u/19s) v8  draws=9  WR=0.739
  [reuse] v21 274(170u/104s) - 113(88u/25s) v9  draws=13  WR=0.701
  [reuse] v22 334(187u/147s) - 62(51u/11s) v27  draws=4  WR=0.840
  [reuse] v22 320(183u/137s) - 78(62u/16s) v28  draws=2  WR=0.802
  [reuse] v22 328(179u/149s) - 69(49u/20s) v29  draws=3  WR=0.824
  [reuse] v22 295(164u/131s) - 96(64u/32s) v30  draws=9  WR=0.749
  [reuse] v22 313(180u/133s) - 82(65u/17s) v31  draws=5  WR=0.789
  [reuse] v22 315(179u/136s) - 82(63u/19s) v32  draws=3  WR=0.791
  [reuse] v22 324(177u/147s) - 74(52u/22s) v33  draws=2  WR=0.812
  [reuse] v22 321(178u/143s) - 76(57u/19s) v34  draws=3  WR=0.806
  [reuse] v22 311(174u/137s) - 85(60u/25s) v35  draws=4  WR=0.782

[new 14/25] v22 vs v36 (400 games = 200/side, seed=93200) ...
  v22: 313(183u/130s)  v36: 83(68u/15s)  draws: 4  WR(v22)=0.787  t=16.5s
  [reuse] v22 282(141u/141s) - 109(54u/55s) v8  draws=9  WR=0.716
  [reuse] v22 253(166u/87s) - 134(105u/29s) v9  draws=13  WR=0.649
  [reuse] v27 143(97u/46s) - 256(153u/103s) v28  draws=1  WR=0.359
  [reuse] v27 119(71u/48s) - 274(149u/125s) v29  draws=7  WR=0.306
  [reuse] v27 107(62u/45s) - 288(152u/136s) v30  draws=5  WR=0.274
  [reuse] v27 133(76u/57s) - 262(140u/122s) v31  draws=5  WR=0.339
  [reuse] v27 110(68u/42s) - 283(154u/129s) v32  draws=7  WR=0.284
  [reuse] v27 104(51u/53s) - 293(146u/147s) v33  draws=3  WR=0.264
  [reuse] v27 131(80u/51s) - 262(146u/116s) v34  draws=7  WR=0.336
  [reuse] v27 83(58u/25s) - 312(172u/140s) v35  draws=5  WR=0.214

[new 15/25] v27 vs v36 (400 games = 200/side, seed=93600) ...
  v27: 91(63u/28s)  v36: 301(169u/132s)  draws: 8  WR(v27)=0.237  t=13.6s
  [reuse] v27 94(70u/24s) - 303(176u/127s) v8  draws=3  WR=0.239
  [reuse] v27 96(81u/15s) - 298(183u/115s) v9  draws=6  WR=0.247
  [reuse] v28 179(106u/73s) - 218(126u/92s) v29  draws=3  WR=0.451
  [reuse] v28 152(95u/57s) - 241(139u/102s) v30  draws=7  WR=0.389
  [reuse] v28 157(104u/53s) - 237(143u/94s) v31  draws=6  WR=0.400
  [reuse] v28 172(105u/67s) - 221(129u/92s) v32  draws=7  WR=0.439
  [reuse] v28 170(104u/66s) - 222(130u/92s) v33  draws=8  WR=0.435
  [reuse] v28 198(119u/79s) - 193(115u/78s) v34  draws=9  WR=0.506
  [reuse] v28 133(99u/34s) - 262(164u/98s) v35  draws=5  WR=0.339

[new 16/25] v28 vs v36 (400 games = 200/side, seed=94000) ...
  v28: 169(120u/49s)  v36: 226(149u/77s)  draws: 5  WR(v28)=0.429  t=13.9s
  [reuse] v28 123(106u/17s) - 269(179u/90s) v8  draws=8  WR=0.318
  [reuse] v28 120(96u/24s) - 275(174u/101s) v9  draws=5  WR=0.306
  [reuse] v29 178(75u/103s) - 217(93u/124s) v30  draws=5  WR=0.451
  [reuse] v29 175(94u/81s) - 216(115u/101s) v31  draws=9  WR=0.449
  [reuse] v29 193(108u/85s) - 201(111u/90s) v32  draws=6  WR=0.490
  [reuse] v29 191(95u/96s) - 205(100u/105s) v33  draws=4  WR=0.482
  [reuse] v29 189(90u/99s) - 204(94u/110s) v34  draws=7  WR=0.481
  [reuse] v29 131(71u/60s) - 263(136u/127s) v35  draws=6  WR=0.335

[new 17/25] v29 vs v36 (400 games = 200/side, seed=94400) ...
  v29: 167(95u/72s)  v36: 229(125u/104s)  draws: 4  WR(v29)=0.422  t=16.5s
  [reuse] v29 123(88u/35s) - 273(163u/110s) v8  draws=4  WR=0.312
  [reuse] v29 105(82u/23s) - 289(176u/113s) v9  draws=6  WR=0.270
  [reuse] v30 192(88u/104s) - 206(96u/110s) v31  draws=2  WR=0.482
  [reuse] v30 218(102u/116s) - 174(79u/95s) v32  draws=8  WR=0.555
  [reuse] v30 202(90u/112s) - 191(86u/105s) v33  draws=7  WR=0.514
  [reuse] v30 211(93u/118s) - 185(80u/105s) v34  draws=4  WR=0.532
  [reuse] v30 166(88u/78s) - 228(119u/109s) v35  draws=6  WR=0.422

[new 18/25] v30 vs v36 (400 games = 200/side, seed=94800) ...
  v30: 193(103u/90s)  v36: 197(108u/89s)  draws: 10  WR(v30)=0.495  t=15.0s
  [reuse] v30 140(93u/47s) - 254(149u/105s) v8  draws=6  WR=0.357
  [reuse] v30 138(90u/48s) - 246(143u/103s) v9  draws=16  WR=0.365
  [reuse] v31 181(92u/89s) - 211(107u/104s) v32  draws=8  WR=0.463
  [reuse] v31 203(107u/96s) - 190(98u/92s) v33  draws=7  WR=0.516
  [reuse] v31 231(109u/122s) - 166(77u/89s) v34  draws=3  WR=0.581
  [reuse] v31 157(91u/66s) - 234(130u/104s) v35  draws=9  WR=0.404

[new 19/25] v31 vs v36 (400 games = 200/side, seed=95200) ...
  v31: 194(112u/82s)  v36: 199(116u/83s)  draws: 7  WR(v31)=0.494  t=16.3s
  [reuse] v31 138(93u/45s) - 254(149u/105s) v8  draws=8  WR=0.355
  [reuse] v31 153(110u/43s) - 239(152u/87s) v9  draws=8  WR=0.393
  [reuse] v32 199(106u/93s) - 197(105u/92s) v33  draws=4  WR=0.502
  [reuse] v32 223(114u/109s) - 170(89u/81s) v34  draws=7  WR=0.566
  [reuse] v32 156(93u/63s) - 237(136u/101s) v35  draws=7  WR=0.399

[new 20/25] v32 vs v36 (400 games = 200/side, seed=95600) ...
  v32: 165(99u/66s)  v36: 229(131u/98s)  draws: 6  WR(v32)=0.420  t=14.7s
  [reuse] v32 121(89u/32s) - 269(165u/104s) v8  draws=10  WR=0.315
  [reuse] v32 133(109u/24s) - 259(173u/86s) v9  draws=8  WR=0.343
  [reuse] v33 201(102u/99s) - 192(97u/95s) v34  draws=7  WR=0.511
  [reuse] v33 145(84u/61s) - 249(137u/112s) v35  draws=6  WR=0.370

[new 21/25] v33 vs v36 (400 games = 200/side, seed=96000) ...
  v33: 193(108u/85s)  v36: 201(113u/88s)  draws: 6  WR(v33)=0.490  t=16.2s
  [reuse] v33 107(79u/28s) - 288(170u/118s) v8  draws=5  WR=0.274
  [reuse] v33 111(83u/28s) - 280(170u/110s) v9  draws=9  WR=0.289
  [reuse] v34 150(81u/69s) - 243(127u/116s) v35  draws=7  WR=0.384

[new 22/25] v34 vs v36 (400 games = 200/side, seed=96400) ...
  v34: 168(94u/74s)  v36: 227(124u/103s)  draws: 5  WR(v34)=0.426  t=15.9s
  [reuse] v34 107(76u/31s) - 285(165u/120s) v8  draws=8  WR=0.278
  [reuse] v34 113(94u/19s) - 283(179u/104s) v9  draws=4  WR=0.287

[new 23/25] v35 vs v36 (400 games = 200/side, seed=96800) ...
  v35: 236(152u/84s)  v36: 156(113u/43s)  draws: 8  WR(v35)=0.600  t=16.8s
  [reuse] v35 148(111u/37s) - 246(161u/85s) v8  draws=6  WR=0.378
  [reuse] v35 142(113u/29s) - 253(170u/83s) v9  draws=5  WR=0.361

[new 24/25] v36 vs v8 (400 games = 200/side, seed=97200) ...
  v36: 164(111u/53s)  v8: 231(145u/86s)  draws: 5  WR(v36)=0.416  t=17.6s

[new 25/25] v36 vs v9 (400 games = 200/side, seed=97600) ...
  v36: 146(113u/33s)  v9: 251(164u/87s)  draws: 3  WR(v36)=0.369  t=17.9s
  [reuse] v8 164(136u/28s) - 226(171u/55s) v9  draws=10  WR=0.422

Fitting BayesElo (combined) ...
Fitting BayesElo (bipartite per-side, anchor=v12_USSR=2001.0) ...

Model                   Elo    USSR*      US*    Gap                95% CI   vs anchor
  (* bipartite per-side, single anchor: v12_USSR=2001)
----------------------------------------------------------------------------------------
v22                    2091  -9795  31940  -41735  [  2083,   2099]  +90
v21                    2079  -7280  39691  -46970  [  2071,   2087]  +78
v20                    2076  -7316  40530  -47846  [  2068,   2084]  +75
v19                    2069  -13136  32833  -45969  [  2062,   2077]  +68
v18                    2055  -9105  39628  -48732  [  2047,   2062]  +54
v17                    2054  -9217  39640  -48857  [  2046,   2061]  +53
v15                    2048  -11283  37632  -48915  [  2040,   2055]  +47
v16                    2042  -11913  37623  -49536  [  2034,   2049]  +41
v14                    2020  -23225  34500  -57725  [  2012,   2027]  +19
v12                    2001   2001  125086  -123085  [  2001,   2001]  +0
v13                    1998  -18774  32218  -50992  [  1990,   2005]  -3
v11                    1975  -19081  26883  -45964  [  1968,   1983]  -26
v10                    1954  -26400  22567  -48967  [  1946,   1961]  -47
v9                     1947  -28643  20526  -49168  [  1940,   1954]  -54
v8                     1929  -60859  36336  -97195  [  1921,   1936]  -72
v35                    1884  -95113  17111  -112224  [  1877,   1891]  -117
v30                    1855  -87720  20054  -107774  [  1848,   1863]  -146
v36                    1855  -109204  13734  -122937  [  1847,   1862]  -146
v31                    1846  -99615  15646  -115261  [  1839,   1854]  -155
v32                    1835  -98015  14280  -112295  [  1827,   1842]  -166
v33                    1820  -78265  15197  -93463  [  1813,   1828]  -181
v29                    1813  -78692  13886  -92578  [  1805,   1820]  -188
v28                    1810  -122558   9446  -132004  [  1802,   1817]  -191
v34                    1808  -78441  13247  -91688  [  1800,   1816]  -193
v27                    1721  -58316  -5598385927326239  +5598385927267923  [  1713,   1730]  -280
heuristic              1660  -16661   8330  -24990  [  1651,   1669]  -341

Pair                              Obs WR   Bip WR   Comb WR   Bip err   Comb err
------------------------------------------------------------------------------------
heuristic      vs v10              0.117    0.500     0.155    -0.383     -0.038
heuristic      vs v11              0.177    0.500     0.140    -0.323     +0.038
heuristic      vs v12              0.212    0.500     0.123    -0.287     +0.089
heuristic      vs v13              0.220    0.500     0.125    -0.280     +0.095
heuristic      vs v14              0.169    0.500     0.112    -0.331     +0.057
heuristic      vs v15              0.096    0.500     0.097    -0.404     -0.000
heuristic      vs v16              0.150    0.500     0.100    -0.350     +0.050
heuristic      vs v17              0.113    0.500     0.094    -0.388     +0.019
heuristic      vs v18              0.089    0.500     0.093    -0.411     -0.005
heuristic      vs v19              0.135    0.500     0.086    -0.365     +0.049
heuristic      vs v20              0.120    0.500     0.083    -0.380     +0.037
heuristic      vs v21              0.122    0.500     0.082    -0.378     +0.040
heuristic      vs v22              0.119    0.500     0.077    -0.381     +0.041
heuristic      vs v27              0.301    1.000     0.413    -0.699     -0.111
heuristic      vs v28              0.245    0.500     0.297    -0.255     -0.052
heuristic      vs v29              0.231    0.500     0.293    -0.269     -0.062
heuristic      vs v30              0.210    0.500     0.245    -0.290     -0.035
heuristic      vs v31              0.224    0.500     0.255    -0.276     -0.031
heuristic      vs v32              0.235    0.500     0.268    -0.265     -0.033
heuristic      vs v33              0.254    0.500     0.284    -0.246     -0.031
heuristic      vs v34              0.346    0.500     0.299    -0.154     +0.047
heuristic      vs v35              0.179    0.500     0.216    -0.321     -0.037
heuristic      vs v36              0.230    0.500     0.246    -0.270     -0.016
heuristic      vs v8               0.110    0.500     0.175    -0.390     -0.065
heuristic      vs v9               0.199    0.500     0.161    -0.301     +0.038
v10            vs v11              0.409    0.500     0.469    -0.091     -0.060
v10            vs v12              0.393    0.500     0.432    -0.107     -0.040
v10            vs v13              0.396    0.500     0.437    -0.104     -0.041
v10            vs v14              0.405    0.500     0.406    -0.095     -0.001
v10            vs v15              0.334    0.500     0.368    -0.166     -0.034
v10            vs v16              0.378    0.500     0.376    -0.122     +0.002
v10            vs v17              0.366    0.500     0.360    -0.134     +0.006
v10            vs v18              0.354    0.500     0.359    -0.146     -0.005
v10            vs v19              0.364    0.500     0.340    -0.136     +0.024
v10            vs v20              0.384    0.500     0.331    -0.116     +0.053
v10            vs v21              0.375    0.500     0.327    -0.125     +0.048
v10            vs v22              0.269    0.500     0.313    -0.231     -0.044
v10            vs v27              0.767    1.000     0.792    -0.233     -0.025
v10            vs v28              0.670    0.500     0.696    +0.170     -0.026
v10            vs v29              0.694    0.500     0.692    +0.194     +0.001
v10            vs v30              0.631    0.500     0.638    +0.131     -0.007
v10            vs v31              0.674    0.500     0.650    +0.174     +0.023
v10            vs v32              0.682    0.500     0.665    +0.182     +0.018
v10            vs v33              0.703    0.500     0.683    +0.203     +0.019
v10            vs v34              0.729    0.500     0.698    +0.229     +0.030
v10            vs v35              0.621    0.500     0.599    +0.121     +0.022
v10            vs v36              0.661    0.500     0.639    +0.161     +0.022
v10            vs v8               0.535    0.500     0.536    +0.035     -0.001
v10            vs v9               0.514    0.500     0.510    +0.014     +0.004
v11            vs v12              0.425    0.500     0.463    -0.075     -0.038
v11            vs v13              0.482    0.500     0.468    -0.018     +0.014
v11            vs v14              0.441    0.500     0.436    -0.059     +0.005
v11            vs v15              0.393    0.500     0.397    -0.107     -0.005
v11            vs v16              0.409    0.500     0.405    -0.091     +0.003
v11            vs v17              0.399    0.500     0.389    -0.101     +0.010
v11            vs v18              0.385    0.500     0.388    -0.115     -0.003
v11            vs v19              0.347    0.500     0.368    -0.153     -0.020
v11            vs v20              0.309    0.500     0.359    -0.191     -0.050
v11            vs v21              0.346    0.500     0.355    -0.154     -0.009
v11            vs v22              0.344    0.500     0.340    -0.156     +0.004
v11            vs v27              0.761    1.000     0.812    -0.239     -0.051
v11            vs v28              0.716    0.500     0.722    +0.216     -0.005
v11            vs v29              0.733    0.500     0.718    +0.233     +0.014
v11            vs v30              0.675    0.500     0.666    +0.175     +0.009
v11            vs v31              0.688    0.500     0.678    +0.188     +0.010
v11            vs v32              0.698    0.500     0.692    +0.198     +0.006
v11            vs v33              0.725    0.500     0.709    +0.225     +0.016
v11            vs v34              0.706    0.500     0.724    +0.206     -0.018
v11            vs v35              0.654    0.500     0.629    +0.154     +0.025
v11            vs v36              0.655    0.500     0.667    +0.155     -0.012
v11            vs v8               0.626    0.500     0.567    +0.126     +0.060
v11            vs v9               0.564    0.500     0.541    +0.064     +0.023
v12            vs v13              0.517    0.500     0.505    +0.017     +0.013
v12            vs v14              0.460    0.500     0.473    -0.040     -0.013
v12            vs v15              0.391    0.500     0.433    -0.109     -0.042
v12            vs v16              0.390    0.500     0.441    -0.110     -0.051
v12            vs v17              0.430    0.500     0.424    -0.070     +0.006
v12            vs v18              0.414    0.500     0.423    -0.086     -0.010
v12            vs v19              0.372    0.500     0.403    -0.128     -0.030
v12            vs v20              0.386    0.500     0.394    -0.114     -0.007
v12            vs v21              0.438    0.500     0.390    -0.062     +0.048
v12            vs v22              0.383    0.500     0.374    -0.117     +0.009
v12            vs v27              0.812    1.000     0.833    -0.188     -0.021
v12            vs v28              0.749    0.500     0.750    +0.249     -0.002
v12            vs v29              0.755    0.500     0.747    +0.255     +0.008
v12            vs v30              0.671    0.500     0.698    +0.171     -0.027
v12            vs v31              0.713    0.500     0.709    +0.213     +0.003
v12            vs v32              0.749    0.500     0.722    +0.249     +0.026
v12            vs v33              0.754    0.500     0.739    +0.254     +0.015
v12            vs v34              0.739    0.500     0.752    +0.239     -0.014
v12            vs v35              0.693    0.500     0.662    +0.193     +0.030
v12            vs v36              0.738    0.500     0.699    +0.238     +0.038
v12            vs v8               0.615    0.500     0.602    +0.115     +0.013
v12            vs v9               0.549    0.500     0.577    +0.049     -0.029
v13            vs v14              0.485    0.500     0.468    -0.015     +0.017
v13            vs v15              0.412    0.500     0.428    -0.088     -0.016
v13            vs v16              0.429    0.500     0.437    -0.071     -0.008
v13            vs v17              0.401    0.500     0.420    -0.099     -0.018
v13            vs v18              0.386    0.500     0.419    -0.114     -0.032
v13            vs v19              0.406    0.500     0.398    -0.094     +0.008
v13            vs v20              0.383    0.500     0.389    -0.117     -0.006
v13            vs v21              0.401    0.500     0.385    -0.099     +0.016
v13            vs v22              0.351    0.500     0.369    -0.149     -0.018
v13            vs v27              0.807    1.000     0.831    -0.193     -0.023
v13            vs v28              0.761    0.500     0.747    +0.261     +0.014
v13            vs v29              0.767    0.500     0.743    +0.267     +0.024
v13            vs v30              0.741    0.500     0.694    +0.241     +0.047
v13            vs v31              0.701    0.500     0.705    +0.201     -0.004
v13            vs v32              0.699    0.500     0.719    +0.199     -0.020
v13            vs v33              0.740    0.500     0.735    +0.240     +0.005
v13            vs v34              0.789    0.500     0.749    +0.289     +0.040
v13            vs v35              0.689    0.500     0.658    +0.189     +0.031
v13            vs v36              0.700    0.500     0.695    +0.200     +0.005
v13            vs v8               0.600    0.500     0.598    +0.100     +0.002
v13            vs v9               0.566    0.500     0.573    +0.066     -0.006
v14            vs v15              0.466    0.500     0.460    -0.034     +0.007
v14            vs v16              0.431    0.500     0.468    -0.069     -0.037
v14            vs v17              0.445    0.500     0.451    -0.055     -0.006
v14            vs v18              0.407    0.500     0.450    -0.093     -0.042
v14            vs v19              0.404    0.500     0.429    -0.096     -0.025
v14            vs v20              0.414    0.500     0.420    -0.086     -0.006
v14            vs v21              0.386    0.500     0.416    -0.114     -0.029
v14            vs v22              0.374    0.500     0.399    -0.126     -0.026
v14            vs v27              0.833    1.000     0.848    -0.167     -0.015
v14            vs v28              0.782    0.500     0.770    +0.282     +0.012
v14            vs v29              0.796    0.500     0.767    +0.296     +0.029
v14            vs v30              0.720    0.500     0.720    +0.220     -0.000
v14            vs v31              0.749    0.500     0.731    +0.249     +0.018
v14            vs v32              0.755    0.500     0.744    +0.255     +0.011
v14            vs v33              0.787    0.500     0.759    +0.287     +0.028
v14            vs v34              0.806    0.500     0.772    +0.306     +0.034
v14            vs v35              0.721    0.500     0.686    +0.221     +0.035
v14            vs v36              0.724    0.500     0.721    +0.224     +0.002
v14            vs v8               0.637    0.500     0.628    +0.137     +0.010
v14            vs v9               0.639    0.500     0.603    +0.139     +0.035
v15            vs v16              0.506    0.500     0.509    +0.006     -0.002
v15            vs v17              0.448    0.500     0.491    -0.052     -0.044
v15            vs v18              0.470    0.500     0.490    -0.030     -0.020
v15            vs v19              0.429    0.500     0.469    -0.071     -0.040
v15            vs v20              0.420    0.500     0.460    -0.080     -0.040
v15            vs v21              0.456    0.500     0.455    -0.044     +0.001
v15            vs v22              0.416    0.500     0.439    -0.084     -0.022
v15            vs v27              0.824    1.000     0.868    -0.176     -0.044
v15            vs v28              0.782    0.500     0.797    +0.282     -0.015
v15            vs v29              0.767    0.500     0.795    +0.267     -0.027
v15            vs v30              0.751    0.500     0.752    +0.251     -0.001
v15            vs v31              0.782    0.500     0.762    +0.282     +0.021
v15            vs v32              0.738    0.500     0.773    +0.238     -0.036
v15            vs v33              0.791    0.500     0.788    +0.291     +0.004
v15            vs v34              0.787    0.500     0.799    +0.287     -0.012
v15            vs v35              0.744    0.500     0.720    +0.244     +0.024
v15            vs v36              0.792    0.500     0.753    +0.292     +0.040
v15            vs v8               0.699    0.500     0.665    +0.199     +0.034
v15            vs v9               0.681    0.500     0.641    +0.181     +0.040
v16            vs v17              0.465    0.500     0.483    -0.035     -0.018
v16            vs v18              0.445    0.500     0.482    -0.055     -0.037
v16            vs v19              0.471    0.500     0.461    -0.029     +0.011
v16            vs v20              0.415    0.500     0.451    -0.085     -0.036
v16            vs v21              0.380    0.500     0.447    -0.120     -0.067
v16            vs v22              0.405    0.500     0.430    -0.095     -0.025
v16            vs v27              0.856    1.000     0.864    -0.144     -0.007
v16            vs v28              0.767    0.500     0.792    +0.267     -0.024
v16            vs v29              0.797    0.500     0.789    +0.297     +0.009
v16            vs v30              0.752    0.500     0.745    +0.252     +0.007
v16            vs v31              0.774    0.500     0.755    +0.274     +0.018
v16            vs v32              0.746    0.500     0.767    +0.246     -0.021
v16            vs v33              0.790    0.500     0.782    +0.290     +0.008
v16            vs v34              0.770    0.500     0.794    +0.270     -0.024
v16            vs v35              0.730    0.500     0.713    +0.230     +0.017
v16            vs v36              0.775    0.500     0.746    +0.275     +0.029
v16            vs v8               0.716    0.500     0.657    +0.216     +0.059
v16            vs v9               0.642    0.500     0.633    +0.142     +0.009
v17            vs v18              0.485    0.500     0.499    -0.015     -0.014
v17            vs v19              0.434    0.500     0.478    -0.066     -0.044
v17            vs v20              0.438    0.500     0.468    -0.062     -0.031
v17            vs v21              0.458    0.500     0.464    -0.042     -0.007
v17            vs v22              0.436    0.500     0.447    -0.064     -0.011
v17            vs v27              0.854    1.000     0.872    -0.146     -0.018
v17            vs v28              0.787    0.500     0.803    +0.287     -0.016
v17            vs v29              0.830    0.500     0.800    +0.330     +0.030
v17            vs v30              0.766    0.500     0.758    +0.266     +0.008
v17            vs v31              0.755    0.500     0.768    +0.255     -0.013
v17            vs v32              0.743    0.500     0.779    +0.243     -0.037
v17            vs v33              0.805    0.500     0.793    +0.305     +0.012
v17            vs v34              0.757    0.500     0.805    +0.257     -0.047
v17            vs v35              0.731    0.500     0.727    +0.231     +0.004
v17            vs v36              0.750    0.500     0.759    +0.250     -0.009
v17            vs v8               0.704    0.500     0.673    +0.204     +0.031
v17            vs v9               0.715    0.500     0.649    +0.215     +0.066
v18            vs v19              0.486    0.500     0.479    -0.014     +0.007
v18            vs v20              0.455    0.500     0.469    -0.045     -0.014
v18            vs v21              0.416    0.500     0.465    -0.084     -0.049
v18            vs v22              0.385    0.500     0.448    -0.115     -0.063
v18            vs v27              0.849    1.000     0.872    -0.151     -0.023
v18            vs v28              0.721    0.500     0.804    +0.221     -0.082
v18            vs v29              0.769    0.500     0.801    +0.269     -0.032
v18            vs v30              0.757    0.500     0.759    +0.257     -0.002
v18            vs v31              0.772    0.500     0.769    +0.272     +0.004
v18            vs v32              0.814    0.500     0.780    +0.314     +0.034
v18            vs v33              0.790    0.500     0.794    +0.290     -0.004
v18            vs v34              0.796    0.500     0.805    +0.296     -0.009
v18            vs v35              0.731    0.500     0.728    +0.231     +0.004
v18            vs v36              0.752    0.500     0.760    +0.252     -0.007
v18            vs v8               0.679    0.500     0.674    +0.179     +0.005
v18            vs v9               0.656    0.500     0.650    +0.156     +0.006
v19            vs v20              0.506    0.500     0.490    +0.006     +0.016
v19            vs v21              0.481    0.500     0.486    -0.019     -0.005
v19            vs v22              0.460    0.500     0.469    -0.040     -0.009
v19            vs v27              0.844    1.000     0.881    -0.156     -0.037
v19            vs v28              0.780    0.500     0.817    +0.280     -0.037
v19            vs v29              0.838    0.500     0.814    +0.338     +0.023
v19            vs v30              0.766    0.500     0.774    +0.266     -0.008
v19            vs v31              0.729    0.500     0.783    +0.229     -0.055
v19            vs v32              0.800    0.500     0.794    +0.300     +0.006
v19            vs v33              0.804    0.500     0.808    +0.304     -0.004
v19            vs v34              0.787    0.500     0.818    +0.287     -0.031
v19            vs v35              0.756    0.500     0.744    +0.256     +0.012
v19            vs v36              0.748    0.500     0.775    +0.248     -0.027
v19            vs v8               0.714    0.500     0.692    +0.214     +0.022
v19            vs v9               0.664    0.500     0.669    +0.164     -0.006
v20            vs v21              0.472    0.500     0.496    -0.028     -0.023
v20            vs v22              0.479    0.500     0.479    -0.021     -0.000
v20            vs v27              0.876    1.000     0.885    -0.124     -0.009
v20            vs v28              0.780    0.500     0.822    +0.280     -0.042
v20            vs v29              0.761    0.500     0.820    +0.261     -0.059
v20            vs v30              0.760    0.500     0.781    +0.260     -0.021
v20            vs v31              0.800    0.500     0.790    +0.300     +0.010
v20            vs v32              0.770    0.500     0.800    +0.270     -0.030
v20            vs v33              0.816    0.500     0.813    +0.316     +0.003
v20            vs v34              0.807    0.500     0.824    +0.307     -0.016
v20            vs v35              0.790    0.500     0.751    +0.290     +0.039
v20            vs v36              0.765    0.500     0.782    +0.265     -0.017
v20            vs v8               0.718    0.500     0.700    +0.218     +0.017
v20            vs v9               0.666    0.500     0.678    +0.166     -0.012
v21            vs v22              0.475    0.500     0.483    -0.025     -0.008
v21            vs v27              0.856    1.000     0.887    -0.144     -0.031
v21            vs v28              0.792    0.500     0.825    +0.292     -0.032
v21            vs v29              0.774    0.500     0.822    +0.274     -0.048
v21            vs v30              0.734    0.500     0.784    +0.234     -0.050
v21            vs v31              0.749    0.500     0.793    +0.249     -0.044
v21            vs v32              0.820    0.500     0.803    +0.320     +0.017
v21            vs v33              0.834    0.500     0.816    +0.334     +0.018
v21            vs v34              0.787    0.500     0.826    +0.287     -0.039
v21            vs v35              0.801    0.500     0.754    +0.301     +0.047
v21            vs v36              0.794    0.500     0.784    +0.294     +0.009
v21            vs v8               0.739    0.500     0.703    +0.239     +0.035
v21            vs v9               0.701    0.500     0.681    +0.201     +0.020
v22            vs v27              0.840    1.000     0.893    -0.160     -0.053
v22            vs v28              0.802    0.500     0.834    +0.302     -0.032
v22            vs v29              0.824    0.500     0.832    +0.324     -0.008
v22            vs v30              0.749    0.500     0.795    +0.249     -0.046
v22            vs v31              0.789    0.500     0.803    +0.289     -0.015
v22            vs v32              0.791    0.500     0.814    +0.291     -0.022
v22            vs v33              0.812    0.500     0.826    +0.312     -0.013
v22            vs v34              0.806    0.500     0.836    +0.306     -0.029
v22            vs v35              0.782    0.500     0.767    +0.282     +0.016
v22            vs v36              0.787    0.500     0.796    +0.287     -0.008
v22            vs v8               0.716    0.500     0.717    +0.216     -0.001
v22            vs v9               0.649    0.500     0.696    +0.149     -0.047
v27            vs v28              0.359    0.000     0.375    +0.359     -0.016
v27            vs v29              0.306    0.000     0.371    +0.306     -0.065
v27            vs v30              0.274    0.000     0.316    +0.274     -0.042
v27            vs v31              0.339    0.000     0.328    +0.339     +0.011
v27            vs v32              0.284    0.000     0.342    +0.284     -0.058
v27            vs v33              0.264    0.000     0.361    +0.264     -0.098
v27            vs v34              0.336    0.000     0.378    +0.336     -0.041
v27            vs v35              0.214    0.000     0.282    +0.214     -0.068
v27            vs v36              0.237    0.000     0.317    +0.237     -0.080
v27            vs v8               0.239    0.000     0.232    +0.239     +0.006
v27            vs v9               0.247    0.000     0.214    +0.247     +0.033
v28            vs v29              0.451    0.500     0.496    -0.049     -0.044
v28            vs v30              0.389    0.500     0.435    -0.111     -0.046
v28            vs v31              0.400    0.500     0.448    -0.100     -0.048
v28            vs v32              0.439    0.500     0.464    -0.061     -0.025
v28            vs v33              0.435    0.500     0.485    -0.065     -0.050
v28            vs v34              0.506    0.500     0.503    +0.006     +0.004
v28            vs v35              0.339    0.500     0.395    -0.161     -0.056
v28            vs v36              0.429    0.500     0.436    -0.071     -0.007
v28            vs v8               0.318    0.500     0.335    -0.182     -0.018
v28            vs v9               0.306    0.500     0.312    -0.194     -0.006
v29            vs v30              0.451    0.500     0.439    -0.049     +0.012
v29            vs v31              0.449    0.500     0.452    -0.051     -0.004
v29            vs v32              0.490    0.500     0.468    -0.010     +0.022
v29            vs v33              0.482    0.500     0.489    -0.018     -0.007
v29            vs v34              0.481    0.500     0.507    -0.019     -0.026
v29            vs v35              0.335    0.500     0.399    -0.165     -0.064
v29            vs v36              0.422    0.500     0.440    -0.078     -0.018
v29            vs v8               0.312    0.500     0.339    -0.188     -0.027
v29            vs v9               0.270    0.500     0.316    -0.230     -0.046
v30            vs v31              0.482    0.500     0.513    -0.018     -0.031
v30            vs v32              0.555    0.500     0.529    +0.055     +0.026
v30            vs v33              0.514    0.500     0.550    +0.014     -0.036
v30            vs v34              0.532    0.500     0.568    +0.032     -0.035
v30            vs v35              0.422    0.500     0.459    -0.078     -0.036
v30            vs v36              0.495    0.500     0.501    -0.005     -0.006
v30            vs v8               0.357    0.500     0.396    -0.143     -0.038
v30            vs v9               0.365    0.500     0.371    -0.135     -0.006
v31            vs v32              0.463    0.500     0.516    -0.037     -0.054
v31            vs v33              0.516    0.500     0.537    +0.016     -0.021
v31            vs v34              0.581    0.500     0.555    +0.081     +0.027
v31            vs v35              0.404    0.500     0.446    -0.096     -0.042
v31            vs v36              0.494    0.500     0.488    -0.006     +0.006
v31            vs v8               0.355    0.500     0.383    -0.145     -0.028
v31            vs v9               0.393    0.500     0.359    -0.107     +0.034
v32            vs v33              0.502    0.500     0.521    +0.002     -0.018
v32            vs v34              0.566    0.500     0.538    +0.066     +0.028
v32            vs v35              0.399    0.500     0.430    -0.101     -0.031
v32            vs v36              0.420    0.500     0.472    -0.080     -0.052
v32            vs v8               0.315    0.500     0.368    -0.185     -0.053
v32            vs v9               0.343    0.500     0.344    -0.157     -0.002
v33            vs v34              0.511    0.500     0.518    +0.011     -0.006
v33            vs v35              0.370    0.500     0.409    -0.130     -0.039
v33            vs v36              0.490    0.500     0.451    -0.010     +0.039
v33            vs v8               0.274    0.500     0.349    -0.226     -0.075
v33            vs v9               0.289    0.500     0.325    -0.211     -0.037
v34            vs v35              0.384    0.500     0.392    -0.116     -0.009
v34            vs v36              0.426    0.500     0.433    -0.074     -0.007
v34            vs v8               0.278    0.500     0.333    -0.222     -0.055
v34            vs v9               0.287    0.500     0.310    -0.213     -0.023
v35            vs v36              0.600    0.500     0.542    +0.100     +0.058
v35            vs v8               0.378    0.500     0.436    -0.122     -0.058
v35            vs v9               0.361    0.500     0.410    -0.139     -0.049
v36            vs v8               0.416    0.500     0.395    -0.084     +0.022
v36            vs v9               0.369    0.500     0.370    -0.131     -0.001
v8             vs v9               0.422    0.500     0.474    -0.078     -0.052
------------------------------------------------------------------------------------
                                              RMSE    0.2097     0.0325
  (bipartite RMSE >= combined RMSE → bipartite model not better fit)

Saved to results/elo_full_ladder.json
