=== ELO incremental placement: v224_sc ===
Exporting checkpoints to TorchScript ...
Loaded 4216 match results from SQL match_cache

Match schedule (36 total, 0 new, 36 reused from prior run):
  v55 vs v54  [reuse]
  v55 vs v44  [reuse]
  v55 vs v45  [reuse]
  v55 vs v14  [reuse]
  v55 vs v221_sc  [reuse]
  v55 vs v151_sc  [reuse]
  v55 vs v46  [reuse]
  v55 vs v224_sc  [reuse]
  v54 vs v44  [reuse]
  v54 vs v45  [reuse]
  v54 vs v14  [reuse]
  v54 vs v221_sc  [reuse]
  v54 vs v151_sc  [reuse]
  v54 vs v46  [reuse]
  v54 vs v224_sc  [reuse]
  v44 vs v45  [reuse]
  v44 vs v14  [reuse]
  v44 vs v221_sc  [reuse]
  v44 vs v151_sc  [reuse]
  v44 vs v46  [reuse]
  v44 vs v224_sc  [reuse]
  v45 vs v14  [reuse]
  v45 vs v221_sc  [reuse]
  v45 vs v151_sc  [reuse]
  v45 vs v46  [reuse]
  v45 vs v224_sc  [reuse]
  v14 vs v221_sc  [reuse]
  v14 vs v151_sc  [reuse]
  v14 vs v46  [reuse]
  v14 vs v224_sc  [reuse]
  v221_sc vs v151_sc  [reuse]
  v221_sc vs v46  [reuse]
  v221_sc vs v224_sc  [reuse]
  v151_sc vs v46  [reuse]
  v151_sc vs v224_sc  [reuse]
  v46 vs v224_sc  [reuse]
  [reuse] v55 209(115u/94s) - 181(102u/79s) v54  draws=10  WR=0.535
  [reuse] v55 201(119u/82s) - 178(110u/68s) v44  draws=21  WR=0.529
  [reuse] v55 206(136u/70s) - 180(123u/57s) v45  draws=14  WR=0.532
  [reuse] v55 255(150u/105s) - 128(88u/40s) v14  draws=17  WR=0.659
  [reuse] v55 172(96u/76s) - 28(24u/4s) v221_sc  draws=0  WR=0.860
  [reuse] v55 159(94u/65s) - 38(34u/4s) v151_sc  draws=3  WR=0.802
  [reuse] v55 201(114u/87s) - 184(107u/77s) v46  draws=15  WR=0.521
  [reuse] v55 176(92u/84s) - 24(16u/8s) v224_sc  draws=0  WR=0.880
  [reuse] v54 222(126u/96s) - 163(99u/64s) v44  draws=15  WR=0.574
  [reuse] v54 194(125u/69s) - 183(121u/62s) v45  draws=23  WR=0.514
  [reuse] v54 254(154u/100s) - 131(95u/36s) v14  draws=15  WR=0.654
  [reuse] v54 176(98u/78s) - 24(22u/2s) v221_sc  draws=0  WR=0.880
  [reuse] v54 168(94u/74s) - 30(26u/4s) v151_sc  draws=2  WR=0.845
  [reuse] v54 181(113u/68s) - 200(120u/80s) v46  draws=19  WR=0.476
  [reuse] v54 183(97u/86s) - 16(13u/3s) v224_sc  draws=1  WR=0.917
  [reuse] v44 194(130u/64s) - 192(130u/62s) v45  draws=14  WR=0.502
  [reuse] v44 239(147u/92s) - 147(100u/47s) v14  draws=14  WR=0.615
  [reuse] v44 175(96u/79s) - 23(21u/2s) v221_sc  draws=2  WR=0.880
  [reuse] v44 159(94u/65s) - 40(34u/6s) v151_sc  draws=1  WR=0.797
  [reuse] v44 190(102u/88s) - 190(101u/89s) v46  draws=20  WR=0.500
  [reuse] v44 178(93u/85s) - 20(14u/6s) v224_sc  draws=2  WR=0.895
  [reuse] v45 226(147u/79s) - 162(115u/47s) v14  draws=12  WR=0.580
  [reuse] v45 175(98u/77s) - 25(23u/2s) v221_sc  draws=0  WR=0.875
  [reuse] v45 161(96u/65s) - 34(32u/2s) v151_sc  draws=5  WR=0.818
  [reuse] v45 189(130u/59s) - 194(137u/57s) v46  draws=17  WR=0.494
  [reuse] v45 173(92u/81s) - 23(16u/7s) v224_sc  draws=4  WR=0.875
  [reuse] v14 174(95u/79s) - 25(20u/5s) v221_sc  draws=1  WR=0.873
  [reuse] v14 134(88u/46s) - 65(53u/12s) v151_sc  draws=1  WR=0.672
  [reuse] v14 139(97u/42s) - 246(151u/95s) v46  draws=15  WR=0.366
  [reuse] v14 157(90u/67s) - 36(29u/7s) v224_sc  draws=7  WR=0.802
  [reuse] v221_sc 48(38u/10s) - 148(87u/61s) v151_sc  draws=4  WR=0.250
  [reuse] v221_sc 27(24u/3s) - 171(95u/76s) v46  draws=2  WR=0.140
  [reuse] v221_sc 70(55u/15s) - 128(84u/44s) v224_sc  draws=2  WR=0.355
  [reuse] v151_sc 25(22u/3s) - 172(94u/78s) v46  draws=3  WR=0.133
  [reuse] v151_sc 118(73u/45s) - 80(55u/25s) v224_sc  draws=2  WR=0.595
  [reuse] v46 169(90u/79s) - 31(21u/10s) v224_sc  draws=0  WR=0.845

Fitting BayesElo (combined) ...
Fitting BayesElo (bipartite per-side, anchor=v14_USSR=2015.0) ...

Model                   Elo    USSR*      US*    Gap                95% CI   vs anchor
  (* bipartite per-side, single anchor: v14_USSR=2015)
----------------------------------------------------------------------------------------
v55                    2124   2096   2029  +67  [  2109,   2138]  +109
v54                    2119   2092   2023  +69  [  2104,   2134]  +104
v46                    2111   2082   2015  +68  [  2096,   2126]  +96
v45                    2098   2126   1952  +174  [  2084,   2113]  +83
v44                    2097   2064   2003  +61  [  2082,   2112]  +82
v14                    2015   2015   1875  +140  [  2015,   2015]  +0
v151_sc                1855   1859   1670  +190  [  1835,   1876]  -160
v224_sc                1776   1721   1652  +69  [  1754,   1798]  -239
v221_sc                1719   1721   1457  +263  [  1695,   1743]  -296

Pair                              Obs WR   Bip WR   Comb WR   Bip err   Comb err
------------------------------------------------------------------------------------
v55            vs v54              0.535    0.507     0.507    +0.028     +0.028
v55            vs v44              0.529    0.541     0.538    -0.012     -0.010
v55            vs v45              0.532    0.530     0.537    +0.002     -0.004
v55            vs v14              0.659    0.651     0.652    +0.008     +0.007
v55            vs v221_sc          0.860    0.915     0.911    -0.055     -0.051
v55            vs v151_sc          0.802    0.824     0.824    -0.021     -0.022
v55            vs v46              0.521    0.520     0.518    +0.001     +0.003
v55            vs v224_sc          0.880    0.892     0.881    -0.012     -0.001
v54            vs v44              0.574    0.533     0.532    +0.040     +0.042
v54            vs v45              0.514    0.524     0.530    -0.010     -0.016
v54            vs v14              0.654    0.645     0.645    +0.009     +0.008
v54            vs v221_sc          0.880    0.913     0.909    -0.033     -0.029
v54            vs v151_sc          0.845    0.819     0.820    +0.026     +0.025
v54            vs v46              0.476    0.513     0.512    -0.036     -0.035
v54            vs v224_sc          0.917    0.889     0.878    +0.029     +0.040
v44            vs v45              0.502    0.493     0.498    +0.010     +0.004
v44            vs v14              0.615    0.616     0.616    -0.001     -0.001
v44            vs v221_sc          0.880    0.903     0.898    -0.023     -0.018
v44            vs v151_sc          0.797    0.801     0.801    -0.003     -0.003
v44            vs v46              0.500    0.479     0.480    +0.021     +0.020
v44            vs v224_sc          0.895    0.875     0.864    +0.020     +0.031
v45            vs v14              0.580    0.610     0.617    -0.030     -0.037
v45            vs v221_sc          0.875    0.885     0.899    -0.010     -0.024
v45            vs v151_sc          0.818    0.781     0.802    +0.036     +0.016
v45            vs v46              0.494    0.488     0.482    +0.006     +0.012
v45            vs v224_sc          0.875    0.865     0.864    +0.010     +0.011
v14            vs v221_sc          0.873    0.835     0.846    +0.038     +0.026
v14            vs v151_sc          0.672    0.701     0.715    -0.028     -0.042
v14            vs v46              0.366    0.366     0.365    -0.000     +0.001
v14            vs v224_sc          0.802    0.799     0.798    +0.004     +0.004
v221_sc        vs v151_sc          0.250    0.331     0.313    -0.081     -0.063
v221_sc        vs v46              0.140    0.091     0.095    +0.049     +0.045
v221_sc        vs v224_sc          0.355    0.389     0.418    -0.034     -0.063
v151_sc        vs v46              0.133    0.188     0.187    -0.055     -0.054
v151_sc        vs v224_sc          0.595    0.597     0.612    -0.002     -0.017
v46            vs v224_sc          0.845    0.883     0.873    -0.038     -0.028
------------------------------------------------------------------------------------
                                              RMSE    0.0294     0.0294
  (bipartite RMSE < combined RMSE → bipartite model better fit)

Saved to results/logs/elo/elo_v224_sc_incremental.json
[sql] Tournament logged: incremental_20260414T115907Z_v14_v151_sc → results/metadata.sqlite3
[confirm] Merged $VERSION into results/elo/elo_full_ladder.json: elo=1776
[Tue Apr 14 05:13:48 2026]
Finished jobid: 0 (Rule: ppo_train_dynamic)
1 of 1 steps (100%) done
Complete log(s): /home/dkord/code/twilight-struggle-ai/.snakemake/log/2026-04-14T045815.359896.snakemake.log
