Exporting checkpoints to TorchScript ...
  Exporting v8 → data/checkpoints/scripted_for_elo/v8_scripted.pt ...
  Exporting v9 → data/checkpoints/scripted_for_elo/v9_scripted.pt ...

Match schedule (3 matches × 400 games each):
  v7 vs v8
  v7 vs v9
  v8 vs v9

[1/3] v7 vs v8 (400 games, seed=88000) ...
  v7 wins: 109  v8 wins: 287  draws: 4  WR(v7)=0.273  t=19.7s

[2/3] v7 vs v9 (400 games, seed=88400) ...
  v7 wins: 92  v9 wins: 303  draws: 5  WR(v7)=0.230  t=20.4s

[3/3] v8 vs v9 (400 games, seed=88800) ...
  v8 wins: 165  v9 wins: 228  draws: 7  WR(v8)=0.412  t=20.0s

Fitting BayesElo ...

Model                   Elo                95% CI   vs anchor
-----------------------------------------------------------------
v9                     1918  [  1891,   1944]  +214
v8                     1866  [  1841,   1892]  +162
v7                     1704  [  1704,   1704]  +0

Saved to results/elo_v789.json
