=== ELO incremental placement: v195_sc ===
Exporting checkpoints to TorchScript ...
Loaded 3705 match results from SQL match_cache

Match schedule (36 total, 0 new, 36 reused from prior run):
  v55 vs v54  [reuse]
  v55 vs v44  [reuse]
  v55 vs v45  [reuse]
  v55 vs v14  [reuse]
  v55 vs v170_sc  [reuse]
  v55 vs v70_sc  [reuse]
  v55 vs v46  [reuse]
  v55 vs v195_sc  [reuse]
  v54 vs v44  [reuse]
  v54 vs v45  [reuse]
  v54 vs v14  [reuse]
  v54 vs v170_sc  [reuse]
  v54 vs v70_sc  [reuse]
  v54 vs v46  [reuse]
  v54 vs v195_sc  [reuse]
  v44 vs v45  [reuse]
  v44 vs v14  [reuse]
  v44 vs v170_sc  [reuse]
  v44 vs v70_sc  [reuse]
  v44 vs v46  [reuse]
  v44 vs v195_sc  [reuse]
  v45 vs v14  [reuse]
  v45 vs v170_sc  [reuse]
  v45 vs v70_sc  [reuse]
  v45 vs v46  [reuse]
  v45 vs v195_sc  [reuse]
  v14 vs v170_sc  [reuse]
  v14 vs v70_sc  [reuse]
  v14 vs v46  [reuse]
  v14 vs v195_sc  [reuse]
  v170_sc vs v70_sc  [reuse]
  v170_sc vs v46  [reuse]
  v170_sc vs v195_sc  [reuse]
  v70_sc vs v46  [reuse]
  v70_sc vs v195_sc  [reuse]
  v46 vs v195_sc  [reuse]
  [reuse] v55 209(115u/94s) - 181(102u/79s) v54  draws=10  WR=0.535
  [reuse] v55 201(119u/82s) - 178(110u/68s) v44  draws=21  WR=0.529
  [reuse] v55 206(136u/70s) - 180(123u/57s) v45  draws=14  WR=0.532
  [reuse] v55 255(150u/105s) - 128(88u/40s) v14  draws=17  WR=0.659
  [reuse] v55 175(93u/82s) - 24(18u/6s) v170_sc  draws=1  WR=0.877
  [reuse] v55 156(84u/72s) - 43(27u/16s) v70_sc  draws=1  WR=0.782
  [reuse] v55 201(114u/87s) - 184(107u/77s) v46  draws=15  WR=0.521
  [reuse] v55 183(98u/85s) - 15(14u/1s) v195_sc  draws=2  WR=0.920
  [reuse] v54 222(126u/96s) - 163(99u/64s) v44  draws=15  WR=0.574
  [reuse] v54 194(125u/69s) - 183(121u/62s) v45  draws=23  WR=0.514
  [reuse] v54 254(154u/100s) - 131(95u/36s) v14  draws=15  WR=0.654
  [reuse] v54 171(86u/85s) - 25(13u/12s) v170_sc  draws=4  WR=0.865
  [reuse] v54 149(82u/67s) - 46(30u/16s) v70_sc  draws=5  WR=0.757
  [reuse] v54 181(113u/68s) - 200(120u/80s) v46  draws=19  WR=0.476
  [reuse] v54 172(93u/79s) - 26(20u/6s) v195_sc  draws=2  WR=0.865
  [reuse] v44 194(130u/64s) - 192(130u/62s) v45  draws=14  WR=0.502
  [reuse] v44 239(147u/92s) - 147(100u/47s) v14  draws=14  WR=0.615
  [reuse] v44 176(97u/79s) - 21(19u/2s) v170_sc  draws=3  WR=0.887
  [reuse] v44 154(88u/66s) - 44(32u/12s) v70_sc  draws=2  WR=0.775
  [reuse] v44 190(102u/88s) - 190(101u/89s) v46  draws=20  WR=0.500
  [reuse] v44 168(91u/77s) - 31(22u/9s) v195_sc  draws=1  WR=0.843
  [reuse] v45 226(147u/79s) - 162(115u/47s) v14  draws=12  WR=0.580
  [reuse] v45 178(95u/83s) - 22(17u/5s) v170_sc  draws=0  WR=0.890
  [reuse] v45 141(74u/67s) - 49(29u/20s) v70_sc  draws=10  WR=0.730
  [reuse] v45 189(130u/59s) - 194(137u/57s) v46  draws=17  WR=0.494
  [reuse] v45 179(98u/81s) - 20(18u/2s) v195_sc  draws=1  WR=0.897
  [reuse] v14 164(93u/71s) - 34(27u/7s) v170_sc  draws=2  WR=0.825
  [reuse] v14 129(76u/53s) - 61(41u/20s) v70_sc  draws=10  WR=0.670
  [reuse] v14 139(97u/42s) - 246(151u/95s) v46  draws=15  WR=0.366
  [reuse] v14 178(94u/84s) - 21(15u/6s) v195_sc  draws=1  WR=0.892
  [reuse] v170_sc 32(19u/13s) - 165(84u/81s) v70_sc  draws=3  WR=0.168
  [reuse] v170_sc 24(16u/8s) - 176(92u/84s) v46  draws=0  WR=0.120
  [reuse] v170_sc 50(42u/8s) - 146(91u/55s) v195_sc  draws=4  WR=0.260
  [reuse] v70_sc 92(59u/33s) - 302(165u/137s) v46  draws=6  WR=0.237
  [reuse] v70_sc 136(77u/59s) - 54(34u/20s) v195_sc  draws=10  WR=0.705
  [reuse] v46 181(95u/86s) - 16(12u/4s) v195_sc  draws=3  WR=0.912

Fitting BayesElo (combined) ...
Fitting BayesElo (bipartite per-side, anchor=v14_USSR=2015.0) ...

Model                   Elo    USSR*      US*    Gap                95% CI   vs anchor
  (* bipartite per-side, single anchor: v14_USSR=2015)
----------------------------------------------------------------------------------------
v55                    2123   2096   2033  +62  [  2109,   2138]  +108
v54                    2109   2080   2018  +62  [  2094,   2123]  +94
v46                    2108   2080   2014  +67  [  2094,   2122]  +93
v45                    2093   2118   1952  +166  [  2078,   2108]  +78
v44                    2091   2066   1994  +72  [  2077,   2106]  +76
v14                    2015   2015   1881  +134  [  2015,   2015]  +0
v70_sc                 1906   1854   1820  +35  [  1887,   1925]  -109
v195_sc                1757   1731   1621  +110  [  1735,   1780]  -258
v170_sc                1689   1669   1528  +141  [  1663,   1714]  -326

Pair                              Obs WR   Bip WR   Comb WR   Bip err   Comb err
------------------------------------------------------------------------------------
v55            vs v54              0.535    0.522     0.521    +0.013     +0.014
v55            vs v44              0.529    0.548     0.547    -0.019     -0.018
v55            vs v45              0.532    0.538     0.544    -0.005     -0.011
v55            vs v14              0.659    0.651     0.651    +0.008     +0.008
v55            vs v170_sc          0.877    0.927     0.924    -0.050     -0.047
v55            vs v70_sc           0.782    0.784     0.778    -0.001     +0.005
v55            vs v46              0.521    0.524     0.522    -0.003     -0.001
v55            vs v195_sc          0.920    0.895     0.892    +0.025     +0.028
v54            vs v44              0.574    0.526     0.526    +0.047     +0.048
v54            vs v45              0.514    0.518     0.523    -0.004     -0.009
v54            vs v14              0.654    0.632     0.632    +0.022     +0.022
v54            vs v170_sc          0.865    0.921     0.918    -0.056     -0.053
v54            vs v70_sc           0.757    0.768     0.763    -0.011     -0.005
v54            vs v46              0.476    0.502     0.501    -0.026     -0.025
v54            vs v195_sc          0.865    0.886     0.883    -0.021     -0.018
v44            vs v45              0.502    0.493     0.497    +0.009     +0.005
v44            vs v14              0.615    0.607     0.608    +0.008     +0.007
v44            vs v170_sc          0.887    0.912     0.910    -0.024     -0.023
v44            vs v70_sc           0.775    0.748     0.744    +0.027     +0.031
v44            vs v46              0.500    0.476     0.476    +0.024     +0.024
v44            vs v195_sc          0.843    0.874     0.872    -0.032     -0.030
v45            vs v14              0.580    0.604     0.610    -0.024     -0.030
v45            vs v170_sc          0.890    0.902     0.911    -0.012     -0.021
v45            vs v70_sc           0.730    0.742     0.746    -0.012     -0.016
v45            vs v46              0.494    0.484     0.479    +0.009     +0.015
v45            vs v195_sc          0.897    0.864     0.873    +0.034     +0.024
v14            vs v170_sc          0.825    0.858     0.867    -0.033     -0.042
v14            vs v70_sc           0.670    0.646     0.652    +0.024     +0.018
v14            vs v46              0.366    0.371     0.369    -0.005     -0.003
v14            vs v195_sc          0.892    0.805     0.815    +0.088     +0.078
v170_sc        vs v70_sc           0.168    0.214     0.223    -0.046     -0.055
v170_sc        vs v46              0.120    0.080     0.082    +0.040     +0.038
v170_sc        vs v195_sc          0.260    0.403     0.402    -0.143     -0.142
v70_sc         vs v46              0.237    0.234     0.238    +0.004     -0.001
v70_sc         vs v195_sc          0.705    0.709     0.702    -0.004     +0.003
v46            vs v195_sc          0.912    0.885     0.883    +0.028     +0.030
------------------------------------------------------------------------------------
                                              RMSE    0.0374     0.0371
  (bipartite RMSE >= combined RMSE → bipartite model not better fit)

Saved to results/logs/elo/elo_v195_sc_incremental.json
[sql] Tournament logged: incremental_20260414T042027Z_v14_v170_sc → results/metadata.sqlite3
[confirm] Merged $VERSION into results/elo/elo_full_ladder.json: elo=1757
[Mon Apr 13 21:28:28 2026]
Finished jobid: 0 (Rule: ppo_train_dynamic)
1 of 1 steps (100%) done
Complete log(s): /home/dkord/code/twilight-struggle-ai/.snakemake/log/2026-04-13T212024.215845.snakemake.log
