=== ELO update: adding v46 ===
Exporting checkpoints to TorchScript ...
  heuristic: built-in heuristic (no export needed)
Loaded 611 match results from cache results/matches/

Match schedule (171 total, 18 new, 153 reused from prior run):
  heuristic vs v10  [reuse]
  heuristic vs v11  [reuse]
  heuristic vs v12  [reuse]
  heuristic vs v13  [reuse]
  heuristic vs v14  [reuse]
  heuristic vs v15  [reuse]
  heuristic vs v16  [reuse]
  heuristic vs v17  [reuse]
  heuristic vs v18  [reuse]
  heuristic vs v19  [reuse]
  heuristic vs v20  [reuse]
  heuristic vs v21  [reuse]
  heuristic vs v22  [reuse]
  heuristic vs v44  [reuse]
  heuristic vs v45  [reuse]
  heuristic vs v46
  heuristic vs v8  [reuse]
  heuristic vs v9  [reuse]
  v10 vs v11  [reuse]
  v10 vs v12  [reuse]
  v10 vs v13  [reuse]
  v10 vs v14  [reuse]
  v10 vs v15  [reuse]
  v10 vs v16  [reuse]
  v10 vs v17  [reuse]
  v10 vs v18  [reuse]
  v10 vs v19  [reuse]
  v10 vs v20  [reuse]
  v10 vs v21  [reuse]
  v10 vs v22  [reuse]
  v10 vs v44  [reuse]
  v10 vs v45  [reuse]
  v10 vs v46
  v10 vs v8  [reuse]
  v10 vs v9  [reuse]
  v11 vs v12  [reuse]
  v11 vs v13  [reuse]
  v11 vs v14  [reuse]
  v11 vs v15  [reuse]
  v11 vs v16  [reuse]
  v11 vs v17  [reuse]
  v11 vs v18  [reuse]
  v11 vs v19  [reuse]
  v11 vs v20  [reuse]
  v11 vs v21  [reuse]
  v11 vs v22  [reuse]
  v11 vs v44  [reuse]
  v11 vs v45  [reuse]
  v11 vs v46
  v11 vs v8  [reuse]
  v11 vs v9  [reuse]
  v12 vs v13  [reuse]
  v12 vs v14  [reuse]
  v12 vs v15  [reuse]
  v12 vs v16  [reuse]
  v12 vs v17  [reuse]
  v12 vs v18  [reuse]
  v12 vs v19  [reuse]
  v12 vs v20  [reuse]
  v12 vs v21  [reuse]
  v12 vs v22  [reuse]
  v12 vs v44  [reuse]
  v12 vs v45  [reuse]
  v12 vs v46
  v12 vs v8  [reuse]
  v12 vs v9  [reuse]
  v13 vs v14  [reuse]
  v13 vs v15  [reuse]
  v13 vs v16  [reuse]
  v13 vs v17  [reuse]
  v13 vs v18  [reuse]
  v13 vs v19  [reuse]
  v13 vs v20  [reuse]
  v13 vs v21  [reuse]
  v13 vs v22  [reuse]
  v13 vs v44  [reuse]
  v13 vs v45  [reuse]
  v13 vs v46
  v13 vs v8  [reuse]
  v13 vs v9  [reuse]
  v14 vs v15  [reuse]
  v14 vs v16  [reuse]
  v14 vs v17  [reuse]
  v14 vs v18  [reuse]
  v14 vs v19  [reuse]
  v14 vs v20  [reuse]
  v14 vs v21  [reuse]
  v14 vs v22  [reuse]
  v14 vs v44  [reuse]
  v14 vs v45  [reuse]
  v14 vs v46
  v14 vs v8  [reuse]
  v14 vs v9  [reuse]
  v15 vs v16  [reuse]
  v15 vs v17  [reuse]
  v15 vs v18  [reuse]
  v15 vs v19  [reuse]
  v15 vs v20  [reuse]
  v15 vs v21  [reuse]
  v15 vs v22  [reuse]
  v15 vs v44  [reuse]
  v15 vs v45  [reuse]
  v15 vs v46
  v15 vs v8  [reuse]
  v15 vs v9  [reuse]
  v16 vs v17  [reuse]
  v16 vs v18  [reuse]
  v16 vs v19  [reuse]
  v16 vs v20  [reuse]
  v16 vs v21  [reuse]
  v16 vs v22  [reuse]
  v16 vs v44  [reuse]
  v16 vs v45  [reuse]
  v16 vs v46
  v16 vs v8  [reuse]
  v16 vs v9  [reuse]
  v17 vs v18  [reuse]
  v17 vs v19  [reuse]
  v17 vs v20  [reuse]
  v17 vs v21  [reuse]
  v17 vs v22  [reuse]
  v17 vs v44  [reuse]
  v17 vs v45  [reuse]
  v17 vs v46
  v17 vs v8  [reuse]
  v17 vs v9  [reuse]
  v18 vs v19  [reuse]
  v18 vs v20  [reuse]
  v18 vs v21  [reuse]
  v18 vs v22  [reuse]
  v18 vs v44  [reuse]
  v18 vs v45  [reuse]
  v18 vs v46
  v18 vs v8  [reuse]
  v18 vs v9  [reuse]
  v19 vs v20  [reuse]
  v19 vs v21  [reuse]
  v19 vs v22  [reuse]
  v19 vs v44  [reuse]
  v19 vs v45  [reuse]
  v19 vs v46
  v19 vs v8  [reuse]
  v19 vs v9  [reuse]
  v20 vs v21  [reuse]
  v20 vs v22  [reuse]
  v20 vs v44  [reuse]
  v20 vs v45  [reuse]
  v20 vs v46
  v20 vs v8  [reuse]
  v20 vs v9  [reuse]
  v21 vs v22  [reuse]
  v21 vs v44  [reuse]
  v21 vs v45  [reuse]
  v21 vs v46
  v21 vs v8  [reuse]
  v21 vs v9  [reuse]
  v22 vs v44  [reuse]
  v22 vs v45  [reuse]
  v22 vs v46
  v22 vs v8  [reuse]
  v22 vs v9  [reuse]
  v44 vs v45  [reuse]
  v44 vs v46
  v44 vs v8  [reuse]
  v44 vs v9  [reuse]
  v45 vs v46
  v45 vs v8  [reuse]
  v45 vs v9  [reuse]
  v46 vs v8
  v46 vs v9
  v8 vs v9  [reuse]
  [reuse] heuristic 45(37u/8s) - 351(192u/159s) v10  draws=4  WR=0.117
  [reuse] heuristic 69(60u/9s) - 327(191u/136s) v11  draws=4  WR=0.177
  [reuse] heuristic 42(21u/21s) - 157(78u/79s) v12  draws=1  WR=0.212
  [reuse] heuristic 84(73u/11s) - 308(188u/120s) v13  draws=8  WR=0.220
  [reuse] heuristic 64(32u/32s) - 329(164u/165s) v14  draws=7  WR=0.169
  [reuse] heuristic 37(30u/7s) - 360(191u/169s) v15  draws=3  WR=0.096
  [reuse] heuristic 59(50u/9s) - 339(190u/149s) v16  draws=2  WR=0.150
  [reuse] heuristic 43(37u/6s) - 353(192u/161s) v17  draws=4  WR=0.113
  [reuse] heuristic 33(32u/1s) - 362(198u/164s) v18  draws=5  WR=0.089
  [reuse] heuristic 53(26u/27s) - 345(172u/173s) v19  draws=2  WR=0.135
  [reuse] heuristic 47(34u/13s) - 351(186u/165s) v20  draws=2  WR=0.120
  [reuse] heuristic 47(44u/3s) - 349(197u/152s) v21  draws=4  WR=0.122
  [reuse] heuristic 45(22u/23s) - 350(175u/175s) v22  draws=5  WR=0.119
  [reuse] heuristic 50(42u/8s) - 343(190u/153s) v44  draws=7  WR=0.134
  [reuse] heuristic 51(43u/8s) - 343(192u/151s) v45  draws=6  WR=0.135

[new 1/18] heuristic vs v46 (400 games = 200/side, seed=88000) ...
  heuristic: 50(44u/6s)  v46: 350(194u/156s)  draws: 0  WR(heuristic)=0.125  t=25.9s
  [reuse] heuristic 20(10u/10s) - 176(88u/88s) v8  draws=4  WR=0.110
  [reuse] heuristic 76(64u/12s) - 317(187u/130s) v9  draws=7  WR=0.199
  [reuse] v10 157(117u/40s) - 230(154u/76s) v11  draws=13  WR=0.409
  [reuse] v10 149(114u/35s) - 235(159u/76s) v12  draws=16  WR=0.393
  [reuse] v10 155(116u/39s) - 238(157u/81s) v13  draws=7  WR=0.396
  [reuse] v10 153(112u/41s) - 229(154u/75s) v14  draws=18  WR=0.405
  [reuse] v10 126(97u/29s) - 259(166u/93s) v15  draws=15  WR=0.334
  [reuse] v10 143(115u/28s) - 241(165u/76s) v16  draws=16  WR=0.378
  [reuse] v10 141(107u/34s) - 248(164u/84s) v17  draws=11  WR=0.366
  [reuse] v10 134(107u/27s) - 251(166u/85s) v18  draws=15  WR=0.354
  [reuse] v10 136(92u/44s) - 245(149u/96s) v19  draws=19  WR=0.364
  [reuse] v10 147(105u/42s) - 240(154u/86s) v20  draws=13  WR=0.384
  [reuse] v10 143(101u/42s) - 243(156u/87s) v21  draws=14  WR=0.375
  [reuse] v10 100(80u/20s) - 285(175u/110s) v22  draws=15  WR=0.269
  [reuse] v10 117(83u/34s) - 263(159u/104s) v44  draws=20  WR=0.318
  [reuse] v10 120(85u/35s) - 264(159u/105s) v45  draws=16  WR=0.320

[new 2/18] v10 vs v46 (400 games = 200/side, seed=88400) ...
  v10: 94(68u/26s)  v46: 288(167u/121s)  draws: 18  WR(v10)=0.258  t=19.7s
  [reuse] v10 207(161u/46s) - 179(144u/35s) v8  draws=14  WR=0.535
  [reuse] v10 198(145u/53s) - 187(139u/48s) v9  draws=15  WR=0.514
  [reuse] v11 162(120u/42s) - 222(151u/71s) v12  draws=16  WR=0.425
  [reuse] v11 189(127u/62s) - 203(135u/68s) v13  draws=8  WR=0.482
  [reuse] v11 169(121u/48s) - 216(144u/72s) v14  draws=15  WR=0.441
  [reuse] v11 149(107u/42s) - 235(152u/83s) v15  draws=16  WR=0.393
  [reuse] v11 157(114u/43s) - 230(149u/81s) v16  draws=13  WR=0.409
  [reuse] v11 155(109u/46s) - 236(150u/86s) v17  draws=9  WR=0.399
  [reuse] v11 148(118u/30s) - 240(167u/73s) v18  draws=12  WR=0.385
  [reuse] v11 132(94u/38s) - 254(154u/100s) v19  draws=14  WR=0.347
  [reuse] v11 119(89u/30s) - 272(168u/104s) v20  draws=9  WR=0.309
  [reuse] v11 130(93u/37s) - 253(155u/98s) v21  draws=17  WR=0.346
  [reuse] v11 129(99u/30s) - 254(162u/92s) v22  draws=17  WR=0.344
  [reuse] v11 126(83u/43s) - 265(155u/110s) v44  draws=9  WR=0.326
  [reuse] v11 112(81u/31s) - 267(160u/107s) v45  draws=21  WR=0.306

[new 3/18] v11 vs v46 (400 games = 200/side, seed=88800) ...
  v11: 134(98u/36s)  v46: 252(159u/93s)  draws: 14  WR(v11)=0.352  t=20.3s
  [reuse] v11 247(155u/92s) - 146(104u/42s) v8  draws=7  WR=0.626
  [reuse] v11 218(157u/61s) - 167(128u/39s) v9  draws=15  WR=0.564
  [reuse] v12 201(133u/68s) - 187(127u/60s) v13  draws=12  WR=0.517
  [reuse] v12 177(88u/89s) - 209(104u/105s) v14  draws=14  WR=0.460
  [reuse] v12 151(100u/51s) - 238(143u/95s) v15  draws=11  WR=0.391
  [reuse] v12 151(110u/41s) - 239(154u/85s) v16  draws=10  WR=0.390
  [reuse] v12 167(122u/45s) - 223(151u/72s) v17  draws=10  WR=0.430
  [reuse] v12 158(116u/42s) - 227(149u/78s) v18  draws=15  WR=0.414
  [reuse] v12 142(71u/71s) - 244(122u/122s) v19  draws=14  WR=0.372
  [reuse] v12 149(113u/36s) - 240(161u/79s) v20  draws=11  WR=0.386
  [reuse] v12 170(118u/52s) - 220(144u/76s) v21  draws=10  WR=0.438
  [reuse] v12 146(73u/73s) - 240(120u/120s) v22  draws=14  WR=0.383
  [reuse] v12 137(95u/42s) - 247(151u/96s) v44  draws=16  WR=0.362
  [reuse] v12 151(100u/51s) - 234(142u/92s) v45  draws=15  WR=0.396

[new 4/18] v12 vs v46 (400 games = 200/side, seed=89200) ...
  v12: 139(99u/40s)  v46: 247(151u/96s)  draws: 14  WR(v12)=0.365  t=19.9s
  [reuse] v12 121(60u/61s) - 75(37u/38s) v8  draws=4  WR=0.615
  [reuse] v12 217(146u/71s) - 178(126u/52s) v9  draws=5  WR=0.549
  [reuse] v13 188(120u/68s) - 200(125u/75s) v14  draws=12  WR=0.485
  [reuse] v13 158(115u/43s) - 228(151u/77s) v15  draws=14  WR=0.412
  [reuse] v13 163(111u/52s) - 220(138u/82s) v16  draws=17  WR=0.429
  [reuse] v13 158(108u/50s) - 237(148u/89s) v17  draws=5  WR=0.401
  [reuse] v13 149(108u/41s) - 240(151u/89s) v18  draws=11  WR=0.386
  [reuse] v13 151(104u/47s) - 226(140u/86s) v19  draws=23  WR=0.406
  [reuse] v13 150(108u/42s) - 244(155u/89s) v20  draws=6  WR=0.383
  [reuse] v13 156(116u/40s) - 235(158u/77s) v21  draws=9  WR=0.401
  [reuse] v13 131(104u/27s) - 250(165u/85s) v22  draws=19  WR=0.351
  [reuse] v13 156(112u/44s) - 237(153u/84s) v44  draws=7  WR=0.399
  [reuse] v13 118(92u/26s) - 269(173u/96s) v45  draws=13  WR=0.311

[new 5/18] v13 vs v46 (400 games = 200/side, seed=89600) ...
  v13: 142(113u/29s)  v46: 241(159u/82s)  draws: 17  WR(v13)=0.376  t=20.3s
  [reuse] v13 237(153u/84s) - 157(112u/45s) v8  draws=6  WR=0.600
  [reuse] v13 222(153u/69s) - 169(128u/41s) v9  draws=9  WR=0.566
  [reuse] v14 179(132u/47s) - 206(146u/60s) v15  draws=15  WR=0.466
  [reuse] v14 163(116u/47s) - 218(142u/76s) v16  draws=19  WR=0.431
  [reuse] v14 169(111u/58s) - 213(134u/79s) v17  draws=18  WR=0.445
  [reuse] v14 155(98u/57s) - 229(136u/93s) v18  draws=16  WR=0.407
  [reuse] v14 153(76u/77s) - 230(115u/115s) v19  draws=17  WR=0.404
  [reuse] v14 158(110u/48s) - 227(145u/82s) v20  draws=15  WR=0.414
  [reuse] v14 147(105u/42s) - 238(150u/88s) v21  draws=15  WR=0.386
  [reuse] v14 140(70u/70s) - 241(120u/121s) v22  draws=19  WR=0.374
  [reuse] v14 147(100u/47s) - 239(147u/92s) v44  draws=14  WR=0.385
  [reuse] v14 162(115u/47s) - 226(147u/79s) v45  draws=12  WR=0.420

[new 6/18] v14 vs v46 (400 games = 200/side, seed=90000) ...
  v14: 139(97u/42s)  v46: 246(151u/95s)  draws: 15  WR(v14)=0.366  t=20.2s
  [reuse] v14 247(123u/124s) - 137(68u/69s) v8  draws=16  WR=0.637
  [reuse] v14 249(163u/86s) - 138(108u/30s) v9  draws=13  WR=0.639
  [reuse] v15 193(128u/65s) - 188(125u/63s) v16  draws=19  WR=0.506
  [reuse] v15 170(115u/55s) - 212(139u/73s) v17  draws=18  WR=0.448
  [reuse] v15 182(124u/58s) - 206(135u/71s) v18  draws=12  WR=0.470
  [reuse] v15 166(115u/51s) - 223(142u/81s) v19  draws=11  WR=0.429
  [reuse] v15 159(106u/53s) - 223(140u/83s) v20  draws=18  WR=0.420
  [reuse] v15 175(122u/53s) - 210(138u/72s) v21  draws=15  WR=0.456
  [reuse] v15 156(91u/65s) - 223(125u/98s) v22  draws=21  WR=0.416
  [reuse] v15 151(100u/51s) - 233(142u/91s) v44  draws=16  WR=0.398
  [reuse] v15 154(105u/49s) - 225(143u/82s) v45  draws=21  WR=0.411

[new 7/18] v15 vs v46 (400 games = 200/side, seed=90400) ...
  v15: 159(104u/55s)  v46: 225(138u/87s)  draws: 16  WR(v15)=0.417  t=20.4s
  [reuse] v15 275(167u/108s) - 116(85u/31s) v8  draws=9  WR=0.699
  [reuse] v15 267(169u/98s) - 122(92u/30s) v9  draws=11  WR=0.681
  [reuse] v16 178(126u/52s) - 206(139u/67s) v17  draws=16  WR=0.465
  [reuse] v16 173(112u/61s) - 217(136u/81s) v18  draws=10  WR=0.445
  [reuse] v16 180(116u/64s) - 203(126u/77s) v19  draws=17  WR=0.471
  [reuse] v16 161(112u/49s) - 229(146u/83s) v20  draws=10  WR=0.415
  [reuse] v16 144(95u/49s) - 240(146u/94s) v21  draws=16  WR=0.380
  [reuse] v16 157(96u/61s) - 233(137u/96s) v22  draws=10  WR=0.405
  [reuse] v16 143(96u/47s) - 241(142u/99s) v44  draws=16  WR=0.378
  [reuse] v16 151(105u/46s) - 228(146u/82s) v45  draws=21  WR=0.404

[new 8/18] v16 vs v46 (400 games = 200/side, seed=90800) ...
  v16: 162(109u/53s)  v46: 226(140u/86s)  draws: 12  WR(v16)=0.420  t=20.6s
  [reuse] v16 282(162u/120s) - 109(77u/32s) v8  draws=9  WR=0.716
  [reuse] v16 251(161u/90s) - 137(101u/36s) v9  draws=12  WR=0.642
  [reuse] v17 187(128u/59s) - 199(138u/61s) v18  draws=14  WR=0.485
  [reuse] v17 165(107u/58s) - 218(135u/83s) v19  draws=17  WR=0.434
  [reuse] v17 164(111u/53s) - 214(137u/77s) v20  draws=22  WR=0.438
  [reuse] v17 175(128u/47s) - 209(146u/63s) v21  draws=16  WR=0.458
  [reuse] v17 168(113u/55s) - 219(141u/78s) v22  draws=13  WR=0.436
  [reuse] v17 177(119u/58s) - 210(135u/75s) v44  draws=13  WR=0.459
  [reuse] v17 176(123u/53s) - 211(139u/72s) v45  draws=13  WR=0.456

[new 9/18] v17 vs v46 (400 games = 200/side, seed=91200) ...
  v17: 176(128u/48s)  v46: 211(144u/67s)  draws: 13  WR(v17)=0.456  t=20.4s
  [reuse] v17 276(170u/106s) - 113(87u/26s) v8  draws=11  WR=0.704
  [reuse] v17 281(174u/107s) - 109(86u/23s) v9  draws=10  WR=0.715
  [reuse] v18 186(123u/63s) - 197(123u/74s) v19  draws=17  WR=0.486
  [reuse] v18 171(123u/48s) - 207(144u/63s) v20  draws=22  WR=0.455
  [reuse] v18 161(114u/47s) - 228(149u/79s) v21  draws=11  WR=0.416
  [reuse] v18 146(96u/50s) - 238(144u/94s) v22  draws=16  WR=0.385
  [reuse] v18 179(112u/67s) - 202(124u/78s) v44  draws=19  WR=0.471
  [reuse] v18 166(114u/52s) - 213(138u/75s) v45  draws=21  WR=0.441

[new 10/18] v18 vs v46 (400 games = 200/side, seed=91600) ...
  v18: 152(105u/47s)  v46: 223(137u/86s)  draws: 25  WR(v18)=0.411  t=19.8s
  [reuse] v18 266(167u/99s) - 123(94u/29s) v8  draws=11  WR=0.679
  [reuse] v18 258(171u/87s) - 133(108u/25s) v9  draws=9  WR=0.656
  [reuse] v19 192(124u/68s) - 187(119u/68s) v20  draws=21  WR=0.506
  [reuse] v19 183(114u/69s) - 198(125u/73s) v21  draws=19  WR=0.481
  [reuse] v19 178(89u/89s) - 210(105u/105s) v22  draws=12  WR=0.460
  [reuse] v19 172(112u/60s) - 216(138u/78s) v44  draws=12  WR=0.445
  [reuse] v19 173(125u/48s) - 206(142u/64s) v45  draws=21  WR=0.459

[new 11/18] v19 vs v46 (400 games = 200/side, seed=92000) ...
  v19: 166(110u/56s)  v46: 217(133u/84s)  draws: 17  WR(v19)=0.436  t=19.9s
  [reuse] v19 279(139u/140s) - 108(54u/54s) v8  draws=13  WR=0.714
  [reuse] v19 259(161u/98s) - 128(94u/34s) v9  draws=13  WR=0.664
  [reuse] v20 181(126u/55s) - 203(137u/66s) v21  draws=16  WR=0.472
  [reuse] v20 187(116u/71s) - 204(125u/79s) v22  draws=9  WR=0.479
  [reuse] v20 169(111u/58s) - 213(134u/79s) v44  draws=18  WR=0.445
  [reuse] v20 182(129u/53s) - 208(141u/67s) v45  draws=10  WR=0.468

[new 12/18] v20 vs v46 (400 games = 200/side, seed=92400) ...
  v20: 169(105u/64s)  v46: 214(127u/87s)  draws: 17  WR(v20)=0.444  t=20.8s
  [reuse] v20 280(175u/105s) - 106(86u/20s) v8  draws=14  WR=0.718
  [reuse] v20 257(167u/90s) - 124(97u/27s) v9  draws=19  WR=0.666
  [reuse] v21 181(118u/63s) - 201(125u/76s) v22  draws=18  WR=0.475
  [reuse] v21 181(108u/73s) - 207(119u/88s) v44  draws=12  WR=0.468
  [reuse] v21 173(111u/62s) - 207(131u/76s) v45  draws=20  WR=0.458

[new 13/18] v21 vs v46 (400 games = 200/side, seed=92800) ...
  v21: 176(112u/64s)  v46: 214(132u/82s)  draws: 10  WR(v21)=0.453  t=20.5s
  [reuse] v21 291(176u/115s) - 100(81u/19s) v8  draws=9  WR=0.739
  [reuse] v21 274(170u/104s) - 113(88u/25s) v9  draws=13  WR=0.701
  [reuse] v22 188(111u/77s) - 200(119u/81s) v44  draws=12  WR=0.485
  [reuse] v22 180(114u/66s) - 202(127u/75s) v45  draws=18  WR=0.472

[new 14/18] v22 vs v46 (400 games = 200/side, seed=93200) ...
  v22: 184(110u/74s)  v46: 198(119u/79s)  draws: 18  WR(v22)=0.482  t=20.7s
  [reuse] v22 282(141u/141s) - 109(54u/55s) v8  draws=9  WR=0.716
  [reuse] v22 253(166u/87s) - 134(105u/29s) v9  draws=13  WR=0.649
  [reuse] v44 194(130u/64s) - 192(130u/62s) v45  draws=14  WR=0.502

[new 15/18] v44 vs v46 (400 games = 200/side, seed=93600) ...
  v44: 190(102u/88s)  v46: 190(101u/89s)  draws: 20  WR(v44)=0.500  t=21.2s
  [reuse] v44 300(173u/127s) - 93(69u/24s) v8  draws=7  WR=0.759
  [reuse] v44 281(171u/110s) - 103(78u/25s) v9  draws=16  WR=0.723

[new 16/18] v45 vs v46 (400 games = 200/side, seed=94000) ...
  v45: 189(130u/59s)  v46: 194(137u/57s)  draws: 17  WR(v45)=0.494  t=19.8s
  [reuse] v45 304(180u/124s) - 81(65u/16s) v8  draws=15  WR=0.779
  [reuse] v45 277(172u/105s) - 113(87u/26s) v9  draws=10  WR=0.705

[new 17/18] v46 vs v8 (400 games = 200/side, seed=94400) ...
  v46: 297(167u/130s)  v8: 93(62u/31s)  draws: 10  WR(v46)=0.755  t=21.0s

[new 18/18] v46 vs v9 (400 games = 200/side, seed=94800) ...
  v46: 284(169u/115s)  v9: 104(79u/25s)  draws: 12  WR(v46)=0.725  t=21.1s
  [reuse] v8 164(136u/28s) - 226(171u/55s) v9  draws=10  WR=0.422

Fitting BayesElo (combined) ...
Fitting BayesElo (bipartite per-side, anchor=v14_USSR=2015.0) ...

Model                   Elo    USSR*      US*    Gap                95% CI   vs anchor
  (* bipartite per-side, single anchor: v14_USSR=2015)
----------------------------------------------------------------------------------------
v46                    2109  303563109215503040  11206  +303563109215491840  [  2100,   2117]  +94
v45                    2105  24141350440071580  10472  +24141350440061108  [  2096,   2113]  +90
v44                    2104  -3584  11000  -14585  [  2095,   2113]  +89
v22                    2100  -4665  10969  -15634  [  2091,   2108]  +85
v21                    2085  -3606   9483  -13088  [  2077,   2094]  +70
v20                    2081  -3682   9190  -12873  [  2073,   2090]  +66
v19                    2075  -5651  10041  -15692  [  2067,   2084]  +60
v17                    2061  -4426   8000  -12426  [  2053,   2070]  +46
v18                    2061  -4553   8021  -12574  [  2052,   2069]  +46
v15                    2049  -5636  -173177624670646784  +173177624670641152  [  2040,   2057]  +34
v16                    2040  -6194  -24138569167643068  +24138569167636872  [  2032,   2049]  +25
v14                    2015   2015  17736  -15721  [  2015,   2015]  +0
v12                    2001  -13665  -13730009409935  +13730009396270  [  1992,   2010]  -14
v13                    1994  -8769  -81189622457  +81189613688  [  1986,   2002]  -21
v11                    1977  -9959  -9885641448  +9885631489  [  1968,   1985]  -38
v10                    1951  -11423  -241374369  +241362946  [  1942,   1959]  -64
v9                     1942  -12332  -62052102  +62039770  [  1933,   1951]  -73
v8                     1909  -14503  -101105111  +101090608  [  1900,   1918]  -106
heuristic              1713  115798602640942240  -90518  +115798602641032752  [  1701,   1726]  -302

Pair                              Obs WR   Bip WR   Comb WR   Bip err   Comb err
------------------------------------------------------------------------------------
heuristic      vs v10              0.117    0.500     0.203    -0.383     -0.086
heuristic      vs v11              0.177    0.500     0.180    -0.323     -0.003
heuristic      vs v12              0.212    0.500     0.160    -0.287     +0.052
heuristic      vs v13              0.220    0.500     0.166    -0.280     +0.054
heuristic      vs v14              0.169    0.500     0.150    -0.331     +0.019
heuristic      vs v15              0.096    0.500     0.127    -0.404     -0.031
heuristic      vs v16              0.150    0.500     0.132    -0.350     +0.018
heuristic      vs v17              0.113    0.500     0.119    -0.388     -0.006
heuristic      vs v18              0.089    0.500     0.119    -0.411     -0.030
heuristic      vs v19              0.135    0.500     0.111    -0.365     +0.024
heuristic      vs v20              0.120    0.500     0.107    -0.380     +0.013
heuristic      vs v21              0.122    0.500     0.105    -0.378     +0.017
heuristic      vs v22              0.119    0.500     0.098    -0.381     +0.021
heuristic      vs v44              0.134    0.500     0.095    -0.366     +0.038
heuristic      vs v45              0.135    0.500     0.095    -0.365     +0.040
heuristic      vs v46              0.125    0.500     0.093    -0.375     +0.032
heuristic      vs v8               0.110    0.500     0.245    -0.390     -0.135
heuristic      vs v9               0.199    0.500     0.212    -0.301     -0.013
v10            vs v11              0.409    0.500     0.463    -0.091     -0.054
v10            vs v12              0.393    0.500     0.428    -0.107     -0.036
v10            vs v13              0.396    0.500     0.438    -0.104     -0.042
v10            vs v14              0.405    0.000     0.409    +0.405     -0.004
v10            vs v15              0.334    0.500     0.363    -0.166     -0.029
v10            vs v16              0.378    0.500     0.374    -0.122     +0.003
v10            vs v17              0.366    0.000     0.346    +0.366     +0.020
v10            vs v18              0.354    0.000     0.347    +0.354     +0.007
v10            vs v19              0.364    0.000     0.328    +0.364     +0.036
v10            vs v20              0.384    0.000     0.321    +0.384     +0.063
v10            vs v21              0.375    0.000     0.316    +0.375     +0.059
v10            vs v22              0.269    0.000     0.298    +0.269     -0.029
v10            vs v44              0.318    0.000     0.293    +0.318     +0.025
v10            vs v45              0.320    0.000     0.292    +0.320     +0.028
v10            vs v46              0.258    0.000     0.287    +0.258     -0.030
v10            vs v8               0.535    0.500     0.560    +0.035     -0.025
v10            vs v9               0.514    0.500     0.513    +0.014     +0.001
v11            vs v12              0.425    0.500     0.465    -0.075     -0.040
v11            vs v13              0.482    0.500     0.475    -0.018     +0.007
v11            vs v14              0.441    0.000     0.445    +0.441     -0.004
v11            vs v15              0.393    0.500     0.398    -0.107     -0.006
v11            vs v16              0.409    0.500     0.410    -0.091     -0.001
v11            vs v17              0.399    0.000     0.381    +0.399     +0.018
v11            vs v18              0.385    0.000     0.381    +0.385     +0.004
v11            vs v19              0.347    0.000     0.362    +0.347     -0.014
v11            vs v20              0.309    0.000     0.354    +0.309     -0.045
v11            vs v21              0.346    0.000     0.349    +0.346     -0.002
v11            vs v22              0.344    0.000     0.330    +0.344     +0.014
v11            vs v44              0.326    0.000     0.324    +0.326     +0.002
v11            vs v45              0.306    0.000     0.324    +0.306     -0.017
v11            vs v46              0.352    0.000     0.319    +0.352     +0.034
v11            vs v8               0.626    0.500     0.596    +0.126     +0.030
v11            vs v9               0.564    0.500     0.550    +0.064     +0.014
v12            vs v13              0.517    0.500     0.510    +0.017     +0.007
v12            vs v14              0.460    0.000     0.480    +0.460     -0.020
v12            vs v15              0.391    0.500     0.432    -0.109     -0.041
v12            vs v16              0.390    0.500     0.444    -0.110     -0.054
v12            vs v17              0.430    0.000     0.414    +0.430     +0.016
v12            vs v18              0.414    0.000     0.415    +0.414     -0.001
v12            vs v19              0.372    0.000     0.394    +0.372     -0.022
v12            vs v20              0.386    0.000     0.387    +0.386     -0.000
v12            vs v21              0.438    0.000     0.381    +0.438     +0.056
v12            vs v22              0.383    0.000     0.361    +0.383     +0.021
v12            vs v44              0.362    0.000     0.356    +0.362     +0.007
v12            vs v45              0.396    0.000     0.355    +0.396     +0.041
v12            vs v46              0.365    0.000     0.350    +0.365     +0.015
v12            vs v8               0.615    0.500     0.629    +0.115     -0.014
v12            vs v9               0.549    0.500     0.584    +0.049     -0.036
v13            vs v14              0.485    0.000     0.470    +0.485     +0.015
v13            vs v15              0.412    0.500     0.422    -0.088     -0.010
v13            vs v16              0.429    0.500     0.434    -0.071     -0.005
v13            vs v17              0.401    0.000     0.404    +0.401     -0.003
v13            vs v18              0.386    0.000     0.405    +0.386     -0.019
v13            vs v19              0.406    0.000     0.385    +0.406     +0.021
v13            vs v20              0.383    0.000     0.377    +0.383     +0.005
v13            vs v21              0.401    0.000     0.372    +0.401     +0.029
v13            vs v22              0.351    0.000     0.352    +0.351     -0.001
v13            vs v44              0.399    0.000     0.347    +0.399     +0.052
v13            vs v45              0.311    0.000     0.346    +0.311     -0.035
v13            vs v46              0.376    0.000     0.341    +0.376     +0.035
v13            vs v8               0.600    0.500     0.620    +0.100     -0.020
v13            vs v9               0.566    0.500     0.574    +0.066     -0.008
v14            vs v15              0.466    1.000     0.452    -0.534     +0.014
v14            vs v16              0.431    1.000     0.464    -0.569     -0.032
v14            vs v17              0.445    0.500     0.434    -0.055     +0.011
v14            vs v18              0.407    0.500     0.434    -0.093     -0.027
v14            vs v19              0.404    0.500     0.414    -0.096     -0.010
v14            vs v20              0.414    0.500     0.406    -0.086     +0.008
v14            vs v21              0.386    0.500     0.400    -0.114     -0.014
v14            vs v22              0.374    0.500     0.380    -0.126     -0.006
v14            vs v44              0.385    0.500     0.375    -0.115     +0.010
v14            vs v45              0.420    0.000     0.374    +0.420     +0.046
v14            vs v46              0.366    0.000     0.368    +0.366     -0.002
v14            vs v8               0.637    1.000     0.648    -0.363     -0.010
v14            vs v9               0.639    1.000     0.604    -0.361     +0.035
v15            vs v16              0.506    0.500     0.512    +0.006     -0.006
v15            vs v17              0.448    0.000     0.482    +0.448     -0.034
v15            vs v18              0.470    0.000     0.482    +0.470     -0.012
v15            vs v19              0.429    0.000     0.461    +0.429     -0.033
v15            vs v20              0.420    0.000     0.453    +0.420     -0.033
v15            vs v21              0.456    0.000     0.447    +0.456     +0.009
v15            vs v22              0.416    0.000     0.427    +0.416     -0.010
v15            vs v44              0.398    0.000     0.421    +0.398     -0.023
v15            vs v45              0.411    0.000     0.420    +0.411     -0.009
v15            vs v46              0.417    0.000     0.414    +0.417     +0.003
v15            vs v8               0.699    0.500     0.690    +0.199     +0.008
v15            vs v9               0.681    0.500     0.649    +0.181     +0.032
v16            vs v17              0.465    0.000     0.470    +0.465     -0.005
v16            vs v18              0.445    0.000     0.470    +0.445     -0.025
v16            vs v19              0.471    0.000     0.449    +0.471     +0.022
v16            vs v20              0.415    0.000     0.441    +0.415     -0.026
v16            vs v21              0.380    0.000     0.436    +0.380     -0.056
v16            vs v22              0.405    0.000     0.415    +0.405     -0.010
v16            vs v44              0.378    0.000     0.409    +0.378     -0.032
v16            vs v45              0.404    0.000     0.408    +0.404     -0.005
v16            vs v46              0.420    0.000     0.403    +0.420     +0.017
v16            vs v8               0.716    0.500     0.680    +0.216     +0.036
v16            vs v9               0.642    0.500     0.638    +0.142     +0.005
v17            vs v18              0.485    0.500     0.500    -0.015     -0.015
v17            vs v19              0.434    0.500     0.479    -0.066     -0.046
v17            vs v20              0.438    0.500     0.471    -0.062     -0.034
v17            vs v21              0.458    0.500     0.466    -0.042     -0.008
v17            vs v22              0.436    0.500     0.445    -0.064     -0.008
v17            vs v44              0.459    0.500     0.439    -0.041     +0.020
v17            vs v45              0.456    0.000     0.438    +0.456     +0.018
v17            vs v46              0.456    0.000     0.432    +0.456     +0.024
v17            vs v8               0.704    1.000     0.706    -0.296     -0.002
v17            vs v9               0.715    1.000     0.665    -0.285     +0.050
v18            vs v19              0.486    0.500     0.479    -0.014     +0.007
v18            vs v20              0.455    0.500     0.471    -0.045     -0.016
v18            vs v21              0.416    0.500     0.465    -0.084     -0.049
v18            vs v22              0.385    0.500     0.444    -0.115     -0.059
v18            vs v44              0.471    0.500     0.438    -0.029     +0.033
v18            vs v45              0.441    0.000     0.437    +0.441     +0.004
v18            vs v46              0.411    0.000     0.432    +0.411     -0.020
v18            vs v8               0.679    1.000     0.705    -0.321     -0.027
v18            vs v9               0.656    1.000     0.665    -0.344     -0.009
v19            vs v20              0.506    0.500     0.492    +0.006     +0.014
v19            vs v21              0.481    0.500     0.486    -0.019     -0.005
v19            vs v22              0.460    0.500     0.465    -0.040     -0.005
v19            vs v44              0.445    0.500     0.459    -0.055     -0.014
v19            vs v45              0.459    0.000     0.458    +0.459     +0.001
v19            vs v46              0.436    0.000     0.452    +0.436     -0.016
v19            vs v8               0.714    1.000     0.723    -0.286     -0.009
v19            vs v9               0.664    1.000     0.683    -0.336     -0.020
v20            vs v21              0.472    0.500     0.494    -0.028     -0.022
v20            vs v22              0.479    0.500     0.473    -0.021     +0.006
v20            vs v44              0.445    0.500     0.467    -0.055     -0.022
v20            vs v45              0.468    0.000     0.466    +0.468     +0.001
v20            vs v46              0.444    0.000     0.461    +0.444     -0.017
v20            vs v8               0.718    1.000     0.729    -0.282     -0.012
v20            vs v9               0.666    1.000     0.690    -0.334     -0.024
v21            vs v22              0.475    0.500     0.479    -0.025     -0.004
v21            vs v44              0.468    0.500     0.473    -0.032     -0.005
v21            vs v45              0.458    0.000     0.472    +0.458     -0.015
v21            vs v46              0.453    0.000     0.466    +0.453     -0.014
v21            vs v8               0.739    1.000     0.734    -0.261     +0.005
v21            vs v9               0.701    1.000     0.695    -0.299     +0.006
v22            vs v44              0.485    0.500     0.494    -0.015     -0.009
v22            vs v45              0.472    0.000     0.493    +0.472     -0.021
v22            vs v46              0.482    0.000     0.487    +0.482     -0.005
v22            vs v8               0.716    1.000     0.750    -0.284     -0.034
v22            vs v9               0.649    1.000     0.713    -0.351     -0.064
v44            vs v45              0.502    0.000     0.499    +0.502     +0.003
v44            vs v46              0.500    0.000     0.493    +0.500     +0.007
v44            vs v8               0.759    1.000     0.754    -0.241     +0.004
v44            vs v9               0.723    1.000     0.718    -0.277     +0.005
v45            vs v46              0.494    0.500     0.494    -0.006     -0.000
v45            vs v8               0.779    1.000     0.755    -0.221     +0.024
v45            vs v9               0.705    1.000     0.718    -0.295     -0.013
v46            vs v8               0.755    1.000     0.759    -0.245     -0.004
v46            vs v9               0.725    1.000     0.723    -0.275     +0.002
v8             vs v9               0.422    0.500     0.453    -0.078     -0.031
------------------------------------------------------------------------------------
                                              RMSE    0.3187     0.0279
  (bipartite RMSE >= combined RMSE → bipartite model not better fit)

Saved to results/elo_full_ladder.json
