=== ELO update: adding v19 ===
Exporting checkpoints to TorchScript ...
  heuristic: built-in heuristic (no export needed)
  Exporting v19 → data/checkpoints/scripted_for_elo/v19_scripted.pt ...
Loaded 120 existing match results from results/elo_full_ladder.json

Match schedule (136 total, 16 new, 120 reused from prior run):
  heuristic vs v4  [reuse]
  heuristic vs v5  [reuse]
  heuristic vs v6  [reuse]
  heuristic vs v7  [reuse]
  heuristic vs v8  [reuse]
  heuristic vs v9  [reuse]
  heuristic vs v10  [reuse]
  heuristic vs v11  [reuse]
  heuristic vs v12  [reuse]
  heuristic vs v13  [reuse]
  heuristic vs v14  [reuse]
  heuristic vs v15  [reuse]
  heuristic vs v16  [reuse]
  heuristic vs v17  [reuse]
  heuristic vs v18  [reuse]
  heuristic vs v19
  v4 vs v5  [reuse]
  v4 vs v6  [reuse]
  v4 vs v7  [reuse]
  v4 vs v8  [reuse]
  v4 vs v9  [reuse]
  v4 vs v10  [reuse]
  v4 vs v11  [reuse]
  v4 vs v12  [reuse]
  v4 vs v13  [reuse]
  v4 vs v14  [reuse]
  v4 vs v15  [reuse]
  v4 vs v16  [reuse]
  v4 vs v17  [reuse]
  v4 vs v18  [reuse]
  v4 vs v19
  v5 vs v6  [reuse]
  v5 vs v7  [reuse]
  v5 vs v8  [reuse]
  v5 vs v9  [reuse]
  v5 vs v10  [reuse]
  v5 vs v11  [reuse]
  v5 vs v12  [reuse]
  v5 vs v13  [reuse]
  v5 vs v14  [reuse]
  v5 vs v15  [reuse]
  v5 vs v16  [reuse]
  v5 vs v17  [reuse]
  v5 vs v18  [reuse]
  v5 vs v19
  v6 vs v7  [reuse]
  v6 vs v8  [reuse]
  v6 vs v9  [reuse]
  v6 vs v10  [reuse]
  v6 vs v11  [reuse]
  v6 vs v12  [reuse]
  v6 vs v13  [reuse]
  v6 vs v14  [reuse]
  v6 vs v15  [reuse]
  v6 vs v16  [reuse]
  v6 vs v17  [reuse]
  v6 vs v18  [reuse]
  v6 vs v19
  v7 vs v8  [reuse]
  v7 vs v9  [reuse]
  v7 vs v10  [reuse]
  v7 vs v11  [reuse]
  v7 vs v12  [reuse]
  v7 vs v13  [reuse]
  v7 vs v14  [reuse]
  v7 vs v15  [reuse]
  v7 vs v16  [reuse]
  v7 vs v17  [reuse]
  v7 vs v18  [reuse]
  v7 vs v19
  v8 vs v9  [reuse]
  v8 vs v10  [reuse]
  v8 vs v11  [reuse]
  v8 vs v12  [reuse]
  v8 vs v13  [reuse]
  v8 vs v14  [reuse]
  v8 vs v15  [reuse]
  v8 vs v16  [reuse]
  v8 vs v17  [reuse]
  v8 vs v18  [reuse]
  v8 vs v19
  v9 vs v10  [reuse]
  v9 vs v11  [reuse]
  v9 vs v12  [reuse]
  v9 vs v13  [reuse]
  v9 vs v14  [reuse]
  v9 vs v15  [reuse]
  v9 vs v16  [reuse]
  v9 vs v17  [reuse]
  v9 vs v18  [reuse]
  v9 vs v19
  v10 vs v11  [reuse]
  v10 vs v12  [reuse]
  v10 vs v13  [reuse]
  v10 vs v14  [reuse]
  v10 vs v15  [reuse]
  v10 vs v16  [reuse]
  v10 vs v17  [reuse]
  v10 vs v18  [reuse]
  v10 vs v19
  v11 vs v12  [reuse]
  v11 vs v13  [reuse]
  v11 vs v14  [reuse]
  v11 vs v15  [reuse]
  v11 vs v16  [reuse]
  v11 vs v17  [reuse]
  v11 vs v18  [reuse]
  v11 vs v19
  v12 vs v13  [reuse]
  v12 vs v14  [reuse]
  v12 vs v15  [reuse]
  v12 vs v16  [reuse]
  v12 vs v17  [reuse]
  v12 vs v18  [reuse]
  v12 vs v19
  v13 vs v14  [reuse]
  v13 vs v15  [reuse]
  v13 vs v16  [reuse]
  v13 vs v17  [reuse]
  v13 vs v18  [reuse]
  v13 vs v19
  v14 vs v15  [reuse]
  v14 vs v16  [reuse]
  v14 vs v17  [reuse]
  v14 vs v18  [reuse]
  v14 vs v19
  v15 vs v16  [reuse]
  v15 vs v17  [reuse]
  v15 vs v18  [reuse]
  v15 vs v19
  v16 vs v17  [reuse]
  v16 vs v18  [reuse]
  v16 vs v19
  v17 vs v18  [reuse]
  v17 vs v19
  v18 vs v19
  [reuse] heuristic 16 - 184 v4  WR(heuristic)=0.080
  [reuse] heuristic 23 - 176 v5  WR(heuristic)=0.115
  [reuse] heuristic 23 - 177 v6  WR(heuristic)=0.115
  [reuse] heuristic 54 - 143 v7  WR(heuristic)=0.270
  [reuse] heuristic 20 - 176 v8  WR(heuristic)=0.100
  [reuse] heuristic 36 - 163 v9  WR(heuristic)=0.180
  [reuse] heuristic 26 - 174 v10  WR(heuristic)=0.130
  [reuse] heuristic 29 - 171 v11  WR(heuristic)=0.145
  [reuse] heuristic 42 - 157 v12  WR(heuristic)=0.210
  [reuse] heuristic 43 - 153 v13  WR(heuristic)=0.215
  [reuse] heuristic 64 - 329 v14  WR(heuristic)=0.160
  [reuse] heuristic 52 - 342 v15  WR(heuristic)=0.130
  [reuse] heuristic 44 - 354 v16  WR(heuristic)=0.110
  [reuse] heuristic 33 - 364 v17  WR(heuristic)=0.083
  [reuse] heuristic 58 - 340 v18  WR(heuristic)=0.145

[new 1/16] heuristic vs v19 (400 games, seed=88000) ...
  heuristic wins: 53  v19 wins: 345  draws: 2  WR(heuristic)=0.133  t=26.7s
  [reuse] v4 89 - 110 v5  WR(v4)=0.445
  [reuse] v4 109 - 88 v6  WR(v4)=0.545
  [reuse] v4 53 - 147 v7  WR(v4)=0.265
  [reuse] v4 57 - 140 v8  WR(v4)=0.285
  [reuse] v4 51 - 146 v9  WR(v4)=0.255
  [reuse] v4 61 - 137 v10  WR(v4)=0.305
  [reuse] v4 72 - 128 v11  WR(v4)=0.360
  [reuse] v4 47 - 152 v12  WR(v4)=0.235
  [reuse] v4 46 - 154 v13  WR(v4)=0.230
  [reuse] v4 82 - 315 v14  WR(v4)=0.205
  [reuse] v4 70 - 327 v15  WR(v4)=0.175
  [reuse] v4 86 - 306 v16  WR(v4)=0.215
  [reuse] v4 66 - 329 v17  WR(v4)=0.165
  [reuse] v4 60 - 335 v18  WR(v4)=0.150

[new 2/16] v4 vs v19 (400 games, seed=88400) ...
  v4 wins: 74  v19 wins: 320  draws: 6  WR(v4)=0.185  t=18.3s
  [reuse] v5 97 - 99 v6  WR(v5)=0.485
  [reuse] v5 42 - 156 v7  WR(v5)=0.210
  [reuse] v5 51 - 148 v8  WR(v5)=0.255
  [reuse] v5 44 - 154 v9  WR(v5)=0.220
  [reuse] v5 64 - 135 v10  WR(v5)=0.320
  [reuse] v5 69 - 130 v11  WR(v5)=0.345
  [reuse] v5 58 - 139 v12  WR(v5)=0.290
  [reuse] v5 44 - 154 v13  WR(v5)=0.220
  [reuse] v5 71 - 324 v14  WR(v5)=0.177
  [reuse] v5 63 - 333 v15  WR(v5)=0.158
  [reuse] v5 71 - 320 v16  WR(v5)=0.177
  [reuse] v5 63 - 334 v17  WR(v5)=0.158
  [reuse] v5 60 - 337 v18  WR(v5)=0.150

[new 3/16] v5 vs v19 (400 games, seed=88800) ...
  v5 wins: 76  v19 wins: 322  draws: 2  WR(v5)=0.190  t=19.7s
  [reuse] v6 54 - 140 v7  WR(v6)=0.270
  [reuse] v6 43 - 156 v8  WR(v6)=0.215
  [reuse] v6 50 - 149 v9  WR(v6)=0.250
  [reuse] v6 54 - 144 v10  WR(v6)=0.270
  [reuse] v6 68 - 129 v11  WR(v6)=0.340
  [reuse] v6 53 - 145 v12  WR(v6)=0.265
  [reuse] v6 49 - 146 v13  WR(v6)=0.245
  [reuse] v6 88 - 308 v14  WR(v6)=0.220
  [reuse] v6 75 - 321 v15  WR(v6)=0.188
  [reuse] v6 83 - 315 v16  WR(v6)=0.207
  [reuse] v6 86 - 314 v17  WR(v6)=0.215
  [reuse] v6 69 - 322 v18  WR(v6)=0.172

[new 4/16] v6 vs v19 (400 games, seed=89200) ...
  v6 wins: 74  v19 wins: 321  draws: 5  WR(v6)=0.185  t=18.8s
  [reuse] v7 47 - 150 v8  WR(v7)=0.235
  [reuse] v7 49 - 148 v9  WR(v7)=0.245
  [reuse] v7 47 - 149 v10  WR(v7)=0.235
  [reuse] v7 39 - 158 v11  WR(v7)=0.195
  [reuse] v7 40 - 158 v12  WR(v7)=0.200
  [reuse] v7 35 - 161 v13  WR(v7)=0.175
  [reuse] v7 73 - 317 v14  WR(v7)=0.182
  [reuse] v7 73 - 326 v15  WR(v7)=0.182
  [reuse] v7 63 - 333 v16  WR(v7)=0.158
  [reuse] v7 72 - 317 v17  WR(v7)=0.180
  [reuse] v7 62 - 333 v18  WR(v7)=0.155

[new 5/16] v7 vs v19 (400 games, seed=89600) ...
  v7 wins: 64  v19 wins: 324  draws: 12  WR(v7)=0.160  t=20.9s
  [reuse] v8 78 - 118 v9  WR(v8)=0.390
  [reuse] v8 82 - 113 v10  WR(v8)=0.410
  [reuse] v8 70 - 116 v11  WR(v8)=0.350
  [reuse] v8 75 - 121 v12  WR(v8)=0.375
  [reuse] v8 73 - 124 v13  WR(v8)=0.365
  [reuse] v8 137 - 247 v14  WR(v8)=0.343
  [reuse] v8 127 - 260 v15  WR(v8)=0.318
  [reuse] v8 122 - 265 v16  WR(v8)=0.305
  [reuse] v8 118 - 271 v17  WR(v8)=0.295
  [reuse] v8 116 - 269 v18  WR(v8)=0.290

[new 6/16] v8 vs v19 (400 games, seed=90000) ...
  v8 wins: 108  v19 wins: 279  draws: 13  WR(v8)=0.270  t=19.1s
  [reuse] v9 95 - 101 v10  WR(v9)=0.475
  [reuse] v9 77 - 121 v11  WR(v9)=0.385
  [reuse] v9 86 - 108 v12  WR(v9)=0.430
  [reuse] v9 82 - 115 v13  WR(v9)=0.410
  [reuse] v9 158 - 229 v14  WR(v9)=0.395
  [reuse] v9 131 - 263 v15  WR(v9)=0.328
  [reuse] v9 145 - 240 v16  WR(v9)=0.362
  [reuse] v9 112 - 274 v17  WR(v9)=0.280
  [reuse] v9 130 - 257 v18  WR(v9)=0.325

[new 7/16] v9 vs v19 (400 games, seed=90400) ...
  v9 wins: 111  v19 wins: 273  draws: 16  WR(v9)=0.278  t=19.5s
  [reuse] v10 91 - 95 v11  WR(v10)=0.455
  [reuse] v10 85 - 111 v12  WR(v10)=0.425
  [reuse] v10 87 - 105 v13  WR(v10)=0.435
  [reuse] v10 149 - 241 v14  WR(v10)=0.372
  [reuse] v10 150 - 234 v15  WR(v10)=0.375
  [reuse] v10 129 - 262 v16  WR(v10)=0.323
  [reuse] v10 145 - 243 v17  WR(v10)=0.362
  [reuse] v10 125 - 256 v18  WR(v10)=0.312

[new 8/16] v10 vs v19 (400 games, seed=90800) ...
  v10 wins: 129  v19 wins: 255  draws: 16  WR(v10)=0.323  t=20.4s
  [reuse] v11 84 - 112 v12  WR(v11)=0.420
  [reuse] v11 99 - 97 v13  WR(v11)=0.495
  [reuse] v11 173 - 212 v14  WR(v11)=0.432
  [reuse] v11 147 - 247 v15  WR(v11)=0.367
  [reuse] v11 140 - 248 v16  WR(v11)=0.350
  [reuse] v11 155 - 231 v17  WR(v11)=0.388
  [reuse] v11 137 - 250 v18  WR(v11)=0.343

[new 9/16] v11 vs v19 (400 games, seed=91200) ...
  v11 wins: 137  v19 wins: 233  draws: 30  WR(v11)=0.343  t=19.5s
  [reuse] v12 94 - 98 v13  WR(v12)=0.470
  [reuse] v12 177 - 209 v14  WR(v12)=0.443
  [reuse] v12 154 - 235 v15  WR(v12)=0.385
  [reuse] v12 153 - 235 v16  WR(v12)=0.383
  [reuse] v12 144 - 242 v17  WR(v12)=0.360
  [reuse] v12 145 - 237 v18  WR(v12)=0.362

[new 10/16] v12 vs v19 (400 games, seed=91600) ...
  v12 wins: 142  v19 wins: 244  draws: 14  WR(v12)=0.355  t=19.5s
  [reuse] v13 192 - 190 v14  WR(v13)=0.480
  [reuse] v13 157 - 229 v15  WR(v13)=0.393
  [reuse] v13 149 - 234 v16  WR(v13)=0.372
  [reuse] v13 177 - 212 v17  WR(v13)=0.443
  [reuse] v13 144 - 246 v18  WR(v13)=0.360

[new 11/16] v13 vs v19 (400 games, seed=92000) ...
  v13 wins: 147  v19 wins: 238  draws: 15  WR(v13)=0.367  t=20.0s
  [reuse] v14 174 - 209 v15  WR(v14)=0.435
  [reuse] v14 179 - 206 v16  WR(v14)=0.448
  [reuse] v14 130 - 252 v17  WR(v14)=0.325
  [reuse] v14 147 - 233 v18  WR(v14)=0.367

[new 12/16] v14 vs v19 (400 games, seed=92400) ...
  v14 wins: 153  v19 wins: 230  draws: 17  WR(v14)=0.383  t=19.1s
  [reuse] v15 162 - 219 v16  WR(v15)=0.405
  [reuse] v15 203 - 176 v17  WR(v15)=0.507
  [reuse] v15 181 - 207 v18  WR(v15)=0.453

[new 13/16] v15 vs v19 (400 games, seed=92800) ...
  v15 wins: 171  v19 wins: 215  draws: 14  WR(v15)=0.427  t=21.2s
  [reuse] v16 183 - 202 v17  WR(v16)=0.458
  [reuse] v16 181 - 200 v18  WR(v16)=0.453

[new 14/16] v16 vs v19 (400 games, seed=93200) ...
  v16 wins: 170  v19 wins: 214  draws: 16  WR(v16)=0.425  t=20.1s
  [reuse] v17 208 - 180 v18  WR(v17)=0.520

[new 15/16] v17 vs v19 (400 games, seed=93600) ...
  v17 wins: 171  v19 wins: 208  draws: 21  WR(v17)=0.427  t=19.5s

[new 16/16] v18 vs v19 (400 games, seed=94000) ...
  v18 wins: 183  v19 wins: 200  draws: 17  WR(v18)=0.458  t=19.7s

Fitting BayesElo ...

Model                   Elo                95% CI   vs anchor
-----------------------------------------------------------------
v19                    2094  [  2085,   2104]  +93
v18                    2088  [  2078,   2097]  +87
v17                    2081  [  2072,   2091]  +80
v16                    2073  [  2063,   2082]  +72
v15                    2067  [  2058,   2077]  +66
v14                    2029  [  2019,   2038]  +28
v13                    2012  [  2002,   2023]  +11
v12                    2001  [  2001,   2001]  +0
v11                    1987  [  1976,   1998]  -14
v10                    1973  [  1962,   1984]  -28
v9                     1965  [  1954,   1976]  -36
v8                     1944  [  1933,   1955]  -57
v7                     1824  [  1812,   1837]  -177
v6                     1815  [  1803,   1827]  -186
v4                     1814  [  1802,   1826]  -187
v5                     1804  [  1792,   1816]  -197
heuristic              1666  [  1651,   1681]  -335

Saved to results/elo_full_ladder.json
