=== ELO incremental placement: v179_sc ===
Exporting checkpoints to TorchScript ...
Loaded 3389 match results from SQL match_cache

Match schedule (36 total, 0 new, 36 reused from prior run):
  v55 vs v54  [reuse]
  v55 vs v44  [reuse]
  v55 vs v45  [reuse]
  v55 vs v14  [reuse]
  v55 vs v160_sc  [reuse]
  v55 vs v141_sc  [reuse]
  v55 vs v46  [reuse]
  v55 vs v179_sc  [reuse]
  v54 vs v44  [reuse]
  v54 vs v45  [reuse]
  v54 vs v14  [reuse]
  v54 vs v160_sc  [reuse]
  v54 vs v141_sc  [reuse]
  v54 vs v46  [reuse]
  v54 vs v179_sc  [reuse]
  v44 vs v45  [reuse]
  v44 vs v14  [reuse]
  v44 vs v160_sc  [reuse]
  v44 vs v141_sc  [reuse]
  v44 vs v46  [reuse]
  v44 vs v179_sc  [reuse]
  v45 vs v14  [reuse]
  v45 vs v160_sc  [reuse]
  v45 vs v141_sc  [reuse]
  v45 vs v46  [reuse]
  v45 vs v179_sc  [reuse]
  v14 vs v160_sc  [reuse]
  v14 vs v141_sc  [reuse]
  v14 vs v46  [reuse]
  v14 vs v179_sc  [reuse]
  v160_sc vs v141_sc  [reuse]
  v160_sc vs v46  [reuse]
  v160_sc vs v179_sc  [reuse]
  v141_sc vs v46  [reuse]
  v141_sc vs v179_sc  [reuse]
  v46 vs v179_sc  [reuse]
  [reuse] v55 209(115u/94s) - 181(102u/79s) v54  draws=10  WR=0.535
  [reuse] v55 201(119u/82s) - 178(110u/68s) v44  draws=21  WR=0.529
  [reuse] v55 206(136u/70s) - 180(123u/57s) v45  draws=14  WR=0.532
  [reuse] v55 255(150u/105s) - 128(88u/40s) v14  draws=17  WR=0.659
  [reuse] v55 176(97u/79s) - 22(20u/2s) v160_sc  draws=2  WR=0.885
  [reuse] v55 148(79u/69s) - 47(31u/16s) v141_sc  draws=5  WR=0.752
  [reuse] v55 201(114u/87s) - 184(107u/77s) v46  draws=15  WR=0.521
  [reuse] v55 178(90u/88s) - 20(12u/8s) v179_sc  draws=2  WR=0.895
  [reuse] v54 222(126u/96s) - 163(99u/64s) v44  draws=15  WR=0.574
  [reuse] v54 194(125u/69s) - 183(121u/62s) v45  draws=23  WR=0.514
  [reuse] v54 254(154u/100s) - 131(95u/36s) v14  draws=15  WR=0.654
  [reuse] v54 174(99u/75s) - 26(25u/1s) v160_sc  draws=0  WR=0.870
  [reuse] v54 159(95u/64s) - 40(35u/5s) v141_sc  draws=1  WR=0.797
  [reuse] v54 181(113u/68s) - 200(120u/80s) v46  draws=19  WR=0.476
  [reuse] v54 173(92u/81s) - 26(19u/7s) v179_sc  draws=1  WR=0.868
  [reuse] v44 194(130u/64s) - 192(130u/62s) v45  draws=14  WR=0.502
  [reuse] v44 239(147u/92s) - 147(100u/47s) v14  draws=14  WR=0.615
  [reuse] v44 167(94u/73s) - 31(25u/6s) v160_sc  draws=2  WR=0.840
  [reuse] v44 140(76u/64s) - 58(35u/23s) v141_sc  draws=2  WR=0.705
  [reuse] v44 190(102u/88s) - 190(101u/89s) v46  draws=20  WR=0.500
  [reuse] v44 173(91u/82s) - 24(18u/6s) v179_sc  draws=3  WR=0.873
  [reuse] v45 226(147u/79s) - 162(115u/47s) v14  draws=12  WR=0.580
  [reuse] v45 172(96u/76s) - 28(24u/4s) v160_sc  draws=0  WR=0.860
  [reuse] v45 140(83u/57s) - 57(41u/16s) v141_sc  draws=3  WR=0.708
  [reuse] v45 189(130u/59s) - 194(137u/57s) v46  draws=17  WR=0.494
  [reuse] v45 171(91u/80s) - 27(20u/7s) v179_sc  draws=2  WR=0.860
  [reuse] v14 161(93u/68s) - 35(30u/5s) v160_sc  draws=4  WR=0.815
  [reuse] v14 106(65u/41s) - 89(59u/30s) v141_sc  draws=5  WR=0.542
  [reuse] v14 139(97u/42s) - 246(151u/95s) v46  draws=15  WR=0.366
  [reuse] v14 168(88u/80s) - 30(20u/10s) v179_sc  draws=2  WR=0.845
  [reuse] v160_sc 47(35u/12s) - 149(87u/62s) v141_sc  draws=4  WR=0.245
  [reuse] v160_sc 26(21u/5s) - 174(95u/79s) v46  draws=0  WR=0.130
  [reuse] v160_sc 54(40u/14s) - 140(83u/57s) v179_sc  draws=6  WR=0.285
  [reuse] v141_sc 52(36u/16s) - 140(79u/61s) v46  draws=8  WR=0.280
  [reuse] v141_sc 169(88u/81s) - 29(19u/10s) v179_sc  draws=2  WR=0.850
  [reuse] v46 170(85u/85s) - 28(15u/13s) v179_sc  draws=2  WR=0.855

Fitting BayesElo (combined) ...
Fitting BayesElo (bipartite per-side, anchor=v14_USSR=2015.0) ...

Model                   Elo    USSR*      US*    Gap                95% CI   vs anchor
  (* bipartite per-side, single anchor: v14_USSR=2015)
----------------------------------------------------------------------------------------
v55                    2130   2099   2043  +55  [  2115,   2144]  +115
v54                    2119   2104   2018  +86  [  2105,   2134]  +104
v46                    2111   2082   2019  +63  [  2096,   2125]  +96
v45                    2097   2126   1952  +174  [  2082,   2111]  +82
v44                    2095   2063   2005  +58  [  2081,   2110]  +80
v14                    2015   2015   1880  +135  [  2015,   2015]  +0
v141_sc                1953   1922   1843  +78  [  1934,   1972]  -62
v179_sc                1774   1701   1692  +9  [  1752,   1797]  -241
v160_sc                1738   1754   1489  +266  [  1714,   1762]  -277

Pair                              Obs WR   Bip WR   Comb WR   Bip err   Comb err
------------------------------------------------------------------------------------
v55            vs v54              0.535    0.514     0.515    +0.021     +0.020
v55            vs v44              0.529    0.552     0.549    -0.023     -0.021
v55            vs v45              0.532    0.541     0.548    -0.008     -0.015
v55            vs v14              0.659    0.660     0.659    -0.001     -0.001
v55            vs v160_sc          0.885    0.906     0.905    -0.021     -0.020
v55            vs v141_sc          0.752    0.741     0.734    +0.012     +0.018
v55            vs v46              0.521    0.529     0.528    -0.008     -0.006
v55            vs v179_sc          0.895    0.895     0.886    +0.000     +0.009
v54            vs v44              0.574    0.537     0.534    +0.037     +0.039
v54            vs v45              0.514    0.527     0.532    -0.013     -0.019
v54            vs v14              0.654    0.644     0.646    +0.010     +0.008
v54            vs v160_sc          0.870    0.896     0.900    -0.026     -0.030
v54            vs v141_sc          0.797    0.726     0.722    +0.071     +0.075
v54            vs v46              0.476    0.514     0.512    -0.038     -0.036
v54            vs v179_sc          0.868    0.888     0.879    -0.020     -0.012
v44            vs v45              0.502    0.493     0.498    +0.009     +0.004
v44            vs v14              0.615    0.613     0.614    +0.002     +0.001
v44            vs v160_sc          0.840    0.887     0.887    -0.047     -0.047
v44            vs v141_sc          0.705    0.699     0.694    +0.006     +0.011
v44            vs v46              0.500    0.477     0.478    +0.023     +0.022
v44            vs v179_sc          0.873    0.873     0.864    -0.000     +0.009
v45            vs v14              0.580    0.608     0.615    -0.028     -0.035
v45            vs v160_sc          0.860    0.866     0.887    -0.006     -0.027
v45            vs v141_sc          0.708    0.690     0.696    +0.018     +0.012
v45            vs v46              0.494    0.486     0.480    +0.008     +0.014
v45            vs v179_sc          0.860    0.866     0.865    -0.006     -0.005
v14            vs v160_sc          0.815    0.814     0.831    +0.001     -0.016
v14            vs v141_sc          0.542    0.585     0.588    -0.042     -0.046
v14            vs v46              0.366    0.367     0.366    -0.000     +0.000
v14            vs v179_sc          0.845    0.801     0.800    +0.044     +0.045
v160_sc        vs v141_sc          0.245    0.225     0.225    +0.020     +0.020
v160_sc        vs v46              0.130    0.105     0.105    +0.025     +0.025
v160_sc        vs v179_sc          0.285    0.408     0.448    -0.123     -0.163
v141_sc        vs v46              0.280    0.283     0.288    -0.003     -0.008
v141_sc        vs v179_sc          0.850    0.741     0.737    +0.109     +0.113
v46            vs v179_sc          0.855    0.883     0.874    -0.028     -0.019
------------------------------------------------------------------------------------
                                              RMSE    0.0363     0.0416
  (bipartite RMSE < combined RMSE → bipartite model better fit)

Saved to results/logs/elo/elo_v179_sc_incremental.json
[sql] Tournament logged: incremental_20260414T021005Z_v14_v141_sc → results/metadata.sqlite3
[confirm] Merged $VERSION into results/elo/elo_full_ladder.json: elo=1774
[Mon Apr 13 19:17:26 2026]
Finished jobid: 0 (Rule: ppo_train_dynamic)
1 of 1 steps (100%) done
Complete log(s): /home/dkord/code/twilight-struggle-ai/.snakemake/log/2026-04-13T190938.480016.snakemake.log
