=== ELO incremental placement: v198_sc ===
Exporting checkpoints to TorchScript ...
Loaded 3765 match results from SQL match_cache

Match schedule (36 total, 0 new, 36 reused from prior run):
  v55 vs v54  [reuse]
  v55 vs v44  [reuse]
  v55 vs v45  [reuse]
  v55 vs v14  [reuse]
  v55 vs v171_sc  [reuse]
  v55 vs v69_sc  [reuse]
  v55 vs v46  [reuse]
  v55 vs v198_sc  [reuse]
  v54 vs v44  [reuse]
  v54 vs v45  [reuse]
  v54 vs v14  [reuse]
  v54 vs v171_sc  [reuse]
  v54 vs v69_sc  [reuse]
  v54 vs v46  [reuse]
  v54 vs v198_sc  [reuse]
  v44 vs v45  [reuse]
  v44 vs v14  [reuse]
  v44 vs v171_sc  [reuse]
  v44 vs v69_sc  [reuse]
  v44 vs v46  [reuse]
  v44 vs v198_sc  [reuse]
  v45 vs v14  [reuse]
  v45 vs v171_sc  [reuse]
  v45 vs v69_sc  [reuse]
  v45 vs v46  [reuse]
  v45 vs v198_sc  [reuse]
  v14 vs v171_sc  [reuse]
  v14 vs v69_sc  [reuse]
  v14 vs v46  [reuse]
  v14 vs v198_sc  [reuse]
  v171_sc vs v69_sc  [reuse]
  v171_sc vs v46  [reuse]
  v171_sc vs v198_sc  [reuse]
  v69_sc vs v46  [reuse]
  v69_sc vs v198_sc  [reuse]
  v46 vs v198_sc  [reuse]
  [reuse] v55 209(115u/94s) - 181(102u/79s) v54  draws=10  WR=0.535
  [reuse] v55 201(119u/82s) - 178(110u/68s) v44  draws=21  WR=0.529
  [reuse] v55 206(136u/70s) - 180(123u/57s) v45  draws=14  WR=0.532
  [reuse] v55 255(150u/105s) - 128(88u/40s) v14  draws=17  WR=0.659
  [reuse] v55 169(92u/77s) - 29(23u/6s) v171_sc  draws=2  WR=0.850
  [reuse] v55 163(88u/75s) - 32(23u/9s) v69_sc  draws=5  WR=0.828
  [reuse] v55 201(114u/87s) - 184(107u/77s) v46  draws=15  WR=0.521
  [reuse] v55 180(94u/86s) - 19(14u/5s) v198_sc  draws=1  WR=0.902
  [reuse] v54 222(126u/96s) - 163(99u/64s) v44  draws=15  WR=0.574
  [reuse] v54 194(125u/69s) - 183(121u/62s) v45  draws=23  WR=0.514
  [reuse] v54 254(154u/100s) - 131(95u/36s) v14  draws=15  WR=0.654
  [reuse] v54 161(89u/72s) - 35(26u/9s) v171_sc  draws=4  WR=0.815
  [reuse] v54 156(88u/68s) - 35(25u/10s) v69_sc  draws=9  WR=0.802
  [reuse] v54 181(113u/68s) - 200(120u/80s) v46  draws=19  WR=0.476
  [reuse] v54 179(95u/84s) - 19(15u/4s) v198_sc  draws=2  WR=0.900
  [reuse] v44 194(130u/64s) - 192(130u/62s) v45  draws=14  WR=0.502
  [reuse] v44 239(147u/92s) - 147(100u/47s) v14  draws=14  WR=0.615
  [reuse] v44 179(97u/82s) - 20(17u/3s) v171_sc  draws=1  WR=0.897
  [reuse] v44 158(81u/77s) - 34(21u/13s) v69_sc  draws=8  WR=0.810
  [reuse] v44 190(102u/88s) - 190(101u/89s) v46  draws=20  WR=0.500
  [reuse] v44 177(97u/80s) - 19(17u/2s) v198_sc  draws=4  WR=0.895
  [reuse] v45 226(147u/79s) - 162(115u/47s) v14  draws=12  WR=0.580
  [reuse] v45 178(94u/84s) - 18(14u/4s) v171_sc  draws=4  WR=0.900
  [reuse] v45 142(79u/63s) - 49(32u/17s) v69_sc  draws=9  WR=0.733
  [reuse] v45 189(130u/59s) - 194(137u/57s) v46  draws=17  WR=0.494
  [reuse] v45 168(96u/72s) - 27(24u/3s) v198_sc  draws=5  WR=0.853
  [reuse] v14 170(89u/81s) - 28(18u/10s) v171_sc  draws=2  WR=0.855
  [reuse] v14 140(77u/63s) - 56(35u/21s) v69_sc  draws=4  WR=0.710
  [reuse] v14 139(97u/42s) - 246(151u/95s) v46  draws=15  WR=0.366
  [reuse] v14 180(98u/82s) - 18(16u/2s) v198_sc  draws=2  WR=0.905
  [reuse] v171_sc 45(32u/13s) - 149(82u/67s) v69_sc  draws=6  WR=0.240
  [reuse] v171_sc 17(9u/8s) - 182(91u/91s) v46  draws=1  WR=0.087
  [reuse] v171_sc 66(48u/18s) - 128(78u/50s) v198_sc  draws=6  WR=0.345
  [reuse] v69_sc 94(63u/31s) - 299(167u/132s) v46  draws=7  WR=0.244
  [reuse] v69_sc 148(76u/72s) - 43(25u/18s) v198_sc  draws=9  WR=0.762
  [reuse] v46 174(95u/79s) - 23(20u/3s) v198_sc  draws=3  WR=0.877

Fitting BayesElo (combined) ...
Fitting BayesElo (bipartite per-side, anchor=v14_USSR=2015.0) ...

Model                   Elo    USSR*      US*    Gap                95% CI   vs anchor
  (* bipartite per-side, single anchor: v14_USSR=2015)
----------------------------------------------------------------------------------------
v55                    2120   2099   2035  +65  [  2105,   2135]  +105
v54                    2107   2090   2016  +74  [  2092,   2122]  +92
v46                    2102   2084   2012  +72  [  2088,   2117]  +87
v44                    2093   2068   2008  +60  [  2078,   2107]  +78
v45                    2088   2123   1949  +175  [  2074,   2103]  +73
v14                    2015   2015   1894  +121  [  2015,   2015]  +0
v69_sc                 1883   1838   1800  +38  [  1864,   1902]  -132
v198_sc                1729   1714   1587  +127  [  1706,   1753]  -286
v171_sc                1702   1684   1555  +129  [  1677,   1727]  -313

Pair                              Obs WR   Bip WR   Comb WR   Bip err   Comb err
------------------------------------------------------------------------------------
v55            vs v54              0.535    0.519     0.519    +0.016     +0.016
v55            vs v44              0.529    0.541     0.539    -0.012     -0.010
v55            vs v45              0.532    0.540     0.546    -0.007     -0.013
v55            vs v14              0.659    0.647     0.647    +0.012     +0.012
v55            vs v171_sc          0.850    0.921     0.917    -0.071     -0.067
v55            vs v69_sc           0.828    0.802     0.797    +0.025     +0.031
v55            vs v46              0.521    0.527     0.525    -0.006     -0.004
v55            vs v198_sc          0.902    0.907     0.904    -0.005     -0.002
v54            vs v44              0.574    0.522     0.520    +0.052     +0.054
v54            vs v45              0.514    0.522     0.527    -0.008     -0.013
v54            vs v14              0.654    0.629     0.629    +0.025     +0.025
v54            vs v171_sc          0.815    0.914     0.911    -0.099     -0.096
v54            vs v69_sc           0.802    0.789     0.784    +0.013     +0.018
v54            vs v46              0.476    0.508     0.507    -0.031     -0.030
v54            vs v198_sc          0.900    0.899     0.898    +0.001     +0.002
v44            vs v45              0.502    0.502     0.507    +0.000     -0.004
v44            vs v14              0.615    0.610     0.610    +0.005     +0.005
v44            vs v171_sc          0.897    0.908     0.905    -0.011     -0.007
v44            vs v69_sc           0.810    0.775     0.770    +0.035     +0.040
v44            vs v46              0.500    0.486     0.486    +0.014     +0.014
v44            vs v198_sc          0.895    0.893     0.890    +0.002     +0.005
v45            vs v14              0.580    0.597     0.604    -0.017     -0.024
v45            vs v171_sc          0.900    0.892     0.902    +0.008     -0.002
v45            vs v69_sc           0.733    0.760     0.765    -0.027     -0.033
v45            vs v46              0.494    0.485     0.480    +0.009     +0.014
v45            vs v198_sc          0.853    0.876     0.887    -0.023     -0.035
v14            vs v171_sc          0.855    0.852     0.858    +0.003     -0.003
v14            vs v69_sc           0.710    0.678     0.682    +0.032     +0.028
v14            vs v46              0.366    0.378     0.377    -0.012     -0.011
v14            vs v198_sc          0.905    0.830     0.838    +0.075     +0.067
v171_sc        vs v69_sc           0.240    0.251     0.261    -0.011     -0.021
v171_sc        vs v46              0.087    0.089     0.091    -0.001     -0.003
v171_sc        vs v198_sc          0.345    0.461     0.461    -0.116     -0.116
v69_sc         vs v46              0.244    0.216     0.220    +0.028     +0.024
v69_sc         vs v198_sc          0.762    0.716     0.707    +0.047     +0.055
v46            vs v198_sc          0.877    0.897     0.895    -0.019     -0.018
------------------------------------------------------------------------------------
                                              RMSE    0.0364     0.0367
  (bipartite RMSE < combined RMSE → bipartite model better fit)

Saved to results/logs/elo/elo_v198_sc_incremental.json
[sql] Tournament logged: incremental_20260414T044449Z_v14_v171_sc → results/metadata.sqlite3
[confirm] Merged $VERSION into results/elo/elo_full_ladder.json: elo=1729
[Mon Apr 13 21:51:46 2026]
Finished jobid: 0 (Rule: ppo_train_dynamic)
1 of 1 steps (100%) done
Complete log(s): /home/dkord/code/twilight-struggle-ai/.snakemake/log/2026-04-13T214417.668987.snakemake.log
