=== ELO incremental placement: v242_sc ===
Exporting checkpoints to TorchScript ...
Loaded 4571 match results from SQL match_cache

Match schedule (36 total, 0 new, 36 reused from prior run):
  v55 vs v54  [reuse]
  v55 vs v44  [reuse]
  v55 vs v45  [reuse]
  v55 vs v14  [reuse]
  v55 vs v230_sc  [reuse]
  v55 vs v225_sc  [reuse]
  v55 vs v46  [reuse]
  v55 vs v242_sc  [reuse]
  v54 vs v44  [reuse]
  v54 vs v45  [reuse]
  v54 vs v14  [reuse]
  v54 vs v230_sc  [reuse]
  v54 vs v225_sc  [reuse]
  v54 vs v46  [reuse]
  v54 vs v242_sc  [reuse]
  v44 vs v45  [reuse]
  v44 vs v14  [reuse]
  v44 vs v230_sc  [reuse]
  v44 vs v225_sc  [reuse]
  v44 vs v46  [reuse]
  v44 vs v242_sc  [reuse]
  v45 vs v14  [reuse]
  v45 vs v230_sc  [reuse]
  v45 vs v225_sc  [reuse]
  v45 vs v46  [reuse]
  v45 vs v242_sc  [reuse]
  v14 vs v230_sc  [reuse]
  v14 vs v225_sc  [reuse]
  v14 vs v46  [reuse]
  v14 vs v242_sc  [reuse]
  v230_sc vs v225_sc  [reuse]
  v230_sc vs v46  [reuse]
  v230_sc vs v242_sc  [reuse]
  v225_sc vs v46  [reuse]
  v225_sc vs v242_sc  [reuse]
  v46 vs v242_sc  [reuse]
  [reuse] v55 209(115u/94s) - 181(102u/79s) v54  draws=10  WR=0.535
  [reuse] v55 201(119u/82s) - 178(110u/68s) v44  draws=21  WR=0.529
  [reuse] v55 206(136u/70s) - 180(123u/57s) v45  draws=14  WR=0.532
  [reuse] v55 255(150u/105s) - 128(88u/40s) v14  draws=17  WR=0.659
  [reuse] v55 171(94u/77s) - 28(23u/5s) v230_sc  draws=1  WR=0.858
  [reuse] v55 178(90u/88s) - 21(12u/9s) v225_sc  draws=1  WR=0.892
  [reuse] v55 201(114u/87s) - 184(107u/77s) v46  draws=15  WR=0.521
  [reuse] v55 161(91u/70s) - 37(29u/8s) v242_sc  draws=2  WR=0.810
  [reuse] v54 222(126u/96s) - 163(99u/64s) v44  draws=15  WR=0.574
  [reuse] v54 194(125u/69s) - 183(121u/62s) v45  draws=23  WR=0.514
  [reuse] v54 254(154u/100s) - 131(95u/36s) v14  draws=15  WR=0.654
  [reuse] v54 175(92u/83s) - 25(17u/8s) v230_sc  draws=0  WR=0.875
  [reuse] v54 169(91u/78s) - 28(21u/7s) v225_sc  draws=3  WR=0.853
  [reuse] v54 181(113u/68s) - 200(120u/80s) v46  draws=19  WR=0.476
  [reuse] v54 181(98u/83s) - 18(17u/1s) v242_sc  draws=1  WR=0.907
  [reuse] v44 194(130u/64s) - 192(130u/62s) v45  draws=14  WR=0.502
  [reuse] v44 239(147u/92s) - 147(100u/47s) v14  draws=14  WR=0.615
  [reuse] v44 171(94u/77s) - 27(22u/5s) v230_sc  draws=2  WR=0.860
  [reuse] v44 170(92u/78s) - 28(22u/6s) v225_sc  draws=2  WR=0.855
  [reuse] v44 190(102u/88s) - 190(101u/89s) v46  draws=20  WR=0.500
  [reuse] v44 177(93u/84s) - 23(16u/7s) v242_sc  draws=0  WR=0.885
  [reuse] v45 226(147u/79s) - 162(115u/47s) v14  draws=12  WR=0.580
  [reuse] v45 172(89u/83s) - 25(15u/10s) v230_sc  draws=3  WR=0.868
  [reuse] v45 170(92u/78s) - 27(22u/5s) v225_sc  draws=3  WR=0.858
  [reuse] v45 189(130u/59s) - 194(137u/57s) v46  draws=17  WR=0.494
  [reuse] v45 171(96u/75s) - 28(24u/4s) v242_sc  draws=1  WR=0.858
  [reuse] v14 161(88u/73s) - 35(27u/8s) v230_sc  draws=4  WR=0.815
  [reuse] v14 155(86u/69s) - 39(26u/13s) v225_sc  draws=6  WR=0.790
  [reuse] v14 139(97u/42s) - 246(151u/95s) v46  draws=15  WR=0.366
  [reuse] v14 159(91u/68s) - 40(31u/9s) v242_sc  draws=1  WR=0.797
  [reuse] v230_sc 78(39u/39s) - 122(61u/61s) v225_sc  draws=0  WR=0.390
  [reuse] v230_sc 23(14u/9s) - 176(90u/86s) v46  draws=1  WR=0.117
  [reuse] v230_sc 85(40u/45s) - 109(52u/57s) v242_sc  draws=6  WR=0.440
  [reuse] v225_sc 34(21u/13s) - 162(84u/78s) v46  draws=4  WR=0.180
  [reuse] v225_sc 108(57u/51s) - 89(49u/40s) v242_sc  draws=3  WR=0.547
  [reuse] v46 170(89u/81s) - 28(19u/9s) v242_sc  draws=2  WR=0.855

Fitting BayesElo (combined) ...
Fitting BayesElo (bipartite per-side, anchor=v14_USSR=2015.0) ...

Model                   Elo    USSR*      US*    Gap                95% CI   vs anchor
  (* bipartite per-side, single anchor: v14_USSR=2015)
----------------------------------------------------------------------------------------
v55                    2122   2094   2026  +68  [  2107,   2137]  +107
v54                    2116   2090   2017  +73  [  2101,   2130]  +101
v46                    2107   2074   2014  +60  [  2093,   2122]  +92
v45                    2096   2122   1948  +174  [  2081,   2110]  +81
v44                    2095   2065   1998  +67  [  2081,   2110]  +80
v14                    2015   2015   1873  +142  [  2015,   2015]  +0
v225_sc                1802   1741   1714  +27  [  1781,   1823]  -213
v242_sc                1782   1742   1666  +76  [  1760,   1804]  -233
v230_sc                1754   1691   1666  +25  [  1731,   1776]  -261

Pair                              Obs WR   Bip WR   Comb WR   Bip err   Comb err
------------------------------------------------------------------------------------
v55            vs v54              0.535    0.509     0.509    +0.026     +0.026
v55            vs v44              0.529    0.540     0.538    -0.011     -0.009
v55            vs v45              0.532    0.532     0.538    +0.000     -0.005
v55            vs v14              0.659    0.648     0.649    +0.010     +0.010
v55            vs v230_sc          0.858    0.897     0.893    -0.040     -0.035
v55            vs v225_sc          0.892    0.868     0.863    +0.024     +0.029
v55            vs v46              0.521    0.523     0.521    -0.001     +0.000
v55            vs v242_sc          0.810    0.879     0.876    -0.069     -0.066
v54            vs v44              0.574    0.531     0.529    +0.043     +0.045
v54            vs v45              0.514    0.524     0.529    -0.010     -0.015
v54            vs v14              0.654    0.640     0.641    +0.014     +0.013
v54            vs v230_sc          0.875    0.893     0.889    -0.018     -0.014
v54            vs v225_sc          0.853    0.864     0.859    -0.011     -0.006
v54            vs v46              0.476    0.514     0.512    -0.037     -0.036
v54            vs v242_sc          0.907    0.875     0.872    +0.033     +0.035
v44            vs v45              0.502    0.495     0.499    +0.007     +0.003
v44            vs v14              0.615    0.613     0.614    +0.002     +0.001
v44            vs v230_sc          0.860    0.881     0.877    -0.021     -0.017
v44            vs v225_sc          0.855    0.848     0.844    +0.007     +0.011
v44            vs v46              0.500    0.483     0.483    +0.017     +0.017
v44            vs v242_sc          0.885    0.861     0.858    +0.024     +0.027
v45            vs v14              0.580    0.606     0.614    -0.026     -0.034
v45            vs v230_sc          0.868    0.873     0.877    -0.006     -0.010
v45            vs v225_sc          0.858    0.840     0.845    +0.018     +0.013
v45            vs v46              0.494    0.489     0.483    +0.005     +0.010
v45            vs v242_sc          0.858    0.849     0.859    +0.008     -0.001
v14            vs v230_sc          0.815    0.811     0.818    +0.004     -0.003
v14            vs v225_sc          0.790    0.765     0.773    +0.025     +0.017
v14            vs v46              0.366    0.371     0.370    -0.004     -0.004
v14            vs v242_sc          0.797    0.781     0.792    +0.017     +0.005
v230_sc        vs v225_sc          0.390    0.430     0.431    -0.040     -0.041
v230_sc        vs v46              0.117    0.111     0.116    +0.006     +0.002
v230_sc        vs v242_sc          0.440    0.465     0.459    -0.025     -0.019
v225_sc        vs v46              0.180    0.142     0.147    +0.038     +0.033
v225_sc        vs v242_sc          0.547    0.533     0.528    +0.014     +0.019
v46            vs v242_sc          0.855    0.870     0.867    -0.015     -0.012
------------------------------------------------------------------------------------
                                              RMSE    0.0239     0.0233
  (bipartite RMSE >= combined RMSE → bipartite model not better fit)

Saved to results/logs/elo/elo_v242_sc_incremental.json
[sql] Tournament logged: incremental_20260414T143844Z_v14_v225_sc → results/metadata.sqlite3
[confirm] Merged $VERSION into results/elo/elo_full_ladder.json: elo=1782
[Tue Apr 14 07:46:24 2026]
Finished jobid: 0 (Rule: ppo_train_dynamic)
1 of 1 steps (100%) done
Complete log(s): /home/dkord/code/twilight-struggle-ai/.snakemake/log/2026-04-14T073819.182288.snakemake.log
