=== ELO update: adding v27 ===
Exporting checkpoints to TorchScript ...
  heuristic: built-in heuristic (no export needed)
Loaded 29 match results from cache results/matches/

Match schedule (136 total, 120 new, 16 reused from prior run):
  heuristic vs v10  [reuse]
  heuristic vs v11
  heuristic vs v12  [reuse]
  heuristic vs v13
  heuristic vs v14  [reuse]
  heuristic vs v15
  heuristic vs v16
  heuristic vs v17
  heuristic vs v18
  heuristic vs v19  [reuse]
  heuristic vs v20
  heuristic vs v21
  heuristic vs v22  [reuse]
  heuristic vs v27
  heuristic vs v8  [reuse]
  heuristic vs v9
  v10 vs v11
  v10 vs v12
  v10 vs v13
  v10 vs v14
  v10 vs v15
  v10 vs v16
  v10 vs v17
  v10 vs v18
  v10 vs v19
  v10 vs v20
  v10 vs v21
  v10 vs v22
  v10 vs v27
  v10 vs v8
  v10 vs v9
  v11 vs v12
  v11 vs v13
  v11 vs v14
  v11 vs v15
  v11 vs v16
  v11 vs v17
  v11 vs v18
  v11 vs v19
  v11 vs v20
  v11 vs v21
  v11 vs v22
  v11 vs v27
  v11 vs v8
  v11 vs v9
  v12 vs v13
  v12 vs v14  [reuse]
  v12 vs v15
  v12 vs v16
  v12 vs v17
  v12 vs v18
  v12 vs v19  [reuse]
  v12 vs v20
  v12 vs v21
  v12 vs v22  [reuse]
  v12 vs v27
  v12 vs v8  [reuse]
  v12 vs v9
  v13 vs v14
  v13 vs v15
  v13 vs v16
  v13 vs v17
  v13 vs v18
  v13 vs v19
  v13 vs v20
  v13 vs v21
  v13 vs v22
  v13 vs v27
  v13 vs v8
  v13 vs v9
  v14 vs v15
  v14 vs v16
  v14 vs v17
  v14 vs v18
  v14 vs v19  [reuse]
  v14 vs v20
  v14 vs v21
  v14 vs v22  [reuse]
  v14 vs v27
  v14 vs v8  [reuse]
  v14 vs v9
  v15 vs v16
  v15 vs v17
  v15 vs v18
  v15 vs v19
  v15 vs v20
  v15 vs v21
  v15 vs v22
  v15 vs v27
  v15 vs v8
  v15 vs v9
  v16 vs v17
  v16 vs v18
  v16 vs v19
  v16 vs v20
  v16 vs v21
  v16 vs v22
  v16 vs v27
  v16 vs v8
  v16 vs v9
  v17 vs v18
  v17 vs v19
  v17 vs v20
  v17 vs v21
  v17 vs v22
  v17 vs v27
  v17 vs v8
  v17 vs v9
  v18 vs v19
  v18 vs v20
  v18 vs v21
  v18 vs v22
  v18 vs v27
  v18 vs v8
  v18 vs v9
  v19 vs v20
  v19 vs v21
  v19 vs v22  [reuse]
  v19 vs v27
  v19 vs v8  [reuse]
  v19 vs v9
  v20 vs v21
  v20 vs v22
  v20 vs v27
  v20 vs v8
  v20 vs v9
  v21 vs v22
  v21 vs v27
  v21 vs v8
  v21 vs v9
  v22 vs v27
  v22 vs v8  [reuse]
  v22 vs v9
  v27 vs v8
  v27 vs v9
  v8 vs v9
  [reuse] heuristic 45(37u/8s) - 351(192u/159s) v10  draws=4  WR=0.117

[new 1/120] heuristic vs v11 (400 games = 200/side, seed=88000) ...
  heuristic: 69(60u/9s)  v11: 327(191u/136s)  draws: 4  WR(heuristic)=0.177  t=27.2s
  [reuse] heuristic 42(21u/21s) - 157(78u/79s) v12  draws=1  WR=0.212

[new 2/120] heuristic vs v13 (400 games = 200/side, seed=88400) ...
  heuristic: 84(73u/11s)  v13: 308(188u/120s)  draws: 8  WR(heuristic)=0.220  t=30.4s
  [reuse] heuristic 64(32u/32s) - 329(164u/165s) v14  draws=7  WR=0.169

[new 3/120] heuristic vs v15 (400 games = 200/side, seed=88800) ...
  heuristic: 37(30u/7s)  v15: 360(191u/169s)  draws: 3  WR(heuristic)=0.096  t=27.0s

[new 4/120] heuristic vs v16 (400 games = 200/side, seed=89200) ...
  heuristic: 59(50u/9s)  v16: 339(190u/149s)  draws: 2  WR(heuristic)=0.150  t=25.2s

[new 5/120] heuristic vs v17 (400 games = 200/side, seed=89600) ...
  heuristic: 43(37u/6s)  v17: 353(192u/161s)  draws: 4  WR(heuristic)=0.113  t=36.0s

[new 6/120] heuristic vs v18 (400 games = 200/side, seed=90000) ...
  heuristic: 33(32u/1s)  v18: 362(198u/164s)  draws: 5  WR(heuristic)=0.089  t=40.7s
  [reuse] heuristic 53(26u/27s) - 345(172u/173s) v19  draws=2  WR=0.135

[new 7/120] heuristic vs v20 (400 games = 200/side, seed=90400) ...
  heuristic: 47(34u/13s)  v20: 351(186u/165s)  draws: 2  WR(heuristic)=0.120  t=42.4s

[new 8/120] heuristic vs v21 (400 games = 200/side, seed=90800) ...
  heuristic: 47(44u/3s)  v21: 349(197u/152s)  draws: 4  WR(heuristic)=0.122  t=43.5s
  [reuse] heuristic 45(22u/23s) - 350(175u/175s) v22  draws=5  WR=0.119

[new 9/120] heuristic vs v27 (400 games = 200/side, seed=91200) ...
  heuristic: 119(69u/50s)  v27: 278(150u/128s)  draws: 3  WR(heuristic)=0.301  t=37.1s
  [reuse] heuristic 20(10u/10s) - 176(88u/88s) v8  draws=4  WR=0.110

[new 10/120] heuristic vs v9 (400 games = 200/side, seed=91600) ...
  heuristic: 76(64u/12s)  v9: 317(187u/130s)  draws: 7  WR(heuristic)=0.199  t=43.5s

[new 11/120] v10 vs v11 (400 games = 200/side, seed=92000) ...
  v10: 157(117u/40s)  v11: 230(154u/76s)  draws: 13  WR(v10)=0.409  t=34.5s

[new 12/120] v10 vs v12 (400 games = 200/side, seed=92400) ...
  v10: 149(114u/35s)  v12: 235(159u/76s)  draws: 16  WR(v10)=0.393  t=35.9s

[new 13/120] v10 vs v13 (400 games = 200/side, seed=92800) ...
