=== ELO incremental placement: v222_sc ===
Exporting checkpoints to TorchScript ...
Loaded 4177 match results from SQL match_cache

Match schedule (36 total, 0 new, 36 reused from prior run):
  v55 vs v54  [reuse]
  v55 vs v44  [reuse]
  v55 vs v45  [reuse]
  v55 vs v14  [reuse]
  v55 vs v221_sc  [reuse]
  v55 vs v212_sc  [reuse]
  v55 vs v46  [reuse]
  v55 vs v222_sc  [reuse]
  v54 vs v44  [reuse]
  v54 vs v45  [reuse]
  v54 vs v14  [reuse]
  v54 vs v221_sc  [reuse]
  v54 vs v212_sc  [reuse]
  v54 vs v46  [reuse]
  v54 vs v222_sc  [reuse]
  v44 vs v45  [reuse]
  v44 vs v14  [reuse]
  v44 vs v221_sc  [reuse]
  v44 vs v212_sc  [reuse]
  v44 vs v46  [reuse]
  v44 vs v222_sc  [reuse]
  v45 vs v14  [reuse]
  v45 vs v221_sc  [reuse]
  v45 vs v212_sc  [reuse]
  v45 vs v46  [reuse]
  v45 vs v222_sc  [reuse]
  v14 vs v221_sc  [reuse]
  v14 vs v212_sc  [reuse]
  v14 vs v46  [reuse]
  v14 vs v222_sc  [reuse]
  v221_sc vs v212_sc  [reuse]
  v221_sc vs v46  [reuse]
  v221_sc vs v222_sc  [reuse]
  v212_sc vs v46  [reuse]
  v212_sc vs v222_sc  [reuse]
  v46 vs v222_sc  [reuse]
  [reuse] v55 209(115u/94s) - 181(102u/79s) v54  draws=10  WR=0.535
  [reuse] v55 201(119u/82s) - 178(110u/68s) v44  draws=21  WR=0.529
  [reuse] v55 206(136u/70s) - 180(123u/57s) v45  draws=14  WR=0.532
  [reuse] v55 255(150u/105s) - 128(88u/40s) v14  draws=17  WR=0.659
  [reuse] v55 172(96u/76s) - 28(24u/4s) v221_sc  draws=0  WR=0.860
  [reuse] v55 160(89u/71s) - 38(28u/10s) v212_sc  draws=2  WR=0.805
  [reuse] v55 201(114u/87s) - 184(107u/77s) v46  draws=15  WR=0.521
  [reuse] v55 175(93u/82s) - 23(18u/5s) v222_sc  draws=2  WR=0.880
  [reuse] v54 222(126u/96s) - 163(99u/64s) v44  draws=15  WR=0.574
  [reuse] v54 194(125u/69s) - 183(121u/62s) v45  draws=23  WR=0.514
  [reuse] v54 254(154u/100s) - 131(95u/36s) v14  draws=15  WR=0.654
  [reuse] v54 176(98u/78s) - 24(22u/2s) v221_sc  draws=0  WR=0.880
  [reuse] v54 167(91u/76s) - 29(24u/5s) v212_sc  draws=4  WR=0.845
  [reuse] v54 181(113u/68s) - 200(120u/80s) v46  draws=19  WR=0.476
  [reuse] v54 170(89u/81s) - 29(19u/10s) v222_sc  draws=1  WR=0.853
  [reuse] v44 194(130u/64s) - 192(130u/62s) v45  draws=14  WR=0.502
  [reuse] v44 239(147u/92s) - 147(100u/47s) v14  draws=14  WR=0.615
  [reuse] v44 175(96u/79s) - 23(21u/2s) v221_sc  draws=2  WR=0.880
  [reuse] v44 163(87u/76s) - 36(24u/12s) v212_sc  draws=1  WR=0.818
  [reuse] v44 190(102u/88s) - 190(101u/89s) v46  draws=20  WR=0.500
  [reuse] v44 167(88u/79s) - 30(20u/10s) v222_sc  draws=3  WR=0.843
  [reuse] v45 226(147u/79s) - 162(115u/47s) v14  draws=12  WR=0.580
  [reuse] v45 175(98u/77s) - 25(23u/2s) v221_sc  draws=0  WR=0.875
  [reuse] v45 164(83u/81s) - 30(17u/13s) v212_sc  draws=6  WR=0.835
  [reuse] v45 189(130u/59s) - 194(137u/57s) v46  draws=17  WR=0.494
  [reuse] v45 177(94u/83s) - 23(17u/6s) v222_sc  draws=0  WR=0.885
  [reuse] v14 174(95u/79s) - 25(20u/5s) v221_sc  draws=1  WR=0.873
  [reuse] v14 156(83u/73s) - 39(25u/14s) v212_sc  draws=5  WR=0.792
  [reuse] v14 139(97u/42s) - 246(151u/95s) v46  draws=15  WR=0.366
  [reuse] v14 156(88u/68s) - 37(28u/9s) v222_sc  draws=7  WR=0.797
  [reuse] v221_sc 53(29u/24s) - 145(74u/71s) v212_sc  draws=2  WR=0.270
  [reuse] v221_sc 27(24u/3s) - 171(95u/76s) v46  draws=2  WR=0.140
  [reuse] v221_sc 75(44u/31s) - 118(67u/51s) v222_sc  draws=7  WR=0.393
  [reuse] v212_sc 37(23u/14s) - 163(86u/77s) v46  draws=0  WR=0.185
  [reuse] v212_sc 89(51u/38s) - 108(61u/47s) v222_sc  draws=3  WR=0.453
  [reuse] v46 159(83u/76s) - 38(23u/15s) v222_sc  draws=3  WR=0.802

Fitting BayesElo (combined) ...
Fitting BayesElo (bipartite per-side, anchor=v14_USSR=2015.0) ...

Model                   Elo    USSR*      US*    Gap                95% CI   vs anchor
  (* bipartite per-side, single anchor: v14_USSR=2015)
----------------------------------------------------------------------------------------
v55                    2117   2097   2024  +73  [  2102,   2132]  +102
v54                    2109   2090   2014  +76  [  2094,   2123]  +94
v46                    2099   2076   2006  +69  [  2084,   2114]  +84
v45                    2093   2120   1955  +165  [  2078,   2107]  +78
v44                    2089   2061   1998  +63  [  2074,   2103]  +74
v14                    2015   2015   1886  +129  [  2015,   2015]  +0
v212_sc                1822   1763   1742  +20  [  1801,   1842]  -193
v222_sc                1803   1752   1711  +41  [  1781,   1824]  -212
v221_sc                1724   1720   1549  +172  [  1700,   1747]  -291

Pair                              Obs WR   Bip WR   Comb WR   Bip err   Comb err
------------------------------------------------------------------------------------
v55            vs v54              0.535    0.512     0.512    +0.023     +0.023
v55            vs v44              0.529    0.543     0.541    -0.014     -0.012
v55            vs v45              0.532    0.530     0.535    +0.002     -0.003
v55            vs v14              0.659    0.642     0.643    +0.016     +0.016
v55            vs v221_sc          0.860    0.906     0.906    -0.046     -0.046
v55            vs v212_sc          0.805    0.852     0.846    -0.047     -0.041
v55            vs v46              0.521    0.528     0.526    -0.006     -0.005
v55            vs v222_sc          0.880    0.865     0.859    +0.015     +0.021
v54            vs v44              0.574    0.531     0.529    +0.043     +0.045
v54            vs v45              0.514    0.519     0.523    -0.005     -0.010
v54            vs v14              0.654    0.631     0.632    +0.023     +0.022
v54            vs v221_sc          0.880    0.901     0.902    -0.021     -0.022
v54            vs v212_sc          0.845    0.845     0.839    -0.000     +0.006
v54            vs v46              0.476    0.515     0.514    -0.039     -0.038
v54            vs v222_sc          0.853    0.859     0.853    -0.006     -0.001
v44            vs v45              0.502    0.490     0.494    +0.012     +0.008
v44            vs v14              0.615    0.604     0.604    +0.011     +0.011
v44            vs v221_sc          0.880    0.891     0.891    -0.011     -0.011
v44            vs v212_sc          0.818    0.829     0.823    -0.011     -0.005
v44            vs v46              0.500    0.485     0.485    +0.015     +0.015
v44            vs v222_sc          0.843    0.844     0.838    -0.001     +0.004
v45            vs v14              0.580    0.604     0.610    -0.024     -0.030
v45            vs v221_sc          0.875    0.879     0.893    -0.004     -0.018
v45            vs v212_sc          0.835    0.825     0.826    +0.010     +0.009
v45            vs v46              0.494    0.495     0.491    -0.002     +0.003
v45            vs v222_sc          0.885    0.838     0.841    +0.047     +0.044
v14            vs v221_sc          0.873    0.829     0.842    +0.043     +0.030
v14            vs v212_sc          0.792    0.749     0.753    +0.043     +0.040
v14            vs v46              0.366    0.382     0.381    -0.016     -0.015
v14            vs v222_sc          0.797    0.768     0.772    +0.029     +0.025
v221_sc        vs v212_sc          0.270    0.347     0.363    -0.077     -0.093
v221_sc        vs v46              0.140    0.104     0.103    +0.036     +0.037
v221_sc        vs v222_sc          0.393    0.375     0.388    +0.018     +0.004
v212_sc        vs v46              0.185    0.163     0.168    +0.022     +0.017
v212_sc        vs v222_sc          0.453    0.530     0.527    -0.077     -0.075
v46            vs v222_sc          0.802    0.851     0.846    -0.049     -0.044
------------------------------------------------------------------------------------
                                              RMSE    0.0311     0.0310
  (bipartite RMSE >= combined RMSE → bipartite model not better fit)

Saved to results/logs/elo/elo_v222_sc_incremental.json
[sql] Tournament logged: incremental_20260414T114145Z_v14_v212_sc → results/metadata.sqlite3
[confirm] Merged $VERSION into results/elo/elo_full_ladder.json: elo=1803
[Tue Apr 14 04:49:15 2026]
Finished jobid: 0 (Rule: ppo_train_dynamic)
1 of 1 steps (100%) done
Complete log(s): /home/dkord/code/twilight-struggle-ai/.snakemake/log/2026-04-14T044109.622423.snakemake.log
