=== ELO incremental placement: v127_sc ===
Exporting checkpoints to TorchScript ...
Loaded 2522 match results from SQL match_cache

Match schedule (36 total, 8 new, 28 reused from prior run):
  v55 vs v54  [reuse]
  v55 vs v44  [reuse]
  v55 vs v45  [reuse]
  v55 vs v14  [reuse]
  v55 vs v53  [reuse]
  v55 vs v74_sc  [reuse]
  v55 vs v46  [reuse]
  v55 vs v127_sc
  v54 vs v44  [reuse]
  v54 vs v45  [reuse]
  v54 vs v14  [reuse]
  v54 vs v53  [reuse]
  v54 vs v74_sc  [reuse]
  v54 vs v46  [reuse]
  v54 vs v127_sc
  v44 vs v45  [reuse]
  v44 vs v14  [reuse]
  v44 vs v53  [reuse]
  v44 vs v74_sc  [reuse]
  v44 vs v46  [reuse]
  v44 vs v127_sc
  v45 vs v14  [reuse]
  v45 vs v53  [reuse]
  v45 vs v74_sc  [reuse]
  v45 vs v46  [reuse]
  v45 vs v127_sc
  v14 vs v53  [reuse]
  v14 vs v74_sc  [reuse]
  v14 vs v46  [reuse]
  v14 vs v127_sc
  v53 vs v74_sc  [reuse]
  v53 vs v46  [reuse]
  v53 vs v127_sc
  v74_sc vs v46  [reuse]
  v74_sc vs v127_sc
  v46 vs v127_sc
  [reuse] v55 209(115u/94s) - 181(102u/79s) v54  draws=10  WR=0.535
  [reuse] v55 201(119u/82s) - 178(110u/68s) v44  draws=21  WR=0.529
  [reuse] v55 206(136u/70s) - 180(123u/57s) v45  draws=14  WR=0.532
  [reuse] v55 255(150u/105s) - 128(88u/40s) v14  draws=17  WR=0.659
  [reuse] v55 249(133u/116s) - 137(78u/59s) v53  draws=14  WR=0.640
  [reuse] v55 118(65u/53s) - 76(45u/31s) v74_sc  draws=6  WR=0.605
  [reuse] v55 201(114u/87s) - 184(107u/77s) v46  draws=15  WR=0.521

[new 1/8] v55 vs v127_sc (200 games = 100/side, seed=88000) ...
  v55: 184(98u/86s)  v127_sc: 16(14u/2s)  draws: 0  WR(v55)=0.920  t=6.8s
  [reuse] v54 222(126u/96s) - 163(99u/64s) v44  draws=15  WR=0.574
  [reuse] v54 194(125u/69s) - 183(121u/62s) v45  draws=23  WR=0.514
  [reuse] v54 254(154u/100s) - 131(95u/36s) v14  draws=15  WR=0.654
  [reuse] v54 241(147u/94s) - 145(102u/43s) v53  draws=14  WR=0.620
  [reuse] v54 119(71u/48s) - 75(49u/26s) v74_sc  draws=6  WR=0.610
  [reuse] v54 181(113u/68s) - 200(120u/80s) v46  draws=19  WR=0.476

[new 2/8] v54 vs v127_sc (200 games = 100/side, seed=88200) ...
  v54: 181(97u/84s)  v127_sc: 19(16u/3s)  draws: 0  WR(v54)=0.905  t=7.0s
  [reuse] v44 194(130u/64s) - 192(130u/62s) v45  draws=14  WR=0.502
  [reuse] v44 239(147u/92s) - 147(100u/47s) v14  draws=14  WR=0.615
  [reuse] v44 254(139u/115s) - 134(80u/54s) v53  draws=12  WR=0.650
  [reuse] v44 112(60u/52s) - 77(43u/34s) v74_sc  draws=11  WR=0.588
  [reuse] v44 190(102u/88s) - 190(101u/89s) v46  draws=20  WR=0.500

[new 3/8] v44 vs v127_sc (200 games = 100/side, seed=88400) ...
  v44: 180(99u/81s)  v127_sc: 20(19u/1s)  draws: 0  WR(v44)=0.900  t=7.0s
  [reuse] v45 226(147u/79s) - 162(115u/47s) v14  draws=12  WR=0.580
  [reuse] v45 240(141u/99s) - 143(93u/50s) v53  draws=17  WR=0.621
  [reuse] v45 114(61u/53s) - 84(47u/37s) v74_sc  draws=2  WR=0.575
  [reuse] v45 189(130u/59s) - 194(137u/57s) v46  draws=17  WR=0.494

[new 4/8] v45 vs v127_sc (200 games = 100/side, seed=88600) ...
  v45: 178(99u/79s)  v127_sc: 22(21u/1s)  draws: 0  WR(v45)=0.890  t=7.0s
  [reuse] v14 222(130u/92s) - 164(101u/63s) v53  draws=14  WR=0.573
  [reuse] v14 97(63u/34s) - 99(64u/35s) v74_sc  draws=4  WR=0.495
  [reuse] v14 139(97u/42s) - 246(151u/95s) v46  draws=15  WR=0.366

[new 5/8] v14 vs v127_sc (200 games = 100/side, seed=88800) ...
  v14: 187(99u/88s)  v127_sc: 13(12u/1s)  draws: 0  WR(v14)=0.935  t=7.6s
  [reuse] v53 163(91u/72s) - 220(122u/98s) v74_sc  draws=17  WR=0.429
  [reuse] v53 137(87u/50s) - 246(141u/105s) v46  draws=17  WR=0.364

[new 6/8] v53 vs v127_sc (200 games = 100/side, seed=89000) ...
  v53: 190(97u/93s)  v127_sc: 10(7u/3s)  draws: 0  WR(v53)=0.950  t=9.2s
  [reuse] v74_sc 152(93u/59s) - 226(130u/96s) v46  draws=22  WR=0.407

[new 7/8] v74_sc vs v127_sc (200 games = 100/side, seed=89200) ...
  v74_sc: 179(93u/86s)  v127_sc: 20(13u/7s)  draws: 1  WR(v74_sc)=0.897  t=8.3s

[new 8/8] v46 vs v127_sc (200 games = 100/side, seed=89400) ...
  v46: 186(98u/88s)  v127_sc: 13(11u/2s)  draws: 1  WR(v46)=0.932  t=6.9s

Fitting BayesElo (combined) ...
Fitting BayesElo (bipartite per-side, anchor=v14_USSR=2015.0) ...

Model                   Elo    USSR*      US*    Gap                95% CI   vs anchor
  (* bipartite per-side, single anchor: v14_USSR=2015)
----------------------------------------------------------------------------------------
v55                    2114   2083   2031  +52  [  2101,   2128]  +99
v54                    2103   2092   2000  +92  [  2089,   2117]  +88
v46                    2101   2080   2006  +75  [  2088,   2115]  +86
v44                    2088   2057   2001  +57  [  2075,   2102]  +73
v45                    2085   2108   1948  +160  [  2072,   2099]  +70
v74_sc                 2032   1986   1955  +30  [  2016,   2049]  +17
v14                    2015   2015   1886  +129  [  2015,   2015]  +0
v53                    1995   1953   1910  +43  [  1981,   2008]  -20
v127_sc                1645   1649   1403  +247  [  1615,   1676]  -370

Pair                              Obs WR   Bip WR   Comb WR   Bip err   Comb err
------------------------------------------------------------------------------------
v55            vs v54              0.535    0.515     0.517    +0.020     +0.018
v55            vs v44              0.529    0.539     0.538    -0.010     -0.009
v55            vs v45              0.532    0.537     0.542    -0.005     -0.009
v55            vs v14              0.659    0.640     0.639    +0.019     +0.019
v55            vs v53              0.640    0.670     0.666    -0.030     -0.026
v55            vs v74_sc           0.605    0.620     0.616    -0.015     -0.011
v55            vs v46              0.521    0.519     0.519    +0.002     +0.002
v55            vs v127_sc          0.920    0.940     0.937    -0.020     -0.017
v54            vs v44              0.574    0.523     0.521    +0.050     +0.053
v54            vs v45              0.514    0.522     0.525    -0.008     -0.012
v54            vs v14              0.654    0.622     0.624    +0.032     +0.030
v54            vs v53              0.620    0.653     0.651    -0.033     -0.031
v54            vs v74_sc           0.610    0.604     0.600    +0.006     +0.010
v54            vs v46              0.476    0.504     0.502    -0.028     -0.026
v54            vs v127_sc          0.905    0.932     0.933    -0.027     -0.028
v44            vs v45              0.502    0.501     0.504    +0.002     -0.002
v44            vs v14              0.615    0.604     0.604    +0.011     +0.011
v44            vs v53              0.650    0.634     0.631    +0.016     +0.019
v44            vs v74_sc           0.588    0.582     0.580    +0.005     +0.008
v44            vs v46              0.500    0.481     0.481    +0.019     +0.019
v44            vs v127_sc          0.900    0.930     0.927    -0.030     -0.027
v45            vs v14              0.580    0.594     0.600    -0.014     -0.020
v45            vs v53              0.621    0.625     0.627    -0.004     -0.006
v45            vs v74_sc           0.575    0.577     0.576    -0.002     -0.001
v45            vs v46              0.494    0.481     0.477    +0.013     +0.017
v45            vs v127_sc          0.890    0.916     0.926    -0.026     -0.036
v14            vs v53              0.573    0.525     0.529    +0.047     +0.043
v14            vs v74_sc           0.495    0.473     0.475    +0.022     +0.020
v14            vs v46              0.366    0.380     0.378    -0.014     -0.012
v14            vs v127_sc          0.935    0.884     0.894    +0.051     +0.041
v53            vs v74_sc           0.429    0.445     0.446    -0.016     -0.017
v53            vs v46              0.364    0.349     0.351    +0.015     +0.013
v53            vs v127_sc          0.950    0.889     0.882    +0.061     +0.068
v74_sc         vs v46              0.407    0.399     0.402    +0.008     +0.006
v74_sc         vs v127_sc          0.897    0.910     0.903    -0.012     -0.005
v46            vs v127_sc          0.932    0.933     0.932    -0.001     +0.000
------------------------------------------------------------------------------------
                                              RMSE    0.0244     0.0243
  (bipartite RMSE >= combined RMSE → bipartite model not better fit)

Saved to results/logs/elo/elo_v127_sc_incremental.json
[sql] Tournament logged: incremental_20260413T203322Z_v127_sc_v14 → results/metadata.sqlite3
[confirm] Merged $VERSION into results/elo/elo_full_ladder.json: elo=1646
Assuming unrestricted shared filesystem usage.
host: balsa-tree
Building DAG of jobs...
Using shell: /usr/bin/bash
Provided cores: 20
Rules claiming more threads will be scaled down.
Provided resources: gpu=Resource("gpu", 1)
Job stats:
job                  count
-----------------  -------
ppo_train_dynamic        1
total                    1

Select jobs to execute...
Execute 1 jobs...

[Mon Apr 13 13:33:24 2026]
localrule ppo_train_dynamic:
    input: data/checkpoints/ppo_v127_sc_league/ppo_best.pt
    output: data/checkpoints/ppo_v128_sc_league/ppo_final.pt
    log: results/logs/ppo/ppo_v128_sc.log
    jobid: 0
    reason: Missing output files: data/checkpoints/ppo_v128_sc_league/ppo_final.pt
    resources: tmpdir=/tmp, gpu=1
RuleException:
CalledProcessError in file "/home/dkord/code/twilight-struggle-ai/Snakefile.ppo", line 233:
Command 'set -euo pipefail;  
        if [ -z "data/checkpoints/ppo_v128_sc_league/snakemake_train_config.yaml" ]; then
            echo "[ppo_train_dynamic] missing --config train_config=..." >&2
            exit 1
        fi
        mkdir -p "data/checkpoints/ppo_v128_sc_league" "$(dirname "results/logs/ppo/ppo_v128_sc.log")"
        echo "[ppo_train_dynamic] starting at $(date -u '+%Y-%m-%dT%H:%M:%SZ')" >> "results/logs/ppo/ppo_v128_sc.log"
        CKPT_ARG=""
        if [ -n "data/checkpoints/ppo_v127_sc_league/ppo_best.pt" ]; then CKPT_ARG="--checkpoint data/checkpoints/ppo_v127_sc_league/ppo_best.pt"; fi
        uv run python scripts/train_ppo.py             $CKPT_ARG             --out-dir "data/checkpoints/ppo_v128_sc_league"             --n-iterations 30 --games-per-iter 200 --lr 2e-5 --clip-eps 0.12 --ent-coef 0.01 --ent-coef-final 0.003 --global-ent-decay-start 0 --global-ent-decay-end 30 --max-kl 0.3 --reset-optimizer --league data/checkpoints/ppo_v128_sc_league --league-save-every 10 --league-mix-k 6 --ussr-league-fixtures data/checkpoints/scripted_for_elo/v55_scripted.pt data/checkpoints/scripted_for_elo/v48_scripted.pt data/checkpoints/scripted_for_elo/v19_scripted.pt data/checkpoints/scripted_for_elo/v21_scripted.pt data/checkpoints/scripted_for_elo/v22_scripted.pt data/checkpoints/scripted_for_elo/v20_scripted.pt data/checkpoints/scripted_for_elo/v58_scripted.pt data/checkpoints/scripted_for_elo/v45_scripted.pt __heuristic__ --us-league-fixtures data/checkpoints/scripted_for_elo/v45_scripted.pt data/checkpoints/scripted_for_elo/v15_scripted.pt data/checkpoints/scripted_for_elo/v58_scripted.pt data/checkpoints/scripted_for_elo/v18_scripted.pt data/checkpoints/scripted_for_elo/v20_scripted.pt data/checkpoints/scripted_for_elo/v16_scripted.pt data/checkpoints/scripted_for_elo/v21_scripted.pt data/checkpoints/scripted_for_elo/v49_scripted.pt __heuristic__ --league-fixtures data/checkpoints/scripted_for_elo/v55_scripted.pt data/checkpoints/scripted_for_elo/v48_scripted.pt data/checkpoints/scripted_for_elo/v19_scripted.pt data/checkpoints/scripted_for_elo/v21_scripted.pt data/checkpoints/scripted_for_elo/v22_scripted.pt data/checkpoints/scripted_for_elo/v20_scripted.pt data/checkpoints/scripted_for_elo/v58_scripted.pt data/checkpoints/scripted_for_elo/v45_scripted.pt data/checkpoints/scripted_for_elo/v15_scripted.pt data/checkpoints/scripted_for_elo/v18_scripted.pt data/checkpoints/scripted_for_elo/v16_scripted.pt data/checkpoints/scripted_for_elo/v49_scripted.pt __heuristic__ --league-recency-tau 50 --league-fixture-fadeout 999 --pfsp-exponent 1.5 --eval-every 10 --eval-panel data/checkpoints/scripted_for_elo/v55_scripted.pt data/checkpoints/scripted_for_elo/v54_scripted.pt data/checkpoints/scripted_for_elo/v44_scripted.pt data/checkpoints/scripted_for_elo/v45_scripted.pt data/checkpoints/scripted_for_elo/v14_scripted.pt --probe-set data/probe_positions.parquet --probe-every 10 --rollout-workers 1 --device cuda --wandb --wandb-run-name ppo_v128_sc --upgo             >> "results/logs/ppo/ppo_v128_sc.log" 2>&1
        echo "[ppo_train_dynamic] finished at $(date -u '+%Y-%m-%dT%H:%M:%SZ')" >> "results/logs/ppo/ppo_v128_sc.log"' returned non-zero exit status 1.
[Mon Apr 13 13:33:31 2026]
Error in rule ppo_train_dynamic:
    message: None
    jobid: 0
    input: data/checkpoints/ppo_v127_sc_league/ppo_best.pt
    output: data/checkpoints/ppo_v128_sc_league/ppo_final.pt
    log: results/logs/ppo/ppo_v128_sc.log (check log file(s) for error details)
    shell:
        
        if [ -z "data/checkpoints/ppo_v128_sc_league/snakemake_train_config.yaml" ]; then
            echo "[ppo_train_dynamic] missing --config train_config=..." >&2
            exit 1
        fi
        mkdir -p "data/checkpoints/ppo_v128_sc_league" "$(dirname "results/logs/ppo/ppo_v128_sc.log")"
        echo "[ppo_train_dynamic] starting at $(date -u '+%Y-%m-%dT%H:%M:%SZ')" >> "results/logs/ppo/ppo_v128_sc.log"
        CKPT_ARG=""
        if [ -n "data/checkpoints/ppo_v127_sc_league/ppo_best.pt" ]; then CKPT_ARG="--checkpoint data/checkpoints/ppo_v127_sc_league/ppo_best.pt"; fi
        uv run python scripts/train_ppo.py             $CKPT_ARG             --out-dir "data/checkpoints/ppo_v128_sc_league"             --n-iterations 30 --games-per-iter 200 --lr 2e-5 --clip-eps 0.12 --ent-coef 0.01 --ent-coef-final 0.003 --global-ent-decay-start 0 --global-ent-decay-end 30 --max-kl 0.3 --reset-optimizer --league data/checkpoints/ppo_v128_sc_league --league-save-every 10 --league-mix-k 6 --ussr-league-fixtures data/checkpoints/scripted_for_elo/v55_scripted.pt data/checkpoints/scripted_for_elo/v48_scripted.pt data/checkpoints/scripted_for_elo/v19_scripted.pt data/checkpoints/scripted_for_elo/v21_scripted.pt data/checkpoints/scripted_for_elo/v22_scripted.pt data/checkpoints/scripted_for_elo/v20_scripted.pt data/checkpoints/scripted_for_elo/v58_scripted.pt data/checkpoints/scripted_for_elo/v45_scripted.pt __heuristic__ --us-league-fixtures data/checkpoints/scripted_for_elo/v45_scripted.pt data/checkpoints/scripted_for_elo/v15_scripted.pt data/checkpoints/scripted_for_elo/v58_scripted.pt data/checkpoints/scripted_for_elo/v18_scripted.pt data/checkpoints/scripted_for_elo/v20_scripted.pt data/checkpoints/scripted_for_elo/v16_scripted.pt data/checkpoints/scripted_for_elo/v21_scripted.pt data/checkpoints/scripted_for_elo/v49_scripted.pt __heuristic__ --league-fixtures data/checkpoints/scripted_for_elo/v55_scripted.pt data/checkpoints/scripted_for_elo/v48_scripted.pt data/checkpoints/scripted_for_elo/v19_scripted.pt data/checkpoints/scripted_for_elo/v21_scripted.pt data/checkpoints/scripted_for_elo/v22_scripted.pt data/checkpoints/scripted_for_elo/v20_scripted.pt data/checkpoints/scripted_for_elo/v58_scripted.pt data/checkpoints/scripted_for_elo/v45_scripted.pt data/checkpoints/scripted_for_elo/v15_scripted.pt data/checkpoints/scripted_for_elo/v18_scripted.pt data/checkpoints/scripted_for_elo/v16_scripted.pt data/checkpoints/scripted_for_elo/v49_scripted.pt __heuristic__ --league-recency-tau 50 --league-fixture-fadeout 999 --pfsp-exponent 1.5 --eval-every 10 --eval-panel data/checkpoints/scripted_for_elo/v55_scripted.pt data/checkpoints/scripted_for_elo/v54_scripted.pt data/checkpoints/scripted_for_elo/v44_scripted.pt data/checkpoints/scripted_for_elo/v45_scripted.pt data/checkpoints/scripted_for_elo/v14_scripted.pt --probe-set data/probe_positions.parquet --probe-every 10 --rollout-workers 1 --device cuda --wandb --wandb-run-name ppo_v128_sc --upgo             >> "results/logs/ppo/ppo_v128_sc.log" 2>&1
        echo "[ppo_train_dynamic] finished at $(date -u '+%Y-%m-%dT%H:%M:%SZ')" >> "results/logs/ppo/ppo_v128_sc.log"
        
        (command exited with non-zero exit code)
Shutting down, this might take some time.
Exiting because a job execution failed. Look below for error messages
[Mon Apr 13 13:33:32 2026]
Error in rule ppo_train_dynamic:
    message: None
    jobid: 0
    input: data/checkpoints/ppo_v127_sc_league/ppo_best.pt
    output: data/checkpoints/ppo_v128_sc_league/ppo_final.pt
    log: results/logs/ppo/ppo_v128_sc.log (check log file(s) for error details)
    shell:
        
        if [ -z "data/checkpoints/ppo_v128_sc_league/snakemake_train_config.yaml" ]; then
            echo "[ppo_train_dynamic] missing --config train_config=..." >&2
            exit 1
        fi
        mkdir -p "data/checkpoints/ppo_v128_sc_league" "$(dirname "results/logs/ppo/ppo_v128_sc.log")"
        echo "[ppo_train_dynamic] starting at $(date -u '+%Y-%m-%dT%H:%M:%SZ')" >> "results/logs/ppo/ppo_v128_sc.log"
        CKPT_ARG=""
        if [ -n "data/checkpoints/ppo_v127_sc_league/ppo_best.pt" ]; then CKPT_ARG="--checkpoint data/checkpoints/ppo_v127_sc_league/ppo_best.pt"; fi
        uv run python scripts/train_ppo.py             $CKPT_ARG             --out-dir "data/checkpoints/ppo_v128_sc_league"             --n-iterations 30 --games-per-iter 200 --lr 2e-5 --clip-eps 0.12 --ent-coef 0.01 --ent-coef-final 0.003 --global-ent-decay-start 0 --global-ent-decay-end 30 --max-kl 0.3 --reset-optimizer --league data/checkpoints/ppo_v128_sc_league --league-save-every 10 --league-mix-k 6 --ussr-league-fixtures data/checkpoints/scripted_for_elo/v55_scripted.pt data/checkpoints/scripted_for_elo/v48_scripted.pt data/checkpoints/scripted_for_elo/v19_scripted.pt data/checkpoints/scripted_for_elo/v21_scripted.pt data/checkpoints/scripted_for_elo/v22_scripted.pt data/checkpoints/scripted_for_elo/v20_scripted.pt data/checkpoints/scripted_for_elo/v58_scripted.pt data/checkpoints/scripted_for_elo/v45_scripted.pt __heuristic__ --us-league-fixtures data/checkpoints/scripted_for_elo/v45_scripted.pt data/checkpoints/scripted_for_elo/v15_scripted.pt data/checkpoints/scripted_for_elo/v58_scripted.pt data/checkpoints/scripted_for_elo/v18_scripted.pt data/checkpoints/scripted_for_elo/v20_scripted.pt data/checkpoints/scripted_for_elo/v16_scripted.pt data/checkpoints/scripted_for_elo/v21_scripted.pt data/checkpoints/scripted_for_elo/v49_scripted.pt __heuristic__ --league-fixtures data/checkpoints/scripted_for_elo/v55_scripted.pt data/checkpoints/scripted_for_elo/v48_scripted.pt data/checkpoints/scripted_for_elo/v19_scripted.pt data/checkpoints/scripted_for_elo/v21_scripted.pt data/checkpoints/scripted_for_elo/v22_scripted.pt data/checkpoints/scripted_for_elo/v20_scripted.pt data/checkpoints/scripted_for_elo/v58_scripted.pt data/checkpoints/scripted_for_elo/v45_scripted.pt data/checkpoints/scripted_for_elo/v15_scripted.pt data/checkpoints/scripted_for_elo/v18_scripted.pt data/checkpoints/scripted_for_elo/v16_scripted.pt data/checkpoints/scripted_for_elo/v49_scripted.pt __heuristic__ --league-recency-tau 50 --league-fixture-fadeout 999 --pfsp-exponent 1.5 --eval-every 10 --eval-panel data/checkpoints/scripted_for_elo/v55_scripted.pt data/checkpoints/scripted_for_elo/v54_scripted.pt data/checkpoints/scripted_for_elo/v44_scripted.pt data/checkpoints/scripted_for_elo/v45_scripted.pt data/checkpoints/scripted_for_elo/v14_scripted.pt --probe-set data/probe_positions.parquet --probe-every 10 --rollout-workers 1 --device cuda --wandb --wandb-run-name ppo_v128_sc --upgo             >> "results/logs/ppo/ppo_v128_sc.log" 2>&1
        echo "[ppo_train_dynamic] finished at $(date -u '+%Y-%m-%dT%H:%M:%SZ')" >> "results/logs/ppo/ppo_v128_sc.log"
        
        (command exited with non-zero exit code)
Complete log(s): /home/dkord/code/twilight-struggle-ai/.snakemake/log/2026-04-13T133324.133270.snakemake.log
WorkflowError:
At least one job did not complete successfully.
Assuming unrestricted shared filesystem usage.
host: balsa-tree
Building DAG of jobs...
Using shell: /usr/bin/bash
Provided cores: 20
Rules claiming more threads will be scaled down.
Provided resources: gpu=Resource("gpu", 1)
Job stats:
job                  count
-----------------  -------
ppo_train_dynamic        1
total                    1

Select jobs to execute...
Execute 1 jobs...

[Mon Apr 13 14:24:53 2026]
localrule ppo_train_dynamic:
    input: data/checkpoints/ppo_v127_sc_league/ppo_best.pt
    output: data/checkpoints/ppo_v128_sc_league/ppo_final.pt
    log: results/logs/ppo/ppo_v128_sc.log
    jobid: 0
    reason: Missing output files: data/checkpoints/ppo_v128_sc_league/ppo_final.pt
    resources: tmpdir=/tmp, gpu=1
[Mon Apr 13 14:29:44 2026]
Finished jobid: 0 (Rule: ppo_train_dynamic)
1 of 1 steps (100%) done
Complete log(s): /home/dkord/code/twilight-struggle-ai/.snakemake/log/2026-04-13T142453.328752.snakemake.log
