=== ELO incremental placement: v169_sc ===
Exporting checkpoints to TorchScript ...
Loaded 3191 match results from SQL match_cache

Match schedule (36 total, 0 new, 36 reused from prior run):
  v55 vs v54  [reuse]
  v55 vs v44  [reuse]
  v55 vs v45  [reuse]
  v55 vs v14  [reuse]
  v55 vs v152_sc  [reuse]
  v55 vs v9  [reuse]
  v55 vs v46  [reuse]
  v55 vs v169_sc  [reuse]
  v54 vs v44  [reuse]
  v54 vs v45  [reuse]
  v54 vs v14  [reuse]
  v54 vs v152_sc  [reuse]
  v54 vs v9  [reuse]
  v54 vs v46  [reuse]
  v54 vs v169_sc  [reuse]
  v44 vs v45  [reuse]
  v44 vs v14  [reuse]
  v44 vs v152_sc  [reuse]
  v44 vs v9  [reuse]
  v44 vs v46  [reuse]
  v44 vs v169_sc  [reuse]
  v45 vs v14  [reuse]
  v45 vs v152_sc  [reuse]
  v45 vs v9  [reuse]
  v45 vs v46  [reuse]
  v45 vs v169_sc  [reuse]
  v14 vs v152_sc  [reuse]
  v14 vs v9  [reuse]
  v14 vs v46  [reuse]
  v14 vs v169_sc  [reuse]
  v152_sc vs v9  [reuse]
  v152_sc vs v46  [reuse]
  v152_sc vs v169_sc  [reuse]
  v9 vs v46  [reuse]
  v9 vs v169_sc  [reuse]
  v46 vs v169_sc  [reuse]
  [reuse] v55 209(115u/94s) - 181(102u/79s) v54  draws=10  WR=0.535
  [reuse] v55 201(119u/82s) - 178(110u/68s) v44  draws=21  WR=0.529
  [reuse] v55 206(136u/70s) - 180(123u/57s) v45  draws=14  WR=0.532
  [reuse] v55 255(150u/105s) - 128(88u/40s) v14  draws=17  WR=0.659
  [reuse] v55 180(98u/82s) - 19(17u/2s) v152_sc  draws=1  WR=0.902
  [reuse] v55 292(170u/122s) - 95(70u/25s) v9  draws=13  WR=0.746
  [reuse] v55 201(114u/87s) - 184(107u/77s) v46  draws=15  WR=0.521
  [reuse] v55 184(95u/89s) - 15(11u/4s) v169_sc  draws=1  WR=0.922
  [reuse] v54 222(126u/96s) - 163(99u/64s) v44  draws=15  WR=0.574
  [reuse] v54 194(125u/69s) - 183(121u/62s) v45  draws=23  WR=0.514
  [reuse] v54 254(154u/100s) - 131(95u/36s) v14  draws=15  WR=0.654
  [reuse] v54 169(96u/73s) - 31(27u/4s) v152_sc  draws=0  WR=0.845
  [reuse] v54 282(169u/113s) - 113(83u/30s) v9  draws=5  WR=0.711
  [reuse] v54 181(113u/68s) - 200(120u/80s) v46  draws=19  WR=0.476
  [reuse] v54 185(98u/87s) - 13(12u/1s) v169_sc  draws=2  WR=0.930
  [reuse] v44 194(130u/64s) - 192(130u/62s) v45  draws=14  WR=0.502
  [reuse] v44 239(147u/92s) - 147(100u/47s) v14  draws=14  WR=0.615
  [reuse] v44 170(95u/75s) - 28(23u/5s) v152_sc  draws=2  WR=0.855
  [reuse] v44 281(171u/110s) - 103(78u/25s) v9  draws=16  WR=0.723
  [reuse] v44 190(102u/88s) - 190(101u/89s) v46  draws=20  WR=0.500
  [reuse] v44 167(96u/71s) - 28(25u/3s) v169_sc  draws=5  WR=0.848
  [reuse] v45 226(147u/79s) - 162(115u/47s) v14  draws=12  WR=0.580
  [reuse] v45 167(95u/72s) - 31(28u/3s) v152_sc  draws=2  WR=0.840
  [reuse] v45 277(172u/105s) - 113(87u/26s) v9  draws=10  WR=0.705
  [reuse] v45 189(130u/59s) - 194(137u/57s) v46  draws=17  WR=0.494
  [reuse] v45 172(94u/78s) - 26(21u/5s) v169_sc  draws=2  WR=0.865
  [reuse] v14 149(96u/53s) - 48(44u/4s) v152_sc  draws=3  WR=0.752
  [reuse] v14 249(163u/86s) - 138(108u/30s) v9  draws=13  WR=0.639
  [reuse] v14 139(97u/42s) - 246(151u/95s) v46  draws=15  WR=0.366
  [reuse] v14 169(98u/71s) - 29(29u/0s) v169_sc  draws=2  WR=0.850
  [reuse] v152_sc 59(53u/6s) - 138(94u/44s) v9  draws=3  WR=0.302
  [reuse] v152_sc 24(22u/2s) - 175(98u/77s) v46  draws=1  WR=0.122
  [reuse] v152_sc 121(81u/40s) - 71(57u/14s) v169_sc  draws=8  WR=0.625
  [reuse] v9 104(79u/25s) - 284(169u/115s) v46  draws=12  WR=0.275
  [reuse] v9 164(88u/76s) - 33(22u/11s) v169_sc  draws=3  WR=0.828
  [reuse] v46 174(93u/81s) - 26(19u/7s) v169_sc  draws=0  WR=0.870

Fitting BayesElo (combined) ...
Fitting BayesElo (bipartite per-side, anchor=v14_USSR=2015.0) ...

Model                   Elo    USSR*      US*    Gap                95% CI   vs anchor
  (* bipartite per-side, single anchor: v14_USSR=2015)
----------------------------------------------------------------------------------------
v55                    2128   2086   2034  +51  [  2114,   2143]  +113
v54                    2112   2078   2009  +68  [  2098,   2126]  +97
v46                    2108   2073   2005  +69  [  2094,   2122]  +93
v44                    2094   2056   1990  +66  [  2080,   2108]  +79
v45                    2092   2111   1942  +169  [  2079,   2106]  +77
v14                    2015   2015   1861  +154  [  2015,   2015]  +0
v9                     1935   1929   1766  +163  [  1921,   1950]  -80
v152_sc                1793   1799   1534  +265  [  1771,   1815]  -222
v169_sc                1714   1674   1505  +169  [  1689,   1739]  -301

Pair                              Obs WR   Bip WR   Comb WR   Bip err   Comb err
------------------------------------------------------------------------------------
v55            vs v54              0.535    0.523     0.523    +0.012     +0.012
v55            vs v44              0.529    0.552     0.550    -0.023     -0.021
v55            vs v45              0.532    0.543     0.552    -0.011     -0.019
v55            vs v14              0.659    0.656     0.658    +0.003     +0.001
v55            vs v152_sc          0.902    0.877     0.873    +0.025     +0.029
v55            vs v9               0.746    0.755     0.752    -0.009     -0.006
v55            vs v46              0.521    0.529     0.529    -0.008     -0.008
v55            vs v169_sc          0.922    0.927     0.916    -0.005     +0.007
v54            vs v44              0.574    0.529     0.527    +0.045     +0.047
v54            vs v45              0.514    0.522     0.528    -0.008     -0.015
v54            vs v14              0.654    0.634     0.636    +0.019     +0.017
v54            vs v152_sc          0.845    0.864     0.863    -0.019     -0.018
v54            vs v9               0.711    0.736     0.735    -0.024     -0.023
v54            vs v46              0.476    0.506     0.505    -0.030     -0.029
v54            vs v169_sc          0.930    0.919     0.908    +0.011     +0.022
v44            vs v45              0.502    0.495     0.502    +0.007     +0.001
v44            vs v14              0.615    0.609     0.611    +0.006     +0.004
v44            vs v152_sc          0.855    0.851     0.850    +0.004     +0.005
v44            vs v9               0.723    0.714     0.713    +0.008     +0.009
v44            vs v46              0.500    0.478     0.479    +0.022     +0.021
v44            vs v169_sc          0.848    0.910     0.899    -0.063     -0.051
v45            vs v14              0.580    0.603     0.610    -0.023     -0.030
v45            vs v152_sc          0.840    0.830     0.849    +0.010     -0.009
v45            vs v9               0.705    0.699     0.712    +0.006     -0.007
v45            vs v46              0.494    0.484     0.477    +0.009     +0.017
v45            vs v169_sc          0.865    0.897     0.898    -0.032     -0.033
v14            vs v152_sc          0.752    0.764     0.782    -0.012     -0.030
v14            vs v9               0.639    0.606     0.613    +0.033     +0.026
v14            vs v46              0.366    0.371     0.369    -0.005     -0.002
v14            vs v169_sc          0.850    0.848     0.850    +0.002     +0.000
v152_sc        vs v9               0.302    0.321     0.306    -0.018     -0.004
v152_sc        vs v46              0.122    0.139     0.140    -0.016     -0.018
v152_sc        vs v169_sc          0.625    0.577     0.612    +0.048     +0.013
v9             vs v46              0.275    0.269     0.270    +0.006     +0.005
v9             vs v169_sc          0.828    0.775     0.781    +0.053     +0.046
v46            vs v169_sc          0.870    0.917     0.906    -0.047     -0.036
------------------------------------------------------------------------------------
                                              RMSE    0.0245     0.0224
  (bipartite RMSE >= combined RMSE → bipartite model not better fit)

Saved to results/logs/elo/elo_v169_sc_incremental.json
[sql] Tournament logged: incremental_20260414T004427Z_v14_v152_sc → results/metadata.sqlite3
[confirm] Merged $VERSION into results/elo/elo_full_ladder.json: elo=1714
[Mon Apr 13 17:53:03 2026]
Finished jobid: 0 (Rule: ppo_train_dynamic)
1 of 1 steps (100%) done
Complete log(s): /home/dkord/code/twilight-struggle-ai/.snakemake/log/2026-04-13T174401.527216.snakemake.log
