=== ELO update: adding v34 ===
Exporting checkpoints to TorchScript ...
  heuristic: built-in heuristic (no export needed)
Loaded 266 match results from cache results/matches/

Match schedule (276 total, 23 new, 253 reused from prior run):
  heuristic vs v10  [reuse]
  heuristic vs v11  [reuse]
  heuristic vs v12  [reuse]
  heuristic vs v13  [reuse]
  heuristic vs v14  [reuse]
  heuristic vs v15  [reuse]
  heuristic vs v16  [reuse]
  heuristic vs v17  [reuse]
  heuristic vs v18  [reuse]
  heuristic vs v19  [reuse]
  heuristic vs v20  [reuse]
  heuristic vs v21  [reuse]
  heuristic vs v22  [reuse]
  heuristic vs v27  [reuse]
  heuristic vs v28  [reuse]
  heuristic vs v29  [reuse]
  heuristic vs v30  [reuse]
  heuristic vs v31  [reuse]
  heuristic vs v32  [reuse]
  heuristic vs v33  [reuse]
  heuristic vs v34
  heuristic vs v8  [reuse]
  heuristic vs v9  [reuse]
  v10 vs v11  [reuse]
  v10 vs v12  [reuse]
  v10 vs v13  [reuse]
  v10 vs v14  [reuse]
  v10 vs v15  [reuse]
  v10 vs v16  [reuse]
  v10 vs v17  [reuse]
  v10 vs v18  [reuse]
  v10 vs v19  [reuse]
  v10 vs v20  [reuse]
  v10 vs v21  [reuse]
  v10 vs v22  [reuse]
  v10 vs v27  [reuse]
  v10 vs v28  [reuse]
  v10 vs v29  [reuse]
  v10 vs v30  [reuse]
  v10 vs v31  [reuse]
  v10 vs v32  [reuse]
  v10 vs v33  [reuse]
  v10 vs v34
  v10 vs v8  [reuse]
  v10 vs v9  [reuse]
  v11 vs v12  [reuse]
  v11 vs v13  [reuse]
  v11 vs v14  [reuse]
  v11 vs v15  [reuse]
  v11 vs v16  [reuse]
  v11 vs v17  [reuse]
  v11 vs v18  [reuse]
  v11 vs v19  [reuse]
  v11 vs v20  [reuse]
  v11 vs v21  [reuse]
  v11 vs v22  [reuse]
  v11 vs v27  [reuse]
  v11 vs v28  [reuse]
  v11 vs v29  [reuse]
  v11 vs v30  [reuse]
  v11 vs v31  [reuse]
  v11 vs v32  [reuse]
  v11 vs v33  [reuse]
  v11 vs v34
  v11 vs v8  [reuse]
  v11 vs v9  [reuse]
  v12 vs v13  [reuse]
  v12 vs v14  [reuse]
  v12 vs v15  [reuse]
  v12 vs v16  [reuse]
  v12 vs v17  [reuse]
  v12 vs v18  [reuse]
  v12 vs v19  [reuse]
  v12 vs v20  [reuse]
  v12 vs v21  [reuse]
  v12 vs v22  [reuse]
  v12 vs v27  [reuse]
  v12 vs v28  [reuse]
  v12 vs v29  [reuse]
  v12 vs v30  [reuse]
  v12 vs v31  [reuse]
  v12 vs v32  [reuse]
  v12 vs v33  [reuse]
  v12 vs v34
  v12 vs v8  [reuse]
  v12 vs v9  [reuse]
  v13 vs v14  [reuse]
  v13 vs v15  [reuse]
  v13 vs v16  [reuse]
  v13 vs v17  [reuse]
  v13 vs v18  [reuse]
  v13 vs v19  [reuse]
  v13 vs v20  [reuse]
  v13 vs v21  [reuse]
  v13 vs v22  [reuse]
  v13 vs v27  [reuse]
  v13 vs v28  [reuse]
  v13 vs v29  [reuse]
  v13 vs v30  [reuse]
  v13 vs v31  [reuse]
  v13 vs v32  [reuse]
  v13 vs v33  [reuse]
  v13 vs v34
  v13 vs v8  [reuse]
  v13 vs v9  [reuse]
  v14 vs v15  [reuse]
  v14 vs v16  [reuse]
  v14 vs v17  [reuse]
  v14 vs v18  [reuse]
  v14 vs v19  [reuse]
  v14 vs v20  [reuse]
  v14 vs v21  [reuse]
  v14 vs v22  [reuse]
  v14 vs v27  [reuse]
  v14 vs v28  [reuse]
  v14 vs v29  [reuse]
  v14 vs v30  [reuse]
  v14 vs v31  [reuse]
  v14 vs v32  [reuse]
  v14 vs v33  [reuse]
  v14 vs v34
  v14 vs v8  [reuse]
  v14 vs v9  [reuse]
  v15 vs v16  [reuse]
  v15 vs v17  [reuse]
  v15 vs v18  [reuse]
  v15 vs v19  [reuse]
  v15 vs v20  [reuse]
  v15 vs v21  [reuse]
  v15 vs v22  [reuse]
  v15 vs v27  [reuse]
  v15 vs v28  [reuse]
  v15 vs v29  [reuse]
  v15 vs v30  [reuse]
  v15 vs v31  [reuse]
  v15 vs v32  [reuse]
  v15 vs v33  [reuse]
  v15 vs v34
  v15 vs v8  [reuse]
  v15 vs v9  [reuse]
  v16 vs v17  [reuse]
  v16 vs v18  [reuse]
  v16 vs v19  [reuse]
  v16 vs v20  [reuse]
  v16 vs v21  [reuse]
  v16 vs v22  [reuse]
  v16 vs v27  [reuse]
  v16 vs v28  [reuse]
  v16 vs v29  [reuse]
  v16 vs v30  [reuse]
  v16 vs v31  [reuse]
  v16 vs v32  [reuse]
  v16 vs v33  [reuse]
  v16 vs v34
  v16 vs v8  [reuse]
  v16 vs v9  [reuse]
  v17 vs v18  [reuse]
  v17 vs v19  [reuse]
  v17 vs v20  [reuse]
  v17 vs v21  [reuse]
  v17 vs v22  [reuse]
  v17 vs v27  [reuse]
  v17 vs v28  [reuse]
  v17 vs v29  [reuse]
  v17 vs v30  [reuse]
  v17 vs v31  [reuse]
  v17 vs v32  [reuse]
  v17 vs v33  [reuse]
  v17 vs v34
  v17 vs v8  [reuse]
  v17 vs v9  [reuse]
  v18 vs v19  [reuse]
  v18 vs v20  [reuse]
  v18 vs v21  [reuse]
  v18 vs v22  [reuse]
  v18 vs v27  [reuse]
  v18 vs v28  [reuse]
  v18 vs v29  [reuse]
  v18 vs v30  [reuse]
  v18 vs v31  [reuse]
  v18 vs v32  [reuse]
  v18 vs v33  [reuse]
  v18 vs v34
  v18 vs v8  [reuse]
  v18 vs v9  [reuse]
  v19 vs v20  [reuse]
  v19 vs v21  [reuse]
  v19 vs v22  [reuse]
  v19 vs v27  [reuse]
  v19 vs v28  [reuse]
  v19 vs v29  [reuse]
  v19 vs v30  [reuse]
  v19 vs v31  [reuse]
  v19 vs v32  [reuse]
  v19 vs v33  [reuse]
  v19 vs v34
  v19 vs v8  [reuse]
  v19 vs v9  [reuse]
  v20 vs v21  [reuse]
  v20 vs v22  [reuse]
  v20 vs v27  [reuse]
  v20 vs v28  [reuse]
  v20 vs v29  [reuse]
  v20 vs v30  [reuse]
  v20 vs v31  [reuse]
  v20 vs v32  [reuse]
  v20 vs v33  [reuse]
  v20 vs v34
  v20 vs v8  [reuse]
  v20 vs v9  [reuse]
  v21 vs v22  [reuse]
  v21 vs v27  [reuse]
  v21 vs v28  [reuse]
  v21 vs v29  [reuse]
  v21 vs v30  [reuse]
  v21 vs v31  [reuse]
  v21 vs v32  [reuse]
  v21 vs v33  [reuse]
  v21 vs v34
  v21 vs v8  [reuse]
  v21 vs v9  [reuse]
  v22 vs v27  [reuse]
  v22 vs v28  [reuse]
  v22 vs v29  [reuse]
  v22 vs v30  [reuse]
  v22 vs v31  [reuse]
  v22 vs v32  [reuse]
  v22 vs v33  [reuse]
  v22 vs v34
  v22 vs v8  [reuse]
  v22 vs v9  [reuse]
  v27 vs v28  [reuse]
  v27 vs v29  [reuse]
  v27 vs v30  [reuse]
  v27 vs v31  [reuse]
  v27 vs v32  [reuse]
  v27 vs v33  [reuse]
  v27 vs v34
  v27 vs v8  [reuse]
  v27 vs v9  [reuse]
  v28 vs v29  [reuse]
  v28 vs v30  [reuse]
  v28 vs v31  [reuse]
  v28 vs v32  [reuse]
  v28 vs v33  [reuse]
  v28 vs v34
  v28 vs v8  [reuse]
  v28 vs v9  [reuse]
  v29 vs v30  [reuse]
  v29 vs v31  [reuse]
  v29 vs v32  [reuse]
  v29 vs v33  [reuse]
  v29 vs v34
  v29 vs v8  [reuse]
  v29 vs v9  [reuse]
  v30 vs v31  [reuse]
  v30 vs v32  [reuse]
  v30 vs v33  [reuse]
  v30 vs v34
  v30 vs v8  [reuse]
  v30 vs v9  [reuse]
  v31 vs v32  [reuse]
  v31 vs v33  [reuse]
  v31 vs v34
  v31 vs v8  [reuse]
  v31 vs v9  [reuse]
  v32 vs v33  [reuse]
  v32 vs v34
  v32 vs v8  [reuse]
  v32 vs v9  [reuse]
  v33 vs v34
  v33 vs v8  [reuse]
  v33 vs v9  [reuse]
  v34 vs v8
  v34 vs v9
  v8 vs v9  [reuse]
  [reuse] heuristic 45(37u/8s) - 351(192u/159s) v10  draws=4  WR=0.117
  [reuse] heuristic 69(60u/9s) - 327(191u/136s) v11  draws=4  WR=0.177
  [reuse] heuristic 42(21u/21s) - 157(78u/79s) v12  draws=1  WR=0.212
  [reuse] heuristic 84(73u/11s) - 308(188u/120s) v13  draws=8  WR=0.220
  [reuse] heuristic 64(32u/32s) - 329(164u/165s) v14  draws=7  WR=0.169
  [reuse] heuristic 37(30u/7s) - 360(191u/169s) v15  draws=3  WR=0.096
  [reuse] heuristic 59(50u/9s) - 339(190u/149s) v16  draws=2  WR=0.150
  [reuse] heuristic 43(37u/6s) - 353(192u/161s) v17  draws=4  WR=0.113
  [reuse] heuristic 33(32u/1s) - 362(198u/164s) v18  draws=5  WR=0.089
  [reuse] heuristic 53(26u/27s) - 345(172u/173s) v19  draws=2  WR=0.135
  [reuse] heuristic 47(34u/13s) - 351(186u/165s) v20  draws=2  WR=0.120
  [reuse] heuristic 47(44u/3s) - 349(197u/152s) v21  draws=4  WR=0.122
  [reuse] heuristic 45(22u/23s) - 350(175u/175s) v22  draws=5  WR=0.119
  [reuse] heuristic 119(69u/50s) - 278(150u/128s) v27  draws=3  WR=0.301
  [reuse] heuristic 97(69u/28s) - 301(172u/129s) v28  draws=2  WR=0.245
  [reuse] heuristic 92(48u/44s) - 307(156u/151s) v29  draws=1  WR=0.231
  [reuse] heuristic 81(42u/39s) - 313(159u/154s) v30  draws=6  WR=0.210
  [reuse] heuristic 89(45u/44s) - 310(156u/154s) v31  draws=1  WR=0.224
  [reuse] heuristic 94(44u/50s) - 306(150u/156s) v32  draws=0  WR=0.235
  [reuse] heuristic 100(52u/48s) - 297(151u/146s) v33  draws=3  WR=0.254

[new 1/23] heuristic vs v34 (400 games = 200/side, seed=88000) ...
  heuristic: 137(69u/68s)  v34: 260(132u/128s)  draws: 3  WR(heuristic)=0.346  t=26.4s
  [reuse] heuristic 20(10u/10s) - 176(88u/88s) v8  draws=4  WR=0.110
  [reuse] heuristic 76(64u/12s) - 317(187u/130s) v9  draws=7  WR=0.199
  [reuse] v10 157(117u/40s) - 230(154u/76s) v11  draws=13  WR=0.409
  [reuse] v10 149(114u/35s) - 235(159u/76s) v12  draws=16  WR=0.393
  [reuse] v10 155(116u/39s) - 238(157u/81s) v13  draws=7  WR=0.396
  [reuse] v10 153(112u/41s) - 229(154u/75s) v14  draws=18  WR=0.405
  [reuse] v10 126(97u/29s) - 259(166u/93s) v15  draws=15  WR=0.334
  [reuse] v10 143(115u/28s) - 241(165u/76s) v16  draws=16  WR=0.378
  [reuse] v10 141(107u/34s) - 248(164u/84s) v17  draws=11  WR=0.366
  [reuse] v10 134(107u/27s) - 251(166u/85s) v18  draws=15  WR=0.354
  [reuse] v10 136(92u/44s) - 245(149u/96s) v19  draws=19  WR=0.364
  [reuse] v10 147(105u/42s) - 240(154u/86s) v20  draws=13  WR=0.384
  [reuse] v10 143(101u/42s) - 243(156u/87s) v21  draws=14  WR=0.375
  [reuse] v10 100(80u/20s) - 285(175u/110s) v22  draws=15  WR=0.269
  [reuse] v10 305(183u/122s) - 91(74u/17s) v27  draws=4  WR=0.767
  [reuse] v10 265(174u/91s) - 129(104u/25s) v28  draws=6  WR=0.670
  [reuse] v10 277(167u/110s) - 122(90u/32s) v29  draws=1  WR=0.694
  [reuse] v10 249(144u/105s) - 144(92u/52s) v30  draws=7  WR=0.631
  [reuse] v10 265(169u/96s) - 126(102u/24s) v31  draws=9  WR=0.674
  [reuse] v10 271(175u/96s) - 125(101u/24s) v32  draws=4  WR=0.682
  [reuse] v10 277(176u/101s) - 115(92u/23s) v33  draws=8  WR=0.703

[new 2/23] v10 vs v34 (400 games = 200/side, seed=88400) ...
  v10: 290(170u/120s)  v34: 107(78u/29s)  draws: 3  WR(v10)=0.729  t=16.2s
  [reuse] v10 207(161u/46s) - 179(144u/35s) v8  draws=14  WR=0.535
  [reuse] v10 198(145u/53s) - 187(139u/48s) v9  draws=15  WR=0.514
  [reuse] v11 162(120u/42s) - 222(151u/71s) v12  draws=16  WR=0.425
  [reuse] v11 189(127u/62s) - 203(135u/68s) v13  draws=8  WR=0.482
  [reuse] v11 169(121u/48s) - 216(144u/72s) v14  draws=15  WR=0.441
  [reuse] v11 149(107u/42s) - 235(152u/83s) v15  draws=16  WR=0.393
  [reuse] v11 157(114u/43s) - 230(149u/81s) v16  draws=13  WR=0.409
  [reuse] v11 155(109u/46s) - 236(150u/86s) v17  draws=9  WR=0.399
  [reuse] v11 148(118u/30s) - 240(167u/73s) v18  draws=12  WR=0.385
  [reuse] v11 132(94u/38s) - 254(154u/100s) v19  draws=14  WR=0.347
  [reuse] v11 119(89u/30s) - 272(168u/104s) v20  draws=9  WR=0.309
  [reuse] v11 130(93u/37s) - 253(155u/98s) v21  draws=17  WR=0.346
  [reuse] v11 129(99u/30s) - 254(162u/92s) v22  draws=17  WR=0.344
  [reuse] v11 304(187u/117s) - 95(82u/13s) v27  draws=1  WR=0.761
  [reuse] v11 283(176u/107s) - 110(89u/21s) v28  draws=7  WR=0.716
  [reuse] v11 291(184u/107s) - 105(90u/15s) v29  draws=4  WR=0.733
  [reuse] v11 265(163u/102s) - 125(93u/32s) v30  draws=10  WR=0.675
  [reuse] v11 273(178u/95s) - 123(104u/19s) v31  draws=4  WR=0.688
  [reuse] v11 278(171u/107s) - 120(92u/28s) v32  draws=2  WR=0.698
  [reuse] v11 289(180u/109s) - 109(91u/18s) v33  draws=2  WR=0.725

[new 3/23] v11 vs v34 (400 games = 200/side, seed=88800) ...
  v11: 279(179u/100s)  v34: 114(97u/17s)  draws: 7  WR(v11)=0.706  t=17.4s
  [reuse] v11 247(155u/92s) - 146(104u/42s) v8  draws=7  WR=0.626
  [reuse] v11 218(157u/61s) - 167(128u/39s) v9  draws=15  WR=0.564
  [reuse] v12 201(133u/68s) - 187(127u/60s) v13  draws=12  WR=0.517
  [reuse] v12 177(88u/89s) - 209(104u/105s) v14  draws=14  WR=0.460
  [reuse] v12 151(100u/51s) - 238(143u/95s) v15  draws=11  WR=0.391
  [reuse] v12 151(110u/41s) - 239(154u/85s) v16  draws=10  WR=0.390
  [reuse] v12 167(122u/45s) - 223(151u/72s) v17  draws=10  WR=0.430
  [reuse] v12 158(116u/42s) - 227(149u/78s) v18  draws=15  WR=0.414
  [reuse] v12 142(71u/71s) - 244(122u/122s) v19  draws=14  WR=0.372
  [reuse] v12 149(113u/36s) - 240(161u/79s) v20  draws=11  WR=0.386
  [reuse] v12 170(118u/52s) - 220(144u/76s) v21  draws=10  WR=0.438
  [reuse] v12 146(73u/73s) - 240(120u/120s) v22  draws=14  WR=0.383
  [reuse] v12 324(187u/137s) - 74(61u/13s) v27  draws=2  WR=0.812
  [reuse] v12 297(187u/110s) - 98(86u/12s) v28  draws=5  WR=0.749
  [reuse] v12 298(173u/125s) - 94(71u/23s) v29  draws=8  WR=0.755
  [reuse] v12 267(159u/108s) - 130(90u/40s) v30  draws=3  WR=0.671
  [reuse] v12 282(164u/118s) - 112(79u/33s) v31  draws=6  WR=0.713
  [reuse] v12 296(168u/128s) - 97(66u/31s) v32  draws=7  WR=0.749
  [reuse] v12 299(170u/129s) - 96(69u/27s) v33  draws=5  WR=0.754

[new 4/23] v12 vs v34 (400 games = 200/side, seed=89200) ...
  v12: 294(175u/119s)  v34: 103(79u/24s)  draws: 3  WR(v12)=0.739  t=16.8s
  [reuse] v12 121(60u/61s) - 75(37u/38s) v8  draws=4  WR=0.615
  [reuse] v12 217(146u/71s) - 178(126u/52s) v9  draws=5  WR=0.549
  [reuse] v13 188(120u/68s) - 200(125u/75s) v14  draws=12  WR=0.485
  [reuse] v13 158(115u/43s) - 228(151u/77s) v15  draws=14  WR=0.412
  [reuse] v13 163(111u/52s) - 220(138u/82s) v16  draws=17  WR=0.429
  [reuse] v13 158(108u/50s) - 237(148u/89s) v17  draws=5  WR=0.401
  [reuse] v13 149(108u/41s) - 240(151u/89s) v18  draws=11  WR=0.386
  [reuse] v13 151(104u/47s) - 226(140u/86s) v19  draws=23  WR=0.406
  [reuse] v13 150(108u/42s) - 244(155u/89s) v20  draws=6  WR=0.383
  [reuse] v13 156(116u/40s) - 235(158u/77s) v21  draws=9  WR=0.401
  [reuse] v13 131(104u/27s) - 250(165u/85s) v22  draws=19  WR=0.351
  [reuse] v13 321(189u/132s) - 75(64u/11s) v27  draws=4  WR=0.807
  [reuse] v13 301(187u/114s) - 92(80u/12s) v28  draws=7  WR=0.761
  [reuse] v13 302(169u/133s) - 88(62u/26s) v29  draws=10  WR=0.767
  [reuse] v13 295(171u/124s) - 102(75u/27s) v30  draws=3  WR=0.741
  [reuse] v13 277(162u/115s) - 116(78u/38s) v31  draws=7  WR=0.701
  [reuse] v13 275(172u/103s) - 116(91u/25s) v32  draws=9  WR=0.699
  [reuse] v13 293(164u/129s) - 101(70u/31s) v33  draws=6  WR=0.740

[new 5/23] v13 vs v34 (400 games = 200/side, seed=89600) ...
  v13: 313(171u/142s)  v34: 82(55u/27s)  draws: 5  WR(v13)=0.789  t=18.1s
  [reuse] v13 237(153u/84s) - 157(112u/45s) v8  draws=6  WR=0.600
  [reuse] v13 222(153u/69s) - 169(128u/41s) v9  draws=9  WR=0.566
  [reuse] v14 179(132u/47s) - 206(146u/60s) v15  draws=15  WR=0.466
  [reuse] v14 163(116u/47s) - 218(142u/76s) v16  draws=19  WR=0.431
  [reuse] v14 169(111u/58s) - 213(134u/79s) v17  draws=18  WR=0.445
  [reuse] v14 155(98u/57s) - 229(136u/93s) v18  draws=16  WR=0.407
  [reuse] v14 153(76u/77s) - 230(115u/115s) v19  draws=17  WR=0.404
  [reuse] v14 158(110u/48s) - 227(145u/82s) v20  draws=15  WR=0.414
  [reuse] v14 147(105u/42s) - 238(150u/88s) v21  draws=15  WR=0.386
  [reuse] v14 140(70u/70s) - 241(120u/121s) v22  draws=19  WR=0.374
  [reuse] v14 331(184u/147s) - 65(50u/15s) v27  draws=4  WR=0.833
  [reuse] v14 311(183u/128s) - 85(69u/16s) v28  draws=4  WR=0.782
  [reuse] v14 317(173u/144s) - 80(55u/25s) v29  draws=3  WR=0.796
  [reuse] v14 285(155u/130s) - 109(67u/42s) v30  draws=6  WR=0.720
  [reuse] v14 297(169u/128s) - 98(70u/28s) v31  draws=5  WR=0.749
  [reuse] v14 300(173u/127s) - 96(70u/26s) v32  draws=4  WR=0.755
  [reuse] v14 313(172u/141s) - 83(58u/25s) v33  draws=4  WR=0.787

[new 6/23] v14 vs v34 (400 games = 200/side, seed=90000) ...
  v14: 321(174u/147s)  v34: 76(52u/24s)  draws: 3  WR(v14)=0.806  t=17.9s
  [reuse] v14 247(123u/124s) - 137(68u/69s) v8  draws=16  WR=0.637
  [reuse] v14 249(163u/86s) - 138(108u/30s) v9  draws=13  WR=0.639
  [reuse] v15 193(128u/65s) - 188(125u/63s) v16  draws=19  WR=0.506
  [reuse] v15 170(115u/55s) - 212(139u/73s) v17  draws=18  WR=0.448
  [reuse] v15 182(124u/58s) - 206(135u/71s) v18  draws=12  WR=0.470
  [reuse] v15 166(115u/51s) - 223(142u/81s) v19  draws=11  WR=0.429
  [reuse] v15 159(106u/53s) - 223(140u/83s) v20  draws=18  WR=0.420
  [reuse] v15 175(122u/53s) - 210(138u/72s) v21  draws=15  WR=0.456
  [reuse] v15 156(91u/65s) - 223(125u/98s) v22  draws=21  WR=0.416
  [reuse] v15 328(187u/141s) - 69(56u/13s) v27  draws=3  WR=0.824
  [reuse] v15 310(184u/126s) - 84(71u/13s) v28  draws=6  WR=0.782
  [reuse] v15 305(171u/134s) - 91(62u/29s) v29  draws=4  WR=0.767
  [reuse] v15 299(166u/133s) - 98(64u/34s) v30  draws=3  WR=0.751
  [reuse] v15 312(185u/127s) - 86(71u/15s) v31  draws=2  WR=0.782
  [reuse] v15 292(165u/127s) - 102(68u/34s) v32  draws=6  WR=0.738
  [reuse] v15 315(174u/141s) - 82(58u/24s) v33  draws=3  WR=0.791

[new 7/23] v15 vs v34 (400 games = 200/side, seed=90400) ...
  v15: 313(176u/137s)  v34: 83(62u/21s)  draws: 4  WR(v15)=0.787  t=16.6s
  [reuse] v15 275(167u/108s) - 116(85u/31s) v8  draws=9  WR=0.699
  [reuse] v15 267(169u/98s) - 122(92u/30s) v9  draws=11  WR=0.681
  [reuse] v16 178(126u/52s) - 206(139u/67s) v17  draws=16  WR=0.465
  [reuse] v16 173(112u/61s) - 217(136u/81s) v18  draws=10  WR=0.445
  [reuse] v16 180(116u/64s) - 203(126u/77s) v19  draws=17  WR=0.471
  [reuse] v16 161(112u/49s) - 229(146u/83s) v20  draws=10  WR=0.415
  [reuse] v16 144(95u/49s) - 240(146u/94s) v21  draws=16  WR=0.380
  [reuse] v16 157(96u/61s) - 233(137u/96s) v22  draws=10  WR=0.405
  [reuse] v16 342(190u/152s) - 57(47u/10s) v27  draws=1  WR=0.856
  [reuse] v16 304(180u/124s) - 90(71u/19s) v28  draws=6  WR=0.767
  [reuse] v16 316(175u/141s) - 78(58u/20s) v29  draws=6  WR=0.797
  [reuse] v16 298(170u/128s) - 96(70u/26s) v30  draws=6  WR=0.752
  [reuse] v16 307(178u/129s) - 88(69u/19s) v31  draws=5  WR=0.774
  [reuse] v16 297(171u/126s) - 100(73u/27s) v32  draws=3  WR=0.746
  [reuse] v16 313(169u/144s) - 81(55u/26s) v33  draws=6  WR=0.790

[new 8/23] v16 vs v34 (400 games = 200/side, seed=90800) ...
  v16: 305(171u/134s)  v34: 89(66u/23s)  draws: 6  WR(v16)=0.770  t=18.0s
  [reuse] v16 282(162u/120s) - 109(77u/32s) v8  draws=9  WR=0.716
  [reuse] v16 251(161u/90s) - 137(101u/36s) v9  draws=12  WR=0.642
  [reuse] v17 187(128u/59s) - 199(138u/61s) v18  draws=14  WR=0.485
  [reuse] v17 165(107u/58s) - 218(135u/83s) v19  draws=17  WR=0.434
  [reuse] v17 164(111u/53s) - 214(137u/77s) v20  draws=22  WR=0.438
  [reuse] v17 175(128u/47s) - 209(146u/63s) v21  draws=16  WR=0.458
  [reuse] v17 168(113u/55s) - 219(141u/78s) v22  draws=13  WR=0.436
  [reuse] v17 340(195u/145s) - 57(53u/4s) v27  draws=3  WR=0.854
  [reuse] v17 312(178u/134s) - 82(64u/18s) v28  draws=6  WR=0.787
  [reuse] v17 330(186u/144s) - 66(54u/12s) v29  draws=4  WR=0.830
  [reuse] v17 303(174u/129s) - 90(67u/23s) v30  draws=7  WR=0.766
  [reuse] v17 299(175u/124s) - 95(72u/23s) v31  draws=6  WR=0.755
  [reuse] v17 295(176u/119s) - 101(78u/23s) v32  draws=4  WR=0.743
  [reuse] v17 322(173u/149s) - 78(51u/27s) v33  draws=0  WR=0.805

[new 9/23] v17 vs v34 (400 games = 200/side, seed=91200) ...
  v17: 302(166u/136s)  v34: 96(64u/32s)  draws: 2  WR(v17)=0.757  t=17.5s
  [reuse] v17 276(170u/106s) - 113(87u/26s) v8  draws=11  WR=0.704
  [reuse] v17 281(174u/107s) - 109(86u/23s) v9  draws=10  WR=0.715
  [reuse] v18 186(123u/63s) - 197(123u/74s) v19  draws=17  WR=0.486
  [reuse] v18 171(123u/48s) - 207(144u/63s) v20  draws=22  WR=0.455
  [reuse] v18 161(114u/47s) - 228(149u/79s) v21  draws=11  WR=0.416
  [reuse] v18 146(96u/50s) - 238(144u/94s) v22  draws=16  WR=0.385
  [reuse] v18 339(190u/149s) - 60(50u/10s) v27  draws=1  WR=0.849
  [reuse] v18 286(166u/120s) - 109(76u/33s) v28  draws=5  WR=0.721
  [reuse] v18 305(173u/132s) - 90(64u/26s) v29  draws=5  WR=0.769
  [reuse] v18 301(164u/137s) - 95(62u/33s) v30  draws=4  WR=0.757
  [reuse] v18 306(177u/129s) - 88(67u/21s) v31  draws=6  WR=0.772
  [reuse] v18 323(181u/142s) - 72(54u/18s) v32  draws=5  WR=0.814
  [reuse] v18 315(170u/145s) - 83(54u/29s) v33  draws=2  WR=0.790

[new 10/23] v18 vs v34 (400 games = 200/side, seed=91600) ...
  v18: 317(185u/132s)  v34: 80(68u/12s)  draws: 3  WR(v18)=0.796  t=17.0s
  [reuse] v18 266(167u/99s) - 123(94u/29s) v8  draws=11  WR=0.679
  [reuse] v18 258(171u/87s) - 133(108u/25s) v9  draws=9  WR=0.656
  [reuse] v19 192(124u/68s) - 187(119u/68s) v20  draws=21  WR=0.506
  [reuse] v19 183(114u/69s) - 198(125u/73s) v21  draws=19  WR=0.481
  [reuse] v19 178(89u/89s) - 210(105u/105s) v22  draws=12  WR=0.460
  [reuse] v19 337(191u/146s) - 62(54u/8s) v27  draws=1  WR=0.844
  [reuse] v19 309(178u/131s) - 85(65u/20s) v28  draws=6  WR=0.780
  [reuse] v19 332(183u/149s) - 62(48u/14s) v29  draws=6  WR=0.838
  [reuse] v19 304(160u/144s) - 91(54u/37s) v30  draws=5  WR=0.766
  [reuse] v19 288(164u/124s) - 105(74u/31s) v31  draws=7  WR=0.729
  [reuse] v19 317(180u/137s) - 77(59u/18s) v32  draws=6  WR=0.800
  [reuse] v19 318(167u/151s) - 75(48u/27s) v33  draws=7  WR=0.804

[new 11/23] v19 vs v34 (400 games = 200/side, seed=92000) ...
  v19: 314(179u/135s)  v34: 84(65u/19s)  draws: 2  WR(v19)=0.787  t=17.7s
  [reuse] v19 279(139u/140s) - 108(54u/54s) v8  draws=13  WR=0.714
  [reuse] v19 259(161u/98s) - 128(94u/34s) v9  draws=13  WR=0.664
  [reuse] v20 181(126u/55s) - 203(137u/66s) v21  draws=16  WR=0.472
  [reuse] v20 187(116u/71s) - 204(125u/79s) v22  draws=9  WR=0.479
  [reuse] v20 350(192u/158s) - 49(41u/8s) v27  draws=1  WR=0.876
  [reuse] v20 310(175u/135s) - 86(63u/23s) v28  draws=4  WR=0.780
  [reuse] v20 301(172u/129s) - 92(69u/23s) v29  draws=7  WR=0.761
  [reuse] v20 302(169u/133s) - 94(67u/27s) v30  draws=4  WR=0.760
  [reuse] v20 315(175u/140s) - 75(56u/19s) v31  draws=10  WR=0.800
  [reuse] v20 307(175u/132s) - 91(67u/24s) v32  draws=2  WR=0.770
  [reuse] v20 326(177u/149s) - 73(51u/22s) v33  draws=1  WR=0.816

[new 12/23] v20 vs v34 (400 games = 200/side, seed=92400) ...
  v20: 321(183u/138s)  v34: 75(61u/14s)  draws: 4  WR(v20)=0.807  t=17.9s
  [reuse] v20 280(175u/105s) - 106(86u/20s) v8  draws=14  WR=0.718
  [reuse] v20 257(167u/90s) - 124(97u/27s) v9  draws=19  WR=0.666
  [reuse] v21 181(118u/63s) - 201(125u/76s) v22  draws=18  WR=0.475
  [reuse] v21 342(191u/151s) - 57(49u/8s) v27  draws=1  WR=0.856
  [reuse] v21 314(176u/138s) - 80(58u/22s) v28  draws=6  WR=0.792
  [reuse] v21 309(168u/141s) - 90(59u/31s) v29  draws=1  WR=0.774
  [reuse] v21 292(164u/128s) - 105(71u/34s) v30  draws=3  WR=0.734
  [reuse] v21 298(170u/128s) - 99(72u/27s) v31  draws=3  WR=0.749
  [reuse] v21 325(182u/143s) - 69(52u/17s) v32  draws=6  WR=0.820
  [reuse] v21 333(182u/151s) - 66(49u/17s) v33  draws=1  WR=0.834

[new 13/23] v21 vs v34 (400 games = 200/side, seed=92800) ...
  v21: 312(175u/137s)  v34: 82(59u/23s)  draws: 6  WR(v21)=0.787  t=17.7s
  [reuse] v21 291(176u/115s) - 100(81u/19s) v8  draws=9  WR=0.739
  [reuse] v21 274(170u/104s) - 113(88u/25s) v9  draws=13  WR=0.701
  [reuse] v22 334(187u/147s) - 62(51u/11s) v27  draws=4  WR=0.840
  [reuse] v22 320(183u/137s) - 78(62u/16s) v28  draws=2  WR=0.802
  [reuse] v22 328(179u/149s) - 69(49u/20s) v29  draws=3  WR=0.824
  [reuse] v22 295(164u/131s) - 96(64u/32s) v30  draws=9  WR=0.749
  [reuse] v22 313(180u/133s) - 82(65u/17s) v31  draws=5  WR=0.789
  [reuse] v22 315(179u/136s) - 82(63u/19s) v32  draws=3  WR=0.791
  [reuse] v22 324(177u/147s) - 74(52u/22s) v33  draws=2  WR=0.812

[new 14/23] v22 vs v34 (400 games = 200/side, seed=93200) ...
  v22: 321(178u/143s)  v34: 76(57u/19s)  draws: 3  WR(v22)=0.806  t=17.5s
  [reuse] v22 282(141u/141s) - 109(54u/55s) v8  draws=9  WR=0.716
  [reuse] v22 253(166u/87s) - 134(105u/29s) v9  draws=13  WR=0.649
  [reuse] v27 143(97u/46s) - 256(153u/103s) v28  draws=1  WR=0.359
  [reuse] v27 119(71u/48s) - 274(149u/125s) v29  draws=7  WR=0.306
  [reuse] v27 107(62u/45s) - 288(152u/136s) v30  draws=5  WR=0.274
  [reuse] v27 133(76u/57s) - 262(140u/122s) v31  draws=5  WR=0.339
  [reuse] v27 110(68u/42s) - 283(154u/129s) v32  draws=7  WR=0.284
  [reuse] v27 104(51u/53s) - 293(146u/147s) v33  draws=3  WR=0.264

[new 15/23] v27 vs v34 (400 games = 200/side, seed=93600) ...
  v27: 131(80u/51s)  v34: 262(146u/116s)  draws: 7  WR(v27)=0.336  t=12.1s
  [reuse] v27 94(70u/24s) - 303(176u/127s) v8  draws=3  WR=0.239
  [reuse] v27 96(81u/15s) - 298(183u/115s) v9  draws=6  WR=0.247
  [reuse] v28 179(106u/73s) - 218(126u/92s) v29  draws=3  WR=0.451
  [reuse] v28 152(95u/57s) - 241(139u/102s) v30  draws=7  WR=0.389
  [reuse] v28 157(104u/53s) - 237(143u/94s) v31  draws=6  WR=0.400
  [reuse] v28 172(105u/67s) - 221(129u/92s) v32  draws=7  WR=0.439
  [reuse] v28 170(104u/66s) - 222(130u/92s) v33  draws=8  WR=0.435

[new 16/23] v28 vs v34 (400 games = 200/side, seed=94000) ...
  v28: 198(119u/79s)  v34: 193(115u/78s)  draws: 9  WR(v28)=0.506  t=14.5s
  [reuse] v28 123(106u/17s) - 269(179u/90s) v8  draws=8  WR=0.318
  [reuse] v28 120(96u/24s) - 275(174u/101s) v9  draws=5  WR=0.306
  [reuse] v29 178(75u/103s) - 217(93u/124s) v30  draws=5  WR=0.451
  [reuse] v29 175(94u/81s) - 216(115u/101s) v31  draws=9  WR=0.449
  [reuse] v29 193(108u/85s) - 201(111u/90s) v32  draws=6  WR=0.490
  [reuse] v29 191(95u/96s) - 205(100u/105s) v33  draws=4  WR=0.482

[new 17/23] v29 vs v34 (400 games = 200/side, seed=94400) ...
  v29: 189(90u/99s)  v34: 204(94u/110s)  draws: 7  WR(v29)=0.481  t=15.3s
  [reuse] v29 123(88u/35s) - 273(163u/110s) v8  draws=4  WR=0.312
  [reuse] v29 105(82u/23s) - 289(176u/113s) v9  draws=6  WR=0.270
  [reuse] v30 192(88u/104s) - 206(96u/110s) v31  draws=2  WR=0.482
  [reuse] v30 218(102u/116s) - 174(79u/95s) v32  draws=8  WR=0.555
  [reuse] v30 202(90u/112s) - 191(86u/105s) v33  draws=7  WR=0.514

[new 18/23] v30 vs v34 (400 games = 200/side, seed=94800) ...
  v30: 211(93u/118s)  v34: 185(80u/105s)  draws: 4  WR(v30)=0.532  t=15.1s
  [reuse] v30 140(93u/47s) - 254(149u/105s) v8  draws=6  WR=0.357
  [reuse] v30 138(90u/48s) - 246(143u/103s) v9  draws=16  WR=0.365
  [reuse] v31 181(92u/89s) - 211(107u/104s) v32  draws=8  WR=0.463
  [reuse] v31 203(107u/96s) - 190(98u/92s) v33  draws=7  WR=0.516

[new 19/23] v31 vs v34 (400 games = 200/side, seed=95200) ...
  v31: 231(109u/122s)  v34: 166(77u/89s)  draws: 3  WR(v31)=0.581  t=15.2s
  [reuse] v31 138(93u/45s) - 254(149u/105s) v8  draws=8  WR=0.355
  [reuse] v31 153(110u/43s) - 239(152u/87s) v9  draws=8  WR=0.393
  [reuse] v32 199(106u/93s) - 197(105u/92s) v33  draws=4  WR=0.502

[new 20/23] v32 vs v34 (400 games = 200/side, seed=95600) ...
  v32: 223(114u/109s)  v34: 170(89u/81s)  draws: 7  WR(v32)=0.566  t=15.0s
  [reuse] v32 121(89u/32s) - 269(165u/104s) v8  draws=10  WR=0.315
  [reuse] v32 133(109u/24s) - 259(173u/86s) v9  draws=8  WR=0.343

[new 21/23] v33 vs v34 (400 games = 200/side, seed=96000) ...
  v33: 201(102u/99s)  v34: 192(97u/95s)  draws: 7  WR(v33)=0.511  t=13.9s
  [reuse] v33 107(79u/28s) - 288(170u/118s) v8  draws=5  WR=0.274
  [reuse] v33 111(83u/28s) - 280(170u/110s) v9  draws=9  WR=0.289

[new 22/23] v34 vs v8 (400 games = 200/side, seed=96400) ...
  v34: 107(76u/31s)  v8: 285(165u/120s)  draws: 8  WR(v34)=0.278  t=17.3s

[new 23/23] v34 vs v9 (400 games = 200/side, seed=96800) ...
  v34: 113(94u/19s)  v9: 283(179u/104s)  draws: 4  WR(v34)=0.287  t=16.1s
  [reuse] v8 164(136u/28s) - 226(171u/55s) v9  draws=10  WR=0.422

Fitting BayesElo (combined) ...
Fitting BayesElo (bipartite per-side, anchor=v12_USSR=2001.0) ...

Model                   Elo    USSR*      US*    Gap                95% CI   vs anchor
  (* bipartite per-side, single anchor: v12_USSR=2001)
----------------------------------------------------------------------------------------
v22                    2092   2078   2014  +64  [  2084,   2101]  +91
v21                    2079   2109   1966  +142  [  2071,   2087]  +78
v20                    2077   2108   1964  +144  [  2069,   2085]  +76
v19                    2072   2050   1998  +52  [  2064,   2080]  +71
v18                    2057   2087   1940  +147  [  2049,   2065]  +56
v17                    2056   2087   1939  +148  [  2048,   2064]  +55
v15                    2048   2067   1937  +130  [  2040,   2055]  +47
v16                    2042   2062   1932  +130  [  2035,   2050]  +41
v14                    2021   2002   1938  +64  [  2013,   2028]  +20
v12                    2001   2001   1898  +103  [  2001,   2001]  +0
v13                    1999   2024   1872  +152  [  1991,   2006]  -2
v11                    1977   2023   1827  +196  [  1970,   1985]  -24
v10                    1955   1997   1802  +195  [  1947,   1962]  -46
v9                     1948   1994   1787  +208  [  1940,   1955]  -53
v8                     1930   1927   1818  +109  [  1922,   1938]  -71
v30                    1860   1797   1806  -8  [  1852,   1868]  -141
v31                    1850   1817   1761  +56  [  1843,   1858]  -151
v32                    1841   1810   1748  +61  [  1833,   1849]  -160
v33                    1823   1772   1754  +17  [  1816,   1831]  -178
v29                    1819   1774   1740  +34  [  1811,   1827]  -182
v28                    1815   1818   1670  +147  [  1807,   1823]  -186
v34                    1812   1770   1728  +42  [  1804,   1820]  -189
v27                    1731   1717   1596  +121  [  1723,   1740]  -270
heuristic              1667   1619   1581  +38  [  1657,   1676]  -334

Pair                              Obs WR   Bip WR   Comb WR   Bip err   Comb err
------------------------------------------------------------------------------------
heuristic      vs v10              0.117    0.171     0.160    -0.054     -0.042
heuristic      vs v11              0.177    0.152     0.143    +0.025     +0.034
heuristic      vs v12              0.212    0.124     0.127    +0.088     +0.085
heuristic      vs v13              0.220    0.131     0.129    +0.089     +0.091
heuristic      vs v14              0.169    0.109     0.115    +0.059     +0.054
heuristic      vs v15              0.096    0.098     0.100    -0.002     -0.004
heuristic      vs v16              0.150    0.100     0.103    +0.050     +0.047
heuristic      vs v17              0.113    0.094     0.096    +0.018     +0.016
heuristic      vs v18              0.089    0.094     0.096    -0.005     -0.007
heuristic      vs v19              0.135    0.082     0.088    +0.053     +0.047
heuristic      vs v20              0.120    0.083     0.086    +0.037     +0.034
heuristic      vs v21              0.122    0.082     0.085    +0.040     +0.037
heuristic      vs v22              0.119    0.074     0.079    +0.045     +0.039
heuristic      vs v27              0.301    0.423     0.408    -0.121     -0.107
heuristic      vs v28              0.245    0.315     0.298    -0.070     -0.053
heuristic      vs v29              0.231    0.289     0.294    -0.058     -0.062
heuristic      vs v30              0.210    0.239     0.248    -0.029     -0.038
heuristic      vs v31              0.224    0.255     0.258    -0.032     -0.034
heuristic      vs v32              0.235    0.267     0.268    -0.032     -0.033
heuristic      vs v33              0.254    0.282     0.289    -0.028     -0.035
heuristic      vs v34              0.346    0.299     0.302    +0.047     +0.044
heuristic      vs v8               0.110    0.181     0.180    -0.071     -0.070
heuristic      vs v9               0.199    0.180     0.165    +0.019     +0.033
v10            vs v11              0.409    0.473     0.468    -0.064     -0.059
v10            vs v12              0.393    0.440     0.434    -0.047     -0.041
v10            vs v13              0.396    0.445     0.437    -0.049     -0.041
v10            vs v14              0.405    0.412     0.406    -0.007     -0.001
v10            vs v15              0.334    0.382     0.370    -0.048     -0.036
v10            vs v16              0.378    0.388     0.377    -0.010     +0.001
v10            vs v17              0.366    0.372     0.358    -0.006     +0.008
v10            vs v18              0.354    0.372     0.358    -0.018     -0.004
v10            vs v19              0.364    0.346     0.338    +0.018     +0.026
v10            vs v20              0.384    0.347     0.331    +0.037     +0.053
v10            vs v21              0.375    0.345     0.329    +0.030     +0.046
v10            vs v22              0.269    0.322     0.312    -0.053     -0.043
v10            vs v27              0.767    0.764     0.784    +0.003     -0.016
v10            vs v28              0.670    0.672     0.691    -0.002     -0.021
v10            vs v29              0.694    0.677     0.686    +0.017     +0.008
v10            vs v30              0.631    0.628     0.634    +0.003     -0.002
v10            vs v31              0.674    0.637     0.646    +0.037     +0.028
v10            vs v32              0.682    0.648     0.658    +0.035     +0.024
v10            vs v33              0.703    0.672     0.681    +0.030     +0.022
v10            vs v34              0.729    0.685     0.695    +0.044     +0.034
v10            vs v8               0.535    0.532     0.535    +0.003     -0.000
v10            vs v9               0.514    0.509     0.510    +0.005     +0.004
v11            vs v12              0.425    0.471     0.466    -0.046     -0.041
v11            vs v13              0.482    0.474     0.469    +0.008     +0.013
v11            vs v14              0.441    0.444     0.438    -0.003     +0.003
v11            vs v15              0.393    0.411     0.400    -0.019     -0.008
v11            vs v16              0.409    0.417     0.407    -0.008     +0.001
v11            vs v17              0.399    0.401     0.389    -0.002     +0.010
v11            vs v18              0.385    0.400     0.388    -0.015     -0.003
v11            vs v19              0.347    0.376     0.367    -0.029     -0.020
v11            vs v20              0.309    0.375     0.360    -0.066     -0.051
v11            vs v21              0.346    0.373     0.358    -0.027     -0.012
v11            vs v22              0.344    0.352     0.340    -0.008     +0.004
v11            vs v27              0.761    0.787     0.805    -0.026     -0.044
v11            vs v28              0.716    0.698     0.718    +0.018     -0.001
v11            vs v29              0.733    0.705     0.713    +0.027     +0.019
v11            vs v30              0.675    0.660     0.663    +0.015     +0.012
v11            vs v31              0.688    0.667     0.675    +0.021     +0.012
v11            vs v32              0.698    0.677     0.687    +0.020     +0.010
v11            vs v33              0.725    0.702     0.708    +0.023     +0.017
v11            vs v34              0.706    0.713     0.722    -0.007     -0.015
v11            vs v8               0.626    0.562     0.567    +0.064     +0.059
v11            vs v9               0.564    0.536     0.543    +0.028     +0.021
v12            vs v13              0.517    0.502     0.503    +0.016     +0.014
v12            vs v14              0.460    0.472     0.472    -0.012     -0.012
v12            vs v15              0.391    0.433     0.433    -0.042     -0.042
v12            vs v16              0.390    0.439     0.441    -0.049     -0.051
v12            vs v17              0.430    0.420     0.421    +0.010     +0.009
v12            vs v18              0.414    0.420     0.421    -0.006     -0.007
v12            vs v19              0.372    0.399     0.399    -0.026     -0.027
v12            vs v20              0.386    0.391     0.392    -0.005     -0.006
v12            vs v21              0.438    0.389     0.390    +0.048     +0.048
v12            vs v22              0.383    0.371     0.371    +0.011     +0.011
v12            vs v27              0.812    0.825     0.825    -0.012     -0.013
v12            vs v28              0.749    0.742     0.744    +0.007     +0.004
v12            vs v29              0.755    0.744     0.740    +0.011     +0.015
v12            vs v30              0.671    0.698     0.693    -0.026     -0.021
v12            vs v31              0.713    0.707     0.704    +0.006     +0.008
v12            vs v32              0.749    0.718     0.715    +0.031     +0.033
v12            vs v33              0.754    0.740     0.735    +0.014     +0.018
v12            vs v34              0.739    0.752     0.748    -0.013     -0.009
v12            vs v8               0.615    0.600     0.600    +0.015     +0.015
v12            vs v9               0.549    0.569     0.576    -0.021     -0.027
v13            vs v14              0.485    0.472     0.468    +0.013     +0.017
v13            vs v15              0.412    0.434     0.430    -0.022     -0.018
v13            vs v16              0.429    0.440     0.437    -0.012     -0.009
v13            vs v17              0.401    0.422     0.418    -0.021     -0.017
v13            vs v18              0.386    0.422     0.417    -0.036     -0.031
v13            vs v19              0.406    0.401     0.396    +0.006     +0.010
v13            vs v20              0.383    0.395     0.389    -0.013     -0.006
v13            vs v21              0.401    0.393     0.387    +0.008     +0.015
v13            vs v22              0.351    0.374     0.368    -0.023     -0.017
v13            vs v27              0.807    0.815     0.823    -0.008     -0.016
v13            vs v28              0.761    0.731     0.742    +0.030     +0.019
v13            vs v29              0.767    0.737     0.738    +0.031     +0.030
v13            vs v30              0.741    0.692     0.690    +0.049     +0.051
v13            vs v31              0.701    0.699     0.701    +0.002     -0.000
v13            vs v32              0.699    0.710     0.713    -0.011     -0.014
v13            vs v33              0.740    0.733     0.733    +0.007     +0.007
v13            vs v34              0.789    0.744     0.746    +0.045     +0.043
v13            vs v8               0.600    0.594     0.597    +0.006     +0.003
v13            vs v9               0.566    0.564     0.573    +0.003     -0.006
v14            vs v15              0.466    0.457     0.461    +0.009     +0.005
v14            vs v16              0.431    0.464     0.469    -0.033     -0.037
v14            vs v17              0.445    0.443     0.449    +0.002     -0.004
v14            vs v18              0.407    0.443     0.448    -0.035     -0.041
v14            vs v19              0.404    0.424     0.427    -0.021     -0.023
v14            vs v20              0.414    0.414     0.419    +0.000     -0.006
v14            vs v21              0.386    0.411     0.417    -0.025     -0.031
v14            vs v22              0.374    0.395     0.398    -0.021     -0.024
v14            vs v27              0.833    0.846     0.841    -0.014     -0.008
v14            vs v28              0.782    0.768     0.765    +0.014     +0.017
v14            vs v29              0.796    0.769     0.762    +0.028     +0.035
v14            vs v30              0.720    0.724     0.716    -0.004     +0.004
v14            vs v31              0.749    0.734     0.727    +0.015     +0.022
v14            vs v32              0.755    0.744     0.738    +0.011     +0.017
v14            vs v33              0.787    0.764     0.757    +0.023     +0.031
v14            vs v34              0.806    0.776     0.769    +0.030     +0.037
v14            vs v8               0.637    0.629     0.627    +0.009     +0.010
v14            vs v9               0.639    0.597     0.603    +0.042     +0.035
v15            vs v16              0.506    0.506     0.507    -0.000     -0.001
v15            vs v17              0.448    0.486     0.488    -0.039     -0.040
v15            vs v18              0.470    0.486     0.487    -0.016     -0.017
v15            vs v19              0.429    0.470     0.465    -0.041     -0.036
v15            vs v20              0.420    0.458     0.458    -0.038     -0.038
v15            vs v21              0.456    0.456     0.455    +0.000     +0.001
v15            vs v22              0.416    0.441     0.436    -0.025     -0.020
v15            vs v27              0.824    0.858     0.861    -0.035     -0.037
v15            vs v28              0.782    0.786     0.792    -0.003     -0.010
v15            vs v29              0.767    0.793     0.789    -0.025     -0.021
v15            vs v30              0.751    0.754     0.747    -0.003     +0.004
v15            vs v31              0.782    0.760     0.757    +0.023     +0.026
v15            vs v32              0.738    0.769     0.767    -0.031     -0.029
v15            vs v33              0.791    0.790     0.784    +0.002     +0.007
v15            vs v34              0.787    0.799     0.795    -0.012     -0.008
v15            vs v8               0.699    0.661     0.663    +0.038     +0.036
v15            vs v9               0.681    0.626     0.640    +0.056     +0.041
v16            vs v17              0.465    0.480     0.480    -0.015     -0.015
v16            vs v18              0.445    0.480     0.480    -0.035     -0.035
v16            vs v19              0.471    0.463     0.458    +0.008     +0.014
v16            vs v20              0.415    0.452     0.450    -0.037     -0.035
v16            vs v21              0.380    0.450     0.448    -0.070     -0.068
v16            vs v22              0.405    0.434     0.429    -0.029     -0.024
v16            vs v27              0.856    0.855     0.857    +0.001     -0.001
v16            vs v28              0.767    0.782     0.787    -0.014     -0.020
v16            vs v29              0.797    0.788     0.783    +0.009     +0.014
v16            vs v30              0.752    0.749     0.741    +0.004     +0.011
v16            vs v31              0.774    0.755     0.751    +0.019     +0.023
v16            vs v32              0.746    0.764     0.761    -0.018     -0.015
v16            vs v33              0.790    0.785     0.779    +0.005     +0.011
v16            vs v34              0.770    0.795     0.790    -0.025     -0.020
v16            vs v8               0.716    0.655     0.656    +0.062     +0.060
v16            vs v9               0.642    0.620     0.633    +0.022     +0.010
v17            vs v18              0.485    0.500     0.499    -0.015     -0.014
v17            vs v19              0.434    0.485     0.477    -0.051     -0.043
v17            vs v20              0.438    0.472     0.470    -0.035     -0.032
v17            vs v21              0.458    0.470     0.467    -0.013     -0.010
v17            vs v22              0.436    0.456     0.448    -0.020     -0.012
v17            vs v27              0.854    0.863     0.866    -0.009     -0.013
v17            vs v28              0.787    0.792     0.800    -0.005     -0.012
v17            vs v29              0.830    0.801     0.797    +0.029     +0.033
v17            vs v30              0.766    0.764     0.756    +0.002     +0.010
v17            vs v31              0.755    0.768     0.766    -0.013     -0.011
v17            vs v32              0.743    0.777     0.775    -0.034     -0.033
v17            vs v33              0.805    0.798     0.792    +0.007     +0.013
v17            vs v34              0.757    0.806     0.803    -0.049     -0.046
v17            vs v8               0.704    0.671     0.674    +0.033     +0.030
v17            vs v9               0.715    0.635     0.651    +0.080     +0.064
v18            vs v19              0.486    0.486     0.478    +0.001     +0.008
v18            vs v20              0.455    0.473     0.471    -0.018     -0.016
v18            vs v21              0.416    0.471     0.468    -0.054     -0.052
v18            vs v22              0.385    0.457     0.449    -0.072     -0.064
v18            vs v27              0.849    0.863     0.867    -0.014     -0.018
v18            vs v28              0.721    0.793     0.800    -0.071     -0.079
v18            vs v29              0.769    0.801     0.797    -0.032     -0.028
v18            vs v30              0.757    0.764     0.756    -0.007     +0.001
v18            vs v31              0.772    0.769     0.766    +0.004     +0.006
v18            vs v32              0.814    0.777     0.776    +0.036     +0.038
v18            vs v33              0.790    0.798     0.793    -0.008     -0.003
v18            vs v34              0.796    0.807     0.804    -0.011     -0.007
v18            vs v8               0.679    0.671     0.674    +0.007     +0.004
v18            vs v9               0.656    0.636     0.652    +0.021     +0.004
v19            vs v20              0.506    0.484     0.492    +0.022     +0.014
v19            vs v21              0.481    0.482     0.490    -0.001     -0.009
v19            vs v22              0.460    0.469     0.471    -0.009     -0.011
v19            vs v27              0.844    0.883     0.877    -0.039     -0.033
v19            vs v28              0.780    0.819     0.814    -0.039     -0.034
v19            vs v29              0.838    0.820     0.811    +0.018     +0.027
v19            vs v30              0.766    0.782     0.772    -0.016     -0.006
v19            vs v31              0.729    0.790     0.782    -0.061     -0.053
v19            vs v32              0.800    0.799     0.791    +0.001     +0.009
v19            vs v33              0.804    0.816     0.807    -0.013     -0.003
v19            vs v34              0.787    0.826     0.817    -0.039     -0.030
v19            vs v8               0.714    0.696     0.693    +0.017     +0.020
v19            vs v9               0.664    0.663     0.672    +0.001     -0.008
v20            vs v21              0.472    0.498     0.498    -0.026     -0.025
v20            vs v22              0.479    0.486     0.478    -0.008     +0.001
v20            vs v27              0.876    0.878     0.880    -0.001     -0.004
v20            vs v28              0.780    0.812     0.819    -0.032     -0.039
v20            vs v29              0.761    0.820     0.815    -0.059     -0.054
v20            vs v30              0.760    0.787     0.778    -0.027     -0.018
v20            vs v31              0.800    0.790     0.787    +0.010     +0.013
v20            vs v32              0.770    0.798     0.796    -0.028     -0.026
v20            vs v33              0.816    0.818     0.812    -0.002     +0.005
v20            vs v34              0.807    0.826     0.822    -0.018     -0.014
v20            vs v8               0.718    0.697     0.700    +0.020     +0.018
v20            vs v9               0.666    0.660     0.678    +0.006     -0.012
v21            vs v22              0.475    0.488     0.481    -0.013     -0.006
v21            vs v27              0.856    0.879     0.881    -0.023     -0.025
v21            vs v28              0.792    0.814     0.820    -0.021     -0.028
v21            vs v29              0.774    0.822     0.817    -0.048     -0.043
v21            vs v30              0.734    0.788     0.779    -0.055     -0.045
v21            vs v31              0.749    0.792     0.788    -0.043     -0.040
v21            vs v32              0.820    0.800     0.797    +0.020     +0.023
v21            vs v33              0.834    0.820     0.813    +0.014     +0.021
v21            vs v34              0.787    0.827     0.823    -0.040     -0.036
v21            vs v8               0.739    0.699     0.702    +0.040     +0.037
v21            vs v9               0.701    0.662     0.680    +0.039     +0.021
v22            vs v27              0.840    0.894     0.889    -0.054     -0.049
v22            vs v28              0.802    0.834     0.831    -0.032     -0.029
v22            vs v29              0.824    0.837     0.828    -0.013     -0.005
v22            vs v30              0.749    0.802     0.792    -0.053     -0.044
v22            vs v31              0.789    0.809     0.801    -0.021     -0.012
v22            vs v32              0.791    0.817     0.810    -0.026     -0.018
v22            vs v33              0.812    0.834     0.825    -0.021     -0.012
v22            vs v34              0.806    0.843     0.834    -0.036     -0.028
v22            vs v8               0.716    0.720     0.718    -0.004     -0.002
v22            vs v9               0.649    0.686     0.697    -0.037     -0.048
v27            vs v28              0.359    0.393     0.381    -0.034     -0.023
v27            vs v29              0.306    0.366     0.376    -0.059     -0.070
v27            vs v30              0.274    0.307     0.323    -0.034     -0.049
v27            vs v31              0.339    0.329     0.335    +0.010     +0.004
v27            vs v32              0.284    0.341     0.347    -0.057     -0.064
v27            vs v33              0.264    0.357     0.370    -0.093     -0.107
v27            vs v34              0.336    0.376     0.386    -0.040     -0.050
v27            vs v8               0.239    0.244     0.241    -0.006     -0.003
v27            vs v9               0.247    0.247     0.223    +0.001     +0.024
v28            vs v29              0.451    0.482     0.495    -0.031     -0.043
v28            vs v30              0.389    0.421     0.436    -0.033     -0.048
v28            vs v31              0.400    0.441     0.450    -0.041     -0.050
v28            vs v32              0.439    0.454     0.463    -0.016     -0.025
v28            vs v33              0.435    0.474     0.488    -0.039     -0.053
v28            vs v34              0.506    0.493     0.505    +0.013     +0.001
v28            vs v8               0.318    0.343     0.340    -0.025     -0.023
v28            vs v9               0.306    0.339     0.318    -0.033     -0.012
v29            vs v30              0.451    0.437     0.442    +0.014     +0.010
v29            vs v31              0.449    0.456     0.455    -0.007     -0.006
v29            vs v32              0.490    0.470     0.469    +0.020     +0.021
v29            vs v33              0.482    0.492     0.494    -0.009     -0.011
v29            vs v34              0.481    0.511     0.510    -0.030     -0.029
v29            vs v8               0.312    0.346     0.345    -0.034     -0.033
v29            vs v9               0.270    0.335     0.323    -0.065     -0.053
v30            vs v31              0.482    0.518     0.513    -0.036     -0.031
v30            vs v32              0.555    0.532     0.527    +0.023     +0.028
v30            vs v33              0.514    0.555     0.552    -0.042     -0.038
v30            vs v34              0.532    0.575     0.569    -0.042     -0.036
v30            vs v8               0.357    0.401     0.400    -0.044     -0.042
v30            vs v9               0.365    0.384     0.376    -0.019     -0.011
v31            vs v32              0.463    0.514     0.514    -0.051     -0.051
v31            vs v33              0.516    0.537     0.539    -0.020     -0.023
v31            vs v34              0.581    0.555     0.555    +0.026     +0.026
v31            vs v8               0.355    0.388     0.387    -0.033     -0.032
v31            vs v9               0.393    0.375     0.363    +0.018     +0.029
v32            vs v33              0.502    0.523     0.525    -0.020     -0.022
v32            vs v34              0.566    0.542     0.542    +0.025     +0.025
v32            vs v8               0.315    0.376     0.374    -0.061     -0.059
v32            vs v9               0.343    0.364     0.351    -0.021     -0.008
v33            vs v34              0.511    0.520     0.517    -0.008     -0.006
v33            vs v8               0.274    0.352     0.351    -0.078     -0.077
v33            vs v9               0.289    0.339     0.328    -0.051     -0.040
v34            vs v8               0.278    0.337     0.336    -0.059     -0.058
v34            vs v9               0.287    0.327     0.314    -0.039     -0.026
v8             vs v9               0.422    0.479     0.475    -0.056     -0.052
------------------------------------------------------------------------------------
                                              RMSE    0.0335     0.0323
  (bipartite RMSE >= combined RMSE → bipartite model not better fit)

Saved to results/elo_full_ladder.json
