=== ELO update: adding v59 ===
Exporting checkpoints to TorchScript ...
  heuristic: built-in heuristic (no export needed)
Loaded 1179 match results from cache results/matches/

Match schedule (496 total, 31 new, 465 reused from prior run):
  heuristic vs v10  [reuse]
  heuristic vs v11  [reuse]
  heuristic vs v12  [reuse]
  heuristic vs v13  [reuse]
  heuristic vs v14  [reuse]
  heuristic vs v15  [reuse]
  heuristic vs v16  [reuse]
  heuristic vs v17  [reuse]
  heuristic vs v18  [reuse]
  heuristic vs v19  [reuse]
  heuristic vs v20  [reuse]
  heuristic vs v21  [reuse]
  heuristic vs v22  [reuse]
  heuristic vs v44  [reuse]
  heuristic vs v45  [reuse]
  heuristic vs v46  [reuse]
  heuristic vs v47  [reuse]
  heuristic vs v48  [reuse]
  heuristic vs v49  [reuse]
  heuristic vs v50  [reuse]
  heuristic vs v51  [reuse]
  heuristic vs v52  [reuse]
  heuristic vs v53  [reuse]
  heuristic vs v54  [reuse]
  heuristic vs v55  [reuse]
  heuristic vs v56  [reuse]
  heuristic vs v57  [reuse]
  heuristic vs v58  [reuse]
  heuristic vs v59
  heuristic vs v8  [reuse]
  heuristic vs v9  [reuse]
  v10 vs v11  [reuse]
  v10 vs v12  [reuse]
  v10 vs v13  [reuse]
  v10 vs v14  [reuse]
  v10 vs v15  [reuse]
  v10 vs v16  [reuse]
  v10 vs v17  [reuse]
  v10 vs v18  [reuse]
  v10 vs v19  [reuse]
  v10 vs v20  [reuse]
  v10 vs v21  [reuse]
  v10 vs v22  [reuse]
  v10 vs v44  [reuse]
  v10 vs v45  [reuse]
  v10 vs v46  [reuse]
  v10 vs v47  [reuse]
  v10 vs v48  [reuse]
  v10 vs v49  [reuse]
  v10 vs v50  [reuse]
  v10 vs v51  [reuse]
  v10 vs v52  [reuse]
  v10 vs v53  [reuse]
  v10 vs v54  [reuse]
  v10 vs v55  [reuse]
  v10 vs v56  [reuse]
  v10 vs v57  [reuse]
  v10 vs v58  [reuse]
  v10 vs v59
  v10 vs v8  [reuse]
  v10 vs v9  [reuse]
  v11 vs v12  [reuse]
  v11 vs v13  [reuse]
  v11 vs v14  [reuse]
  v11 vs v15  [reuse]
  v11 vs v16  [reuse]
  v11 vs v17  [reuse]
  v11 vs v18  [reuse]
  v11 vs v19  [reuse]
  v11 vs v20  [reuse]
  v11 vs v21  [reuse]
  v11 vs v22  [reuse]
  v11 vs v44  [reuse]
  v11 vs v45  [reuse]
  v11 vs v46  [reuse]
  v11 vs v47  [reuse]
  v11 vs v48  [reuse]
  v11 vs v49  [reuse]
  v11 vs v50  [reuse]
  v11 vs v51  [reuse]
  v11 vs v52  [reuse]
  v11 vs v53  [reuse]
  v11 vs v54  [reuse]
  v11 vs v55  [reuse]
  v11 vs v56  [reuse]
  v11 vs v57  [reuse]
  v11 vs v58  [reuse]
  v11 vs v59
  v11 vs v8  [reuse]
  v11 vs v9  [reuse]
  v12 vs v13  [reuse]
  v12 vs v14  [reuse]
  v12 vs v15  [reuse]
  v12 vs v16  [reuse]
  v12 vs v17  [reuse]
  v12 vs v18  [reuse]
  v12 vs v19  [reuse]
  v12 vs v20  [reuse]
  v12 vs v21  [reuse]
  v12 vs v22  [reuse]
  v12 vs v44  [reuse]
  v12 vs v45  [reuse]
  v12 vs v46  [reuse]
  v12 vs v47  [reuse]
  v12 vs v48  [reuse]
  v12 vs v49  [reuse]
  v12 vs v50  [reuse]
  v12 vs v51  [reuse]
  v12 vs v52  [reuse]
  v12 vs v53  [reuse]
  v12 vs v54  [reuse]
  v12 vs v55  [reuse]
  v12 vs v56  [reuse]
  v12 vs v57  [reuse]
  v12 vs v58  [reuse]
  v12 vs v59
  v12 vs v8  [reuse]
  v12 vs v9  [reuse]
  v13 vs v14  [reuse]
  v13 vs v15  [reuse]
  v13 vs v16  [reuse]
  v13 vs v17  [reuse]
  v13 vs v18  [reuse]
  v13 vs v19  [reuse]
  v13 vs v20  [reuse]
  v13 vs v21  [reuse]
  v13 vs v22  [reuse]
  v13 vs v44  [reuse]
  v13 vs v45  [reuse]
  v13 vs v46  [reuse]
  v13 vs v47  [reuse]
  v13 vs v48  [reuse]
  v13 vs v49  [reuse]
  v13 vs v50  [reuse]
  v13 vs v51  [reuse]
  v13 vs v52  [reuse]
  v13 vs v53  [reuse]
  v13 vs v54  [reuse]
  v13 vs v55  [reuse]
  v13 vs v56  [reuse]
  v13 vs v57  [reuse]
  v13 vs v58  [reuse]
  v13 vs v59
  v13 vs v8  [reuse]
  v13 vs v9  [reuse]
  v14 vs v15  [reuse]
  v14 vs v16  [reuse]
  v14 vs v17  [reuse]
  v14 vs v18  [reuse]
  v14 vs v19  [reuse]
  v14 vs v20  [reuse]
  v14 vs v21  [reuse]
  v14 vs v22  [reuse]
  v14 vs v44  [reuse]
  v14 vs v45  [reuse]
  v14 vs v46  [reuse]
  v14 vs v47  [reuse]
  v14 vs v48  [reuse]
  v14 vs v49  [reuse]
  v14 vs v50  [reuse]
  v14 vs v51  [reuse]
  v14 vs v52  [reuse]
  v14 vs v53  [reuse]
  v14 vs v54  [reuse]
  v14 vs v55  [reuse]
  v14 vs v56  [reuse]
  v14 vs v57  [reuse]
  v14 vs v58  [reuse]
  v14 vs v59
  v14 vs v8  [reuse]
  v14 vs v9  [reuse]
  v15 vs v16  [reuse]
  v15 vs v17  [reuse]
  v15 vs v18  [reuse]
  v15 vs v19  [reuse]
  v15 vs v20  [reuse]
  v15 vs v21  [reuse]
  v15 vs v22  [reuse]
  v15 vs v44  [reuse]
  v15 vs v45  [reuse]
  v15 vs v46  [reuse]
  v15 vs v47  [reuse]
  v15 vs v48  [reuse]
  v15 vs v49  [reuse]
  v15 vs v50  [reuse]
  v15 vs v51  [reuse]
  v15 vs v52  [reuse]
  v15 vs v53  [reuse]
  v15 vs v54  [reuse]
  v15 vs v55  [reuse]
  v15 vs v56  [reuse]
  v15 vs v57  [reuse]
  v15 vs v58  [reuse]
  v15 vs v59
  v15 vs v8  [reuse]
  v15 vs v9  [reuse]
  v16 vs v17  [reuse]
  v16 vs v18  [reuse]
  v16 vs v19  [reuse]
  v16 vs v20  [reuse]
  v16 vs v21  [reuse]
  v16 vs v22  [reuse]
  v16 vs v44  [reuse]
  v16 vs v45  [reuse]
  v16 vs v46  [reuse]
  v16 vs v47  [reuse]
  v16 vs v48  [reuse]
  v16 vs v49  [reuse]
  v16 vs v50  [reuse]
  v16 vs v51  [reuse]
  v16 vs v52  [reuse]
  v16 vs v53  [reuse]
  v16 vs v54  [reuse]
  v16 vs v55  [reuse]
  v16 vs v56  [reuse]
  v16 vs v57  [reuse]
  v16 vs v58  [reuse]
  v16 vs v59
  v16 vs v8  [reuse]
  v16 vs v9  [reuse]
  v17 vs v18  [reuse]
  v17 vs v19  [reuse]
  v17 vs v20  [reuse]
  v17 vs v21  [reuse]
  v17 vs v22  [reuse]
  v17 vs v44  [reuse]
  v17 vs v45  [reuse]
  v17 vs v46  [reuse]
  v17 vs v47  [reuse]
  v17 vs v48  [reuse]
  v17 vs v49  [reuse]
  v17 vs v50  [reuse]
  v17 vs v51  [reuse]
  v17 vs v52  [reuse]
  v17 vs v53  [reuse]
  v17 vs v54  [reuse]
  v17 vs v55  [reuse]
  v17 vs v56  [reuse]
  v17 vs v57  [reuse]
  v17 vs v58  [reuse]
  v17 vs v59
  v17 vs v8  [reuse]
  v17 vs v9  [reuse]
  v18 vs v19  [reuse]
  v18 vs v20  [reuse]
  v18 vs v21  [reuse]
  v18 vs v22  [reuse]
  v18 vs v44  [reuse]
  v18 vs v45  [reuse]
  v18 vs v46  [reuse]
  v18 vs v47  [reuse]
  v18 vs v48  [reuse]
  v18 vs v49  [reuse]
  v18 vs v50  [reuse]
  v18 vs v51  [reuse]
  v18 vs v52  [reuse]
  v18 vs v53  [reuse]
  v18 vs v54  [reuse]
  v18 vs v55  [reuse]
  v18 vs v56  [reuse]
  v18 vs v57  [reuse]
  v18 vs v58  [reuse]
  v18 vs v59
  v18 vs v8  [reuse]
  v18 vs v9  [reuse]
  v19 vs v20  [reuse]
  v19 vs v21  [reuse]
  v19 vs v22  [reuse]
  v19 vs v44  [reuse]
  v19 vs v45  [reuse]
  v19 vs v46  [reuse]
  v19 vs v47  [reuse]
  v19 vs v48  [reuse]
  v19 vs v49  [reuse]
  v19 vs v50  [reuse]
  v19 vs v51  [reuse]
  v19 vs v52  [reuse]
  v19 vs v53  [reuse]
  v19 vs v54  [reuse]
  v19 vs v55  [reuse]
  v19 vs v56  [reuse]
  v19 vs v57  [reuse]
  v19 vs v58  [reuse]
  v19 vs v59
  v19 vs v8  [reuse]
  v19 vs v9  [reuse]
  v20 vs v21  [reuse]
  v20 vs v22  [reuse]
  v20 vs v44  [reuse]
  v20 vs v45  [reuse]
  v20 vs v46  [reuse]
  v20 vs v47  [reuse]
  v20 vs v48  [reuse]
  v20 vs v49  [reuse]
  v20 vs v50  [reuse]
  v20 vs v51  [reuse]
  v20 vs v52  [reuse]
  v20 vs v53  [reuse]
  v20 vs v54  [reuse]
  v20 vs v55  [reuse]
  v20 vs v56  [reuse]
  v20 vs v57  [reuse]
  v20 vs v58  [reuse]
  v20 vs v59
  v20 vs v8  [reuse]
  v20 vs v9  [reuse]
  v21 vs v22  [reuse]
  v21 vs v44  [reuse]
  v21 vs v45  [reuse]
  v21 vs v46  [reuse]
  v21 vs v47  [reuse]
  v21 vs v48  [reuse]
  v21 vs v49  [reuse]
  v21 vs v50  [reuse]
  v21 vs v51  [reuse]
  v21 vs v52  [reuse]
  v21 vs v53  [reuse]
  v21 vs v54  [reuse]
  v21 vs v55  [reuse]
  v21 vs v56  [reuse]
  v21 vs v57  [reuse]
  v21 vs v58  [reuse]
  v21 vs v59
  v21 vs v8  [reuse]
  v21 vs v9  [reuse]
  v22 vs v44  [reuse]
  v22 vs v45  [reuse]
  v22 vs v46  [reuse]
  v22 vs v47  [reuse]
  v22 vs v48  [reuse]
  v22 vs v49  [reuse]
  v22 vs v50  [reuse]
  v22 vs v51  [reuse]
  v22 vs v52  [reuse]
  v22 vs v53  [reuse]
  v22 vs v54  [reuse]
  v22 vs v55  [reuse]
  v22 vs v56  [reuse]
  v22 vs v57  [reuse]
  v22 vs v58  [reuse]
  v22 vs v59
  v22 vs v8  [reuse]
  v22 vs v9  [reuse]
  v44 vs v45  [reuse]
  v44 vs v46  [reuse]
  v44 vs v47  [reuse]
  v44 vs v48  [reuse]
  v44 vs v49  [reuse]
  v44 vs v50  [reuse]
  v44 vs v51  [reuse]
  v44 vs v52  [reuse]
  v44 vs v53  [reuse]
  v44 vs v54  [reuse]
  v44 vs v55  [reuse]
  v44 vs v56  [reuse]
  v44 vs v57  [reuse]
  v44 vs v58  [reuse]
  v44 vs v59
  v44 vs v8  [reuse]
  v44 vs v9  [reuse]
  v45 vs v46  [reuse]
  v45 vs v47  [reuse]
  v45 vs v48  [reuse]
  v45 vs v49  [reuse]
  v45 vs v50  [reuse]
  v45 vs v51  [reuse]
  v45 vs v52  [reuse]
  v45 vs v53  [reuse]
  v45 vs v54  [reuse]
  v45 vs v55  [reuse]
  v45 vs v56  [reuse]
  v45 vs v57  [reuse]
  v45 vs v58  [reuse]
  v45 vs v59
  v45 vs v8  [reuse]
  v45 vs v9  [reuse]
  v46 vs v47  [reuse]
  v46 vs v48  [reuse]
  v46 vs v49  [reuse]
  v46 vs v50  [reuse]
  v46 vs v51  [reuse]
  v46 vs v52  [reuse]
  v46 vs v53  [reuse]
  v46 vs v54  [reuse]
  v46 vs v55  [reuse]
  v46 vs v56  [reuse]
  v46 vs v57  [reuse]
  v46 vs v58  [reuse]
  v46 vs v59
  v46 vs v8  [reuse]
  v46 vs v9  [reuse]
  v47 vs v48  [reuse]
  v47 vs v49  [reuse]
  v47 vs v50  [reuse]
  v47 vs v51  [reuse]
  v47 vs v52  [reuse]
  v47 vs v53  [reuse]
  v47 vs v54  [reuse]
  v47 vs v55  [reuse]
  v47 vs v56  [reuse]
  v47 vs v57  [reuse]
  v47 vs v58  [reuse]
  v47 vs v59
  v47 vs v8  [reuse]
  v47 vs v9  [reuse]
  v48 vs v49  [reuse]
  v48 vs v50  [reuse]
  v48 vs v51  [reuse]
  v48 vs v52  [reuse]
  v48 vs v53  [reuse]
  v48 vs v54  [reuse]
  v48 vs v55  [reuse]
  v48 vs v56  [reuse]
  v48 vs v57  [reuse]
  v48 vs v58  [reuse]
  v48 vs v59
  v48 vs v8  [reuse]
  v48 vs v9  [reuse]
  v49 vs v50  [reuse]
  v49 vs v51  [reuse]
  v49 vs v52  [reuse]
  v49 vs v53  [reuse]
  v49 vs v54  [reuse]
  v49 vs v55  [reuse]
  v49 vs v56  [reuse]
  v49 vs v57  [reuse]
  v49 vs v58  [reuse]
  v49 vs v59
  v49 vs v8  [reuse]
  v49 vs v9  [reuse]
  v50 vs v51  [reuse]
  v50 vs v52  [reuse]
  v50 vs v53  [reuse]
  v50 vs v54  [reuse]
  v50 vs v55  [reuse]
  v50 vs v56  [reuse]
  v50 vs v57  [reuse]
  v50 vs v58  [reuse]
  v50 vs v59
  v50 vs v8  [reuse]
  v50 vs v9  [reuse]
  v51 vs v52  [reuse]
  v51 vs v53  [reuse]
  v51 vs v54  [reuse]
  v51 vs v55  [reuse]
  v51 vs v56  [reuse]
  v51 vs v57  [reuse]
  v51 vs v58  [reuse]
  v51 vs v59
  v51 vs v8  [reuse]
  v51 vs v9  [reuse]
  v52 vs v53  [reuse]
  v52 vs v54  [reuse]
  v52 vs v55  [reuse]
  v52 vs v56  [reuse]
  v52 vs v57  [reuse]
  v52 vs v58  [reuse]
  v52 vs v59
  v52 vs v8  [reuse]
  v52 vs v9  [reuse]
  v53 vs v54  [reuse]
  v53 vs v55  [reuse]
  v53 vs v56  [reuse]
  v53 vs v57  [reuse]
  v53 vs v58  [reuse]
  v53 vs v59
  v53 vs v8  [reuse]
  v53 vs v9  [reuse]
  v54 vs v55  [reuse]
  v54 vs v56  [reuse]
  v54 vs v57  [reuse]
  v54 vs v58  [reuse]
  v54 vs v59
  v54 vs v8  [reuse]
  v54 vs v9  [reuse]
  v55 vs v56  [reuse]
  v55 vs v57  [reuse]
  v55 vs v58  [reuse]
  v55 vs v59
  v55 vs v8  [reuse]
  v55 vs v9  [reuse]
  v56 vs v57  [reuse]
  v56 vs v58  [reuse]
  v56 vs v59
  v56 vs v8  [reuse]
  v56 vs v9  [reuse]
  v57 vs v58  [reuse]
  v57 vs v59
  v57 vs v8  [reuse]
  v57 vs v9  [reuse]
  v58 vs v59
  v58 vs v8  [reuse]
  v58 vs v9  [reuse]
  v59 vs v8
  v59 vs v9
  v8 vs v9  [reuse]
  [reuse] heuristic 45(37u/8s) - 351(192u/159s) v10  draws=4  WR=0.117
  [reuse] heuristic 69(60u/9s) - 327(191u/136s) v11  draws=4  WR=0.177
  [reuse] heuristic 42(21u/21s) - 157(78u/79s) v12  draws=1  WR=0.212
  [reuse] heuristic 84(73u/11s) - 308(188u/120s) v13  draws=8  WR=0.220
  [reuse] heuristic 64(32u/32s) - 329(164u/165s) v14  draws=7  WR=0.169
  [reuse] heuristic 37(30u/7s) - 360(191u/169s) v15  draws=3  WR=0.096
  [reuse] heuristic 59(50u/9s) - 339(190u/149s) v16  draws=2  WR=0.150
  [reuse] heuristic 43(37u/6s) - 353(192u/161s) v17  draws=4  WR=0.113
  [reuse] heuristic 33(32u/1s) - 362(198u/164s) v18  draws=5  WR=0.089
  [reuse] heuristic 53(26u/27s) - 345(172u/173s) v19  draws=2  WR=0.135
  [reuse] heuristic 47(34u/13s) - 351(186u/165s) v20  draws=2  WR=0.120
  [reuse] heuristic 47(44u/3s) - 349(197u/152s) v21  draws=4  WR=0.122
  [reuse] heuristic 45(22u/23s) - 350(175u/175s) v22  draws=5  WR=0.119
  [reuse] heuristic 50(42u/8s) - 343(190u/153s) v44  draws=7  WR=0.134
  [reuse] heuristic 51(43u/8s) - 343(192u/151s) v45  draws=6  WR=0.135
  [reuse] heuristic 50(44u/6s) - 350(194u/156s) v46  draws=0  WR=0.125
  [reuse] heuristic 36(30u/6s) - 361(191u/170s) v47  draws=3  WR=0.094
  [reuse] heuristic 42(29u/13s) - 356(187u/169s) v48  draws=2  WR=0.107
  [reuse] heuristic 59(42u/17s) - 338(182u/156s) v49  draws=3  WR=0.151
  [reuse] heuristic 67(45u/22s) - 322(177u/145s) v50  draws=11  WR=0.181
  [reuse] heuristic 100(83u/17s) - 287(182u/105s) v51  draws=13  WR=0.266
  [reuse] heuristic 119(95u/24s) - 271(176u/95s) v52  draws=10  WR=0.310
  [reuse] heuristic 121(88u/33s) - 262(166u/96s) v53  draws=17  WR=0.324
  [reuse] heuristic 40(33u/7s) - 357(192u/165s) v54  draws=3  WR=0.104
  [reuse] heuristic 37(26u/11s) - 362(189u/173s) v55  draws=1  WR=0.094
  [reuse] heuristic 39(33u/6s) - 357(193u/164s) v56  draws=4  WR=0.102
  [reuse] heuristic 42(33u/9s) - 354(191u/163s) v57  draws=4  WR=0.110
  [reuse] heuristic 64(55u/9s) - 330(190u/140s) v58  draws=6  WR=0.168

[new 1/31] heuristic vs v59 (400 games = 200/side, seed=88000) ...
  heuristic: 84(73u/11s)  v59: 302(187u/115s)  draws: 14  WR(heuristic)=0.228  t=30.4s
  [reuse] heuristic 20(10u/10s) - 176(88u/88s) v8  draws=4  WR=0.110
  [reuse] heuristic 76(64u/12s) - 317(187u/130s) v9  draws=7  WR=0.199
  [reuse] v10 157(117u/40s) - 230(154u/76s) v11  draws=13  WR=0.409
  [reuse] v10 149(114u/35s) - 235(159u/76s) v12  draws=16  WR=0.393
  [reuse] v10 155(116u/39s) - 238(157u/81s) v13  draws=7  WR=0.396
  [reuse] v10 153(112u/41s) - 229(154u/75s) v14  draws=18  WR=0.405
  [reuse] v10 126(97u/29s) - 259(166u/93s) v15  draws=15  WR=0.334
  [reuse] v10 143(115u/28s) - 241(165u/76s) v16  draws=16  WR=0.378
  [reuse] v10 141(107u/34s) - 248(164u/84s) v17  draws=11  WR=0.366
  [reuse] v10 134(107u/27s) - 251(166u/85s) v18  draws=15  WR=0.354
  [reuse] v10 136(92u/44s) - 245(149u/96s) v19  draws=19  WR=0.364
  [reuse] v10 147(105u/42s) - 240(154u/86s) v20  draws=13  WR=0.384
  [reuse] v10 143(101u/42s) - 243(156u/87s) v21  draws=14  WR=0.375
  [reuse] v10 100(80u/20s) - 285(175u/110s) v22  draws=15  WR=0.269
  [reuse] v10 117(83u/34s) - 263(159u/104s) v44  draws=20  WR=0.318
  [reuse] v10 120(85u/35s) - 264(159u/105s) v45  draws=16  WR=0.320
  [reuse] v10 94(68u/26s) - 288(167u/121s) v46  draws=18  WR=0.258
  [reuse] v10 120(88u/32s) - 270(163u/107s) v47  draws=10  WR=0.312
  [reuse] v10 96(68u/28s) - 290(166u/124s) v48  draws=14  WR=0.258
  [reuse] v10 116(82u/34s) - 267(158u/109s) v49  draws=17  WR=0.311
  [reuse] v10 135(89u/46s) - 256(152u/104s) v50  draws=9  WR=0.349
  [reuse] v10 157(101u/56s) - 226(140u/86s) v51  draws=17  WR=0.414
  [reuse] v10 169(116u/53s) - 220(141u/79s) v52  draws=11  WR=0.436
  [reuse] v10 173(119u/54s) - 210(138u/72s) v53  draws=17  WR=0.454
  [reuse] v10 121(94u/27s) - 266(163u/103s) v54  draws=13  WR=0.319
  [reuse] v10 95(66u/29s) - 293(166u/127s) v55  draws=12  WR=0.253
  [reuse] v10 125(95u/30s) - 264(163u/101s) v56  draws=11  WR=0.326
  [reuse] v10 127(94u/33s) - 258(163u/95s) v57  draws=15  WR=0.336
  [reuse] v10 149(115u/34s) - 238(161u/77s) v58  draws=13  WR=0.389

[new 2/31] v10 vs v59 (400 games = 200/side, seed=88400) ...
  v10: 140(106u/34s)  v59: 248(164u/84s)  draws: 12  WR(v10)=0.365  t=20.0s
  [reuse] v10 207(161u/46s) - 179(144u/35s) v8  draws=14  WR=0.535
  [reuse] v10 198(145u/53s) - 187(139u/48s) v9  draws=15  WR=0.514
  [reuse] v11 162(120u/42s) - 222(151u/71s) v12  draws=16  WR=0.425
  [reuse] v11 189(127u/62s) - 203(135u/68s) v13  draws=8  WR=0.482
  [reuse] v11 169(121u/48s) - 216(144u/72s) v14  draws=15  WR=0.441
  [reuse] v11 149(107u/42s) - 235(152u/83s) v15  draws=16  WR=0.393
  [reuse] v11 157(114u/43s) - 230(149u/81s) v16  draws=13  WR=0.409
  [reuse] v11 155(109u/46s) - 236(150u/86s) v17  draws=9  WR=0.399
  [reuse] v11 148(118u/30s) - 240(167u/73s) v18  draws=12  WR=0.385
  [reuse] v11 132(94u/38s) - 254(154u/100s) v19  draws=14  WR=0.347
  [reuse] v11 119(89u/30s) - 272(168u/104s) v20  draws=9  WR=0.309
  [reuse] v11 130(93u/37s) - 253(155u/98s) v21  draws=17  WR=0.346
  [reuse] v11 129(99u/30s) - 254(162u/92s) v22  draws=17  WR=0.344
  [reuse] v11 126(83u/43s) - 265(155u/110s) v44  draws=9  WR=0.326
  [reuse] v11 112(81u/31s) - 267(160u/107s) v45  draws=21  WR=0.306
  [reuse] v11 134(98u/36s) - 252(159u/93s) v46  draws=14  WR=0.352
  [reuse] v11 124(91u/33s) - 265(164u/101s) v47  draws=11  WR=0.324
  [reuse] v11 129(94u/35s) - 255(154u/101s) v48  draws=16  WR=0.343
  [reuse] v11 137(100u/37s) - 246(152u/94s) v49  draws=17  WR=0.364
  [reuse] v11 144(96u/48s) - 238(146u/92s) v50  draws=18  WR=0.383
  [reuse] v11 164(112u/52s) - 214(140u/74s) v51  draws=22  WR=0.438
  [reuse] v11 155(119u/36s) - 226(156u/70s) v52  draws=19  WR=0.411
  [reuse] v11 187(133u/54s) - 196(138u/58s) v53  draws=17  WR=0.489
  [reuse] v11 126(93u/33s) - 265(161u/104s) v54  draws=9  WR=0.326
  [reuse] v11 129(95u/34s) - 261(160u/101s) v55  draws=10  WR=0.335
  [reuse] v11 118(87u/31s) - 274(167u/107s) v56  draws=8  WR=0.305
  [reuse] v11 123(97u/26s) - 265(169u/96s) v57  draws=12  WR=0.323
  [reuse] v11 148(114u/34s) - 240(163u/77s) v58  draws=12  WR=0.385

[new 3/31] v11 vs v59 (400 games = 200/side, seed=88800) ...
  v11: 166(112u/54s)  v59: 211(137u/74s)  draws: 23  WR(v11)=0.444  t=20.1s
  [reuse] v11 247(155u/92s) - 146(104u/42s) v8  draws=7  WR=0.626
  [reuse] v11 218(157u/61s) - 167(128u/39s) v9  draws=15  WR=0.564
  [reuse] v12 201(133u/68s) - 187(127u/60s) v13  draws=12  WR=0.517
  [reuse] v12 177(88u/89s) - 209(104u/105s) v14  draws=14  WR=0.460
  [reuse] v12 151(100u/51s) - 238(143u/95s) v15  draws=11  WR=0.391
  [reuse] v12 151(110u/41s) - 239(154u/85s) v16  draws=10  WR=0.390
  [reuse] v12 167(122u/45s) - 223(151u/72s) v17  draws=10  WR=0.430
  [reuse] v12 158(116u/42s) - 227(149u/78s) v18  draws=15  WR=0.414
  [reuse] v12 142(71u/71s) - 244(122u/122s) v19  draws=14  WR=0.372
  [reuse] v12 149(113u/36s) - 240(161u/79s) v20  draws=11  WR=0.386
  [reuse] v12 170(118u/52s) - 220(144u/76s) v21  draws=10  WR=0.438
  [reuse] v12 146(73u/73s) - 240(120u/120s) v22  draws=14  WR=0.383
  [reuse] v12 137(95u/42s) - 247(151u/96s) v44  draws=16  WR=0.362
  [reuse] v12 151(100u/51s) - 234(142u/92s) v45  draws=15  WR=0.396
  [reuse] v12 139(99u/40s) - 247(151u/96s) v46  draws=14  WR=0.365
  [reuse] v12 142(102u/40s) - 247(152u/95s) v47  draws=11  WR=0.369
  [reuse] v12 148(105u/43s) - 236(147u/89s) v48  draws=16  WR=0.390
  [reuse] v12 149(105u/44s) - 234(145u/89s) v49  draws=17  WR=0.394
  [reuse] v12 159(116u/43s) - 229(151u/78s) v50  draws=12  WR=0.412
  [reuse] v12 191(138u/53s) - 197(141u/56s) v51  draws=12  WR=0.492
  [reuse] v12 186(129u/57s) - 204(136u/68s) v52  draws=10  WR=0.477
  [reuse] v12 196(127u/69s) - 190(122u/68s) v53  draws=14  WR=0.507
  [reuse] v12 150(103u/47s) - 242(146u/96s) v54  draws=8  WR=0.385
  [reuse] v12 141(93u/48s) - 250(144u/106s) v55  draws=9  WR=0.364
  [reuse] v12 141(100u/41s) - 250(155u/95s) v56  draws=9  WR=0.364
  [reuse] v12 149(102u/47s) - 233(144u/89s) v57  draws=18  WR=0.395
  [reuse] v12 163(124u/39s) - 225(156u/69s) v58  draws=12  WR=0.422

[new 4/31] v12 vs v59 (400 games = 200/side, seed=89200) ...
  v12: 218(147u/71s)  v59: 168(118u/50s)  draws: 14  WR(v12)=0.562  t=19.9s
  [reuse] v12 121(60u/61s) - 75(37u/38s) v8  draws=4  WR=0.615
  [reuse] v12 217(146u/71s) - 178(126u/52s) v9  draws=5  WR=0.549
  [reuse] v13 188(120u/68s) - 200(125u/75s) v14  draws=12  WR=0.485
  [reuse] v13 158(115u/43s) - 228(151u/77s) v15  draws=14  WR=0.412
  [reuse] v13 163(111u/52s) - 220(138u/82s) v16  draws=17  WR=0.429
  [reuse] v13 158(108u/50s) - 237(148u/89s) v17  draws=5  WR=0.401
  [reuse] v13 149(108u/41s) - 240(151u/89s) v18  draws=11  WR=0.386
  [reuse] v13 151(104u/47s) - 226(140u/86s) v19  draws=23  WR=0.406
  [reuse] v13 150(108u/42s) - 244(155u/89s) v20  draws=6  WR=0.383
  [reuse] v13 156(116u/40s) - 235(158u/77s) v21  draws=9  WR=0.401
  [reuse] v13 131(104u/27s) - 250(165u/85s) v22  draws=19  WR=0.351
  [reuse] v13 156(112u/44s) - 237(153u/84s) v44  draws=7  WR=0.399
  [reuse] v13 118(92u/26s) - 269(173u/96s) v45  draws=13  WR=0.311
  [reuse] v13 142(113u/29s) - 241(159u/82s) v46  draws=17  WR=0.376
  [reuse] v13 147(106u/41s) - 242(153u/89s) v47  draws=11  WR=0.381
  [reuse] v13 130(88u/42s) - 263(154u/109s) v48  draws=7  WR=0.334
  [reuse] v13 147(102u/45s) - 242(149u/93s) v49  draws=11  WR=0.381
  [reuse] v13 156(111u/45s) - 220(144u/76s) v50  draws=24  WR=0.420
  [reuse] v13 195(135u/60s) - 195(137u/58s) v51  draws=10  WR=0.500
  [reuse] v13 218(145u/73s) - 173(123u/50s) v52  draws=9  WR=0.556
  [reuse] v13 196(133u/63s) - 184(129u/55s) v53  draws=20  WR=0.515
  [reuse] v13 130(101u/29s) - 256(165u/91s) v54  draws=14  WR=0.343
  [reuse] v13 116(86u/30s) - 277(168u/109s) v55  draws=7  WR=0.299
  [reuse] v13 145(96u/49s) - 243(148u/95s) v56  draws=12  WR=0.378
  [reuse] v13 157(117u/40s) - 234(156u/78s) v57  draws=9  WR=0.404
  [reuse] v13 163(121u/42s) - 222(149u/73s) v58  draws=15  WR=0.426

[new 5/31] v13 vs v59 (400 games = 200/side, seed=89600) ...
  v13: 188(125u/63s)  v59: 200(133u/67s)  draws: 12  WR(v13)=0.485  t=20.0s
  [reuse] v13 237(153u/84s) - 157(112u/45s) v8  draws=6  WR=0.600
  [reuse] v13 222(153u/69s) - 169(128u/41s) v9  draws=9  WR=0.566
  [reuse] v14 179(132u/47s) - 206(146u/60s) v15  draws=15  WR=0.466
  [reuse] v14 163(116u/47s) - 218(142u/76s) v16  draws=19  WR=0.431
  [reuse] v14 169(111u/58s) - 213(134u/79s) v17  draws=18  WR=0.445
  [reuse] v14 155(98u/57s) - 229(136u/93s) v18  draws=16  WR=0.407
  [reuse] v14 153(76u/77s) - 230(115u/115s) v19  draws=17  WR=0.404
  [reuse] v14 158(110u/48s) - 227(145u/82s) v20  draws=15  WR=0.414
  [reuse] v14 147(105u/42s) - 238(150u/88s) v21  draws=15  WR=0.386
  [reuse] v14 140(70u/70s) - 241(120u/121s) v22  draws=19  WR=0.374
  [reuse] v14 147(100u/47s) - 239(147u/92s) v44  draws=14  WR=0.385
  [reuse] v14 162(115u/47s) - 226(147u/79s) v45  draws=12  WR=0.420
  [reuse] v14 139(97u/42s) - 246(151u/95s) v46  draws=15  WR=0.366
  [reuse] v14 141(87u/54s) - 240(135u/105s) v47  draws=19  WR=0.376
  [reuse] v14 127(80u/47s) - 253(145u/108s) v48  draws=20  WR=0.343
  [reuse] v14 149(88u/61s) - 232(131u/101s) v49  draws=19  WR=0.396
  [reuse] v14 147(95u/52s) - 239(142u/97s) v50  draws=14  WR=0.385
  [reuse] v14 202(119u/83s) - 176(111u/65s) v51  draws=22  WR=0.532
  [reuse] v14 198(120u/78s) - 181(115u/66s) v52  draws=21  WR=0.521
  [reuse] v14 222(130u/92s) - 164(101u/63s) v53  draws=14  WR=0.573
  [reuse] v14 131(95u/36s) - 254(154u/100s) v54  draws=15  WR=0.346
  [reuse] v14 128(88u/40s) - 255(150u/105s) v55  draws=17  WR=0.341
  [reuse] v14 143(91u/52s) - 246(144u/102s) v56  draws=11  WR=0.371
  [reuse] v14 149(111u/38s) - 235(156u/79s) v57  draws=16  WR=0.393
  [reuse] v14 174(107u/67s) - 210(125u/85s) v58  draws=16  WR=0.455

[new 6/31] v14 vs v59 (400 games = 200/side, seed=90000) ...
  v14: 182(117u/65s)  v59: 203(128u/75s)  draws: 15  WR(v14)=0.474  t=19.9s
  [reuse] v14 247(123u/124s) - 137(68u/69s) v8  draws=16  WR=0.637
  [reuse] v14 249(163u/86s) - 138(108u/30s) v9  draws=13  WR=0.639
  [reuse] v15 193(128u/65s) - 188(125u/63s) v16  draws=19  WR=0.506
  [reuse] v15 170(115u/55s) - 212(139u/73s) v17  draws=18  WR=0.448
  [reuse] v15 182(124u/58s) - 206(135u/71s) v18  draws=12  WR=0.470
  [reuse] v15 166(115u/51s) - 223(142u/81s) v19  draws=11  WR=0.429
  [reuse] v15 159(106u/53s) - 223(140u/83s) v20  draws=18  WR=0.420
  [reuse] v15 175(122u/53s) - 210(138u/72s) v21  draws=15  WR=0.456
  [reuse] v15 156(91u/65s) - 223(125u/98s) v22  draws=21  WR=0.416
  [reuse] v15 151(100u/51s) - 233(142u/91s) v44  draws=16  WR=0.398
  [reuse] v15 154(105u/49s) - 225(143u/82s) v45  draws=21  WR=0.411
  [reuse] v15 159(104u/55s) - 225(138u/87s) v46  draws=16  WR=0.417
  [reuse] v15 172(110u/62s) - 213(130u/83s) v47  draws=15  WR=0.449
  [reuse] v15 171(113u/58s) - 214(139u/75s) v48  draws=15  WR=0.446
  [reuse] v15 159(114u/45s) - 230(147u/83s) v49  draws=11  WR=0.411
  [reuse] v15 189(126u/63s) - 192(129u/63s) v50  draws=19  WR=0.496
  [reuse] v15 213(133u/80s) - 169(113u/56s) v51  draws=18  WR=0.555
  [reuse] v15 238(146u/92s) - 152(102u/50s) v52  draws=10  WR=0.608
  [reuse] v15 223(142u/81s) - 163(114u/49s) v53  draws=14  WR=0.575
  [reuse] v15 156(102u/54s) - 233(142u/91s) v54  draws=11  WR=0.404
  [reuse] v15 163(109u/54s) - 222(140u/82s) v55  draws=15  WR=0.426
  [reuse] v15 170(111u/59s) - 214(134u/80s) v56  draws=16  WR=0.445
  [reuse] v15 175(117u/58s) - 215(138u/77s) v57  draws=10  WR=0.450
  [reuse] v15 191(125u/66s) - 192(126u/66s) v58  draws=17  WR=0.499

[new 7/31] v15 vs v59 (400 games = 200/side, seed=90400) ...
  v15: 218(138u/80s)  v59: 168(114u/54s)  draws: 14  WR(v15)=0.562  t=19.9s
  [reuse] v15 275(167u/108s) - 116(85u/31s) v8  draws=9  WR=0.699
  [reuse] v15 267(169u/98s) - 122(92u/30s) v9  draws=11  WR=0.681
  [reuse] v16 178(126u/52s) - 206(139u/67s) v17  draws=16  WR=0.465
  [reuse] v16 173(112u/61s) - 217(136u/81s) v18  draws=10  WR=0.445
  [reuse] v16 180(116u/64s) - 203(126u/77s) v19  draws=17  WR=0.471
  [reuse] v16 161(112u/49s) - 229(146u/83s) v20  draws=10  WR=0.415
  [reuse] v16 144(95u/49s) - 240(146u/94s) v21  draws=16  WR=0.380
  [reuse] v16 157(96u/61s) - 233(137u/96s) v22  draws=10  WR=0.405
  [reuse] v16 143(96u/47s) - 241(142u/99s) v44  draws=16  WR=0.378
  [reuse] v16 151(105u/46s) - 228(146u/82s) v45  draws=21  WR=0.404
  [reuse] v16 162(109u/53s) - 226(140u/86s) v46  draws=12  WR=0.420
  [reuse] v16 155(105u/50s) - 221(137u/84s) v47  draws=24  WR=0.417
  [reuse] v16 142(86u/56s) - 240(134u/106s) v48  draws=18  WR=0.378
  [reuse] v16 157(102u/55s) - 226(136u/90s) v49  draws=17  WR=0.414
  [reuse] v16 175(113u/62s) - 207(132u/75s) v50  draws=18  WR=0.460
  [reuse] v16 207(131u/76s) - 180(116u/64s) v51  draws=13  WR=0.534
  [reuse] v16 209(127u/82s) - 170(114u/56s) v52  draws=21  WR=0.549
  [reuse] v16 224(134u/90s) - 166(106u/60s) v53  draws=10  WR=0.573
  [reuse] v16 149(100u/49s) - 234(142u/92s) v54  draws=17  WR=0.394
  [reuse] v16 149(98u/51s) - 230(134u/96s) v55  draws=21  WR=0.399
  [reuse] v16 167(109u/58s) - 214(135u/79s) v56  draws=19  WR=0.441
  [reuse] v16 178(110u/68s) - 209(128u/81s) v57  draws=13  WR=0.461
  [reuse] v16 198(131u/67s) - 187(124u/63s) v58  draws=15  WR=0.514

[new 8/31] v16 vs v59 (400 games = 200/side, seed=90800) ...
  v16: 209(135u/74s)  v59: 176(117u/59s)  draws: 15  WR(v16)=0.541  t=21.0s
  [reuse] v16 282(162u/120s) - 109(77u/32s) v8  draws=9  WR=0.716
  [reuse] v16 251(161u/90s) - 137(101u/36s) v9  draws=12  WR=0.642
  [reuse] v17 187(128u/59s) - 199(138u/61s) v18  draws=14  WR=0.485
  [reuse] v17 165(107u/58s) - 218(135u/83s) v19  draws=17  WR=0.434
  [reuse] v17 164(111u/53s) - 214(137u/77s) v20  draws=22  WR=0.438
  [reuse] v17 175(128u/47s) - 209(146u/63s) v21  draws=16  WR=0.458
  [reuse] v17 168(113u/55s) - 219(141u/78s) v22  draws=13  WR=0.436
  [reuse] v17 177(119u/58s) - 210(135u/75s) v44  draws=13  WR=0.459
  [reuse] v17 176(123u/53s) - 211(139u/72s) v45  draws=13  WR=0.456
  [reuse] v17 176(128u/48s) - 211(144u/67s) v46  draws=13  WR=0.456
  [reuse] v17 157(109u/48s) - 226(143u/83s) v47  draws=17  WR=0.414
  [reuse] v17 185(118u/67s) - 202(127u/75s) v48  draws=13  WR=0.479
  [reuse] v17 187(126u/61s) - 204(134u/70s) v49  draws=9  WR=0.479
  [reuse] v17 197(130u/67s) - 190(128u/62s) v50  draws=13  WR=0.509
  [reuse] v17 225(138u/87s) - 157(105u/52s) v51  draws=18  WR=0.585
  [reuse] v17 224(140u/84s) - 164(109u/55s) v52  draws=12  WR=0.575
  [reuse] v17 227(140u/87s) - 158(107u/51s) v53  draws=15  WR=0.586
  [reuse] v17 165(121u/44s) - 222(149u/73s) v54  draws=13  WR=0.429
  [reuse] v17 163(109u/54s) - 222(142u/80s) v55  draws=15  WR=0.426
  [reuse] v17 167(116u/51s) - 224(148u/76s) v56  draws=9  WR=0.429
  [reuse] v17 168(121u/47s) - 219(149u/70s) v57  draws=13  WR=0.436
  [reuse] v17 196(132u/64s) - 193(130u/63s) v58  draws=11  WR=0.504

[new 9/31] v17 vs v59 (400 games = 200/side, seed=91200) ...
  v17: 199(136u/63s)  v59: 183(128u/55s)  draws: 18  WR(v17)=0.520  t=20.4s
  [reuse] v17 276(170u/106s) - 113(87u/26s) v8  draws=11  WR=0.704
  [reuse] v17 281(174u/107s) - 109(86u/23s) v9  draws=10  WR=0.715
  [reuse] v18 186(123u/63s) - 197(123u/74s) v19  draws=17  WR=0.486
  [reuse] v18 171(123u/48s) - 207(144u/63s) v20  draws=22  WR=0.455
  [reuse] v18 161(114u/47s) - 228(149u/79s) v21  draws=11  WR=0.416
  [reuse] v18 146(96u/50s) - 238(144u/94s) v22  draws=16  WR=0.385
  [reuse] v18 179(112u/67s) - 202(124u/78s) v44  draws=19  WR=0.471
  [reuse] v18 166(114u/52s) - 213(138u/75s) v45  draws=21  WR=0.441
  [reuse] v18 152(105u/47s) - 223(137u/86s) v46  draws=25  WR=0.411
  [reuse] v18 143(94u/49s) - 243(142u/101s) v47  draws=14  WR=0.375
  [reuse] v18 163(97u/66s) - 221(127u/94s) v48  draws=16  WR=0.427
  [reuse] v18 180(112u/68s) - 207(122u/85s) v49  draws=13  WR=0.466
  [reuse] v18 178(110u/68s) - 204(119u/85s) v50  draws=18  WR=0.468
  [reuse] v18 203(121u/82s) - 180(113u/67s) v51  draws=17  WR=0.529
  [reuse] v18 223(144u/79s) - 161(112u/49s) v52  draws=16  WR=0.578
  [reuse] v18 228(140u/88s) - 164(111u/53s) v53  draws=8  WR=0.580
  [reuse] v18 155(110u/45s) - 228(146u/82s) v54  draws=17  WR=0.409
  [reuse] v18 141(97u/44s) - 239(146u/93s) v55  draws=20  WR=0.378
  [reuse] v18 151(106u/45s) - 235(145u/90s) v56  draws=14  WR=0.395
  [reuse] v18 167(114u/53s) - 221(139u/82s) v57  draws=12  WR=0.432
  [reuse] v18 163(113u/50s) - 220(142u/78s) v58  draws=17  WR=0.429

[new 10/31] v18 vs v59 (400 games = 200/side, seed=91600) ...
  v18: 188(127u/61s)  v59: 195(131u/64s)  draws: 17  WR(v18)=0.491  t=19.9s
  [reuse] v18 266(167u/99s) - 123(94u/29s) v8  draws=11  WR=0.679
  [reuse] v18 258(171u/87s) - 133(108u/25s) v9  draws=9  WR=0.656
  [reuse] v19 192(124u/68s) - 187(119u/68s) v20  draws=21  WR=0.506
  [reuse] v19 183(114u/69s) - 198(125u/73s) v21  draws=19  WR=0.481
  [reuse] v19 178(89u/89s) - 210(105u/105s) v22  draws=12  WR=0.460
  [reuse] v19 172(112u/60s) - 216(138u/78s) v44  draws=12  WR=0.445
  [reuse] v19 173(125u/48s) - 206(142u/64s) v45  draws=21  WR=0.459
  [reuse] v19 166(110u/56s) - 217(133u/84s) v46  draws=17  WR=0.436
  [reuse] v19 156(98u/58s) - 224(134u/90s) v47  draws=20  WR=0.415
  [reuse] v19 173(112u/61s) - 211(132u/79s) v48  draws=16  WR=0.453
  [reuse] v19 196(123u/73s) - 184(118u/66s) v49  draws=20  WR=0.515
  [reuse] v19 201(114u/87s) - 183(104u/79s) v50  draws=16  WR=0.522
  [reuse] v19 210(117u/93s) - 169(99u/70s) v51  draws=21  WR=0.551
  [reuse] v19 231(127u/104s) - 147(89u/58s) v52  draws=22  WR=0.605
  [reuse] v19 227(132u/95s) - 157(101u/56s) v53  draws=16  WR=0.588
  [reuse] v19 165(110u/55s) - 221(139u/82s) v54  draws=14  WR=0.430
  [reuse] v19 151(90u/61s) - 236(134u/102s) v55  draws=13  WR=0.394
  [reuse] v19 175(107u/68s) - 212(127u/85s) v56  draws=13  WR=0.454
  [reuse] v19 178(113u/65s) - 196(122u/74s) v57  draws=26  WR=0.477
  [reuse] v19 210(133u/77s) - 173(114u/59s) v58  draws=17  WR=0.546

[new 11/31] v19 vs v59 (400 games = 200/side, seed=92000) ...
  v19: 212(133u/79s)  v59: 174(116u/58s)  draws: 14  WR(v19)=0.547  t=20.7s
  [reuse] v19 279(139u/140s) - 108(54u/54s) v8  draws=13  WR=0.714
  [reuse] v19 259(161u/98s) - 128(94u/34s) v9  draws=13  WR=0.664
  [reuse] v20 181(126u/55s) - 203(137u/66s) v21  draws=16  WR=0.472
  [reuse] v20 187(116u/71s) - 204(125u/79s) v22  draws=9  WR=0.479
  [reuse] v20 169(111u/58s) - 213(134u/79s) v44  draws=18  WR=0.445
  [reuse] v20 182(129u/53s) - 208(141u/67s) v45  draws=10  WR=0.468
  [reuse] v20 169(105u/64s) - 214(127u/87s) v46  draws=17  WR=0.444
  [reuse] v20 176(105u/71s) - 210(120u/90s) v47  draws=14  WR=0.458
  [reuse] v20 165(99u/66s) - 215(121u/94s) v48  draws=20  WR=0.438
  [reuse] v20 166(111u/55s) - 219(135u/84s) v49  draws=15  WR=0.434
  [reuse] v20 191(126u/65s) - 194(130u/64s) v50  draws=15  WR=0.496
  [reuse] v20 225(135u/90s) - 154(97u/57s) v51  draws=21  WR=0.589
  [reuse] v20 234(132u/102s) - 155(93u/62s) v52  draws=11  WR=0.599
  [reuse] v20 234(140u/94s) - 152(101u/51s) v53  draws=14  WR=0.603
  [reuse] v20 184(123u/61s) - 196(128u/68s) v54  draws=20  WR=0.485
  [reuse] v20 167(115u/52s) - 219(137u/82s) v55  draws=14  WR=0.435
  [reuse] v20 200(131u/69s) - 188(122u/66s) v56  draws=12  WR=0.515
  [reuse] v20 189(122u/67s) - 195(123u/72s) v57  draws=16  WR=0.492
  [reuse] v20 195(115u/80s) - 192(115u/77s) v58  draws=13  WR=0.504

[new 12/31] v20 vs v59 (400 games = 200/side, seed=92400) ...
  v20: 204(129u/75s)  v59: 183(116u/67s)  draws: 13  WR(v20)=0.526  t=20.5s
  [reuse] v20 280(175u/105s) - 106(86u/20s) v8  draws=14  WR=0.718
  [reuse] v20 257(167u/90s) - 124(97u/27s) v9  draws=19  WR=0.666
  [reuse] v21 181(118u/63s) - 201(125u/76s) v22  draws=18  WR=0.475
  [reuse] v21 181(108u/73s) - 207(119u/88s) v44  draws=12  WR=0.468
  [reuse] v21 173(111u/62s) - 207(131u/76s) v45  draws=20  WR=0.458
  [reuse] v21 176(112u/64s) - 214(132u/82s) v46  draws=10  WR=0.453
  [reuse] v21 196(122u/74s) - 189(116u/73s) v47  draws=15  WR=0.509
  [reuse] v21 205(134u/71s) - 179(120u/59s) v48  draws=16  WR=0.532
  [reuse] v21 179(110u/69s) - 199(119u/80s) v49  draws=22  WR=0.475
  [reuse] v21 179(110u/69s) - 207(125u/82s) v50  draws=14  WR=0.465
  [reuse] v21 231(131u/100s) - 151(90u/61s) v51  draws=18  WR=0.600
  [reuse] v21 246(151u/95s) - 140(99u/41s) v52  draws=14  WR=0.632
  [reuse] v21 238(145u/93s) - 151(101u/50s) v53  draws=11  WR=0.609
  [reuse] v21 153(100u/53s) - 235(138u/97s) v54  draws=12  WR=0.398
  [reuse] v21 164(99u/65s) - 228(131u/97s) v55  draws=8  WR=0.420
  [reuse] v21 172(102u/70s) - 215(125u/90s) v56  draws=13  WR=0.446
  [reuse] v21 177(114u/63s) - 208(129u/79s) v57  draws=15  WR=0.461
  [reuse] v21 181(116u/65s) - 205(126u/79s) v58  draws=14  WR=0.470

[new 13/31] v21 vs v59 (400 games = 200/side, seed=92800) ...
  v21: 191(116u/75s)  v59: 187(113u/74s)  draws: 22  WR(v21)=0.505  t=21.1s
  [reuse] v21 291(176u/115s) - 100(81u/19s) v8  draws=9  WR=0.739
  [reuse] v21 274(170u/104s) - 113(88u/25s) v9  draws=13  WR=0.701
  [reuse] v22 188(111u/77s) - 200(119u/81s) v44  draws=12  WR=0.485
  [reuse] v22 180(114u/66s) - 202(127u/75s) v45  draws=18  WR=0.472
  [reuse] v22 184(110u/74s) - 198(119u/79s) v46  draws=18  WR=0.482
  [reuse] v22 177(105u/72s) - 205(117u/88s) v47  draws=18  WR=0.465
  [reuse] v22 180(113u/67s) - 206(127u/79s) v48  draws=14  WR=0.468
  [reuse] v22 197(125u/72s) - 186(120u/66s) v49  draws=17  WR=0.514
  [reuse] v22 203(122u/81s) - 180(109u/71s) v50  draws=17  WR=0.529
  [reuse] v22 223(135u/88s) - 159(105u/54s) v51  draws=18  WR=0.580
  [reuse] v22 234(134u/100s) - 147(92u/55s) v52  draws=19  WR=0.609
  [reuse] v22 255(152u/103s) - 133(91u/42s) v53  draws=12  WR=0.652
  [reuse] v22 182(112u/70s) - 204(121u/83s) v54  draws=14  WR=0.472
  [reuse] v22 197(114u/83s) - 189(111u/78s) v55  draws=14  WR=0.510
  [reuse] v22 173(106u/67s) - 212(128u/84s) v56  draws=15  WR=0.451
  [reuse] v22 215(133u/82s) - 177(110u/67s) v57  draws=8  WR=0.547
  [reuse] v22 206(127u/79s) - 179(112u/67s) v58  draws=15  WR=0.534

[new 14/31] v22 vs v59 (400 games = 200/side, seed=93200) ...
  v22: 218(131u/87s)  v59: 168(110u/58s)  draws: 14  WR(v22)=0.562  t=20.1s
  [reuse] v22 282(141u/141s) - 109(54u/55s) v8  draws=9  WR=0.716
  [reuse] v22 253(166u/87s) - 134(105u/29s) v9  draws=13  WR=0.649
  [reuse] v44 194(130u/64s) - 192(130u/62s) v45  draws=14  WR=0.502
  [reuse] v44 190(102u/88s) - 190(101u/89s) v46  draws=20  WR=0.500
  [reuse] v44 201(121u/80s) - 180(112u/68s) v47  draws=19  WR=0.526
  [reuse] v44 177(104u/73s) - 204(118u/86s) v48  draws=19  WR=0.466
  [reuse] v44 207(119u/88s) - 179(106u/73s) v49  draws=14  WR=0.535
  [reuse] v44 218(116u/102s) - 168(91u/77s) v50  draws=14  WR=0.562
  [reuse] v44 250(133u/117s) - 140(78u/62s) v51  draws=10  WR=0.637
  [reuse] v44 250(141u/109s) - 139(82u/57s) v52  draws=11  WR=0.639
  [reuse] v44 254(139u/115s) - 134(80u/54s) v53  draws=12  WR=0.650
  [reuse] v44 163(99u/64s) - 222(126u/96s) v54  draws=15  WR=0.426
  [reuse] v44 178(110u/68s) - 201(119u/82s) v55  draws=21  WR=0.471
  [reuse] v44 200(108u/92s) - 185(101u/84s) v56  draws=15  WR=0.519
  [reuse] v44 204(113u/91s) - 185(103u/82s) v57  draws=11  WR=0.524
  [reuse] v44 218(130u/88s) - 167(103u/64s) v58  draws=15  WR=0.564

[new 15/31] v44 vs v59 (400 games = 200/side, seed=93600) ...
  v44: 240(131u/109s)  v59: 146(83u/63s)  draws: 14  WR(v44)=0.618  t=20.9s
  [reuse] v44 300(173u/127s) - 93(69u/24s) v8  draws=7  WR=0.759
  [reuse] v44 281(171u/110s) - 103(78u/25s) v9  draws=16  WR=0.723
  [reuse] v45 189(130u/59s) - 194(137u/57s) v46  draws=17  WR=0.494
  [reuse] v45 209(130u/79s) - 175(111u/64s) v47  draws=16  WR=0.542
  [reuse] v45 202(121u/81s) - 182(108u/74s) v48  draws=16  WR=0.525
  [reuse] v45 207(132u/75s) - 185(120u/65s) v49  draws=8  WR=0.527
  [reuse] v45 220(127u/93s) - 167(100u/67s) v50  draws=13  WR=0.566
  [reuse] v45 228(138u/90s) - 157(104u/53s) v51  draws=15  WR=0.589
  [reuse] v45 249(155u/94s) - 131(95u/36s) v52  draws=20  WR=0.647
  [reuse] v45 240(141u/99s) - 143(93u/50s) v53  draws=17  WR=0.621
  [reuse] v45 183(121u/62s) - 194(125u/69s) v54  draws=23  WR=0.486
  [reuse] v45 180(123u/57s) - 206(136u/70s) v55  draws=14  WR=0.468
  [reuse] v45 191(116u/75s) - 191(118u/73s) v56  draws=18  WR=0.500
  [reuse] v45 209(121u/88s) - 177(106u/71s) v57  draws=14  WR=0.540
  [reuse] v45 212(133u/79s) - 171(111u/60s) v58  draws=17  WR=0.551

[new 16/31] v45 vs v59 (400 games = 200/side, seed=94000) ...
  v45: 202(126u/76s)  v59: 179(113u/66s)  draws: 19  WR(v45)=0.529  t=20.4s
  [reuse] v45 304(180u/124s) - 81(65u/16s) v8  draws=15  WR=0.779
  [reuse] v45 277(172u/105s) - 113(87u/26s) v9  draws=10  WR=0.705
  [reuse] v46 200(122u/78s) - 192(117u/75s) v47  draws=8  WR=0.510
  [reuse] v46 189(113u/76s) - 198(121u/77s) v48  draws=13  WR=0.489
  [reuse] v46 184(115u/69s) - 199(121u/78s) v49  draws=17  WR=0.481
  [reuse] v46 217(124u/93s) - 167(100u/67s) v50  draws=16  WR=0.562
  [reuse] v46 241(140u/101s) - 145(91u/54s) v51  draws=14  WR=0.620
  [reuse] v46 249(145u/104s) - 136(90u/46s) v52  draws=15  WR=0.641
  [reuse] v46 246(141u/105s) - 137(87u/50s) v53  draws=17  WR=0.636
  [reuse] v46 200(120u/80s) - 181(113u/68s) v54  draws=19  WR=0.524
  [reuse] v46 184(107u/77s) - 201(114u/87s) v55  draws=15  WR=0.479
  [reuse] v46 206(121u/85s) - 185(111u/74s) v56  draws=9  WR=0.526
  [reuse] v46 203(120u/83s) - 186(112u/74s) v57  draws=11  WR=0.521
  [reuse] v46 223(125u/98s) - 166(97u/69s) v58  draws=11  WR=0.571

[new 17/31] v46 vs v59 (400 games = 200/side, seed=94400) ...
  v46: 230(136u/94s)  v59: 150(91u/59s)  draws: 20  WR(v46)=0.600  t=20.7s
  [reuse] v46 297(167u/130s) - 93(62u/31s) v8  draws=10  WR=0.755
  [reuse] v46 284(169u/115s) - 104(79u/25s) v9  draws=12  WR=0.725
  [reuse] v47 197(111u/86s) - 181(106u/75s) v48  draws=22  WR=0.520
  [reuse] v47 199(110u/89s) - 183(103u/80s) v49  draws=18  WR=0.520
  [reuse] v47 192(104u/88s) - 190(104u/86s) v50  draws=18  WR=0.502
  [reuse] v47 230(129u/101s) - 151(89u/62s) v51  draws=19  WR=0.599
  [reuse] v47 248(138u/110s) - 136(82u/54s) v52  draws=16  WR=0.640
  [reuse] v47 230(133u/97s) - 154(97u/57s) v53  draws=16  WR=0.595
  [reuse] v47 187(107u/80s) - 199(113u/86s) v54  draws=14  WR=0.485
  [reuse] v47 167(96u/71s) - 222(122u/100s) v55  draws=11  WR=0.431
  [reuse] v47 197(108u/89s) - 183(103u/80s) v56  draws=20  WR=0.517
  [reuse] v47 191(108u/83s) - 192(108u/84s) v57  draws=17  WR=0.499
  [reuse] v47 228(118u/110s) - 156(82u/74s) v58  draws=16  WR=0.590

[new 18/31] v47 vs v59 (400 games = 200/side, seed=94800) ...
  v47: 217(123u/94s)  v59: 172(104u/68s)  draws: 11  WR(v47)=0.556  t=20.2s
  [reuse] v47 291(165u/126s) - 100(70u/30s) v8  draws=9  WR=0.739
  [reuse] v47 271(155u/116s) - 116(77u/39s) v9  draws=13  WR=0.694
  [reuse] v48 190(106u/84s) - 191(105u/86s) v49  draws=19  WR=0.499
  [reuse] v48 214(116u/98s) - 174(98u/76s) v50  draws=12  WR=0.550
  [reuse] v48 228(122u/106s) - 158(88u/70s) v51  draws=14  WR=0.588
  [reuse] v48 248(143u/105s) - 133(87u/46s) v52  draws=19  WR=0.644
  [reuse] v48 244(138u/106s) - 141(90u/51s) v53  draws=15  WR=0.629
  [reuse] v48 186(108u/78s) - 200(120u/80s) v54  draws=14  WR=0.482
  [reuse] v48 190(116u/74s) - 188(118u/70s) v55  draws=22  WR=0.502
  [reuse] v48 203(112u/91s) - 181(101u/80s) v56  draws=16  WR=0.527
  [reuse] v48 188(105u/83s) - 192(109u/83s) v57  draws=20  WR=0.495
  [reuse] v48 204(120u/84s) - 184(110u/74s) v58  draws=12  WR=0.525

[new 19/31] v48 vs v59 (400 games = 200/side, seed=95200) ...
  v48: 241(126u/115s)  v59: 148(78u/70s)  draws: 11  WR(v48)=0.616  t=20.4s
  [reuse] v48 293(166u/127s) - 99(69u/30s) v8  draws=8  WR=0.743
  [reuse] v48 264(153u/111s) - 123(84u/39s) v9  draws=13  WR=0.676
  [reuse] v49 184(107u/77s) - 203(117u/86s) v50  draws=13  WR=0.476
  [reuse] v49 220(120u/100s) - 171(97u/74s) v51  draws=9  WR=0.561
  [reuse] v49 239(137u/102s) - 147(94u/53s) v52  draws=14  WR=0.615
  [reuse] v49 224(130u/94s) - 161(100u/61s) v53  draws=15  WR=0.579
  [reuse] v49 198(114u/84s) - 187(109u/78s) v54  draws=15  WR=0.514
  [reuse] v49 166(87u/79s) - 224(118u/106s) v55  draws=10  WR=0.427
  [reuse] v49 199(107u/92s) - 188(100u/88s) v56  draws=13  WR=0.514
  [reuse] v49 184(102u/82s) - 202(115u/87s) v57  draws=14  WR=0.477
  [reuse] v49 218(117u/101s) - 173(95u/78s) v58  draws=9  WR=0.556

[new 20/31] v49 vs v59 (400 games = 200/side, seed=95600) ...
  v49: 222(120u/102s)  v59: 162(93u/69s)  draws: 16  WR(v49)=0.575  t=20.6s
  [reuse] v49 289(169u/120s) - 97(71u/26s) v8  draws=14  WR=0.740
  [reuse] v49 264(154u/110s) - 126(86u/40s) v9  draws=10  WR=0.672
  [reuse] v50 227(127u/100s) - 162(99u/63s) v51  draws=11  WR=0.581
  [reuse] v50 245(133u/112s) - 140(81u/59s) v52  draws=15  WR=0.631
  [reuse] v50 236(130u/106s) - 148(86u/62s) v53  draws=16  WR=0.610
  [reuse] v50 170(94u/76s) - 213(116u/97s) v54  draws=17  WR=0.446
  [reuse] v50 159(90u/69s) - 231(129u/102s) v55  draws=10  WR=0.410
  [reuse] v50 169(95u/74s) - 220(120u/100s) v56  draws=11  WR=0.436
  [reuse] v50 187(102u/85s) - 198(106u/92s) v57  draws=15  WR=0.486
  [reuse] v50 188(112u/76s) - 194(113u/81s) v58  draws=18  WR=0.492

[new 21/31] v50 vs v59 (400 games = 200/side, seed=96000) ...
  v50: 206(116u/90s)  v59: 183(104u/79s)  draws: 11  WR(v50)=0.529  t=20.8s
  [reuse] v50 272(159u/113s) - 111(75u/36s) v8  draws=17  WR=0.701
  [reuse] v50 267(156u/111s) - 121(84u/37s) v9  draws=12  WR=0.682
  [reuse] v51 189(118u/71s) - 197(121u/76s) v52  draws=14  WR=0.490
  [reuse] v51 204(118u/86s) - 180(108u/72s) v53  draws=16  WR=0.530
  [reuse] v51 148(85u/63s) - 234(128u/106s) v54  draws=18  WR=0.393
  [reuse] v51 125(77u/48s) - 253(137u/116s) v55  draws=22  WR=0.340
  [reuse] v51 156(96u/60s) - 233(131u/102s) v56  draws=11  WR=0.404
  [reuse] v51 145(82u/63s) - 235(125u/110s) v57  draws=20  WR=0.388
  [reuse] v51 158(95u/63s) - 224(129u/95s) v58  draws=18  WR=0.417

[new 22/31] v51 vs v59 (400 games = 200/side, seed=96400) ...
  v51: 189(108u/81s)  v59: 197(111u/86s)  draws: 14  WR(v51)=0.490  t=21.4s
  [reuse] v51 238(151u/87s) - 151(107u/44s) v8  draws=11  WR=0.609
  [reuse] v51 225(151u/74s) - 160(114u/46s) v9  draws=15  WR=0.581
  [reuse] v52 187(113u/74s) - 196(119u/77s) v53  draws=17  WR=0.489
  [reuse] v52 130(83u/47s) - 256(144u/112s) v54  draws=14  WR=0.343
  [reuse] v52 129(79u/50s) - 262(144u/118s) v55  draws=9  WR=0.334
  [reuse] v52 141(90u/51s) - 246(143u/103s) v56  draws=13  WR=0.369
  [reuse] v52 162(94u/68s) - 229(127u/102s) v57  draws=9  WR=0.416
  [reuse] v52 150(92u/58s) - 237(135u/102s) v58  draws=13  WR=0.391

[new 23/31] v52 vs v59 (400 games = 200/side, seed=96800) ...
  v52: 175(102u/73s)  v59: 206(117u/89s)  draws: 19  WR(v52)=0.461  t=22.1s
  [reuse] v52 243(148u/95s) - 147(99u/48s) v8  draws=10  WR=0.620
  [reuse] v52 205(124u/81s) - 183(114u/69s) v9  draws=12  WR=0.527
  [reuse] v53 145(102u/43s) - 241(147u/94s) v54  draws=14  WR=0.380
  [reuse] v53 137(78u/59s) - 249(133u/116s) v55  draws=14  WR=0.360
  [reuse] v53 138(82u/56s) - 250(138u/112s) v56  draws=12  WR=0.360
  [reuse] v53 145(78u/67s) - 242(130u/112s) v57  draws=13  WR=0.379
  [reuse] v53 177(114u/63s) - 201(126u/75s) v58  draws=22  WR=0.470

[new 24/31] v53 vs v59 (400 games = 200/side, seed=97200) ...
  v53: 181(104u/77s)  v59: 199(113u/86s)  draws: 20  WR(v53)=0.477  t=21.8s
  [reuse] v53 232(138u/94s) - 158(98u/60s) v8  draws=10  WR=0.593
  [reuse] v53 207(134u/73s) - 185(123u/62s) v9  draws=8  WR=0.527
  [reuse] v54 181(102u/79s) - 209(115u/94s) v55  draws=10  WR=0.465
  [reuse] v54 195(116u/79s) - 197(118u/79s) v56  draws=8  WR=0.497
  [reuse] v54 197(125u/72s) - 191(119u/72s) v57  draws=12  WR=0.507
  [reuse] v54 223(130u/93s) - 161(99u/62s) v58  draws=16  WR=0.578

[new 25/31] v54 vs v59 (400 games = 200/side, seed=97600) ...
  v54: 214(123u/91s)  v59: 167(102u/65s)  draws: 19  WR(v54)=0.559  t=20.8s
  [reuse] v54 289(169u/120s) - 105(78u/27s) v8  draws=6  WR=0.730
  [reuse] v54 282(169u/113s) - 113(83u/30s) v9  draws=5  WR=0.711
  [reuse] v55 206(121u/85s) - 183(110u/73s) v56  draws=11  WR=0.529
  [reuse] v55 205(110u/95s) - 180(100u/80s) v57  draws=15  WR=0.531
  [reuse] v55 226(126u/100s) - 163(96u/67s) v58  draws=11  WR=0.579

[new 26/31] v55 vs v59 (400 games = 200/side, seed=98000) ...
  v55: 240(133u/107s)  v59: 150(91u/59s)  draws: 10  WR(v55)=0.613  t=20.7s
  [reuse] v55 283(163u/120s) - 105(75u/30s) v8  draws=12  WR=0.723
  [reuse] v55 292(170u/122s) - 95(70u/25s) v9  draws=13  WR=0.746
  [reuse] v56 212(117u/95s) - 171(99u/72s) v57  draws=17  WR=0.551
  [reuse] v56 198(118u/80s) - 195(115u/80s) v58  draws=7  WR=0.504

[new 27/31] v56 vs v59 (400 games = 200/side, seed=98400) ...
  v56: 222(122u/100s)  v59: 161(92u/69s)  draws: 17  WR(v56)=0.576  t=21.2s
  [reuse] v56 289(162u/127s) - 99(66u/33s) v8  draws=12  WR=0.738
  [reuse] v56 260(162u/98s) - 122(91u/31s) v9  draws=18  WR=0.672
  [reuse] v57 210(122u/88s) - 177(107u/70s) v58  draws=13  WR=0.541

[new 28/31] v57 vs v59 (400 games = 200/side, seed=98800) ...
  v57: 200(105u/95s)  v59: 184(95u/89s)  draws: 16  WR(v57)=0.520  t=22.0s
  [reuse] v57 282(170u/112s) - 112(86u/26s) v8  draws=6  WR=0.713
  [reuse] v57 248(154u/94s) - 140(98u/42s) v9  draws=12  WR=0.635

[new 29/31] v58 vs v59 (400 games = 200/side, seed=99200) ...
  v58: 205(119u/86s)  v59: 177(107u/70s)  draws: 18  WR(v58)=0.535  t=22.1s
  [reuse] v58 286(161u/125s) - 102(66u/36s) v8  draws=12  WR=0.730
  [reuse] v58 241(159u/82s) - 150(109u/41s) v9  draws=9  WR=0.614

[new 30/31] v59 vs v8 (400 games = 200/side, seed=99600) ...
  v59: 248(154u/94s)  v8: 137(99u/38s)  draws: 15  WR(v59)=0.639  t=21.3s

[new 31/31] v59 vs v9 (400 games = 200/side, seed=100000) ...
  v59: 239(155u/84s)  v9: 152(107u/45s)  draws: 9  WR(v59)=0.609  t=21.4s
  [reuse] v8 164(136u/28s) - 226(171u/55s) v9  draws=10  WR=0.422

Fitting BayesElo (combined) ...
Fitting BayesElo (bipartite per-side, anchor=v14_USSR=2015.0) ...

Model                   Elo    USSR*      US*    Gap                95% CI   vs anchor
  (* bipartite per-side, single anchor: v14_USSR=2015)
----------------------------------------------------------------------------------------
v55                    2125  -902573934327497  -6473  -902573934321024  [  2118,   2131]  +110
v54                    2109  -831556284853663  -6250  -831556284847414  [  2103,   2116]  +94
v46                    2108  -911861433969058  -6239  -911861433962819  [  2102,   2115]  +93
v44                    2105  -10205208926464116  -6264  -10205208926457852  [  2099,   2112]  +90
v45                    2105  -109934407105296  -5790  -109934407099507  [  2098,   2111]  +90
v48                    2104  -24413102909885720  -6372  -24413102909879348  [  2097,   2110]  +89
v47                    2100  -32142562816575560  -6214  -32142562816569348  [  2094,   2107]  +85
v56                    2099  -27606761540927204  -6159  -27606761540921044  [  2093,   2106]  +84
v22                    2097  -32356484976673404  -6118  -32356484976667284  [  2091,   2103]  +82
v49                    2088  -162744990940857760  -6053  -162744990940851712  [  2082,   2095]  +73
v57                    2087  -94359692377214176  -5860  -94359692377208320  [  2080,   2093]  +72
v21                    2080  -13257367644515120  -5068  -13257367644510052  [  2073,   2086]  +65
v20                    2079  -9161734412577160  -4928  -9161734412572232  [  2072,   2085]  +64
v19                    2074   6901  -5482  +12384  [  2067,   2080]  +59
v50                    2071   7185  -5594  +12779  [  2065,   2078]  +56
v17                    2062  -11533494644920332  -3890  -11533494644916442  [  2056,   2069]  +47
v58                    2062   6980  -4773  +11753  [  2055,   2068]  +47
v15                    2054  -231266669582193856  -3851  -231266669582190016  [  2048,   2060]  +39
v18                    2052  -302720426027890624  -3770  -302720426027886848  [  2046,   2059]  +37
v16                    2043   7161  249596873591870976  -249596873591863808  [  2037,   2049]  +28
v59                    2035   7726  -3983  +11709  [  2029,   2042]  +20
v14                    2015   2015  -7042  +9057  [  2015,   2015]  +0
v51                    2015   8094  84458729906022432  -84458729906014336  [  2008,   2021]  -0
v12                    2007   9748  56057462653308  -56057462643560  [  2001,   2014]  -8
v13                    2001   7923  971542722560  -971542714638  [  1995,   2007]  -14
v53                    1998   8282  640038918982409  -640038918974126  [  1991,   2004]  -17
v52                    1997   8272  632148573353642  -632148573345370  [  1990,   2003]  -18
v11                    1977   8478  30880796282  -30880787804  [  1971,   1984]  -38
v10                    1954   8807  1713524945  -1713516139  [  1947,   1960]  -61
v9                     1952   8878  1295854122  -1295845244  [  1945,   1958]  -63
v8                     1915   9388  759217269  -759207880  [  1908,   1922]  -100
heuristic              1746  -49620685902402352  87726  -49620685902490080  [  1737,   1755]  -269

Pair                              Obs WR   Bip WR   Comb WR   Bip err   Comb err
------------------------------------------------------------------------------------
heuristic      vs v10              0.117    0.500     0.232    -0.383     -0.115
heuristic      vs v11              0.177    0.500     0.209    -0.323     -0.031
heuristic      vs v12              0.212    0.500     0.182    -0.287     +0.031
heuristic      vs v13              0.220    0.500     0.187    -0.280     +0.033
heuristic      vs v14              0.169    0.500     0.175    -0.331     -0.006
heuristic      vs v15              0.096    0.500     0.145    -0.404     -0.049
heuristic      vs v16              0.150    0.500     0.153    -0.350     -0.003
heuristic      vs v17              0.113    0.500     0.139    -0.388     -0.027
heuristic      vs v18              0.089    0.500     0.146    -0.411     -0.058
heuristic      vs v19              0.135    0.500     0.132    -0.365     +0.003
heuristic      vs v20              0.120    0.500     0.128    -0.380     -0.008
heuristic      vs v21              0.122    0.500     0.128    -0.378     -0.005
heuristic      vs v22              0.119    0.500     0.117    -0.381     +0.002
heuristic      vs v44              0.134    0.500     0.112    -0.366     +0.022
heuristic      vs v45              0.135    0.500     0.113    -0.365     +0.022
heuristic      vs v46              0.125    0.500     0.110    -0.375     +0.015
heuristic      vs v47              0.094    0.500     0.115    -0.406     -0.021
heuristic      vs v48              0.107    0.500     0.113    -0.393     -0.006
heuristic      vs v49              0.151    0.500     0.122    -0.349     +0.029
heuristic      vs v50              0.181    0.500     0.133    -0.319     +0.048
heuristic      vs v51              0.266    0.500     0.176    -0.234     +0.091
heuristic      vs v52              0.310    0.500     0.191    -0.190     +0.119
heuristic      vs v53              0.324    0.500     0.190    -0.176     +0.134
heuristic      vs v54              0.104    0.500     0.110    -0.396     -0.006
heuristic      vs v55              0.094    0.500     0.102    -0.406     -0.008
heuristic      vs v56              0.102    0.500     0.116    -0.398     -0.013
heuristic      vs v57              0.110    0.500     0.123    -0.390     -0.013
heuristic      vs v58              0.168    0.500     0.140    -0.333     +0.028
heuristic      vs v59              0.228    0.500     0.159    -0.272     +0.069
heuristic      vs v8               0.110    0.500     0.274    -0.390     -0.164
heuristic      vs v9               0.199    0.500     0.234    -0.301     -0.035
v10            vs v11              0.409    0.500     0.466    -0.091     -0.057
v10            vs v12              0.393    0.500     0.423    -0.107     -0.031
v10            vs v13              0.396    0.500     0.432    -0.104     -0.036
v10            vs v14              0.405    1.000     0.413    -0.595     -0.008
v10            vs v15              0.334    1.000     0.359    -0.666     -0.026
v10            vs v16              0.378    0.500     0.374    -0.122     +0.003
v10            vs v17              0.366    1.000     0.348    -0.634     +0.018
v10            vs v18              0.354    1.000     0.362    -0.646     -0.008
v10            vs v19              0.364    1.000     0.334    -0.636     +0.030
v10            vs v20              0.384    1.000     0.327    -0.616     +0.056
v10            vs v21              0.375    1.000     0.326    -0.625     +0.049
v10            vs v22              0.269    1.000     0.305    -0.731     -0.036
v10            vs v44              0.318    1.000     0.295    -0.682     +0.023
v10            vs v45              0.320    1.000     0.295    -0.680     +0.025
v10            vs v46              0.258    1.000     0.291    -0.742     -0.033
v10            vs v47              0.312    1.000     0.300    -0.688     +0.012
v10            vs v48              0.258    1.000     0.297    -0.742     -0.039
v10            vs v49              0.311    1.000     0.315    -0.689     -0.004
v10            vs v50              0.349    1.000     0.337    -0.651     +0.012
v10            vs v51              0.414    0.500     0.413    -0.086     +0.001
v10            vs v52              0.436    0.500     0.439    -0.064     -0.002
v10            vs v53              0.454    0.500     0.437    -0.046     +0.017
v10            vs v54              0.319    1.000     0.290    -0.681     +0.029
v10            vs v55              0.253    1.000     0.272    -0.748     -0.020
v10            vs v56              0.326    1.000     0.302    -0.674     +0.025
v10            vs v57              0.336    1.000     0.317    -0.664     +0.019
v10            vs v58              0.389    1.000     0.349    -0.611     +0.039
v10            vs v59              0.365    1.000     0.384    -0.635     -0.019
v10            vs v8               0.535    0.500     0.555    +0.035     -0.020
v10            vs v9               0.514    0.500     0.503    +0.014     +0.011
v11            vs v12              0.425    0.500     0.457    -0.075     -0.032
v11            vs v13              0.482    0.500     0.466    -0.018     +0.016
v11            vs v14              0.441    1.000     0.446    -0.559     -0.005
v11            vs v15              0.393    1.000     0.392    -0.607     +0.001
v11            vs v16              0.409    0.500     0.407    -0.091     +0.002
v11            vs v17              0.399    1.000     0.380    -0.601     +0.019
v11            vs v18              0.385    1.000     0.394    -0.615     -0.009
v11            vs v19              0.347    1.000     0.365    -0.653     -0.017
v11            vs v20              0.309    1.000     0.358    -0.691     -0.049
v11            vs v21              0.346    1.000     0.357    -0.654     -0.010
v11            vs v22              0.344    1.000     0.334    -0.656     +0.010
v11            vs v44              0.326    1.000     0.324    -0.674     +0.002
v11            vs v45              0.306    1.000     0.325    -0.694     -0.018
v11            vs v46              0.352    1.000     0.320    -0.647     +0.033
v11            vs v47              0.324    1.000     0.330    -0.676     -0.006
v11            vs v48              0.343    1.000     0.326    -0.657     +0.016
v11            vs v49              0.364    1.000     0.346    -0.636     +0.018
v11            vs v50              0.383    1.000     0.368    -0.617     +0.015
v11            vs v51              0.438    0.500     0.447    -0.062     -0.009
v11            vs v52              0.411    0.500     0.472    -0.089     -0.061
v11            vs v53              0.489    0.500     0.471    -0.011     +0.018
v11            vs v54              0.326    1.000     0.319    -0.674     +0.007
v11            vs v55              0.335    1.000     0.300    -0.665     +0.035
v11            vs v56              0.305    1.000     0.331    -0.695     -0.026
v11            vs v57              0.323    1.000     0.348    -0.677     -0.025
v11            vs v58              0.385    1.000     0.381    -0.615     +0.004
v11            vs v59              0.444    1.000     0.417    -0.556     +0.026
v11            vs v8               0.626    0.500     0.589    +0.126     +0.037
v11            vs v9               0.564    0.500     0.537    +0.064     +0.027
v12            vs v13              0.517    0.500     0.509    +0.017     +0.008
v12            vs v14              0.460    1.000     0.489    -0.540     -0.029
v12            vs v15              0.391    1.000     0.434    -0.609     -0.042
v12            vs v16              0.390    0.500     0.449    -0.110     -0.059
v12            vs v17              0.430    1.000     0.422    -0.570     +0.008
v12            vs v18              0.414    1.000     0.436    -0.586     -0.022
v12            vs v19              0.372    1.000     0.406    -0.627     -0.033
v12            vs v20              0.386    1.000     0.399    -0.614     -0.013
v12            vs v21              0.438    1.000     0.397    -0.562     +0.040
v12            vs v22              0.383    1.000     0.374    -0.617     +0.009
v12            vs v44              0.362    1.000     0.363    -0.637     -0.001
v12            vs v45              0.396    1.000     0.364    -0.604     +0.032
v12            vs v46              0.365    1.000     0.359    -0.635     +0.006
v12            vs v47              0.369    1.000     0.369    -0.631     -0.001
v12            vs v48              0.390    1.000     0.365    -0.610     +0.025
v12            vs v49              0.394    1.000     0.386    -0.606     +0.008
v12            vs v50              0.412    1.000     0.409    -0.588     +0.003
v12            vs v51              0.492    0.500     0.490    -0.008     +0.003
v12            vs v52              0.477    0.500     0.516    -0.023     -0.038
v12            vs v53              0.507    0.500     0.514    +0.007     -0.006
v12            vs v54              0.385    1.000     0.358    -0.615     +0.027
v12            vs v55              0.364    1.000     0.338    -0.636     +0.026
v12            vs v56              0.364    1.000     0.371    -0.636     -0.007
v12            vs v57              0.395    1.000     0.388    -0.605     +0.007
v12            vs v58              0.422    1.000     0.423    -0.578     -0.000
v12            vs v59              0.562    1.000     0.460    -0.438     +0.103
v12            vs v8               0.615    0.500     0.630    +0.115     -0.015
v12            vs v9               0.549    0.500     0.580    +0.049     -0.031
v13            vs v14              0.485    1.000     0.480    -0.515     +0.005
v13            vs v15              0.412    1.000     0.424    -0.588     -0.012
v13            vs v16              0.429    0.500     0.440    -0.071     -0.011
v13            vs v17              0.401    1.000     0.413    -0.599     -0.011
v13            vs v18              0.386    1.000     0.427    -0.614     -0.040
v13            vs v19              0.406    1.000     0.397    -0.594     +0.009
v13            vs v20              0.383    1.000     0.390    -0.617     -0.008
v13            vs v21              0.401    1.000     0.388    -0.599     +0.013
v13            vs v22              0.351    1.000     0.365    -0.649     -0.014
v13            vs v44              0.399    1.000     0.354    -0.601     +0.044
v13            vs v45              0.311    1.000     0.355    -0.689     -0.044
v13            vs v46              0.376    1.000     0.350    -0.624     +0.026
v13            vs v47              0.381    1.000     0.361    -0.619     +0.021
v13            vs v48              0.334    1.000     0.357    -0.666     -0.023
v13            vs v49              0.381    1.000     0.377    -0.619     +0.004
v13            vs v50              0.420    1.000     0.400    -0.580     +0.020
v13            vs v51              0.500    0.500     0.480    +0.000     +0.020
v13            vs v52              0.556    0.500     0.506    +0.056     +0.050
v13            vs v53              0.515    0.500     0.505    +0.015     +0.010
v13            vs v54              0.343    1.000     0.349    -0.657     -0.007
v13            vs v55              0.299    1.000     0.329    -0.701     -0.031
v13            vs v56              0.378    1.000     0.362    -0.623     +0.016
v13            vs v57              0.404    1.000     0.379    -0.596     +0.025
v13            vs v58              0.426    1.000     0.414    -0.574     +0.013
v13            vs v59              0.485    1.000     0.451    -0.515     +0.034
v13            vs v8               0.600    0.500     0.621    +0.100     -0.021
v13            vs v9               0.566    0.500     0.570    +0.066     -0.004
v14            vs v15              0.466    1.000     0.444    -0.534     +0.022
v14            vs v16              0.431    0.000     0.460    +0.431     -0.028
v14            vs v17              0.445    1.000     0.432    -0.555     +0.013
v14            vs v18              0.407    1.000     0.446    -0.592     -0.039
v14            vs v19              0.404    0.500     0.416    -0.096     -0.013
v14            vs v20              0.414    1.000     0.409    -0.586     +0.004
v14            vs v21              0.386    1.000     0.408    -0.614     -0.022
v14            vs v22              0.374    1.000     0.384    -0.626     -0.010
v14            vs v44              0.385    1.000     0.373    -0.615     +0.012
v14            vs v45              0.420    1.000     0.374    -0.580     +0.046
v14            vs v46              0.366    1.000     0.369    -0.634     -0.002
v14            vs v47              0.376    1.000     0.380    -0.624     -0.003
v14            vs v48              0.343    1.000     0.375    -0.657     -0.033
v14            vs v49              0.396    1.000     0.396    -0.604     +0.000
v14            vs v50              0.385    0.500     0.420    -0.115     -0.035
v14            vs v51              0.532    0.000     0.501    +0.532     +0.032
v14            vs v52              0.521    0.000     0.527    +0.521     -0.005
v14            vs v53              0.573    0.000     0.525    +0.573     +0.048
v14            vs v54              0.346    1.000     0.368    -0.654     -0.021
v14            vs v55              0.341    1.000     0.347    -0.659     -0.006
v14            vs v56              0.371    1.000     0.381    -0.629     -0.009
v14            vs v57              0.393    1.000     0.398    -0.607     -0.006
v14            vs v58              0.455    0.500     0.433    -0.045     +0.022
v14            vs v59              0.474    0.500     0.471    -0.026     +0.003
v14            vs v8               0.637    0.000     0.640    +0.637     -0.003
v14            vs v9               0.639    0.000     0.590    +0.639     +0.049
v15            vs v16              0.506    0.000     0.516    +0.506     -0.010
v15            vs v17              0.448    0.500     0.488    -0.052     -0.040
v15            vs v18              0.470    0.500     0.502    -0.030     -0.032
v15            vs v19              0.429    0.000     0.472    +0.429     -0.043
v15            vs v20              0.420    0.500     0.465    -0.080     -0.045
v15            vs v21              0.456    0.500     0.463    -0.044     -0.007
v15            vs v22              0.416    0.500     0.438    -0.084     -0.022
v15            vs v44              0.398    0.500     0.427    -0.102     -0.029
v15            vs v45              0.411    0.500     0.428    -0.089     -0.016
v15            vs v46              0.417    0.500     0.422    -0.083     -0.005
v15            vs v47              0.449    0.500     0.434    -0.051     +0.015
v15            vs v48              0.446    0.500     0.429    -0.054     +0.017
v15            vs v49              0.411    0.500     0.451    -0.089     -0.039
v15            vs v50              0.496    0.000     0.475    +0.496     +0.021
v15            vs v51              0.555    0.000     0.556    +0.555     -0.001
v15            vs v52              0.608    0.000     0.582    +0.608     +0.026
v15            vs v53              0.575    0.000     0.580    +0.575     -0.005
v15            vs v54              0.404    0.500     0.421    -0.096     -0.017
v15            vs v55              0.426    0.500     0.400    -0.074     +0.027
v15            vs v56              0.445    0.500     0.435    -0.055     +0.010
v15            vs v57              0.450    0.500     0.453    -0.050     -0.003
v15            vs v58              0.499    0.000     0.489    +0.499     +0.010
v15            vs v59              0.562    0.000     0.527    +0.562     +0.036
v15            vs v8               0.699    0.000     0.690    +0.699     +0.009
v15            vs v9               0.681    0.000     0.643    +0.681     +0.038
v16            vs v17              0.465    1.000     0.472    -0.535     -0.007
v16            vs v18              0.445    1.000     0.487    -0.555     -0.042
v16            vs v19              0.471    1.000     0.456    -0.529     +0.015
v16            vs v20              0.415    1.000     0.449    -0.585     -0.034
v16            vs v21              0.380    1.000     0.447    -0.620     -0.067
v16            vs v22              0.405    1.000     0.423    -0.595     -0.018
v16            vs v44              0.378    1.000     0.412    -0.623     -0.034
v16            vs v45              0.404    1.000     0.412    -0.596     -0.009
v16            vs v46              0.420    1.000     0.407    -0.580     +0.013
v16            vs v47              0.417    1.000     0.418    -0.583     -0.001
v16            vs v48              0.378    1.000     0.414    -0.623     -0.036
v16            vs v49              0.414    1.000     0.435    -0.586     -0.021
v16            vs v50              0.460    1.000     0.459    -0.540     +0.001
v16            vs v51              0.534    0.500     0.541    +0.034     -0.007
v16            vs v52              0.549    0.500     0.567    +0.049     -0.018
v16            vs v53              0.573    0.500     0.565    +0.073     +0.008
v16            vs v54              0.394    1.000     0.406    -0.606     -0.012
v16            vs v55              0.399    1.000     0.385    -0.601     +0.014
v16            vs v56              0.441    1.000     0.419    -0.559     +0.022
v16            vs v57              0.461    1.000     0.438    -0.539     +0.024
v16            vs v58              0.514    1.000     0.473    -0.486     +0.041
v16            vs v59              0.541    1.000     0.511    -0.459     +0.030
v16            vs v8               0.716    0.500     0.676    +0.216     +0.040
v16            vs v9               0.642    0.500     0.628    +0.142     +0.014
v17            vs v18              0.485    0.500     0.514    -0.015     -0.029
v17            vs v19              0.434    0.000     0.484    +0.434     -0.050
v17            vs v20              0.438    0.500     0.477    -0.062     -0.039
v17            vs v21              0.458    0.500     0.475    -0.042     -0.017
v17            vs v22              0.436    0.500     0.450    -0.064     -0.014
v17            vs v44              0.459    0.500     0.439    -0.041     +0.020
v17            vs v45              0.456    0.500     0.440    -0.044     +0.017
v17            vs v46              0.456    0.500     0.434    -0.044     +0.022
v17            vs v47              0.414    0.500     0.445    -0.086     -0.032
v17            vs v48              0.479    0.500     0.441    -0.021     +0.038
v17            vs v49              0.479    0.500     0.463    -0.021     +0.016
v17            vs v50              0.509    0.000     0.487    +0.509     +0.022
v17            vs v51              0.585    0.000     0.568    +0.585     +0.017
v17            vs v52              0.575    0.000     0.594    +0.575     -0.019
v17            vs v53              0.586    0.000     0.592    +0.586     -0.006
v17            vs v54              0.429    0.500     0.433    -0.071     -0.004
v17            vs v55              0.426    0.500     0.411    -0.074     +0.015
v17            vs v56              0.429    0.500     0.447    -0.071     -0.018
v17            vs v57              0.436    0.500     0.465    -0.064     -0.029
v17            vs v58              0.504    0.000     0.501    +0.504     +0.003
v17            vs v59              0.520    0.000     0.539    +0.520     -0.019
v17            vs v8               0.704    0.000     0.700    +0.704     +0.003
v17            vs v9               0.715    0.000     0.654    +0.715     +0.061
v18            vs v19              0.486    0.000     0.469    +0.486     +0.017
v18            vs v20              0.455    0.500     0.462    -0.045     -0.007
v18            vs v21              0.416    0.500     0.461    -0.084     -0.044
v18            vs v22              0.385    0.500     0.436    -0.115     -0.051
v18            vs v44              0.471    0.500     0.425    -0.029     +0.047
v18            vs v45              0.441    0.500     0.425    -0.059     +0.016
v18            vs v46              0.411    0.500     0.420    -0.089     -0.009
v18            vs v47              0.375    0.500     0.431    -0.125     -0.056
v18            vs v48              0.427    0.500     0.427    -0.073     +0.001
v18            vs v49              0.466    0.500     0.449    -0.034     +0.018
v18            vs v50              0.468    0.000     0.473    +0.468     -0.005
v18            vs v51              0.529    0.000     0.554    +0.529     -0.025
v18            vs v52              0.578    0.000     0.580    +0.578     -0.002
v18            vs v53              0.580    0.000     0.578    +0.580     +0.002
v18            vs v54              0.409    0.500     0.419    -0.091     -0.010
v18            vs v55              0.378    0.500     0.398    -0.122     -0.020
v18            vs v56              0.395    0.500     0.433    -0.105     -0.038
v18            vs v57              0.432    0.500     0.451    -0.068     -0.018
v18            vs v58              0.429    0.000     0.487    +0.429     -0.058
v18            vs v59              0.491    0.000     0.524    +0.491     -0.033
v18            vs v8               0.679    0.000     0.688    +0.679     -0.009
v18            vs v9               0.656    0.000     0.641    +0.656     +0.015
v19            vs v20              0.506    1.000     0.493    -0.494     +0.013
v19            vs v21              0.481    1.000     0.491    -0.519     -0.010
v19            vs v22              0.460    1.000     0.466    -0.540     -0.006
v19            vs v44              0.445    1.000     0.455    -0.555     -0.010
v19            vs v45              0.459    1.000     0.456    -0.541     +0.003
v19            vs v46              0.436    1.000     0.450    -0.564     -0.014
v19            vs v47              0.415    1.000     0.462    -0.585     -0.047
v19            vs v48              0.453    1.000     0.457    -0.547     -0.005
v19            vs v49              0.515    1.000     0.479    -0.485     +0.036
v19            vs v50              0.522    0.500     0.503    +0.022     +0.019
v19            vs v51              0.551    0.000     0.584    +0.551     -0.033
v19            vs v52              0.605    0.000     0.609    +0.605     -0.004
v19            vs v53              0.588    0.000     0.607    +0.588     -0.020
v19            vs v54              0.430    1.000     0.449    -0.570     -0.019
v19            vs v55              0.394    1.000     0.427    -0.606     -0.034
v19            vs v56              0.454    1.000     0.463    -0.546     -0.009
v19            vs v57              0.477    1.000     0.481    -0.522     -0.004
v19            vs v58              0.546    0.500     0.517    +0.046     +0.029
v19            vs v59              0.547    0.500     0.555    +0.047     -0.007
v19            vs v8               0.714    0.000     0.714    +0.714     -0.000
v19            vs v9               0.664    0.000     0.669    +0.664     -0.005
v20            vs v21              0.472    0.500     0.498    -0.028     -0.026
v20            vs v22              0.479    0.500     0.474    -0.021     +0.005
v20            vs v44              0.445    0.500     0.462    -0.055     -0.017
v20            vs v45              0.468    0.500     0.463    -0.032     +0.005
v20            vs v46              0.444    0.500     0.457    -0.056     -0.013
v20            vs v47              0.458    0.500     0.469    -0.042     -0.011
v20            vs v48              0.438    0.500     0.464    -0.062     -0.027
v20            vs v49              0.434    0.500     0.486    -0.066     -0.052
v20            vs v50              0.496    0.000     0.510    +0.496     -0.014
v20            vs v51              0.589    0.000     0.591    +0.589     -0.002
v20            vs v52              0.599    0.000     0.616    +0.599     -0.017
v20            vs v53              0.603    0.000     0.614    +0.603     -0.012
v20            vs v54              0.485    0.500     0.456    -0.015     +0.029
v20            vs v55              0.435    0.500     0.434    -0.065     +0.001
v20            vs v56              0.515    0.500     0.470    +0.015     +0.045
v20            vs v57              0.492    0.500     0.489    -0.008     +0.004
v20            vs v58              0.504    0.000     0.524    +0.504     -0.021
v20            vs v59              0.526    0.000     0.562    +0.526     -0.036
v20            vs v8               0.718    0.000     0.720    +0.718     -0.002
v20            vs v9               0.666    0.000     0.675    +0.666     -0.009
v21            vs v22              0.475    0.500     0.475    -0.025     -0.000
v21            vs v44              0.468    0.500     0.464    -0.032     +0.004
v21            vs v45              0.458    0.500     0.464    -0.042     -0.007
v21            vs v46              0.453    0.500     0.459    -0.047     -0.006
v21            vs v47              0.509    0.500     0.470    +0.009     +0.038
v21            vs v48              0.532    0.500     0.466    +0.032     +0.067
v21            vs v49              0.475    0.500     0.488    -0.025     -0.013
v21            vs v50              0.465    0.000     0.512    +0.465     -0.047
v21            vs v51              0.600    0.000     0.593    +0.600     +0.007
v21            vs v52              0.632    0.000     0.618    +0.632     +0.015
v21            vs v53              0.609    0.000     0.616    +0.609     -0.007
v21            vs v54              0.398    0.500     0.458    -0.102     -0.060
v21            vs v55              0.420    0.500     0.436    -0.080     -0.016
v21            vs v56              0.446    0.500     0.472    -0.054     -0.025
v21            vs v57              0.461    0.500     0.490    -0.039     -0.029
v21            vs v58              0.470    0.000     0.526    +0.470     -0.056
v21            vs v59              0.505    0.000     0.564    +0.505     -0.059
v21            vs v8               0.739    0.000     0.721    +0.739     +0.018
v21            vs v9               0.701    0.000     0.676    +0.701     +0.025
v22            vs v44              0.485    0.500     0.488    -0.015     -0.003
v22            vs v45              0.472    0.500     0.489    -0.028     -0.017
v22            vs v46              0.482    0.500     0.484    -0.018     -0.001
v22            vs v47              0.465    0.500     0.495    -0.035     -0.030
v22            vs v48              0.468    0.500     0.491    -0.032     -0.023
v22            vs v49              0.514    0.500     0.513    +0.014     +0.001
v22            vs v50              0.529    0.000     0.537    +0.529     -0.008
v22            vs v51              0.580    0.000     0.616    +0.580     -0.036
v22            vs v52              0.609    0.000     0.641    +0.609     -0.032
v22            vs v53              0.652    0.000     0.639    +0.652     +0.013
v22            vs v54              0.472    0.500     0.483    -0.028     -0.010
v22            vs v55              0.510    0.500     0.461    +0.010     +0.049
v22            vs v56              0.451    0.500     0.496    -0.049     -0.045
v22            vs v57              0.547    0.500     0.515    +0.047     +0.032
v22            vs v58              0.534    0.000     0.551    +0.534     -0.017
v22            vs v59              0.562    0.000     0.588    +0.562     -0.025
v22            vs v8               0.716    0.000     0.740    +0.716     -0.024
v22            vs v9               0.649    0.000     0.698    +0.649     -0.049
v44            vs v45              0.502    0.500     0.501    +0.002     +0.002
v44            vs v46              0.500    0.500     0.495    +0.000     +0.005
v44            vs v47              0.526    0.500     0.507    +0.026     +0.019
v44            vs v48              0.466    0.500     0.502    -0.034     -0.036
v44            vs v49              0.535    0.500     0.524    +0.035     +0.011
v44            vs v50              0.562    0.000     0.548    +0.562     +0.014
v44            vs v51              0.637    0.000     0.627    +0.637     +0.010
v44            vs v52              0.639    0.000     0.651    +0.639     -0.013
v44            vs v53              0.650    0.000     0.650    +0.650     +0.000
v44            vs v54              0.426    0.500     0.494    -0.074     -0.068
v44            vs v55              0.471    0.500     0.472    -0.029     -0.001
v44            vs v56              0.519    0.500     0.508    +0.019     +0.011
v44            vs v57              0.524    0.500     0.527    +0.024     -0.003
v44            vs v58              0.564    0.000     0.562    +0.564     +0.001
v44            vs v59              0.618    0.000     0.599    +0.618     +0.019
v44            vs v8               0.759    0.000     0.749    +0.759     +0.010
v44            vs v9               0.723    0.000     0.707    +0.723     +0.015
v45            vs v46              0.494    0.500     0.494    -0.006     -0.001
v45            vs v47              0.542    0.500     0.506    +0.042     +0.037
v45            vs v48              0.525    0.500     0.501    +0.025     +0.024
v45            vs v49              0.527    0.500     0.523    +0.027     +0.004
v45            vs v50              0.566    0.000     0.548    +0.566     +0.019
v45            vs v51              0.589    0.000     0.627    +0.589     -0.038
v45            vs v52              0.647    0.000     0.651    +0.647     -0.003
v45            vs v53              0.621    0.000     0.649    +0.621     -0.028
v45            vs v54              0.486    0.500     0.493    -0.014     -0.007
v45            vs v55              0.468    0.500     0.471    -0.032     -0.004
v45            vs v56              0.500    0.500     0.507    +0.000     -0.007
v45            vs v57              0.540    0.500     0.526    +0.040     +0.014
v45            vs v58              0.551    0.000     0.561    +0.551     -0.010
v45            vs v59              0.529    0.000     0.598    +0.529     -0.069
v45            vs v8               0.779    0.000     0.749    +0.779     +0.030
v45            vs v9               0.705    0.000     0.707    +0.705     -0.002
v46            vs v47              0.510    0.500     0.512    +0.010     -0.002
v46            vs v48              0.489    0.500     0.507    -0.011     -0.018
v46            vs v49              0.481    0.500     0.529    -0.019     -0.048
v46            vs v50              0.562    0.000     0.553    +0.562     +0.009
v46            vs v51              0.620    0.000     0.632    +0.620     -0.012
v46            vs v52              0.641    0.000     0.656    +0.641     -0.015
v46            vs v53              0.636    0.000     0.654    +0.636     -0.018
v46            vs v54              0.524    0.500     0.499    +0.024     +0.025
v46            vs v55              0.479    0.500     0.477    -0.021     +0.002
v46            vs v56              0.526    0.500     0.513    +0.026     +0.013
v46            vs v57              0.521    0.500     0.531    +0.021     -0.010
v46            vs v58              0.571    0.000     0.567    +0.571     +0.004
v46            vs v59              0.600    0.000     0.604    +0.600     -0.004
v46            vs v8               0.755    0.000     0.753    +0.755     +0.002
v46            vs v9               0.725    0.000     0.711    +0.725     +0.014
v47            vs v48              0.520    0.500     0.496    +0.020     +0.024
v47            vs v49              0.520    0.500     0.517    +0.020     +0.003
v47            vs v50              0.502    0.000     0.542    +0.502     -0.039
v47            vs v51              0.599    0.000     0.621    +0.599     -0.022
v47            vs v52              0.640    0.000     0.645    +0.640     -0.005
v47            vs v53              0.595    0.000     0.644    +0.595     -0.049
v47            vs v54              0.485    0.500     0.487    -0.015     -0.002
v47            vs v55              0.431    0.500     0.465    -0.069     -0.034
v47            vs v56              0.517    0.500     0.501    +0.017     +0.016
v47            vs v57              0.499    0.500     0.520    -0.001     -0.021
v47            vs v58              0.590    0.000     0.556    +0.590     +0.034
v47            vs v59              0.556    0.000     0.592    +0.556     -0.036
v47            vs v8               0.739    0.000     0.744    +0.739     -0.005
v47            vs v9               0.694    0.000     0.702    +0.694     -0.008
v48            vs v49              0.499    0.500     0.522    -0.001     -0.023
v48            vs v50              0.550    0.000     0.546    +0.550     +0.004
v48            vs v51              0.588    0.000     0.625    +0.588     -0.038
v48            vs v52              0.644    0.000     0.649    +0.644     -0.006
v48            vs v53              0.629    0.000     0.648    +0.629     -0.019
v48            vs v54              0.482    0.500     0.492    -0.018     -0.009
v48            vs v55              0.502    0.500     0.470    +0.002     +0.033
v48            vs v56              0.527    0.500     0.506    +0.027     +0.022
v48            vs v57              0.495    0.500     0.524    -0.005     -0.029
v48            vs v58              0.525    0.000     0.560    +0.525     -0.035
v48            vs v59              0.616    0.000     0.597    +0.616     +0.019
v48            vs v8               0.743    0.000     0.748    +0.743     -0.005
v48            vs v9               0.676    0.000     0.706    +0.676     -0.029
v49            vs v50              0.476    0.000     0.524    +0.476     -0.048
v49            vs v51              0.561    0.000     0.604    +0.561     -0.043
v49            vs v52              0.615    0.000     0.629    +0.615     -0.014
v49            vs v53              0.579    0.000     0.627    +0.579     -0.049
v49            vs v54              0.514    0.500     0.470    +0.014     +0.044
v49            vs v55              0.427    0.500     0.448    -0.073     -0.021
v49            vs v56              0.514    0.500     0.484    +0.014     +0.030
v49            vs v57              0.477    0.500     0.502    -0.023     -0.025
v49            vs v58              0.556    0.000     0.538    +0.556     +0.018
v49            vs v59              0.575    0.000     0.576    +0.575     -0.001
v49            vs v8               0.740    0.000     0.731    +0.740     +0.009
v49            vs v9               0.672    0.000     0.687    +0.672     -0.015
v50            vs v51              0.581    0.000     0.581    +0.581     +0.000
v50            vs v52              0.631    0.000     0.606    +0.631     +0.025
v50            vs v53              0.610    0.000     0.604    +0.610     +0.006
v50            vs v54              0.446    1.000     0.446    -0.554     +0.000
v50            vs v55              0.410    1.000     0.424    -0.590     -0.014
v50            vs v56              0.436    1.000     0.460    -0.564     -0.023
v50            vs v57              0.486    1.000     0.478    -0.514     +0.008
v50            vs v58              0.492    0.500     0.514    -0.008     -0.021
v50            vs v59              0.529    0.500     0.552    +0.029     -0.023
v50            vs v8               0.701    0.000     0.711    +0.701     -0.010
v50            vs v9               0.682    0.000     0.666    +0.682     +0.017
v51            vs v52              0.490    0.500     0.526    -0.010     -0.036
v51            vs v53              0.530    0.500     0.524    +0.030     +0.006
v51            vs v54              0.393    1.000     0.367    -0.607     +0.025
v51            vs v55              0.340    1.000     0.347    -0.660     -0.007
v51            vs v56              0.404    1.000     0.380    -0.596     +0.024
v51            vs v57              0.388    1.000     0.398    -0.613     -0.010
v51            vs v58              0.417    1.000     0.433    -0.583     -0.015
v51            vs v59              0.490    1.000     0.470    -0.510     +0.020
v51            vs v8               0.609    0.500     0.640    +0.109     -0.031
v51            vs v9               0.581    0.500     0.590    +0.081     -0.008
v52            vs v53              0.489    0.500     0.498    -0.011     -0.009
v52            vs v54              0.343    1.000     0.343    -0.657     -0.001
v52            vs v55              0.334    1.000     0.324    -0.666     +0.010
v52            vs v56              0.369    1.000     0.356    -0.631     +0.013
v52            vs v57              0.416    1.000     0.373    -0.584     +0.043
v52            vs v58              0.391    1.000     0.407    -0.609     -0.016
v52            vs v59              0.461    1.000     0.444    -0.539     +0.017
v52            vs v8               0.620    0.500     0.615    +0.120     +0.005
v52            vs v9               0.527    0.500     0.564    +0.027     -0.037
v53            vs v54              0.380    1.000     0.345    -0.620     +0.035
v53            vs v55              0.360    1.000     0.325    -0.640     +0.035
v53            vs v56              0.360    1.000     0.358    -0.640     +0.002
v53            vs v57              0.379    1.000     0.375    -0.621     +0.004
v53            vs v58              0.470    1.000     0.409    -0.530     +0.061
v53            vs v59              0.477    1.000     0.446    -0.522     +0.031
v53            vs v8               0.593    0.500     0.617    +0.093     -0.024
v53            vs v9               0.527    0.500     0.566    +0.027     -0.038
v54            vs v55              0.465    0.500     0.478    -0.035     -0.013
v54            vs v56              0.497    0.500     0.514    -0.003     -0.016
v54            vs v57              0.507    0.500     0.532    +0.007     -0.025
v54            vs v58              0.578    0.000     0.568    +0.578     +0.010
v54            vs v59              0.559    0.000     0.605    +0.559     -0.046
v54            vs v8               0.730    0.000     0.754    +0.730     -0.024
v54            vs v9               0.711    0.000     0.712    +0.711     -0.001
v55            vs v56              0.529    0.500     0.536    +0.029     -0.007
v55            vs v57              0.531    0.500     0.554    +0.031     -0.023
v55            vs v58              0.579    0.000     0.590    +0.579     -0.011
v55            vs v59              0.613    0.000     0.626    +0.613     -0.013
v55            vs v8               0.723    0.000     0.770    +0.723     -0.047
v55            vs v9               0.746    0.000     0.730    +0.746     +0.016
v56            vs v57              0.551    0.500     0.519    +0.051     +0.033
v56            vs v58              0.504    0.000     0.554    +0.504     -0.050
v56            vs v59              0.576    0.000     0.591    +0.576     -0.015
v56            vs v8               0.738    0.000     0.743    +0.738     -0.006
v56            vs v9               0.672    0.000     0.701    +0.672     -0.028
v57            vs v58              0.541    0.000     0.536    +0.541     +0.005
v57            vs v59              0.520    0.000     0.573    +0.520     -0.053
v57            vs v8               0.713    0.000     0.729    +0.713     -0.016
v57            vs v9               0.635    0.000     0.685    +0.635     -0.050
v58            vs v59              0.535    0.500     0.538    +0.035     -0.003
v58            vs v8               0.730    0.000     0.699    +0.730     +0.031
v58            vs v9               0.614    0.000     0.653    +0.614     -0.039
v59            vs v8               0.639    0.000     0.667    +0.639     -0.028
v59            vs v9               0.609    0.000     0.618    +0.609     -0.009
v8             vs v9               0.422    0.500     0.447    -0.078     -0.025
------------------------------------------------------------------------------------
                                              RMSE    0.4761     0.0288
  (bipartite RMSE >= combined RMSE → bipartite model not better fit)

Saved to results/elo_full_ladder.json
