=== ELO incremental placement: v138_sc ===
Exporting checkpoints to TorchScript ...
Loaded 2698 match results from SQL match_cache

Match schedule (36 total, 8 new, 28 reused from prior run):
  v55 vs v54  [reuse]
  v55 vs v44  [reuse]
  v55 vs v45  [reuse]
  v55 vs v14  [reuse]
  v55 vs v68_sc  [reuse]
  v55 vs v59  [reuse]
  v55 vs v46  [reuse]
  v55 vs v138_sc
  v54 vs v44  [reuse]
  v54 vs v45  [reuse]
  v54 vs v14  [reuse]
  v54 vs v68_sc  [reuse]
  v54 vs v59  [reuse]
  v54 vs v46  [reuse]
  v54 vs v138_sc
  v44 vs v45  [reuse]
  v44 vs v14  [reuse]
  v44 vs v68_sc  [reuse]
  v44 vs v59  [reuse]
  v44 vs v46  [reuse]
  v44 vs v138_sc
  v45 vs v14  [reuse]
  v45 vs v68_sc  [reuse]
  v45 vs v59  [reuse]
  v45 vs v46  [reuse]
  v45 vs v138_sc
  v14 vs v68_sc  [reuse]
  v14 vs v59  [reuse]
  v14 vs v46  [reuse]
  v14 vs v138_sc
  v68_sc vs v59  [reuse]
  v68_sc vs v46  [reuse]
  v68_sc vs v138_sc
  v59 vs v46  [reuse]
  v59 vs v138_sc
  v46 vs v138_sc
  [reuse] v55 209(115u/94s) - 181(102u/79s) v54  draws=10  WR=0.535
  [reuse] v55 201(119u/82s) - 178(110u/68s) v44  draws=21  WR=0.529
  [reuse] v55 206(136u/70s) - 180(123u/57s) v45  draws=14  WR=0.532
  [reuse] v55 255(150u/105s) - 128(88u/40s) v14  draws=17  WR=0.659
  [reuse] v55 134(73u/61s) - 62(36u/26s) v68_sc  draws=4  WR=0.680
  [reuse] v55 240(133u/107s) - 150(91u/59s) v59  draws=10  WR=0.613
  [reuse] v55 201(114u/87s) - 184(107u/77s) v46  draws=15  WR=0.521

[new 1/8] v55 vs v138_sc (200 games = 100/side, seed=88000) ...
  v55: 144(85u/59s)  v138_sc: 54(40u/14s)  draws: 2  WR(v55)=0.725  t=9.2s
  [reuse] v54 222(126u/96s) - 163(99u/64s) v44  draws=15  WR=0.574
  [reuse] v54 194(125u/69s) - 183(121u/62s) v45  draws=23  WR=0.514
  [reuse] v54 254(154u/100s) - 131(95u/36s) v14  draws=15  WR=0.654
  [reuse] v54 132(77u/55s) - 58(40u/18s) v68_sc  draws=10  WR=0.685
  [reuse] v54 214(123u/91s) - 167(102u/65s) v59  draws=19  WR=0.559
  [reuse] v54 181(113u/68s) - 200(120u/80s) v46  draws=19  WR=0.476

[new 2/8] v54 vs v138_sc (200 games = 100/side, seed=88200) ...
  v54: 139(87u/52s)  v138_sc: 58(48u/10s)  draws: 3  WR(v54)=0.703  t=8.9s
  [reuse] v44 194(130u/64s) - 192(130u/62s) v45  draws=14  WR=0.502
  [reuse] v44 239(147u/92s) - 147(100u/47s) v14  draws=14  WR=0.615
  [reuse] v44 126(66u/60s) - 64(36u/28s) v68_sc  draws=10  WR=0.655
  [reuse] v44 240(131u/109s) - 146(83u/63s) v59  draws=14  WR=0.618
  [reuse] v44 190(102u/88s) - 190(101u/89s) v46  draws=20  WR=0.500

[new 3/8] v44 vs v138_sc (200 games = 100/side, seed=88400) ...
  v44: 127(79u/48s)  v138_sc: 64(48u/16s)  draws: 9  WR(v44)=0.657  t=8.8s
  [reuse] v45 226(147u/79s) - 162(115u/47s) v14  draws=12  WR=0.580
  [reuse] v45 124(75u/49s) - 69(49u/20s) v68_sc  draws=7  WR=0.637
  [reuse] v45 202(126u/76s) - 179(113u/66s) v59  draws=19  WR=0.529
  [reuse] v45 189(130u/59s) - 194(137u/57s) v46  draws=17  WR=0.494

[new 4/8] v45 vs v138_sc (200 games = 100/side, seed=88600) ...
Assuming unrestricted shared filesystem usage.
host: balsa-tree
Building DAG of jobs...
Using shell: /usr/bin/bash
Provided cores: 20
Rules claiming more threads will be scaled down.
Provided resources: gpu=Resource("gpu", 1)
Job stats:
job                  count
-----------------  -------
ppo_train_dynamic        1
total                    1

Select jobs to execute...
Execute 1 jobs...

[Mon Apr 13 15:07:10 2026]
localrule ppo_train_dynamic:
    input: data/checkpoints/ppo_v138_sc_league/ppo_best.pt
    output: data/checkpoints/ppo_v139_sc_league/ppo_final.pt
    log: results/logs/ppo/ppo_v139_sc.log
    jobid: 0
    reason: Missing output files: data/checkpoints/ppo_v139_sc_league/ppo_final.pt
    resources: tmpdir=/tmp, gpu=1
  v45: 140(86u/54s)  v138_sc: 54(44u/10s)  draws: 6  WR(v45)=0.715  t=9.6s
  [reuse] v14 123(70u/53s) - 75(46u/29s) v68_sc  draws=2  WR=0.620
  [reuse] v14 182(117u/65s) - 203(128u/75s) v59  draws=15  WR=0.474
  [reuse] v14 139(97u/42s) - 246(151u/95s) v46  draws=15  WR=0.366

[new 5/8] v14 vs v138_sc (200 games = 100/side, seed=88800) ...
  v14: 113(77u/36s)  v138_sc: 83(62u/21s)  draws: 4  WR(v14)=0.575  t=9.7s
  [reuse] v68_sc 151(85u/66s) - 238(125u/113s) v59  draws=11  WR=0.391
  [reuse] v68_sc 134(74u/60s) - 253(133u/120s) v46  draws=13  WR=0.351

[new 6/8] v68_sc vs v138_sc (200 games = 100/side, seed=89000) ...
  v68_sc: 85(55u/30s)  v138_sc: 111(70u/41s)  draws: 4  WR(v68_sc)=0.435  t=9.2s
  [reuse] v59 150(91u/59s) - 230(136u/94s) v46  draws=20  WR=0.400

[new 7/8] v59 vs v138_sc (200 games = 100/side, seed=89200) ...
  v59: 92(59u/33s)  v138_sc: 104(66u/38s)  draws: 4  WR(v59)=0.470  t=9.5s

[new 8/8] v46 vs v138_sc (200 games = 100/side, seed=89400) ...
  v46: 134(82u/52s)  v138_sc: 63(47u/16s)  draws: 3  WR(v46)=0.677  t=9.5s

Fitting BayesElo (combined) ...
Fitting BayesElo (bipartite per-side, anchor=v14_USSR=2015.0) ...

Model                   Elo    USSR*      US*    Gap                95% CI   vs anchor
  (* bipartite per-side, single anchor: v14_USSR=2015)
----------------------------------------------------------------------------------------
v55                    2122   2090   2034  +56  [  2109,   2136]  +107
v54                    2108   2088   2008  +80  [  2095,   2122]  +93
v46                    2104   2074   2009  +65  [  2091,   2117]  +89
v44                    2095   2058   2007  +51  [  2081,   2108]  +80
v45                    2089   2114   1944  +170  [  2076,   2102]  +74
v59                    2036   1994   1949  +45  [  2023,   2049]  +21
v14                    2015   2015   1876  +139  [  2015,   2015]  +0
v138_sc                1979   1992   1811  +181  [  1961,   1997]  -36
v68_sc                 1967   1911   1888  +23  [  1951,   1983]  -48

Pair                              Obs WR   Bip WR   Comb WR   Bip err   Comb err
------------------------------------------------------------------------------------
v55            vs v54              0.535    0.519     0.520    +0.016     +0.015
v55            vs v44              0.529    0.542     0.540    -0.013     -0.011
v55            vs v45              0.532    0.543     0.548    -0.010     -0.015
v55            vs v14              0.659    0.650     0.650    +0.008     +0.009
v55            vs v68_sc           0.680    0.715     0.710    -0.035     -0.030
v55            vs v59              0.613    0.625     0.622    -0.013     -0.009
v55            vs v46              0.521    0.528     0.527    -0.007     -0.005
v55            vs v138_sc          0.725    0.696     0.696    +0.029     +0.029
v54            vs v44              0.574    0.522     0.520    +0.052     +0.054
v54            vs v45              0.514    0.524     0.528    -0.010     -0.014
v54            vs v14              0.654    0.631     0.631    +0.023     +0.023
v54            vs v68_sc           0.685    0.697     0.693    -0.012     -0.008
v54            vs v59              0.559    0.605     0.603    -0.047     -0.044
v54            vs v46              0.476    0.508     0.506    -0.032     -0.030
v54            vs v138_sc          0.703    0.677     0.678    +0.025     +0.024
v44            vs v45              0.502    0.504     0.508    -0.002     -0.006
v44            vs v14              0.615    0.614     0.613    +0.001     +0.002
v44            vs v68_sc           0.655    0.680     0.676    -0.025     -0.021
v44            vs v59              0.618    0.585     0.584    +0.032     +0.034
v44            vs v46              0.500    0.487     0.487    +0.013     +0.013
v44            vs v138_sc          0.657    0.663     0.661    -0.006     -0.004
v45            vs v14              0.580    0.598     0.605    -0.018     -0.025
v45            vs v68_sc           0.637    0.666     0.669    -0.029     -0.031
v45            vs v59              0.529    0.575     0.576    -0.046     -0.047
v45            vs v46              0.494    0.484     0.479    +0.010     +0.015
v45            vs v138_sc          0.715    0.641     0.654    +0.074     +0.061
v14            vs v68_sc           0.620    0.562     0.569    +0.058     +0.051
v14            vs v59              0.474    0.466     0.470    +0.008     +0.004
v14            vs v46              0.366    0.375     0.375    -0.009     -0.009
v14            vs v138_sc          0.575    0.552     0.552    +0.023     +0.023
v68_sc         vs v59              0.391    0.400     0.402    -0.008     -0.011
v68_sc         vs v46              0.351    0.309     0.312    +0.042     +0.039
v68_sc         vs v138_sc          0.435    0.498     0.483    -0.063     -0.048
v59            vs v46              0.400    0.402     0.403    -0.002     -0.003
v59            vs v138_sc          0.470    0.590     0.582    -0.120     -0.112
v46            vs v138_sc          0.677    0.672     0.673    +0.005     +0.005
------------------------------------------------------------------------------------
                                              RMSE    0.0354     0.0329
  (bipartite RMSE >= combined RMSE → bipartite model not better fit)

Saved to results/logs/elo/elo_v138_sc_incremental.json
[sql] Tournament logged: incremental_20260413T220756Z_v138_sc_v14 → results/metadata.sqlite3
[confirm] Merged $VERSION into results/elo/elo_full_ladder.json: elo=1979
[Mon Apr 13 15:09:46 2026]
Finished jobid: 0 (Rule: ppo_train_dynamic)
1 of 1 steps (100%) done
Complete log(s): /home/dkord/code/twilight-struggle-ai/.snakemake/log/2026-04-13T150710.315496.snakemake.log
