=== ELO incremental placement: v119_sc ===
Exporting checkpoints to TorchScript ...
Loaded 3210 match results from SQL match_cache

Match schedule (36 total, 0 new, 36 reused from prior run):
  v55 vs v54  [reuse]
  v55 vs v44  [reuse]
  v55 vs v45  [reuse]
  v55 vs v14  [reuse]
  v55 vs v117_sc  [reuse]
  v55 vs v10  [reuse]
  v55 vs v46  [reuse]
  v55 vs v119_sc  [reuse]
  v54 vs v44  [reuse]
  v54 vs v45  [reuse]
  v54 vs v14  [reuse]
  v54 vs v117_sc  [reuse]
  v54 vs v10  [reuse]
  v54 vs v46  [reuse]
  v54 vs v119_sc  [reuse]
  v44 vs v45  [reuse]
  v44 vs v14  [reuse]
  v44 vs v117_sc  [reuse]
  v44 vs v10  [reuse]
  v44 vs v46  [reuse]
  v44 vs v119_sc  [reuse]
  v45 vs v14  [reuse]
  v45 vs v117_sc  [reuse]
  v45 vs v10  [reuse]
  v45 vs v46  [reuse]
  v45 vs v119_sc  [reuse]
  v14 vs v117_sc  [reuse]
  v14 vs v10  [reuse]
  v14 vs v46  [reuse]
  v14 vs v119_sc  [reuse]
  v117_sc vs v10  [reuse]
  v117_sc vs v46  [reuse]
  v117_sc vs v119_sc  [reuse]
  v10 vs v46  [reuse]
  v10 vs v119_sc  [reuse]
  v46 vs v119_sc  [reuse]
  [reuse] v55 209(115u/94s) - 181(102u/79s) v54  draws=10  WR=0.535
  [reuse] v55 201(119u/82s) - 178(110u/68s) v44  draws=21  WR=0.529
  [reuse] v55 206(136u/70s) - 180(123u/57s) v45  draws=14  WR=0.532
  [reuse] v55 255(150u/105s) - 128(88u/40s) v14  draws=17  WR=0.659
  [reuse] v55 187(100u/87s) - 13(13u/0s) v117_sc  draws=0  WR=0.935
  [reuse] v55 293(166u/127s) - 95(66u/29s) v10  draws=12  WR=0.748
  [reuse] v55 201(114u/87s) - 184(107u/77s) v46  draws=15  WR=0.521
  [reuse] v55 187(97u/90s) - 13(10u/3s) v119_sc  draws=0  WR=0.935
  [reuse] v54 222(126u/96s) - 163(99u/64s) v44  draws=15  WR=0.574
  [reuse] v54 194(125u/69s) - 183(121u/62s) v45  draws=23  WR=0.514
  [reuse] v54 254(154u/100s) - 131(95u/36s) v14  draws=15  WR=0.654
  [reuse] v54 185(96u/89s) - 15(11u/4s) v117_sc  draws=0  WR=0.925
  [reuse] v54 266(163u/103s) - 121(94u/27s) v10  draws=13  WR=0.681
  [reuse] v54 181(113u/68s) - 200(120u/80s) v46  draws=19  WR=0.476
  [reuse] v54 185(99u/86s) - 14(14u/0s) v119_sc  draws=1  WR=0.927
  [reuse] v44 194(130u/64s) - 192(130u/62s) v45  draws=14  WR=0.502
  [reuse] v44 239(147u/92s) - 147(100u/47s) v14  draws=14  WR=0.615
  [reuse] v44 182(95u/87s) - 18(13u/5s) v117_sc  draws=0  WR=0.910
  [reuse] v44 263(159u/104s) - 117(83u/34s) v10  draws=20  WR=0.682
  [reuse] v44 190(102u/88s) - 190(101u/89s) v46  draws=20  WR=0.500
  [reuse] v44 182(96u/86s) - 18(14u/4s) v119_sc  draws=0  WR=0.910
  [reuse] v45 226(147u/79s) - 162(115u/47s) v14  draws=12  WR=0.580
  [reuse] v45 181(99u/82s) - 19(18u/1s) v117_sc  draws=0  WR=0.905
  [reuse] v45 264(159u/105s) - 120(85u/35s) v10  draws=16  WR=0.680
  [reuse] v45 189(130u/59s) - 194(137u/57s) v46  draws=17  WR=0.494
  [reuse] v45 188(99u/89s) - 12(11u/1s) v119_sc  draws=0  WR=0.940
  [reuse] v14 186(99u/87s) - 14(13u/1s) v117_sc  draws=0  WR=0.930
  [reuse] v14 229(154u/75s) - 153(112u/41s) v10  draws=18  WR=0.595
  [reuse] v14 139(97u/42s) - 246(151u/95s) v46  draws=15  WR=0.366
  [reuse] v14 186(94u/92s) - 14(8u/6s) v119_sc  draws=0  WR=0.930
  [reuse] v117_sc 9(8u/1s) - 191(99u/92s) v10  draws=0  WR=0.045
  [reuse] v117_sc 14(10u/4s) - 185(96u/89s) v46  draws=1  WR=0.072
  [reuse] v117_sc 95(70u/25s) - 101(73u/28s) v119_sc  draws=4  WR=0.485
  [reuse] v10 94(68u/26s) - 288(167u/121s) v46  draws=18  WR=0.258
  [reuse] v10 188(99u/89s) - 12(11u/1s) v119_sc  draws=0  WR=0.940
  [reuse] v46 185(99u/86s) - 15(14u/1s) v119_sc  draws=0  WR=0.925

Fitting BayesElo (combined) ...
Fitting BayesElo (bipartite per-side, anchor=v14_USSR=2015.0) ...

Model                   Elo    USSR*      US*    Gap                95% CI   vs anchor
  (* bipartite per-side, single anchor: v14_USSR=2015)
----------------------------------------------------------------------------------------
v55                    2125   2096   2038  +57  [  2111,   2140]  +110
v46                    2110   2085   2017  +67  [  2096,   2124]  +95
v54                    2108   2091   2008  +83  [  2094,   2122]  +93
v45                    2091   2119   1949  +169  [  2077,   2105]  +76
v44                    2089   2059   1997  +62  [  2075,   2103]  +74
v14                    2015   2015   1881  +134  [  2015,   2015]  +0
v10                    1955   1947   1820  +128  [  1940,   1970]  -60
v119_sc                1617   1594   1421  +173  [  1588,   1646]  -398
v117_sc                1615   1600   1403  +197  [  1587,   1644]  -400

Pair                              Obs WR   Bip WR   Comb WR   Bip err   Comb err
------------------------------------------------------------------------------------
v55            vs v54              0.535    0.524     0.525    +0.011     +0.010
v55            vs v44              0.529    0.554     0.552    -0.025     -0.023
v55            vs v45              0.532    0.543     0.549    -0.010     -0.017
v55            vs v14              0.659    0.654     0.653    +0.005     +0.005
v55            vs v117_sc          0.935    0.954     0.950    -0.019     -0.015
v55            vs v10              0.748    0.729     0.727    +0.018     +0.020
v55            vs v46              0.521    0.523     0.522    -0.001     -0.000
v55            vs v119_sc          0.935    0.954     0.949    -0.019     -0.014
v54            vs v44              0.574    0.530     0.527    +0.044     +0.047
v54            vs v45              0.514    0.520     0.524    -0.006     -0.011
v54            vs v14              0.654    0.630     0.630    +0.023     +0.023
v54            vs v117_sc          0.925    0.947     0.945    -0.022     -0.020
v54            vs v10              0.681    0.707     0.707    -0.026     -0.026
v54            vs v46              0.476    0.499     0.496    -0.022     -0.020
v54            vs v119_sc          0.927    0.948     0.944    -0.020     -0.016
v44            vs v45              0.502    0.492     0.497    +0.010     +0.005
v44            vs v14              0.615    0.605     0.605    +0.010     +0.010
v44            vs v117_sc          0.910    0.943     0.939    -0.033     -0.029
v44            vs v10              0.682    0.685     0.684    -0.003     -0.002
v44            vs v46              0.500    0.469     0.469    +0.031     +0.031
v44            vs v119_sc          0.910    0.943     0.938    -0.033     -0.028
v45            vs v14              0.580    0.602     0.607    -0.022     -0.027
v45            vs v117_sc          0.905    0.933     0.939    -0.028     -0.034
v45            vs v10              0.680    0.676     0.686    +0.004     -0.006
v45            vs v46              0.494    0.478     0.472    +0.015     +0.022
v45            vs v119_sc          0.940    0.934     0.939    +0.006     +0.001
v14            vs v117_sc          0.930    0.903     0.909    +0.027     +0.021
v14            vs v10              0.595    0.580     0.586    +0.015     +0.009
v14            vs v46              0.366    0.367     0.366    -0.000     +0.000
v14            vs v119_sc          0.930    0.904     0.908    +0.026     +0.022
v117_sc        vs v10              0.045    0.131     0.124    -0.086     -0.079
v117_sc        vs v46              0.072    0.051     0.055    +0.021     +0.018
v117_sc        vs v119_sc          0.485    0.493     0.497    -0.008     -0.012
v10            vs v46              0.258    0.290     0.290    -0.032     -0.033
v10            vs v119_sc          0.940    0.870     0.875    +0.070     +0.065
v46            vs v119_sc          0.925    0.949     0.945    -0.024     -0.020
------------------------------------------------------------------------------------
                                              RMSE    0.0276     0.0263
  (bipartite RMSE >= combined RMSE → bipartite model not better fit)

Saved to results/logs/elo/elo_v119_sc_incremental.json
[sql] Tournament logged: incremental_20260413T195800Z_v10_v117_sc → results/metadata.sqlite3
[confirm] Merged $VERSION into results/elo/elo_full_ladder.json: elo=1617
[Mon Apr 13 13:01:36 2026]
Finished jobid: 0 (Rule: ppo_train_dynamic)
1 of 1 steps (100%) done
Complete log(s): /home/dkord/code/twilight-struggle-ai/.snakemake/log/2026-04-13T125739.241779.snakemake.log
