=== ELO incremental placement: v240_sc ===
Exporting checkpoints to TorchScript ...
Loaded 4531 match results from SQL match_cache

Match schedule (36 total, 0 new, 36 reused from prior run):
  v55 vs v54  [reuse]
  v55 vs v44  [reuse]
  v55 vs v45  [reuse]
  v55 vs v14  [reuse]
  v55 vs v230_sc  [reuse]
  v55 vs v152_sc  [reuse]
  v55 vs v46  [reuse]
  v55 vs v240_sc  [reuse]
  v54 vs v44  [reuse]
  v54 vs v45  [reuse]
  v54 vs v14  [reuse]
  v54 vs v230_sc  [reuse]
  v54 vs v152_sc  [reuse]
  v54 vs v46  [reuse]
  v54 vs v240_sc  [reuse]
  v44 vs v45  [reuse]
  v44 vs v14  [reuse]
  v44 vs v230_sc  [reuse]
  v44 vs v152_sc  [reuse]
  v44 vs v46  [reuse]
  v44 vs v240_sc  [reuse]
  v45 vs v14  [reuse]
  v45 vs v230_sc  [reuse]
  v45 vs v152_sc  [reuse]
  v45 vs v46  [reuse]
  v45 vs v240_sc  [reuse]
  v14 vs v230_sc  [reuse]
  v14 vs v152_sc  [reuse]
  v14 vs v46  [reuse]
  v14 vs v240_sc  [reuse]
  v230_sc vs v152_sc  [reuse]
  v230_sc vs v46  [reuse]
  v230_sc vs v240_sc  [reuse]
  v152_sc vs v46  [reuse]
  v152_sc vs v240_sc  [reuse]
  v46 vs v240_sc  [reuse]
  [reuse] v55 209(115u/94s) - 181(102u/79s) v54  draws=10  WR=0.535
  [reuse] v55 201(119u/82s) - 178(110u/68s) v44  draws=21  WR=0.529
  [reuse] v55 206(136u/70s) - 180(123u/57s) v45  draws=14  WR=0.532
  [reuse] v55 255(150u/105s) - 128(88u/40s) v14  draws=17  WR=0.659
  [reuse] v55 171(94u/77s) - 28(23u/5s) v230_sc  draws=1  WR=0.858
  [reuse] v55 180(98u/82s) - 19(17u/2s) v152_sc  draws=1  WR=0.902
  [reuse] v55 201(114u/87s) - 184(107u/77s) v46  draws=15  WR=0.521
  [reuse] v55 173(91u/82s) - 26(18u/8s) v240_sc  draws=1  WR=0.868
  [reuse] v54 222(126u/96s) - 163(99u/64s) v44  draws=15  WR=0.574
  [reuse] v54 194(125u/69s) - 183(121u/62s) v45  draws=23  WR=0.514
  [reuse] v54 254(154u/100s) - 131(95u/36s) v14  draws=15  WR=0.654
  [reuse] v54 175(92u/83s) - 25(17u/8s) v230_sc  draws=0  WR=0.875
  [reuse] v54 169(96u/73s) - 31(27u/4s) v152_sc  draws=0  WR=0.845
  [reuse] v54 181(113u/68s) - 200(120u/80s) v46  draws=19  WR=0.476
  [reuse] v54 181(98u/83s) - 19(17u/2s) v240_sc  draws=0  WR=0.905
  [reuse] v44 194(130u/64s) - 192(130u/62s) v45  draws=14  WR=0.502
  [reuse] v44 239(147u/92s) - 147(100u/47s) v14  draws=14  WR=0.615
  [reuse] v44 171(94u/77s) - 27(22u/5s) v230_sc  draws=2  WR=0.860
  [reuse] v44 170(95u/75s) - 28(23u/5s) v152_sc  draws=2  WR=0.855
  [reuse] v44 190(102u/88s) - 190(101u/89s) v46  draws=20  WR=0.500
  [reuse] v44 177(97u/80s) - 23(20u/3s) v240_sc  draws=0  WR=0.885
  [reuse] v45 226(147u/79s) - 162(115u/47s) v14  draws=12  WR=0.580
  [reuse] v45 172(89u/83s) - 25(15u/10s) v230_sc  draws=3  WR=0.868
  [reuse] v45 167(95u/72s) - 31(28u/3s) v152_sc  draws=2  WR=0.840
  [reuse] v45 189(130u/59s) - 194(137u/57s) v46  draws=17  WR=0.494
  [reuse] v45 171(92u/79s) - 27(19u/8s) v240_sc  draws=2  WR=0.860
  [reuse] v14 161(88u/73s) - 35(27u/8s) v230_sc  draws=4  WR=0.815
  [reuse] v14 149(96u/53s) - 48(44u/4s) v152_sc  draws=3  WR=0.752
  [reuse] v14 139(97u/42s) - 246(151u/95s) v46  draws=15  WR=0.366
  [reuse] v14 168(95u/73s) - 29(25u/4s) v240_sc  draws=3  WR=0.848
  [reuse] v230_sc 68(41u/27s) - 131(72u/59s) v152_sc  draws=1  WR=0.343
  [reuse] v230_sc 23(14u/9s) - 176(90u/86s) v46  draws=1  WR=0.117
  [reuse] v230_sc 110(54u/56s) - 83(40u/43s) v240_sc  draws=7  WR=0.568
  [reuse] v152_sc 24(22u/2s) - 175(98u/77s) v46  draws=1  WR=0.122
  [reuse] v152_sc 123(69u/54s) - 71(45u/26s) v240_sc  draws=6  WR=0.630
  [reuse] v46 185(97u/88s) - 15(12u/3s) v240_sc  draws=0  WR=0.925

Fitting BayesElo (combined) ...
Fitting BayesElo (bipartite per-side, anchor=v14_USSR=2015.0) ...

Model                   Elo    USSR*      US*    Gap                95% CI   vs anchor
  (* bipartite per-side, single anchor: v14_USSR=2015)
----------------------------------------------------------------------------------------
v55                    2126   2089   2026  +63  [  2111,   2140]  +111
v54                    2115   2083   2010  +73  [  2100,   2130]  +100
v46                    2114   2076   2012  +64  [  2099,   2129]  +99
v44                    2095   2059   1991  +69  [  2081,   2110]  +80
v45                    2095   2111   1944  +167  [  2080,   2110]  +80
v14                    2015   2015   1859  +156  [  2015,   2015]  +0
v152_sc                1812   1799   1635  +164  [  1791,   1833]  -203
v230_sc                1757   1681   1660  +21  [  1735,   1780]  -258
v240_sc                1727   1671   1598  +73  [  1703,   1750]  -288

Pair                              Obs WR   Bip WR   Comb WR   Bip err   Comb err
------------------------------------------------------------------------------------
v55            vs v54              0.535    0.516     0.516    +0.019     +0.019
v55            vs v44              0.529    0.545     0.544    -0.017     -0.015
v55            vs v45              0.532    0.538     0.544    -0.006     -0.012
v55            vs v14              0.659    0.653     0.654    +0.006     +0.005
v55            vs v230_sc          0.858    0.901     0.893    -0.043     -0.035
v55            vs v152_sc          0.902    0.859     0.859    +0.043     +0.044
v55            vs v46              0.521    0.518     0.517    +0.003     +0.004
v55            vs v240_sc          0.868    0.914     0.908    -0.047     -0.041
v54            vs v44              0.574    0.530     0.528    +0.044     +0.046
v54            vs v45              0.514    0.524     0.529    -0.010     -0.015
v54            vs v14              0.654    0.638     0.640    +0.016     +0.014
v54            vs v230_sc          0.875    0.894     0.887    -0.019     -0.012
v54            vs v152_sc          0.845    0.850     0.851    -0.005     -0.006
v54            vs v46              0.476    0.503     0.501    -0.026     -0.025
v54            vs v240_sc          0.905    0.909     0.903    -0.004     +0.002
v44            vs v45              0.502    0.496     0.501    +0.006     +0.002
v44            vs v14              0.615    0.612     0.614    +0.003     +0.001
v44            vs v230_sc          0.860    0.882     0.875    -0.022     -0.015
v44            vs v152_sc          0.855    0.835     0.836    +0.020     +0.019
v44            vs v46              0.500    0.473     0.473    +0.027     +0.027
v44            vs v240_sc          0.885    0.898     0.893    -0.013     -0.008
v45            vs v14              0.580    0.605     0.613    -0.025     -0.033
v45            vs v230_sc          0.868    0.875     0.875    -0.008     -0.007
v45            vs v152_sc          0.840    0.818     0.836    +0.022     +0.004
v45            vs v46              0.494    0.479     0.473    +0.015     +0.021
v45            vs v240_sc          0.860    0.889     0.893    -0.029     -0.033
v14            vs v230_sc          0.815    0.811     0.815    +0.004     -0.000
v14            vs v152_sc          0.752    0.742     0.763    +0.010     -0.010
v14            vs v46              0.366    0.363     0.361    +0.003     +0.005
v14            vs v240_sc          0.848    0.832     0.840    +0.016     +0.008
v230_sc        vs v152_sc          0.343    0.438     0.421    -0.095     -0.079
v230_sc        vs v46              0.117    0.106     0.114    +0.011     +0.004
v230_sc        vs v240_sc          0.568    0.550     0.543    +0.017     +0.024
v152_sc        vs v46              0.122    0.150     0.150    -0.027     -0.027
v152_sc        vs v240_sc          0.630    0.604     0.620    +0.026     +0.010
v46            vs v240_sc          0.925    0.908     0.903    +0.017     +0.022
------------------------------------------------------------------------------------
                                              RMSE    0.0267     0.0243
  (bipartite RMSE >= combined RMSE → bipartite model not better fit)

Saved to results/logs/elo/elo_v240_sc_incremental.json
[sql] Tournament logged: incremental_20260414T142220Z_v14_v152_sc → results/metadata.sqlite3
[confirm] Merged $VERSION into results/elo/elo_full_ladder.json: elo=1727
[Tue Apr 14 07:30:01 2026]
Finished jobid: 0 (Rule: ppo_train_dynamic)
1 of 1 steps (100%) done
Complete log(s): /home/dkord/code/twilight-struggle-ai/.snakemake/log/2026-04-14T072145.102724.snakemake.log
