=== ELO incremental placement: v165_sc ===
Exporting checkpoints to TorchScript ...
Loaded 3112 match results from SQL match_cache

Match schedule (36 total, 0 new, 36 reused from prior run):
  v55 vs v54  [reuse]
  v55 vs v44  [reuse]
  v55 vs v45  [reuse]
  v55 vs v14  [reuse]
  v55 vs v151_sc  [reuse]
  v55 vs v11  [reuse]
  v55 vs v46  [reuse]
  v55 vs v165_sc  [reuse]
  v54 vs v44  [reuse]
  v54 vs v45  [reuse]
  v54 vs v14  [reuse]
  v54 vs v151_sc  [reuse]
  v54 vs v11  [reuse]
  v54 vs v46  [reuse]
  v54 vs v165_sc  [reuse]
  v44 vs v45  [reuse]
  v44 vs v14  [reuse]
  v44 vs v151_sc  [reuse]
  v44 vs v11  [reuse]
  v44 vs v46  [reuse]
  v44 vs v165_sc  [reuse]
  v45 vs v14  [reuse]
  v45 vs v151_sc  [reuse]
  v45 vs v11  [reuse]
  v45 vs v46  [reuse]
  v45 vs v165_sc  [reuse]
  v14 vs v151_sc  [reuse]
  v14 vs v11  [reuse]
  v14 vs v46  [reuse]
  v14 vs v165_sc  [reuse]
  v151_sc vs v11  [reuse]
  v151_sc vs v46  [reuse]
  v151_sc vs v165_sc  [reuse]
  v11 vs v46  [reuse]
  v11 vs v165_sc  [reuse]
  v46 vs v165_sc  [reuse]
  [reuse] v55 209(115u/94s) - 181(102u/79s) v54  draws=10  WR=0.535
  [reuse] v55 201(119u/82s) - 178(110u/68s) v44  draws=21  WR=0.529
  [reuse] v55 206(136u/70s) - 180(123u/57s) v45  draws=14  WR=0.532
  [reuse] v55 255(150u/105s) - 128(88u/40s) v14  draws=17  WR=0.659
  [reuse] v55 159(94u/65s) - 38(34u/4s) v151_sc  draws=3  WR=0.802
  [reuse] v55 261(160u/101s) - 129(95u/34s) v11  draws=10  WR=0.665
  [reuse] v55 201(114u/87s) - 184(107u/77s) v46  draws=15  WR=0.521
  [reuse] v55 179(99u/80s) - 20(20u/0s) v165_sc  draws=1  WR=0.897
  [reuse] v54 222(126u/96s) - 163(99u/64s) v44  draws=15  WR=0.574
  [reuse] v54 194(125u/69s) - 183(121u/62s) v45  draws=23  WR=0.514
  [reuse] v54 254(154u/100s) - 131(95u/36s) v14  draws=15  WR=0.654
  [reuse] v54 168(94u/74s) - 30(26u/4s) v151_sc  draws=2  WR=0.845
  [reuse] v54 265(161u/104s) - 126(93u/33s) v11  draws=9  WR=0.674
  [reuse] v54 181(113u/68s) - 200(120u/80s) v46  draws=19  WR=0.476
  [reuse] v54 181(96u/85s) - 18(14u/4s) v165_sc  draws=1  WR=0.907
  [reuse] v44 194(130u/64s) - 192(130u/62s) v45  draws=14  WR=0.502
  [reuse] v44 239(147u/92s) - 147(100u/47s) v14  draws=14  WR=0.615
  [reuse] v44 159(94u/65s) - 40(34u/6s) v151_sc  draws=1  WR=0.797
  [reuse] v44 265(155u/110s) - 126(83u/43s) v11  draws=9  WR=0.674
  [reuse] v44 190(102u/88s) - 190(101u/89s) v46  draws=20  WR=0.500
  [reuse] v44 177(98u/79s) - 21(20u/1s) v165_sc  draws=2  WR=0.890
  [reuse] v45 226(147u/79s) - 162(115u/47s) v14  draws=12  WR=0.580
  [reuse] v45 161(96u/65s) - 34(32u/2s) v151_sc  draws=5  WR=0.818
  [reuse] v45 267(160u/107s) - 112(81u/31s) v11  draws=21  WR=0.694
  [reuse] v45 189(130u/59s) - 194(137u/57s) v46  draws=17  WR=0.494
  [reuse] v45 177(99u/78s) - 22(21u/1s) v165_sc  draws=1  WR=0.887
  [reuse] v14 134(88u/46s) - 65(53u/12s) v151_sc  draws=1  WR=0.672
  [reuse] v14 216(144u/72s) - 169(121u/48s) v11  draws=15  WR=0.559
  [reuse] v14 139(97u/42s) - 246(151u/95s) v46  draws=15  WR=0.366
  [reuse] v14 175(94u/81s) - 23(19u/4s) v165_sc  draws=2  WR=0.880
  [reuse] v151_sc 77(62u/15s) - 115(83u/32s) v11  draws=8  WR=0.405
  [reuse] v151_sc 25(22u/3s) - 172(94u/78s) v46  draws=3  WR=0.133
  [reuse] v151_sc 140(88u/52s) - 56(45u/11s) v165_sc  draws=4  WR=0.710
  [reuse] v11 134(98u/36s) - 252(159u/93s) v46  draws=14  WR=0.352
  [reuse] v11 172(97u/75s) - 26(24u/2s) v165_sc  draws=2  WR=0.865
  [reuse] v46 176(96u/80s) - 23(19u/4s) v165_sc  draws=1  WR=0.882

Fitting BayesElo (combined) ...
Fitting BayesElo (bipartite per-side, anchor=v14_USSR=2015.0) ...

Model                   Elo    USSR*      US*    Gap                95% CI   vs anchor
  (* bipartite per-side, single anchor: v14_USSR=2015)
----------------------------------------------------------------------------------------
v55                    2123   2102   2027  +76  [  2109,   2136]  +108
v54                    2117   2091   2024  +66  [  2103,   2130]  +102
v46                    2110   2086   2014  +72  [  2096,   2124]  +95
v45                    2101   2126   1963  +163  [  2087,   2115]  +86
v44                    2097   2063   2007  +55  [  2083,   2110]  +82
v14                    2015   2015   1879  +136  [  2015,   2015]  +0
v11                    1978   1981   1828  +153  [  1964,   1992]  -37
v151_sc                1859   1875   1641  +233  [  1838,   1879]  -156
v165_sc                1706   1692   1443  +249  [  1680,   1732]  -309

Pair                              Obs WR   Bip WR   Comb WR   Bip err   Comb err
------------------------------------------------------------------------------------
v55            vs v54              0.535    0.510     0.509    +0.025     +0.026
v55            vs v44              0.529    0.541     0.537    -0.012     -0.008
v55            vs v45              0.532    0.525     0.531    +0.008     +0.002
v55            vs v14              0.659    0.650     0.650    +0.009     +0.009
v55            vs v151_sc          0.802    0.820     0.820    -0.018     -0.018
v55            vs v11              0.665    0.697     0.697    -0.032     -0.032
v55            vs v46              0.521    0.520     0.518    +0.001     +0.003
v55            vs v165_sc          0.897    0.925     0.917    -0.028     -0.019
v54            vs v44              0.574    0.531     0.529    +0.043     +0.045
v54            vs v45              0.514    0.516     0.522    -0.002     -0.008
v54            vs v14              0.654    0.642     0.642    +0.011     +0.012
v54            vs v151_sc          0.845    0.817     0.815    +0.028     +0.030
v54            vs v11              0.674    0.690     0.689    -0.017     -0.016
v54            vs v46              0.476    0.510     0.509    -0.034     -0.033
v54            vs v165_sc          0.907    0.924     0.914    -0.016     -0.007
v44            vs v45              0.502    0.487     0.494    +0.015     +0.009
v44            vs v14              0.615    0.616     0.615    -0.001     -0.000
v44            vs v151_sc          0.797    0.801     0.797    -0.003     +0.000
v44            vs v11              0.674    0.666     0.664    +0.008     +0.010
v44            vs v46              0.500    0.479     0.481    +0.021     +0.019
v44            vs v165_sc          0.890    0.916     0.905    -0.026     -0.015
v45            vs v14              0.580    0.616     0.621    -0.036     -0.041
v45            vs v151_sc          0.818    0.784     0.801    +0.034     +0.016
v45            vs v11              0.694    0.661     0.670    +0.033     +0.024
v45            vs v46              0.494    0.493     0.487    +0.000     +0.007
v45            vs v165_sc          0.887    0.904     0.907    -0.016     -0.019
v14            vs v151_sc          0.672    0.701     0.711    -0.029     -0.038
v14            vs v11              0.559    0.551     0.553    +0.007     +0.006
v14            vs v46              0.366    0.367     0.366    -0.001     -0.000
v14            vs v165_sc          0.880    0.855     0.856    +0.025     +0.024
v151_sc        vs v11              0.405    0.345     0.335    +0.060     +0.070
v151_sc        vs v46              0.133    0.190     0.191    -0.058     -0.058
v151_sc        vs v165_sc          0.710    0.675     0.707    +0.035     +0.003
v11            vs v46              0.352    0.319     0.319    +0.034     +0.034
v11            vs v165_sc          0.865    0.822     0.827    +0.043     +0.038
v46            vs v165_sc          0.882    0.920     0.911    -0.038     -0.029
------------------------------------------------------------------------------------
                                              RMSE    0.0273     0.0261
  (bipartite RMSE >= combined RMSE → bipartite model not better fit)

Saved to results/logs/elo/elo_v165_sc_incremental.json
[sql] Tournament logged: incremental_20260414T000719Z_v11_v14 → results/metadata.sqlite3
[confirm] Merged $VERSION into results/elo/elo_full_ladder.json: elo=1706
[Mon Apr 13 17:15:37 2026]
Finished jobid: 0 (Rule: ppo_train_dynamic)
1 of 1 steps (100%) done
Complete log(s): /home/dkord/code/twilight-struggle-ai/.snakemake/log/2026-04-13T170650.973964.snakemake.log
