=== ELO incremental placement: country_attn_v10 ===
Exporting checkpoints to TorchScript ...
Loaded 5279 match results from SQL match_cache

Match schedule (15 total, 0 new, 15 reused from prior run):
  v56 vs v54  [reuse]
  v56 vs v44  [reuse]
  v56 vs v20  [reuse]
  v56 vs v55  [reuse]
  v56 vs country_attn_v10  [reuse]
  v54 vs v44  [reuse]
  v54 vs v20  [reuse]
  v54 vs v55  [reuse]
  v54 vs country_attn_v10  [reuse]
  v44 vs v20  [reuse]
  v44 vs v55  [reuse]
  v44 vs country_attn_v10  [reuse]
  v20 vs v55  [reuse]
  v20 vs country_attn_v10  [reuse]
  v55 vs country_attn_v10  [reuse]
  [reuse] v56 240(152u/88s) - 249(155u/94s) v54  draws=11  WR=0.491
  [reuse] v56 243(157u/86s) - 243(158u/85s) v44  draws=14  WR=0.500
  [reuse] v56 247(159u/88s) - 245(159u/86s) v20  draws=8  WR=0.502
  [reuse] v56 246(162u/84s) - 246(160u/86s) v55  draws=8  WR=0.500
  [reuse] v56 109(74u/35s) - 87(63u/24s) country_attn_v10  draws=4  WR=0.555
  [reuse] v54 222(126u/96s) - 163(99u/64s) v44  draws=15  WR=0.574
  [reuse] v54 196(128u/68s) - 184(123u/61s) v20  draws=20  WR=0.515
  [reuse] v54 229(149u/80s) - 268(169u/99s) v55  draws=3  WR=0.461
  [reuse] v54 104(71u/33s) - 96(67u/29s) country_attn_v10  draws=0  WR=0.520
  [reuse] v44 213(134u/79s) - 169(111u/58s) v20  draws=18  WR=0.555
  [reuse] v44 238(149u/89s) - 252(158u/94s) v55  draws=10  WR=0.486
  [reuse] v44 113(75u/38s) - 83(59u/24s) country_attn_v10  draws=4  WR=0.575
  [reuse] v20 255(150u/105s) - 237(141u/96s) v55  draws=8  WR=0.518
  [reuse] v20 126(84u/42s) - 70(55u/15s) country_attn_v10  draws=4  WR=0.640
  [reuse] v55 110(72u/38s) - 84(59u/25s) country_attn_v10  draws=6  WR=0.565

Fitting BayesElo (bipartite per-side, anchor=v56_USSR=1900.0) ...
Fitting BayesElo (combined, for residual comparison) ...

Model                  USSR      US    Gap   Comb*                95% CI   vs anchor
  (bipartite per-side = PRIMARY, anchor: v56_USSR=1900)
  (* combined = derived from P(win) = 0.5·P_ussr + 0.5·P_us)
----------------------------------------------------------------------------------------
v55                   1890   1806  +85    1906  [  1891,   1921]  +6
v54                   1891   1803  +88    1905  [  1889,   1920]  +5
v56                   1900   1783  +117    1900  [  1900,   1900]  +0
v20                   1890   1792  +98    1900  [  1885,   1915]  -0
v44                   1880   1798  +82    1898  [  1882,   1913]  -2
country_attn_v10      1881   1687  +194    1853  [  1829,   1873]  -47

Pair                              Obs WR   Bip WR   Comb WR   Bip err   Comb err
------------------------------------------------------------------------------------
v56            vs v54              0.491    0.492     0.493    -0.001     -0.002
v56            vs v44              0.500    0.504     0.503    -0.004     -0.003
v56            vs v20              0.502    0.500     0.500    +0.002     +0.002
v56            vs v55              0.500    0.491     0.491    +0.009     +0.009
v56            vs country_attn_v10   0.555    0.567     0.570    -0.012     -0.015
v54            vs v44              0.574    0.511     0.510    +0.062     +0.063
v54            vs v20              0.515    0.508     0.507    +0.007     +0.008
v54            vs v55              0.461    0.499     0.498    -0.038     -0.037
v54            vs country_attn_v10   0.520    0.577     0.577    -0.057     -0.057
v44            vs v20              0.555    0.497     0.497    +0.058     +0.058
v44            vs v55              0.486    0.487     0.488    -0.001     -0.002
v44            vs country_attn_v10   0.575    0.567     0.567    +0.008     +0.008
v20            vs v55              0.518    0.491     0.491    +0.027     +0.027
v20            vs country_attn_v10   0.640    0.569     0.570    +0.071     +0.070
v55            vs country_attn_v10   0.565    0.578     0.578    -0.013     -0.013
------------------------------------------------------------------------------------
                                              RMSE    0.0349     0.0349
  (bipartite RMSE < combined RMSE → bipartite model better fit)

Saved to results/logs/elo/elo_country_attn_v10_incremental.json
[sql] Tournament logged: incremental_20260420T114411Z_country_attn_v10_v20 → results/metadata.sqlite3
[confirm] Merged $VERSION into results/elo/elo_full_ladder.json: elo=1853
