=== ELO incremental placement: v101_sc ===
Exporting checkpoints to TorchScript ...
Loaded 2852 match results from SQL match_cache

Match schedule (36 total, 8 new, 28 reused from prior run):
  v55 vs v54  [reuse]
  v55 vs v44  [reuse]
  v55 vs v45  [reuse]
  v55 vs v14  [reuse]
  v55 vs v8  [reuse]
  v55 vs v82_sc  [reuse]
  v55 vs v46  [reuse]
  v55 vs v101_sc
  v54 vs v44  [reuse]
  v54 vs v45  [reuse]
  v54 vs v14  [reuse]
  v54 vs v8  [reuse]
  v54 vs v82_sc  [reuse]
  v54 vs v46  [reuse]
  v54 vs v101_sc
  v44 vs v45  [reuse]
  v44 vs v14  [reuse]
  v44 vs v8  [reuse]
  v44 vs v82_sc  [reuse]
  v44 vs v46  [reuse]
  v44 vs v101_sc
  v45 vs v14  [reuse]
  v45 vs v8  [reuse]
  v45 vs v82_sc  [reuse]
  v45 vs v46  [reuse]
  v45 vs v101_sc
  v14 vs v8  [reuse]
  v14 vs v82_sc  [reuse]
  v14 vs v46  [reuse]
  v14 vs v101_sc
  v8 vs v82_sc  [reuse]
  v8 vs v46  [reuse]
  v8 vs v101_sc
  v82_sc vs v46  [reuse]
  v82_sc vs v101_sc
  v46 vs v101_sc
  [reuse] v55 209(115u/94s) - 181(102u/79s) v54  draws=10  WR=0.535
  [reuse] v55 201(119u/82s) - 178(110u/68s) v44  draws=21  WR=0.529
  [reuse] v55 206(136u/70s) - 180(123u/57s) v45  draws=14  WR=0.532
  [reuse] v55 255(150u/105s) - 128(88u/40s) v14  draws=17  WR=0.659
  [reuse] v55 283(163u/120s) - 105(75u/30s) v8  draws=12  WR=0.723
  [reuse] v55 131(74u/57s) - 60(41u/19s) v82_sc  draws=9  WR=0.677
  [reuse] v55 201(114u/87s) - 184(107u/77s) v46  draws=15  WR=0.521

[new 1/8] v55 vs v101_sc (200 games = 100/side, seed=88000) ...
  v55: 194(100u/94s)  v101_sc: 6(6u/0s)  draws: 0  WR(v55)=0.970  t=6.5s
  [reuse] v54 222(126u/96s) - 163(99u/64s) v44  draws=15  WR=0.574
  [reuse] v54 194(125u/69s) - 183(121u/62s) v45  draws=23  WR=0.514
  [reuse] v54 254(154u/100s) - 131(95u/36s) v14  draws=15  WR=0.654
  [reuse] v54 289(169u/120s) - 105(78u/27s) v8  draws=6  WR=0.730
  [reuse] v54 124(72u/52s) - 69(44u/25s) v82_sc  draws=7  WR=0.637
  [reuse] v54 181(113u/68s) - 200(120u/80s) v46  draws=19  WR=0.476

[new 2/8] v54 vs v101_sc (200 games = 100/side, seed=88200) ...
  v54: 187(99u/88s)  v101_sc: 12(11u/1s)  draws: 1  WR(v54)=0.938  t=6.7s
  [reuse] v44 194(130u/64s) - 192(130u/62s) v45  draws=14  WR=0.502
  [reuse] v44 239(147u/92s) - 147(100u/47s) v14  draws=14  WR=0.615
  [reuse] v44 300(173u/127s) - 93(69u/24s) v8  draws=7  WR=0.759
  [reuse] v44 125(69u/56s) - 71(44u/27s) v82_sc  draws=4  WR=0.635
  [reuse] v44 190(102u/88s) - 190(101u/89s) v46  draws=20  WR=0.500

[new 3/8] v44 vs v101_sc (200 games = 100/side, seed=88400) ...
  v44: 190(99u/91s)  v101_sc: 10(9u/1s)  draws: 0  WR(v44)=0.950  t=6.7s
  [reuse] v45 226(147u/79s) - 162(115u/47s) v14  draws=12  WR=0.580
  [reuse] v45 304(180u/124s) - 81(65u/16s) v8  draws=15  WR=0.779
  [reuse] v45 130(70u/60s) - 66(39u/27s) v82_sc  draws=4  WR=0.660
  [reuse] v45 189(130u/59s) - 194(137u/57s) v46  draws=17  WR=0.494

[new 4/8] v45 vs v101_sc (200 games = 100/side, seed=88600) ...
  v45: 187(98u/89s)  v101_sc: 13(11u/2s)  draws: 0  WR(v45)=0.935  t=7.1s
  [reuse] v14 247(123u/124s) - 137(68u/69s) v8  draws=16  WR=0.637
  [reuse] v14 119(67u/52s) - 72(46u/26s) v82_sc  draws=9  WR=0.618
  [reuse] v14 139(97u/42s) - 246(151u/95s) v46  draws=15  WR=0.366

[new 5/8] v14 vs v101_sc (200 games = 100/side, seed=88800) ...
  v14: 185(99u/86s)  v101_sc: 15(14u/1s)  draws: 0  WR(v14)=0.925  t=7.3s
  [reuse] v8 78(53u/25s) - 117(72u/45s) v82_sc  draws=5  WR=0.403
  [reuse] v8 93(62u/31s) - 297(167u/130s) v46  draws=10  WR=0.245

[new 6/8] v8 vs v101_sc (200 games = 100/side, seed=89000) ...
  v8: 187(100u/87s)  v101_sc: 11(11u/0s)  draws: 2  WR(v8)=0.940  t=7.0s
  [reuse] v82_sc 69(42u/27s) - 126(69u/57s) v46  draws=5  WR=0.357

[new 7/8] v82_sc vs v101_sc (200 games = 100/side, seed=89200) ...
  v82_sc: 179(99u/80s)  v101_sc: 19(18u/1s)  draws: 2  WR(v82_sc)=0.900  t=7.3s

[new 8/8] v46 vs v101_sc (200 games = 100/side, seed=89400) ...
  v46: 184(100u/84s)  v101_sc: 16(16u/0s)  draws: 0  WR(v46)=0.920  t=6.8s

Fitting BayesElo (combined) ...
Fitting BayesElo (bipartite per-side, anchor=v14_USSR=2015.0) ...

Model                   Elo    USSR*      US*    Gap                95% CI   vs anchor
  (* bipartite per-side, single anchor: v14_USSR=2015)
----------------------------------------------------------------------------------------
v55                    2120   2115   2044  +72  [  2106,   2134]  +105
v54                    2107   2107   2025  +82  [  2093,   2121]  +92
v46                    2105   2099   2027  +71  [  2091,   2119]  +90
v45                    2097   2141   1976  +165  [  2083,   2111]  +82
v44                    2093   2085   2017  +67  [  2079,   2107]  +78
v14                    2015   2015   1922  +93  [  2015,   2015]  +0
v82_sc                 1981   1961   1903  +58  [  1962,   2000]  -34
v8                     1914   1904   1820  +84  [  1899,   1929]  -101
v101_sc                1575   1610   1185  +425  [  1540,   1610]  -440

Pair                              Obs WR   Bip WR   Comb WR   Bip err   Comb err
------------------------------------------------------------------------------------
v55            vs v54              0.535    0.518     0.518    +0.017     +0.017
v55            vs v44              0.529    0.540     0.538    -0.011     -0.009
v55            vs v45              0.532    0.527     0.532    +0.005     +0.000
v55            vs v14              0.659    0.647     0.646    +0.011     +0.013
v55            vs v8               0.723    0.768     0.766    -0.046     -0.043
v55            vs v82_sc           0.677    0.694     0.690    -0.017     -0.012
v55            vs v46              0.521    0.523     0.521    -0.002     -0.000
v55            vs v101_sc          0.970    0.960     0.958    +0.010     +0.012
v54            vs v44              0.574    0.521     0.520    +0.053     +0.054
v54            vs v45              0.514    0.510     0.514    +0.004     -0.000
v54            vs v14              0.654    0.629     0.629    +0.024     +0.025
v54            vs v8               0.730    0.754     0.752    -0.024     -0.022
v54            vs v82_sc           0.637    0.677     0.674    -0.040     -0.036
v54            vs v46              0.476    0.504     0.503    -0.028     -0.027
v54            vs v101_sc          0.938    0.955     0.955    -0.018     -0.018
v44            vs v45              0.502    0.490     0.494    +0.012     +0.008
v44            vs v14              0.615    0.611     0.611    +0.004     +0.004
v44            vs v8               0.759    0.739     0.737    +0.020     +0.022
v44            vs v82_sc           0.635    0.660     0.656    -0.025     -0.021
v44            vs v46              0.500    0.483     0.483    +0.017     +0.017
v44            vs v101_sc          0.950    0.953     0.952    -0.003     -0.002
v45            vs v14              0.580    0.612     0.616    -0.032     -0.036
v45            vs v8               0.779    0.733     0.742    +0.046     +0.037
v45            vs v82_sc           0.660    0.659     0.661    +0.001     -0.001
v45            vs v46              0.494    0.494     0.489    -0.000     +0.005
v45            vs v101_sc          0.935    0.944     0.953    -0.009     -0.018
v14            vs v8               0.637    0.640     0.641    -0.002     -0.004
v14            vs v82_sc           0.618    0.549     0.549    +0.068     +0.069
v14            vs v46              0.366    0.374     0.374    -0.007     -0.007
v14            vs v101_sc          0.925    0.924     0.927    +0.001     -0.002
v8             vs v82_sc           0.403    0.404     0.405    -0.002     -0.002
v8             vs v46              0.245    0.248     0.250    -0.003     -0.005
v8             vs v101_sc          0.940    0.877     0.876    +0.063     +0.064
v82_sc         vs v46              0.357    0.326     0.329    +0.032     +0.028
v82_sc         vs v101_sc          0.900    0.916     0.912    -0.016     -0.012
v46            vs v101_sc          0.920    0.956     0.955    -0.036     -0.035
------------------------------------------------------------------------------------
                                              RMSE    0.0266     0.0260
  (bipartite RMSE >= combined RMSE → bipartite model not better fit)

Saved to results/logs/elo/elo_v101_sc_incremental.json
[sql] Tournament logged: incremental_20260413T181134Z_v101_sc_v14 → results/metadata.sqlite3
[confirm] Merged $VERSION into results/elo/elo_full_ladder.json: elo=1575
Assuming unrestricted shared filesystem usage.
host: balsa-tree
Building DAG of jobs...
Using shell: /usr/bin/bash
Provided cores: 20
Rules claiming more threads will be scaled down.
Provided resources: gpu=Resource("gpu", 1)
Job stats:
job                  count
-----------------  -------
ppo_train_dynamic        1
total                    1

Select jobs to execute...
Execute 1 jobs...

[Mon Apr 13 11:11:40 2026]
localrule ppo_train_dynamic:
    input: data/checkpoints/ppo_v101_sc_league/ppo_best.pt
    output: data/checkpoints/ppo_v102_sc_league/ppo_final.pt
    log: results/logs/ppo/ppo_v102_sc.log
    jobid: 0
    reason: Missing output files: data/checkpoints/ppo_v102_sc_league/ppo_final.pt
    resources: tmpdir=/tmp, gpu=1
[Mon Apr 13 11:15:58 2026]
Finished jobid: 0 (Rule: ppo_train_dynamic)
1 of 1 steps (100%) done
Complete log(s): /home/dkord/code/twilight-struggle-ai/.snakemake/log/2026-04-13T111140.876871.snakemake.log
