=== ELO incremental placement: v302_sc ===
Exporting checkpoints to TorchScript ...
Loaded 5317 match results from SQL match_cache

Match schedule (36 total, 0 new, 36 reused from prior run):
  v56 vs v54  [reuse]
  v56 vs v44  [reuse]
  v56 vs v20  [reuse]
  v56 vs v55  [reuse]
  v56 vs v238_sc  [reuse]
  v56 vs v245_sc  [reuse]
  v56 vs v297_sc  [reuse]
  v56 vs v302_sc  [reuse]
  v54 vs v44  [reuse]
  v54 vs v20  [reuse]
  v54 vs v55  [reuse]
  v54 vs v238_sc  [reuse]
  v54 vs v245_sc  [reuse]
  v54 vs v297_sc  [reuse]
  v54 vs v302_sc  [reuse]
  v44 vs v20  [reuse]
  v44 vs v55  [reuse]
  v44 vs v238_sc  [reuse]
  v44 vs v245_sc  [reuse]
  v44 vs v297_sc  [reuse]
  v44 vs v302_sc  [reuse]
  v20 vs v55  [reuse]
  v20 vs v238_sc  [reuse]
  v20 vs v245_sc  [reuse]
  v20 vs v297_sc  [reuse]
  v20 vs v302_sc  [reuse]
  v55 vs v238_sc  [reuse]
  v55 vs v245_sc  [reuse]
  v55 vs v297_sc  [reuse]
  v55 vs v302_sc  [reuse]
  v238_sc vs v245_sc  [reuse]
  v238_sc vs v297_sc  [reuse]
  v238_sc vs v302_sc  [reuse]
  v245_sc vs v297_sc  [reuse]
  v245_sc vs v302_sc  [reuse]
  v297_sc vs v302_sc  [reuse]
  [reuse] v56 197(118u/79s) - 195(116u/79s) v54  draws=8  WR=0.502
  [reuse] v56 185(101u/84s) - 200(108u/92s) v44  draws=15  WR=0.481
  [reuse] v56 188(122u/66s) - 200(131u/69s) v20  draws=12  WR=0.485
  [reuse] v56 183(110u/73s) - 206(121u/85s) v55  draws=11  WR=0.471
  [reuse] v56 179(97u/82s) - 20(18u/2s) v238_sc  draws=1  WR=0.897
  [reuse] v56 180(94u/86s) - 20(14u/6s) v245_sc  draws=0  WR=0.900
  [reuse] v56 23(2u/21s) - 177(79u/98s) v297_sc  draws=0  WR=0.115
  [reuse] v56 96(58u/38s) - 99(60u/39s) v302_sc  draws=5  WR=0.492
  [reuse] v54 222(126u/96s) - 163(99u/64s) v44  draws=15  WR=0.574
  [reuse] v54 196(128u/68s) - 184(123u/61s) v20  draws=20  WR=0.515
  [reuse] v54 181(102u/79s) - 209(115u/94s) v55  draws=10  WR=0.465
  [reuse] v54 180(95u/85s) - 20(15u/5s) v238_sc  draws=0  WR=0.900
  [reuse] v54 167(94u/73s) - 31(26u/5s) v245_sc  draws=2  WR=0.840
  [reuse] v54 3(0u/3s) - 197(97u/100s) v297_sc  draws=0  WR=0.015
  [reuse] v54 75(48u/27s) - 122(72u/50s) v302_sc  draws=3  WR=0.383
  [reuse] v44 213(134u/79s) - 169(111u/58s) v20  draws=18  WR=0.555
  [reuse] v44 178(110u/68s) - 201(119u/82s) v55  draws=21  WR=0.471
  [reuse] v44 158(91u/67s) - 41(33u/8s) v238_sc  draws=1  WR=0.792
  [reuse] v44 164(91u/73s) - 36(27u/9s) v245_sc  draws=0  WR=0.820
  [reuse] v44 1(0u/1s) - 199(99u/100s) v297_sc  draws=0  WR=0.005
  [reuse] v44 93(53u/40s) - 106(60u/46s) v302_sc  draws=1  WR=0.468
  [reuse] v20 167(115u/52s) - 219(137u/82s) v55  draws=14  WR=0.435
  [reuse] v20 179(96u/83s) - 19(16u/3s) v238_sc  draws=2  WR=0.900
  [reuse] v20 185(95u/90s) - 15(10u/5s) v245_sc  draws=0  WR=0.925
  [reuse] v20 6(1u/5s) - 194(95u/99s) v297_sc  draws=0  WR=0.030
  [reuse] v20 81(47u/34s) - 114(65u/49s) v302_sc  draws=5  WR=0.417
  [reuse] v55 172(93u/79s) - 27(21u/6s) v238_sc  draws=1  WR=0.863
  [reuse] v55 175(91u/84s) - 24(16u/8s) v245_sc  draws=1  WR=0.877
  [reuse] v55 10(1u/9s) - 189(90u/99s) v297_sc  draws=1  WR=0.052
  [reuse] v55 87(56u/31s) - 110(67u/43s) v302_sc  draws=3  WR=0.443
  [reuse] v238_sc 102(69u/33s) - 98(67u/31s) v245_sc  draws=0  WR=0.510
  [reuse] v238_sc 29(15u/14s) - 168(85u/83s) v297_sc  draws=3  WR=0.152
  [reuse] v238_sc 9(6u/3s) - 189(96u/93s) v302_sc  draws=2  WR=0.050
  [reuse] v245_sc 44(24u/20s) - 154(79u/75s) v297_sc  draws=2  WR=0.225
  [reuse] v245_sc 12(8u/4s) - 186(95u/91s) v302_sc  draws=2  WR=0.065
  [reuse] v297_sc 54(28u/26s) - 143(72u/71s) v302_sc  draws=3  WR=0.278

Fitting BayesElo (combined) ...
Fitting BayesElo (bipartite per-side, anchor=v56_USSR=1900.0) ...

Model                   Elo    USSR*      US*    Gap                95% CI   vs anchor
  (* bipartite per-side, single anchor: v56_USSR=1900)
----------------------------------------------------------------------------------------
v297_sc                2155   2069   2196  -127  [  2132,   2179]  +255
v302_sc                2010   2027   1954  +73  [  1990,   2030]  +110
v55                    1915   1927   1859  +69  [  1900,   1930]  +15
v56                    1900   1900   1853  +47  [  1900,   1900]  +0
v54                    1898   1910   1838  +72  [  1883,   1913]  -2
v20                    1886   1923   1799  +124  [  1871,   1901]  -14
v44                    1885   1895   1827  +68  [  1870,   1900]  -15
v245_sc                1599   1610   1509  +101  [  1576,   1623]  -301
v238_sc                1591   1619   1470  +149  [  1566,   1615]  -309

Pair                              Obs WR   Bip WR   Comb WR   Bip err   Comb err
------------------------------------------------------------------------------------
v56            vs v54              0.502    0.503     0.503    -0.000     -0.001
v56            vs v44              0.481    0.522     0.521    -0.040     -0.040
v56            vs v20              0.485    0.520     0.521    -0.035     -0.036
v56            vs v55              0.471    0.477     0.478    -0.005     -0.007
v56            vs v238_sc          0.897    0.858     0.856    +0.039     +0.042
v56            vs v245_sc          0.900    0.853     0.849    +0.047     +0.051
v56            vs v297_sc          0.115    0.189     0.187    -0.074     -0.072
v56            vs v302_sc          0.492    0.345     0.346    +0.147     +0.146
v54            vs v44              0.574    0.519     0.518    +0.055     +0.056
v54            vs v20              0.515    0.517     0.517    -0.002     -0.002
v54            vs v55              0.465    0.474     0.475    -0.009     -0.010
v54            vs v238_sc          0.900    0.853     0.854    +0.047     +0.046
v54            vs v245_sc          0.840    0.849     0.848    -0.009     -0.008
v54            vs v297_sc          0.015    0.186     0.185    -0.171     -0.170
v54            vs v302_sc          0.383    0.345     0.343    +0.038     +0.039
v44            vs v20              0.555    0.499     0.500    +0.056     +0.055
v44            vs v55              0.471    0.456     0.457    +0.016     +0.014
v44            vs v238_sc          0.792    0.844     0.845    -0.052     -0.053
v44            vs v245_sc          0.820    0.840     0.838    -0.020     -0.018
v44            vs v297_sc          0.005    0.175     0.175    -0.170     -0.170
v44            vs v302_sc          0.468    0.328     0.327    +0.140     +0.140
v20            vs v55              0.435    0.458     0.457    -0.023     -0.022
v20            vs v238_sc          0.900    0.835     0.845    +0.065     +0.055
v20            vs v245_sc          0.925    0.832     0.839    +0.093     +0.086
v20            vs v297_sc          0.030    0.174     0.175    -0.144     -0.145
v20            vs v302_sc          0.417    0.334     0.328    +0.083     +0.090
v55            vs v238_sc          0.863    0.866     0.866    -0.004     -0.004
v55            vs v245_sc          0.877    0.862     0.860    +0.015     +0.017
v55            vs v297_sc          0.052    0.203     0.201    -0.150     -0.148
v55            vs v302_sc          0.443    0.368     0.367    +0.074     +0.076
v238_sc        vs v245_sc          0.510    0.481     0.487    +0.029     +0.023
v238_sc        vs v297_sc          0.152    0.033     0.037    +0.120     +0.115
v238_sc        vs v302_sc          0.050    0.083     0.082    -0.033     -0.032
v245_sc        vs v297_sc          0.225    0.036     0.039    +0.189     +0.186
v245_sc        vs v302_sc          0.065    0.085     0.086    -0.020     -0.021
v297_sc        vs v302_sc          0.278    0.692     0.697    -0.415     -0.420
------------------------------------------------------------------------------------
                                              RMSE    0.1078     0.1078
  (bipartite RMSE < combined RMSE → bipartite model better fit)

Saved to results/logs/elo/elo_v302_sc_incremental.json
[sql] Tournament logged: incremental_20260416T201758Z_v20_v238_sc → results/metadata.sqlite3
[confirm] Merged $VERSION into results/elo/elo_full_ladder.json: elo=2010
[Thu Apr 16 13:40:47 2026]
Finished jobid: 0 (Rule: ppo_train_dynamic)
1 of 1 steps (100%) done
Complete log(s): /home/dkord/code/twilight-struggle-ai/.snakemake/log/2026-04-16T131654.777655.snakemake.log
