=== ELO incremental placement: v232_sc ===
Exporting checkpoints to TorchScript ...
Loaded 4373 match results from SQL match_cache

Match schedule (36 total, 0 new, 36 reused from prior run):
  v55 vs v54  [reuse]
  v55 vs v44  [reuse]
  v55 vs v45  [reuse]
  v55 vs v14  [reuse]
  v55 vs v230_sc  [reuse]
  v55 vs v223_sc  [reuse]
  v55 vs v46  [reuse]
  v55 vs v232_sc  [reuse]
  v54 vs v44  [reuse]
  v54 vs v45  [reuse]
  v54 vs v14  [reuse]
  v54 vs v230_sc  [reuse]
  v54 vs v223_sc  [reuse]
  v54 vs v46  [reuse]
  v54 vs v232_sc  [reuse]
  v44 vs v45  [reuse]
  v44 vs v14  [reuse]
  v44 vs v230_sc  [reuse]
  v44 vs v223_sc  [reuse]
  v44 vs v46  [reuse]
  v44 vs v232_sc  [reuse]
  v45 vs v14  [reuse]
  v45 vs v230_sc  [reuse]
  v45 vs v223_sc  [reuse]
  v45 vs v46  [reuse]
  v45 vs v232_sc  [reuse]
  v14 vs v230_sc  [reuse]
  v14 vs v223_sc  [reuse]
  v14 vs v46  [reuse]
  v14 vs v232_sc  [reuse]
  v230_sc vs v223_sc  [reuse]
  v230_sc vs v46  [reuse]
  v230_sc vs v232_sc  [reuse]
  v223_sc vs v46  [reuse]
  v223_sc vs v232_sc  [reuse]
  v46 vs v232_sc  [reuse]
  [reuse] v55 209(115u/94s) - 181(102u/79s) v54  draws=10  WR=0.535
  [reuse] v55 201(119u/82s) - 178(110u/68s) v44  draws=21  WR=0.529
  [reuse] v55 206(136u/70s) - 180(123u/57s) v45  draws=14  WR=0.532
  [reuse] v55 255(150u/105s) - 128(88u/40s) v14  draws=17  WR=0.659
  [reuse] v55 171(94u/77s) - 28(23u/5s) v230_sc  draws=1  WR=0.858
  [reuse] v55 168(88u/80s) - 30(19u/11s) v223_sc  draws=2  WR=0.845
  [reuse] v55 201(114u/87s) - 184(107u/77s) v46  draws=15  WR=0.521
  [reuse] v55 169(91u/78s) - 27(21u/6s) v232_sc  draws=4  WR=0.855
  [reuse] v54 222(126u/96s) - 163(99u/64s) v44  draws=15  WR=0.574
  [reuse] v54 194(125u/69s) - 183(121u/62s) v45  draws=23  WR=0.514
  [reuse] v54 254(154u/100s) - 131(95u/36s) v14  draws=15  WR=0.654
  [reuse] v54 175(92u/83s) - 25(17u/8s) v230_sc  draws=0  WR=0.875
  [reuse] v54 173(94u/79s) - 24(20u/4s) v223_sc  draws=3  WR=0.873
  [reuse] v54 181(113u/68s) - 200(120u/80s) v46  draws=19  WR=0.476
  [reuse] v54 169(93u/76s) - 31(24u/7s) v232_sc  draws=0  WR=0.845
  [reuse] v44 194(130u/64s) - 192(130u/62s) v45  draws=14  WR=0.502
  [reuse] v44 239(147u/92s) - 147(100u/47s) v14  draws=14  WR=0.615
  [reuse] v44 171(94u/77s) - 27(22u/5s) v230_sc  draws=2  WR=0.860
  [reuse] v44 165(86u/79s) - 30(19u/11s) v223_sc  draws=5  WR=0.838
  [reuse] v44 190(102u/88s) - 190(101u/89s) v46  draws=20  WR=0.500
  [reuse] v44 179(96u/83s) - 20(17u/3s) v232_sc  draws=1  WR=0.897
  [reuse] v45 226(147u/79s) - 162(115u/47s) v14  draws=12  WR=0.580
  [reuse] v45 172(89u/83s) - 25(15u/10s) v230_sc  draws=3  WR=0.868
  [reuse] v45 167(92u/75s) - 31(25u/6s) v223_sc  draws=2  WR=0.840
  [reuse] v45 189(130u/59s) - 194(137u/57s) v46  draws=17  WR=0.494
  [reuse] v45 164(86u/78s) - 34(22u/12s) v232_sc  draws=2  WR=0.825
  [reuse] v14 161(88u/73s) - 35(27u/8s) v230_sc  draws=4  WR=0.815
  [reuse] v14 152(82u/70s) - 42(30u/12s) v223_sc  draws=6  WR=0.775
  [reuse] v14 139(97u/42s) - 246(151u/95s) v46  draws=15  WR=0.366
  [reuse] v14 149(88u/61s) - 46(35u/11s) v232_sc  draws=5  WR=0.757
  [reuse] v230_sc 81(44u/37s) - 115(62u/53s) v223_sc  draws=4  WR=0.415
  [reuse] v230_sc 23(14u/9s) - 176(90u/86s) v46  draws=1  WR=0.117
  [reuse] v230_sc 82(36u/46s) - 116(54u/62s) v232_sc  draws=2  WR=0.415
  [reuse] v223_sc 32(23u/9s) - 165(90u/75s) v46  draws=3  WR=0.168
  [reuse] v223_sc 96(46u/50s) - 98(49u/49s) v232_sc  draws=6  WR=0.495
  [reuse] v46 161(90u/71s) - 38(29u/9s) v232_sc  draws=1  WR=0.807

Fitting BayesElo (combined) ...
Fitting BayesElo (bipartite per-side, anchor=v14_USSR=2015.0) ...

Model                   Elo    USSR*      US*    Gap                95% CI   vs anchor
  (* bipartite per-side, single anchor: v14_USSR=2015)
----------------------------------------------------------------------------------------
v55                    2124   2094   2027  +67  [  2109,   2139]  +109
v54                    2115   2089   2015  +74  [  2101,   2130]  +100
v46                    2107   2079   2006  +73  [  2093,   2122]  +92
v44                    2098   2064   2000  +64  [  2083,   2112]  +83
v45                    2095   2115   1950  +165  [  2081,   2110]  +80
v14                    2015   2015   1870  +145  [  2015,   2015]  +0
v232_sc                1811   1757   1713  +44  [  1790,   1832]  -204
v223_sc                1807   1752   1709  +43  [  1786,   1828]  -208
v230_sc                1761   1701   1669  +32  [  1739,   1784]  -254

Pair                              Obs WR   Bip WR   Comb WR   Bip err   Comb err
------------------------------------------------------------------------------------
v55            vs v54              0.535    0.513     0.513    +0.022     +0.022
v55            vs v44              0.529    0.540     0.538    -0.011     -0.009
v55            vs v45              0.532    0.536     0.541    -0.004     -0.009
v55            vs v14              0.659    0.651     0.652    +0.008     +0.007
v55            vs v230_sc          0.858    0.894     0.890    -0.036     -0.032
v55            vs v223_sc          0.845    0.866     0.861    -0.021     -0.016
v55            vs v46              0.521    0.525     0.524    -0.004     -0.003
v55            vs v232_sc          0.855    0.863     0.858    -0.008     -0.003
v54            vs v44              0.574    0.527     0.525    +0.047     +0.048
v54            vs v45              0.514    0.524     0.529    -0.011     -0.015
v54            vs v14              0.654    0.639     0.641    +0.015     +0.013
v54            vs v230_sc          0.875    0.888     0.885    -0.013     -0.010
v54            vs v223_sc          0.873    0.859     0.855    +0.013     +0.018
v54            vs v46              0.476    0.513     0.512    -0.036     -0.035
v54            vs v232_sc          0.845    0.856     0.852    -0.011     -0.007
v44            vs v45              0.502    0.499     0.503    +0.003     -0.001
v44            vs v14              0.615    0.616     0.617    -0.001     -0.002
v44            vs v230_sc          0.860    0.878     0.874    -0.018     -0.014
v44            vs v223_sc          0.838    0.846     0.842    -0.008     -0.004
v44            vs v46              0.500    0.486     0.486    +0.014     +0.014
v44            vs v232_sc          0.897    0.843     0.839    +0.055     +0.059
v45            vs v14              0.580    0.606     0.613    -0.026     -0.033
v45            vs v230_sc          0.868    0.868     0.872    -0.001     -0.005
v45            vs v223_sc          0.840    0.835     0.840    +0.005     -0.000
v45            vs v46              0.494    0.487     0.483    +0.007     +0.011
v45            vs v232_sc          0.825    0.831     0.837    -0.006     -0.012
v14            vs v230_sc          0.815    0.803     0.812    +0.012     +0.003
v14            vs v223_sc          0.775    0.759     0.768    +0.016     +0.007
v14            vs v46              0.366    0.372     0.370    -0.006     -0.004
v14            vs v232_sc          0.757    0.754     0.763    +0.004     -0.006
v230_sc        vs v223_sc          0.415    0.436     0.435    -0.021     -0.020
v230_sc        vs v46              0.117    0.117     0.120    +0.001     -0.003
v230_sc        vs v232_sc          0.415    0.429     0.429    -0.014     -0.014
v223_sc        vs v46              0.168    0.147     0.151    +0.020     +0.017
v223_sc        vs v232_sc          0.495    0.494     0.494    +0.001     +0.001
v46            vs v232_sc          0.807    0.849     0.846    -0.042     -0.038
------------------------------------------------------------------------------------
                                              RMSE    0.0201     0.0198
  (bipartite RMSE >= combined RMSE → bipartite model not better fit)

Saved to results/logs/elo/elo_v232_sc_incremental.json
[sql] Tournament logged: incremental_20260414T131420Z_v14_v223_sc → results/metadata.sqlite3
[confirm] Merged $VERSION into results/elo/elo_full_ladder.json: elo=1811
[Tue Apr 14 06:22:05 2026]
Finished jobid: 0 (Rule: ppo_train_dynamic)
1 of 1 steps (100%) done
Complete log(s): /home/dkord/code/twilight-struggle-ai/.snakemake/log/2026-04-14T061355.593592.snakemake.log
