=== ELO incremental placement: v131_sc ===
Exporting checkpoints to TorchScript ...
Loaded 2614 match results from SQL match_cache

Match schedule (36 total, 0 new, 36 reused from prior run):
  v55 vs v54  [reuse]
  v55 vs v44  [reuse]
  v55 vs v45  [reuse]
  v55 vs v14  [reuse]
  v55 vs v9  [reuse]
  v55 vs v67_sc  [reuse]
  v55 vs v46  [reuse]
  v55 vs v131_sc  [reuse]
  v54 vs v44  [reuse]
  v54 vs v45  [reuse]
  v54 vs v14  [reuse]
  v54 vs v9  [reuse]
  v54 vs v67_sc  [reuse]
  v54 vs v46  [reuse]
  v54 vs v131_sc  [reuse]
  v44 vs v45  [reuse]
  v44 vs v14  [reuse]
  v44 vs v9  [reuse]
  v44 vs v67_sc  [reuse]
  v44 vs v46  [reuse]
  v44 vs v131_sc  [reuse]
  v45 vs v14  [reuse]
  v45 vs v9  [reuse]
  v45 vs v67_sc  [reuse]
  v45 vs v46  [reuse]
  v45 vs v131_sc  [reuse]
  v14 vs v9  [reuse]
  v14 vs v67_sc  [reuse]
  v14 vs v46  [reuse]
  v14 vs v131_sc  [reuse]
  v9 vs v67_sc  [reuse]
  v9 vs v46  [reuse]
  v9 vs v131_sc  [reuse]
  v67_sc vs v46  [reuse]
  v67_sc vs v131_sc  [reuse]
  v46 vs v131_sc  [reuse]
  [reuse] v55 209(115u/94s) - 181(102u/79s) v54  draws=10  WR=0.535
  [reuse] v55 201(119u/82s) - 178(110u/68s) v44  draws=21  WR=0.529
  [reuse] v55 206(136u/70s) - 180(123u/57s) v45  draws=14  WR=0.532
  [reuse] v55 255(150u/105s) - 128(88u/40s) v14  draws=17  WR=0.659
  [reuse] v55 292(170u/122s) - 95(70u/25s) v9  draws=13  WR=0.746
  [reuse] v55 108(53u/55s) - 89(44u/45s) v67_sc  draws=3  WR=0.547
  [reuse] v55 201(114u/87s) - 184(107u/77s) v46  draws=15  WR=0.521
  [reuse] v55 181(100u/81s) - 19(19u/0s) v131_sc  draws=0  WR=0.905
  [reuse] v54 222(126u/96s) - 163(99u/64s) v44  draws=15  WR=0.574
  [reuse] v54 194(125u/69s) - 183(121u/62s) v45  draws=23  WR=0.514
  [reuse] v54 254(154u/100s) - 131(95u/36s) v14  draws=15  WR=0.654
  [reuse] v54 282(169u/113s) - 113(83u/30s) v9  draws=5  WR=0.711
  [reuse] v54 116(71u/45s) - 81(52u/29s) v67_sc  draws=3  WR=0.588
  [reuse] v54 181(113u/68s) - 200(120u/80s) v46  draws=19  WR=0.476
  [reuse] v54 185(99u/86s) - 15(14u/1s) v131_sc  draws=0  WR=0.925
  [reuse] v44 194(130u/64s) - 192(130u/62s) v45  draws=14  WR=0.502
  [reuse] v44 239(147u/92s) - 147(100u/47s) v14  draws=14  WR=0.615
  [reuse] v44 281(171u/110s) - 103(78u/25s) v9  draws=16  WR=0.723
  [reuse] v44 105(62u/43s) - 84(54u/30s) v67_sc  draws=11  WR=0.552
  [reuse] v44 190(102u/88s) - 190(101u/89s) v46  draws=20  WR=0.500
  [reuse] v44 185(100u/85s) - 15(15u/0s) v131_sc  draws=0  WR=0.925
  [reuse] v45 226(147u/79s) - 162(115u/47s) v14  draws=12  WR=0.580
  [reuse] v45 277(172u/105s) - 113(87u/26s) v9  draws=10  WR=0.705
  [reuse] v45 113(66u/47s) - 79(50u/29s) v67_sc  draws=8  WR=0.585
  [reuse] v45 189(130u/59s) - 194(137u/57s) v46  draws=17  WR=0.494
  [reuse] v45 189(100u/89s) - 11(11u/0s) v131_sc  draws=0  WR=0.945
  [reuse] v14 249(163u/86s) - 138(108u/30s) v9  draws=13  WR=0.639
  [reuse] v14 107(72u/35s) - 88(62u/26s) v67_sc  draws=5  WR=0.547
  [reuse] v14 139(97u/42s) - 246(151u/95s) v46  draws=15  WR=0.366
  [reuse] v14 183(96u/87s) - 17(13u/4s) v131_sc  draws=0  WR=0.915
  [reuse] v9 190(136u/54s) - 203(141u/62s) v67_sc  draws=7  WR=0.484
  [reuse] v9 104(79u/25s) - 284(169u/115s) v46  draws=12  WR=0.275
  [reuse] v9 187(98u/89s) - 12(10u/2s) v131_sc  draws=1  WR=0.938
  [reuse] v67_sc 162(94u/68s) - 222(124u/98s) v46  draws=16  WR=0.425
  [reuse] v67_sc 175(95u/80s) - 24(20u/4s) v131_sc  draws=1  WR=0.877
  [reuse] v46 186(98u/88s) - 14(12u/2s) v131_sc  draws=0  WR=0.930

Fitting BayesElo (combined) ...
Fitting BayesElo (bipartite per-side, anchor=v14_USSR=2015.0) ...

Model                   Elo    USSR*      US*    Gap                95% CI   vs anchor
  (* bipartite per-side, single anchor: v14_USSR=2015)
----------------------------------------------------------------------------------------
v55                    2114   2076   2027  +49  [  2100,   2128]  +99
v54                    2104   2078   2005  +72  [  2090,   2118]  +89
v46                    2100   2066   2005  +61  [  2087,   2113]  +85
v45                    2089   2109   1948  +162  [  2075,   2103]  +74
v44                    2088   2057   1990  +67  [  2074,   2101]  +73
v67_sc                 2017   1986   1911  +75  [  2001,   2033]  +2
v14                    2015   2015   1874  +141  [  2015,   2015]  +0
v9                     1943   1947   1777  +170  [  1929,   1957]  -72
v131_sc                1625   1618   1322  +296  [  1594,   1657]  -390

Pair                              Obs WR   Bip WR   Comb WR   Bip err   Comb err
------------------------------------------------------------------------------------
v55            vs v54              0.535    0.514     0.515    +0.021     +0.020
v55            vs v44              0.529    0.539     0.538    -0.010     -0.009
v55            vs v45              0.532    0.530     0.536    +0.003     -0.004
v55            vs v14              0.659    0.639     0.639    +0.019     +0.020
v55            vs v9               0.746    0.730     0.729    +0.016     +0.018
v55            vs v67_sc           0.547    0.640     0.636    -0.093     -0.089
v55            vs v46              0.521    0.522     0.521    -0.000     +0.000
v55            vs v131_sc          0.905    0.950     0.944    -0.045     -0.039
v54            vs v44              0.574    0.525     0.524    +0.049     +0.050
v54            vs v45              0.514    0.517     0.521    -0.003     -0.008
v54            vs v14              0.654    0.625     0.626    +0.029     +0.028
v54            vs v9               0.711    0.716     0.717    -0.005     -0.005
v54            vs v67_sc           0.588    0.626     0.623    -0.038     -0.035
v54            vs v46              0.476    0.508     0.506    -0.031     -0.030
v54            vs v131_sc          0.925    0.945     0.940    -0.020     -0.015
v44            vs v45              0.502    0.493     0.498    +0.009     +0.005
v44            vs v14              0.615    0.602     0.603    +0.013     +0.012
v44            vs v9               0.723    0.697     0.697    +0.025     +0.025
v44            vs v67_sc           0.552    0.602     0.600    -0.050     -0.048
v44            vs v46              0.500    0.482     0.483    +0.018     +0.017
v44            vs v131_sc          0.925    0.940     0.935    -0.015     -0.010
v45            vs v14              0.580    0.600     0.605    -0.020     -0.025
v45            vs v9               0.705    0.686     0.699    +0.019     +0.006
v45            vs v67_sc           0.585    0.602     0.602    -0.017     -0.017
v45            vs v46              0.494    0.490     0.485    +0.003     +0.009
v45            vs v131_sc          0.945    0.930     0.935    +0.015     +0.010
v14            vs v9               0.639    0.597     0.602    +0.042     +0.036
v14            vs v67_sc           0.547    0.495     0.497    +0.052     +0.050
v14            vs v46              0.366    0.381     0.380    -0.015     -0.014
v14            vs v131_sc          0.915    0.898     0.904    +0.017     +0.011
v9             vs v67_sc           0.484    0.392     0.395    +0.092     +0.089
v9             vs v46              0.275    0.288     0.288    -0.013     -0.013
v9             vs v131_sc          0.938    0.844     0.862    +0.093     +0.076
v67_sc         vs v46              0.425    0.381     0.383    +0.044     +0.042
v67_sc         vs v131_sc          0.877    0.911     0.905    -0.034     -0.028
v46            vs v131_sc          0.930    0.945     0.939    -0.015     -0.009
------------------------------------------------------------------------------------
                                              RMSE    0.0368     0.0340
  (bipartite RMSE >= combined RMSE → bipartite model not better fit)

Saved to results/logs/elo/elo_v131_sc_incremental.json
[sql] Tournament logged: incremental_20260413T214624Z_v131_sc_v14 → results/metadata.sqlite3
[confirm] Merged $VERSION into results/elo/elo_full_ladder.json: elo=1625
[Mon Apr 13 14:48:39 2026]
Finished jobid: 0 (Rule: ppo_train_dynamic)
1 of 1 steps (100%) done
Complete log(s): /home/dkord/code/twilight-struggle-ai/.snakemake/log/2026-04-13T144553.661634.snakemake.log
