=== ELO incremental placement: v167_sc ===
Exporting checkpoints to TorchScript ...
Loaded 3152 match results from SQL match_cache

Match schedule (36 total, 0 new, 36 reused from prior run):
  v55 vs v54  [reuse]
  v55 vs v44  [reuse]
  v55 vs v45  [reuse]
  v55 vs v14  [reuse]
  v55 vs v153_sc  [reuse]
  v55 vs v68_sc  [reuse]
  v55 vs v46  [reuse]
  v55 vs v167_sc  [reuse]
  v54 vs v44  [reuse]
  v54 vs v45  [reuse]
  v54 vs v14  [reuse]
  v54 vs v153_sc  [reuse]
  v54 vs v68_sc  [reuse]
  v54 vs v46  [reuse]
  v54 vs v167_sc  [reuse]
  v44 vs v45  [reuse]
  v44 vs v14  [reuse]
  v44 vs v153_sc  [reuse]
  v44 vs v68_sc  [reuse]
  v44 vs v46  [reuse]
  v44 vs v167_sc  [reuse]
  v45 vs v14  [reuse]
  v45 vs v153_sc  [reuse]
  v45 vs v68_sc  [reuse]
  v45 vs v46  [reuse]
  v45 vs v167_sc  [reuse]
  v14 vs v153_sc  [reuse]
  v14 vs v68_sc  [reuse]
  v14 vs v46  [reuse]
  v14 vs v167_sc  [reuse]
  v153_sc vs v68_sc  [reuse]
  v153_sc vs v46  [reuse]
  v153_sc vs v167_sc  [reuse]
  v68_sc vs v46  [reuse]
  v68_sc vs v167_sc  [reuse]
  v46 vs v167_sc  [reuse]
  [reuse] v55 209(115u/94s) - 181(102u/79s) v54  draws=10  WR=0.535
  [reuse] v55 201(119u/82s) - 178(110u/68s) v44  draws=21  WR=0.529
  [reuse] v55 206(136u/70s) - 180(123u/57s) v45  draws=14  WR=0.532
  [reuse] v55 255(150u/105s) - 128(88u/40s) v14  draws=17  WR=0.659
  [reuse] v55 174(97u/77s) - 26(23u/3s) v153_sc  draws=0  WR=0.870
  [reuse] v55 134(73u/61s) - 62(36u/26s) v68_sc  draws=4  WR=0.680
  [reuse] v55 201(114u/87s) - 184(107u/77s) v46  draws=15  WR=0.521
  [reuse] v55 173(95u/78s) - 25(21u/4s) v167_sc  draws=2  WR=0.870
  [reuse] v54 222(126u/96s) - 163(99u/64s) v44  draws=15  WR=0.574
  [reuse] v54 194(125u/69s) - 183(121u/62s) v45  draws=23  WR=0.514
  [reuse] v54 254(154u/100s) - 131(95u/36s) v14  draws=15  WR=0.654
  [reuse] v54 168(99u/69s) - 31(30u/1s) v153_sc  draws=1  WR=0.843
  [reuse] v54 132(77u/55s) - 58(40u/18s) v68_sc  draws=10  WR=0.685
  [reuse] v54 181(113u/68s) - 200(120u/80s) v46  draws=19  WR=0.476
  [reuse] v54 170(97u/73s) - 29(26u/3s) v167_sc  draws=1  WR=0.853
  [reuse] v44 194(130u/64s) - 192(130u/62s) v45  draws=14  WR=0.502
  [reuse] v44 239(147u/92s) - 147(100u/47s) v14  draws=14  WR=0.615
  [reuse] v44 165(96u/69s) - 33(30u/3s) v153_sc  draws=2  WR=0.830
  [reuse] v44 126(66u/60s) - 64(36u/28s) v68_sc  draws=10  WR=0.655
  [reuse] v44 190(102u/88s) - 190(101u/89s) v46  draws=20  WR=0.500
  [reuse] v44 175(99u/76s) - 25(24u/1s) v167_sc  draws=0  WR=0.875
  [reuse] v45 226(147u/79s) - 162(115u/47s) v14  draws=12  WR=0.580
  [reuse] v45 172(99u/73s) - 28(27u/1s) v153_sc  draws=0  WR=0.860
  [reuse] v45 124(75u/49s) - 69(49u/20s) v68_sc  draws=7  WR=0.637
  [reuse] v45 189(130u/59s) - 194(137u/57s) v46  draws=17  WR=0.494
  [reuse] v45 174(98u/76s) - 24(23u/1s) v167_sc  draws=2  WR=0.875
  [reuse] v14 149(99u/50s) - 44(43u/1s) v153_sc  draws=7  WR=0.762
  [reuse] v14 123(70u/53s) - 75(46u/29s) v68_sc  draws=2  WR=0.620
  [reuse] v14 139(97u/42s) - 246(151u/95s) v46  draws=15  WR=0.366
  [reuse] v14 172(97u/75s) - 25(22u/3s) v167_sc  draws=3  WR=0.868
  [reuse] v153_sc 52(36u/16s) - 143(81u/62s) v68_sc  draws=5  WR=0.273
  [reuse] v153_sc 36(33u/3s) - 162(96u/66s) v46  draws=2  WR=0.185
  [reuse] v153_sc 118(77u/41s) - 76(55u/21s) v167_sc  draws=6  WR=0.605
  [reuse] v68_sc 134(74u/60s) - 253(133u/120s) v46  draws=13  WR=0.351
  [reuse] v68_sc 165(93u/72s) - 34(27u/7s) v167_sc  draws=1  WR=0.828
  [reuse] v46 181(96u/85s) - 19(15u/4s) v167_sc  draws=0  WR=0.905

Fitting BayesElo (combined) ...
Fitting BayesElo (bipartite per-side, anchor=v14_USSR=2015.0) ...

Model                   Elo    USSR*      US*    Gap                95% CI   vs anchor
  (* bipartite per-side, single anchor: v14_USSR=2015)
----------------------------------------------------------------------------------------
v55                    2119   2087   2031  +56  [  2105,   2134]  +104
v54                    2108   2089   2006  +83  [  2093,   2122]  +93
v46                    2102   2070   2009  +61  [  2088,   2116]  +87
v45                    2090   2122   1943  +179  [  2076,   2105]  +75
v44                    2089   2057   1996  +61  [  2074,   2103]  +74
v14                    2015   2015   1878  +137  [  2015,   2015]  +0
v68_sc                 1978   1917   1900  +16  [  1960,   1995]  -37
v153_sc                1806   1826   1565  +262  [  1785,   1828]  -209
v167_sc                1735   1729   1505  +224  [  1711,   1759]  -280

Pair                              Obs WR   Bip WR   Comb WR   Bip err   Comb err
------------------------------------------------------------------------------------
v55            vs v54              0.535    0.516     0.517    +0.019     +0.018
v55            vs v44              0.529    0.546     0.544    -0.017     -0.015
v55            vs v45              0.532    0.534     0.542    -0.002     -0.009
v55            vs v14              0.659    0.646     0.646    +0.012     +0.013
v55            vs v153_sc          0.870    0.859     0.859    +0.011     +0.011
v55            vs v68_sc           0.680    0.702     0.694    -0.022     -0.014
v55            vs v46              0.521    0.527     0.526    -0.006     -0.004
v55            vs v167_sc          0.870    0.908     0.902    -0.038     -0.032
v54            vs v44              0.574    0.529     0.527    +0.044     +0.046
v54            vs v45              0.514    0.519     0.525    -0.005     -0.011
v54            vs v14              0.654    0.629     0.630    +0.025     +0.024
v54            vs v153_sc          0.843    0.846     0.850    -0.003     -0.008
v54            vs v68_sc           0.685    0.687     0.679    -0.002     +0.006
v54            vs v46              0.476    0.511     0.509    -0.035     -0.032
v54            vs v167_sc          0.853    0.899     0.895    -0.046     -0.043
v44            vs v45              0.502    0.492     0.498    +0.011     +0.005
v44            vs v14              0.615    0.605     0.605    +0.010     +0.010
v44            vs v153_sc          0.830    0.835     0.836    -0.005     -0.006
v44            vs v68_sc           0.655    0.662     0.655    -0.007     +0.000
v44            vs v46              0.500    0.482     0.481    +0.018     +0.019
v44            vs v167_sc          0.875    0.892     0.885    -0.017     -0.010
v45            vs v14              0.580    0.601     0.607    -0.021     -0.027
v45            vs v153_sc          0.860    0.812     0.837    +0.048     +0.023
v45            vs v68_sc           0.637    0.660     0.657    -0.022     -0.019
v45            vs v46              0.494    0.491     0.484    +0.003     +0.010
v45            vs v167_sc          0.875    0.873     0.886    +0.002     -0.011
v14            vs v153_sc          0.762    0.752     0.769    +0.010     -0.006
v14            vs v68_sc           0.620    0.552     0.554    +0.068     +0.066
v14            vs v46              0.366    0.379     0.378    -0.012     -0.011
v14            vs v167_sc          0.868    0.826     0.834    +0.041     +0.034
v153_sc        vs v68_sc           0.273    0.256     0.272    +0.017     +0.001
v153_sc        vs v46              0.185    0.155     0.154    +0.030     +0.031
v153_sc        vs v167_sc          0.605    0.572     0.601    +0.033     +0.004
v68_sc         vs v46              0.351    0.322     0.329    +0.030     +0.023
v68_sc         vs v167_sc          0.828    0.822     0.802    +0.006     +0.026
v46            vs v167_sc          0.905    0.898     0.892    +0.007     +0.013
------------------------------------------------------------------------------------
                                              RMSE    0.0252     0.0226
  (bipartite RMSE >= combined RMSE → bipartite model not better fit)

Saved to results/logs/elo/elo_v167_sc_incremental.json
[sql] Tournament logged: incremental_20260414T002536Z_v14_v153_sc → results/metadata.sqlite3
[confirm] Merged $VERSION into results/elo/elo_full_ladder.json: elo=1735
[Mon Apr 13 17:33:46 2026]
Finished jobid: 0 (Rule: ppo_train_dynamic)
1 of 1 steps (100%) done
Complete log(s): /home/dkord/code/twilight-struggle-ai/.snakemake/log/2026-04-13T172510.575406.snakemake.log
