=== ELO incremental placement: v316_sc ===
Exporting checkpoints to TorchScript ...
Loaded 5802 match results from SQL match_cache

Match schedule (36 total, 0 new, 36 reused from prior run):
  v56 vs v54  [reuse]
  v56 vs v44  [reuse]
  v56 vs v20  [reuse]
  v56 vs v55  [reuse]
  v56 vs v241_sc  [reuse]
  v56 vs v228_sc  [reuse]
  v56 vs v297_sc  [reuse]
  v56 vs v316_sc  [reuse]
  v54 vs v44  [reuse]
  v54 vs v20  [reuse]
  v54 vs v55  [reuse]
  v54 vs v241_sc  [reuse]
  v54 vs v228_sc  [reuse]
  v54 vs v297_sc  [reuse]
  v54 vs v316_sc  [reuse]
  v44 vs v20  [reuse]
  v44 vs v55  [reuse]
  v44 vs v241_sc  [reuse]
  v44 vs v228_sc  [reuse]
  v44 vs v297_sc  [reuse]
  v44 vs v316_sc  [reuse]
  v20 vs v55  [reuse]
  v20 vs v241_sc  [reuse]
  v20 vs v228_sc  [reuse]
  v20 vs v297_sc  [reuse]
  v20 vs v316_sc  [reuse]
  v55 vs v241_sc  [reuse]
  v55 vs v228_sc  [reuse]
  v55 vs v297_sc  [reuse]
  v55 vs v316_sc  [reuse]
  v241_sc vs v228_sc  [reuse]
  v241_sc vs v297_sc  [reuse]
  v241_sc vs v316_sc  [reuse]
  v228_sc vs v297_sc  [reuse]
  v228_sc vs v316_sc  [reuse]
  v297_sc vs v316_sc  [reuse]
  [reuse] v56 197(118u/79s) - 195(116u/79s) v54  draws=8  WR=0.502
  [reuse] v56 185(101u/84s) - 200(108u/92s) v44  draws=15  WR=0.481
  [reuse] v56 188(122u/66s) - 200(131u/69s) v20  draws=12  WR=0.485
  [reuse] v56 183(110u/73s) - 206(121u/85s) v55  draws=11  WR=0.471
  [reuse] v56 187(96u/91s) - 13(9u/4s) v241_sc  draws=0  WR=0.935
  [reuse] v56 186(99u/87s) - 14(13u/1s) v228_sc  draws=0  WR=0.930
  [reuse] v56 23(2u/21s) - 177(79u/98s) v297_sc  draws=0  WR=0.115
  [reuse] v56 113(67u/46s) - 83(51u/32s) v316_sc  draws=4  WR=0.575
  [reuse] v54 222(126u/96s) - 163(99u/64s) v44  draws=15  WR=0.574
  [reuse] v54 196(128u/68s) - 184(123u/61s) v20  draws=20  WR=0.515
  [reuse] v54 181(102u/79s) - 209(115u/94s) v55  draws=10  WR=0.465
  [reuse] v54 177(98u/79s) - 20(18u/2s) v241_sc  draws=3  WR=0.892
  [reuse] v54 182(95u/87s) - 18(13u/5s) v228_sc  draws=0  WR=0.910
  [reuse] v54 3(0u/3s) - 197(97u/100s) v297_sc  draws=0  WR=0.015
  [reuse] v54 122(65u/57s) - 76(42u/34s) v316_sc  draws=2  WR=0.615
  [reuse] v44 213(134u/79s) - 169(111u/58s) v20  draws=18  WR=0.555
  [reuse] v44 178(110u/68s) - 201(119u/82s) v55  draws=21  WR=0.471
  [reuse] v44 172(96u/76s) - 27(24u/3s) v241_sc  draws=1  WR=0.863
  [reuse] v44 166(90u/76s) - 29(22u/7s) v228_sc  draws=5  WR=0.843
  [reuse] v44 1(0u/1s) - 199(99u/100s) v297_sc  draws=0  WR=0.005
  [reuse] v44 96(55u/41s) - 103(58u/45s) v316_sc  draws=1  WR=0.482
  [reuse] v20 167(115u/52s) - 219(137u/82s) v55  draws=14  WR=0.435
  [reuse] v20 184(95u/89s) - 15(10u/5s) v241_sc  draws=1  WR=0.922
  [reuse] v20 181(94u/87s) - 19(13u/6s) v228_sc  draws=0  WR=0.905
  [reuse] v20 6(1u/5s) - 194(95u/99s) v297_sc  draws=0  WR=0.030
  [reuse] v20 100(61u/39s) - 94(58u/36s) v316_sc  draws=6  WR=0.515
  [reuse] v55 176(92u/84s) - 24(16u/8s) v241_sc  draws=0  WR=0.880
  [reuse] v55 166(92u/74s) - 32(25u/7s) v228_sc  draws=2  WR=0.835
  [reuse] v55 10(1u/9s) - 189(90u/99s) v297_sc  draws=1  WR=0.052
  [reuse] v55 114(59u/55s) - 82(44u/38s) v316_sc  draws=4  WR=0.580
  [reuse] v241_sc 102(62u/40s) - 98(60u/38s) v228_sc  draws=0  WR=0.510
  [reuse] v241_sc 30(15u/15s) - 167(84u/83s) v297_sc  draws=3  WR=0.158
  [reuse] v241_sc 21(10u/11s) - 179(89u/90s) v316_sc  draws=0  WR=0.105
  [reuse] v228_sc 28(9u/19s) - 170(80u/90s) v297_sc  draws=2  WR=0.145
  [reuse] v228_sc 10(4u/6s) - 189(93u/96s) v316_sc  draws=1  WR=0.052
  [reuse] v297_sc 71(44u/27s) - 126(70u/56s) v316_sc  draws=3  WR=0.362

Fitting BayesElo (bipartite per-side, anchor=v56_USSR=1900.0) ...
Fitting BayesElo (combined, for residual comparison) ...

Model                  USSR      US    Gap   Comb*                95% CI   vs anchor
  (bipartite per-side = PRIMARY, anchor: v56_USSR=1900)
  (* combined = derived from P(win) = 0.5·P_ussr + 0.5·P_us)
----------------------------------------------------------------------------------------
v297_sc               2079   2205  -126    2165  [  2141,   2191]  +265
v316_sc               1920   1886  +34    1928  [  1909,   1947]  +28
v55                   1921   1858  +64    1914  [  1898,   1928]  +14
v54                   1914   1849  +65    1907  [  1891,   1921]  +7
v56                   1900   1850  +50    1900  [  1900,   1900]  +0
v20                   1925   1789  +136    1883  [  1867,   1898]  -17
v44                   1893   1821  +72    1883  [  1868,   1898]  -17
v241_sc               1563   1478  +85    1556  [  1533,   1583]  -344
v228_sc               1553   1485  +68    1552  [  1530,   1581]  -348

Pair                              Obs WR   Bip WR   Comb WR   Bip err   Comb err
------------------------------------------------------------------------------------
v56            vs v54              0.502    0.491     0.491    +0.012     +0.011
v56            vs v44              0.481    0.524     0.524    -0.043     -0.043
v56            vs v20              0.485    0.524     0.525    -0.039     -0.040
v56            vs v55              0.471    0.480     0.481    -0.008     -0.010
v56            vs v241_sc          0.935    0.879     0.877    +0.056     +0.058
v56            vs v228_sc          0.930    0.881     0.879    +0.049     +0.051
v56            vs v297_sc          0.115    0.179     0.178    -0.064     -0.063
v56            vs v316_sc          0.575    0.460     0.460    +0.115     +0.115
v54            vs v44              0.574    0.534     0.533    +0.040     +0.041
v54            vs v20              0.515    0.533     0.534    -0.018     -0.019
v54            vs v55              0.465    0.489     0.490    -0.024     -0.025
v54            vs v241_sc          0.892    0.881     0.881    +0.011     +0.011
v54            vs v228_sc          0.910    0.884     0.883    +0.026     +0.027
v54            vs v297_sc          0.015    0.184     0.183    -0.169     -0.168
v54            vs v316_sc          0.615    0.470     0.469    +0.145     +0.146
v44            vs v20              0.555    0.501     0.501    +0.054     +0.054
v44            vs v55              0.471    0.456     0.457    +0.016     +0.014
v44            vs v241_sc          0.863    0.866     0.867    -0.003     -0.004
v44            vs v228_sc          0.843    0.868     0.868    -0.026     -0.026
v44            vs v297_sc          0.005    0.164     0.164    -0.159     -0.159
v44            vs v316_sc          0.482    0.436     0.436    +0.046     +0.047
v20            vs v55              0.435    0.457     0.456    -0.022     -0.021
v20            vs v241_sc          0.922    0.857     0.866    +0.065     +0.056
v20            vs v228_sc          0.905    0.861     0.868    +0.044     +0.037
v20            vs v297_sc          0.030    0.162     0.164    -0.132     -0.134
v20            vs v316_sc          0.515    0.438     0.435    +0.077     +0.080
v55            vs v241_sc          0.880    0.886     0.885    -0.006     -0.005
v55            vs v228_sc          0.835    0.888     0.887    -0.053     -0.052
v55            vs v297_sc          0.052    0.191     0.189    -0.138     -0.137
v55            vs v316_sc          0.580    0.481     0.479    +0.099     +0.101
v241_sc        vs v228_sc          0.510    0.502     0.504    +0.008     +0.006
v241_sc        vs v297_sc          0.158    0.027     0.029    +0.130     +0.128
v241_sc        vs v316_sc          0.105    0.104     0.106    +0.001     -0.001
v228_sc        vs v297_sc          0.145    0.027     0.029    +0.118     +0.116
v228_sc        vs v316_sc          0.052    0.102     0.105    -0.050     -0.052
v297_sc        vs v316_sc          0.362    0.795     0.797    -0.433     -0.435
------------------------------------------------------------------------------------
                                              RMSE    0.1045     0.1046
  (bipartite RMSE < combined RMSE → bipartite model better fit)

Saved to results/logs/elo/elo_v316_sc_incremental.json
[sql] Tournament logged: incremental_20260417T153719Z_v20_v228_sc → results/metadata.sqlite3
[confirm] Merged $VERSION into results/elo/elo_full_ladder.json: elo=1928
[Fri Apr 17 09:01:15 2026]
Finished jobid: 0 (Rule: ppo_train_dynamic)
1 of 1 steps (100%) done
Complete log(s): /home/dkord/code/twilight-struggle-ai/.snakemake/log/2026-04-17T083621.481154.snakemake.log
