=== ELO incremental placement: v76_sc ===
Exporting checkpoints to TorchScript ...
Loaded 2391 match results from SQL match_cache

Match schedule (15 total, 0 new, 15 reused from prior run):
  v55 vs v14  [reuse]
  v55 vs v54  [reuse]
  v55 vs v44  [reuse]
  v55 vs v45  [reuse]
  v55 vs v76_sc  [reuse]
  v14 vs v54  [reuse]
  v14 vs v44  [reuse]
  v14 vs v45  [reuse]
  v14 vs v76_sc  [reuse]
  v54 vs v44  [reuse]
  v54 vs v45  [reuse]
  v54 vs v76_sc  [reuse]
  v44 vs v45  [reuse]
  v44 vs v76_sc  [reuse]
  v45 vs v76_sc  [reuse]
  [reuse] v55 255(150u/105s) - 128(88u/40s) v14  draws=17  WR=0.659
  [reuse] v55 209(115u/94s) - 181(102u/79s) v54  draws=10  WR=0.535
  [reuse] v55 201(119u/82s) - 178(110u/68s) v44  draws=21  WR=0.529
  [reuse] v55 206(136u/70s) - 180(123u/57s) v45  draws=14  WR=0.532
  [reuse] v55 110(66u/44s) - 87(54u/33s) v76_sc  draws=3  WR=0.557
  [reuse] v14 131(95u/36s) - 254(154u/100s) v54  draws=15  WR=0.346
  [reuse] v14 147(100u/47s) - 239(147u/92s) v44  draws=14  WR=0.385
  [reuse] v14 162(115u/47s) - 226(147u/79s) v45  draws=12  WR=0.420
  [reuse] v14 88(52u/36s) - 106(63u/43s) v76_sc  draws=6  WR=0.455
  [reuse] v54 222(126u/96s) - 163(99u/64s) v44  draws=15  WR=0.574
  [reuse] v54 194(125u/69s) - 183(121u/62s) v45  draws=23  WR=0.514
  [reuse] v54 103(61u/42s) - 92(54u/38s) v76_sc  draws=5  WR=0.527
  [reuse] v44 194(130u/64s) - 192(130u/62s) v45  draws=14  WR=0.502
  [reuse] v44 106(60u/46s) - 88(53u/35s) v76_sc  draws=6  WR=0.545
  [reuse] v45 107(68u/39s) - 88(57u/31s) v76_sc  draws=5  WR=0.547

Fitting BayesElo (combined) ...
Fitting BayesElo (bipartite per-side, anchor=v14_USSR=2015.0) ...

Model                   Elo    USSR*      US*    Gap                95% CI   vs anchor
  (* bipartite per-side, single anchor: v14_USSR=2015)
----------------------------------------------------------------------------------------
v55                    2124   2102   2036  +66  [  2108,   2141]  +109
v54                    2116   2087   2032  +55  [  2099,   2132]  +101
v45                    2093   2119   1954  +165  [  2077,   2110]  +78
v44                    2091   2072   1995  +77  [  2075,   2108]  +76
v76_sc                 2069   2035   1986  +49  [  2047,   2091]  +54
v14                    2015   2015   1885  +130  [  2015,   2015]  +0

Pair                              Obs WR   Bip WR   Comb WR   Bip err   Comb err
------------------------------------------------------------------------------------
v55            vs v14              0.659    0.654     0.652    +0.005     +0.007
v55            vs v54              0.535    0.513     0.512    +0.022     +0.023
v55            vs v44              0.529    0.549     0.547    -0.020     -0.019
v55            vs v45              0.532    0.542     0.544    -0.009     -0.012
v55            vs v76_sc           0.557    0.581     0.579    -0.024     -0.021
v14            vs v54              0.346    0.356     0.359    -0.010     -0.013
v14            vs v44              0.385    0.391     0.392    -0.006     -0.007
v14            vs v45              0.420    0.396     0.389    +0.024     +0.031
v14            vs v76_sc           0.455    0.419     0.423    +0.036     +0.032
v54            vs v44              0.574    0.536     0.535    +0.037     +0.039
v54            vs v45              0.514    0.530     0.532    -0.016     -0.018
v54            vs v76_sc           0.527    0.569     0.567    -0.041     -0.039
v44            vs v45              0.502    0.496     0.497    +0.006     +0.006
v44            vs v76_sc           0.545    0.532     0.532    +0.013     +0.013
v45            vs v76_sc           0.547    0.534     0.535    +0.013     +0.013
------------------------------------------------------------------------------------
                                              RMSE    0.0221     0.0222
  (bipartite RMSE < combined RMSE → bipartite model better fit)

Saved to results/logs/elo/elo_v76_sc_incremental.json
[sql] Tournament logged: incremental_20260412T170248Z_v14_v44 → results/metadata.sqlite3
[confirm] Merged v76_sc into results/elo/elo_full_ladder.json: elo=2069
