=== ELO update: adding v31 ===
Exporting checkpoints to TorchScript ...
  heuristic: built-in heuristic (no export needed)
Loaded 203 match results from cache results/matches/

Match schedule (210 total, 20 new, 190 reused from prior run):
  heuristic vs v10  [reuse]
  heuristic vs v11  [reuse]
  heuristic vs v12  [reuse]
  heuristic vs v13  [reuse]
  heuristic vs v14  [reuse]
  heuristic vs v15  [reuse]
  heuristic vs v16  [reuse]
  heuristic vs v17  [reuse]
  heuristic vs v18  [reuse]
  heuristic vs v19  [reuse]
  heuristic vs v20  [reuse]
  heuristic vs v21  [reuse]
  heuristic vs v22  [reuse]
  heuristic vs v27  [reuse]
  heuristic vs v28  [reuse]
  heuristic vs v29  [reuse]
  heuristic vs v30  [reuse]
  heuristic vs v31
  heuristic vs v8  [reuse]
  heuristic vs v9  [reuse]
  v10 vs v11  [reuse]
  v10 vs v12  [reuse]
  v10 vs v13  [reuse]
  v10 vs v14  [reuse]
  v10 vs v15  [reuse]
  v10 vs v16  [reuse]
  v10 vs v17  [reuse]
  v10 vs v18  [reuse]
  v10 vs v19  [reuse]
  v10 vs v20  [reuse]
  v10 vs v21  [reuse]
  v10 vs v22  [reuse]
  v10 vs v27  [reuse]
  v10 vs v28  [reuse]
  v10 vs v29  [reuse]
  v10 vs v30  [reuse]
  v10 vs v31
  v10 vs v8  [reuse]
  v10 vs v9  [reuse]
  v11 vs v12  [reuse]
  v11 vs v13  [reuse]
  v11 vs v14  [reuse]
  v11 vs v15  [reuse]
  v11 vs v16  [reuse]
  v11 vs v17  [reuse]
  v11 vs v18  [reuse]
  v11 vs v19  [reuse]
  v11 vs v20  [reuse]
  v11 vs v21  [reuse]
  v11 vs v22  [reuse]
  v11 vs v27  [reuse]
  v11 vs v28  [reuse]
  v11 vs v29  [reuse]
  v11 vs v30  [reuse]
  v11 vs v31
  v11 vs v8  [reuse]
  v11 vs v9  [reuse]
  v12 vs v13  [reuse]
  v12 vs v14  [reuse]
  v12 vs v15  [reuse]
  v12 vs v16  [reuse]
  v12 vs v17  [reuse]
  v12 vs v18  [reuse]
  v12 vs v19  [reuse]
  v12 vs v20  [reuse]
  v12 vs v21  [reuse]
  v12 vs v22  [reuse]
  v12 vs v27  [reuse]
  v12 vs v28  [reuse]
  v12 vs v29  [reuse]
  v12 vs v30  [reuse]
  v12 vs v31
  v12 vs v8  [reuse]
  v12 vs v9  [reuse]
  v13 vs v14  [reuse]
  v13 vs v15  [reuse]
  v13 vs v16  [reuse]
  v13 vs v17  [reuse]
  v13 vs v18  [reuse]
  v13 vs v19  [reuse]
  v13 vs v20  [reuse]
  v13 vs v21  [reuse]
  v13 vs v22  [reuse]
  v13 vs v27  [reuse]
  v13 vs v28  [reuse]
  v13 vs v29  [reuse]
  v13 vs v30  [reuse]
  v13 vs v31
  v13 vs v8  [reuse]
  v13 vs v9  [reuse]
  v14 vs v15  [reuse]
  v14 vs v16  [reuse]
  v14 vs v17  [reuse]
  v14 vs v18  [reuse]
  v14 vs v19  [reuse]
  v14 vs v20  [reuse]
  v14 vs v21  [reuse]
  v14 vs v22  [reuse]
  v14 vs v27  [reuse]
  v14 vs v28  [reuse]
  v14 vs v29  [reuse]
  v14 vs v30  [reuse]
  v14 vs v31
  v14 vs v8  [reuse]
  v14 vs v9  [reuse]
  v15 vs v16  [reuse]
  v15 vs v17  [reuse]
  v15 vs v18  [reuse]
  v15 vs v19  [reuse]
  v15 vs v20  [reuse]
  v15 vs v21  [reuse]
  v15 vs v22  [reuse]
  v15 vs v27  [reuse]
  v15 vs v28  [reuse]
  v15 vs v29  [reuse]
  v15 vs v30  [reuse]
  v15 vs v31
  v15 vs v8  [reuse]
  v15 vs v9  [reuse]
  v16 vs v17  [reuse]
  v16 vs v18  [reuse]
  v16 vs v19  [reuse]
  v16 vs v20  [reuse]
  v16 vs v21  [reuse]
  v16 vs v22  [reuse]
  v16 vs v27  [reuse]
  v16 vs v28  [reuse]
  v16 vs v29  [reuse]
  v16 vs v30  [reuse]
  v16 vs v31
  v16 vs v8  [reuse]
  v16 vs v9  [reuse]
  v17 vs v18  [reuse]
  v17 vs v19  [reuse]
  v17 vs v20  [reuse]
  v17 vs v21  [reuse]
  v17 vs v22  [reuse]
  v17 vs v27  [reuse]
  v17 vs v28  [reuse]
  v17 vs v29  [reuse]
  v17 vs v30  [reuse]
  v17 vs v31
  v17 vs v8  [reuse]
  v17 vs v9  [reuse]
  v18 vs v19  [reuse]
  v18 vs v20  [reuse]
  v18 vs v21  [reuse]
  v18 vs v22  [reuse]
  v18 vs v27  [reuse]
  v18 vs v28  [reuse]
  v18 vs v29  [reuse]
  v18 vs v30  [reuse]
  v18 vs v31
  v18 vs v8  [reuse]
  v18 vs v9  [reuse]
  v19 vs v20  [reuse]
  v19 vs v21  [reuse]
  v19 vs v22  [reuse]
  v19 vs v27  [reuse]
  v19 vs v28  [reuse]
  v19 vs v29  [reuse]
  v19 vs v30  [reuse]
  v19 vs v31
  v19 vs v8  [reuse]
  v19 vs v9  [reuse]
  v20 vs v21  [reuse]
  v20 vs v22  [reuse]
  v20 vs v27  [reuse]
  v20 vs v28  [reuse]
  v20 vs v29  [reuse]
  v20 vs v30  [reuse]
  v20 vs v31
  v20 vs v8  [reuse]
  v20 vs v9  [reuse]
  v21 vs v22  [reuse]
  v21 vs v27  [reuse]
  v21 vs v28  [reuse]
  v21 vs v29  [reuse]
  v21 vs v30  [reuse]
  v21 vs v31
  v21 vs v8  [reuse]
  v21 vs v9  [reuse]
  v22 vs v27  [reuse]
  v22 vs v28  [reuse]
  v22 vs v29  [reuse]
  v22 vs v30  [reuse]
  v22 vs v31
  v22 vs v8  [reuse]
  v22 vs v9  [reuse]
  v27 vs v28  [reuse]
  v27 vs v29  [reuse]
  v27 vs v30  [reuse]
  v27 vs v31
  v27 vs v8  [reuse]
  v27 vs v9  [reuse]
  v28 vs v29  [reuse]
  v28 vs v30  [reuse]
  v28 vs v31
  v28 vs v8  [reuse]
  v28 vs v9  [reuse]
  v29 vs v30  [reuse]
  v29 vs v31
  v29 vs v8  [reuse]
  v29 vs v9  [reuse]
  v30 vs v31
  v30 vs v8  [reuse]
  v30 vs v9  [reuse]
  v31 vs v8
  v31 vs v9
  v8 vs v9  [reuse]
  [reuse] heuristic 45(37u/8s) - 351(192u/159s) v10  draws=4  WR=0.117
  [reuse] heuristic 69(60u/9s) - 327(191u/136s) v11  draws=4  WR=0.177
  [reuse] heuristic 42(21u/21s) - 157(78u/79s) v12  draws=1  WR=0.212
  [reuse] heuristic 84(73u/11s) - 308(188u/120s) v13  draws=8  WR=0.220
  [reuse] heuristic 64(32u/32s) - 329(164u/165s) v14  draws=7  WR=0.169
  [reuse] heuristic 37(30u/7s) - 360(191u/169s) v15  draws=3  WR=0.096
  [reuse] heuristic 59(50u/9s) - 339(190u/149s) v16  draws=2  WR=0.150
  [reuse] heuristic 43(37u/6s) - 353(192u/161s) v17  draws=4  WR=0.113
  [reuse] heuristic 33(32u/1s) - 362(198u/164s) v18  draws=5  WR=0.089
  [reuse] heuristic 53(26u/27s) - 345(172u/173s) v19  draws=2  WR=0.135
  [reuse] heuristic 47(34u/13s) - 351(186u/165s) v20  draws=2  WR=0.120
  [reuse] heuristic 47(44u/3s) - 349(197u/152s) v21  draws=4  WR=0.122
  [reuse] heuristic 45(22u/23s) - 350(175u/175s) v22  draws=5  WR=0.119
  [reuse] heuristic 119(69u/50s) - 278(150u/128s) v27  draws=3  WR=0.301
  [reuse] heuristic 97(69u/28s) - 301(172u/129s) v28  draws=2  WR=0.245
  [reuse] heuristic 92(48u/44s) - 307(156u/151s) v29  draws=1  WR=0.231
  [reuse] heuristic 81(42u/39s) - 313(159u/154s) v30  draws=6  WR=0.210

[new 1/20] heuristic vs v31 (400 games = 200/side, seed=88000) ...
  heuristic: 89(45u/44s)  v31: 310(156u/154s)  draws: 1  WR(heuristic)=0.224  t=24.2s
  [reuse] heuristic 20(10u/10s) - 176(88u/88s) v8  draws=4  WR=0.110
  [reuse] heuristic 76(64u/12s) - 317(187u/130s) v9  draws=7  WR=0.199
  [reuse] v10 157(117u/40s) - 230(154u/76s) v11  draws=13  WR=0.409
  [reuse] v10 149(114u/35s) - 235(159u/76s) v12  draws=16  WR=0.393
  [reuse] v10 155(116u/39s) - 238(157u/81s) v13  draws=7  WR=0.396
  [reuse] v10 153(112u/41s) - 229(154u/75s) v14  draws=18  WR=0.405
  [reuse] v10 126(97u/29s) - 259(166u/93s) v15  draws=15  WR=0.334
  [reuse] v10 143(115u/28s) - 241(165u/76s) v16  draws=16  WR=0.378
  [reuse] v10 141(107u/34s) - 248(164u/84s) v17  draws=11  WR=0.366
  [reuse] v10 134(107u/27s) - 251(166u/85s) v18  draws=15  WR=0.354
  [reuse] v10 136(92u/44s) - 245(149u/96s) v19  draws=19  WR=0.364
  [reuse] v10 147(105u/42s) - 240(154u/86s) v20  draws=13  WR=0.384
  [reuse] v10 143(101u/42s) - 243(156u/87s) v21  draws=14  WR=0.375
  [reuse] v10 100(80u/20s) - 285(175u/110s) v22  draws=15  WR=0.269
  [reuse] v10 305(183u/122s) - 91(74u/17s) v27  draws=4  WR=0.767
  [reuse] v10 265(174u/91s) - 129(104u/25s) v28  draws=6  WR=0.670
  [reuse] v10 277(167u/110s) - 122(90u/32s) v29  draws=1  WR=0.694
  [reuse] v10 249(144u/105s) - 144(92u/52s) v30  draws=7  WR=0.631

[new 2/20] v10 vs v31 (400 games = 200/side, seed=88400) ...
  v10: 265(169u/96s)  v31: 126(102u/24s)  draws: 9  WR(v10)=0.674  t=17.5s
  [reuse] v10 207(161u/46s) - 179(144u/35s) v8  draws=14  WR=0.535
  [reuse] v10 198(145u/53s) - 187(139u/48s) v9  draws=15  WR=0.514
  [reuse] v11 162(120u/42s) - 222(151u/71s) v12  draws=16  WR=0.425
  [reuse] v11 189(127u/62s) - 203(135u/68s) v13  draws=8  WR=0.482
  [reuse] v11 169(121u/48s) - 216(144u/72s) v14  draws=15  WR=0.441
  [reuse] v11 149(107u/42s) - 235(152u/83s) v15  draws=16  WR=0.393
  [reuse] v11 157(114u/43s) - 230(149u/81s) v16  draws=13  WR=0.409
  [reuse] v11 155(109u/46s) - 236(150u/86s) v17  draws=9  WR=0.399
  [reuse] v11 148(118u/30s) - 240(167u/73s) v18  draws=12  WR=0.385
  [reuse] v11 132(94u/38s) - 254(154u/100s) v19  draws=14  WR=0.347
  [reuse] v11 119(89u/30s) - 272(168u/104s) v20  draws=9  WR=0.309
  [reuse] v11 130(93u/37s) - 253(155u/98s) v21  draws=17  WR=0.346
  [reuse] v11 129(99u/30s) - 254(162u/92s) v22  draws=17  WR=0.344
  [reuse] v11 304(187u/117s) - 95(82u/13s) v27  draws=1  WR=0.761
  [reuse] v11 283(176u/107s) - 110(89u/21s) v28  draws=7  WR=0.716
  [reuse] v11 291(184u/107s) - 105(90u/15s) v29  draws=4  WR=0.733
  [reuse] v11 265(163u/102s) - 125(93u/32s) v30  draws=10  WR=0.675

[new 3/20] v11 vs v31 (400 games = 200/side, seed=88800) ...
  v11: 273(178u/95s)  v31: 123(104u/19s)  draws: 4  WR(v11)=0.688  t=16.7s
  [reuse] v11 247(155u/92s) - 146(104u/42s) v8  draws=7  WR=0.626
  [reuse] v11 218(157u/61s) - 167(128u/39s) v9  draws=15  WR=0.564
  [reuse] v12 201(133u/68s) - 187(127u/60s) v13  draws=12  WR=0.517
  [reuse] v12 177(88u/89s) - 209(104u/105s) v14  draws=14  WR=0.460
  [reuse] v12 151(100u/51s) - 238(143u/95s) v15  draws=11  WR=0.391
  [reuse] v12 151(110u/41s) - 239(154u/85s) v16  draws=10  WR=0.390
  [reuse] v12 167(122u/45s) - 223(151u/72s) v17  draws=10  WR=0.430
  [reuse] v12 158(116u/42s) - 227(149u/78s) v18  draws=15  WR=0.414
  [reuse] v12 142(71u/71s) - 244(122u/122s) v19  draws=14  WR=0.372
  [reuse] v12 149(113u/36s) - 240(161u/79s) v20  draws=11  WR=0.386
  [reuse] v12 170(118u/52s) - 220(144u/76s) v21  draws=10  WR=0.438
  [reuse] v12 146(73u/73s) - 240(120u/120s) v22  draws=14  WR=0.383
  [reuse] v12 324(187u/137s) - 74(61u/13s) v27  draws=2  WR=0.812
  [reuse] v12 297(187u/110s) - 98(86u/12s) v28  draws=5  WR=0.749
  [reuse] v12 298(173u/125s) - 94(71u/23s) v29  draws=8  WR=0.755
  [reuse] v12 267(159u/108s) - 130(90u/40s) v30  draws=3  WR=0.671

[new 4/20] v12 vs v31 (400 games = 200/side, seed=89200) ...
  v12: 282(164u/118s)  v31: 112(79u/33s)  draws: 6  WR(v12)=0.713  t=17.0s
  [reuse] v12 121(60u/61s) - 75(37u/38s) v8  draws=4  WR=0.615
  [reuse] v12 217(146u/71s) - 178(126u/52s) v9  draws=5  WR=0.549
  [reuse] v13 188(120u/68s) - 200(125u/75s) v14  draws=12  WR=0.485
  [reuse] v13 158(115u/43s) - 228(151u/77s) v15  draws=14  WR=0.412
  [reuse] v13 163(111u/52s) - 220(138u/82s) v16  draws=17  WR=0.429
  [reuse] v13 158(108u/50s) - 237(148u/89s) v17  draws=5  WR=0.401
  [reuse] v13 149(108u/41s) - 240(151u/89s) v18  draws=11  WR=0.386
  [reuse] v13 151(104u/47s) - 226(140u/86s) v19  draws=23  WR=0.406
  [reuse] v13 150(108u/42s) - 244(155u/89s) v20  draws=6  WR=0.383
  [reuse] v13 156(116u/40s) - 235(158u/77s) v21  draws=9  WR=0.401
  [reuse] v13 131(104u/27s) - 250(165u/85s) v22  draws=19  WR=0.351
  [reuse] v13 321(189u/132s) - 75(64u/11s) v27  draws=4  WR=0.807
  [reuse] v13 301(187u/114s) - 92(80u/12s) v28  draws=7  WR=0.761
  [reuse] v13 302(169u/133s) - 88(62u/26s) v29  draws=10  WR=0.767
  [reuse] v13 295(171u/124s) - 102(75u/27s) v30  draws=3  WR=0.741

[new 5/20] v13 vs v31 (400 games = 200/side, seed=89600) ...
  v13: 277(162u/115s)  v31: 116(78u/38s)  draws: 7  WR(v13)=0.701  t=18.1s
  [reuse] v13 237(153u/84s) - 157(112u/45s) v8  draws=6  WR=0.600
  [reuse] v13 222(153u/69s) - 169(128u/41s) v9  draws=9  WR=0.566
  [reuse] v14 179(132u/47s) - 206(146u/60s) v15  draws=15  WR=0.466
  [reuse] v14 163(116u/47s) - 218(142u/76s) v16  draws=19  WR=0.431
  [reuse] v14 169(111u/58s) - 213(134u/79s) v17  draws=18  WR=0.445
  [reuse] v14 155(98u/57s) - 229(136u/93s) v18  draws=16  WR=0.407
  [reuse] v14 153(76u/77s) - 230(115u/115s) v19  draws=17  WR=0.404
  [reuse] v14 158(110u/48s) - 227(145u/82s) v20  draws=15  WR=0.414
  [reuse] v14 147(105u/42s) - 238(150u/88s) v21  draws=15  WR=0.386
  [reuse] v14 140(70u/70s) - 241(120u/121s) v22  draws=19  WR=0.374
  [reuse] v14 331(184u/147s) - 65(50u/15s) v27  draws=4  WR=0.833
  [reuse] v14 311(183u/128s) - 85(69u/16s) v28  draws=4  WR=0.782
  [reuse] v14 317(173u/144s) - 80(55u/25s) v29  draws=3  WR=0.796
  [reuse] v14 285(155u/130s) - 109(67u/42s) v30  draws=6  WR=0.720

[new 6/20] v14 vs v31 (400 games = 200/side, seed=90000) ...
  v14: 297(169u/128s)  v31: 98(70u/28s)  draws: 5  WR(v14)=0.749  t=17.4s
  [reuse] v14 247(123u/124s) - 137(68u/69s) v8  draws=16  WR=0.637
  [reuse] v14 249(163u/86s) - 138(108u/30s) v9  draws=13  WR=0.639
  [reuse] v15 193(128u/65s) - 188(125u/63s) v16  draws=19  WR=0.506
  [reuse] v15 170(115u/55s) - 212(139u/73s) v17  draws=18  WR=0.448
  [reuse] v15 182(124u/58s) - 206(135u/71s) v18  draws=12  WR=0.470
  [reuse] v15 166(115u/51s) - 223(142u/81s) v19  draws=11  WR=0.429
  [reuse] v15 159(106u/53s) - 223(140u/83s) v20  draws=18  WR=0.420
  [reuse] v15 175(122u/53s) - 210(138u/72s) v21  draws=15  WR=0.456
  [reuse] v15 156(91u/65s) - 223(125u/98s) v22  draws=21  WR=0.416
  [reuse] v15 328(187u/141s) - 69(56u/13s) v27  draws=3  WR=0.824
  [reuse] v15 310(184u/126s) - 84(71u/13s) v28  draws=6  WR=0.782
  [reuse] v15 305(171u/134s) - 91(62u/29s) v29  draws=4  WR=0.767
  [reuse] v15 299(166u/133s) - 98(64u/34s) v30  draws=3  WR=0.751

[new 7/20] v15 vs v31 (400 games = 200/side, seed=90400) ...
  v15: 312(185u/127s)  v31: 86(71u/15s)  draws: 2  WR(v15)=0.782  t=17.7s
  [reuse] v15 275(167u/108s) - 116(85u/31s) v8  draws=9  WR=0.699
  [reuse] v15 267(169u/98s) - 122(92u/30s) v9  draws=11  WR=0.681
  [reuse] v16 178(126u/52s) - 206(139u/67s) v17  draws=16  WR=0.465
  [reuse] v16 173(112u/61s) - 217(136u/81s) v18  draws=10  WR=0.445
  [reuse] v16 180(116u/64s) - 203(126u/77s) v19  draws=17  WR=0.471
  [reuse] v16 161(112u/49s) - 229(146u/83s) v20  draws=10  WR=0.415
  [reuse] v16 144(95u/49s) - 240(146u/94s) v21  draws=16  WR=0.380
  [reuse] v16 157(96u/61s) - 233(137u/96s) v22  draws=10  WR=0.405
  [reuse] v16 342(190u/152s) - 57(47u/10s) v27  draws=1  WR=0.856
  [reuse] v16 304(180u/124s) - 90(71u/19s) v28  draws=6  WR=0.767
  [reuse] v16 316(175u/141s) - 78(58u/20s) v29  draws=6  WR=0.797
  [reuse] v16 298(170u/128s) - 96(70u/26s) v30  draws=6  WR=0.752

[new 8/20] v16 vs v31 (400 games = 200/side, seed=90800) ...
  v16: 307(178u/129s)  v31: 88(69u/19s)  draws: 5  WR(v16)=0.774  t=17.0s
  [reuse] v16 282(162u/120s) - 109(77u/32s) v8  draws=9  WR=0.716
  [reuse] v16 251(161u/90s) - 137(101u/36s) v9  draws=12  WR=0.642
  [reuse] v17 187(128u/59s) - 199(138u/61s) v18  draws=14  WR=0.485
  [reuse] v17 165(107u/58s) - 218(135u/83s) v19  draws=17  WR=0.434
  [reuse] v17 164(111u/53s) - 214(137u/77s) v20  draws=22  WR=0.438
  [reuse] v17 175(128u/47s) - 209(146u/63s) v21  draws=16  WR=0.458
  [reuse] v17 168(113u/55s) - 219(141u/78s) v22  draws=13  WR=0.436
  [reuse] v17 340(195u/145s) - 57(53u/4s) v27  draws=3  WR=0.854
  [reuse] v17 312(178u/134s) - 82(64u/18s) v28  draws=6  WR=0.787
  [reuse] v17 330(186u/144s) - 66(54u/12s) v29  draws=4  WR=0.830
  [reuse] v17 303(174u/129s) - 90(67u/23s) v30  draws=7  WR=0.766

[new 9/20] v17 vs v31 (400 games = 200/side, seed=91200) ...
  v17: 299(175u/124s)  v31: 95(72u/23s)  draws: 6  WR(v17)=0.755  t=18.0s
  [reuse] v17 276(170u/106s) - 113(87u/26s) v8  draws=11  WR=0.704
  [reuse] v17 281(174u/107s) - 109(86u/23s) v9  draws=10  WR=0.715
  [reuse] v18 186(123u/63s) - 197(123u/74s) v19  draws=17  WR=0.486
  [reuse] v18 171(123u/48s) - 207(144u/63s) v20  draws=22  WR=0.455
  [reuse] v18 161(114u/47s) - 228(149u/79s) v21  draws=11  WR=0.416
  [reuse] v18 146(96u/50s) - 238(144u/94s) v22  draws=16  WR=0.385
  [reuse] v18 339(190u/149s) - 60(50u/10s) v27  draws=1  WR=0.849
  [reuse] v18 286(166u/120s) - 109(76u/33s) v28  draws=5  WR=0.721
  [reuse] v18 305(173u/132s) - 90(64u/26s) v29  draws=5  WR=0.769
  [reuse] v18 301(164u/137s) - 95(62u/33s) v30  draws=4  WR=0.757

[new 10/20] v18 vs v31 (400 games = 200/side, seed=91600) ...
  v18: 306(177u/129s)  v31: 88(67u/21s)  draws: 6  WR(v18)=0.772  t=17.0s
  [reuse] v18 266(167u/99s) - 123(94u/29s) v8  draws=11  WR=0.679
  [reuse] v18 258(171u/87s) - 133(108u/25s) v9  draws=9  WR=0.656
  [reuse] v19 192(124u/68s) - 187(119u/68s) v20  draws=21  WR=0.506
  [reuse] v19 183(114u/69s) - 198(125u/73s) v21  draws=19  WR=0.481
  [reuse] v19 178(89u/89s) - 210(105u/105s) v22  draws=12  WR=0.460
  [reuse] v19 337(191u/146s) - 62(54u/8s) v27  draws=1  WR=0.844
  [reuse] v19 309(178u/131s) - 85(65u/20s) v28  draws=6  WR=0.780
  [reuse] v19 332(183u/149s) - 62(48u/14s) v29  draws=6  WR=0.838
  [reuse] v19 304(160u/144s) - 91(54u/37s) v30  draws=5  WR=0.766

[new 11/20] v19 vs v31 (400 games = 200/side, seed=92000) ...
  v19: 288(164u/124s)  v31: 105(74u/31s)  draws: 7  WR(v19)=0.729  t=17.6s
  [reuse] v19 279(139u/140s) - 108(54u/54s) v8  draws=13  WR=0.714
  [reuse] v19 259(161u/98s) - 128(94u/34s) v9  draws=13  WR=0.664
  [reuse] v20 181(126u/55s) - 203(137u/66s) v21  draws=16  WR=0.472
  [reuse] v20 187(116u/71s) - 204(125u/79s) v22  draws=9  WR=0.479
  [reuse] v20 350(192u/158s) - 49(41u/8s) v27  draws=1  WR=0.876
  [reuse] v20 310(175u/135s) - 86(63u/23s) v28  draws=4  WR=0.780
  [reuse] v20 301(172u/129s) - 92(69u/23s) v29  draws=7  WR=0.761
  [reuse] v20 302(169u/133s) - 94(67u/27s) v30  draws=4  WR=0.760

[new 12/20] v20 vs v31 (400 games = 200/side, seed=92400) ...
  v20: 315(175u/140s)  v31: 75(56u/19s)  draws: 10  WR(v20)=0.800  t=17.3s
  [reuse] v20 280(175u/105s) - 106(86u/20s) v8  draws=14  WR=0.718
  [reuse] v20 257(167u/90s) - 124(97u/27s) v9  draws=19  WR=0.666
  [reuse] v21 181(118u/63s) - 201(125u/76s) v22  draws=18  WR=0.475
  [reuse] v21 342(191u/151s) - 57(49u/8s) v27  draws=1  WR=0.856
  [reuse] v21 314(176u/138s) - 80(58u/22s) v28  draws=6  WR=0.792
  [reuse] v21 309(168u/141s) - 90(59u/31s) v29  draws=1  WR=0.774
  [reuse] v21 292(164u/128s) - 105(71u/34s) v30  draws=3  WR=0.734

[new 13/20] v21 vs v31 (400 games = 200/side, seed=92800) ...
  v21: 298(170u/128s)  v31: 99(72u/27s)  draws: 3  WR(v21)=0.749  t=17.2s
  [reuse] v21 291(176u/115s) - 100(81u/19s) v8  draws=9  WR=0.739
  [reuse] v21 274(170u/104s) - 113(88u/25s) v9  draws=13  WR=0.701
  [reuse] v22 334(187u/147s) - 62(51u/11s) v27  draws=4  WR=0.840
  [reuse] v22 320(183u/137s) - 78(62u/16s) v28  draws=2  WR=0.802
  [reuse] v22 328(179u/149s) - 69(49u/20s) v29  draws=3  WR=0.824
  [reuse] v22 295(164u/131s) - 96(64u/32s) v30  draws=9  WR=0.749

[new 14/20] v22 vs v31 (400 games = 200/side, seed=93200) ...
  v22: 313(180u/133s)  v31: 82(65u/17s)  draws: 5  WR(v22)=0.789  t=16.6s
  [reuse] v22 282(141u/141s) - 109(54u/55s) v8  draws=9  WR=0.716
  [reuse] v22 253(166u/87s) - 134(105u/29s) v9  draws=13  WR=0.649
  [reuse] v27 143(97u/46s) - 256(153u/103s) v28  draws=1  WR=0.359
  [reuse] v27 119(71u/48s) - 274(149u/125s) v29  draws=7  WR=0.306
  [reuse] v27 107(62u/45s) - 288(152u/136s) v30  draws=5  WR=0.274

[new 15/20] v27 vs v31 (400 games = 200/side, seed=93600) ...
  v27: 133(76u/57s)  v31: 262(140u/122s)  draws: 5  WR(v27)=0.339  t=12.3s
  [reuse] v27 94(70u/24s) - 303(176u/127s) v8  draws=3  WR=0.239
  [reuse] v27 96(81u/15s) - 298(183u/115s) v9  draws=6  WR=0.247
  [reuse] v28 179(106u/73s) - 218(126u/92s) v29  draws=3  WR=0.451
  [reuse] v28 152(95u/57s) - 241(139u/102s) v30  draws=7  WR=0.389

[new 16/20] v28 vs v31 (400 games = 200/side, seed=94000) ...
  v28: 157(104u/53s)  v31: 237(143u/94s)  draws: 6  WR(v28)=0.400  t=13.2s
  [reuse] v28 123(106u/17s) - 269(179u/90s) v8  draws=8  WR=0.318
  [reuse] v28 120(96u/24s) - 275(174u/101s) v9  draws=5  WR=0.306
  [reuse] v29 178(75u/103s) - 217(93u/124s) v30  draws=5  WR=0.451

[new 17/20] v29 vs v31 (400 games = 200/side, seed=94400) ...
  v29: 175(94u/81s)  v31: 216(115u/101s)  draws: 9  WR(v29)=0.449  t=15.2s
  [reuse] v29 123(88u/35s) - 273(163u/110s) v8  draws=4  WR=0.312
  [reuse] v29 105(82u/23s) - 289(176u/113s) v9  draws=6  WR=0.270

[new 18/20] v30 vs v31 (400 games = 200/side, seed=94800) ...
  v30: 192(88u/104s)  v31: 206(96u/110s)  draws: 2  WR(v30)=0.482  t=13.8s
  [reuse] v30 140(93u/47s) - 254(149u/105s) v8  draws=6  WR=0.357
  [reuse] v30 138(90u/48s) - 246(143u/103s) v9  draws=16  WR=0.365

[new 19/20] v31 vs v8 (400 games = 200/side, seed=95200) ...
  v31: 138(93u/45s)  v8: 254(149u/105s)  draws: 8  WR(v31)=0.355  t=18.0s

[new 20/20] v31 vs v9 (400 games = 200/side, seed=95600) ...
  v31: 153(110u/43s)  v9: 239(152u/87s)  draws: 8  WR(v31)=0.393  t=17.0s
  [reuse] v8 164(136u/28s) - 226(171u/55s) v9  draws=10  WR=0.422

Fitting BayesElo (combined) ...
Fitting BayesElo (bipartite per-side, anchor=v12_USSR=2001.0) ...

Model                   Elo    USSR*      US*    Gap                95% CI   vs anchor
  (* bipartite per-side, single anchor: v12_USSR=2001)
----------------------------------------------------------------------------------------
v22                    2096  9657748  -8837408  +18495156  [  2088,   2105]  +95
v20                    2080  4083215  -18391017  +22474232  [  2072,   2089]  +79
v21                    2080  4118855  -17914882  +22033737  [  2071,   2088]  +79
v19                    2074  23396238  -9122688  +32518926  [  2066,   2083]  +73
v17                    2060  6760722  -13565677  +20326399  [  2052,   2069]  +59
v18                    2057  8188216  -12606507  +20794723  [  2049,   2065]  +56
v15                    2050  13383847  -10122598  +23506445  [  2042,   2059]  +49
v16                    2045  16674501  -9522129  +26196630  [  2036,   2053]  +44
v14                    2019  147104210  -6767047  +153871256  [  2011,   2027]  +18
v12                    2001   2001  -167868281091  +167868283092  [  2001,   2001]  +0
v13                    1999  83432256  -2890521  +86322776  [  1991,   2007]  -2
v11                    1979  125311698  -1304282  +126615980  [  1970,   1987]  -22
v10                    1954  354889674  -614906  +355504580  [  1945,   1962]  -47
v9                     1947  520470583  -435232  +520905814  [  1938,   1955]  -54
v8                     1924  3213024533  -4855358  +3217879891  [  1916,   1933]  -77
v30                    1864  535995241  -425005  +536420246  [  1855,   1872]  -137
v31                    1855  1394163977  -185779  +1394349756  [  1846,   1863]  -146
v29                    1822  247147119  -143880  +247290999  [  1814,   1831]  -179
v28                    1821  3085815241  -54016  +3085869256  [  1812,   1830]  -180
v27                    1745  103042990  -25549  +103068539  [  1736,   1755]  -256
heuristic              1672  1307933  -59766  +1367699  [  1661,   1683]  -329

Pair                              Obs WR   Bip WR   Comb WR   Bip err   Comb err
------------------------------------------------------------------------------------
heuristic      vs v10              0.117    0.500     0.165    -0.383     -0.047
heuristic      vs v11              0.177    0.500     0.146    -0.323     +0.032
heuristic      vs v12              0.212    0.500     0.131    -0.287     +0.082
heuristic      vs v13              0.220    0.500     0.132    -0.280     +0.088
heuristic      vs v14              0.169    0.500     0.119    -0.331     +0.050
heuristic      vs v15              0.096    0.500     0.102    -0.404     -0.005
heuristic      vs v16              0.150    0.500     0.105    -0.350     +0.045
heuristic      vs v17              0.113    0.500     0.096    -0.388     +0.016
heuristic      vs v18              0.089    0.500     0.098    -0.411     -0.009
heuristic      vs v19              0.135    0.500     0.090    -0.365     +0.045
heuristic      vs v20              0.120    0.500     0.087    -0.380     +0.033
heuristic      vs v21              0.122    0.500     0.087    -0.378     +0.035
heuristic      vs v22              0.119    0.500     0.080    -0.381     +0.039
heuristic      vs v27              0.301    0.500     0.395    -0.199     -0.094
heuristic      vs v28              0.245    0.500     0.297    -0.255     -0.052
heuristic      vs v29              0.231    0.500     0.296    -0.269     -0.065
heuristic      vs v30              0.210    0.500     0.249    -0.290     -0.039
heuristic      vs v31              0.224    0.500     0.259    -0.276     -0.035
heuristic      vs v8               0.110    0.500     0.190    -0.390     -0.080
heuristic      vs v9               0.199    0.500     0.170    -0.301     +0.028
v10            vs v11              0.409    0.500     0.464    -0.091     -0.055
v10            vs v12              0.393    0.500     0.432    -0.107     -0.040
v10            vs v13              0.396    0.500     0.435    -0.104     -0.039
v10            vs v14              0.405    0.500     0.407    -0.095     -0.002
v10            vs v15              0.334    0.500     0.364    -0.166     -0.031
v10            vs v16              0.378    0.500     0.372    -0.122     +0.006
v10            vs v17              0.366    0.500     0.351    -0.134     +0.015
v10            vs v18              0.354    0.500     0.355    -0.146     -0.001
v10            vs v19              0.364    0.500     0.333    -0.136     +0.031
v10            vs v20              0.384    0.500     0.325    -0.116     +0.058
v10            vs v21              0.375    0.500     0.326    -0.125     +0.049
v10            vs v22              0.269    0.500     0.305    -0.231     -0.037
v10            vs v27              0.767    0.500     0.768    +0.267     -0.001
v10            vs v28              0.670    0.500     0.682    +0.170     -0.012
v10            vs v29              0.694    0.500     0.680    +0.194     +0.013
v10            vs v30              0.631    0.500     0.626    +0.131     +0.005
v10            vs v31              0.674    0.500     0.639    +0.174     +0.035
v10            vs v8               0.535    0.500     0.542    +0.035     -0.007
v10            vs v9               0.514    0.500     0.510    +0.014     +0.004
v11            vs v12              0.425    0.500     0.468    -0.075     -0.043
v11            vs v13              0.482    0.500     0.471    -0.018     +0.011
v11            vs v14              0.441    0.500     0.442    -0.059     -0.001
v11            vs v15              0.393    0.500     0.398    -0.107     -0.006
v11            vs v16              0.409    0.500     0.406    -0.091     +0.003
v11            vs v17              0.399    0.500     0.384    -0.101     +0.014
v11            vs v18              0.385    0.500     0.389    -0.115     -0.004
v11            vs v19              0.347    0.500     0.366    -0.153     -0.018
v11            vs v20              0.309    0.500     0.358    -0.191     -0.049
v11            vs v21              0.346    0.500     0.358    -0.154     -0.012
v11            vs v22              0.344    0.500     0.337    -0.156     +0.007
v11            vs v27              0.761    0.500     0.793    +0.261     -0.032
v11            vs v28              0.716    0.500     0.712    +0.216     +0.004
v11            vs v29              0.733    0.500     0.711    +0.233     +0.021
v11            vs v30              0.675    0.500     0.660    +0.175     +0.015
v11            vs v31              0.688    0.500     0.671    +0.188     +0.016
v11            vs v8               0.626    0.500     0.578    +0.126     +0.048
v11            vs v9               0.564    0.500     0.546    +0.064     +0.018
v12            vs v13              0.517    0.500     0.503    +0.017     +0.014
v12            vs v14              0.460    0.500     0.474    -0.040     -0.014
v12            vs v15              0.391    0.500     0.430    -0.109     -0.038
v12            vs v16              0.390    0.500     0.437    -0.110     -0.047
v12            vs v17              0.430    0.500     0.415    -0.070     +0.015
v12            vs v18              0.414    0.500     0.420    -0.086     -0.006
v12            vs v19              0.372    0.500     0.396    -0.128     -0.024
v12            vs v20              0.386    0.500     0.388    -0.114     -0.002
v12            vs v21              0.438    0.500     0.388    -0.062     +0.049
v12            vs v22              0.383    0.500     0.366    -0.117     +0.016
v12            vs v27              0.812    0.500     0.813    +0.312     -0.001
v12            vs v28              0.749    0.500     0.738    +0.249     +0.011
v12            vs v29              0.755    0.500     0.737    +0.255     +0.018
v12            vs v30              0.671    0.500     0.688    +0.171     -0.017
v12            vs v31              0.713    0.500     0.699    +0.213     +0.013
v12            vs v8               0.615    0.500     0.609    +0.115     +0.006
v12            vs v9               0.549    0.500     0.578    +0.049     -0.029
v13            vs v14              0.485    0.500     0.471    -0.015     +0.014
v13            vs v15              0.412    0.500     0.426    -0.088     -0.014
v13            vs v16              0.429    0.500     0.434    -0.071     -0.005
v13            vs v17              0.401    0.500     0.412    -0.099     -0.011
v13            vs v18              0.386    0.500     0.417    -0.114     -0.031
v13            vs v19              0.406    0.500     0.393    -0.094     +0.013
v13            vs v20              0.383    0.500     0.385    -0.117     -0.002
v13            vs v21              0.401    0.500     0.385    -0.099     +0.016
v13            vs v22              0.351    0.500     0.363    -0.149     -0.012
v13            vs v27              0.807    0.500     0.811    +0.307     -0.004
v13            vs v28              0.761    0.500     0.736    +0.261     +0.026
v13            vs v29              0.767    0.500     0.734    +0.267     +0.033
v13            vs v30              0.741    0.500     0.685    +0.241     +0.056
v13            vs v31              0.701    0.500     0.696    +0.201     +0.005
v13            vs v8               0.600    0.500     0.606    +0.100     -0.006
v13            vs v9               0.566    0.500     0.574    +0.066     -0.008
v14            vs v15              0.466    0.500     0.455    -0.034     +0.011
v14            vs v16              0.431    0.500     0.463    -0.069     -0.032
v14            vs v17              0.445    0.500     0.441    -0.055     +0.004
v14            vs v18              0.407    0.500     0.445    -0.093     -0.038
v14            vs v19              0.404    0.500     0.421    -0.096     -0.018
v14            vs v20              0.414    0.500     0.413    -0.086     +0.001
v14            vs v21              0.386    0.500     0.413    -0.114     -0.027
v14            vs v22              0.374    0.500     0.391    -0.126     -0.017
v14            vs v27              0.833    0.500     0.828    +0.333     +0.004
v14            vs v28              0.782    0.500     0.758    +0.282     +0.025
v14            vs v29              0.796    0.500     0.756    +0.296     +0.040
v14            vs v30              0.720    0.500     0.710    +0.220     +0.010
v14            vs v31              0.749    0.500     0.720    +0.249     +0.028
v14            vs v8               0.637    0.500     0.633    +0.137     +0.004
v14            vs v9               0.639    0.500     0.603    +0.139     +0.036
v15            vs v16              0.506    0.500     0.508    +0.006     -0.002
v15            vs v17              0.448    0.500     0.485    -0.052     -0.038
v15            vs v18              0.470    0.500     0.490    -0.030     -0.020
v15            vs v19              0.429    0.500     0.466    -0.071     -0.037
v15            vs v20              0.420    0.500     0.457    -0.080     -0.037
v15            vs v21              0.456    0.500     0.457    -0.044     -0.001
v15            vs v22              0.416    0.500     0.434    -0.084     -0.018
v15            vs v27              0.824    0.500     0.852    +0.324     -0.029
v15            vs v28              0.782    0.500     0.789    +0.282     -0.007
v15            vs v29              0.767    0.500     0.788    +0.267     -0.020
v15            vs v30              0.751    0.500     0.745    +0.251     +0.006
v15            vs v31              0.782    0.500     0.755    +0.282     +0.027
v15            vs v8               0.699    0.500     0.674    +0.199     +0.025
v15            vs v9               0.681    0.500     0.645    +0.181     +0.036
v16            vs v17              0.465    0.500     0.478    -0.035     -0.013
v16            vs v18              0.445    0.500     0.482    -0.055     -0.037
v16            vs v19              0.471    0.500     0.458    -0.029     +0.014
v16            vs v20              0.415    0.500     0.449    -0.085     -0.034
v16            vs v21              0.380    0.500     0.450    -0.120     -0.070
v16            vs v22              0.405    0.500     0.426    -0.095     -0.021
v16            vs v27              0.856    0.500     0.848    +0.356     +0.008
v16            vs v28              0.767    0.500     0.784    +0.267     -0.016
v16            vs v29              0.797    0.500     0.783    +0.297     +0.015
v16            vs v30              0.752    0.500     0.739    +0.252     +0.013
v16            vs v31              0.774    0.500     0.749    +0.274     +0.024
v16            vs v8               0.716    0.500     0.667    +0.216     +0.049
v16            vs v9               0.642    0.500     0.638    +0.142     +0.005
v17            vs v18              0.485    0.500     0.505    -0.015     -0.020
v17            vs v19              0.434    0.500     0.480    -0.066     -0.046
v17            vs v20              0.438    0.500     0.472    -0.062     -0.034
v17            vs v21              0.458    0.500     0.472    -0.042     -0.014
v17            vs v22              0.436    0.500     0.448    -0.064     -0.012
v17            vs v27              0.854    0.500     0.860    +0.354     -0.006
v17            vs v28              0.787    0.500     0.799    +0.287     -0.011
v17            vs v29              0.830    0.500     0.798    +0.330     +0.032
v17            vs v30              0.766    0.500     0.756    +0.266     +0.010
v17            vs v31              0.755    0.500     0.766    +0.255     -0.011
v17            vs v8               0.704    0.500     0.687    +0.204     +0.017
v17            vs v9               0.715    0.500     0.658    +0.215     +0.057
v18            vs v19              0.486    0.500     0.475    -0.014     +0.011
v18            vs v20              0.455    0.500     0.467    -0.045     -0.012
v18            vs v21              0.416    0.500     0.467    -0.084     -0.051
v18            vs v22              0.385    0.500     0.444    -0.115     -0.059
v18            vs v27              0.849    0.500     0.857    +0.349     -0.009
v18            vs v28              0.721    0.500     0.796    +0.221     -0.074
v18            vs v29              0.769    0.500     0.794    +0.269     -0.026
v18            vs v30              0.757    0.500     0.753    +0.257     +0.005
v18            vs v31              0.772    0.500     0.762    +0.272     +0.010
v18            vs v8               0.679    0.500     0.682    +0.179     -0.004
v18            vs v9               0.656    0.500     0.654    +0.156     +0.002
v19            vs v20              0.506    0.500     0.491    +0.006     +0.015
v19            vs v21              0.481    0.500     0.492    -0.019     -0.011
v19            vs v22              0.460    0.500     0.468    -0.040     -0.008
v19            vs v27              0.844    0.500     0.869    +0.344     -0.025
v19            vs v28              0.780    0.500     0.811    +0.280     -0.031
v19            vs v29              0.838    0.500     0.810    +0.338     +0.027
v19            vs v30              0.766    0.500     0.771    +0.266     -0.004
v19            vs v31              0.729    0.500     0.780    +0.229     -0.051
v19            vs v8               0.714    0.500     0.703    +0.214     +0.010
v19            vs v9               0.664    0.500     0.676    +0.164     -0.012
v20            vs v21              0.472    0.500     0.500    -0.028     -0.028
v20            vs v22              0.479    0.500     0.477    -0.021     +0.002
v20            vs v27              0.876    0.500     0.873    +0.376     +0.003
v20            vs v28              0.780    0.500     0.816    +0.280     -0.036
v20            vs v29              0.761    0.500     0.815    +0.261     -0.054
v20            vs v30              0.760    0.500     0.777    +0.260     -0.017
v20            vs v31              0.800    0.500     0.786    +0.300     +0.014
v20            vs v8               0.718    0.500     0.710    +0.218     +0.007
v20            vs v9               0.666    0.500     0.683    +0.166     -0.017
v21            vs v22              0.475    0.500     0.476    -0.025     -0.001
v21            vs v27              0.856    0.500     0.873    +0.356     -0.016
v21            vs v28              0.792    0.500     0.816    +0.292     -0.024
v21            vs v29              0.774    0.500     0.815    +0.274     -0.041
v21            vs v30              0.734    0.500     0.776    +0.234     -0.042
v21            vs v31              0.749    0.500     0.785    +0.249     -0.037
v21            vs v8               0.739    0.500     0.710    +0.239     +0.029
v21            vs v9               0.701    0.500     0.683    +0.201     +0.018
v22            vs v27              0.840    0.500     0.883    +0.340     -0.043
v22            vs v28              0.802    0.500     0.830    +0.302     -0.027
v22            vs v29              0.824    0.500     0.829    +0.324     -0.005
v22            vs v30              0.749    0.500     0.792    +0.249     -0.043
v22            vs v31              0.789    0.500     0.801    +0.289     -0.012
v22            vs v8               0.716    0.500     0.729    +0.216     -0.013
v22            vs v9               0.649    0.500     0.703    +0.149     -0.054
v27            vs v28              0.359    0.500     0.393    -0.141     -0.034
v27            vs v29              0.306    0.500     0.391    -0.194     -0.085
v27            vs v30              0.274    0.500     0.336    -0.226     -0.062
v27            vs v31              0.339    0.500     0.348    -0.161     -0.009
v27            vs v8               0.239    0.500     0.263    -0.261     -0.025
v27            vs v9               0.247    0.500     0.239    -0.253     +0.008
v28            vs v29              0.451    0.500     0.498    -0.049     -0.047
v28            vs v30              0.389    0.500     0.439    -0.111     -0.050
v28            vs v31              0.400    0.500     0.452    -0.100     -0.052
v28            vs v8               0.318    0.500     0.356    -0.182     -0.038
v28            vs v9               0.306    0.500     0.327    -0.194     -0.020
v29            vs v30              0.451    0.500     0.440    -0.049     +0.011
v29            vs v31              0.449    0.500     0.454    -0.051     -0.005
v29            vs v8               0.312    0.500     0.357    -0.188     -0.045
v29            vs v9               0.270    0.500     0.328    -0.230     -0.058
v30            vs v31              0.482    0.500     0.513    -0.018     -0.031
v30            vs v8               0.357    0.500     0.414    -0.143     -0.056
v30            vs v9               0.365    0.500     0.383    -0.135     -0.018
v31            vs v8               0.355    0.500     0.401    -0.145     -0.046
v31            vs v9               0.393    0.500     0.371    -0.107     +0.022
v8             vs v9               0.422    0.500     0.468    -0.078     -0.045
------------------------------------------------------------------------------------
                                              RMSE    0.2077     0.0317
  (bipartite RMSE >= combined RMSE → bipartite model not better fit)

Saved to results/elo_full_ladder.json
