=== ELO incremental placement: v261_sc ===
Exporting checkpoints to TorchScript ...
Loaded 4941 match results from SQL match_cache

Match schedule (36 total, 0 new, 36 reused from prior run):
  v55 vs v54  [reuse]
  v55 vs v44  [reuse]
  v55 vs v45  [reuse]
  v55 vs v14  [reuse]
  v55 vs v171_sc  [reuse]
  v55 vs v227_sc  [reuse]
  v55 vs v46  [reuse]
  v55 vs v261_sc  [reuse]
  v54 vs v44  [reuse]
  v54 vs v45  [reuse]
  v54 vs v14  [reuse]
  v54 vs v171_sc  [reuse]
  v54 vs v227_sc  [reuse]
  v54 vs v46  [reuse]
  v54 vs v261_sc  [reuse]
  v44 vs v45  [reuse]
  v44 vs v14  [reuse]
  v44 vs v171_sc  [reuse]
  v44 vs v227_sc  [reuse]
  v44 vs v46  [reuse]
  v44 vs v261_sc  [reuse]
  v45 vs v14  [reuse]
  v45 vs v171_sc  [reuse]
  v45 vs v227_sc  [reuse]
  v45 vs v46  [reuse]
  v45 vs v261_sc  [reuse]
  v14 vs v171_sc  [reuse]
  v14 vs v227_sc  [reuse]
  v14 vs v46  [reuse]
  v14 vs v261_sc  [reuse]
  v171_sc vs v227_sc  [reuse]
  v171_sc vs v46  [reuse]
  v171_sc vs v261_sc  [reuse]
  v227_sc vs v46  [reuse]
  v227_sc vs v261_sc  [reuse]
  v46 vs v261_sc  [reuse]
  [reuse] v55 209(115u/94s) - 181(102u/79s) v54  draws=10  WR=0.535
  [reuse] v55 201(119u/82s) - 178(110u/68s) v44  draws=21  WR=0.529
  [reuse] v55 206(136u/70s) - 180(123u/57s) v45  draws=14  WR=0.532
  [reuse] v55 255(150u/105s) - 128(88u/40s) v14  draws=17  WR=0.659
  [reuse] v55 169(92u/77s) - 29(23u/6s) v171_sc  draws=2  WR=0.850
  [reuse] v55 174(95u/79s) - 26(21u/5s) v227_sc  draws=0  WR=0.870
  [reuse] v55 201(114u/87s) - 184(107u/77s) v46  draws=15  WR=0.521
  [reuse] v55 8(4u/4s) - 192(96u/96s) v261_sc  draws=0  WR=0.040
  [reuse] v54 222(126u/96s) - 163(99u/64s) v44  draws=15  WR=0.574
  [reuse] v54 194(125u/69s) - 183(121u/62s) v45  draws=23  WR=0.514
  [reuse] v54 254(154u/100s) - 131(95u/36s) v14  draws=15  WR=0.654
  [reuse] v54 161(89u/72s) - 35(26u/9s) v171_sc  draws=4  WR=0.815
  [reuse] v54 168(92u/76s) - 32(24u/8s) v227_sc  draws=0  WR=0.840
  [reuse] v54 181(113u/68s) - 200(120u/80s) v46  draws=19  WR=0.476
  [reuse] v54 12(4u/8s) - 188(92u/96s) v261_sc  draws=0  WR=0.060
  [reuse] v44 194(130u/64s) - 192(130u/62s) v45  draws=14  WR=0.502
  [reuse] v44 239(147u/92s) - 147(100u/47s) v14  draws=14  WR=0.615
  [reuse] v44 179(97u/82s) - 20(17u/3s) v171_sc  draws=1  WR=0.897
  [reuse] v44 172(91u/81s) - 27(18u/9s) v227_sc  draws=1  WR=0.863
  [reuse] v44 190(102u/88s) - 190(101u/89s) v46  draws=20  WR=0.500
  [reuse] v44 8(2u/6s) - 192(94u/98s) v261_sc  draws=0  WR=0.040
  [reuse] v45 226(147u/79s) - 162(115u/47s) v14  draws=12  WR=0.580
  [reuse] v45 178(94u/84s) - 18(14u/4s) v171_sc  draws=4  WR=0.900
  [reuse] v45 170(93u/77s) - 28(23u/5s) v227_sc  draws=2  WR=0.855
  [reuse] v45 189(130u/59s) - 194(137u/57s) v46  draws=17  WR=0.494
  [reuse] v45 8(2u/6s) - 192(94u/98s) v261_sc  draws=0  WR=0.040
  [reuse] v14 170(89u/81s) - 28(18u/10s) v171_sc  draws=2  WR=0.855
  [reuse] v14 153(84u/69s) - 43(30u/13s) v227_sc  draws=4  WR=0.775
  [reuse] v14 139(97u/42s) - 246(151u/95s) v46  draws=15  WR=0.366
  [reuse] v14 9(5u/4s) - 191(96u/95s) v261_sc  draws=0  WR=0.045
  [reuse] v171_sc 19(8u/11s) - 181(89u/92s) v227_sc  draws=0  WR=0.095
  [reuse] v171_sc 17(9u/8s) - 182(91u/91s) v46  draws=1  WR=0.087
  [reuse] v171_sc 27(13u/14s) - 173(86u/87s) v261_sc  draws=0  WR=0.135
  [reuse] v227_sc 24(16u/8s) - 173(91u/82s) v46  draws=3  WR=0.128
  [reuse] v227_sc 97(45u/52s) - 101(47u/54s) v261_sc  draws=2  WR=0.490
  [reuse] v46 7(2u/5s) - 193(95u/98s) v261_sc  draws=0  WR=0.035

Fitting BayesElo (combined) ...
Fitting BayesElo (bipartite per-side, anchor=v14_USSR=2015.0) ...

Model                   Elo    USSR*      US*    Gap                95% CI   vs anchor
  (* bipartite per-side, single anchor: v14_USSR=2015)
----------------------------------------------------------------------------------------
v261_sc                2413   2287   2424  -137  [  2385,   2440]  +398
v55                    2118   2097   2024  +72  [  2103,   2132]  +103
v46                    2107   2077   2018  +59  [  2092,   2121]  +92
v54                    2105   2085   2010  +75  [  2091,   2120]  +90
v45                    2093   2120   1952  +168  [  2078,   2107]  +78
v44                    2092   2062   2002  +61  [  2077,   2106]  +77
v14                    2015   2015   1884  +131  [  2015,   2015]  +0
v227_sc                1900   1840   1829  +11  [  1879,   1921]  -115
v171_sc                1729   1690   1621  +69  [  1702,   1755]  -286

Pair                              Obs WR   Bip WR   Comb WR   Bip err   Comb err
------------------------------------------------------------------------------------
v55            vs v54              0.535    0.518     0.518    +0.017     +0.017
v55            vs v44              0.529    0.539     0.537    -0.010     -0.009
v55            vs v45              0.532    0.531     0.536    +0.001     -0.003
v55            vs v14              0.659    0.643     0.644    +0.016     +0.015
v55            vs v171_sc          0.850    0.906     0.904    -0.056     -0.054
v55            vs v227_sc          0.870    0.783     0.778    +0.087     +0.092
v55            vs v46              0.521    0.518     0.516    +0.004     +0.005
v55            vs v261_sc          0.040    0.156     0.155    -0.116     -0.115
v54            vs v44              0.574    0.521     0.520    +0.052     +0.054
v54            vs v45              0.514    0.515     0.518    -0.001     -0.004
v54            vs v14              0.654    0.627     0.627    +0.027     +0.027
v54            vs v171_sc          0.815    0.899     0.897    -0.084     -0.082
v54            vs v227_sc          0.840    0.770     0.766    +0.070     +0.074
v54            vs v46              0.476    0.500     0.498    -0.023     -0.022
v54            vs v261_sc          0.060    0.147     0.146    -0.087     -0.086
v44            vs v45              0.502    0.495     0.498    +0.007     +0.004
v44            vs v14              0.615    0.609     0.609    +0.006     +0.006
v44            vs v171_sc          0.897    0.892     0.890    +0.005     +0.008
v44            vs v227_sc          0.863    0.755     0.751    +0.107     +0.112
v44            vs v46              0.500    0.478     0.478    +0.022     +0.022
v44            vs v261_sc          0.040    0.137     0.136    -0.097     -0.096
v45            vs v14              0.580    0.603     0.610    -0.023     -0.030
v45            vs v171_sc          0.900    0.883     0.891    +0.017     +0.009
v45            vs v227_sc          0.855    0.749     0.752    +0.106     +0.103
v45            vs v46              0.494    0.485     0.480    +0.009     +0.014
v45            vs v261_sc          0.040    0.137     0.137    -0.097     -0.097
v14            vs v171_sc          0.855    0.830     0.839    +0.025     +0.016
v14            vs v227_sc          0.775    0.654     0.660    +0.121     +0.115
v14            vs v46              0.366    0.371     0.371    -0.005     -0.005
v14            vs v261_sc          0.045    0.088     0.092    -0.043     -0.047
v171_sc        vs v227_sc          0.095    0.265     0.272    -0.170     -0.177
v171_sc        vs v46              0.087    0.099     0.102    -0.012     -0.014
v171_sc        vs v261_sc          0.135    0.018     0.019    +0.117     +0.116
v227_sc        vs v46              0.128    0.229     0.233    -0.101     -0.106
v227_sc        vs v261_sc          0.490    0.050     0.050    +0.440     +0.440
v46            vs v261_sc          0.035    0.148     0.147    -0.113     -0.112
------------------------------------------------------------------------------------
                                              RMSE    0.1011     0.1014
  (bipartite RMSE < combined RMSE → bipartite model better fit)

Saved to results/logs/elo/elo_v261_sc_incremental.json
[sql] Tournament logged: incremental_20260414T172007Z_v14_v171_sc → results/metadata.sqlite3
[confirm] Merged $VERSION into results/elo/elo_full_ladder.json: elo=2413
[Tue Apr 14 10:28:46 2026]
Finished jobid: 0 (Rule: ppo_train_dynamic)
1 of 1 steps (100%) done
Complete log(s): /home/dkord/code/twilight-struggle-ai/.snakemake/log/2026-04-14T102000.824701.snakemake.log
