=== ELO incremental placement: v248_sc ===
Exporting checkpoints to TorchScript ...
Loaded 4688 match results from SQL match_cache

Match schedule (36 total, 0 new, 36 reused from prior run):
  v55 vs v54  [reuse]
  v55 vs v44  [reuse]
  v55 vs v45  [reuse]
  v55 vs v14  [reuse]
  v55 vs v230_sc  [reuse]
  v55 vs v245_sc  [reuse]
  v55 vs v46  [reuse]
  v55 vs v248_sc  [reuse]
  v54 vs v44  [reuse]
  v54 vs v45  [reuse]
  v54 vs v14  [reuse]
  v54 vs v230_sc  [reuse]
  v54 vs v245_sc  [reuse]
  v54 vs v46  [reuse]
  v54 vs v248_sc  [reuse]
  v44 vs v45  [reuse]
  v44 vs v14  [reuse]
  v44 vs v230_sc  [reuse]
  v44 vs v245_sc  [reuse]
  v44 vs v46  [reuse]
  v44 vs v248_sc  [reuse]
  v45 vs v14  [reuse]
  v45 vs v230_sc  [reuse]
  v45 vs v245_sc  [reuse]
  v45 vs v46  [reuse]
  v45 vs v248_sc  [reuse]
  v14 vs v230_sc  [reuse]
  v14 vs v245_sc  [reuse]
  v14 vs v46  [reuse]
  v14 vs v248_sc  [reuse]
  v230_sc vs v245_sc  [reuse]
  v230_sc vs v46  [reuse]
  v230_sc vs v248_sc  [reuse]
  v245_sc vs v46  [reuse]
  v245_sc vs v248_sc  [reuse]
  v46 vs v248_sc  [reuse]
  [reuse] v55 209(115u/94s) - 181(102u/79s) v54  draws=10  WR=0.535
  [reuse] v55 201(119u/82s) - 178(110u/68s) v44  draws=21  WR=0.529
  [reuse] v55 206(136u/70s) - 180(123u/57s) v45  draws=14  WR=0.532
  [reuse] v55 255(150u/105s) - 128(88u/40s) v14  draws=17  WR=0.659
  [reuse] v55 171(94u/77s) - 28(23u/5s) v230_sc  draws=1  WR=0.858
  [reuse] v55 175(91u/84s) - 24(16u/8s) v245_sc  draws=1  WR=0.877
  [reuse] v55 201(114u/87s) - 184(107u/77s) v46  draws=15  WR=0.521
  [reuse] v55 173(96u/77s) - 27(23u/4s) v248_sc  draws=0  WR=0.865
  [reuse] v54 222(126u/96s) - 163(99u/64s) v44  draws=15  WR=0.574
  [reuse] v54 194(125u/69s) - 183(121u/62s) v45  draws=23  WR=0.514
  [reuse] v54 254(154u/100s) - 131(95u/36s) v14  draws=15  WR=0.654
  [reuse] v54 175(92u/83s) - 25(17u/8s) v230_sc  draws=0  WR=0.875
  [reuse] v54 167(94u/73s) - 31(26u/5s) v245_sc  draws=2  WR=0.840
  [reuse] v54 181(113u/68s) - 200(120u/80s) v46  draws=19  WR=0.476
  [reuse] v54 164(89u/75s) - 33(25u/8s) v248_sc  draws=3  WR=0.828
  [reuse] v44 194(130u/64s) - 192(130u/62s) v45  draws=14  WR=0.502
  [reuse] v44 239(147u/92s) - 147(100u/47s) v14  draws=14  WR=0.615
  [reuse] v44 171(94u/77s) - 27(22u/5s) v230_sc  draws=2  WR=0.860
  [reuse] v44 164(91u/73s) - 36(27u/9s) v245_sc  draws=0  WR=0.820
  [reuse] v44 190(102u/88s) - 190(101u/89s) v46  draws=20  WR=0.500
  [reuse] v44 171(95u/76s) - 27(23u/4s) v248_sc  draws=2  WR=0.860
  [reuse] v45 226(147u/79s) - 162(115u/47s) v14  draws=12  WR=0.580
  [reuse] v45 172(89u/83s) - 25(15u/10s) v230_sc  draws=3  WR=0.868
  [reuse] v45 167(90u/77s) - 29(22u/7s) v245_sc  draws=4  WR=0.845
  [reuse] v45 189(130u/59s) - 194(137u/57s) v46  draws=17  WR=0.494
  [reuse] v45 171(93u/78s) - 28(21u/7s) v248_sc  draws=1  WR=0.858
  [reuse] v14 161(88u/73s) - 35(27u/8s) v230_sc  draws=4  WR=0.815
  [reuse] v14 165(86u/79s) - 27(18u/9s) v245_sc  draws=8  WR=0.845
  [reuse] v14 139(97u/42s) - 246(151u/95s) v46  draws=15  WR=0.366
  [reuse] v14 156(90u/66s) - 42(34u/8s) v248_sc  draws=2  WR=0.785
  [reuse] v230_sc 81(52u/29s) - 115(69u/46s) v245_sc  draws=4  WR=0.415
  [reuse] v230_sc 23(14u/9s) - 176(90u/86s) v46  draws=1  WR=0.117
  [reuse] v230_sc 75(40u/35s) - 121(63u/58s) v248_sc  draws=4  WR=0.385
  [reuse] v245_sc 22(13u/9s) - 177(90u/87s) v46  draws=1  WR=0.113
  [reuse] v245_sc 80(46u/34s) - 112(63u/49s) v248_sc  draws=8  WR=0.420
  [reuse] v46 167(87u/80s) - 28(20u/8s) v248_sc  draws=5  WR=0.848

Fitting BayesElo (combined) ...
Fitting BayesElo (bipartite per-side, anchor=v14_USSR=2015.0) ...

Model                   Elo    USSR*      US*    Gap                95% CI   vs anchor
  (* bipartite per-side, single anchor: v14_USSR=2015)
----------------------------------------------------------------------------------------
v55                    2121   2096   2028  +69  [  2106,   2136]  +106
v54                    2108   2086   2010  +76  [  2093,   2123]  +93
v46                    2108   2075   2019  +56  [  2093,   2123]  +93
v45                    2093   2116   1952  +164  [  2078,   2107]  +78
v44                    2089   2065   1991  +74  [  2075,   2104]  +74
v14                    2015   2015   1880  +135  [  2015,   2015]  +0
v248_sc                1808   1772   1689  +83  [  1787,   1829]  -207
v245_sc                1777   1737   1662  +75  [  1755,   1799]  -238
v230_sc                1748   1705   1634  +71  [  1725,   1770]  -267

Pair                              Obs WR   Bip WR   Comb WR   Bip err   Comb err
------------------------------------------------------------------------------------
v55            vs v54              0.535    0.519     0.519    +0.016     +0.016
v55            vs v44              0.529    0.547     0.546    -0.018     -0.017
v55            vs v45              0.532    0.536     0.541    -0.003     -0.009
v55            vs v14              0.659    0.647     0.648    +0.012     +0.010
v55            vs v230_sc          0.858    0.900     0.896    -0.043     -0.038
v55            vs v245_sc          0.877    0.883     0.879    -0.006     -0.001
v55            vs v46              0.521    0.521     0.519    +0.000     +0.002
v55            vs v248_sc          0.865    0.863     0.859    +0.002     +0.006
v54            vs v44              0.574    0.528     0.527    +0.046     +0.047
v54            vs v45              0.514    0.518     0.522    -0.004     -0.008
v54            vs v14              0.654    0.630     0.631    +0.024     +0.023
v54            vs v230_sc          0.875    0.892     0.888    -0.017     -0.013
v54            vs v245_sc          0.840    0.874     0.871    -0.034     -0.031
v54            vs v46              0.476    0.502     0.500    -0.025     -0.024
v54            vs v248_sc          0.828    0.853     0.849    -0.025     -0.022
v44            vs v45              0.502    0.492     0.496    +0.011     +0.007
v44            vs v14              0.615    0.604     0.606    +0.011     +0.009
v44            vs v230_sc          0.860    0.881     0.877    -0.021     -0.017
v44            vs v245_sc          0.820    0.861     0.858    -0.041     -0.038
v44            vs v46              0.500    0.473     0.473    +0.027     +0.027
v44            vs v248_sc          0.860    0.838     0.835    +0.022     +0.025
v45            vs v14              0.580    0.603     0.610    -0.023     -0.030
v45            vs v230_sc          0.868    0.874     0.879    -0.006     -0.012
v45            vs v245_sc          0.845    0.854     0.860    -0.009     -0.015
v45            vs v46              0.494    0.483     0.478    +0.011     +0.016
v45            vs v248_sc          0.858    0.830     0.837    +0.028     +0.020
v14            vs v230_sc          0.815    0.817     0.823    -0.002     -0.008
v14            vs v245_sc          0.845    0.790     0.797    +0.055     +0.048
v14            vs v46              0.366    0.370     0.369    -0.004     -0.003
v14            vs v248_sc          0.785    0.759     0.767    +0.026     +0.018
v230_sc        vs v245_sc          0.415    0.458     0.458    -0.043     -0.043
v230_sc        vs v46              0.117    0.107     0.112    +0.011     +0.006
v230_sc        vs v248_sc          0.385    0.416     0.414    -0.031     -0.029
v245_sc        vs v46              0.113    0.125     0.130    -0.012     -0.017
v245_sc        vs v248_sc          0.420    0.457     0.456    -0.037     -0.036
v46            vs v248_sc          0.848    0.854     0.849    -0.006     -0.002
------------------------------------------------------------------------------------
                                              RMSE    0.0244     0.0231
  (bipartite RMSE >= combined RMSE → bipartite model not better fit)

Saved to results/logs/elo/elo_v248_sc_incremental.json
[sql] Tournament logged: incremental_20260414T153000Z_v14_v230_sc → results/metadata.sqlite3
[confirm] Merged $VERSION into results/elo/elo_full_ladder.json: elo=1808
[Tue Apr 14 08:37:25 2026]
Finished jobid: 0 (Rule: ppo_train_dynamic)
1 of 1 steps (100%) done
Complete log(s): /home/dkord/code/twilight-struggle-ai/.snakemake/log/2026-04-14T082931.568304.snakemake.log
