=== ELO incremental placement: v190_sc ===
Exporting checkpoints to TorchScript ...
Loaded 3606 match results from SQL match_cache

Match schedule (36 total, 0 new, 36 reused from prior run):
  v55 vs v54  [reuse]
  v55 vs v44  [reuse]
  v55 vs v45  [reuse]
  v55 vs v14  [reuse]
  v55 vs v177_sc  [reuse]
  v55 vs v71_sc  [reuse]
  v55 vs v46  [reuse]
  v55 vs v190_sc  [reuse]
  v54 vs v44  [reuse]
  v54 vs v45  [reuse]
  v54 vs v14  [reuse]
  v54 vs v177_sc  [reuse]
  v54 vs v71_sc  [reuse]
  v54 vs v46  [reuse]
  v54 vs v190_sc  [reuse]
  v44 vs v45  [reuse]
  v44 vs v14  [reuse]
  v44 vs v177_sc  [reuse]
  v44 vs v71_sc  [reuse]
  v44 vs v46  [reuse]
  v44 vs v190_sc  [reuse]
  v45 vs v14  [reuse]
  v45 vs v177_sc  [reuse]
  v45 vs v71_sc  [reuse]
  v45 vs v46  [reuse]
  v45 vs v190_sc  [reuse]
  v14 vs v177_sc  [reuse]
  v14 vs v71_sc  [reuse]
  v14 vs v46  [reuse]
  v14 vs v190_sc  [reuse]
  v177_sc vs v71_sc  [reuse]
  v177_sc vs v46  [reuse]
  v177_sc vs v190_sc  [reuse]
  v71_sc vs v46  [reuse]
  v71_sc vs v190_sc  [reuse]
  v46 vs v190_sc  [reuse]
  [reuse] v55 209(115u/94s) - 181(102u/79s) v54  draws=10  WR=0.535
  [reuse] v55 201(119u/82s) - 178(110u/68s) v44  draws=21  WR=0.529
  [reuse] v55 206(136u/70s) - 180(123u/57s) v45  draws=14  WR=0.532
  [reuse] v55 255(150u/105s) - 128(88u/40s) v14  draws=17  WR=0.659
  [reuse] v55 184(94u/90s) - 13(10u/3s) v177_sc  draws=3  WR=0.927
  [reuse] v55 155(81u/74s) - 42(26u/16s) v71_sc  draws=3  WR=0.782
  [reuse] v55 201(114u/87s) - 184(107u/77s) v46  draws=15  WR=0.521
  [reuse] v55 185(95u/90s) - 15(10u/5s) v190_sc  draws=0  WR=0.925
  [reuse] v54 222(126u/96s) - 163(99u/64s) v44  draws=15  WR=0.574
  [reuse] v54 194(125u/69s) - 183(121u/62s) v45  draws=23  WR=0.514
  [reuse] v54 254(154u/100s) - 131(95u/36s) v14  draws=15  WR=0.654
  [reuse] v54 172(93u/79s) - 26(21u/5s) v177_sc  draws=2  WR=0.865
  [reuse] v54 145(74u/71s) - 49(28u/21s) v71_sc  draws=6  WR=0.740
  [reuse] v54 181(113u/68s) - 200(120u/80s) v46  draws=19  WR=0.476
  [reuse] v54 177(94u/83s) - 21(15u/6s) v190_sc  draws=2  WR=0.890
  [reuse] v44 194(130u/64s) - 192(130u/62s) v45  draws=14  WR=0.502
  [reuse] v44 239(147u/92s) - 147(100u/47s) v14  draws=14  WR=0.615
  [reuse] v44 172(88u/84s) - 25(16u/9s) v177_sc  draws=3  WR=0.868
  [reuse] v44 144(79u/65s) - 49(33u/16s) v71_sc  draws=7  WR=0.738
  [reuse] v44 190(102u/88s) - 190(101u/89s) v46  draws=20  WR=0.500
  [reuse] v44 182(97u/85s) - 17(15u/2s) v190_sc  draws=1  WR=0.912
  [reuse] v45 226(147u/79s) - 162(115u/47s) v14  draws=12  WR=0.580
  [reuse] v45 175(93u/82s) - 23(18u/5s) v177_sc  draws=2  WR=0.880
  [reuse] v45 132(73u/59s) - 59(36u/23s) v71_sc  draws=9  WR=0.682
  [reuse] v45 189(130u/59s) - 194(137u/57s) v46  draws=17  WR=0.494
  [reuse] v45 178(97u/81s) - 22(19u/3s) v190_sc  draws=0  WR=0.890
  [reuse] v14 168(88u/80s) - 30(20u/10s) v177_sc  draws=2  WR=0.845
  [reuse] v14 144(79u/65s) - 51(32u/19s) v71_sc  draws=5  WR=0.733
  [reuse] v14 139(97u/42s) - 246(151u/95s) v46  draws=15  WR=0.366
  [reuse] v14 175(94u/81s) - 21(15u/6s) v190_sc  draws=4  WR=0.885
  [reuse] v177_sc 50(20u/30s) - 145(67u/78s) v71_sc  draws=5  WR=0.263
  [reuse] v177_sc 16(11u/5s) - 183(94u/89s) v46  draws=1  WR=0.083
  [reuse] v177_sc 72(44u/28s) - 123(71u/52s) v190_sc  draws=5  WR=0.372
  [reuse] v71_sc 90(46u/44s) - 303(153u/150s) v46  draws=7  WR=0.234
  [reuse] v71_sc 143(80u/63s) - 49(32u/17s) v190_sc  draws=8  WR=0.735
  [reuse] v46 172(97u/75s) - 24(21u/3s) v190_sc  draws=4  WR=0.870

Fitting BayesElo (combined) ...
Fitting BayesElo (bipartite per-side, anchor=v14_USSR=2015.0) ...

Model                   Elo    USSR*      US*    Gap                95% CI   vs anchor
  (* bipartite per-side, single anchor: v14_USSR=2015)
----------------------------------------------------------------------------------------
v55                    2123   2095   2038  +57  [  2108,   2138]  +108
v54                    2105   2084   2013  +71  [  2091,   2120]  +90
v46                    2104   2079   2014  +65  [  2090,   2118]  +89
v44                    2088   2063   1996  +67  [  2074,   2103]  +73
v45                    2086   2119   1941  +178  [  2071,   2100]  +71
v14                    2015   2015   1887  +128  [  2015,   2015]  +0
v71_sc                 1897   1824   1843  -18  [  1878,   1916]  -118
v190_sc                1727   1710   1588  +122  [  1703,   1751]  -288
v177_sc                1700   1649   1608  +41  [  1676,   1725]  -315

Pair                              Obs WR   Bip WR   Comb WR   Bip err   Comb err
------------------------------------------------------------------------------------
v55            vs v54              0.535    0.525     0.525    +0.010     +0.010
v55            vs v44              0.529    0.551     0.550    -0.022     -0.021
v55            vs v45              0.532    0.547     0.553    -0.015     -0.021
v55            vs v14              0.659    0.651     0.650    +0.008     +0.008
v55            vs v177_sc          0.927    0.923     0.919    +0.004     +0.008
v55            vs v71_sc           0.782    0.792     0.786    -0.010     -0.003
v55            vs v46              0.521    0.529     0.527    -0.007     -0.006
v55            vs v190_sc          0.925    0.909     0.907    +0.016     +0.018
v54            vs v44              0.574    0.526     0.525    +0.048     +0.049
v54            vs v45              0.514    0.524     0.528    -0.010     -0.014
v54            vs v14              0.654    0.627     0.627    +0.027     +0.027
v54            vs v177_sc          0.865    0.915     0.911    -0.050     -0.046
v54            vs v71_sc           0.740    0.774     0.768    -0.034     -0.028
v54            vs v46              0.476    0.503     0.502    -0.027     -0.025
v54            vs v190_sc          0.890    0.899     0.898    -0.009     -0.008
v44            vs v45              0.502    0.500     0.504    +0.003     -0.001
v44            vs v14              0.615    0.604     0.604    +0.011     +0.011
v44            vs v177_sc          0.868    0.906     0.903    -0.039     -0.036
v44            vs v71_sc           0.738    0.755     0.750    -0.017     -0.013
v44            vs v46              0.500    0.477     0.477    +0.023     +0.023
v44            vs v190_sc          0.912    0.889     0.889    +0.024     +0.024
v45            vs v14              0.580    0.593     0.600    -0.013     -0.020
v45            vs v177_sc          0.880    0.896     0.902    -0.016     -0.022
v45            vs v71_sc           0.682    0.746     0.747    -0.064     -0.065
v45            vs v46              0.494    0.479     0.473    +0.015     +0.020
v45            vs v190_sc          0.890    0.873     0.888    +0.017     +0.002
v14            vs v177_sc          0.845    0.855     0.860    -0.010     -0.015
v14            vs v71_sc           0.733    0.659     0.663    +0.073     +0.069
v14            vs v46              0.366    0.376     0.374    -0.009     -0.008
v14            vs v190_sc          0.885    0.828     0.840    +0.057     +0.045
v177_sc        vs v71_sc           0.263    0.235     0.244    +0.027     +0.019
v177_sc        vs v46              0.083    0.086     0.089    -0.003     -0.007
v177_sc        vs v190_sc          0.372    0.473     0.462    -0.100     -0.089
v71_sc         vs v46              0.234    0.228     0.233    +0.006     +0.001
v71_sc         vs v190_sc          0.735    0.739     0.727    -0.004     +0.008
v46            vs v190_sc          0.870    0.898     0.898    -0.028     -0.028
------------------------------------------------------------------------------------
                                              RMSE    0.0322     0.0302
  (bipartite RMSE >= combined RMSE → bipartite model not better fit)

Saved to results/logs/elo/elo_v190_sc_incremental.json
[sql] Tournament logged: incremental_20260414T033830Z_v14_v177_sc → results/metadata.sqlite3
[confirm] Merged $VERSION into results/elo/elo_full_ladder.json: elo=1727
[Mon Apr 13 20:46:03 2026]
Finished jobid: 0 (Rule: ppo_train_dynamic)
1 of 1 steps (100%) done
Complete log(s): /home/dkord/code/twilight-struggle-ai/.snakemake/log/2026-04-13T203801.000720.snakemake.log
