Exporting checkpoints to TorchScript ...
  ppo_gnn_side_v14_iter0020: already TorchScript, using directly
  ppo_gnn_side_v14_iter0010: already TorchScript, using directly
Loaded 5440 match results from SQL match_cache

Match schedule (21 total, 6 new, 15 reused from prior run):
  ppo_gnn_side_v14_iter0020 vs ppo_gnn_side_v14_iter0010
  ppo_gnn_side_v14_iter0020 vs v56
  ppo_gnn_side_v14_iter0020 vs v54
  ppo_gnn_side_v14_iter0020 vs v44
  ppo_gnn_side_v14_iter0020 vs v20
  ppo_gnn_side_v14_iter0020 vs v55
  ppo_gnn_side_v14_iter0010 vs v56  [reuse]
  ppo_gnn_side_v14_iter0010 vs v54  [reuse]
  ppo_gnn_side_v14_iter0010 vs v44  [reuse]
  ppo_gnn_side_v14_iter0010 vs v20  [reuse]
  ppo_gnn_side_v14_iter0010 vs v55  [reuse]
  v56 vs v54  [reuse]
  v56 vs v44  [reuse]
  v56 vs v20  [reuse]
  v56 vs v55  [reuse]
  v54 vs v44  [reuse]
  v54 vs v20  [reuse]
  v54 vs v55  [reuse]
  v44 vs v20  [reuse]
  v44 vs v55  [reuse]
  v20 vs v55  [reuse]

[new 1/6] ppo_gnn_side_v14_iter0020 vs ppo_gnn_side_v14_iter0010 (150 games = 75/side, seed=88000) ...
  ppo_gnn_side_v14_iter0020: 81(64u/17s)  ppo_gnn_side_v14_iter0010: 66(57u/9s)  draws: 3  WR(ppo_gnn_side_v14_iter0020)=0.550  t=8.3s

[new 2/6] ppo_gnn_side_v14_iter0020 vs v56 (150 games = 75/side, seed=88150) ...
  ppo_gnn_side_v14_iter0020: 20(16u/4s)  v56: 130(71u/59s)  draws: 0  WR(ppo_gnn_side_v14_iter0020)=0.133  t=7.0s

[new 3/6] ppo_gnn_side_v14_iter0020 vs v54 (150 games = 75/side, seed=88300) ...
  ppo_gnn_side_v14_iter0020: 23(18u/5s)  v54: 127(70u/57s)  draws: 0  WR(ppo_gnn_side_v14_iter0020)=0.153  t=6.5s

[new 4/6] ppo_gnn_side_v14_iter0020 vs v44 (150 games = 75/side, seed=88450) ...
  ppo_gnn_side_v14_iter0020: 21(18u/3s)  v44: 126(70u/56s)  draws: 3  WR(ppo_gnn_side_v14_iter0020)=0.150  t=7.0s

[new 5/6] ppo_gnn_side_v14_iter0020 vs v20 (150 games = 75/side, seed=88600) ...
  ppo_gnn_side_v14_iter0020: 27(22u/5s)  v20: 121(69u/52s)  draws: 2  WR(ppo_gnn_side_v14_iter0020)=0.187  t=6.9s

[new 6/6] ppo_gnn_side_v14_iter0020 vs v55 (150 games = 75/side, seed=88750) ...
  ppo_gnn_side_v14_iter0020: 28(20u/8s)  v55: 118(66u/52s)  draws: 4  WR(ppo_gnn_side_v14_iter0020)=0.200  t=9.0s
  [reuse] ppo_gnn_side_v14_iter0010 21(14u/7s) - 128(68u/60s) v56  draws=1  WR=0.143
  [reuse] ppo_gnn_side_v14_iter0010 26(22u/4s) - 121(71u/50s) v54  draws=3  WR=0.183
  [reuse] ppo_gnn_side_v14_iter0010 27(21u/6s) - 122(69u/53s) v44  draws=1  WR=0.183
  [reuse] ppo_gnn_side_v14_iter0010 28(18u/10s) - 121(65u/56s) v20  draws=1  WR=0.190
  [reuse] ppo_gnn_side_v14_iter0010 39(35u/4s) - 110(70u/40s) v55  draws=1  WR=0.263
  [reuse] v56 240(152u/88s) - 249(155u/94s) v54  draws=11  WR=0.491
  [reuse] v56 243(157u/86s) - 243(158u/85s) v44  draws=14  WR=0.500
  [reuse] v56 247(159u/88s) - 245(159u/86s) v20  draws=8  WR=0.502
  [reuse] v56 246(162u/84s) - 246(160u/86s) v55  draws=8  WR=0.500
  [reuse] v54 222(126u/96s) - 163(99u/64s) v44  draws=15  WR=0.574
  [reuse] v54 196(128u/68s) - 184(123u/61s) v20  draws=20  WR=0.515
  [reuse] v54 229(149u/80s) - 268(169u/99s) v55  draws=3  WR=0.461
  [reuse] v44 213(134u/79s) - 169(111u/58s) v20  draws=18  WR=0.555
  [reuse] v44 238(149u/89s) - 252(158u/94s) v55  draws=10  WR=0.486
  [reuse] v20 255(150u/105s) - 237(141u/96s) v55  draws=8  WR=0.518

Fitting BayesElo (bipartite per-side, anchor=v56_USSR=1900.0) ...
Fitting BayesElo (combined, for residual comparison) ...

Model                  USSR      US    Gap   Comb*                95% CI   vs anchor
  (bipartite per-side = PRIMARY, anchor: v56_USSR=1900)
  (* combined = derived from P(win) = 0.5·P_ussr + 0.5·P_us)
----------------------------------------------------------------------------------------
v54                   1897   1809  +89    1905  [  1890,   1921]  +5
v56                   1900   1795  +105    1900  [  1900,   1900]  +0
v55                   1895   1796  +99    1899  [  1884,   1913]  -1
v44                   1882   1800  +82    1894  [  1879,   1910]  -6
v20                   1881   1794  +88    1891  [  1876,   1907]  -9
ppo_gnn_side_v14_iter0010  1649   1420  +230    1638  [  1604,   1660]  -262
ppo_gnn_side_v14_iter0020  1630   1436  +194    1627  [  1597,   1654]  -273

Pair                              Obs WR   Bip WR   Comb WR   Bip err   Comb err
------------------------------------------------------------------------------------
ppo_gnn_side_v14_iter0020 vs ppo_gnn_side_v14_iter0010   0.550    0.499     0.491    +0.051     +0.059
ppo_gnn_side_v14_iter0020 vs v56              0.133    0.172     0.171    -0.039     -0.038
ppo_gnn_side_v14_iter0020 vs v54              0.153    0.165     0.167    -0.011     -0.013
ppo_gnn_side_v14_iter0020 vs v44              0.150    0.172     0.175    -0.022     -0.025
ppo_gnn_side_v14_iter0020 vs v20              0.187    0.176     0.178    +0.010     +0.009
ppo_gnn_side_v14_iter0020 vs v55              0.200    0.172     0.172    +0.028     +0.028
ppo_gnn_side_v14_iter0010 vs v56              0.143    0.181     0.176    -0.037     -0.033
ppo_gnn_side_v14_iter0010 vs v54              0.183    0.173     0.172    +0.010     +0.011
ppo_gnn_side_v14_iter0010 vs v44              0.183    0.180     0.180    +0.003     +0.003
ppo_gnn_side_v14_iter0010 vs v20              0.190    0.185     0.184    +0.005     +0.006
ppo_gnn_side_v14_iter0010 vs v55              0.263    0.181     0.177    +0.083     +0.086
v56            vs v54              0.491    0.492     0.493    -0.001     -0.002
v56            vs v44              0.500    0.508     0.507    -0.008     -0.007
v56            vs v20              0.502    0.513     0.513    -0.011     -0.011
v56            vs v55              0.500    0.502     0.502    -0.002     -0.002
v54            vs v44              0.574    0.516     0.515    +0.058     +0.059
v54            vs v20              0.515    0.521     0.520    -0.006     -0.005
v54            vs v55              0.461    0.510     0.510    -0.049     -0.049
v44            vs v20              0.555    0.505     0.505    +0.050     +0.050
v44            vs v55              0.486    0.494     0.495    -0.008     -0.009
v20            vs v55              0.518    0.489     0.489    +0.029     +0.029
------------------------------------------------------------------------------------
                                              RMSE    0.0334     0.0342
  (bipartite RMSE < combined RMSE → bipartite model better fit)

Saved to results/ppo_gnn_side_v14/candidate_tournament.json
[sql] Tournament logged: round_robin_20260420T152118Z_ppo_gnn_side_v14_iter0010_ppo_gnn_side_v14_iter0020 → results/metadata.sqlite3

[candidate] Top-8 panel-eval candidates:
  iter 0020: avg_panel_wr=0.283  results/ppo_gnn_side_v14/ppo_iter0020_scripted.pt
  iter 0010: avg_panel_wr=0.200  results/ppo_gnn_side_v14/ppo_iter0010_scripted.pt
[candidate] Models in tournament: ['ppo_gnn_side_v14_iter0020:results/ppo_gnn_side_v14/ppo_iter0020_scripted.pt', 'ppo_gnn_side_v14_iter0010:results/ppo_gnn_side_v14/ppo_iter0010_scripted.pt', 'v56:data/checkpoints/scripted_for_elo/v56_scripted.pt', 'v54:data/checkpoints/scripted_for_elo/v54_scripted.pt', 'v44:data/checkpoints/scripted_for_elo/v44_scripted.pt', 'v20:data/checkpoints/scripted_for_elo/v20_scripted.pt', 'v55:data/checkpoints/scripted_for_elo/v55_scripted.pt']
[candidate] Games per matchup: 150, anchor: v56=1900.0
[candidate] Running: /home/dkord/code/twilight-struggle-ai/.venv/bin/python3 scripts/run_elo_tournament.py --models ppo_gnn_side_v14_iter0020:results/ppo_gnn_side_v14/ppo_iter0020_scripted.pt ppo_gnn_side_v14_iter0010:results/ppo_gnn_side_v14/ppo_iter0010_scripted.pt v56:data/checkpoints/scripted_for_elo/v56_scripted.pt v54:data/checkpoints/scripted_for_elo/v54_scripted.pt v44:data/checkpoints/scripted_for_elo/v44_scripted.pt v20:data/checkpoints/scripted_for_elo/v20_scripted.pt v55:data/checkpoints/scripted_for_elo/v55_scripted.pt --games 150 --anchor v56 --anchor-elo 1900.0 --schedule round_robin --out results/ppo_gnn_side_v14/candidate_tournament.json --script-dir data/checkpoints/scripted_for_elo

[candidate] Tournament results (candidates only):
  ppo_gnn_side_v14_iter0010: Elo=1637.5 ← WINNER
  ppo_gnn_side_v14_iter0020: Elo=1627.3
[candidate] ppo_best.pt ← results/ppo_gnn_side_v14/ppo_iter0010.pt
[candidate] ppo_best_scripted.pt ← results/ppo_gnn_side_v14/ppo_iter0010_scripted.pt

[candidate] Done. Winner: ppo_gnn_side_v14_iter0010 (Elo=1637.5)
[candidate] Full tournament results: results/ppo_gnn_side_v14/candidate_tournament.json
=== ELO incremental placement: gnn_side_v14 ===
Exporting checkpoints to TorchScript ...
Loaded 5446 match results from SQL match_cache

Match schedule (15 total, 0 new, 15 reused from prior run):
  v56 vs v54  [reuse]
  v56 vs v44  [reuse]
  v56 vs v20  [reuse]
  v56 vs v55  [reuse]
  v56 vs gnn_side_v14  [reuse]
  v54 vs v44  [reuse]
  v54 vs v20  [reuse]
  v54 vs v55  [reuse]
  v54 vs gnn_side_v14  [reuse]
  v44 vs v20  [reuse]
  v44 vs v55  [reuse]
  v44 vs gnn_side_v14  [reuse]
  v20 vs v55  [reuse]
  v20 vs gnn_side_v14  [reuse]
  v55 vs gnn_side_v14  [reuse]
  [reuse] v56 240(152u/88s) - 249(155u/94s) v54  draws=11  WR=0.491
  [reuse] v56 243(157u/86s) - 243(158u/85s) v44  draws=14  WR=0.500
  [reuse] v56 247(159u/88s) - 245(159u/86s) v20  draws=8  WR=0.502
  [reuse] v56 246(162u/84s) - 246(160u/86s) v55  draws=8  WR=0.500
  [reuse] v56 168(97u/71s) - 32(29u/3s) gnn_side_v14  draws=0  WR=0.840
  [reuse] v54 222(126u/96s) - 163(99u/64s) v44  draws=15  WR=0.574
  [reuse] v54 196(128u/68s) - 184(123u/61s) v20  draws=20  WR=0.515
  [reuse] v54 229(149u/80s) - 268(169u/99s) v55  draws=3  WR=0.461
  [reuse] v54 169(96u/73s) - 27(23u/4s) gnn_side_v14  draws=4  WR=0.855
  [reuse] v44 213(134u/79s) - 169(111u/58s) v20  draws=18  WR=0.555
  [reuse] v44 238(149u/89s) - 252(158u/94s) v55  draws=10  WR=0.486
  [reuse] v44 160(90u/70s) - 39(29u/10s) gnn_side_v14  draws=1  WR=0.802
  [reuse] v20 255(150u/105s) - 237(141u/96s) v55  draws=8  WR=0.518
  [reuse] v20 169(95u/74s) - 31(26u/5s) gnn_side_v14  draws=0  WR=0.845
  [reuse] v55 170(95u/75s) - 29(25u/4s) gnn_side_v14  draws=1  WR=0.853

Fitting BayesElo (bipartite per-side, anchor=v56_USSR=1900.0) ...
Fitting BayesElo (combined, for residual comparison) ...

Model                  USSR      US    Gap   Comb*                95% CI   vs anchor
  (bipartite per-side = PRIMARY, anchor: v56_USSR=1900)
  (* combined = derived from P(win) = 0.5·P_ussr + 0.5·P_us)
----------------------------------------------------------------------------------------
v54                   1892   1805  +87    1909  [  1893,   1925]  +9
v55                   1890   1802  +87    1906  [  1892,   1921]  +6
v56                   1900   1779  +121    1900  [  1900,   1900]  +0
v20                   1881   1787  +93    1895  [  1879,   1911]  -5
v44                   1873   1792  +80    1894  [  1879,   1910]  -6
gnn_side_v14          1617   1383  +234    1619  [  1582,   1641]  -281

Pair                              Obs WR   Bip WR   Comb WR   Bip err   Comb err
------------------------------------------------------------------------------------
v56            vs v54              0.491    0.487     0.487    +0.004     +0.004
v56            vs v44              0.500    0.509     0.508    -0.009     -0.008
v56            vs v20              0.502    0.507     0.507    -0.005     -0.005
v56            vs v55              0.500    0.491     0.491    +0.009     +0.009
v56            vs gnn_side_v14     0.840    0.834     0.840    +0.006     -0.000
v54            vs v44              0.574    0.522     0.521    +0.052     +0.053
v54            vs v20              0.515    0.520     0.520    -0.005     -0.005
v54            vs v55              0.461    0.504     0.503    -0.043     -0.042
v54            vs gnn_side_v14     0.855    0.848     0.847    +0.007     +0.008
v44            vs v20              0.555    0.498     0.499    +0.057     +0.056
v44            vs v55              0.486    0.482     0.483    +0.004     +0.003
v44            vs gnn_side_v14     0.802    0.838     0.836    -0.036     -0.033
v20            vs v55              0.518    0.484     0.484    +0.034     +0.034
v20            vs gnn_side_v14     0.845    0.836     0.837    +0.009     +0.008
v55            vs gnn_side_v14     0.853    0.846     0.845    +0.006     +0.007
------------------------------------------------------------------------------------
                                              RMSE    0.0266     0.0264
  (bipartite RMSE >= combined RMSE → bipartite model not better fit)

Saved to results/logs/elo/elo_gnn_side_v14_incremental.json
[sql] Tournament logged: incremental_20260420T152120Z_gnn_side_v14_v20 → results/metadata.sqlite3
[confirm] Merged $VERSION into results/elo/elo_full_ladder.json: elo=1619
Done. gnn_side_v14: elo=1619 elo_ussr=1617 elo_us=1383
