wandb: [wandb.login()] Loaded credentials for https://api.wandb.ai from WANDB_API_KEY.
wandb: Currently logged in as: dkorduban (korduban-ai) to https://api.wandb.ai. Use `wandb login --relogin` to force relogin
wandb: setting up run a4d1aaaf
wandb: Tracking run with wandb version 0.25.1
wandb: Run data is saved locally in /home/dkord/code/twilight-struggle-ai/wandb/run-20260419_225606-a4d1aaaf
wandb: Run `wandb offline` to turn off syncing.
wandb: Syncing run ppo_country_attn_v6
wandb: ⭐️ View project at https://wandb.ai/korduban-ai/twilight-struggle-ai
wandb: 🚀 View run at https://wandb.ai/korduban-ai/twilight-struggle-ai/runs/a4d1aaaf
Loading checkpoint: data/checkpoints/ppo_v56_league/ppo_best_6mode.pt
  [load_model] partial warm-start scalar_encoder.weight: torch.Size([64, 74]) → torch.Size([64, 82])
  --reset-optimizer: skipping optimizer state restore, starting fresh Adam.
  EMA enabled: decay=0.995

Starting PPO training: 80 iterations × 200 games/iter, side=both
Device: cuda, lr=5e-05, clip=0.12, ent=0.01, vf=0.5
League training enabled (pool: results/ppo_country_attn_v6, save-every=10)
  Saved to league pool: results/ppo_country_attn_v6/iter_0001.pt
  [league] self: self | ussr_pool: ['v56_scripted', 'v44_scripted'] | us_pool: ['iter_0001', 'iter_0001']
  [diag] inf dtype=torch.float32 shape=torch.Size([2048, 172]) nan=0 inf_vals=0 range=[0.00,56.00]
  [diag] scalar dtype=torch.float32 nan=0 range=[-0.950,1.150]
  [diag] card_logits nan=0 range=[-16.64,13.21]
  [diag] values nan=0 range=[-0.9183,0.8788]
[iter   1/80] steps=12192 rollout_wr=0.510 (ussr=0.650 us=0.370 panel=0.592) pl=-0.0121 vl=0.1637 ent=3.609 clip=0.310 kl=0.0119 ep=4/4 t=51.9s (rollout=46.6s update=5.3s)
  [league] self: self | ussr_pool: ['iter_0001', 'v55_scripted'] | us_pool: ['heuristic', 'heuristic']
  [pfsp]
    [ussr] iter_0001: WR=?(n=0) pfsp=1.000 (< MIN_GAMES)
    [ussr] v55_scripted: WR=?(n=0) pfsp=1.000 (< MIN_GAMES)
    [us] heuristic: WR=?(n=0) pfsp=1.000 (< MIN_GAMES)
  [diag] inf dtype=torch.float32 shape=torch.Size([2048, 172]) nan=0 inf_vals=0 range=[0.00,43.00]
  [diag] scalar dtype=torch.float32 nan=0 range=[-1.100,1.200]
  [diag] card_logits nan=0 range=[-17.70,12.05]
  [diag] values nan=0 range=[-0.9504,0.9246]
[iter   2/80] steps=12416 rollout_wr=0.330 (ussr=0.510 us=0.150 panel=0.263) pl=-0.0200 vl=0.1628 ent=3.652 clip=0.224 kl=0.0076 t=56.8s (rollout=52.5s update=4.3s)
  [league] self: self | ussr_pool: ['heuristic', 'v44_scripted'] | us_pool: ['v44_scripted', 'iter_0001']
  [pfsp]
    [ussr] heuristic: WR=?(n=0) pfsp=1.000 (< MIN_GAMES)
    [ussr] v44_scripted: WR=0.57(n=40) sym=0.978 ucb=0.182 → pfsp=1.159
    [us] v44_scripted: WR=?(n=0) pfsp=1.000 (< MIN_GAMES)
    [us] iter_0001: WR=0.39(n=80) sym=0.949 ucb=0.129 → pfsp=1.078
  [diag] inf dtype=torch.float32 shape=torch.Size([2048, 172]) nan=0 inf_vals=0 range=[0.00,54.00]
  [diag] scalar dtype=torch.float32 nan=0 range=[-0.900,1.200]
  [diag] card_logits nan=0 range=[-18.21,13.28]
  [diag] values nan=0 range=[-0.9781,0.8405]
[iter   3/80] steps=12180 rollout_wr=0.420 (ussr=0.560 us=0.280 panel=0.469) pl=-0.0123 vl=0.1644 ent=3.557 clip=0.200 kl=0.0068 t=54.9s (rollout=50.6s update=4.3s)
  [league] self: self | ussr_pool: ['v44_scripted', 'v54_scripted'] | us_pool: ['v55_scripted', 'v54_scripted']
  [pfsp]
    [ussr] v44_scripted: WR=0.60(n=80) sym=0.960 ucb=0.134 → pfsp=1.094
    [ussr] v54_scripted: WR=?(n=0) pfsp=1.000 (< MIN_GAMES)
    [us] v55_scripted: WR=?(n=0) pfsp=1.000 (< MIN_GAMES)
    [us] v54_scripted: WR=?(n=0) pfsp=1.000 (< MIN_GAMES)
  [diag] inf dtype=torch.float32 shape=torch.Size([2048, 172]) nan=0 inf_vals=0 range=[0.00,62.00]
  [diag] scalar dtype=torch.float32 nan=0 range=[-0.950,1.200]
  [diag] card_logits nan=0 range=[-17.73,13.36]
  [diag] values nan=0 range=[-0.9855,0.8110]
[iter   4/80] steps=12516 rollout_wr=0.430 (ussr=0.600 us=0.260 panel=0.430) pl=-0.0141 vl=0.1503 ent=3.498 clip=0.204 kl=0.0064 t=46.2s (rollout=42.2s update=4.0s)
  [league] self: self | ussr_pool: ['ppo_best_scripted', 'v54_scripted'] | us_pool: ['v54_scripted', 'iter_0001']
  [pfsp]
    [ussr] ppo_best_scripted: WR=?(n=0) pfsp=1.000 (< MIN_GAMES)
    [ussr] v54_scripted: WR=0.57(n=40) sym=0.978 ucb=0.194 → pfsp=1.171
    [us] v54_scripted: WR=0.20(n=40) sym=0.640 ucb=0.194 → pfsp=0.834
    [us] iter_0001: WR=0.33(n=120) sym=0.889 ucb=0.112 → pfsp=1.001
  [diag] inf dtype=torch.float32 shape=torch.Size([2048, 172]) nan=0 inf_vals=0 range=[0.00,55.00]
  [diag] scalar dtype=torch.float32 nan=0 range=[-1.000,1.050]
  [diag] card_logits nan=0 range=[-20.30,13.22]
  [diag] values nan=0 range=[-0.9882,0.8856]
[iter   5/80] steps=12214 rollout_wr=0.410 (ussr=0.510 us=0.310 panel=0.475) pl=-0.0154 vl=0.1440 ent=3.542 clip=0.174 kl=0.0052 t=53.0s (rollout=49.0s update=4.0s)
  [league] self: self | ussr_pool: ['ppo_best_scripted', 'v56_scripted'] | us_pool: ['v55_scripted', 'v54_scripted']
  [pfsp]
    [ussr] ppo_best_scripted: WR=0.50(n=40) sym=1.000 ucb=0.197 → pfsp=1.197
    [ussr] v56_scripted: WR=0.68(n=40) sym=0.877 ucb=0.197 → pfsp=1.075
    [us] v55_scripted: WR=0.25(n=40) sym=0.750 ucb=0.197 → pfsp=0.947
    [us] v54_scripted: WR=0.33(n=80) sym=0.878 ucb=0.139 → pfsp=1.017
  [diag] inf dtype=torch.float32 shape=torch.Size([2048, 172]) nan=0 inf_vals=0 range=[0.00,56.00]
  [diag] scalar dtype=torch.float32 nan=0 range=[-1.050,1.000]
  [diag] card_logits nan=0 range=[-18.16,12.98]
  [diag] values nan=0 range=[-0.9856,0.9732]
[iter   6/80] steps=12666 rollout_wr=0.485 (ussr=0.610 us=0.360 panel=0.485) pl=-0.0191 vl=0.1417 ent=3.472 clip=0.192 kl=0.0056 t=54.0s (rollout=49.9s update=4.0s)
  [league] self: self | ussr_pool: ['heuristic', 'iter_0001'] | us_pool: ['v56_scripted', 'ppo_best_scripted']
  [pfsp]
    [ussr] heuristic: WR=0.38(n=40) sym=0.938 ucb=0.200 → pfsp=1.137
    [ussr] iter_0001: WR=0.60(n=40) sym=0.960 ucb=0.200 → pfsp=1.160
    [us] v56_scripted: WR=?(n=0) pfsp=1.000 (< MIN_GAMES)
    [us] ppo_best_scripted: WR=?(n=0) pfsp=1.000 (< MIN_GAMES)
  [diag] inf dtype=torch.float32 shape=torch.Size([2048, 172]) nan=0 inf_vals=0 range=[0.00,76.00]
  [diag] scalar dtype=torch.float32 nan=0 range=[-1.000,1.150]
  [diag] card_logits nan=0 range=[-18.81,11.82]
  [diag] values nan=0 range=[-0.9838,0.9830]
[iter   7/80] steps=12948 rollout_wr=0.405 (ussr=0.480 us=0.330 panel=0.362) pl=-0.0196 vl=0.1655 ent=3.510 clip=0.207 kl=0.0064 t=51.8s (rollout=46.8s update=5.0s)
  [league] self: self | ussr_pool: ['iter_0001', 'iter_0001'] | us_pool: ['v44_scripted', 'heuristic']
  [pfsp]
    [ussr] iter_0001: WR=0.59(n=80) sym=0.969 ucb=0.143 → pfsp=1.112
    [us] v44_scripted: WR=0.35(n=40) sym=0.910 ucb=0.202 → pfsp=1.112
    [us] heuristic: WR=0.12(n=80) sym=0.438 ucb=0.143 → pfsp=0.581
  [diag] inf dtype=torch.float32 shape=torch.Size([2048, 172]) nan=0 inf_vals=0 range=[0.00,52.00]
  [diag] scalar dtype=torch.float32 nan=0 range=[-0.950,1.150]
  [diag] card_logits nan=0 range=[-19.09,14.40]
  [diag] values nan=0 range=[-0.9849,0.9150]
[iter   8/80] steps=12283 rollout_wr=0.420 (ussr=0.610 us=0.230 panel=0.283) pl=-0.0172 vl=0.1523 ent=3.496 clip=0.180 kl=0.0051 t=68.6s (rollout=64.7s update=3.9s)
  [league] self: self | ussr_pool: ['v44_scripted', 'iter_0001'] | us_pool: ['v54_scripted', 'iter_0001']
  [pfsp]
    [ussr] v44_scripted: WR=0.57(n=120) sym=0.978 ucb=0.118 → pfsp=1.096
    [ussr] iter_0001: WR=0.61(n=160) sym=0.955 ucb=0.102 → pfsp=1.057
    [us] v54_scripted: WR=0.35(n=120) sym=0.910 ucb=0.118 → pfsp=1.028
    [us] iter_0001: WR=0.29(n=160) sym=0.819 ucb=0.102 → pfsp=0.922
  [diag] inf dtype=torch.float32 shape=torch.Size([2048, 172]) nan=0 inf_vals=0 range=[0.00,60.00]
  [diag] scalar dtype=torch.float32 nan=0 range=[-1.200,1.150]
  [diag] card_logits nan=0 range=[-18.78,12.98]
  [diag] values nan=0 range=[-0.9906,0.9319]
[iter   9/80] steps=12297 rollout_wr=0.495 (ussr=0.680 us=0.310 panel=0.483) pl=-0.0472 vl=0.1496 ent=3.473 clip=0.183 kl=0.0057 t=65.5s (rollout=61.0s update=4.5s)
  Saved to league pool: results/ppo_country_attn_v6/iter_0010.pt
  [league] self: self | ussr_pool: ['v44_scripted', 'ppo_best_scripted'] | us_pool: ['v20_scripted', 'heuristic']
  [pfsp]
    [ussr] v44_scripted: WR=0.58(n=160) sym=0.974 ucb=0.103 → pfsp=1.077
    [ussr] ppo_best_scripted: WR=0.56(n=80) sym=0.984 ucb=0.146 → pfsp=1.130
    [us] v20_scripted: WR=?(n=0) pfsp=1.000 (< MIN_GAMES)
    [us] heuristic: WR=0.11(n=120) sym=0.386 ucb=0.119 → pfsp=0.505
  [diag] inf dtype=torch.float32 shape=torch.Size([2048, 172]) nan=0 inf_vals=0 range=[0.00,48.00]
  [diag] scalar dtype=torch.float32 nan=0 range=[-1.000,1.000]
  [diag] card_logits nan=0 range=[-18.87,13.04]
  [diag] values nan=0 range=[-0.9813,0.9421]
[iter  10/80] steps=12490 rollout_wr=0.405 (ussr=0.590 us=0.220 panel=0.405) pl=-0.0145 vl=0.1335 ent=3.533 clip=0.196 kl=0.0057 t=63.1s (rollout=59.0s update=4.1s)
  [jsd] iter=10 vs_bc: card_jsd=0.0389 top1=0.793 val_mae=0.2572 (early=0.0247 mid=0.0407 late=0.0514)
  [league] self: self | ussr_pool: ['iter_0010', 'ppo_best_scripted'] | us_pool: ['heuristic', 'v20_scripted']
  [pfsp]
    [ussr] iter_0010: WR=?(n=0) pfsp=1.000 (< MIN_GAMES)
    [ussr] ppo_best_scripted: WR=0.56(n=120) sym=0.986 ucb=0.120 → pfsp=1.106
    [us] heuristic: WR=0.11(n=160) sym=0.380 ucb=0.104 → pfsp=0.484
    [us] v20_scripted: WR=0.33(n=40) sym=0.878 ucb=0.208 → pfsp=1.085
  [diag] inf dtype=torch.float32 shape=torch.Size([2048, 172]) nan=0 inf_vals=0 range=[0.00,48.00]
  [diag] scalar dtype=torch.float32 nan=0 range=[-1.050,1.100]
  [diag] card_logits nan=0 range=[-18.70,12.98]
  [diag] values nan=0 range=[-0.9835,0.9357]
[iter  11/80] steps=11773 rollout_wr=0.335 (ussr=0.540 us=0.130 panel=0.263) pl=-0.0175 vl=0.1308 ent=3.555 clip=0.165 kl=0.0055 t=56.6s (rollout=52.6s update=4.0s)
  [league] self: self | ussr_pool: ['v55_scripted', 'iter_0001'] | us_pool: ['v44_scripted', 'ppo_best_scripted']
  [pfsp]
    [ussr] v55_scripted: WR=0.35(n=40) sym=0.910 ucb=0.209 → pfsp=1.119
    [ussr] iter_0001: WR=0.62(n=200) sym=0.938 ucb=0.094 → pfsp=1.031
    [us] v44_scripted: WR=0.34(n=80) sym=0.894 ucb=0.148 → pfsp=1.042
    [us] ppo_best_scripted: WR=0.28(n=40) sym=0.797 ucb=0.209 → pfsp=1.007
  [diag] inf dtype=torch.float32 shape=torch.Size([2048, 172]) nan=0 inf_vals=0 range=[0.00,74.00]
  [diag] scalar dtype=torch.float32 nan=0 range=[-0.950,1.200]
  [diag] card_logits nan=0 range=[-18.42,13.52]
  [diag] values nan=0 range=[-0.9900,0.9148]
[iter  12/80] steps=12298 rollout_wr=0.520 (ussr=0.680 us=0.360 panel=0.469) pl=-0.0243 vl=0.1647 ent=3.415 clip=0.196 kl=0.0063 t=62.3s (rollout=58.2s update=4.1s)
  [league] self: self | ussr_pool: ['heuristic', 'v20_scripted'] | us_pool: ['iter_0001', 'ppo_best_scripted']
  [pfsp]
    [ussr] heuristic: WR=0.35(n=80) sym=0.910 ucb=0.149 → pfsp=1.059
    [ussr] v20_scripted: WR=?(n=0) pfsp=1.000 (< MIN_GAMES)
    [us] iter_0001: WR=0.29(n=200) sym=0.832 ucb=0.094 → pfsp=0.926
    [us] ppo_best_scripted: WR=0.34(n=80) sym=0.894 ucb=0.149 → pfsp=1.043
  [diag] inf dtype=torch.float32 shape=torch.Size([2048, 172]) nan=0 inf_vals=0 range=[0.00,57.00]
  [diag] scalar dtype=torch.float32 nan=0 range=[-1.100,1.450]
  [diag] card_logits nan=0 range=[-20.34,13.39]
  [diag] values nan=0 range=[-0.9843,0.8803]
[iter  13/80] steps=12565 rollout_wr=0.415 (ussr=0.580 us=0.250 panel=0.469) pl=-0.0146 vl=0.1293 ent=3.487 clip=0.188 kl=0.0052 t=64.5s (rollout=60.3s update=4.1s)
  [league] self: self | ussr_pool: ['iter_0010', 'v56_scripted'] | us_pool: ['iter_0010', 'ppo_best_scripted']
  [pfsp]
    [ussr] iter_0010: WR=0.62(n=40) sym=0.938 ucb=0.212 → pfsp=1.149
    [ussr] v56_scripted: WR=0.61(n=80) sym=0.949 ucb=0.150 → pfsp=1.099
    [us] iter_0010: WR=?(n=0) pfsp=1.000 (< MIN_GAMES)
    [us] ppo_best_scripted: WR=0.33(n=120) sym=0.889 ucb=0.122 → pfsp=1.011
  [diag] inf dtype=torch.float32 shape=torch.Size([2048, 172]) nan=0 inf_vals=0 range=[0.00,44.00]
  [diag] scalar dtype=torch.float32 nan=0 range=[-1.050,1.000]
  [diag] card_logits nan=0 range=[-20.40,13.56]
  [diag] values nan=0 range=[-0.9831,0.9709]
[iter  14/80] steps=12622 rollout_wr=0.500 (ussr=0.680 us=0.320 panel=0.500) pl=-0.0194 vl=0.1394 ent=3.496 clip=0.202 kl=0.0061 t=85.5s (rollout=81.3s update=4.2s)
  [league] self: self | ussr_pool: ['iter_0001', 'v55_scripted'] | us_pool: ['ppo_best_scripted', 'v54_scripted']
  [pfsp]
    [ussr] iter_0001: WR=0.64(n=240) sym=0.920 ucb=0.087 → pfsp=1.007
    [ussr] v55_scripted: WR=0.46(n=80) sym=0.994 ucb=0.150 → pfsp=1.145
    [us] ppo_best_scripted: WR=0.33(n=160) sym=0.878 ucb=0.106 → pfsp=0.984
    [us] v54_scripted: WR=0.36(n=160) sym=0.924 ucb=0.106 → pfsp=1.031
  [diag] inf dtype=torch.float32 shape=torch.Size([2048, 172]) nan=0 inf_vals=0 range=[0.00,38.00]
  [diag] scalar dtype=torch.float32 nan=0 range=[-0.900,1.100]
  [diag] card_logits nan=0 range=[-20.55,13.76]
  [diag] values nan=0 range=[-0.9647,0.9391]
[iter  15/80] steps=12510 rollout_wr=0.525 (ussr=0.730 us=0.320 panel=0.481) pl=-0.0196 vl=0.1363 ent=3.501 clip=0.232 kl=0.0086 t=70.0s (rollout=65.8s update=4.2s)
  [league] self: self | ussr_pool: ['iter_0001', 'v55_scripted'] | us_pool: ['ppo_best_scripted', 'v56_scripted']
  [pfsp]
    [ussr] iter_0001: WR=0.65(n=280) sym=0.910 ucb=0.081 → pfsp=0.991
    [ussr] v55_scripted: WR=0.54(n=120) sym=0.993 ucb=0.123 → pfsp=1.116
    [us] ppo_best_scripted: WR=0.32(n=200) sym=0.863 ucb=0.096 → pfsp=0.959
    [us] v56_scripted: WR=0.45(n=40) sym=0.990 ucb=0.214 → pfsp=1.204
  [diag] inf dtype=torch.float32 shape=torch.Size([2048, 172]) nan=0 inf_vals=0 range=[0.00,50.00]
  [diag] scalar dtype=torch.float32 nan=0 range=[-1.050,1.150]
  [diag] card_logits nan=0 range=[-19.63,12.81]
  [diag] values nan=0 range=[-0.9847,0.9273]
[iter  16/80] steps=12412 rollout_wr=0.515 (ussr=0.690 us=0.340 panel=0.450) pl=-0.0079 vl=0.1373 ent=3.461 clip=0.187 kl=0.0056 t=60.6s (rollout=56.2s update=4.4s)
  [league] self: self | ussr_pool: ['iter_0001', 'v54_scripted'] | us_pool: ['v44_scripted', 'heuristic']
  [pfsp]
    [ussr] iter_0001: WR=0.67(n=320) sym=0.890 ucb=0.076 → pfsp=0.966
    [ussr] v54_scripted: WR=0.55(n=80) sym=0.990 ucb=0.152 → pfsp=1.142
    [us] v44_scripted: WR=0.34(n=120) sym=0.900 ucb=0.124 → pfsp=1.024
    [us] heuristic: WR=0.10(n=200) sym=0.376 ucb=0.096 → pfsp=0.472
  [diag] inf dtype=torch.float32 shape=torch.Size([2048, 172]) nan=0 inf_vals=0 range=[0.00,56.00]
  [diag] scalar dtype=torch.float32 nan=0 range=[-1.000,1.050]
  [diag] card_logits nan=0 range=[-21.56,12.91]
  [diag] values nan=0 range=[-0.9804,0.9281]
[iter  17/80] steps=12266 rollout_wr=0.505 (ussr=0.740 us=0.270 panel=0.444) pl=-0.0222 vl=0.1336 ent=3.584 clip=0.200 kl=0.0065 t=57.6s (rollout=53.5s update=4.2s)
  [league] self: self | ussr_pool: ['iter_0001', 'iter_0010'] | us_pool: ['v20_scripted', 'iter_0001']
  [pfsp]
    [ussr] iter_0001: WR=0.68(n=360) sym=0.877 ucb=0.072 → pfsp=0.949
    [ussr] iter_0010: WR=0.65(n=80) sym=0.910 ucb=0.152 → pfsp=1.062
    [us] v20_scripted: WR=0.25(n=80) sym=0.750 ucb=0.152 → pfsp=0.902
    [us] iter_0001: WR=0.28(n=240) sym=0.805 ucb=0.088 → pfsp=0.893
  [diag] inf dtype=torch.float32 shape=torch.Size([2048, 172]) nan=0 inf_vals=0 range=[0.00,42.00]
  [diag] scalar dtype=torch.float32 nan=0 range=[-0.900,1.150]
  [diag] card_logits nan=0 range=[-21.17,13.75]
  [diag] values nan=0 range=[-0.9798,0.9281]
[iter  18/80] steps=12021 rollout_wr=0.535 (ussr=0.760 us=0.310 panel=0.400) pl=-0.0207 vl=0.1398 ent=3.575 clip=0.195 kl=0.0062 t=61.0s (rollout=57.1s update=4.0s)
  [league] self: self | ussr_pool: ['iter_0010', 'v20_scripted'] | us_pool: ['v56_scripted', 'ppo_best_scripted']
  [pfsp]
    [ussr] iter_0010: WR=0.68(n=120) sym=0.877 ucb=0.125 → pfsp=1.002
    [ussr] v20_scripted: WR=0.60(n=40) sym=0.960 ucb=0.216 → pfsp=1.176
    [us] v56_scripted: WR=0.34(n=80) sym=0.894 ucb=0.153 → pfsp=1.047
    [us] ppo_best_scripted: WR=0.33(n=240) sym=0.889 ucb=0.088 → pfsp=0.977
  [diag] inf dtype=torch.float32 shape=torch.Size([2048, 172]) nan=0 inf_vals=0 range=[0.00,84.00]
  [diag] scalar dtype=torch.float32 nan=0 range=[-1.050,1.100]
  [diag] card_logits nan=0 range=[-18.96,13.28]
  [diag] values nan=0 range=[-0.9764,0.9362]
[iter  19/80] steps=12176 rollout_wr=0.480 (ussr=0.690 us=0.270 panel=0.419) pl=-0.0211 vl=0.1424 ent=3.583 clip=0.196 kl=0.0060 t=57.8s (rollout=53.9s update=3.9s)
  Saved to league pool: results/ppo_country_attn_v6/iter_0020.pt
  [league] self: self | ussr_pool: ['iter_0020', 'v44_scripted'] | us_pool: ['v20_scripted', 'ppo_best_scripted']
  [pfsp]
    [ussr] iter_0020: WR=?(n=0) pfsp=1.000 (< MIN_GAMES)
    [ussr] v44_scripted: WR=0.58(n=200) sym=0.971 ucb=0.097 → pfsp=1.068
    [us] v20_scripted: WR=0.24(n=120) sym=0.733 ucb=0.125 → pfsp=0.858
    [us] ppo_best_scripted: WR=0.33(n=280) sym=0.882 ucb=0.082 → pfsp=0.965
  [pfsp pool dump iter=20] N_ussr=2000 N_us=2000
    [ussr] heuristic            (fix) WR=0.392 n= 120 sym=0.953 ucb=0.126 → w=1.079
    [us] heuristic            (fix) WR=0.121 n= 240 sym=0.425 ucb=0.089 → w=0.514
    [ussr] iter_0001            (self) WR=0.685 n= 400 sym=0.863 ucb=0.069 → w=0.932
    [us] iter_0001            (self) WR=0.293 n= 280 sym=0.828 ucb=0.082 → w=0.911
    [ussr] iter_0010            (self) WR=0.688 n= 160 sym=0.859 ucb=0.109 → w=0.968
    [us] iter_0010            (self) WR=0.325 n=  40 sym=0.878 ucb=0.218 → w=1.095
    [ussr] iter_0020            (self) WR=0.700 n=  40 sym=0.840 ucb=0.218 → w=1.058
    [us] iter_0020            (self) WR=?     n=   0 → w=1.000 (warmup)
    [ussr] ppo_best_scripted    (fix) WR=0.531 n= 160 sym=0.996 ucb=0.109 → w=1.105
    [us] ppo_best_scripted    (fix) WR=0.328 n= 320 sym=0.882 ucb=0.077 → w=0.959
    [ussr] v20_scripted         (fix) WR=0.637 n=  80 sym=0.924 ucb=0.154 → w=1.078
    [us] v20_scripted         (fix) WR=0.263 n= 160 sym=0.774 ucb=0.109 → w=0.883
    [ussr] v44_scripted         (fix) WR=0.579 n= 240 sym=0.975 ucb=0.089 → w=1.064
    [us] v44_scripted         (fix) WR=0.331 n= 160 sym=0.886 ucb=0.109 → w=0.995
    [ussr] v54_scripted         (fix) WR=0.625 n= 120 sym=0.938 ucb=0.126 → w=1.063
    [us] v54_scripted         (fix) WR=0.370 n= 200 sym=0.932 ucb=0.097 → w=1.030
    [ussr] v55_scripted         (fix) WR=0.562 n= 160 sym=0.984 ucb=0.109 → w=1.093
    [us] v55_scripted         (fix) WR=0.287 n=  80 sym=0.819 ucb=0.154 → w=0.973
    [ussr] v56_scripted         (fix) WR=0.642 n= 120 sym=0.920 ucb=0.126 → w=1.046
    [us] v56_scripted         (fix) WR=0.300 n= 120 sym=0.840 ucb=0.126 → w=0.966
  [diag] inf dtype=torch.float32 shape=torch.Size([2048, 172]) nan=0 inf_vals=0 range=[0.00,52.00]
  [diag] scalar dtype=torch.float32 nan=0 range=[-0.800,1.150]
  [diag] card_logits nan=0 range=[-21.54,14.10]
  [diag] values nan=0 range=[-0.9746,0.9278]
[iter  20/80] steps=12850 rollout_wr=0.500 (ussr=0.640 us=0.360 panel=0.450) pl=-0.0198 vl=0.1455 ent=3.502 clip=0.193 kl=0.0055 t=51.7s (rollout=47.7s update=4.0s)
  [jsd] iter=20 prev_iter=10 card_jsd=0.0100 top1=0.880 val_mae=0.0802
  [jsd] iter=20 vs_bc: card_jsd=0.0505 top1=0.743 val_mae=0.1969 (early=0.0360 mid=0.0539 late=0.0615)
  [confirm] launched incremental Elo check for iter 20
  [panel eval] launched pid=803815 iter=20 panel=['v56', 'v55', 'v54', 'v44', 'v20', 'ppo_best', 'ppo_best', 'heuristic']
  [league] self: self | ussr_pool: ['iter_0020', 'iter_0001'] | us_pool: ['v44_scripted', 'v55_scripted']
  [pfsp]
    [ussr] iter_0020: WR=0.70(n=40) sym=0.840 ucb=0.218 → pfsp=1.058
    [ussr] iter_0001: WR=0.69(n=400) sym=0.863 ucb=0.069 → pfsp=0.932
    [us] v44_scripted: WR=0.33(n=160) sym=0.886 ucb=0.109 → pfsp=0.995
    [us] v55_scripted: WR=0.29(n=80) sym=0.819 ucb=0.154 → pfsp=0.973
  [diag] inf dtype=torch.float32 shape=torch.Size([2048, 172]) nan=0 inf_vals=0 range=[0.00,47.00]
  [diag] scalar dtype=torch.float32 nan=0 range=[-1.250,1.000]
  [diag] card_logits nan=0 range=[-19.71,12.41]
  [diag] values nan=0 range=[-0.9611,0.8858]
[iter  21/80] steps=13040 rollout_wr=0.550 (ussr=0.700 us=0.400 panel=0.467) pl=-0.0176 vl=0.1471 ent=3.496 clip=0.202 kl=0.0063 t=1240.6s (rollout=1235.9s update=4.7s)
  [league] self: self | ussr_pool: ['iter_0020', 'iter_0010'] | us_pool: ['ppo_best_scripted', 'iter_0010']
  [pfsp]
    [ussr] iter_0020: WR=0.65(n=80) sym=0.910 ucb=0.155 → pfsp=1.065
    [ussr] iter_0010: WR=0.69(n=160) sym=0.859 ucb=0.109 → pfsp=0.969
    [us] ppo_best_scripted: WR=0.33(n=320) sym=0.882 ucb=0.077 → pfsp=0.959
    [us] iter_0010: WR=0.33(n=40) sym=0.878 ucb=0.219 → pfsp=1.096
  [diag] inf dtype=torch.float32 shape=torch.Size([2048, 172]) nan=0 inf_vals=0 range=[0.00,58.00]
  [diag] scalar dtype=torch.float32 nan=0 range=[-0.900,1.000]
  [diag] card_logits nan=0 range=[-20.74,12.25]
  [diag] values nan=0 range=[-0.9580,0.7884]
[iter  22/80] steps=12654 rollout_wr=0.555 (ussr=0.790 us=0.320 panel=0.375) pl=-0.0147 vl=0.1319 ent=3.512 clip=0.236 kl=0.0071 t=841.8s (rollout=837.8s update=4.0s)
  [panel eval iter 20] avg=0.483 elapsed=2084s: v56=0.500 | v55=0.433 | v54=0.500 | v44=0.533 | v20=0.550 | ppo_ussr_only_v5=0.417 | ppo_us_only_v5=0.483 | heuristic=0.450
  [panel eval] NEW HIGH-WATER MARK iter=20 avg_wr=0.4833 → ppo_running_best.pt (provenance: ppo_iter0020.pt)
  [league] self: self | ussr_pool: ['heuristic', 'iter_0001'] | us_pool: ['v20_scripted', 'v54_scripted']
  [pfsp]
    [ussr] heuristic: WR=0.39(n=120) sym=0.953 ucb=0.127 → pfsp=1.080
    [ussr] iter_0001: WR=0.69(n=440) sym=0.854 ucb=0.066 → pfsp=0.920
    [us] v20_scripted: WR=0.26(n=160) sym=0.774 ucb=0.110 → pfsp=0.884
    [us] v54_scripted: WR=0.37(n=200) sym=0.932 ucb=0.098 → pfsp=1.030
wandb: WARNING Tried to log to step 20 that is less than the current step 21. Steps must be monotonically increasing, so this data will be ignored. See https://wandb.me/define-metric to log data out of order.
  [diag] inf dtype=torch.float32 shape=torch.Size([2048, 172]) nan=0 inf_vals=0 range=[0.00,56.00]
  [diag] scalar dtype=torch.float32 nan=0 range=[-0.950,1.100]
  [diag] card_logits nan=0 range=[-21.56,13.51]
  [diag] values nan=0 range=[-0.9836,0.8926]
[iter  23/80] steps=12576 rollout_wr=0.495 (ussr=0.610 us=0.380 panel=0.431) pl=-0.0156 vl=0.1485 ent=3.568 clip=0.185 kl=0.0050 t=34.6s (rollout=30.8s update=3.8s)
  [league] self: self | ussr_pool: ['heuristic', 'v55_scripted'] | us_pool: ['v56_scripted', 'ppo_best_scripted']
  [pfsp]
    [ussr] heuristic: WR=0.41(n=160) sym=0.965 ucb=0.110 → pfsp=1.075
    [ussr] v55_scripted: WR=0.56(n=160) sym=0.984 ucb=0.110 → pfsp=1.094
    [us] v56_scripted: WR=0.30(n=120) sym=0.840 ucb=0.127 → pfsp=0.967
    [us] ppo_best_scripted: WR=0.31(n=360) sym=0.857 ucb=0.073 → pfsp=0.931
  [diag] inf dtype=torch.float32 shape=torch.Size([2048, 172]) nan=0 inf_vals=0 range=[0.00,62.00]
  [diag] scalar dtype=torch.float32 nan=0 range=[-1.100,1.200]
  [diag] card_logits nan=0 range=[-20.71,13.78]
  [diag] values nan=0 range=[-0.9711,0.8901]
[iter  24/80] steps=12238 rollout_wr=0.435 (ussr=0.600 us=0.270 panel=0.435) pl=-0.0199 vl=0.1411 ent=3.553 clip=0.187 kl=0.0052 t=34.9s (rollout=31.3s update=3.6s)
  [league] self: self | ussr_pool: ['v56_scripted', 'iter_0020'] | us_pool: ['iter_0020', 'iter_0010']
  [pfsp]
    [ussr] v56_scripted: WR=0.64(n=120) sym=0.920 ucb=0.127 → pfsp=1.047
    [ussr] iter_0020: WR=0.66(n=120) sym=0.900 ucb=0.127 → pfsp=1.027
    [us] iter_0020: WR=?(n=0) pfsp=1.000 (< MIN_GAMES)
    [us] iter_0010: WR=0.40(n=80) sym=0.960 ucb=0.156 → pfsp=1.116
  [diag] inf dtype=torch.float32 shape=torch.Size([2048, 172]) nan=0 inf_vals=0 range=[0.00,39.00]
  [diag] scalar dtype=torch.float32 nan=0 range=[-0.950,1.050]
  [diag] card_logits nan=0 range=[-20.65,13.99]
  [diag] values nan=0 range=[-0.9836,0.9211]
[iter  25/80] steps=12575 rollout_wr=0.495 (ussr=0.690 us=0.300 panel=0.550) pl=-0.0235 vl=0.1379 ent=3.531 clip=0.215 kl=0.0070 t=35.9s (rollout=32.0s update=4.0s)
  [league] self: self | ussr_pool: ['v56_scripted', 'iter_0001'] | us_pool: ['iter_0020', 'v20_scripted']
  [pfsp]
    [ussr] v56_scripted: WR=0.64(n=160) sym=0.924 ucb=0.111 → pfsp=1.035
    [ussr] iter_0001: WR=0.70(n=480) sym=0.847 ucb=0.064 → pfsp=0.910
    [us] iter_0020: WR=0.33(n=40) sym=0.878 ucb=0.221 → pfsp=1.099
    [us] v20_scripted: WR=0.28(n=200) sym=0.815 ucb=0.099 → pfsp=0.914
  [diag] inf dtype=torch.float32 shape=torch.Size([2048, 172]) nan=0 inf_vals=0 range=[0.00,53.00]
  [diag] scalar dtype=torch.float32 nan=0 range=[-0.950,1.000]
  [diag] card_logits nan=0 range=[-20.15,14.01]
  [diag] values nan=0 range=[-0.9735,0.9046]
[iter  26/80] steps=12423 rollout_wr=0.480 (ussr=0.690 us=0.270 panel=0.450) pl=-0.0097 vl=0.1427 ent=3.585 clip=0.215 kl=0.0068 t=36.0s (rollout=32.1s update=3.9s)
  [league] self: self | ussr_pool: ['heuristic', 'iter_0001'] | us_pool: ['v55_scripted', 'v44_scripted']
  [pfsp]
    [ussr] heuristic: WR=0.41(n=200) sym=0.964 ucb=0.099 → pfsp=1.063
    [ussr] iter_0001: WR=0.71(n=520) sym=0.827 ucb=0.061 → pfsp=0.889
    [us] v55_scripted: WR=0.32(n=120) sym=0.866 ucb=0.128 → pfsp=0.994
    [us] v44_scripted: WR=0.36(n=200) sym=0.922 ucb=0.099 → pfsp=1.021
  [diag] inf dtype=torch.float32 shape=torch.Size([2048, 172]) nan=0 inf_vals=0 range=[0.00,52.00]
  [diag] scalar dtype=torch.float32 nan=0 range=[-1.050,1.250]
  [diag] card_logits nan=0 range=[-22.24,14.33]
  [diag] values nan=0 range=[-0.9691,0.9397]
[iter  27/80] steps=12121 rollout_wr=0.440 (ussr=0.590 us=0.290 panel=0.362) pl=-0.0181 vl=0.1399 ent=3.549 clip=0.162 kl=0.0044 t=34.3s (rollout=30.5s update=3.8s)
  [league] self: self | ussr_pool: ['v44_scripted', 'v20_scripted'] | us_pool: ['heuristic', 'v44_scripted']
  [pfsp]
    [ussr] v44_scripted: WR=0.58(n=240) sym=0.975 ucb=0.091 → pfsp=1.066
    [ussr] v20_scripted: WR=0.64(n=80) sym=0.924 ucb=0.157 → pfsp=1.082
    [us] heuristic: WR=0.12(n=240) sym=0.425 ucb=0.091 → pfsp=0.516
    [us] v44_scripted: WR=0.36(n=240) sym=0.920 ucb=0.091 → pfsp=1.010
  [diag] inf dtype=torch.float32 shape=torch.Size([2048, 172]) nan=0 inf_vals=0 range=[0.00,41.00]
  [diag] scalar dtype=torch.float32 nan=0 range=[-0.950,1.050]
  [diag] card_logits nan=0 range=[-22.00,13.08]
  [diag] values nan=0 range=[-0.9822,0.9041]
[iter  28/80] steps=12056 rollout_wr=0.410 (ussr=0.580 us=0.240 panel=0.410) pl=-0.0187 vl=0.1705 ent=3.661 clip=0.201 kl=0.0063 t=31.7s (rollout=28.0s update=3.6s)
  [league] self: self | ussr_pool: ['v20_scripted', 'iter_0001'] | us_pool: ['v54_scripted', 'iter_0001']
  [pfsp]
    [ussr] v20_scripted: WR=0.63(n=120) sym=0.929 ucb=0.129 → pfsp=1.057
    [ussr] iter_0001: WR=0.71(n=560) sym=0.822 ucb=0.060 → pfsp=0.882
    [us] v54_scripted: WR=0.37(n=240) sym=0.933 ucb=0.091 → pfsp=1.024
    [us] iter_0001: WR=0.29(n=280) sym=0.828 ucb=0.084 → pfsp=0.913
  [diag] inf dtype=torch.float32 shape=torch.Size([2048, 172]) nan=0 inf_vals=0 range=[0.00,50.00]
  [diag] scalar dtype=torch.float32 nan=0 range=[-1.050,1.000]
  [diag] card_logits nan=0 range=[-23.38,14.12]
  [diag] values nan=0 range=[-0.9739,0.8491]
[iter  29/80] steps=12174 rollout_wr=0.515 (ussr=0.680 us=0.350 panel=0.508) pl=-0.0198 vl=0.1387 ent=3.585 clip=0.186 kl=0.0055 t=33.1s (rollout=29.6s update=3.6s)
  Saved to league pool: results/ppo_country_attn_v6/iter_0030.pt
  [league] self: self | ussr_pool: ['iter_0030', 'v44_scripted'] | us_pool: ['v44_scripted', 'ppo_best_scripted']
  [pfsp]
    [ussr] iter_0030: WR=?(n=0) pfsp=1.000 (< MIN_GAMES)
    [ussr] v44_scripted: WR=0.56(n=280) sym=0.983 ucb=0.084 → pfsp=1.068
    [us] v44_scripted: WR=0.36(n=280) sym=0.922 ucb=0.084 → pfsp=1.007
    [us] ppo_best_scripted: WR=0.30(n=400) sym=0.840 ucb=0.071 → pfsp=0.911
  [diag] inf dtype=torch.float32 shape=torch.Size([2048, 172]) nan=0 inf_vals=0 range=[0.00,61.00]
  [diag] scalar dtype=torch.float32 nan=0 range=[-0.950,1.100]
  [diag] card_logits nan=0 range=[-20.98,12.60]
  [diag] values nan=0 range=[-0.9384,0.8903]
[iter  30/80] steps=12710 rollout_wr=0.475 (ussr=0.650 us=0.300 panel=0.425) pl=-0.0167 vl=0.1391 ent=3.523 clip=0.188 kl=0.0054 t=36.4s (rollout=32.5s update=3.9s)
  [jsd] iter=30 prev_iter=20 card_jsd=0.0090 top1=0.897 val_mae=0.0841
  [jsd] iter=30 vs_bc: card_jsd=0.0577 top1=0.744 val_mae=0.2470 (early=0.0420 mid=0.0641 late=0.0670)
  [league] self: self | ussr_pool: ['iter_0001', 'ppo_best_scripted'] | us_pool: ['iter_0010', 'v54_scripted']
  [pfsp]
    [ussr] iter_0001: WR=0.71(n=600) sym=0.829 ucb=0.058 → pfsp=0.887
    [ussr] ppo_best_scripted: WR=0.53(n=160) sym=0.996 ucb=0.112 → pfsp=1.108
    [us] iter_0010: WR=0.36(n=120) sym=0.920 ucb=0.129 → pfsp=1.049
    [us] v54_scripted: WR=0.36(n=280) sym=0.926 ucb=0.085 → pfsp=1.011
  [diag] inf dtype=torch.float32 shape=torch.Size([2048, 172]) nan=0 inf_vals=0 range=[0.00,56.00]
  [diag] scalar dtype=torch.float32 nan=0 range=[-1.000,1.200]
  [diag] card_logits nan=0 range=[-22.92,12.46]
  [diag] values nan=0 range=[-0.9518,0.8678]
[iter  31/80] steps=12029 rollout_wr=0.510 (ussr=0.730 us=0.290 panel=0.508) pl=-0.0191 vl=0.1378 ent=3.543 clip=0.181 kl=0.0053 t=36.3s (rollout=32.5s update=3.7s)
  [league] self: self | ussr_pool: ['iter_0020', 'iter_0030'] | us_pool: ['ppo_best_scripted', 'heuristic']
  [pfsp]
    [ussr] iter_0020: WR=0.69(n=160) sym=0.859 ucb=0.112 → pfsp=0.971
    [ussr] iter_0030: WR=0.68(n=40) sym=0.877 ucb=0.224 → pfsp=1.102
    [us] ppo_best_scripted: WR=0.30(n=440) sym=0.847 ucb=0.068 → pfsp=0.915
    [us] heuristic: WR=0.11(n=280) sym=0.394 ucb=0.085 → pfsp=0.479
  [diag] inf dtype=torch.float32 shape=torch.Size([2048, 172]) nan=0 inf_vals=0 range=[0.00,61.00]
  [diag] scalar dtype=torch.float32 nan=0 range=[-0.900,1.050]
  [diag] card_logits nan=0 range=[-22.60,13.50]
  [diag] values nan=0 range=[-0.9815,0.8974]
[iter  32/80] steps=11599 rollout_wr=0.455 (ussr=0.680 us=0.230 panel=0.292) pl=-0.0230 vl=0.1335 ent=3.644 clip=0.242 kl=0.0091 t=35.7s (rollout=32.0s update=3.6s)
  [league] self: self | ussr_pool: ['v56_scripted', 'v20_scripted'] | us_pool: ['iter_0030', 'iter_0001']
  [pfsp]
    [ussr] v56_scripted: WR=0.61(n=200) sym=0.952 ucb=0.100 → pfsp=1.052
    [ussr] v20_scripted: WR=0.66(n=160) sym=0.894 ucb=0.112 → pfsp=1.007
    [us] iter_0030: WR=?(n=0) pfsp=1.000 (< MIN_GAMES)
    [us] iter_0001: WR=0.31(n=320) sym=0.850 ucb=0.079 → pfsp=0.929
  [diag] inf dtype=torch.float32 shape=torch.Size([2048, 172]) nan=0 inf_vals=0 range=[0.00,44.00]
  [diag] scalar dtype=torch.float32 nan=0 range=[-0.950,1.350]
  [diag] card_logits nan=0 range=[-23.70,12.57]
  [diag] values nan=0 range=[-0.9773,0.9496]
[iter  33/80] steps=13301 rollout_wr=0.430 (ussr=0.590 us=0.270 panel=0.542) pl=-0.0201 vl=0.1305 ent=3.524 clip=0.191 kl=0.0059 t=36.8s (rollout=32.7s update=4.0s)
  [league] self: self | ussr_pool: ['heuristic', 'iter_0010'] | us_pool: ['iter_0030', 'iter_0030']
  [pfsp]
    [ussr] heuristic: WR=0.41(n=240) sym=0.966 ucb=0.092 → pfsp=1.058
    [ussr] iter_0010: WR=0.72(n=200) sym=0.797 ucb=0.101 → pfsp=0.898
    [us] iter_0030: WR=0.25(n=40) sym=0.750 ucb=0.225 → pfsp=0.975
  [diag] inf dtype=torch.float32 shape=torch.Size([2048, 172]) nan=0 inf_vals=0 range=[0.00,61.00]
  [diag] scalar dtype=torch.float32 nan=0 range=[-0.950,1.200]
  [diag] card_logits nan=0 range=[-22.93,12.86]
  [diag] values nan=0 range=[-0.9738,0.9344]
[iter  34/80] steps=12183 rollout_wr=0.445 (ussr=0.570 us=0.320 panel=0.450) pl=-0.0189 vl=0.1414 ent=3.562 clip=0.176 kl=0.0056 t=36.3s (rollout=32.6s update=3.7s)
  [league] self: self | ussr_pool: ['v55_scripted', 'heuristic'] | us_pool: ['iter_0001', 'v20_scripted']
  [pfsp]
    [ussr] v55_scripted: WR=0.60(n=200) sym=0.956 ucb=0.101 → pfsp=1.057
    [ussr] heuristic: WR=0.40(n=280) sym=0.957 ucb=0.085 → pfsp=1.042
    [us] iter_0001: WR=0.30(n=360) sym=0.844 ucb=0.075 → pfsp=0.920
    [us] v20_scripted: WR=0.29(n=240) sym=0.826 ucb=0.092 → pfsp=0.918
  [diag] inf dtype=torch.float32 shape=torch.Size([2048, 172]) nan=0 inf_vals=0 range=[0.00,45.00]
  [diag] scalar dtype=torch.float32 nan=0 range=[-0.950,1.100]
  [diag] card_logits nan=0 range=[-21.87,12.88]
  [diag] values nan=0 range=[-0.9790,0.9521]
[iter  35/80] steps=11993 rollout_wr=0.390 (ussr=0.530 us=0.250 panel=0.438) pl=-0.0216 vl=0.1358 ent=3.627 clip=0.178 kl=0.0049 t=34.8s (rollout=31.3s update=3.6s)
  [league] self: self | ussr_pool: ['iter_0001', 'iter_0030'] | us_pool: ['iter_0010', 'iter_0001']
  [pfsp]
    [ussr] iter_0001: WR=0.71(n=640) sym=0.822 ucb=0.056 → pfsp=0.878
    [ussr] iter_0030: WR=0.71(n=80) sym=0.819 ucb=0.160 → pfsp=0.979
    [us] iter_0010: WR=0.33(n=160) sym=0.886 ucb=0.113 → pfsp=0.999
    [us] iter_0001: WR=0.29(n=400) sym=0.828 ucb=0.071 → pfsp=0.899
  [diag] inf dtype=torch.float32 shape=torch.Size([2048, 172]) nan=0 inf_vals=0 range=[0.00,52.00]
  [diag] scalar dtype=torch.float32 nan=0 range=[-0.950,1.000]
  [diag] card_logits nan=0 range=[-21.83,13.28]
  [diag] values nan=0 range=[-0.9698,0.9471]
[iter  36/80] steps=12494 rollout_wr=0.445 (ussr=0.580 us=0.310 panel=0.375) pl=-0.0216 vl=0.1496 ent=3.483 clip=0.213 kl=0.0068 t=40.6s (rollout=36.7s update=3.9s)
  [league] self: self | ussr_pool: ['iter_0001', 'iter_0010'] | us_pool: ['iter_0010', 'iter_0010']
  [pfsp]
    [ussr] iter_0001: WR=0.71(n=680) sym=0.818 ucb=0.055 → pfsp=0.873
    [ussr] iter_0010: WR=0.72(n=240) sym=0.805 ucb=0.092 → pfsp=0.897
    [us] iter_0010: WR=0.30(n=200) sym=0.848 ucb=0.101 → pfsp=0.949
  [diag] inf dtype=torch.float32 shape=torch.Size([2048, 172]) nan=0 inf_vals=0 range=[0.00,43.00]
  [diag] scalar dtype=torch.float32 nan=0 range=[-0.950,1.050]
  [diag] card_logits nan=0 range=[-22.89,13.17]
  [diag] values nan=0 range=[-0.9571,0.9557]
[iter  37/80] steps=12246 rollout_wr=0.515 (ussr=0.680 us=0.350 panel=0.525) pl=-0.0185 vl=0.1397 ent=3.520 clip=0.194 kl=0.0058 t=38.1s (rollout=34.2s update=3.8s)
  [league] self: self | ussr_pool: ['v20_scripted', 'iter_0001'] | us_pool: ['v54_scripted', 'v54_scripted']
  [pfsp]
    [ussr] v20_scripted: WR=0.65(n=200) sym=0.910 ucb=0.101 → pfsp=1.011
    [ussr] iter_0001: WR=0.70(n=720) sym=0.833 ucb=0.053 → pfsp=0.887
    [us] v54_scripted: WR=0.37(n=320) sym=0.928 ucb=0.080 → pfsp=1.008
  [diag] inf dtype=torch.float32 shape=torch.Size([2048, 172]) nan=0 inf_vals=0 range=[0.00,51.00]
  [diag] scalar dtype=torch.float32 nan=0 range=[-1.250,1.400]
  [diag] card_logits nan=0 range=[-21.88,12.40]
  [diag] values nan=0 range=[-0.9618,0.9505]
[iter  38/80] steps=11997 rollout_wr=0.525 (ussr=0.690 us=0.360 panel=0.481) pl=-0.0230 vl=0.1441 ent=3.563 clip=0.209 kl=0.0064 t=34.9s (rollout=31.3s update=3.7s)
  [league] self: self | ussr_pool: ['iter_0001', 'iter_0010'] | us_pool: ['heuristic', 'iter_0010']
  [pfsp]
    [ussr] iter_0001: WR=0.70(n=760) sym=0.834 ucb=0.052 → pfsp=0.886
    [ussr] iter_0010: WR=0.73(n=280) sym=0.791 ucb=0.086 → pfsp=0.877
    [us] heuristic: WR=0.11(n=320) sym=0.390 ucb=0.080 → pfsp=0.470
    [us] iter_0010: WR=0.32(n=280) sym=0.872 ucb=0.086 → pfsp=0.958
  [diag] inf dtype=torch.float32 shape=torch.Size([2048, 172]) nan=0 inf_vals=0 range=[0.00,47.00]
  [diag] scalar dtype=torch.float32 nan=0 range=[-1.050,1.150]
  [diag] card_logits nan=0 range=[-22.54,12.40]
  [diag] values nan=0 range=[-0.9735,0.9566]
[iter  39/80] steps=11809 rollout_wr=0.520 (ussr=0.670 us=0.370 panel=0.362) pl=-0.0219 vl=0.1422 ent=3.569 clip=0.238 kl=0.0102 ep=4/4 t=41.3s (rollout=37.6s update=3.7s)
  Saved to league pool: results/ppo_country_attn_v6/iter_0040.pt
  [league] self: self | ussr_pool: ['v20_scripted', 'iter_0020'] | us_pool: ['v20_scripted', 'iter_0010']
  [pfsp]
    [ussr] v20_scripted: WR=0.65(n=240) sym=0.905 ucb=0.093 → pfsp=0.998
    [ussr] iter_0020: WR=0.68(n=200) sym=0.870 ucb=0.102 → pfsp=0.972
    [us] v20_scripted: WR=0.29(n=280) sym=0.828 ucb=0.086 → pfsp=0.914
    [us] iter_0010: WR=0.35(n=320) sym=0.906 ucb=0.080 → pfsp=0.987
  [pfsp pool dump iter=40] N_ussr=4000 N_us=4000
    [ussr] heuristic            (fix) WR=0.381 n= 320 sym=0.944 ucb=0.080 → w=1.024
    [us] heuristic            (fix) WR=0.119 n= 360 sym=0.421 ucb=0.076 → w=0.497
    [ussr] iter_0001            (self) WR=0.705 n= 800 sym=0.832 ucb=0.051 → w=0.883
    [us] iter_0001            (self) WR=0.309 n= 440 sym=0.854 ucb=0.069 → w=0.923
    [ussr] iter_0010            (self) WR=0.716 n= 320 sym=0.814 ucb=0.080 → w=0.895
    [us] iter_0010            (self) WR=0.350 n= 360 sym=0.910 ucb=0.076 → w=0.986
    [ussr] iter_0020            (self) WR=0.688 n= 240 sym=0.859 ucb=0.093 → w=0.952
    [us] iter_0020            (self) WR=0.263 n=  80 sym=0.774 ucb=0.161 → w=0.935
    [ussr] iter_0030            (self) WR=0.617 n= 120 sym=0.946 ucb=0.131 → w=1.077
    [us] iter_0030            (self) WR=0.292 n= 120 sym=0.826 ucb=0.131 → w=0.958
    [ussr] ppo_best_scripted    (fix) WR=0.550 n= 200 sym=0.990 ucb=0.102 → w=1.092
    [us] ppo_best_scripted    (fix) WR=0.308 n= 480 sym=0.853 ucb=0.066 → w=0.919
    [ussr] v20_scripted         (fix) WR=0.657 n= 280 sym=0.901 ucb=0.086 → w=0.987
    [us] v20_scripted         (fix) WR=0.287 n= 320 sym=0.819 ucb=0.080 → w=0.900
    [ussr] v44_scripted         (fix) WR=0.566 n= 320 sym=0.983 ucb=0.080 → w=1.063
    [us] v44_scripted         (fix) WR=0.350 n= 320 sym=0.910 ucb=0.080 → w=0.990
    [ussr] v54_scripted         (fix) WR=0.625 n= 120 sym=0.938 ucb=0.131 → w=1.069
    [us] v54_scripted         (fix) WR=0.367 n= 400 sym=0.930 ucb=0.072 → w=1.002
    [ussr] v55_scripted         (fix) WR=0.621 n= 240 sym=0.942 ucb=0.093 → w=1.035
    [us] v55_scripted         (fix) WR=0.300 n= 160 sym=0.840 ucb=0.114 → w=0.954
    [ussr] v56_scripted         (fix) WR=0.596 n= 240 sym=0.963 ucb=0.093 → w=1.056
    [us] v56_scripted         (fix) WR=0.287 n= 160 sym=0.819 ucb=0.114 → w=0.933
  [diag] inf dtype=torch.float32 shape=torch.Size([2048, 172]) nan=0 inf_vals=0 range=[0.00,45.00]
  [diag] scalar dtype=torch.float32 nan=0 range=[-0.950,1.450]
  [diag] card_logits nan=0 range=[-21.75,12.11]
  [diag] values nan=0 range=[-0.9661,0.9598]
[iter  40/80] steps=12888 rollout_wr=0.495 (ussr=0.680 us=0.310 panel=0.458) pl=-0.0210 vl=0.1383 ent=3.501 clip=0.215 kl=0.0070 t=40.9s (rollout=37.0s update=3.9s)
  [jsd] iter=40 prev_iter=30 card_jsd=0.0077 top1=0.906 val_mae=0.0465
  [jsd] iter=40 vs_bc: card_jsd=0.0677 top1=0.724 val_mae=0.2634 (early=0.0509 mid=0.0745 late=0.0777)
  [confirm] launched incremental Elo check for iter 40
  [panel eval] launched pid=817240 iter=40 panel=['v56', 'v55', 'v54', 'v44', 'v20', 'ppo_best', 'ppo_best', 'heuristic']
  [league] self: self | ussr_pool: ['iter_0010', 'v20_scripted'] | us_pool: ['heuristic', 'iter_0010']
  [pfsp]
    [ussr] iter_0010: WR=0.72(n=320) sym=0.814 ucb=0.080 → pfsp=0.895
    [ussr] v20_scripted: WR=0.66(n=280) sym=0.901 ucb=0.086 → pfsp=0.987
    [us] heuristic: WR=0.12(n=360) sym=0.421 ucb=0.076 → pfsp=0.497
    [us] iter_0010: WR=0.35(n=360) sym=0.910 ucb=0.076 → pfsp=0.986
  [diag] inf dtype=torch.float32 shape=torch.Size([2048, 172]) nan=0 inf_vals=0 range=[0.00,40.00]
  [diag] scalar dtype=torch.float32 nan=0 range=[-0.950,1.150]
  [diag] card_logits nan=0 range=[-22.64,12.74]
  [diag] values nan=0 range=[-0.9729,0.9026]
[iter  41/80] steps=11433 rollout_wr=0.465 (ussr=0.640 us=0.290 panel=0.467) pl=-0.0225 vl=0.1384 ent=3.585 clip=0.224 kl=0.0072 t=382.4s (rollout=378.5s update=3.9s)
  [league] self: self | ussr_pool: ['iter_0030', 'ppo_best_scripted'] | us_pool: ['iter_0020', 'v20_scripted']
  [pfsp]
    [ussr] iter_0030: WR=0.62(n=120) sym=0.946 ucb=0.132 → pfsp=1.077
    [ussr] ppo_best_scripted: WR=0.55(n=200) sym=0.990 ucb=0.102 → pfsp=1.092
    [us] iter_0020: WR=0.26(n=80) sym=0.774 ucb=0.161 → pfsp=0.936
    [us] v20_scripted: WR=0.29(n=320) sym=0.819 ucb=0.081 → pfsp=0.900
  [diag] inf dtype=torch.float32 shape=torch.Size([2048, 172]) nan=0 inf_vals=0 range=[0.00,57.00]
  [diag] scalar dtype=torch.float32 nan=0 range=[-0.950,1.100]
  [diag] card_logits nan=0 range=[-22.85,13.15]
  [diag] values nan=0 range=[-0.9732,0.8405]
[iter  42/80] steps=12684 rollout_wr=0.490 (ussr=0.660 us=0.320 panel=0.483) pl=-0.0233 vl=0.1268 ent=3.565 clip=0.221 kl=0.0082 t=155.1s (rollout=151.1s update=4.0s)
  [panel eval iter 40] avg=0.487 elapsed=539s: v56=0.483 | v55=0.550 | v54=0.433 | v44=0.533 | v20=0.517 | ppo_ussr_only_v5=0.417 | ppo_us_only_v5=0.600 | heuristic=0.367
  [panel eval] NEW HIGH-WATER MARK iter=40 avg_wr=0.4875 → ppo_running_best.pt (provenance: ppo_iter0040.pt)
  [league] self: self | ussr_pool: ['v20_scripted', 'iter_0030'] | us_pool: ['heuristic', 'iter_0020']
  [pfsp]
    [ussr] v20_scripted: WR=0.66(n=320) sym=0.898 ucb=0.081 → pfsp=0.979
    [ussr] iter_0030: WR=0.63(n=160) sym=0.931 ucb=0.114 → pfsp=1.045
    [us] heuristic: WR=0.12(n=400) sym=0.430 ucb=0.072 → pfsp=0.502
    [us] iter_0020: WR=0.28(n=120) sym=0.812 ucb=0.132 → pfsp=0.944
wandb: WARNING Tried to log to step 40 that is less than the current step 41. Steps must be monotonically increasing, so this data will be ignored. See https://wandb.me/define-metric to log data out of order.
  [diag] inf dtype=torch.float32 shape=torch.Size([2048, 172]) nan=0 inf_vals=0 range=[0.00,39.00]
  [diag] scalar dtype=torch.float32 nan=0 range=[-1.000,1.100]
  [diag] card_logits nan=0 range=[-24.15,12.06]
  [diag] values nan=0 range=[-0.9824,0.9104]
[iter  43/80] steps=11795 rollout_wr=0.370 (ussr=0.510 us=0.230 panel=0.342) pl=-0.0190 vl=0.1369 ent=3.615 clip=0.202 kl=0.0077 t=36.0s (rollout=32.4s update=3.6s)
  [league] self: self | ussr_pool: ['iter_0030', 'heuristic'] | us_pool: ['ppo_best_scripted', 'iter_0001']
  [pfsp]
    [ussr] iter_0030: WR=0.60(n=200) sym=0.956 ucb=0.102 → pfsp=1.058
    [ussr] heuristic: WR=0.38(n=320) sym=0.944 ucb=0.081 → pfsp=1.024
    [us] ppo_best_scripted: WR=0.31(n=480) sym=0.853 ucb=0.066 → pfsp=0.919
    [us] iter_0001: WR=0.31(n=440) sym=0.854 ucb=0.069 → pfsp=0.923
  [diag] inf dtype=torch.float32 shape=torch.Size([2048, 172]) nan=0 inf_vals=0 range=[0.00,62.00]
  [diag] scalar dtype=torch.float32 nan=0 range=[-1.100,1.000]
  [diag] card_logits nan=0 range=[-22.00,13.75]
  [diag] values nan=0 range=[-0.9687,0.9353]
[iter  44/80] steps=11810 rollout_wr=0.335 (ussr=0.450 us=0.220 panel=0.292) pl=-0.0195 vl=0.1410 ent=3.522 clip=0.175 kl=0.0052 t=36.8s (rollout=33.1s update=3.6s)
  [league] self: self | ussr_pool: ['iter_0030', 'iter_0030'] | us_pool: ['v20_scripted', 'iter_0020']
  [pfsp]
    [ussr] iter_0030: WR=0.59(n=240) sym=0.966 ucb=0.093 → pfsp=1.060
    [us] v20_scripted: WR=0.29(n=360) sym=0.822 ucb=0.076 → pfsp=0.898
    [us] iter_0020: WR=0.29(n=160) sym=0.830 ucb=0.114 → pfsp=0.944
  [diag] inf dtype=torch.float32 shape=torch.Size([2048, 172]) nan=0 inf_vals=0 range=[0.00,52.00]
  [diag] scalar dtype=torch.float32 nan=0 range=[-0.850,1.100]
  [diag] card_logits nan=0 range=[-21.22,12.72]
  [diag] values nan=0 range=[-0.9682,0.9563]
[iter  45/80] steps=12688 rollout_wr=0.505 (ussr=0.710 us=0.300 panel=0.450) pl=-0.0278 vl=0.1242 ent=3.549 clip=0.248 kl=0.0084 t=40.1s (rollout=36.2s update=3.9s)
  [league] self: self | ussr_pool: ['iter_0030', 'iter_0040'] | us_pool: ['iter_0020', 'iter_0010']
  [pfsp]
    [ussr] iter_0030: WR=0.62(n=320) sym=0.947 ucb=0.081 → pfsp=1.028
    [ussr] iter_0040: WR=?(n=0) pfsp=1.000 (< MIN_GAMES)
    [us] iter_0020: WR=0.28(n=200) sym=0.815 ucb=0.103 → pfsp=0.918
    [us] iter_0010: WR=0.35(n=400) sym=0.907 ucb=0.073 → pfsp=0.979
  [diag] inf dtype=torch.float32 shape=torch.Size([2048, 172]) nan=0 inf_vals=0 range=[0.00,48.00]
  [diag] scalar dtype=torch.float32 nan=0 range=[-0.900,1.250]
  [diag] card_logits nan=0 range=[-22.66,12.26]
  [diag] values nan=0 range=[-0.9741,0.9417]
[iter  46/80] steps=12341 rollout_wr=0.515 (ussr=0.770 us=0.260 panel=0.475) pl=-0.0039 vl=0.1324 ent=3.516 clip=0.237 kl=0.0085 t=41.6s (rollout=37.8s update=3.8s)
  [league] self: self | ussr_pool: ['iter_0020', 'ppo_best_scripted'] | us_pool: ['ppo_best_scripted', 'iter_0020']
  [pfsp]
    [ussr] iter_0020: WR=0.69(n=240) sym=0.859 ucb=0.094 → pfsp=0.953
    [ussr] ppo_best_scripted: WR=0.57(n=240) sym=0.980 ucb=0.094 → pfsp=1.074
    [us] ppo_best_scripted: WR=0.30(n=520) sym=0.843 ucb=0.064 → pfsp=0.907
    [us] iter_0020: WR=0.27(n=240) sym=0.782 ucb=0.094 → pfsp=0.876
  [diag] inf dtype=torch.float32 shape=torch.Size([2048, 172]) nan=0 inf_vals=0 range=[0.00,54.00]
  [diag] scalar dtype=torch.float32 nan=0 range=[-1.150,1.300]
  [diag] card_logits nan=0 range=[-23.06,12.22]
  [diag] values nan=0 range=[-0.9790,0.9596]
[iter  47/80] steps=12786 rollout_wr=0.500 (ussr=0.650 us=0.350 panel=0.442) pl=-0.0210 vl=0.1445 ent=3.474 clip=0.195 kl=0.0082 t=39.7s (rollout=35.8s update=3.9s)
  [league] self: self | ussr_pool: ['iter_0030', 'ppo_best_scripted'] | us_pool: ['iter_0010', 'v56_scripted']
  [pfsp]
    [ussr] iter_0030: WR=0.64(n=360) sym=0.923 ucb=0.077 → pfsp=0.999
    [ussr] ppo_best_scripted: WR=0.57(n=280) sym=0.978 ucb=0.087 → pfsp=1.064
    [us] iter_0010: WR=0.35(n=440) sym=0.913 ucb=0.069 → pfsp=0.982
    [us] v56_scripted: WR=0.29(n=160) sym=0.819 ucb=0.115 → pfsp=0.934
  [diag] inf dtype=torch.float32 shape=torch.Size([2048, 172]) nan=0 inf_vals=0 range=[0.00,48.00]
  [diag] scalar dtype=torch.float32 nan=0 range=[-1.100,1.000]
  [diag] card_logits nan=0 range=[-22.51,13.24]
  [diag] values nan=0 range=[-0.9594,0.9314]
[iter  48/80] steps=13039 rollout_wr=0.455 (ussr=0.580 us=0.330 panel=0.500) pl=-0.0208 vl=0.1376 ent=3.401 clip=0.199 kl=0.0082 t=32.9s (rollout=29.1s update=3.8s)
  [league] self: self | ussr_pool: ['ppo_best_scripted', 'iter_0010'] | us_pool: ['iter_0030', 'heuristic']
  [pfsp]
    [ussr] ppo_best_scripted: WR=0.57(n=320) sym=0.981 ucb=0.081 → pfsp=1.062
    [ussr] iter_0010: WR=0.70(n=360) sym=0.836 ucb=0.077 → pfsp=0.912
    [us] iter_0030: WR=0.29(n=120) sym=0.826 ucb=0.133 → pfsp=0.959
    [us] heuristic: WR=0.12(n=440) sym=0.424 ucb=0.069 → pfsp=0.493
  [diag] inf dtype=torch.float32 shape=torch.Size([2048, 172]) nan=0 inf_vals=0 range=[0.00,39.00]
  [diag] scalar dtype=torch.float32 nan=0 range=[-0.950,1.150]
  [diag] card_logits nan=0 range=[-22.42,12.71]
  [diag] values nan=0 range=[-0.9744,0.9345]
[iter  49/80] steps=11710 rollout_wr=0.455 (ussr=0.670 us=0.240 panel=0.392) pl=-0.0222 vl=0.1183 ent=3.617 clip=0.214 kl=0.0076 t=28.8s (rollout=25.4s update=3.4s)
  Saved to league pool: results/ppo_country_attn_v6/iter_0050.pt
  [league] self: self | ussr_pool: ['iter_0001', 'iter_0030'] | us_pool: ['iter_0040', 'iter_0001']
  [pfsp]
    [ussr] iter_0001: WR=0.70(n=800) sym=0.832 ucb=0.052 → pfsp=0.883
    [ussr] iter_0030: WR=0.62(n=400) sym=0.938 ucb=0.073 → pfsp=1.010
    [us] iter_0040: WR=?(n=0) pfsp=1.000 (< MIN_GAMES)
    [us] iter_0001: WR=0.31(n=480) sym=0.850 ucb=0.067 → pfsp=0.916
  [diag] inf dtype=torch.float32 shape=torch.Size([2048, 172]) nan=0 inf_vals=0 range=[0.00,60.00]
  [diag] scalar dtype=torch.float32 nan=0 range=[-0.950,1.200]
  [diag] card_logits nan=0 range=[-23.12,14.33]
  [diag] values nan=0 range=[-0.9669,0.9592]
[iter  50/80] steps=12235 rollout_wr=0.505 (ussr=0.670 us=0.340 panel=0.450) pl=-0.0212 vl=0.1415 ent=3.469 clip=0.193 kl=0.0063 t=30.4s (rollout=26.8s update=3.6s)
  [jsd] iter=50 prev_iter=40 card_jsd=0.0059 top1=0.927 val_mae=0.0480
  [jsd] iter=50 vs_bc: card_jsd=0.0742 top1=0.715 val_mae=0.2808 (early=0.0537 mid=0.0819 late=0.0871)
  [league] self: self | ussr_pool: ['iter_0040', 'iter_0020'] | us_pool: ['iter_0001', 'iter_0020']
  [pfsp]
    [ussr] iter_0040: WR=0.70(n=40) sym=0.840 ucb=0.231 → pfsp=1.071
    [ussr] iter_0020: WR=0.69(n=280) sym=0.851 ucb=0.087 → pfsp=0.938
    [us] iter_0001: WR=0.31(n=520) sym=0.855 ucb=0.064 → pfsp=0.919
    [us] iter_0020: WR=0.29(n=280) sym=0.828 ucb=0.087 → pfsp=0.916
  [diag] inf dtype=torch.float32 shape=torch.Size([2048, 172]) nan=0 inf_vals=0 range=[0.00,45.00]
  [diag] scalar dtype=torch.float32 nan=0 range=[-1.000,1.100]
  [diag] card_logits nan=0 range=[-21.98,13.60]
  [diag] values nan=0 range=[-0.9544,0.9161]
[iter  51/80] steps=12416 rollout_wr=0.480 (ussr=0.620 us=0.340 panel=0.400) pl=-0.0253 vl=0.1474 ent=3.527 clip=0.207 kl=0.0093 ep=3/4 t=31.1s (rollout=28.2s update=2.9s)
  [league] self: self | ussr_pool: ['iter_0050', 'iter_0001'] | us_pool: ['iter_0010', 'iter_0040']
  [pfsp]
    [ussr] iter_0050: WR=?(n=0) pfsp=1.000 (< MIN_GAMES)
    [ussr] iter_0001: WR=0.70(n=840) sym=0.842 ucb=0.050 → pfsp=0.892
    [us] iter_0010: WR=0.35(n=480) sym=0.905 ucb=0.067 → pfsp=0.972
    [us] iter_0040: WR=0.40(n=40) sym=0.960 ucb=0.231 → pfsp=1.191
  [diag] inf dtype=torch.float32 shape=torch.Size([2048, 172]) nan=0 inf_vals=0 range=[0.00,56.00]
  [diag] scalar dtype=torch.float32 nan=0 range=[-0.950,1.100]
  [diag] card_logits nan=0 range=[-22.56,13.14]
  [diag] values nan=0 range=[-0.9640,0.8900]
[iter  52/80] steps=11921 rollout_wr=0.545 (ussr=0.770 us=0.320 panel=0.550) pl=-0.0216 vl=0.1330 ent=3.604 clip=0.229 kl=0.0097 t=31.2s (rollout=27.7s update=3.5s)
  [league] self: self | ussr_pool: ['iter_0050', 'iter_0020'] | us_pool: ['iter_0040', 'iter_0010']
  [pfsp]
    [ussr] iter_0050: WR=0.82(n=40) sym=0.578 ucb=0.231 → pfsp=0.809
    [ussr] iter_0020: WR=0.68(n=320) sym=0.864 ucb=0.082 → pfsp=0.946
    [us] iter_0040: WR=0.34(n=80) sym=0.894 ucb=0.164 → pfsp=1.058
    [us] iter_0010: WR=0.35(n=520) sym=0.908 ucb=0.064 → pfsp=0.972
  [diag] inf dtype=torch.float32 shape=torch.Size([2048, 172]) nan=0 inf_vals=0 range=[0.00,42.00]
  [diag] scalar dtype=torch.float32 nan=0 range=[-0.950,1.150]
  [diag] card_logits nan=0 range=[-23.12,14.18]
  [diag] values nan=0 range=[-0.9779,0.9553]
[iter  53/80] steps=12482 rollout_wr=0.405 (ussr=0.580 us=0.230 panel=0.400) pl=-0.0255 vl=0.1363 ent=3.507 clip=0.230 kl=0.0088 t=31.9s (rollout=28.3s update=3.6s)
  [league] self: self | ussr_pool: ['iter_0040', 'iter_0020'] | us_pool: ['iter_0001', 'iter_0050']
  [pfsp]
    [ussr] iter_0040: WR=0.69(n=80) sym=0.859 ucb=0.164 → pfsp=1.023
    [ussr] iter_0020: WR=0.67(n=360) sym=0.885 ucb=0.077 → pfsp=0.962
    [us] iter_0001: WR=0.32(n=560) sym=0.865 ucb=0.062 → pfsp=0.927
    [us] iter_0050: WR=?(n=0) pfsp=1.000 (< MIN_GAMES)
  [diag] inf dtype=torch.float32 shape=torch.Size([2048, 172]) nan=0 inf_vals=0 range=[0.00,43.00]
  [diag] scalar dtype=torch.float32 nan=0 range=[-0.950,1.250]
  [diag] card_logits nan=0 range=[-23.44,13.44]
  [diag] values nan=0 range=[-0.9743,0.9861]
[iter  54/80] steps=12200 rollout_wr=0.475 (ussr=0.680 us=0.270 panel=0.600) pl=-0.0215 vl=0.1344 ent=3.491 clip=0.218 kl=0.0078 t=30.5s (rollout=26.8s update=3.6s)
  [league] self: self | ussr_pool: ['iter_0030', 'iter_0030'] | us_pool: ['iter_0020', 'iter_0030']
  [pfsp]
    [ussr] iter_0030: WR=0.64(n=440) sym=0.926 ucb=0.070 → pfsp=0.995
    [us] iter_0020: WR=0.29(n=320) sym=0.830 ucb=0.082 → pfsp=0.912
    [us] iter_0030: WR=0.31(n=160) sym=0.859 ucb=0.116 → pfsp=0.975
  [diag] inf dtype=torch.float32 shape=torch.Size([2048, 172]) nan=0 inf_vals=0 range=[0.00,46.00]
  [diag] scalar dtype=torch.float32 nan=0 range=[-1.050,1.000]
  [diag] card_logits nan=0 range=[-23.72,14.43]
  [diag] values nan=0 range=[-0.9698,0.9737]
[iter  55/80] steps=12281 rollout_wr=0.510 (ussr=0.710 us=0.310 panel=0.525) pl=-0.0218 vl=0.1461 ent=3.505 clip=0.212 kl=0.0079 t=32.4s (rollout=28.8s update=3.6s)
  [league] self: self | ussr_pool: ['iter_0040', 'iter_0050'] | us_pool: ['iter_0050', 'iter_0040']
  [pfsp]
    [ussr] iter_0040: WR=0.69(n=120) sym=0.853 ucb=0.134 → pfsp=0.987
    [ussr] iter_0050: WR=0.71(n=80) sym=0.819 ucb=0.164 → pfsp=0.983
    [us] iter_0050: WR=0.25(n=40) sym=0.750 ucb=0.232 → pfsp=0.982
    [us] iter_0040: WR=0.30(n=120) sym=0.840 ucb=0.134 → pfsp=0.974
  [diag] inf dtype=torch.float32 shape=torch.Size([2048, 172]) nan=0 inf_vals=0 range=[0.00,53.00]
  [diag] scalar dtype=torch.float32 nan=0 range=[-1.300,1.600]
  [diag] card_logits nan=0 range=[-23.65,12.55]
  [diag] values nan=0 range=[-0.9591,0.9784]
[iter  56/80] steps=12155 rollout_wr=0.490 (ussr=0.590 us=0.390 panel=0.500) pl=-0.0206 vl=0.1392 ent=3.428 clip=0.194 kl=0.0066 t=31.6s (rollout=28.0s update=3.6s)
  [league] self: self | ussr_pool: ['iter_0001', 'iter_0030'] | us_pool: ['iter_0020', 'iter_0001']
  [pfsp]
    [ussr] iter_0001: WR=0.70(n=880) sym=0.842 ucb=0.050 → pfsp=0.891
    [ussr] iter_0030: WR=0.64(n=520) sym=0.919 ucb=0.064 → pfsp=0.983
    [us] iter_0020: WR=0.30(n=360) sym=0.844 ucb=0.077 → pfsp=0.922
    [us] iter_0001: WR=0.31(n=600) sym=0.856 ucb=0.060 → pfsp=0.916
  [diag] inf dtype=torch.float32 shape=torch.Size([2048, 172]) nan=0 inf_vals=0 range=[0.00,45.00]
  [diag] scalar dtype=torch.float32 nan=0 range=[-0.800,1.000]
  [diag] card_logits nan=0 range=[-24.14,12.90]
  [diag] values nan=0 range=[-0.9662,0.9508]
[iter  57/80] steps=12665 rollout_wr=0.460 (ussr=0.600 us=0.320 panel=0.550) pl=-0.0160 vl=0.1562 ent=3.424 clip=0.225 kl=0.0094 t=32.9s (rollout=29.2s update=3.7s)
  [league] self: self | ussr_pool: ['iter_0040', 'iter_0040'] | us_pool: ['iter_0040', 'iter_0040']
  [pfsp]
    [ussr] iter_0040: WR=0.65(n=160) sym=0.910 ucb=0.116 → pfsp=1.026
    [us] iter_0040: WR=0.32(n=160) sym=0.869 ucb=0.116 → pfsp=0.985
  [diag] inf dtype=torch.float32 shape=torch.Size([2048, 172]) nan=0 inf_vals=0 range=[0.00,61.00]
  [diag] scalar dtype=torch.float32 nan=0 range=[-0.950,1.150]
  [diag] card_logits nan=0 range=[-23.57,13.96]
  [diag] values nan=0 range=[-0.9640,0.9910]
[iter  58/80] steps=12254 rollout_wr=0.490 (ussr=0.650 us=0.330 panel=0.525) pl=-0.0194 vl=0.1439 ent=3.492 clip=0.205 kl=0.0071 t=32.3s (rollout=28.7s update=3.6s)
  [league] self: self | ussr_pool: ['iter_0001', 'iter_0050'] | us_pool: ['iter_0020', 'iter_0030']
  [pfsp]
    [ussr] iter_0001: WR=0.69(n=920) sym=0.849 ucb=0.049 → pfsp=0.897
    [ussr] iter_0050: WR=0.68(n=120) sym=0.877 ucb=0.134 → pfsp=1.012
    [us] iter_0020: WR=0.30(n=400) sym=0.840 ucb=0.074 → pfsp=0.914
    [us] iter_0030: WR=0.31(n=200) sym=0.856 ucb=0.104 → pfsp=0.960
  [diag] inf dtype=torch.float32 shape=torch.Size([2048, 172]) nan=0 inf_vals=0 range=[0.00,50.00]
  [diag] scalar dtype=torch.float32 nan=0 range=[-1.100,1.000]
  [diag] card_logits nan=0 range=[-23.50,12.87]
  [diag] values nan=0 range=[-0.9695,0.9774]
[iter  59/80] steps=12526 rollout_wr=0.485 (ussr=0.610 us=0.360 panel=0.525) pl=-0.0214 vl=0.1461 ent=3.439 clip=0.200 kl=0.0074 t=34.0s (rollout=30.2s update=3.7s)
  Saved to league pool: results/ppo_country_attn_v6/iter_0060.pt
  [league] self: self | ussr_pool: ['iter_0001', 'iter_0050'] | us_pool: ['iter_0060', 'iter_0050']
  [pfsp]
    [ussr] iter_0001: WR=0.69(n=960) sym=0.858 ucb=0.048 → pfsp=0.905
    [ussr] iter_0050: WR=0.66(n=160) sym=0.894 ucb=0.116 → pfsp=1.011
    [us] iter_0060: WR=?(n=0) pfsp=1.000 (< MIN_GAMES)
    [us] iter_0050: WR=0.35(n=80) sym=0.910 ucb=0.165 → pfsp=1.075
  [pfsp pool dump iter=60] N_ussr=6000 N_us=6000
    [ussr] heuristic            (fix) WR=0.372 n= 360 sym=0.935 ucb=0.078 → w=1.012
    [us] heuristic            (fix) WR=0.121 n= 480 sym=0.425 ucb=0.067 → w=0.492
    [ussr] iter_0001            (self) WR=0.690 n=1000 sym=0.856 ucb=0.047 → w=0.902
    [us] iter_0001            (self) WR=0.312 n= 640 sym=0.859 ucb=0.058 → w=0.918
    [ussr] iter_0010            (self) WR=0.705 n= 400 sym=0.832 ucb=0.074 → w=0.906
    [us] iter_0010            (self) WR=0.341 n= 560 sym=0.899 ucb=0.062 → w=0.961
    [ussr] iter_0020            (self) WR=0.662 n= 400 sym=0.894 ucb=0.074 → w=0.968
    [us] iter_0020            (self) WR=0.307 n= 440 sym=0.851 ucb=0.070 → w=0.921
    [ussr] iter_0030            (self) WR=0.634 n= 560 sym=0.928 ucb=0.062 → w=0.991
    [us] iter_0030            (self) WR=0.317 n= 240 sym=0.866 ucb=0.095 → w=0.961
    [ussr] iter_0040            (self) WR=0.642 n= 240 sym=0.920 ucb=0.095 → w=1.015
    [us] iter_0040            (self) WR=0.325 n= 240 sym=0.878 ucb=0.095 → w=0.973
    [ussr] iter_0050            (self) WR=0.670 n= 200 sym=0.884 ucb=0.104 → w=0.989
    [us] iter_0050            (self) WR=0.342 n= 120 sym=0.900 ucb=0.135 → w=1.034
    [ussr] iter_0060            (self) WR=?     n=   0 → w=1.000 (warmup)
    [us] iter_0060            (self) WR=0.350 n=  40 sym=0.910 ucb=0.233 → w=1.143
    [ussr] ppo_best_scripted    (fix) WR=0.575 n= 360 sym=0.978 ucb=0.078 → w=1.055
    [us] ppo_best_scripted    (fix) WR=0.300 n= 560 sym=0.840 ucb=0.062 → w=0.902
    [ussr] v20_scripted         (fix) WR=0.636 n= 360 sym=0.926 ucb=0.078 → w=1.004
    [us] v20_scripted         (fix) WR=0.287 n= 400 sym=0.819 ucb=0.074 → w=0.893
    [ussr] v44_scripted         (fix) WR=0.566 n= 320 sym=0.983 ucb=0.082 → w=1.065
    [us] v44_scripted         (fix) WR=0.350 n= 320 sym=0.910 ucb=0.082 → w=0.992
    [ussr] v54_scripted         (fix) WR=0.625 n= 120 sym=0.938 ucb=0.135 → w=1.072
    [us] v54_scripted         (fix) WR=0.367 n= 400 sym=0.930 ucb=0.074 → w=1.004
    [ussr] v55_scripted         (fix) WR=0.621 n= 240 sym=0.942 ucb=0.095 → w=1.037
    [us] v55_scripted         (fix) WR=0.300 n= 160 sym=0.840 ucb=0.117 → w=0.957
    [ussr] v56_scripted         (fix) WR=0.596 n= 240 sym=0.963 ucb=0.095 → w=1.058
    [us] v56_scripted         (fix) WR=0.305 n= 200 sym=0.848 ucb=0.104 → w=0.952
  [diag] inf dtype=torch.float32 shape=torch.Size([2048, 172]) nan=0 inf_vals=0 range=[0.00,50.00]
  [diag] scalar dtype=torch.float32 nan=0 range=[-1.300,1.150]
  [diag] card_logits nan=0 range=[-22.88,13.23]
  [diag] values nan=0 range=[-0.9610,0.9824]
[iter  60/80] steps=12052 rollout_wr=0.510 (ussr=0.710 us=0.310 panel=0.450) pl=-0.0215 vl=0.1435 ent=3.481 clip=0.212 kl=0.0089 t=31.2s (rollout=27.7s update=3.4s)
  [jsd] iter=60 prev_iter=50 card_jsd=0.0063 top1=0.924 val_mae=0.0488
  [jsd] iter=60 vs_bc: card_jsd=0.0841 top1=0.699 val_mae=0.2813 (early=0.0600 mid=0.0966 late=0.0956)
  [confirm] launched incremental Elo check for iter 60
  [panel eval] launched pid=824827 iter=60 panel=['v56', 'v55', 'v54', 'v44', 'v20', 'ppo_best', 'ppo_best', 'heuristic']
  [league] self: self | ussr_pool: ['iter_0060', 'iter_0001'] | us_pool: ['iter_0050', 'iter_0040']
  [pfsp]
    [ussr] iter_0060: WR=?(n=0) pfsp=1.000 (< MIN_GAMES)
    [ussr] iter_0001: WR=0.69(n=1000) sym=0.856 ucb=0.047 → pfsp=0.902
    [us] iter_0050: WR=0.34(n=120) sym=0.900 ucb=0.135 → pfsp=1.034
    [us] iter_0040: WR=0.33(n=240) sym=0.878 ucb=0.095 → pfsp=0.973
  [diag] inf dtype=torch.float32 shape=torch.Size([2048, 172]) nan=0 inf_vals=0 range=[0.00,45.00]
  [diag] scalar dtype=torch.float32 nan=0 range=[-0.950,1.150]
  [diag] card_logits nan=0 range=[-24.50,12.49]
  [diag] values nan=0 range=[-0.9767,0.9826]
[iter  61/80] steps=12898 rollout_wr=0.505 (ussr=0.690 us=0.320 panel=0.475) pl=-0.0234 vl=0.1413 ent=3.491 clip=0.210 kl=0.0076 t=1341.3s (rollout=1336.6s update=4.7s)
  [league] self: self | ussr_pool: ['iter_0040', 'iter_0020'] | us_pool: ['iter_0020', 'iter_0010']
  [pfsp]
    [ussr] iter_0040: WR=0.64(n=240) sym=0.920 ucb=0.095 → pfsp=1.015
    [ussr] iter_0020: WR=0.66(n=400) sym=0.894 ucb=0.074 → pfsp=0.968
    [us] iter_0020: WR=0.31(n=440) sym=0.851 ucb=0.070 → pfsp=0.921
    [us] iter_0010: WR=0.34(n=560) sym=0.899 ucb=0.062 → pfsp=0.961
  [diag] inf dtype=torch.float32 shape=torch.Size([2048, 172]) nan=0 inf_vals=0 range=[0.00,52.00]
  [diag] scalar dtype=torch.float32 nan=0 range=[-1.250,1.000]
  [diag] card_logits nan=0 range=[-23.30,13.93]
  [diag] values nan=0 range=[-0.9707,0.9684]
[iter  62/80] steps=12086 rollout_wr=0.550 (ussr=0.740 us=0.360 panel=0.600) pl=-0.0244 vl=0.1399 ent=3.527 clip=0.214 kl=0.0078 t=951.4s (rollout=947.6s update=3.8s)
  [panel eval iter 60] avg=0.479 elapsed=2294s: v56=0.450 | v55=0.483 | v54=0.583 | v44=0.433 | v20=0.483 | ppo_ussr_only_v5=0.483 | ppo_us_only_v5=0.483 | heuristic=0.433
  [league] self: self | ussr_pool: ['iter_0060', 'iter_0001'] | us_pool: ['iter_0030', 'iter_0060']
  [pfsp]
    [ussr] iter_0060: WR=0.65(n=40) sym=0.910 ucb=0.234 → pfsp=1.144
    [ussr] iter_0001: WR=0.69(n=1040) sym=0.854 ucb=0.046 → pfsp=0.899
    [us] iter_0030: WR=0.32(n=240) sym=0.866 ucb=0.095 → pfsp=0.961
    [us] iter_0060: WR=0.35(n=40) sym=0.910 ucb=0.234 → pfsp=1.144
wandb: WARNING Tried to log to step 60 that is less than the current step 61. Steps must be monotonically increasing, so this data will be ignored. See https://wandb.me/define-metric to log data out of order.
  [diag] inf dtype=torch.float32 shape=torch.Size([2048, 172]) nan=0 inf_vals=0 range=[0.00,50.00]
  [diag] scalar dtype=torch.float32 nan=0 range=[-0.950,1.150]
  [diag] card_logits nan=0 range=[-22.96,12.13]
  [diag] values nan=0 range=[-0.9568,0.9477]
[iter  63/80] steps=11971 rollout_wr=0.475 (ussr=0.630 us=0.320 panel=0.525) pl=-0.0228 vl=0.1445 ent=3.505 clip=0.227 kl=0.0082 t=67.3s (rollout=63.5s update=3.7s)
  [league] self: self | ussr_pool: ['iter_0060', 'iter_0060'] | us_pool: ['iter_0001', 'iter_0040']
  [pfsp]
    [ussr] iter_0060: WR=0.64(n=80) sym=0.924 ucb=0.165 → pfsp=1.090
    [us] iter_0001: WR=0.31(n=640) sym=0.859 ucb=0.058 → pfsp=0.918
    [us] iter_0040: WR=0.32(n=280) sym=0.867 ucb=0.088 → pfsp=0.956
  [diag] inf dtype=torch.float32 shape=torch.Size([2048, 172]) nan=0 inf_vals=0 range=[0.00,40.00]
  [diag] scalar dtype=torch.float32 nan=0 range=[-1.000,1.050]
  [diag] card_logits nan=0 range=[-23.35,12.14]
  [diag] values nan=0 range=[-0.9725,0.9484]
[iter  64/80] steps=12168 rollout_wr=0.510 (ussr=0.670 us=0.350 panel=0.600) pl=-0.0177 vl=0.1409 ent=3.484 clip=0.208 kl=0.0097 ep=3/4 t=68.3s (rollout=65.3s update=2.9s)
  [league] self: self | ussr_pool: ['iter_0030', 'iter_0010'] | us_pool: ['iter_0040', 'iter_0030']
  [pfsp]
    [ussr] iter_0030: WR=0.63(n=560) sym=0.928 ucb=0.063 → pfsp=0.991
    [ussr] iter_0010: WR=0.70(n=400) sym=0.832 ucb=0.074 → pfsp=0.906
    [us] iter_0040: WR=0.32(n=320) sym=0.869 ucb=0.083 → pfsp=0.951
    [us] iter_0030: WR=0.33(n=280) sym=0.878 ucb=0.088 → pfsp=0.966
  [diag] inf dtype=torch.float32 shape=torch.Size([2048, 172]) nan=0 inf_vals=0 range=[0.00,53.00]
  [diag] scalar dtype=torch.float32 nan=0 range=[-0.950,1.300]
  [diag] card_logits nan=0 range=[-23.82,13.05]
  [diag] values nan=0 range=[-0.9765,0.9352]
[iter  65/80] steps=12411 rollout_wr=0.545 (ussr=0.650 us=0.440 panel=0.600) pl=-0.0233 vl=0.1466 ent=3.395 clip=0.230 kl=0.0080 t=68.2s (rollout=64.2s update=4.0s)
  [league] self: self | ussr_pool: ['iter_0060', 'iter_0060'] | us_pool: ['iter_0020', 'iter_0050']
  [pfsp]
    [ussr] iter_0060: WR=0.64(n=160) sym=0.924 ucb=0.117 → pfsp=1.041
    [us] iter_0020: WR=0.31(n=480) sym=0.850 ucb=0.068 → pfsp=0.917
    [us] iter_0050: WR=0.36(n=160) sym=0.917 ucb=0.117 → pfsp=1.034
  [diag] inf dtype=torch.float32 shape=torch.Size([2048, 172]) nan=0 inf_vals=0 range=[0.00,55.00]
  [diag] scalar dtype=torch.float32 nan=0 range=[-0.950,1.150]
  [diag] card_logits nan=0 range=[-23.74,13.21]
  [diag] values nan=0 range=[-0.9731,0.9653]
[iter  66/80] steps=12457 rollout_wr=0.545 (ussr=0.750 us=0.340 panel=0.550) pl=-0.0165 vl=0.1372 ent=3.495 clip=0.236 kl=0.0081 t=61.0s (rollout=57.3s update=3.8s)
  [league] self: self | ussr_pool: ['iter_0010', 'iter_0040'] | us_pool: ['iter_0030', 'iter_0030']
  [pfsp]
    [ussr] iter_0010: WR=0.70(n=440) sym=0.847 ucb=0.071 → pfsp=0.918
    [ussr] iter_0040: WR=0.66(n=280) sym=0.901 ucb=0.089 → pfsp=0.990
    [us] iter_0030: WR=0.33(n=320) sym=0.886 ucb=0.083 → pfsp=0.969
  [diag] inf dtype=torch.float32 shape=torch.Size([2048, 172]) nan=0 inf_vals=0 range=[0.00,48.00]
  [diag] scalar dtype=torch.float32 nan=0 range=[-1.050,1.250]
  [diag] card_logits nan=0 range=[-22.67,12.64]
  [diag] values nan=0 range=[-0.9697,0.9209]
[iter  67/80] steps=12202 rollout_wr=0.495 (ussr=0.650 us=0.340 panel=0.475) pl=-0.0235 vl=0.1440 ent=3.446 clip=0.230 kl=0.0097 t=57.5s (rollout=54.0s update=3.6s)
  [league] self: self | ussr_pool: ['iter_0010', 'iter_0060'] | us_pool: ['iter_0030', 'iter_0050']
  [pfsp]
    [ussr] iter_0010: WR=0.69(n=480) sym=0.853 ucb=0.068 → pfsp=0.921
    [ussr] iter_0060: WR=0.68(n=240) sym=0.877 ucb=0.096 → pfsp=0.973
    [us] iter_0030: WR=0.34(n=400) sym=0.891 ucb=0.074 → pfsp=0.965
    [us] iter_0050: WR=0.34(n=200) sym=0.904 ucb=0.105 → pfsp=1.009
  [diag] inf dtype=torch.float32 shape=torch.Size([2048, 172]) nan=0 inf_vals=0 range=[0.00,44.00]
  [diag] scalar dtype=torch.float32 nan=0 range=[-0.950,1.150]
  [diag] card_logits nan=0 range=[-22.26,13.00]
  [diag] values nan=0 range=[-0.9670,0.9569]
[iter  68/80] steps=12406 rollout_wr=0.525 (ussr=0.700 us=0.350 panel=0.550) pl=-0.0243 vl=0.1454 ent=3.496 clip=0.233 kl=0.0097 ep=4/4 t=34.3s (rollout=30.5s update=3.7s)
  [league] self: self | ussr_pool: ['iter_0050', 'iter_0040'] | us_pool: ['iter_0001', 'iter_0030']
  [pfsp]
    [ussr] iter_0050: WR=0.67(n=200) sym=0.884 ucb=0.105 → pfsp=0.989
    [ussr] iter_0040: WR=0.66(n=320) sym=0.902 ucb=0.083 → pfsp=0.985
    [us] iter_0001: WR=0.31(n=680) sym=0.863 ucb=0.057 → pfsp=0.920
    [us] iter_0030: WR=0.33(n=440) sym=0.890 ucb=0.071 → pfsp=0.961
  [diag] inf dtype=torch.float32 shape=torch.Size([2048, 172]) nan=0 inf_vals=0 range=[0.00,46.00]
  [diag] scalar dtype=torch.float32 nan=0 range=[-0.950,1.050]
  [diag] card_logits nan=0 range=[-22.42,12.98]
  [diag] values nan=0 range=[-0.9638,0.9389]
[iter  69/80] steps=12703 rollout_wr=0.460 (ussr=0.580 us=0.340 panel=0.375) pl=-0.0217 vl=0.1467 ent=3.379 clip=0.218 kl=0.0078 t=33.6s (rollout=29.7s update=3.9s)
  Saved to league pool: results/ppo_country_attn_v6/iter_0070.pt
  [league] self: self | ussr_pool: ['iter_0030', 'iter_0060'] | us_pool: ['iter_0070', 'iter_0040']
  [pfsp]
    [ussr] iter_0030: WR=0.64(n=600) sym=0.927 ucb=0.061 → pfsp=0.988
    [ussr] iter_0060: WR=0.68(n=280) sym=0.872 ucb=0.089 → pfsp=0.961
    [us] iter_0070: WR=?(n=0) pfsp=1.000 (< MIN_GAMES)
    [us] iter_0040: WR=0.34(n=360) sym=0.896 ucb=0.078 → pfsp=0.975
  [diag] inf dtype=torch.float32 shape=torch.Size([2048, 172]) nan=0 inf_vals=0 range=[0.00,52.00]
  [diag] scalar dtype=torch.float32 nan=0 range=[-0.950,1.000]
  [diag] card_logits nan=0 range=[-22.83,13.61]
  [diag] values nan=0 range=[-0.9644,0.9698]
[iter  70/80] steps=12720 rollout_wr=0.535 (ussr=0.750 us=0.320 panel=0.600) pl=-0.0242 vl=0.1201 ent=3.471 clip=0.247 kl=0.0103 ep=4/4 t=36.8s (rollout=33.0s update=3.8s)
  [jsd] iter=70 prev_iter=60 card_jsd=0.0075 top1=0.899 val_mae=0.0577
  [jsd] iter=70 vs_bc: card_jsd=0.0946 top1=0.679 val_mae=0.2885 (early=0.0674 mid=0.1073 late=0.1091)
  [league] self: self | ussr_pool: ['iter_0060', 'iter_0001'] | us_pool: ['iter_0001', 'iter_0070']
  [pfsp]
    [ussr] iter_0060: WR=0.68(n=320) sym=0.873 ucb=0.083 → pfsp=0.956
    [ussr] iter_0001: WR=0.69(n=1080) sym=0.861 ucb=0.045 → pfsp=0.907
    [us] iter_0001: WR=0.32(n=720) sym=0.872 ucb=0.055 → pfsp=0.927
    [us] iter_0070: WR=0.30(n=40) sym=0.840 ucb=0.235 → pfsp=1.075
  [diag] inf dtype=torch.float32 shape=torch.Size([2048, 172]) nan=0 inf_vals=0 range=[0.00,50.00]
  [diag] scalar dtype=torch.float32 nan=0 range=[-0.950,1.100]
  [diag] card_logits nan=0 range=[-23.62,14.92]
  [diag] values nan=0 range=[-0.9679,0.9584]
[iter  71/80] steps=12505 rollout_wr=0.490 (ussr=0.630 us=0.350 panel=0.525) pl=-0.0207 vl=0.1607 ent=3.407 clip=0.247 kl=0.0105 t=34.6s (rollout=30.7s update=3.8s)
  [league] self: self | ussr_pool: ['iter_0030', 'iter_0001'] | us_pool: ['iter_0010', 'iter_0040']
  [pfsp]
    [ussr] iter_0030: WR=0.64(n=640) sym=0.917 ucb=0.059 → pfsp=0.976
    [ussr] iter_0001: WR=0.68(n=1120) sym=0.867 ucb=0.044 → pfsp=0.912
    [us] iter_0010: WR=0.34(n=600) sym=0.902 ucb=0.061 → pfsp=0.963
    [us] iter_0040: WR=0.34(n=400) sym=0.894 ucb=0.074 → pfsp=0.969
  [diag] inf dtype=torch.float32 shape=torch.Size([2048, 172]) nan=0 inf_vals=0 range=[0.00,51.00]
  [diag] scalar dtype=torch.float32 nan=0 range=[-1.000,1.050]
  [diag] card_logits nan=0 range=[-22.88,13.78]
  [diag] values nan=0 range=[-0.9746,0.8692]
[iter  72/80] steps=12389 rollout_wr=0.475 (ussr=0.650 us=0.300 panel=0.475) pl=-0.0287 vl=0.1432 ent=3.501 clip=0.225 kl=0.0081 t=36.7s (rollout=32.9s update=3.8s)
  [league] self: self | ussr_pool: ['iter_0020', 'iter_0060'] | us_pool: ['iter_0040', 'iter_0030']
  [pfsp]
    [ussr] iter_0020: WR=0.67(n=440) sym=0.887 ucb=0.071 → pfsp=0.958
    [ussr] iter_0060: WR=0.68(n=360) sym=0.877 ucb=0.079 → pfsp=0.956
    [us] iter_0040: WR=0.33(n=440) sym=0.881 ucb=0.071 → pfsp=0.952
    [us] iter_0030: WR=0.33(n=480) sym=0.889 ucb=0.068 → pfsp=0.957
  [diag] inf dtype=torch.float32 shape=torch.Size([2048, 172]) nan=0 inf_vals=0 range=[0.00,42.00]
  [diag] scalar dtype=torch.float32 nan=0 range=[-1.000,1.100]
  [diag] card_logits nan=0 range=[-22.95,13.03]
  [diag] values nan=0 range=[-0.9587,0.8918]
[iter  73/80] steps=12359 rollout_wr=0.540 (ussr=0.730 us=0.350 panel=0.600) pl=-0.0275 vl=0.1379 ent=3.412 clip=0.221 kl=0.0092 t=33.5s (rollout=29.8s update=3.7s)
  [league] self: self | ussr_pool: ['iter_0040', 'iter_0010'] | us_pool: ['iter_0001', 'iter_0040']
  [pfsp]
    [ussr] iter_0040: WR=0.64(n=360) sym=0.917 ucb=0.079 → pfsp=0.995
    [ussr] iter_0010: WR=0.69(n=520) sym=0.855 ucb=0.065 → pfsp=0.920
    [us] iter_0001: WR=0.32(n=760) sym=0.872 ucb=0.054 → pfsp=0.926
    [us] iter_0040: WR=0.31(n=480) sym=0.862 ucb=0.068 → pfsp=0.931
  [diag] inf dtype=torch.float32 shape=torch.Size([2048, 172]) nan=0 inf_vals=0 range=[0.00,49.00]
  [diag] scalar dtype=torch.float32 nan=0 range=[-1.050,1.150]
  [diag] card_logits nan=0 range=[-23.46,13.89]
  [diag] values nan=0 range=[-0.9552,0.9700]
[iter  74/80] steps=12201 rollout_wr=0.480 (ussr=0.630 us=0.330 panel=0.475) pl=-0.0228 vl=0.1421 ent=3.475 clip=0.229 kl=0.0095 ep=4/4 t=35.2s (rollout=31.7s update=3.5s)
  [league] self: self | ussr_pool: ['iter_0060', 'iter_0010'] | us_pool: ['iter_0030', 'iter_0030']
  [pfsp]
    [ussr] iter_0060: WR=0.68(n=400) sym=0.867 ucb=0.075 → pfsp=0.941
    [ussr] iter_0010: WR=0.69(n=560) sym=0.862 ucb=0.063 → pfsp=0.925
    [us] iter_0030: WR=0.34(n=520) sym=0.903 ucb=0.065 → pfsp=0.968
  [diag] inf dtype=torch.float32 shape=torch.Size([2048, 172]) nan=0 inf_vals=0 range=[0.00,45.00]
  [diag] scalar dtype=torch.float32 nan=0 range=[-1.000,1.100]
  [diag] card_logits nan=0 range=[-25.13,14.28]
  [diag] values nan=0 range=[-0.9692,0.9738]
[iter  75/80] steps=12273 rollout_wr=0.520 (ussr=0.620 us=0.420 panel=0.550) pl=-0.0205 vl=0.1648 ent=3.385 clip=0.209 kl=0.0079 t=34.1s (rollout=30.5s update=3.6s)
  [league] self: self | ussr_pool: ['iter_0040', 'iter_0070'] | us_pool: ['iter_0040', 'iter_0010']
  [pfsp]
    [ussr] iter_0040: WR=0.64(n=400) sym=0.919 ucb=0.075 → pfsp=0.993
    [ussr] iter_0070: WR=?(n=0) pfsp=1.000 (< MIN_GAMES)
    [us] iter_0040: WR=0.32(n=520) sym=0.864 ucb=0.065 → pfsp=0.929
    [us] iter_0010: WR=0.34(n=640) sym=0.902 ucb=0.059 → pfsp=0.961
  [diag] inf dtype=torch.float32 shape=torch.Size([2048, 172]) nan=0 inf_vals=0 range=[0.00,53.00]
  [diag] scalar dtype=torch.float32 nan=0 range=[-0.950,1.200]
  [diag] card_logits nan=0 range=[-24.18,13.19]
  [diag] values nan=0 range=[-0.9492,0.9656]
[iter  76/80] steps=12029 rollout_wr=0.495 (ussr=0.670 us=0.320 panel=0.400) pl=-0.0212 vl=0.1441 ent=3.429 clip=0.213 kl=0.0072 t=32.5s (rollout=28.9s update=3.5s)
  [league] self: self | ussr_pool: ['iter_0020', 'iter_0040'] | us_pool: ['iter_0070', 'iter_0060']
  [pfsp]
    [ussr] iter_0020: WR=0.67(n=480) sym=0.883 ucb=0.068 → pfsp=0.951
    [ussr] iter_0040: WR=0.65(n=440) sym=0.915 ucb=0.071 → pfsp=0.987
    [us] iter_0070: WR=0.34(n=80) sym=0.894 ucb=0.167 → pfsp=1.061
    [us] iter_0060: WR=0.33(n=80) sym=0.878 ucb=0.167 → pfsp=1.045
  [diag] inf dtype=torch.float32 shape=torch.Size([2048, 172]) nan=0 inf_vals=0 range=[0.00,42.00]
  [diag] scalar dtype=torch.float32 nan=0 range=[-0.950,1.050]
  [diag] card_logits nan=0 range=[-23.05,12.69]
  [diag] values nan=0 range=[-0.9737,0.9581]
[iter  77/80] steps=12509 rollout_wr=0.455 (ussr=0.590 us=0.320 panel=0.450) pl=-0.0131 vl=0.1385 ent=3.377 clip=0.197 kl=0.0092 ep=3/4 t=32.4s (rollout=29.5s update=2.9s)
  [league] self: self | ussr_pool: ['iter_0050', 'iter_0030'] | us_pool: ['iter_0010', 'iter_0040']
  [pfsp]
    [ussr] iter_0050: WR=0.66(n=240) sym=0.894 ucb=0.097 → pfsp=0.991
    [ussr] iter_0030: WR=0.64(n=680) sym=0.917 ucb=0.057 → pfsp=0.974
    [us] iter_0010: WR=0.35(n=680) sym=0.912 ucb=0.057 → pfsp=0.969
    [us] iter_0040: WR=0.31(n=560) sym=0.854 ucb=0.063 → pfsp=0.917
  [diag] inf dtype=torch.float32 shape=torch.Size([2048, 172]) nan=0 inf_vals=0 range=[0.00,46.00]
  [diag] scalar dtype=torch.float32 nan=0 range=[-0.900,1.200]
  [diag] card_logits nan=0 range=[-23.57,13.25]
  [diag] values nan=0 range=[-0.9730,0.9636]
[iter  78/80] steps=12449 rollout_wr=0.475 (ussr=0.670 us=0.280 panel=0.575) pl=-0.0252 vl=0.1304 ent=3.449 clip=0.242 kl=0.0098 ep=4/4 t=31.9s (rollout=28.3s update=3.7s)
  [league] self: self | ussr_pool: ['iter_0001', 'iter_0070'] | us_pool: ['iter_0030', 'iter_0040']
  [pfsp]
    [ussr] iter_0001: WR=0.68(n=1160) sym=0.868 ucb=0.044 → pfsp=0.912
    [ussr] iter_0070: WR=0.70(n=40) sym=0.840 ucb=0.237 → pfsp=1.077
    [us] iter_0030: WR=0.35(n=600) sym=0.916 ucb=0.061 → pfsp=0.977
    [us] iter_0040: WR=0.31(n=600) sym=0.850 ucb=0.061 → pfsp=0.912
  [diag] inf dtype=torch.float32 shape=torch.Size([2048, 172]) nan=0 inf_vals=0 range=[0.00,46.00]
  [diag] scalar dtype=torch.float32 nan=0 range=[-1.000,1.250]
  [diag] card_logits nan=0 range=[-23.19,14.09]
  [diag] values nan=0 range=[-0.9565,0.9709]
[iter  79/80] steps=11991 rollout_wr=0.520 (ussr=0.650 us=0.390 panel=0.525) pl=-0.0217 vl=0.1415 ent=3.397 clip=0.215 kl=0.0090 t=31.9s (rollout=28.5s update=3.4s)
  Saved to league pool: results/ppo_country_attn_v6/iter_0080.pt
  [league] self: self | ussr_pool: ['iter_0040', 'iter_0020'] | us_pool: ['iter_0020', 'iter_0030']
  [pfsp]
    [ussr] iter_0040: WR=0.64(n=480) sym=0.922 ucb=0.068 → pfsp=0.990
    [ussr] iter_0020: WR=0.67(n=520) sym=0.885 ucb=0.066 → pfsp=0.951
    [us] iter_0020: WR=0.31(n=520) sym=0.858 ucb=0.066 → pfsp=0.924
    [us] iter_0030: WR=0.36(n=640) sym=0.923 ucb=0.059 → pfsp=0.982
  [pfsp pool dump iter=80] N_ussr=8000 N_us=8000
    [ussr] heuristic            (fix) WR=0.372 n= 360 sym=0.935 ucb=0.079 → w=1.014
    [us] heuristic            (fix) WR=0.121 n= 480 sym=0.425 ucb=0.068 → w=0.493
    [ussr] iter_0001            (self) WR=0.682 n=1200 sym=0.867 ucb=0.043 → w=0.910
    [us] iter_0001            (self) WR=0.323 n= 800 sym=0.874 ucb=0.053 → w=0.927
    [ussr] iter_0010            (self) WR=0.682 n= 600 sym=0.868 ucb=0.061 → w=0.929
    [us] iter_0010            (self) WR=0.346 n= 720 sym=0.905 ucb=0.056 → w=0.961
    [ussr] iter_0020            (self) WR=0.666 n= 560 sym=0.890 ucb=0.063 → w=0.953
    [us] iter_0020            (self) WR=0.312 n= 560 sym=0.859 ucb=0.063 → w=0.923
    [ussr] iter_0030            (self) WR=0.644 n= 720 sym=0.917 ucb=0.056 → w=0.972
    [us] iter_0030            (self) WR=0.356 n= 680 sym=0.917 ucb=0.057 → w=0.974
    [ussr] iter_0040            (self) WR=0.637 n= 520 sym=0.925 ucb=0.066 → w=0.991
    [us] iter_0040            (self) WR=0.306 n= 640 sym=0.850 ucb=0.059 → w=0.909
    [ussr] iter_0050            (self) WR=0.657 n= 280 sym=0.901 ucb=0.090 → w=0.991
    [us] iter_0050            (self) WR=0.350 n= 240 sym=0.910 ucb=0.097 → w=1.007
    [ussr] iter_0060            (self) WR=0.673 n= 440 sym=0.881 ucb=0.071 → w=0.952
    [us] iter_0060            (self) WR=0.317 n= 120 sym=0.866 ucb=0.137 → w=1.002
    [ussr] iter_0070            (self) WR=0.662 n=  80 sym=0.894 ucb=0.168 → w=1.062
    [us] iter_0070            (self) WR=0.325 n= 120 sym=0.878 ucb=0.137 → w=1.014
    [ussr] ppo_best_scripted    (fix) WR=0.575 n= 360 sym=0.978 ucb=0.079 → w=1.057
    [us] ppo_best_scripted    (fix) WR=0.300 n= 560 sym=0.840 ucb=0.063 → w=0.903
    [ussr] v20_scripted         (fix) WR=0.636 n= 360 sym=0.926 ucb=0.079 → w=1.005
    [us] v20_scripted         (fix) WR=0.287 n= 400 sym=0.819 ucb=0.075 → w=0.894
    [ussr] v44_scripted         (fix) WR=0.566 n= 320 sym=0.983 ucb=0.084 → w=1.067
    [us] v44_scripted         (fix) WR=0.350 n= 320 sym=0.910 ucb=0.084 → w=0.994
    [ussr] v54_scripted         (fix) WR=0.625 n= 120 sym=0.938 ucb=0.137 → w=1.074
    [us] v54_scripted         (fix) WR=0.367 n= 400 sym=0.930 ucb=0.075 → w=1.005
    [ussr] v55_scripted         (fix) WR=0.621 n= 240 sym=0.942 ucb=0.097 → w=1.038
    [us] v55_scripted         (fix) WR=0.300 n= 160 sym=0.840 ucb=0.119 → w=0.959
    [ussr] v56_scripted         (fix) WR=0.596 n= 240 sym=0.963 ucb=0.097 → w=1.060
    [us] v56_scripted         (fix) WR=0.305 n= 200 sym=0.848 ucb=0.106 → w=0.954
  [diag] inf dtype=torch.float32 shape=torch.Size([2048, 172]) nan=0 inf_vals=0 range=[0.00,50.00]
  [diag] scalar dtype=torch.float32 nan=0 range=[-1.050,1.250]
  [diag] card_logits nan=0 range=[-23.51,13.44]
  [diag] values nan=0 range=[-0.9703,0.9769]
[iter  80/80] steps=11485 rollout_wr=0.490 (ussr=0.660 us=0.320 panel=0.625) pl=-0.0203 vl=0.1592 ent=3.394 clip=0.190 kl=0.0066 t=32.7s (rollout=29.3s update=3.4s)
  [jsd] iter=80 prev_iter=70 card_jsd=0.0060 top1=0.934 val_mae=0.0510
  [jsd] iter=80 vs_bc: card_jsd=0.1049 top1=0.675 val_mae=0.3048 (early=0.0730 mid=0.1203 late=0.1214)
  [confirm] launched incremental Elo check for iter 80
  [panel eval] launched pid=845909 iter=80 panel=['v56', 'v55', 'v54', 'v44', 'v20', 'ppo_best', 'ppo_best', 'heuristic']
  [panel eval] waiting for final panel eval to complete (up to 120s)...
  [panel eval iter 80] avg=0.581 elapsed=56s: v56=0.567 | v55=0.617 | v54=0.667 | v44=0.583 | v20=0.433 | ppo_ussr_only_v5=0.533 | ppo_us_only_v5=0.633 | heuristic=0.617
  [panel eval] NEW HIGH-WATER MARK iter=80 avg_wr=0.5813 → ppo_running_best.pt (provenance: ppo_iter0080.pt)
wandb: updating run metadata
wandb: uploading config.yaml; uploading output.log
wandb: 
wandb: Run history:
wandb:                 approx_kl █▄▂▂▂▂▂▅▂▂▁▁▃▂▁▂▃▂▆▃▄▁▅▄▄▅▄▃▅▃▅▄▄▄▄▄▇▄▄▅
wandb:             clip_fraction █▄▂▁▂▂▂▂▂▄▂▂▂▂▃▁▅▂▁▃▄▃▃▂▁▂▄▄▃▂▃▃▃▄▄▅▃▄▃▂
wandb:   core_scalar_weight_norm ▁▁▁▁▁▂▂▂▂▂▂▃▃▃▃▃▃▄▄▄▄▄▄▅▅▅▅▆▆▆▆▇▇▇▇▇██▇█
wandb:                  ent_coef █████▇▇▇▇▇▇▆▆▆▆▆▅▅▅▅▄▄▄▄▄▄▃▃▃▃▃▃▂▂▂▂▂▂▁▁
wandb:                   entropy █▄▄▃▅▄▃▆▆▄▅▅▆█▆▄▅▆▅▅▂▇▄▄▄▂▄▄▄▁▃▄▁▃▂▂▁▂▁▁
wandb: frame_context_weight_norm ██▇▇▇▇▇▇▆▆▅▅▅▅▅▄▄▄▄▄▄▃▃▃▃▂▂▃▂▃▂▂▂▂▂▂▂▁▁▁
wandb:               iter_time_s ▁▁▁▁▁▁▁▁▇▅▁▁▁▁▁▁▁▁▁▁▁▁▁▁▁▁▁▁▁▁█▆▁▁▁▁▁▁▁▁
wandb:      jsd/card_early_vs_bc ▁▃▄▅▅▆▇█
wandb:    jsd/card_early_vs_prev ▇▅▆▁▅█▁
wandb:       jsd/card_late_vs_bc ▁▂▃▄▅▅▇█
wandb:                      +207 ...
wandb: 
wandb: Run summary:
wandb:                 approx_kl 0.0066
wandb:             clip_fraction 0.19027
wandb:   core_scalar_weight_norm 4.06189
wandb:                  ent_coef 0.00627
wandb:                   entropy 3.39371
wandb: frame_context_weight_norm 1.99622
wandb:               iter_time_s 32.71807
wandb:      jsd/card_early_vs_bc 0.07303
wandb:    jsd/card_early_vs_prev 0.00371
wandb:       jsd/card_late_vs_bc 0.12135
wandb:                      +207 ...
wandb: 
wandb: 🚀 View run ppo_country_attn_v6 at: https://wandb.ai/korduban-ai/twilight-struggle-ai/runs/a4d1aaaf
wandb: ⭐️ View project at: https://wandb.ai/korduban-ai/twilight-struggle-ai
wandb: Synced 5 W&B file(s), 80 media file(s), 160 artifact file(s) and 0 other file(s)
wandb: Find logs at: ./wandb/run-20260419_225606-a4d1aaaf/logs

Training complete in 137.2 minutes
Checkpoints in: results/ppo_country_attn_v6
