Exporting checkpoints to TorchScript ...
  ppo_country_attn_v11_iter0050: already TorchScript, using directly
  ppo_country_attn_v11_iter0030: already TorchScript, using directly
  ppo_country_attn_v11_iter0020: already TorchScript, using directly
  ppo_country_attn_v11_iter0040: already TorchScript, using directly
  ppo_country_attn_v11_iter0010: already TorchScript, using directly
Loaded 5310 match results from SQL match_cache

Match schedule (45 total, 9 new, 36 reused from prior run):
  ppo_country_attn_v11_iter0050 vs ppo_country_attn_v11_iter0030
  ppo_country_attn_v11_iter0050 vs ppo_country_attn_v11_iter0020
  ppo_country_attn_v11_iter0050 vs ppo_country_attn_v11_iter0040
  ppo_country_attn_v11_iter0050 vs ppo_country_attn_v11_iter0010
  ppo_country_attn_v11_iter0050 vs v56
  ppo_country_attn_v11_iter0050 vs v54
  ppo_country_attn_v11_iter0050 vs v44
  ppo_country_attn_v11_iter0050 vs v20
  ppo_country_attn_v11_iter0050 vs v55
  ppo_country_attn_v11_iter0030 vs ppo_country_attn_v11_iter0020  [reuse]
  ppo_country_attn_v11_iter0030 vs ppo_country_attn_v11_iter0040  [reuse]
  ppo_country_attn_v11_iter0030 vs ppo_country_attn_v11_iter0010  [reuse]
  ppo_country_attn_v11_iter0030 vs v56  [reuse]
  ppo_country_attn_v11_iter0030 vs v54  [reuse]
  ppo_country_attn_v11_iter0030 vs v44  [reuse]
  ppo_country_attn_v11_iter0030 vs v20  [reuse]
  ppo_country_attn_v11_iter0030 vs v55  [reuse]
  ppo_country_attn_v11_iter0020 vs ppo_country_attn_v11_iter0040  [reuse]
  ppo_country_attn_v11_iter0020 vs ppo_country_attn_v11_iter0010  [reuse]
  ppo_country_attn_v11_iter0020 vs v56  [reuse]
  ppo_country_attn_v11_iter0020 vs v54  [reuse]
  ppo_country_attn_v11_iter0020 vs v44  [reuse]
  ppo_country_attn_v11_iter0020 vs v20  [reuse]
  ppo_country_attn_v11_iter0020 vs v55  [reuse]
  ppo_country_attn_v11_iter0040 vs ppo_country_attn_v11_iter0010  [reuse]
  ppo_country_attn_v11_iter0040 vs v56  [reuse]
  ppo_country_attn_v11_iter0040 vs v54  [reuse]
  ppo_country_attn_v11_iter0040 vs v44  [reuse]
  ppo_country_attn_v11_iter0040 vs v20  [reuse]
  ppo_country_attn_v11_iter0040 vs v55  [reuse]
  ppo_country_attn_v11_iter0010 vs v56  [reuse]
  ppo_country_attn_v11_iter0010 vs v54  [reuse]
  ppo_country_attn_v11_iter0010 vs v44  [reuse]
  ppo_country_attn_v11_iter0010 vs v20  [reuse]
  ppo_country_attn_v11_iter0010 vs v55  [reuse]
  v56 vs v54  [reuse]
  v56 vs v44  [reuse]
  v56 vs v20  [reuse]
  v56 vs v55  [reuse]
  v54 vs v44  [reuse]
  v54 vs v20  [reuse]
  v54 vs v55  [reuse]
  v44 vs v20  [reuse]
  v44 vs v55  [reuse]
  v20 vs v55  [reuse]

[new 1/9] ppo_country_attn_v11_iter0050 vs ppo_country_attn_v11_iter0030 (150 games = 75/side, seed=88000) ...
  ppo_country_attn_v11_iter0050: 69(46u/23s)  ppo_country_attn_v11_iter0030: 81(52u/29s)  draws: 0  WR(ppo_country_attn_v11_iter0050)=0.460  t=12.2s

[new 2/9] ppo_country_attn_v11_iter0050 vs ppo_country_attn_v11_iter0020 (150 games = 75/side, seed=88150) ...
  ppo_country_attn_v11_iter0050: 77(54u/23s)  ppo_country_attn_v11_iter0020: 73(52u/21s)  draws: 0  WR(ppo_country_attn_v11_iter0050)=0.513  t=12.0s

[new 3/9] ppo_country_attn_v11_iter0050 vs ppo_country_attn_v11_iter0040 (150 games = 75/side, seed=88300) ...
  ppo_country_attn_v11_iter0050: 65(43u/22s)  ppo_country_attn_v11_iter0040: 84(53u/31s)  draws: 1  WR(ppo_country_attn_v11_iter0050)=0.437  t=12.4s

[new 4/9] ppo_country_attn_v11_iter0050 vs ppo_country_attn_v11_iter0010 (150 games = 75/side, seed=88450) ...
  ppo_country_attn_v11_iter0050: 65(40u/25s)  ppo_country_attn_v11_iter0010: 81(49u/32s)  draws: 4  WR(ppo_country_attn_v11_iter0050)=0.447  t=13.1s

[new 5/9] ppo_country_attn_v11_iter0050 vs v56 (150 games = 75/side, seed=88600) ...
  ppo_country_attn_v11_iter0050: 60(39u/21s)  v56: 89(53u/36s)  draws: 1  WR(ppo_country_attn_v11_iter0050)=0.403  t=8.9s

[new 6/9] ppo_country_attn_v11_iter0050 vs v54 (150 games = 75/side, seed=88750) ...
  ppo_country_attn_v11_iter0050: 63(44u/19s)  v54: 83(53u/30s)  draws: 4  WR(ppo_country_attn_v11_iter0050)=0.433  t=9.0s

[new 7/9] ppo_country_attn_v11_iter0050 vs v44 (150 games = 75/side, seed=88900) ...
  ppo_country_attn_v11_iter0050: 70(44u/26s)  v44: 78(49u/29s)  draws: 2  WR(ppo_country_attn_v11_iter0050)=0.473  t=8.6s

[new 8/9] ppo_country_attn_v11_iter0050 vs v20 (150 games = 75/side, seed=89050) ...
  ppo_country_attn_v11_iter0050: 71(49u/22s)  v20: 76(51u/25s)  draws: 3  WR(ppo_country_attn_v11_iter0050)=0.483  t=9.3s

[new 9/9] ppo_country_attn_v11_iter0050 vs v55 (150 games = 75/side, seed=89200) ...
  ppo_country_attn_v11_iter0050: 69(41u/28s)  v55: 76(44u/32s)  draws: 5  WR(ppo_country_attn_v11_iter0050)=0.477  t=11.9s
  [reuse] ppo_country_attn_v11_iter0030 67(53u/14s) - 81(60u/21s) ppo_country_attn_v11_iter0020  draws=2  WR=0.453
  [reuse] ppo_country_attn_v11_iter0030 76(58u/18s) - 74(57u/17s) ppo_country_attn_v11_iter0040  draws=0  WR=0.507
  [reuse] ppo_country_attn_v11_iter0030 73(49u/24s) - 74(51u/23s) ppo_country_attn_v11_iter0010  draws=3  WR=0.497
  [reuse] ppo_country_attn_v11_iter0030 73(52u/21s) - 75(53u/22s) v56  draws=2  WR=0.493
  [reuse] ppo_country_attn_v11_iter0030 76(52u/24s) - 71(50u/21s) v54  draws=3  WR=0.517
  [reuse] ppo_country_attn_v11_iter0030 68(42u/26s) - 78(47u/31s) v44  draws=4  WR=0.467
  [reuse] ppo_country_attn_v11_iter0030 76(53u/23s) - 73(52u/21s) v20  draws=1  WR=0.510
  [reuse] ppo_country_attn_v11_iter0030 70(50u/20s) - 79(54u/25s) v55  draws=1  WR=0.470
  [reuse] ppo_country_attn_v11_iter0020 73(54u/19s) - 77(56u/21s) ppo_country_attn_v11_iter0040  draws=0  WR=0.487
  [reuse] ppo_country_attn_v11_iter0020 82(60u/22s) - 66(51u/15s) ppo_country_attn_v11_iter0010  draws=2  WR=0.553
  [reuse] ppo_country_attn_v11_iter0020 75(54u/21s) - 70(51u/19s) v56  draws=5  WR=0.517
  [reuse] ppo_country_attn_v11_iter0020 71(51u/20s) - 78(54u/24s) v54  draws=1  WR=0.477
  [reuse] ppo_country_attn_v11_iter0020 84(52u/32s) - 64(42u/22s) v44  draws=2  WR=0.567
  [reuse] ppo_country_attn_v11_iter0020 75(54u/21s) - 71(51u/20s) v20  draws=4  WR=0.513
  [reuse] ppo_country_attn_v11_iter0020 75(50u/25s) - 71(48u/23s) v55  draws=4  WR=0.513
  [reuse] ppo_country_attn_v11_iter0040 60(45u/15s) - 88(59u/29s) ppo_country_attn_v11_iter0010  draws=2  WR=0.407
  [reuse] ppo_country_attn_v11_iter0040 57(40u/17s) - 90(57u/33s) v56  draws=3  WR=0.390
  [reuse] ppo_country_attn_v11_iter0040 56(34u/22s) - 93(52u/41s) v54  draws=1  WR=0.377
  [reuse] ppo_country_attn_v11_iter0040 80(47u/33s) - 67(41u/26s) v44  draws=3  WR=0.543
  [reuse] ppo_country_attn_v11_iter0040 71(53u/18s) - 76(56u/20s) v20  draws=3  WR=0.483
  [reuse] ppo_country_attn_v11_iter0040 78(50u/28s) - 70(45u/25s) v55  draws=2  WR=0.527
  [reuse] ppo_country_attn_v11_iter0010 79(57u/22s) - 69(52u/17s) v56  draws=2  WR=0.533
  [reuse] ppo_country_attn_v11_iter0010 82(52u/30s) - 65(44u/21s) v54  draws=3  WR=0.557
  [reuse] ppo_country_attn_v11_iter0010 84(55u/29s) - 65(45u/20s) v44  draws=1  WR=0.563
  [reuse] ppo_country_attn_v11_iter0010 75(55u/20s) - 73(53u/20s) v20  draws=2  WR=0.507
  [reuse] ppo_country_attn_v11_iter0010 65(46u/19s) - 82(53u/29s) v55  draws=3  WR=0.443
  [reuse] v56 240(152u/88s) - 249(155u/94s) v54  draws=11  WR=0.491
  [reuse] v56 243(157u/86s) - 243(158u/85s) v44  draws=14  WR=0.500
  [reuse] v56 247(159u/88s) - 245(159u/86s) v20  draws=8  WR=0.502
  [reuse] v56 246(162u/84s) - 246(160u/86s) v55  draws=8  WR=0.500
  [reuse] v54 222(126u/96s) - 163(99u/64s) v44  draws=15  WR=0.574
  [reuse] v54 196(128u/68s) - 184(123u/61s) v20  draws=20  WR=0.515
  [reuse] v54 229(149u/80s) - 268(169u/99s) v55  draws=3  WR=0.461
  [reuse] v44 213(134u/79s) - 169(111u/58s) v20  draws=18  WR=0.555
  [reuse] v44 238(149u/89s) - 252(158u/94s) v55  draws=10  WR=0.486
  [reuse] v20 255(150u/105s) - 237(141u/96s) v55  draws=8  WR=0.518

Fitting BayesElo (bipartite per-side, anchor=v56_USSR=1900.0) ...
Fitting BayesElo (combined, for residual comparison) ...

Model                  USSR      US    Gap   Comb*                95% CI   vs anchor
  (bipartite per-side = PRIMARY, anchor: v56_USSR=1900)
  (* combined = derived from P(win) = 0.5·P_ussr + 0.5·P_us)
----------------------------------------------------------------------------------------
ppo_country_attn_v11_iter0010  1928   1767  +161    1907  [  1889,   1926]  +7
v54                   1888   1804  +84    1906  [  1892,   1919]  +6
ppo_country_attn_v11_iter0020  1946   1744  +203    1905  [  1886,   1923]  +5
v55                   1882   1800  +82    1902  [  1888,   1915]  +2
v56                   1900   1779  +121    1900  [  1900,   1900]  +0
v20                   1889   1769  +119    1891  [  1877,   1904]  -9
ppo_country_attn_v11_iter0030  1916   1741  +176    1891  [  1871,   1909]  -9
v44                   1859   1793  +65    1888  [  1874,   1902]  -12
ppo_country_attn_v11_iter0040  1882   1749  +133    1879  [  1860,   1898]  -21
ppo_country_attn_v11_iter0050  1843   1763  +81    1867  [  1848,   1886]  -33

Pair                              Obs WR   Bip WR   Comb WR   Bip err   Comb err
------------------------------------------------------------------------------------
ppo_country_attn_v11_iter0050 vs ppo_country_attn_v11_iter0030   0.460    0.468     0.467    -0.008     -0.007
ppo_country_attn_v11_iter0050 vs ppo_country_attn_v11_iter0020   0.513    0.449     0.446    +0.064     +0.067
ppo_country_attn_v11_iter0050 vs ppo_country_attn_v11_iter0040   0.437    0.484     0.483    -0.047     -0.046
ppo_country_attn_v11_iter0050 vs ppo_country_attn_v11_iter0010   0.447    0.443     0.442    +0.004     +0.005
ppo_country_attn_v11_iter0050 vs v56              0.403    0.452     0.453    -0.049     -0.049
ppo_country_attn_v11_iter0050 vs v54              0.433    0.442     0.445    -0.009     -0.011
ppo_country_attn_v11_iter0050 vs v44              0.473    0.469     0.470    +0.005     +0.003
ppo_country_attn_v11_iter0050 vs v20              0.483    0.466     0.466    +0.018     +0.018
ppo_country_attn_v11_iter0050 vs v55              0.477    0.448     0.450    +0.028     +0.026
ppo_country_attn_v11_iter0030 vs ppo_country_attn_v11_iter0020   0.453    0.482     0.479    -0.029     -0.026
ppo_country_attn_v11_iter0030 vs ppo_country_attn_v11_iter0040   0.507    0.515     0.516    -0.009     -0.009
ppo_country_attn_v11_iter0030 vs ppo_country_attn_v11_iter0010   0.497    0.478     0.475    +0.019     +0.022
ppo_country_attn_v11_iter0030 vs v56              0.493    0.487     0.486    +0.007     +0.008
ppo_country_attn_v11_iter0030 vs v54              0.517    0.478     0.478    +0.038     +0.039
ppo_country_attn_v11_iter0030 vs v44              0.467    0.503     0.503    -0.036     -0.036
ppo_country_attn_v11_iter0030 vs v20              0.510    0.499     0.499    +0.011     +0.011
ppo_country_attn_v11_iter0030 vs v55              0.470    0.484     0.483    -0.014     -0.013
ppo_country_attn_v11_iter0020 vs ppo_country_attn_v11_iter0040   0.487    0.534     0.537    -0.047     -0.050
ppo_country_attn_v11_iter0020 vs ppo_country_attn_v11_iter0010   0.553    0.497     0.496    +0.056     +0.058
ppo_country_attn_v11_iter0020 vs v56              0.517    0.507     0.507    +0.010     +0.010
ppo_country_attn_v11_iter0020 vs v54              0.477    0.499     0.499    -0.022     -0.022
ppo_country_attn_v11_iter0020 vs v44              0.567    0.524     0.524    +0.043     +0.043
ppo_country_attn_v11_iter0020 vs v20              0.513    0.519     0.520    -0.005     -0.007
ppo_country_attn_v11_iter0020 vs v55              0.513    0.505     0.504    +0.009     +0.009
ppo_country_attn_v11_iter0040 vs ppo_country_attn_v11_iter0010   0.407    0.461     0.459    -0.054     -0.052
ppo_country_attn_v11_iter0040 vs v56              0.390    0.470     0.470    -0.080     -0.080
ppo_country_attn_v11_iter0040 vs v54              0.377    0.461     0.462    -0.084     -0.085
ppo_country_attn_v11_iter0040 vs v44              0.543    0.486     0.487    +0.057     +0.056
ppo_country_attn_v11_iter0040 vs v20              0.483    0.483     0.483    +0.001     +0.000
ppo_country_attn_v11_iter0040 vs v55              0.527    0.466     0.468    +0.060     +0.059
ppo_country_attn_v11_iter0010 vs v56              0.533    0.510     0.511    +0.023     +0.022
ppo_country_attn_v11_iter0010 vs v54              0.557    0.503     0.503    +0.054     +0.054
ppo_country_attn_v11_iter0010 vs v44              0.563    0.528     0.528    +0.035     +0.035
ppo_country_attn_v11_iter0010 vs v20              0.507    0.523     0.524    -0.016     -0.017
ppo_country_attn_v11_iter0010 vs v55              0.443    0.508     0.509    -0.065     -0.065
v56            vs v54              0.491    0.492     0.492    -0.001     -0.001
v56            vs v44              0.500    0.518     0.517    -0.018     -0.017
v56            vs v20              0.502    0.513     0.513    -0.011     -0.011
v56            vs v55              0.500    0.498     0.498    +0.002     +0.002
v54            vs v44              0.574    0.527     0.525    +0.047     +0.048
v54            vs v20              0.515    0.522     0.521    -0.007     -0.006
v54            vs v55              0.461    0.506     0.506    -0.045     -0.045
v44            vs v20              0.555    0.496     0.496    +0.059     +0.059
v44            vs v55              0.486    0.479     0.480    +0.007     +0.006
v20            vs v55              0.518    0.484     0.484    +0.034     +0.034
------------------------------------------------------------------------------------
                                              RMSE    0.0378     0.0379
  (bipartite RMSE < combined RMSE → bipartite model better fit)

Saved to results/ppo_country_attn_v11/candidate_tournament.json
[sql] Tournament logged: round_robin_20260420T121219Z_ppo_country_attn_v11_iter0010_ppo_country_attn_v11_iter0020 → results/metadata.sqlite3

[candidate] Top-8 panel-eval candidates:
  iter 0050: avg_panel_wr=0.475  results/ppo_country_attn_v11/ppo_iter0050_scripted.pt
  iter 0030: avg_panel_wr=0.467  results/ppo_country_attn_v11/ppo_iter0030_scripted.pt
  iter 0020: avg_panel_wr=0.417  results/ppo_country_attn_v11/ppo_iter0020_scripted.pt
  iter 0040: avg_panel_wr=0.417  results/ppo_country_attn_v11/ppo_iter0040_scripted.pt
  iter 0010: avg_panel_wr=0.375  results/ppo_country_attn_v11/ppo_iter0010_scripted.pt
[candidate] Models in tournament: ['ppo_country_attn_v11_iter0050:results/ppo_country_attn_v11/ppo_iter0050_scripted.pt', 'ppo_country_attn_v11_iter0030:results/ppo_country_attn_v11/ppo_iter0030_scripted.pt', 'ppo_country_attn_v11_iter0020:results/ppo_country_attn_v11/ppo_iter0020_scripted.pt', 'ppo_country_attn_v11_iter0040:results/ppo_country_attn_v11/ppo_iter0040_scripted.pt', 'ppo_country_attn_v11_iter0010:results/ppo_country_attn_v11/ppo_iter0010_scripted.pt', 'v56:data/checkpoints/scripted_for_elo/v56_scripted.pt', 'v54:data/checkpoints/scripted_for_elo/v54_scripted.pt', 'v44:data/checkpoints/scripted_for_elo/v44_scripted.pt', 'v20:data/checkpoints/scripted_for_elo/v20_scripted.pt', 'v55:data/checkpoints/scripted_for_elo/v55_scripted.pt']
[candidate] Games per matchup: 150, anchor: v56=1900.0
[candidate] Running: /home/dkord/code/twilight-struggle-ai/.venv/bin/python3 scripts/run_elo_tournament.py --models ppo_country_attn_v11_iter0050:results/ppo_country_attn_v11/ppo_iter0050_scripted.pt ppo_country_attn_v11_iter0030:results/ppo_country_attn_v11/ppo_iter0030_scripted.pt ppo_country_attn_v11_iter0020:results/ppo_country_attn_v11/ppo_iter0020_scripted.pt ppo_country_attn_v11_iter0040:results/ppo_country_attn_v11/ppo_iter0040_scripted.pt ppo_country_attn_v11_iter0010:results/ppo_country_attn_v11/ppo_iter0010_scripted.pt v56:data/checkpoints/scripted_for_elo/v56_scripted.pt v54:data/checkpoints/scripted_for_elo/v54_scripted.pt v44:data/checkpoints/scripted_for_elo/v44_scripted.pt v20:data/checkpoints/scripted_for_elo/v20_scripted.pt v55:data/checkpoints/scripted_for_elo/v55_scripted.pt --games 150 --anchor v56 --anchor-elo 1900.0 --schedule round_robin --out results/ppo_country_attn_v11/candidate_tournament.json --script-dir data/checkpoints/scripted_for_elo

[candidate] Tournament results (candidates only):
  ppo_country_attn_v11_iter0010: Elo=1907.2 ← WINNER
  ppo_country_attn_v11_iter0020: Elo=1904.6
  ppo_country_attn_v11_iter0030: Elo=1890.8
  ppo_country_attn_v11_iter0040: Elo=1879.1
  ppo_country_attn_v11_iter0050: Elo=1866.7
[candidate] ppo_best.pt ← results/ppo_country_attn_v11/ppo_iter0010.pt
[candidate] ppo_best_scripted.pt ← results/ppo_country_attn_v11/ppo_iter0010_scripted.pt

[candidate] Done. Winner: ppo_country_attn_v11_iter0010 (Elo=1907.2)
[candidate] Full tournament results: results/ppo_country_attn_v11/candidate_tournament.json
=== ELO incremental placement: country_attn_v11 ===
Exporting checkpoints to TorchScript ...
Loaded 5319 match results from SQL match_cache

Match schedule (15 total, 0 new, 15 reused from prior run):
  v56 vs v54  [reuse]
  v56 vs v44  [reuse]
  v56 vs v20  [reuse]
  v56 vs v55  [reuse]
  v56 vs country_attn_v11  [reuse]
  v54 vs v44  [reuse]
  v54 vs v20  [reuse]
  v54 vs v55  [reuse]
  v54 vs country_attn_v11  [reuse]
  v44 vs v20  [reuse]
  v44 vs v55  [reuse]
  v44 vs country_attn_v11  [reuse]
  v20 vs v55  [reuse]
  v20 vs country_attn_v11  [reuse]
  v55 vs country_attn_v11  [reuse]
  [reuse] v56 240(152u/88s) - 249(155u/94s) v54  draws=11  WR=0.491
  [reuse] v56 243(157u/86s) - 243(158u/85s) v44  draws=14  WR=0.500
  [reuse] v56 247(159u/88s) - 245(159u/86s) v20  draws=8  WR=0.502
  [reuse] v56 246(162u/84s) - 246(160u/86s) v55  draws=8  WR=0.500
  [reuse] v56 102(67u/35s) - 95(64u/31s) country_attn_v11  draws=3  WR=0.517
  [reuse] v54 222(126u/96s) - 163(99u/64s) v44  draws=15  WR=0.574
  [reuse] v54 196(128u/68s) - 184(123u/61s) v20  draws=20  WR=0.515
  [reuse] v54 229(149u/80s) - 268(169u/99s) v55  draws=3  WR=0.461
  [reuse] v54 87(60u/27s) - 112(73u/39s) country_attn_v11  draws=1  WR=0.438
  [reuse] v44 213(134u/79s) - 169(111u/58s) v20  draws=18  WR=0.555
  [reuse] v44 238(149u/89s) - 252(158u/94s) v55  draws=10  WR=0.486
  [reuse] v44 103(66u/37s) - 96(63u/33s) country_attn_v11  draws=1  WR=0.517
  [reuse] v20 255(150u/105s) - 237(141u/96s) v55  draws=8  WR=0.518
  [reuse] v20 102(73u/29s) - 98(71u/27s) country_attn_v11  draws=0  WR=0.510
  [reuse] v55 101(76u/25s) - 96(75u/21s) country_attn_v11  draws=3  WR=0.512

Fitting BayesElo (bipartite per-side, anchor=v56_USSR=1900.0) ...
Fitting BayesElo (combined, for residual comparison) ...

Model                  USSR      US    Gap   Comb*                95% CI   vs anchor
  (bipartite per-side = PRIMARY, anchor: v56_USSR=1900)
  (* combined = derived from P(win) = 0.5·P_ussr + 0.5·P_us)
----------------------------------------------------------------------------------------
v55                   1901   1800  +101    1905  [  1891,   1920]  +5
v54                   1889   1807  +83    1903  [  1887,   1918]  +3
v56                   1900   1789  +111    1900  [  1900,   1900]  +0
country_attn_v11      1940   1749  +190    1900  [  1879,   1922]  -0
v44                   1879   1804  +75    1897  [  1882,   1912]  -3
v20                   1889   1789  +99    1895  [  1879,   1910]  -5

Pair                              Obs WR   Bip WR   Comb WR   Bip err   Comb err
------------------------------------------------------------------------------------
v56            vs v54              0.491    0.495     0.496    -0.004     -0.005
v56            vs v44              0.500    0.504     0.504    -0.004     -0.004
v56            vs v20              0.502    0.507     0.507    -0.005     -0.005
v56            vs v55              0.500    0.492     0.492    +0.008     +0.008
v56            vs country_attn_v11   0.517    0.500     0.499    +0.017     +0.018
v54            vs v44              0.574    0.509     0.508    +0.065     +0.066
v54            vs v20              0.515    0.512     0.511    +0.003     +0.004
v54            vs v55              0.461    0.497     0.496    -0.036     -0.035
v54            vs country_attn_v11   0.438    0.504     0.503    -0.067     -0.065
v44            vs v20              0.555    0.503     0.503    +0.052     +0.052
v44            vs v55              0.486    0.488     0.488    -0.002     -0.002
v44            vs country_attn_v11   0.517    0.496     0.495    +0.022     +0.023
v20            vs v55              0.518    0.485     0.485    +0.033     +0.033
v20            vs country_attn_v11   0.510    0.493     0.492    +0.017     +0.018
v55            vs country_attn_v11   0.512    0.507     0.507    +0.005     +0.006
------------------------------------------------------------------------------------
                                              RMSE    0.0315     0.0316
  (bipartite RMSE < combined RMSE → bipartite model better fit)

Saved to results/logs/elo/elo_country_attn_v11_incremental.json
[sql] Tournament logged: incremental_20260420T121221Z_country_attn_v11_v20 → results/metadata.sqlite3
[confirm] Merged $VERSION into results/elo/elo_full_ladder.json: elo=1900
Done. country_attn_v11: elo=1900 elo_ussr=1940 elo_us=1749
