Exporting checkpoints to TorchScript ...
  ppo_country_attn_v11_iter0030: already TorchScript, using directly
  ppo_country_attn_v11_iter0020: already TorchScript, using directly
  ppo_country_attn_v11_iter0010: already TorchScript, using directly
Loaded 5295 match results from SQL match_cache

Match schedule (28 total, 7 new, 21 reused from prior run):
  ppo_country_attn_v11_iter0030 vs ppo_country_attn_v11_iter0020
  ppo_country_attn_v11_iter0030 vs ppo_country_attn_v11_iter0010
  ppo_country_attn_v11_iter0030 vs v56
  ppo_country_attn_v11_iter0030 vs v54
  ppo_country_attn_v11_iter0030 vs v44
  ppo_country_attn_v11_iter0030 vs v20
  ppo_country_attn_v11_iter0030 vs v55
  ppo_country_attn_v11_iter0020 vs ppo_country_attn_v11_iter0010  [reuse]
  ppo_country_attn_v11_iter0020 vs v56  [reuse]
  ppo_country_attn_v11_iter0020 vs v54  [reuse]
  ppo_country_attn_v11_iter0020 vs v44  [reuse]
  ppo_country_attn_v11_iter0020 vs v20  [reuse]
  ppo_country_attn_v11_iter0020 vs v55  [reuse]
  ppo_country_attn_v11_iter0010 vs v56  [reuse]
  ppo_country_attn_v11_iter0010 vs v54  [reuse]
  ppo_country_attn_v11_iter0010 vs v44  [reuse]
  ppo_country_attn_v11_iter0010 vs v20  [reuse]
  ppo_country_attn_v11_iter0010 vs v55  [reuse]
  v56 vs v54  [reuse]
  v56 vs v44  [reuse]
  v56 vs v20  [reuse]
  v56 vs v55  [reuse]
  v54 vs v44  [reuse]
  v54 vs v20  [reuse]
  v54 vs v55  [reuse]
  v44 vs v20  [reuse]
  v44 vs v55  [reuse]
  v20 vs v55  [reuse]

[new 1/7] ppo_country_attn_v11_iter0030 vs ppo_country_attn_v11_iter0020 (150 games = 75/side, seed=88000) ...
  ppo_country_attn_v11_iter0030: 67(53u/14s)  ppo_country_attn_v11_iter0020: 81(60u/21s)  draws: 2  WR(ppo_country_attn_v11_iter0030)=0.453  t=12.0s

[new 2/7] ppo_country_attn_v11_iter0030 vs ppo_country_attn_v11_iter0010 (150 games = 75/side, seed=88150) ...
  ppo_country_attn_v11_iter0030: 73(49u/24s)  ppo_country_attn_v11_iter0010: 74(51u/23s)  draws: 3  WR(ppo_country_attn_v11_iter0030)=0.497  t=12.4s

[new 3/7] ppo_country_attn_v11_iter0030 vs v56 (150 games = 75/side, seed=88300) ...
  ppo_country_attn_v11_iter0030: 73(52u/21s)  v56: 75(53u/22s)  draws: 2  WR(ppo_country_attn_v11_iter0030)=0.493  t=8.6s

[new 4/7] ppo_country_attn_v11_iter0030 vs v54 (150 games = 75/side, seed=88450) ...
  ppo_country_attn_v11_iter0030: 76(52u/24s)  v54: 71(50u/21s)  draws: 3  WR(ppo_country_attn_v11_iter0030)=0.517  t=8.8s

[new 5/7] ppo_country_attn_v11_iter0030 vs v44 (150 games = 75/side, seed=88600) ...
  ppo_country_attn_v11_iter0030: 68(42u/26s)  v44: 78(47u/31s)  draws: 4  WR(ppo_country_attn_v11_iter0030)=0.467  t=8.9s

[new 6/7] ppo_country_attn_v11_iter0030 vs v20 (150 games = 75/side, seed=88750) ...
  ppo_country_attn_v11_iter0030: 76(53u/23s)  v20: 73(52u/21s)  draws: 1  WR(ppo_country_attn_v11_iter0030)=0.510  t=9.0s

[new 7/7] ppo_country_attn_v11_iter0030 vs v55 (150 games = 75/side, seed=88900) ...
  ppo_country_attn_v11_iter0030: 70(50u/20s)  v55: 79(54u/25s)  draws: 1  WR(ppo_country_attn_v11_iter0030)=0.470  t=12.0s
  [reuse] ppo_country_attn_v11_iter0020 82(60u/22s) - 66(51u/15s) ppo_country_attn_v11_iter0010  draws=2  WR=0.553
  [reuse] ppo_country_attn_v11_iter0020 75(54u/21s) - 70(51u/19s) v56  draws=5  WR=0.517
  [reuse] ppo_country_attn_v11_iter0020 71(51u/20s) - 78(54u/24s) v54  draws=1  WR=0.477
  [reuse] ppo_country_attn_v11_iter0020 84(52u/32s) - 64(42u/22s) v44  draws=2  WR=0.567
  [reuse] ppo_country_attn_v11_iter0020 75(54u/21s) - 71(51u/20s) v20  draws=4  WR=0.513
  [reuse] ppo_country_attn_v11_iter0020 75(50u/25s) - 71(48u/23s) v55  draws=4  WR=0.513
  [reuse] ppo_country_attn_v11_iter0010 79(57u/22s) - 69(52u/17s) v56  draws=2  WR=0.533
  [reuse] ppo_country_attn_v11_iter0010 82(52u/30s) - 65(44u/21s) v54  draws=3  WR=0.557
  [reuse] ppo_country_attn_v11_iter0010 84(55u/29s) - 65(45u/20s) v44  draws=1  WR=0.563
  [reuse] ppo_country_attn_v11_iter0010 75(55u/20s) - 73(53u/20s) v20  draws=2  WR=0.507
  [reuse] ppo_country_attn_v11_iter0010 65(46u/19s) - 82(53u/29s) v55  draws=3  WR=0.443
  [reuse] v56 240(152u/88s) - 249(155u/94s) v54  draws=11  WR=0.491
  [reuse] v56 243(157u/86s) - 243(158u/85s) v44  draws=14  WR=0.500
  [reuse] v56 247(159u/88s) - 245(159u/86s) v20  draws=8  WR=0.502
  [reuse] v56 246(162u/84s) - 246(160u/86s) v55  draws=8  WR=0.500
  [reuse] v54 222(126u/96s) - 163(99u/64s) v44  draws=15  WR=0.574
  [reuse] v54 196(128u/68s) - 184(123u/61s) v20  draws=20  WR=0.515
  [reuse] v54 229(149u/80s) - 268(169u/99s) v55  draws=3  WR=0.461
  [reuse] v44 213(134u/79s) - 169(111u/58s) v20  draws=18  WR=0.555
  [reuse] v44 238(149u/89s) - 252(158u/94s) v55  draws=10  WR=0.486
  [reuse] v20 255(150u/105s) - 237(141u/96s) v55  draws=8  WR=0.518

Fitting BayesElo (bipartite per-side, anchor=v56_USSR=1900.0) ...
Fitting BayesElo (combined, for residual comparison) ...

Model                  USSR      US    Gap   Comb*                95% CI   vs anchor
  (bipartite per-side = PRIMARY, anchor: v56_USSR=1900)
  (* combined = derived from P(win) = 0.5·P_ussr + 0.5·P_us)
----------------------------------------------------------------------------------------
ppo_country_attn_v11_iter0020  1959   1763  +196    1919  [  1899,   1942]  +19
v55                   1890   1804  +86    1909  [  1895,   1923]  +9
ppo_country_attn_v11_iter0010  1934   1759  +175    1908  [  1887,   1930]  +8
v54                   1888   1801  +87    1907  [  1892,   1921]  +7
v56                   1900   1774  +126    1900  [  1900,   1900]  +0
v20                   1886   1780  +105    1896  [  1882,   1911]  -4
ppo_country_attn_v11_iter0030  1915   1749  +166    1896  [  1875,   1917]  -4
v44                   1865   1798  +67    1895  [  1880,   1910]  -5

Pair                              Obs WR   Bip WR   Comb WR   Bip err   Comb err
------------------------------------------------------------------------------------
ppo_country_attn_v11_iter0030 vs ppo_country_attn_v11_iter0020   0.453    0.468     0.464    -0.015     -0.011
ppo_country_attn_v11_iter0030 vs ppo_country_attn_v11_iter0010   0.497    0.484     0.481    +0.013     +0.015
ppo_country_attn_v11_iter0030 vs v56              0.493    0.494     0.494    -0.001     -0.001
ppo_country_attn_v11_iter0030 vs v54              0.517    0.485     0.485    +0.032     +0.032
ppo_country_attn_v11_iter0030 vs v44              0.467    0.501     0.501    -0.034     -0.034
ppo_country_attn_v11_iter0030 vs v20              0.510    0.499     0.499    +0.011     +0.011
ppo_country_attn_v11_iter0030 vs v55              0.470    0.481     0.481    -0.011     -0.011
ppo_country_attn_v11_iter0020 vs ppo_country_attn_v11_iter0010   0.553    0.516     0.517    +0.037     +0.036
ppo_country_attn_v11_iter0020 vs v56              0.517    0.528     0.529    -0.011     -0.013
ppo_country_attn_v11_iter0020 vs v54              0.477    0.520     0.520    -0.043     -0.044
ppo_country_attn_v11_iter0020 vs v44              0.567    0.536     0.537    +0.030     +0.030
ppo_country_attn_v11_iter0020 vs v20              0.513    0.533     0.535    -0.020     -0.022
ppo_country_attn_v11_iter0020 vs v55              0.513    0.516     0.516    -0.003     -0.003
ppo_country_attn_v11_iter0010 vs v56              0.533    0.511     0.512    +0.022     +0.021
ppo_country_attn_v11_iter0010 vs v54              0.557    0.502     0.503    +0.054     +0.053
ppo_country_attn_v11_iter0010 vs v44              0.563    0.518     0.520    +0.045     +0.044
ppo_country_attn_v11_iter0010 vs v20              0.507    0.516     0.518    -0.010     -0.011
ppo_country_attn_v11_iter0010 vs v55              0.443    0.499     0.499    -0.055     -0.056
v56            vs v54              0.491    0.490     0.491    +0.001     +0.000
v56            vs v44              0.500    0.507     0.507    -0.007     -0.007
v56            vs v20              0.502    0.505     0.505    -0.003     -0.003
v56            vs v55              0.500    0.486     0.487    +0.014     +0.013
v54            vs v44              0.574    0.517     0.516    +0.056     +0.057
v54            vs v20              0.515    0.515     0.515    -0.000     +0.000
v54            vs v55              0.461    0.496     0.496    -0.035     -0.035
v44            vs v20              0.555    0.498     0.498    +0.057     +0.057
v44            vs v55              0.486    0.479     0.480    +0.007     +0.006
v20            vs v55              0.518    0.481     0.481    +0.037     +0.037
------------------------------------------------------------------------------------
                                              RMSE    0.0301     0.0301
  (bipartite RMSE >= combined RMSE → bipartite model not better fit)

Saved to results/ppo_country_attn_v11/candidate_tournament.json
[sql] Tournament logged: round_robin_20260420T120335Z_ppo_country_attn_v11_iter0010_ppo_country_attn_v11_iter0020 → results/metadata.sqlite3

[candidate] Top-8 panel-eval candidates:
  iter 0030: avg_panel_wr=0.467  results/ppo_country_attn_v11/ppo_iter0030_scripted.pt
  iter 0020: avg_panel_wr=0.417  results/ppo_country_attn_v11/ppo_iter0020_scripted.pt
  iter 0010: avg_panel_wr=0.375  results/ppo_country_attn_v11/ppo_iter0010_scripted.pt
[candidate] Models in tournament: ['ppo_country_attn_v11_iter0030:results/ppo_country_attn_v11/ppo_iter0030_scripted.pt', 'ppo_country_attn_v11_iter0020:results/ppo_country_attn_v11/ppo_iter0020_scripted.pt', 'ppo_country_attn_v11_iter0010:results/ppo_country_attn_v11/ppo_iter0010_scripted.pt', 'v56:data/checkpoints/scripted_for_elo/v56_scripted.pt', 'v54:data/checkpoints/scripted_for_elo/v54_scripted.pt', 'v44:data/checkpoints/scripted_for_elo/v44_scripted.pt', 'v20:data/checkpoints/scripted_for_elo/v20_scripted.pt', 'v55:data/checkpoints/scripted_for_elo/v55_scripted.pt']
[candidate] Games per matchup: 150, anchor: v56=1900.0
[candidate] Running: /home/dkord/code/twilight-struggle-ai/.venv/bin/python3 scripts/run_elo_tournament.py --models ppo_country_attn_v11_iter0030:results/ppo_country_attn_v11/ppo_iter0030_scripted.pt ppo_country_attn_v11_iter0020:results/ppo_country_attn_v11/ppo_iter0020_scripted.pt ppo_country_attn_v11_iter0010:results/ppo_country_attn_v11/ppo_iter0010_scripted.pt v56:data/checkpoints/scripted_for_elo/v56_scripted.pt v54:data/checkpoints/scripted_for_elo/v54_scripted.pt v44:data/checkpoints/scripted_for_elo/v44_scripted.pt v20:data/checkpoints/scripted_for_elo/v20_scripted.pt v55:data/checkpoints/scripted_for_elo/v55_scripted.pt --games 150 --anchor v56 --anchor-elo 1900.0 --schedule round_robin --out results/ppo_country_attn_v11/candidate_tournament.json --script-dir data/checkpoints/scripted_for_elo

[candidate] Tournament results (candidates only):
  ppo_country_attn_v11_iter0020: Elo=1919.3 ← WINNER
  ppo_country_attn_v11_iter0010: Elo=1907.7
  ppo_country_attn_v11_iter0030: Elo=1895.9
[candidate] ppo_best.pt ← results/ppo_country_attn_v11/ppo_iter0020.pt
[candidate] ppo_best_scripted.pt ← results/ppo_country_attn_v11/ppo_iter0020_scripted.pt

[candidate] Done. Winner: ppo_country_attn_v11_iter0020 (Elo=1919.3)
[candidate] Full tournament results: results/ppo_country_attn_v11/candidate_tournament.json
=== ELO incremental placement: country_attn_v11 ===
Exporting checkpoints to TorchScript ...
Loaded 5302 match results from SQL match_cache

Match schedule (15 total, 0 new, 15 reused from prior run):
  v56 vs v54  [reuse]
  v56 vs v44  [reuse]
  v56 vs v20  [reuse]
  v56 vs v55  [reuse]
  v56 vs country_attn_v11  [reuse]
  v54 vs v44  [reuse]
  v54 vs v20  [reuse]
  v54 vs v55  [reuse]
  v54 vs country_attn_v11  [reuse]
  v44 vs v20  [reuse]
  v44 vs v55  [reuse]
  v44 vs country_attn_v11  [reuse]
  v20 vs v55  [reuse]
  v20 vs country_attn_v11  [reuse]
  v55 vs country_attn_v11  [reuse]
  [reuse] v56 240(152u/88s) - 249(155u/94s) v54  draws=11  WR=0.491
  [reuse] v56 243(157u/86s) - 243(158u/85s) v44  draws=14  WR=0.500
  [reuse] v56 247(159u/88s) - 245(159u/86s) v20  draws=8  WR=0.502
  [reuse] v56 246(162u/84s) - 246(160u/86s) v55  draws=8  WR=0.500
  [reuse] v56 102(67u/35s) - 95(64u/31s) country_attn_v11  draws=3  WR=0.517
  [reuse] v54 222(126u/96s) - 163(99u/64s) v44  draws=15  WR=0.574
  [reuse] v54 196(128u/68s) - 184(123u/61s) v20  draws=20  WR=0.515
  [reuse] v54 229(149u/80s) - 268(169u/99s) v55  draws=3  WR=0.461
  [reuse] v54 87(60u/27s) - 112(73u/39s) country_attn_v11  draws=1  WR=0.438
  [reuse] v44 213(134u/79s) - 169(111u/58s) v20  draws=18  WR=0.555
  [reuse] v44 238(149u/89s) - 252(158u/94s) v55  draws=10  WR=0.486
  [reuse] v44 103(66u/37s) - 96(63u/33s) country_attn_v11  draws=1  WR=0.517
  [reuse] v20 255(150u/105s) - 237(141u/96s) v55  draws=8  WR=0.518
  [reuse] v20 102(73u/29s) - 98(71u/27s) country_attn_v11  draws=0  WR=0.510
  [reuse] v55 101(76u/25s) - 96(75u/21s) country_attn_v11  draws=3  WR=0.512

Fitting BayesElo (bipartite per-side, anchor=v56_USSR=1900.0) ...
Fitting BayesElo (combined, for residual comparison) ...

Model                  USSR      US    Gap   Comb*                95% CI   vs anchor
  (bipartite per-side = PRIMARY, anchor: v56_USSR=1900)
  (* combined = derived from P(win) = 0.5·P_ussr + 0.5·P_us)
----------------------------------------------------------------------------------------
v55                   1901   1800  +101    1905  [  1891,   1920]  +5
v54                   1889   1807  +83    1903  [  1887,   1918]  +3
v56                   1900   1789  +111    1900  [  1900,   1900]  +0
country_attn_v11      1940   1749  +190    1900  [  1879,   1922]  -0
v44                   1879   1804  +75    1897  [  1882,   1912]  -3
v20                   1889   1789  +99    1895  [  1879,   1910]  -5

Pair                              Obs WR   Bip WR   Comb WR   Bip err   Comb err
------------------------------------------------------------------------------------
v56            vs v54              0.491    0.495     0.496    -0.004     -0.005
v56            vs v44              0.500    0.504     0.504    -0.004     -0.004
v56            vs v20              0.502    0.507     0.507    -0.005     -0.005
v56            vs v55              0.500    0.492     0.492    +0.008     +0.008
v56            vs country_attn_v11   0.517    0.500     0.499    +0.017     +0.018
v54            vs v44              0.574    0.509     0.508    +0.065     +0.066
v54            vs v20              0.515    0.512     0.511    +0.003     +0.004
v54            vs v55              0.461    0.497     0.496    -0.036     -0.035
v54            vs country_attn_v11   0.438    0.504     0.503    -0.067     -0.065
v44            vs v20              0.555    0.503     0.503    +0.052     +0.052
v44            vs v55              0.486    0.488     0.488    -0.002     -0.002
v44            vs country_attn_v11   0.517    0.496     0.495    +0.022     +0.023
v20            vs v55              0.518    0.485     0.485    +0.033     +0.033
v20            vs country_attn_v11   0.510    0.493     0.492    +0.017     +0.018
v55            vs country_attn_v11   0.512    0.507     0.507    +0.005     +0.006
------------------------------------------------------------------------------------
                                              RMSE    0.0315     0.0316
  (bipartite RMSE < combined RMSE → bipartite model better fit)

Saved to results/logs/elo/elo_country_attn_v11_incremental.json
[sql] Tournament logged: incremental_20260420T120336Z_country_attn_v11_v20 → results/metadata.sqlite3
[confirm] Merged $VERSION into results/elo/elo_full_ladder.json: elo=1900
Done. country_attn_v11: elo=1900 elo_ussr=1940 elo_us=1749
