No panel_eval_history.json for country_attn_v11 — skipping candidate tournament
=== ELO incremental placement: country_attn_v11 ===
Exporting checkpoints to TorchScript ...
  country_attn_v11: already TorchScript, using directly
Loaded 5279 match results from SQL match_cache

Match schedule (15 total, 5 new, 10 reused from prior run):
  v56 vs v54  [reuse]
  v56 vs v44  [reuse]
  v56 vs v20  [reuse]
  v56 vs v55  [reuse]
  v56 vs country_attn_v11
  v54 vs v44  [reuse]
  v54 vs v20  [reuse]
  v54 vs v55  [reuse]
  v54 vs country_attn_v11
  v44 vs v20  [reuse]
  v44 vs v55  [reuse]
  v44 vs country_attn_v11
  v20 vs v55  [reuse]
  v20 vs country_attn_v11
  v55 vs country_attn_v11
  [reuse] v56 240(152u/88s) - 249(155u/94s) v54  draws=11  WR=0.491
  [reuse] v56 243(157u/86s) - 243(158u/85s) v44  draws=14  WR=0.500
  [reuse] v56 247(159u/88s) - 245(159u/86s) v20  draws=8  WR=0.502
  [reuse] v56 246(162u/84s) - 246(160u/86s) v55  draws=8  WR=0.500

[new 1/5] v56 vs country_attn_v11 (200 games = 100/side, seed=88000) ...
  v56: 102(67u/35s)  country_attn_v11: 95(64u/31s)  draws: 3  WR(v56)=0.517  t=11.9s
  [reuse] v54 222(126u/96s) - 163(99u/64s) v44  draws=15  WR=0.574
  [reuse] v54 196(128u/68s) - 184(123u/61s) v20  draws=20  WR=0.515
  [reuse] v54 229(149u/80s) - 268(169u/99s) v55  draws=3  WR=0.461

[new 2/5] v54 vs country_attn_v11 (200 games = 100/side, seed=88200) ...
  v54: 87(60u/27s)  country_attn_v11: 112(73u/39s)  draws: 1  WR(v54)=0.438  t=11.7s
  [reuse] v44 213(134u/79s) - 169(111u/58s) v20  draws=18  WR=0.555
  [reuse] v44 238(149u/89s) - 252(158u/94s) v55  draws=10  WR=0.486

[new 3/5] v44 vs country_attn_v11 (200 games = 100/side, seed=88400) ...
  v44: 103(66u/37s)  country_attn_v11: 96(63u/33s)  draws: 1  WR(v44)=0.517  t=11.7s
  [reuse] v20 255(150u/105s) - 237(141u/96s) v55  draws=8  WR=0.518

[new 4/5] v20 vs country_attn_v11 (200 games = 100/side, seed=88600) ...
  v20: 102(73u/29s)  country_attn_v11: 98(71u/27s)  draws: 0  WR(v20)=0.510  t=11.5s

[new 5/5] v55 vs country_attn_v11 (200 games = 100/side, seed=88800) ...
  v55: 101(76u/25s)  country_attn_v11: 96(75u/21s)  draws: 3  WR(v55)=0.512  t=15.4s

Fitting BayesElo (bipartite per-side, anchor=v56_USSR=1900.0) ...
Fitting BayesElo (combined, for residual comparison) ...

Model                  USSR      US    Gap   Comb*                95% CI   vs anchor
  (bipartite per-side = PRIMARY, anchor: v56_USSR=1900)
  (* combined = derived from P(win) = 0.5·P_ussr + 0.5·P_us)
----------------------------------------------------------------------------------------
v55                   1901   1800  +101    1905  [  1891,   1920]  +5
v54                   1889   1807  +83    1903  [  1887,   1918]  +3
v56                   1900   1789  +111    1900  [  1900,   1900]  +0
country_attn_v11      1940   1749  +190    1900  [  1879,   1922]  -0
v44                   1879   1804  +75    1897  [  1882,   1912]  -3
v20                   1889   1789  +99    1895  [  1879,   1910]  -5

Pair                              Obs WR   Bip WR   Comb WR   Bip err   Comb err
------------------------------------------------------------------------------------
v56            vs v54              0.491    0.495     0.496    -0.004     -0.005
v56            vs v44              0.500    0.504     0.504    -0.004     -0.004
v56            vs v20              0.502    0.507     0.507    -0.005     -0.005
v56            vs v55              0.500    0.492     0.492    +0.008     +0.008
v56            vs country_attn_v11   0.517    0.500     0.499    +0.017     +0.018
v54            vs v44              0.574    0.509     0.508    +0.065     +0.066
v54            vs v20              0.515    0.512     0.511    +0.003     +0.004
v54            vs v55              0.461    0.497     0.496    -0.036     -0.035
v54            vs country_attn_v11   0.438    0.504     0.503    -0.067     -0.065
v44            vs v20              0.555    0.503     0.503    +0.052     +0.052
v44            vs v55              0.486    0.488     0.488    -0.002     -0.002
v44            vs country_attn_v11   0.517    0.496     0.495    +0.022     +0.023
v20            vs v55              0.518    0.485     0.485    +0.033     +0.033
v20            vs country_attn_v11   0.510    0.493     0.492    +0.017     +0.018
v55            vs country_attn_v11   0.512    0.507     0.507    +0.005     +0.006
------------------------------------------------------------------------------------
                                              RMSE    0.0315     0.0316
  (bipartite RMSE < combined RMSE → bipartite model better fit)

Saved to results/logs/elo/elo_country_attn_v11_incremental.json
[sql] Tournament logged: incremental_20260420T115100Z_country_attn_v11_v20 → results/metadata.sqlite3
[confirm] Merged $VERSION into results/elo/elo_full_ladder.json: elo=1900
Done. country_attn_v11: elo=1900 elo_ussr=1940 elo_us=1749
