[Sat Apr 18 22:58:35 UTC 2026] Comparing gnn_card_attn_gated vs parent on v7 data
  data=data/awr_eval/awr_panel_v7.parquet n=30 epochs, tau=1.0, seed=42

[Sat Apr 18 22:58:35 UTC 2026] Training control_feat_gnn_card_attn ...
Traceback (most recent call last):
  File "<string>", line 4, in <module>
AttributeError: 'dict' object has no attribute 'eval'
[Sat Apr 18 23:50:17 UTC 2026] Benchmarking control_feat_gnn_card_attn ...
[Sat Apr 18 23:50:21 UTC 2026] control_feat_gnn_card_attn done: val_adv= vs_heur=err avg=?

[Sat Apr 18 23:50:21 UTC 2026] Training gnn_card_attn_gated ...
Traceback (most recent call last):
  File "<string>", line 4, in <module>
AttributeError: 'dict' object has no attribute 'eval'
[Sun Apr 19 00:42:15 UTC 2026] Benchmarking gnn_card_attn_gated ...
[Sun Apr 19 00:42:20 UTC 2026] gnn_card_attn_gated done: val_adv= vs_heur=err avg=?

=== RESULTS ===
Architecture                                val_adv  ep  vs_heur  avg_8panel
------------------------------------------------------------
control_feat_gnn_card_attn                    ?  err  ?
gnn_card_attn_gated                           ?  err  ?
[Sun Apr 19 00:42:20 UTC 2026] Done.
