Exporting checkpoints to TorchScript ...
  ppo_gnn_card_attn_v2_iter0150: already TorchScript, using directly
  ppo_gnn_card_attn_v2_iter0020: already TorchScript, using directly
  ppo_gnn_card_attn_v2_iter0100: already TorchScript, using directly
  ppo_gnn_card_attn_v2_iter0040: already TorchScript, using directly
  ppo_gnn_card_attn_v2_iter0010: already TorchScript, using directly
  ppo_gnn_card_attn_v2_iter0030: already TorchScript, using directly
Loaded 6067 match results from SQL match_cache

Match schedule (55 total, 10 new, 45 reused from prior run):
  ppo_gnn_card_attn_v2_iter0150 vs ppo_gnn_card_attn_v2_iter0020
  ppo_gnn_card_attn_v2_iter0150 vs ppo_gnn_card_attn_v2_iter0100
  ppo_gnn_card_attn_v2_iter0150 vs ppo_gnn_card_attn_v2_iter0040
  ppo_gnn_card_attn_v2_iter0150 vs ppo_gnn_card_attn_v2_iter0010
  ppo_gnn_card_attn_v2_iter0150 vs ppo_gnn_card_attn_v2_iter0030
  ppo_gnn_card_attn_v2_iter0150 vs v56
  ppo_gnn_card_attn_v2_iter0150 vs v54
  ppo_gnn_card_attn_v2_iter0150 vs v44
  ppo_gnn_card_attn_v2_iter0150 vs v20
  ppo_gnn_card_attn_v2_iter0150 vs v55
  ppo_gnn_card_attn_v2_iter0020 vs ppo_gnn_card_attn_v2_iter0100  [reuse]
  ppo_gnn_card_attn_v2_iter0020 vs ppo_gnn_card_attn_v2_iter0040  [reuse]
  ppo_gnn_card_attn_v2_iter0020 vs ppo_gnn_card_attn_v2_iter0010  [reuse]
  ppo_gnn_card_attn_v2_iter0020 vs ppo_gnn_card_attn_v2_iter0030  [reuse]
  ppo_gnn_card_attn_v2_iter0020 vs v56  [reuse]
  ppo_gnn_card_attn_v2_iter0020 vs v54  [reuse]
  ppo_gnn_card_attn_v2_iter0020 vs v44  [reuse]
  ppo_gnn_card_attn_v2_iter0020 vs v20  [reuse]
  ppo_gnn_card_attn_v2_iter0020 vs v55  [reuse]
  ppo_gnn_card_attn_v2_iter0100 vs ppo_gnn_card_attn_v2_iter0040  [reuse]
  ppo_gnn_card_attn_v2_iter0100 vs ppo_gnn_card_attn_v2_iter0010  [reuse]
  ppo_gnn_card_attn_v2_iter0100 vs ppo_gnn_card_attn_v2_iter0030  [reuse]
  ppo_gnn_card_attn_v2_iter0100 vs v56  [reuse]
  ppo_gnn_card_attn_v2_iter0100 vs v54  [reuse]
  ppo_gnn_card_attn_v2_iter0100 vs v44  [reuse]
  ppo_gnn_card_attn_v2_iter0100 vs v20  [reuse]
  ppo_gnn_card_attn_v2_iter0100 vs v55  [reuse]
  ppo_gnn_card_attn_v2_iter0040 vs ppo_gnn_card_attn_v2_iter0010  [reuse]
  ppo_gnn_card_attn_v2_iter0040 vs ppo_gnn_card_attn_v2_iter0030  [reuse]
  ppo_gnn_card_attn_v2_iter0040 vs v56  [reuse]
  ppo_gnn_card_attn_v2_iter0040 vs v54  [reuse]
  ppo_gnn_card_attn_v2_iter0040 vs v44  [reuse]
  ppo_gnn_card_attn_v2_iter0040 vs v20  [reuse]
  ppo_gnn_card_attn_v2_iter0040 vs v55  [reuse]
  ppo_gnn_card_attn_v2_iter0010 vs ppo_gnn_card_attn_v2_iter0030  [reuse]
  ppo_gnn_card_attn_v2_iter0010 vs v56  [reuse]
  ppo_gnn_card_attn_v2_iter0010 vs v54  [reuse]
  ppo_gnn_card_attn_v2_iter0010 vs v44  [reuse]
  ppo_gnn_card_attn_v2_iter0010 vs v20  [reuse]
  ppo_gnn_card_attn_v2_iter0010 vs v55  [reuse]
  ppo_gnn_card_attn_v2_iter0030 vs v56  [reuse]
  ppo_gnn_card_attn_v2_iter0030 vs v54  [reuse]
  ppo_gnn_card_attn_v2_iter0030 vs v44  [reuse]
  ppo_gnn_card_attn_v2_iter0030 vs v20  [reuse]
  ppo_gnn_card_attn_v2_iter0030 vs v55  [reuse]
  v56 vs v54  [reuse]
  v56 vs v44  [reuse]
  v56 vs v20  [reuse]
  v56 vs v55  [reuse]
  v54 vs v44  [reuse]
  v54 vs v20  [reuse]
  v54 vs v55  [reuse]
  v44 vs v20  [reuse]
  v44 vs v55  [reuse]
  v20 vs v55  [reuse]

[new 1/10] ppo_gnn_card_attn_v2_iter0150 vs ppo_gnn_card_attn_v2_iter0020 (150 games = 75/side, seed=88000) ...
  ppo_gnn_card_attn_v2_iter0150: 70(49u/21s)  ppo_gnn_card_attn_v2_iter0020: 77(51u/26s)  draws: 3  WR(ppo_gnn_card_attn_v2_iter0150)=0.477  t=29.5s

[new 2/10] ppo_gnn_card_attn_v2_iter0150 vs ppo_gnn_card_attn_v2_iter0100 (150 games = 75/side, seed=88150) ...
  ppo_gnn_card_attn_v2_iter0150: 78(57u/21s)  ppo_gnn_card_attn_v2_iter0100: 72(54u/18s)  draws: 0  WR(ppo_gnn_card_attn_v2_iter0150)=0.520  t=30.1s

[new 3/10] ppo_gnn_card_attn_v2_iter0150 vs ppo_gnn_card_attn_v2_iter0040 (150 games = 75/side, seed=88300) ...
  ppo_gnn_card_attn_v2_iter0150: 75(45u/30s)  ppo_gnn_card_attn_v2_iter0040: 71(43u/28s)  draws: 4  WR(ppo_gnn_card_attn_v2_iter0150)=0.513  t=29.2s

[new 4/10] ppo_gnn_card_attn_v2_iter0150 vs ppo_gnn_card_attn_v2_iter0010 (150 games = 75/side, seed=88450) ...
  ppo_gnn_card_attn_v2_iter0150: 74(51u/23s)  ppo_gnn_card_attn_v2_iter0010: 73(49u/24s)  draws: 3  WR(ppo_gnn_card_attn_v2_iter0150)=0.503  t=18.6s

[new 5/10] ppo_gnn_card_attn_v2_iter0150 vs ppo_gnn_card_attn_v2_iter0030 (150 games = 75/side, seed=88600) ...
  ppo_gnn_card_attn_v2_iter0150: 65(42u/23s)  ppo_gnn_card_attn_v2_iter0030: 81(49u/32s)  draws: 4  WR(ppo_gnn_card_attn_v2_iter0150)=0.447  t=18.2s

[new 6/10] ppo_gnn_card_attn_v2_iter0150 vs v56 (150 games = 75/side, seed=88750) ...
  ppo_gnn_card_attn_v2_iter0150: 56(39u/17s)  v56: 93(57u/36s)  draws: 1  WR(ppo_gnn_card_attn_v2_iter0150)=0.377  t=10.6s

[new 7/10] ppo_gnn_card_attn_v2_iter0150 vs v54 (150 games = 75/side, seed=88900) ...
  ppo_gnn_card_attn_v2_iter0150: 54(27u/27s)  v54: 93(48u/45s)  draws: 3  WR(ppo_gnn_card_attn_v2_iter0150)=0.370  t=12.0s

[new 8/10] ppo_gnn_card_attn_v2_iter0150 vs v44 (150 games = 75/side, seed=89050) ...
  ppo_gnn_card_attn_v2_iter0150: 65(39u/26s)  v44: 76(46u/30s)  draws: 9  WR(ppo_gnn_card_attn_v2_iter0150)=0.463  t=11.2s

[new 9/10] ppo_gnn_card_attn_v2_iter0150 vs v20 (150 games = 75/side, seed=89200) ...
  ppo_gnn_card_attn_v2_iter0150: 63(37u/26s)  v20: 84(48u/36s)  draws: 3  WR(ppo_gnn_card_attn_v2_iter0150)=0.430  t=12.1s

[new 10/10] ppo_gnn_card_attn_v2_iter0150 vs v55 (150 games = 75/side, seed=89350) ...
  ppo_gnn_card_attn_v2_iter0150: 65(41u/24s)  v55: 83(49u/34s)  draws: 2  WR(ppo_gnn_card_attn_v2_iter0150)=0.440  t=15.6s
  [reuse] ppo_gnn_card_attn_v2_iter0020 69(43u/26s) - 79(48u/31s) ppo_gnn_card_attn_v2_iter0100  draws=2  WR=0.467
  [reuse] ppo_gnn_card_attn_v2_iter0020 76(45u/31s) - 69(40u/29s) ppo_gnn_card_attn_v2_iter0040  draws=5  WR=0.523
  [reuse] ppo_gnn_card_attn_v2_iter0020 73(43u/30s) - 74(44u/30s) ppo_gnn_card_attn_v2_iter0010  draws=3  WR=0.497
  [reuse] ppo_gnn_card_attn_v2_iter0020 72(49u/23s) - 73(49u/24s) ppo_gnn_card_attn_v2_iter0030  draws=5  WR=0.497
  [reuse] ppo_gnn_card_attn_v2_iter0020 50(31u/19s) - 95(54u/41s) v56  draws=5  WR=0.350
  [reuse] ppo_gnn_card_attn_v2_iter0020 59(25u/34s) - 88(41u/47s) v54  draws=3  WR=0.403
  [reuse] ppo_gnn_card_attn_v2_iter0020 59(28u/31s) - 90(44u/46s) v44  draws=1  WR=0.397
  [reuse] ppo_gnn_card_attn_v2_iter0020 64(31u/33s) - 84(41u/43s) v20  draws=2  WR=0.433
  [reuse] ppo_gnn_card_attn_v2_iter0020 67(35u/32s) - 80(42u/38s) v55  draws=3  WR=0.457
  [reuse] ppo_gnn_card_attn_v2_iter0100 81(47u/34s) - 65(39u/26s) ppo_gnn_card_attn_v2_iter0040  draws=4  WR=0.553
  [reuse] ppo_gnn_card_attn_v2_iter0100 73(47u/26s) - 72(45u/27s) ppo_gnn_card_attn_v2_iter0010  draws=5  WR=0.503
  [reuse] ppo_gnn_card_attn_v2_iter0100 71(44u/27s) - 76(48u/28s) ppo_gnn_card_attn_v2_iter0030  draws=3  WR=0.483
  [reuse] ppo_gnn_card_attn_v2_iter0100 66(35u/31s) - 83(44u/39s) v56  draws=1  WR=0.443
  [reuse] ppo_gnn_card_attn_v2_iter0100 57(31u/26s) - 92(49u/43s) v54  draws=1  WR=0.383
  [reuse] ppo_gnn_card_attn_v2_iter0100 67(35u/32s) - 81(43u/38s) v44  draws=2  WR=0.453
  [reuse] ppo_gnn_card_attn_v2_iter0100 63(35u/28s) - 82(45u/37s) v20  draws=5  WR=0.437
  [reuse] ppo_gnn_card_attn_v2_iter0100 53(34u/19s) - 92(54u/38s) v55  draws=5  WR=0.370
  [reuse] ppo_gnn_card_attn_v2_iter0040 65(34u/31s) - 78(40u/38s) ppo_gnn_card_attn_v2_iter0010  draws=7  WR=0.457
  [reuse] ppo_gnn_card_attn_v2_iter0040 64(39u/25s) - 79(48u/31s) ppo_gnn_card_attn_v2_iter0030  draws=7  WR=0.450
  [reuse] ppo_gnn_card_attn_v2_iter0040 49(27u/22s) - 97(52u/45s) v56  draws=4  WR=0.340
  [reuse] ppo_gnn_card_attn_v2_iter0040 63(32u/31s) - 84(44u/40s) v54  draws=3  WR=0.430
  [reuse] ppo_gnn_card_attn_v2_iter0040 57(28u/29s) - 92(45u/47s) v44  draws=1  WR=0.383
  [reuse] ppo_gnn_card_attn_v2_iter0040 47(14u/33s) - 101(41u/60s) v20  draws=2  WR=0.320
  [reuse] ppo_gnn_card_attn_v2_iter0040 59(35u/24s) - 88(51u/37s) v55  draws=3  WR=0.403
  [reuse] ppo_gnn_card_attn_v2_iter0010 77(44u/33s) - 70(40u/30s) ppo_gnn_card_attn_v2_iter0030  draws=3  WR=0.523
  [reuse] ppo_gnn_card_attn_v2_iter0010 61(29u/32s) - 86(43u/43s) v56  draws=3  WR=0.417
  [reuse] ppo_gnn_card_attn_v2_iter0010 61(31u/30s) - 87(45u/42s) v54  draws=2  WR=0.413
  [reuse] ppo_gnn_card_attn_v2_iter0010 67(33u/34s) - 80(40u/40s) v44  draws=3  WR=0.457
  [reuse] ppo_gnn_card_attn_v2_iter0010 73(38u/35s) - 71(36u/35s) v20  draws=6  WR=0.507
  [reuse] ppo_gnn_card_attn_v2_iter0010 69(34u/35s) - 79(40u/39s) v55  draws=2  WR=0.467
  [reuse] ppo_gnn_card_attn_v2_iter0030 58(38u/20s) - 90(54u/36s) v56  draws=2  WR=0.393
  [reuse] ppo_gnn_card_attn_v2_iter0030 57(31u/26s) - 89(47u/42s) v54  draws=4  WR=0.393
  [reuse] ppo_gnn_card_attn_v2_iter0030 60(35u/25s) - 87(48u/39s) v44  draws=3  WR=0.410
  [reuse] ppo_gnn_card_attn_v2_iter0030 61(37u/24s) - 86(49u/37s) v20  draws=3  WR=0.417
  [reuse] ppo_gnn_card_attn_v2_iter0030 73(38u/35s) - 74(40u/34s) v55  draws=3  WR=0.497
  [reuse] v56 197(118u/79s) - 195(116u/79s) v54  draws=8  WR=0.502
  [reuse] v56 185(101u/84s) - 200(108u/92s) v44  draws=15  WR=0.481
  [reuse] v56 188(122u/66s) - 200(131u/69s) v20  draws=12  WR=0.485
  [reuse] v56 183(110u/73s) - 206(121u/85s) v55  draws=11  WR=0.471
  [reuse] v54 222(126u/96s) - 163(99u/64s) v44  draws=15  WR=0.574
  [reuse] v54 196(128u/68s) - 184(123u/61s) v20  draws=20  WR=0.515
  [reuse] v54 181(102u/79s) - 209(115u/94s) v55  draws=10  WR=0.465
  [reuse] v44 213(134u/79s) - 169(111u/58s) v20  draws=18  WR=0.555
  [reuse] v44 178(110u/68s) - 201(119u/82s) v55  draws=21  WR=0.471
  [reuse] v20 167(115u/52s) - 219(137u/82s) v55  draws=14  WR=0.435

Fitting BayesElo (bipartite per-side, anchor=v56_USSR=1900.0) ...
Fitting BayesElo (combined, for residual comparison) ...

Model                  USSR      US    Gap   Comb*                95% CI   vs anchor
  (bipartite per-side = PRIMARY, anchor: v56_USSR=1900)
  (* combined = derived from P(win) = 0.5·P_ussr + 0.5·P_us)
----------------------------------------------------------------------------------------
v55                   1911   1844  +67    1910  [  1896,   1924]  +10
v54                   1891   1859  +33    1908  [  1894,   1922]  +8
v56                   1900   1834  +66    1900  [  1900,   1900]  +0
v44                   1878   1842  +36    1893  [  1880,   1908]  -7
v20                   1898   1805  +93    1886  [  1872,   1900]  -14
ppo_gnn_card_attn_v2_iter0010  1826   1816  +10    1855  [  1837,   1873]  -45
ppo_gnn_card_attn_v2_iter0030  1852   1773  +79    1848  [  1830,   1866]  -52
ppo_gnn_card_attn_v2_iter0100  1849   1767  +82    1844  [  1825,   1861]  -56
ppo_gnn_card_attn_v2_iter0150  1867   1732  +135    1838  [  1818,   1854]  -62
ppo_gnn_card_attn_v2_iter0020  1820   1784  +36    1837  [  1819,   1855]  -63
ppo_gnn_card_attn_v2_iter0040  1776   1782  -7    1813  [  1795,   1832]  -87

Pair                              Obs WR   Bip WR   Comb WR   Bip err   Comb err
------------------------------------------------------------------------------------
ppo_gnn_card_attn_v2_iter0150 vs ppo_gnn_card_attn_v2_iter0020   0.477    0.496     0.499    -0.019     -0.023
ppo_gnn_card_attn_v2_iter0150 vs ppo_gnn_card_attn_v2_iter0100   0.520    0.489     0.490    +0.031     +0.030
ppo_gnn_card_attn_v2_iter0150 vs ppo_gnn_card_attn_v2_iter0040   0.513    0.529     0.533    -0.015     -0.020
ppo_gnn_card_attn_v2_iter0150 vs ppo_gnn_card_attn_v2_iter0010   0.503    0.470     0.473    +0.033     +0.030
ppo_gnn_card_attn_v2_iter0150 vs ppo_gnn_card_attn_v2_iter0030   0.447    0.483     0.484    -0.036     -0.037
ppo_gnn_card_attn_v2_iter0150 vs v56              0.377    0.412     0.409    -0.035     -0.033
ppo_gnn_card_attn_v2_iter0150 vs v54              0.370    0.399     0.398    -0.029     -0.028
ppo_gnn_card_attn_v2_iter0150 vs v44              0.463    0.418     0.418    +0.045     +0.046
ppo_gnn_card_attn_v2_iter0150 vs v20              0.430    0.433     0.430    -0.003     +0.000
ppo_gnn_card_attn_v2_iter0150 vs v55              0.440    0.398     0.395    +0.042     +0.045
ppo_gnn_card_attn_v2_iter0020 vs ppo_gnn_card_attn_v2_iter0100   0.467    0.492     0.491    -0.025     -0.025
ppo_gnn_card_attn_v2_iter0020 vs ppo_gnn_card_attn_v2_iter0040   0.523    0.534     0.534    -0.010     -0.010
ppo_gnn_card_attn_v2_iter0020 vs ppo_gnn_card_attn_v2_iter0010   0.497    0.473     0.474    +0.023     +0.023
ppo_gnn_card_attn_v2_iter0020 vs ppo_gnn_card_attn_v2_iter0030   0.497    0.486     0.485    +0.011     +0.012
ppo_gnn_card_attn_v2_iter0020 vs v56              0.350    0.410     0.410    -0.060     -0.060
ppo_gnn_card_attn_v2_iter0020 vs v54              0.403    0.398     0.399    +0.005     +0.005
ppo_gnn_card_attn_v2_iter0020 vs v44              0.397    0.418     0.419    -0.022     -0.022
ppo_gnn_card_attn_v2_iter0020 vs v20              0.433    0.432     0.430    +0.001     +0.003
ppo_gnn_card_attn_v2_iter0020 vs v55              0.457    0.396     0.396    +0.061     +0.060
ppo_gnn_card_attn_v2_iter0100 vs ppo_gnn_card_attn_v2_iter0040   0.553    0.541     0.542    +0.012     +0.011
ppo_gnn_card_attn_v2_iter0100 vs ppo_gnn_card_attn_v2_iter0010   0.503    0.482     0.483    +0.022     +0.021
ppo_gnn_card_attn_v2_iter0100 vs ppo_gnn_card_attn_v2_iter0030   0.483    0.494     0.493    -0.010     -0.010
ppo_gnn_card_attn_v2_iter0100 vs v56              0.443    0.420     0.419    +0.023     +0.025
ppo_gnn_card_attn_v2_iter0100 vs v54              0.383    0.407     0.407    -0.024     -0.024
ppo_gnn_card_attn_v2_iter0100 vs v44              0.453    0.428     0.427    +0.026     +0.026
ppo_gnn_card_attn_v2_iter0100 vs v20              0.437    0.441     0.439    -0.005     -0.002
ppo_gnn_card_attn_v2_iter0100 vs v55              0.370    0.406     0.405    -0.036     -0.035
ppo_gnn_card_attn_v2_iter0040 vs ppo_gnn_card_attn_v2_iter0010   0.457    0.440     0.440    +0.017     +0.016
ppo_gnn_card_attn_v2_iter0040 vs ppo_gnn_card_attn_v2_iter0030   0.450    0.452     0.451    -0.002     -0.001
ppo_gnn_card_attn_v2_iter0040 vs v56              0.340    0.377     0.378    -0.037     -0.038
ppo_gnn_card_attn_v2_iter0040 vs v54              0.430    0.365     0.367    +0.065     +0.063
ppo_gnn_card_attn_v2_iter0040 vs v44              0.383    0.385     0.386    -0.002     -0.003
ppo_gnn_card_attn_v2_iter0040 vs v20              0.320    0.398     0.397    -0.078     -0.077
ppo_gnn_card_attn_v2_iter0040 vs v55              0.403    0.363     0.364    +0.041     +0.039
ppo_gnn_card_attn_v2_iter0010 vs ppo_gnn_card_attn_v2_iter0030   0.523    0.512     0.511    +0.012     +0.013
ppo_gnn_card_attn_v2_iter0010 vs v56              0.417    0.435     0.436    -0.018     -0.019
ppo_gnn_card_attn_v2_iter0010 vs v54              0.413    0.423     0.424    -0.010     -0.011
ppo_gnn_card_attn_v2_iter0010 vs v44              0.457    0.444     0.444    +0.013     +0.013
ppo_gnn_card_attn_v2_iter0010 vs v20              0.507    0.457     0.456    +0.050     +0.051
ppo_gnn_card_attn_v2_iter0010 vs v55              0.467    0.420     0.421    +0.046     +0.045
ppo_gnn_card_attn_v2_iter0030 vs v56              0.393    0.426     0.425    -0.033     -0.032
ppo_gnn_card_attn_v2_iter0030 vs v54              0.393    0.413     0.413    -0.020     -0.020
ppo_gnn_card_attn_v2_iter0030 vs v44              0.410    0.434     0.434    -0.024     -0.024
ppo_gnn_card_attn_v2_iter0030 vs v20              0.417    0.447     0.445    -0.031     -0.029
ppo_gnn_card_attn_v2_iter0030 vs v55              0.497    0.412     0.411    +0.085     +0.086
v56            vs v54              0.502    0.488     0.488    +0.014     +0.015
v56            vs v44              0.481    0.509     0.509    -0.028     -0.027
v56            vs v20              0.485    0.521     0.521    -0.036     -0.036
v56            vs v55              0.471    0.485     0.486    -0.014     -0.014
v54            vs v44              0.574    0.521     0.521    +0.052     +0.053
v54            vs v20              0.515    0.533     0.533    -0.018     -0.018
v54            vs v55              0.465    0.497     0.498    -0.032     -0.033
v44            vs v20              0.555    0.512     0.512    +0.043     +0.043
v44            vs v55              0.471    0.476     0.477    -0.004     -0.006
v20            vs v55              0.435    0.465     0.465    -0.030     -0.030
------------------------------------------------------------------------------------
                                              RMSE    0.0334     0.0333
  (bipartite RMSE >= combined RMSE → bipartite model not better fit)

Saved to results/ppo_gnn_card_attn_v2/candidate_tournament.json
[sql] Tournament logged: round_robin_20260419T172421Z_ppo_gnn_card_attn_v2_iter0010_ppo_gnn_card_attn_v2_iter0020 → results/metadata.sqlite3

[candidate] Top-8 panel-eval candidates:
  iter 0150: avg_panel_wr=0.482  results/ppo_gnn_card_attn_v2/ppo_iter0150_scripted.pt
  iter 0020: avg_panel_wr=0.481  results/ppo_gnn_card_attn_v2/ppo_iter0020_scripted.pt
  iter 0100: avg_panel_wr=0.476  results/ppo_gnn_card_attn_v2/ppo_iter0100_scripted.pt
  iter 0040: avg_panel_wr=0.475  results/ppo_gnn_card_attn_v2/ppo_iter0040_scripted.pt
  iter 0010: avg_panel_wr=0.460  results/ppo_gnn_card_attn_v2/ppo_iter0010_scripted.pt
  iter 0030: avg_panel_wr=0.440  results/ppo_gnn_card_attn_v2/ppo_iter0030_scripted.pt
[candidate] Models in tournament: ['ppo_gnn_card_attn_v2_iter0150:results/ppo_gnn_card_attn_v2/ppo_iter0150_scripted.pt', 'ppo_gnn_card_attn_v2_iter0020:results/ppo_gnn_card_attn_v2/ppo_iter0020_scripted.pt', 'ppo_gnn_card_attn_v2_iter0100:results/ppo_gnn_card_attn_v2/ppo_iter0100_scripted.pt', 'ppo_gnn_card_attn_v2_iter0040:results/ppo_gnn_card_attn_v2/ppo_iter0040_scripted.pt', 'ppo_gnn_card_attn_v2_iter0010:results/ppo_gnn_card_attn_v2/ppo_iter0010_scripted.pt', 'ppo_gnn_card_attn_v2_iter0030:results/ppo_gnn_card_attn_v2/ppo_iter0030_scripted.pt', 'v56:data/checkpoints/scripted_for_elo/v56_scripted.pt', 'v54:data/checkpoints/scripted_for_elo/v54_scripted.pt', 'v44:data/checkpoints/scripted_for_elo/v44_scripted.pt', 'v20:data/checkpoints/scripted_for_elo/v20_scripted.pt', 'v55:data/checkpoints/scripted_for_elo/v55_scripted.pt']
[candidate] Games per matchup: 150, anchor: v56=1900.0
[candidate] Running: /home/dkord/code/twilight-struggle-ai/.venv/bin/python3 scripts/run_elo_tournament.py --models ppo_gnn_card_attn_v2_iter0150:results/ppo_gnn_card_attn_v2/ppo_iter0150_scripted.pt ppo_gnn_card_attn_v2_iter0020:results/ppo_gnn_card_attn_v2/ppo_iter0020_scripted.pt ppo_gnn_card_attn_v2_iter0100:results/ppo_gnn_card_attn_v2/ppo_iter0100_scripted.pt ppo_gnn_card_attn_v2_iter0040:results/ppo_gnn_card_attn_v2/ppo_iter0040_scripted.pt ppo_gnn_card_attn_v2_iter0010:results/ppo_gnn_card_attn_v2/ppo_iter0010_scripted.pt ppo_gnn_card_attn_v2_iter0030:results/ppo_gnn_card_attn_v2/ppo_iter0030_scripted.pt v56:data/checkpoints/scripted_for_elo/v56_scripted.pt v54:data/checkpoints/scripted_for_elo/v54_scripted.pt v44:data/checkpoints/scripted_for_elo/v44_scripted.pt v20:data/checkpoints/scripted_for_elo/v20_scripted.pt v55:data/checkpoints/scripted_for_elo/v55_scripted.pt --games 150 --anchor v56 --anchor-elo 1900.0 --schedule round_robin --out results/ppo_gnn_card_attn_v2/candidate_tournament.json --script-dir data/checkpoints/scripted_for_elo

[candidate] Tournament results (candidates only):
  ppo_gnn_card_attn_v2_iter0010: Elo=1854.7 ← WINNER
  ppo_gnn_card_attn_v2_iter0030: Elo=1848.1
  ppo_gnn_card_attn_v2_iter0100: Elo=1843.8
  ppo_gnn_card_attn_v2_iter0150: Elo=1837.9
  ppo_gnn_card_attn_v2_iter0020: Elo=1836.8
  ppo_gnn_card_attn_v2_iter0040: Elo=1812.7
[candidate] ppo_best.pt ← results/ppo_gnn_card_attn_v2/ppo_iter0010.pt
[candidate] ppo_best_scripted.pt ← results/ppo_gnn_card_attn_v2/ppo_iter0010_scripted.pt

[candidate] Done. Winner: ppo_gnn_card_attn_v2_iter0010 (Elo=1854.7)
[candidate] Full tournament results: results/ppo_gnn_card_attn_v2/candidate_tournament.json
=== ELO incremental placement: gnn_card_attn_v2 ===
Exporting checkpoints to TorchScript ...
Loaded 6077 match results from SQL match_cache

Match schedule (36 total, 0 new, 36 reused from prior run):
  v56 vs v54  [reuse]
  v56 vs v44  [reuse]
  v56 vs v20  [reuse]
  v56 vs v55  [reuse]
  v56 vs v218_sc  [reuse]
  v56 vs v223_sc  [reuse]
  v56 vs v297_sc  [reuse]
  v56 vs gnn_card_attn_v2  [reuse]
  v54 vs v44  [reuse]
  v54 vs v20  [reuse]
  v54 vs v55  [reuse]
  v54 vs v218_sc  [reuse]
  v54 vs v223_sc  [reuse]
  v54 vs v297_sc  [reuse]
  v54 vs gnn_card_attn_v2  [reuse]
  v44 vs v20  [reuse]
  v44 vs v55  [reuse]
  v44 vs v218_sc  [reuse]
  v44 vs v223_sc  [reuse]
  v44 vs v297_sc  [reuse]
  v44 vs gnn_card_attn_v2  [reuse]
  v20 vs v55  [reuse]
  v20 vs v218_sc  [reuse]
  v20 vs v223_sc  [reuse]
  v20 vs v297_sc  [reuse]
  v20 vs gnn_card_attn_v2  [reuse]
  v55 vs v218_sc  [reuse]
  v55 vs v223_sc  [reuse]
  v55 vs v297_sc  [reuse]
  v55 vs gnn_card_attn_v2  [reuse]
  v218_sc vs v223_sc  [reuse]
  v218_sc vs v297_sc  [reuse]
  v218_sc vs gnn_card_attn_v2  [reuse]
  v223_sc vs v297_sc  [reuse]
  v223_sc vs gnn_card_attn_v2  [reuse]
  v297_sc vs gnn_card_attn_v2  [reuse]
  [reuse] v56 197(118u/79s) - 195(116u/79s) v54  draws=8  WR=0.502
  [reuse] v56 185(101u/84s) - 200(108u/92s) v44  draws=15  WR=0.481
  [reuse] v56 188(122u/66s) - 200(131u/69s) v20  draws=12  WR=0.485
  [reuse] v56 183(110u/73s) - 206(121u/85s) v55  draws=11  WR=0.471
  [reuse] v56 180(94u/86s) - 20(14u/6s) v218_sc  draws=0  WR=0.900
  [reuse] v56 182(92u/90s) - 18(10u/8s) v223_sc  draws=0  WR=0.910
  [reuse] v56 23(2u/21s) - 177(79u/98s) v297_sc  draws=0  WR=0.115
  [reuse] v56 112(59u/53s) - 88(47u/41s) gnn_card_attn_v2  draws=0  WR=0.560
  [reuse] v54 222(126u/96s) - 163(99u/64s) v44  draws=15  WR=0.574
  [reuse] v54 196(128u/68s) - 184(123u/61s) v20  draws=20  WR=0.515
  [reuse] v54 181(102u/79s) - 209(115u/94s) v55  draws=10  WR=0.465
  [reuse] v54 165(93u/72s) - 34(28u/6s) v218_sc  draws=1  WR=0.828
  [reuse] v54 173(94u/79s) - 24(20u/4s) v223_sc  draws=3  WR=0.873
  [reuse] v54 3(0u/3s) - 197(97u/100s) v297_sc  draws=0  WR=0.015
  [reuse] v54 122(58u/64s) - 77(35u/42s) gnn_card_attn_v2  draws=1  WR=0.613
  [reuse] v44 213(134u/79s) - 169(111u/58s) v20  draws=18  WR=0.555
  [reuse] v44 178(110u/68s) - 201(119u/82s) v55  draws=21  WR=0.471
  [reuse] v44 171(90u/81s) - 24(17u/7s) v218_sc  draws=5  WR=0.868
  [reuse] v44 165(86u/79s) - 30(19u/11s) v223_sc  draws=5  WR=0.838
  [reuse] v44 1(0u/1s) - 199(99u/100s) v297_sc  draws=0  WR=0.005
  [reuse] v44 109(55u/54s) - 86(43u/43s) gnn_card_attn_v2  draws=5  WR=0.557
  [reuse] v20 167(115u/52s) - 219(137u/82s) v55  draws=14  WR=0.435
  [reuse] v20 175(90u/85s) - 25(15u/10s) v218_sc  draws=0  WR=0.875
  [reuse] v20 176(93u/83s) - 21(16u/5s) v223_sc  draws=3  WR=0.887
  [reuse] v20 6(1u/5s) - 194(95u/99s) v297_sc  draws=0  WR=0.030
  [reuse] v20 86(47u/39s) - 109(59u/50s) gnn_card_attn_v2  draws=5  WR=0.443
  [reuse] v55 170(95u/75s) - 28(25u/3s) v218_sc  draws=2  WR=0.855
  [reuse] v55 168(88u/80s) - 30(19u/11s) v223_sc  draws=2  WR=0.845
  [reuse] v55 10(1u/9s) - 189(90u/99s) v297_sc  draws=1  WR=0.052
  [reuse] v55 111(54u/57s) - 85(41u/44s) gnn_card_attn_v2  draws=4  WR=0.565
  [reuse] v218_sc 111(56u/55s) - 89(45u/44s) v223_sc  draws=0  WR=0.555
  [reuse] v218_sc 43(24u/19s) - 154(80u/74s) v297_sc  draws=3  WR=0.223
  [reuse] v218_sc 20(12u/8s) - 178(91u/87s) gnn_card_attn_v2  draws=2  WR=0.105
  [reuse] v223_sc 31(21u/10s) - 167(89u/78s) v297_sc  draws=2  WR=0.160
  [reuse] v223_sc 23(16u/7s) - 176(92u/84s) gnn_card_attn_v2  draws=1  WR=0.117
  [reuse] v297_sc 60(22u/38s) - 136(60u/76s) gnn_card_attn_v2  draws=4  WR=0.310

Fitting BayesElo (bipartite per-side, anchor=v56_USSR=1900.0) ...
Fitting BayesElo (combined, for residual comparison) ...

Model                  USSR      US    Gap   Comb*                95% CI   vs anchor
  (bipartite per-side = PRIMARY, anchor: v56_USSR=1900)
  (* combined = derived from P(win) = 0.5·P_ussr + 0.5·P_us)
----------------------------------------------------------------------------------------
v297_sc               2072   2185  -113    2147  [  2124,   2171]  +247
gnn_card_attn_v2      1886   1937  -51    1933  [  1916,   1954]  +33
v55                   1931   1861  +70    1916  [  1900,   1930]  +16
v54                   1920   1847  +74    1905  [  1889,   1919]  +5
v56                   1900   1857  +43    1900  [  1900,   1900]  +0
v44                   1898   1843  +55    1892  [  1877,   1907]  -8
v20                   1925   1790  +135    1880  [  1864,   1894]  -20
v218_sc               1620   1547  +74    1611  [  1591,   1637]  -289
v223_sc               1589   1527  +61    1585  [  1564,   1612]  -315

Pair                              Obs WR   Bip WR   Comb WR   Bip err   Comb err
------------------------------------------------------------------------------------
v56            vs v54              0.502    0.493     0.494    +0.009     +0.008
v56            vs v44              0.481    0.512     0.511    -0.031     -0.030
v56            vs v20              0.485    0.529     0.530    -0.044     -0.045
v56            vs v55              0.471    0.476     0.478    -0.005     -0.006
v56            vs v218_sc          0.900    0.840     0.838    +0.060     +0.062
v56            vs v223_sc          0.910    0.860     0.858    +0.050     +0.052
v56            vs v297_sc          0.115    0.194     0.194    -0.079     -0.079
v56            vs gnn_card_attn_v2   0.560    0.453     0.450    +0.107     +0.110
v54            vs v44              0.574    0.518     0.517    +0.055     +0.056
v54            vs v20              0.515    0.535     0.536    -0.020     -0.021
v54            vs v55              0.465    0.483     0.484    -0.018     -0.019
v54            vs v218_sc          0.828    0.841     0.842    -0.014     -0.014
v54            vs v223_sc          0.873    0.861     0.860    +0.012     +0.012
v54            vs v297_sc          0.015    0.197     0.198    -0.182     -0.183
v54            vs gnn_card_attn_v2   0.613    0.460     0.456    +0.153     +0.157
v44            vs v20              0.555    0.518     0.519    +0.037     +0.036
v44            vs v55              0.471    0.465     0.466    +0.007     +0.005
v44            vs v218_sc          0.868    0.833     0.832    +0.035     +0.035
v44            vs v223_sc          0.838    0.853     0.852    -0.016     -0.014
v44            vs v297_sc          0.005    0.186     0.187    -0.181     -0.182
v44            vs gnn_card_attn_v2   0.557    0.441     0.439    +0.117     +0.119
v20            vs v55              0.435    0.449     0.448    -0.014     -0.013
v20            vs v218_sc          0.875    0.812     0.822    +0.063     +0.053
v20            vs v223_sc          0.887    0.834     0.842    +0.053     +0.045
v20            vs v297_sc          0.030    0.174     0.176    -0.144     -0.146
v20            vs gnn_card_attn_v2   0.443    0.423     0.420    +0.019     +0.022
v55            vs v218_sc          0.855    0.850     0.850    +0.005     +0.005
v55            vs v223_sc          0.845    0.869     0.868    -0.024     -0.023
v55            vs v297_sc          0.052    0.208     0.208    -0.156     -0.156
v55            vs gnn_card_attn_v2   0.565    0.477     0.472    +0.088     +0.093
v218_sc        vs v223_sc          0.555    0.535     0.537    +0.020     +0.018
v218_sc        vs v297_sc          0.223    0.042     0.044    +0.181     +0.178
v218_sc        vs gnn_card_attn_v2   0.105    0.131     0.136    -0.026     -0.031
v223_sc        vs v297_sc          0.160    0.037     0.038    +0.123     +0.122
v223_sc        vs gnn_card_attn_v2   0.117    0.115     0.120    +0.002     -0.002
v297_sc        vs gnn_card_attn_v2   0.310    0.766     0.773    -0.456     -0.463
------------------------------------------------------------------------------------
                                              RMSE    0.1124     0.1133
  (bipartite RMSE < combined RMSE → bipartite model better fit)

Saved to results/logs/elo/elo_gnn_card_attn_v2_incremental.json
[sql] Tournament logged: incremental_20260419T172424Z_gnn_card_attn_v2_v20 → results/metadata.sqlite3
[confirm] Merged $VERSION into results/elo/elo_full_ladder.json: elo=1933
Done. gnn_card_attn_v2: elo=1933 elo_ussr=1886 elo_us=1937
