Exporting checkpoints to TorchScript ...
  ppo_gnn_card_attn_v2_iter0020: already TorchScript, using directly
  ppo_gnn_card_attn_v2_iter0010: already TorchScript, using directly
  ppo_gnn_card_attn_v2_iter0030: already TorchScript, using directly
Loaded 6043 match results from SQL match_cache

Match schedule (28 total, 7 new, 21 reused from prior run):
  ppo_gnn_card_attn_v2_iter0020 vs ppo_gnn_card_attn_v2_iter0010  [reuse]
  ppo_gnn_card_attn_v2_iter0020 vs ppo_gnn_card_attn_v2_iter0030
  ppo_gnn_card_attn_v2_iter0020 vs v56  [reuse]
  ppo_gnn_card_attn_v2_iter0020 vs v54  [reuse]
  ppo_gnn_card_attn_v2_iter0020 vs v44  [reuse]
  ppo_gnn_card_attn_v2_iter0020 vs v20  [reuse]
  ppo_gnn_card_attn_v2_iter0020 vs v55  [reuse]
  ppo_gnn_card_attn_v2_iter0010 vs ppo_gnn_card_attn_v2_iter0030
  ppo_gnn_card_attn_v2_iter0010 vs v56  [reuse]
  ppo_gnn_card_attn_v2_iter0010 vs v54  [reuse]
  ppo_gnn_card_attn_v2_iter0010 vs v44  [reuse]
  ppo_gnn_card_attn_v2_iter0010 vs v20  [reuse]
  ppo_gnn_card_attn_v2_iter0010 vs v55  [reuse]
  ppo_gnn_card_attn_v2_iter0030 vs v56
  ppo_gnn_card_attn_v2_iter0030 vs v54
  ppo_gnn_card_attn_v2_iter0030 vs v44
  ppo_gnn_card_attn_v2_iter0030 vs v20
  ppo_gnn_card_attn_v2_iter0030 vs v55
  v56 vs v54  [reuse]
  v56 vs v44  [reuse]
  v56 vs v20  [reuse]
  v56 vs v55  [reuse]
  v54 vs v44  [reuse]
  v54 vs v20  [reuse]
  v54 vs v55  [reuse]
  v44 vs v20  [reuse]
  v44 vs v55  [reuse]
  v20 vs v55  [reuse]
  [reuse] ppo_gnn_card_attn_v2_iter0020 73(43u/30s) - 74(44u/30s) ppo_gnn_card_attn_v2_iter0010  draws=3  WR=0.497

[new 1/7] ppo_gnn_card_attn_v2_iter0020 vs ppo_gnn_card_attn_v2_iter0030 (150 games = 75/side, seed=88000) ...
  ppo_gnn_card_attn_v2_iter0020: 72(49u/23s)  ppo_gnn_card_attn_v2_iter0030: 73(49u/24s)  draws: 5  WR(ppo_gnn_card_attn_v2_iter0020)=0.497  t=1132.5s
  [reuse] ppo_gnn_card_attn_v2_iter0020 50(31u/19s) - 95(54u/41s) v56  draws=5  WR=0.350
  [reuse] ppo_gnn_card_attn_v2_iter0020 59(25u/34s) - 88(41u/47s) v54  draws=3  WR=0.403
  [reuse] ppo_gnn_card_attn_v2_iter0020 59(28u/31s) - 90(44u/46s) v44  draws=1  WR=0.397
  [reuse] ppo_gnn_card_attn_v2_iter0020 64(31u/33s) - 84(41u/43s) v20  draws=2  WR=0.433
  [reuse] ppo_gnn_card_attn_v2_iter0020 67(35u/32s) - 80(42u/38s) v55  draws=3  WR=0.457

[new 2/7] ppo_gnn_card_attn_v2_iter0010 vs ppo_gnn_card_attn_v2_iter0030 (150 games = 75/side, seed=88150) ...
  ppo_gnn_card_attn_v2_iter0010: 77(44u/33s)  ppo_gnn_card_attn_v2_iter0030: 70(40u/30s)  draws: 3  WR(ppo_gnn_card_attn_v2_iter0010)=0.523  t=701.8s
  [reuse] ppo_gnn_card_attn_v2_iter0010 61(29u/32s) - 86(43u/43s) v56  draws=3  WR=0.417
  [reuse] ppo_gnn_card_attn_v2_iter0010 61(31u/30s) - 87(45u/42s) v54  draws=2  WR=0.413
  [reuse] ppo_gnn_card_attn_v2_iter0010 67(33u/34s) - 80(40u/40s) v44  draws=3  WR=0.457
  [reuse] ppo_gnn_card_attn_v2_iter0010 73(38u/35s) - 71(36u/35s) v20  draws=6  WR=0.507
  [reuse] ppo_gnn_card_attn_v2_iter0010 69(34u/35s) - 79(40u/39s) v55  draws=2  WR=0.467

[new 3/7] ppo_gnn_card_attn_v2_iter0030 vs v56 (150 games = 75/side, seed=88300) ...
  ppo_gnn_card_attn_v2_iter0030: 58(38u/20s)  v56: 90(54u/36s)  draws: 2  WR(ppo_gnn_card_attn_v2_iter0030)=0.393  t=527.6s

[new 4/7] ppo_gnn_card_attn_v2_iter0030 vs v54 (150 games = 75/side, seed=88450) ...
  ppo_gnn_card_attn_v2_iter0030: 57(31u/26s)  v54: 89(47u/42s)  draws: 4  WR(ppo_gnn_card_attn_v2_iter0030)=0.393  t=17.3s

[new 5/7] ppo_gnn_card_attn_v2_iter0030 vs v44 (150 games = 75/side, seed=88600) ...
  ppo_gnn_card_attn_v2_iter0030: 60(35u/25s)  v44: 87(48u/39s)  draws: 3  WR(ppo_gnn_card_attn_v2_iter0030)=0.410  t=18.8s

[new 6/7] ppo_gnn_card_attn_v2_iter0030 vs v20 (150 games = 75/side, seed=88750) ...
  ppo_gnn_card_attn_v2_iter0030: 61(37u/24s)  v20: 86(49u/37s)  draws: 3  WR(ppo_gnn_card_attn_v2_iter0030)=0.417  t=17.3s

[new 7/7] ppo_gnn_card_attn_v2_iter0030 vs v55 (150 games = 75/side, seed=88900) ...
  ppo_gnn_card_attn_v2_iter0030: 73(38u/35s)  v55: 74(40u/34s)  draws: 3  WR(ppo_gnn_card_attn_v2_iter0030)=0.497  t=25.4s
  [reuse] v56 197(118u/79s) - 195(116u/79s) v54  draws=8  WR=0.502
  [reuse] v56 185(101u/84s) - 200(108u/92s) v44  draws=15  WR=0.481
  [reuse] v56 188(122u/66s) - 200(131u/69s) v20  draws=12  WR=0.485
  [reuse] v56 183(110u/73s) - 206(121u/85s) v55  draws=11  WR=0.471
  [reuse] v54 222(126u/96s) - 163(99u/64s) v44  draws=15  WR=0.574
  [reuse] v54 196(128u/68s) - 184(123u/61s) v20  draws=20  WR=0.515
  [reuse] v54 181(102u/79s) - 209(115u/94s) v55  draws=10  WR=0.465
  [reuse] v44 213(134u/79s) - 169(111u/58s) v20  draws=18  WR=0.555
  [reuse] v44 178(110u/68s) - 201(119u/82s) v55  draws=21  WR=0.471
  [reuse] v20 167(115u/52s) - 219(137u/82s) v55  draws=14  WR=0.435

Fitting BayesElo (bipartite per-side, anchor=v56_USSR=1900.0) ...
Fitting BayesElo (combined, for residual comparison) ...

Model                  USSR      US    Gap   Comb*                95% CI   vs anchor
  (bipartite per-side = PRIMARY, anchor: v56_USSR=1900)
  (* combined = derived from P(win) = 0.5·P_ussr + 0.5·P_us)
----------------------------------------------------------------------------------------
v55                   1909   1852  +58    1914  [  1899,   1929]  +14
v54                   1900   1853  +47    1911  [  1896,   1926]  +11
v56                   1900   1831  +69    1900  [  1900,   1900]  +0
v44                   1886   1842  +44    1899  [  1884,   1914]  -1
v20                   1914   1782  +132    1884  [  1869,   1899]  -16
ppo_gnn_card_attn_v2_iter0010  1815   1841  -26    1863  [  1842,   1884]  -37
ppo_gnn_card_attn_v2_iter0030  1846   1773  +73    1846  [  1824,   1867]  -54
ppo_gnn_card_attn_v2_iter0020  1806   1804  +2    1840  [  1819,   1862]  -60

Pair                              Obs WR   Bip WR   Comb WR   Bip err   Comb err
------------------------------------------------------------------------------------
ppo_gnn_card_attn_v2_iter0020 vs ppo_gnn_card_attn_v2_iter0010   0.497    0.467     0.467    +0.030     +0.029
ppo_gnn_card_attn_v2_iter0020 vs ppo_gnn_card_attn_v2_iter0030   0.497    0.494     0.493    +0.003     +0.004
ppo_gnn_card_attn_v2_iter0020 vs v56              0.350    0.415     0.415    -0.065     -0.065
ppo_gnn_card_attn_v2_iter0020 vs v54              0.403    0.399     0.400    +0.005     +0.003
ppo_gnn_card_attn_v2_iter0020 vs v44              0.397    0.416     0.416    -0.019     -0.020
ppo_gnn_card_attn_v2_iter0020 vs v20              0.433    0.441     0.437    -0.007     -0.004
ppo_gnn_card_attn_v2_iter0020 vs v55              0.457    0.394     0.395    +0.063     +0.061
ppo_gnn_card_attn_v2_iter0010 vs ppo_gnn_card_attn_v2_iter0030   0.523    0.527     0.525    -0.004     -0.002
ppo_gnn_card_attn_v2_iter0010 vs v56              0.417    0.446     0.447    -0.030     -0.030
ppo_gnn_card_attn_v2_iter0010 vs v54              0.413    0.430     0.432    -0.017     -0.018
ppo_gnn_card_attn_v2_iter0010 vs v44              0.457    0.448     0.449    +0.008     +0.008
ppo_gnn_card_attn_v2_iter0010 vs v20              0.507    0.472     0.470    +0.035     +0.037
ppo_gnn_card_attn_v2_iter0010 vs v55              0.467    0.425     0.427    +0.041     +0.040
ppo_gnn_card_attn_v2_iter0030 vs v56              0.393    0.423     0.422    -0.029     -0.029
ppo_gnn_card_attn_v2_iter0030 vs v54              0.393    0.407     0.407    -0.013     -0.014
ppo_gnn_card_attn_v2_iter0030 vs v44              0.410    0.424     0.424    -0.014     -0.014
ppo_gnn_card_attn_v2_iter0030 vs v20              0.417    0.449     0.445    -0.032     -0.028
ppo_gnn_card_attn_v2_iter0030 vs v55              0.497    0.402     0.402    +0.094     +0.094
v56            vs v54              0.502    0.484     0.484    +0.018     +0.018
v56            vs v44              0.481    0.502     0.501    -0.021     -0.020
v56            vs v20              0.485    0.523     0.523    -0.038     -0.038
v56            vs v55              0.471    0.479     0.480    -0.008     -0.008
v54            vs v44              0.574    0.518     0.517    +0.056     +0.057
v54            vs v20              0.515    0.539     0.538    -0.024     -0.023
v54            vs v55              0.465    0.495     0.495    -0.030     -0.030
v44            vs v20              0.555    0.522     0.521    +0.033     +0.034
v44            vs v55              0.471    0.477     0.478    -0.006     -0.007
v20            vs v55              0.435    0.457     0.457    -0.022     -0.022
------------------------------------------------------------------------------------
                                              RMSE    0.0345     0.0343
  (bipartite RMSE >= combined RMSE → bipartite model not better fit)

Saved to results/ppo_gnn_card_attn_v2/candidate_tournament.json
[sql] Tournament logged: round_robin_20260419T103052Z_ppo_gnn_card_attn_v2_iter0010_ppo_gnn_card_attn_v2_iter0020 → results/metadata.sqlite3

[candidate] Top-8 panel-eval candidates:
  iter 0020: avg_panel_wr=0.481  results/ppo_gnn_card_attn_v2/ppo_iter0020_scripted.pt
  iter 0010: avg_panel_wr=0.460  results/ppo_gnn_card_attn_v2/ppo_iter0010_scripted.pt
  iter 0030: avg_panel_wr=0.440  results/ppo_gnn_card_attn_v2/ppo_iter0030_scripted.pt
[candidate] Models in tournament: ['ppo_gnn_card_attn_v2_iter0020:results/ppo_gnn_card_attn_v2/ppo_iter0020_scripted.pt', 'ppo_gnn_card_attn_v2_iter0010:results/ppo_gnn_card_attn_v2/ppo_iter0010_scripted.pt', 'ppo_gnn_card_attn_v2_iter0030:results/ppo_gnn_card_attn_v2/ppo_iter0030_scripted.pt', 'v56:data/checkpoints/scripted_for_elo/v56_scripted.pt', 'v54:data/checkpoints/scripted_for_elo/v54_scripted.pt', 'v44:data/checkpoints/scripted_for_elo/v44_scripted.pt', 'v20:data/checkpoints/scripted_for_elo/v20_scripted.pt', 'v55:data/checkpoints/scripted_for_elo/v55_scripted.pt']
[candidate] Games per matchup: 150, anchor: v56=1900.0
[candidate] Running: /home/dkord/code/twilight-struggle-ai/.venv/bin/python3 scripts/run_elo_tournament.py --models ppo_gnn_card_attn_v2_iter0020:results/ppo_gnn_card_attn_v2/ppo_iter0020_scripted.pt ppo_gnn_card_attn_v2_iter0010:results/ppo_gnn_card_attn_v2/ppo_iter0010_scripted.pt ppo_gnn_card_attn_v2_iter0030:results/ppo_gnn_card_attn_v2/ppo_iter0030_scripted.pt v56:data/checkpoints/scripted_for_elo/v56_scripted.pt v54:data/checkpoints/scripted_for_elo/v54_scripted.pt v44:data/checkpoints/scripted_for_elo/v44_scripted.pt v20:data/checkpoints/scripted_for_elo/v20_scripted.pt v55:data/checkpoints/scripted_for_elo/v55_scripted.pt --games 150 --anchor v56 --anchor-elo 1900.0 --schedule round_robin --out results/ppo_gnn_card_attn_v2/candidate_tournament.json --script-dir data/checkpoints/scripted_for_elo

[candidate] Tournament results (candidates only):
  ppo_gnn_card_attn_v2_iter0010: Elo=1862.6 ← WINNER
  ppo_gnn_card_attn_v2_iter0030: Elo=1845.8
  ppo_gnn_card_attn_v2_iter0020: Elo=1840.1
[candidate] ppo_best.pt ← results/ppo_gnn_card_attn_v2/ppo_iter0010.pt
[candidate] ppo_best_scripted.pt ← results/ppo_gnn_card_attn_v2/ppo_iter0010_scripted.pt

[candidate] Done. Winner: ppo_gnn_card_attn_v2_iter0010 (Elo=1862.6)
[candidate] Full tournament results: results/ppo_gnn_card_attn_v2/candidate_tournament.json
=== ELO incremental placement: gnn_card_attn_v2 ===
Exporting checkpoints to TorchScript ...
Loaded 6050 match results from SQL match_cache

Match schedule (36 total, 0 new, 36 reused from prior run):
  v56 vs v54  [reuse]
  v56 vs v44  [reuse]
  v56 vs v20  [reuse]
  v56 vs v55  [reuse]
  v56 vs v218_sc  [reuse]
  v56 vs v223_sc  [reuse]
  v56 vs v297_sc  [reuse]
  v56 vs gnn_card_attn_v2  [reuse]
  v54 vs v44  [reuse]
  v54 vs v20  [reuse]
  v54 vs v55  [reuse]
  v54 vs v218_sc  [reuse]
  v54 vs v223_sc  [reuse]
  v54 vs v297_sc  [reuse]
  v54 vs gnn_card_attn_v2  [reuse]
  v44 vs v20  [reuse]
  v44 vs v55  [reuse]
  v44 vs v218_sc  [reuse]
  v44 vs v223_sc  [reuse]
  v44 vs v297_sc  [reuse]
  v44 vs gnn_card_attn_v2  [reuse]
  v20 vs v55  [reuse]
  v20 vs v218_sc  [reuse]
  v20 vs v223_sc  [reuse]
  v20 vs v297_sc  [reuse]
  v20 vs gnn_card_attn_v2  [reuse]
  v55 vs v218_sc  [reuse]
  v55 vs v223_sc  [reuse]
  v55 vs v297_sc  [reuse]
  v55 vs gnn_card_attn_v2  [reuse]
  v218_sc vs v223_sc  [reuse]
  v218_sc vs v297_sc  [reuse]
  v218_sc vs gnn_card_attn_v2  [reuse]
  v223_sc vs v297_sc  [reuse]
  v223_sc vs gnn_card_attn_v2  [reuse]
  v297_sc vs gnn_card_attn_v2  [reuse]
  [reuse] v56 197(118u/79s) - 195(116u/79s) v54  draws=8  WR=0.502
  [reuse] v56 185(101u/84s) - 200(108u/92s) v44  draws=15  WR=0.481
  [reuse] v56 188(122u/66s) - 200(131u/69s) v20  draws=12  WR=0.485
  [reuse] v56 183(110u/73s) - 206(121u/85s) v55  draws=11  WR=0.471
  [reuse] v56 180(94u/86s) - 20(14u/6s) v218_sc  draws=0  WR=0.900
  [reuse] v56 182(92u/90s) - 18(10u/8s) v223_sc  draws=0  WR=0.910
  [reuse] v56 23(2u/21s) - 177(79u/98s) v297_sc  draws=0  WR=0.115
  [reuse] v56 112(59u/53s) - 88(47u/41s) gnn_card_attn_v2  draws=0  WR=0.560
  [reuse] v54 222(126u/96s) - 163(99u/64s) v44  draws=15  WR=0.574
  [reuse] v54 196(128u/68s) - 184(123u/61s) v20  draws=20  WR=0.515
  [reuse] v54 181(102u/79s) - 209(115u/94s) v55  draws=10  WR=0.465
  [reuse] v54 165(93u/72s) - 34(28u/6s) v218_sc  draws=1  WR=0.828
  [reuse] v54 173(94u/79s) - 24(20u/4s) v223_sc  draws=3  WR=0.873
  [reuse] v54 3(0u/3s) - 197(97u/100s) v297_sc  draws=0  WR=0.015
  [reuse] v54 122(58u/64s) - 77(35u/42s) gnn_card_attn_v2  draws=1  WR=0.613
  [reuse] v44 213(134u/79s) - 169(111u/58s) v20  draws=18  WR=0.555
  [reuse] v44 178(110u/68s) - 201(119u/82s) v55  draws=21  WR=0.471
  [reuse] v44 171(90u/81s) - 24(17u/7s) v218_sc  draws=5  WR=0.868
  [reuse] v44 165(86u/79s) - 30(19u/11s) v223_sc  draws=5  WR=0.838
  [reuse] v44 1(0u/1s) - 199(99u/100s) v297_sc  draws=0  WR=0.005
  [reuse] v44 109(55u/54s) - 86(43u/43s) gnn_card_attn_v2  draws=5  WR=0.557
  [reuse] v20 167(115u/52s) - 219(137u/82s) v55  draws=14  WR=0.435
  [reuse] v20 175(90u/85s) - 25(15u/10s) v218_sc  draws=0  WR=0.875
  [reuse] v20 176(93u/83s) - 21(16u/5s) v223_sc  draws=3  WR=0.887
  [reuse] v20 6(1u/5s) - 194(95u/99s) v297_sc  draws=0  WR=0.030
  [reuse] v20 86(47u/39s) - 109(59u/50s) gnn_card_attn_v2  draws=5  WR=0.443
  [reuse] v55 170(95u/75s) - 28(25u/3s) v218_sc  draws=2  WR=0.855
  [reuse] v55 168(88u/80s) - 30(19u/11s) v223_sc  draws=2  WR=0.845
  [reuse] v55 10(1u/9s) - 189(90u/99s) v297_sc  draws=1  WR=0.052
  [reuse] v55 111(54u/57s) - 85(41u/44s) gnn_card_attn_v2  draws=4  WR=0.565
  [reuse] v218_sc 111(56u/55s) - 89(45u/44s) v223_sc  draws=0  WR=0.555
  [reuse] v218_sc 43(24u/19s) - 154(80u/74s) v297_sc  draws=3  WR=0.223
  [reuse] v218_sc 20(12u/8s) - 178(91u/87s) gnn_card_attn_v2  draws=2  WR=0.105
  [reuse] v223_sc 31(21u/10s) - 167(89u/78s) v297_sc  draws=2  WR=0.160
  [reuse] v223_sc 23(16u/7s) - 176(92u/84s) gnn_card_attn_v2  draws=1  WR=0.117
  [reuse] v297_sc 60(22u/38s) - 136(60u/76s) gnn_card_attn_v2  draws=4  WR=0.310

Fitting BayesElo (bipartite per-side, anchor=v56_USSR=1900.0) ...
Fitting BayesElo (combined, for residual comparison) ...

Model                  USSR      US    Gap   Comb*                95% CI   vs anchor
  (bipartite per-side = PRIMARY, anchor: v56_USSR=1900)
  (* combined = derived from P(win) = 0.5·P_ussr + 0.5·P_us)
----------------------------------------------------------------------------------------
v297_sc               2072   2185  -113    2147  [  2124,   2171]  +247
gnn_card_attn_v2      1886   1937  -51    1933  [  1916,   1954]  +33
v55                   1931   1861  +70    1916  [  1900,   1930]  +16
v54                   1920   1847  +74    1905  [  1889,   1919]  +5
v56                   1900   1857  +43    1900  [  1900,   1900]  +0
v44                   1898   1843  +55    1892  [  1877,   1907]  -8
v20                   1925   1790  +135    1880  [  1864,   1894]  -20
v218_sc               1620   1547  +74    1611  [  1591,   1637]  -289
v223_sc               1589   1527  +61    1585  [  1564,   1612]  -315

Pair                              Obs WR   Bip WR   Comb WR   Bip err   Comb err
------------------------------------------------------------------------------------
v56            vs v54              0.502    0.493     0.494    +0.009     +0.008
v56            vs v44              0.481    0.512     0.511    -0.031     -0.030
v56            vs v20              0.485    0.529     0.530    -0.044     -0.045
v56            vs v55              0.471    0.476     0.478    -0.005     -0.006
v56            vs v218_sc          0.900    0.840     0.838    +0.060     +0.062
v56            vs v223_sc          0.910    0.860     0.858    +0.050     +0.052
v56            vs v297_sc          0.115    0.194     0.194    -0.079     -0.079
v56            vs gnn_card_attn_v2   0.560    0.453     0.450    +0.107     +0.110
v54            vs v44              0.574    0.518     0.517    +0.055     +0.056
v54            vs v20              0.515    0.535     0.536    -0.020     -0.021
v54            vs v55              0.465    0.483     0.484    -0.018     -0.019
v54            vs v218_sc          0.828    0.841     0.842    -0.014     -0.014
v54            vs v223_sc          0.873    0.861     0.860    +0.012     +0.012
v54            vs v297_sc          0.015    0.197     0.198    -0.182     -0.183
v54            vs gnn_card_attn_v2   0.613    0.460     0.456    +0.153     +0.157
v44            vs v20              0.555    0.518     0.519    +0.037     +0.036
v44            vs v55              0.471    0.465     0.466    +0.007     +0.005
v44            vs v218_sc          0.868    0.833     0.832    +0.035     +0.035
v44            vs v223_sc          0.838    0.853     0.852    -0.016     -0.014
v44            vs v297_sc          0.005    0.186     0.187    -0.181     -0.182
v44            vs gnn_card_attn_v2   0.557    0.441     0.439    +0.117     +0.119
v20            vs v55              0.435    0.449     0.448    -0.014     -0.013
v20            vs v218_sc          0.875    0.812     0.822    +0.063     +0.053
v20            vs v223_sc          0.887    0.834     0.842    +0.053     +0.045
v20            vs v297_sc          0.030    0.174     0.176    -0.144     -0.146
v20            vs gnn_card_attn_v2   0.443    0.423     0.420    +0.019     +0.022
v55            vs v218_sc          0.855    0.850     0.850    +0.005     +0.005
v55            vs v223_sc          0.845    0.869     0.868    -0.024     -0.023
v55            vs v297_sc          0.052    0.208     0.208    -0.156     -0.156
v55            vs gnn_card_attn_v2   0.565    0.477     0.472    +0.088     +0.093
v218_sc        vs v223_sc          0.555    0.535     0.537    +0.020     +0.018
v218_sc        vs v297_sc          0.223    0.042     0.044    +0.181     +0.178
v218_sc        vs gnn_card_attn_v2   0.105    0.131     0.136    -0.026     -0.031
v223_sc        vs v297_sc          0.160    0.037     0.038    +0.123     +0.122
v223_sc        vs gnn_card_attn_v2   0.117    0.115     0.120    +0.002     -0.002
v297_sc        vs gnn_card_attn_v2   0.310    0.766     0.773    -0.456     -0.463
------------------------------------------------------------------------------------
                                              RMSE    0.1124     0.1133
  (bipartite RMSE < combined RMSE → bipartite model better fit)

Saved to results/logs/elo/elo_gnn_card_attn_v2_incremental.json
[sql] Tournament logged: incremental_20260419T103054Z_gnn_card_attn_v2_v20 → results/metadata.sqlite3
[confirm] Merged $VERSION into results/elo/elo_full_ladder.json: elo=1933
Done. gnn_card_attn_v2: elo=1933 elo_ussr=1886 elo_us=1937
