Exporting checkpoints to TorchScript ...
  ppo_gnn_card_attn_v2_iter0020: already TorchScript, using directly
  ppo_gnn_card_attn_v2_iter0040: already TorchScript, using directly
  ppo_gnn_card_attn_v2_iter0010: already TorchScript, using directly
  ppo_gnn_card_attn_v2_iter0030: already TorchScript, using directly
Loaded 6050 match results from SQL match_cache

Match schedule (36 total, 8 new, 28 reused from prior run):
  ppo_gnn_card_attn_v2_iter0020 vs ppo_gnn_card_attn_v2_iter0040
  ppo_gnn_card_attn_v2_iter0020 vs ppo_gnn_card_attn_v2_iter0010  [reuse]
  ppo_gnn_card_attn_v2_iter0020 vs ppo_gnn_card_attn_v2_iter0030  [reuse]
  ppo_gnn_card_attn_v2_iter0020 vs v56  [reuse]
  ppo_gnn_card_attn_v2_iter0020 vs v54  [reuse]
  ppo_gnn_card_attn_v2_iter0020 vs v44  [reuse]
  ppo_gnn_card_attn_v2_iter0020 vs v20  [reuse]
  ppo_gnn_card_attn_v2_iter0020 vs v55  [reuse]
  ppo_gnn_card_attn_v2_iter0040 vs ppo_gnn_card_attn_v2_iter0010
  ppo_gnn_card_attn_v2_iter0040 vs ppo_gnn_card_attn_v2_iter0030
  ppo_gnn_card_attn_v2_iter0040 vs v56
  ppo_gnn_card_attn_v2_iter0040 vs v54
  ppo_gnn_card_attn_v2_iter0040 vs v44
  ppo_gnn_card_attn_v2_iter0040 vs v20
  ppo_gnn_card_attn_v2_iter0040 vs v55
  ppo_gnn_card_attn_v2_iter0010 vs ppo_gnn_card_attn_v2_iter0030  [reuse]
  ppo_gnn_card_attn_v2_iter0010 vs v56  [reuse]
  ppo_gnn_card_attn_v2_iter0010 vs v54  [reuse]
  ppo_gnn_card_attn_v2_iter0010 vs v44  [reuse]
  ppo_gnn_card_attn_v2_iter0010 vs v20  [reuse]
  ppo_gnn_card_attn_v2_iter0010 vs v55  [reuse]
  ppo_gnn_card_attn_v2_iter0030 vs v56  [reuse]
  ppo_gnn_card_attn_v2_iter0030 vs v54  [reuse]
  ppo_gnn_card_attn_v2_iter0030 vs v44  [reuse]
  ppo_gnn_card_attn_v2_iter0030 vs v20  [reuse]
  ppo_gnn_card_attn_v2_iter0030 vs v55  [reuse]
  v56 vs v54  [reuse]
  v56 vs v44  [reuse]
  v56 vs v20  [reuse]
  v56 vs v55  [reuse]
  v54 vs v44  [reuse]
  v54 vs v20  [reuse]
  v54 vs v55  [reuse]
  v44 vs v20  [reuse]
  v44 vs v55  [reuse]
  v20 vs v55  [reuse]

[new 1/8] ppo_gnn_card_attn_v2_iter0020 vs ppo_gnn_card_attn_v2_iter0040 (150 games = 75/side, seed=88000) ...
  ppo_gnn_card_attn_v2_iter0020: 76(45u/31s)  ppo_gnn_card_attn_v2_iter0040: 69(40u/29s)  draws: 5  WR(ppo_gnn_card_attn_v2_iter0020)=0.523  t=1197.3s
  [reuse] ppo_gnn_card_attn_v2_iter0020 73(43u/30s) - 74(44u/30s) ppo_gnn_card_attn_v2_iter0010  draws=3  WR=0.497
  [reuse] ppo_gnn_card_attn_v2_iter0020 72(49u/23s) - 73(49u/24s) ppo_gnn_card_attn_v2_iter0030  draws=5  WR=0.497
  [reuse] ppo_gnn_card_attn_v2_iter0020 50(31u/19s) - 95(54u/41s) v56  draws=5  WR=0.350
  [reuse] ppo_gnn_card_attn_v2_iter0020 59(25u/34s) - 88(41u/47s) v54  draws=3  WR=0.403
  [reuse] ppo_gnn_card_attn_v2_iter0020 59(28u/31s) - 90(44u/46s) v44  draws=1  WR=0.397
  [reuse] ppo_gnn_card_attn_v2_iter0020 64(31u/33s) - 84(41u/43s) v20  draws=2  WR=0.433
  [reuse] ppo_gnn_card_attn_v2_iter0020 67(35u/32s) - 80(42u/38s) v55  draws=3  WR=0.457

[new 2/8] ppo_gnn_card_attn_v2_iter0040 vs ppo_gnn_card_attn_v2_iter0010 (150 games = 75/side, seed=88150) ...
  ppo_gnn_card_attn_v2_iter0040: 65(34u/31s)  ppo_gnn_card_attn_v2_iter0010: 78(40u/38s)  draws: 7  WR(ppo_gnn_card_attn_v2_iter0040)=0.457  t=1307.8s

[new 3/8] ppo_gnn_card_attn_v2_iter0040 vs ppo_gnn_card_attn_v2_iter0030 (150 games = 75/side, seed=88300) ...
ERROR: tournament exited with code -9

[candidate] Top-8 panel-eval candidates:
  iter 0020: avg_panel_wr=0.481  results/ppo_gnn_card_attn_v2/ppo_iter0020_scripted.pt
  iter 0040: avg_panel_wr=0.475  results/ppo_gnn_card_attn_v2/ppo_iter0040_scripted.pt
  iter 0010: avg_panel_wr=0.460  results/ppo_gnn_card_attn_v2/ppo_iter0010_scripted.pt
  iter 0030: avg_panel_wr=0.440  results/ppo_gnn_card_attn_v2/ppo_iter0030_scripted.pt
[candidate] Models in tournament: ['ppo_gnn_card_attn_v2_iter0020:results/ppo_gnn_card_attn_v2/ppo_iter0020_scripted.pt', 'ppo_gnn_card_attn_v2_iter0040:results/ppo_gnn_card_attn_v2/ppo_iter0040_scripted.pt', 'ppo_gnn_card_attn_v2_iter0010:results/ppo_gnn_card_attn_v2/ppo_iter0010_scripted.pt', 'ppo_gnn_card_attn_v2_iter0030:results/ppo_gnn_card_attn_v2/ppo_iter0030_scripted.pt', 'v56:data/checkpoints/scripted_for_elo/v56_scripted.pt', 'v54:data/checkpoints/scripted_for_elo/v54_scripted.pt', 'v44:data/checkpoints/scripted_for_elo/v44_scripted.pt', 'v20:data/checkpoints/scripted_for_elo/v20_scripted.pt', 'v55:data/checkpoints/scripted_for_elo/v55_scripted.pt']
[candidate] Games per matchup: 150, anchor: v56=1900.0
[candidate] Running: /home/dkord/code/twilight-struggle-ai/.venv/bin/python3 scripts/run_elo_tournament.py --models ppo_gnn_card_attn_v2_iter0020:results/ppo_gnn_card_attn_v2/ppo_iter0020_scripted.pt ppo_gnn_card_attn_v2_iter0040:results/ppo_gnn_card_attn_v2/ppo_iter0040_scripted.pt ppo_gnn_card_attn_v2_iter0010:results/ppo_gnn_card_attn_v2/ppo_iter0010_scripted.pt ppo_gnn_card_attn_v2_iter0030:results/ppo_gnn_card_attn_v2/ppo_iter0030_scripted.pt v56:data/checkpoints/scripted_for_elo/v56_scripted.pt v54:data/checkpoints/scripted_for_elo/v54_scripted.pt v44:data/checkpoints/scripted_for_elo/v44_scripted.pt v20:data/checkpoints/scripted_for_elo/v20_scripted.pt v55:data/checkpoints/scripted_for_elo/v55_scripted.pt --games 150 --anchor v56 --anchor-elo 1900.0 --schedule round_robin --out results/ppo_gnn_card_attn_v2/candidate_tournament.json --script-dir data/checkpoints/scripted_for_elo
