Exporting checkpoints to TorchScript ...
  ppo_gnn_card_attn_v2_iter0010: already TorchScript, using directly
Loaded 6032 match results from SQL match_cache

Match schedule (15 total, 5 new, 10 reused from prior run):
  ppo_gnn_card_attn_v2_iter0010 vs v56
  ppo_gnn_card_attn_v2_iter0010 vs v54
  ppo_gnn_card_attn_v2_iter0010 vs v44
  ppo_gnn_card_attn_v2_iter0010 vs v20
  ppo_gnn_card_attn_v2_iter0010 vs v55
  v56 vs v54  [reuse]
  v56 vs v44  [reuse]
  v56 vs v20  [reuse]
  v56 vs v55  [reuse]
  v54 vs v44  [reuse]
  v54 vs v20  [reuse]
  v54 vs v55  [reuse]
  v44 vs v20  [reuse]
  v44 vs v55  [reuse]
  v20 vs v55  [reuse]

[new 1/5] ppo_gnn_card_attn_v2_iter0010 vs v56 (150 games = 75/side, seed=88000) ...
  ppo_gnn_card_attn_v2_iter0010: 61(29u/32s)  v56: 86(43u/43s)  draws: 3  WR(ppo_gnn_card_attn_v2_iter0010)=0.417  t=756.8s

[new 2/5] ppo_gnn_card_attn_v2_iter0010 vs v54 (150 games = 75/side, seed=88150) ...
  ppo_gnn_card_attn_v2_iter0010: 61(31u/30s)  v54: 87(45u/42s)  draws: 2  WR(ppo_gnn_card_attn_v2_iter0010)=0.413  t=710.3s

[new 3/5] ppo_gnn_card_attn_v2_iter0010 vs v44 (150 games = 75/side, seed=88300) ...
  ppo_gnn_card_attn_v2_iter0010: 67(33u/34s)  v44: 80(40u/40s)  draws: 3  WR(ppo_gnn_card_attn_v2_iter0010)=0.457  t=624.4s

[new 4/5] ppo_gnn_card_attn_v2_iter0010 vs v20 (150 games = 75/side, seed=88450) ...
  ppo_gnn_card_attn_v2_iter0010: 73(38u/35s)  v20: 71(36u/35s)  draws: 6  WR(ppo_gnn_card_attn_v2_iter0010)=0.507  t=514.2s

[new 5/5] ppo_gnn_card_attn_v2_iter0010 vs v55 (150 games = 75/side, seed=88600) ...
  ppo_gnn_card_attn_v2_iter0010: 69(34u/35s)  v55: 79(40u/39s)  draws: 2  WR(ppo_gnn_card_attn_v2_iter0010)=0.467  t=28.0s
  [reuse] v56 197(118u/79s) - 195(116u/79s) v54  draws=8  WR=0.502
  [reuse] v56 185(101u/84s) - 200(108u/92s) v44  draws=15  WR=0.481
  [reuse] v56 188(122u/66s) - 200(131u/69s) v20  draws=12  WR=0.485
  [reuse] v56 183(110u/73s) - 206(121u/85s) v55  draws=11  WR=0.471
  [reuse] v54 222(126u/96s) - 163(99u/64s) v44  draws=15  WR=0.574
  [reuse] v54 196(128u/68s) - 184(123u/61s) v20  draws=20  WR=0.515
  [reuse] v54 181(102u/79s) - 209(115u/94s) v55  draws=10  WR=0.465
  [reuse] v44 213(134u/79s) - 169(111u/58s) v20  draws=18  WR=0.555
  [reuse] v44 178(110u/68s) - 201(119u/82s) v55  draws=21  WR=0.471
  [reuse] v20 167(115u/52s) - 219(137u/82s) v55  draws=14  WR=0.435

Fitting BayesElo (bipartite per-side, anchor=v56_USSR=1900.0) ...
Fitting BayesElo (combined, for residual comparison) ...

Model                  USSR      US    Gap   Comb*                95% CI   vs anchor
  (bipartite per-side = PRIMARY, anchor: v56_USSR=1900)
  (* combined = derived from P(win) = 0.5·P_ussr + 0.5·P_us)
----------------------------------------------------------------------------------------
v55                   1934   1868  +66    1927  [  1910,   1943]  +27
v54                   1920   1857  +63    1915  [  1898,   1932]  +15
v44                   1899   1850  +49    1902  [  1885,   1919]  +2
v56                   1900   1846  +54    1900  [  1900,   1900]  +0
v20                   1935   1780  +155    1886  [  1871,   1904]  -14
ppo_gnn_card_attn_v2_iter0010  1808   1882  -74    1872  [  1847,   1897]  -28

Pair                              Obs WR   Bip WR   Comb WR   Bip err   Comb err
------------------------------------------------------------------------------------
ppo_gnn_card_attn_v2_iter0010 vs v56              0.417    0.459     0.460    -0.043     -0.043
ppo_gnn_card_attn_v2_iter0010 vs v54              0.413    0.437     0.438    -0.024     -0.025
ppo_gnn_card_attn_v2_iter0010 vs v44              0.457    0.457     0.457    -0.000     -0.000
ppo_gnn_card_attn_v2_iter0010 vs v20              0.507    0.482     0.478    +0.025     +0.029
ppo_gnn_card_attn_v2_iter0010 vs v55              0.467    0.419     0.422    +0.047     +0.045
v56            vs v54              0.502    0.478     0.478    +0.024     +0.024
v56            vs v44              0.481    0.498     0.497    -0.016     -0.016
v56            vs v20              0.485    0.520     0.518    -0.035     -0.033
v56            vs v55              0.471    0.461     0.462    +0.011     +0.010
v54            vs v44              0.574    0.520     0.519    +0.054     +0.055
v54            vs v20              0.515    0.541     0.540    -0.026     -0.025
v54            vs v55              0.465    0.483     0.483    -0.018     -0.018
v44            vs v20              0.555    0.522     0.521    +0.033     +0.034
v44            vs v55              0.471    0.463     0.465    +0.008     +0.007
v20            vs v55              0.435    0.443     0.444    -0.008     -0.009
------------------------------------------------------------------------------------
                                              RMSE    0.0289     0.0289
  (bipartite RMSE < combined RMSE → bipartite model better fit)

Saved to results/ppo_gnn_card_attn_v2/candidate_tournament.json
[sql] Tournament logged: round_robin_20260419T085827Z_ppo_gnn_card_attn_v2_iter0010_v20 → results/metadata.sqlite3

[candidate] Top-8 panel-eval candidates:
  iter 0010: avg_panel_wr=0.460  results/ppo_gnn_card_attn_v2/ppo_iter0010_scripted.pt
[candidate] Models in tournament: ['ppo_gnn_card_attn_v2_iter0010:results/ppo_gnn_card_attn_v2/ppo_iter0010_scripted.pt', 'v56:data/checkpoints/scripted_for_elo/v56_scripted.pt', 'v54:data/checkpoints/scripted_for_elo/v54_scripted.pt', 'v44:data/checkpoints/scripted_for_elo/v44_scripted.pt', 'v20:data/checkpoints/scripted_for_elo/v20_scripted.pt', 'v55:data/checkpoints/scripted_for_elo/v55_scripted.pt']
[candidate] Games per matchup: 150, anchor: v56=1900.0
[candidate] Running: /home/dkord/code/twilight-struggle-ai/.venv/bin/python3 scripts/run_elo_tournament.py --models ppo_gnn_card_attn_v2_iter0010:results/ppo_gnn_card_attn_v2/ppo_iter0010_scripted.pt v56:data/checkpoints/scripted_for_elo/v56_scripted.pt v54:data/checkpoints/scripted_for_elo/v54_scripted.pt v44:data/checkpoints/scripted_for_elo/v44_scripted.pt v20:data/checkpoints/scripted_for_elo/v20_scripted.pt v55:data/checkpoints/scripted_for_elo/v55_scripted.pt --games 150 --anchor v56 --anchor-elo 1900.0 --schedule round_robin --out results/ppo_gnn_card_attn_v2/candidate_tournament.json --script-dir data/checkpoints/scripted_for_elo

[candidate] Tournament results (candidates only):
  ppo_gnn_card_attn_v2_iter0010: Elo=1871.7 ← WINNER
[candidate] ppo_best.pt ← results/ppo_gnn_card_attn_v2/ppo_iter0010.pt
[candidate] ppo_best_scripted.pt ← results/ppo_gnn_card_attn_v2/ppo_iter0010_scripted.pt

[candidate] Done. Winner: ppo_gnn_card_attn_v2_iter0010 (Elo=1871.7)
[candidate] Full tournament results: results/ppo_gnn_card_attn_v2/candidate_tournament.json
=== ELO incremental placement: gnn_card_attn_v2 ===
Exporting checkpoints to TorchScript ...
Loaded 6037 match results from SQL match_cache

Match schedule (36 total, 0 new, 36 reused from prior run):
  v56 vs v54  [reuse]
  v56 vs v44  [reuse]
  v56 vs v20  [reuse]
  v56 vs v55  [reuse]
  v56 vs v218_sc  [reuse]
  v56 vs v223_sc  [reuse]
  v56 vs v297_sc  [reuse]
  v56 vs gnn_card_attn_v2  [reuse]
  v54 vs v44  [reuse]
  v54 vs v20  [reuse]
  v54 vs v55  [reuse]
  v54 vs v218_sc  [reuse]
  v54 vs v223_sc  [reuse]
  v54 vs v297_sc  [reuse]
  v54 vs gnn_card_attn_v2  [reuse]
  v44 vs v20  [reuse]
  v44 vs v55  [reuse]
  v44 vs v218_sc  [reuse]
  v44 vs v223_sc  [reuse]
  v44 vs v297_sc  [reuse]
  v44 vs gnn_card_attn_v2  [reuse]
  v20 vs v55  [reuse]
  v20 vs v218_sc  [reuse]
  v20 vs v223_sc  [reuse]
  v20 vs v297_sc  [reuse]
  v20 vs gnn_card_attn_v2  [reuse]
  v55 vs v218_sc  [reuse]
  v55 vs v223_sc  [reuse]
  v55 vs v297_sc  [reuse]
  v55 vs gnn_card_attn_v2  [reuse]
  v218_sc vs v223_sc  [reuse]
  v218_sc vs v297_sc  [reuse]
  v218_sc vs gnn_card_attn_v2  [reuse]
  v223_sc vs v297_sc  [reuse]
  v223_sc vs gnn_card_attn_v2  [reuse]
  v297_sc vs gnn_card_attn_v2  [reuse]
  [reuse] v56 197(118u/79s) - 195(116u/79s) v54  draws=8  WR=0.502
  [reuse] v56 185(101u/84s) - 200(108u/92s) v44  draws=15  WR=0.481
  [reuse] v56 188(122u/66s) - 200(131u/69s) v20  draws=12  WR=0.485
  [reuse] v56 183(110u/73s) - 206(121u/85s) v55  draws=11  WR=0.471
  [reuse] v56 180(94u/86s) - 20(14u/6s) v218_sc  draws=0  WR=0.900
  [reuse] v56 182(92u/90s) - 18(10u/8s) v223_sc  draws=0  WR=0.910
  [reuse] v56 23(2u/21s) - 177(79u/98s) v297_sc  draws=0  WR=0.115
  [reuse] v56 112(59u/53s) - 88(47u/41s) gnn_card_attn_v2  draws=0  WR=0.560
  [reuse] v54 222(126u/96s) - 163(99u/64s) v44  draws=15  WR=0.574
  [reuse] v54 196(128u/68s) - 184(123u/61s) v20  draws=20  WR=0.515
  [reuse] v54 181(102u/79s) - 209(115u/94s) v55  draws=10  WR=0.465
  [reuse] v54 165(93u/72s) - 34(28u/6s) v218_sc  draws=1  WR=0.828
  [reuse] v54 173(94u/79s) - 24(20u/4s) v223_sc  draws=3  WR=0.873
  [reuse] v54 3(0u/3s) - 197(97u/100s) v297_sc  draws=0  WR=0.015
  [reuse] v54 122(58u/64s) - 77(35u/42s) gnn_card_attn_v2  draws=1  WR=0.613
  [reuse] v44 213(134u/79s) - 169(111u/58s) v20  draws=18  WR=0.555
  [reuse] v44 178(110u/68s) - 201(119u/82s) v55  draws=21  WR=0.471
  [reuse] v44 171(90u/81s) - 24(17u/7s) v218_sc  draws=5  WR=0.868
  [reuse] v44 165(86u/79s) - 30(19u/11s) v223_sc  draws=5  WR=0.838
  [reuse] v44 1(0u/1s) - 199(99u/100s) v297_sc  draws=0  WR=0.005
  [reuse] v44 109(55u/54s) - 86(43u/43s) gnn_card_attn_v2  draws=5  WR=0.557
  [reuse] v20 167(115u/52s) - 219(137u/82s) v55  draws=14  WR=0.435
  [reuse] v20 175(90u/85s) - 25(15u/10s) v218_sc  draws=0  WR=0.875
  [reuse] v20 176(93u/83s) - 21(16u/5s) v223_sc  draws=3  WR=0.887
  [reuse] v20 6(1u/5s) - 194(95u/99s) v297_sc  draws=0  WR=0.030
  [reuse] v20 86(47u/39s) - 109(59u/50s) gnn_card_attn_v2  draws=5  WR=0.443
  [reuse] v55 170(95u/75s) - 28(25u/3s) v218_sc  draws=2  WR=0.855
  [reuse] v55 168(88u/80s) - 30(19u/11s) v223_sc  draws=2  WR=0.845
  [reuse] v55 10(1u/9s) - 189(90u/99s) v297_sc  draws=1  WR=0.052
  [reuse] v55 111(54u/57s) - 85(41u/44s) gnn_card_attn_v2  draws=4  WR=0.565
  [reuse] v218_sc 111(56u/55s) - 89(45u/44s) v223_sc  draws=0  WR=0.555
  [reuse] v218_sc 43(24u/19s) - 154(80u/74s) v297_sc  draws=3  WR=0.223
  [reuse] v218_sc 20(12u/8s) - 178(91u/87s) gnn_card_attn_v2  draws=2  WR=0.105
  [reuse] v223_sc 31(21u/10s) - 167(89u/78s) v297_sc  draws=2  WR=0.160
  [reuse] v223_sc 23(16u/7s) - 176(92u/84s) gnn_card_attn_v2  draws=1  WR=0.117
  [reuse] v297_sc 60(22u/38s) - 136(60u/76s) gnn_card_attn_v2  draws=4  WR=0.310

Fitting BayesElo (bipartite per-side, anchor=v56_USSR=1900.0) ...
Fitting BayesElo (combined, for residual comparison) ...

Model                  USSR      US    Gap   Comb*                95% CI   vs anchor
  (bipartite per-side = PRIMARY, anchor: v56_USSR=1900)
  (* combined = derived from P(win) = 0.5·P_ussr + 0.5·P_us)
----------------------------------------------------------------------------------------
v297_sc               2072   2185  -113    2147  [  2124,   2171]  +247
gnn_card_attn_v2      1886   1937  -51    1933  [  1916,   1954]  +33
v55                   1931   1861  +70    1916  [  1900,   1930]  +16
v54                   1920   1847  +74    1905  [  1889,   1919]  +5
v56                   1900   1857  +43    1900  [  1900,   1900]  +0
v44                   1898   1843  +55    1892  [  1877,   1907]  -8
v20                   1925   1790  +135    1880  [  1864,   1894]  -20
v218_sc               1620   1547  +74    1611  [  1591,   1637]  -289
v223_sc               1589   1527  +61    1585  [  1564,   1612]  -315

Pair                              Obs WR   Bip WR   Comb WR   Bip err   Comb err
------------------------------------------------------------------------------------
v56            vs v54              0.502    0.493     0.494    +0.009     +0.008
v56            vs v44              0.481    0.512     0.511    -0.031     -0.030
v56            vs v20              0.485    0.529     0.530    -0.044     -0.045
v56            vs v55              0.471    0.476     0.478    -0.005     -0.006
v56            vs v218_sc          0.900    0.840     0.838    +0.060     +0.062
v56            vs v223_sc          0.910    0.860     0.858    +0.050     +0.052
v56            vs v297_sc          0.115    0.194     0.194    -0.079     -0.079
v56            vs gnn_card_attn_v2   0.560    0.453     0.450    +0.107     +0.110
v54            vs v44              0.574    0.518     0.517    +0.055     +0.056
v54            vs v20              0.515    0.535     0.536    -0.020     -0.021
v54            vs v55              0.465    0.483     0.484    -0.018     -0.019
v54            vs v218_sc          0.828    0.841     0.842    -0.014     -0.014
v54            vs v223_sc          0.873    0.861     0.860    +0.012     +0.012
v54            vs v297_sc          0.015    0.197     0.198    -0.182     -0.183
v54            vs gnn_card_attn_v2   0.613    0.460     0.456    +0.153     +0.157
v44            vs v20              0.555    0.518     0.519    +0.037     +0.036
v44            vs v55              0.471    0.465     0.466    +0.007     +0.005
v44            vs v218_sc          0.868    0.833     0.832    +0.035     +0.035
v44            vs v223_sc          0.838    0.853     0.852    -0.016     -0.014
v44            vs v297_sc          0.005    0.186     0.187    -0.181     -0.182
v44            vs gnn_card_attn_v2   0.557    0.441     0.439    +0.117     +0.119
v20            vs v55              0.435    0.449     0.448    -0.014     -0.013
v20            vs v218_sc          0.875    0.812     0.822    +0.063     +0.053
v20            vs v223_sc          0.887    0.834     0.842    +0.053     +0.045
v20            vs v297_sc          0.030    0.174     0.176    -0.144     -0.146
v20            vs gnn_card_attn_v2   0.443    0.423     0.420    +0.019     +0.022
v55            vs v218_sc          0.855    0.850     0.850    +0.005     +0.005
v55            vs v223_sc          0.845    0.869     0.868    -0.024     -0.023
v55            vs v297_sc          0.052    0.208     0.208    -0.156     -0.156
v55            vs gnn_card_attn_v2   0.565    0.477     0.472    +0.088     +0.093
v218_sc        vs v223_sc          0.555    0.535     0.537    +0.020     +0.018
v218_sc        vs v297_sc          0.223    0.042     0.044    +0.181     +0.178
v218_sc        vs gnn_card_attn_v2   0.105    0.131     0.136    -0.026     -0.031
v223_sc        vs v297_sc          0.160    0.037     0.038    +0.123     +0.122
v223_sc        vs gnn_card_attn_v2   0.117    0.115     0.120    +0.002     -0.002
v297_sc        vs gnn_card_attn_v2   0.310    0.766     0.773    -0.456     -0.463
------------------------------------------------------------------------------------
                                              RMSE    0.1124     0.1133
  (bipartite RMSE < combined RMSE → bipartite model better fit)

Saved to results/logs/elo/elo_gnn_card_attn_v2_incremental.json
[sql] Tournament logged: incremental_20260419T085832Z_gnn_card_attn_v2_v20 → results/metadata.sqlite3
[confirm] Merged $VERSION into results/elo/elo_full_ladder.json: elo=1933
Done. gnn_card_attn_v2: elo=1933 elo_ussr=1886 elo_us=1937
