wandb: [wandb.login()] Loaded credentials for https://api.wandb.ai from WANDB_API_KEY.
wandb: Currently logged in as: dkorduban (korduban-ai) to https://api.wandb.ai. Use `wandb login --relogin` to force relogin
wandb: setting up run a55132a4
wandb: Tracking run with wandb version 0.25.1
wandb: Run data is saved locally in /home/dkord/code/twilight-struggle-ai/wandb/run-20260411_131748-a55132a4
wandb: Run `wandb offline` to turn off syncing.
wandb: Syncing run ppo_v65_v55sc
wandb: ⭐️ View project at https://wandb.ai/korduban-ai/twilight-struggle-ai
wandb: 🚀 View run at https://wandb.ai/korduban-ai/twilight-struggle-ai/runs/a55132a4
Loading checkpoint: data/checkpoints/ppo_v55_league/ppo_best.pt
  [warn] Could not restore optimizer state: loaded state dict contains a parameter group that doesn't match the size of optimizer's group

Starting PPO training: 80 iterations × 200 games/iter, side=both
Device: cuda, lr=2e-05, clip=0.12, ent=0.01, vf=0.5
League training enabled (pool: data/checkpoints/ppo_v65_v55sc_league, save-every=10)
  Saved to league pool: data/checkpoints/ppo_v65_v55sc_league/iter_0001.pt
  [league] self: self | ussr_pool: ['iter_0001', 'iter_0001'] | us_pool: ['iter_0001', 'iter_0001']
  [diag] inf dtype=torch.float32 shape=torch.Size([2048, 172]) nan=0 inf_vals=0 range=[0.00,39.00]
  [diag] scalar dtype=torch.float32 nan=0 range=[-0.900,1.125]
  [diag] card_logits nan=0 range=[-17.15,14.02]
  [diag] values nan=0 range=[-0.9495,0.9670]
[iter   1/80] steps=13163 rollout_wr=0.395 (ussr=0.450 us=0.340) pl=-0.0209 vl=0.1069 ent=4.049 clip=0.121 kl=0.0034 t=37.6s (rollout=30.8s update=6.7s)
  [league] self: self | ussr_pool: ['v44_scripted', 'iter_0001'] | us_pool: ['iter_0001', 'iter_0001']
  [pfsp]
    [ussr] v44_scripted: WR_ussr=?(n=0) WR_us=?(n=0) pfsp=1.000
    [ussr] iter_0001: WR_ussr=0.42(n=80) WR_us=0.30(n=80) pfsp=0.575
    [us] iter_0001: WR_ussr=0.42(n=80) WR_us=0.30(n=80) pfsp=0.700
  [diag] inf dtype=torch.float32 shape=torch.Size([2048, 172]) nan=0 inf_vals=0 range=[0.00,37.00]
  [diag] scalar dtype=torch.float32 nan=0 range=[-0.950,1.125]
  [diag] card_logits nan=0 range=[-17.12,13.08]
  [diag] values nan=0 range=[-0.9660,0.9750]
[iter   2/80] steps=13175 rollout_wr=0.380 (ussr=0.490 us=0.270) pl=-0.0142 vl=0.1023 ent=4.028 clip=0.076 kl=0.0032 t=44.4s (rollout=39.3s update=5.2s)
  [league] self: self | ussr_pool: ['iter_0001', 'iter_0001'] | us_pool: ['iter_0001', 'iter_0001']
  [pfsp]
    [ussr] iter_0001: WR_ussr=0.46(n=120) WR_us=0.28(n=160) pfsp=0.542
    [us] iter_0001: WR_ussr=0.46(n=120) WR_us=0.28(n=160) pfsp=0.725
  [diag] inf dtype=torch.float32 shape=torch.Size([2048, 172]) nan=0 inf_vals=0 range=[0.00,37.00]
  [diag] scalar dtype=torch.float32 nan=0 range=[-0.850,1.125]
  [diag] card_logits nan=0 range=[-17.68,14.15]
  [diag] values nan=0 range=[-0.9672,0.9552]
[iter   3/80] steps=13037 rollout_wr=0.455 (ussr=0.570 us=0.340) pl=-0.0146 vl=0.1132 ent=4.016 clip=0.089 kl=0.0026 t=33.3s (rollout=28.4s update=4.9s)
  [league] self: self | ussr_pool: ['iter_0001', 'iter_0001'] | us_pool: ['iter_0001', 'iter_0001']
  [pfsp]
    [ussr] iter_0001: WR_ussr=0.51(n=200) WR_us=0.29(n=240) pfsp=0.490
    [us] iter_0001: WR_ussr=0.51(n=200) WR_us=0.29(n=240) pfsp=0.708
  [diag] inf dtype=torch.float32 shape=torch.Size([2048, 172]) nan=0 inf_vals=0 range=[0.00,37.00]
  [diag] scalar dtype=torch.float32 nan=0 range=[-0.800,1.125]
  [diag] card_logits nan=0 range=[-16.75,13.21]
  [diag] values nan=0 range=[-0.9870,0.9587]
[iter   4/80] steps=12994 rollout_wr=0.400 (ussr=0.480 us=0.320) pl=-0.0166 vl=0.1023 ent=3.994 clip=0.084 kl=0.0025 t=30.5s (rollout=25.5s update=5.1s)
  [league] self: self | ussr_pool: ['iter_0001', 'iter_0001'] | us_pool: ['iter_0001', 'iter_0001']
  [pfsp]
    [ussr] iter_0001: WR_ussr=0.50(n=280) WR_us=0.30(n=320) pfsp=0.504
    [us] iter_0001: WR_ussr=0.50(n=280) WR_us=0.30(n=320) pfsp=0.703
  [diag] inf dtype=torch.float32 shape=torch.Size([2048, 172]) nan=0 inf_vals=0 range=[0.00,35.00]
  [diag] scalar dtype=torch.float32 nan=0 range=[-0.750,1.125]
  [diag] card_logits nan=0 range=[-17.27,13.89]
  [diag] values nan=0 range=[-0.9688,0.9255]
[iter   5/80] steps=12655 rollout_wr=0.380 (ussr=0.510 us=0.250) pl=-0.0136 vl=0.1067 ent=3.975 clip=0.073 kl=0.0024 t=41.0s (rollout=35.8s update=5.2s)
  [league] self: self | ussr_pool: ['iter_0001', 'iter_0001'] | us_pool: ['iter_0001', 'iter_0001']
  [pfsp]
    [ussr] iter_0001: WR_ussr=0.50(n=360) WR_us=0.29(n=400) pfsp=0.500
    [us] iter_0001: WR_ussr=0.50(n=360) WR_us=0.29(n=400) pfsp=0.708
  [diag] inf dtype=torch.float32 shape=torch.Size([2048, 172]) nan=0 inf_vals=0 range=[0.00,48.00]
  [diag] scalar dtype=torch.float32 nan=0 range=[-0.850,1.125]
  [diag] card_logits nan=0 range=[-17.58,12.93]
  [diag] values nan=0 range=[-0.9835,0.9518]
[iter   6/80] steps=13231 rollout_wr=0.515 (ussr=0.570 us=0.460) pl=-0.0150 vl=0.1222 ent=3.937 clip=0.099 kl=0.0030 t=45.2s (rollout=39.9s update=5.3s)
  [league] self: self | ussr_pool: ['iter_0001', 'iter_0001'] | us_pool: ['iter_0001', 'iter_0001']
  [pfsp]
    [ussr] iter_0001: WR_ussr=0.52(n=440) WR_us=0.32(n=480) pfsp=0.484
    [us] iter_0001: WR_ussr=0.52(n=440) WR_us=0.32(n=480) pfsp=0.683
  [diag] inf dtype=torch.float32 shape=torch.Size([2048, 172]) nan=0 inf_vals=0 range=[0.00,40.00]
  [diag] scalar dtype=torch.float32 nan=0 range=[-0.850,1.000]
  [diag] card_logits nan=0 range=[-16.01,13.39]
  [diag] values nan=0 range=[-0.9760,0.9494]
[iter   7/80] steps=12849 rollout_wr=0.420 (ussr=0.450 us=0.390) pl=-0.0119 vl=0.1210 ent=3.998 clip=0.090 kl=0.0028 t=45.3s (rollout=40.2s update=5.0s)
  [league] self: self | ussr_pool: ['iter_0001', 'v55_scripted'] | us_pool: ['iter_0001', 'iter_0001']
  [pfsp]
    [ussr] iter_0001: WR_ussr=0.50(n=520) WR_us=0.33(n=560) pfsp=0.502
    [ussr] v55_scripted: WR_ussr=?(n=0) WR_us=?(n=0) pfsp=1.000
    [us] iter_0001: WR_ussr=0.50(n=520) WR_us=0.33(n=560) pfsp=0.671
  [diag] inf dtype=torch.float32 shape=torch.Size([2048, 172]) nan=0 inf_vals=0 range=[0.00,39.00]
  [diag] scalar dtype=torch.float32 nan=0 range=[-0.950,1.250]
  [diag] card_logits nan=0 range=[-17.42,13.69]
  [diag] values nan=0 range=[-0.9519,0.9470]
[iter   8/80] steps=13232 rollout_wr=0.390 (ussr=0.460 us=0.320) pl=-0.0134 vl=0.1048 ent=4.000 clip=0.081 kl=0.0024 t=36.3s (rollout=31.1s update=5.2s)
  [league] self: self | ussr_pool: ['iter_0001', 'iter_0001'] | us_pool: ['iter_0001', 'iter_0001']
  [pfsp]
    [ussr] iter_0001: WR_ussr=0.49(n=560) WR_us=0.33(n=640) pfsp=0.507
    [us] iter_0001: WR_ussr=0.49(n=560) WR_us=0.33(n=640) pfsp=0.672
  [diag] inf dtype=torch.float32 shape=torch.Size([2048, 172]) nan=0 inf_vals=0 range=[0.00,31.00]
  [diag] scalar dtype=torch.float32 nan=0 range=[-0.850,1.125]
  [diag] card_logits nan=0 range=[-18.31,14.17]
  [diag] values nan=0 range=[-0.9589,0.9611]
[iter   9/80] steps=13121 rollout_wr=0.375 (ussr=0.450 us=0.300) pl=-0.0130 vl=0.1052 ent=3.995 clip=0.075 kl=0.0022 t=29.5s (rollout=24.5s update=5.0s)
  Saved to league pool: data/checkpoints/ppo_v65_v55sc_league/iter_0010.pt
  [league] self: self | ussr_pool: ['iter_0010', 'iter_0001'] | us_pool: ['iter_0010', 'iter_0001']
  [pfsp]
    [ussr] iter_0010: WR_ussr=?(n=0) WR_us=?(n=0) pfsp=1.000
    [ussr] iter_0001: WR_ussr=0.49(n=640) WR_us=0.33(n=720) pfsp=0.514
    [us] iter_0010: WR_ussr=?(n=0) WR_us=?(n=0) pfsp=1.000
    [us] iter_0001: WR_ussr=0.49(n=640) WR_us=0.33(n=720) pfsp=0.675
  [diag] inf dtype=torch.float32 shape=torch.Size([2048, 172]) nan=0 inf_vals=0 range=[0.00,31.00]
  [diag] scalar dtype=torch.float32 nan=0 range=[-0.700,1.125]
  [diag] card_logits nan=0 range=[-17.35,13.48]
  [diag] values nan=0 range=[-0.9542,0.8885]
[iter  10/80] steps=12891 rollout_wr=0.415 (ussr=0.510 us=0.320) pl=-0.0177 vl=0.1180 ent=3.954 clip=0.077 kl=0.0023 t=29.9s (rollout=24.8s update=5.1s)
  [panel eval] launched pid=364285 iter=10 panel=['v8', 'v14', 'v22', 'v55', 'heuristic']
  [league] self: self | ussr_pool: ['iter_0001', 'iter_0001'] | us_pool: ['iter_0001', 'iter_0010']
  [pfsp]
    [ussr] iter_0001: WR_ussr=0.49(n=680) WR_us=0.32(n=760) pfsp=0.513
    [us] iter_0001: WR_ussr=0.49(n=680) WR_us=0.32(n=760) pfsp=0.680
    [us] iter_0010: WR_ussr=0.53(n=40) WR_us=0.40(n=40) pfsp=0.600
  [diag] inf dtype=torch.float32 shape=torch.Size([2048, 172]) nan=0 inf_vals=0 range=[0.00,34.00]
  [diag] scalar dtype=torch.float32 nan=0 range=[-0.950,1.125]
  [diag] card_logits nan=0 range=[-16.99,13.51]
  [diag] values nan=0 range=[-0.9427,0.9521]
[iter  11/80] steps=12793 rollout_wr=0.365 (ussr=0.480 us=0.250) pl=-0.0151 vl=0.0988 ent=3.929 clip=0.071 kl=0.0023 t=46.7s (rollout=41.5s update=5.2s)
  [league] self: self | ussr_pool: ['iter_0010', 'iter_0010'] | us_pool: ['iter_0010', 'iter_0001']
  [pfsp]
    [ussr] iter_0010: WR_ussr=0.53(n=40) WR_us=0.39(n=80) pfsp=0.475
    [us] iter_0010: WR_ussr=0.53(n=40) WR_us=0.39(n=80) pfsp=0.613
    [us] iter_0001: WR_ussr=0.49(n=760) WR_us=0.31(n=800) pfsp=0.688
  [diag] inf dtype=torch.float32 shape=torch.Size([2048, 172]) nan=0 inf_vals=0 range=[0.00,33.00]
  [diag] scalar dtype=torch.float32 nan=0 range=[-0.750,1.125]
  [diag] card_logits nan=0 range=[-17.38,13.97]
  [diag] values nan=0 range=[-0.9639,0.8843]
[iter  12/80] steps=12707 rollout_wr=0.390 (ussr=0.450 us=0.330) pl=-0.0157 vl=0.1119 ent=3.901 clip=0.076 kl=0.0023 t=44.0s (rollout=38.9s update=5.1s)
  [panel eval iter 10] avg=0.587: v8=0.500 | v14=0.555 | v22=0.525 | v55=0.465 | heuristic=0.890
  [league] self: self | ussr_pool: ['iter_0001', 'iter_0001'] | us_pool: ['iter_0010', 'iter_0010']
  [pfsp]
    [ussr] iter_0001: WR_ussr=0.49(n=760) WR_us=0.31(n=840) pfsp=0.513
    [us] iter_0010: WR_ussr=0.47(n=120) WR_us=0.38(n=120) pfsp=0.617
wandb: WARNING Tried to log to step 10 that is less than the current step 11. Steps must be monotonically increasing, so this data will be ignored. See https://wandb.me/define-metric to log data out of order.
  [diag] inf dtype=torch.float32 shape=torch.Size([2048, 172]) nan=0 inf_vals=0 range=[0.00,34.00]
  [diag] scalar dtype=torch.float32 nan=0 range=[-0.900,1.000]
  [diag] card_logits nan=0 range=[-17.10,13.09]
  [diag] values nan=0 range=[-0.9768,0.9185]
[iter  13/80] steps=13198 rollout_wr=0.400 (ussr=0.440 us=0.360) pl=-0.0138 vl=0.1147 ent=3.947 clip=0.082 kl=0.0025 t=30.2s (rollout=25.1s update=5.1s)
  [league] self: self | ussr_pool: ['iter_0010', 'iter_0010'] | us_pool: ['iter_0010', 'v61_scripted']
  [pfsp]
    [ussr] iter_0010: WR_ussr=0.47(n=120) WR_us=0.37(n=200) pfsp=0.525
    [us] iter_0010: WR_ussr=0.47(n=120) WR_us=0.37(n=200) pfsp=0.630
    [us] v61_scripted: WR_ussr=?(n=0) WR_us=?(n=0) pfsp=1.000
  [diag] inf dtype=torch.float32 shape=torch.Size([2048, 172]) nan=0 inf_vals=0 range=[0.00,38.00]
  [diag] scalar dtype=torch.float32 nan=0 range=[-0.900,1.000]
  [diag] card_logits nan=0 range=[-18.38,13.83]
  [diag] values nan=0 range=[-0.9420,0.9420]
[iter  14/80] steps=12870 rollout_wr=0.450 (ussr=0.520 us=0.380) pl=-0.0144 vl=0.1190 ent=3.908 clip=0.065 kl=0.0021 t=29.9s (rollout=25.0s update=4.9s)
  [league] self: self | ussr_pool: ['iter_0010', 'iter_0001'] | us_pool: ['iter_0001', 'iter_0001']
  [pfsp]
    [ussr] iter_0010: WR_ussr=0.49(n=200) WR_us=0.35(n=240) pfsp=0.510
    [ussr] iter_0001: WR_ussr=0.48(n=840) WR_us=0.31(n=840) pfsp=0.518
    [us] iter_0001: WR_ussr=0.48(n=840) WR_us=0.31(n=840) pfsp=0.688
  [diag] inf dtype=torch.float32 shape=torch.Size([2048, 172]) nan=0 inf_vals=0 range=[0.00,36.00]
  [diag] scalar dtype=torch.float32 nan=0 range=[-0.900,1.125]
  [diag] card_logits nan=0 range=[-17.76,13.06]
  [diag] values nan=0 range=[-0.9348,0.9036]
[iter  15/80] steps=13267 rollout_wr=0.415 (ussr=0.450 us=0.380) pl=-0.0134 vl=0.1135 ent=3.932 clip=0.085 kl=0.0025 t=29.9s (rollout=24.8s update=5.1s)
  [league] self: self | ussr_pool: ['iter_0001', 'iter_0001'] | us_pool: ['iter_0001', 'iter_0010']
  [pfsp]
    [ussr] iter_0001: WR_ussr=0.48(n=880) WR_us=0.32(n=920) pfsp=0.519
    [us] iter_0001: WR_ussr=0.48(n=880) WR_us=0.32(n=920) pfsp=0.684
    [us] iter_0010: WR_ussr=0.48(n=240) WR_us=0.35(n=240) pfsp=0.650
  [diag] inf dtype=torch.float32 shape=torch.Size([2048, 172]) nan=0 inf_vals=0 range=[0.00,50.00]
  [diag] scalar dtype=torch.float32 nan=0 range=[-0.800,1.000]
  [diag] card_logits nan=0 range=[-16.51,12.72]
  [diag] values nan=0 range=[-0.9505,0.9190]
[iter  16/80] steps=13219 rollout_wr=0.420 (ussr=0.410 us=0.430) pl=-0.0144 vl=0.1109 ent=3.967 clip=0.080 kl=0.0030 t=29.5s (rollout=24.5s update=5.0s)
  [league] self: self | ussr_pool: ['iter_0010', 'iter_0010'] | us_pool: ['iter_0001', 'iter_0010']
  [pfsp]
    [ussr] iter_0010: WR_ussr=0.48(n=240) WR_us=0.35(n=280) pfsp=0.521
    [us] iter_0001: WR_ussr=0.47(n=960) WR_us=0.32(n=960) pfsp=0.676
    [us] iter_0010: WR_ussr=0.48(n=240) WR_us=0.35(n=280) pfsp=0.654
  [diag] inf dtype=torch.float32 shape=torch.Size([2048, 172]) nan=0 inf_vals=0 range=[0.00,42.00]
  [diag] scalar dtype=torch.float32 nan=0 range=[-0.667,1.000]
  [diag] card_logits nan=0 range=[-17.25,12.93]
  [diag] values nan=0 range=[-0.9535,0.9458]
[iter  17/80] steps=13486 rollout_wr=0.425 (ussr=0.510 us=0.340) pl=-0.0150 vl=0.1208 ent=3.885 clip=0.089 kl=0.0027 t=29.8s (rollout=24.6s update=5.3s)
  [league] self: self | ussr_pool: ['iter_0001', 'iter_0001'] | us_pool: ['iter_0001', 'iter_0010']
  [pfsp]
    [ussr] iter_0001: WR_ussr=0.47(n=960) WR_us=0.32(n=1000) pfsp=0.530
    [us] iter_0001: WR_ussr=0.47(n=960) WR_us=0.32(n=1000) pfsp=0.679
    [us] iter_0010: WR_ussr=0.48(n=320) WR_us=0.35(n=320) pfsp=0.650
  [diag] inf dtype=torch.float32 shape=torch.Size([2048, 172]) nan=0 inf_vals=0 range=[0.00,36.00]
  [diag] scalar dtype=torch.float32 nan=0 range=[-0.950,1.000]
  [diag] card_logits nan=0 range=[-18.65,13.05]
  [diag] values nan=0 range=[-0.9441,0.9437]
[iter  18/80] steps=13025 rollout_wr=0.455 (ussr=0.450 us=0.460) pl=-0.0152 vl=0.1111 ent=3.983 clip=0.084 kl=0.0025 t=29.4s (rollout=24.3s update=5.1s)
  [league] self: self | ussr_pool: ['iter_0010', 'iter_0001'] | us_pool: ['iter_0010', 'heuristic']
  [pfsp]
    [ussr] iter_0010: WR_ussr=0.48(n=320) WR_us=0.37(n=360) pfsp=0.516
    [ussr] iter_0001: WR_ussr=0.47(n=1040) WR_us=0.32(n=1040) pfsp=0.534
    [us] iter_0010: WR_ussr=0.48(n=320) WR_us=0.37(n=360) pfsp=0.631
    [us] heuristic: WR_ussr=?(n=0) WR_us=?(n=0) pfsp=1.000
  [diag] inf dtype=torch.float32 shape=torch.Size([2048, 172]) nan=0 inf_vals=0 range=[0.00,27.00]
  [diag] scalar dtype=torch.float32 nan=0 range=[-0.950,1.000]
  [diag] card_logits nan=0 range=[-16.48,13.25]
  [diag] values nan=0 range=[-0.9201,0.9316]
[iter  19/80] steps=12843 rollout_wr=0.505 (ussr=0.470 us=0.540) pl=-0.0133 vl=0.1036 ent=3.965 clip=0.106 kl=0.0032 t=28.1s (rollout=23.2s update=5.0s)
  Saved to league pool: data/checkpoints/ppo_v65_v55sc_league/iter_0020.pt
  [league] self: self | ussr_pool: ['iter_0010', 'iter_0001'] | us_pool: ['iter_0020', 'iter_0010']
  [pfsp]
    [ussr] iter_0010: WR_ussr=0.48(n=360) WR_us=0.36(n=400) pfsp=0.517
    [ussr] iter_0001: WR_ussr=0.47(n=1080) WR_us=0.32(n=1040) pfsp=0.534
    [us] iter_0020: WR_ussr=?(n=0) WR_us=?(n=0) pfsp=1.000
    [us] iter_0010: WR_ussr=0.48(n=360) WR_us=0.36(n=400) pfsp=0.640
  [diag] inf dtype=torch.float32 shape=torch.Size([2048, 172]) nan=0 inf_vals=0 range=[0.00,31.00]
  [diag] scalar dtype=torch.float32 nan=0 range=[-0.800,1.250]
  [diag] card_logits nan=0 range=[-17.70,13.30]
  [diag] values nan=0 range=[-0.9482,0.8983]
[iter  20/80] steps=12726 rollout_wr=0.435 (ussr=0.530 us=0.340) pl=-0.0152 vl=0.1174 ent=3.921 clip=0.081 kl=0.0025 t=29.4s (rollout=24.4s update=5.0s)
  [panel eval] launched pid=364919 iter=20 panel=['v8', 'v14', 'v22', 'v55', 'heuristic']
  [league] self: self | ussr_pool: ['iter_0020', 'iter_0001'] | us_pool: ['iter_0020', 'iter_0010']
  [pfsp]
    [ussr] iter_0020: WR_ussr=?(n=0) WR_us=0.28(n=40) pfsp=1.000
    [ussr] iter_0001: WR_ussr=0.47(n=1120) WR_us=0.32(n=1040) pfsp=0.530
    [us] iter_0020: WR_ussr=?(n=0) WR_us=0.28(n=40) pfsp=0.725
    [us] iter_0010: WR_ussr=0.48(n=400) WR_us=0.36(n=440) pfsp=0.641
  [diag] inf dtype=torch.float32 shape=torch.Size([2048, 172]) nan=0 inf_vals=0 range=[0.00,36.00]
  [diag] scalar dtype=torch.float32 nan=0 range=[-0.850,1.125]
  [diag] card_logits nan=0 range=[-17.92,13.04]
  [diag] values nan=0 range=[-0.9598,0.9544]
[iter  21/80] steps=13368 rollout_wr=0.390 (ussr=0.420 us=0.360) pl=-0.0143 vl=0.1128 ent=3.906 clip=0.084 kl=0.0026 t=49.8s (rollout=44.4s update=5.5s)
  [league] self: self | ussr_pool: ['iter_0020', 'iter_0010'] | us_pool: ['iter_0020', 'iter_0020']
  [pfsp]
    [ussr] iter_0020: WR_ussr=0.47(n=40) WR_us=0.29(n=80) pfsp=0.525
    [ussr] iter_0010: WR_ussr=0.48(n=400) WR_us=0.36(n=480) pfsp=0.515
    [us] iter_0020: WR_ussr=0.47(n=40) WR_us=0.29(n=80) pfsp=0.713
  [diag] inf dtype=torch.float32 shape=torch.Size([2048, 172]) nan=0 inf_vals=0 range=[0.00,51.00]
  [diag] scalar dtype=torch.float32 nan=0 range=[-0.950,1.000]
  [diag] card_logits nan=0 range=[-18.21,13.97]
  [diag] values nan=0 range=[-0.9488,0.9440]
[iter  22/80] steps=13111 rollout_wr=0.400 (ussr=0.490 us=0.310) pl=-0.0168 vl=0.1008 ent=3.907 clip=0.082 kl=0.0029 t=51.2s (rollout=46.1s update=5.1s)
  [panel eval iter 20] avg=0.546: v8=0.470 | v14=0.480 | v22=0.485 | v55=0.445 | heuristic=0.850
  [league] self: self | ussr_pool: ['iter_0020', 'iter_0010'] | us_pool: ['iter_0020', 'iter_0010']
  [pfsp]
    [ussr] iter_0020: WR_ussr=0.42(n=80) WR_us=0.30(n=160) pfsp=0.575
    [ussr] iter_0010: WR_ussr=0.49(n=440) WR_us=0.36(n=480) pfsp=0.509
    [us] iter_0020: WR_ussr=0.42(n=80) WR_us=0.30(n=160) pfsp=0.700
    [us] iter_0010: WR_ussr=0.49(n=440) WR_us=0.36(n=480) pfsp=0.642
wandb: WARNING Tried to log to step 20 that is less than the current step 21. Steps must be monotonically increasing, so this data will be ignored. See https://wandb.me/define-metric to log data out of order.
  [diag] inf dtype=torch.float32 shape=torch.Size([2048, 172]) nan=0 inf_vals=0 range=[0.00,33.00]
  [diag] scalar dtype=torch.float32 nan=0 range=[-0.800,1.125]
  [diag] card_logits nan=0 range=[-17.43,12.79]
  [diag] values nan=0 range=[-0.9600,0.9303]
[iter  23/80] steps=12751 rollout_wr=0.460 (ussr=0.590 us=0.330) pl=-0.0149 vl=0.1062 ent=3.927 clip=0.090 kl=0.0028 t=29.9s (rollout=24.9s update=5.0s)
  [league] self: self | ussr_pool: ['iter_0010', 'iter_0001'] | us_pool: ['iter_0001', 'iter_0010']
  [pfsp]
    [ussr] iter_0010: WR_ussr=0.50(n=480) WR_us=0.35(n=520) pfsp=0.500
    [ussr] iter_0001: WR_ussr=0.46(n=1160) WR_us=0.32(n=1040) pfsp=0.536
    [us] iter_0001: WR_ussr=0.46(n=1160) WR_us=0.32(n=1040) pfsp=0.676
    [us] iter_0010: WR_ussr=0.50(n=480) WR_us=0.35(n=520) pfsp=0.648
  [diag] inf dtype=torch.float32 shape=torch.Size([2048, 172]) nan=0 inf_vals=0 range=[0.00,38.00]
  [diag] scalar dtype=torch.float32 nan=0 range=[-0.850,1.125]
  [diag] card_logits nan=0 range=[-20.27,12.56]
  [diag] values nan=0 range=[-0.9671,0.9245]
[iter  24/80] steps=13354 rollout_wr=0.410 (ussr=0.480 us=0.340) pl=-0.0166 vl=0.1091 ent=3.954 clip=0.098 kl=0.0032 t=30.0s (rollout=24.9s update=5.1s)
  [league] self: self | ussr_pool: ['iter_0001', 'iter_0020'] | us_pool: ['iter_0001', 'iter_0010']
  [pfsp]
    [ussr] iter_0001: WR_ussr=0.46(n=1200) WR_us=0.32(n=1080) pfsp=0.536
    [ussr] iter_0020: WR_ussr=0.45(n=120) WR_us=0.31(n=200) pfsp=0.550
    [us] iter_0001: WR_ussr=0.46(n=1200) WR_us=0.32(n=1080) pfsp=0.676
    [us] iter_0010: WR_ussr=0.50(n=520) WR_us=0.35(n=560) pfsp=0.648
  [diag] inf dtype=torch.float32 shape=torch.Size([2048, 172]) nan=0 inf_vals=0 range=[0.00,32.00]
  [diag] scalar dtype=torch.float32 nan=0 range=[-0.700,1.000]
  [diag] card_logits nan=0 range=[-19.80,12.97]
  [diag] values nan=0 range=[-0.9606,0.9645]
[iter  25/80] steps=13119 rollout_wr=0.440 (ussr=0.550 us=0.330) pl=-0.0154 vl=0.1118 ent=3.963 clip=0.093 kl=0.0036 t=30.7s (rollout=25.5s update=5.2s)
  [league] self: self | ussr_pool: ['iter_0001', 'iter_0001'] | us_pool: ['iter_0010', 'iter_0010']
  [pfsp]
    [ussr] iter_0001: WR_ussr=0.47(n=1240) WR_us=0.32(n=1120) pfsp=0.534
    [us] iter_0010: WR_ussr=0.50(n=520) WR_us=0.36(n=600) pfsp=0.642
  [diag] inf dtype=torch.float32 shape=torch.Size([2048, 172]) nan=0 inf_vals=0 range=[0.00,46.00]
  [diag] scalar dtype=torch.float32 nan=0 range=[-0.900,1.125]
  [diag] card_logits nan=0 range=[-18.76,12.61]
  [diag] values nan=0 range=[-0.9733,0.8979]
[iter  26/80] steps=13025 rollout_wr=0.355 (ussr=0.400 us=0.310) pl=-0.0148 vl=0.1035 ent=3.980 clip=0.095 kl=0.0041 t=29.8s (rollout=24.8s update=5.0s)
  [league] self: self | ussr_pool: ['v46_scripted', 'iter_0020'] | us_pool: ['iter_0001', 'iter_0010']
  [pfsp]
    [ussr] v46_scripted: WR_ussr=?(n=0) WR_us=?(n=0) pfsp=1.000
    [ussr] iter_0020: WR_ussr=0.49(n=160) WR_us=0.31(n=200) pfsp=0.512
    [us] iter_0001: WR_ussr=0.46(n=1320) WR_us=0.32(n=1120) pfsp=0.679
    [us] iter_0010: WR_ussr=0.50(n=520) WR_us=0.35(n=680) pfsp=0.649
  [diag] inf dtype=torch.float32 shape=torch.Size([2048, 172]) nan=0 inf_vals=0 range=[0.00,41.00]
  [diag] scalar dtype=torch.float32 nan=0 range=[-0.950,1.000]
  [diag] card_logits nan=0 range=[-18.36,13.28]
  [diag] values nan=0 range=[-0.9758,0.8985]
[iter  27/80] steps=13467 rollout_wr=0.465 (ussr=0.550 us=0.380) pl=-0.0134 vl=0.1096 ent=3.882 clip=0.087 kl=0.0028 t=30.8s (rollout=25.6s update=5.2s)
  [league] self: self | ussr_pool: ['iter_0020', 'iter_0001'] | us_pool: ['iter_0020', 'iter_0001']
  [pfsp]
    [ussr] iter_0020: WR_ussr=0.49(n=200) WR_us=0.31(n=200) pfsp=0.505
    [ussr] iter_0001: WR_ussr=0.46(n=1320) WR_us=0.32(n=1160) pfsp=0.536
    [us] iter_0020: WR_ussr=0.49(n=200) WR_us=0.31(n=200) pfsp=0.690
    [us] iter_0001: WR_ussr=0.46(n=1320) WR_us=0.32(n=1160) pfsp=0.679
  [diag] inf dtype=torch.float32 shape=torch.Size([2048, 172]) nan=0 inf_vals=0 range=[0.00,41.00]
  [diag] scalar dtype=torch.float32 nan=0 range=[-0.750,1.000]
  [diag] card_logits nan=0 range=[-18.02,13.35]
  [diag] values nan=0 range=[-0.9621,0.9279]
[iter  28/80] steps=12867 rollout_wr=0.445 (ussr=0.540 us=0.350) pl=-0.0120 vl=0.1090 ent=3.919 clip=0.078 kl=0.0029 t=30.6s (rollout=25.5s update=5.1s)
  [league] self: self | ussr_pool: ['v22_scripted', 'iter_0020'] | us_pool: ['iter_0010', 'iter_0001']
  [pfsp]
    [ussr] v22_scripted: WR_ussr=?(n=0) WR_us=?(n=0) pfsp=1.000
    [ussr] iter_0020: WR_ussr=0.50(n=240) WR_us=0.31(n=240) pfsp=0.496
    [us] iter_0010: WR_ussr=0.50(n=520) WR_us=0.35(n=720) pfsp=0.649
    [us] iter_0001: WR_ussr=0.46(n=1360) WR_us=0.32(n=1200) pfsp=0.677
  [diag] inf dtype=torch.float32 shape=torch.Size([2048, 172]) nan=0 inf_vals=0 range=[0.00,37.00]
  [diag] scalar dtype=torch.float32 nan=0 range=[-0.900,1.125]
  [diag] card_logits nan=0 range=[-17.55,13.48]
  [diag] values nan=0 range=[-0.9765,0.9506]
[iter  29/80] steps=13239 rollout_wr=0.500 (ussr=0.560 us=0.440) pl=-0.0137 vl=0.1085 ent=3.887 clip=0.081 kl=0.0026 t=29.7s (rollout=24.7s update=5.0s)
  Saved to league pool: data/checkpoints/ppo_v65_v55sc_league/iter_0030.pt
  [league] self: self | ussr_pool: ['iter_0010', 'iter_0010'] | us_pool: ['iter_0020', 'iter_0001']
  [pfsp]
    [ussr] iter_0010: WR_ussr=0.50(n=520) WR_us=0.35(n=760) pfsp=0.504
    [us] iter_0020: WR_ussr=0.51(n=280) WR_us=0.31(n=240) pfsp=0.688
    [us] iter_0001: WR_ussr=0.46(n=1360) WR_us=0.33(n=1240) pfsp=0.675
  [diag] inf dtype=torch.float32 shape=torch.Size([2048, 172]) nan=0 inf_vals=0 range=[0.00,48.00]
  [diag] scalar dtype=torch.float32 nan=0 range=[-0.900,1.125]
  [diag] card_logits nan=0 range=[-18.65,13.78]
  [diag] values nan=0 range=[-0.9527,0.9646]
[iter  30/80] steps=13252 rollout_wr=0.425 (ussr=0.510 us=0.340) pl=-0.0148 vl=0.1181 ent=3.892 clip=0.082 kl=0.0025 t=30.6s (rollout=25.5s update=5.2s)
  [panel eval] launched pid=366068 iter=30 panel=['v8', 'v14', 'v22', 'v55', 'heuristic']
  [league] self: self | ussr_pool: ['iter_0001', 'iter_0020'] | us_pool: ['iter_0020', 'iter_0030']
  [pfsp]
    [ussr] iter_0001: WR_ussr=0.46(n=1360) WR_us=0.32(n=1280) pfsp=0.536
    [ussr] iter_0020: WR_ussr=0.51(n=280) WR_us=0.31(n=280) pfsp=0.489
    [us] iter_0020: WR_ussr=0.51(n=280) WR_us=0.31(n=280) pfsp=0.686
    [us] iter_0030: WR_ussr=?(n=0) WR_us=?(n=0) pfsp=1.000
  [diag] inf dtype=torch.float32 shape=torch.Size([2048, 172]) nan=0 inf_vals=0 range=[0.00,45.00]
  [diag] scalar dtype=torch.float32 nan=0 range=[-0.800,1.125]
  [diag] card_logits nan=0 range=[-17.80,13.32]
  [diag] values nan=0 range=[-0.9572,0.9307]
[iter  31/80] steps=13541 rollout_wr=0.415 (ussr=0.390 us=0.440) pl=-0.0148 vl=0.1147 ent=3.893 clip=0.085 kl=0.0025 t=52.4s (rollout=47.0s update=5.4s)
  [league] self: self | ussr_pool: ['iter_0001', 'iter_0020'] | us_pool: ['iter_0001', 'iter_0030']
  [pfsp]
    [ussr] iter_0001: WR_ussr=0.46(n=1400) WR_us=0.32(n=1280) pfsp=0.542
    [ussr] iter_0020: WR_ussr=0.50(n=320) WR_us=0.33(n=320) pfsp=0.500
    [us] iter_0001: WR_ussr=0.46(n=1400) WR_us=0.32(n=1280) pfsp=0.676
    [us] iter_0030: WR_ussr=?(n=0) WR_us=0.47(n=40) pfsp=0.525
  [diag] inf dtype=torch.float32 shape=torch.Size([2048, 172]) nan=0 inf_vals=0 range=[0.00,36.00]
  [diag] scalar dtype=torch.float32 nan=0 range=[-0.950,1.000]
  [diag] card_logits nan=0 range=[-18.81,13.52]
  [diag] values nan=0 range=[-0.9595,0.9389]
[iter  32/80] steps=13619 rollout_wr=0.385 (ussr=0.410 us=0.360) pl=-0.0158 vl=0.1078 ent=3.916 clip=0.093 kl=0.0028 t=47.9s (rollout=42.6s update=5.3s)
  [panel eval iter 30] avg=0.526: v8=0.470 | v14=0.450 | v22=0.405 | v55=0.465 | heuristic=0.840
  [league] self: self | ussr_pool: ['iter_0030', 'iter_0001'] | us_pool: ['iter_0001', 'iter_0030']
  [pfsp]
    [ussr] iter_0030: WR_ussr=?(n=0) WR_us=0.44(n=80) pfsp=1.000
    [ussr] iter_0001: WR_ussr=0.45(n=1440) WR_us=0.32(n=1320) pfsp=0.547
    [us] iter_0001: WR_ussr=0.45(n=1440) WR_us=0.32(n=1320) pfsp=0.677
    [us] iter_0030: WR_ussr=?(n=0) WR_us=0.44(n=80) pfsp=0.562
wandb: WARNING Tried to log to step 30 that is less than the current step 31. Steps must be monotonically increasing, so this data will be ignored. See https://wandb.me/define-metric to log data out of order.
  [diag] inf dtype=torch.float32 shape=torch.Size([2048, 172]) nan=0 inf_vals=0 range=[0.00,39.00]
  [diag] scalar dtype=torch.float32 nan=0 range=[-0.900,1.000]
  [diag] card_logits nan=0 range=[-19.24,13.41]
  [diag] values nan=0 range=[-0.9390,0.9225]
[iter  33/80] steps=13352 rollout_wr=0.450 (ussr=0.460 us=0.440) pl=-0.0148 vl=0.1077 ent=3.880 clip=0.074 kl=0.0024 t=30.0s (rollout=24.8s update=5.1s)
  [league] self: self | ussr_pool: ['iter_0030', 'iter_0030'] | us_pool: ['iter_0001', 'iter_0001']
  [pfsp]
    [ussr] iter_0030: WR_ussr=0.45(n=40) WR_us=0.47(n=120) pfsp=0.550
    [us] iter_0001: WR_ussr=0.45(n=1480) WR_us=0.32(n=1360) pfsp=0.676
  [diag] inf dtype=torch.float32 shape=torch.Size([2048, 172]) nan=0 inf_vals=0 range=[0.00,40.00]
  [diag] scalar dtype=torch.float32 nan=0 range=[-0.667,1.000]
  [diag] card_logits nan=0 range=[-19.08,13.59]
  [diag] values nan=0 range=[-0.9667,0.9371]
[iter  34/80] steps=13064 rollout_wr=0.480 (ussr=0.560 us=0.400) pl=-0.0148 vl=0.1119 ent=3.847 clip=0.080 kl=0.0026 t=31.0s (rollout=25.8s update=5.2s)
  [league] self: self | ussr_pool: ['iter_0030', 'iter_0001'] | us_pool: ['iter_0030', 'iter_0020']
  [pfsp]
    [ussr] iter_0030: WR_ussr=0.50(n=120) WR_us=0.47(n=120) pfsp=0.500
    [ussr] iter_0001: WR_ussr=0.45(n=1480) WR_us=0.33(n=1440) pfsp=0.545
    [us] iter_0030: WR_ussr=0.50(n=120) WR_us=0.47(n=120) pfsp=0.533
    [us] iter_0020: WR_ussr=0.49(n=360) WR_us=0.33(n=320) pfsp=0.672
  [diag] inf dtype=torch.float32 shape=torch.Size([2048, 172]) nan=0 inf_vals=0 range=[0.00,43.00]
  [diag] scalar dtype=torch.float32 nan=0 range=[-0.950,1.125]
  [diag] card_logits nan=0 range=[-18.68,13.99]
  [diag] values nan=0 range=[-0.9451,0.9585]
[iter  35/80] steps=12960 rollout_wr=0.405 (ussr=0.490 us=0.320) pl=-0.0198 vl=0.1104 ent=3.875 clip=0.091 kl=0.0030 t=31.0s (rollout=26.0s update=5.0s)
  [league] self: self | ussr_pool: ['v22_scripted', 'iter_0020'] | us_pool: ['iter_0001', 'iter_0020']
  [pfsp]
    [ussr] v22_scripted: WR_ussr=0.55(n=40) WR_us=?(n=0) pfsp=0.450
    [ussr] iter_0020: WR_ussr=0.49(n=360) WR_us=0.34(n=360) pfsp=0.506
    [us] iter_0001: WR_ussr=0.45(n=1520) WR_us=0.33(n=1440) pfsp=0.673
    [us] iter_0020: WR_ussr=0.49(n=360) WR_us=0.34(n=360) pfsp=0.664
  [diag] inf dtype=torch.float32 shape=torch.Size([2048, 172]) nan=0 inf_vals=0 range=[0.00,39.00]
  [diag] scalar dtype=torch.float32 nan=0 range=[-0.850,1.000]
  [diag] card_logits nan=0 range=[-20.32,14.13]
  [diag] values nan=0 range=[-0.9562,0.9233]
[iter  36/80] steps=13057 rollout_wr=0.480 (ussr=0.570 us=0.390) pl=-0.0168 vl=0.1129 ent=3.880 clip=0.091 kl=0.0031 t=31.1s (rollout=25.9s update=5.2s)
  [league] self: self | ussr_pool: ['iter_0020', 'iter_0030'] | us_pool: ['iter_0030', 'iter_0010']
  [pfsp]
    [ussr] iter_0020: WR_ussr=0.51(n=400) WR_us=0.34(n=400) pfsp=0.495
    [ussr] iter_0030: WR_ussr=0.47(n=160) WR_us=0.42(n=160) pfsp=0.525
    [us] iter_0030: WR_ussr=0.47(n=160) WR_us=0.42(n=160) pfsp=0.581
    [us] iter_0010: WR_ussr=0.50(n=600) WR_us=0.35(n=760) pfsp=0.646
  [diag] inf dtype=torch.float32 shape=torch.Size([2048, 172]) nan=0 inf_vals=0 range=[0.00,43.00]
  [diag] scalar dtype=torch.float32 nan=0 range=[-0.850,1.000]
  [diag] card_logits nan=0 range=[-18.59,13.58]
  [diag] values nan=0 range=[-0.9586,0.9392]
[iter  37/80] steps=13340 rollout_wr=0.445 (ussr=0.470 us=0.420) pl=-0.0129 vl=0.1087 ent=3.861 clip=0.090 kl=0.0032 t=31.6s (rollout=26.4s update=5.2s)
  [league] self: self | ussr_pool: ['iter_0010', 'iter_0010'] | us_pool: ['iter_0030', 'iter_0001']
  [pfsp]
    [ussr] iter_0010: WR_ussr=0.50(n=600) WR_us=0.36(n=800) pfsp=0.498
    [us] iter_0030: WR_ussr=0.51(n=200) WR_us=0.41(n=200) pfsp=0.590
    [us] iter_0001: WR_ussr=0.45(n=1520) WR_us=0.33(n=1480) pfsp=0.673
  [diag] inf dtype=torch.float32 shape=torch.Size([2048, 172]) nan=0 inf_vals=0 range=[0.00,38.00]
  [diag] scalar dtype=torch.float32 nan=0 range=[-0.750,1.125]
  [diag] card_logits nan=0 range=[-19.25,13.18]
  [diag] values nan=0 range=[-0.9604,0.9381]
[iter  38/80] steps=12905 rollout_wr=0.405 (ussr=0.510 us=0.300) pl=-0.0155 vl=0.1066 ent=3.884 clip=0.093 kl=0.0033 t=41.7s (rollout=36.1s update=5.6s)
  [league] self: self | ussr_pool: ['v14_scripted', 'iter_0001'] | us_pool: ['iter_0020', 'iter_0030']
  [pfsp]
    [ussr] v14_scripted: WR_ussr=?(n=0) WR_us=?(n=0) pfsp=1.000
    [ussr] iter_0001: WR_ussr=0.45(n=1520) WR_us=0.33(n=1520) pfsp=0.545
    [us] iter_0020: WR_ussr=0.49(n=440) WR_us=0.34(n=400) pfsp=0.657
    [us] iter_0030: WR_ussr=0.51(n=200) WR_us=0.38(n=240) pfsp=0.621
  [diag] inf dtype=torch.float32 shape=torch.Size([2048, 172]) nan=0 inf_vals=0 range=[0.00,56.00]
  [diag] scalar dtype=torch.float32 nan=0 range=[-0.900,1.125]
  [diag] card_logits nan=0 range=[-19.22,13.19]
  [diag] values nan=0 range=[-0.9641,0.9237]
[iter  39/80] steps=13248 rollout_wr=0.505 (ussr=0.570 us=0.440) pl=-0.0163 vl=0.1148 ent=3.868 clip=0.101 kl=0.0032 t=46.3s (rollout=40.6s update=5.8s)
  Saved to league pool: data/checkpoints/ppo_v65_v55sc_league/iter_0040.pt
  [league] self: self | ussr_pool: ['iter_0020', 'iter_0010'] | us_pool: ['iter_0030', 'iter_0020']
  [pfsp]
    [ussr] iter_0020: WR_ussr=0.49(n=440) WR_us=0.35(n=440) pfsp=0.509
    [ussr] iter_0010: WR_ussr=0.50(n=680) WR_us=0.36(n=800) pfsp=0.499
    [us] iter_0030: WR_ussr=0.51(n=200) WR_us=0.39(n=280) pfsp=0.611
    [us] iter_0020: WR_ussr=0.49(n=440) WR_us=0.35(n=440) pfsp=0.648
  [diag] inf dtype=torch.float32 shape=torch.Size([2048, 172]) nan=0 inf_vals=0 range=[0.00,36.00]
  [diag] scalar dtype=torch.float32 nan=0 range=[-0.950,1.000]
  [diag] card_logits nan=0 range=[-19.79,12.94]
  [diag] values nan=0 range=[-0.9627,0.9334]
[iter  40/80] steps=13281 rollout_wr=0.435 (ussr=0.460 us=0.410) pl=-0.0147 vl=0.1127 ent=3.845 clip=0.084 kl=0.0037 t=44.0s (rollout=38.4s update=5.6s)
  [panel eval] launched pid=366788 iter=40 panel=['v8', 'v14', 'v22', 'v55', 'heuristic']
  [league] self: self | ussr_pool: ['iter_0040', 'iter_0020'] | us_pool: ['iter_0020', 'iter_0030']
  [pfsp]
    [ussr] iter_0040: WR_ussr=?(n=0) WR_us=?(n=0) pfsp=1.000
    [ussr] iter_0020: WR_ussr=0.50(n=480) WR_us=0.36(n=480) pfsp=0.504
    [us] iter_0020: WR_ussr=0.50(n=480) WR_us=0.36(n=480) pfsp=0.642
    [us] iter_0030: WR_ussr=0.51(n=200) WR_us=0.39(n=320) pfsp=0.613
  [diag] inf dtype=torch.float32 shape=torch.Size([2048, 172]) nan=0 inf_vals=0 range=[0.00,48.00]
  [diag] scalar dtype=torch.float32 nan=0 range=[-0.850,1.000]
  [diag] card_logits nan=0 range=[-20.28,12.31]
  [diag] values nan=0 range=[-0.9654,0.9210]
[iter  41/80] steps=13541 rollout_wr=0.455 (ussr=0.430 us=0.480) pl=-0.0163 vl=0.1141 ent=3.836 clip=0.098 kl=0.0035 t=82.0s (rollout=76.4s update=5.6s)
  [league] self: self | ussr_pool: ['iter_0020', 'iter_0030'] | us_pool: ['iter_0040', 'iter_0020']
  [pfsp]
    [ussr] iter_0020: WR_ussr=0.49(n=520) WR_us=0.36(n=520) pfsp=0.512
    [ussr] iter_0030: WR_ussr=0.51(n=200) WR_us=0.40(n=360) pfsp=0.495
    [us] iter_0040: WR_ussr=0.50(n=40) WR_us=?(n=0) pfsp=1.000
    [us] iter_0020: WR_ussr=0.49(n=520) WR_us=0.36(n=520) pfsp=0.638
  [diag] inf dtype=torch.float32 shape=torch.Size([2048, 172]) nan=0 inf_vals=0 range=[0.00,35.00]
  [diag] scalar dtype=torch.float32 nan=0 range=[-0.667,1.000]
  [diag] card_logits nan=0 range=[-19.95,13.56]
  [diag] values nan=0 range=[-0.9806,0.9424]
[iter  42/80] steps=13229 rollout_wr=0.480 (ussr=0.510 us=0.450) pl=-0.0133 vl=0.1174 ent=3.833 clip=0.104 kl=0.0036 t=67.7s (rollout=62.2s update=5.5s)
  [panel eval iter 40] avg=0.516: v8=0.445 | v14=0.490 | v22=0.445 | v55=0.430 | heuristic=0.770
  [league] self: self | ussr_pool: ['iter_0010', 'iter_0001'] | us_pool: ['iter_0020', 'iter_0010']
  [pfsp]
    [ussr] iter_0010: WR_ussr=0.49(n=720) WR_us=0.36(n=800) pfsp=0.508
    [ussr] iter_0001: WR_ussr=0.45(n=1560) WR_us=0.33(n=1520) pfsp=0.546
    [us] iter_0020: WR_ussr=0.49(n=560) WR_us=0.37(n=560) pfsp=0.630
    [us] iter_0010: WR_ussr=0.49(n=720) WR_us=0.36(n=800) pfsp=0.643
wandb: WARNING Tried to log to step 40 that is less than the current step 41. Steps must be monotonically increasing, so this data will be ignored. See https://wandb.me/define-metric to log data out of order.
  [diag] inf dtype=torch.float32 shape=torch.Size([2048, 172]) nan=0 inf_vals=0 range=[0.00,38.00]
  [diag] scalar dtype=torch.float32 nan=0 range=[-0.800,1.125]
  [diag] card_logits nan=0 range=[-19.42,13.54]
  [diag] values nan=0 range=[-0.9682,0.9301]
[iter  43/80] steps=12939 rollout_wr=0.445 (ussr=0.510 us=0.380) pl=-0.0127 vl=0.1099 ent=3.950 clip=0.092 kl=0.0039 t=35.9s (rollout=30.6s update=5.4s)
  [league] self: self | ussr_pool: ['iter_0020', 'iter_0010'] | us_pool: ['iter_0040', 'iter_0040']
  [pfsp]
    [ussr] iter_0020: WR_ussr=0.49(n=560) WR_us=0.37(n=600) pfsp=0.514
    [ussr] iter_0010: WR_ussr=0.49(n=760) WR_us=0.36(n=840) pfsp=0.505
    [us] iter_0040: WR_ussr=0.50(n=40) WR_us=0.47(n=40) pfsp=0.525
  [diag] inf dtype=torch.float32 shape=torch.Size([2048, 172]) nan=0 inf_vals=0 range=[0.00,40.00]
  [diag] scalar dtype=torch.float32 nan=0 range=[-0.850,1.125]
  [diag] card_logits nan=0 range=[-20.90,15.05]
  [diag] values nan=0 range=[-0.9637,0.8669]
[iter  44/80] steps=13160 rollout_wr=0.450 (ussr=0.490 us=0.410) pl=-0.0157 vl=0.1206 ent=3.935 clip=0.092 kl=0.0030 t=38.5s (rollout=33.0s update=5.5s)
  [league] self: self | ussr_pool: ['iter_0001', 'iter_0010'] | us_pool: ['iter_0010', 'iter_0020']
  [pfsp]
    [ussr] iter_0001: WR_ussr=0.45(n=1600) WR_us=0.33(n=1520) pfsp=0.548
    [ussr] iter_0010: WR_ussr=0.49(n=800) WR_us=0.36(n=840) pfsp=0.505
    [us] iter_0010: WR_ussr=0.49(n=800) WR_us=0.36(n=840) pfsp=0.642
    [us] iter_0020: WR_ussr=0.48(n=600) WR_us=0.37(n=600) pfsp=0.630
  [diag] inf dtype=torch.float32 shape=torch.Size([2048, 172]) nan=0 inf_vals=0 range=[0.00,34.00]
  [diag] scalar dtype=torch.float32 nan=0 range=[-0.950,1.000]
  [diag] card_logits nan=0 range=[-18.51,13.72]
  [diag] values nan=0 range=[-0.9642,0.9046]
[iter  45/80] steps=13140 rollout_wr=0.400 (ussr=0.440 us=0.360) pl=-0.0143 vl=0.1132 ent=3.910 clip=0.092 kl=0.0031 t=39.2s (rollout=33.7s update=5.4s)
  [league] self: self | ussr_pool: ['iter_0040', 'iter_0010'] | us_pool: ['iter_0001', 'v55_scripted']
  [pfsp]
    [ussr] iter_0040: WR_ussr=0.50(n=40) WR_us=0.42(n=120) pfsp=0.500
    [ussr] iter_0010: WR_ussr=0.49(n=840) WR_us=0.36(n=880) pfsp=0.512
    [us] iter_0001: WR_ussr=0.45(n=1640) WR_us=0.33(n=1520) pfsp=0.673
    [us] v55_scripted: WR_ussr=0.45(n=40) WR_us=?(n=0) pfsp=1.000
  [diag] inf dtype=torch.float32 shape=torch.Size([2048, 172]) nan=0 inf_vals=0 range=[0.00,42.00]
  [diag] scalar dtype=torch.float32 nan=0 range=[-0.750,1.125]
  [diag] card_logits nan=0 range=[-19.23,12.96]
  [diag] values nan=0 range=[-0.9635,0.8792]
[iter  46/80] steps=13032 rollout_wr=0.455 (ussr=0.460 us=0.450) pl=-0.0144 vl=0.1087 ent=3.889 clip=0.095 kl=0.0033 t=50.0s (rollout=44.6s update=5.4s)
  [league] self: self | ussr_pool: ['iter_0040', 'iter_0030'] | us_pool: ['iter_0030', 'iter_0001']
  [pfsp]
    [ussr] iter_0040: WR_ussr=0.51(n=80) WR_us=0.42(n=120) pfsp=0.488
    [ussr] iter_0030: WR_ussr=0.51(n=240) WR_us=0.40(n=360) pfsp=0.492
    [us] iter_0030: WR_ussr=0.51(n=240) WR_us=0.40(n=360) pfsp=0.603
    [us] iter_0001: WR_ussr=0.45(n=1640) WR_us=0.33(n=1560) pfsp=0.672
  [diag] inf dtype=torch.float32 shape=torch.Size([2048, 172]) nan=0 inf_vals=0 range=[0.00,46.00]
  [diag] scalar dtype=torch.float32 nan=0 range=[-0.700,1.125]
  [diag] card_logits nan=0 range=[-19.86,13.83]
  [diag] values nan=0 range=[-0.9569,0.9348]
[iter  47/80] steps=13405 rollout_wr=0.455 (ussr=0.510 us=0.400) pl=-0.0143 vl=0.1118 ent=3.909 clip=0.086 kl=0.0026 t=37.5s (rollout=32.2s update=5.3s)
  [league] self: self | ussr_pool: ['iter_0010', 'iter_0020'] | us_pool: ['iter_0030', 'iter_0040']
  [pfsp]
    [ussr] iter_0010: WR_ussr=0.48(n=880) WR_us=0.36(n=880) pfsp=0.516
    [ussr] iter_0020: WR_ussr=0.48(n=600) WR_us=0.37(n=640) pfsp=0.517
    [us] iter_0030: WR_ussr=0.51(n=280) WR_us=0.40(n=400) pfsp=0.603
    [us] iter_0040: WR_ussr=0.48(n=120) WR_us=0.42(n=120) pfsp=0.575
  [diag] inf dtype=torch.float32 shape=torch.Size([2048, 172]) nan=0 inf_vals=0 range=[0.00,49.00]
  [diag] scalar dtype=torch.float32 nan=0 range=[-0.850,1.000]
  [diag] card_logits nan=0 range=[-18.92,12.89]
  [diag] values nan=0 range=[-0.9603,0.9185]
[iter  48/80] steps=13529 rollout_wr=0.480 (ussr=0.460 us=0.500) pl=-0.0159 vl=0.1097 ent=3.940 clip=0.102 kl=0.0037 t=38.0s (rollout=32.5s update=5.5s)
  [league] self: self | ussr_pool: ['iter_0020', 'iter_0040'] | us_pool: ['iter_0001', 'iter_0010']
  [pfsp]
    [ussr] iter_0020: WR_ussr=0.48(n=640) WR_us=0.37(n=640) pfsp=0.519
    [ussr] iter_0040: WR_ussr=0.48(n=120) WR_us=0.46(n=160) pfsp=0.517
    [us] iter_0001: WR_ussr=0.45(n=1640) WR_us=0.33(n=1600) pfsp=0.670
    [us] iter_0010: WR_ussr=0.48(n=920) WR_us=0.36(n=880) pfsp=0.642
  [diag] inf dtype=torch.float32 shape=torch.Size([2048, 172]) nan=0 inf_vals=0 range=[0.00,41.00]
  [diag] scalar dtype=torch.float32 nan=0 range=[-0.850,1.125]
  [diag] card_logits nan=0 range=[-21.00,12.59]
  [diag] values nan=0 range=[-0.9579,0.9482]
[iter  49/80] steps=13183 rollout_wr=0.390 (ussr=0.460 us=0.320) pl=-0.0144 vl=0.1218 ent=3.852 clip=0.101 kl=0.0029 t=40.0s (rollout=34.7s update=5.3s)
  Saved to league pool: data/checkpoints/ppo_v65_v55sc_league/iter_0050.pt
  [league] self: self | ussr_pool: ['iter_0001', 'iter_0010'] | us_pool: ['iter_0020', 'iter_0010']
  [pfsp]
    [ussr] iter_0001: WR_ussr=0.45(n=1640) WR_us=0.33(n=1640) pfsp=0.547
    [ussr] iter_0010: WR_ussr=0.48(n=920) WR_us=0.36(n=920) pfsp=0.517
    [us] iter_0020: WR_ussr=0.49(n=680) WR_us=0.37(n=640) pfsp=0.631
    [us] iter_0010: WR_ussr=0.48(n=920) WR_us=0.36(n=920) pfsp=0.643
  [diag] inf dtype=torch.float32 shape=torch.Size([2048, 172]) nan=0 inf_vals=0 range=[0.00,36.00]
  [diag] scalar dtype=torch.float32 nan=0 range=[-0.800,1.125]
  [diag] card_logits nan=0 range=[-19.07,13.21]
  [diag] values nan=0 range=[-0.9591,0.8675]
[iter  50/80] steps=12922 rollout_wr=0.385 (ussr=0.500 us=0.270) pl=-0.0157 vl=0.1185 ent=3.880 clip=0.090 kl=0.0031 t=39.8s (rollout=34.4s update=5.4s)
  [panel eval] launched pid=368892 iter=50 panel=['v8', 'v14', 'v22', 'v55', 'heuristic']
  [league] self: self | ussr_pool: ['iter_0030', 'iter_0050'] | us_pool: ['iter_0030', 'iter_0040']
  [pfsp]
    [ussr] iter_0030: WR_ussr=0.51(n=280) WR_us=0.40(n=440) pfsp=0.486
    [ussr] iter_0050: WR_ussr=?(n=0) WR_us=?(n=0) pfsp=1.000
    [us] iter_0030: WR_ussr=0.51(n=280) WR_us=0.40(n=440) pfsp=0.600
    [us] iter_0040: WR_ussr=0.46(n=160) WR_us=0.46(n=160) pfsp=0.544
  [diag] inf dtype=torch.float32 shape=torch.Size([2048, 172]) nan=0 inf_vals=0 range=[0.00,47.00]
  [diag] scalar dtype=torch.float32 nan=0 range=[-0.700,1.000]
  [diag] card_logits nan=0 range=[-20.17,13.67]
  [diag] values nan=0 range=[-0.9572,0.9406]
[iter  51/80] steps=13678 rollout_wr=0.435 (ussr=0.450 us=0.420) pl=-0.0141 vl=0.1067 ent=3.795 clip=0.081 kl=0.0029 t=85.3s (rollout=79.4s update=5.8s)
  [league] self: self | ussr_pool: ['iter_0050', 'iter_0040'] | us_pool: ['iter_0001', 'heuristic']
  [pfsp]
    [ussr] iter_0050: WR_ussr=0.33(n=40) WR_us=?(n=0) pfsp=0.675
    [ussr] iter_0040: WR_ussr=0.46(n=160) WR_us=0.45(n=200) pfsp=0.537
    [us] iter_0001: WR_ussr=0.45(n=1680) WR_us=0.33(n=1640) pfsp=0.671
    [us] heuristic: WR_ussr=?(n=0) WR_us=0.80(n=40) pfsp=0.200
  [diag] inf dtype=torch.float32 shape=torch.Size([2048, 172]) nan=0 inf_vals=0 range=[0.00,43.00]
  [diag] scalar dtype=torch.float32 nan=0 range=[-0.950,1.125]
  [diag] card_logits nan=0 range=[-19.09,13.96]
  [diag] values nan=0 range=[-0.8953,0.9057]
[iter  52/80] steps=12949 rollout_wr=0.460 (ussr=0.560 us=0.360) pl=-0.0152 vl=0.1069 ent=3.920 clip=0.109 kl=0.0030 t=58.7s (rollout=53.3s update=5.4s)
  [league] self: self | ussr_pool: ['iter_0030', 'iter_0040'] | us_pool: ['iter_0040', 'iter_0030']
  [pfsp]
    [ussr] iter_0030: WR_ussr=0.51(n=320) WR_us=0.40(n=480) pfsp=0.488
    [ussr] iter_0040: WR_ussr=0.50(n=200) WR_us=0.45(n=200) pfsp=0.500
    [us] iter_0040: WR_ussr=0.50(n=200) WR_us=0.45(n=200) pfsp=0.550
    [us] iter_0030: WR_ussr=0.51(n=320) WR_us=0.40(n=480) pfsp=0.600
  [diag] inf dtype=torch.float32 shape=torch.Size([2048, 172]) nan=0 inf_vals=0 range=[0.00,52.00]
  [diag] scalar dtype=torch.float32 nan=0 range=[-0.700,1.000]
  [diag] card_logits nan=0 range=[-21.29,13.06]
  [diag] values nan=0 range=[-0.9404,0.8585]
[iter  53/80] steps=13142 rollout_wr=0.455 (ussr=0.510 us=0.400) pl=-0.0177 vl=0.1181 ent=3.860 clip=0.097 kl=0.0029 t=38.3s (rollout=32.9s update=5.4s)
  [panel eval iter 50] avg=0.516: v8=0.455 | v14=0.470 | v22=0.480 | v55=0.450 | heuristic=0.725
wandb: WARNING Tried to log to step 50 that is less than the current step 52. Steps must be monotonically increasing, so this data will be ignored. See https://wandb.me/define-metric to log data out of order.
  [league] self: self | ussr_pool: ['iter_0050', 'iter_0040'] | us_pool: ['iter_0050', 'iter_0040']
  [pfsp]
    [ussr] iter_0050: WR_ussr=0.40(n=80) WR_us=?(n=0) pfsp=0.600
    [ussr] iter_0040: WR_ussr=0.50(n=240) WR_us=0.43(n=240) pfsp=0.500
    [us] iter_0050: WR_ussr=0.40(n=80) WR_us=?(n=0) pfsp=1.000
    [us] iter_0040: WR_ussr=0.50(n=240) WR_us=0.43(n=240) pfsp=0.571
  [diag] inf dtype=torch.float32 shape=torch.Size([2048, 172]) nan=0 inf_vals=0 range=[0.00,51.00]
  [diag] scalar dtype=torch.float32 nan=0 range=[-0.850,1.125]
  [diag] card_logits nan=0 range=[-19.46,12.83]
  [diag] values nan=0 range=[-0.9551,0.8635]
[iter  54/80] steps=13450 rollout_wr=0.465 (ussr=0.460 us=0.470) pl=-0.0155 vl=0.1136 ent=3.838 clip=0.103 kl=0.0029 t=36.9s (rollout=31.6s update=5.3s)
  [league] self: self | ussr_pool: ['iter_0040', 'iter_0030'] | us_pool: ['iter_0050', 'iter_0050']
  [pfsp]
    [ussr] iter_0040: WR_ussr=0.47(n=280) WR_us=0.44(n=280) pfsp=0.529
    [ussr] iter_0030: WR_ussr=0.51(n=360) WR_us=0.40(n=520) pfsp=0.489
    [us] iter_0050: WR_ussr=0.45(n=120) WR_us=0.45(n=40) pfsp=0.550
  [diag] inf dtype=torch.float32 shape=torch.Size([2048, 172]) nan=0 inf_vals=0 range=[0.00,36.00]
  [diag] scalar dtype=torch.float32 nan=0 range=[-0.800,1.000]
  [diag] card_logits nan=0 range=[-20.37,13.04]
  [diag] values nan=0 range=[-0.9510,0.9376]
[iter  55/80] steps=13424 rollout_wr=0.475 (ussr=0.550 us=0.400) pl=-0.0162 vl=0.1122 ent=3.847 clip=0.093 kl=0.0031 t=36.7s (rollout=31.3s update=5.4s)
  [league] self: self | ussr_pool: ['iter_0040', 'v44_scripted'] | us_pool: ['iter_0010', 'iter_0050']
  [pfsp]
    [ussr] iter_0040: WR_ussr=0.47(n=320) WR_us=0.44(n=280) pfsp=0.525
    [ussr] v44_scripted: WR_ussr=0.45(n=40) WR_us=?(n=0) pfsp=0.550
    [us] iter_0010: WR_ussr=0.49(n=960) WR_us=0.35(n=960) pfsp=0.649
    [us] iter_0050: WR_ussr=0.45(n=120) WR_us=0.42(n=120) pfsp=0.575
  [diag] inf dtype=torch.float32 shape=torch.Size([2048, 172]) nan=0 inf_vals=0 range=[0.00,46.00]
  [diag] scalar dtype=torch.float32 nan=0 range=[-0.700,1.125]
  [diag] card_logits nan=0 range=[-21.39,13.80]
  [diag] values nan=0 range=[-0.9764,0.9513]
[iter  56/80] steps=12969 rollout_wr=0.400 (ussr=0.540 us=0.260) pl=-0.0130 vl=0.1207 ent=3.855 clip=0.095 kl=0.0029 t=36.2s (rollout=31.0s update=5.1s)
  [league] self: self | ussr_pool: ['iter_0040', 'iter_0020'] | us_pool: ['iter_0040', 'iter_0030']
  [pfsp]
    [ussr] iter_0040: WR_ussr=0.47(n=360) WR_us=0.44(n=280) pfsp=0.528
    [ussr] iter_0020: WR_ussr=0.49(n=680) WR_us=0.36(n=680) pfsp=0.515
    [us] iter_0040: WR_ussr=0.47(n=360) WR_us=0.44(n=280) pfsp=0.561
    [us] iter_0030: WR_ussr=0.52(n=400) WR_us=0.40(n=520) pfsp=0.602
  [diag] inf dtype=torch.float32 shape=torch.Size([2048, 172]) nan=0 inf_vals=0 range=[0.00,44.00]
  [diag] scalar dtype=torch.float32 nan=0 range=[-0.750,1.125]
  [diag] card_logits nan=0 range=[-21.94,14.97]
  [diag] values nan=0 range=[-0.9671,0.8693]
[iter  57/80] steps=13006 rollout_wr=0.425 (ussr=0.560 us=0.290) pl=-0.0162 vl=0.1171 ent=3.828 clip=0.088 kl=0.0027 t=36.5s (rollout=31.2s update=5.3s)
  [league] self: self | ussr_pool: ['iter_0030', 'iter_0010'] | us_pool: ['iter_0040', 'iter_0050']
  [pfsp]
    [ussr] iter_0030: WR_ussr=0.52(n=400) WR_us=0.39(n=560) pfsp=0.483
    [ussr] iter_0010: WR_ussr=0.49(n=960) WR_us=0.35(n=1000) pfsp=0.514
    [us] iter_0040: WR_ussr=0.48(n=400) WR_us=0.42(n=320) pfsp=0.575
    [us] iter_0050: WR_ussr=0.45(n=120) WR_us=0.39(n=160) pfsp=0.606
  [diag] inf dtype=torch.float32 shape=torch.Size([2048, 172]) nan=0 inf_vals=0 range=[0.00,47.00]
  [diag] scalar dtype=torch.float32 nan=0 range=[-0.800,1.000]
  [diag] card_logits nan=0 range=[-19.59,13.59]
  [diag] values nan=0 range=[-0.9595,0.8938]
[iter  58/80] steps=13816 rollout_wr=0.520 (ussr=0.550 us=0.490) pl=-0.0153 vl=0.1112 ent=3.846 clip=0.095 kl=0.0029 t=41.0s (rollout=35.3s update=5.6s)
  [league] self: self | ussr_pool: ['iter_0020', 'iter_0040'] | us_pool: ['iter_0020', 'iter_0040']
  [pfsp]
    [ussr] iter_0020: WR_ussr=0.49(n=720) WR_us=0.36(n=680) pfsp=0.512
    [ussr] iter_0040: WR_ussr=0.48(n=400) WR_us=0.43(n=360) pfsp=0.522
    [us] iter_0020: WR_ussr=0.49(n=720) WR_us=0.36(n=680) pfsp=0.637
    [us] iter_0040: WR_ussr=0.48(n=400) WR_us=0.43(n=360) pfsp=0.569
  [diag] inf dtype=torch.float32 shape=torch.Size([2048, 172]) nan=0 inf_vals=0 range=[0.00,56.00]
  [diag] scalar dtype=torch.float32 nan=0 range=[-0.800,1.125]
  [diag] card_logits nan=0 range=[-18.32,13.38]
  [diag] values nan=0 range=[-0.9381,0.9143]
[iter  59/80] steps=13175 rollout_wr=0.420 (ussr=0.490 us=0.350) pl=-0.0154 vl=0.1114 ent=3.835 clip=0.080 kl=0.0026 t=38.2s (rollout=32.9s update=5.3s)
  Saved to league pool: data/checkpoints/ppo_v65_v55sc_league/iter_0060.pt
  [league] self: self | ussr_pool: ['iter_0010', 'iter_0040'] | us_pool: ['iter_0060', 'iter_0010']
  [pfsp]
    [ussr] iter_0010: WR_ussr=0.49(n=1000) WR_us=0.35(n=1000) pfsp=0.510
    [ussr] iter_0040: WR_ussr=0.48(n=440) WR_us=0.43(n=400) pfsp=0.516
    [us] iter_0060: WR_ussr=?(n=0) WR_us=?(n=0) pfsp=1.000
    [us] iter_0010: WR_ussr=0.49(n=1000) WR_us=0.35(n=1000) pfsp=0.654
  [diag] inf dtype=torch.float32 shape=torch.Size([2048, 172]) nan=0 inf_vals=0 range=[0.00,46.00]
  [diag] scalar dtype=torch.float32 nan=0 range=[-0.850,1.250]
  [diag] card_logits nan=0 range=[-21.36,13.08]
  [diag] values nan=0 range=[-0.9697,0.9170]
[iter  60/80] steps=13204 rollout_wr=0.445 (ussr=0.530 us=0.360) pl=-0.0137 vl=0.1197 ent=3.862 clip=0.103 kl=0.0036 t=38.9s (rollout=33.3s update=5.6s)
  [panel eval] launched pid=369824 iter=60 panel=['v8', 'v14', 'v22', 'v55', 'heuristic']
  [league] self: self | ussr_pool: ['iter_0050', 'iter_0030'] | us_pool: ['iter_0050', 'iter_0060']
  [pfsp]
    [ussr] iter_0050: WR_ussr=0.45(n=120) WR_us=0.42(n=200) pfsp=0.550
    [ussr] iter_0030: WR_ussr=0.52(n=440) WR_us=0.39(n=560) pfsp=0.484
    [us] iter_0050: WR_ussr=0.45(n=120) WR_us=0.42(n=200) pfsp=0.580
    [us] iter_0060: WR_ussr=?(n=0) WR_us=0.38(n=40) pfsp=0.625
  [diag] inf dtype=torch.float32 shape=torch.Size([2048, 172]) nan=0 inf_vals=0 range=[0.00,51.00]
  [diag] scalar dtype=torch.float32 nan=0 range=[-0.750,1.000]
  [diag] card_logits nan=0 range=[-20.29,12.46]
  [diag] values nan=0 range=[-0.9581,0.9117]
[iter  61/80] steps=12884 rollout_wr=0.515 (ussr=0.600 us=0.430) pl=-0.0156 vl=0.1107 ent=3.863 clip=0.093 kl=0.0030 t=72.6s (rollout=67.1s update=5.5s)
  [league] self: self | ussr_pool: ['iter_0030', 'iter_0020'] | us_pool: ['iter_0050', 'iter_0060']
  [pfsp]
    [ussr] iter_0030: WR_ussr=0.51(n=480) WR_us=0.39(n=560) pfsp=0.488
    [ussr] iter_0020: WR_ussr=0.49(n=760) WR_us=0.36(n=720) pfsp=0.513
    [us] iter_0050: WR_ussr=0.52(n=160) WR_us=0.42(n=240) pfsp=0.579
    [us] iter_0060: WR_ussr=?(n=0) WR_us=0.40(n=80) pfsp=0.600
  [diag] inf dtype=torch.float32 shape=torch.Size([2048, 172]) nan=0 inf_vals=0 range=[0.00,59.00]
  [diag] scalar dtype=torch.float32 nan=0 range=[-0.850,1.125]
  [diag] card_logits nan=0 range=[-19.31,13.52]
  [diag] values nan=0 range=[-0.9776,0.9116]
[iter  62/80] steps=13186 rollout_wr=0.400 (ussr=0.470 us=0.330) pl=-0.0189 vl=0.1065 ent=3.850 clip=0.105 kl=0.0038 t=71.5s (rollout=65.9s update=5.5s)
  [panel eval iter 60] avg=0.549: v8=0.525 | v14=0.505 | v22=0.510 | v55=0.510 | heuristic=0.695
  [league] self: self | ussr_pool: ['iter_0050', 'iter_0010'] | us_pool: ['iter_0040', 'iter_0050']
  [pfsp]
    [ussr] iter_0050: WR_ussr=0.52(n=160) WR_us=0.42(n=280) pfsp=0.481
    [ussr] iter_0010: WR_ussr=0.49(n=1040) WR_us=0.34(n=1040) pfsp=0.512
    [us] iter_0040: WR_ussr=0.49(n=480) WR_us=0.43(n=400) pfsp=0.568
    [us] iter_0050: WR_ussr=0.52(n=160) WR_us=0.42(n=280) pfsp=0.582
wandb: WARNING Tried to log to step 60 that is less than the current step 61. Steps must be monotonically increasing, so this data will be ignored. See https://wandb.me/define-metric to log data out of order.
  [diag] inf dtype=torch.float32 shape=torch.Size([2048, 172]) nan=0 inf_vals=0 range=[0.00,46.00]
  [diag] scalar dtype=torch.float32 nan=0 range=[-0.950,1.125]
  [diag] card_logits nan=0 range=[-21.20,13.84]
  [diag] values nan=0 range=[-0.9633,0.8356]
[iter  63/80] steps=13196 rollout_wr=0.490 (ussr=0.560 us=0.420) pl=-0.0169 vl=0.1183 ent=3.888 clip=0.095 kl=0.0030 t=38.6s (rollout=33.3s update=5.3s)
  [league] self: self | ussr_pool: ['iter_0060', 'iter_0060'] | us_pool: ['iter_0050', 'iter_0030']
  [pfsp]
    [ussr] iter_0060: WR_ussr=?(n=0) WR_us=0.38(n=120) pfsp=1.000
    [us] iter_0050: WR_ussr=0.53(n=200) WR_us=0.42(n=320) pfsp=0.581
    [us] iter_0030: WR_ussr=0.51(n=520) WR_us=0.39(n=560) pfsp=0.609
  [diag] inf dtype=torch.float32 shape=torch.Size([2048, 172]) nan=0 inf_vals=0 range=[0.00,50.00]
  [diag] scalar dtype=torch.float32 nan=0 range=[-0.850,1.000]
  [diag] card_logits nan=0 range=[-19.81,12.62]
  [diag] values nan=0 range=[-0.9730,0.9425]
[iter  64/80] steps=13009 rollout_wr=0.460 (ussr=0.650 us=0.270) pl=-0.0162 vl=0.1111 ent=3.767 clip=0.101 kl=0.0032 t=41.5s (rollout=35.9s update=5.5s)
  [league] self: self | ussr_pool: ['iter_0060', 'iter_0040'] | us_pool: ['iter_0001', 'iter_0050']
  [pfsp]
    [ussr] iter_0060: WR_ussr=0.60(n=80) WR_us=0.38(n=120) pfsp=0.400
    [ussr] iter_0040: WR_ussr=0.49(n=480) WR_us=0.43(n=440) pfsp=0.510
    [us] iter_0001: WR_ussr=0.45(n=1680) WR_us=0.33(n=1680) pfsp=0.674
    [us] iter_0050: WR_ussr=0.53(n=200) WR_us=0.41(n=360) pfsp=0.592
  [diag] inf dtype=torch.float32 shape=torch.Size([2048, 172]) nan=0 inf_vals=0 range=[0.00,53.00]
  [diag] scalar dtype=torch.float32 nan=0 range=[-0.950,1.125]
  [diag] card_logits nan=0 range=[-19.72,12.39]
  [diag] values nan=0 range=[-0.9247,0.9456]
[iter  65/80] steps=12992 rollout_wr=0.505 (ussr=0.570 us=0.440) pl=-0.0207 vl=0.1198 ent=3.870 clip=0.098 kl=0.0033 t=40.2s (rollout=34.8s update=5.4s)
  [league] self: self | ussr_pool: ['iter_0060', 'iter_0050'] | us_pool: ['iter_0030', 'iter_0020']
  [pfsp]
    [ussr] iter_0060: WR_ussr=0.60(n=120) WR_us=0.38(n=120) pfsp=0.400
    [ussr] iter_0050: WR_ussr=0.53(n=200) WR_us=0.41(n=400) pfsp=0.470
    [us] iter_0030: WR_ussr=0.51(n=520) WR_us=0.38(n=600) pfsp=0.623
    [us] iter_0020: WR_ussr=0.48(n=800) WR_us=0.36(n=720) pfsp=0.643
  [diag] inf dtype=torch.float32 shape=torch.Size([2048, 172]) nan=0 inf_vals=0 range=[0.00,50.00]
  [diag] scalar dtype=torch.float32 nan=0 range=[-0.900,1.125]
  [diag] card_logits nan=0 range=[-22.11,13.67]
  [diag] values nan=0 range=[-0.9400,0.8916]
[iter  66/80] steps=13603 rollout_wr=0.430 (ussr=0.540 us=0.320) pl=-0.0144 vl=0.1128 ent=3.811 clip=0.092 kl=0.0031 t=40.2s (rollout=34.9s update=5.3s)
  [league] self: self | ussr_pool: ['iter_0040', 'iter_0060'] | us_pool: ['iter_0010', 'iter_0030']
  [pfsp]
    [ussr] iter_0040: WR_ussr=0.49(n=520) WR_us=0.43(n=440) pfsp=0.510
    [ussr] iter_0060: WR_ussr=0.59(n=160) WR_us=0.38(n=120) pfsp=0.406
    [us] iter_0010: WR_ussr=0.49(n=1080) WR_us=0.34(n=1040) pfsp=0.656
    [us] iter_0030: WR_ussr=0.51(n=520) WR_us=0.37(n=640) pfsp=0.627
  [diag] inf dtype=torch.float32 shape=torch.Size([2048, 172]) nan=0 inf_vals=0 range=[0.00,55.00]
  [diag] scalar dtype=torch.float32 nan=0 range=[-0.750,1.000]
  [diag] card_logits nan=0 range=[-20.00,12.58]
  [diag] values nan=0 range=[-0.9542,0.9218]
[iter  67/80] steps=13633 rollout_wr=0.445 (ussr=0.540 us=0.350) pl=-0.0158 vl=0.1118 ent=3.754 clip=0.102 kl=0.0037 t=43.5s (rollout=38.0s update=5.6s)
  [league] self: self | ussr_pool: ['iter_0001', 'iter_0020'] | us_pool: ['iter_0040', 'iter_0060']
  [pfsp]
    [ussr] iter_0001: WR_ussr=0.45(n=1680) WR_us=0.33(n=1720) pfsp=0.548
    [ussr] iter_0020: WR_ussr=0.48(n=800) WR_us=0.35(n=760) pfsp=0.515
    [us] iter_0040: WR_ussr=0.48(n=560) WR_us=0.43(n=440) pfsp=0.566
    [us] iter_0060: WR_ussr=0.60(n=200) WR_us=0.38(n=120) pfsp=0.617
  [diag] inf dtype=torch.float32 shape=torch.Size([2048, 172]) nan=0 inf_vals=0 range=[0.00,61.00]
  [diag] scalar dtype=torch.float32 nan=0 range=[-0.950,1.125]
  [diag] card_logits nan=0 range=[-19.16,13.20]
  [diag] values nan=0 range=[-0.9346,0.8627]
[iter  68/80] steps=13378 rollout_wr=0.495 (ussr=0.580 us=0.410) pl=-0.0162 vl=0.1098 ent=3.876 clip=0.108 kl=0.0038 t=52.5s (rollout=46.5s update=5.9s)
  [league] self: self | ussr_pool: ['iter_0001', 'iter_0010'] | us_pool: ['iter_0010', 'iter_0001']
  [pfsp]
    [ussr] iter_0001: WR_ussr=0.45(n=1720) WR_us=0.33(n=1720) pfsp=0.545
    [ussr] iter_0010: WR_ussr=0.49(n=1080) WR_us=0.35(n=1080) pfsp=0.513
    [us] iter_0010: WR_ussr=0.49(n=1080) WR_us=0.35(n=1080) pfsp=0.655
    [us] iter_0001: WR_ussr=0.45(n=1720) WR_us=0.33(n=1720) pfsp=0.672
  [diag] inf dtype=torch.float32 shape=torch.Size([2048, 172]) nan=0 inf_vals=0 range=[0.00,57.00]
  [diag] scalar dtype=torch.float32 nan=0 range=[-0.900,1.000]
  [diag] card_logits nan=0 range=[-19.50,13.04]
  [diag] values nan=0 range=[-0.9228,0.8482]
[iter  69/80] steps=12841 rollout_wr=0.415 (ussr=0.490 us=0.340) pl=-0.0137 vl=0.1096 ent=3.956 clip=0.100 kl=0.0035 t=43.4s (rollout=38.1s update=5.3s)
  Saved to league pool: data/checkpoints/ppo_v65_v55sc_league/iter_0070.pt
  [league] self: self | ussr_pool: ['iter_0050', 'iter_0040'] | us_pool: ['iter_0010', 'iter_0070']
  [pfsp]
    [ussr] iter_0050: WR_ussr=0.51(n=240) WR_us=0.41(n=400) pfsp=0.492
    [ussr] iter_0040: WR_ussr=0.48(n=560) WR_us=0.43(n=480) pfsp=0.516
    [us] iter_0010: WR_ussr=0.49(n=1120) WR_us=0.34(n=1120) pfsp=0.655
    [us] iter_0070: WR_ussr=?(n=0) WR_us=?(n=0) pfsp=1.000
wandb: [wandb.login()] Loaded credentials for https://api.wandb.ai from WANDB_API_KEY.
wandb: Currently logged in as: dkorduban (korduban-ai) to https://api.wandb.ai. Use `wandb login --relogin` to force relogin
wandb: setting up run a55132a4
wandb: Tracking run with wandb version 0.25.1
wandb: Run data is saved locally in /home/dkord/code/twilight-struggle-ai/wandb/run-20260411_140527-a55132a4
wandb: Run `wandb offline` to turn off syncing.
wandb: Resuming run ppo_v65_v55sc
wandb: ⭐️ View project at https://wandb.ai/korduban-ai/twilight-struggle-ai
wandb: 🚀 View run at https://wandb.ai/korduban-ai/twilight-struggle-ai/runs/a55132a4
Loading checkpoint: data/checkpoints/ppo_v65_v55sc_league/ppo_iter0069.pt
  Restored optimizer state from checkpoint.

Starting PPO training: 80 iterations × 200 games/iter, side=both
Device: cuda, lr=2e-05, clip=0.12, ent=0.01, vf=0.5
League training enabled (pool: data/checkpoints/ppo_v65_v55sc_league, save-every=10)
Resuming from iteration 70
  Saved to league pool: data/checkpoints/ppo_v65_v55sc_league/iter_0070.pt
  [league] self: self | ussr_pool: ['iter_0070', 'v55_scripted'] | us_pool: ['iter_0060', 'iter_0060']
  [pfsp]
    [ussr] iter_0070: WR_ussr=?(n=0) WR_us=?(n=0) pfsp=1.000
    [ussr] v55_scripted: WR_ussr=0.45(n=40) WR_us=0.47(n=40) pfsp=0.550
    [us] iter_0060: WR_ussr=0.60(n=200) WR_us=0.38(n=160) pfsp=0.619
Traceback (most recent call last):
  File "/home/dkord/code/twilight-struggle-ai/scripts/train_ppo.py", line 3191, in <module>
    main()
  File "/home/dkord/code/twilight-struggle-ai/scripts/train_ppo.py", line 2873, in main
    all_steps, ucb_metrics = collect_rollout_league_batched(
                             ^^^^^^^^^^^^^^^^^^^^^^^^^^^^^^^
  File "/home/dkord/code/twilight-struggle-ai/scripts/train_ppo.py", line 1393, in collect_rollout_league_batched
    batch = f.result()
            ^^^^^^^^^^
  File "/usr/lib/python3.12/concurrent/futures/_base.py", line 449, in result
    return self.__get_result()
           ^^^^^^^^^^^^^^^^^^^
  File "/usr/lib/python3.12/concurrent/futures/_base.py", line 401, in __get_result
    raise self._exception
  File "/usr/lib/python3.12/concurrent/futures/thread.py", line 58, in run
    result = self.fn(*self.args, **self.kwargs)
             ^^^^^^^^^^^^^^^^^^^^^^^^^^^^^^^^^^
  File "/home/dkord/code/twilight-struggle-ai/scripts/train_ppo.py", line 1380, in _run_one
    return _collect_vs_model_from_script(
           ^^^^^^^^^^^^^^^^^^^^^^^^^^^^^^
  File "/home/dkord/code/twilight-struggle-ai/scripts/train_ppo.py", line 1205, in _collect_vs_model_from_script
    results, raw_steps, boundaries = _call_rollout_with_optional_dirichlet(
                                     ^^^^^^^^^^^^^^^^^^^^^^^^^^^^^^^^^^^^^^
  File "/home/dkord/code/twilight-struggle-ai/scripts/train_ppo.py", line 1111, in _call_rollout_with_optional_dirichlet
    return fn(**kwargs)
           ^^^^^^^^^^^^
TypeError: rollout_model_vs_model_batched(): incompatible function arguments. The following argument types are supported:
    1. (model_a_path: str, model_b_path: str, n_games: int, pool_size: int = 32, seed: object = None, device: str = 'cpu', temperature: float = 1.0, nash_temperatures: bool = False) -> tuple

Invoked with: kwargs: model_a_path='/tmp/ppo_rollout_73xbj0kn_scripted.pt', model_b_path='/tmp/ppo_rollout_73xbj0kn_scripted.pt', n_games=40, pool_size=40, seed=112800, device='cpu', temperature=1.0, nash_temperatures=False, learned_side=<Side.Neutral: 2>
[1;34mwandb[0m: 
[1;34mwandb[0m: 🚀 View run [33mppo_v65_v55sc[0m at: [34mhttps://wandb.ai/korduban-ai/twilight-struggle-ai/runs/a55132a4[0m
[1;34mwandb[0m: Find logs at: [1;35mwandb/run-20260411_140527-a55132a4/logs[0m
wandb: [wandb.login()] Loaded credentials for https://api.wandb.ai from WANDB_API_KEY.
wandb: Currently logged in as: dkorduban (korduban-ai) to https://api.wandb.ai. Use `wandb login --relogin` to force relogin
wandb: setting up run a55132a4
wandb: Tracking run with wandb version 0.25.1
wandb: Run data is saved locally in /home/dkord/code/twilight-struggle-ai/wandb/run-20260411_142048-a55132a4
wandb: Run `wandb offline` to turn off syncing.
wandb: Resuming run ppo_v65_v55sc
wandb: ⭐️ View project at https://wandb.ai/korduban-ai/twilight-struggle-ai
wandb: 🚀 View run at https://wandb.ai/korduban-ai/twilight-struggle-ai/runs/a55132a4
Loading checkpoint: data/checkpoints/ppo_v65_v55sc_league/ppo_iter0069.pt
  Restored optimizer state from checkpoint.

Starting PPO training: 80 iterations × 200 games/iter, side=both
Device: cuda, lr=2e-05, clip=0.12, ent=0.01, vf=0.5
League training enabled (pool: data/checkpoints/ppo_v65_v55sc_league, save-every=10)
Resuming from iteration 70
  Saved to league pool: data/checkpoints/ppo_v65_v55sc_league/iter_0070.pt
  [league] self: self | ussr_pool: ['iter_0020'] | us_pool: ['iter_0040']
  [pfsp]
    [ussr] iter_0020: WR_ussr=0.49(n=840) WR_us=0.35(n=760) pfsp=0.514
    [us] iter_0040: WR_ussr=0.48(n=560) WR_us=0.43(n=480) pfsp=0.569
Traceback (most recent call last):
  File "/home/dkord/code/twilight-struggle-ai/scripts/train_ppo.py", line 3191, in <module>
    main()
  File "/home/dkord/code/twilight-struggle-ai/scripts/train_ppo.py", line 2873, in main
    all_steps, ucb_metrics = collect_rollout_league_batched(
                             ^^^^^^^^^^^^^^^^^^^^^^^^^^^^^^^
  File "/home/dkord/code/twilight-struggle-ai/scripts/train_ppo.py", line 1393, in collect_rollout_league_batched
    batch = f.result()
            ^^^^^^^^^^
  File "/usr/lib/python3.12/concurrent/futures/_base.py", line 449, in result
    return self.__get_result()
           ^^^^^^^^^^^^^^^^^^^
  File "/usr/lib/python3.12/concurrent/futures/_base.py", line 401, in __get_result
    raise self._exception
  File "/usr/lib/python3.12/concurrent/futures/thread.py", line 58, in run
    result = self.fn(*self.args, **self.kwargs)
             ^^^^^^^^^^^^^^^^^^^^^^^^^^^^^^^^^^
  File "/home/dkord/code/twilight-struggle-ai/scripts/train_ppo.py", line 1380, in _run_one
    return _collect_vs_model_from_script(
           ^^^^^^^^^^^^^^^^^^^^^^^^^^^^^^
  File "/home/dkord/code/twilight-struggle-ai/scripts/train_ppo.py", line 1205, in _collect_vs_model_from_script
    results, raw_steps, boundaries = _call_rollout_with_optional_dirichlet(
                                     ^^^^^^^^^^^^^^^^^^^^^^^^^^^^^^^^^^^^^^
  File "/home/dkord/code/twilight-struggle-ai/scripts/train_ppo.py", line 1111, in _call_rollout_with_optional_dirichlet
    return fn(**kwargs)
           ^^^^^^^^^^^^
TypeError: rollout_model_vs_model_batched(): incompatible function arguments. The following argument types are supported:
    1. (model_a_path: str, model_b_path: str, n_games: int, pool_size: int = 32, seed: object = None, device: str = 'cpu', temperature: float = 1.0, nash_temperatures: bool = False) -> tuple

Invoked with: kwargs: model_a_path='/tmp/ppo_rollout_9m2f274b_scripted.pt', model_b_path='/tmp/ppo_rollout_9m2f274b_scripted.pt', n_games=66, pool_size=64, seed=112800, device='cpu', temperature=1.0, nash_temperatures=False, learned_side=<Side.Neutral: 2>
[1;34mwandb[0m: 
[1;34mwandb[0m: 🚀 View run [33mppo_v65_v55sc[0m at: [34mhttps://wandb.ai/korduban-ai/twilight-struggle-ai/runs/a55132a4[0m
[1;34mwandb[0m: Find logs at: [1;35mwandb/run-20260411_142048-a55132a4/logs[0m
wandb: [wandb.login()] Loaded credentials for https://api.wandb.ai from WANDB_API_KEY.
wandb: Currently logged in as: dkorduban (korduban-ai) to https://api.wandb.ai. Use `wandb login --relogin` to force relogin
wandb: setting up run a55132a4
wandb: Tracking run with wandb version 0.25.1
wandb: Run data is saved locally in /home/dkord/code/twilight-struggle-ai/wandb/run-20260411_142510-a55132a4
wandb: Run `wandb offline` to turn off syncing.
wandb: Resuming run ppo_v65_v55sc
wandb: ⭐️ View project at https://wandb.ai/korduban-ai/twilight-struggle-ai
wandb: 🚀 View run at https://wandb.ai/korduban-ai/twilight-struggle-ai/runs/a55132a4
Loading checkpoint: data/checkpoints/ppo_v65_v55sc_league/ppo_iter0069.pt
  Restored optimizer state from checkpoint.

Starting PPO training: 80 iterations × 200 games/iter, side=both
Device: cuda, lr=2e-05, clip=0.12, ent=0.01, vf=0.5
League training enabled (pool: data/checkpoints/ppo_v65_v55sc_league, save-every=10)
Resuming from iteration 70
  Saved to league pool: data/checkpoints/ppo_v65_v55sc_league/iter_0070.pt
  [league] self: self | ussr_pool: ['iter_0060'] | us_pool: ['iter_0050']
  [pfsp]
    [ussr] iter_0060: WR_ussr=0.60(n=200) WR_us=0.38(n=160) pfsp=0.395
    [us] iter_0050: WR_ussr=0.51(n=240) WR_us=0.41(n=400) pfsp=0.590
  [diag] inf dtype=torch.float32 shape=torch.Size([2048, 172]) nan=0 inf_vals=0 range=[0.00,60.00]
  [diag] scalar dtype=torch.float32 nan=0 range=[-0.800,1.000]
  [diag] card_logits nan=0 range=[-20.20,13.50]
  [diag] values nan=0 range=[-0.9404,0.9228]
[iter  70/80] steps=13037 rollout_wr=0.586 (ussr=0.697 us=0.475) pl=-0.0144 vl=0.1127 ent=3.894 clip=0.095 kl=0.0027 t=24.6s (rollout=17.3s update=7.4s)
  [league] self: self | ussr_pool: ['iter_0060'] | us_pool: ['iter_0030']
  [pfsp]
    [ussr] iter_0060: WR_ussr=0.64(n=266) WR_us=0.38(n=160) pfsp=0.365
    [us] iter_0030: WR_ussr=0.51(n=520) WR_us=0.37(n=680) pfsp=0.629
  [diag] inf dtype=torch.float32 shape=torch.Size([2048, 172]) nan=0 inf_vals=0 range=[0.00,48.00]
  [diag] scalar dtype=torch.float32 nan=0 range=[-0.800,1.125]
  [diag] card_logits nan=0 range=[-19.34,12.53]
  [diag] values nan=0 range=[-0.9385,0.9047]
[iter  71/80] steps=12961 rollout_wr=0.510 (ussr=0.596 us=0.424) pl=-0.0155 vl=0.1080 ent=3.860 clip=0.096 kl=0.0028 t=22.9s (rollout=17.4s update=5.5s)
  [league] self: self | ussr_pool: ['iter_0020'] | us_pool: ['iter_0010']
  [pfsp]
    [ussr] iter_0020: WR_ussr=0.49(n=840) WR_us=0.35(n=760) pfsp=0.514
    [us] iter_0010: WR_ussr=0.49(n=1120) WR_us=0.34(n=1120) pfsp=0.655
  [diag] inf dtype=torch.float32 shape=torch.Size([2048, 172]) nan=0 inf_vals=0 range=[0.00,44.00]
  [diag] scalar dtype=torch.float32 nan=0 range=[-0.950,1.000]
  [diag] card_logits nan=0 range=[-21.51,12.93]
  [diag] values nan=0 range=[-0.9535,0.9416]
[iter  72/80] steps=12506 rollout_wr=0.475 (ussr=0.586 us=0.364) pl=-0.0056 vl=0.1091 ent=3.965 clip=0.084 kl=0.0023 t=21.3s (rollout=16.2s update=5.1s)
  [league] self: self | ussr_pool: ['iter_0070'] | us_pool: ['iter_0020']
  [pfsp]
    [ussr] iter_0070: WR_ussr=?(n=0) WR_us=?(n=0) pfsp=1.000
    [us] iter_0020: WR_ussr=0.49(n=906) WR_us=0.35(n=760) pfsp=0.647
  [diag] inf dtype=torch.float32 shape=torch.Size([2048, 172]) nan=0 inf_vals=0 range=[0.00,67.00]
  [diag] scalar dtype=torch.float32 nan=0 range=[-0.900,1.125]
  [diag] card_logits nan=0 range=[-19.77,12.93]
  [diag] values nan=0 range=[-0.9369,0.9465]
[iter  73/80] steps=12593 rollout_wr=0.500 (ussr=0.646 us=0.354) pl=-0.0156 vl=0.1136 ent=3.932 clip=0.071 kl=0.0020 t=21.7s (rollout=16.4s update=5.2s)
  [league] self: self | ussr_pool: ['iter_0001'] | us_pool: ['iter_0070']
  [pfsp]
    [ussr] iter_0001: WR_ussr=0.45(n=1760) WR_us=0.33(n=1760) pfsp=0.548
    [us] iter_0070: WR_ussr=0.65(n=66) WR_us=?(n=0) pfsp=1.000
  [diag] inf dtype=torch.float32 shape=torch.Size([2048, 172]) nan=0 inf_vals=0 range=[0.00,58.00]
  [diag] scalar dtype=torch.float32 nan=0 range=[-0.900,1.000]
  [diag] card_logits nan=0 range=[-18.40,13.13]
  [diag] values nan=0 range=[-0.9572,0.9222]
[iter  74/80] steps=13272 rollout_wr=0.485 (ussr=0.475 us=0.495) pl=-0.0128 vl=0.1089 ent=3.984 clip=0.072 kl=0.0020 t=22.7s (rollout=17.2s update=5.5s)
  [league] self: self | ussr_pool: ['iter_0060'] | us_pool: ['iter_0050']
  [pfsp]
    [ussr] iter_0060: WR_ussr=0.62(n=332) WR_us=0.38(n=160) pfsp=0.380
    [us] iter_0050: WR_ussr=0.51(n=240) WR_us=0.43(n=466) pfsp=0.573
  [diag] inf dtype=torch.float32 shape=torch.Size([2048, 172]) nan=0 inf_vals=0 range=[0.00,54.00]
  [diag] scalar dtype=torch.float32 nan=0 range=[-0.850,1.125]
  [diag] card_logits nan=0 range=[-20.66,12.68]
  [diag] values nan=0 range=[-0.9493,0.9283]
[iter  75/80] steps=13314 rollout_wr=0.571 (ussr=0.626 us=0.515) pl=-0.0129 vl=0.1103 ent=3.864 clip=0.068 kl=0.0020 t=23.1s (rollout=17.6s update=5.5s)
  [league] self: self | ussr_pool: ['iter_0030'] | us_pool: ['iter_0001']
  [pfsp]
    [ussr] iter_0030: WR_ussr=0.51(n=520) WR_us=0.37(n=746) pfsp=0.488
    [us] iter_0001: WR_ussr=0.45(n=1826) WR_us=0.33(n=1760) pfsp=0.672
  [diag] inf dtype=torch.float32 shape=torch.Size([2048, 172]) nan=0 inf_vals=0 range=[0.00,45.00]
  [diag] scalar dtype=torch.float32 nan=0 range=[-0.900,1.000]
  [diag] card_logits nan=0 range=[-20.29,14.32]
  [diag] values nan=0 range=[-0.9320,0.9442]
[iter  76/80] steps=12872 rollout_wr=0.470 (ussr=0.525 us=0.414) pl=-0.0120 vl=0.1125 ent=3.956 clip=0.058 kl=0.0018 t=22.0s (rollout=16.7s update=5.3s)
  [league] self: self | ussr_pool: ['iter_0001'] | us_pool: ['iter_0070']
  [pfsp]
    [ussr] iter_0001: WR_ussr=0.45(n=1826) WR_us=0.33(n=1826) pfsp=0.550
    [us] iter_0070: WR_ussr=0.65(n=66) WR_us=0.52(n=66) pfsp=0.485
  [diag] inf dtype=torch.float32 shape=torch.Size([2048, 172]) nan=0 inf_vals=0 range=[0.00,58.00]
  [diag] scalar dtype=torch.float32 nan=0 range=[-0.950,1.000]
  [diag] card_logits nan=0 range=[-19.12,13.47]
  [diag] values nan=0 range=[-0.9513,0.9420]
[iter  77/80] steps=12898 rollout_wr=0.490 (ussr=0.495 us=0.485) pl=-0.0131 vl=0.1089 ent=3.982 clip=0.079 kl=0.0022 t=22.2s (rollout=16.9s update=5.3s)
  [league] self: self | ussr_pool: ['iter_0040'] | us_pool: ['iter_0010']
  [pfsp]
    [ussr] iter_0040: WR_ussr=0.48(n=560) WR_us=0.43(n=480) pfsp=0.516
    [us] iter_0010: WR_ussr=0.49(n=1120) WR_us=0.34(n=1186) pfsp=0.659
  [diag] inf dtype=torch.float32 shape=torch.Size([2048, 172]) nan=0 inf_vals=0 range=[0.00,45.00]
  [diag] scalar dtype=torch.float32 nan=0 range=[-0.850,1.125]
  [diag] card_logits nan=0 range=[-22.10,12.72]
  [diag] values nan=0 range=[-0.9264,0.9540]
[iter  78/80] steps=13074 rollout_wr=0.424 (ussr=0.424 us=0.424) pl=-0.0152 vl=0.1145 ent=3.874 clip=0.108 kl=0.0028 t=22.4s (rollout=17.0s update=5.3s)
  [league] self: self | ussr_pool: ['iter_0010'] | us_pool: ['iter_0010']
  [pfsp]
    [ussr] iter_0010: WR_ussr=0.49(n=1120) WR_us=0.34(n=1252) pfsp=0.512
    [us] iter_0010: WR_ussr=0.49(n=1120) WR_us=0.34(n=1252) pfsp=0.659
  [diag] inf dtype=torch.float32 shape=torch.Size([2048, 172]) nan=0 inf_vals=0 range=[0.00,43.00]
  [diag] scalar dtype=torch.float32 nan=0 range=[-0.950,1.125]
  [diag] card_logits nan=0 range=[-20.42,13.56]
  [diag] values nan=0 range=[-0.9504,0.9520]
[iter  79/80] steps=13348 rollout_wr=0.460 (ussr=0.505 us=0.414) pl=-0.0133 vl=0.1195 ent=3.888 clip=0.107 kl=0.0029 t=23.1s (rollout=17.5s update=5.6s)
  Saved to league pool: data/checkpoints/ppo_v65_v55sc_league/iter_0080.pt
  [league] self: self | ussr_pool: ['iter_0060'] | us_pool: ['iter_0070']
  [pfsp]
    [ussr] iter_0060: WR_ussr=0.61(n=398) WR_us=0.38(n=160) pfsp=0.387
    [us] iter_0070: WR_ussr=0.65(n=66) WR_us=0.50(n=132) pfsp=0.500
  [diag] inf dtype=torch.float32 shape=torch.Size([2048, 172]) nan=0 inf_vals=0 range=[0.00,48.00]
  [diag] scalar dtype=torch.float32 nan=0 range=[-0.950,1.000]
  [diag] card_logits nan=0 range=[-20.93,12.64]
  [diag] values nan=0 range=[-0.9362,0.9143]
[iter  80/80] steps=13016 rollout_wr=0.646 (ussr=0.636 us=0.657) pl=-0.0149 vl=0.1099 ent=3.941 clip=0.084 kl=0.0023 t=23.0s (rollout=17.6s update=5.4s)
wandb: updating run metadata
wandb: uploading output.log; uploading wandb-summary.json; uploading config.yaml
wandb: uploading output.log; uploading wandb-summary.json
wandb: uploading history steps 77-78, summary, console lines 108-110
wandb: 
wandb: Run history:
wandb:                 approx_kl ▆▇▄▂▂▂▁▃▇█▄
wandb:             clip_fraction ▆▆▅▃▃▂▁▄██▅
wandb:   core_scalar_weight_norm ▅▆▇▅▁▁█▁▂▄█
wandb:                  ent_coef ▁▁▁▁▁▁▁▁▁▁▁
wandb:                   entropy ▃▁▇▅█▁▆█▂▃▆
wandb:               iter_time_s █▄▁▂▄▅▂▃▃▅▅
wandb:                   n_steps ▅▅▁▂▇█▄▄▆█▅
wandb:    new_scalar_weight_norm ▁▁▃▄▄▇█▇▆▇█
wandb:               policy_loss ▂▁█▁▃▃▃▃▁▃▁
wandb: region_scalar_weight_norm ▃▂▁▃▅▆▃██▅▃
wandb:                      +111 ...
wandb: 
wandb: Run summary:
wandb:                 approx_kl 0.00228
wandb:             clip_fraction 0.08396
wandb:   core_scalar_weight_norm 4.0485
wandb:                  ent_coef 0.01
wandb:                   entropy 3.94079
wandb:               iter_time_s 23.04115
wandb:                   n_steps 13016
wandb:    new_scalar_weight_norm 2.70529
wandb:               policy_loss -0.01493
wandb: region_scalar_weight_norm 3.40855
wandb:                      +111 ...
wandb: 
wandb: 🚀 View run ppo_v65_v55sc at: https://wandb.ai/korduban-ai/twilight-struggle-ai/runs/a55132a4
wandb: ⭐️ View project at: https://wandb.ai/korduban-ai/twilight-struggle-ai
wandb: Synced 5 W&B file(s), 0 media file(s), 0 artifact file(s) and 0 other file(s)
wandb: Find logs at: ./wandb/run-20260411_142510-a55132a4/logs

Training complete in 4.2 minutes
Checkpoints in: data/checkpoints/ppo_v65_v55sc_league
