Exporting checkpoints to TorchScript ...
  ppo_country_attn_v10_iter0010: already TorchScript, using directly
  ppo_country_attn_v10_iter0030: already TorchScript, using directly
  ppo_country_attn_v10_iter0020: already TorchScript, using directly
  ppo_country_attn_v10_iter0040: already TorchScript, using directly
Loaded 5271 match results from SQL match_cache

Match schedule (36 total, 8 new, 28 reused from prior run):
  ppo_country_attn_v10_iter0010 vs ppo_country_attn_v10_iter0030  [reuse]
  ppo_country_attn_v10_iter0010 vs ppo_country_attn_v10_iter0020  [reuse]
  ppo_country_attn_v10_iter0010 vs ppo_country_attn_v10_iter0040
  ppo_country_attn_v10_iter0010 vs v56  [reuse]
  ppo_country_attn_v10_iter0010 vs v54  [reuse]
  ppo_country_attn_v10_iter0010 vs v44  [reuse]
  ppo_country_attn_v10_iter0010 vs v20  [reuse]
  ppo_country_attn_v10_iter0010 vs v55  [reuse]
  ppo_country_attn_v10_iter0030 vs ppo_country_attn_v10_iter0020  [reuse]
  ppo_country_attn_v10_iter0030 vs ppo_country_attn_v10_iter0040
  ppo_country_attn_v10_iter0030 vs v56  [reuse]
  ppo_country_attn_v10_iter0030 vs v54  [reuse]
  ppo_country_attn_v10_iter0030 vs v44  [reuse]
  ppo_country_attn_v10_iter0030 vs v20  [reuse]
  ppo_country_attn_v10_iter0030 vs v55  [reuse]
  ppo_country_attn_v10_iter0020 vs ppo_country_attn_v10_iter0040
  ppo_country_attn_v10_iter0020 vs v56  [reuse]
  ppo_country_attn_v10_iter0020 vs v54  [reuse]
  ppo_country_attn_v10_iter0020 vs v44  [reuse]
  ppo_country_attn_v10_iter0020 vs v20  [reuse]
  ppo_country_attn_v10_iter0020 vs v55  [reuse]
  ppo_country_attn_v10_iter0040 vs v56
  ppo_country_attn_v10_iter0040 vs v54
  ppo_country_attn_v10_iter0040 vs v44
  ppo_country_attn_v10_iter0040 vs v20
  ppo_country_attn_v10_iter0040 vs v55
  v56 vs v54  [reuse]
  v56 vs v44  [reuse]
  v56 vs v20  [reuse]
  v56 vs v55  [reuse]
  v54 vs v44  [reuse]
  v54 vs v20  [reuse]
  v54 vs v55  [reuse]
  v44 vs v20  [reuse]
  v44 vs v55  [reuse]
  v20 vs v55  [reuse]
  [reuse] ppo_country_attn_v10_iter0010 72(56u/16s) - 73(56u/17s) ppo_country_attn_v10_iter0030  draws=5  WR=0.497
  [reuse] ppo_country_attn_v10_iter0010 73(58u/15s) - 75(60u/15s) ppo_country_attn_v10_iter0020  draws=2  WR=0.493

[new 1/8] ppo_country_attn_v10_iter0010 vs ppo_country_attn_v10_iter0040 (150 games = 75/side, seed=88000) ...
  ppo_country_attn_v10_iter0010: 76(56u/20s)  ppo_country_attn_v10_iter0040: 72(54u/18s)  draws: 2  WR(ppo_country_attn_v10_iter0010)=0.513  t=12.7s
  [reuse] ppo_country_attn_v10_iter0010 79(59u/20s) - 69(53u/16s) v56  draws=2  WR=0.533
  [reuse] ppo_country_attn_v10_iter0010 65(46u/19s) - 81(56u/25s) v54  draws=4  WR=0.447
  [reuse] ppo_country_attn_v10_iter0010 59(46u/13s) - 87(62u/25s) v44  draws=4  WR=0.407
  [reuse] ppo_country_attn_v10_iter0010 72(51u/21s) - 74(51u/23s) v20  draws=4  WR=0.493
  [reuse] ppo_country_attn_v10_iter0010 71(54u/17s) - 78(57u/21s) v55  draws=1  WR=0.477
  [reuse] ppo_country_attn_v10_iter0030 75(60u/15s) - 74(60u/14s) ppo_country_attn_v10_iter0020  draws=1  WR=0.503

[new 2/8] ppo_country_attn_v10_iter0030 vs ppo_country_attn_v10_iter0040 (150 games = 75/side, seed=88150) ...
  ppo_country_attn_v10_iter0030: 75(60u/15s)  ppo_country_attn_v10_iter0040: 74(59u/15s)  draws: 1  WR(ppo_country_attn_v10_iter0030)=0.503  t=13.3s
  [reuse] ppo_country_attn_v10_iter0030 64(43u/21s) - 83(54u/29s) v56  draws=3  WR=0.437
  [reuse] ppo_country_attn_v10_iter0030 71(49u/22s) - 75(51u/24s) v54  draws=4  WR=0.487
  [reuse] ppo_country_attn_v10_iter0030 70(50u/20s) - 78(54u/24s) v44  draws=2  WR=0.473
  [reuse] ppo_country_attn_v10_iter0030 61(43u/18s) - 84(54u/30s) v20  draws=5  WR=0.423
  [reuse] ppo_country_attn_v10_iter0030 83(58u/25s) - 65(49u/16s) v55  draws=2  WR=0.560

[new 3/8] ppo_country_attn_v10_iter0020 vs ppo_country_attn_v10_iter0040 (150 games = 75/side, seed=88300) ...
  ppo_country_attn_v10_iter0020: 77(64u/13s)  ppo_country_attn_v10_iter0040: 73(62u/11s)  draws: 0  WR(ppo_country_attn_v10_iter0020)=0.513  t=13.7s
  [reuse] ppo_country_attn_v10_iter0020 60(48u/12s) - 89(62u/27s) v56  draws=1  WR=0.403
  [reuse] ppo_country_attn_v10_iter0020 76(57u/19s) - 73(55u/18s) v54  draws=1  WR=0.510
  [reuse] ppo_country_attn_v10_iter0020 64(42u/22s) - 82(52u/30s) v44  draws=4  WR=0.440
  [reuse] ppo_country_attn_v10_iter0020 61(49u/12s) - 87(62u/25s) v20  draws=2  WR=0.413
  [reuse] ppo_country_attn_v10_iter0020 73(52u/21s) - 74(53u/21s) v55  draws=3  WR=0.497

[new 4/8] ppo_country_attn_v10_iter0040 vs v56 (150 games = 75/side, seed=88450) ...
  ppo_country_attn_v10_iter0040: 69(48u/21s)  v56: 78(54u/24s)  draws: 3  WR(ppo_country_attn_v10_iter0040)=0.470  t=10.1s

[new 5/8] ppo_country_attn_v10_iter0040 vs v54 (150 games = 75/side, seed=88600) ...
  ppo_country_attn_v10_iter0040: 69(47u/22s)  v54: 78(52u/26s)  draws: 3  WR(ppo_country_attn_v10_iter0040)=0.470  t=9.5s

[new 6/8] ppo_country_attn_v10_iter0040 vs v44 (150 games = 75/side, seed=88750) ...
  ppo_country_attn_v10_iter0040: 73(46u/27s)  v44: 74(46u/28s)  draws: 3  WR(ppo_country_attn_v10_iter0040)=0.497  t=9.9s

[new 7/8] ppo_country_attn_v10_iter0040 vs v20 (150 games = 75/side, seed=88900) ...
  ppo_country_attn_v10_iter0040: 76(51u/25s)  v20: 72(50u/22s)  draws: 2  WR(ppo_country_attn_v10_iter0040)=0.513  t=9.6s

[new 8/8] ppo_country_attn_v10_iter0040 vs v55 (150 games = 75/side, seed=89050) ...
  ppo_country_attn_v10_iter0040: 72(48u/24s)  v55: 76(49u/27s)  draws: 2  WR(ppo_country_attn_v10_iter0040)=0.487  t=13.2s
  [reuse] v56 240(152u/88s) - 249(155u/94s) v54  draws=11  WR=0.491
  [reuse] v56 243(157u/86s) - 243(158u/85s) v44  draws=14  WR=0.500
  [reuse] v56 247(159u/88s) - 245(159u/86s) v20  draws=8  WR=0.502
  [reuse] v56 246(162u/84s) - 246(160u/86s) v55  draws=8  WR=0.500
  [reuse] v54 222(126u/96s) - 163(99u/64s) v44  draws=15  WR=0.574
  [reuse] v54 196(128u/68s) - 184(123u/61s) v20  draws=20  WR=0.515
  [reuse] v54 229(149u/80s) - 268(169u/99s) v55  draws=3  WR=0.461
  [reuse] v44 213(134u/79s) - 169(111u/58s) v20  draws=18  WR=0.555
  [reuse] v44 238(149u/89s) - 252(158u/94s) v55  draws=10  WR=0.486
  [reuse] v20 255(150u/105s) - 237(141u/96s) v55  draws=8  WR=0.518

Fitting BayesElo (bipartite per-side, anchor=v56_USSR=1900.0) ...
Fitting BayesElo (combined, for residual comparison) ...

Model                  USSR      US    Gap   Comb*                95% CI   vs anchor
  (bipartite per-side = PRIMARY, anchor: v56_USSR=1900)
  (* combined = derived from P(win) = 0.5·P_ussr + 0.5·P_us)
----------------------------------------------------------------------------------------
v54                   1890   1803  +87    1904  [  1889,   1918]  +4
v56                   1900   1784  +116    1900  [  1900,   1900]  +0
v55                   1886   1796  +91    1899  [  1885,   1912]  -1
v44                   1876   1803  +73    1898  [  1884,   1912]  -2
v20                   1884   1792  +92    1896  [  1882,   1910]  -4
ppo_country_attn_v10_iter0040  1912   1735  +177    1884  [  1863,   1903]  -16
ppo_country_attn_v10_iter0030  1923   1720  +203    1883  [  1862,   1902]  -17
ppo_country_attn_v10_iter0010  1936   1699  +237    1881  [  1860,   1899]  -19
ppo_country_attn_v10_iter0020  1939   1676  +262    1874  [  1853,   1893]  -26

Pair                              Obs WR   Bip WR   Comb WR   Bip err   Comb err
------------------------------------------------------------------------------------
ppo_country_attn_v10_iter0010 vs ppo_country_attn_v10_iter0030   0.497    0.497     0.497    +0.000     +0.000
ppo_country_attn_v10_iter0010 vs ppo_country_attn_v10_iter0020   0.493    0.509     0.509    -0.016     -0.016
ppo_country_attn_v10_iter0010 vs ppo_country_attn_v10_iter0040   0.513    0.494     0.495    +0.019     +0.019
ppo_country_attn_v10_iter0010 vs v56              0.533    0.473     0.470    +0.061     +0.063
ppo_country_attn_v10_iter0010 vs v54              0.447    0.467     0.465    -0.020     -0.019
ppo_country_attn_v10_iter0010 vs v44              0.407    0.474     0.473    -0.067     -0.066
ppo_country_attn_v10_iter0010 vs v20              0.493    0.477     0.476    +0.016     +0.017
ppo_country_attn_v10_iter0010 vs v55              0.477    0.473     0.472    +0.004     +0.005
ppo_country_attn_v10_iter0030 vs ppo_country_attn_v10_iter0020   0.503    0.513     0.512    -0.010     -0.009
ppo_country_attn_v10_iter0030 vs ppo_country_attn_v10_iter0040   0.503    0.498     0.498    +0.005     +0.005
ppo_country_attn_v10_iter0030 vs v56              0.437    0.475     0.474    -0.039     -0.037
ppo_country_attn_v10_iter0030 vs v54              0.487    0.470     0.469    +0.017     +0.018
ppo_country_attn_v10_iter0030 vs v44              0.473    0.477     0.476    -0.004     -0.003
ppo_country_attn_v10_iter0030 vs v20              0.423    0.480     0.480    -0.057     -0.056
ppo_country_attn_v10_iter0030 vs v55              0.560    0.476     0.476    +0.084     +0.084
ppo_country_attn_v10_iter0020 vs ppo_country_attn_v10_iter0040   0.513    0.484     0.486    +0.029     +0.028
ppo_country_attn_v10_iter0020 vs v56              0.403    0.462     0.462    -0.059     -0.058
ppo_country_attn_v10_iter0020 vs v54              0.510    0.456     0.456    +0.054     +0.054
ppo_country_attn_v10_iter0020 vs v44              0.440    0.463     0.464    -0.023     -0.024
ppo_country_attn_v10_iter0020 vs v20              0.413    0.466     0.467    -0.053     -0.054
ppo_country_attn_v10_iter0020 vs v55              0.497    0.462     0.463    +0.034     +0.033
ppo_country_attn_v10_iter0040 vs v56              0.470    0.477     0.476    -0.007     -0.006
ppo_country_attn_v10_iter0040 vs v54              0.470    0.471     0.471    -0.001     -0.001
ppo_country_attn_v10_iter0040 vs v44              0.497    0.479     0.478    +0.018     +0.019
ppo_country_attn_v10_iter0040 vs v20              0.513    0.482     0.482    +0.031     +0.032
ppo_country_attn_v10_iter0040 vs v55              0.487    0.478     0.477    +0.009     +0.009
v56            vs v54              0.491    0.495     0.495    -0.004     -0.004
v56            vs v44              0.500    0.503     0.502    -0.003     -0.002
v56            vs v20              0.502    0.506     0.506    -0.004     -0.004
v56            vs v55              0.500    0.502     0.502    -0.002     -0.002
v54            vs v44              0.574    0.509     0.508    +0.065     +0.066
v54            vs v20              0.515    0.512     0.511    +0.003     +0.004
v54            vs v55              0.461    0.507     0.507    -0.046     -0.046
v44            vs v20              0.555    0.503     0.504    +0.052     +0.051
v44            vs v55              0.486    0.499     0.499    -0.013     -0.013
v20            vs v55              0.518    0.496     0.496    +0.022     +0.022
------------------------------------------------------------------------------------
                                              RMSE    0.0352     0.0352
  (bipartite RMSE < combined RMSE → bipartite model better fit)

Saved to results/ppo_country_attn_v10/candidate_tournament.json
[sql] Tournament logged: round_robin_20260420T114409Z_ppo_country_attn_v10_iter0010_ppo_country_attn_v10_iter0020 → results/metadata.sqlite3

[candidate] Top-8 panel-eval candidates:
  iter 0010: avg_panel_wr=0.442  results/ppo_country_attn_v10/ppo_iter0010_scripted.pt
  iter 0030: avg_panel_wr=0.442  results/ppo_country_attn_v10/ppo_iter0030_scripted.pt
  iter 0020: avg_panel_wr=0.417  results/ppo_country_attn_v10/ppo_iter0020_scripted.pt
  iter 0040: avg_panel_wr=0.392  results/ppo_country_attn_v10/ppo_iter0040_scripted.pt
[candidate] Models in tournament: ['ppo_country_attn_v10_iter0010:results/ppo_country_attn_v10/ppo_iter0010_scripted.pt', 'ppo_country_attn_v10_iter0030:results/ppo_country_attn_v10/ppo_iter0030_scripted.pt', 'ppo_country_attn_v10_iter0020:results/ppo_country_attn_v10/ppo_iter0020_scripted.pt', 'ppo_country_attn_v10_iter0040:results/ppo_country_attn_v10/ppo_iter0040_scripted.pt', 'v56:data/checkpoints/scripted_for_elo/v56_scripted.pt', 'v54:data/checkpoints/scripted_for_elo/v54_scripted.pt', 'v44:data/checkpoints/scripted_for_elo/v44_scripted.pt', 'v20:data/checkpoints/scripted_for_elo/v20_scripted.pt', 'v55:data/checkpoints/scripted_for_elo/v55_scripted.pt']
[candidate] Games per matchup: 150, anchor: v56=1900.0
[candidate] Running: /home/dkord/code/twilight-struggle-ai/.venv/bin/python3 scripts/run_elo_tournament.py --models ppo_country_attn_v10_iter0010:results/ppo_country_attn_v10/ppo_iter0010_scripted.pt ppo_country_attn_v10_iter0030:results/ppo_country_attn_v10/ppo_iter0030_scripted.pt ppo_country_attn_v10_iter0020:results/ppo_country_attn_v10/ppo_iter0020_scripted.pt ppo_country_attn_v10_iter0040:results/ppo_country_attn_v10/ppo_iter0040_scripted.pt v56:data/checkpoints/scripted_for_elo/v56_scripted.pt v54:data/checkpoints/scripted_for_elo/v54_scripted.pt v44:data/checkpoints/scripted_for_elo/v44_scripted.pt v20:data/checkpoints/scripted_for_elo/v20_scripted.pt v55:data/checkpoints/scripted_for_elo/v55_scripted.pt --games 150 --anchor v56 --anchor-elo 1900.0 --schedule round_robin --out results/ppo_country_attn_v10/candidate_tournament.json --script-dir data/checkpoints/scripted_for_elo

[candidate] Tournament results (candidates only):
  ppo_country_attn_v10_iter0040: Elo=1884.1 ← WINNER
  ppo_country_attn_v10_iter0030: Elo=1882.9
  ppo_country_attn_v10_iter0010: Elo=1881.0
  ppo_country_attn_v10_iter0020: Elo=1873.9
[candidate] ppo_best.pt ← results/ppo_country_attn_v10/ppo_iter0040.pt
[candidate] ppo_best_scripted.pt ← results/ppo_country_attn_v10/ppo_iter0040_scripted.pt

[candidate] Done. Winner: ppo_country_attn_v10_iter0040 (Elo=1884.1)
[candidate] Full tournament results: results/ppo_country_attn_v10/candidate_tournament.json
=== ELO incremental placement: country_attn_v10 ===
Exporting checkpoints to TorchScript ...
Loaded 5279 match results from SQL match_cache

Match schedule (15 total, 0 new, 15 reused from prior run):
  v56 vs v54  [reuse]
  v56 vs v44  [reuse]
  v56 vs v20  [reuse]
  v56 vs v55  [reuse]
  v56 vs country_attn_v10  [reuse]
  v54 vs v44  [reuse]
  v54 vs v20  [reuse]
  v54 vs v55  [reuse]
  v54 vs country_attn_v10  [reuse]
  v44 vs v20  [reuse]
  v44 vs v55  [reuse]
  v44 vs country_attn_v10  [reuse]
  v20 vs v55  [reuse]
  v20 vs country_attn_v10  [reuse]
  v55 vs country_attn_v10  [reuse]
  [reuse] v56 240(152u/88s) - 249(155u/94s) v54  draws=11  WR=0.491
  [reuse] v56 243(157u/86s) - 243(158u/85s) v44  draws=14  WR=0.500
  [reuse] v56 247(159u/88s) - 245(159u/86s) v20  draws=8  WR=0.502
  [reuse] v56 246(162u/84s) - 246(160u/86s) v55  draws=8  WR=0.500
  [reuse] v56 109(74u/35s) - 87(63u/24s) country_attn_v10  draws=4  WR=0.555
  [reuse] v54 222(126u/96s) - 163(99u/64s) v44  draws=15  WR=0.574
  [reuse] v54 196(128u/68s) - 184(123u/61s) v20  draws=20  WR=0.515
  [reuse] v54 229(149u/80s) - 268(169u/99s) v55  draws=3  WR=0.461
  [reuse] v54 104(71u/33s) - 96(67u/29s) country_attn_v10  draws=0  WR=0.520
  [reuse] v44 213(134u/79s) - 169(111u/58s) v20  draws=18  WR=0.555
  [reuse] v44 238(149u/89s) - 252(158u/94s) v55  draws=10  WR=0.486
  [reuse] v44 113(75u/38s) - 83(59u/24s) country_attn_v10  draws=4  WR=0.575
  [reuse] v20 255(150u/105s) - 237(141u/96s) v55  draws=8  WR=0.518
  [reuse] v20 126(84u/42s) - 70(55u/15s) country_attn_v10  draws=4  WR=0.640
  [reuse] v55 110(72u/38s) - 84(59u/25s) country_attn_v10  draws=6  WR=0.565

Fitting BayesElo (bipartite per-side, anchor=v56_USSR=1900.0) ...
Fitting BayesElo (combined, for residual comparison) ...

Model                  USSR      US    Gap   Comb*                95% CI   vs anchor
  (bipartite per-side = PRIMARY, anchor: v56_USSR=1900)
  (* combined = derived from P(win) = 0.5·P_ussr + 0.5·P_us)
----------------------------------------------------------------------------------------
v55                   1890   1806  +85    1906  [  1891,   1921]  +6
v54                   1891   1803  +88    1905  [  1889,   1920]  +5
v56                   1900   1783  +117    1900  [  1900,   1900]  +0
v20                   1890   1792  +98    1900  [  1885,   1915]  -0
v44                   1880   1798  +82    1898  [  1882,   1913]  -2
country_attn_v10      1881   1687  +194    1853  [  1829,   1873]  -47

Pair                              Obs WR   Bip WR   Comb WR   Bip err   Comb err
------------------------------------------------------------------------------------
v56            vs v54              0.491    0.492     0.493    -0.001     -0.002
v56            vs v44              0.500    0.504     0.503    -0.004     -0.003
v56            vs v20              0.502    0.500     0.500    +0.002     +0.002
v56            vs v55              0.500    0.491     0.491    +0.009     +0.009
v56            vs country_attn_v10   0.555    0.567     0.570    -0.012     -0.015
v54            vs v44              0.574    0.511     0.510    +0.062     +0.063
v54            vs v20              0.515    0.508     0.507    +0.007     +0.008
v54            vs v55              0.461    0.499     0.498    -0.038     -0.037
v54            vs country_attn_v10   0.520    0.577     0.577    -0.057     -0.057
v44            vs v20              0.555    0.497     0.497    +0.058     +0.058
v44            vs v55              0.486    0.487     0.488    -0.001     -0.002
v44            vs country_attn_v10   0.575    0.567     0.567    +0.008     +0.008
v20            vs v55              0.518    0.491     0.491    +0.027     +0.027
v20            vs country_attn_v10   0.640    0.569     0.570    +0.071     +0.070
v55            vs country_attn_v10   0.565    0.578     0.578    -0.013     -0.013
------------------------------------------------------------------------------------
                                              RMSE    0.0349     0.0349
  (bipartite RMSE < combined RMSE → bipartite model better fit)

Saved to results/logs/elo/elo_country_attn_v10_incremental.json
[sql] Tournament logged: incremental_20260420T114411Z_country_attn_v10_v20 → results/metadata.sqlite3
[confirm] Merged $VERSION into results/elo/elo_full_ladder.json: elo=1853
Done. country_attn_v10: elo=1853 elo_ussr=1881 elo_us=1687
