Exporting checkpoints to TorchScript ...
  ppo_country_attn_v9_iter0020: already TorchScript, using directly
  ppo_country_attn_v9_iter0040: already TorchScript, using directly
  ppo_country_attn_v9_iter0010: already TorchScript, using directly
  ppo_country_attn_v9_iter0030: already TorchScript, using directly
Loaded 5231 match results from SQL match_cache

Match schedule (36 total, 8 new, 28 reused from prior run):
  ppo_country_attn_v9_iter0020 vs ppo_country_attn_v9_iter0040
  ppo_country_attn_v9_iter0020 vs ppo_country_attn_v9_iter0010  [reuse]
  ppo_country_attn_v9_iter0020 vs ppo_country_attn_v9_iter0030  [reuse]
  ppo_country_attn_v9_iter0020 vs v56  [reuse]
  ppo_country_attn_v9_iter0020 vs v54  [reuse]
  ppo_country_attn_v9_iter0020 vs v44  [reuse]
  ppo_country_attn_v9_iter0020 vs v20  [reuse]
  ppo_country_attn_v9_iter0020 vs v55  [reuse]
  ppo_country_attn_v9_iter0040 vs ppo_country_attn_v9_iter0010
  ppo_country_attn_v9_iter0040 vs ppo_country_attn_v9_iter0030
  ppo_country_attn_v9_iter0040 vs v56
  ppo_country_attn_v9_iter0040 vs v54
  ppo_country_attn_v9_iter0040 vs v44
  ppo_country_attn_v9_iter0040 vs v20
  ppo_country_attn_v9_iter0040 vs v55
  ppo_country_attn_v9_iter0010 vs ppo_country_attn_v9_iter0030  [reuse]
  ppo_country_attn_v9_iter0010 vs v56  [reuse]
  ppo_country_attn_v9_iter0010 vs v54  [reuse]
  ppo_country_attn_v9_iter0010 vs v44  [reuse]
  ppo_country_attn_v9_iter0010 vs v20  [reuse]
  ppo_country_attn_v9_iter0010 vs v55  [reuse]
  ppo_country_attn_v9_iter0030 vs v56  [reuse]
  ppo_country_attn_v9_iter0030 vs v54  [reuse]
  ppo_country_attn_v9_iter0030 vs v44  [reuse]
  ppo_country_attn_v9_iter0030 vs v20  [reuse]
  ppo_country_attn_v9_iter0030 vs v55  [reuse]
  v56 vs v54  [reuse]
  v56 vs v44  [reuse]
  v56 vs v20  [reuse]
  v56 vs v55  [reuse]
  v54 vs v44  [reuse]
  v54 vs v20  [reuse]
  v54 vs v55  [reuse]
  v44 vs v20  [reuse]
  v44 vs v55  [reuse]
  v20 vs v55  [reuse]

[new 1/8] ppo_country_attn_v9_iter0020 vs ppo_country_attn_v9_iter0040 (150 games = 75/side, seed=88000) ...
  ppo_country_attn_v9_iter0020: 72(50u/22s)  ppo_country_attn_v9_iter0040: 75(52u/23s)  draws: 3  WR(ppo_country_attn_v9_iter0020)=0.490  t=12.3s
  [reuse] ppo_country_attn_v9_iter0020 72(55u/17s) - 75(57u/18s) ppo_country_attn_v9_iter0010  draws=3  WR=0.490
  [reuse] ppo_country_attn_v9_iter0020 83(60u/23s) - 65(50u/15s) ppo_country_attn_v9_iter0030  draws=2  WR=0.560
  [reuse] ppo_country_attn_v9_iter0020 65(47u/18s) - 82(56u/26s) v56  draws=3  WR=0.443
  [reuse] ppo_country_attn_v9_iter0020 59(39u/20s) - 87(54u/33s) v54  draws=4  WR=0.407
  [reuse] ppo_country_attn_v9_iter0020 69(49u/20s) - 81(55u/26s) v44  draws=0  WR=0.460
  [reuse] ppo_country_attn_v9_iter0020 69(41u/28s) - 80(46u/34s) v20  draws=1  WR=0.463
  [reuse] ppo_country_attn_v9_iter0020 68(49u/19s) - 79(56u/23s) v55  draws=3  WR=0.463

[new 2/8] ppo_country_attn_v9_iter0040 vs ppo_country_attn_v9_iter0010 (150 games = 75/side, seed=88150) ...
  ppo_country_attn_v9_iter0040: 67(47u/20s)  ppo_country_attn_v9_iter0010: 82(55u/27s)  draws: 1  WR(ppo_country_attn_v9_iter0040)=0.450  t=12.1s

[new 3/8] ppo_country_attn_v9_iter0040 vs ppo_country_attn_v9_iter0030 (150 games = 75/side, seed=88300) ...
  ppo_country_attn_v9_iter0040: 83(58u/25s)  ppo_country_attn_v9_iter0030: 65(48u/17s)  draws: 2  WR(ppo_country_attn_v9_iter0040)=0.560  t=11.8s

[new 4/8] ppo_country_attn_v9_iter0040 vs v56 (150 games = 75/side, seed=88450) ...
  ppo_country_attn_v9_iter0040: 77(51u/26s)  v56: 70(49u/21s)  draws: 3  WR(ppo_country_attn_v9_iter0040)=0.523  t=8.9s

[new 5/8] ppo_country_attn_v9_iter0040 vs v54 (150 games = 75/side, seed=88600) ...
  ppo_country_attn_v9_iter0040: 60(42u/18s)  v54: 89(56u/33s)  draws: 1  WR(ppo_country_attn_v9_iter0040)=0.403  t=8.7s

[new 6/8] ppo_country_attn_v9_iter0040 vs v44 (150 games = 75/side, seed=88750) ...
  ppo_country_attn_v9_iter0040: 65(46u/19s)  v44: 82(56u/26s)  draws: 3  WR(ppo_country_attn_v9_iter0040)=0.443  t=9.0s

[new 7/8] ppo_country_attn_v9_iter0040 vs v20 (150 games = 75/side, seed=88900) ...
  ppo_country_attn_v9_iter0040: 51(37u/14s)  v20: 95(60u/35s)  draws: 4  WR(ppo_country_attn_v9_iter0040)=0.353  t=8.8s

[new 8/8] ppo_country_attn_v9_iter0040 vs v55 (150 games = 75/side, seed=89050) ...
  ppo_country_attn_v9_iter0040: 64(47u/17s)  v55: 85(58u/27s)  draws: 1  WR(ppo_country_attn_v9_iter0040)=0.430  t=11.4s
  [reuse] ppo_country_attn_v9_iter0010 73(55u/18s) - 76(56u/20s) ppo_country_attn_v9_iter0030  draws=1  WR=0.490
  [reuse] ppo_country_attn_v9_iter0010 76(57u/19s) - 69(51u/18s) v56  draws=5  WR=0.523
  [reuse] ppo_country_attn_v9_iter0010 68(46u/22s) - 77(50u/27s) v54  draws=5  WR=0.470
  [reuse] ppo_country_attn_v9_iter0010 71(48u/23s) - 76(51u/25s) v44  draws=3  WR=0.483
  [reuse] ppo_country_attn_v9_iter0010 75(53u/22s) - 71(50u/21s) v20  draws=4  WR=0.513
  [reuse] ppo_country_attn_v9_iter0010 72(47u/25s) - 74(50u/24s) v55  draws=4  WR=0.493
  [reuse] ppo_country_attn_v9_iter0030 60(41u/19s) - 90(56u/34s) v56  draws=0  WR=0.400
  [reuse] ppo_country_attn_v9_iter0030 70(50u/20s) - 78(55u/23s) v54  draws=2  WR=0.473
  [reuse] ppo_country_attn_v9_iter0030 62(48u/14s) - 85(59u/26s) v44  draws=3  WR=0.423
  [reuse] ppo_country_attn_v9_iter0030 66(49u/17s) - 78(54u/24s) v20  draws=6  WR=0.460
  [reuse] ppo_country_attn_v9_iter0030 55(40u/15s) - 91(59u/32s) v55  draws=4  WR=0.380
  [reuse] v56 240(152u/88s) - 249(155u/94s) v54  draws=11  WR=0.491
  [reuse] v56 243(157u/86s) - 243(158u/85s) v44  draws=14  WR=0.500
  [reuse] v56 247(159u/88s) - 245(159u/86s) v20  draws=8  WR=0.502
  [reuse] v56 246(162u/84s) - 246(160u/86s) v55  draws=8  WR=0.500
  [reuse] v54 222(126u/96s) - 163(99u/64s) v44  draws=15  WR=0.574
  [reuse] v54 196(128u/68s) - 184(123u/61s) v20  draws=20  WR=0.515
  [reuse] v54 229(149u/80s) - 268(169u/99s) v55  draws=3  WR=0.461
  [reuse] v44 213(134u/79s) - 169(111u/58s) v20  draws=18  WR=0.555
  [reuse] v44 238(149u/89s) - 252(158u/94s) v55  draws=10  WR=0.486
  [reuse] v20 255(150u/105s) - 237(141u/96s) v55  draws=8  WR=0.518

Fitting BayesElo (bipartite per-side, anchor=v56_USSR=1900.0) ...
Fitting BayesElo (combined, for residual comparison) ...

Model                  USSR      US    Gap   Comb*                95% CI   vs anchor
  (bipartite per-side = PRIMARY, anchor: v56_USSR=1900)
  (* combined = derived from P(win) = 0.5·P_ussr + 0.5·P_us)
----------------------------------------------------------------------------------------
v54                   1895   1812  +82    1911  [  1897,   1925]  +11
v55                   1897   1805  +92    1909  [  1896,   1923]  +9
v56                   1900   1783  +117    1900  [  1900,   1900]  +0
v44                   1887   1795  +93    1900  [  1886,   1914]  -0
v20                   1885   1797  +87    1899  [  1885,   1913]  -1
ppo_country_attn_v9_iter0010  1922   1739  +183    1891  [  1871,   1911]  -9
ppo_country_attn_v9_iter0020  1887   1730  +157    1871  [  1851,   1890]  -29
ppo_country_attn_v9_iter0040  1874   1724  +150    1863  [  1843,   1882]  -37
ppo_country_attn_v9_iter0030  1882   1684  +198    1852  [  1831,   1871]  -48

Pair                              Obs WR   Bip WR   Comb WR   Bip err   Comb err
------------------------------------------------------------------------------------
ppo_country_attn_v9_iter0020 vs ppo_country_attn_v9_iter0040   0.490    0.511     0.512    -0.021     -0.022
ppo_country_attn_v9_iter0020 vs ppo_country_attn_v9_iter0010   0.490    0.474     0.471    +0.016     +0.019
ppo_country_attn_v9_iter0020 vs ppo_country_attn_v9_iter0030   0.560    0.528     0.529    +0.032     +0.031
ppo_country_attn_v9_iter0020 vs v56              0.443    0.459     0.458    -0.016     -0.015
ppo_country_attn_v9_iter0020 vs v54              0.407    0.442     0.442    -0.036     -0.035
ppo_country_attn_v9_iter0020 vs v44              0.460    0.459     0.458    +0.001     +0.002
ppo_country_attn_v9_iter0020 vs v20              0.463    0.459     0.459    +0.005     +0.004
ppo_country_attn_v9_iter0020 vs v55              0.463    0.446     0.445    +0.017     +0.018
ppo_country_attn_v9_iter0040 vs ppo_country_attn_v9_iter0010   0.450    0.463     0.460    -0.013     -0.010
ppo_country_attn_v9_iter0040 vs ppo_country_attn_v9_iter0030   0.560    0.518     0.517    +0.042     +0.043
ppo_country_attn_v9_iter0040 vs v56              0.523    0.447     0.446    +0.076     +0.077
ppo_country_attn_v9_iter0040 vs v54              0.403    0.430     0.431    -0.027     -0.027
ppo_country_attn_v9_iter0040 vs v44              0.443    0.447     0.446    -0.003     -0.003
ppo_country_attn_v9_iter0040 vs v20              0.353    0.447     0.447    -0.093     -0.094
ppo_country_attn_v9_iter0040 vs v55              0.430    0.434     0.433    -0.004     -0.003
ppo_country_attn_v9_iter0010 vs ppo_country_attn_v9_iter0030   0.490    0.551     0.557    -0.061     -0.067
ppo_country_attn_v9_iter0010 vs v56              0.523    0.487     0.487    +0.036     +0.037
ppo_country_attn_v9_iter0010 vs v54              0.470    0.472     0.471    -0.002     -0.001
ppo_country_attn_v9_iter0010 vs v44              0.483    0.487     0.487    -0.004     -0.003
ppo_country_attn_v9_iter0010 vs v20              0.513    0.488     0.488    +0.026     +0.026
ppo_country_attn_v9_iter0010 vs v55              0.493    0.475     0.474    +0.018     +0.020
ppo_country_attn_v9_iter0030 vs v56              0.400    0.432     0.430    -0.032     -0.030
ppo_country_attn_v9_iter0030 vs v54              0.473    0.414     0.414    +0.059     +0.059
ppo_country_attn_v9_iter0030 vs v44              0.423    0.430     0.430    -0.007     -0.006
ppo_country_attn_v9_iter0030 vs v20              0.460    0.430     0.431    +0.030     +0.029
ppo_country_attn_v9_iter0030 vs v55              0.380    0.418     0.417    -0.038     -0.037
v56            vs v54              0.491    0.484     0.484    +0.007     +0.007
v56            vs v44              0.500    0.501     0.500    -0.001     -0.000
v56            vs v20              0.502    0.501     0.501    +0.001     +0.001
v56            vs v55              0.500    0.488     0.487    +0.012     +0.013
v54            vs v44              0.574    0.517     0.516    +0.057     +0.058
v54            vs v20              0.515    0.517     0.517    -0.002     -0.002
v54            vs v55              0.461    0.504     0.503    -0.043     -0.042
v44            vs v20              0.555    0.500     0.501    +0.055     +0.054
v44            vs v55              0.486    0.487     0.487    -0.001     -0.001
v20            vs v55              0.518    0.486     0.486    +0.032     +0.032
------------------------------------------------------------------------------------
                                              RMSE    0.0345     0.0349
  (bipartite RMSE < combined RMSE → bipartite model better fit)

Saved to results/ppo_country_attn_v9/candidate_tournament.json
[sql] Tournament logged: round_robin_20260420T105922Z_ppo_country_attn_v9_iter0010_ppo_country_attn_v9_iter0020 → results/metadata.sqlite3

[candidate] Top-8 panel-eval candidates:
  iter 0020: avg_panel_wr=0.500  results/ppo_country_attn_v9/ppo_iter0020_scripted.pt
  iter 0040: avg_panel_wr=0.492  results/ppo_country_attn_v9/ppo_iter0040_scripted.pt
  iter 0010: avg_panel_wr=0.467  results/ppo_country_attn_v9/ppo_iter0010_scripted.pt
  iter 0030: avg_panel_wr=0.433  results/ppo_country_attn_v9/ppo_iter0030_scripted.pt
[candidate] Models in tournament: ['ppo_country_attn_v9_iter0020:results/ppo_country_attn_v9/ppo_iter0020_scripted.pt', 'ppo_country_attn_v9_iter0040:results/ppo_country_attn_v9/ppo_iter0040_scripted.pt', 'ppo_country_attn_v9_iter0010:results/ppo_country_attn_v9/ppo_iter0010_scripted.pt', 'ppo_country_attn_v9_iter0030:results/ppo_country_attn_v9/ppo_iter0030_scripted.pt', 'v56:data/checkpoints/scripted_for_elo/v56_scripted.pt', 'v54:data/checkpoints/scripted_for_elo/v54_scripted.pt', 'v44:data/checkpoints/scripted_for_elo/v44_scripted.pt', 'v20:data/checkpoints/scripted_for_elo/v20_scripted.pt', 'v55:data/checkpoints/scripted_for_elo/v55_scripted.pt']
[candidate] Games per matchup: 150, anchor: v56=1900.0
[candidate] Running: /home/dkord/code/twilight-struggle-ai/.venv/bin/python3 scripts/run_elo_tournament.py --models ppo_country_attn_v9_iter0020:results/ppo_country_attn_v9/ppo_iter0020_scripted.pt ppo_country_attn_v9_iter0040:results/ppo_country_attn_v9/ppo_iter0040_scripted.pt ppo_country_attn_v9_iter0010:results/ppo_country_attn_v9/ppo_iter0010_scripted.pt ppo_country_attn_v9_iter0030:results/ppo_country_attn_v9/ppo_iter0030_scripted.pt v56:data/checkpoints/scripted_for_elo/v56_scripted.pt v54:data/checkpoints/scripted_for_elo/v54_scripted.pt v44:data/checkpoints/scripted_for_elo/v44_scripted.pt v20:data/checkpoints/scripted_for_elo/v20_scripted.pt v55:data/checkpoints/scripted_for_elo/v55_scripted.pt --games 150 --anchor v56 --anchor-elo 1900.0 --schedule round_robin --out results/ppo_country_attn_v9/candidate_tournament.json --script-dir data/checkpoints/scripted_for_elo

[candidate] Tournament results (candidates only):
  ppo_country_attn_v9_iter0010: Elo=1891.1 ← WINNER
  ppo_country_attn_v9_iter0020: Elo=1871.5
  ppo_country_attn_v9_iter0040: Elo=1863.2
  ppo_country_attn_v9_iter0030: Elo=1852.1
[candidate] ppo_best.pt ← results/ppo_country_attn_v9/ppo_iter0010.pt
[candidate] ppo_best_scripted.pt ← results/ppo_country_attn_v9/ppo_iter0010_scripted.pt

[candidate] Done. Winner: ppo_country_attn_v9_iter0010 (Elo=1891.1)
[candidate] Full tournament results: results/ppo_country_attn_v9/candidate_tournament.json
=== ELO incremental placement: country_attn_v9 ===
Exporting checkpoints to TorchScript ...
Loaded 5239 match results from SQL match_cache

Match schedule (15 total, 0 new, 15 reused from prior run):
  v56 vs v54  [reuse]
  v56 vs v44  [reuse]
  v56 vs v20  [reuse]
  v56 vs v55  [reuse]
  v56 vs country_attn_v9  [reuse]
  v54 vs v44  [reuse]
  v54 vs v20  [reuse]
  v54 vs v55  [reuse]
  v54 vs country_attn_v9  [reuse]
  v44 vs v20  [reuse]
  v44 vs v55  [reuse]
  v44 vs country_attn_v9  [reuse]
  v20 vs v55  [reuse]
  v20 vs country_attn_v9  [reuse]
  v55 vs country_attn_v9  [reuse]
  [reuse] v56 240(152u/88s) - 249(155u/94s) v54  draws=11  WR=0.491
  [reuse] v56 243(157u/86s) - 243(158u/85s) v44  draws=14  WR=0.500
  [reuse] v56 247(159u/88s) - 245(159u/86s) v20  draws=8  WR=0.502
  [reuse] v56 246(162u/84s) - 246(160u/86s) v55  draws=8  WR=0.500
  [reuse] v56 104(72u/32s) - 88(64u/24s) country_attn_v9  draws=8  WR=0.540
  [reuse] v54 222(126u/96s) - 163(99u/64s) v44  draws=15  WR=0.574
  [reuse] v54 196(128u/68s) - 184(123u/61s) v20  draws=20  WR=0.515
  [reuse] v54 229(149u/80s) - 268(169u/99s) v55  draws=3  WR=0.461
  [reuse] v54 110(71u/39s) - 86(60u/26s) country_attn_v9  draws=4  WR=0.560
  [reuse] v44 213(134u/79s) - 169(111u/58s) v20  draws=18  WR=0.555
  [reuse] v44 238(149u/89s) - 252(158u/94s) v55  draws=10  WR=0.486
  [reuse] v44 108(72u/36s) - 89(63u/26s) country_attn_v9  draws=3  WR=0.547
  [reuse] v20 255(150u/105s) - 237(141u/96s) v55  draws=8  WR=0.518
  [reuse] v20 104(72u/32s) - 94(66u/28s) country_attn_v9  draws=2  WR=0.525
  [reuse] v55 114(75u/39s) - 82(59u/23s) country_attn_v9  draws=4  WR=0.580

Fitting BayesElo (bipartite per-side, anchor=v56_USSR=1900.0) ...
Fitting BayesElo (combined, for residual comparison) ...

Model                  USSR      US    Gap   Comb*                95% CI   vs anchor
  (bipartite per-side = PRIMARY, anchor: v56_USSR=1900)
  (* combined = derived from P(win) = 0.5·P_ussr + 0.5·P_us)
----------------------------------------------------------------------------------------
v54                   1892   1808  +84    1909  [  1893,   1924]  +9
v55                   1892   1805  +87    1907  [  1893,   1922]  +7
v56                   1900   1780  +120    1900  [  1900,   1900]  +0
v44                   1879   1795  +83    1897  [  1882,   1913]  -3
v20                   1882   1786  +96    1894  [  1879,   1910]  -6
country_attn_v9       1893   1707  +186    1866  [  1844,   1887]  -34

Pair                              Obs WR   Bip WR   Comb WR   Bip err   Comb err
------------------------------------------------------------------------------------
v56            vs v54              0.491    0.487     0.488    +0.004     +0.003
v56            vs v44              0.500    0.504     0.504    -0.004     -0.004
v56            vs v20              0.502    0.509     0.508    -0.007     -0.006
v56            vs v55              0.500    0.489     0.489    +0.011     +0.011
v56            vs country_attn_v9   0.540    0.548     0.550    -0.008     -0.010
v54            vs v44              0.574    0.517     0.516    +0.056     +0.058
v54            vs v20              0.515    0.522     0.520    -0.007     -0.005
v54            vs v55              0.461    0.502     0.501    -0.041     -0.040
v54            vs country_attn_v9   0.560    0.562     0.561    -0.002     -0.001
v44            vs v20              0.555    0.505     0.504    +0.050     +0.051
v44            vs v55              0.486    0.485     0.485    +0.001     +0.001
v44            vs country_attn_v9   0.547    0.546     0.545    +0.001     +0.002
v20            vs v55              0.518    0.480     0.481    +0.038     +0.037
v20            vs country_attn_v9   0.525    0.542     0.541    -0.017     -0.016
v55            vs country_attn_v9   0.580    0.560     0.560    +0.020     +0.020
------------------------------------------------------------------------------------
                                              RMSE    0.0256     0.0256
  (bipartite RMSE < combined RMSE → bipartite model better fit)

Saved to results/logs/elo/elo_country_attn_v9_incremental.json
[sql] Tournament logged: incremental_20260420T105923Z_country_attn_v9_v20 → results/metadata.sqlite3
[confirm] Merged $VERSION into results/elo/elo_full_ladder.json: elo=1866
Done. country_attn_v9: elo=1866 elo_ussr=1892 elo_us=1707
